Using downloaded and verified file: /home/ubuntu/PSFL/PSFL/data/svhn/raw/train_32x32.mat
Using downloaded and verified file: /home/ubuntu/PSFL/PSFL/data/svhn/raw/test_32x32.mat
==================== PSFL ====================                                  
Experiment Arguments:                                                           
{
│   'method': 'psfl',
│   'dataset': {
│   │   'name': 'svhn',
│   │   'client_num': 100,
│   │   'test_ratio': 0.25,
│   │   'val_ratio': 0.0,
│   │   'seed': 42,
│   │   'split': 'sample',
│   │   'IID_ratio': 0.0,
│   │   'monitor_window_name_suffix': 'svhn-100clients-0%IID-Dir(0.1)-seed42',
│   │   'alpha': 0.1,
│   │   'min_samples_per_client': 10
│   },
│   'model': {
│   │   'name': 'avgcnn',
│   │   'use_torchvision_pretrained_weights': True,
│   │   'external_model_weights_path': None
│   },
│   'optimizer': {
│   │   'lr': 0.01,
│   │   'dampening': 0,
│   │   'weight_decay': 0,
│   │   'momentum': 0,
│   │   'nesterov': False,
│   │   'name': 'sgd'
│   },
│   'mode': 'sequential',
│   'parallel': {
│   │   'ray_cluster_addr': None,
│   │   'num_cpus': None,
│   │   'num_gpus': None,
│   │   'num_workers': 2
│   },
│   'common': {
│   │   'seed': 42,
│   │   'join_ratio': 0.1,
│   │   'global_epoch': 400,
│   │   'local_epoch': 5,
│   │   'batch_size': 32,
│   │   'reset_optimizer_on_global_epoch': True,
│   │   'straggler_ratio': 0,
│   │   'straggler_min_local_epoch': 0,
│   │   'buffers': 'global',
│   │   'client_side_evaluation': True,
│   │   'test': {
│   │   │   'client': {
│   │   │   │   'interval': 100,
│   │   │   │   'finetune_epoch': 0,
│   │   │   │   'train': False,
│   │   │   │   'val': False,
│   │   │   │   'test': True
│   │   │   },
│   │   │   'server': {
│   │   │   │   'interval': -1,
│   │   │   │   'train': False,
│   │   │   │   'val': False,
│   │   │   │   'test': False,
│   │   │   │   'model_in_train_mode': False
│   │   │   }
│   │   },
│   │   'verbose_gap': 10,
│   │   'monitor': None,
│   │   'use_cuda': True,
│   │   'save_log': True,
│   │   'save_model': False,
│   │   'save_learning_curve_plot': False,
│   │   'save_metrics': True,
│   │   'delete_useless_run': True
│   },
│   'psfl': {
│   │   'alpha': 0.0,
│   │   'CLS': False,
│   │   'ig_ratio': 0.9992,
│   │   'track': False,
│   │   'score': 'diff'
│   }
}
---------------------------- TRAINING EPOCH: 10 ----------------------------    
client [77] (testset)   loss: 1.0087 -> 0.4281  accuracy: 72.40% -> 86.68%      
client [81] (testset)   loss: 1.0732 -> 0.3575  accuracy: 58.06% -> 87.10%      
client [21] (testset)   loss: 0.9966 -> 0.8609  accuracy: 75.00% -> 80.56%      
client [68] (testset)   loss: 0.4899 -> 0.0274  accuracy: 83.33% -> 100.00%     
client [93] (testset)   loss: 1.5281 -> 0.5533  accuracy: 43.87% -> 85.16%      
client [31] (testset)   loss: 0.4221 -> 0.4202  accuracy: 88.57% -> 85.71%      
client [20] (testset)   loss: 0.9248 -> 0.2884  accuracy: 71.35% -> 89.58%      
client [59] (testset)   loss: 2.4345 -> 0.4159  accuracy: 28.50% -> 83.94%      
client [48] (testset)   loss: 1.0508 -> 0.5905  accuracy: 69.70% -> 75.76%      
client [34] (testset)   loss: 1.0175 -> 0.3740  accuracy: 63.64% -> 81.82%      
---------------------------- TRAINING EPOCH: 20 ----------------------------    
client [69] (testset)   loss: 0.6306 -> 0.6347  accuracy: 82.78% -> 86.75%      
client [99] (testset)   loss: 0.8084 -> 0.2152  accuracy: 77.14% -> 94.05%      
client [67] (testset)   loss: 0.5755 -> 0.1716  accuracy: 79.84% -> 94.47%      
client [0]  (testset)   loss: 0.6751 -> 0.3275  accuracy: 77.19% -> 89.91%      
client [76] (testset)   loss: 0.4632 -> 0.0144  accuracy: 85.90% -> 100.00%     
client [41] (testset)   loss: 0.8526 -> 0.3706  accuracy: 73.96% -> 87.93%      
client [62] (testset)   loss: 1.0643 -> 0.2738  accuracy: 65.28% -> 92.14%      
client [2]  (testset)   loss: 0.8319 -> 0.0217  accuracy: 73.22% -> 99.39%      
client [14] (testset)   loss: 1.2562 -> 0.1325  accuracy: 60.12% -> 94.64%      
client [46] (testset)   loss: 1.2259 -> 0.4264  accuracy: 71.05% -> 86.84%      
---------------------------- TRAINING EPOCH: 30 ----------------------------    
client [24] (testset)   loss: 0.1816 -> 0.2091  accuracy: 95.34% -> 94.72%      
client [68] (testset)   loss: 0.0438 -> 0.0164  accuracy: 97.92% -> 100.00%     
client [57] (testset)   loss: 0.6457 -> 0.2108  accuracy: 82.21% -> 92.34%      
client [17] (testset)   loss: 0.3666 -> 0.0530  accuracy: 90.55% -> 99.21%      
client [54] (testset)   loss: 0.0797 -> 0.0728  accuracy: 98.97% -> 96.91%      
client [23] (testset)   loss: 0.8293 -> 0.1707  accuracy: 71.96% -> 97.20%      
client [35] (testset)   loss: 0.1819 -> 0.1354  accuracy: 94.78% -> 96.40%      
client [59] (testset)   loss: 0.5951 -> 0.3415  accuracy: 80.05% -> 87.82%      
client [31] (testset)   loss: 0.5690 -> 0.3575  accuracy: 82.86% -> 85.71%      
client [9]  (testset)   loss: 0.4837 -> 0.2816  accuracy: 86.52% -> 90.78%      
---------------------------- TRAINING EPOCH: 40 ----------------------------    
client [64] (testset)   loss: 0.2409 -> 0.2090  accuracy: 92.59% -> 91.85%      
client [33] (testset)   loss: 0.1513 -> 0.1291  accuracy: 97.85% -> 97.85%      
client [16] (testset)   loss: 0.1972 -> 0.0394  accuracy: 93.83% -> 97.53%      
client [44] (testset)   loss: 0.8883 -> 0.1857  accuracy: 79.38% -> 93.81%      
client [8]  (testset)   loss: 0.9623 -> 0.1894  accuracy: 62.50% -> 87.50%      
client [31] (testset)   loss: 0.3647 -> 0.3702  accuracy: 88.57% -> 85.71%      
client [47] (testset)   loss: 0.1961 -> 0.1643  accuracy: 95.50% -> 95.50%      
client [36] (testset)   loss: 1.5995 -> 2.4986  accuracy: 70.00% -> 60.00%      
client [20] (testset)   loss: 0.5421 -> 0.3163  accuracy: 79.17% -> 90.62%      
client [56] (testset)   loss: 0.5825 -> 0.2431  accuracy: 81.18% -> 93.54%      
---------------------------- TRAINING EPOCH: 50 ----------------------------    
client [4]  (testset)   loss: 0.2246 -> 0.1382  accuracy: 98.53% -> 98.53%      
client [60] (testset)   loss: 0.0287 -> 0.0014  accuracy: 100.00% -> 100.00%    
client [28] (testset)   loss: 0.0969 -> 0.1181  accuracy: 96.23% -> 96.23%      
client [25] (testset)   loss: 0.4236 -> 0.4154  accuracy: 95.00% -> 95.00%      
client [58] (testset)   loss: 0.2524 -> 0.2465  accuracy: 91.57% -> 92.72%      
client [44] (testset)   loss: 0.1857 -> 0.1137  accuracy: 95.88% -> 95.88%      
client [39] (testset)   loss: 0.1747 -> 0.1153  accuracy: 95.12% -> 97.56%      
client [29] (testset)   loss: 0.4915 -> 0.4963  accuracy: 89.55% -> 89.79%      
client [3]  (testset)   loss: 0.2030 -> 0.1442  accuracy: 93.57% -> 96.39%      
client [84] (testset)   loss: 0.5079 -> 0.3833  accuracy: 88.24% -> 88.69%      
---------------------------- TRAINING EPOCH: 60 ----------------------------    
client [21] (testset)   loss: 0.9992 -> 0.6624  accuracy: 72.22% -> 86.11%      
client [84] (testset)   loss: 0.6855 -> 0.4247  accuracy: 84.62% -> 89.14%      
client [10] (testset)   loss: 0.1785 -> 0.1454  accuracy: 94.98% -> 96.03%      
client [36] (testset)   loss: 2.0329 -> 2.7137  accuracy: 80.00% -> 60.00%      
client [65] (testset)   loss: 0.0748 -> 0.0755  accuracy: 98.40% -> 98.13%      
client [81] (testset)   loss: 0.4596 -> 0.3766  accuracy: 87.10% -> 90.32%      
client [79] (testset)   loss: 0.1295 -> 0.0678  accuracy: 96.09% -> 97.79%      
client [42] (testset)   loss: 0.1870 -> 0.1362  accuracy: 94.85% -> 96.32%      
client [11] (testset)   loss: 0.2672 -> 0.2197  accuracy: 90.91% -> 93.51%      
client [96] (testset)   loss: 0.0312 -> 0.0434  accuracy: 100.00% -> 98.21%     
---------------------------- TRAINING EPOCH: 70 ----------------------------    
client [8]  (testset)   loss: 0.1005 -> 0.0457  accuracy: 93.75% -> 100.00%     
client [53] (testset)   loss: 0.0944 -> 0.1327  accuracy: 96.51% -> 97.38%      
client [52] (testset)   loss: 0.1115 -> 0.0709  accuracy: 95.90% -> 97.68%      
client [42] (testset)   loss: 0.1433 -> 0.1403  accuracy: 97.06% -> 96.32%      
client [69] (testset)   loss: 0.4321 -> 0.3899  accuracy: 92.05% -> 92.05%      
client [59] (testset)   loss: 0.3318 -> 0.3055  accuracy: 91.19% -> 91.97%      
client [7]  (testset)   loss: 0.3917 -> 0.1551  accuracy: 88.09% -> 94.58%      
client [26] (testset)   loss: 0.0279 -> 0.0596  accuracy: 99.36% -> 98.73%      
client [49] (testset)   loss: 0.0920 -> 0.0738  accuracy: 96.76% -> 96.76%      
client [98] (testset)   loss: 0.3096 -> 0.2813  accuracy: 94.84% -> 96.03%      
---------------------------- TRAINING EPOCH: 80 ----------------------------    
client [98] (testset)   loss: 0.2790 -> 0.2718  accuracy: 95.63% -> 96.43%      
client [47] (testset)   loss: 0.2570 -> 0.2173  accuracy: 95.50% -> 95.89%      
client [21] (testset)   loss: 0.8320 -> 0.6635  accuracy: 77.78% -> 80.56%      
client [77] (testset)   loss: 0.5399 -> 0.4608  accuracy: 89.35% -> 91.53%      
client [95] (testset)   loss: 0.4208 -> 0.4277  accuracy: 93.62% -> 93.62%      
client [91] (testset)   loss: 0.4457 -> 0.4202  accuracy: 89.81% -> 91.08%      
client [14] (testset)   loss: 0.1055 -> 0.1123  accuracy: 96.43% -> 96.43%      
client [99] (testset)   loss: 0.2870 -> 0.2139  accuracy: 93.33% -> 95.71%      
client [20] (testset)   loss: 0.3102 -> 0.3262  accuracy: 91.15% -> 90.10%      
client [39] (testset)   loss: 0.1785 -> 0.1579  accuracy: 95.12% -> 97.56%      
---------------------------- TRAINING EPOCH: 90 ----------------------------    
client [52] (testset)   loss: 0.0911 -> 0.0727  accuracy: 97.68% -> 97.50%      
client [62] (testset)   loss: 0.3910 -> 0.3367  accuracy: 92.58% -> 94.32%      
client [71] (testset)   loss: 0.3915 -> 0.3993  accuracy: 92.90% -> 92.90%      
client [97] (testset)   loss: 0.1486 -> 0.1572  accuracy: 96.39% -> 96.18%      
client [30] (testset)   loss: 0.0024 -> 0.0016  accuracy: 100.00% -> 100.00%    
client [88] (testset)   loss: 0.1174 -> 0.1279  accuracy: 96.72% -> 97.38%      
client [60] (testset)   loss: 0.0011 -> 0.0002  accuracy: 100.00% -> 100.00%    
client [82] (testset)   loss: 0.5497 -> 0.3377  accuracy: 94.74% -> 89.47%      
client [91] (testset)   loss: 0.3689 -> 0.3306  accuracy: 86.62% -> 90.45%      
client [57] (testset)   loss: 0.2153 -> 0.1902  accuracy: 94.82% -> 94.14%      
---------------------------- TRAINING EPOCH: 100 ----------------------------   
client [31] (testset)   loss: 0.4066 -> 0.4791  accuracy: 91.43% -> 88.57%      
client [15] (testset)   loss: 0.2408 -> 0.2657  accuracy: 95.66% -> 94.96%      
client [71] (testset)   loss: 0.3711 -> 0.3944  accuracy: 91.80% -> 94.54%      
client [97] (testset)   loss: 0.1296 -> 0.1684  accuracy: 95.97% -> 95.97%      
client [53] (testset)   loss: 0.1495 -> 0.1539  accuracy: 96.51% -> 97.38%      
client [77] (testset)   loss: 0.5363 -> 0.4908  accuracy: 91.04% -> 91.77%      
client [76] (testset)   loss: 0.0624 -> 0.0141  accuracy: 99.36% -> 99.36%      
client [79] (testset)   loss: 0.1204 -> 0.0703  accuracy: 96.94% -> 98.30%      
client [28] (testset)   loss: 0.1534 -> 0.1657  accuracy: 96.23% -> 96.23%      
client [99] (testset)   loss: 0.2232 -> 0.2201  accuracy: 95.71% -> 95.48%      
---------------------------- TRAINING EPOCH: 110 ----------------------------   
client [97] (testset)   loss: 0.2167 -> 0.2233  accuracy: 96.82% -> 96.39%      
client [86] (testset)   loss: 0.4675 -> 0.3662  accuracy: 94.09% -> 94.62%      
client [34] (testset)   loss: 0.3088 -> 0.4361  accuracy: 90.91% -> 86.36%      
client [73] (testset)   loss: 0.1449 -> 0.1091  accuracy: 98.26% -> 98.70%      
client [5]  (testset)   loss: 0.1872 -> 0.0850  accuracy: 93.75% -> 98.44%      
client [96] (testset)   loss: 0.0090 -> 0.0237  accuracy: 100.00% -> 98.21%     
client [22] (testset)   loss: 1.0242 -> 1.0718  accuracy: 87.50% -> 87.50%      
client [60] (testset)   loss: 0.0027 -> 0.0018  accuracy: 100.00% -> 100.00%    
client [66] (testset)   loss: 0.1916 -> 0.2422  accuracy: 94.07% -> 94.07%      
client [83] (testset)   loss: 0.0994 -> 0.0372  accuracy: 92.31% -> 100.00%     
---------------------------- TRAINING EPOCH: 120 ----------------------------   
client [76] (testset)   loss: 0.0069 -> 0.0022  accuracy: 100.00% -> 100.00%    
client [65] (testset)   loss: 0.0730 -> 0.0843  accuracy: 98.53% -> 98.66%      
client [95] (testset)   loss: 0.4973 -> 0.5193  accuracy: 94.68% -> 94.68%      
client [17] (testset)   loss: 0.1677 -> 0.1062  accuracy: 98.43% -> 98.43%      
client [8]  (testset)   loss: 0.0801 -> 0.0473  accuracy: 93.75% -> 100.00%     
client [35] (testset)   loss: 0.1470 -> 0.1675  accuracy: 97.30% -> 96.40%      
client [98] (testset)   loss: 0.3891 -> 0.3137  accuracy: 94.84% -> 96.43%      
client [53] (testset)   loss: 0.1676 -> 0.1399  accuracy: 97.82% -> 97.38%      
client [43] (testset)   loss: 0.3254 -> 0.2772  accuracy: 93.66% -> 93.28%      
client [64] (testset)   loss: 0.4410 -> 0.3284  accuracy: 87.41% -> 93.33%      
---------------------------- TRAINING EPOCH: 130 ----------------------------   
client [21] (testset)   loss: 0.6377 -> 0.7219  accuracy: 80.56% -> 83.33%      
client [88] (testset)   loss: 0.1260 -> 0.1388  accuracy: 97.05% -> 97.38%      
client [38] (testset)   loss: 0.3134 -> 0.2945  accuracy: 96.73% -> 97.24%      
client [3]  (testset)   loss: 0.2055 -> 0.2011  accuracy: 96.39% -> 96.79%      
client [5]  (testset)   loss: 0.0486 -> 0.0531  accuracy: 96.88% -> 96.88%      
client [41] (testset)   loss: 0.5430 -> 0.5243  accuracy: 90.65% -> 90.77%      
client [7]  (testset)   loss: 0.3180 -> 0.2786  accuracy: 93.50% -> 94.58%      
client [37] (testset)   loss: 0.0207 -> 0.0100  accuracy: 99.43% -> 99.72%      
client [45] (testset)   loss: 0.2153 -> 0.1578  accuracy: 95.83% -> 96.88%      
client [47] (testset)   loss: 0.2990 -> 0.2640  accuracy: 94.97% -> 96.03%      
---------------------------- TRAINING EPOCH: 140 ----------------------------   
client [16] (testset)   loss: 0.3295 -> 0.2430  accuracy: 96.30% -> 96.30%      
client [11] (testset)   loss: 0.2179 -> 0.1415  accuracy: 92.21% -> 97.40%      
client [37] (testset)   loss: 0.0215 -> 0.0136  accuracy: 99.15% -> 99.72%      
client [41] (testset)   loss: 0.5300 -> 0.5171  accuracy: 89.82% -> 90.53%      
client [95] (testset)   loss: 0.7153 -> 0.6916  accuracy: 93.62% -> 93.62%      
client [53] (testset)   loss: 0.1332 -> 0.1450  accuracy: 97.82% -> 97.82%      
client [22] (testset)   loss: 1.3447 -> 1.2240  accuracy: 87.50% -> 84.38%      
client [25] (testset)   loss: 0.6210 -> 0.6225  accuracy: 95.00% -> 95.00%      
client [69] (testset)   loss: 0.6523 -> 0.5365  accuracy: 89.40% -> 90.07%      
client [46] (testset)   loss: 0.5314 -> 0.7188  accuracy: 89.47% -> 86.84%      
---------------------------- TRAINING EPOCH: 150 ----------------------------   
client [47] (testset)   loss: 0.3469 -> 0.3367  accuracy: 95.89% -> 95.63%      
client [69] (testset)   loss: 0.5523 -> 0.5688  accuracy: 91.39% -> 92.05%      
client [82] (testset)   loss: 0.7468 -> 0.6748  accuracy: 84.21% -> 84.21%      
client [45] (testset)   loss: 0.2054 -> 0.1688  accuracy: 97.92% -> 97.92%      
client [7]  (testset)   loss: 0.3364 -> 0.3343  accuracy: 93.86% -> 94.58%      
client [50] (testset)   loss: 0.2592 -> 0.2631  accuracy: 95.24% -> 95.24%      
client [35] (testset)   loss: 0.2164 -> 0.2122  accuracy: 96.76% -> 96.58%      
client [24] (testset)   loss: 0.3445 -> 0.3660  accuracy: 95.03% -> 95.65%      
client [15] (testset)   loss: 0.3241 -> 0.3360  accuracy: 94.82% -> 94.54%      
client [58] (testset)   loss: 0.4053 -> 0.3244  accuracy: 92.34% -> 94.25%      
---------------------------- TRAINING EPOCH: 160 ----------------------------   
client [48] (testset)   loss: 1.0301 -> 0.9876  accuracy: 87.88% -> 87.88%      
client [76] (testset)   loss: 0.0081 -> 0.0092  accuracy: 99.36% -> 99.36%      
client [67] (testset)   loss: 0.1881 -> 0.1854  accuracy: 96.05% -> 95.26%      
client [37] (testset)   loss: 0.0414 -> 0.0353  accuracy: 99.15% -> 99.15%      
client [58] (testset)   loss: 0.4612 -> 0.3595  accuracy: 93.87% -> 94.64%      
client [64] (testset)   loss: 0.2827 -> 0.2691  accuracy: 92.59% -> 93.33%      
client [77] (testset)   loss: 0.6009 -> 0.6081  accuracy: 92.49% -> 92.98%      
client [55] (testset)   loss: 0.5989 -> 0.6193  accuracy: 88.52% -> 90.56%      
client [12] (testset)   loss: 0.7857 -> 0.7207  accuracy: 90.91% -> 90.91%      
client [89] (testset)   loss: 0.2276 -> 0.2261  accuracy: 96.57% -> 96.57%      
---------------------------- TRAINING EPOCH: 170 ----------------------------   
client [84] (testset)   loss: 0.5123 -> 0.5092  accuracy: 90.95% -> 90.95%      
client [51] (testset)   loss: 0.3027 -> 0.3231  accuracy: 96.96% -> 96.58%      
client [8]  (testset)   loss: 0.0362 -> 0.0168  accuracy: 100.00% -> 100.00%    
client [18] (testset)   loss: 0.1646 -> 0.1504  accuracy: 95.74% -> 96.12%      
client [94] (testset)   loss: 0.1320 -> 0.1126  accuracy: 98.16% -> 98.16%      
client [81] (testset)   loss: 0.7638 -> 0.7236  accuracy: 90.32% -> 87.10%      
client [3]  (testset)   loss: 0.2709 -> 0.2312  accuracy: 95.98% -> 97.19%      
client [11] (testset)   loss: 0.1144 -> 0.1422  accuracy: 97.40% -> 96.10%      
client [95] (testset)   loss: 0.5855 -> 0.6069  accuracy: 94.68% -> 93.62%      
client [67] (testset)   loss: 0.1808 -> 0.1964  accuracy: 96.05% -> 96.44%      
---------------------------- TRAINING EPOCH: 180 ----------------------------   
client [21] (testset)   loss: 1.0309 -> 1.0151  accuracy: 80.56% -> 86.11%      
client [79] (testset)   loss: 0.0966 -> 0.0804  accuracy: 98.30% -> 98.47%      
client [58] (testset)   loss: 0.3859 -> 0.4029  accuracy: 93.87% -> 94.25%      
client [88] (testset)   loss: 0.1804 -> 0.1771  accuracy: 97.70% -> 97.70%      
client [46] (testset)   loss: 0.8119 -> 0.7202  accuracy: 86.84% -> 86.84%      
client [11] (testset)   loss: 0.0781 -> 0.0760  accuracy: 96.10% -> 97.40%      
client [55] (testset)   loss: 0.5303 -> 0.5683  accuracy: 89.54% -> 90.31%      
client [13] (testset)   loss: 0.3212 -> 0.2711  accuracy: 95.50% -> 96.00%      
client [31] (testset)   loss: 0.4844 -> 0.4462  accuracy: 91.43% -> 91.43%      
client [75] (testset)   loss: 0.4004 -> 0.3793  accuracy: 93.06% -> 93.06%      
---------------------------- TRAINING EPOCH: 190 ----------------------------   
client [19] (testset)   loss: 0.3832 -> 0.4007  accuracy: 92.24% -> 92.24%      
client [7]  (testset)   loss: 0.3511 -> 0.3540  accuracy: 94.58% -> 94.95%      
client [57] (testset)   loss: 0.2497 -> 0.2523  accuracy: 96.17% -> 95.72%      
client [13] (testset)   loss: 0.3724 -> 0.3473  accuracy: 94.00% -> 94.00%      
client [43] (testset)   loss: 0.3384 -> 0.3481  accuracy: 93.66% -> 92.54%      
client [91] (testset)   loss: 0.4819 -> 0.4501  accuracy: 90.45% -> 91.08%      
client [10] (testset)   loss: 0.2296 -> 0.2143  accuracy: 96.44% -> 96.23%      
client [64] (testset)   loss: 0.4410 -> 0.3855  accuracy: 89.63% -> 91.85%      
client [82] (testset)   loss: 0.9760 -> 0.9352  accuracy: 84.21% -> 84.21%      
client [22] (testset)   loss: 1.6957 -> 1.5946  accuracy: 87.50% -> 87.50%      
---------------------------- TRAINING EPOCH: 200 ----------------------------   
client [20] (testset)   loss: 0.3719 -> 0.3860  accuracy: 92.71% -> 93.23%      
client [23] (testset)   loss: 0.3519 -> 0.3583  accuracy: 97.20% -> 97.20%      
client [88] (testset)   loss: 0.1580 -> 0.1634  accuracy: 97.38% -> 97.38%      
client [98] (testset)   loss: 0.4299 -> 0.4385  accuracy: 96.03% -> 96.03%      
client [79] (testset)   loss: 0.1002 -> 0.0923  accuracy: 97.96% -> 97.79%      
client [21] (testset)   loss: 1.0279 -> 0.9746  accuracy: 83.33% -> 83.33%      
client [92] (testset)   loss: 0.7827 -> 0.7011  accuracy: 90.61% -> 91.71%      
client [56] (testset)   loss: 0.4184 -> 0.4246  accuracy: 94.44% -> 95.01%      
client [5]  (testset)   loss: 0.0740 -> 0.0690  accuracy: 96.88% -> 96.88%      
client [52] (testset)   loss: 0.0680 -> 0.0999  accuracy: 98.04% -> 98.04%      
---------------------------- TRAINING EPOCH: 210 ----------------------------   
client [67] (testset)   loss: 0.2630 -> 0.2483  accuracy: 95.65% -> 95.65%      
client [54] (testset)   loss: 0.2631 -> 0.2517  accuracy: 96.91% -> 96.91%      
client [14] (testset)   loss: 0.1660 -> 0.1616  accuracy: 97.62% -> 97.62%      
client [99] (testset)   loss: 0.3300 -> 0.3315  accuracy: 96.19% -> 95.95%      
client [36] (testset)   loss: 5.7171 -> 5.7273  accuracy: 60.00% -> 60.00%      
client [30] (testset)   loss: 0.0032 -> 0.0039  accuracy: 100.00% -> 100.00%    
client [38] (testset)   loss: 0.3560 -> 0.3266  accuracy: 97.24% -> 97.99%      
client [15] (testset)   loss: 0.3818 -> 0.3807  accuracy: 95.38% -> 95.66%      
client [6]  (testset)   loss: 0.1875 -> 0.1767  accuracy: 96.02% -> 96.02%      
client [53] (testset)   loss: 0.1820 -> 0.1827  accuracy: 96.51% -> 96.94%      
---------------------------- TRAINING EPOCH: 220 ----------------------------   
client [99] (testset)   loss: 0.3391 -> 0.3432  accuracy: 96.19% -> 96.43%      
client [6]  (testset)   loss: 0.2288 -> 0.1902  accuracy: 95.22% -> 95.62%      
client [83] (testset)   loss: 0.0229 -> 0.0230  accuracy: 100.00% -> 100.00%    
client [42] (testset)   loss: 0.2368 -> 0.2449  accuracy: 95.59% -> 96.32%      
client [34] (testset)   loss: 0.8015 -> 0.7814  accuracy: 86.36% -> 86.36%      
client [15] (testset)   loss: 0.4010 -> 0.4118  accuracy: 95.24% -> 95.38%      
client [47] (testset)   loss: 0.4222 -> 0.4005  accuracy: 95.63% -> 95.50%      
client [55] (testset)   loss: 0.6838 -> 0.6968  accuracy: 90.05% -> 90.82%      
client [51] (testset)   loss: 0.3881 -> 0.3607  accuracy: 96.58% -> 97.34%      
client [95] (testset)   loss: 0.8667 -> 0.8745  accuracy: 93.62% -> 93.62%      
---------------------------- TRAINING EPOCH: 230 ----------------------------   
client [71] (testset)   loss: 0.5021 -> 0.5418  accuracy: 92.90% -> 93.44%      
client [15] (testset)   loss: 0.3430 -> 0.3471  accuracy: 95.52% -> 95.38%      
client [33] (testset)   loss: 0.2338 -> 0.1631  accuracy: 96.62% -> 96.62%      
client [99] (testset)   loss: 0.3010 -> 0.2795  accuracy: 94.76% -> 96.19%      
client [90] (testset)   loss: 0.1230 -> 0.0877  accuracy: 97.53% -> 97.53%      
client [57] (testset)   loss: 0.2337 -> 0.2106  accuracy: 94.82% -> 95.27%      
client [27] (testset)   loss: 0.6058 -> 0.5716  accuracy: 90.00% -> 91.50%      
client [78] (testset)   loss: 0.2160 -> 0.1862  accuracy: 95.73% -> 97.44%      
client [36] (testset)   loss: 6.1071 -> 6.4014  accuracy: 60.00% -> 60.00%      
client [88] (testset)   loss: 0.1239 -> 0.1480  accuracy: 97.38% -> 97.38%      
---------------------------- TRAINING EPOCH: 240 ----------------------------   
client [70] (testset)   loss: 0.5111 -> 0.5119  accuracy: 94.10% -> 94.44%      
client [35] (testset)   loss: 0.2651 -> 0.2655  accuracy: 97.30% -> 96.76%      
client [16] (testset)   loss: 0.3408 -> 0.3118  accuracy: 96.30% -> 96.30%      
client [80] (testset)   loss: 1.0737 -> 1.0315  accuracy: 91.30% -> 91.30%      
client [38] (testset)   loss: 0.3602 -> 0.3573  accuracy: 97.74% -> 97.49%      
client [78] (testset)   loss: 0.1881 -> 0.1703  accuracy: 96.58% -> 97.44%      
client [68] (testset)   loss: 0.0448 -> 0.0432  accuracy: 97.92% -> 97.92%      
client [11] (testset)   loss: 0.2033 -> 0.1265  accuracy: 96.10% -> 96.10%      
client [64] (testset)   loss: 0.2844 -> 0.2980  accuracy: 93.33% -> 92.59%      
client [82] (testset)   loss: 0.8336 -> 0.8036  accuracy: 84.21% -> 84.21%      
---------------------------- TRAINING EPOCH: 250 ----------------------------   
client [30] (testset)   loss: 0.0011 -> 0.0011  accuracy: 100.00% -> 100.00%    
client [27] (testset)   loss: 0.6043 -> 0.5668  accuracy: 91.00% -> 91.00%      
client [74] (testset)   loss: 0.7339 -> 0.5659  accuracy: 87.42% -> 88.08%      
client [45] (testset)   loss: 0.1854 -> 0.1743  accuracy: 97.92% -> 98.96%      
client [6]  (testset)   loss: 0.1549 -> 0.1653  accuracy: 95.22% -> 94.82%      
client [36] (testset)   loss: 6.4927 -> 6.5223  accuracy: 70.00% -> 70.00%      
client [63] (testset)   loss: 0.9193 -> 0.9209  accuracy: 90.91% -> 90.91%      
client [76] (testset)   loss: 0.0028 -> 0.0014  accuracy: 100.00% -> 100.00%    
client [83] (testset)   loss: 0.0117 -> 0.0114  accuracy: 100.00% -> 100.00%    
client [86] (testset)   loss: 0.4693 -> 0.4791  accuracy: 95.70% -> 95.70%      
---------------------------- TRAINING EPOCH: 260 ----------------------------   
client [83] (testset)   loss: 0.0632 -> 0.0628  accuracy: 92.31% -> 92.31%      
client [99] (testset)   loss: 0.3333 -> 0.3084  accuracy: 96.43% -> 96.90%      
client [74] (testset)   loss: 0.7763 -> 0.6501  accuracy: 88.74% -> 89.40%      
client [73] (testset)   loss: 0.1278 -> 0.1213  accuracy: 98.26% -> 98.70%      
client [29] (testset)   loss: 0.9209 -> 0.9627  accuracy: 88.36% -> 89.07%      
client [92] (testset)   loss: 0.7172 -> 0.5965  accuracy: 90.06% -> 92.27%      
client [6]  (testset)   loss: 0.2018 -> 0.1626  accuracy: 94.82% -> 94.82%      
client [61] (testset)   loss: 0.6719 -> 0.6592  accuracy: 91.16% -> 91.16%      
client [21] (testset)   loss: 1.1799 -> 1.1613  accuracy: 86.11% -> 86.11%      
client [67] (testset)   loss: 0.2285 -> 0.2327  accuracy: 96.05% -> 95.26%      
---------------------------- TRAINING EPOCH: 270 ----------------------------   
client [83] (testset)   loss: 0.0919 -> 0.0908  accuracy: 92.31% -> 92.31%      
client [32] (testset)   loss: 1.1185 -> 1.0689  accuracy: 90.65% -> 89.93%      
client [95] (testset)   loss: 0.8272 -> 0.8501  accuracy: 94.68% -> 94.68%      
client [61] (testset)   loss: 0.7245 -> 0.6677  accuracy: 90.36% -> 91.16%      
client [27] (testset)   loss: 0.6301 -> 0.6260  accuracy: 92.00% -> 91.50%      
client [25] (testset)   loss: 1.2526 -> 1.2613  accuracy: 95.00% -> 95.00%      
client [68] (testset)   loss: 0.0660 -> 0.0652  accuracy: 97.92% -> 97.92%      
client [34] (testset)   loss: 0.6434 -> 0.6460  accuracy: 86.36% -> 86.36%      
client [71] (testset)   loss: 0.5354 -> 0.5962  accuracy: 93.44% -> 93.44%      
client [89] (testset)   loss: 0.3441 -> 0.3163  accuracy: 96.08% -> 96.08%      
---------------------------- TRAINING EPOCH: 280 ----------------------------   
client [78] (testset)   loss: 0.2125 -> 0.2080  accuracy: 97.44% -> 97.44%      
client [81] (testset)   loss: 0.9190 -> 0.9178  accuracy: 90.32% -> 90.32%      
client [51] (testset)   loss: 0.4221 -> 0.4165  accuracy: 97.34% -> 97.34%      
client [54] (testset)   loss: 0.3311 -> 0.3050  accuracy: 96.91% -> 96.91%      
client [65] (testset)   loss: 0.1872 -> 0.1771  accuracy: 98.26% -> 98.40%      
client [41] (testset)   loss: 0.7204 -> 0.7046  accuracy: 91.24% -> 91.60%      
client [11] (testset)   loss: 0.2562 -> 0.2427  accuracy: 96.10% -> 96.10%      
client [85] (testset)   loss: 0.0082 -> 0.0065  accuracy: 100.00% -> 100.00%    
client [12] (testset)   loss: 0.8017 -> 0.7738  accuracy: 90.91% -> 90.91%      
client [23] (testset)   loss: 0.4464 -> 0.4249  accuracy: 98.13% -> 99.07%      
---------------------------- TRAINING EPOCH: 290 ----------------------------   
client [16] (testset)   loss: 0.2788 -> 0.2744  accuracy: 97.53% -> 97.53%      
client [65] (testset)   loss: 0.1699 -> 0.1708  accuracy: 98.40% -> 98.40%      
client [53] (testset)   loss: 0.2086 -> 0.1991  accuracy: 97.38% -> 97.38%      
client [58] (testset)   loss: 0.5084 -> 0.4805  accuracy: 93.87% -> 93.49%      
client [72] (testset)   loss: 0.7230 -> 0.7047  accuracy: 93.40% -> 93.06%      
client [7]  (testset)   loss: 0.4684 -> 0.4683  accuracy: 94.22% -> 94.22%      
client [71] (testset)   loss: 0.6040 -> 0.6322  accuracy: 93.44% -> 93.44%      
client [59] (testset)   loss: 0.6930 -> 0.6688  accuracy: 89.64% -> 90.93%      
client [86] (testset)   loss: 0.5454 -> 0.5222  accuracy: 95.70% -> 95.70%      
client [39] (testset)   loss: 0.3741 -> 0.3619  accuracy: 95.12% -> 95.12%      
---------------------------- TRAINING EPOCH: 300 ----------------------------   
client [99] (testset)   loss: 0.3550 -> 0.3602  accuracy: 97.14% -> 97.38%      
client [7]  (testset)   loss: 0.4679 -> 0.4703  accuracy: 94.22% -> 93.86%      
client [17] (testset)   loss: 0.2134 -> 0.2124  accuracy: 98.43% -> 98.43%      
client [64] (testset)   loss: 0.3307 -> 0.3077  accuracy: 92.59% -> 94.07%      
client [37] (testset)   loss: 0.0158 -> 0.0153  accuracy: 99.43% -> 99.43%      
client [29] (testset)   loss: 1.0376 -> 1.0401  accuracy: 89.55% -> 89.55%      
client [93] (testset)   loss: 0.5574 -> 0.5432  accuracy: 91.61% -> 91.61%      
client [73] (testset)   loss: 0.1494 -> 0.1474  accuracy: 98.70% -> 98.70%      
client [40] (testset)   loss: 0.8060 -> 0.7941  accuracy: 86.44% -> 86.44%      
client [76] (testset)   loss: 0.0006 -> 0.0005  accuracy: 100.00% -> 100.00%    
---------------------------- TRAINING EPOCH: 310 ----------------------------   
client [31] (testset)   loss: 0.5432 -> 0.5435  accuracy: 91.43% -> 91.43%      
client [89] (testset)   loss: 0.3430 -> 0.3530  accuracy: 94.61% -> 95.10%      
client [77] (testset)   loss: 0.9014 -> 0.8826  accuracy: 91.77% -> 91.28%      
client [90] (testset)   loss: 0.0646 -> 0.0623  accuracy: 97.53% -> 97.53%      
client [26] (testset)   loss: 0.1529 -> 0.1546  accuracy: 99.36% -> 99.36%      
client [50] (testset)   loss: 0.3835 -> 0.3707  accuracy: 95.24% -> 95.24%      
client [30] (testset)   loss: 0.0000 -> 0.0000  accuracy: 100.00% -> 100.00%    
client [70] (testset)   loss: 0.6398 -> 0.6319  accuracy: 94.10% -> 94.10%      
client [41] (testset)   loss: 0.7766 -> 0.7619  accuracy: 91.48% -> 91.36%      
client [99] (testset)   loss: 0.3907 -> 0.3815  accuracy: 96.90% -> 96.90%      
---------------------------- TRAINING EPOCH: 320 ----------------------------   
client [68] (testset)   loss: 0.0286 -> 0.0282  accuracy: 97.92% -> 97.92%      
client [70] (testset)   loss: 0.6789 -> 0.6444  accuracy: 93.58% -> 93.58%      
client [52] (testset)   loss: 0.0569 -> 0.0577  accuracy: 98.40% -> 98.57%      
client [1]  (testset)   loss: 0.0849 -> 0.0822  accuracy: 98.05% -> 98.05%      
client [2]  (testset)   loss: 0.0673 -> 0.0660  accuracy: 99.46% -> 99.46%      
client [67] (testset)   loss: 0.3596 -> 0.3394  accuracy: 95.26% -> 95.26%      
client [92] (testset)   loss: 0.6978 -> 0.7001  accuracy: 91.71% -> 91.71%      
client [35] (testset)   loss: 0.2923 -> 0.2901  accuracy: 96.22% -> 96.40%      
client [36] (testset)   loss: 8.3360 -> 8.3194  accuracy: 70.00% -> 70.00%      
client [64] (testset)   loss: 0.4276 -> 0.4152  accuracy: 93.33% -> 94.07%      
---------------------------- TRAINING EPOCH: 330 ----------------------------   
client [44] (testset)   loss: 0.2278 -> 0.2307  accuracy: 95.88% -> 95.88%      
client [6]  (testset)   loss: 0.1566 -> 0.1631  accuracy: 95.62% -> 95.62%      
client [12] (testset)   loss: 0.6831 -> 0.6824  accuracy: 90.91% -> 90.91%      
client [55] (testset)   loss: 0.7433 -> 0.7440  accuracy: 90.05% -> 90.82%      
client [29] (testset)   loss: 1.1047 -> 1.1125  accuracy: 89.31% -> 89.31%      
client [9]  (testset)   loss: 1.0263 -> 1.0272  accuracy: 92.20% -> 92.20%      
client [43] (testset)   loss: 0.5093 -> 0.5084  accuracy: 92.16% -> 92.16%      
client [77] (testset)   loss: 0.9146 -> 0.9114  accuracy: 91.04% -> 91.28%      
client [98] (testset)   loss: 0.5034 -> 0.5106  accuracy: 96.83% -> 97.22%      
client [78] (testset)   loss: 0.2646 -> 0.2512  accuracy: 97.44% -> 97.44%      
---------------------------- TRAINING EPOCH: 340 ----------------------------   
client [92] (testset)   loss: 0.7578 -> 0.7542  accuracy: 91.71% -> 91.71%      
client [80] (testset)   loss: 1.3498 -> 1.3382  accuracy: 89.86% -> 89.86%      
client [63] (testset)   loss: 1.0043 -> 1.0111  accuracy: 90.91% -> 90.91%      
client [76] (testset)   loss: 0.0003 -> 0.0002  accuracy: 100.00% -> 100.00%    
client [78] (testset)   loss: 0.2701 -> 0.2567  accuracy: 97.44% -> 97.44%      
client [25] (testset)   loss: 1.4095 -> 1.4716  accuracy: 92.50% -> 95.00%      
client [58] (testset)   loss: 0.5315 -> 0.5031  accuracy: 93.49% -> 92.72%      
client [13] (testset)   loss: 0.3629 -> 0.3661  accuracy: 95.50% -> 95.50%      
client [17] (testset)   loss: 0.1877 -> 0.1872  accuracy: 98.43% -> 98.43%      
client [38] (testset)   loss: 0.4162 -> 0.4128  accuracy: 97.49% -> 97.49%      
---------------------------- TRAINING EPOCH: 350 ----------------------------   
client [72] (testset)   loss: 0.7565 -> 0.7538  accuracy: 93.06% -> 92.89%      
client [82] (testset)   loss: 1.3003 -> 1.2791  accuracy: 84.21% -> 84.21%      
client [86] (testset)   loss: 0.6228 -> 0.6021  accuracy: 95.16% -> 95.16%      
client [51] (testset)   loss: 0.5009 -> 0.4954  accuracy: 96.96% -> 97.34%      
client [96] (testset)   loss: 0.0024 -> 0.0025  accuracy: 100.00% -> 100.00%    
client [42] (testset)   loss: 0.3243 -> 0.3232  accuracy: 97.06% -> 97.06%      
client [55] (testset)   loss: 0.7261 -> 0.7249  accuracy: 90.82% -> 90.82%      
client [13] (testset)   loss: 0.3636 -> 0.3657  accuracy: 96.00% -> 96.00%      
client [1]  (testset)   loss: 0.0905 -> 0.0890  accuracy: 98.05% -> 98.05%      
client [12] (testset)   loss: 0.5764 -> 0.5761  accuracy: 90.91% -> 90.91%      
---------------------------- TRAINING EPOCH: 360 ----------------------------   
client [68] (testset)   loss: 0.0283 -> 0.0280  accuracy: 97.92% -> 97.92%      
client [23] (testset)   loss: 0.4679 -> 0.4701  accuracy: 99.07% -> 99.07%      
client [46] (testset)   loss: 0.9138 -> 0.9042  accuracy: 89.47% -> 89.47%      
client [41] (testset)   loss: 0.7905 -> 0.7939  accuracy: 91.48% -> 91.48%      
client [25] (testset)   loss: 1.5465 -> 1.5489  accuracy: 95.00% -> 95.00%      
client [58] (testset)   loss: 0.5035 -> 0.5058  accuracy: 93.49% -> 92.72%      
client [14] (testset)   loss: 0.2135 -> 0.2114  accuracy: 97.62% -> 97.62%      
client [33] (testset)   loss: 0.2708 -> 0.2638  accuracy: 97.85% -> 97.85%      
client [85] (testset)   loss: 0.0039 -> 0.0038  accuracy: 100.00% -> 100.00%    
client [62] (testset)   loss: 0.5857 -> 0.5892  accuracy: 95.63% -> 95.63%      
---------------------------- TRAINING EPOCH: 370 ----------------------------   
client [98] (testset)   loss: 0.5492 -> 0.5535  accuracy: 96.83% -> 96.83%      
client [63] (testset)   loss: 0.8821 -> 0.8883  accuracy: 90.91% -> 90.91%      
client [70] (testset)   loss: 0.6591 -> 0.6608  accuracy: 93.75% -> 93.75%      
client [65] (testset)   loss: 0.1711 -> 0.1719  accuracy: 98.40% -> 98.40%      
client [14] (testset)   loss: 0.1987 -> 0.1985  accuracy: 97.02% -> 97.02%      
client [73] (testset)   loss: 0.1392 -> 0.1391  accuracy: 99.13% -> 99.13%      
client [34] (testset)   loss: 0.4790 -> 0.4877  accuracy: 90.91% -> 90.91%      
client [99] (testset)   loss: 0.3864 -> 0.3877  accuracy: 96.90% -> 96.90%      
client [69] (testset)   loss: 0.8426 -> 0.8485  accuracy: 92.05% -> 92.05%      
client [46] (testset)   loss: 1.0197 -> 1.0044  accuracy: 86.84% -> 86.84%      
---------------------------- TRAINING EPOCH: 380 ----------------------------   
client [99] (testset)   loss: 0.3761 -> 0.3782  accuracy: 97.14% -> 97.14%      
client [93] (testset)   loss: 0.5899 -> 0.5683  accuracy: 93.55% -> 92.90%      
client [11] (testset)   loss: 0.3002 -> 0.2980  accuracy: 96.10% -> 96.10%      
client [58] (testset)   loss: 0.4823 -> 0.4856  accuracy: 94.25% -> 94.25%      
client [81] (testset)   loss: 1.4366 -> 1.4256  accuracy: 87.10% -> 87.10%      
client [85] (testset)   loss: 0.0031 -> 0.0031  accuracy: 100.00% -> 100.00%    
client [89] (testset)   loss: 0.4497 -> 0.4377  accuracy: 95.10% -> 95.10%      
client [45] (testset)   loss: 0.1779 -> 0.1791  accuracy: 98.96% -> 98.96%      
client [8]  (testset)   loss: 0.0014 -> 0.0011  accuracy: 100.00% -> 100.00%    
client [68] (testset)   loss: 0.0239 -> 0.0234  accuracy: 97.92% -> 97.92%      
---------------------------- TRAINING EPOCH: 390 ----------------------------   
client [67] (testset)   loss: 0.3284 -> 0.3306  accuracy: 95.26% -> 95.26%      
client [72] (testset)   loss: 0.7782 -> 0.7772  accuracy: 93.23% -> 92.89%      
client [1]  (testset)   loss: 0.1040 -> 0.1020  accuracy: 98.05% -> 98.05%      
client [78] (testset)   loss: 0.2527 -> 0.2486  accuracy: 97.44% -> 97.44%      
client [83] (testset)   loss: 0.0022 -> 0.0022  accuracy: 100.00% -> 100.00%    
client [21] (testset)   loss: 1.1756 -> 1.1798  accuracy: 83.33% -> 83.33%      
client [56] (testset)   loss: 0.5596 -> 0.5654  accuracy: 94.33% -> 94.44%      
client [44] (testset)   loss: 0.3005 -> 0.2914  accuracy: 95.88% -> 95.88%      
client [92] (testset)   loss: 0.8799 -> 0.8563  accuracy: 91.16% -> 91.16%      
client [27] (testset)   loss: 0.7242 -> 0.7261  accuracy: 92.50% -> 92.50%      
---------------------------- TRAINING EPOCH: 400 ----------------------------   
client [10] (testset)   loss: 0.3493 -> 0.3437  accuracy: 95.82% -> 95.82%      
client [39] (testset)   loss: 0.4232 -> 0.4131  accuracy: 95.12% -> 95.12%      
client [65] (testset)   loss: 0.1778 -> 0.1766  accuracy: 98.26% -> 98.40%      
client [26] (testset)   loss: 0.1935 -> 0.1920  accuracy: 99.36% -> 99.36%      
client [19] (testset)   loss: 0.4429 -> 0.4561  accuracy: 92.69% -> 93.15%      
client [68] (testset)   loss: 0.0174 -> 0.0172  accuracy: 97.92% -> 97.92%      
client [41] (testset)   loss: 0.8177 -> 0.8081  accuracy: 90.65% -> 91.48%      
client [50] (testset)   loss: 0.2294 -> 0.2253  accuracy: 92.86% -> 92.86%      
client [75] (testset)   loss: 0.4855 -> 0.4792  accuracy: 93.75% -> 93.75%      
client [81] (testset)   loss: 1.3903 -> 1.3747  accuracy: 87.10% -> 87.10%      
Training... ━━━━━━━━━━━━━━━━━━━━━━━━━━━━━━━━━━━━━━━━ 100% 0:09:34
PSFL's average time taken by each global epoch: 0 min 1.43 sec.                 
PSFL's total running time: 0 h 9 m 34 s.                                        
==================== PSFL Experiment Results: ====================              
Display format: (before local fine-tuning) -> (after local fine-tuning)         
 So if finetune_epoch = 0, x.xx% -> 0.00% is normal.                            
 Centralized testing ONLY happens after model aggregation, so the stats between 
'->' are the same.                                                              
{                                                                               
    "100": {                                                                    
        "all_clients": {                                                        
            "test": {                                                           
                "loss": "0.2685 -> 0.0000",                                     
                "accuracy": "94.52% -> 0.00%"                                   
            }                                                                   
        }                                                                       
    },                                                                          
    "200": {                                                                    
        "all_clients": {                                                        
            "test": {                                                           
                "loss": "0.3748 -> 0.0000",                                     
                "accuracy": "95.24% -> 0.00%"                                   
            }                                                                   
        }                                                                       
    },                                                                          
    "300": {                                                                    
        "all_clients": {                                                        
            "test": {                                                           
                "loss": "0.4363 -> 0.0000",                                     
                "accuracy": "95.31% -> 0.00%"                                   
            }                                                                   
        }                                                                       
    },                                                                          
    "400": {                                                                    
        "all_clients": {                                                        
            "test": {                                                           
                "loss": "0.4753 -> 0.0000",                                     
                "accuracy": "95.22% -> 0.00%"                                   
            }                                                                   
        }                                                                       
    }                                                                           
}                                                                               
==================== PSFL Max Accuracy ====================                     
all_clients:                                                                    
(test) before fine-tuning: 95.31% at epoch 300                                  
(test) after fine-tuning: 0.00% at epoch 100                                    
