==================== APFL ====================                                  
Experiment Arguments:                                                           
{
│   'method': 'apfl',
│   'dataset': {
│   │   'name': 'medmnistA',
│   │   'client_num': 100,
│   │   'test_ratio': 0.25,
│   │   'val_ratio': 0.0,
│   │   'seed': 42,
│   │   'split': 'sample',
│   │   'IID_ratio': 0.0,
│   │   'monitor_window_name_suffix': 'medmnistA-100clients-0%IID-Dir(0.1)-seed42',
│   │   'alpha': 0.1,
│   │   'min_samples_per_client': 10
│   },
│   'model': {
│   │   'name': 'lenet5',
│   │   'use_torchvision_pretrained_weights': True,
│   │   'external_model_weights_path': None
│   },
│   'optimizer': {
│   │   'lr': 0.01,
│   │   'dampening': 0,
│   │   'weight_decay': 0,
│   │   'momentum': 0,
│   │   'nesterov': False,
│   │   'name': 'sgd'
│   },
│   'mode': 'serial',
│   'parallel': {
│   │   'ray_cluster_addr': None,
│   │   'num_cpus': None,
│   │   'num_gpus': None,
│   │   'num_workers': 2
│   },
│   'common': {
│   │   'seed': 42,
│   │   'join_ratio': 0.1,
│   │   'global_epoch': 400,
│   │   'local_epoch': 5,
│   │   'batch_size': 32,
│   │   'reset_optimizer_on_global_epoch': True,
│   │   'straggler_ratio': 0,
│   │   'straggler_min_local_epoch': 0,
│   │   'buffers': 'global',
│   │   'client_side_evaluation': True,
│   │   'test': {
│   │   │   'client': {
│   │   │   │   'interval': 100,
│   │   │   │   'finetune_epoch': 0,
│   │   │   │   'train': False,
│   │   │   │   'val': False,
│   │   │   │   'test': True
│   │   │   },
│   │   │   'server': {
│   │   │   │   'interval': -1,
│   │   │   │   'train': False,
│   │   │   │   'val': False,
│   │   │   │   'test': False,
│   │   │   │   'model_in_train_mode': False
│   │   │   }
│   │   },
│   │   'verbose_gap': 10,
│   │   'monitor': None,
│   │   'use_cuda': True,
│   │   'save_log': True,
│   │   'save_model': False,
│   │   'save_learning_curve_plot': False,
│   │   'save_metrics': True,
│   │   'delete_useless_run': True
│   },
│   'apfl': {
│   │   'alpha': 0.5,
│   │   'adaptive_alpha': 1
│   }
}
---------------------------- TRAINING EPOCH: 10 ----------------------------    
client [77] (testset)   loss: 34.6970 -> 9.2210 accuracy: 2.38% -> 58.33%       
client [81] (testset)   loss: 63.3932 -> 201.9878   accuracy: 0.00% -> 43.60%   
client [21] (testset)   loss: 42.5516 -> 64.7298    accuracy: 0.00% -> 2.91%    
client [68] (testset)   loss: 33.1510 -> 0.0405 accuracy: 0.00% -> 100.00%      
client [93] (testset)   loss: 31.2365 -> 2.7353 accuracy: 0.00% -> 88.89%       
client [31] (testset)   loss: 29.9444 -> 18.3682    accuracy: 0.00% -> 55.00%   
client [20] (testset)   loss: 6.5907 -> 11.8078 accuracy: 0.52% -> 0.52%        
client [59] (testset)   loss: 9.1506 -> 2.7153  accuracy: 42.00% -> 42.00%      
client [48] (testset)   loss: 42.7091 -> 27.1154    accuracy: 23.28% -> 0.00%   
client [34] (testset)   loss: 20.1742 -> 96.1013    accuracy: 0.00% -> 18.52%   
---------------------------- TRAINING EPOCH: 20 ----------------------------    
client [69] (testset)   loss: 11.0699 -> 5.5407 accuracy: 19.15% -> 63.83%      
client [99] (testset)   loss: 13.0865 -> 29.3047    accuracy: 7.45% -> 63.53%   
client [67] (testset)   loss: 8.3148 -> 48.8094 accuracy: 6.04% -> 29.31%       
client [0]  (testset)   loss: 12.2161 -> 35.3746    accuracy: 0.00% -> 32.60%   
client [76] (testset)   loss: 14.8444 -> 34.0843    accuracy: 0.00% -> 2.84%    
client [41] (testset)   loss: 6.4184 -> 30.2093 accuracy: 4.23% -> 0.00%        
client [62] (testset)   loss: 7.4843 -> 8.0462  accuracy: 0.00% -> 0.00%        
client [2]  (testset)   loss: 5.5079 -> 69.3582 accuracy: 40.00% -> 13.57%      
client [14] (testset)   loss: 2.3183 -> 141.4689    accuracy: 24.07% -> 1.39%   
client [46] (testset)   loss: 5.2069 -> 12.8541 accuracy: 4.07% -> 0.00%        
---------------------------- TRAINING EPOCH: 30 ----------------------------    
client [24] (testset)   loss: 0.4029 -> 61.9060 accuracy: 96.84% -> 0.00%       
client [68] (testset)   loss: 14.3742 -> 1.6456 accuracy: 0.00% -> 44.16%       
client [57] (testset)   loss: 10.6374 -> 15.6384    accuracy: 0.00% -> 79.69%   
client [17] (testset)   loss: 10.4055 -> 35.8972    accuracy: 9.23% -> 46.15%   
client [54] (testset)   loss: 9.6296 -> 44.4288 accuracy: 0.00% -> 0.00%        
client [23] (testset)   loss: 8.0958 -> 56.6018 accuracy: 0.00% -> 0.00%        
client [35] (testset)   loss: 11.4866 -> 6.7866 accuracy: 0.93% -> 31.94%       
client [59] (testset)   loss: 12.0885 -> 13.0353    accuracy: 0.00% -> 0.00%    
client [31] (testset)   loss: 5.9538 -> 48.1229 accuracy: 0.00% -> 20.00%       
client [9]  (testset)   loss: 14.2085 -> 1.3392 accuracy: 0.66% -> 81.46%       
---------------------------- TRAINING EPOCH: 40 ----------------------------    
client [64] (testset)   loss: 21.5048 -> 112.8237   accuracy: 0.00% -> 0.00%    
client [33] (testset)   loss: 69.3832 -> 18.8030    accuracy: 0.00% -> 75.00%   
client [16] (testset)   loss: 35.9177 -> 0.1468 accuracy: 0.00% -> 94.40%       
client [44] (testset)   loss: 20.8064 -> 24.3653    accuracy: 0.00% -> 0.00%    
client [8]  (testset)   loss: 50.6368 -> 63.8639    accuracy: 0.00% -> 22.73%   
client [31] (testset)   loss: 36.4442 -> 51.8833    accuracy: 0.00% -> 0.00%    
client [47] (testset)   loss: 40.5326 -> 43.1309    accuracy: 0.00% -> 0.24%    
client [36] (testset)   loss: 32.3315 -> 332.8570   accuracy: 0.00% -> 2.73%    
client [20] (testset)   loss: 48.6404 -> 13.4029    accuracy: 0.00% -> 91.71%   
client [56] (testset)   loss: 19.8032 -> 59.6612    accuracy: 0.00% -> 14.75%   
---------------------------- TRAINING EPOCH: 50 ----------------------------    
client [4]  (testset)   loss: 35.6047 -> 11.9942    accuracy: 0.00% -> 1.16%    
client [60] (testset)   loss: 32.4825 -> 48.7033    accuracy: 0.00% -> 2.90%    
client [28] (testset)   loss: 10.9583 -> 49.0417    accuracy: 73.37% -> 73.37%  
client [25] (testset)   loss: 32.2383 -> 4.9828 accuracy: 0.00% -> 73.02%       
client [58] (testset)   loss: 47.6243 -> 3.4469 accuracy: 2.83% -> 94.34%       
client [44] (testset)   loss: 28.3570 -> 11.6466    accuracy: 0.00% -> 0.00%    
client [39] (testset)   loss: 21.1370 -> 104.7368   accuracy: 24.53% -> 43.40%  
client [29] (testset)   loss: 51.2147 -> 128.2100   accuracy: 0.00% -> 1.51%    
client [3]  (testset)   loss: 19.8104 -> 105.9717   accuracy: 0.00% -> 0.00%    
client [84] (testset)   loss: 35.6383 -> 8.2123 accuracy: 0.00% -> 0.00%        
---------------------------- TRAINING EPOCH: 60 ----------------------------    
client [21] (testset)   loss: 12.8714 -> 3.1687 accuracy: 2.91% -> 29.89%       
client [84] (testset)   loss: 20.0020 -> 19.0929    accuracy: 1.90% -> 0.00%    
client [10] (testset)   loss: 16.0094 -> 63.8814    accuracy: 39.61% -> 53.62%  
client [36] (testset)   loss: 19.7322 -> 1.9485 accuracy: 2.73% -> 44.77%       
client [65] (testset)   loss: 20.9986 -> 74.3477    accuracy: 0.00% -> 0.00%    
client [81] (testset)   loss: 12.7366 -> 1.7497 accuracy: 43.60% -> 64.93%      
client [79] (testset)   loss: 8.8804 -> 58.9966 accuracy: 3.70% -> 77.78%       
client [42] (testset)   loss: 8.8534 -> 18.2455 accuracy: 0.00% -> 26.67%       
client [11] (testset)   loss: 8.8300 -> 35.5154 accuracy: 51.32% -> 50.88%      
client [96] (testset)   loss: 32.1656 -> 552.1655   accuracy: 0.00% -> 1.08%    
---------------------------- TRAINING EPOCH: 70 ----------------------------    
client [8]  (testset)   loss: 43.6203 -> 241.8246   accuracy: 22.73% -> 40.91%  
client [53] (testset)   loss: 21.6661 -> 9.7073 accuracy: 0.00% -> 0.00%        
client [52] (testset)   loss: 55.2840 -> 40.9012    accuracy: 0.00% -> 75.22%   
client [42] (testset)   loss: 41.6999 -> 170.2497   accuracy: 0.00% -> 0.00%    
client [69] (testset)   loss: 49.7872 -> 24.2032    accuracy: 19.15% -> 0.00%   
client [59] (testset)   loss: 48.7181 -> 31.3795    accuracy: 0.00% -> 0.00%    
client [7]  (testset)   loss: 58.1759 -> 0.0397 accuracy: 4.96% -> 98.76%       
client [26] (testset)   loss: 30.3479 -> 20.2026    accuracy: 2.11% -> 21.05%   
client [49] (testset)   loss: 38.1678 -> 62.3758    accuracy: 9.25% -> 2.89%    
client [98] (testset)   loss: 54.0889 -> 26.9637    accuracy: 0.00% -> 0.63%    
---------------------------- TRAINING EPOCH: 80 ----------------------------    
client [98] (testset)   loss: 3.0353 -> 5.3651  accuracy: 60.76% -> 24.05%      
client [47] (testset)   loss: 9.4925 -> 14.6495 accuracy: 0.00% -> 16.14%       
client [21] (testset)   loss: 5.4980 -> 1.4335  accuracy: 30.42% -> 89.68%      
client [77] (testset)   loss: 2.4180 -> 4.0495  accuracy: 44.05% -> 36.90%      
client [95] (testset)   loss: 11.8318 -> 66.0836    accuracy: 1.72% -> 0.00%    
client [91] (testset)   loss: 3.2491 -> 5.2840  accuracy: 47.06% -> 5.88%       
client [14] (testset)   loss: 1.2451 -> 0.0146  accuracy: 78.24% -> 99.54%      
client [99] (testset)   loss: 6.4831 -> 4.7415  accuracy: 18.82% -> 63.53%      
client [20] (testset)   loss: 6.2928 -> 199.9668    accuracy: 3.11% -> 0.00%    
client [39] (testset)   loss: 6.5538 -> 152.2804    accuracy: 45.28% -> 43.40%  
---------------------------- TRAINING EPOCH: 90 ----------------------------    
client [52] (testset)   loss: 5.2870 -> 19.5866 accuracy: 4.42% -> 75.22%       
client [62] (testset)   loss: 6.2416 -> 13.7866 accuracy: 5.00% -> 0.00%        
client [71] (testset)   loss: 4.4949 -> 113.6192    accuracy: 25.00% -> 0.00%   
client [97] (testset)   loss: 4.0601 -> 7.8925  accuracy: 53.11% -> 12.86%      
client [30] (testset)   loss: 4.0953 -> 12.1260 accuracy: 43.57% -> 1.43%       
client [88] (testset)   loss: 6.3090 -> 200.6798    accuracy: 2.70% -> 10.81%   
client [60] (testset)   loss: 5.3932 -> 8.1394  accuracy: 6.28% -> 2.90%        
client [82] (testset)   loss: 5.2054 -> 2411.9698   accuracy: 16.28% -> 11.63%  
client [91] (testset)   loss: 1.7807 -> 60.6468 accuracy: 52.94% -> 0.00%       
client [57] (testset)   loss: 14.9839 -> 19.5705    accuracy: 0.00% -> 19.53%   
---------------------------- TRAINING EPOCH: 100 ----------------------------   
client [31] (testset)   loss: 5.0736 -> 1.5509  accuracy: 15.00% -> 70.00%      
client [15] (testset)   loss: 2.3821 -> 7.5885  accuracy: 37.25% -> 76.47%      
client [71] (testset)   loss: 4.3362 -> 175.0664    accuracy: 16.67% -> 0.00%   
client [97] (testset)   loss: 3.6635 -> 28.2224 accuracy: 53.11% -> 4.56%       
client [53] (testset)   loss: 7.6767 -> 3.5935  accuracy: 0.00% -> 66.91%       
client [77] (testset)   loss: 3.0995 -> 23.6062 accuracy: 42.86% -> 1.19%       
client [76] (testset)   loss: 11.5717 -> 14.5239    accuracy: 0.47% -> 52.13%   
client [79] (testset)   loss: 8.6768 -> 65.6123 accuracy: 3.70% -> 0.00%        
client [28] (testset)   loss: 10.2811 -> 809.5871   accuracy: 4.35% -> 4.35%    
client [99] (testset)   loss: 2.1494 -> 30.8225 accuracy: 72.94% -> 5.10%       
---------------------------- TRAINING EPOCH: 110 ----------------------------   
client [97] (testset)   loss: 21.1957 -> 7.7568 accuracy: 10.37% -> 12.45%      
client [86] (testset)   loss: 14.2984 -> 22.7930    accuracy: 9.14% -> 1.77%    
client [34] (testset)   loss: 20.3369 -> 12.5385    accuracy: 0.00% -> 3.70%    
client [73] (testset)   loss: 15.2204 -> 2.0467 accuracy: 15.79% -> 58.95%      
client [5]  (testset)   loss: 12.2336 -> 38.3516    accuracy: 37.36% -> 10.99%  
client [96] (testset)   loss: 14.7598 -> 229.5449   accuracy: 19.61% -> 1.08%   
client [22] (testset)   loss: 11.6000 -> 0.1237 accuracy: 1.83% -> 97.26%       
client [60] (testset)   loss: 31.4985 -> 0.2472 accuracy: 0.00% -> 96.62%       
client [66] (testset)   loss: 14.3963 -> 28.5725    accuracy: 18.75% -> 0.39%   
client [83] (testset)   loss: 11.1510 -> 62.0889    accuracy: 5.00% -> 0.00%    
---------------------------- TRAINING EPOCH: 120 ----------------------------   
client [76] (testset)   loss: 27.4563 -> 9.4252 accuracy: 1.42% -> 52.13%       
client [65] (testset)   loss: 13.9442 -> 2.7010 accuracy: 0.00% -> 83.56%       
client [95] (testset)   loss: 23.7766 -> 0.2564 accuracy: 0.00% -> 94.83%       
client [17] (testset)   loss: 13.7303 -> 23.4427    accuracy: 27.69% -> 27.69%  
client [8]  (testset)   loss: 29.5162 -> 65.9478    accuracy: 0.00% -> 18.18%   
client [35] (testset)   loss: 25.2074 -> 34.8861    accuracy: 0.00% -> 46.30%   
client [98] (testset)   loss: 28.1776 -> 1.4917 accuracy: 3.80% -> 79.11%       
client [53] (testset)   loss: 21.9339 -> 3.0968 accuracy: 0.00% -> 94.85%       
client [43] (testset)   loss: 1.7753 -> 23.9529 accuracy: 93.29% -> 0.45%       
client [64] (testset)   loss: 26.7613 -> 43.5702    accuracy: 0.00% -> 0.00%    
---------------------------- TRAINING EPOCH: 130 ----------------------------   
client [21] (testset)   loss: 12.1785 -> 3.7046 accuracy: 0.26% -> 44.44%       
client [88] (testset)   loss: 6.7589 -> 28.2697 accuracy: 18.92% -> 67.57%      
client [38] (testset)   loss: 4.8041 -> 73.0831 accuracy: 33.33% -> 4.76%       
client [3]  (testset)   loss: 12.1372 -> 28.5055    accuracy: 9.09% -> 0.00%    
client [5]  (testset)   loss: 9.8803 -> 141.6112    accuracy: 8.79% -> 7.69%    
client [41] (testset)   loss: 7.3270 -> 2.3345  accuracy: 1.41% -> 60.56%       
client [7]  (testset)   loss: 4.7674 -> 0.0196  accuracy: 21.24% -> 99.29%      
client [37] (testset)   loss: 13.3661 -> 21.9933    accuracy: 1.73% -> 5.63%    
client [45] (testset)   loss: 7.0702 -> 25.6229 accuracy: 6.00% -> 22.00%       
client [47] (testset)   loss: 11.0766 -> 75.4667    accuracy: 0.96% -> 39.76%   
---------------------------- TRAINING EPOCH: 140 ----------------------------   
client [16] (testset)   loss: 4.7057 -> 35.2182 accuracy: 35.99% -> 6.49%       
client [11] (testset)   loss: 17.2428 -> 15.2607    accuracy: 20.93% -> 50.88%  
client [37] (testset)   loss: 9.1204 -> 19.9726 accuracy: 5.63% -> 0.00%        
client [41] (testset)   loss: 7.0637 -> 12.8657 accuracy: 36.62% -> 0.00%       
client [95] (testset)   loss: 4.3161 -> 0.4464  accuracy: 13.79% -> 94.83%      
client [53] (testset)   loss: 13.2229 -> 0.5216 accuracy: 2.21% -> 80.88%       
client [22] (testset)   loss: 18.2180 -> 0.2943 accuracy: 3.20% -> 94.06%       
client [25] (testset)   loss: 7.5111 -> 1.3096  accuracy: 3.17% -> 60.32%       
client [69] (testset)   loss: 10.7523 -> 375.2978   accuracy: 2.13% -> 19.15%   
client [46] (testset)   loss: 2.1885 -> 0.2409  accuracy: 55.23% -> 94.19%      
---------------------------- TRAINING EPOCH: 150 ----------------------------   
client [47] (testset)   loss: 11.9875 -> 42.1795    accuracy: 9.16% -> 39.76%   
client [69] (testset)   loss: 13.2383 -> 126.2576   accuracy: 0.00% -> 12.77%   
client [82] (testset)   loss: 6.1139 -> 249.2384    accuracy: 55.81% -> 0.00%   
client [45] (testset)   loss: 8.4387 -> 4.8477  accuracy: 10.00% -> 14.00%      
client [7]  (testset)   loss: 15.8763 -> 15.3910    accuracy: 4.96% -> 6.19%    
client [50] (testset)   loss: 10.4642 -> 14.1938    accuracy: 19.51% -> 0.00%   
client [35] (testset)   loss: 8.8694 -> 4.0311  accuracy: 39.81% -> 53.70%      
client [24] (testset)   loss: 19.3497 -> 1.0779 accuracy: 2.11% -> 92.63%       
client [15] (testset)   loss: 5.7604 -> 14.6821 accuracy: 15.69% -> 76.47%      
client [58] (testset)   loss: 28.4801 -> 0.0540 accuracy: 0.00% -> 98.11%       
---------------------------- TRAINING EPOCH: 160 ----------------------------   
client [48] (testset)   loss: 8.6930 -> 5.8393  accuracy: 74.14% -> 37.93%      
client [76] (testset)   loss: 34.5945 -> 56.6694    accuracy: 1.42% -> 0.00%    
client [67] (testset)   loss: 39.6555 -> 31.9897    accuracy: 0.00% -> 0.30%    
client [37] (testset)   loss: 34.9679 -> 11.8776    accuracy: 0.00% -> 8.66%    
client [58] (testset)   loss: 1.8816 -> 2.9870  accuracy: 94.34% -> 37.74%      
client [64] (testset)   loss: 37.7800 -> 271.6721   accuracy: 0.00% -> 0.00%    
client [77] (testset)   loss: 27.5912 -> 0.2879 accuracy: 0.00% -> 92.86%       
client [55] (testset)   loss: 28.5161 -> 34.0313    accuracy: 0.00% -> 12.50%   
client [12] (testset)   loss: 15.4052 -> 8.5327 accuracy: 0.18% -> 12.38%       
client [89] (testset)   loss: 22.0993 -> 11.6618    accuracy: 0.00% -> 25.00%   
---------------------------- TRAINING EPOCH: 170 ----------------------------   
client [84] (testset)   loss: 7.1794 -> 0.2650  accuracy: 44.62% -> 89.87%      
client [51] (testset)   loss: 3.8016 -> 25.3987 accuracy: 61.11% -> 30.56%      
client [8]  (testset)   loss: 7.5938 -> 6.4701  accuracy: 31.82% -> 6.82%       
client [18] (testset)   loss: 6.1760 -> 322.4819    accuracy: 4.62% -> 0.00%    
client [94] (testset)   loss: 8.8869 -> 12.9599 accuracy: 20.31% -> 50.00%      
client [81] (testset)   loss: 5.4202 -> 47.0998 accuracy: 43.36% -> 4.03%       
client [3]  (testset)   loss: 5.4811 -> 174.1508    accuracy: 63.64% -> 0.00%   
client [11] (testset)   loss: 9.4219 -> 0.9080  accuracy: 18.28% -> 78.63%      
client [95] (testset)   loss: 3.6436 -> 3.2189  accuracy: 10.34% -> 54.31%      
client [67] (testset)   loss: 12.4687 -> 32.5825    accuracy: 10.27% -> 55.29%  
---------------------------- TRAINING EPOCH: 180 ----------------------------   
client [21] (testset)   loss: 10.7750 -> 8.3440 accuracy: 3.17% -> 44.18%       
client [79] (testset)   loss: 14.8894 -> 33.5243    accuracy: 7.41% -> 77.78%   
client [58] (testset)   loss: 4.0250 -> 1.9276  accuracy: 30.19% -> 94.34%      
client [88] (testset)   loss: 6.3798 -> 9.9002  accuracy: 32.43% -> 67.57%      
client [46] (testset)   loss: 14.5333 -> 32.8391    accuracy: 0.00% -> 0.00%    
client [11] (testset)   loss: 12.8277 -> 10.8268    accuracy: 9.69% -> 26.21%   
client [55] (testset)   loss: 12.6359 -> 33.2556    accuracy: 0.00% -> 12.50%   
client [13] (testset)   loss: 0.2992 -> 0.7768  accuracy: 95.56% -> 84.44%      
client [31] (testset)   loss: 8.8186 -> 27.8131 accuracy: 0.00% -> 55.00%       
client [75] (testset)   loss: 10.0872 -> 130.5399   accuracy: 0.74% -> 0.00%    
---------------------------- TRAINING EPOCH: 190 ----------------------------   
client [19] (testset)   loss: 6.1601 -> 16.3396 accuracy: 44.05% -> 37.50%      
client [7]  (testset)   loss: 14.5774 -> 0.0424 accuracy: 9.56% -> 98.76%       
client [57] (testset)   loss: 6.8207 -> 30.3680 accuracy: 11.72% -> 79.69%      
client [13] (testset)   loss: 7.2662 -> 5.1887  accuracy: 4.44% -> 24.44%       
client [43] (testset)   loss: 16.8009 -> 7.8734 accuracy: 0.22% -> 93.29%       
client [91] (testset)   loss: 2.1242 -> 29.1396 accuracy: 58.82% -> 0.00%       
client [10] (testset)   loss: 16.1648 -> 51.0212    accuracy: 5.31% -> 0.00%    
client [64] (testset)   loss: 6.8122 -> 200.3947    accuracy: 33.33% -> 0.00%   
client [82] (testset)   loss: 4.9675 -> 28.7650 accuracy: 53.49% -> 53.49%      
client [22] (testset)   loss: 12.4750 -> 0.1943 accuracy: 7.31% -> 98.17%       
---------------------------- TRAINING EPOCH: 200 ----------------------------   
client [20] (testset)   loss: 1.2167 -> 0.5927  accuracy: 71.50% -> 90.16%      
client [23] (testset)   loss: 5.2973 -> 0.0744  accuracy: 3.33% -> 97.33%       
client [88] (testset)   loss: 10.0299 -> 7.0992 accuracy: 8.11% -> 67.57%       
client [98] (testset)   loss: 2.4532 -> 10.5437 accuracy: 44.30% -> 6.33%       
client [79] (testset)   loss: 3.8427 -> 93.9256 accuracy: 11.11% -> 77.78%      
client [21] (testset)   loss: 0.7281 -> 34.4000 accuracy: 75.13% -> 2.91%       
client [92] (testset)   loss: 4.7737 -> 38.0671 accuracy: 27.27% -> 0.00%       
client [56] (testset)   loss: 3.9102 -> 6.7533  accuracy: 13.11% -> 19.67%      
client [5]  (testset)   loss: 7.9853 -> 20.1563 accuracy: 17.58% -> 21.98%      
client [52] (testset)   loss: 11.1925 -> 291.9498   accuracy: 7.96% -> 75.22%   
---------------------------- TRAINING EPOCH: 210 ----------------------------   
client [67] (testset)   loss: 21.4724 -> 0.4606 accuracy: 0.00% -> 89.12%       
client [54] (testset)   loss: 16.5458 -> 25.7134    accuracy: 0.00% -> 0.00%    
client [14] (testset)   loss: 15.1587 -> 39.3763    accuracy: 0.46% -> 1.39%    
client [99] (testset)   loss: 24.0842 -> 2.8623 accuracy: 5.10% -> 68.63%       
client [36] (testset)   loss: 15.6962 -> 1.6587 accuracy: 22.95% -> 64.55%      
client [30] (testset)   loss: 22.6843 -> 13.6454    accuracy: 0.00% -> 33.57%   
client [38] (testset)   loss: 16.3646 -> 130.5754   accuracy: 23.81% -> 4.76%   
client [15] (testset)   loss: 10.4424 -> 13.3219    accuracy: 17.65% -> 72.55%  
client [6]  (testset)   loss: 16.5239 -> 27.4289    accuracy: 3.17% -> 29.10%   
client [53] (testset)   loss: 9.7177 -> 0.8013  accuracy: 0.00% -> 94.85%       
---------------------------- TRAINING EPOCH: 220 ----------------------------   
client [99] (testset)   loss: 32.6829 -> 44.8721    accuracy: 63.53% -> 5.10%   
client [6]  (testset)   loss: 72.0297 -> 6.6077 accuracy: 40.21% -> 38.10%      
client [83] (testset)   loss: 9.7943 -> 11.7511 accuracy: 85.00% -> 5.00%       
client [42] (testset)   loss: 49.7282 -> 24.9674    accuracy: 0.00% -> 30.00%   
client [34] (testset)   loss: 55.9651 -> 7.0136 accuracy: 18.52% -> 12.35%      
client [15] (testset)   loss: 52.2569 -> 60.9394    accuracy: 0.00% -> 17.65%   
client [47] (testset)   loss: 59.6411 -> 5.0693 accuracy: 0.00% -> 15.18%       
client [55] (testset)   loss: 94.5897 -> 100.8540   accuracy: 12.50% -> 12.50%  
client [51] (testset)   loss: 77.1154 -> 0.6730 accuracy: 0.00% -> 69.44%       
client [95] (testset)   loss: 100.4223 -> 1.8173    accuracy: 0.00% -> 64.66%   
---------------------------- TRAINING EPOCH: 230 ----------------------------   
client [71] (testset)   loss: 8.5382 -> 34.7278 accuracy: 16.67% -> 54.17%      
client [15] (testset)   loss: 0.9969 -> 1.0094  accuracy: 78.43% -> 86.27%      
client [33] (testset)   loss: 1.8496 -> 165.9960    accuracy: 73.08% -> 0.00%   
client [99] (testset)   loss: 6.2644 -> 50.1236 accuracy: 24.31% -> 5.10%       
client [90] (testset)   loss: 3.8407 -> 84.7537 accuracy: 28.57% -> 0.00%       
client [57] (testset)   loss: 4.5470 -> 4309.7565   accuracy: 11.72% -> 19.53%  
client [27] (testset)   loss: 4.2163 -> 6.0464  accuracy: 29.22% -> 21.79%      
client [78] (testset)   loss: 2.0602 -> 35.4192 accuracy: 70.76% -> 3.99%       
client [36] (testset)   loss: 2.7770 -> 3.3079  accuracy: 59.77% -> 54.55%      
client [88] (testset)   loss: 12.1743 -> 10.6334    accuracy: 18.92% -> 67.57%  
---------------------------- TRAINING EPOCH: 240 ----------------------------   
client [70] (testset)   loss: 0.5849 -> 6.2941  accuracy: 72.22% -> 11.11%      
client [35] (testset)   loss: 1.3271 -> 0.7436  accuracy: 68.52% -> 82.87%      
client [16] (testset)   loss: 0.3515 -> 0.0482  accuracy: 91.74% -> 97.64%      
client [80] (testset)   loss: 0.7384 -> 55.9522 accuracy: 73.44% -> 1.56%       
client [38] (testset)   loss: 1.0426 -> 34.6457 accuracy: 76.19% -> 9.52%       
client [78] (testset)   loss: 0.2674 -> 0.9551  accuracy: 92.03% -> 92.03%      
client [68] (testset)   loss: 0.1465 -> 0.0035  accuracy: 93.51% -> 100.00%     
client [11] (testset)   loss: 0.9786 -> 0.2146  accuracy: 73.13% -> 94.71%      
client [64] (testset)   loss: 4.8662 -> 106.9811    accuracy: 33.33% -> 0.00%   
client [82] (testset)   loss: 0.5149 -> 43.5446 accuracy: 86.05% -> 18.60%      
---------------------------- TRAINING EPOCH: 250 ----------------------------   
client [30] (testset)   loss: 13.2602 -> 0.3781 accuracy: 41.43% -> 95.00%      
client [27] (testset)   loss: 24.0276 -> 9.3470 accuracy: 0.00% -> 6.25%        
client [74] (testset)   loss: 13.5291 -> 13.3084    accuracy: 4.04% -> 26.26%   
client [45] (testset)   loss: 14.6905 -> 17.4513    accuracy: 20.00% -> 12.00%  
client [6]  (testset)   loss: 13.5840 -> 56.9347    accuracy: 37.57% -> 0.00%   
client [36] (testset)   loss: 22.9332 -> 84.4162    accuracy: 2.73% -> 0.00%    
client [63] (testset)   loss: 16.7490 -> 0.1982 accuracy: 0.00% -> 95.00%       
client [76] (testset)   loss: 20.0784 -> 7.3335 accuracy: 0.95% -> 20.85%       
client [83] (testset)   loss: 2.7450 -> 8.2460  accuracy: 85.00% -> 10.00%      
client [86] (testset)   loss: 17.5766 -> 38.9253    accuracy: 1.77% -> 1.77%    
---------------------------- TRAINING EPOCH: 260 ----------------------------   
client [83] (testset)   loss: 11.9565 -> 54.5182    accuracy: 10.00% -> 0.00%   
client [99] (testset)   loss: 13.6771 -> 29.6366    accuracy: 14.51% -> 63.53%  
client [74] (testset)   loss: 10.2645 -> 5.6990 accuracy: 0.00% -> 18.18%       
client [73] (testset)   loss: 4.9803 -> 0.0137  accuracy: 24.21% -> 98.95%      
client [29] (testset)   loss: 14.3476 -> 7.2828 accuracy: 8.54% -> 11.06%       
client [92] (testset)   loss: 14.3358 -> 12.1167    accuracy: 0.00% -> 27.27%   
client [6]  (testset)   loss: 12.0067 -> 7.1411 accuracy: 0.53% -> 42.33%       
client [61] (testset)   loss: 5.8752 -> 18.3879 accuracy: 15.38% -> 3.85%       
client [21] (testset)   loss: 5.6303 -> 1.4792  accuracy: 19.05% -> 66.40%      
client [67] (testset)   loss: 9.1800 -> 0.2657  accuracy: 11.78% -> 92.45%      
---------------------------- TRAINING EPOCH: 270 ----------------------------   
client [83] (testset)   loss: 5.4047 -> 51.9563 accuracy: 20.00% -> 0.00%       
client [32] (testset)   loss: 2.2310 -> 25.4576 accuracy: 62.50% -> 0.00%       
client [95] (testset)   loss: 0.3782 -> 27.0818 accuracy: 86.21% -> 0.00%       
client [61] (testset)   loss: 2.9235 -> 8.1526  accuracy: 30.77% -> 23.08%      
client [27] (testset)   loss: 0.6189 -> 7.1708  accuracy: 84.29% -> 23.14%      
client [25] (testset)   loss: 4.7527 -> 3.1048  accuracy: 17.46% -> 39.68%      
client [68] (testset)   loss: 0.8667 -> 0.0017  accuracy: 70.13% -> 100.00%     
client [34] (testset)   loss: 2.5359 -> 57.1206 accuracy: 56.79% -> 0.00%       
client [71] (testset)   loss: 6.8094 -> 92.4189 accuracy: 12.50% -> 50.00%      
client [89] (testset)   loss: 1.6385 -> 33.6554 accuracy: 37.50% -> 6.25%       
---------------------------- TRAINING EPOCH: 280 ----------------------------   
client [78] (testset)   loss: 2.3205 -> 81.8771 accuracy: 85.71% -> 3.99%       
client [81] (testset)   loss: 2.8943 -> 12.1841 accuracy: 46.21% -> 29.38%      
client [51] (testset)   loss: 2.8046 -> 4.8437  accuracy: 36.11% -> 8.33%       
client [54] (testset)   loss: 6.4110 -> 12.1973 accuracy: 0.00% -> 20.00%       
client [65] (testset)   loss: 14.3493 -> 37.9111    accuracy: 6.85% -> 0.00%    
client [41] (testset)   loss: 4.8377 -> 2.0902  accuracy: 28.17% -> 43.66%      
client [11] (testset)   loss: 2.8975 -> 0.4210  accuracy: 56.83% -> 88.11%      
client [85] (testset)   loss: 12.2268 -> 289.3867   accuracy: 0.00% -> 0.00%    
client [12] (testset)   loss: 1.6016 -> 6.0464  accuracy: 80.59% -> 24.58%      
client [23] (testset)   loss: 4.6647 -> 0.6675  accuracy: 42.67% -> 86.67%      
---------------------------- TRAINING EPOCH: 290 ----------------------------   
client [16] (testset)   loss: 0.2016 -> 0.0331  accuracy: 93.81% -> 98.53%      
client [65] (testset)   loss: 0.2678 -> 54.3111 accuracy: 87.67% -> 0.00%       
client [53] (testset)   loss: 0.2883 -> 3.5375  accuracy: 88.97% -> 39.71%      
client [58] (testset)   loss: 0.4424 -> 1.8449  accuracy: 86.79% -> 94.34%      
client [72] (testset)   loss: 0.9581 -> 86.8134 accuracy: 73.53% -> 0.00%       
client [7]  (testset)   loss: 0.1389 -> 0.0031  accuracy: 94.69% -> 99.82%      
client [71] (testset)   loss: 0.4175 -> 87.6144 accuracy: 83.33% -> 0.00%       
client [59] (testset)   loss: 0.2248 -> 4.1585  accuracy: 90.00% -> 36.00%      
client [86] (testset)   loss: 0.7078 -> 1.4519  accuracy: 80.83% -> 66.08%      
client [39] (testset)   loss: 0.3950 -> 87.9801 accuracy: 88.68% -> 43.40%      
---------------------------- TRAINING EPOCH: 300 ----------------------------   
client [99] (testset)   loss: 7.1732 -> 1.4188  accuracy: 15.29% -> 65.88%      
client [7]  (testset)   loss: 9.2034 -> 13.7424 accuracy: 8.14% -> 9.56%        
client [17] (testset)   loss: 6.6365 -> 23.2949 accuracy: 18.46% -> 27.69%      
client [64] (testset)   loss: 0.4573 -> 20.8689 accuracy: 66.67% -> 33.33%      
client [37] (testset)   loss: 1.0711 -> 11.9510 accuracy: 77.92% -> 11.69%      
client [29] (testset)   loss: 5.8097 -> 3.3299  accuracy: 14.07% -> 74.87%      
client [93] (testset)   loss: 2.1114 -> 6.7922  accuracy: 50.00% -> 88.89%      
client [73] (testset)   loss: 3.9545 -> 2.6721  accuracy: 31.58% -> 53.68%      
client [40] (testset)   loss: 3.8103 -> 143.0033    accuracy: 29.21% -> 0.00%   
client [76] (testset)   loss: 2.2221 -> 41.1448 accuracy: 57.82% -> 0.00%       
---------------------------- TRAINING EPOCH: 310 ----------------------------   
client [31] (testset)   loss: 5.8878 -> 5.5907  accuracy: 25.00% -> 15.00%      
client [89] (testset)   loss: 7.4043 -> 14.9422 accuracy: 37.50% -> 6.25%       
client [77] (testset)   loss: 5.5362 -> 0.0236  accuracy: 32.14% -> 100.00%     
client [90] (testset)   loss: 17.1974 -> 218.4583   accuracy: 0.00% -> 28.57%   
client [26] (testset)   loss: 14.1616 -> 30.9719    accuracy: 0.00% -> 1.05%    
client [50] (testset)   loss: 15.2536 -> 0.0073 accuracy: 6.10% -> 100.00%      
client [30] (testset)   loss: 8.4261 -> 8.6949  accuracy: 54.29% -> 53.57%      
client [70] (testset)   loss: 5.9694 -> 5.4371  accuracy: 22.22% -> 0.00%       
client [41] (testset)   loss: 12.3110 -> 3.2866 accuracy: 9.86% -> 15.49%       
client [99] (testset)   loss: 13.7685 -> 2.8099 accuracy: 17.25% -> 72.94%      
---------------------------- TRAINING EPOCH: 320 ----------------------------   
client [68] (testset)   loss: 0.0150 -> 0.1234  accuracy: 99.35% -> 96.75%      
client [70] (testset)   loss: 2.6186 -> 22.4257 accuracy: 38.89% -> 11.11%      
client [52] (testset)   loss: 13.5663 -> 12.3315    accuracy: 15.93% -> 3.54%   
client [1]  (testset)   loss: 0.5485 -> 0.0898  accuracy: 85.29% -> 95.10%      
client [2]  (testset)   loss: 9.6999 -> 95.5695 accuracy: 28.57% -> 5.71%       
client [67] (testset)   loss: 2.5504 -> 5.5587  accuracy: 67.07% -> 36.86%      
client [92] (testset)   loss: 6.2904 -> 42.8652 accuracy: 27.27% -> 63.64%      
client [35] (testset)   loss: 4.6585 -> 5.0647  accuracy: 33.80% -> 39.81%      
client [36] (testset)   loss: 4.4852 -> 25.3271 accuracy: 46.82% -> 1.59%       
client [64] (testset)   loss: 10.8634 -> 263.5079   accuracy: 33.33% -> 0.00%   
---------------------------- TRAINING EPOCH: 330 ----------------------------   
client [44] (testset)   loss: 8.8384 -> 9.8664  accuracy: 0.00% -> 0.00%        
client [6]  (testset)   loss: 8.2617 -> 30.5954 accuracy: 15.87% -> 40.21%      
client [12] (testset)   loss: 3.6477 -> 0.1645  accuracy: 27.73% -> 95.01%      
client [55] (testset)   loss: 9.4326 -> 66.8915 accuracy: 25.00% -> 12.50%      
client [29] (testset)   loss: 13.5470 -> 1.3271 accuracy: 14.07% -> 62.31%      
client [9]  (testset)   loss: 2.4238 -> 0.1988  accuracy: 45.03% -> 94.04%      
client [43] (testset)   loss: 16.8032 -> 34.6828    accuracy: 0.89% -> 0.00%    
client [77] (testset)   loss: 3.7576 -> 0.1899  accuracy: 36.90% -> 91.67%      
client [98] (testset)   loss: 4.3389 -> 2.3084  accuracy: 41.14% -> 46.20%      
client [78] (testset)   loss: 2.0373 -> 2.4809  accuracy: 85.71% -> 84.72%      
---------------------------- TRAINING EPOCH: 340 ----------------------------   
client [92] (testset)   loss: 1.2140 -> 0.8767  accuracy: 63.64% -> 81.82%      
client [80] (testset)   loss: 5.1318 -> 1.7977  accuracy: 18.75% -> 68.75%      
client [63] (testset)   loss: 6.9232 -> 5.6601  accuracy: 11.00% -> 11.00%      
client [76] (testset)   loss: 5.2605 -> 9.3565  accuracy: 20.38% -> 38.86%      
client [78] (testset)   loss: 1.1796 -> 13.7988 accuracy: 86.05% -> 4.98%       
client [25] (testset)   loss: 4.6588 -> 26.4726 accuracy: 19.05% -> 0.00%       
client [58] (testset)   loss: 9.1058 -> 0.0668  accuracy: 0.00% -> 98.11%       
client [13] (testset)   loss: 5.6637 -> 0.0038  accuracy: 11.11% -> 100.00%     
client [17] (testset)   loss: 4.4747 -> 2.4155  accuracy: 32.31% -> 67.69%      
client [38] (testset)   loss: 8.6633 -> 120.4955    accuracy: 9.52% -> 4.76%    
---------------------------- TRAINING EPOCH: 350 ----------------------------   
client [72] (testset)   loss: 2.8178 -> 46.5598 accuracy: 44.12% -> 11.76%      
client [82] (testset)   loss: 1.2213 -> 66.6617 accuracy: 67.44% -> 18.60%      
client [86] (testset)   loss: 2.4024 -> 12.5481 accuracy: 42.77% -> 7.96%       
client [51] (testset)   loss: 0.0138 -> 2.5938  accuracy: 100.00% -> 52.78%     
client [96] (testset)   loss: 2.9666 -> 12.7763 accuracy: 43.97% -> 24.35%      
client [42] (testset)   loss: 1.4643 -> 1.7025  accuracy: 50.00% -> 56.67%      
client [55] (testset)   loss: 2.4491 -> 399.6590    accuracy: 50.00% -> 0.00%   
client [13] (testset)   loss: 3.1116 -> 0.2548  accuracy: 35.56% -> 93.33%      
client [1]  (testset)   loss: 0.1217 -> 0.0942  accuracy: 94.12% -> 97.06%      
client [12] (testset)   loss: 0.5946 -> 2.1793  accuracy: 86.88% -> 86.88%      
---------------------------- TRAINING EPOCH: 360 ----------------------------   
client [68] (testset)   loss: 19.6924 -> 0.0080 accuracy: 0.00% -> 99.35%       
client [23] (testset)   loss: 9.5323 -> 0.2843  accuracy: 8.00% -> 94.67%       
client [46] (testset)   loss: 21.3220 -> 0.1747 accuracy: 0.00% -> 96.51%       
client [41] (testset)   loss: 13.7722 -> 5.1775 accuracy: 0.00% -> 33.80%       
client [25] (testset)   loss: 12.7283 -> 13.7067    accuracy: 4.76% -> 73.02%   
client [58] (testset)   loss: 0.8561 -> 3.0027  accuracy: 94.34% -> 50.00%      
client [14] (testset)   loss: 15.7162 -> 0.0029 accuracy: 1.39% -> 100.00%      
client [33] (testset)   loss: 15.6294 -> 30.0591    accuracy: 0.00% -> 0.00%    
client [85] (testset)   loss: 6.2102 -> 354.5497    accuracy: 0.00% -> 0.00%    
client [62] (testset)   loss: 16.4635 -> 53.9005    accuracy: 0.00% -> 0.00%    
---------------------------- TRAINING EPOCH: 370 ----------------------------   
client [98] (testset)   loss: 3.2385 -> 4.5107  accuracy: 47.47% -> 47.47%      
client [63] (testset)   loss: 15.2871 -> 13.6533    accuracy: 2.00% -> 2.00%    
client [70] (testset)   loss: 3.7296 -> 13.6594 accuracy: 38.89% -> 11.11%      
client [65] (testset)   loss: 1.7163 -> 30.4205 accuracy: 68.49% -> 0.00%       
client [14] (testset)   loss: 1.9501 -> 0.0052  accuracy: 59.72% -> 100.00%     
client [73] (testset)   loss: 3.1767 -> 0.1296  accuracy: 53.68% -> 93.68%      
client [34] (testset)   loss: 6.3570 -> 73.5352 accuracy: 29.63% -> 0.00%       
client [99] (testset)   loss: 7.2061 -> 4.0672  accuracy: 24.71% -> 65.49%      
client [69] (testset)   loss: 11.9597 -> 0.8006 accuracy: 23.40% -> 85.11%      
client [46] (testset)   loss: 3.3883 -> 0.6151  accuracy: 44.19% -> 86.05%      
---------------------------- TRAINING EPOCH: 380 ----------------------------   
client [99] (testset)   loss: 7.1899 -> 6.6183  accuracy: 29.41% -> 65.49%      
client [93] (testset)   loss: 1.0314 -> 4.3309  accuracy: 88.89% -> 88.89%      
client [11] (testset)   loss: 6.3057 -> 0.1620  accuracy: 32.38% -> 96.48%      
client [58] (testset)   loss: 13.2094 -> 2.3537 accuracy: 2.83% -> 56.60%       
client [81] (testset)   loss: 6.3923 -> 7.0497  accuracy: 19.91% -> 46.21%      
client [85] (testset)   loss: 5.9282 -> 65.5976 accuracy: 33.33% -> 0.00%       
client [89] (testset)   loss: 3.5183 -> 84.3634 accuracy: 50.00% -> 6.25%       
client [45] (testset)   loss: 7.5440 -> 12.5449 accuracy: 20.00% -> 22.00%      
client [8]  (testset)   loss: 3.1432 -> 316.2511    accuracy: 52.27% -> 22.73%  
client [68] (testset)   loss: 1.3993 -> 0.0147  accuracy: 65.58% -> 99.35%      
---------------------------- TRAINING EPOCH: 390 ----------------------------   
client [67] (testset)   loss: 20.7292 -> 0.4252 accuracy: 29.31% -> 86.40%      
client [72] (testset)   loss: 26.4417 -> 31.8423    accuracy: 26.47% -> 26.47%  
client [1]  (testset)   loss: 23.3361 -> 0.6680 accuracy: 0.00% -> 88.24%       
client [78] (testset)   loss: 21.4982 -> 3.3845 accuracy: 2.66% -> 70.10%       
client [83] (testset)   loss: 4.5919 -> 3.5993  accuracy: 85.00% -> 90.00%      
client [21] (testset)   loss: 31.0077 -> 0.0290 accuracy: 2.91% -> 98.94%       
client [56] (testset)   loss: 12.9977 -> 2.0912 accuracy: 45.90% -> 63.93%      
client [44] (testset)   loss: 9.8566 -> 44.0491 accuracy: 30.77% -> 0.00%       
client [92] (testset)   loss: 16.6854 -> 45.7327    accuracy: 63.64% -> 0.00%   
client [27] (testset)   loss: 35.3895 -> 1.4213 accuracy: 1.01% -> 82.77%       
---------------------------- TRAINING EPOCH: 400 ----------------------------   
client [10] (testset)   loss: 2.7092 -> 10.3686 accuracy: 50.72% -> 7.25%       
client [39] (testset)   loss: 1.7051 -> 130.9930    accuracy: 71.70% -> 18.87%  
client [65] (testset)   loss: 0.7671 -> 16.2939 accuracy: 68.49% -> 0.00%       
client [26] (testset)   loss: 2.8427 -> 5.6260  accuracy: 47.37% -> 49.47%      
client [19] (testset)   loss: 1.7893 -> 6.0656  accuracy: 66.07% -> 42.86%      
client [68] (testset)   loss: 0.8077 -> 0.0031  accuracy: 79.87% -> 100.00%     
client [41] (testset)   loss: 4.7645 -> 2.9777  accuracy: 26.76% -> 52.11%      
client [50] (testset)   loss: 5.1788 -> 0.1127  accuracy: 20.73% -> 96.34%      
client [75] (testset)   loss: 1.6953 -> 16.4663 accuracy: 57.20% -> 9.23%       
client [81] (testset)   loss: 2.3616 -> 7.9144  accuracy: 51.18% -> 44.79%      
Training... ━━━━━━━━━━━━━━━━━━━━━━━━━━━━━━━━━━━━━━━━ 100% 0:11:07
APFL's average time taken by each global epoch: 0 min 1.66 sec.                 
APFL's total running time: 0 h 11 m 7 s.                                        
==================== APFL Experiment Results: ====================              
Display format: (before local fine-tuning) -> (after local fine-tuning)         
 So if finetune_epoch = 0, x.xx% -> 0.00% is normal.                            
 Centralized testing ONLY happens after model aggregation, so the stats between 
'->' are the same.                                                              
{                                                                               
    "100": {                                                                    
        "all_clients": {                                                        
            "test": {                                                           
                "loss": "78.3630 -> 0.0000",                                    
                "accuracy": "18.10% -> 0.00%"                                   
            }                                                                   
        }                                                                       
    },                                                                          
    "200": {                                                                    
        "all_clients": {                                                        
            "test": {                                                           
                "loss": "99.5704 -> 0.0000",                                    
                "accuracy": "8.77% -> 0.00%"                                    
            }                                                                   
        }                                                                       
    },                                                                          
    "300": {                                                                    
        "all_clients": {                                                        
            "test": {                                                           
                "loss": "1.3378 -> 0.0000",                                     
                "accuracy": "68.97% -> 0.00%"                                   
            }                                                                   
        }                                                                       
    },                                                                          
    "400": {                                                                    
        "all_clients": {                                                        
            "test": {                                                           
                "loss": "2.3017 -> 0.0000",                                     
                "accuracy": "55.15% -> 0.00%"                                   
            }                                                                   
        }                                                                       
    }                                                                           
}                                                                               
==================== APFL Max Accuracy ====================                     
all_clients:                                                                    
(test) before fine-tuning: 68.97% at epoch 300                                  
(test) after fine-tuning: 0.00% at epoch 100                                    
