==================== FedAvg ====================                                
Experiment Arguments:                                                           
{
│   'method': 'fedavg',
│   'dataset': {
│   │   'name': 'mnist',
│   │   'client_num': 100,
│   │   'test_ratio': 0.25,
│   │   'val_ratio': 0.0,
│   │   'seed': 42,
│   │   'split': 'sample',
│   │   'IID_ratio': 0.0,
│   │   'monitor_window_name_suffix': 'mnist-100clients-0%IID-Dir(0.1)-seed42',
│   │   'alpha': 0.1,
│   │   'min_samples_per_client': 10
│   },
│   'model': {
│   │   'name': 'avgcnn',
│   │   'use_torchvision_pretrained_weights': True,
│   │   'external_model_weights_path': None
│   },
│   'optimizer': {
│   │   'lr': 0.01,
│   │   'dampening': 0,
│   │   'weight_decay': 0,
│   │   'momentum': 0,
│   │   'nesterov': False,
│   │   'name': 'sgd'
│   },
│   'mode': 'serial',
│   'parallel': {
│   │   'ray_cluster_addr': None,
│   │   'num_cpus': None,
│   │   'num_gpus': None,
│   │   'num_workers': 2
│   },
│   'common': {
│   │   'seed': 42,
│   │   'join_ratio': 0.1,
│   │   'global_epoch': 400,
│   │   'local_epoch': 5,
│   │   'batch_size': 32,
│   │   'reset_optimizer_on_global_epoch': True,
│   │   'straggler_ratio': 0,
│   │   'straggler_min_local_epoch': 0,
│   │   'buffers': 'global',
│   │   'client_side_evaluation': True,
│   │   'test': {
│   │   │   'client': {
│   │   │   │   'interval': 100,
│   │   │   │   'finetune_epoch': 0,
│   │   │   │   'train': False,
│   │   │   │   'val': False,
│   │   │   │   'test': True
│   │   │   },
│   │   │   'server': {
│   │   │   │   'interval': -1,
│   │   │   │   'train': False,
│   │   │   │   'val': False,
│   │   │   │   'test': False,
│   │   │   │   'model_in_train_mode': False
│   │   │   }
│   │   },
│   │   'verbose_gap': 10,
│   │   'monitor': None,
│   │   'use_cuda': True,
│   │   'save_log': True,
│   │   'save_model': False,
│   │   'save_learning_curve_plot': False,
│   │   'save_metrics': True,
│   │   'delete_useless_run': True
│   }
}
---------------------------- TRAINING EPOCH: 10 ----------------------------    
client [77] (testset)   loss: 0.5417 -> 0.1381  accuracy: 83.56% -> 95.89%      
client [81] (testset)   loss: 0.2448 -> 0.0375  accuracy: 93.83% -> 99.38%      
client [21] (testset)   loss: 0.2910 -> 0.1109  accuracy: 90.20% -> 96.08%      
client [68] (testset)   loss: 0.1553 -> 0.1131  accuracy: 96.61% -> 94.92%      
client [93] (testset)   loss: 0.3101 -> 0.0941  accuracy: 93.55% -> 96.77%      
client [31] (testset)   loss: 0.2033 -> 0.1272  accuracy: 85.71% -> 85.71%      
client [20] (testset)   loss: 0.5316 -> 0.2238  accuracy: 86.43% -> 94.57%      
client [59] (testset)   loss: 0.2135 -> 0.0745  accuracy: 87.50% -> 100.00%     
client [48] (testset)   loss: 0.4395 -> 0.0592  accuracy: 85.44% -> 98.06%      
client [34] (testset)   loss: 0.2732 -> 0.3587  accuracy: 94.44% -> 94.44%      
---------------------------- TRAINING EPOCH: 20 ----------------------------    
client [69] (testset)   loss: 0.0464 -> 0.0179  accuracy: 97.81% -> 99.45%      
client [99] (testset)   loss: 0.5214 -> 0.1311  accuracy: 80.95% -> 95.24%      
client [67] (testset)   loss: 0.5131 -> 0.0021  accuracy: 83.78% -> 100.00%     
client [0]  (testset)   loss: 0.2539 -> 0.0205  accuracy: 92.45% -> 100.00%     
client [76] (testset)   loss: 0.5128 -> 0.0522  accuracy: 81.82% -> 97.40%      
client [41] (testset)   loss: 0.2402 -> 0.0227  accuracy: 90.53% -> 98.95%      
client [62] (testset)   loss: 0.1236 -> 0.0331  accuracy: 97.24% -> 98.90%      
client [2]  (testset)   loss: 0.4258 -> 0.0181  accuracy: 86.12% -> 99.43%      
client [14] (testset)   loss: 0.2144 -> 0.0399  accuracy: 93.06% -> 97.92%      
client [46] (testset)   loss: 0.1968 -> 0.0710  accuracy: 94.37% -> 97.75%      
---------------------------- TRAINING EPOCH: 30 ----------------------------    
client [24] (testset)   loss: 0.1107 -> 0.0952  accuracy: 95.95% -> 95.95%      
client [68] (testset)   loss: 0.1197 -> 0.1031  accuracy: 96.61% -> 98.31%      
client [57] (testset)   loss: 0.1190 -> 0.0195  accuracy: 97.10% -> 99.03%      
client [17] (testset)   loss: 0.0689 -> 0.0307  accuracy: 97.28% -> 99.22%      
client [54] (testset)   loss: 0.1671 -> 0.8145  accuracy: 97.67% -> 79.07%      
client [23] (testset)   loss: 0.1063 -> 0.0053  accuracy: 94.29% -> 100.00%     
client [35] (testset)   loss: 0.1531 -> 0.0307  accuracy: 95.10% -> 98.04%      
client [59] (testset)   loss: 0.0171 -> 0.0163  accuracy: 100.00% -> 100.00%    
client [31] (testset)   loss: 0.4585 -> 0.2597  accuracy: 85.71% -> 85.71%      
client [9]  (testset)   loss: 0.1360 -> 0.0445  accuracy: 95.28% -> 98.37%      
---------------------------- TRAINING EPOCH: 40 ----------------------------    
client [64] (testset)   loss: 0.0638 -> 0.0199  accuracy: 98.06% -> 99.44%      
client [33] (testset)   loss: 0.1203 -> 0.0555  accuracy: 96.74% -> 99.18%      
client [16] (testset)   loss: 0.1813 -> 0.0056  accuracy: 95.71% -> 100.00%     
client [44] (testset)   loss: 0.1785 -> 0.0786  accuracy: 95.22% -> 98.51%      
client [8]  (testset)   loss: 0.1940 -> 0.0026  accuracy: 95.24% -> 100.00%     
client [31] (testset)   loss: 0.7953 -> 0.3330  accuracy: 85.71% -> 85.71%      
client [47] (testset)   loss: 0.2105 -> 0.0039  accuracy: 93.18% -> 100.00%     
client [36] (testset)   loss: 0.1642 -> 0.0395  accuracy: 95.94% -> 98.98%      
client [20] (testset)   loss: 0.2580 -> 0.0940  accuracy: 93.67% -> 96.38%      
client [56] (testset)   loss: 0.0579 -> 0.0227  accuracy: 97.85% -> 98.92%      
---------------------------- TRAINING EPOCH: 50 ----------------------------    
client [4]  (testset)   loss: 0.0751 -> 0.0075  accuracy: 98.53% -> 100.00%     
client [60] (testset)   loss: 0.2430 -> 0.0590  accuracy: 92.00% -> 97.00%      
client [28] (testset)   loss: 0.0131 -> 0.0008  accuracy: 100.00% -> 100.00%    
client [25] (testset)   loss: 0.1196 -> 0.0019  accuracy: 94.25% -> 100.00%     
client [58] (testset)   loss: 0.0955 -> 0.0398  accuracy: 96.45% -> 97.87%      
client [44] (testset)   loss: 0.1622 -> 0.0445  accuracy: 95.22% -> 98.51%      
client [39] (testset)   loss: 0.0379 -> 0.0076  accuracy: 99.02% -> 99.75%      
client [29] (testset)   loss: 0.0676 -> 0.0344  accuracy: 97.79% -> 99.26%      
client [3]  (testset)   loss: 0.2254 -> 0.0339  accuracy: 93.29% -> 98.95%      
client [84] (testset)   loss: 0.0590 -> 0.0048  accuracy: 100.00% -> 100.00%    
---------------------------- TRAINING EPOCH: 60 ----------------------------    
client [21] (testset)   loss: 0.1480 -> 0.0179  accuracy: 93.14% -> 100.00%     
client [84] (testset)   loss: 0.0188 -> 0.0033  accuracy: 100.00% -> 100.00%    
client [10] (testset)   loss: 0.0268 -> 0.0006  accuracy: 98.02% -> 100.00%     
client [36] (testset)   loss: 0.0602 -> 0.0843  accuracy: 96.95% -> 97.97%      
client [65] (testset)   loss: 0.1182 -> 0.0279  accuracy: 97.48% -> 99.16%      
client [81] (testset)   loss: 0.0778 -> 0.0173  accuracy: 98.77% -> 99.38%      
client [79] (testset)   loss: 0.0243 -> 0.0062  accuracy: 100.00% -> 100.00%    
client [42] (testset)   loss: 0.1457 -> 0.1251  accuracy: 97.81% -> 98.36%      
client [11] (testset)   loss: 0.0003 -> 0.0006  accuracy: 100.00% -> 100.00%    
client [96] (testset)   loss: 0.0737 -> 0.0161  accuracy: 97.06% -> 99.02%      
---------------------------- TRAINING EPOCH: 70 ----------------------------    
client [8]  (testset)   loss: 0.1077 -> 0.0261  accuracy: 95.24% -> 97.62%      
client [53] (testset)   loss: 0.0329 -> 0.0257  accuracy: 100.00% -> 100.00%    
client [52] (testset)   loss: 0.1330 -> 0.0003  accuracy: 96.05% -> 100.00%     
client [42] (testset)   loss: 0.1563 -> 0.1526  accuracy: 95.63% -> 96.72%      
client [69] (testset)   loss: 0.0562 -> 0.0128  accuracy: 97.45% -> 99.45%      
client [59] (testset)   loss: 0.0062 -> 0.0082  accuracy: 100.00% -> 100.00%    
client [7]  (testset)   loss: 0.0934 -> 0.0022  accuracy: 100.00% -> 100.00%    
client [26] (testset)   loss: 0.0799 -> 0.1013  accuracy: 95.83% -> 95.83%      
client [49] (testset)   loss: 0.0150 -> 0.0006  accuracy: 99.55% -> 100.00%     
client [98] (testset)   loss: 0.1336 -> 0.0171  accuracy: 91.18% -> 100.00%     
---------------------------- TRAINING EPOCH: 80 ----------------------------    
client [98] (testset)   loss: 0.0226 -> 0.0082  accuracy: 100.00% -> 100.00%    
client [47] (testset)   loss: 0.1002 -> 0.0037  accuracy: 97.73% -> 100.00%     
client [21] (testset)   loss: 0.0424 -> 0.0176  accuracy: 99.02% -> 99.02%      
client [77] (testset)   loss: 0.0851 -> 0.0393  accuracy: 97.26% -> 97.95%      
client [95] (testset)   loss: 0.0471 -> 0.0022  accuracy: 98.92% -> 100.00%     
client [91] (testset)   loss: 0.0655 -> 0.0173  accuracy: 98.35% -> 99.34%      
client [14] (testset)   loss: 0.0757 -> 0.0237  accuracy: 96.53% -> 98.61%      
client [99] (testset)   loss: 0.2140 -> 0.0260  accuracy: 95.24% -> 100.00%     
client [20] (testset)   loss: 0.1293 -> 0.0705  accuracy: 95.93% -> 97.74%      
client [39] (testset)   loss: 0.0446 -> 0.0045  accuracy: 98.77% -> 100.00%     
---------------------------- TRAINING EPOCH: 90 ----------------------------    
client [52] (testset)   loss: 0.0361 -> 0.0001  accuracy: 98.68% -> 100.00%     
client [62] (testset)   loss: 0.0110 -> 0.0007  accuracy: 99.45% -> 100.00%     
client [71] (testset)   loss: 0.0069 -> 0.0037  accuracy: 99.77% -> 100.00%     
client [97] (testset)   loss: 0.0328 -> 0.0032  accuracy: 99.00% -> 100.00%     
client [30] (testset)   loss: 0.0057 -> 0.0722  accuracy: 100.00% -> 97.50%     
client [88] (testset)   loss: 0.2708 -> 0.0515  accuracy: 94.12% -> 98.53%      
client [60] (testset)   loss: 0.2529 -> 0.0527  accuracy: 90.00% -> 98.00%      
client [82] (testset)   loss: 0.0519 -> 0.0793  accuracy: 95.77% -> 97.18%      
client [91] (testset)   loss: 0.0323 -> 0.0148  accuracy: 99.17% -> 99.67%      
client [57] (testset)   loss: 0.0177 -> 0.0035  accuracy: 99.52% -> 100.00%     
---------------------------- TRAINING EPOCH: 100 ----------------------------   
client [31] (testset)   loss: 0.2421 -> 0.0424  accuracy: 85.71% -> 100.00%     
client [15] (testset)   loss: 0.2882 -> 0.0615  accuracy: 93.58% -> 99.08%      
client [71] (testset)   loss: 0.0145 -> 0.0031  accuracy: 100.00% -> 100.00%    
client [97] (testset)   loss: 0.0275 -> 0.0035  accuracy: 99.00% -> 100.00%     
client [53] (testset)   loss: 0.0438 -> 0.0163  accuracy: 96.00% -> 100.00%     
client [77] (testset)   loss: 0.1358 -> 0.0373  accuracy: 96.58% -> 97.95%      
client [76] (testset)   loss: 0.0101 -> 0.0319  accuracy: 100.00% -> 98.70%     
client [79] (testset)   loss: 0.0461 -> 0.0029  accuracy: 96.92% -> 100.00%     
client [28] (testset)   loss: 0.0054 -> 0.0002  accuracy: 100.00% -> 100.00%    
client [99] (testset)   loss: 0.3314 -> 0.0447  accuracy: 90.48% -> 95.24%      
---------------------------- TRAINING EPOCH: 110 ----------------------------   
client [97] (testset)   loss: 0.0469 -> 0.0025  accuracy: 98.33% -> 100.00%     
client [86] (testset)   loss: 0.1329 -> 0.0038  accuracy: 94.25% -> 100.00%     
client [34] (testset)   loss: 0.1996 -> 0.3131  accuracy: 94.44% -> 94.44%      
client [73] (testset)   loss: 0.0297 -> 0.0746  accuracy: 97.06% -> 97.06%      
client [5]  (testset)   loss: 0.0644 -> 0.0313  accuracy: 97.24% -> 98.62%      
client [96] (testset)   loss: 0.1117 -> 0.0048  accuracy: 95.10% -> 100.00%     
client [22] (testset)   loss: 0.0700 -> 0.0041  accuracy: 95.74% -> 100.00%     
client [60] (testset)   loss: 0.2584 -> 0.0737  accuracy: 91.00% -> 98.00%      
client [66] (testset)   loss: 0.0461 -> 0.0119  accuracy: 98.23% -> 99.12%      
client [83] (testset)   loss: 0.0962 -> 0.0815  accuracy: 97.86% -> 97.51%      
---------------------------- TRAINING EPOCH: 120 ----------------------------   
client [76] (testset)   loss: 0.0776 -> 0.0486  accuracy: 97.40% -> 98.70%      
client [65] (testset)   loss: 0.1079 -> 0.0480  accuracy: 98.32% -> 98.74%      
client [95] (testset)   loss: 0.0154 -> 0.0024  accuracy: 99.64% -> 100.00%     
client [17] (testset)   loss: 0.0228 -> 0.0228  accuracy: 98.83% -> 99.22%      
client [8]  (testset)   loss: 0.2626 -> 0.0489  accuracy: 95.24% -> 97.62%      
client [35] (testset)   loss: 0.1152 -> 0.0106  accuracy: 95.10% -> 100.00%     
client [98] (testset)   loss: 0.0948 -> 0.0131  accuracy: 94.12% -> 100.00%     
client [53] (testset)   loss: 0.0754 -> 0.0224  accuracy: 96.00% -> 100.00%     
client [43] (testset)   loss: 0.1230 -> 0.0670  accuracy: 96.79% -> 97.86%      
client [64] (testset)   loss: 0.0347 -> 0.0169  accuracy: 98.89% -> 99.72%      
---------------------------- TRAINING EPOCH: 130 ----------------------------   
client [21] (testset)   loss: 0.0396 -> 0.0101  accuracy: 98.04% -> 100.00%     
client [88] (testset)   loss: 0.1427 -> 0.0272  accuracy: 97.06% -> 98.53%      
client [38] (testset)   loss: 0.0573 -> 0.0090  accuracy: 98.25% -> 100.00%     
client [3]  (testset)   loss: 0.1076 -> 0.0216  accuracy: 96.44% -> 99.16%      
client [5]  (testset)   loss: 0.0705 -> 0.0224  accuracy: 97.93% -> 98.62%      
client [41] (testset)   loss: 0.0278 -> 0.0036  accuracy: 98.95% -> 100.00%     
client [7]  (testset)   loss: 0.1292 -> 0.0060  accuracy: 100.00% -> 100.00%    
client [37] (testset)   loss: 0.1144 -> 0.1011  accuracy: 96.10% -> 96.97%      
client [45] (testset)   loss: 0.0383 -> 0.0289  accuracy: 98.47% -> 99.39%      
client [47] (testset)   loss: 0.0788 -> 0.0017  accuracy: 96.59% -> 100.00%     
---------------------------- TRAINING EPOCH: 140 ----------------------------   
client [16] (testset)   loss: 0.0569 -> 0.0008  accuracy: 97.14% -> 100.00%     
client [11] (testset)   loss: 0.0000 -> 0.0000  accuracy: 100.00% -> 100.00%    
client [37] (testset)   loss: 0.1209 -> 0.1049  accuracy: 96.54% -> 97.40%      
client [41] (testset)   loss: 0.0291 -> 0.0033  accuracy: 98.95% -> 100.00%     
client [95] (testset)   loss: 0.0457 -> 0.0017  accuracy: 98.19% -> 100.00%     
client [53] (testset)   loss: 0.0933 -> 0.0387  accuracy: 96.00% -> 100.00%     
client [22] (testset)   loss: 0.0623 -> 0.0028  accuracy: 97.87% -> 100.00%     
client [25] (testset)   loss: 0.0755 -> 0.0008  accuracy: 96.55% -> 100.00%     
client [69] (testset)   loss: 0.0744 -> 0.0104  accuracy: 97.45% -> 99.45%      
client [46] (testset)   loss: 0.0242 -> 0.0286  accuracy: 99.32% -> 99.32%      
---------------------------- TRAINING EPOCH: 150 ----------------------------   
client [47] (testset)   loss: 0.0730 -> 0.0023  accuracy: 96.59% -> 100.00%     
client [69] (testset)   loss: 0.0914 -> 0.0117  accuracy: 96.72% -> 99.45%      
client [82] (testset)   loss: 0.0549 -> 0.0458  accuracy: 97.18% -> 97.18%      
client [45] (testset)   loss: 0.0683 -> 0.0228  accuracy: 97.24% -> 99.39%      
client [7]  (testset)   loss: 0.1491 -> 0.0169  accuracy: 87.50% -> 100.00%     
client [50] (testset)   loss: 0.0840 -> 0.0157  accuracy: 95.90% -> 100.00%     
client [35] (testset)   loss: 0.1133 -> 0.0275  accuracy: 97.06% -> 99.02%      
client [24] (testset)   loss: 0.0600 -> 0.0805  accuracy: 98.65% -> 97.30%      
client [15] (testset)   loss: 0.1631 -> 0.0671  accuracy: 96.33% -> 99.08%      
client [58] (testset)   loss: 0.0908 -> 0.0272  accuracy: 96.45% -> 98.58%      
---------------------------- TRAINING EPOCH: 160 ----------------------------   
client [48] (testset)   loss: 0.0215 -> 0.0013  accuracy: 99.03% -> 100.00%     
client [76] (testset)   loss: 0.0452 -> 0.0620  accuracy: 98.70% -> 98.70%      
client [67] (testset)   loss: 0.0479 -> 0.0000  accuracy: 97.30% -> 100.00%     
client [37] (testset)   loss: 0.1317 -> 0.0962  accuracy: 96.10% -> 96.97%      
client [58] (testset)   loss: 0.0981 -> 0.0320  accuracy: 96.45% -> 98.58%      
client [64] (testset)   loss: 0.0621 -> 0.0198  accuracy: 97.50% -> 99.72%      
client [77] (testset)   loss: 0.0938 -> 0.0341  accuracy: 96.58% -> 98.63%      
client [55] (testset)   loss: 0.0287 -> 0.0117  accuracy: 99.23% -> 99.74%      
client [12] (testset)   loss: 0.0902 -> 0.0178  accuracy: 96.04% -> 99.50%      
client [89] (testset)   loss: 0.0251 -> 0.0048  accuracy: 100.00% -> 100.00%    
---------------------------- TRAINING EPOCH: 170 ----------------------------   
client [84] (testset)   loss: 0.0010 -> 0.0005  accuracy: 100.00% -> 100.00%    
client [51] (testset)   loss: 0.0127 -> 0.0037  accuracy: 100.00% -> 100.00%    
client [8]  (testset)   loss: 0.5587 -> 0.0509  accuracy: 85.71% -> 97.62%      
client [18] (testset)   loss: 0.0419 -> 0.0262  accuracy: 98.97% -> 98.97%      
client [94] (testset)   loss: 0.0038 -> 0.0000  accuracy: 100.00% -> 100.00%    
client [81] (testset)   loss: 0.0655 -> 0.0289  accuracy: 98.77% -> 99.38%      
client [3]  (testset)   loss: 0.0837 -> 0.0131  accuracy: 95.39% -> 99.58%      
client [11] (testset)   loss: 0.0000 -> 0.0000  accuracy: 100.00% -> 100.00%    
client [95] (testset)   loss: 0.0394 -> 0.0021  accuracy: 98.92% -> 100.00%     
client [67] (testset)   loss: 0.0298 -> 0.0000  accuracy: 97.30% -> 100.00%     
---------------------------- TRAINING EPOCH: 180 ----------------------------   
client [21] (testset)   loss: 0.0202 -> 0.0120  accuracy: 99.02% -> 99.02%      
client [79] (testset)   loss: 0.0207 -> 0.0005  accuracy: 98.46% -> 100.00%     
client [58] (testset)   loss: 0.0482 -> 0.0342  accuracy: 98.58% -> 98.58%      
client [88] (testset)   loss: 0.1299 -> 0.0184  accuracy: 97.06% -> 98.53%      
client [46] (testset)   loss: 0.0437 -> 0.0304  accuracy: 98.42% -> 99.32%      
client [11] (testset)   loss: 0.0001 -> 0.0000  accuracy: 100.00% -> 100.00%    
client [55] (testset)   loss: 0.0960 -> 0.0130  accuracy: 96.94% -> 99.49%      
client [13] (testset)   loss: 0.1951 -> 0.0274  accuracy: 91.67% -> 100.00%     
client [31] (testset)   loss: 0.0293 -> 0.0020  accuracy: 100.00% -> 100.00%    
client [75] (testset)   loss: 0.1960 -> 0.0218  accuracy: 92.88% -> 99.38%      
---------------------------- TRAINING EPOCH: 190 ----------------------------   
client [19] (testset)   loss: 0.1053 -> 0.0401  accuracy: 96.30% -> 98.15%      
client [7]  (testset)   loss: 0.0176 -> 0.0013  accuracy: 100.00% -> 100.00%    
client [57] (testset)   loss: 0.0099 -> 0.0021  accuracy: 99.52% -> 100.00%     
client [13] (testset)   loss: 0.0354 -> 0.0054  accuracy: 100.00% -> 100.00%    
client [43] (testset)   loss: 0.1142 -> 0.0558  accuracy: 97.86% -> 99.47%      
client [91] (testset)   loss: 0.0462 -> 0.0152  accuracy: 98.51% -> 99.67%      
client [10] (testset)   loss: 0.0063 -> 0.0007  accuracy: 100.00% -> 100.00%    
client [64] (testset)   loss: 0.0245 -> 0.0161  accuracy: 99.17% -> 99.72%      
client [82] (testset)   loss: 0.0160 -> 0.0253  accuracy: 100.00% -> 100.00%    
client [22] (testset)   loss: 0.0172 -> 0.0030  accuracy: 100.00% -> 100.00%    
---------------------------- TRAINING EPOCH: 200 ----------------------------   
client [20] (testset)   loss: 0.0954 -> 0.0621  accuracy: 96.83% -> 98.19%      
client [23] (testset)   loss: 0.0011 -> 0.0005  accuracy: 100.00% -> 100.00%    
client [88] (testset)   loss: 0.1575 -> 0.0404  accuracy: 97.06% -> 98.53%      
client [98] (testset)   loss: 0.0223 -> 0.0116  accuracy: 100.00% -> 100.00%    
client [79] (testset)   loss: 0.0078 -> 0.0008  accuracy: 100.00% -> 100.00%    
client [21] (testset)   loss: 0.0134 -> 0.0064  accuracy: 100.00% -> 100.00%    
client [92] (testset)   loss: 0.0002 -> 0.0000  accuracy: 100.00% -> 100.00%    
client [56] (testset)   loss: 0.0315 -> 0.0009  accuracy: 98.92% -> 100.00%     
client [5]  (testset)   loss: 0.0382 -> 0.0227  accuracy: 97.24% -> 98.62%      
client [52] (testset)   loss: 0.0282 -> 0.0000  accuracy: 98.68% -> 100.00%     
---------------------------- TRAINING EPOCH: 210 ----------------------------   
client [67] (testset)   loss: 0.0003 -> 0.0000  accuracy: 100.00% -> 100.00%    
client [54] (testset)   loss: 0.0140 -> 0.0217  accuracy: 100.00% -> 97.67%     
client [14] (testset)   loss: 0.0311 -> 0.0277  accuracy: 98.61% -> 98.61%      
client [99] (testset)   loss: 0.1748 -> 0.0177  accuracy: 90.48% -> 100.00%     
client [36] (testset)   loss: 0.0973 -> 0.0251  accuracy: 97.46% -> 98.98%      
client [30] (testset)   loss: 0.0087 -> 0.0459  accuracy: 100.00% -> 97.50%     
client [38] (testset)   loss: 0.0762 -> 0.0121  accuracy: 98.25% -> 100.00%     
client [15] (testset)   loss: 0.1921 -> 0.0748  accuracy: 94.50% -> 99.08%      
client [6]  (testset)   loss: 0.0811 -> 0.0106  accuracy: 97.40% -> 99.74%      
client [53] (testset)   loss: 0.0515 -> 0.0221  accuracy: 96.00% -> 100.00%     
---------------------------- TRAINING EPOCH: 220 ----------------------------   
client [99] (testset)   loss: 0.1062 -> 0.0260  accuracy: 95.24% -> 100.00%     
client [6]  (testset)   loss: 0.0428 -> 0.0147  accuracy: 98.44% -> 98.96%      
client [83] (testset)   loss: 0.0788 -> 0.0704  accuracy: 97.15% -> 97.51%      
client [42] (testset)   loss: 0.1393 -> 0.1129  accuracy: 97.81% -> 98.36%      
client [34] (testset)   loss: 0.1181 -> 0.1981  accuracy: 94.44% -> 94.44%      
client [15] (testset)   loss: 0.1320 -> 0.0821  accuracy: 96.33% -> 99.08%      
client [47] (testset)   loss: 0.0929 -> 0.0041  accuracy: 97.73% -> 100.00%     
client [55] (testset)   loss: 0.0293 -> 0.0136  accuracy: 99.23% -> 99.74%      
client [51] (testset)   loss: 0.0008 -> 0.0002  accuracy: 100.00% -> 100.00%    
client [95] (testset)   loss: 0.0417 -> 0.0021  accuracy: 98.56% -> 100.00%     
---------------------------- TRAINING EPOCH: 230 ----------------------------   
client [71] (testset)   loss: 0.0185 -> 0.0027  accuracy: 99.07% -> 100.00%     
client [15] (testset)   loss: 0.1445 -> 0.0651  accuracy: 97.25% -> 99.08%      
client [33] (testset)   loss: 0.1042 -> 0.0542  accuracy: 97.55% -> 99.67%      
client [99] (testset)   loss: 0.1333 -> 0.0202  accuracy: 90.48% -> 100.00%     
client [90] (testset)   loss: 0.0494 -> 0.0370  accuracy: 97.45% -> 98.54%      
client [57] (testset)   loss: 0.0198 -> 0.0010  accuracy: 99.52% -> 100.00%     
client [27] (testset)   loss: 0.0240 -> 0.0077  accuracy: 98.93% -> 99.47%      
client [78] (testset)   loss: 0.0409 -> 0.0252  accuracy: 98.73% -> 99.36%      
client [36] (testset)   loss: 0.1159 -> 0.0353  accuracy: 95.94% -> 98.48%      
client [88] (testset)   loss: 0.2691 -> 0.0125  accuracy: 94.12% -> 100.00%     
---------------------------- TRAINING EPOCH: 240 ----------------------------   
client [70] (testset)   loss: 0.0580 -> 0.0199  accuracy: 98.17% -> 99.27%      
client [35] (testset)   loss: 0.1117 -> 0.0103  accuracy: 96.08% -> 100.00%     
client [16] (testset)   loss: 0.0010 -> 0.0001  accuracy: 100.00% -> 100.00%    
client [80] (testset)   loss: 0.0007 -> 0.0002  accuracy: 100.00% -> 100.00%    
client [38] (testset)   loss: 0.0800 -> 0.0184  accuracy: 98.25% -> 98.25%      
client [78] (testset)   loss: 0.0900 -> 0.0233  accuracy: 97.45% -> 99.36%      
client [68] (testset)   loss: 0.0238 -> 0.0151  accuracy: 98.31% -> 98.31%      
client [11] (testset)   loss: 0.0000 -> 0.0000  accuracy: 100.00% -> 100.00%    
client [64] (testset)   loss: 0.0197 -> 0.0177  accuracy: 99.17% -> 99.72%      
client [82] (testset)   loss: 0.0088 -> 0.0201  accuracy: 100.00% -> 98.59%     
---------------------------- TRAINING EPOCH: 250 ----------------------------   
client [30] (testset)   loss: 0.0009 -> 0.0470  accuracy: 100.00% -> 97.50%     
client [27] (testset)   loss: 0.0203 -> 0.0041  accuracy: 98.93% -> 100.00%     
client [74] (testset)   loss: 0.1324 -> 0.1169  accuracy: 97.85% -> 98.46%      
client [45] (testset)   loss: 0.0386 -> 0.0246  accuracy: 99.08% -> 99.69%      
client [6]  (testset)   loss: 0.0386 -> 0.0110  accuracy: 98.70% -> 99.48%      
client [36] (testset)   loss: 0.1180 -> 0.0345  accuracy: 97.46% -> 98.48%      
client [63] (testset)   loss: 0.0536 -> 0.0148  accuracy: 98.54% -> 99.27%      
client [76] (testset)   loss: 0.0096 -> 0.0554  accuracy: 100.00% -> 98.70%     
client [83] (testset)   loss: 0.1077 -> 0.0769  accuracy: 97.86% -> 97.86%      
client [86] (testset)   loss: 0.1857 -> 0.0011  accuracy: 94.25% -> 100.00%     
---------------------------- TRAINING EPOCH: 260 ----------------------------   
client [83] (testset)   loss: 0.0895 -> 0.0778  accuracy: 97.51% -> 97.51%      
client [99] (testset)   loss: 0.1044 -> 0.0110  accuracy: 95.24% -> 100.00%     
client [74] (testset)   loss: 0.0870 -> 0.1177  accuracy: 98.77% -> 98.46%      
client [73] (testset)   loss: 0.0564 -> 0.1095  accuracy: 97.06% -> 94.12%      
client [29] (testset)   loss: 0.1109 -> 0.0308  accuracy: 95.94% -> 99.26%      
client [92] (testset)   loss: 0.0004 -> 0.0000  accuracy: 100.00% -> 100.00%    
client [6]  (testset)   loss: 0.0957 -> 0.0112  accuracy: 97.40% -> 99.22%      
client [61] (testset)   loss: 0.0286 -> 0.0007  accuracy: 99.12% -> 100.00%     
client [21] (testset)   loss: 0.0079 -> 0.0044  accuracy: 100.00% -> 100.00%    
client [67] (testset)   loss: 0.0003 -> 0.0000  accuracy: 100.00% -> 100.00%    
---------------------------- TRAINING EPOCH: 270 ----------------------------   
client [83] (testset)   loss: 0.1191 -> 0.0745  accuracy: 96.80% -> 97.51%      
client [32] (testset)   loss: 0.1512 -> 0.0575  accuracy: 95.24% -> 99.21%      
client [95] (testset)   loss: 0.0456 -> 0.0038  accuracy: 98.92% -> 99.64%      
client [61] (testset)   loss: 0.0389 -> 0.0009  accuracy: 99.12% -> 100.00%     
client [27] (testset)   loss: 0.0466 -> 0.0055  accuracy: 98.93% -> 100.00%     
client [25] (testset)   loss: 0.0430 -> 0.0000  accuracy: 97.70% -> 100.00%     
client [68] (testset)   loss: 0.0445 -> 0.0130  accuracy: 98.31% -> 98.31%      
client [34] (testset)   loss: 0.1423 -> 0.3014  accuracy: 94.44% -> 94.44%      
client [71] (testset)   loss: 0.0164 -> 0.0025  accuracy: 99.54% -> 100.00%     
client [89] (testset)   loss: 0.0103 -> 0.0024  accuracy: 100.00% -> 100.00%    
---------------------------- TRAINING EPOCH: 280 ----------------------------   
client [78] (testset)   loss: 0.1226 -> 0.0320  accuracy: 95.54% -> 99.36%      
client [81] (testset)   loss: 0.0561 -> 0.0231  accuracy: 99.38% -> 99.38%      
client [51] (testset)   loss: 0.0041 -> 0.0001  accuracy: 100.00% -> 100.00%    
client [54] (testset)   loss: 0.0033 -> 0.0047  accuracy: 100.00% -> 100.00%    
client [65] (testset)   loss: 0.1081 -> 0.0376  accuracy: 98.32% -> 98.74%      
client [41] (testset)   loss: 0.0833 -> 0.0026  accuracy: 96.84% -> 100.00%     
client [11] (testset)   loss: 0.0000 -> 0.0001  accuracy: 100.00% -> 100.00%    
client [85] (testset)   loss: 0.1335 -> 0.0367  accuracy: 95.85% -> 98.45%      
client [12] (testset)   loss: 0.0825 -> 0.0141  accuracy: 97.52% -> 99.50%      
client [23] (testset)   loss: 0.0093 -> 0.0008  accuracy: 100.00% -> 100.00%    
---------------------------- TRAINING EPOCH: 290 ----------------------------   
client [16] (testset)   loss: 0.0498 -> 0.0001  accuracy: 98.57% -> 100.00%     
client [65] (testset)   loss: 0.0690 -> 0.0375  accuracy: 98.74% -> 98.74%      
client [53] (testset)   loss: 0.0586 -> 0.0022  accuracy: 96.00% -> 100.00%     
client [58] (testset)   loss: 0.0729 -> 0.0250  accuracy: 98.58% -> 99.29%      
client [72] (testset)   loss: 0.0346 -> 0.0016  accuracy: 98.18% -> 100.00%     
client [7]  (testset)   loss: 0.0562 -> 0.0055  accuracy: 100.00% -> 100.00%    
client [71] (testset)   loss: 0.0206 -> 0.0037  accuracy: 99.30% -> 100.00%     
client [59] (testset)   loss: 0.0007 -> 0.0009  accuracy: 100.00% -> 100.00%    
client [86] (testset)   loss: 0.1140 -> 0.0013  accuracy: 96.71% -> 100.00%     
client [39] (testset)   loss: 0.0124 -> 0.0012  accuracy: 99.75% -> 100.00%     
---------------------------- TRAINING EPOCH: 300 ----------------------------   
client [99] (testset)   loss: 0.0947 -> 0.0193  accuracy: 95.24% -> 100.00%     
client [7]  (testset)   loss: 0.0178 -> 0.0006  accuracy: 100.00% -> 100.00%    
client [17] (testset)   loss: 0.0085 -> 0.0071  accuracy: 99.61% -> 99.61%      
client [64] (testset)   loss: 0.0551 -> 0.0200  accuracy: 98.33% -> 99.72%      
client [37] (testset)   loss: 0.1080 -> 0.0833  accuracy: 96.97% -> 96.97%      
client [29] (testset)   loss: 0.0608 -> 0.0289  accuracy: 97.79% -> 99.26%      
client [93] (testset)   loss: 0.0193 -> 0.0033  accuracy: 100.00% -> 100.00%    
client [73] (testset)   loss: 0.0060 -> 0.1111  accuracy: 100.00% -> 91.18%     
client [40] (testset)   loss: 0.0037 -> 0.0003  accuracy: 100.00% -> 100.00%    
client [76] (testset)   loss: 0.0419 -> 0.0437  accuracy: 98.70% -> 98.70%      
---------------------------- TRAINING EPOCH: 310 ----------------------------   
client [31] (testset)   loss: 0.1388 -> 0.2019  accuracy: 85.71% -> 85.71%      
client [89] (testset)   loss: 0.0049 -> 0.0018  accuracy: 100.00% -> 100.00%    
client [77] (testset)   loss: 0.0867 -> 0.0290  accuracy: 97.26% -> 98.63%      
client [90] (testset)   loss: 0.0755 -> 0.0396  accuracy: 97.81% -> 98.91%      
client [26] (testset)   loss: 0.0766 -> 0.0857  accuracy: 95.83% -> 95.83%      
client [50] (testset)   loss: 0.0051 -> 0.0068  accuracy: 100.00% -> 100.00%    
client [30] (testset)   loss: 0.0050 -> 0.0061  accuracy: 100.00% -> 100.00%    
client [70] (testset)   loss: 0.0411 -> 0.0133  accuracy: 98.72% -> 99.27%      
client [41] (testset)   loss: 0.0543 -> 0.0025  accuracy: 97.89% -> 100.00%     
client [99] (testset)   loss: 0.0516 -> 0.0315  accuracy: 100.00% -> 100.00%    
---------------------------- TRAINING EPOCH: 320 ----------------------------   
client [68] (testset)   loss: 0.0098 -> 0.0219  accuracy: 100.00% -> 98.31%     
client [70] (testset)   loss: 0.0514 -> 0.0147  accuracy: 97.98% -> 99.45%      
client [52] (testset)   loss: 0.0673 -> 0.0000  accuracy: 97.37% -> 100.00%     
client [1]  (testset)   loss: 0.0800 -> 0.0377  accuracy: 98.33% -> 98.33%      
client [2]  (testset)   loss: 0.0310 -> 0.0095  accuracy: 99.24% -> 99.24%      
client [67] (testset)   loss: 0.0001 -> 0.0000  accuracy: 100.00% -> 100.00%    
client [92] (testset)   loss: 0.0000 -> 0.0000  accuracy: 100.00% -> 100.00%    
client [35] (testset)   loss: 0.2170 -> 0.0147  accuracy: 93.14% -> 99.02%      
client [36] (testset)   loss: 0.0919 -> 0.0295  accuracy: 98.48% -> 98.48%      
client [64] (testset)   loss: 0.0380 -> 0.0176  accuracy: 98.61% -> 99.72%      
---------------------------- TRAINING EPOCH: 330 ----------------------------   
client [44] (testset)   loss: 0.0584 -> 0.0232  accuracy: 98.51% -> 99.10%      
client [6]  (testset)   loss: 0.0468 -> 0.0091  accuracy: 98.18% -> 99.74%      
client [12] (testset)   loss: 0.0449 -> 0.0203  accuracy: 98.51% -> 99.50%      
client [55] (testset)   loss: 0.0213 -> 0.0110  accuracy: 99.49% -> 99.74%      
client [29] (testset)   loss: 0.1186 -> 0.0292  accuracy: 94.83% -> 99.26%      
client [9]  (testset)   loss: 0.0738 -> 0.0265  accuracy: 97.88% -> 98.86%      
client [43] (testset)   loss: 0.1275 -> 0.1051  accuracy: 97.86% -> 97.86%      
client [77] (testset)   loss: 0.0736 -> 0.0261  accuracy: 97.26% -> 99.32%      
client [98] (testset)   loss: 0.0751 -> 0.0088  accuracy: 94.12% -> 100.00%     
client [78] (testset)   loss: 0.1051 -> 0.0241  accuracy: 97.45% -> 99.36%      
---------------------------- TRAINING EPOCH: 340 ----------------------------   
client [92] (testset)   loss: 0.0000 -> 0.0000  accuracy: 100.00% -> 100.00%    
client [80] (testset)   loss: 0.0020 -> 0.0002  accuracy: 100.00% -> 100.00%    
client [63] (testset)   loss: 0.0298 -> 0.0083  accuracy: 98.54% -> 100.00%     
client [76] (testset)   loss: 0.0025 -> 0.0386  accuracy: 100.00% -> 98.70%     
client [78] (testset)   loss: 0.0615 -> 0.0304  accuracy: 98.09% -> 99.36%      
client [25] (testset)   loss: 0.0059 -> 0.0001  accuracy: 100.00% -> 100.00%    
client [58] (testset)   loss: 0.0561 -> 0.0188  accuracy: 98.58% -> 99.29%      
client [13] (testset)   loss: 0.0181 -> 0.2295  accuracy: 100.00% -> 91.67%     
client [17] (testset)   loss: 0.0294 -> 0.0062  accuracy: 98.44% -> 99.61%      
client [38] (testset)   loss: 0.1271 -> 0.0786  accuracy: 98.25% -> 96.49%      
---------------------------- TRAINING EPOCH: 350 ----------------------------   
client [72] (testset)   loss: 0.0667 -> 0.0023  accuracy: 97.27% -> 100.00%     
client [82] (testset)   loss: 0.0099 -> 0.0120  accuracy: 100.00% -> 100.00%    
client [86] (testset)   loss: 0.0665 -> 0.0009  accuracy: 97.26% -> 100.00%     
client [51] (testset)   loss: 0.0003 -> 0.0003  accuracy: 100.00% -> 100.00%    
client [96] (testset)   loss: 0.0281 -> 0.0026  accuracy: 99.02% -> 100.00%     
client [42] (testset)   loss: 0.1370 -> 0.1116  accuracy: 97.81% -> 97.81%      
client [55] (testset)   loss: 0.0315 -> 0.0141  accuracy: 99.49% -> 99.74%      
client [13] (testset)   loss: 0.0192 -> 0.0185  accuracy: 100.00% -> 100.00%    
client [1]  (testset)   loss: 0.1172 -> 0.0726  accuracy: 96.67% -> 96.67%      
client [12] (testset)   loss: 0.0261 -> 0.0168  accuracy: 98.02% -> 99.50%      
---------------------------- TRAINING EPOCH: 360 ----------------------------   
client [68] (testset)   loss: 0.0154 -> 0.0431  accuracy: 98.31% -> 98.31%      
client [23] (testset)   loss: 0.0023 -> 0.0007  accuracy: 100.00% -> 100.00%    
client [46] (testset)   loss: 0.0394 -> 0.0290  accuracy: 98.87% -> 99.32%      
client [41] (testset)   loss: 0.0317 -> 0.0039  accuracy: 98.95% -> 100.00%     
client [25] (testset)   loss: 0.0084 -> 0.0001  accuracy: 100.00% -> 100.00%    
client [58] (testset)   loss: 0.0280 -> 0.0190  accuracy: 99.29% -> 99.29%      
client [14] (testset)   loss: 0.0541 -> 0.0353  accuracy: 97.92% -> 98.61%      
client [33] (testset)   loss: 0.0844 -> 0.0572  accuracy: 98.86% -> 99.51%      
client [85] (testset)   loss: 0.0627 -> 0.0314  accuracy: 97.93% -> 98.45%      
client [62] (testset)   loss: 0.0004 -> 0.0002  accuracy: 100.00% -> 100.00%    
---------------------------- TRAINING EPOCH: 370 ----------------------------   
client [98] (testset)   loss: 0.0975 -> 0.0610  accuracy: 97.06% -> 97.06%      
client [63] (testset)   loss: 0.0338 -> 0.0104  accuracy: 97.81% -> 99.27%      
client [70] (testset)   loss: 0.0504 -> 0.0120  accuracy: 98.53% -> 99.27%      
client [65] (testset)   loss: 0.1058 -> 0.0607  accuracy: 98.32% -> 98.74%      
client [14] (testset)   loss: 0.0423 -> 0.0293  accuracy: 98.61% -> 98.61%      
client [73] (testset)   loss: 0.0198 -> 0.1300  accuracy: 100.00% -> 94.12%     
client [34] (testset)   loss: 0.0322 -> 0.0775  accuracy: 100.00% -> 94.44%     
client [99] (testset)   loss: 0.0991 -> 0.0235  accuracy: 95.24% -> 100.00%     
client [69] (testset)   loss: 0.0535 -> 0.0063  accuracy: 98.72% -> 99.64%      
client [46] (testset)   loss: 0.0383 -> 0.0294  accuracy: 99.32% -> 99.32%      
---------------------------- TRAINING EPOCH: 380 ----------------------------   
client [99] (testset)   loss: 0.0594 -> 0.0087  accuracy: 100.00% -> 100.00%    
client [93] (testset)   loss: 0.0076 -> 0.0012  accuracy: 100.00% -> 100.00%    
client [11] (testset)   loss: 0.0000 -> 0.0000  accuracy: 100.00% -> 100.00%    
client [58] (testset)   loss: 0.0299 -> 0.0233  accuracy: 98.58% -> 99.29%      
client [81] (testset)   loss: 0.0722 -> 0.0270  accuracy: 98.77% -> 99.38%      
client [85] (testset)   loss: 0.0719 -> 0.0512  accuracy: 97.93% -> 97.93%      
client [89] (testset)   loss: 0.0009 -> 0.0013  accuracy: 100.00% -> 100.00%    
client [45] (testset)   loss: 0.0510 -> 0.0244  accuracy: 98.47% -> 99.69%      
client [8]  (testset)   loss: 0.2753 -> 0.1111  accuracy: 92.86% -> 97.62%      
client [68] (testset)   loss: 0.0207 -> 0.0860  accuracy: 98.31% -> 98.31%      
---------------------------- TRAINING EPOCH: 390 ----------------------------   
client [67] (testset)   loss: 0.0013 -> 0.0000  accuracy: 100.00% -> 100.00%    
client [72] (testset)   loss: 0.0342 -> 0.0008  accuracy: 98.18% -> 100.00%     
client [1]  (testset)   loss: 0.0830 -> 0.0428  accuracy: 98.33% -> 98.33%      
client [78] (testset)   loss: 0.1282 -> 0.0366  accuracy: 96.18% -> 98.73%      
client [83] (testset)   loss: 0.1186 -> 0.0710  accuracy: 96.80% -> 97.86%      
client [21] (testset)   loss: 0.0238 -> 0.0098  accuracy: 99.02% -> 99.02%      
client [56] (testset)   loss: 0.0109 -> 0.0002  accuracy: 98.92% -> 100.00%     
client [44] (testset)   loss: 0.0533 -> 0.0197  accuracy: 97.61% -> 99.10%      
client [92] (testset)   loss: 0.0000 -> 0.0000  accuracy: 100.00% -> 100.00%    
client [27] (testset)   loss: 0.0099 -> 0.0031  accuracy: 100.00% -> 100.00%    
---------------------------- TRAINING EPOCH: 400 ----------------------------   
client [10] (testset)   loss: 0.0003 -> 0.0001  accuracy: 100.00% -> 100.00%    
client [39] (testset)   loss: 0.0206 -> 0.0013  accuracy: 99.02% -> 100.00%     
client [65] (testset)   loss: 0.0977 -> 0.0486  accuracy: 98.74% -> 98.74%      
client [26] (testset)   loss: 0.0772 -> 0.0820  accuracy: 95.83% -> 95.83%      
client [19] (testset)   loss: 0.0549 -> 0.0216  accuracy: 96.30% -> 98.15%      
client [68] (testset)   loss: 0.0144 -> 0.0161  accuracy: 98.31% -> 98.31%      
client [41] (testset)   loss: 0.0389 -> 0.0025  accuracy: 97.89% -> 100.00%     
client [50] (testset)   loss: 0.0144 -> 0.0077  accuracy: 99.49% -> 100.00%     
client [75] (testset)   loss: 0.0667 -> 0.0244  accuracy: 98.14% -> 99.38%      
client [81] (testset)   loss: 0.0580 -> 0.0339  accuracy: 99.38% -> 99.38%      
Training... ━━━━━━━━━━━━━━━━━━━━━━━━━━━━━━━━━━━━━━━━ 100% 0:08:04
FedAvg's average time taken by each global epoch: 0 min 1.20 sec.               
FedAvg's total running time: 0 h 8 m 4 s.                                       
==================== FedAvg Experiment Results: ====================            
Display format: (before local fine-tuning) -> (after local fine-tuning)         
 So if finetune_epoch = 0, x.xx% -> 0.00% is normal.                            
 Centralized testing ONLY happens after model aggregation, so the stats between 
'->' are the same.                                                              
{                                                                               
    "100": {                                                                    
        "all_clients": {                                                        
            "test": {                                                           
                "loss": "0.0900 -> 0.0000",                                     
                "accuracy": "97.25% -> 0.00%"                                   
            }                                                                   
        }                                                                       
    },                                                                          
    "200": {                                                                    
        "all_clients": {                                                        
            "test": {                                                           
                "loss": "0.0583 -> 0.0000",                                     
                "accuracy": "98.13% -> 0.00%"                                   
            }                                                                   
        }                                                                       
    },                                                                          
    "300": {                                                                    
        "all_clients": {                                                        
            "test": {                                                           
                "loss": "0.0515 -> 0.0000",                                     
                "accuracy": "98.49% -> 0.00%"                                   
            }                                                                   
        }                                                                       
    },                                                                          
    "400": {                                                                    
        "all_clients": {                                                        
            "test": {                                                           
                "loss": "0.0528 -> 0.0000",                                     
                "accuracy": "98.51% -> 0.00%"                                   
            }                                                                   
        }                                                                       
    }                                                                           
}                                                                               
==================== FedAvg Max Accuracy ====================                   
all_clients:                                                                    
(test) before fine-tuning: 98.51% at epoch 400                                  
(test) after fine-tuning: 0.00% at epoch 100                                    
