==================== FedAvg ====================                                
Experiment Arguments:                                                           
{
│   'method': 'fedavg',
│   'dataset': {
│   │   'name': 'fmnist',
│   │   'client_num': 100,
│   │   'test_ratio': 0.25,
│   │   'val_ratio': 0.0,
│   │   'seed': 42,
│   │   'split': 'sample',
│   │   'IID_ratio': 0.0,
│   │   'monitor_window_name_suffix': 'fmnist-100clients-0%IID-Dir(0.1)-seed42',
│   │   'alpha': 0.1,
│   │   'min_samples_per_client': 10
│   },
│   'model': {
│   │   'name': 'avgcnn',
│   │   'use_torchvision_pretrained_weights': True,
│   │   'external_model_weights_path': None
│   },
│   'optimizer': {
│   │   'lr': 0.01,
│   │   'dampening': 0,
│   │   'weight_decay': 0,
│   │   'momentum': 0,
│   │   'nesterov': False,
│   │   'name': 'sgd'
│   },
│   'mode': 'serial',
│   'parallel': {
│   │   'ray_cluster_addr': None,
│   │   'num_cpus': None,
│   │   'num_gpus': None,
│   │   'num_workers': 2
│   },
│   'common': {
│   │   'seed': 42,
│   │   'join_ratio': 0.1,
│   │   'global_epoch': 400,
│   │   'local_epoch': 5,
│   │   'batch_size': 32,
│   │   'reset_optimizer_on_global_epoch': True,
│   │   'straggler_ratio': 0,
│   │   'straggler_min_local_epoch': 0,
│   │   'buffers': 'global',
│   │   'client_side_evaluation': True,
│   │   'test': {
│   │   │   'client': {
│   │   │   │   'interval': 100,
│   │   │   │   'finetune_epoch': 0,
│   │   │   │   'train': False,
│   │   │   │   'val': False,
│   │   │   │   'test': True
│   │   │   },
│   │   │   'server': {
│   │   │   │   'interval': -1,
│   │   │   │   'train': False,
│   │   │   │   'val': False,
│   │   │   │   'test': False,
│   │   │   │   'model_in_train_mode': False
│   │   │   }
│   │   },
│   │   'verbose_gap': 10,
│   │   'monitor': None,
│   │   'use_cuda': True,
│   │   'save_log': True,
│   │   'save_model': False,
│   │   'save_learning_curve_plot': False,
│   │   'save_metrics': True,
│   │   'delete_useless_run': True
│   }
}
---------------------------- TRAINING EPOCH: 10 ----------------------------    
client [77] (testset)   loss: 0.5446 -> 0.0887  accuracy: 81.87% -> 96.37%      
client [81] (testset)   loss: 0.4972 -> 0.1163  accuracy: 83.33% -> 98.15%      
client [21] (testset)   loss: 0.6464 -> 0.3260  accuracy: 75.16% -> 88.20%      
client [68] (testset)   loss: 0.5318 -> 0.2117  accuracy: 77.27% -> 93.64%      
client [93] (testset)   loss: 1.1448 -> 0.0177  accuracy: 55.93% -> 100.00%     
client [31] (testset)   loss: 0.4891 -> 0.2733  accuracy: 81.54% -> 89.23%      
client [20] (testset)   loss: 0.3577 -> 0.0593  accuracy: 89.78% -> 98.66%      
client [59] (testset)   loss: 0.6619 -> 0.4285  accuracy: 82.48% -> 86.13%      
client [48] (testset)   loss: 1.5030 -> 0.0295  accuracy: 48.10% -> 100.00%     
client [34] (testset)   loss: 0.6602 -> 0.2096  accuracy: 73.08% -> 96.15%      
---------------------------- TRAINING EPOCH: 20 ----------------------------    
client [69] (testset)   loss: 0.7270 -> 0.1808  accuracy: 69.75% -> 96.30%      
client [99] (testset)   loss: 1.1135 -> 0.0791  accuracy: 60.79% -> 98.16%      
client [67] (testset)   loss: 2.6208 -> 0.1850  accuracy: 13.40% -> 94.85%      
client [0]  (testset)   loss: 0.3676 -> 0.3131  accuracy: 89.80% -> 85.71%      
client [76] (testset)   loss: 0.7535 -> 0.3337  accuracy: 73.33% -> 86.67%      
client [41] (testset)   loss: 0.5128 -> 0.2692  accuracy: 85.89% -> 89.92%      
client [62] (testset)   loss: 1.5540 -> 0.4017  accuracy: 45.00% -> 90.00%      
client [2]  (testset)   loss: 0.7210 -> 0.0177  accuracy: 75.05% -> 99.56%      
client [14] (testset)   loss: 2.5751 -> 0.4708  accuracy: 10.95% -> 85.24%      
client [46] (testset)   loss: 2.7122 -> 0.2859  accuracy: 9.38% -> 90.62%       
---------------------------- TRAINING EPOCH: 30 ----------------------------    
client [24] (testset)   loss: 0.9392 -> 0.3831  accuracy: 58.29% -> 85.71%      
client [68] (testset)   loss: 0.5949 -> 0.1403  accuracy: 80.00% -> 94.55%      
client [57] (testset)   loss: 0.2199 -> 0.0359  accuracy: 96.35% -> 99.27%      
client [17] (testset)   loss: 0.9848 -> 0.1627  accuracy: 54.55% -> 96.26%      
client [54] (testset)   loss: 0.9760 -> 0.2488  accuracy: 62.34% -> 88.31%      
client [23] (testset)   loss: 0.4264 -> 0.1241  accuracy: 76.77% -> 95.96%      
client [35] (testset)   loss: 1.4881 -> 0.0348  accuracy: 37.84% -> 98.65%      
client [59] (testset)   loss: 1.5916 -> 0.4411  accuracy: 32.12% -> 86.13%      
client [31] (testset)   loss: 0.9751 -> 0.2711  accuracy: 55.38% -> 87.69%      
client [9]  (testset)   loss: 0.3905 -> 0.1303  accuracy: 85.07% -> 95.83%      
---------------------------- TRAINING EPOCH: 40 ----------------------------    
client [64] (testset)   loss: 0.6282 -> 0.1546  accuracy: 72.93% -> 93.23%      
client [33] (testset)   loss: 0.5946 -> 0.1245  accuracy: 78.95% -> 94.74%      
client [16] (testset)   loss: 0.5006 -> 0.0251  accuracy: 77.50% -> 98.33%      
client [44] (testset)   loss: 0.3019 -> 0.0672  accuracy: 85.85% -> 96.23%      
client [8]  (testset)   loss: 0.9714 -> 0.2918  accuracy: 60.12% -> 89.88%      
client [31] (testset)   loss: 1.3179 -> 0.5356  accuracy: 52.31% -> 72.31%      
client [47] (testset)   loss: 0.3514 -> 0.1188  accuracy: 87.17% -> 95.00%      
client [36] (testset)   loss: 0.3881 -> 0.1820  accuracy: 88.34% -> 93.43%      
client [20] (testset)   loss: 2.0286 -> 0.0393  accuracy: 25.27% -> 98.66%      
client [56] (testset)   loss: 1.0305 -> 0.4180  accuracy: 59.66% -> 84.87%      
---------------------------- TRAINING EPOCH: 50 ----------------------------    
client [4]  (testset)   loss: 0.2751 -> 0.1109  accuracy: 91.54% -> 97.69%      
client [60] (testset)   loss: 2.0410 -> 0.1544  accuracy: 29.52% -> 95.20%      
client [28] (testset)   loss: 0.0273 -> 0.0271  accuracy: 100.00% -> 98.21%     
client [25] (testset)   loss: 0.2444 -> 0.0745  accuracy: 90.38% -> 98.08%      
client [58] (testset)   loss: 0.3567 -> 0.0904  accuracy: 88.27% -> 96.94%      
client [44] (testset)   loss: 0.8334 -> 0.0780  accuracy: 68.87% -> 97.17%      
client [39] (testset)   loss: 0.0746 -> 0.0045  accuracy: 100.00% -> 100.00%    
client [29] (testset)   loss: 0.6915 -> 0.3618  accuracy: 77.22% -> 83.54%      
client [3]  (testset)   loss: 0.3848 -> 0.1912  accuracy: 85.21% -> 92.22%      
client [84] (testset)   loss: 1.3092 -> 0.0166  accuracy: 49.38% -> 100.00%     
---------------------------- TRAINING EPOCH: 60 ----------------------------    
client [21] (testset)   loss: 0.2715 -> 0.2029  accuracy: 93.17% -> 92.55%      
client [84] (testset)   loss: 1.0068 -> 0.0115  accuracy: 59.26% -> 100.00%     
client [10] (testset)   loss: 0.2405 -> 0.0302  accuracy: 91.18% -> 98.53%      
client [36] (testset)   loss: 0.5269 -> 0.1615  accuracy: 78.00% -> 94.09%      
client [65] (testset)   loss: 1.0122 -> 0.2325  accuracy: 53.12% -> 90.62%      
client [81] (testset)   loss: 0.5684 -> 2.5125  accuracy: 79.63% -> 44.44%      
client [79] (testset)   loss: 0.8657 -> 0.2527  accuracy: 61.58% -> 87.68%      
client [42] (testset)   loss: 0.2882 -> 0.0563  accuracy: 90.67% -> 98.67%      
client [11] (testset)   loss: 0.6820 -> 0.3982  accuracy: 71.30% -> 83.41%      
client [96] (testset)   loss: 0.3583 -> 0.1768  accuracy: 91.24% -> 95.62%      
---------------------------- TRAINING EPOCH: 70 ----------------------------    
client [8]  (testset)   loss: 0.4362 -> 0.2670  accuracy: 86.31% -> 92.26%      
client [53] (testset)   loss: 0.2283 -> 0.0083  accuracy: 90.96% -> 99.70%      
client [52] (testset)   loss: 0.3916 -> 0.2150  accuracy: 89.83% -> 89.83%      
client [42] (testset)   loss: 0.2726 -> 0.0558  accuracy: 89.94% -> 98.79%      
client [69] (testset)   loss: 0.2569 -> 0.1309  accuracy: 88.89% -> 95.06%      
client [59] (testset)   loss: 0.6004 -> 0.3775  accuracy: 78.83% -> 89.78%      
client [7]  (testset)   loss: 0.1877 -> 0.0328  accuracy: 93.89% -> 98.69%      
client [26] (testset)   loss: 0.5322 -> 0.0879  accuracy: 82.99% -> 96.98%      
client [49] (testset)   loss: 0.5967 -> 0.0229  accuracy: 76.72% -> 99.57%      
client [98] (testset)   loss: 0.7055 -> 1.4322  accuracy: 82.98% -> 40.43%      
---------------------------- TRAINING EPOCH: 80 ----------------------------    
client [98] (testset)   loss: 0.7474 -> 0.4326  accuracy: 72.34% -> 89.36%      
client [47] (testset)   loss: 0.2057 -> 0.1033  accuracy: 91.96% -> 96.09%      
client [21] (testset)   loss: 0.3368 -> 0.2454  accuracy: 88.20% -> 91.30%      
client [77] (testset)   loss: 0.1783 -> 0.0219  accuracy: 93.26% -> 99.48%      
client [95] (testset)   loss: 0.4171 -> 0.7904  accuracy: 83.33% -> 64.81%      
client [91] (testset)   loss: 0.5246 -> 0.0128  accuracy: 76.92% -> 100.00%     
client [14] (testset)   loss: 0.5228 -> 0.3447  accuracy: 85.71% -> 87.38%      
client [99] (testset)   loss: 0.1151 -> 0.0496  accuracy: 96.05% -> 98.42%      
client [20] (testset)   loss: 1.5752 -> 0.0408  accuracy: 35.48% -> 98.12%      
client [39] (testset)   loss: 0.0392 -> 0.0033  accuracy: 100.00% -> 100.00%    
---------------------------- TRAINING EPOCH: 90 ----------------------------    
client [52] (testset)   loss: 0.3287 -> 0.2125  accuracy: 88.14% -> 89.83%      
client [62] (testset)   loss: 0.5537 -> 0.3208  accuracy: 85.00% -> 95.00%      
client [71] (testset)   loss: 0.1857 -> 0.0716  accuracy: 93.48% -> 96.74%      
client [97] (testset)   loss: 0.2492 -> 0.0551  accuracy: 92.64% -> 97.84%      
client [30] (testset)   loss: 0.3013 -> 0.1545  accuracy: 87.50% -> 96.15%      
client [88] (testset)   loss: 0.9222 -> 0.4003  accuracy: 60.98% -> 85.37%      
client [60] (testset)   loss: 0.6074 -> 0.1405  accuracy: 78.97% -> 95.57%      
client [82] (testset)   loss: 1.1600 -> 0.0800  accuracy: 54.45% -> 98.97%      
client [91] (testset)   loss: 0.1902 -> 0.0088  accuracy: 92.31% -> 100.00%     
client [57] (testset)   loss: 1.0742 -> 0.0276  accuracy: 53.65% -> 99.64%      
---------------------------- TRAINING EPOCH: 100 ----------------------------   
client [31] (testset)   loss: 1.0120 -> 0.1414  accuracy: 64.62% -> 93.85%      
client [15] (testset)   loss: 0.4773 -> 0.1879  accuracy: 84.06% -> 94.06%      
client [71] (testset)   loss: 0.2911 -> 0.0830  accuracy: 89.67% -> 97.28%      
client [97] (testset)   loss: 0.4080 -> 0.0455  accuracy: 83.55% -> 98.70%      
client [53] (testset)   loss: 0.1664 -> 0.0070  accuracy: 95.18% -> 99.70%      
client [77] (testset)   loss: 0.0718 -> 0.0168  accuracy: 96.89% -> 100.00%     
client [76] (testset)   loss: 0.4993 -> 0.1466  accuracy: 80.00% -> 93.33%      
client [79] (testset)   loss: 0.9871 -> 0.2074  accuracy: 62.07% -> 90.15%      
client [28] (testset)   loss: 0.3485 -> 0.0233  accuracy: 82.14% -> 98.21%      
client [99] (testset)   loss: 0.4829 -> 0.0411  accuracy: 80.26% -> 98.68%      
---------------------------- TRAINING EPOCH: 110 ----------------------------   
client [97] (testset)   loss: 0.2621 -> 0.0476  accuracy: 90.91% -> 98.70%      
client [86] (testset)   loss: 0.0365 -> 0.0209  accuracy: 100.00% -> 100.00%    
client [34] (testset)   loss: 0.1838 -> 0.2933  accuracy: 96.15% -> 88.46%      
client [73] (testset)   loss: 0.6223 -> 0.0145  accuracy: 79.39% -> 100.00%     
client [5]  (testset)   loss: 0.5886 -> 0.1021  accuracy: 76.67% -> 96.19%      
client [96] (testset)   loss: 0.3114 -> 0.1704  accuracy: 90.51% -> 95.62%      
client [22] (testset)   loss: 0.3913 -> 0.0347  accuracy: 84.54% -> 100.00%     
client [60] (testset)   loss: 0.5189 -> 0.1309  accuracy: 80.44% -> 96.31%      
client [66] (testset)   loss: 0.5251 -> 0.1020  accuracy: 82.07% -> 95.62%      
client [83] (testset)   loss: 0.2140 -> 0.0142  accuracy: 91.08% -> 99.36%      
---------------------------- TRAINING EPOCH: 120 ----------------------------   
client [76] (testset)   loss: 0.2127 -> 0.1576  accuracy: 93.33% -> 93.33%      
client [65] (testset)   loss: 0.7272 -> 0.2318  accuracy: 71.88% -> 90.62%      
client [95] (testset)   loss: 0.3241 -> 0.1799  accuracy: 87.04% -> 94.44%      
client [17] (testset)   loss: 0.3615 -> 0.1121  accuracy: 89.30% -> 96.79%      
client [8]  (testset)   loss: 0.3390 -> 0.1957  accuracy: 89.58% -> 94.05%      
client [35] (testset)   loss: 0.4107 -> 0.0366  accuracy: 86.49% -> 98.65%      
client [98] (testset)   loss: 0.7522 -> 0.4848  accuracy: 72.34% -> 85.11%      
client [53] (testset)   loss: 0.0542 -> 0.0058  accuracy: 97.59% -> 99.70%      
client [43] (testset)   loss: 1.2636 -> 0.0694  accuracy: 50.77% -> 96.92%      
client [64] (testset)   loss: 0.2140 -> 0.1352  accuracy: 90.98% -> 93.98%      
---------------------------- TRAINING EPOCH: 130 ----------------------------   
client [21] (testset)   loss: 0.3332 -> 0.1336  accuracy: 88.82% -> 96.89%      
client [88] (testset)   loss: 0.8116 -> 0.3126  accuracy: 59.76% -> 89.02%      
client [38] (testset)   loss: 0.7322 -> 0.5123  accuracy: 70.13% -> 84.42%      
client [3]  (testset)   loss: 0.3966 -> 0.1171  accuracy: 85.99% -> 96.89%      
client [5]  (testset)   loss: 0.2205 -> 0.0802  accuracy: 95.24% -> 97.14%      
client [41] (testset)   loss: 0.3605 -> 0.1876  accuracy: 87.90% -> 93.55%      
client [7]  (testset)   loss: 0.2444 -> 0.0293  accuracy: 89.96% -> 98.69%      
client [37] (testset)   loss: 0.8687 -> 0.1275  accuracy: 59.78% -> 95.65%      
client [45] (testset)   loss: 0.4945 -> 0.3877  accuracy: 83.78% -> 86.49%      
client [47] (testset)   loss: 0.1922 -> 0.0977  accuracy: 93.26% -> 96.74%      
---------------------------- TRAINING EPOCH: 140 ----------------------------   
client [16] (testset)   loss: 1.2698 -> 0.0168  accuracy: 53.33% -> 100.00%     
client [11] (testset)   loss: 2.7165 -> 0.2821  accuracy: 19.73% -> 89.69%      
client [37] (testset)   loss: 1.6145 -> 0.1267  accuracy: 36.96% -> 95.65%      
client [41] (testset)   loss: 0.7198 -> 0.1473  accuracy: 78.63% -> 95.16%      
client [95] (testset)   loss: 0.6224 -> 0.1670  accuracy: 75.93% -> 96.30%      
client [53] (testset)   loss: 0.0872 -> 0.0051  accuracy: 97.29% -> 100.00%     
client [22] (testset)   loss: 1.5000 -> 0.0227  accuracy: 49.48% -> 100.00%     
client [25] (testset)   loss: 0.2313 -> 0.0221  accuracy: 90.38% -> 99.04%      
client [69] (testset)   loss: 0.5769 -> 0.2520  accuracy: 78.40% -> 90.12%      
client [46] (testset)   loss: 0.2818 -> 0.7546  accuracy: 89.58% -> 65.62%      
---------------------------- TRAINING EPOCH: 150 ----------------------------   
client [47] (testset)   loss: 0.3196 -> 0.2892  accuracy: 87.83% -> 90.65%      
client [69] (testset)   loss: 0.7540 -> 0.0903  accuracy: 72.22% -> 96.91%      
client [82] (testset)   loss: 0.2625 -> 0.0812  accuracy: 91.44% -> 98.97%      
client [45] (testset)   loss: 0.5988 -> 0.4257  accuracy: 81.08% -> 89.19%      
client [7]  (testset)   loss: 0.4920 -> 0.0365  accuracy: 82.53% -> 98.69%      
client [50] (testset)   loss: 1.0390 -> 0.0128  accuracy: 56.70% -> 99.72%      
client [35] (testset)   loss: 1.2318 -> 0.0094  accuracy: 50.00% -> 100.00%     
client [24] (testset)   loss: 0.8528 -> 0.3425  accuracy: 62.29% -> 86.29%      
client [15] (testset)   loss: 0.5552 -> 0.1888  accuracy: 81.25% -> 93.12%      
client [58] (testset)   loss: 0.1530 -> 0.0483  accuracy: 93.88% -> 97.96%      
---------------------------- TRAINING EPOCH: 160 ----------------------------   
client [48] (testset)   loss: 0.2950 -> 0.0067  accuracy: 87.34% -> 100.00%     
client [76] (testset)   loss: 0.2383 -> 0.2026  accuracy: 93.33% -> 86.67%      
client [67] (testset)   loss: 1.4026 -> 0.1356  accuracy: 46.39% -> 95.88%      
client [37] (testset)   loss: 0.2863 -> 0.1269  accuracy: 91.30% -> 95.65%      
client [58] (testset)   loss: 0.1286 -> 0.0546  accuracy: 95.41% -> 97.96%      
client [64] (testset)   loss: 0.2175 -> 0.1196  accuracy: 91.73% -> 95.49%      
client [77] (testset)   loss: 0.0872 -> 0.0157  accuracy: 98.45% -> 99.48%      
client [55] (testset)   loss: 0.0643 -> 0.0008  accuracy: 97.68% -> 100.00%     
client [12] (testset)   loss: 0.4882 -> 0.1133  accuracy: 82.58% -> 96.09%      
client [89] (testset)   loss: 0.5762 -> 0.2120  accuracy: 84.21% -> 94.74%      
---------------------------- TRAINING EPOCH: 170 ----------------------------   
client [84] (testset)   loss: 0.6047 -> 0.0072  accuracy: 76.54% -> 100.00%     
client [51] (testset)   loss: 0.2997 -> 0.0055  accuracy: 90.69% -> 100.00%     
client [8]  (testset)   loss: 0.5173 -> 0.1991  accuracy: 83.04% -> 94.05%      
client [18] (testset)   loss: 0.1621 -> 0.0271  accuracy: 93.53% -> 99.00%      
client [94] (testset)   loss: 0.2507 -> 0.0819  accuracy: 90.84% -> 96.95%      
client [81] (testset)   loss: 0.2464 -> 0.0048  accuracy: 88.89% -> 100.00%     
client [3]  (testset)   loss: 0.3664 -> 0.1976  accuracy: 88.33% -> 93.77%      
client [11] (testset)   loss: 0.5591 -> 0.2675  accuracy: 81.17% -> 89.69%      
client [95] (testset)   loss: 0.5220 -> 0.1528  accuracy: 87.04% -> 96.30%      
client [67] (testset)   loss: 1.3139 -> 0.1249  accuracy: 52.23% -> 96.56%      
---------------------------- TRAINING EPOCH: 180 ----------------------------   
client [21] (testset)   loss: 0.2133 -> 1.3142  accuracy: 90.06% -> 72.05%      
client [79] (testset)   loss: 0.5844 -> 0.1994  accuracy: 81.28% -> 92.12%      
client [58] (testset)   loss: 0.1149 -> 0.0518  accuracy: 95.92% -> 97.96%      
client [88] (testset)   loss: 0.5582 -> 0.2942  accuracy: 80.49% -> 91.46%      
client [46] (testset)   loss: 0.8230 -> 0.1929  accuracy: 63.54% -> 89.58%      
client [11] (testset)   loss: 0.5110 -> 0.2764  accuracy: 80.72% -> 88.79%      
client [55] (testset)   loss: 0.1049 -> 0.0005  accuracy: 96.69% -> 100.00%     
client [13] (testset)   loss: 0.4634 -> 0.2740  accuracy: 83.33% -> 89.42%      
client [31] (testset)   loss: 0.4910 -> 0.1757  accuracy: 83.08% -> 92.31%      
client [75] (testset)   loss: 0.6140 -> 0.2501  accuracy: 79.43% -> 90.91%      
---------------------------- TRAINING EPOCH: 190 ----------------------------   
client [19] (testset)   loss: 0.4103 -> 0.2279  accuracy: 89.83% -> 93.22%      
client [7]  (testset)   loss: 0.2235 -> 0.0267  accuracy: 93.89% -> 98.69%      
client [57] (testset)   loss: 0.2619 -> 0.0247  accuracy: 89.78% -> 99.64%      
client [13] (testset)   loss: 0.5015 -> 0.3458  accuracy: 78.53% -> 88.46%      
client [43] (testset)   loss: 0.7522 -> 0.0778  accuracy: 70.77% -> 98.46%      
client [91] (testset)   loss: 0.1195 -> 0.0113  accuracy: 92.31% -> 100.00%     
client [10] (testset)   loss: 0.2334 -> 0.0289  accuracy: 92.65% -> 98.53%      
client [64] (testset)   loss: 0.4142 -> 0.1216  accuracy: 83.46% -> 95.49%      
client [82] (testset)   loss: 0.2756 -> 0.0761  accuracy: 88.70% -> 98.97%      
client [22] (testset)   loss: 0.5512 -> 0.0180  accuracy: 80.41% -> 100.00%     
---------------------------- TRAINING EPOCH: 200 ----------------------------   
client [20] (testset)   loss: 0.7558 -> 0.0352  accuracy: 71.77% -> 98.66%      
client [23] (testset)   loss: 0.3801 -> 0.1673  accuracy: 85.86% -> 92.93%      
client [88] (testset)   loss: 0.6436 -> 0.2879  accuracy: 68.29% -> 90.24%      
client [98] (testset)   loss: 1.1723 -> 0.3850  accuracy: 61.70% -> 91.49%      
client [79] (testset)   loss: 0.7988 -> 0.3053  accuracy: 71.43% -> 91.13%      
client [21] (testset)   loss: 0.2785 -> 0.1656  accuracy: 91.93% -> 96.27%      
client [92] (testset)   loss: 0.1969 -> 0.0388  accuracy: 94.16% -> 98.54%      
client [56] (testset)   loss: 1.3706 -> 0.3434  accuracy: 51.26% -> 84.87%      
client [5]  (testset)   loss: 0.2878 -> 0.0774  accuracy: 88.10% -> 96.19%      
client [52] (testset)   loss: 0.1739 -> 0.0594  accuracy: 93.22% -> 98.31%      
---------------------------- TRAINING EPOCH: 210 ----------------------------   
client [67] (testset)   loss: 2.4061 -> 0.1358  accuracy: 34.02% -> 96.56%      
client [54] (testset)   loss: 0.6385 -> 0.1373  accuracy: 80.52% -> 93.51%      
client [14] (testset)   loss: 0.7873 -> 0.2705  accuracy: 75.48% -> 89.52%      
client [99] (testset)   loss: 0.2239 -> 0.0308  accuracy: 91.32% -> 99.21%      
client [36] (testset)   loss: 0.7624 -> 0.1485  accuracy: 76.52% -> 96.06%      
client [30] (testset)   loss: 0.1976 -> 0.1485  accuracy: 93.27% -> 98.08%      
client [38] (testset)   loss: 0.6505 -> 0.2866  accuracy: 81.82% -> 89.61%      
client [15] (testset)   loss: 0.2255 -> 0.1723  accuracy: 93.12% -> 95.62%      
client [6]  (testset)   loss: 0.9772 -> 0.0316  accuracy: 68.18% -> 98.05%      
client [53] (testset)   loss: 0.1149 -> 0.0050  accuracy: 95.48% -> 99.70%      
---------------------------- TRAINING EPOCH: 220 ----------------------------   
client [99] (testset)   loss: 0.2732 -> 0.0282  accuracy: 91.32% -> 99.21%      
client [6]  (testset)   loss: 0.1876 -> 0.0424  accuracy: 91.56% -> 97.40%      
client [83] (testset)   loss: 0.2557 -> 0.0067  accuracy: 91.08% -> 100.00%     
client [42] (testset)   loss: 0.3495 -> 0.0485  accuracy: 88.12% -> 98.91%      
client [34] (testset)   loss: 0.1695 -> 0.1508  accuracy: 92.31% -> 96.15%      
client [15] (testset)   loss: 0.2968 -> 0.1775  accuracy: 91.25% -> 93.44%      
client [47] (testset)   loss: 0.2098 -> 0.2917  accuracy: 93.48% -> 91.52%      
client [55] (testset)   loss: 0.1965 -> 0.0004  accuracy: 93.71% -> 100.00%     
client [51] (testset)   loss: 0.4118 -> 0.0056  accuracy: 82.84% -> 100.00%     
client [95] (testset)   loss: 0.1921 -> 0.1871  accuracy: 94.44% -> 96.30%      
---------------------------- TRAINING EPOCH: 230 ----------------------------   
client [71] (testset)   loss: 0.1063 -> 0.0583  accuracy: 95.65% -> 98.37%      
client [15] (testset)   loss: 0.2175 -> 0.1850  accuracy: 93.12% -> 95.00%      
client [33] (testset)   loss: 0.3220 -> 0.0354  accuracy: 88.30% -> 98.25%      
client [99] (testset)   loss: 0.1324 -> 0.0292  accuracy: 94.47% -> 99.21%      
client [90] (testset)   loss: 0.1391 -> 0.0396  accuracy: 95.27% -> 97.30%      
client [57] (testset)   loss: 1.3897 -> 0.0231  accuracy: 54.01% -> 99.64%      
client [27] (testset)   loss: 0.0098 -> 0.0061  accuracy: 100.00% -> 100.00%    
client [78] (testset)   loss: 0.4581 -> 0.0056  accuracy: 81.10% -> 100.00%     
client [36] (testset)   loss: 0.5559 -> 0.1445  accuracy: 83.91% -> 96.06%      
client [88] (testset)   loss: 1.1832 -> 0.2987  accuracy: 59.76% -> 91.46%      
---------------------------- TRAINING EPOCH: 240 ----------------------------   
client [70] (testset)   loss: 0.1772 -> 0.0704  accuracy: 94.59% -> 97.30%      
client [35] (testset)   loss: 0.4200 -> 0.0066  accuracy: 85.14% -> 100.00%     
client [16] (testset)   loss: 0.3849 -> 0.0195  accuracy: 80.00% -> 99.17%      
client [80] (testset)   loss: 1.1757 -> 0.0313  accuracy: 71.15% -> 98.08%      
client [38] (testset)   loss: 0.4820 -> 0.2384  accuracy: 84.42% -> 94.81%      
client [78] (testset)   loss: 0.4597 -> 0.0051  accuracy: 85.04% -> 100.00%     
client [68] (testset)   loss: 0.1535 -> 0.0540  accuracy: 95.45% -> 98.18%      
client [11] (testset)   loss: 0.3708 -> 0.3023  accuracy: 87.89% -> 85.65%      
client [64] (testset)   loss: 0.2253 -> 0.0835  accuracy: 90.98% -> 96.24%      
client [82] (testset)   loss: 0.9375 -> 0.0968  accuracy: 64.73% -> 98.97%      
---------------------------- TRAINING EPOCH: 250 ----------------------------   
client [30] (testset)   loss: 0.2865 -> 0.1429  accuracy: 90.38% -> 97.12%      
client [27] (testset)   loss: 0.1066 -> 0.0014  accuracy: 95.35% -> 100.00%     
client [74] (testset)   loss: 0.0367 -> 0.0872  accuracy: 100.00% -> 96.30%     
client [45] (testset)   loss: 0.8040 -> 0.4936  accuracy: 78.38% -> 89.19%      
client [6]  (testset)   loss: 0.9286 -> 0.0354  accuracy: 70.13% -> 98.05%      
client [36] (testset)   loss: 0.7361 -> 0.1585  accuracy: 78.00% -> 95.40%      
client [63] (testset)   loss: 0.1344 -> 0.0614  accuracy: 95.88% -> 98.97%      
client [76] (testset)   loss: 0.3546 -> 0.3374  accuracy: 86.67% -> 86.67%      
client [83] (testset)   loss: 0.2192 -> 0.0097  accuracy: 94.27% -> 99.36%      
client [86] (testset)   loss: 0.0034 -> 0.0034  accuracy: 100.00% -> 100.00%    
---------------------------- TRAINING EPOCH: 260 ----------------------------   
client [83] (testset)   loss: 0.1529 -> 0.0087  accuracy: 94.90% -> 99.36%      
client [99] (testset)   loss: 0.1665 -> 0.0284  accuracy: 92.63% -> 99.21%      
client [74] (testset)   loss: 0.1103 -> 0.1793  accuracy: 100.00% -> 92.59%     
client [73] (testset)   loss: 0.2580 -> 0.0155  accuracy: 91.60% -> 100.00%     
client [29] (testset)   loss: 0.5220 -> 0.2745  accuracy: 86.08% -> 87.34%      
client [92] (testset)   loss: 0.1480 -> 0.0547  accuracy: 94.16% -> 97.81%      
client [6]  (testset)   loss: 0.3458 -> 0.0391  accuracy: 88.31% -> 98.05%      
client [61] (testset)   loss: 0.2140 -> 0.0167  accuracy: 91.46% -> 98.78%      
client [21] (testset)   loss: 0.1923 -> 2.6108  accuracy: 94.41% -> 60.87%      
client [67] (testset)   loss: 1.0108 -> 0.1532  accuracy: 63.92% -> 96.56%      
---------------------------- TRAINING EPOCH: 270 ----------------------------   
client [83] (testset)   loss: 0.3134 -> 0.0061  accuracy: 88.54% -> 100.00%     
client [32] (testset)   loss: 0.8245 -> 0.2750  accuracy: 75.00% -> 90.00%      
client [95] (testset)   loss: 0.1879 -> 0.1772  accuracy: 94.44% -> 96.30%      
client [61] (testset)   loss: 0.6123 -> 0.0084  accuracy: 80.49% -> 100.00%     
client [27] (testset)   loss: 0.2159 -> 0.0014  accuracy: 93.02% -> 100.00%     
client [25] (testset)   loss: 0.2688 -> 0.0120  accuracy: 86.54% -> 99.04%      
client [68] (testset)   loss: 0.1169 -> 0.0637  accuracy: 96.36% -> 98.18%      
client [34] (testset)   loss: 0.0597 -> 0.0607  accuracy: 100.00% -> 96.15%     
client [71] (testset)   loss: 0.4293 -> 0.0640  accuracy: 86.41% -> 97.83%      
client [89] (testset)   loss: 0.6550 -> 0.1769  accuracy: 73.68% -> 94.74%      
---------------------------- TRAINING EPOCH: 280 ----------------------------   
client [78] (testset)   loss: 0.1591 -> 0.0056  accuracy: 96.06% -> 100.00%     
client [81] (testset)   loss: 0.3152 -> 0.0137  accuracy: 87.04% -> 100.00%     
client [51] (testset)   loss: 0.5067 -> 0.0033  accuracy: 78.43% -> 100.00%     
client [54] (testset)   loss: 0.5236 -> 0.1077  accuracy: 79.22% -> 93.51%      
client [65] (testset)   loss: 1.0266 -> 0.3124  accuracy: 68.75% -> 90.62%      
client [41] (testset)   loss: 0.3335 -> 0.1629  accuracy: 91.94% -> 94.35%      
client [11] (testset)   loss: 0.6897 -> 0.2757  accuracy: 78.48% -> 87.89%      
client [85] (testset)   loss: 0.6189 -> 0.0298  accuracy: 77.19% -> 98.25%      
client [12] (testset)   loss: 0.4261 -> 0.1262  accuracy: 86.37% -> 95.73%      
client [23] (testset)   loss: 0.2460 -> 0.1851  accuracy: 92.93% -> 92.93%      
---------------------------- TRAINING EPOCH: 290 ----------------------------   
client [16] (testset)   loss: 0.4420 -> 0.0165  accuracy: 80.00% -> 99.17%      
client [65] (testset)   loss: 1.0093 -> 0.3168  accuracy: 62.50% -> 90.62%      
client [53] (testset)   loss: 0.2439 -> 0.0052  accuracy: 92.17% -> 100.00%     
client [58] (testset)   loss: 0.1778 -> 0.0409  accuracy: 93.37% -> 98.47%      
client [72] (testset)   loss: 0.3735 -> 0.0425  accuracy: 87.72% -> 100.00%     
client [7]  (testset)   loss: 0.0505 -> 0.0203  accuracy: 98.25% -> 99.56%      
client [71] (testset)   loss: 0.4066 -> 0.0559  accuracy: 87.50% -> 98.37%      
client [59] (testset)   loss: 0.3601 -> 0.2716  accuracy: 88.32% -> 91.24%      
client [86] (testset)   loss: 0.0045 -> 0.0033  accuracy: 100.00% -> 100.00%    
client [39] (testset)   loss: 0.1434 -> 0.0033  accuracy: 93.33% -> 100.00%     
---------------------------- TRAINING EPOCH: 300 ----------------------------   
client [99] (testset)   loss: 0.5007 -> 0.0239  accuracy: 83.16% -> 99.21%      
client [7]  (testset)   loss: 0.1861 -> 0.0214  accuracy: 91.27% -> 99.13%      
client [17] (testset)   loss: 0.5062 -> 0.0910  accuracy: 78.61% -> 97.86%      
client [64] (testset)   loss: 0.4547 -> 0.0801  accuracy: 80.45% -> 96.24%      
client [37] (testset)   loss: 0.7244 -> 0.1467  accuracy: 69.57% -> 96.74%      
client [29] (testset)   loss: 0.3935 -> 0.2477  accuracy: 88.61% -> 91.14%      
client [93] (testset)   loss: 0.2116 -> 0.0125  accuracy: 96.61% -> 100.00%     
client [73] (testset)   loss: 0.1696 -> 0.0065  accuracy: 95.42% -> 100.00%     
client [40] (testset)   loss: 0.3944 -> 0.4382  accuracy: 84.17% -> 88.33%      
client [76] (testset)   loss: 0.5310 -> 0.3440  accuracy: 86.67% -> 86.67%      
---------------------------- TRAINING EPOCH: 310 ----------------------------   
client [31] (testset)   loss: 0.5007 -> 0.2599  accuracy: 86.15% -> 92.31%      
client [89] (testset)   loss: 0.3913 -> 0.1920  accuracy: 94.74% -> 94.74%      
client [77] (testset)   loss: 0.1150 -> 0.0147  accuracy: 96.89% -> 98.96%      
client [90] (testset)   loss: 0.2241 -> 0.0503  accuracy: 92.57% -> 97.97%      
client [26] (testset)   loss: 0.3205 -> 0.0613  accuracy: 89.67% -> 97.93%      
client [50] (testset)   loss: 0.2928 -> 0.0156  accuracy: 91.74% -> 99.43%      
client [30] (testset)   loss: 0.2824 -> 0.1672  accuracy: 89.42% -> 98.08%      
client [70] (testset)   loss: 0.2882 -> 0.0798  accuracy: 89.19% -> 97.30%      
client [41] (testset)   loss: 0.3722 -> 0.1693  accuracy: 93.15% -> 94.35%      
client [99] (testset)   loss: 0.3134 -> 0.0260  accuracy: 88.16% -> 99.21%      
---------------------------- TRAINING EPOCH: 320 ----------------------------   
client [68] (testset)   loss: 0.1056 -> 0.0592  accuracy: 96.36% -> 98.18%      
client [70] (testset)   loss: 0.3953 -> 0.0605  accuracy: 86.49% -> 97.30%      
client [52] (testset)   loss: 0.5346 -> 0.0520  accuracy: 86.44% -> 98.31%      
client [1]  (testset)   loss: 0.2733 -> 0.1799  accuracy: 90.48% -> 95.24%      
client [2]  (testset)   loss: 0.0639 -> 0.0053  accuracy: 96.94% -> 99.78%      
client [67] (testset)   loss: 1.3281 -> 0.1611  accuracy: 59.79% -> 96.22%      
client [92] (testset)   loss: 0.0432 -> 0.0223  accuracy: 99.27% -> 99.27%      
client [35] (testset)   loss: 0.9970 -> 0.0096  accuracy: 72.97% -> 100.00%     
client [36] (testset)   loss: 0.5026 -> 0.1804  accuracy: 84.89% -> 95.24%      
client [64] (testset)   loss: 0.5603 -> 0.0944  accuracy: 81.20% -> 95.49%      
---------------------------- TRAINING EPOCH: 330 ----------------------------   
client [44] (testset)   loss: 0.2766 -> 0.0255  accuracy: 87.74% -> 99.06%      
client [6]  (testset)   loss: 0.4794 -> 0.0289  accuracy: 83.77% -> 98.70%      
client [12] (testset)   loss: 0.4786 -> 0.1100  accuracy: 86.49% -> 97.16%      
client [55] (testset)   loss: 0.2289 -> 0.0002  accuracy: 92.05% -> 100.00%     
client [29] (testset)   loss: 0.5587 -> 0.3277  accuracy: 86.08% -> 87.34%      
client [9]  (testset)   loss: 0.1708 -> 0.0887  accuracy: 95.14% -> 96.53%      
client [43] (testset)   loss: 0.1733 -> 0.0803  accuracy: 93.85% -> 98.46%      
client [77] (testset)   loss: 0.1285 -> 0.0262  accuracy: 97.41% -> 98.96%      
client [98] (testset)   loss: 0.6221 -> 0.4190  accuracy: 87.23% -> 87.23%      
client [78] (testset)   loss: 0.0918 -> 0.0041  accuracy: 96.85% -> 100.00%     
---------------------------- TRAINING EPOCH: 340 ----------------------------   
client [92] (testset)   loss: 0.3720 -> 0.0243  accuracy: 86.86% -> 98.54%      
client [80] (testset)   loss: 1.0130 -> 0.0078  accuracy: 75.00% -> 100.00%     
client [63] (testset)   loss: 0.0379 -> 0.0233  accuracy: 97.94% -> 98.97%      
client [76] (testset)   loss: 0.3077 -> 0.3715  accuracy: 86.67% -> 86.67%      
client [78] (testset)   loss: 0.0822 -> 0.0058  accuracy: 97.64% -> 100.00%     
client [25] (testset)   loss: 0.1308 -> 0.0043  accuracy: 95.19% -> 100.00%     
client [58] (testset)   loss: 0.1086 -> 0.0377  accuracy: 96.43% -> 98.47%      
client [13] (testset)   loss: 0.4006 -> 0.2640  accuracy: 85.90% -> 89.42%      
client [17] (testset)   loss: 0.3583 -> 0.0857  accuracy: 89.30% -> 97.86%      
client [38] (testset)   loss: 0.3608 -> 0.2758  accuracy: 88.31% -> 92.21%      
---------------------------- TRAINING EPOCH: 350 ----------------------------   
client [72] (testset)   loss: 0.6346 -> 0.0435  accuracy: 82.46% -> 100.00%     
client [82] (testset)   loss: 0.1356 -> 0.0824  accuracy: 95.89% -> 98.97%      
client [86] (testset)   loss: 0.0034 -> 0.0011  accuracy: 100.00% -> 100.00%    
client [51] (testset)   loss: 0.4499 -> 0.0026  accuracy: 81.86% -> 100.00%     
client [96] (testset)   loss: 0.6068 -> 0.1503  accuracy: 80.29% -> 95.62%      
client [42] (testset)   loss: 0.2645 -> 0.0480  accuracy: 90.91% -> 99.03%      
client [55] (testset)   loss: 0.1089 -> 0.0004  accuracy: 97.02% -> 100.00%     
client [13] (testset)   loss: 0.5766 -> 0.3099  accuracy: 77.56% -> 90.38%      
client [1]  (testset)   loss: 0.5652 -> 0.1868  accuracy: 79.37% -> 95.24%      
client [12] (testset)   loss: 0.2794 -> 0.1158  accuracy: 92.54% -> 97.16%      
---------------------------- TRAINING EPOCH: 360 ----------------------------   
client [68] (testset)   loss: 0.0823 -> 0.0486  accuracy: 96.36% -> 98.18%      
client [23] (testset)   loss: 0.2961 -> 0.1630  accuracy: 89.90% -> 92.93%      
client [46] (testset)   loss: 0.9483 -> 0.1659  accuracy: 65.62% -> 92.71%      
client [41] (testset)   loss: 0.2972 -> 0.1678  accuracy: 93.55% -> 94.76%      
client [25] (testset)   loss: 0.0293 -> 0.0048  accuracy: 100.00% -> 100.00%    
client [58] (testset)   loss: 0.1405 -> 0.0336  accuracy: 95.41% -> 98.47%      
client [14] (testset)   loss: 0.5997 -> 0.2539  accuracy: 79.29% -> 90.95%      
client [33] (testset)   loss: 0.1356 -> 0.0338  accuracy: 97.08% -> 98.25%      
client [85] (testset)   loss: 0.3180 -> 0.0410  accuracy: 89.47% -> 98.25%      
client [62] (testset)   loss: 0.5858 -> 0.4500  accuracy: 85.00% -> 90.00%      
---------------------------- TRAINING EPOCH: 370 ----------------------------   
client [98] (testset)   loss: 0.6085 -> 0.4780  accuracy: 78.72% -> 85.11%      
client [63] (testset)   loss: 0.0676 -> 0.0289  accuracy: 96.91% -> 98.97%      
client [70] (testset)   loss: 0.1932 -> 0.0346  accuracy: 91.89% -> 100.00%     
client [65] (testset)   loss: 0.4960 -> 0.3388  accuracy: 78.12% -> 90.62%      
client [14] (testset)   loss: 0.5478 -> 0.2692  accuracy: 81.43% -> 91.43%      
client [73] (testset)   loss: 0.3094 -> 0.0927  accuracy: 89.31% -> 96.18%      
client [34] (testset)   loss: 0.0989 -> 0.0546  accuracy: 96.15% -> 96.15%      
client [99] (testset)   loss: 0.2153 -> 0.0229  accuracy: 93.42% -> 99.74%      
client [69] (testset)   loss: 0.4058 -> 0.0755  accuracy: 87.65% -> 96.91%      
client [46] (testset)   loss: 0.4512 -> 0.0976  accuracy: 83.33% -> 95.83%      
---------------------------- TRAINING EPOCH: 380 ----------------------------   
client [99] (testset)   loss: 0.2898 -> 0.0238  accuracy: 89.47% -> 99.47%      
client [93] (testset)   loss: 0.3985 -> 0.0055  accuracy: 88.14% -> 100.00%     
client [11] (testset)   loss: 0.3649 -> 0.2505  accuracy: 87.44% -> 91.03%      
client [58] (testset)   loss: 0.0961 -> 0.0350  accuracy: 96.94% -> 98.47%      
client [81] (testset)   loss: 0.0842 -> 0.0023  accuracy: 98.15% -> 100.00%     
client [85] (testset)   loss: 0.1783 -> 0.0531  accuracy: 94.74% -> 98.25%      
client [89] (testset)   loss: 0.5338 -> 0.1430  accuracy: 89.47% -> 94.74%      
client [45] (testset)   loss: 0.5219 -> 0.4383  accuracy: 89.19% -> 91.89%      
client [8]  (testset)   loss: 0.4313 -> 0.1704  accuracy: 86.31% -> 94.35%      
client [68] (testset)   loss: 0.1902 -> 0.0493  accuracy: 93.64% -> 98.18%      
---------------------------- TRAINING EPOCH: 390 ----------------------------   
client [67] (testset)   loss: 0.8258 -> 0.1648  accuracy: 69.76% -> 96.22%      
client [72] (testset)   loss: 0.2202 -> 0.0457  accuracy: 91.23% -> 100.00%     
client [1]  (testset)   loss: 0.4129 -> 0.1692  accuracy: 80.95% -> 95.24%      
client [78] (testset)   loss: 0.2453 -> 0.0079  accuracy: 90.55% -> 100.00%     
client [83] (testset)   loss: 0.2101 -> 0.0177  accuracy: 93.63% -> 99.36%      
client [21] (testset)   loss: 0.2243 -> 0.1647  accuracy: 92.55% -> 93.79%      
client [56] (testset)   loss: 0.5493 -> 0.3635  accuracy: 81.51% -> 90.76%      
client [44] (testset)   loss: 0.5045 -> 0.0387  accuracy: 84.91% -> 98.11%      
client [92] (testset)   loss: 0.2237 -> 0.0230  accuracy: 93.43% -> 99.27%      
client [27] (testset)   loss: 0.0987 -> 0.0011  accuracy: 95.35% -> 100.00%     
---------------------------- TRAINING EPOCH: 400 ----------------------------   
client [10] (testset)   loss: 0.0427 -> 0.0176  accuracy: 98.53% -> 98.53%      
client [39] (testset)   loss: 0.0177 -> 0.0062  accuracy: 100.00% -> 100.00%    
client [65] (testset)   loss: 1.1875 -> 0.5954  accuracy: 62.50% -> 90.62%      
client [26] (testset)   loss: 1.0622 -> 0.0565  accuracy: 66.93% -> 97.93%      
client [19] (testset)   loss: 0.2637 -> 0.1840  accuracy: 94.92% -> 91.53%      
client [68] (testset)   loss: 0.2290 -> 0.0563  accuracy: 93.64% -> 98.18%      
client [41] (testset)   loss: 0.3334 -> 0.1692  accuracy: 92.34% -> 95.56%      
client [50] (testset)   loss: 0.2892 -> 0.0170  accuracy: 91.74% -> 99.43%      
client [75] (testset)   loss: 0.4942 -> 0.2360  accuracy: 88.04% -> 92.34%      
client [81] (testset)   loss: 0.0762 -> 0.0024  accuracy: 98.15% -> 100.00%     
Training... ━━━━━━━━━━━━━━━━━━━━━━━━━━━━━━━━━━━━━━━━ 100% 0:08:01
FedAvg's average time taken by each global epoch: 0 min 1.19 sec.               
FedAvg's total running time: 0 h 8 m 1 s.                                       
==================== FedAvg Experiment Results: ====================            
Display format: (before local fine-tuning) -> (after local fine-tuning)         
 So if finetune_epoch = 0, x.xx% -> 0.00% is normal.                            
 Centralized testing ONLY happens after model aggregation, so the stats between 
'->' are the same.                                                              
{                                                                               
    "100": {                                                                    
        "all_clients": {                                                        
            "test": {                                                           
                "loss": "0.5262 -> 0.0000",                                     
                "accuracy": "80.34% -> 0.00%"                                   
            }                                                                   
        }                                                                       
    },                                                                          
    "200": {                                                                    
        "all_clients": {                                                        
            "test": {                                                           
                "loss": "0.5172 -> 0.0000",                                     
                "accuracy": "82.07% -> 0.00%"                                   
            }                                                                   
        }                                                                       
    },                                                                          
    "300": {                                                                    
        "all_clients": {                                                        
            "test": {                                                           
                "loss": "0.4025 -> 0.0000",                                     
                "accuracy": "86.73% -> 0.00%"                                   
            }                                                                   
        }                                                                       
    },                                                                          
    "400": {                                                                    
        "all_clients": {                                                        
            "test": {                                                           
                "loss": "0.4295 -> 0.0000",                                     
                "accuracy": "87.05% -> 0.00%"                                   
            }                                                                   
        }                                                                       
    }                                                                           
}                                                                               
==================== FedAvg Max Accuracy ====================                   
all_clients:                                                                    
(test) before fine-tuning: 87.05% at epoch 400                                  
(test) after fine-tuning: 0.00% at epoch 100                                    
