==================== FedDpa ====================                                
Experiment Arguments:                                                           
{
│   'method': 'feddpa',
│   'dataset': {
│   │   'name': 'fmnist',
│   │   'client_num': 100,
│   │   'test_ratio': 0.25,
│   │   'val_ratio': 0.0,
│   │   'seed': 42,
│   │   'split': 'sample',
│   │   'IID_ratio': 0.0,
│   │   'monitor_window_name_suffix': 'fmnist-100clients-0%IID-Dir(0.1)-seed42',
│   │   'alpha': 0.1,
│   │   'min_samples_per_client': 10
│   },
│   'model': {
│   │   'name': 'avgcnn',
│   │   'use_torchvision_pretrained_weights': True,
│   │   'external_model_weights_path': None
│   },
│   'optimizer': {
│   │   'lr': 0.01,
│   │   'dampening': 0,
│   │   'weight_decay': 0,
│   │   'momentum': 0,
│   │   'nesterov': False,
│   │   'name': 'sgd'
│   },
│   'mode': 'serial',
│   'parallel': {
│   │   'ray_cluster_addr': None,
│   │   'num_cpus': None,
│   │   'num_gpus': None,
│   │   'num_workers': 2
│   },
│   'common': {
│   │   'seed': 42,
│   │   'join_ratio': 0.1,
│   │   'global_epoch': 400,
│   │   'local_epoch': 5,
│   │   'batch_size': 32,
│   │   'reset_optimizer_on_global_epoch': True,
│   │   'straggler_ratio': 0,
│   │   'straggler_min_local_epoch': 0,
│   │   'buffers': 'global',
│   │   'client_side_evaluation': True,
│   │   'test': {
│   │   │   'client': {
│   │   │   │   'interval': 100,
│   │   │   │   'finetune_epoch': 0,
│   │   │   │   'train': False,
│   │   │   │   'val': False,
│   │   │   │   'test': True
│   │   │   },
│   │   │   'server': {
│   │   │   │   'interval': -1,
│   │   │   │   'train': False,
│   │   │   │   'val': False,
│   │   │   │   'test': False,
│   │   │   │   'model_in_train_mode': False
│   │   │   }
│   │   },
│   │   'verbose_gap': 10,
│   │   'monitor': None,
│   │   'use_cuda': True,
│   │   'save_log': True,
│   │   'save_model': False,
│   │   'save_learning_curve_plot': False,
│   │   'save_metrics': True,
│   │   'delete_useless_run': True
│   },
│   'feddpa': {
│   │   'fisher_threshold': 0.4
│   }
}
---------------------------- TRAINING EPOCH: 10 ----------------------------    
client [77] (testset)   loss: 0.1804 -> 0.1402  accuracy: 94.82% -> 96.37%      
client [81] (testset)   loss: 0.7198 -> 0.4832  accuracy: 85.19% -> 88.89%      
client [21] (testset)   loss: 2.3202 -> 0.4850  accuracy: 0.62% -> 81.37%       
client [68] (testset)   loss: 0.3983 -> 0.2850  accuracy: 84.55% -> 90.91%      
client [93] (testset)   loss: 0.1335 -> 0.0409  accuracy: 100.00% -> 100.00%    
client [31] (testset)   loss: 1.2634 -> 0.6252  accuracy: 50.77% -> 84.62%      
client [20] (testset)   loss: 0.1363 -> 0.0928  accuracy: 95.43% -> 96.77%      
client [59] (testset)   loss: 2.3057 -> 0.6065  accuracy: 0.73% -> 83.94%       
client [48] (testset)   loss: 0.1341 -> 0.1330  accuracy: 98.73% -> 98.73%      
client [34] (testset)   loss: 0.6914 -> 0.4503  accuracy: 92.31% -> 92.31%      
---------------------------- TRAINING EPOCH: 20 ----------------------------    
client [69] (testset)   loss: 0.3210 -> 0.2517  accuracy: 93.21% -> 94.44%      
client [99] (testset)   loss: 0.1337 -> 0.0991  accuracy: 97.89% -> 98.42%      
client [67] (testset)   loss: 0.3929 -> 0.2985  accuracy: 89.69% -> 91.75%      
client [0]  (testset)   loss: 0.8653 -> 0.7273  accuracy: 75.51% -> 73.47%      
client [76] (testset)   loss: 1.4092 -> 1.3000  accuracy: 60.00% -> 60.00%      
client [41] (testset)   loss: 0.4312 -> 0.3428  accuracy: 87.10% -> 87.10%      
client [62] (testset)   loss: 2.2886 -> 0.8516  accuracy: 0.00% -> 55.00%       
client [2]  (testset)   loss: 2.2409 -> 0.0439  accuracy: 0.22% -> 98.47%       
client [14] (testset)   loss: 0.4760 -> 0.4342  accuracy: 84.52% -> 84.76%      
client [46] (testset)   loss: 0.3793 -> 0.3807  accuracy: 90.62% -> 90.62%      
---------------------------- TRAINING EPOCH: 30 ----------------------------    
client [24] (testset)   loss: 0.6151 -> 0.6008  accuracy: 84.57% -> 84.00%      
client [68] (testset)   loss: 0.2653 -> 0.2142  accuracy: 90.00% -> 91.82%      
client [57] (testset)   loss: 0.0890 -> 0.0854  accuracy: 98.18% -> 97.45%      
client [17] (testset)   loss: 0.3189 -> 0.2523  accuracy: 89.84% -> 91.44%      
client [54] (testset)   loss: 0.3004 -> 0.3192  accuracy: 85.71% -> 85.71%      
client [23] (testset)   loss: 2.1996 -> 0.3170  accuracy: 41.41% -> 91.92%      
client [35] (testset)   loss: 0.0995 -> 0.0790  accuracy: 97.30% -> 100.00%     
client [59] (testset)   loss: 0.4597 -> 0.4885  accuracy: 85.40% -> 83.94%      
client [31] (testset)   loss: 0.3175 -> 0.3188  accuracy: 86.15% -> 86.15%      
client [9]  (testset)   loss: 0.1743 -> 0.1608  accuracy: 95.14% -> 94.10%      
---------------------------- TRAINING EPOCH: 40 ----------------------------    
client [64] (testset)   loss: 0.2992 -> 0.1850  accuracy: 88.72% -> 94.74%      
client [33] (testset)   loss: 0.1921 -> 0.1820  accuracy: 94.74% -> 94.74%      
client [16] (testset)   loss: 0.0922 -> 0.0589  accuracy: 97.50% -> 98.33%      
client [44] (testset)   loss: 0.4381 -> 0.2272  accuracy: 90.57% -> 95.28%      
client [8]  (testset)   loss: 0.4521 -> 0.4318  accuracy: 88.69% -> 88.39%      
client [31] (testset)   loss: 0.3021 -> 0.3198  accuracy: 89.23% -> 89.23%      
client [47] (testset)   loss: 0.2401 -> 0.1526  accuracy: 91.52% -> 93.91%      
client [36] (testset)   loss: 0.3056 -> 0.2899  accuracy: 91.46% -> 91.63%      
client [20] (testset)   loss: 0.0769 -> 0.0655  accuracy: 98.12% -> 98.39%      
client [56] (testset)   loss: 0.6019 -> 0.5485  accuracy: 78.99% -> 78.99%      
---------------------------- TRAINING EPOCH: 50 ----------------------------    
client [4]  (testset)   loss: 0.1837 -> 0.1529  accuracy: 94.62% -> 96.92%      
client [60] (testset)   loss: 0.2772 -> 0.2299  accuracy: 92.25% -> 94.10%      
client [28] (testset)   loss: 0.1635 -> 0.1819  accuracy: 94.64% -> 96.43%      
client [25] (testset)   loss: 0.2014 -> 0.1728  accuracy: 94.23% -> 95.19%      
client [58] (testset)   loss: 0.2136 -> 0.2095  accuracy: 92.35% -> 91.84%      
client [44] (testset)   loss: 0.2425 -> 0.1721  accuracy: 96.23% -> 94.34%      
client [39] (testset)   loss: 0.2022 -> 0.1521  accuracy: 100.00% -> 100.00%    
client [29] (testset)   loss: 0.2839 -> 0.2918  accuracy: 91.14% -> 91.14%      
client [3]  (testset)   loss: 0.3239 -> 0.2254  accuracy: 87.16% -> 92.22%      
client [84] (testset)   loss: 0.0198 -> 0.0142  accuracy: 100.00% -> 100.00%    
---------------------------- TRAINING EPOCH: 60 ----------------------------    
client [21] (testset)   loss: 0.8187 -> 0.3591  accuracy: 65.84% -> 85.71%      
client [84] (testset)   loss: 0.0132 -> 0.0127  accuracy: 100.00% -> 100.00%    
client [10] (testset)   loss: 0.1178 -> 0.1026  accuracy: 94.12% -> 95.59%      
client [36] (testset)   loss: 0.2270 -> 1.3728  accuracy: 92.45% -> 70.94%      
client [65] (testset)   loss: 0.7937 -> 0.7642  accuracy: 84.38% -> 84.38%      
client [81] (testset)   loss: 0.3995 -> 0.3447  accuracy: 83.33% -> 85.19%      
client [79] (testset)   loss: 0.3538 -> 0.3112  accuracy: 85.22% -> 88.18%      
client [42] (testset)   loss: 0.0776 -> 0.0728  accuracy: 98.06% -> 98.67%      
client [11] (testset)   loss: 0.4484 -> 0.3977  accuracy: 80.27% -> 84.75%      
client [96] (testset)   loss: 0.4178 -> 0.3676  accuracy: 84.67% -> 87.59%      
---------------------------- TRAINING EPOCH: 70 ----------------------------    
client [8]  (testset)   loss: 0.4300 -> 0.4056  accuracy: 88.69% -> 88.39%      
client [53] (testset)   loss: 0.0419 -> 0.0376  accuracy: 98.80% -> 98.80%      
client [52] (testset)   loss: 0.3002 -> 0.2555  accuracy: 86.44% -> 89.83%      
client [42] (testset)   loss: 0.0745 -> 0.0678  accuracy: 98.18% -> 98.55%      
client [69] (testset)   loss: 0.1904 -> 0.1958  accuracy: 96.30% -> 95.06%      
client [59] (testset)   loss: 0.4805 -> 0.5112  accuracy: 88.32% -> 85.40%      
client [7]  (testset)   loss: 0.0987 -> 0.0940  accuracy: 96.94% -> 96.51%      
client [26] (testset)   loss: 0.0916 -> 0.0772  accuracy: 97.14% -> 98.09%      
client [49] (testset)   loss: 0.0494 -> 0.0450  accuracy: 99.57% -> 99.57%      
client [98] (testset)   loss: 0.4765 -> 0.4653  accuracy: 87.23% -> 89.36%      
---------------------------- TRAINING EPOCH: 80 ----------------------------    
client [98] (testset)   loss: 0.4653 -> 0.4231  accuracy: 89.36% -> 85.11%      
client [47] (testset)   loss: 0.1925 -> 0.1998  accuracy: 93.48% -> 92.39%      
client [21] (testset)   loss: 0.3288 -> 0.3202  accuracy: 86.96% -> 88.82%      
client [77] (testset)   loss: 0.0774 -> 0.0767  accuracy: 96.37% -> 96.89%      
client [95] (testset)   loss: 0.2059 -> 0.2993  accuracy: 92.59% -> 90.74%      
client [91] (testset)   loss: 0.5387 -> 0.5696  accuracy: 92.31% -> 92.31%      
client [14] (testset)   loss: 0.3549 -> 0.3962  accuracy: 88.33% -> 86.43%      
client [99] (testset)   loss: 0.0902 -> 0.1014  accuracy: 98.16% -> 97.89%      
client [20] (testset)   loss: 0.0597 -> 0.0595  accuracy: 98.66% -> 98.39%      
client [39] (testset)   loss: 0.1194 -> 0.0987  accuracy: 100.00% -> 100.00%    
---------------------------- TRAINING EPOCH: 90 ----------------------------    
client [52] (testset)   loss: 0.2610 -> 0.2639  accuracy: 89.83% -> 89.83%      
client [62] (testset)   loss: 0.3791 -> 0.3832  accuracy: 90.00% -> 90.00%      
client [71] (testset)   loss: 0.1579 -> 0.0740  accuracy: 89.67% -> 96.20%      
client [97] (testset)   loss: 0.0728 -> 0.0642  accuracy: 97.84% -> 98.70%      
client [30] (testset)   loss: 0.1802 -> 0.1908  accuracy: 96.15% -> 96.15%      
client [88] (testset)   loss: 0.5594 -> 0.5717  accuracy: 81.71% -> 78.05%      
client [60] (testset)   loss: 0.2136 -> 0.2145  accuracy: 94.83% -> 94.10%      
client [82] (testset)   loss: 0.1005 -> 0.0999  accuracy: 98.29% -> 98.63%      
client [91] (testset)   loss: 0.5192 -> 0.5442  accuracy: 92.31% -> 92.31%      
client [57] (testset)   loss: 0.0659 -> 0.0563  accuracy: 98.18% -> 98.91%      
---------------------------- TRAINING EPOCH: 100 ----------------------------   
client [31] (testset)   loss: 0.2525 -> 0.5280  accuracy: 89.23% -> 75.38%      
client [15] (testset)   loss: 0.2566 -> 0.2464  accuracy: 90.31% -> 90.94%      
client [71] (testset)   loss: 0.0733 -> 0.1118  accuracy: 96.20% -> 91.85%      
client [97] (testset)   loss: 0.0611 -> 0.0577  accuracy: 97.84% -> 98.27%      
client [53] (testset)   loss: 0.0388 -> 0.0328  accuracy: 98.80% -> 98.80%      
client [77] (testset)   loss: 0.0784 -> 0.0671  accuracy: 96.89% -> 97.41%      
client [76] (testset)   loss: 0.4755 -> 0.4939  accuracy: 86.67% -> 86.67%      
client [79] (testset)   loss: 0.3101 -> 0.3004  accuracy: 87.19% -> 88.18%      
client [28] (testset)   loss: 0.0586 -> 0.0453  accuracy: 94.64% -> 96.43%      
client [99] (testset)   loss: 0.0874 -> 0.1035  accuracy: 98.16% -> 97.89%      
---------------------------- TRAINING EPOCH: 110 ----------------------------   
client [97] (testset)   loss: 0.0645 -> 0.0676  accuracy: 98.27% -> 98.27%      
client [86] (testset)   loss: 0.3268 -> 0.2865  accuracy: 94.12% -> 94.12%      
client [34] (testset)   loss: 0.2752 -> 0.3461  accuracy: 96.15% -> 96.15%      
client [73] (testset)   loss: 0.0560 -> 0.0509  accuracy: 97.71% -> 98.47%      
client [5]  (testset)   loss: 0.1630 -> 0.1571  accuracy: 94.76% -> 93.81%      
client [96] (testset)   loss: 0.3013 -> 0.3099  accuracy: 89.78% -> 89.05%      
client [22] (testset)   loss: 0.0825 -> 0.0823  accuracy: 96.91% -> 97.94%      
client [60] (testset)   loss: 0.1977 -> 0.1931  accuracy: 94.10% -> 94.83%      
client [66] (testset)   loss: 0.2287 -> 0.1759  accuracy: 91.24% -> 94.02%      
client [83] (testset)   loss: 0.0558 -> 0.0519  accuracy: 98.09% -> 98.09%      
---------------------------- TRAINING EPOCH: 120 ----------------------------   
client [76] (testset)   loss: 0.4258 -> 0.3724  accuracy: 86.67% -> 86.67%      
client [65] (testset)   loss: 0.6531 -> 0.6541  accuracy: 87.50% -> 87.50%      
client [95] (testset)   loss: 0.1878 -> 0.2368  accuracy: 94.44% -> 92.59%      
client [17] (testset)   loss: 0.1983 -> 0.1883  accuracy: 93.05% -> 94.65%      
client [8]  (testset)   loss: 0.3794 -> 0.3688  accuracy: 89.88% -> 90.18%      
client [35] (testset)   loss: 0.0419 -> 0.0379  accuracy: 100.00% -> 100.00%    
client [98] (testset)   loss: 0.4406 -> 0.4871  accuracy: 89.36% -> 85.11%      
client [53] (testset)   loss: 0.0341 -> 0.0315  accuracy: 98.80% -> 98.80%      
client [43] (testset)   loss: 1.1908 -> 0.1911  accuracy: 50.77% -> 90.77%      
client [64] (testset)   loss: 0.1783 -> 0.2277  accuracy: 93.23% -> 92.48%      
---------------------------- TRAINING EPOCH: 130 ----------------------------   
client [21] (testset)   loss: 0.3097 -> 0.2988  accuracy: 85.71% -> 90.06%      
client [88] (testset)   loss: 0.4436 -> 0.4499  accuracy: 85.37% -> 85.37%      
client [38] (testset)   loss: 0.5549 -> 0.5575  accuracy: 81.82% -> 81.82%      
client [3]  (testset)   loss: 0.1428 -> 0.1327  accuracy: 94.55% -> 93.77%      
client [5]  (testset)   loss: 0.1591 -> 0.1630  accuracy: 94.29% -> 93.81%      
client [41] (testset)   loss: 0.2629 -> 0.2546  accuracy: 90.73% -> 91.94%      
client [7]  (testset)   loss: 0.0864 -> 0.0875  accuracy: 96.94% -> 96.51%      
client [37] (testset)   loss: 0.1701 -> 0.1574  accuracy: 92.39% -> 94.57%      
client [45] (testset)   loss: 0.3675 -> 0.4017  accuracy: 81.08% -> 83.78%      
client [47] (testset)   loss: 0.1196 -> 0.3437  accuracy: 95.65% -> 86.96%      
---------------------------- TRAINING EPOCH: 140 ----------------------------   
client [16] (testset)   loss: 0.0403 -> 0.0438  accuracy: 98.33% -> 98.33%      
client [11] (testset)   loss: 0.4114 -> 0.3105  accuracy: 87.00% -> 88.34%      
client [37] (testset)   loss: 0.1864 -> 0.2310  accuracy: 91.30% -> 90.22%      
client [41] (testset)   loss: 0.2582 -> 0.2545  accuracy: 91.94% -> 91.13%      
client [95] (testset)   loss: 0.1856 -> 0.2199  accuracy: 94.44% -> 88.89%      
client [53] (testset)   loss: 0.0356 -> 0.0301  accuracy: 98.80% -> 99.10%      
client [22] (testset)   loss: 0.0745 -> 0.0689  accuracy: 98.97% -> 97.94%      
client [25] (testset)   loss: 0.1407 -> 0.1369  accuracy: 94.23% -> 96.15%      
client [69] (testset)   loss: 0.1855 -> 0.2026  accuracy: 96.30% -> 96.30%      
client [46] (testset)   loss: 0.7115 -> 1.5244  accuracy: 70.83% -> 22.92%      
---------------------------- TRAINING EPOCH: 150 ----------------------------   
client [47] (testset)   loss: 0.1403 -> 0.2435  accuracy: 94.78% -> 90.22%      
client [69] (testset)   loss: 0.1943 -> 0.2029  accuracy: 96.30% -> 96.30%      
client [82] (testset)   loss: 0.0999 -> 0.1061  accuracy: 98.63% -> 98.63%      
client [45] (testset)   loss: 0.3202 -> 0.2897  accuracy: 86.49% -> 89.19%      
client [7]  (testset)   loss: 0.0870 -> 0.0765  accuracy: 96.51% -> 97.38%      
client [50] (testset)   loss: 0.0355 -> 0.0369  accuracy: 98.86% -> 98.86%      
client [35] (testset)   loss: 0.0376 -> 0.0323  accuracy: 100.00% -> 100.00%    
client [24] (testset)   loss: 0.4050 -> 0.4335  accuracy: 86.86% -> 82.86%      
client [15] (testset)   loss: 0.2389 -> 0.2272  accuracy: 90.94% -> 90.94%      
client [58] (testset)   loss: 0.1621 -> 0.1721  accuracy: 95.41% -> 94.39%      
---------------------------- TRAINING EPOCH: 160 ----------------------------   
client [48] (testset)   loss: 0.0377 -> 0.0379  accuracy: 98.73% -> 98.73%      
client [76] (testset)   loss: 0.3477 -> 0.3986  accuracy: 86.67% -> 86.67%      
client [67] (testset)   loss: 0.1750 -> 0.1734  accuracy: 94.50% -> 95.19%      
client [37] (testset)   loss: 0.1800 -> 0.1495  accuracy: 92.39% -> 95.65%      
client [58] (testset)   loss: 0.1561 -> 0.1663  accuracy: 94.39% -> 94.90%      
client [64] (testset)   loss: 0.1701 -> 0.1721  accuracy: 93.98% -> 93.98%      
client [77] (testset)   loss: 0.0554 -> 0.0535  accuracy: 97.93% -> 97.93%      
client [55] (testset)   loss: 0.0050 -> 0.0047  accuracy: 100.00% -> 100.00%    
client [12] (testset)   loss: 0.1729 -> 0.1593  accuracy: 93.96% -> 94.67%      
client [89] (testset)   loss: 0.4591 -> 0.4333  accuracy: 84.21% -> 84.21%      
---------------------------- TRAINING EPOCH: 170 ----------------------------   
client [84] (testset)   loss: 0.0051 -> 0.0054  accuracy: 100.00% -> 100.00%    
client [51] (testset)   loss: 0.0602 -> 0.0610  accuracy: 97.55% -> 97.55%      
client [8]  (testset)   loss: 0.3464 -> 0.3442  accuracy: 89.88% -> 90.77%      
client [18] (testset)   loss: 0.0378 -> 0.0343  accuracy: 98.01% -> 98.01%      
client [94] (testset)   loss: 0.2858 -> 0.1478  accuracy: 88.55% -> 94.66%      
client [81] (testset)   loss: 0.0453 -> 0.0494  accuracy: 98.15% -> 98.15%      
client [3]  (testset)   loss: 0.1349 -> 0.1332  accuracy: 93.39% -> 94.16%      
client [11] (testset)   loss: 0.3055 -> 0.3212  accuracy: 87.89% -> 87.89%      
client [95] (testset)   loss: 0.2217 -> 0.1960  accuracy: 90.74% -> 92.59%      
client [67] (testset)   loss: 0.1739 -> 0.1780  accuracy: 95.19% -> 95.19%      
---------------------------- TRAINING EPOCH: 180 ----------------------------   
client [21] (testset)   loss: 0.4185 -> 0.2593  accuracy: 86.34% -> 89.44%      
client [79] (testset)   loss: 0.2973 -> 0.2906  accuracy: 89.16% -> 89.66%      
client [58] (testset)   loss: 0.1536 -> 0.1673  accuracy: 94.90% -> 92.86%      
client [88] (testset)   loss: 0.4158 -> 0.4832  accuracy: 84.15% -> 82.93%      
client [46] (testset)   loss: 0.3211 -> 0.3586  accuracy: 90.62% -> 90.62%      
client [11] (testset)   loss: 0.3138 -> 0.3055  accuracy: 87.89% -> 87.00%      
client [55] (testset)   loss: 0.0040 -> 0.0045  accuracy: 100.00% -> 100.00%    
client [13] (testset)   loss: 0.4024 -> 0.4310  accuracy: 88.14% -> 87.82%      
client [31] (testset)   loss: 0.2703 -> 0.3424  accuracy: 92.31% -> 81.54%      
client [75] (testset)   loss: 0.3284 -> 0.3562  accuracy: 87.08% -> 85.65%      
---------------------------- TRAINING EPOCH: 190 ----------------------------   
client [19] (testset)   loss: 0.2480 -> 0.2529  accuracy: 86.44% -> 88.14%      
client [7]  (testset)   loss: 0.0732 -> 0.0641  accuracy: 97.38% -> 97.38%      
client [57] (testset)   loss: 0.0469 -> 0.0531  accuracy: 98.54% -> 98.18%      
client [13] (testset)   loss: 0.4035 -> 0.4653  accuracy: 88.14% -> 87.82%      
client [43] (testset)   loss: 0.1752 -> 0.1480  accuracy: 92.31% -> 95.38%      
client [91] (testset)   loss: 0.5401 -> 0.5577  accuracy: 92.31% -> 92.31%      
client [10] (testset)   loss: 0.0307 -> 0.0291  accuracy: 100.00% -> 100.00%    
client [64] (testset)   loss: 0.1353 -> 0.1398  accuracy: 95.49% -> 95.49%      
client [82] (testset)   loss: 0.1091 -> 0.1140  accuracy: 98.63% -> 98.63%      
client [22] (testset)   loss: 0.0539 -> 0.0535  accuracy: 97.94% -> 97.94%      
---------------------------- TRAINING EPOCH: 200 ----------------------------   
client [20] (testset)   loss: 0.0545 -> 0.0600  accuracy: 98.12% -> 98.39%      
client [23] (testset)   loss: 0.1453 -> 0.1826  accuracy: 94.95% -> 93.94%      
client [88] (testset)   loss: 0.4980 -> 0.4047  accuracy: 80.49% -> 85.37%      
client [98] (testset)   loss: 0.5308 -> 0.4767  accuracy: 85.11% -> 89.36%      
client [79] (testset)   loss: 0.2999 -> 0.8154  accuracy: 89.66% -> 85.71%      
client [21] (testset)   loss: 0.2758 -> 0.2523  accuracy: 88.20% -> 90.06%      
client [92] (testset)   loss: 0.1698 -> 0.1483  accuracy: 94.89% -> 94.89%      
client [56] (testset)   loss: 0.6050 -> 0.4124  accuracy: 73.95% -> 85.71%      
client [5]  (testset)   loss: 0.1448 -> 0.1965  accuracy: 94.76% -> 93.33%      
client [52] (testset)   loss: 0.2133 -> 0.2118  accuracy: 89.83% -> 89.83%      
---------------------------- TRAINING EPOCH: 210 ----------------------------   
client [67] (testset)   loss: 0.1974 -> 0.1916  accuracy: 95.53% -> 95.88%      
client [54] (testset)   loss: 0.2943 -> 0.3623  accuracy: 85.71% -> 88.31%      
client [14] (testset)   loss: 0.3355 -> 0.3520  accuracy: 89.76% -> 88.57%      
client [99] (testset)   loss: 0.0807 -> 0.0811  accuracy: 98.16% -> 98.16%      
client [36] (testset)   loss: 0.3600 -> 0.1964  accuracy: 86.54% -> 94.91%      
client [30] (testset)   loss: 0.1893 -> 0.1859  accuracy: 96.15% -> 96.15%      
client [38] (testset)   loss: 0.6371 -> 0.4361  accuracy: 70.13% -> 88.31%      
client [15] (testset)   loss: 0.2211 -> 0.2297  accuracy: 91.56% -> 90.94%      
client [6]  (testset)   loss: 0.1063 -> 0.1109  accuracy: 96.10% -> 96.10%      
client [53] (testset)   loss: 0.0263 -> 0.0238  accuracy: 99.10% -> 99.40%      
---------------------------- TRAINING EPOCH: 220 ----------------------------   
client [99] (testset)   loss: 0.0767 -> 0.0834  accuracy: 98.42% -> 98.16%      
client [6]  (testset)   loss: 0.1096 -> 0.1145  accuracy: 96.10% -> 96.10%      
client [83] (testset)   loss: 0.0366 -> 0.0360  accuracy: 99.36% -> 98.09%      
client [42] (testset)   loss: 0.0685 -> 0.0736  accuracy: 98.67% -> 98.55%      
client [34] (testset)   loss: 0.3943 -> 0.3083  accuracy: 88.46% -> 96.15%      
client [15] (testset)   loss: 0.2332 -> 0.2399  accuracy: 91.25% -> 90.94%      
client [47] (testset)   loss: 0.1283 -> 0.1087  accuracy: 95.65% -> 96.74%      
client [55] (testset)   loss: 0.0025 -> 0.0024  accuracy: 100.00% -> 100.00%    
client [51] (testset)   loss: 0.0602 -> 0.0625  accuracy: 97.55% -> 97.55%      
client [95] (testset)   loss: 0.5957 -> 0.1997  accuracy: 85.19% -> 90.74%      
---------------------------- TRAINING EPOCH: 230 ----------------------------   
client [71] (testset)   loss: 0.0921 -> 0.0759  accuracy: 95.65% -> 96.74%      
client [15] (testset)   loss: 0.2368 -> 0.2527  accuracy: 90.62% -> 91.25%      
client [33] (testset)   loss: 0.1194 -> 0.1409  accuracy: 95.32% -> 94.74%      
client [99] (testset)   loss: 0.0879 -> 0.0885  accuracy: 98.16% -> 98.16%      
client [90] (testset)   loss: 0.0434 -> 0.0631  accuracy: 97.97% -> 97.30%      
client [57] (testset)   loss: 0.0430 -> 0.0415  accuracy: 98.91% -> 98.91%      
client [27] (testset)   loss: 0.0301 -> 0.0274  accuracy: 97.67% -> 97.67%      
client [78] (testset)   loss: 0.0222 -> 0.0205  accuracy: 99.21% -> 99.21%      
client [36] (testset)   loss: 0.2017 -> 0.2078  accuracy: 94.42% -> 94.42%      
client [88] (testset)   loss: 0.4295 -> 0.4082  accuracy: 82.93% -> 86.59%      
---------------------------- TRAINING EPOCH: 240 ----------------------------   
client [70] (testset)   loss: 0.3663 -> 0.3726  accuracy: 91.89% -> 91.89%      
client [35] (testset)   loss: 0.0260 -> 0.0242  accuracy: 100.00% -> 100.00%    
client [16] (testset)   loss: 0.0338 -> 0.0388  accuracy: 98.33% -> 98.33%      
client [80] (testset)   loss: 0.0409 -> 0.0436  accuracy: 98.08% -> 98.08%      
client [38] (testset)   loss: 0.4854 -> 0.4444  accuracy: 83.12% -> 87.01%      
client [78] (testset)   loss: 0.0194 -> 0.0170  accuracy: 99.21% -> 99.21%      
client [68] (testset)   loss: 0.1587 -> 0.1441  accuracy: 93.64% -> 94.55%      
client [11] (testset)   loss: 0.3081 -> 0.3218  accuracy: 88.34% -> 87.44%      
client [64] (testset)   loss: 0.1697 -> 0.1846  accuracy: 94.74% -> 93.23%      
client [82] (testset)   loss: 0.1058 -> 0.1055  accuracy: 98.63% -> 98.63%      
---------------------------- TRAINING EPOCH: 250 ----------------------------   
client [30] (testset)   loss: 0.1783 -> 0.1820  accuracy: 97.12% -> 97.12%      
client [27] (testset)   loss: 0.0269 -> 0.0263  accuracy: 97.67% -> 97.67%      
client [74] (testset)   loss: 0.2767 -> 0.1966  accuracy: 88.89% -> 92.59%      
client [45] (testset)   loss: 0.3112 -> 0.3433  accuracy: 86.49% -> 86.49%      
client [6]  (testset)   loss: 0.1107 -> 0.1160  accuracy: 96.10% -> 96.10%      
client [36] (testset)   loss: 0.2318 -> 0.2488  accuracy: 93.92% -> 93.92%      
client [63] (testset)   loss: 0.0470 -> 0.0579  accuracy: 96.91% -> 96.91%      
client [76] (testset)   loss: 0.3564 -> 0.4232  accuracy: 86.67% -> 86.67%      
client [83] (testset)   loss: 0.0323 -> 0.0312  accuracy: 98.09% -> 98.09%      
client [86] (testset)   loss: 0.2004 -> 0.2028  accuracy: 94.12% -> 94.12%      
---------------------------- TRAINING EPOCH: 260 ----------------------------   
client [83] (testset)   loss: 0.0317 -> 0.0348  accuracy: 98.73% -> 98.09%      
client [99] (testset)   loss: 0.0808 -> 0.0798  accuracy: 98.16% -> 98.16%      
client [74] (testset)   loss: 0.3015 -> 0.2957  accuracy: 88.89% -> 88.89%      
client [73] (testset)   loss: 0.0363 -> 0.0350  accuracy: 99.24% -> 99.24%      
client [29] (testset)   loss: 0.2716 -> 0.2823  accuracy: 92.41% -> 88.61%      
client [92] (testset)   loss: 0.1466 -> 0.1422  accuracy: 95.62% -> 95.62%      
client [6]  (testset)   loss: 0.1254 -> 0.1259  accuracy: 96.10% -> 96.10%      
client [61] (testset)   loss: 0.0603 -> 0.0642  accuracy: 97.56% -> 98.78%      
client [21] (testset)   loss: 0.3718 -> 0.4600  accuracy: 85.71% -> 84.47%      
client [67] (testset)   loss: 0.1951 -> 0.2000  accuracy: 95.19% -> 95.53%      
---------------------------- TRAINING EPOCH: 270 ----------------------------   
client [83] (testset)   loss: 0.0320 -> 0.0343  accuracy: 98.09% -> 98.09%      
client [32] (testset)   loss: 0.2713 -> 0.2669  accuracy: 90.00% -> 90.28%      
client [95] (testset)   loss: 0.2282 -> 0.1757  accuracy: 90.74% -> 90.74%      
client [61] (testset)   loss: 0.0634 -> 0.0625  accuracy: 97.56% -> 97.56%      
client [27] (testset)   loss: 0.0234 -> 0.0224  accuracy: 100.00% -> 100.00%    
client [25] (testset)   loss: 0.1318 -> 0.1425  accuracy: 96.15% -> 97.12%      
client [68] (testset)   loss: 0.1478 -> 0.1575  accuracy: 94.55% -> 94.55%      
client [34] (testset)   loss: 0.5043 -> 0.4204  accuracy: 80.77% -> 88.46%      
client [71] (testset)   loss: 0.1000 -> 0.0747  accuracy: 95.11% -> 96.74%      
client [89] (testset)   loss: 0.4319 -> 0.4539  accuracy: 89.47% -> 84.21%      
---------------------------- TRAINING EPOCH: 280 ----------------------------   
client [78] (testset)   loss: 0.0128 -> 0.0114  accuracy: 99.21% -> 99.21%      
client [81] (testset)   loss: 0.0200 -> 0.0172  accuracy: 100.00% -> 100.00%    
client [51] (testset)   loss: 0.0528 -> 0.0578  accuracy: 97.55% -> 97.55%      
client [54] (testset)   loss: 0.4496 -> 0.3692  accuracy: 87.01% -> 87.01%      
client [65] (testset)   loss: 0.4979 -> 0.4879  accuracy: 87.50% -> 87.50%      
client [41] (testset)   loss: 0.2557 -> 0.2498  accuracy: 94.76% -> 93.55%      
client [11] (testset)   loss: 0.2960 -> 0.3304  accuracy: 87.00% -> 87.00%      
client [85] (testset)   loss: 0.0402 -> 0.0449  accuracy: 98.25% -> 98.25%      
client [12] (testset)   loss: 0.1532 -> 0.2537  accuracy: 94.67% -> 92.30%      
client [23] (testset)   loss: 0.1963 -> 0.2011  accuracy: 94.95% -> 94.95%      
---------------------------- TRAINING EPOCH: 290 ----------------------------   
client [16] (testset)   loss: 0.0301 -> 0.0345  accuracy: 99.17% -> 98.33%      
client [65] (testset)   loss: 0.4647 -> 0.4559  accuracy: 87.50% -> 87.50%      
client [53] (testset)   loss: 0.0232 -> 0.0195  accuracy: 99.10% -> 99.70%      
client [58] (testset)   loss: 0.1492 -> 0.1501  accuracy: 93.88% -> 94.39%      
client [72] (testset)   loss: 0.0709 -> 0.0600  accuracy: 96.49% -> 96.49%      
client [7]  (testset)   loss: 0.0625 -> 0.0603  accuracy: 98.25% -> 97.82%      
client [71] (testset)   loss: 0.0748 -> 0.0755  accuracy: 96.74% -> 96.74%      
client [59] (testset)   loss: 0.5598 -> 0.5487  accuracy: 87.59% -> 87.59%      
client [86] (testset)   loss: 0.1762 -> 0.1952  accuracy: 94.12% -> 94.12%      
client [39] (testset)   loss: 0.0151 -> 0.0100  accuracy: 100.00% -> 100.00%    
---------------------------- TRAINING EPOCH: 300 ----------------------------   
client [99] (testset)   loss: 0.0906 -> 0.0964  accuracy: 98.16% -> 98.16%      
client [7]  (testset)   loss: 0.0568 -> 0.0544  accuracy: 97.82% -> 97.82%      
client [17] (testset)   loss: 0.1824 -> 0.1936  accuracy: 94.12% -> 94.65%      
client [64] (testset)   loss: 0.1499 -> 0.1633  accuracy: 94.74% -> 93.98%      
client [37] (testset)   loss: 0.1724 -> 0.1746  accuracy: 94.57% -> 94.57%      
client [29] (testset)   loss: 0.3619 -> 0.2631  accuracy: 89.87% -> 89.87%      
client [93] (testset)   loss: 0.0342 -> 0.0348  accuracy: 98.31% -> 98.31%      
client [73] (testset)   loss: 0.0247 -> 0.0281  accuracy: 99.24% -> 99.24%      
client [40] (testset)   loss: 0.1879 -> 0.1953  accuracy: 95.00% -> 95.00%      
client [76] (testset)   loss: 0.4051 -> 0.4191  accuracy: 86.67% -> 86.67%      
---------------------------- TRAINING EPOCH: 310 ----------------------------   
client [31] (testset)   loss: 0.2857 -> 0.2759  accuracy: 92.31% -> 92.31%      
client [89] (testset)   loss: 0.4533 -> 0.4664  accuracy: 89.47% -> 89.47%      
client [77] (testset)   loss: 0.0386 -> 0.0375  accuracy: 98.45% -> 98.45%      
client [90] (testset)   loss: 0.0594 -> 0.0846  accuracy: 97.97% -> 97.30%      
client [26] (testset)   loss: 0.0772 -> 0.0833  accuracy: 97.93% -> 97.93%      
client [50] (testset)   loss: 0.0338 -> 0.0282  accuracy: 98.86% -> 98.29%      
client [30] (testset)   loss: 0.1927 -> 0.1844  accuracy: 96.15% -> 96.15%      
client [70] (testset)   loss: 0.3779 -> 0.3877  accuracy: 91.89% -> 91.89%      
client [41] (testset)   loss: 0.2919 -> 0.2928  accuracy: 91.53% -> 91.53%      
client [99] (testset)   loss: 0.0995 -> 0.0985  accuracy: 98.16% -> 98.16%      
---------------------------- TRAINING EPOCH: 320 ----------------------------   
client [68] (testset)   loss: 0.1554 -> 0.1468  accuracy: 94.55% -> 94.55%      
client [70] (testset)   loss: 0.3894 -> 0.4050  accuracy: 91.89% -> 91.89%      
client [52] (testset)   loss: 0.2761 -> 0.3013  accuracy: 89.83% -> 86.44%      
client [1]  (testset)   loss: 0.4296 -> 0.4499  accuracy: 92.06% -> 93.65%      
client [2]  (testset)   loss: 0.0145 -> 0.0153  accuracy: 99.56% -> 99.12%      
client [67] (testset)   loss: 0.2080 -> 0.2240  accuracy: 95.53% -> 95.53%      
client [92] (testset)   loss: 0.1418 -> 0.1471  accuracy: 95.62% -> 95.62%      
client [35] (testset)   loss: 0.0224 -> 0.0209  accuracy: 100.00% -> 100.00%    
client [36] (testset)   loss: 0.2268 -> 0.2307  accuracy: 94.25% -> 94.58%      
client [64] (testset)   loss: 0.1480 -> 0.1483  accuracy: 94.74% -> 94.74%      
---------------------------- TRAINING EPOCH: 330 ----------------------------   
client [44] (testset)   loss: 0.0899 -> 0.0790  accuracy: 97.17% -> 97.17%      
client [6]  (testset)   loss: 0.1217 -> 0.1293  accuracy: 96.75% -> 96.10%      
client [12] (testset)   loss: 0.1936 -> 0.1785  accuracy: 94.19% -> 94.55%      
client [55] (testset)   loss: 0.0024 -> 0.0023  accuracy: 100.00% -> 100.00%    
client [29] (testset)   loss: 0.3576 -> 0.3788  accuracy: 89.87% -> 91.14%      
client [9]  (testset)   loss: 0.1204 -> 0.1284  accuracy: 95.83% -> 95.49%      
client [43] (testset)   loss: 0.1037 -> 0.1093  accuracy: 96.92% -> 96.92%      
client [77] (testset)   loss: 0.0375 -> 0.0377  accuracy: 98.45% -> 97.93%      
client [98] (testset)   loss: 0.6052 -> 0.5648  accuracy: 89.36% -> 91.49%      
client [78] (testset)   loss: 0.0110 -> 0.0102  accuracy: 99.21% -> 99.21%      
---------------------------- TRAINING EPOCH: 340 ----------------------------   
client [92] (testset)   loss: 0.1464 -> 0.1480  accuracy: 95.62% -> 95.62%      
client [80] (testset)   loss: 0.0380 -> 0.0334  accuracy: 98.08% -> 98.08%      
client [63] (testset)   loss: 0.0484 -> 0.0514  accuracy: 97.94% -> 97.94%      
client [76] (testset)   loss: 0.4133 -> 0.4012  accuracy: 86.67% -> 86.67%      
client [78] (testset)   loss: 0.0092 -> 0.0101  accuracy: 100.00% -> 99.21%     
client [25] (testset)   loss: 0.1432 -> 0.1297  accuracy: 97.12% -> 96.15%      
client [58] (testset)   loss: 0.1552 -> 0.1537  accuracy: 94.39% -> 93.88%      
client [13] (testset)   loss: 0.5911 -> 0.4553  accuracy: 88.46% -> 85.58%      
client [17] (testset)   loss: 0.2067 -> 0.2148  accuracy: 94.12% -> 93.58%      
client [38] (testset)   loss: 0.5268 -> 0.4296  accuracy: 87.01% -> 88.31%      
---------------------------- TRAINING EPOCH: 350 ----------------------------   
client [72] (testset)   loss: 0.0730 -> 0.0484  accuracy: 96.49% -> 98.25%      
client [82] (testset)   loss: 0.1147 -> 0.1144  accuracy: 98.63% -> 98.63%      
client [86] (testset)   loss: 0.1829 -> 0.1789  accuracy: 94.12% -> 94.12%      
client [51] (testset)   loss: 0.0713 -> 0.0645  accuracy: 98.04% -> 97.55%      
client [96] (testset)   loss: 0.2828 -> 0.2798  accuracy: 91.97% -> 91.24%      
client [42] (testset)   loss: 0.0736 -> 0.0779  accuracy: 98.79% -> 98.42%      
client [55] (testset)   loss: 0.0017 -> 0.0013  accuracy: 100.00% -> 100.00%    
client [13] (testset)   loss: 0.4989 -> 0.4843  accuracy: 87.82% -> 86.86%      
client [1]  (testset)   loss: 0.4256 -> 0.4379  accuracy: 92.06% -> 93.65%      
client [12] (testset)   loss: 0.1839 -> 0.1695  accuracy: 94.79% -> 94.91%      
---------------------------- TRAINING EPOCH: 360 ----------------------------   
client [68] (testset)   loss: 0.1531 -> 0.1448  accuracy: 94.55% -> 94.55%      
client [23] (testset)   loss: 0.1609 -> 0.1482  accuracy: 94.95% -> 94.95%      
client [46] (testset)   loss: 0.3345 -> 1.5914  accuracy: 92.71% -> 33.33%      
client [41] (testset)   loss: 0.2788 -> 0.2681  accuracy: 93.95% -> 93.95%      
client [25] (testset)   loss: 0.1338 -> 0.1476  accuracy: 97.12% -> 97.12%      
client [58] (testset)   loss: 0.1572 -> 0.1596  accuracy: 93.37% -> 93.88%      
client [14] (testset)   loss: 0.4054 -> 0.4234  accuracy: 88.81% -> 87.62%      
client [33] (testset)   loss: 0.1120 -> 0.1452  accuracy: 95.32% -> 95.32%      
client [85] (testset)   loss: 0.0269 -> 0.0308  accuracy: 98.25% -> 98.25%      
client [62] (testset)   loss: 0.4632 -> 0.4692  accuracy: 90.00% -> 90.00%      
---------------------------- TRAINING EPOCH: 370 ----------------------------   
client [98] (testset)   loss: 0.7107 -> 0.5558  accuracy: 85.11% -> 89.36%      
client [63] (testset)   loss: 0.0518 -> 0.0469  accuracy: 97.94% -> 97.94%      
client [70] (testset)   loss: 0.4147 -> 0.4203  accuracy: 91.89% -> 91.89%      
client [65] (testset)   loss: 0.3891 -> 0.4275  accuracy: 87.50% -> 87.50%      
client [14] (testset)   loss: 0.4583 -> 0.4317  accuracy: 89.52% -> 87.86%      
client [73] (testset)   loss: 0.0242 -> 0.0266  accuracy: 99.24% -> 99.24%      
client [34] (testset)   loss: 0.3391 -> 0.4754  accuracy: 96.15% -> 84.62%      
client [99] (testset)   loss: 0.0768 -> 0.0888  accuracy: 98.42% -> 98.16%      
client [69] (testset)   loss: 0.2465 -> 0.2440  accuracy: 96.30% -> 96.30%      
client [46] (testset)   loss: 1.5436 -> 1.6375  accuracy: 34.38% -> 33.33%      
---------------------------- TRAINING EPOCH: 380 ----------------------------   
client [99] (testset)   loss: 0.0812 -> 0.0941  accuracy: 98.16% -> 98.16%      
client [93] (testset)   loss: 0.0354 -> 0.0390  accuracy: 98.31% -> 98.31%      
client [11] (testset)   loss: 0.3131 -> 0.3242  accuracy: 87.89% -> 89.24%      
client [58] (testset)   loss: 0.1458 -> 0.1559  accuracy: 93.88% -> 94.90%      
client [81] (testset)   loss: 0.0101 -> 0.0112  accuracy: 100.00% -> 100.00%    
client [85] (testset)   loss: 0.0277 -> 0.0311  accuracy: 98.25% -> 98.25%      
client [89] (testset)   loss: 0.4568 -> 0.4539  accuracy: 89.47% -> 89.47%      
client [45] (testset)   loss: 0.3034 -> 0.3043  accuracy: 89.19% -> 89.19%      
client [8]  (testset)   loss: 0.3638 -> 0.3488  accuracy: 91.07% -> 90.48%      
client [68] (testset)   loss: 0.1776 -> 0.1481  accuracy: 93.64% -> 94.55%      
---------------------------- TRAINING EPOCH: 390 ----------------------------   
client [67] (testset)   loss: 0.2264 -> 0.2202  accuracy: 95.53% -> 95.88%      
client [72] (testset)   loss: 0.0507 -> 0.0541  accuracy: 96.49% -> 96.49%      
client [1]  (testset)   loss: 0.4026 -> 0.4149  accuracy: 93.65% -> 93.65%      
client [78] (testset)   loss: 0.0069 -> 0.0066  accuracy: 100.00% -> 100.00%    
client [83] (testset)   loss: 0.0254 -> 0.0293  accuracy: 99.36% -> 98.73%      
client [21] (testset)   loss: 0.2833 -> 0.4759  accuracy: 90.06% -> 88.20%      
client [56] (testset)   loss: 0.4869 -> 0.4868  accuracy: 87.39% -> 87.39%      
client [44] (testset)   loss: 0.0734 -> 0.0691  accuracy: 97.17% -> 97.17%      
client [92] (testset)   loss: 0.1292 -> 0.1342  accuracy: 95.62% -> 95.62%      
client [27] (testset)   loss: 0.0183 -> 0.0162  accuracy: 100.00% -> 100.00%    
---------------------------- TRAINING EPOCH: 400 ----------------------------   
client [10] (testset)   loss: 0.0165 -> 0.0161  accuracy: 100.00% -> 100.00%    
client [39] (testset)   loss: 0.0064 -> 0.0049  accuracy: 100.00% -> 100.00%    
client [65] (testset)   loss: 0.4935 -> 0.4546  accuracy: 87.50% -> 87.50%      
client [26] (testset)   loss: 0.0815 -> 0.0724  accuracy: 97.93% -> 98.09%      
client [19] (testset)   loss: 0.2845 -> 0.3197  accuracy: 88.14% -> 89.83%      
client [68] (testset)   loss: 0.1546 -> 0.2030  accuracy: 94.55% -> 90.91%      
client [41] (testset)   loss: 0.2771 -> 0.4498  accuracy: 93.95% -> 90.32%      
client [50] (testset)   loss: 0.0308 -> 0.0333  accuracy: 98.86% -> 99.15%      
client [75] (testset)   loss: 0.6011 -> 0.4096  accuracy: 85.17% -> 89.00%      
client [81] (testset)   loss: 0.0078 -> 0.0083  accuracy: 100.00% -> 100.00%    
Training... ━━━━━━━━━━━━━━━━━━━━━━━━━━━━━━━━━━━━━━━━ 100% 0:37:55
FedDpa's average time taken by each global epoch: 0 min 5.28 sec.               
FedDpa's total running time: 0 h 37 m 55 s.                                     
==================== FedDpa Experiment Results: ====================            
Display format: (before local fine-tuning) -> (after local fine-tuning)         
 So if finetune_epoch = 0, x.xx% -> 0.00% is normal.                            
 Centralized testing ONLY happens after model aggregation, so the stats between 
'->' are the same.                                                              
{                                                                               
    "100": {                                                                    
        "all_clients": {                                                        
            "test": {                                                           
                "loss": "0.1937 -> 0.0000",                                     
                "accuracy": "93.28% -> 0.00%"                                   
            }                                                                   
        }                                                                       
    },                                                                          
    "200": {                                                                    
        "all_clients": {                                                        
            "test": {                                                           
                "loss": "0.1848 -> 0.0000",                                     
                "accuracy": "94.16% -> 0.00%"                                   
            }                                                                   
        }                                                                       
    },                                                                          
    "300": {                                                                    
        "all_clients": {                                                        
            "test": {                                                           
                "loss": "0.1787 -> 0.0000",                                     
                "accuracy": "94.62% -> 0.00%"                                   
            }                                                                   
        }                                                                       
    },                                                                          
    "400": {                                                                    
        "all_clients": {                                                        
            "test": {                                                           
                "loss": "0.1850 -> 0.0000",                                     
                "accuracy": "95.06% -> 0.00%"                                   
            }                                                                   
        }                                                                       
    }                                                                           
}                                                                               
==================== FedDpa Max Accuracy ====================                   
all_clients:                                                                    
(test) before fine-tuning: 95.06% at epoch 400                                  
(test) after fine-tuning: 0.00% at epoch 100                                    
