==================== FedProto ====================                              
Experiment Arguments:                                                           
{
│   'method': 'fedproto',
│   'dataset': {
│   │   'name': 'mnist',
│   │   'client_num': 100,
│   │   'test_ratio': 0.25,
│   │   'val_ratio': 0.0,
│   │   'seed': 42,
│   │   'split': 'sample',
│   │   'IID_ratio': 0.0,
│   │   'monitor_window_name_suffix': 'mnist-100clients-0%IID-Dir(0.1)-seed42',
│   │   'alpha': 0.1,
│   │   'min_samples_per_client': 10
│   },
│   'model': {
│   │   'name': 'avgcnn',
│   │   'use_torchvision_pretrained_weights': True,
│   │   'external_model_weights_path': None
│   },
│   'optimizer': {
│   │   'lr': 0.01,
│   │   'dampening': 0,
│   │   'weight_decay': 0,
│   │   'momentum': 0,
│   │   'nesterov': False,
│   │   'name': 'sgd'
│   },
│   'mode': 'serial',
│   'parallel': {
│   │   'ray_cluster_addr': None,
│   │   'num_cpus': None,
│   │   'num_gpus': None,
│   │   'num_workers': 2
│   },
│   'common': {
│   │   'seed': 42,
│   │   'join_ratio': 0.1,
│   │   'global_epoch': 400,
│   │   'local_epoch': 5,
│   │   'batch_size': 32,
│   │   'reset_optimizer_on_global_epoch': True,
│   │   'straggler_ratio': 0,
│   │   'straggler_min_local_epoch': 0,
│   │   'buffers': 'global',
│   │   'client_side_evaluation': True,
│   │   'test': {
│   │   │   'client': {
│   │   │   │   'interval': 100,
│   │   │   │   'finetune_epoch': 0,
│   │   │   │   'train': False,
│   │   │   │   'val': False,
│   │   │   │   'test': True
│   │   │   },
│   │   │   'server': {
│   │   │   │   'interval': -1,
│   │   │   │   'train': False,
│   │   │   │   'val': False,
│   │   │   │   'test': False,
│   │   │   │   'model_in_train_mode': False
│   │   │   }
│   │   },
│   │   'verbose_gap': 10,
│   │   'monitor': None,
│   │   'use_cuda': True,
│   │   'save_log': True,
│   │   'save_model': False,
│   │   'save_learning_curve_plot': False,
│   │   'save_metrics': True,
│   │   'delete_useless_run': True
│   },
│   'fedproto': {
│   │   'lamda': 1
│   }
}
---------------------------- TRAINING EPOCH: 10 ----------------------------    
client [77] (testset)   loss: 0.2667 -> 0.2150  accuracy: 96.58% -> 94.52%      
client [81] (testset)   loss: 0.2014 -> 0.1429  accuracy: 98.77% -> 98.77%      
client [21] (testset)   loss: 2.3384 -> 0.8743  accuracy: 0.00% -> 82.35%       
client [68] (testset)   loss: 0.6340 -> 0.4243  accuracy: 76.27% -> 89.83%      
client [93] (testset)   loss: 1.3025 -> 1.0850  accuracy: 67.74% -> 80.65%      
client [31] (testset)   loss: 1.7468 -> 1.4175  accuracy: 57.14% -> 57.14%      
client [20] (testset)   loss: 0.3942 -> 0.3443  accuracy: 89.59% -> 91.86%      
client [59] (testset)   loss: 2.3341 -> 2.0026  accuracy: 0.00% -> 62.50%       
client [48] (testset)   loss: 0.2221 -> 0.1955  accuracy: 96.12% -> 96.12%      
client [34] (testset)   loss: 1.3589 -> 1.2940  accuracy: 66.67% -> 66.67%      
---------------------------- TRAINING EPOCH: 20 ----------------------------    
client [69] (testset)   loss: 0.1431 -> 0.1386  accuracy: 95.08% -> 95.45%      
client [99] (testset)   loss: 1.4952 -> 1.4224  accuracy: 52.38% -> 52.38%      
client [67] (testset)   loss: 0.3805 -> 0.3176  accuracy: 91.89% -> 91.89%      
client [0]  (testset)   loss: 0.3174 -> 0.2391  accuracy: 93.40% -> 93.40%      
client [76] (testset)   loss: 0.4080 -> 0.3240  accuracy: 90.91% -> 96.10%      
client [41] (testset)   loss: 0.4084 -> 0.2797  accuracy: 86.32% -> 86.32%      
client [62] (testset)   loss: 2.3217 -> 0.4268  accuracy: 1.10% -> 90.06%       
client [2]  (testset)   loss: 2.3253 -> 0.1470  accuracy: 0.00% -> 98.29%       
client [14] (testset)   loss: 0.2150 -> 0.1714  accuracy: 93.06% -> 93.75%      
client [46] (testset)   loss: 0.1361 -> 0.1127  accuracy: 96.85% -> 97.30%      
---------------------------- TRAINING EPOCH: 30 ----------------------------    
client [24] (testset)   loss: 0.2867 -> 0.2784  accuracy: 94.59% -> 94.59%      
client [68] (testset)   loss: 0.2847 -> 0.2668  accuracy: 93.22% -> 93.22%      
client [57] (testset)   loss: 0.1339 -> 0.1086  accuracy: 98.07% -> 98.55%      
client [17] (testset)   loss: 0.1928 -> 0.1733  accuracy: 95.72% -> 96.50%      
client [54] (testset)   loss: 0.7108 -> 0.6434  accuracy: 83.72% -> 83.72%      
client [23] (testset)   loss: 2.3363 -> 0.7155  accuracy: 0.00% -> 94.29%       
client [35] (testset)   loss: 0.2496 -> 0.2464  accuracy: 95.10% -> 95.10%      
client [59] (testset)   loss: 1.4895 -> 1.3860  accuracy: 75.00% -> 75.00%      
client [31] (testset)   loss: 1.1317 -> 1.0695  accuracy: 57.14% -> 57.14%      
client [9]  (testset)   loss: 0.1132 -> 0.1036  accuracy: 96.42% -> 96.25%      
---------------------------- TRAINING EPOCH: 40 ----------------------------    
client [64] (testset)   loss: 0.1114 -> 0.1048  accuracy: 97.50% -> 97.50%      
client [33] (testset)   loss: 0.0561 -> 0.0527  accuracy: 98.69% -> 98.86%      
client [16] (testset)   loss: 0.3299 -> 0.2647  accuracy: 91.43% -> 94.29%      
client [44] (testset)   loss: 0.3654 -> 0.2441  accuracy: 92.84% -> 94.93%      
client [8]  (testset)   loss: 0.0265 -> 0.0155  accuracy: 100.00% -> 100.00%    
client [31] (testset)   loss: 1.0085 -> 0.9558  accuracy: 57.14% -> 57.14%      
client [47] (testset)   loss: 0.1928 -> 0.1673  accuracy: 93.18% -> 95.45%      
client [36] (testset)   loss: 0.4131 -> 0.1964  accuracy: 91.37% -> 93.40%      
client [20] (testset)   loss: 0.2214 -> 0.2097  accuracy: 92.76% -> 91.86%      
client [56] (testset)   loss: 0.3248 -> 0.2340  accuracy: 92.47% -> 93.55%      
---------------------------- TRAINING EPOCH: 50 ----------------------------    
client [4]  (testset)   loss: 0.1334 -> 0.1312  accuracy: 97.07% -> 97.07%      
client [60] (testset)   loss: 0.3610 -> 0.2651  accuracy: 92.00% -> 93.00%      
client [28] (testset)   loss: 0.0513 -> 0.0491  accuracy: 99.33% -> 99.33%      
client [25] (testset)   loss: 0.1812 -> 0.1510  accuracy: 96.55% -> 96.55%      
client [58] (testset)   loss: 0.2089 -> 0.2051  accuracy: 94.33% -> 94.33%      
client [44] (testset)   loss: 0.2441 -> 0.1950  accuracy: 94.93% -> 95.22%      
client [39] (testset)   loss: 0.0797 -> 0.0647  accuracy: 99.02% -> 99.02%      
client [29] (testset)   loss: 0.1026 -> 0.0979  accuracy: 97.79% -> 97.42%      
client [3]  (testset)   loss: 0.0722 -> 0.0656  accuracy: 97.69% -> 98.11%      
client [84] (testset)   loss: 0.2567 -> 0.2220  accuracy: 83.33% -> 100.00%     
---------------------------- TRAINING EPOCH: 60 ----------------------------    
client [21] (testset)   loss: 0.3975 -> 0.3040  accuracy: 87.25% -> 92.16%      
client [84] (testset)   loss: 0.1920 -> 0.1700  accuracy: 100.00% -> 100.00%    
client [10] (testset)   loss: 0.1387 -> 0.1282  accuracy: 97.03% -> 97.03%      
client [36] (testset)   loss: 0.1113 -> 0.1116  accuracy: 97.46% -> 97.97%      
client [65] (testset)   loss: 0.0617 -> 0.0600  accuracy: 98.74% -> 98.32%      
client [81] (testset)   loss: 0.0801 -> 0.0746  accuracy: 98.77% -> 98.77%      
client [79] (testset)   loss: 0.1414 -> 0.1134  accuracy: 96.92% -> 98.46%      
client [42] (testset)   loss: 0.2260 -> 0.2140  accuracy: 91.80% -> 92.35%      
client [11] (testset)   loss: 1.2125 -> 1.1509  accuracy: 66.67% -> 66.67%      
client [96] (testset)   loss: 0.0943 -> 0.0911  accuracy: 97.06% -> 96.08%      
---------------------------- TRAINING EPOCH: 70 ----------------------------    
client [8]  (testset)   loss: 0.0143 -> 0.0125  accuracy: 100.00% -> 100.00%    
client [53] (testset)   loss: 0.2306 -> 0.1839  accuracy: 96.00% -> 96.00%      
client [52] (testset)   loss: 0.0368 -> 0.0367  accuracy: 100.00% -> 100.00%    
client [42] (testset)   loss: 0.2106 -> 0.2031  accuracy: 93.44% -> 93.44%      
client [69] (testset)   loss: 0.0389 -> 0.0375  accuracy: 98.91% -> 99.09%      
client [59] (testset)   loss: 1.1313 -> 1.0602  accuracy: 75.00% -> 75.00%      
client [7]  (testset)   loss: 0.5089 -> 0.4873  accuracy: 87.50% -> 87.50%      
client [26] (testset)   loss: 1.0556 -> 0.9483  accuracy: 66.67% -> 75.00%      
client [49] (testset)   loss: 0.0294 -> 0.0214  accuracy: 100.00% -> 100.00%    
client [98] (testset)   loss: 0.2568 -> 0.2590  accuracy: 97.06% -> 97.06%      
---------------------------- TRAINING EPOCH: 80 ----------------------------    
client [98] (testset)   loss: 0.2590 -> 0.2418  accuracy: 97.06% -> 97.06%      
client [47] (testset)   loss: 0.1397 -> 0.1217  accuracy: 97.73% -> 98.86%      
client [21] (testset)   loss: 0.2596 -> 0.2112  accuracy: 92.16% -> 95.10%      
client [77] (testset)   loss: 0.1259 -> 0.1237  accuracy: 97.26% -> 97.26%      
client [95] (testset)   loss: 0.0383 -> 0.0352  accuracy: 98.92% -> 98.92%      
client [91] (testset)   loss: 0.0608 -> 0.0573  accuracy: 98.84% -> 98.84%      
client [14] (testset)   loss: 0.1013 -> 0.0911  accuracy: 97.22% -> 97.22%      
client [99] (testset)   loss: 1.1510 -> 1.2166  accuracy: 76.19% -> 76.19%      
client [20] (testset)   loss: 0.1881 -> 0.1858  accuracy: 92.31% -> 92.76%      
client [39] (testset)   loss: 0.0677 -> 0.0391  accuracy: 99.02% -> 99.75%      
---------------------------- TRAINING EPOCH: 90 ----------------------------    
client [52] (testset)   loss: 0.0367 -> 0.0264  accuracy: 100.00% -> 100.00%    
client [62] (testset)   loss: 0.1586 -> 0.1574  accuracy: 94.48% -> 94.48%      
client [71] (testset)   loss: 0.0568 -> 0.0491  accuracy: 97.45% -> 98.14%      
client [97] (testset)   loss: 0.0597 -> 0.0534  accuracy: 98.33% -> 98.33%      
client [30] (testset)   loss: 0.2950 -> 0.2925  accuracy: 95.00% -> 95.00%      
client [88] (testset)   loss: 0.1147 -> 0.1117  accuracy: 98.53% -> 98.53%      
client [60] (testset)   loss: 0.1720 -> 0.1613  accuracy: 95.00% -> 96.00%      
client [82] (testset)   loss: 0.2917 -> 0.2759  accuracy: 92.96% -> 94.37%      
client [91] (testset)   loss: 0.0505 -> 0.0502  accuracy: 99.01% -> 98.84%      
client [57] (testset)   loss: 0.0968 -> 0.0926  accuracy: 99.03% -> 98.55%      
---------------------------- TRAINING EPOCH: 100 ----------------------------   
client [31] (testset)   loss: 0.5511 -> 0.5391  accuracy: 85.71% -> 85.71%      
client [15] (testset)   loss: 0.0912 -> 0.0848  accuracy: 98.17% -> 98.17%      
client [71] (testset)   loss: 0.0491 -> 0.0434  accuracy: 98.14% -> 98.38%      
client [97] (testset)   loss: 0.0505 -> 0.0471  accuracy: 98.33% -> 98.33%      
client [53] (testset)   loss: 0.1569 -> 0.1626  accuracy: 96.00% -> 96.00%      
client [77] (testset)   loss: 0.1237 -> 0.1193  accuracy: 97.26% -> 97.26%      
client [76] (testset)   loss: 0.2945 -> 0.3051  accuracy: 94.81% -> 94.81%      
client [79] (testset)   loss: 0.0951 -> 0.0782  accuracy: 98.46% -> 98.46%      
client [28] (testset)   loss: 0.0377 -> 0.0361  accuracy: 99.33% -> 99.33%      
client [99] (testset)   loss: 1.0493 -> 1.0378  accuracy: 80.95% -> 80.95%      
---------------------------- TRAINING EPOCH: 110 ----------------------------   
client [97] (testset)   loss: 0.0460 -> 0.0455  accuracy: 98.33% -> 98.33%      
client [86] (testset)   loss: 0.0734 -> 0.0653  accuracy: 97.53% -> 97.81%      
client [34] (testset)   loss: 0.9416 -> 0.9194  accuracy: 66.67% -> 66.67%      
client [73] (testset)   loss: 0.3794 -> 0.3676  accuracy: 85.29% -> 82.35%      
client [5]  (testset)   loss: 0.1591 -> 0.1508  accuracy: 93.79% -> 94.48%      
client [96] (testset)   loss: 0.0562 -> 0.0549  accuracy: 98.04% -> 98.04%      
client [22] (testset)   loss: 0.1990 -> 0.1822  accuracy: 95.74% -> 95.74%      
client [60] (testset)   loss: 0.1608 -> 0.1488  accuracy: 97.00% -> 96.00%      
client [66] (testset)   loss: 0.1977 -> 0.1943  accuracy: 92.92% -> 92.92%      
client [83] (testset)   loss: 0.1730 -> 0.1713  accuracy: 93.24% -> 93.24%      
---------------------------- TRAINING EPOCH: 120 ----------------------------   
client [76] (testset)   loss: 0.3113 -> 0.3118  accuracy: 94.81% -> 94.81%      
client [65] (testset)   loss: 0.0530 -> 0.0487  accuracy: 98.32% -> 98.32%      
client [95] (testset)   loss: 0.0328 -> 0.0307  accuracy: 99.28% -> 98.92%      
client [17] (testset)   loss: 0.1445 -> 0.1276  accuracy: 96.50% -> 96.89%      
client [8]  (testset)   loss: 0.0104 -> 0.0101  accuracy: 100.00% -> 100.00%    
client [35] (testset)   loss: 0.1818 -> 0.1742  accuracy: 95.10% -> 95.10%      
client [98] (testset)   loss: 0.2234 -> 0.2298  accuracy: 97.06% -> 97.06%      
client [53] (testset)   loss: 0.1668 -> 0.1602  accuracy: 96.00% -> 96.00%      
client [43] (testset)   loss: 0.2063 -> 0.2047  accuracy: 90.91% -> 92.51%      
client [64] (testset)   loss: 0.0795 -> 0.0763  accuracy: 97.78% -> 97.78%      
---------------------------- TRAINING EPOCH: 130 ----------------------------   
client [21] (testset)   loss: 0.1943 -> 0.2028  accuracy: 94.12% -> 92.16%      
client [88] (testset)   loss: 0.0955 -> 0.0959  accuracy: 98.53% -> 98.53%      
client [38] (testset)   loss: 0.2864 -> 0.2935  accuracy: 87.72% -> 87.72%      
client [3]  (testset)   loss: 0.0466 -> 0.0434  accuracy: 98.32% -> 98.32%      
client [5]  (testset)   loss: 0.1509 -> 0.1506  accuracy: 94.48% -> 94.48%      
client [41] (testset)   loss: 0.0594 -> 0.0576  accuracy: 96.84% -> 96.84%      
client [7]  (testset)   loss: 0.4443 -> 0.4229  accuracy: 87.50% -> 87.50%      
client [37] (testset)   loss: 0.1734 -> 0.1776  accuracy: 95.67% -> 95.67%      
client [45] (testset)   loss: 0.0565 -> 0.0560  accuracy: 97.85% -> 98.47%      
client [47] (testset)   loss: 0.1153 -> 0.1091  accuracy: 98.86% -> 98.86%      
---------------------------- TRAINING EPOCH: 140 ----------------------------   
client [16] (testset)   loss: 0.1231 -> 0.1169  accuracy: 97.14% -> 97.14%      
client [11] (testset)   loss: 0.9805 -> 0.9792  accuracy: 66.67% -> 66.67%      
client [37] (testset)   loss: 0.1698 -> 0.1837  accuracy: 95.67% -> 95.67%      
client [41] (testset)   loss: 0.0576 -> 0.0551  accuracy: 96.84% -> 96.84%      
client [95] (testset)   loss: 0.0281 -> 0.0280  accuracy: 98.92% -> 99.28%      
client [53] (testset)   loss: 0.1602 -> 0.1597  accuracy: 96.00% -> 96.00%      
client [22] (testset)   loss: 0.1778 -> 0.1709  accuracy: 95.74% -> 95.74%      
client [25] (testset)   loss: 0.0944 -> 0.0939  accuracy: 96.55% -> 96.55%      
client [69] (testset)   loss: 0.0293 -> 0.0292  accuracy: 99.09% -> 99.09%      
client [46] (testset)   loss: 0.0655 -> 0.0633  accuracy: 98.42% -> 98.42%      
---------------------------- TRAINING EPOCH: 150 ----------------------------   
client [47] (testset)   loss: 0.0983 -> 0.0975  accuracy: 98.86% -> 98.86%      
client [69] (testset)   loss: 0.0286 -> 0.0289  accuracy: 99.09% -> 99.09%      
client [82] (testset)   loss: 0.2366 -> 0.2317  accuracy: 94.37% -> 94.37%      
client [45] (testset)   loss: 0.0487 -> 0.0466  accuracy: 98.47% -> 98.47%      
client [7]  (testset)   loss: 0.4229 -> 0.4047  accuracy: 87.50% -> 87.50%      
client [50] (testset)   loss: 0.1949 -> 0.1915  accuracy: 92.82% -> 93.85%      
client [35] (testset)   loss: 0.1683 -> 0.1687  accuracy: 95.10% -> 95.10%      
client [24] (testset)   loss: 0.2317 -> 0.2398  accuracy: 95.95% -> 95.95%      
client [15] (testset)   loss: 0.0698 -> 0.0702  accuracy: 98.17% -> 98.17%      
client [58] (testset)   loss: 0.1414 -> 0.1450  accuracy: 94.33% -> 94.33%      
---------------------------- TRAINING EPOCH: 160 ----------------------------   
client [48] (testset)   loss: 0.1186 -> 0.1141  accuracy: 98.06% -> 98.06%      
client [76] (testset)   loss: 0.2986 -> 0.3007  accuracy: 94.81% -> 94.81%      
client [67] (testset)   loss: 0.1002 -> 0.0940  accuracy: 94.59% -> 94.59%      
client [37] (testset)   loss: 0.1723 -> 0.1727  accuracy: 95.67% -> 95.67%      
client [58] (testset)   loss: 0.1410 -> 0.1389  accuracy: 94.33% -> 95.04%      
client [64] (testset)   loss: 0.0677 -> 0.0675  accuracy: 97.78% -> 97.78%      
client [77] (testset)   loss: 0.1115 -> 0.1125  accuracy: 97.26% -> 97.26%      
client [55] (testset)   loss: 0.0599 -> 0.0675  accuracy: 98.47% -> 98.47%      
client [12] (testset)   loss: 0.0617 -> 0.0611  accuracy: 98.02% -> 98.02%      
client [89] (testset)   loss: 0.2571 -> 0.2484  accuracy: 90.91% -> 90.91%      
---------------------------- TRAINING EPOCH: 170 ----------------------------   
client [84] (testset)   loss: 0.0563 -> 0.0538  accuracy: 100.00% -> 100.00%    
client [51] (testset)   loss: 0.2009 -> 0.2041  accuracy: 91.43% -> 91.43%      
client [8]  (testset)   loss: 0.0070 -> 0.0083  accuracy: 100.00% -> 100.00%    
client [18] (testset)   loss: 0.1602 -> 0.1294  accuracy: 94.83% -> 95.86%      
client [94] (testset)   loss: 0.0143 -> 0.0145  accuracy: 100.00% -> 100.00%    
client [81] (testset)   loss: 0.0533 -> 0.0526  accuracy: 98.77% -> 98.77%      
client [3]  (testset)   loss: 0.0432 -> 0.0434  accuracy: 98.53% -> 98.53%      
client [11] (testset)   loss: 0.9842 -> 0.9885  accuracy: 66.67% -> 66.67%      
client [95] (testset)   loss: 0.0259 -> 0.0242  accuracy: 98.92% -> 98.92%      
client [67] (testset)   loss: 0.0940 -> 0.0886  accuracy: 94.59% -> 94.59%      
---------------------------- TRAINING EPOCH: 180 ----------------------------   
client [21] (testset)   loss: 0.1757 -> 0.1551  accuracy: 93.14% -> 94.12%      
client [79] (testset)   loss: 0.0669 -> 0.0693  accuracy: 98.46% -> 98.46%      
client [58] (testset)   loss: 0.1395 -> 0.1453  accuracy: 95.04% -> 94.33%      
client [88] (testset)   loss: 0.0927 -> 0.0947  accuracy: 98.53% -> 98.53%      
client [46] (testset)   loss: 0.0588 -> 0.0570  accuracy: 98.42% -> 98.42%      
client [11] (testset)   loss: 0.9885 -> 0.9990  accuracy: 66.67% -> 66.67%      
client [55] (testset)   loss: 0.0585 -> 0.0597  accuracy: 98.47% -> 98.47%      
client [13] (testset)   loss: 0.7452 -> 0.7004  accuracy: 75.00% -> 75.00%      
client [31] (testset)   loss: 0.5103 -> 0.5099  accuracy: 85.71% -> 85.71%      
client [75] (testset)   loss: 0.0557 -> 0.0543  accuracy: 98.14% -> 98.14%      
---------------------------- TRAINING EPOCH: 190 ----------------------------   
client [19] (testset)   loss: 0.0566 -> 0.0527  accuracy: 98.15% -> 98.15%      
client [7]  (testset)   loss: 0.3221 -> 0.3094  accuracy: 87.50% -> 87.50%      
client [57] (testset)   loss: 0.0796 -> 0.0802  accuracy: 99.03% -> 99.03%      
client [13] (testset)   loss: 0.7973 -> 0.7768  accuracy: 75.00% -> 75.00%      
client [43] (testset)   loss: 0.1792 -> 0.1809  accuracy: 92.51% -> 92.51%      
client [91] (testset)   loss: 0.0441 -> 0.0429  accuracy: 99.17% -> 99.17%      
client [10] (testset)   loss: 0.0681 -> 0.0728  accuracy: 97.03% -> 97.03%      
client [64] (testset)   loss: 0.0633 -> 0.0636  accuracy: 97.78% -> 97.78%      
client [82] (testset)   loss: 0.2156 -> 0.2128  accuracy: 92.96% -> 92.96%      
client [22] (testset)   loss: 0.1376 -> 0.1280  accuracy: 95.74% -> 95.74%      
---------------------------- TRAINING EPOCH: 200 ----------------------------   
client [20] (testset)   loss: 0.1673 -> 0.1698  accuracy: 93.67% -> 93.21%      
client [23] (testset)   loss: 0.1559 -> 0.1545  accuracy: 97.14% -> 97.14%      
client [88] (testset)   loss: 0.0947 -> 0.0911  accuracy: 98.53% -> 98.53%      
client [98] (testset)   loss: 0.1993 -> 0.1894  accuracy: 97.06% -> 94.12%      
client [79] (testset)   loss: 0.0639 -> 0.0613  accuracy: 98.46% -> 98.46%      
client [21] (testset)   loss: 0.1411 -> 0.1374  accuracy: 95.10% -> 95.10%      
client [92] (testset)   loss: 0.0948 -> 0.0868  accuracy: 100.00% -> 100.00%    
client [56] (testset)   loss: 0.0773 -> 0.0805  accuracy: 97.85% -> 97.85%      
client [5]  (testset)   loss: 0.1437 -> 0.1451  accuracy: 94.48% -> 94.48%      
client [52] (testset)   loss: 0.0118 -> 0.0142  accuracy: 100.00% -> 100.00%    
---------------------------- TRAINING EPOCH: 210 ----------------------------   
client [67] (testset)   loss: 0.0708 -> 0.0680  accuracy: 94.59% -> 97.30%      
client [54] (testset)   loss: 0.5370 -> 0.5318  accuracy: 88.37% -> 88.37%      
client [14] (testset)   loss: 0.0648 -> 0.0618  accuracy: 98.61% -> 97.92%      
client [99] (testset)   loss: 0.9504 -> 0.9609  accuracy: 76.19% -> 76.19%      
client [36] (testset)   loss: 0.0463 -> 0.0456  accuracy: 98.98% -> 98.98%      
client [30] (testset)   loss: 0.3099 -> 0.3064  accuracy: 95.00% -> 95.00%      
client [38] (testset)   loss: 0.2373 -> 0.2285  accuracy: 94.74% -> 92.98%      
client [15] (testset)   loss: 0.0631 -> 0.0627  accuracy: 98.17% -> 98.17%      
client [6]  (testset)   loss: 0.0285 -> 0.0299  accuracy: 99.22% -> 99.22%      
client [53] (testset)   loss: 0.1634 -> 0.1641  accuracy: 96.00% -> 96.00%      
---------------------------- TRAINING EPOCH: 220 ----------------------------   
client [99] (testset)   loss: 0.9528 -> 0.9719  accuracy: 76.19% -> 71.43%      
client [6]  (testset)   loss: 0.0299 -> 0.0263  accuracy: 99.22% -> 99.22%      
client [83] (testset)   loss: 0.1650 -> 0.1644  accuracy: 93.24% -> 93.24%      
client [42] (testset)   loss: 0.1494 -> 0.1510  accuracy: 95.63% -> 95.63%      
client [34] (testset)   loss: 0.8021 -> 0.7850  accuracy: 77.78% -> 77.78%      
client [15] (testset)   loss: 0.0627 -> 0.0607  accuracy: 98.17% -> 98.17%      
client [47] (testset)   loss: 0.0887 -> 0.0948  accuracy: 98.86% -> 98.86%      
client [55] (testset)   loss: 0.0641 -> 0.0619  accuracy: 98.47% -> 98.47%      
client [51] (testset)   loss: 0.1976 -> 0.1877  accuracy: 91.43% -> 91.43%      
client [95] (testset)   loss: 0.0237 -> 0.0220  accuracy: 98.92% -> 99.28%      
---------------------------- TRAINING EPOCH: 230 ----------------------------   
client [71] (testset)   loss: 0.0361 -> 0.0368  accuracy: 98.61% -> 98.38%      
client [15] (testset)   loss: 0.0607 -> 0.0587  accuracy: 98.17% -> 98.17%      
client [33] (testset)   loss: 0.0427 -> 0.0424  accuracy: 99.18% -> 99.18%      
client [99] (testset)   loss: 0.9686 -> 0.9632  accuracy: 76.19% -> 76.19%      
client [90] (testset)   loss: 0.0922 -> 0.0915  accuracy: 97.45% -> 97.45%      
client [57] (testset)   loss: 0.0755 -> 0.0761  accuracy: 99.03% -> 99.03%      
client [27] (testset)   loss: 0.1052 -> 0.1147  accuracy: 97.86% -> 97.86%      
client [78] (testset)   loss: 0.0548 -> 0.0532  accuracy: 98.73% -> 98.73%      
client [36] (testset)   loss: 0.0456 -> 0.0454  accuracy: 98.98% -> 98.98%      
client [88] (testset)   loss: 0.0920 -> 0.0939  accuracy: 98.53% -> 98.53%      
---------------------------- TRAINING EPOCH: 240 ----------------------------   
client [70] (testset)   loss: 0.0870 -> 0.0867  accuracy: 97.98% -> 97.98%      
client [35] (testset)   loss: 0.1611 -> 0.1684  accuracy: 95.10% -> 95.10%      
client [16] (testset)   loss: 0.0944 -> 0.0922  accuracy: 98.57% -> 98.57%      
client [80] (testset)   loss: 0.0286 -> 0.0269  accuracy: 100.00% -> 100.00%    
client [38] (testset)   loss: 0.2194 -> 0.2178  accuracy: 94.74% -> 94.74%      
client [78] (testset)   loss: 0.0529 -> 0.0531  accuracy: 98.73% -> 98.73%      
client [68] (testset)   loss: 0.1760 -> 0.1879  accuracy: 94.92% -> 94.92%      
client [11] (testset)   loss: 1.0100 -> 1.0164  accuracy: 66.67% -> 66.67%      
client [64] (testset)   loss: 0.0601 -> 0.0578  accuracy: 98.06% -> 98.06%      
client [82] (testset)   loss: 0.2131 -> 0.2142  accuracy: 92.96% -> 92.96%      
---------------------------- TRAINING EPOCH: 250 ----------------------------   
client [30] (testset)   loss: 0.3094 -> 0.3200  accuracy: 95.00% -> 95.00%      
client [27] (testset)   loss: 0.1147 -> 0.1220  accuracy: 97.86% -> 97.86%      
client [74] (testset)   loss: 0.0988 -> 0.0924  accuracy: 97.54% -> 97.54%      
client [45] (testset)   loss: 0.0412 -> 0.0401  accuracy: 98.77% -> 98.77%      
client [6]  (testset)   loss: 0.0281 -> 0.0258  accuracy: 99.22% -> 99.22%      
client [36] (testset)   loss: 0.0442 -> 0.0445  accuracy: 98.98% -> 98.98%      
client [63] (testset)   loss: 0.1293 -> 0.1249  accuracy: 97.81% -> 97.81%      
client [76] (testset)   loss: 0.3092 -> 0.3085  accuracy: 94.81% -> 94.81%      
client [83] (testset)   loss: 0.1606 -> 0.1662  accuracy: 93.59% -> 93.24%      
client [86] (testset)   loss: 0.0514 -> 0.0505  accuracy: 98.90% -> 98.90%      
---------------------------- TRAINING EPOCH: 260 ----------------------------   
client [83] (testset)   loss: 0.1662 -> 0.1629  accuracy: 93.24% -> 93.24%      
client [99] (testset)   loss: 0.9710 -> 0.9588  accuracy: 71.43% -> 76.19%      
client [74] (testset)   loss: 0.0916 -> 0.0939  accuracy: 97.85% -> 97.85%      
client [73] (testset)   loss: 0.2636 -> 0.2555  accuracy: 88.24% -> 94.12%      
client [29] (testset)   loss: 0.0608 -> 0.0536  accuracy: 98.52% -> 98.52%      
client [92] (testset)   loss: 0.0746 -> 0.0659  accuracy: 100.00% -> 100.00%    
client [6]  (testset)   loss: 0.0262 -> 0.0243  accuracy: 99.22% -> 99.22%      
client [61] (testset)   loss: 0.0415 -> 0.0422  accuracy: 99.12% -> 99.12%      
client [21] (testset)   loss: 0.1295 -> 0.1240  accuracy: 95.10% -> 95.10%      
client [67] (testset)   loss: 0.0651 -> 0.0633  accuracy: 97.30% -> 97.30%      
---------------------------- TRAINING EPOCH: 270 ----------------------------   
client [83] (testset)   loss: 0.1629 -> 0.1622  accuracy: 93.24% -> 93.24%      
client [32] (testset)   loss: 0.1670 -> 0.1664  accuracy: 96.83% -> 96.03%      
client [95] (testset)   loss: 0.0223 -> 0.0203  accuracy: 99.28% -> 99.28%      
client [61] (testset)   loss: 0.0387 -> 0.0378  accuracy: 99.12% -> 99.12%      
client [27] (testset)   loss: 0.1220 -> 0.1109  accuracy: 97.86% -> 97.86%      
client [25] (testset)   loss: 0.0768 -> 0.0774  accuracy: 96.55% -> 96.55%      
client [68] (testset)   loss: 0.1786 -> 0.1812  accuracy: 94.92% -> 94.92%      
client [34] (testset)   loss: 0.7697 -> 0.7760  accuracy: 77.78% -> 77.78%      
client [71] (testset)   loss: 0.0330 -> 0.0343  accuracy: 98.38% -> 98.38%      
client [89] (testset)   loss: 0.2295 -> 0.2443  accuracy: 90.91% -> 90.91%      
---------------------------- TRAINING EPOCH: 280 ----------------------------   
client [78] (testset)   loss: 0.0501 -> 0.0478  accuracy: 98.09% -> 98.73%      
client [81] (testset)   loss: 0.0462 -> 0.0479  accuracy: 99.38% -> 99.38%      
client [51] (testset)   loss: 0.1842 -> 0.1795  accuracy: 91.43% -> 91.43%      
client [54] (testset)   loss: 0.5031 -> 0.5122  accuracy: 88.37% -> 88.37%      
client [65] (testset)   loss: 0.0390 -> 0.0387  accuracy: 98.32% -> 98.32%      
client [41] (testset)   loss: 0.0496 -> 0.0496  accuracy: 96.84% -> 96.84%      
client [11] (testset)   loss: 1.0242 -> 1.0227  accuracy: 33.33% -> 33.33%      
client [85] (testset)   loss: 0.1212 -> 0.1158  accuracy: 96.89% -> 97.41%      
client [12] (testset)   loss: 0.0530 -> 0.0517  accuracy: 98.51% -> 98.51%      
client [23] (testset)   loss: 0.1188 -> 0.1193  accuracy: 97.14% -> 97.14%      
---------------------------- TRAINING EPOCH: 290 ----------------------------   
client [16] (testset)   loss: 0.0926 -> 0.0916  accuracy: 98.57% -> 98.57%      
client [65] (testset)   loss: 0.0386 -> 0.0378  accuracy: 98.32% -> 98.32%      
client [53] (testset)   loss: 0.1659 -> 0.1655  accuracy: 96.00% -> 96.00%      
client [58] (testset)   loss: 0.1378 -> 0.1362  accuracy: 95.04% -> 95.04%      
client [72] (testset)   loss: 0.1492 -> 0.1432  accuracy: 92.73% -> 94.55%      
client [7]  (testset)   loss: 0.2419 -> 0.2364  accuracy: 87.50% -> 87.50%      
client [71] (testset)   loss: 0.0343 -> 0.0328  accuracy: 98.38% -> 98.38%      
client [59] (testset)   loss: 0.4943 -> 0.4906  accuracy: 87.50% -> 87.50%      
client [86] (testset)   loss: 0.0529 -> 0.0480  accuracy: 98.63% -> 98.90%      
client [39] (testset)   loss: 0.0167 -> 0.0167  accuracy: 99.75% -> 99.51%      
---------------------------- TRAINING EPOCH: 300 ----------------------------   
client [99] (testset)   loss: 0.9701 -> 0.9874  accuracy: 71.43% -> 71.43%      
client [7]  (testset)   loss: 0.2312 -> 0.2269  accuracy: 87.50% -> 87.50%      
client [17] (testset)   loss: 0.0900 -> 0.0909  accuracy: 97.67% -> 97.67%      
client [64] (testset)   loss: 0.0539 -> 0.0576  accuracy: 98.33% -> 98.06%      
client [37] (testset)   loss: 0.1638 -> 0.1698  accuracy: 95.24% -> 96.10%      
client [29] (testset)   loss: 0.0518 -> 0.0500  accuracy: 98.15% -> 98.52%      
client [93] (testset)   loss: 0.1106 -> 0.1058  accuracy: 100.00% -> 100.00%    
client [73] (testset)   loss: 0.2535 -> 0.2522  accuracy: 88.24% -> 88.24%      
client [40] (testset)   loss: 0.1149 -> 0.1187  accuracy: 97.10% -> 97.10%      
client [76] (testset)   loss: 0.3030 -> 0.3226  accuracy: 94.81% -> 94.81%      
---------------------------- TRAINING EPOCH: 310 ----------------------------   
client [31] (testset)   loss: 0.4572 -> 0.4556  accuracy: 85.71% -> 85.71%      
client [89] (testset)   loss: 0.2448 -> 0.2322  accuracy: 90.91% -> 90.91%      
client [77] (testset)   loss: 0.1044 -> 0.1033  accuracy: 97.26% -> 97.95%      
client [90] (testset)   loss: 0.0834 -> 0.0827  accuracy: 97.81% -> 97.81%      
client [26] (testset)   loss: 0.5458 -> 0.5414  accuracy: 87.50% -> 91.67%      
client [50] (testset)   loss: 0.1577 -> 0.1551  accuracy: 94.87% -> 94.36%      
client [30] (testset)   loss: 0.3132 -> 0.3114  accuracy: 95.00% -> 95.00%      
client [70] (testset)   loss: 0.0812 -> 0.0844  accuracy: 97.98% -> 97.98%      
client [41] (testset)   loss: 0.0488 -> 0.0498  accuracy: 96.84% -> 96.84%      
client [99] (testset)   loss: 0.9874 -> 0.9855  accuracy: 71.43% -> 71.43%      
---------------------------- TRAINING EPOCH: 320 ----------------------------   
client [68] (testset)   loss: 0.1750 -> 0.1825  accuracy: 94.92% -> 94.92%      
client [70] (testset)   loss: 0.0854 -> 0.0858  accuracy: 97.98% -> 97.80%      
client [52] (testset)   loss: 0.0094 -> 0.0109  accuracy: 100.00% -> 100.00%    
client [1]  (testset)   loss: 0.0517 -> 0.0487  accuracy: 98.33% -> 98.33%      
client [2]  (testset)   loss: 0.0421 -> 0.0448  accuracy: 99.24% -> 99.05%      
client [67] (testset)   loss: 0.0541 -> 0.0526  accuracy: 97.30% -> 97.30%      
client [92] (testset)   loss: 0.0454 -> 0.0463  accuracy: 100.00% -> 100.00%    
client [35] (testset)   loss: 0.1663 -> 0.1519  accuracy: 95.10% -> 95.10%      
client [36] (testset)   loss: 0.0432 -> 0.0434  accuracy: 98.98% -> 98.98%      
client [64] (testset)   loss: 0.0544 -> 0.0540  accuracy: 98.33% -> 98.33%      
---------------------------- TRAINING EPOCH: 330 ----------------------------   
client [44] (testset)   loss: 0.0758 -> 0.0751  accuracy: 97.91% -> 97.91%      
client [6]  (testset)   loss: 0.0240 -> 0.0240  accuracy: 99.22% -> 99.22%      
client [12] (testset)   loss: 0.0494 -> 0.0490  accuracy: 98.51% -> 98.51%      
client [55] (testset)   loss: 0.0616 -> 0.0594  accuracy: 98.47% -> 98.47%      
client [29] (testset)   loss: 0.0469 -> 0.0497  accuracy: 98.52% -> 98.52%      
client [9]  (testset)   loss: 0.0711 -> 0.0701  accuracy: 97.72% -> 97.72%      
client [43] (testset)   loss: 0.1610 -> 0.1620  accuracy: 94.12% -> 93.58%      
client [77] (testset)   loss: 0.1033 -> 0.1020  accuracy: 97.95% -> 97.26%      
client [98] (testset)   loss: 0.1962 -> 0.2009  accuracy: 94.12% -> 94.12%      
client [78] (testset)   loss: 0.0494 -> 0.0496  accuracy: 98.73% -> 98.73%      
---------------------------- TRAINING EPOCH: 340 ----------------------------   
client [92] (testset)   loss: 0.0506 -> 0.0476  accuracy: 100.00% -> 100.00%    
client [80] (testset)   loss: 0.0219 -> 0.0213  accuracy: 100.00% -> 100.00%    
client [63] (testset)   loss: 0.1160 -> 0.1153  accuracy: 97.81% -> 97.81%      
client [76] (testset)   loss: 0.2925 -> 0.3023  accuracy: 94.81% -> 94.81%      
client [78] (testset)   loss: 0.0496 -> 0.0474  accuracy: 98.73% -> 98.73%      
client [25] (testset)   loss: 0.0750 -> 0.0706  accuracy: 96.55% -> 96.55%      
client [58] (testset)   loss: 0.1333 -> 0.1408  accuracy: 95.04% -> 95.04%      
client [13] (testset)   loss: 0.7672 -> 0.7733  accuracy: 75.00% -> 75.00%      
client [17] (testset)   loss: 0.0820 -> 0.0831  accuracy: 97.67% -> 97.67%      
client [38] (testset)   loss: 0.1801 -> 0.1819  accuracy: 94.74% -> 94.74%      
---------------------------- TRAINING EPOCH: 350 ----------------------------   
client [72] (testset)   loss: 0.1469 -> 0.1435  accuracy: 93.64% -> 94.55%      
client [82] (testset)   loss: 0.2128 -> 0.2162  accuracy: 92.96% -> 92.96%      
client [86] (testset)   loss: 0.0509 -> 0.0525  accuracy: 98.90% -> 98.90%      
client [51] (testset)   loss: 0.1810 -> 0.1807  accuracy: 91.43% -> 91.43%      
client [96] (testset)   loss: 0.0433 -> 0.0416  accuracy: 98.04% -> 98.04%      
client [42] (testset)   loss: 0.1423 -> 0.1396  accuracy: 95.63% -> 96.17%      
client [55] (testset)   loss: 0.0565 -> 0.0615  accuracy: 98.47% -> 98.47%      
client [13] (testset)   loss: 0.7672 -> 0.7527  accuracy: 75.00% -> 75.00%      
client [1]  (testset)   loss: 0.0493 -> 0.0504  accuracy: 98.33% -> 98.33%      
client [12] (testset)   loss: 0.0490 -> 0.0481  accuracy: 98.51% -> 98.51%      
---------------------------- TRAINING EPOCH: 360 ----------------------------   
client [68] (testset)   loss: 0.1853 -> 0.1829  accuracy: 94.92% -> 94.92%      
client [23] (testset)   loss: 0.1065 -> 0.1036  accuracy: 97.14% -> 97.14%      
client [46] (testset)   loss: 0.0483 -> 0.0468  accuracy: 98.42% -> 98.42%      
client [41] (testset)   loss: 0.0488 -> 0.0492  accuracy: 96.84% -> 96.84%      
client [25] (testset)   loss: 0.0644 -> 0.0634  accuracy: 96.55% -> 96.55%      
client [58] (testset)   loss: 0.1374 -> 0.1351  accuracy: 95.04% -> 95.04%      
client [14] (testset)   loss: 0.0548 -> 0.0547  accuracy: 98.61% -> 98.61%      
client [33] (testset)   loss: 0.0406 -> 0.0402  accuracy: 99.35% -> 99.35%      
client [85] (testset)   loss: 0.1100 -> 0.1091  accuracy: 97.41% -> 97.41%      
client [62] (testset)   loss: 0.0994 -> 0.1001  accuracy: 95.58% -> 95.58%      
---------------------------- TRAINING EPOCH: 370 ----------------------------   
client [98] (testset)   loss: 0.1973 -> 0.1975  accuracy: 94.12% -> 94.12%      
client [63] (testset)   loss: 0.1150 -> 0.1140  accuracy: 97.81% -> 97.81%      
client [70] (testset)   loss: 0.0857 -> 0.0805  accuracy: 97.98% -> 97.98%      
client [65] (testset)   loss: 0.0368 -> 0.0370  accuracy: 98.74% -> 98.32%      
client [14] (testset)   loss: 0.0531 -> 0.0559  accuracy: 98.61% -> 98.61%      
client [73] (testset)   loss: 0.2498 -> 0.2518  accuracy: 88.24% -> 88.24%      
client [34] (testset)   loss: 0.7624 -> 0.7490  accuracy: 77.78% -> 83.33%      
client [99] (testset)   loss: 0.9694 -> 0.9871  accuracy: 71.43% -> 71.43%      
client [69] (testset)   loss: 0.0258 -> 0.0242  accuracy: 98.91% -> 99.27%      
client [46] (testset)   loss: 0.0468 -> 0.0460  accuracy: 98.42% -> 98.42%      
---------------------------- TRAINING EPOCH: 380 ----------------------------   
client [99] (testset)   loss: 0.9897 -> 0.9788  accuracy: 71.43% -> 71.43%      
client [93] (testset)   loss: 0.1009 -> 0.0974  accuracy: 100.00% -> 100.00%    
client [11] (testset)   loss: 1.0499 -> 1.0531  accuracy: 33.33% -> 33.33%      
client [58] (testset)   loss: 0.1354 -> 0.1323  accuracy: 95.04% -> 95.04%      
client [81] (testset)   loss: 0.0494 -> 0.0446  accuracy: 98.77% -> 99.38%      
client [85] (testset)   loss: 0.1091 -> 0.1069  accuracy: 97.41% -> 97.41%      
client [89] (testset)   loss: 0.2202 -> 0.2208  accuracy: 90.91% -> 90.91%      
client [45] (testset)   loss: 0.0399 -> 0.0403  accuracy: 98.77% -> 98.77%      
client [8]  (testset)   loss: 0.0051 -> 0.0044  accuracy: 100.00% -> 100.00%    
client [68] (testset)   loss: 0.1786 -> 0.1844  accuracy: 94.92% -> 94.92%      
---------------------------- TRAINING EPOCH: 390 ----------------------------   
client [67] (testset)   loss: 0.0511 -> 0.0517  accuracy: 97.30% -> 97.30%      
client [72] (testset)   loss: 0.1465 -> 0.1492  accuracy: 93.64% -> 93.64%      
client [1]  (testset)   loss: 0.0489 -> 0.0489  accuracy: 98.33% -> 98.33%      
client [78] (testset)   loss: 0.0479 -> 0.0473  accuracy: 98.09% -> 98.73%      
client [83] (testset)   loss: 0.1609 -> 0.1595  accuracy: 93.59% -> 94.31%      
client [21] (testset)   loss: 0.0961 -> 0.0951  accuracy: 96.08% -> 96.08%      
client [56] (testset)   loss: 0.0777 -> 0.0784  accuracy: 97.85% -> 97.85%      
client [44] (testset)   loss: 0.0736 -> 0.0721  accuracy: 97.91% -> 97.91%      
client [92] (testset)   loss: 0.0461 -> 0.0457  accuracy: 100.00% -> 100.00%    
client [27] (testset)   loss: 0.1094 -> 0.1077  accuracy: 97.86% -> 97.86%      
---------------------------- TRAINING EPOCH: 400 ----------------------------   
client [10] (testset)   loss: 0.0579 -> 0.0534  accuracy: 97.03% -> 98.02%      
client [39] (testset)   loss: 0.0168 -> 0.0176  accuracy: 99.51% -> 99.51%      
client [65] (testset)   loss: 0.0366 -> 0.0362  accuracy: 98.32% -> 98.32%      
client [26] (testset)   loss: 0.5129 -> 0.5099  accuracy: 91.67% -> 87.50%      
client [19] (testset)   loss: 0.0475 -> 0.0484  accuracy: 98.15% -> 98.15%      
client [68] (testset)   loss: 0.1758 -> 0.1843  accuracy: 94.92% -> 94.92%      
client [41] (testset)   loss: 0.0492 -> 0.0476  accuracy: 96.84% -> 96.84%      
client [50] (testset)   loss: 0.1446 -> 0.1465  accuracy: 94.87% -> 95.90%      
client [75] (testset)   loss: 0.0614 -> 0.0594  accuracy: 97.52% -> 97.52%      
client [81] (testset)   loss: 0.0468 -> 0.0460  accuracy: 99.38% -> 99.38%      
Training... ━━━━━━━━━━━━━━━━━━━━━━━━━━━━━━━━━━━━━━━━ 100% 0:07:49
FedProto's average time taken by each global epoch: 0 min 1.17 sec.             
FedProto's total running time: 0 h 7 m 49 s.                                    
==================== FedProto Experiment Results: ====================          
Display format: (before local fine-tuning) -> (after local fine-tuning)         
 So if finetune_epoch = 0, x.xx% -> 0.00% is normal.                            
 Centralized testing ONLY happens after model aggregation, so the stats between 
'->' are the same.                                                              
{                                                                               
    "100": {                                                                    
        "all_clients": {                                                        
            "test": {                                                           
                "loss": "0.1069 -> 0.0000",                                     
                "accuracy": "97.04% -> 0.00%"                                   
            }                                                                   
        }                                                                       
    },                                                                          
    "200": {                                                                    
        "all_clients": {                                                        
            "test": {                                                           
                "loss": "0.0858 -> 0.0000",                                     
                "accuracy": "97.55% -> 0.00%"                                   
            }                                                                   
        }                                                                       
    },                                                                          
    "300": {                                                                    
        "all_clients": {                                                        
            "test": {                                                           
                "loss": "0.0802 -> 0.0000",                                     
                "accuracy": "97.65% -> 0.00%"                                   
            }                                                                   
        }                                                                       
    },                                                                          
    "400": {                                                                    
        "all_clients": {                                                        
            "test": {                                                           
                "loss": "0.0775 -> 0.0000",                                     
                "accuracy": "97.79% -> 0.00%"                                   
            }                                                                   
        }                                                                       
    }                                                                           
}                                                                               
==================== FedProto Max Accuracy ====================                 
all_clients:                                                                    
(test) before fine-tuning: 97.79% at epoch 400                                  
(test) after fine-tuning: 0.00% at epoch 100                                    
