==================== FedRep ====================                                
Experiment Arguments:                                                           
{
│   'method': 'fedrep',
│   'dataset': {
│   │   'name': 'fmnist',
│   │   'client_num': 100,
│   │   'test_ratio': 0.25,
│   │   'val_ratio': 0.0,
│   │   'seed': 42,
│   │   'split': 'sample',
│   │   'IID_ratio': 0.0,
│   │   'monitor_window_name_suffix': 'fmnist-100clients-0%IID-Dir(0.1)-seed42',
│   │   'alpha': 0.1,
│   │   'min_samples_per_client': 10
│   },
│   'model': {
│   │   'name': 'avgcnn',
│   │   'use_torchvision_pretrained_weights': True,
│   │   'external_model_weights_path': None
│   },
│   'optimizer': {
│   │   'lr': 0.01,
│   │   'dampening': 0,
│   │   'weight_decay': 0,
│   │   'momentum': 0,
│   │   'nesterov': False,
│   │   'name': 'sgd'
│   },
│   'mode': 'serial',
│   'parallel': {
│   │   'ray_cluster_addr': None,
│   │   'num_cpus': None,
│   │   'num_gpus': None,
│   │   'num_workers': 2
│   },
│   'common': {
│   │   'seed': 42,
│   │   'join_ratio': 0.1,
│   │   'global_epoch': 400,
│   │   'local_epoch': 5,
│   │   'batch_size': 32,
│   │   'reset_optimizer_on_global_epoch': True,
│   │   'straggler_ratio': 0,
│   │   'straggler_min_local_epoch': 0,
│   │   'buffers': 'global',
│   │   'client_side_evaluation': True,
│   │   'test': {
│   │   │   'client': {
│   │   │   │   'interval': 100,
│   │   │   │   'finetune_epoch': 0,
│   │   │   │   'train': False,
│   │   │   │   'val': False,
│   │   │   │   'test': True
│   │   │   },
│   │   │   'server': {
│   │   │   │   'interval': -1,
│   │   │   │   'train': False,
│   │   │   │   'val': False,
│   │   │   │   'test': False,
│   │   │   │   'model_in_train_mode': False
│   │   │   }
│   │   },
│   │   'verbose_gap': 10,
│   │   'monitor': None,
│   │   'use_cuda': True,
│   │   'save_log': True,
│   │   'save_model': False,
│   │   'save_learning_curve_plot': False,
│   │   'save_metrics': True,
│   │   'delete_useless_run': True
│   },
│   'fedrep': {
│   │   'train_body_epoch': 1
│   }
}
---------------------------- TRAINING EPOCH: 10 ----------------------------    
client [77] (testset)   loss: 0.2277 -> 0.1678  accuracy: 93.26% -> 95.85%      
client [81] (testset)   loss: 0.6993 -> 0.4411  accuracy: 85.19% -> 90.74%      
client [21] (testset)   loss: 1.5153 -> 0.4683  accuracy: 57.14% -> 83.85%      
client [68] (testset)   loss: 0.2582 -> 0.2278  accuracy: 89.09% -> 92.73%      
client [93] (testset)   loss: 0.0368 -> 0.0278  accuracy: 100.00% -> 100.00%    
client [31] (testset)   loss: 0.7596 -> 0.5837  accuracy: 84.62% -> 76.92%      
client [20] (testset)   loss: 0.2183 -> 0.1546  accuracy: 94.89% -> 96.51%      
client [59] (testset)   loss: 0.8685 -> 0.4784  accuracy: 81.75% -> 85.40%      
client [48] (testset)   loss: 0.0710 -> 0.0762  accuracy: 98.73% -> 98.73%      
client [34] (testset)   loss: 0.3574 -> 0.2672  accuracy: 92.31% -> 96.15%      
---------------------------- TRAINING EPOCH: 20 ----------------------------    
client [69] (testset)   loss: 0.8860 -> 0.2900  accuracy: 68.52% -> 93.21%      
client [99] (testset)   loss: 0.1247 -> 0.1063  accuracy: 98.16% -> 98.42%      
client [67] (testset)   loss: 0.3072 -> 0.2698  accuracy: 89.69% -> 91.75%      
client [0]  (testset)   loss: 0.6116 -> 0.5208  accuracy: 81.63% -> 81.63%      
client [76] (testset)   loss: 0.6246 -> 0.4526  accuracy: 60.00% -> 86.67%      
client [41] (testset)   loss: 0.3563 -> 0.3348  accuracy: 87.10% -> 89.52%      
client [62] (testset)   loss: 2.2098 -> 0.3747  accuracy: 40.00% -> 90.00%      
client [2]  (testset)   loss: 2.0863 -> 0.0287  accuracy: 6.35% -> 99.56%       
client [14] (testset)   loss: 0.5591 -> 0.4977  accuracy: 82.62% -> 83.81%      
client [46] (testset)   loss: 0.3889 -> 0.3478  accuracy: 90.62% -> 90.62%      
---------------------------- TRAINING EPOCH: 30 ----------------------------    
client [24] (testset)   loss: 0.5293 -> 0.4953  accuracy: 82.86% -> 83.43%      
client [68] (testset)   loss: 0.1743 -> 0.1859  accuracy: 93.64% -> 94.55%      
client [57] (testset)   loss: 0.1157 -> 0.0987  accuracy: 97.45% -> 97.08%      
client [17] (testset)   loss: 0.4239 -> 0.3006  accuracy: 81.82% -> 91.44%      
client [54] (testset)   loss: 0.2916 -> 0.2834  accuracy: 84.42% -> 84.42%      
client [23] (testset)   loss: 0.6869 -> 0.1345  accuracy: 65.66% -> 94.95%      
client [35] (testset)   loss: 0.0770 -> 0.0686  accuracy: 100.00% -> 100.00%    
client [59] (testset)   loss: 0.4715 -> 0.4788  accuracy: 85.40% -> 84.67%      
client [31] (testset)   loss: 0.3104 -> 0.2962  accuracy: 92.31% -> 89.23%      
client [9]  (testset)   loss: 0.2263 -> 0.2045  accuracy: 94.44% -> 95.14%      
---------------------------- TRAINING EPOCH: 40 ----------------------------    
client [64] (testset)   loss: 0.2010 -> 0.1925  accuracy: 93.98% -> 94.74%      
client [33] (testset)   loss: 0.1564 -> 0.1743  accuracy: 95.32% -> 95.32%      
client [16] (testset)   loss: 0.0521 -> 0.0474  accuracy: 98.33% -> 98.33%      
client [44] (testset)   loss: 0.2784 -> 0.1618  accuracy: 88.68% -> 96.23%      
client [8]  (testset)   loss: 0.4732 -> 0.4543  accuracy: 88.39% -> 88.99%      
client [31] (testset)   loss: 0.3098 -> 0.2953  accuracy: 84.62% -> 92.31%      
client [47] (testset)   loss: 0.1479 -> 0.3055  accuracy: 94.13% -> 89.78%      
client [36] (testset)   loss: 0.2636 -> 0.2343  accuracy: 91.46% -> 92.78%      
client [20] (testset)   loss: 0.0661 -> 0.0617  accuracy: 97.85% -> 97.85%      
client [56] (testset)   loss: 0.4788 -> 0.4542  accuracy: 82.35% -> 82.35%      
---------------------------- TRAINING EPOCH: 50 ----------------------------    
client [4]  (testset)   loss: 0.1528 -> 0.1412  accuracy: 96.92% -> 96.92%      
client [60] (testset)   loss: 0.2430 -> 0.2202  accuracy: 94.10% -> 94.10%      
client [28] (testset)   loss: 0.0659 -> 0.0582  accuracy: 98.21% -> 98.21%      
client [25] (testset)   loss: 0.1486 -> 0.1461  accuracy: 97.12% -> 94.23%      
client [58] (testset)   loss: 0.1784 -> 0.1862  accuracy: 93.37% -> 92.35%      
client [44] (testset)   loss: 0.1719 -> 0.1477  accuracy: 93.40% -> 95.28%      
client [39] (testset)   loss: 0.0779 -> 0.0805  accuracy: 100.00% -> 100.00%    
client [29] (testset)   loss: 0.3299 -> 0.2715  accuracy: 89.87% -> 91.14%      
client [3]  (testset)   loss: 0.4980 -> 0.6323  accuracy: 81.71% -> 77.43%      
client [84] (testset)   loss: 0.0119 -> 0.0131  accuracy: 100.00% -> 100.00%    
---------------------------- TRAINING EPOCH: 60 ----------------------------    
client [21] (testset)   loss: 0.3618 -> 0.3636  accuracy: 84.47% -> 87.58%      
client [84] (testset)   loss: 0.0100 -> 0.0125  accuracy: 100.00% -> 100.00%    
client [10] (testset)   loss: 0.0599 -> 0.0529  accuracy: 97.06% -> 98.53%      
client [36] (testset)   loss: 0.2143 -> 0.2108  accuracy: 92.78% -> 93.10%      
client [65] (testset)   loss: 0.5089 -> 0.4909  accuracy: 87.50% -> 87.50%      
client [81] (testset)   loss: 0.0782 -> 0.5400  accuracy: 98.15% -> 75.93%      
client [79] (testset)   loss: 0.3410 -> 0.3843  accuracy: 87.68% -> 86.70%      
client [42] (testset)   loss: 0.0705 -> 0.0699  accuracy: 98.42% -> 98.67%      
client [11] (testset)   loss: 0.4214 -> 0.5762  accuracy: 86.10% -> 68.61%      
client [96] (testset)   loss: 0.2912 -> 0.2792  accuracy: 89.05% -> 91.97%      
---------------------------- TRAINING EPOCH: 70 ----------------------------    
client [8]  (testset)   loss: 0.4374 -> 0.4435  accuracy: 87.50% -> 87.80%      
client [53] (testset)   loss: 0.0250 -> 0.0226  accuracy: 98.80% -> 98.80%      
client [52] (testset)   loss: 0.2563 -> 0.2643  accuracy: 89.83% -> 88.14%      
client [42] (testset)   loss: 0.0688 -> 0.0699  accuracy: 98.55% -> 98.42%      
client [69] (testset)   loss: 0.2021 -> 0.2347  accuracy: 95.68% -> 93.21%      
client [59] (testset)   loss: 0.4749 -> 0.4831  accuracy: 88.32% -> 86.86%      
client [7]  (testset)   loss: 0.0831 -> 0.0729  accuracy: 96.51% -> 97.38%      
client [26] (testset)   loss: 0.0987 -> 0.2110  accuracy: 97.77% -> 91.89%      
client [49] (testset)   loss: 0.0371 -> 0.0354  accuracy: 99.57% -> 99.57%      
client [98] (testset)   loss: 0.4372 -> 0.6279  accuracy: 87.23% -> 65.96%      
---------------------------- TRAINING EPOCH: 80 ----------------------------    
client [98] (testset)   loss: 0.5005 -> 0.5200  accuracy: 80.85% -> 74.47%      
client [47] (testset)   loss: 0.1744 -> 0.1319  accuracy: 93.04% -> 95.22%      
client [21] (testset)   loss: 0.2987 -> 0.5743  accuracy: 86.96% -> 77.64%      
client [77] (testset)   loss: 0.0856 -> 0.0783  accuracy: 96.89% -> 96.37%      
client [95] (testset)   loss: 0.2129 -> 0.2216  accuracy: 90.74% -> 90.74%      
client [91] (testset)   loss: 0.3148 -> 0.3237  accuracy: 92.31% -> 92.31%      
client [14] (testset)   loss: 0.4507 -> 0.4877  accuracy: 84.29% -> 79.76%      
client [99] (testset)   loss: 0.0864 -> 0.0872  accuracy: 98.16% -> 98.16%      
client [20] (testset)   loss: 0.0577 -> 0.0544  accuracy: 98.39% -> 98.66%      
client [39] (testset)   loss: 0.0445 -> 0.0449  accuracy: 100.00% -> 100.00%    
---------------------------- TRAINING EPOCH: 90 ----------------------------    
client [52] (testset)   loss: 0.2634 -> 0.2656  accuracy: 89.83% -> 88.14%      
client [62] (testset)   loss: 0.3734 -> 0.3796  accuracy: 90.00% -> 90.00%      
client [71] (testset)   loss: 0.0882 -> 0.0827  accuracy: 95.65% -> 96.20%      
client [97] (testset)   loss: 0.0578 -> 0.0645  accuracy: 98.27% -> 98.70%      
client [30] (testset)   loss: 0.1517 -> 0.1573  accuracy: 95.19% -> 96.15%      
client [88] (testset)   loss: 0.5186 -> 0.5261  accuracy: 82.93% -> 84.15%      
client [60] (testset)   loss: 0.1943 -> 0.1916  accuracy: 94.83% -> 95.20%      
client [82] (testset)   loss: 0.0923 -> 0.0914  accuracy: 98.63% -> 98.63%      
client [91] (testset)   loss: 0.3500 -> 0.3543  accuracy: 92.31% -> 92.31%      
client [57] (testset)   loss: 0.0601 -> 0.0547  accuracy: 97.81% -> 98.54%      
---------------------------- TRAINING EPOCH: 100 ----------------------------   
client [31] (testset)   loss: 0.3213 -> 0.3207  accuracy: 87.69% -> 89.23%      
client [15] (testset)   loss: 0.2503 -> 0.2406  accuracy: 90.00% -> 91.88%      
client [71] (testset)   loss: 0.0913 -> 0.0896  accuracy: 95.65% -> 95.65%      
client [97] (testset)   loss: 0.0649 -> 0.0589  accuracy: 98.70% -> 98.27%      
client [53] (testset)   loss: 0.0235 -> 0.0190  accuracy: 99.10% -> 98.80%      
client [77] (testset)   loss: 0.0745 -> 0.0691  accuracy: 96.37% -> 96.37%      
client [76] (testset)   loss: 0.3099 -> 0.3324  accuracy: 86.67% -> 86.67%      
client [79] (testset)   loss: 0.3139 -> 0.2960  accuracy: 88.18% -> 88.18%      
client [28] (testset)   loss: 0.0436 -> 0.0340  accuracy: 98.21% -> 98.21%      
client [99] (testset)   loss: 0.0841 -> 0.0879  accuracy: 98.42% -> 97.89%      
---------------------------- TRAINING EPOCH: 110 ----------------------------   
client [97] (testset)   loss: 0.0605 -> 0.0582  accuracy: 98.27% -> 98.27%      
client [86] (testset)   loss: 0.2241 -> 0.2147  accuracy: 94.12% -> 94.12%      
client [34] (testset)   loss: 0.3476 -> 0.3697  accuracy: 96.15% -> 96.15%      
client [73] (testset)   loss: 0.0375 -> 0.0357  accuracy: 99.24% -> 99.24%      
client [5]  (testset)   loss: 0.1524 -> 0.1513  accuracy: 95.24% -> 95.24%      
client [96] (testset)   loss: 0.2458 -> 0.2434  accuracy: 92.70% -> 93.43%      
client [22] (testset)   loss: 0.0643 -> 0.0555  accuracy: 98.97% -> 98.97%      
client [60] (testset)   loss: 0.1907 -> 0.1844  accuracy: 95.20% -> 95.20%      
client [66] (testset)   loss: 0.2110 -> 0.1640  accuracy: 92.43% -> 93.23%      
client [83] (testset)   loss: 0.0416 -> 0.0399  accuracy: 98.09% -> 98.09%      
---------------------------- TRAINING EPOCH: 120 ----------------------------   
client [76] (testset)   loss: 0.3411 -> 0.3343  accuracy: 86.67% -> 86.67%      
client [65] (testset)   loss: 0.4436 -> 0.4456  accuracy: 87.50% -> 87.50%      
client [95] (testset)   loss: 0.1859 -> 0.2240  accuracy: 90.74% -> 90.74%      
client [17] (testset)   loss: 0.2029 -> 0.1894  accuracy: 94.12% -> 95.19%      
client [8]  (testset)   loss: 0.4020 -> 0.3761  accuracy: 88.39% -> 88.99%      
client [35] (testset)   loss: 0.0325 -> 0.0360  accuracy: 98.65% -> 98.65%      
client [98] (testset)   loss: 0.4850 -> 0.6032  accuracy: 85.11% -> 68.09%      
client [53] (testset)   loss: 0.0180 -> 0.0180  accuracy: 99.10% -> 99.10%      
client [43] (testset)   loss: 0.1464 -> 0.1271  accuracy: 93.85% -> 95.38%      
client [64] (testset)   loss: 0.1482 -> 0.1456  accuracy: 94.74% -> 94.74%      
---------------------------- TRAINING EPOCH: 130 ----------------------------   
client [21] (testset)   loss: 0.2806 -> 0.4236  accuracy: 88.20% -> 85.09%      
client [88] (testset)   loss: 0.4502 -> 0.4515  accuracy: 85.37% -> 84.15%      
client [38] (testset)   loss: 0.4884 -> 0.5332  accuracy: 81.82% -> 80.52%      
client [3]  (testset)   loss: 0.1833 -> 0.2080  accuracy: 92.22% -> 93.39%      
client [5]  (testset)   loss: 0.1546 -> 0.1477  accuracy: 95.71% -> 95.24%      
client [41] (testset)   loss: 0.2448 -> 0.3377  accuracy: 90.73% -> 86.29%      
client [7]  (testset)   loss: 0.0656 -> 0.0655  accuracy: 97.38% -> 96.94%      
client [37] (testset)   loss: 0.1648 -> 0.1564  accuracy: 94.57% -> 94.57%      
client [45] (testset)   loss: 0.2692 -> 0.2764  accuracy: 86.49% -> 83.78%      
client [47] (testset)   loss: 0.1407 -> 0.1673  accuracy: 94.35% -> 93.70%      
---------------------------- TRAINING EPOCH: 140 ----------------------------   
client [16] (testset)   loss: 0.0414 -> 0.0310  accuracy: 98.33% -> 98.33%      
client [11] (testset)   loss: 0.3406 -> 0.3751  accuracy: 87.89% -> 84.75%      
client [37] (testset)   loss: 0.1478 -> 0.1470  accuracy: 94.57% -> 94.57%      
client [41] (testset)   loss: 0.2517 -> 0.2362  accuracy: 91.94% -> 92.34%      
client [95] (testset)   loss: 0.2104 -> 0.1908  accuracy: 90.74% -> 90.74%      
client [53] (testset)   loss: 0.0197 -> 0.0168  accuracy: 99.10% -> 99.10%      
client [22] (testset)   loss: 0.0495 -> 0.0470  accuracy: 98.97% -> 98.97%      
client [25] (testset)   loss: 0.1028 -> 0.1034  accuracy: 97.12% -> 97.12%      
client [69] (testset)   loss: 0.1873 -> 0.2430  accuracy: 95.68% -> 93.21%      
client [46] (testset)   loss: 0.2817 -> 0.3816  accuracy: 90.62% -> 84.38%      
---------------------------- TRAINING EPOCH: 150 ----------------------------   
client [47] (testset)   loss: 0.1154 -> 0.5760  accuracy: 95.22% -> 78.04%      
client [69] (testset)   loss: 0.1825 -> 0.1838  accuracy: 95.06% -> 96.30%      
client [82] (testset)   loss: 0.0968 -> 0.0964  accuracy: 98.63% -> 98.63%      
client [45] (testset)   loss: 0.2831 -> 0.2812  accuracy: 83.78% -> 83.78%      
client [7]  (testset)   loss: 0.0686 -> 0.0636  accuracy: 97.38% -> 97.82%      
client [50] (testset)   loss: 0.0344 -> 0.0327  accuracy: 98.86% -> 98.58%      
client [35] (testset)   loss: 0.0345 -> 0.0333  accuracy: 98.65% -> 98.65%      
client [24] (testset)   loss: 0.4544 -> 0.4591  accuracy: 86.29% -> 80.57%      
client [15] (testset)   loss: 0.2697 -> 0.2479  accuracy: 88.12% -> 89.69%      
client [58] (testset)   loss: 0.1348 -> 0.1331  accuracy: 95.92% -> 95.41%      
---------------------------- TRAINING EPOCH: 160 ----------------------------   
client [48] (testset)   loss: 0.0329 -> 0.0335  accuracy: 98.73% -> 98.73%      
client [76] (testset)   loss: 0.3431 -> 0.3431  accuracy: 86.67% -> 86.67%      
client [67] (testset)   loss: 0.1712 -> 0.1635  accuracy: 95.19% -> 94.50%      
client [37] (testset)   loss: 0.1619 -> 0.1553  accuracy: 95.65% -> 95.65%      
client [58] (testset)   loss: 0.1378 -> 0.1312  accuracy: 95.41% -> 95.92%      
client [64] (testset)   loss: 0.1372 -> 0.1678  accuracy: 94.74% -> 93.98%      
client [77] (testset)   loss: 0.0535 -> 0.0532  accuracy: 98.45% -> 98.45%      
client [55] (testset)   loss: 0.0090 -> 0.0041  accuracy: 100.00% -> 100.00%    
client [12] (testset)   loss: 0.1572 -> 0.1541  accuracy: 94.31% -> 94.55%      
client [89] (testset)   loss: 0.4490 -> 0.4471  accuracy: 89.47% -> 94.74%      
---------------------------- TRAINING EPOCH: 170 ----------------------------   
client [84] (testset)   loss: 0.0131 -> 0.0107  accuracy: 100.00% -> 100.00%    
client [51] (testset)   loss: 0.0410 -> 0.0424  accuracy: 98.53% -> 98.04%      
client [8]  (testset)   loss: 0.3439 -> 0.3423  accuracy: 89.29% -> 90.18%      
client [18] (testset)   loss: 0.0163 -> 0.0165  accuracy: 99.50% -> 99.50%      
client [94] (testset)   loss: 0.1800 -> 0.1959  accuracy: 95.42% -> 93.89%      
client [81] (testset)   loss: 0.0225 -> 0.0223  accuracy: 100.00% -> 100.00%    
client [3]  (testset)   loss: 0.1662 -> 0.1905  accuracy: 93.00% -> 93.39%      
client [11] (testset)   loss: 0.3234 -> 0.3234  accuracy: 89.69% -> 89.69%      
client [95] (testset)   loss: 0.2174 -> 0.1927  accuracy: 90.74% -> 90.74%      
client [67] (testset)   loss: 0.1549 -> 0.1602  accuracy: 94.85% -> 94.85%      
---------------------------- TRAINING EPOCH: 180 ----------------------------   
client [21] (testset)   loss: 0.3808 -> 0.6104  accuracy: 88.20% -> 80.12%      
client [79] (testset)   loss: 0.2740 -> 0.3689  accuracy: 88.18% -> 84.24%      
client [58] (testset)   loss: 0.1327 -> 0.1303  accuracy: 95.41% -> 95.92%      
client [88] (testset)   loss: 0.5316 -> 0.5357  accuracy: 79.27% -> 81.71%      
client [46] (testset)   loss: 0.3251 -> 0.2895  accuracy: 90.62% -> 89.58%      
client [11] (testset)   loss: 0.3227 -> 0.3951  accuracy: 87.89% -> 84.30%      
client [55] (testset)   loss: 0.0046 -> 0.0041  accuracy: 100.00% -> 100.00%    
client [13] (testset)   loss: 0.3916 -> 0.3383  accuracy: 87.82% -> 88.14%      
client [31] (testset)   loss: 0.2486 -> 0.2467  accuracy: 93.85% -> 93.85%      
client [75] (testset)   loss: 0.3540 -> 0.3539  accuracy: 85.65% -> 85.65%      
---------------------------- TRAINING EPOCH: 190 ----------------------------   
client [19] (testset)   loss: 0.2534 -> 0.2411  accuracy: 89.83% -> 89.83%      
client [7]  (testset)   loss: 0.0578 -> 0.0570  accuracy: 97.82% -> 98.69%      
client [57] (testset)   loss: 0.0373 -> 0.0352  accuracy: 99.27% -> 99.27%      
client [13] (testset)   loss: 0.3325 -> 0.3750  accuracy: 88.14% -> 87.18%      
client [43] (testset)   loss: 0.1249 -> 0.1147  accuracy: 95.38% -> 96.92%      
client [91] (testset)   loss: 0.3729 -> 0.3721  accuracy: 92.31% -> 92.31%      
client [10] (testset)   loss: 0.0297 -> 0.0330  accuracy: 98.53% -> 98.53%      
client [64] (testset)   loss: 0.1455 -> 0.1639  accuracy: 93.98% -> 92.48%      
client [82] (testset)   loss: 0.0999 -> 0.1017  accuracy: 98.63% -> 98.63%      
client [22] (testset)   loss: 0.0386 -> 0.0387  accuracy: 98.97% -> 98.97%      
---------------------------- TRAINING EPOCH: 200 ----------------------------   
client [20] (testset)   loss: 0.0483 -> 0.0444  accuracy: 98.39% -> 98.39%      
client [23] (testset)   loss: 0.1589 -> 0.1481  accuracy: 95.96% -> 95.96%      
client [88] (testset)   loss: 0.4299 -> 0.4222  accuracy: 87.80% -> 89.02%      
client [98] (testset)   loss: 0.4048 -> 0.3442  accuracy: 89.36% -> 91.49%      
client [79] (testset)   loss: 0.2710 -> 0.5102  accuracy: 88.18% -> 80.30%      
client [21] (testset)   loss: 0.4348 -> 0.2802  accuracy: 85.71% -> 87.58%      
client [92] (testset)   loss: 0.1200 -> 0.1284  accuracy: 95.62% -> 95.62%      
client [56] (testset)   loss: 0.3797 -> 0.3812  accuracy: 83.19% -> 83.19%      
client [5]  (testset)   loss: 0.1491 -> 0.1453  accuracy: 95.24% -> 95.71%      
client [52] (testset)   loss: 0.2187 -> 0.2276  accuracy: 89.83% -> 89.83%      
---------------------------- TRAINING EPOCH: 210 ----------------------------   
client [67] (testset)   loss: 0.1456 -> 0.1571  accuracy: 95.19% -> 95.53%      
client [54] (testset)   loss: 0.2360 -> 0.2482  accuracy: 88.31% -> 87.01%      
client [14] (testset)   loss: 0.4068 -> 0.3886  accuracy: 85.71% -> 86.67%      
client [99] (testset)   loss: 0.0784 -> 0.0800  accuracy: 98.42% -> 98.16%      
client [36] (testset)   loss: 0.1807 -> 0.1781  accuracy: 93.92% -> 94.25%      
client [30] (testset)   loss: 0.1339 -> 0.1342  accuracy: 97.12% -> 97.12%      
client [38] (testset)   loss: 0.4397 -> 0.5226  accuracy: 84.42% -> 81.82%      
client [15] (testset)   loss: 0.2181 -> 0.2154  accuracy: 92.19% -> 92.19%      
client [6]  (testset)   loss: 0.0464 -> 0.0462  accuracy: 98.05% -> 98.05%      
client [53] (testset)   loss: 0.0133 -> 0.0119  accuracy: 99.70% -> 99.70%      
---------------------------- TRAINING EPOCH: 220 ----------------------------   
client [99] (testset)   loss: 0.0801 -> 0.0817  accuracy: 98.16% -> 98.16%      
client [6]  (testset)   loss: 0.0451 -> 0.0474  accuracy: 98.05% -> 97.40%      
client [83] (testset)   loss: 0.0302 -> 0.0296  accuracy: 99.36% -> 99.36%      
client [42] (testset)   loss: 0.0612 -> 0.0604  accuracy: 98.79% -> 98.91%      
client [34] (testset)   loss: 0.3579 -> 0.3782  accuracy: 96.15% -> 96.15%      
client [15] (testset)   loss: 0.2350 -> 0.2408  accuracy: 90.62% -> 89.06%      
client [47] (testset)   loss: 0.1256 -> 0.3677  accuracy: 95.00% -> 87.83%      
client [55] (testset)   loss: 0.0029 -> 0.0023  accuracy: 100.00% -> 100.00%    
client [51] (testset)   loss: 0.0370 -> 0.0378  accuracy: 98.53% -> 99.02%      
client [95] (testset)   loss: 0.1897 -> 0.2548  accuracy: 92.59% -> 92.59%      
---------------------------- TRAINING EPOCH: 230 ----------------------------   
client [71] (testset)   loss: 0.0965 -> 0.1007  accuracy: 94.57% -> 94.02%      
client [15] (testset)   loss: 0.2209 -> 0.2140  accuracy: 92.19% -> 92.81%      
client [33] (testset)   loss: 0.1409 -> 0.1105  accuracy: 95.32% -> 95.91%      
client [99] (testset)   loss: 0.0747 -> 0.0816  accuracy: 98.42% -> 98.16%      
client [90] (testset)   loss: 0.0582 -> 0.0563  accuracy: 97.97% -> 97.97%      
client [57] (testset)   loss: 0.0325 -> 0.0290  accuracy: 99.27% -> 99.64%      
client [27] (testset)   loss: 0.0288 -> 0.0309  accuracy: 97.67% -> 97.67%      
client [78] (testset)   loss: 0.0161 -> 0.0149  accuracy: 99.21% -> 99.21%      
client [36] (testset)   loss: 0.1721 -> 0.1919  accuracy: 94.91% -> 93.76%      
client [88] (testset)   loss: 0.4306 -> 0.4160  accuracy: 85.37% -> 85.37%      
---------------------------- TRAINING EPOCH: 240 ----------------------------   
client [70] (testset)   loss: 0.2721 -> 0.2784  accuracy: 94.59% -> 94.59%      
client [35] (testset)   loss: 0.0335 -> 0.0321  accuracy: 98.65% -> 98.65%      
client [16] (testset)   loss: 0.0262 -> 0.0274  accuracy: 98.33% -> 98.33%      
client [80] (testset)   loss: 0.0867 -> 0.0387  accuracy: 98.08% -> 98.08%      
client [38] (testset)   loss: 0.4379 -> 0.4613  accuracy: 83.12% -> 84.42%      
client [78] (testset)   loss: 0.0160 -> 0.0148  accuracy: 99.21% -> 99.21%      
client [68] (testset)   loss: 0.1592 -> 0.1403  accuracy: 94.55% -> 94.55%      
client [11] (testset)   loss: 0.3172 -> 0.3568  accuracy: 86.55% -> 84.30%      
client [64] (testset)   loss: 0.1369 -> 0.1265  accuracy: 93.98% -> 93.98%      
client [82] (testset)   loss: 0.1073 -> 0.1062  accuracy: 98.63% -> 98.63%      
---------------------------- TRAINING EPOCH: 250 ----------------------------   
client [30] (testset)   loss: 0.1420 -> 0.1431  accuracy: 96.15% -> 96.15%      
client [27] (testset)   loss: 0.0299 -> 0.0266  accuracy: 97.67% -> 97.67%      
client [74] (testset)   loss: 0.2176 -> 0.1960  accuracy: 92.59% -> 92.59%      
client [45] (testset)   loss: 0.2626 -> 0.2626  accuracy: 86.49% -> 83.78%      
client [6]  (testset)   loss: 0.0420 -> 0.0446  accuracy: 98.05% -> 98.05%      
client [36] (testset)   loss: 0.1696 -> 0.1941  accuracy: 94.75% -> 93.92%      
client [63] (testset)   loss: 0.0327 -> 0.0314  accuracy: 100.00% -> 100.00%    
client [76] (testset)   loss: 0.3717 -> 0.3659  accuracy: 86.67% -> 86.67%      
client [83] (testset)   loss: 0.0292 -> 0.0283  accuracy: 99.36% -> 99.36%      
client [86] (testset)   loss: 0.1929 -> 0.1722  accuracy: 94.12% -> 94.12%      
---------------------------- TRAINING EPOCH: 260 ----------------------------   
client [83] (testset)   loss: 0.0291 -> 0.0288  accuracy: 99.36% -> 99.36%      
client [99] (testset)   loss: 0.0761 -> 0.0781  accuracy: 98.42% -> 98.42%      
client [74] (testset)   loss: 0.2138 -> 0.2340  accuracy: 92.59% -> 92.59%      
client [73] (testset)   loss: 0.0271 -> 0.0299  accuracy: 99.24% -> 99.24%      
client [29] (testset)   loss: 0.2337 -> 0.2389  accuracy: 87.34% -> 88.61%      
client [92] (testset)   loss: 0.1181 -> 0.1223  accuracy: 95.62% -> 95.62%      
client [6]  (testset)   loss: 0.0438 -> 0.0465  accuracy: 98.05% -> 97.40%      
client [61] (testset)   loss: 0.0480 -> 0.0428  accuracy: 97.56% -> 98.78%      
client [21] (testset)   loss: 0.2452 -> 0.8829  accuracy: 88.82% -> 66.46%      
client [67] (testset)   loss: 0.1368 -> 0.1585  accuracy: 95.53% -> 95.53%      
---------------------------- TRAINING EPOCH: 270 ----------------------------   
client [83] (testset)   loss: 0.0294 -> 0.0266  accuracy: 99.36% -> 99.36%      
client [32] (testset)   loss: 0.2805 -> 0.3229  accuracy: 87.78% -> 86.11%      
client [95] (testset)   loss: 0.1471 -> 0.1756  accuracy: 94.44% -> 92.59%      
client [61] (testset)   loss: 0.0395 -> 0.0401  accuracy: 98.78% -> 98.78%      
client [27] (testset)   loss: 0.0281 -> 0.0274  accuracy: 97.67% -> 97.67%      
client [25] (testset)   loss: 0.0752 -> 0.0751  accuracy: 98.08% -> 98.08%      
client [68] (testset)   loss: 0.1306 -> 0.1397  accuracy: 94.55% -> 94.55%      
client [34] (testset)   loss: 0.3903 -> 0.3940  accuracy: 92.31% -> 92.31%      
client [71] (testset)   loss: 0.0757 -> 0.0799  accuracy: 96.20% -> 96.74%      
client [89] (testset)   loss: 0.4760 -> 0.4880  accuracy: 89.47% -> 89.47%      
---------------------------- TRAINING EPOCH: 280 ----------------------------   
client [78] (testset)   loss: 0.0128 -> 0.0126  accuracy: 99.21% -> 99.21%      
client [81] (testset)   loss: 0.0171 -> 0.0173  accuracy: 100.00% -> 100.00%    
client [51] (testset)   loss: 0.0367 -> 0.0367  accuracy: 99.02% -> 98.53%      
client [54] (testset)   loss: 0.2413 -> 0.2528  accuracy: 87.01% -> 87.01%      
client [65] (testset)   loss: 0.3266 -> 0.3564  accuracy: 87.50% -> 87.50%      
client [41] (testset)   loss: 0.2245 -> 0.2247  accuracy: 93.15% -> 91.94%      
client [11] (testset)   loss: 0.3000 -> 0.3298  accuracy: 89.24% -> 85.20%      
client [85] (testset)   loss: 0.0813 -> 0.0811  accuracy: 98.25% -> 98.25%      
client [12] (testset)   loss: 0.1314 -> 0.1863  accuracy: 94.67% -> 93.25%      
client [23] (testset)   loss: 0.1478 -> 0.1580  accuracy: 95.96% -> 95.96%      
---------------------------- TRAINING EPOCH: 290 ----------------------------   
client [16] (testset)   loss: 0.0210 -> 0.0262  accuracy: 99.17% -> 98.33%      
client [65] (testset)   loss: 0.3666 -> 0.3738  accuracy: 87.50% -> 87.50%      
client [53] (testset)   loss: 0.0088 -> 0.0086  accuracy: 99.70% -> 99.70%      
client [58] (testset)   loss: 0.1181 -> 0.1167  accuracy: 96.43% -> 95.92%      
client [72] (testset)   loss: 0.0390 -> 0.0376  accuracy: 100.00% -> 100.00%    
client [7]  (testset)   loss: 0.0488 -> 0.0470  accuracy: 98.25% -> 98.69%      
client [71] (testset)   loss: 0.0755 -> 0.0807  accuracy: 96.20% -> 96.74%      
client [59] (testset)   loss: 0.4479 -> 0.4416  accuracy: 88.32% -> 88.32%      
client [86] (testset)   loss: 0.1825 -> 0.1798  accuracy: 94.12% -> 94.12%      
client [39] (testset)   loss: 0.0028 -> 0.0026  accuracy: 100.00% -> 100.00%    
---------------------------- TRAINING EPOCH: 300 ----------------------------   
client [99] (testset)   loss: 0.0832 -> 0.0803  accuracy: 98.42% -> 98.42%      
client [7]  (testset)   loss: 0.0457 -> 0.0456  accuracy: 98.25% -> 98.69%      
client [17] (testset)   loss: 0.1396 -> 0.1386  accuracy: 95.19% -> 95.72%      
client [64] (testset)   loss: 0.1227 -> 0.1306  accuracy: 93.98% -> 93.98%      
client [37] (testset)   loss: 0.1429 -> 0.1433  accuracy: 98.91% -> 98.91%      
client [29] (testset)   loss: 0.2262 -> 0.2609  accuracy: 87.34% -> 89.87%      
client [93] (testset)   loss: 0.0212 -> 0.0223  accuracy: 98.31% -> 98.31%      
client [73] (testset)   loss: 0.0228 -> 0.0224  accuracy: 100.00% -> 100.00%    
client [40] (testset)   loss: 0.1164 -> 0.1525  accuracy: 95.00% -> 94.17%      
client [76] (testset)   loss: 0.3289 -> 0.3493  accuracy: 86.67% -> 86.67%      
---------------------------- TRAINING EPOCH: 310 ----------------------------   
client [31] (testset)   loss: 0.2132 -> 0.3342  accuracy: 92.31% -> 78.46%      
client [89] (testset)   loss: 0.5156 -> 0.5229  accuracy: 89.47% -> 89.47%      
client [77] (testset)   loss: 0.0337 -> 0.0348  accuracy: 99.48% -> 99.48%      
client [90] (testset)   loss: 0.0512 -> 0.0577  accuracy: 97.97% -> 97.97%      
client [26] (testset)   loss: 0.0720 -> 0.0780  accuracy: 97.93% -> 98.09%      
client [50] (testset)   loss: 0.0271 -> 0.0271  accuracy: 98.86% -> 99.15%      
client [30] (testset)   loss: 0.1542 -> 0.1592  accuracy: 97.12% -> 97.12%      
client [70] (testset)   loss: 0.2784 -> 0.2875  accuracy: 94.59% -> 94.59%      
client [41] (testset)   loss: 0.2001 -> 0.2152  accuracy: 93.95% -> 93.95%      
client [99] (testset)   loss: 0.0840 -> 0.0792  accuracy: 98.42% -> 98.42%      
---------------------------- TRAINING EPOCH: 320 ----------------------------   
client [68] (testset)   loss: 0.1372 -> 0.1339  accuracy: 94.55% -> 94.55%      
client [70] (testset)   loss: 0.2880 -> 0.2929  accuracy: 94.59% -> 94.59%      
client [52] (testset)   loss: 0.1787 -> 0.1987  accuracy: 89.83% -> 89.83%      
client [1]  (testset)   loss: 0.3102 -> 0.3109  accuracy: 95.24% -> 95.24%      
client [2]  (testset)   loss: 0.0132 -> 0.0129  accuracy: 99.34% -> 99.34%      
client [67] (testset)   loss: 0.1510 -> 0.1440  accuracy: 95.53% -> 95.19%      
client [92] (testset)   loss: 0.1306 -> 0.1347  accuracy: 95.62% -> 95.62%      
client [35] (testset)   loss: 0.0266 -> 0.0274  accuracy: 98.65% -> 98.65%      
client [36] (testset)   loss: 0.1697 -> 0.2035  accuracy: 94.58% -> 93.92%      
client [64] (testset)   loss: 0.1248 -> 0.1357  accuracy: 93.98% -> 93.98%      
---------------------------- TRAINING EPOCH: 330 ----------------------------   
client [44] (testset)   loss: 0.0746 -> 0.0729  accuracy: 96.23% -> 96.23%      
client [6]  (testset)   loss: 0.0417 -> 0.0426  accuracy: 98.05% -> 97.40%      
client [12] (testset)   loss: 0.1263 -> 0.1314  accuracy: 95.62% -> 95.14%      
client [55] (testset)   loss: 0.0014 -> 0.0015  accuracy: 100.00% -> 100.00%    
client [29] (testset)   loss: 0.2355 -> 0.2372  accuracy: 87.34% -> 87.34%      
client [9]  (testset)   loss: 0.1332 -> 0.1275  accuracy: 96.53% -> 95.83%      
client [43] (testset)   loss: 0.1148 -> 0.1322  accuracy: 96.92% -> 93.85%      
client [77] (testset)   loss: 0.0398 -> 0.0331  accuracy: 98.45% -> 99.48%      
client [98] (testset)   loss: 0.3866 -> 0.3950  accuracy: 89.36% -> 89.36%      
client [78] (testset)   loss: 0.0120 -> 0.0117  accuracy: 99.21% -> 99.21%      
---------------------------- TRAINING EPOCH: 340 ----------------------------   
client [92] (testset)   loss: 0.1286 -> 0.1274  accuracy: 95.62% -> 95.62%      
client [80] (testset)   loss: 0.0422 -> 0.0323  accuracy: 98.08% -> 100.00%     
client [63] (testset)   loss: 0.0313 -> 0.0333  accuracy: 100.00% -> 98.97%     
client [76] (testset)   loss: 0.3443 -> 0.3423  accuracy: 86.67% -> 86.67%      
client [78] (testset)   loss: 0.0136 -> 0.0133  accuracy: 99.21% -> 99.21%      
client [25] (testset)   loss: 0.0820 -> 0.0728  accuracy: 98.08% -> 98.08%      
client [58] (testset)   loss: 0.1161 -> 0.1143  accuracy: 96.43% -> 96.43%      
client [13] (testset)   loss: 0.3055 -> 0.3034  accuracy: 88.46% -> 88.14%      
client [17] (testset)   loss: 0.1358 -> 0.1345  accuracy: 95.72% -> 95.19%      
client [38] (testset)   loss: 0.4103 -> 0.3925  accuracy: 87.01% -> 88.31%      
---------------------------- TRAINING EPOCH: 350 ----------------------------   
client [72] (testset)   loss: 0.0396 -> 0.0344  accuracy: 100.00% -> 100.00%    
client [82] (testset)   loss: 0.1105 -> 0.1121  accuracy: 98.63% -> 98.63%      
client [86] (testset)   loss: 0.1827 -> 0.1839  accuracy: 94.12% -> 94.12%      
client [51] (testset)   loss: 0.0319 -> 0.0330  accuracy: 98.53% -> 98.53%      
client [96] (testset)   loss: 0.2304 -> 0.2156  accuracy: 93.43% -> 93.43%      
client [42] (testset)   loss: 0.0578 -> 0.0604  accuracy: 98.67% -> 98.79%      
client [55] (testset)   loss: 0.0023 -> 0.0023  accuracy: 100.00% -> 100.00%    
client [13] (testset)   loss: 0.3338 -> 0.3011  accuracy: 88.46% -> 88.46%      
client [1]  (testset)   loss: 0.2846 -> 0.2852  accuracy: 92.06% -> 93.65%      
client [12] (testset)   loss: 0.1290 -> 0.1320  accuracy: 95.02% -> 95.02%      
---------------------------- TRAINING EPOCH: 360 ----------------------------   
client [68] (testset)   loss: 0.1319 -> 0.1330  accuracy: 94.55% -> 94.55%      
client [23] (testset)   loss: 0.1484 -> 0.1546  accuracy: 95.96% -> 95.96%      
client [46] (testset)   loss: 0.2607 -> 0.2663  accuracy: 89.58% -> 90.62%      
client [41] (testset)   loss: 0.2036 -> 0.2065  accuracy: 94.35% -> 94.35%      
client [25] (testset)   loss: 0.0691 -> 0.0689  accuracy: 98.08% -> 98.08%      
client [58] (testset)   loss: 0.1093 -> 0.1132  accuracy: 95.92% -> 96.43%      
client [14] (testset)   loss: 0.3484 -> 0.4154  accuracy: 86.43% -> 85.00%      
client [33] (testset)   loss: 0.0833 -> 0.0803  accuracy: 96.49% -> 96.49%      
client [85] (testset)   loss: 0.0864 -> 0.0857  accuracy: 98.25% -> 98.25%      
client [62] (testset)   loss: 0.3356 -> 0.3380  accuracy: 90.00% -> 90.00%      
---------------------------- TRAINING EPOCH: 370 ----------------------------   
client [98] (testset)   loss: 0.4418 -> 1.1577  accuracy: 89.36% -> 48.94%      
client [63] (testset)   loss: 0.0299 -> 0.0317  accuracy: 98.97% -> 98.97%      
client [70] (testset)   loss: 0.2755 -> 0.2840  accuracy: 94.59% -> 94.59%      
client [65] (testset)   loss: 0.3554 -> 0.3388  accuracy: 87.50% -> 87.50%      
client [14] (testset)   loss: 0.3486 -> 0.3542  accuracy: 89.05% -> 86.90%      
client [73] (testset)   loss: 0.0187 -> 0.0210  accuracy: 100.00% -> 100.00%    
client [34] (testset)   loss: 0.4036 -> 0.3594  accuracy: 92.31% -> 96.15%      
client [99] (testset)   loss: 0.0744 -> 0.0762  accuracy: 98.42% -> 98.42%      
client [69] (testset)   loss: 0.1753 -> 0.2225  accuracy: 96.30% -> 93.21%      
client [46] (testset)   loss: 0.4434 -> 0.3342  accuracy: 77.08% -> 90.62%      
---------------------------- TRAINING EPOCH: 380 ----------------------------   
client [99] (testset)   loss: 0.0807 -> 0.0744  accuracy: 98.42% -> 98.42%      
client [93] (testset)   loss: 0.0234 -> 0.0237  accuracy: 98.31% -> 98.31%      
client [11] (testset)   loss: 0.2953 -> 0.2985  accuracy: 89.24% -> 89.24%      
client [58] (testset)   loss: 0.1129 -> 0.1276  accuracy: 95.92% -> 96.43%      
client [81] (testset)   loss: 0.0107 -> 0.0103  accuracy: 100.00% -> 100.00%    
client [85] (testset)   loss: 0.0835 -> 0.0838  accuracy: 98.25% -> 98.25%      
client [89] (testset)   loss: 0.5277 -> 0.5300  accuracy: 89.47% -> 89.47%      
client [45] (testset)   loss: 0.2604 -> 0.2564  accuracy: 89.19% -> 89.19%      
client [8]  (testset)   loss: 0.2870 -> 0.2836  accuracy: 90.48% -> 90.77%      
client [68] (testset)   loss: 0.1179 -> 0.1250  accuracy: 94.55% -> 94.55%      
---------------------------- TRAINING EPOCH: 390 ----------------------------   
client [67] (testset)   loss: 0.1522 -> 0.1830  accuracy: 95.19% -> 94.85%      
client [72] (testset)   loss: 0.0276 -> 0.0282  accuracy: 100.00% -> 100.00%    
client [1]  (testset)   loss: 0.2929 -> 0.2940  accuracy: 95.24% -> 93.65%      
client [78] (testset)   loss: 0.0108 -> 0.0108  accuracy: 99.21% -> 99.21%      
client [83] (testset)   loss: 0.0230 -> 0.0233  accuracy: 99.36% -> 99.36%      
client [21] (testset)   loss: 0.2177 -> 0.2444  accuracy: 91.30% -> 92.55%      
client [56] (testset)   loss: 0.3484 -> 0.3848  accuracy: 88.24% -> 85.71%      
client [44] (testset)   loss: 0.0767 -> 0.0662  accuracy: 97.17% -> 97.17%      
client [92] (testset)   loss: 0.1285 -> 0.1319  accuracy: 96.35% -> 95.62%      
client [27] (testset)   loss: 0.0206 -> 0.0211  accuracy: 97.67% -> 97.67%      
---------------------------- TRAINING EPOCH: 400 ----------------------------   
client [10] (testset)   loss: 0.0214 -> 0.0215  accuracy: 98.53% -> 98.53%      
client [39] (testset)   loss: 0.0016 -> 0.0015  accuracy: 100.00% -> 100.00%    
client [65] (testset)   loss: 0.3353 -> 0.3486  accuracy: 87.50% -> 87.50%      
client [26] (testset)   loss: 0.0652 -> 0.0706  accuracy: 98.09% -> 97.93%      
client [19] (testset)   loss: 0.2555 -> 0.2382  accuracy: 91.53% -> 89.83%      
client [68] (testset)   loss: 0.1343 -> 0.1319  accuracy: 94.55% -> 94.55%      
client [41] (testset)   loss: 0.2028 -> 0.2010  accuracy: 93.95% -> 94.76%      
client [50] (testset)   loss: 0.0272 -> 0.0288  accuracy: 99.15% -> 99.15%      
client [75] (testset)   loss: 0.3027 -> 0.2837  accuracy: 89.00% -> 89.00%      
client [81] (testset)   loss: 0.0101 -> 0.0106  accuracy: 100.00% -> 100.00%    
Training... ━━━━━━━━━━━━━━━━━━━━━━━━━━━━━━━━━━━━━━━━ 100% 0:07:18
FedRep's average time taken by each global epoch: 0 min 1.09 sec.               
FedRep's total running time: 0 h 7 m 18 s.                                      
==================== FedRep Experiment Results: ====================            
Display format: (before local fine-tuning) -> (after local fine-tuning)         
 So if finetune_epoch = 0, x.xx% -> 0.00% is normal.                            
 Centralized testing ONLY happens after model aggregation, so the stats between 
'->' are the same.                                                              
{                                                                               
    "100": {                                                                    
        "all_clients": {                                                        
            "test": {                                                           
                "loss": "0.1725 -> 0.0000",                                     
                "accuracy": "94.06% -> 0.00%"                                   
            }                                                                   
        }                                                                       
    },                                                                          
    "200": {                                                                    
        "all_clients": {                                                        
            "test": {                                                           
                "loss": "0.1455 -> 0.0000",                                     
                "accuracy": "95.03% -> 0.00%"                                   
            }                                                                   
        }                                                                       
    },                                                                          
    "300": {                                                                    
        "all_clients": {                                                        
            "test": {                                                           
                "loss": "0.1369 -> 0.0000",                                     
                "accuracy": "95.41% -> 0.00%"                                   
            }                                                                   
        }                                                                       
    },                                                                          
    "400": {                                                                    
        "all_clients": {                                                        
            "test": {                                                           
                "loss": "0.1316 -> 0.0000",                                     
                "accuracy": "95.69% -> 0.00%"                                   
            }                                                                   
        }                                                                       
    }                                                                           
}                                                                               
==================== FedRep Max Accuracy ====================                   
all_clients:                                                                    
(test) before fine-tuning: 95.69% at epoch 400                                  
(test) after fine-tuning: 0.00% at epoch 100                                    
