==================== Floco ====================                                 
Experiment Arguments:                                                           
{
│   'method': 'floco',
│   'dataset': {
│   │   'name': 'mnist',
│   │   'client_num': 100,
│   │   'test_ratio': 0.25,
│   │   'val_ratio': 0.0,
│   │   'seed': 42,
│   │   'split': 'sample',
│   │   'IID_ratio': 0.0,
│   │   'monitor_window_name_suffix': 'mnist-100clients-0%IID-Dir(0.1)-seed42',
│   │   'alpha': 0.1,
│   │   'min_samples_per_client': 10
│   },
│   'model': {
│   │   'name': 'avgcnn',
│   │   'use_torchvision_pretrained_weights': True,
│   │   'external_model_weights_path': None
│   },
│   'optimizer': {
│   │   'lr': 0.01,
│   │   'dampening': 0,
│   │   'weight_decay': 0,
│   │   'momentum': 0,
│   │   'nesterov': False,
│   │   'name': 'sgd'
│   },
│   'mode': 'serial',
│   'parallel': {
│   │   'ray_cluster_addr': None,
│   │   'num_cpus': None,
│   │   'num_gpus': None,
│   │   'num_workers': 2
│   },
│   'common': {
│   │   'seed': 42,
│   │   'join_ratio': 0.1,
│   │   'global_epoch': 400,
│   │   'local_epoch': 5,
│   │   'batch_size': 32,
│   │   'reset_optimizer_on_global_epoch': True,
│   │   'straggler_ratio': 0,
│   │   'straggler_min_local_epoch': 0,
│   │   'buffers': 'global',
│   │   'client_side_evaluation': True,
│   │   'test': {
│   │   │   'client': {
│   │   │   │   'interval': 100,
│   │   │   │   'finetune_epoch': 0,
│   │   │   │   'train': False,
│   │   │   │   'val': False,
│   │   │   │   'test': True
│   │   │   },
│   │   │   'server': {
│   │   │   │   'interval': -1,
│   │   │   │   'train': False,
│   │   │   │   'val': False,
│   │   │   │   'test': False,
│   │   │   │   'model_in_train_mode': False
│   │   │   }
│   │   },
│   │   'verbose_gap': 10,
│   │   'monitor': None,
│   │   'use_cuda': True,
│   │   'save_log': True,
│   │   'save_model': False,
│   │   'save_learning_curve_plot': False,
│   │   'save_metrics': True,
│   │   'delete_useless_run': True
│   },
│   'floco': {
│   │   'endpoints': 10,
│   │   'tau': 10,
│   │   'rho': 0.1,
│   │   'pers_epoch': 0,
│   │   'lamda': 1
│   }
}
---------------------------- TRAINING EPOCH: 10 ----------------------------    
client [77] (testset)   loss: 0.7811 -> 0.1206  accuracy: 73.97% -> 96.58%      
client [81] (testset)   loss: 0.4277 -> 0.0495  accuracy: 85.80% -> 99.38%      
client [21] (testset)   loss: 0.4202 -> 0.1467  accuracy: 85.29% -> 94.12%      
client [68] (testset)   loss: 0.2514 -> 0.1769  accuracy: 93.22% -> 94.92%      
client [93] (testset)   loss: 0.4506 -> 0.0857  accuracy: 87.10% -> 100.00%     
client [31] (testset)   loss: 0.3078 -> 0.2250  accuracy: 85.71% -> 85.71%      
client [20] (testset)   loss: 0.6285 -> 0.2809  accuracy: 85.97% -> 91.86%      
client [59] (testset)   loss: 0.3078 -> 0.1559  accuracy: 87.50% -> 100.00%     
client [48] (testset)   loss: 0.6596 -> 0.1059  accuracy: 74.76% -> 98.06%      
client [34] (testset)   loss: 0.4107 -> 0.4472  accuracy: 88.89% -> 88.89%      
Projecting gradients ... 
---------------------------- TRAINING EPOCH: 20 ----------------------------    
client [69] (testset)   loss: 0.0699 -> 0.0206  accuracy: 97.45% -> 99.27%      
client [99] (testset)   loss: 0.3235 -> 0.3677  accuracy: 90.48% -> 85.71%      
client [67] (testset)   loss: 0.0147 -> 0.0037  accuracy: 100.00% -> 100.00%    
client [0]  (testset)   loss: 0.1251 -> 0.0357  accuracy: 97.17% -> 100.00%     
client [76] (testset)   loss: 0.0693 -> 0.1420  accuracy: 98.70% -> 96.10%      
client [41] (testset)   loss: 0.0479 -> 0.0294  accuracy: 97.89% -> 98.95%      
client [62] (testset)   loss: 0.0820 -> 0.0727  accuracy: 97.24% -> 97.24%      
client [2]  (testset)   loss: 0.5057 -> 0.0455  accuracy: 78.71% -> 99.24%      
client [14] (testset)   loss: 0.2059 -> 0.0438  accuracy: 95.14% -> 97.22%      
client [46] (testset)   loss: 0.2037 -> 0.0617  accuracy: 93.47% -> 97.75%      
---------------------------- TRAINING EPOCH: 30 ----------------------------    
client [24] (testset)   loss: 0.1375 -> 0.1620  accuracy: 94.59% -> 95.95%      
client [68] (testset)   loss: 0.2169 -> 0.1592  accuracy: 96.61% -> 98.31%      
client [57] (testset)   loss: 0.0698 -> 0.0565  accuracy: 98.07% -> 99.03%      
client [17] (testset)   loss: 0.0428 -> 0.0573  accuracy: 98.83% -> 98.83%      
client [54] (testset)   loss: 0.3353 -> 0.4111  accuracy: 79.07% -> 90.70%      
client [23] (testset)   loss: 0.0234 -> 0.0157  accuracy: 100.00% -> 100.00%    
client [35] (testset)   loss: 0.1070 -> 0.0577  accuracy: 95.10% -> 97.06%      
client [59] (testset)   loss: 0.0491 -> 0.0424  accuracy: 100.00% -> 100.00%    
client [31] (testset)   loss: 0.5445 -> 0.5263  accuracy: 71.43% -> 71.43%      
client [9]  (testset)   loss: 0.0764 -> 0.0658  accuracy: 97.88% -> 97.72%      
---------------------------- TRAINING EPOCH: 40 ----------------------------    
client [64] (testset)   loss: 0.0712 -> 0.0165  accuracy: 97.22% -> 99.17%      
client [33] (testset)   loss: 0.0709 -> 0.0586  accuracy: 98.53% -> 99.02%      
client [16] (testset)   loss: 0.1248 -> 0.0102  accuracy: 97.14% -> 100.00%     
client [44] (testset)   loss: 0.2811 -> 0.0846  accuracy: 91.64% -> 97.91%      
client [8]  (testset)   loss: 0.0017 -> 0.0004  accuracy: 100.00% -> 100.00%    
client [31] (testset)   loss: 0.6582 -> 0.5988  accuracy: 71.43% -> 71.43%      
client [47] (testset)   loss: 0.0248 -> 0.0025  accuracy: 98.86% -> 100.00%     
client [36] (testset)   loss: 0.1363 -> 0.0534  accuracy: 95.43% -> 97.97%      
client [20] (testset)   loss: 0.2142 -> 0.1553  accuracy: 93.67% -> 96.38%      
client [56] (testset)   loss: 0.0288 -> 0.0131  accuracy: 98.92% -> 100.00%     
---------------------------- TRAINING EPOCH: 50 ----------------------------    
client [4]  (testset)   loss: 0.0244 -> 0.0311  accuracy: 98.53% -> 98.53%      
client [60] (testset)   loss: 0.1151 -> 0.0928  accuracy: 96.00% -> 97.00%      
client [28] (testset)   loss: 0.0099 -> 0.0015  accuracy: 99.33% -> 100.00%     
client [25] (testset)   loss: 0.0246 -> 0.0041  accuracy: 100.00% -> 100.00%    
client [58] (testset)   loss: 0.0967 -> 0.0624  accuracy: 95.74% -> 97.87%      
client [44] (testset)   loss: 0.2010 -> 0.0767  accuracy: 94.93% -> 98.21%      
client [39] (testset)   loss: 0.0247 -> 0.0096  accuracy: 99.75% -> 99.75%      
client [29] (testset)   loss: 0.0210 -> 0.0289  accuracy: 99.26% -> 98.89%      
client [3]  (testset)   loss: 0.0444 -> 0.0307  accuracy: 98.53% -> 98.95%      
client [84] (testset)   loss: 0.0441 -> 0.0139  accuracy: 100.00% -> 100.00%    
---------------------------- TRAINING EPOCH: 60 ----------------------------    
client [21] (testset)   loss: 0.0925 -> 0.0292  accuracy: 97.06% -> 99.02%      
client [84] (testset)   loss: 0.0273 -> 0.0147  accuracy: 100.00% -> 100.00%    
client [10] (testset)   loss: 0.0020 -> 0.0022  accuracy: 100.00% -> 100.00%    
client [36] (testset)   loss: 0.0963 -> 0.0625  accuracy: 96.45% -> 98.48%      
client [65] (testset)   loss: 0.0192 -> 0.0122  accuracy: 99.58% -> 99.58%      
client [81] (testset)   loss: 0.0591 -> 0.0137  accuracy: 98.15% -> 99.38%      
client [79] (testset)   loss: 0.1708 -> 0.0712  accuracy: 95.38% -> 96.92%      
client [42] (testset)   loss: 0.2226 -> 0.1947  accuracy: 94.54% -> 93.99%      
client [11] (testset)   loss: 0.0001 -> 0.0009  accuracy: 100.00% -> 100.00%    
client [96] (testset)   loss: 0.0645 -> 0.0187  accuracy: 97.06% -> 100.00%     
---------------------------- TRAINING EPOCH: 70 ----------------------------    
client [8]  (testset)   loss: 0.0076 -> 0.0040  accuracy: 100.00% -> 100.00%    
client [53] (testset)   loss: 0.0746 -> 0.0339  accuracy: 96.00% -> 100.00%     
client [52] (testset)   loss: 0.0129 -> 0.0038  accuracy: 100.00% -> 100.00%    
client [42] (testset)   loss: 0.2086 -> 0.1513  accuracy: 96.17% -> 96.72%      
client [69] (testset)   loss: 0.0090 -> 0.0091  accuracy: 99.64% -> 99.64%      
client [59] (testset)   loss: 0.0217 -> 0.0197  accuracy: 100.00% -> 100.00%    
client [7]  (testset)   loss: 0.0612 -> 0.0555  accuracy: 100.00% -> 100.00%    
client [26] (testset)   loss: 0.0937 -> 0.1121  accuracy: 95.83% -> 91.67%      
client [49] (testset)   loss: 0.0008 -> 0.0004  accuracy: 100.00% -> 100.00%    
client [98] (testset)   loss: 0.0880 -> 0.0605  accuracy: 97.06% -> 97.06%      
---------------------------- TRAINING EPOCH: 80 ----------------------------    
client [98] (testset)   loss: 0.0776 -> 0.0261  accuracy: 94.12% -> 97.06%      
client [47] (testset)   loss: 0.0079 -> 0.0012  accuracy: 100.00% -> 100.00%    
client [21] (testset)   loss: 0.0765 -> 0.0241  accuracy: 97.06% -> 99.02%      
client [77] (testset)   loss: 0.0487 -> 0.0296  accuracy: 97.26% -> 98.63%      
client [95] (testset)   loss: 0.0115 -> 0.0079  accuracy: 99.28% -> 99.64%      
client [91] (testset)   loss: 0.0249 -> 0.0289  accuracy: 99.50% -> 99.34%      
client [14] (testset)   loss: 0.1501 -> 0.0303  accuracy: 95.83% -> 99.31%      
client [99] (testset)   loss: 0.1140 -> 0.0877  accuracy: 95.24% -> 95.24%      
client [20] (testset)   loss: 0.1638 -> 0.1406  accuracy: 94.57% -> 96.38%      
client [39] (testset)   loss: 0.0377 -> 0.0081  accuracy: 99.02% -> 99.75%      
---------------------------- TRAINING EPOCH: 90 ----------------------------    
client [52] (testset)   loss: 0.0205 -> 0.0006  accuracy: 98.68% -> 100.00%     
client [62] (testset)   loss: 0.0113 -> 0.0115  accuracy: 99.45% -> 99.45%      
client [71] (testset)   loss: 0.0137 -> 0.0160  accuracy: 99.54% -> 99.30%      
client [97] (testset)   loss: 0.0187 -> 0.0115  accuracy: 99.33% -> 99.33%      
client [30] (testset)   loss: 0.0465 -> 0.1335  accuracy: 97.50% -> 95.00%      
client [88] (testset)   loss: 0.0182 -> 0.0100  accuracy: 100.00% -> 100.00%    
client [60] (testset)   loss: 0.1269 -> 0.0585  accuracy: 96.00% -> 97.00%      
client [82] (testset)   loss: 0.1500 -> 0.1745  accuracy: 92.96% -> 95.77%      
client [91] (testset)   loss: 0.0229 -> 0.0258  accuracy: 99.34% -> 99.34%      
client [57] (testset)   loss: 0.0141 -> 0.0222  accuracy: 99.52% -> 99.03%      
---------------------------- TRAINING EPOCH: 100 ----------------------------   
client [31] (testset)   loss: 0.4324 -> 0.2554  accuracy: 85.71% -> 85.71%      
client [15] (testset)   loss: 0.0903 -> 0.0576  accuracy: 98.17% -> 99.08%      
client [71] (testset)   loss: 0.0172 -> 0.0162  accuracy: 99.30% -> 99.07%      
client [97] (testset)   loss: 0.0230 -> 0.0109  accuracy: 98.66% -> 99.33%      
client [53] (testset)   loss: 0.0579 -> 0.0414  accuracy: 96.00% -> 96.00%      
client [77] (testset)   loss: 0.0692 -> 0.0302  accuracy: 97.26% -> 98.63%      
client [76] (testset)   loss: 0.0533 -> 0.1093  accuracy: 97.40% -> 97.40%      
client [79] (testset)   loss: 0.1241 -> 0.0603  accuracy: 95.38% -> 98.46%      
client [28] (testset)   loss: 0.0077 -> 0.0009  accuracy: 99.33% -> 100.00%     
client [99] (testset)   loss: 0.1363 -> 0.2446  accuracy: 95.24% -> 95.24%      
---------------------------- TRAINING EPOCH: 110 ----------------------------   
client [97] (testset)   loss: 0.0112 -> 0.0108  accuracy: 99.67% -> 99.33%      
client [86] (testset)   loss: 0.0437 -> 0.0219  accuracy: 98.90% -> 99.45%      
client [34] (testset)   loss: 0.6478 -> 0.6630  accuracy: 94.44% -> 94.44%      
client [73] (testset)   loss: 0.0135 -> 0.0715  accuracy: 100.00% -> 97.06%     
client [5]  (testset)   loss: 0.0830 -> 0.0507  accuracy: 97.93% -> 98.62%      
client [96] (testset)   loss: 0.0418 -> 0.0100  accuracy: 99.02% -> 100.00%     
client [22] (testset)   loss: 0.0015 -> 0.0008  accuracy: 100.00% -> 100.00%    
client [60] (testset)   loss: 0.1024 -> 0.0633  accuracy: 97.00% -> 97.00%      
client [66] (testset)   loss: 0.1273 -> 0.0793  accuracy: 96.46% -> 95.58%      
client [83] (testset)   loss: 0.1415 -> 0.1195  accuracy: 96.09% -> 97.51%      
---------------------------- TRAINING EPOCH: 120 ----------------------------   
client [76] (testset)   loss: 0.0494 -> 0.1090  accuracy: 97.40% -> 97.40%      
client [65] (testset)   loss: 0.0129 -> 0.0059  accuracy: 99.58% -> 100.00%     
client [95] (testset)   loss: 0.0052 -> 0.0058  accuracy: 99.64% -> 99.64%      
client [17] (testset)   loss: 0.0175 -> 0.0168  accuracy: 99.22% -> 99.22%      
client [8]  (testset)   loss: 0.0038 -> 0.0015  accuracy: 100.00% -> 100.00%    
client [35] (testset)   loss: 0.0301 -> 0.0288  accuracy: 99.02% -> 98.04%      
client [98] (testset)   loss: 0.0735 -> 0.5040  accuracy: 94.12% -> 94.12%      
client [53] (testset)   loss: 0.0841 -> 0.0442  accuracy: 96.00% -> 96.00%      
client [43] (testset)   loss: 0.3013 -> 0.1445  accuracy: 90.91% -> 95.19%      
client [64] (testset)   loss: 0.0243 -> 0.0072  accuracy: 98.89% -> 99.72%      
---------------------------- TRAINING EPOCH: 130 ----------------------------   
client [21] (testset)   loss: 0.0721 -> 0.0152  accuracy: 97.06% -> 99.02%      
client [88] (testset)   loss: 0.0270 -> 0.0134  accuracy: 98.53% -> 100.00%     
client [38] (testset)   loss: 0.0182 -> 0.0198  accuracy: 100.00% -> 100.00%    
client [3]  (testset)   loss: 0.0278 -> 0.0244  accuracy: 99.58% -> 99.58%      
client [5]  (testset)   loss: 0.0620 -> 0.0517  accuracy: 97.93% -> 98.62%      
client [41] (testset)   loss: 0.0086 -> 0.0021  accuracy: 100.00% -> 100.00%    
client [7]  (testset)   loss: 0.0105 -> 0.0102  accuracy: 100.00% -> 100.00%    
client [37] (testset)   loss: 0.1837 -> 0.1549  accuracy: 95.24% -> 96.10%      
client [45] (testset)   loss: 0.0697 -> 0.0242  accuracy: 98.16% -> 99.39%      
client [47] (testset)   loss: 0.0062 -> 0.0011  accuracy: 100.00% -> 100.00%    
---------------------------- TRAINING EPOCH: 140 ----------------------------   
client [16] (testset)   loss: 0.0238 -> 0.0089  accuracy: 98.57% -> 100.00%     
client [11] (testset)   loss: 0.0000 -> 0.0003  accuracy: 100.00% -> 100.00%    
client [37] (testset)   loss: 0.1742 -> 0.1428  accuracy: 95.67% -> 96.54%      
client [41] (testset)   loss: 0.0024 -> 0.0014  accuracy: 100.00% -> 100.00%    
client [95] (testset)   loss: 0.0032 -> 0.0038  accuracy: 100.00% -> 99.64%     
client [53] (testset)   loss: 0.0434 -> 0.0344  accuracy: 96.00% -> 100.00%     
client [22] (testset)   loss: 0.0057 -> 0.0010  accuracy: 100.00% -> 100.00%    
client [25] (testset)   loss: 0.0090 -> 0.0012  accuracy: 100.00% -> 100.00%    
client [69] (testset)   loss: 0.0070 -> 0.0060  accuracy: 99.82% -> 99.82%      
client [46] (testset)   loss: 0.0779 -> 0.0293  accuracy: 97.07% -> 98.42%      
---------------------------- TRAINING EPOCH: 150 ----------------------------   
client [47] (testset)   loss: 0.0023 -> 0.0005  accuracy: 100.00% -> 100.00%    
client [69] (testset)   loss: 0.0048 -> 0.0055  accuracy: 99.82% -> 99.82%      
client [82] (testset)   loss: 0.1244 -> 0.1289  accuracy: 97.18% -> 97.18%      
client [45] (testset)   loss: 0.0536 -> 0.0211  accuracy: 98.16% -> 99.39%      
client [7]  (testset)   loss: 0.0058 -> 0.0056  accuracy: 100.00% -> 100.00%    
client [50] (testset)   loss: 0.0588 -> 0.0537  accuracy: 97.95% -> 97.44%      
client [35] (testset)   loss: 0.0439 -> 0.0340  accuracy: 99.02% -> 99.02%      
client [24] (testset)   loss: 0.0965 -> 0.1328  accuracy: 97.30% -> 95.95%      
client [15] (testset)   loss: 0.0744 -> 0.0475  accuracy: 99.08% -> 99.08%      
client [58] (testset)   loss: 0.0307 -> 0.0416  accuracy: 98.58% -> 97.87%      
---------------------------- TRAINING EPOCH: 160 ----------------------------   
client [48] (testset)   loss: 0.0833 -> 0.0010  accuracy: 99.03% -> 100.00%     
client [76] (testset)   loss: 0.0595 -> 0.1010  accuracy: 97.40% -> 98.70%      
client [67] (testset)   loss: 0.0000 -> 0.0000  accuracy: 100.00% -> 100.00%    
client [37] (testset)   loss: 0.1997 -> 0.1505  accuracy: 96.10% -> 95.67%      
client [58] (testset)   loss: 0.0262 -> 0.0344  accuracy: 99.29% -> 98.58%      
client [64] (testset)   loss: 0.0395 -> 0.0069  accuracy: 98.89% -> 99.72%      
client [77] (testset)   loss: 0.0473 -> 0.0260  accuracy: 97.95% -> 98.63%      
client [55] (testset)   loss: 0.0267 -> 0.0191  accuracy: 99.23% -> 99.49%      
client [12] (testset)   loss: 0.1636 -> 0.0382  accuracy: 96.04% -> 99.01%      
client [89] (testset)   loss: 0.0488 -> 0.0129  accuracy: 96.97% -> 100.00%     
---------------------------- TRAINING EPOCH: 170 ----------------------------   
client [84] (testset)   loss: 0.0131 -> 0.0079  accuracy: 100.00% -> 100.00%    
client [51] (testset)   loss: 0.0025 -> 0.0026  accuracy: 100.00% -> 100.00%    
client [8]  (testset)   loss: 0.0061 -> 0.0021  accuracy: 100.00% -> 100.00%    
client [18] (testset)   loss: 0.1091 -> 0.0493  accuracy: 96.55% -> 98.28%      
client [94] (testset)   loss: 0.0001 -> 0.0000  accuracy: 100.00% -> 100.00%    
client [81] (testset)   loss: 0.0209 -> 0.0136  accuracy: 99.38% -> 99.38%      
client [3]  (testset)   loss: 0.0211 -> 0.0189  accuracy: 99.58% -> 99.58%      
client [11] (testset)   loss: 0.0000 -> 0.0002  accuracy: 100.00% -> 100.00%    
client [95] (testset)   loss: 0.0038 -> 0.0038  accuracy: 99.64% -> 99.64%      
client [67] (testset)   loss: 0.0000 -> 0.0000  accuracy: 100.00% -> 100.00%    
---------------------------- TRAINING EPOCH: 180 ----------------------------   
client [21] (testset)   loss: 0.1140 -> 0.0120  accuracy: 95.10% -> 99.02%      
client [79] (testset)   loss: 0.0986 -> 0.0529  accuracy: 96.92% -> 98.46%      
client [58] (testset)   loss: 0.0414 -> 0.0411  accuracy: 97.87% -> 97.87%      
client [88] (testset)   loss: 0.0132 -> 0.0104  accuracy: 100.00% -> 100.00%    
client [46] (testset)   loss: 0.1447 -> 0.0298  accuracy: 95.95% -> 99.10%      
client [11] (testset)   loss: 0.0000 -> 0.0002  accuracy: 100.00% -> 100.00%    
client [55] (testset)   loss: 0.0259 -> 0.0198  accuracy: 98.98% -> 99.49%      
client [13] (testset)   loss: 0.6150 -> 1.1725  accuracy: 79.17% -> 79.17%      
client [31] (testset)   loss: 0.1661 -> 0.1217  accuracy: 100.00% -> 100.00%    
client [75] (testset)   loss: 0.0419 -> 0.0150  accuracy: 99.07% -> 99.38%      
---------------------------- TRAINING EPOCH: 190 ----------------------------   
client [19] (testset)   loss: 0.1009 -> 0.0152  accuracy: 96.30% -> 100.00%     
client [7]  (testset)   loss: 0.0057 -> 0.0056  accuracy: 100.00% -> 100.00%    
client [57] (testset)   loss: 0.0050 -> 0.0088  accuracy: 99.52% -> 99.52%      
client [13] (testset)   loss: 0.7851 -> 0.4848  accuracy: 79.17% -> 87.50%      
client [43] (testset)   loss: 0.2832 -> 0.1378  accuracy: 91.98% -> 96.26%      
client [91] (testset)   loss: 0.0275 -> 0.0225  accuracy: 99.34% -> 99.34%      
client [10] (testset)   loss: 0.0004 -> 0.0004  accuracy: 100.00% -> 100.00%    
client [64] (testset)   loss: 0.0208 -> 0.0060  accuracy: 99.44% -> 99.72%      
client [82] (testset)   loss: 0.1116 -> 0.1275  accuracy: 97.18% -> 97.18%      
client [22] (testset)   loss: 0.0007 -> 0.0002  accuracy: 100.00% -> 100.00%    
---------------------------- TRAINING EPOCH: 200 ----------------------------   
client [20] (testset)   loss: 0.1780 -> 0.1171  accuracy: 95.02% -> 97.29%      
client [23] (testset)   loss: 0.0033 -> 0.0034  accuracy: 100.00% -> 100.00%    
client [88] (testset)   loss: 0.0129 -> 0.0079  accuracy: 100.00% -> 100.00%    
client [98] (testset)   loss: 0.0905 -> 0.0568  accuracy: 94.12% -> 97.06%      
client [79] (testset)   loss: 0.0761 -> 0.0548  accuracy: 95.38% -> 98.46%      
client [21] (testset)   loss: 0.0772 -> 0.0097  accuracy: 97.06% -> 100.00%     
client [92] (testset)   loss: 0.0001 -> 0.0001  accuracy: 100.00% -> 100.00%    
client [56] (testset)   loss: 0.0014 -> 0.0006  accuracy: 100.00% -> 100.00%    
client [5]  (testset)   loss: 0.0550 -> 0.0497  accuracy: 98.62% -> 98.62%      
client [52] (testset)   loss: 0.0025 -> 0.0007  accuracy: 100.00% -> 100.00%    
---------------------------- TRAINING EPOCH: 210 ----------------------------   
client [67] (testset)   loss: 0.0000 -> 0.0000  accuracy: 100.00% -> 100.00%    
client [54] (testset)   loss: 0.0716 -> 0.1712  accuracy: 95.35% -> 93.02%      
client [14] (testset)   loss: 0.1034 -> 0.0358  accuracy: 96.53% -> 99.31%      
client [99] (testset)   loss: 0.1449 -> 0.1017  accuracy: 90.48% -> 95.24%      
client [36] (testset)   loss: 0.0591 -> 0.0658  accuracy: 98.98% -> 98.48%      
client [30] (testset)   loss: 0.0521 -> 0.1272  accuracy: 97.50% -> 97.50%      
client [38] (testset)   loss: 0.0123 -> 0.0071  accuracy: 100.00% -> 100.00%    
client [15] (testset)   loss: 0.0643 -> 0.0561  accuracy: 99.08% -> 99.08%      
client [6]  (testset)   loss: 0.0080 -> 0.0127  accuracy: 99.74% -> 99.48%      
client [53] (testset)   loss: 0.0532 -> 0.0280  accuracy: 96.00% -> 100.00%     
---------------------------- TRAINING EPOCH: 220 ----------------------------   
client [99] (testset)   loss: 0.1737 -> 0.0967  accuracy: 90.48% -> 95.24%      
client [6]  (testset)   loss: 0.0082 -> 0.0101  accuracy: 99.74% -> 99.48%      
client [83] (testset)   loss: 0.1263 -> 0.1194  accuracy: 96.44% -> 97.51%      
client [42] (testset)   loss: 0.2448 -> 0.1783  accuracy: 94.54% -> 97.27%      
client [34] (testset)   loss: 0.7180 -> 0.7234  accuracy: 94.44% -> 94.44%      
client [15] (testset)   loss: 0.0719 -> 0.0607  accuracy: 98.17% -> 99.08%      
client [47] (testset)   loss: 0.0040 -> 0.0006  accuracy: 100.00% -> 100.00%    
client [55] (testset)   loss: 0.0256 -> 0.0189  accuracy: 98.98% -> 99.49%      
client [51] (testset)   loss: 0.0036 -> 0.0016  accuracy: 100.00% -> 100.00%    
client [95] (testset)   loss: 0.0030 -> 0.0037  accuracy: 100.00% -> 99.64%     
---------------------------- TRAINING EPOCH: 230 ----------------------------   
client [71] (testset)   loss: 0.0147 -> 0.0090  accuracy: 99.54% -> 99.54%      
client [15] (testset)   loss: 0.0733 -> 0.0497  accuracy: 99.08% -> 99.08%      
client [33] (testset)   loss: 0.0756 -> 0.0629  accuracy: 99.02% -> 99.18%      
client [99] (testset)   loss: 0.1461 -> 0.0986  accuracy: 95.24% -> 95.24%      
client [90] (testset)   loss: 0.0916 -> 0.0529  accuracy: 97.81% -> 98.54%      
client [57] (testset)   loss: 0.0060 -> 0.0056  accuracy: 99.52% -> 99.52%      
client [27] (testset)   loss: 0.0471 -> 0.0150  accuracy: 98.93% -> 98.93%      
client [78] (testset)   loss: 0.0471 -> 0.0232  accuracy: 98.09% -> 98.73%      
client [36] (testset)   loss: 0.0586 -> 0.0630  accuracy: 98.98% -> 98.48%      
client [88] (testset)   loss: 0.0118 -> 0.0082  accuracy: 100.00% -> 100.00%    
---------------------------- TRAINING EPOCH: 240 ----------------------------   
client [70] (testset)   loss: 0.0775 -> 0.0636  accuracy: 98.17% -> 98.35%      
client [35] (testset)   loss: 0.0356 -> 0.0273  accuracy: 98.04% -> 98.04%      
client [16] (testset)   loss: 0.0208 -> 0.0112  accuracy: 98.57% -> 100.00%     
client [80] (testset)   loss: 0.0000 -> 0.0000  accuracy: 100.00% -> 100.00%    
client [38] (testset)   loss: 0.0205 -> 0.0108  accuracy: 98.25% -> 100.00%     
client [78] (testset)   loss: 0.0536 -> 0.0267  accuracy: 98.73% -> 98.73%      
client [68] (testset)   loss: 0.1632 -> 0.1525  accuracy: 98.31% -> 98.31%      
client [11] (testset)   loss: 0.0000 -> 0.0000  accuracy: 100.00% -> 100.00%    
client [64] (testset)   loss: 0.0100 -> 0.0069  accuracy: 99.72% -> 99.72%      
client [82] (testset)   loss: 0.0861 -> 0.1075  accuracy: 97.18% -> 97.18%      
---------------------------- TRAINING EPOCH: 250 ----------------------------   
client [30] (testset)   loss: 0.0335 -> 0.1318  accuracy: 97.50% -> 97.50%      
client [27] (testset)   loss: 0.0319 -> 0.0145  accuracy: 98.93% -> 98.93%      
client [74] (testset)   loss: 0.1952 -> 0.1564  accuracy: 96.00% -> 97.85%      
client [45] (testset)   loss: 0.0704 -> 0.0224  accuracy: 97.55% -> 99.69%      
client [6]  (testset)   loss: 0.0074 -> 0.0109  accuracy: 99.74% -> 99.48%      
client [36] (testset)   loss: 0.0763 -> 0.0656  accuracy: 97.97% -> 98.48%      
client [63] (testset)   loss: 0.1067 -> 0.0616  accuracy: 98.54% -> 99.27%      
client [76] (testset)   loss: 0.0314 -> 0.0719  accuracy: 97.40% -> 98.70%      
client [83] (testset)   loss: 0.1536 -> 0.1244  accuracy: 96.09% -> 97.15%      
client [86] (testset)   loss: 0.0330 -> 0.0266  accuracy: 99.45% -> 99.45%      
---------------------------- TRAINING EPOCH: 260 ----------------------------   
client [83] (testset)   loss: 0.1468 -> 0.1258  accuracy: 94.66% -> 97.15%      
client [99] (testset)   loss: 0.1850 -> 0.1477  accuracy: 90.48% -> 90.48%      
client [74] (testset)   loss: 0.1595 -> 0.1528  accuracy: 97.85% -> 97.85%      
client [73] (testset)   loss: 0.0192 -> 0.0408  accuracy: 100.00% -> 97.06%     
client [29] (testset)   loss: 0.0500 -> 0.0178  accuracy: 98.52% -> 99.26%      
client [92] (testset)   loss: 0.0001 -> 0.0001  accuracy: 100.00% -> 100.00%    
client [6]  (testset)   loss: 0.0050 -> 0.0113  accuracy: 100.00% -> 99.48%     
client [61] (testset)   loss: 0.0710 -> 0.0328  accuracy: 99.12% -> 99.71%      
client [21] (testset)   loss: 0.0242 -> 0.0049  accuracy: 99.02% -> 100.00%     
client [67] (testset)   loss: 0.0000 -> 0.0000  accuracy: 100.00% -> 100.00%    
---------------------------- TRAINING EPOCH: 270 ----------------------------   
client [83] (testset)   loss: 0.1460 -> 0.1287  accuracy: 96.44% -> 97.15%      
client [32] (testset)   loss: 0.1079 -> 0.0491  accuracy: 96.03% -> 97.62%      
client [95] (testset)   loss: 0.0024 -> 0.0025  accuracy: 100.00% -> 100.00%    
client [61] (testset)   loss: 0.0463 -> 0.0321  accuracy: 99.71% -> 99.71%      
client [27] (testset)   loss: 0.0402 -> 0.0208  accuracy: 98.93% -> 98.93%      
client [25] (testset)   loss: 0.0018 -> 0.0004  accuracy: 100.00% -> 100.00%    
client [68] (testset)   loss: 0.1536 -> 0.1670  accuracy: 98.31% -> 98.31%      
client [34] (testset)   loss: 0.7563 -> 0.7541  accuracy: 94.44% -> 94.44%      
client [71] (testset)   loss: 0.0086 -> 0.0105  accuracy: 99.77% -> 99.30%      
client [89] (testset)   loss: 0.0143 -> 0.0101  accuracy: 100.00% -> 100.00%    
---------------------------- TRAINING EPOCH: 280 ----------------------------   
client [78] (testset)   loss: 0.0470 -> 0.0294  accuracy: 98.73% -> 98.73%      
client [81] (testset)   loss: 0.0282 -> 0.0189  accuracy: 99.38% -> 99.38%      
client [51] (testset)   loss: 0.0035 -> 0.0014  accuracy: 100.00% -> 100.00%    
client [54] (testset)   loss: 0.0616 -> 0.1708  accuracy: 97.67% -> 93.02%      
client [65] (testset)   loss: 0.0133 -> 0.0055  accuracy: 99.16% -> 99.58%      
client [41] (testset)   loss: 0.0014 -> 0.0006  accuracy: 100.00% -> 100.00%    
client [11] (testset)   loss: 0.0000 -> 0.0001  accuracy: 100.00% -> 100.00%    
client [85] (testset)   loss: 0.0605 -> 0.0722  accuracy: 98.45% -> 97.93%      
client [12] (testset)   loss: 0.1616 -> 0.0460  accuracy: 96.04% -> 98.51%      
client [23] (testset)   loss: 0.0089 -> 0.0029  accuracy: 100.00% -> 100.00%    
---------------------------- TRAINING EPOCH: 290 ----------------------------   
client [16] (testset)   loss: 0.0155 -> 0.0040  accuracy: 100.00% -> 100.00%    
client [65] (testset)   loss: 0.0132 -> 0.0062  accuracy: 99.16% -> 99.58%      
client [53] (testset)   loss: 0.0396 -> 0.0253  accuracy: 96.00% -> 100.00%     
client [58] (testset)   loss: 0.0293 -> 0.0306  accuracy: 98.58% -> 98.58%      
client [72] (testset)   loss: 0.0495 -> 0.0164  accuracy: 98.18% -> 99.09%      
client [7]  (testset)   loss: 0.0033 -> 0.0032  accuracy: 100.00% -> 100.00%    
client [71] (testset)   loss: 0.0117 -> 0.0083  accuracy: 99.30% -> 99.54%      
client [59] (testset)   loss: 0.0098 -> 0.0099  accuracy: 100.00% -> 100.00%    
client [86] (testset)   loss: 0.0379 -> 0.0262  accuracy: 98.90% -> 99.73%      
client [39] (testset)   loss: 0.0108 -> 0.0026  accuracy: 99.75% -> 100.00%     
---------------------------- TRAINING EPOCH: 300 ----------------------------   
client [99] (testset)   loss: 0.1886 -> 0.1180  accuracy: 90.48% -> 95.24%      
client [7]  (testset)   loss: 0.0026 -> 0.0026  accuracy: 100.00% -> 100.00%    
client [17] (testset)   loss: 0.0206 -> 0.0134  accuracy: 98.83% -> 99.61%      
client [64] (testset)   loss: 0.0237 -> 0.0055  accuracy: 98.89% -> 99.72%      
client [37] (testset)   loss: 0.2011 -> 0.1629  accuracy: 96.10% -> 96.10%      
client [29] (testset)   loss: 0.0421 -> 0.0179  accuracy: 98.89% -> 99.26%      
client [93] (testset)   loss: 0.0047 -> 0.0005  accuracy: 100.00% -> 100.00%    
client [73] (testset)   loss: 0.0059 -> 0.0307  accuracy: 100.00% -> 100.00%    
client [40] (testset)   loss: 0.0581 -> 0.0570  accuracy: 98.55% -> 98.55%      
client [76] (testset)   loss: 0.0336 -> 0.1485  accuracy: 98.70% -> 97.40%      
---------------------------- TRAINING EPOCH: 310 ----------------------------   
client [31] (testset)   loss: 0.4781 -> 0.3678  accuracy: 71.43% -> 71.43%      
client [89] (testset)   loss: 0.0105 -> 0.0039  accuracy: 100.00% -> 100.00%    
client [77] (testset)   loss: 0.0491 -> 0.0192  accuracy: 97.95% -> 98.63%      
client [90] (testset)   loss: 0.0726 -> 0.0498  accuracy: 98.54% -> 98.54%      
client [26] (testset)   loss: 0.0718 -> 0.0799  accuracy: 95.83% -> 95.83%      
client [50] (testset)   loss: 0.0284 -> 0.0253  accuracy: 99.49% -> 98.97%      
client [30] (testset)   loss: 0.0384 -> 0.1420  accuracy: 97.50% -> 97.50%      
client [70] (testset)   loss: 0.0678 -> 0.0692  accuracy: 98.35% -> 98.53%      
client [41] (testset)   loss: 0.0020 -> 0.0006  accuracy: 100.00% -> 100.00%    
client [99] (testset)   loss: 0.1830 -> 0.3398  accuracy: 90.48% -> 80.95%      
---------------------------- TRAINING EPOCH: 320 ----------------------------   
client [68] (testset)   loss: 0.1510 -> 0.1504  accuracy: 98.31% -> 98.31%      
client [70] (testset)   loss: 0.0666 -> 0.0613  accuracy: 98.35% -> 98.53%      
client [52] (testset)   loss: 0.0066 -> 0.0013  accuracy: 100.00% -> 100.00%    
client [1]  (testset)   loss: 0.0448 -> 0.0417  accuracy: 98.33% -> 98.33%      
client [2]  (testset)   loss: 0.0119 -> 0.0066  accuracy: 99.62% -> 99.62%      
client [67] (testset)   loss: 0.0000 -> 0.0000  accuracy: 100.00% -> 100.00%    
client [92] (testset)   loss: 0.0000 -> 0.0000  accuracy: 100.00% -> 100.00%    
client [35] (testset)   loss: 0.0407 -> 0.0311  accuracy: 99.02% -> 99.02%      
client [36] (testset)   loss: 0.0686 -> 0.0623  accuracy: 98.48% -> 98.48%      
client [64] (testset)   loss: 0.0217 -> 0.0061  accuracy: 99.17% -> 99.72%      
---------------------------- TRAINING EPOCH: 330 ----------------------------   
client [44] (testset)   loss: 0.1256 -> 0.0753  accuracy: 98.21% -> 97.91%      
client [6]  (testset)   loss: 0.0055 -> 0.0097  accuracy: 100.00% -> 99.48%     
client [12] (testset)   loss: 0.1199 -> 0.0566  accuracy: 97.03% -> 98.51%      
client [55] (testset)   loss: 0.0204 -> 0.0171  accuracy: 99.49% -> 99.49%      
client [29] (testset)   loss: 0.0266 -> 0.0175  accuracy: 99.26% -> 99.26%      
client [9]  (testset)   loss: 0.0536 -> 0.0510  accuracy: 98.70% -> 98.70%      
client [43] (testset)   loss: 0.2426 -> 0.1300  accuracy: 93.05% -> 95.72%      
client [77] (testset)   loss: 0.0331 -> 0.0177  accuracy: 97.95% -> 98.63%      
client [98] (testset)   loss: 0.0782 -> 0.7581  accuracy: 97.06% -> 94.12%      
client [78] (testset)   loss: 0.0461 -> 0.0276  accuracy: 98.73% -> 98.73%      
---------------------------- TRAINING EPOCH: 340 ----------------------------   
client [92] (testset)   loss: 0.0000 -> 0.0000  accuracy: 100.00% -> 100.00%    
client [80] (testset)   loss: 0.0000 -> 0.0000  accuracy: 100.00% -> 100.00%    
client [63] (testset)   loss: 0.1023 -> 0.0603  accuracy: 98.54% -> 99.27%      
client [76] (testset)   loss: 0.0208 -> 0.0654  accuracy: 98.70% -> 98.70%      
client [78] (testset)   loss: 0.0478 -> 0.0284  accuracy: 98.73% -> 98.73%      
client [25] (testset)   loss: 0.0013 -> 0.0002  accuracy: 100.00% -> 100.00%    
client [58] (testset)   loss: 0.0330 -> 0.0320  accuracy: 98.58% -> 98.58%      
client [13] (testset)   loss: 0.8332 -> 0.0343  accuracy: 79.17% -> 100.00%     
client [17] (testset)   loss: 0.0149 -> 0.0140  accuracy: 99.22% -> 99.61%      
client [38] (testset)   loss: 0.0138 -> 0.0181  accuracy: 100.00% -> 100.00%    
---------------------------- TRAINING EPOCH: 350 ----------------------------   
client [72] (testset)   loss: 0.0494 -> 0.0204  accuracy: 99.09% -> 99.09%      
client [82] (testset)   loss: 0.0702 -> 0.0791  accuracy: 97.18% -> 97.18%      
client [86] (testset)   loss: 0.0332 -> 0.0288  accuracy: 99.18% -> 99.73%      
client [51] (testset)   loss: 0.0038 -> 0.0015  accuracy: 100.00% -> 100.00%    
client [96] (testset)   loss: 0.0353 -> 0.0066  accuracy: 99.02% -> 100.00%     
client [42] (testset)   loss: 0.2826 -> 0.2083  accuracy: 94.54% -> 96.17%      
client [55] (testset)   loss: 0.0222 -> 0.0189  accuracy: 99.23% -> 99.49%      
client [13] (testset)   loss: 0.8950 -> 0.0226  accuracy: 79.17% -> 100.00%     
client [1]  (testset)   loss: 0.0632 -> 0.0452  accuracy: 98.33% -> 98.33%      
client [12] (testset)   loss: 0.1800 -> 0.0339  accuracy: 96.04% -> 99.01%      
---------------------------- TRAINING EPOCH: 360 ----------------------------   
client [68] (testset)   loss: 0.1526 -> 0.1620  accuracy: 98.31% -> 98.31%      
client [23] (testset)   loss: 0.0035 -> 0.0024  accuracy: 100.00% -> 100.00%    
client [46] (testset)   loss: 0.0427 -> 0.0230  accuracy: 98.65% -> 99.10%      
client [41] (testset)   loss: 0.0012 -> 0.0005  accuracy: 100.00% -> 100.00%    
client [25] (testset)   loss: 0.0013 -> 0.0002  accuracy: 100.00% -> 100.00%    
client [58] (testset)   loss: 0.0283 -> 0.0286  accuracy: 99.29% -> 98.58%      
client [14] (testset)   loss: 0.0913 -> 0.0449  accuracy: 98.61% -> 98.61%      
client [33] (testset)   loss: 0.0776 -> 0.0716  accuracy: 99.35% -> 99.35%      
client [85] (testset)   loss: 0.0591 -> 0.0642  accuracy: 98.45% -> 98.96%      
client [62] (testset)   loss: 0.0083 -> 0.0123  accuracy: 99.45% -> 99.45%      
---------------------------- TRAINING EPOCH: 370 ----------------------------   
client [98] (testset)   loss: 0.0631 -> 0.0589  accuracy: 97.06% -> 97.06%      
client [63] (testset)   loss: 0.0984 -> 0.0605  accuracy: 99.27% -> 99.27%      
client [70] (testset)   loss: 0.0811 -> 0.0660  accuracy: 98.35% -> 98.35%      
client [65] (testset)   loss: 0.0147 -> 0.0071  accuracy: 99.16% -> 99.58%      
client [14] (testset)   loss: 0.0751 -> 0.0421  accuracy: 98.61% -> 98.61%      
client [73] (testset)   loss: 0.0036 -> 0.0449  accuracy: 100.00% -> 97.06%     
client [34] (testset)   loss: 0.7293 -> 0.7235  accuracy: 94.44% -> 94.44%      
client [99] (testset)   loss: 0.2079 -> 0.1231  accuracy: 90.48% -> 95.24%      
client [69] (testset)   loss: 0.0041 -> 0.0034  accuracy: 99.82% -> 99.82%      
client [46] (testset)   loss: 0.0463 -> 0.0216  accuracy: 98.42% -> 99.32%      
---------------------------- TRAINING EPOCH: 380 ----------------------------   
client [99] (testset)   loss: 0.2486 -> 0.1091  accuracy: 90.48% -> 95.24%      
client [93] (testset)   loss: 0.0004 -> 0.0002  accuracy: 100.00% -> 100.00%    
client [11] (testset)   loss: 0.0000 -> 0.0000  accuracy: 100.00% -> 100.00%    
client [58] (testset)   loss: 0.0291 -> 0.0317  accuracy: 99.29% -> 98.58%      
client [81] (testset)   loss: 0.0237 -> 0.0178  accuracy: 99.38% -> 99.38%      
client [85] (testset)   loss: 0.0704 -> 0.0661  accuracy: 98.45% -> 98.45%      
client [89] (testset)   loss: 0.0071 -> 0.0041  accuracy: 100.00% -> 100.00%    
client [45] (testset)   loss: 0.0252 -> 0.0247  accuracy: 98.77% -> 99.39%      
client [8]  (testset)   loss: 0.0003 -> 0.0002  accuracy: 100.00% -> 100.00%    
client [68] (testset)   loss: 0.1733 -> 0.1685  accuracy: 98.31% -> 98.31%      
---------------------------- TRAINING EPOCH: 390 ----------------------------   
client [67] (testset)   loss: 0.0000 -> 0.0000  accuracy: 100.00% -> 100.00%    
client [72] (testset)   loss: 0.0534 -> 0.0207  accuracy: 98.18% -> 99.09%      
client [1]  (testset)   loss: 0.0510 -> 0.0420  accuracy: 98.33% -> 98.33%      
client [78] (testset)   loss: 0.0546 -> 0.0327  accuracy: 98.73% -> 98.73%      
client [83] (testset)   loss: 0.1293 -> 0.1289  accuracy: 96.80% -> 97.15%      
client [21] (testset)   loss: 0.0385 -> 0.0031  accuracy: 98.04% -> 100.00%     
client [56] (testset)   loss: 0.0006 -> 0.0002  accuracy: 100.00% -> 100.00%    
client [44] (testset)   loss: 0.1313 -> 0.0789  accuracy: 98.21% -> 98.21%      
client [92] (testset)   loss: 0.0000 -> 0.0000  accuracy: 100.00% -> 100.00%    
client [27] (testset)   loss: 0.0400 -> 0.0168  accuracy: 98.93% -> 98.93%      
---------------------------- TRAINING EPOCH: 400 ----------------------------   
client [10] (testset)   loss: 0.0001 -> 0.0001  accuracy: 100.00% -> 100.00%    
client [39] (testset)   loss: 0.0126 -> 0.0016  accuracy: 99.26% -> 100.00%     
client [65] (testset)   loss: 0.0147 -> 0.0073  accuracy: 99.16% -> 99.58%      
client [26] (testset)   loss: 0.0395 -> 0.0407  accuracy: 100.00% -> 100.00%    
client [19] (testset)   loss: 0.0754 -> 0.0090  accuracy: 96.30% -> 100.00%     
client [68] (testset)   loss: 0.1584 -> 0.1659  accuracy: 98.31% -> 98.31%      
client [41] (testset)   loss: 0.0015 -> 0.0005  accuracy: 100.00% -> 100.00%    
client [50] (testset)   loss: 0.0306 -> 0.0253  accuracy: 98.97% -> 98.97%      
client [75] (testset)   loss: 0.0311 -> 0.0265  accuracy: 99.38% -> 99.38%      
client [81] (testset)   loss: 0.0230 -> 0.0175  accuracy: 99.38% -> 99.38%      
Training... ━━━━━━━━━━━━━━━━━━━━━━━━━━━━━━━━━━━━━━━━ 100% 0:10:42
Floco's average time taken by each global epoch: 0 min 1.59 sec.                
Floco's total running time: 0 h 10 m 42 s.                                      
==================== Floco Experiment Results: ====================             
Display format: (before local fine-tuning) -> (after local fine-tuning)         
 So if finetune_epoch = 0, x.xx% -> 0.00% is normal.                            
 Centralized testing ONLY happens after model aggregation, so the stats between 
'->' are the same.                                                              
{                                                                               
    "100": {                                                                    
        "all_clients": {                                                        
            "test": {                                                           
                "loss": "0.0646 -> 0.0000",                                     
                "accuracy": "98.19% -> 0.00%"                                   
            }                                                                   
        }                                                                       
    },                                                                          
    "200": {                                                                    
        "all_clients": {                                                        
            "test": {                                                           
                "loss": "0.0541 -> 0.0000",                                     
                "accuracy": "98.57% -> 0.00%"                                   
            }                                                                   
        }                                                                       
    },                                                                          
    "300": {                                                                    
        "all_clients": {                                                        
            "test": {                                                           
                "loss": "0.0535 -> 0.0000",                                     
                "accuracy": "98.69% -> 0.00%"                                   
            }                                                                   
        }                                                                       
    },                                                                          
    "400": {                                                                    
        "all_clients": {                                                        
            "test": {                                                           
                "loss": "0.0550 -> 0.0000",                                     
                "accuracy": "98.65% -> 0.00%"                                   
            }                                                                   
        }                                                                       
    }                                                                           
}                                                                               
==================== Floco Max Accuracy ====================                    
all_clients:                                                                    
(test) before fine-tuning: 98.69% at epoch 300                                  
(test) after fine-tuning: 0.00% at epoch 100                                    
