==================== LG-FedAvg ====================                             
Experiment Arguments:                                                           
{
│   'method': 'lgfedavg',
│   'dataset': {
│   │   'name': 'mnist',
│   │   'client_num': 100,
│   │   'test_ratio': 0.25,
│   │   'val_ratio': 0.0,
│   │   'seed': 42,
│   │   'split': 'sample',
│   │   'IID_ratio': 0.0,
│   │   'monitor_window_name_suffix': 'mnist-100clients-0%IID-Dir(0.1)-seed42',
│   │   'alpha': 0.1,
│   │   'min_samples_per_client': 10
│   },
│   'model': {
│   │   'name': 'avgcnn',
│   │   'use_torchvision_pretrained_weights': True,
│   │   'external_model_weights_path': None
│   },
│   'optimizer': {
│   │   'lr': 0.01,
│   │   'dampening': 0,
│   │   'weight_decay': 0,
│   │   'momentum': 0,
│   │   'nesterov': False,
│   │   'name': 'sgd'
│   },
│   'mode': 'serial',
│   'parallel': {
│   │   'ray_cluster_addr': None,
│   │   'num_cpus': None,
│   │   'num_gpus': None,
│   │   'num_workers': 2
│   },
│   'common': {
│   │   'seed': 42,
│   │   'join_ratio': 0.1,
│   │   'global_epoch': 400,
│   │   'local_epoch': 5,
│   │   'batch_size': 32,
│   │   'reset_optimizer_on_global_epoch': True,
│   │   'straggler_ratio': 0,
│   │   'straggler_min_local_epoch': 0,
│   │   'buffers': 'global',
│   │   'client_side_evaluation': True,
│   │   'test': {
│   │   │   'client': {
│   │   │   │   'interval': 100,
│   │   │   │   'finetune_epoch': 0,
│   │   │   │   'train': False,
│   │   │   │   'val': False,
│   │   │   │   'test': True
│   │   │   },
│   │   │   'server': {
│   │   │   │   'interval': -1,
│   │   │   │   'train': False,
│   │   │   │   'val': False,
│   │   │   │   'test': False,
│   │   │   │   'model_in_train_mode': False
│   │   │   }
│   │   },
│   │   'verbose_gap': 10,
│   │   'monitor': None,
│   │   'use_cuda': True,
│   │   'save_log': True,
│   │   'save_model': False,
│   │   'save_learning_curve_plot': False,
│   │   'save_metrics': True,
│   │   'delete_useless_run': True
│   },
│   'lgfedavg': {
│   │   'num_global_layers': 1
│   }
}
---------------------------- TRAINING EPOCH: 10 ----------------------------    
client [77] (testset)   loss: 0.1534 -> 0.2183  accuracy: 95.89% -> 93.15%      
client [81] (testset)   loss: 0.1417 -> 0.0908  accuracy: 98.77% -> 98.77%      
client [21] (testset)   loss: 0.6235 -> 0.1443  accuracy: 80.39% -> 96.08%      
client [68] (testset)   loss: 0.2251 -> 0.2137  accuracy: 94.92% -> 93.22%      
client [93] (testset)   loss: 0.1854 -> 0.1529  accuracy: 96.77% -> 96.77%      
client [31] (testset)   loss: 1.4991 -> 1.2884  accuracy: 57.14% -> 57.14%      
client [20] (testset)   loss: 0.2839 -> 0.2507  accuracy: 92.31% -> 94.12%      
client [59] (testset)   loss: 0.3270 -> 0.1292  accuracy: 87.50% -> 100.00%     
client [48] (testset)   loss: 0.0931 -> 0.0952  accuracy: 97.09% -> 97.09%      
client [34] (testset)   loss: 0.6700 -> 0.6453  accuracy: 88.89% -> 88.89%      
---------------------------- TRAINING EPOCH: 20 ----------------------------    
client [69] (testset)   loss: 0.0758 -> 0.4819  accuracy: 97.81% -> 84.70%      
client [99] (testset)   loss: 0.7463 -> 0.5835  accuracy: 66.67% -> 76.19%      
client [67] (testset)   loss: 0.0166 -> 0.0155  accuracy: 100.00% -> 100.00%    
client [0]  (testset)   loss: 0.1445 -> 0.0992  accuracy: 95.28% -> 96.23%      
client [76] (testset)   loss: 0.2436 -> 0.2700  accuracy: 94.81% -> 96.10%      
client [41] (testset)   loss: 0.0402 -> 0.0421  accuracy: 98.95% -> 97.89%      
client [62] (testset)   loss: 0.9575 -> 0.1492  accuracy: 65.19% -> 95.03%      
client [2]  (testset)   loss: 1.5054 -> 0.0629  accuracy: 51.33% -> 99.05%      
client [14] (testset)   loss: 0.1457 -> 0.1074  accuracy: 95.83% -> 95.14%      
client [46] (testset)   loss: 0.0663 -> 0.0745  accuracy: 98.42% -> 97.75%      
---------------------------- TRAINING EPOCH: 30 ----------------------------    
client [24] (testset)   loss: 0.1549 -> 0.1541  accuracy: 95.95% -> 95.95%      
client [68] (testset)   loss: 0.1671 -> 0.1742  accuracy: 96.61% -> 96.61%      
client [57] (testset)   loss: 0.0900 -> 0.0848  accuracy: 99.03% -> 99.03%      
client [17] (testset)   loss: 0.1352 -> 0.1209  accuracy: 96.89% -> 96.50%      
client [54] (testset)   loss: 0.7275 -> 0.6702  accuracy: 88.37% -> 90.70%      
client [23] (testset)   loss: 0.3470 -> 0.0392  accuracy: 85.71% -> 100.00%     
client [35] (testset)   loss: 0.2159 -> 0.2069  accuracy: 95.10% -> 95.10%      
client [59] (testset)   loss: 0.0744 -> 0.0729  accuracy: 100.00% -> 100.00%    
client [31] (testset)   loss: 0.7051 -> 0.6191  accuracy: 57.14% -> 57.14%      
client [9]  (testset)   loss: 0.0794 -> 0.0780  accuracy: 97.39% -> 97.39%      
---------------------------- TRAINING EPOCH: 40 ----------------------------    
client [64] (testset)   loss: 0.0554 -> 0.0588  accuracy: 98.06% -> 97.50%      
client [33] (testset)   loss: 0.0810 -> 0.0812  accuracy: 98.53% -> 99.02%      
client [16] (testset)   loss: 0.0431 -> 0.0298  accuracy: 100.00% -> 100.00%    
client [44] (testset)   loss: 0.1878 -> 0.1437  accuracy: 94.03% -> 95.52%      
client [8]  (testset)   loss: 0.0002 -> 0.0002  accuracy: 100.00% -> 100.00%    
client [31] (testset)   loss: 0.5359 -> 0.4970  accuracy: 85.71% -> 85.71%      
client [47] (testset)   loss: 0.0431 -> 0.0449  accuracy: 98.86% -> 98.86%      
client [36] (testset)   loss: 0.1545 -> 0.0753  accuracy: 95.43% -> 98.48%      
client [20] (testset)   loss: 0.3040 -> 0.2596  accuracy: 93.21% -> 94.12%      
client [56] (testset)   loss: 0.1042 -> 0.0767  accuracy: 96.77% -> 97.85%      
---------------------------- TRAINING EPOCH: 50 ----------------------------    
client [4]  (testset)   loss: 0.1988 -> 0.2027  accuracy: 96.70% -> 96.34%      
client [60] (testset)   loss: 0.1454 -> 0.1409  accuracy: 94.00% -> 96.00%      
client [28] (testset)   loss: 0.0494 -> 0.0408  accuracy: 99.33% -> 99.33%      
client [25] (testset)   loss: 0.0314 -> 0.0380  accuracy: 98.85% -> 98.85%      
client [58] (testset)   loss: 0.1317 -> 0.1364  accuracy: 94.33% -> 95.04%      
client [44] (testset)   loss: 0.1453 -> 0.1094  accuracy: 95.52% -> 96.72%      
client [39] (testset)   loss: 0.0224 -> 0.0167  accuracy: 99.51% -> 99.51%      
client [29] (testset)   loss: 0.0499 -> 0.0551  accuracy: 97.79% -> 98.89%      
client [3]  (testset)   loss: 0.0671 -> 0.0639  accuracy: 98.11% -> 97.69%      
client [84] (testset)   loss: 0.0013 -> 0.0013  accuracy: 100.00% -> 100.00%    
---------------------------- TRAINING EPOCH: 60 ----------------------------    
client [21] (testset)   loss: 0.1275 -> 0.0821  accuracy: 95.10% -> 96.08%      
client [84] (testset)   loss: 0.0010 -> 0.0010  accuracy: 100.00% -> 100.00%    
client [10] (testset)   loss: 0.0339 -> 0.0173  accuracy: 98.02% -> 100.00%     
client [36] (testset)   loss: 0.0755 -> 0.1108  accuracy: 97.46% -> 96.95%      
client [65] (testset)   loss: 0.0303 -> 0.0329  accuracy: 99.16% -> 99.16%      
client [81] (testset)   loss: 0.0753 -> 0.0688  accuracy: 98.77% -> 98.77%      
client [79] (testset)   loss: 0.0626 -> 0.0626  accuracy: 98.46% -> 98.46%      
client [42] (testset)   loss: 0.2177 -> 0.2058  accuracy: 95.08% -> 95.08%      
client [11] (testset)   loss: 0.5269 -> 0.5375  accuracy: 66.67% -> 66.67%      
client [96] (testset)   loss: 0.0451 -> 0.0450  accuracy: 99.02% -> 98.04%      
---------------------------- TRAINING EPOCH: 70 ----------------------------    
client [8]  (testset)   loss: 0.0001 -> 0.0001  accuracy: 100.00% -> 100.00%    
client [53] (testset)   loss: 0.1990 -> 0.2240  accuracy: 96.00% -> 96.00%      
client [52] (testset)   loss: 0.0020 -> 0.0018  accuracy: 100.00% -> 100.00%    
client [42] (testset)   loss: 0.2166 -> 0.2301  accuracy: 95.63% -> 95.63%      
client [69] (testset)   loss: 0.0336 -> 0.0336  accuracy: 98.91% -> 98.91%      
client [59] (testset)   loss: 0.0460 -> 0.0457  accuracy: 100.00% -> 100.00%    
client [7]  (testset)   loss: 0.0088 -> 0.0086  accuracy: 100.00% -> 100.00%    
client [26] (testset)   loss: 0.4918 -> 0.4902  accuracy: 91.67% -> 91.67%      
client [49] (testset)   loss: 0.0020 -> 0.0018  accuracy: 100.00% -> 100.00%    
client [98] (testset)   loss: 0.1799 -> 0.1840  accuracy: 97.06% -> 97.06%      
---------------------------- TRAINING EPOCH: 80 ----------------------------    
client [98] (testset)   loss: 0.1863 -> 0.1851  accuracy: 97.06% -> 97.06%      
client [47] (testset)   loss: 0.0470 -> 0.0468  accuracy: 98.86% -> 98.86%      
client [21] (testset)   loss: 0.0899 -> 0.0864  accuracy: 96.08% -> 96.08%      
client [77] (testset)   loss: 0.1661 -> 0.1691  accuracy: 95.89% -> 95.89%      
client [95] (testset)   loss: 0.0149 -> 0.0143  accuracy: 98.92% -> 98.92%      
client [91] (testset)   loss: 0.0706 -> 0.0708  accuracy: 98.35% -> 98.35%      
client [14] (testset)   loss: 0.0786 -> 0.0768  accuracy: 98.61% -> 98.61%      
client [99] (testset)   loss: 0.5658 -> 0.6332  accuracy: 80.95% -> 80.95%      
client [20] (testset)   loss: 0.2904 -> 0.2968  accuracy: 94.12% -> 94.57%      
client [39] (testset)   loss: 0.0088 -> 0.0097  accuracy: 100.00% -> 99.75%     
---------------------------- TRAINING EPOCH: 90 ----------------------------    
client [52] (testset)   loss: 0.0015 -> 0.0015  accuracy: 100.00% -> 100.00%    
client [62] (testset)   loss: 0.1262 -> 0.1272  accuracy: 97.24% -> 97.24%      
client [71] (testset)   loss: 0.0905 -> 0.0922  accuracy: 97.68% -> 97.68%      
client [97] (testset)   loss: 0.0366 -> 0.0379  accuracy: 98.66% -> 98.66%      
client [30] (testset)   loss: 0.3518 -> 0.3535  accuracy: 95.00% -> 95.00%      
client [88] (testset)   loss: 0.0729 -> 0.0789  accuracy: 98.53% -> 98.53%      
client [60] (testset)   loss: 0.1421 -> 0.1425  accuracy: 96.00% -> 96.00%      
client [82] (testset)   loss: 0.2092 -> 0.2118  accuracy: 94.37% -> 95.77%      
client [91] (testset)   loss: 0.0678 -> 0.0704  accuracy: 98.35% -> 98.35%      
client [57] (testset)   loss: 0.1089 -> 0.1021  accuracy: 98.55% -> 99.03%      
---------------------------- TRAINING EPOCH: 100 ----------------------------   
client [31] (testset)   loss: 0.4051 -> 0.4050  accuracy: 85.71% -> 85.71%      
client [15] (testset)   loss: 0.0774 -> 0.0762  accuracy: 98.17% -> 98.17%      
client [71] (testset)   loss: 0.0938 -> 0.0914  accuracy: 97.68% -> 97.68%      
client [97] (testset)   loss: 0.0390 -> 0.0374  accuracy: 99.00% -> 98.66%      
client [53] (testset)   loss: 0.2506 -> 0.2410  accuracy: 96.00% -> 96.00%      
client [77] (testset)   loss: 0.1740 -> 0.1851  accuracy: 95.89% -> 95.89%      
client [76] (testset)   loss: 0.4388 -> 0.4439  accuracy: 94.81% -> 94.81%      
client [79] (testset)   loss: 0.0671 -> 0.0660  accuracy: 98.46% -> 98.46%      
client [28] (testset)   loss: 0.0457 -> 0.0450  accuracy: 99.33% -> 99.33%      
client [99] (testset)   loss: 0.6361 -> 0.6322  accuracy: 80.95% -> 80.95%      
---------------------------- TRAINING EPOCH: 110 ----------------------------   
client [97] (testset)   loss: 0.0387 -> 0.0383  accuracy: 99.00% -> 99.00%      
client [86] (testset)   loss: 0.0845 -> 0.0787  accuracy: 98.08% -> 97.81%      
client [34] (testset)   loss: 0.9095 -> 0.9125  accuracy: 88.89% -> 88.89%      
client [73] (testset)   loss: 0.1951 -> 0.1938  accuracy: 94.12% -> 94.12%      
client [5]  (testset)   loss: 0.1858 -> 0.1821  accuracy: 95.17% -> 95.17%      
client [96] (testset)   loss: 0.0470 -> 0.0473  accuracy: 98.04% -> 98.04%      
client [22] (testset)   loss: 0.0830 -> 0.0842  accuracy: 93.62% -> 93.62%      
client [60] (testset)   loss: 0.1497 -> 0.1506  accuracy: 96.00% -> 96.00%      
client [66] (testset)   loss: 0.1396 -> 0.1444  accuracy: 94.69% -> 95.58%      
client [83] (testset)   loss: 0.2347 -> 0.2312  accuracy: 94.31% -> 94.31%      
---------------------------- TRAINING EPOCH: 120 ----------------------------   
client [76] (testset)   loss: 0.4697 -> 0.4759  accuracy: 94.81% -> 94.81%      
client [65] (testset)   loss: 0.0321 -> 0.0326  accuracy: 99.16% -> 99.16%      
client [95] (testset)   loss: 0.0132 -> 0.0130  accuracy: 99.64% -> 99.64%      
client [17] (testset)   loss: 0.1228 -> 0.0991  accuracy: 97.28% -> 97.28%      
client [8]  (testset)   loss: 0.0000 -> 0.0000  accuracy: 100.00% -> 100.00%    
client [35] (testset)   loss: 0.1931 -> 0.1861  accuracy: 95.10% -> 95.10%      
client [98] (testset)   loss: 0.1972 -> 0.2032  accuracy: 97.06% -> 97.06%      
client [53] (testset)   loss: 0.2456 -> 0.2613  accuracy: 96.00% -> 96.00%      
client [43] (testset)   loss: 0.2551 -> 0.2507  accuracy: 90.37% -> 90.91%      
client [64] (testset)   loss: 0.0616 -> 0.0635  accuracy: 98.06% -> 98.06%      
---------------------------- TRAINING EPOCH: 130 ----------------------------   
client [21] (testset)   loss: 0.0857 -> 0.0981  accuracy: 96.08% -> 96.08%      
client [88] (testset)   loss: 0.0842 -> 0.0837  accuracy: 98.53% -> 98.53%      
client [38] (testset)   loss: 0.1578 -> 0.1629  accuracy: 96.49% -> 96.49%      
client [3]  (testset)   loss: 0.0494 -> 0.0513  accuracy: 98.53% -> 98.53%      
client [5]  (testset)   loss: 0.1911 -> 0.1926  accuracy: 95.17% -> 95.17%      
client [41] (testset)   loss: 0.0321 -> 0.0324  accuracy: 98.95% -> 98.95%      
client [7]  (testset)   loss: 0.0054 -> 0.0053  accuracy: 100.00% -> 100.00%    
client [37] (testset)   loss: 0.2863 -> 0.3010  accuracy: 95.24% -> 95.24%      
client [45] (testset)   loss: 0.0641 -> 0.0657  accuracy: 99.08% -> 98.77%      
client [47] (testset)   loss: 0.0516 -> 0.0530  accuracy: 98.86% -> 98.86%      
---------------------------- TRAINING EPOCH: 140 ----------------------------   
client [16] (testset)   loss: 0.0212 -> 0.0213  accuracy: 98.57% -> 98.57%      
client [11] (testset)   loss: 0.5776 -> 0.5829  accuracy: 66.67% -> 66.67%      
client [37] (testset)   loss: 0.3049 -> 0.3160  accuracy: 95.24% -> 95.24%      
client [41] (testset)   loss: 0.0325 -> 0.0331  accuracy: 98.95% -> 98.95%      
client [95] (testset)   loss: 0.0127 -> 0.0126  accuracy: 99.64% -> 99.64%      
client [53] (testset)   loss: 0.2670 -> 0.2685  accuracy: 96.00% -> 96.00%      
client [22] (testset)   loss: 0.0843 -> 0.0862  accuracy: 93.62% -> 93.62%      
client [25] (testset)   loss: 0.0336 -> 0.0346  accuracy: 98.85% -> 98.85%      
client [69] (testset)   loss: 0.0357 -> 0.0358  accuracy: 98.91% -> 98.91%      
client [46] (testset)   loss: 0.0685 -> 0.0748  accuracy: 98.42% -> 98.20%      
---------------------------- TRAINING EPOCH: 150 ----------------------------   
client [47] (testset)   loss: 0.0558 -> 0.0554  accuracy: 98.86% -> 98.86%      
client [69] (testset)   loss: 0.0363 -> 0.0361  accuracy: 98.91% -> 98.91%      
client [82] (testset)   loss: 0.2225 -> 0.2274  accuracy: 95.77% -> 95.77%      
client [45] (testset)   loss: 0.0688 -> 0.0666  accuracy: 98.16% -> 98.16%      
client [7]  (testset)   loss: 0.0049 -> 0.0048  accuracy: 100.00% -> 100.00%    
client [50] (testset)   loss: 0.1742 -> 0.1819  accuracy: 94.87% -> 95.90%      
client [35] (testset)   loss: 0.1919 -> 0.2031  accuracy: 95.10% -> 95.10%      
client [24] (testset)   loss: 0.2073 -> 0.2093  accuracy: 95.95% -> 95.95%      
client [15] (testset)   loss: 0.0792 -> 0.0784  accuracy: 98.17% -> 98.17%      
client [58] (testset)   loss: 0.1533 -> 0.1559  accuracy: 95.74% -> 96.45%      
---------------------------- TRAINING EPOCH: 160 ----------------------------   
client [48] (testset)   loss: 0.1289 -> 0.1258  accuracy: 97.09% -> 97.09%      
client [76] (testset)   loss: 0.5129 -> 0.5066  accuracy: 94.81% -> 94.81%      
client [67] (testset)   loss: 0.0076 -> 0.0074  accuracy: 100.00% -> 100.00%    
client [37] (testset)   loss: 0.3196 -> 0.3137  accuracy: 95.24% -> 95.24%      
client [58] (testset)   loss: 0.1565 -> 0.1551  accuracy: 96.45% -> 96.45%      
client [64] (testset)   loss: 0.0653 -> 0.0658  accuracy: 98.06% -> 98.06%      
client [77] (testset)   loss: 0.2006 -> 0.2018  accuracy: 95.89% -> 95.89%      
client [55] (testset)   loss: 0.0819 -> 0.0838  accuracy: 97.70% -> 97.70%      
client [12] (testset)   loss: 0.0584 -> 0.0588  accuracy: 98.02% -> 98.02%      
client [89] (testset)   loss: 0.2810 -> 0.2900  accuracy: 93.94% -> 93.94%      
---------------------------- TRAINING EPOCH: 170 ----------------------------   
client [84] (testset)   loss: 0.0003 -> 0.0003  accuracy: 100.00% -> 100.00%    
client [51] (testset)   loss: 0.1490 -> 0.1577  accuracy: 91.43% -> 91.43%      
client [8]  (testset)   loss: 0.0000 -> 0.0000  accuracy: 100.00% -> 100.00%    
client [18] (testset)   loss: 0.1458 -> 0.1446  accuracy: 95.52% -> 95.52%      
client [94] (testset)   loss: 0.0020 -> 0.0019  accuracy: 100.00% -> 100.00%    
client [81] (testset)   loss: 0.0783 -> 0.0804  accuracy: 98.77% -> 98.77%      
client [3]  (testset)   loss: 0.0523 -> 0.0519  accuracy: 98.53% -> 98.53%      
client [11] (testset)   loss: 0.5993 -> 0.6042  accuracy: 66.67% -> 66.67%      
client [95] (testset)   loss: 0.0133 -> 0.0123  accuracy: 99.64% -> 99.64%      
client [67] (testset)   loss: 0.0073 -> 0.0075  accuracy: 100.00% -> 100.00%    
---------------------------- TRAINING EPOCH: 180 ----------------------------   
client [21] (testset)   loss: 0.0915 -> 0.0874  accuracy: 96.08% -> 96.08%      
client [79] (testset)   loss: 0.0763 -> 0.0759  accuracy: 98.46% -> 98.46%      
client [58] (testset)   loss: 0.1611 -> 0.1610  accuracy: 96.45% -> 96.45%      
client [88] (testset)   loss: 0.0897 -> 0.0922  accuracy: 98.53% -> 98.53%      
client [46] (testset)   loss: 0.0729 -> 0.0745  accuracy: 98.42% -> 98.42%      
client [11] (testset)   loss: 0.6046 -> 0.6091  accuracy: 66.67% -> 66.67%      
client [55] (testset)   loss: 0.0854 -> 0.0867  accuracy: 97.96% -> 97.96%      
client [13] (testset)   loss: 0.7568 -> 0.6763  accuracy: 79.17% -> 79.17%      
client [31] (testset)   loss: 0.4119 -> 0.4120  accuracy: 85.71% -> 85.71%      
client [75] (testset)   loss: 0.0421 -> 0.0421  accuracy: 98.76% -> 98.76%      
---------------------------- TRAINING EPOCH: 190 ----------------------------   
client [19] (testset)   loss: 0.0265 -> 0.0210  accuracy: 98.15% -> 98.15%      
client [7]  (testset)   loss: 0.0040 -> 0.0039  accuracy: 100.00% -> 100.00%    
client [57] (testset)   loss: 0.1226 -> 0.1258  accuracy: 99.03% -> 99.03%      
client [13] (testset)   loss: 0.8174 -> 0.8404  accuracy: 79.17% -> 79.17%      
client [43] (testset)   loss: 0.2625 -> 0.2647  accuracy: 90.91% -> 91.44%      
client [91] (testset)   loss: 0.0800 -> 0.0796  accuracy: 98.35% -> 98.35%      
client [10] (testset)   loss: 0.0123 -> 0.0133  accuracy: 100.00% -> 99.01%     
client [64] (testset)   loss: 0.0690 -> 0.0688  accuracy: 98.06% -> 98.06%      
client [82] (testset)   loss: 0.2311 -> 0.2329  accuracy: 95.77% -> 95.77%      
client [22] (testset)   loss: 0.0901 -> 0.0887  accuracy: 93.62% -> 95.74%      
---------------------------- TRAINING EPOCH: 200 ----------------------------   
client [20] (testset)   loss: 0.3424 -> 0.3408  accuracy: 94.12% -> 94.12%      
client [23] (testset)   loss: 0.0040 -> 0.0041  accuracy: 100.00% -> 100.00%    
client [88] (testset)   loss: 0.0931 -> 0.0918  accuracy: 98.53% -> 98.53%      
client [98] (testset)   loss: 0.2169 -> 0.1944  accuracy: 97.06% -> 97.06%      
client [79] (testset)   loss: 0.0753 -> 0.0747  accuracy: 98.46% -> 98.46%      
client [21] (testset)   loss: 0.0894 -> 0.0880  accuracy: 97.06% -> 96.08%      
client [92] (testset)   loss: 0.0065 -> 0.0064  accuracy: 100.00% -> 100.00%    
client [56] (testset)   loss: 0.1242 -> 0.1241  accuracy: 97.85% -> 97.85%      
client [5]  (testset)   loss: 0.2110 -> 0.2120  accuracy: 95.17% -> 95.17%      
client [52] (testset)   loss: 0.0006 -> 0.0007  accuracy: 100.00% -> 100.00%    
---------------------------- TRAINING EPOCH: 210 ----------------------------   
client [67] (testset)   loss: 0.0073 -> 0.0073  accuracy: 100.00% -> 100.00%    
client [54] (testset)   loss: 0.8774 -> 0.8819  accuracy: 90.70% -> 90.70%      
client [14] (testset)   loss: 0.0886 -> 0.0866  accuracy: 98.61% -> 98.61%      
client [99] (testset)   loss: 0.7882 -> 0.7981  accuracy: 80.95% -> 80.95%      
client [36] (testset)   loss: 0.0992 -> 0.0996  accuracy: 97.97% -> 97.97%      
client [30] (testset)   loss: 0.4377 -> 0.4414  accuracy: 95.00% -> 95.00%      
client [38] (testset)   loss: 0.1742 -> 0.1723  accuracy: 96.49% -> 96.49%      
client [15] (testset)   loss: 0.0809 -> 0.0807  accuracy: 98.17% -> 98.17%      
client [6]  (testset)   loss: 0.0152 -> 0.0160  accuracy: 99.74% -> 99.48%      
client [53] (testset)   loss: 0.2926 -> 0.2984  accuracy: 96.00% -> 96.00%      
---------------------------- TRAINING EPOCH: 220 ----------------------------   
client [99] (testset)   loss: 0.8094 -> 0.8192  accuracy: 80.95% -> 80.95%      
client [6]  (testset)   loss: 0.0160 -> 0.0160  accuracy: 99.48% -> 99.48%      
client [83] (testset)   loss: 0.2679 -> 0.2674  accuracy: 94.31% -> 94.66%      
client [42] (testset)   loss: 0.2644 -> 0.2655  accuracy: 95.63% -> 95.63%      
client [34] (testset)   loss: 1.0016 -> 0.9999  accuracy: 88.89% -> 88.89%      
client [15] (testset)   loss: 0.0809 -> 0.0811  accuracy: 98.17% -> 98.17%      
client [47] (testset)   loss: 0.0606 -> 0.0612  accuracy: 98.86% -> 98.86%      
client [55] (testset)   loss: 0.0881 -> 0.0881  accuracy: 97.96% -> 97.96%      
client [51] (testset)   loss: 0.1582 -> 0.1497  accuracy: 91.43% -> 91.43%      
client [95] (testset)   loss: 0.0117 -> 0.0117  accuracy: 99.64% -> 99.64%      
---------------------------- TRAINING EPOCH: 230 ----------------------------   
client [71] (testset)   loss: 0.1101 -> 0.1093  accuracy: 97.68% -> 97.68%      
client [15] (testset)   loss: 0.0813 -> 0.0817  accuracy: 98.17% -> 98.17%      
client [33] (testset)   loss: 0.1141 -> 0.1149  accuracy: 99.02% -> 99.02%      
client [99] (testset)   loss: 0.8265 -> 0.8315  accuracy: 80.95% -> 80.95%      
client [90] (testset)   loss: 0.1580 -> 0.1600  accuracy: 96.35% -> 96.35%      
client [57] (testset)   loss: 0.1309 -> 0.1319  accuracy: 99.03% -> 99.03%      
client [27] (testset)   loss: 0.2372 -> 0.2407  accuracy: 98.40% -> 98.40%      
client [78] (testset)   loss: 0.0313 -> 0.0294  accuracy: 98.73% -> 98.73%      
client [36] (testset)   loss: 0.1004 -> 0.1012  accuracy: 97.97% -> 97.97%      
client [88] (testset)   loss: 0.0925 -> 0.0940  accuracy: 98.53% -> 98.53%      
---------------------------- TRAINING EPOCH: 240 ----------------------------   
client [70] (testset)   loss: 0.1543 -> 0.1524  accuracy: 97.80% -> 97.98%      
client [35] (testset)   loss: 0.2190 -> 0.2284  accuracy: 95.10% -> 95.10%      
client [16] (testset)   loss: 0.0225 -> 0.0224  accuracy: 98.57% -> 98.57%      
client [80] (testset)   loss: 0.0000 -> 0.0000  accuracy: 100.00% -> 100.00%    
client [38] (testset)   loss: 0.1746 -> 0.1767  accuracy: 96.49% -> 96.49%      
client [78] (testset)   loss: 0.0302 -> 0.0302  accuracy: 98.73% -> 98.73%      
client [68] (testset)   loss: 0.1951 -> 0.1990  accuracy: 96.61% -> 96.61%      
client [11] (testset)   loss: 0.6354 -> 0.6395  accuracy: 33.33% -> 33.33%      
client [64] (testset)   loss: 0.0717 -> 0.0721  accuracy: 98.06% -> 98.06%      
client [82] (testset)   loss: 0.2388 -> 0.2395  accuracy: 95.77% -> 95.77%      
---------------------------- TRAINING EPOCH: 250 ----------------------------   
client [30] (testset)   loss: 0.4582 -> 0.4606  accuracy: 95.00% -> 95.00%      
client [27] (testset)   loss: 0.2428 -> 0.2422  accuracy: 97.86% -> 98.40%      
client [74] (testset)   loss: 0.1782 -> 0.1757  accuracy: 96.62% -> 96.92%      
client [45] (testset)   loss: 0.0727 -> 0.0720  accuracy: 98.16% -> 98.16%      
client [6]  (testset)   loss: 0.0159 -> 0.0153  accuracy: 99.48% -> 99.74%      
client [36] (testset)   loss: 0.1021 -> 0.1030  accuracy: 97.97% -> 97.97%      
client [63] (testset)   loss: 0.1769 -> 0.1770  accuracy: 97.08% -> 97.81%      
client [76] (testset)   loss: 0.5590 -> 0.5669  accuracy: 94.81% -> 94.81%      
client [83] (testset)   loss: 0.2716 -> 0.2740  accuracy: 94.31% -> 94.31%      
client [86] (testset)   loss: 0.0904 -> 0.0906  accuracy: 98.36% -> 98.36%      
---------------------------- TRAINING EPOCH: 260 ----------------------------   
client [83] (testset)   loss: 0.2748 -> 0.2738  accuracy: 94.31% -> 94.31%      
client [99] (testset)   loss: 0.8472 -> 0.8505  accuracy: 80.95% -> 80.95%      
client [74] (testset)   loss: 0.1824 -> 0.1848  accuracy: 96.92% -> 96.92%      
client [73] (testset)   loss: 0.2004 -> 0.2108  accuracy: 94.12% -> 94.12%      
client [29] (testset)   loss: 0.0489 -> 0.0493  accuracy: 98.52% -> 97.79%      
client [92] (testset)   loss: 0.0054 -> 0.0053  accuracy: 100.00% -> 100.00%    
client [6]  (testset)   loss: 0.0155 -> 0.0155  accuracy: 99.74% -> 99.74%      
client [61] (testset)   loss: 0.0405 -> 0.0411  accuracy: 99.12% -> 99.12%      
client [21] (testset)   loss: 0.0878 -> 0.0893  accuracy: 96.08% -> 97.06%      
client [67] (testset)   loss: 0.0072 -> 0.0073  accuracy: 100.00% -> 100.00%    
---------------------------- TRAINING EPOCH: 270 ----------------------------   
client [83] (testset)   loss: 0.2745 -> 0.2782  accuracy: 94.31% -> 94.31%      
client [32] (testset)   loss: 0.1490 -> 0.1488  accuracy: 96.03% -> 96.03%      
client [95] (testset)   loss: 0.0117 -> 0.0098  accuracy: 99.64% -> 99.28%      
client [61] (testset)   loss: 0.0411 -> 0.0414  accuracy: 99.12% -> 99.12%      
client [27] (testset)   loss: 0.2440 -> 0.2435  accuracy: 98.40% -> 98.40%      
client [25] (testset)   loss: 0.0349 -> 0.0366  accuracy: 98.85% -> 98.85%      
client [68] (testset)   loss: 0.2030 -> 0.2030  accuracy: 96.61% -> 96.61%      
client [34] (testset)   loss: 1.0249 -> 1.0255  accuracy: 88.89% -> 88.89%      
client [71] (testset)   loss: 0.1140 -> 0.1146  accuracy: 97.68% -> 97.68%      
client [89] (testset)   loss: 0.2953 -> 0.3114  accuracy: 93.94% -> 93.94%      
---------------------------- TRAINING EPOCH: 280 ----------------------------   
client [78] (testset)   loss: 0.0305 -> 0.0305  accuracy: 98.73% -> 98.73%      
client [81] (testset)   loss: 0.0861 -> 0.0881  accuracy: 98.77% -> 98.77%      
client [51] (testset)   loss: 0.1607 -> 0.1513  accuracy: 91.43% -> 91.43%      
client [54] (testset)   loss: 0.9004 -> 0.9065  accuracy: 90.70% -> 90.70%      
client [65] (testset)   loss: 0.0355 -> 0.0355  accuracy: 98.74% -> 98.74%      
client [41] (testset)   loss: 0.0324 -> 0.0325  accuracy: 98.95% -> 98.95%      
client [11] (testset)   loss: 0.6495 -> 0.6530  accuracy: 33.33% -> 33.33%      
client [85] (testset)   loss: 0.1731 -> 0.1738  accuracy: 97.41% -> 97.41%      
client [12] (testset)   loss: 0.0619 -> 0.0619  accuracy: 98.02% -> 98.02%      
client [23] (testset)   loss: 0.0035 -> 0.0034  accuracy: 100.00% -> 100.00%    
---------------------------- TRAINING EPOCH: 290 ----------------------------   
client [16] (testset)   loss: 0.0227 -> 0.0229  accuracy: 98.57% -> 98.57%      
client [65] (testset)   loss: 0.0358 -> 0.0359  accuracy: 98.74% -> 98.74%      
client [53] (testset)   loss: 0.3133 -> 0.3178  accuracy: 96.00% -> 96.00%      
client [58] (testset)   loss: 0.1661 -> 0.1664  accuracy: 96.45% -> 96.45%      
client [72] (testset)   loss: 0.0904 -> 0.0900  accuracy: 98.18% -> 98.18%      
client [7]  (testset)   loss: 0.0030 -> 0.0030  accuracy: 100.00% -> 100.00%    
client [71] (testset)   loss: 0.1154 -> 0.1146  accuracy: 97.68% -> 97.68%      
client [59] (testset)   loss: 0.0260 -> 0.0259  accuracy: 100.00% -> 100.00%    
client [86] (testset)   loss: 0.0928 -> 0.0917  accuracy: 98.36% -> 98.08%      
client [39] (testset)   loss: 0.0067 -> 0.0066  accuracy: 99.75% -> 99.75%      
---------------------------- TRAINING EPOCH: 300 ----------------------------   
client [99] (testset)   loss: 0.8681 -> 0.8768  accuracy: 80.95% -> 80.95%      
client [7]  (testset)   loss: 0.0029 -> 0.0029  accuracy: 100.00% -> 100.00%    
client [17] (testset)   loss: 0.1109 -> 0.1113  accuracy: 98.05% -> 98.05%      
client [64] (testset)   loss: 0.0747 -> 0.0750  accuracy: 98.06% -> 98.06%      
client [37] (testset)   loss: 0.3583 -> 0.3591  accuracy: 95.24% -> 95.24%      
client [29] (testset)   loss: 0.0479 -> 0.0493  accuracy: 98.52% -> 98.52%      
client [93] (testset)   loss: 0.0133 -> 0.0133  accuracy: 100.00% -> 100.00%    
client [73] (testset)   loss: 0.2064 -> 0.2050  accuracy: 94.12% -> 94.12%      
client [40] (testset)   loss: 0.0623 -> 0.0630  accuracy: 97.10% -> 97.10%      
client [76] (testset)   loss: 0.5782 -> 0.5810  accuracy: 94.81% -> 94.81%      
---------------------------- TRAINING EPOCH: 310 ----------------------------   
client [31] (testset)   loss: 0.4279 -> 0.4285  accuracy: 85.71% -> 85.71%      
client [89] (testset)   loss: 0.3231 -> 0.3161  accuracy: 93.94% -> 93.94%      
client [77] (testset)   loss: 0.2339 -> 0.2350  accuracy: 95.89% -> 95.89%      
client [90] (testset)   loss: 0.1669 -> 0.1674  accuracy: 96.35% -> 96.35%      
client [26] (testset)   loss: 0.5615 -> 0.5610  accuracy: 87.50% -> 87.50%      
client [50] (testset)   loss: 0.2124 -> 0.2108  accuracy: 95.90% -> 95.90%      
client [30] (testset)   loss: 0.4776 -> 0.4790  accuracy: 95.00% -> 95.00%      
client [70] (testset)   loss: 0.1549 -> 0.1566  accuracy: 97.98% -> 97.98%      
client [41] (testset)   loss: 0.0323 -> 0.0324  accuracy: 98.95% -> 98.95%      
client [99] (testset)   loss: 0.8789 -> 0.8830  accuracy: 80.95% -> 80.95%      
---------------------------- TRAINING EPOCH: 320 ----------------------------   
client [68] (testset)   loss: 0.2090 -> 0.2095  accuracy: 96.61% -> 96.61%      
client [70] (testset)   loss: 0.1582 -> 0.1560  accuracy: 97.98% -> 97.98%      
client [52] (testset)   loss: 0.0005 -> 0.0005  accuracy: 100.00% -> 100.00%    
client [1]  (testset)   loss: 0.0521 -> 0.0528  accuracy: 96.67% -> 96.67%      
client [2]  (testset)   loss: 0.0913 -> 0.0926  accuracy: 99.24% -> 99.24%      
client [67] (testset)   loss: 0.0071 -> 0.0072  accuracy: 100.00% -> 100.00%    
client [92] (testset)   loss: 0.0044 -> 0.0044  accuracy: 100.00% -> 100.00%    
client [35] (testset)   loss: 0.2347 -> 0.2338  accuracy: 95.10% -> 95.10%      
client [36] (testset)   loss: 0.1078 -> 0.1074  accuracy: 97.97% -> 97.97%      
client [64] (testset)   loss: 0.0754 -> 0.0756  accuracy: 98.06% -> 98.06%      
---------------------------- TRAINING EPOCH: 330 ----------------------------   
client [44] (testset)   loss: 0.1421 -> 0.1427  accuracy: 97.61% -> 97.61%      
client [6]  (testset)   loss: 0.0160 -> 0.0161  accuracy: 99.74% -> 99.74%      
client [12] (testset)   loss: 0.0634 -> 0.0631  accuracy: 98.02% -> 98.02%      
client [55] (testset)   loss: 0.0915 -> 0.0924  accuracy: 97.96% -> 97.96%      
client [29] (testset)   loss: 0.0499 -> 0.0492  accuracy: 98.52% -> 98.52%      
client [9]  (testset)   loss: 0.1276 -> 0.1289  accuracy: 96.91% -> 96.91%      
client [43] (testset)   loss: 0.2792 -> 0.2842  accuracy: 91.44% -> 91.44%      
client [77] (testset)   loss: 0.2361 -> 0.2355  accuracy: 95.89% -> 95.89%      
client [98] (testset)   loss: 0.2479 -> 0.2497  accuracy: 97.06% -> 97.06%      
client [78] (testset)   loss: 0.0299 -> 0.0301  accuracy: 98.73% -> 98.73%      
---------------------------- TRAINING EPOCH: 340 ----------------------------   
client [92] (testset)   loss: 0.0042 -> 0.0042  accuracy: 100.00% -> 100.00%    
client [80] (testset)   loss: 0.0000 -> 0.0000  accuracy: 100.00% -> 100.00%    
client [63] (testset)   loss: 0.1836 -> 0.1830  accuracy: 97.81% -> 97.81%      
client [76] (testset)   loss: 0.5908 -> 0.5934  accuracy: 94.81% -> 94.81%      
client [78] (testset)   loss: 0.0301 -> 0.0299  accuracy: 98.73% -> 98.73%      
client [25] (testset)   loss: 0.0353 -> 0.0349  accuracy: 98.85% -> 98.85%      
client [58] (testset)   loss: 0.1690 -> 0.1688  accuracy: 96.45% -> 96.45%      
client [13] (testset)   loss: 0.8771 -> 0.8725  accuracy: 79.17% -> 79.17%      
client [17] (testset)   loss: 0.1124 -> 0.1110  accuracy: 98.05% -> 98.05%      
client [38] (testset)   loss: 0.1837 -> 0.1858  accuracy: 96.49% -> 96.49%      
---------------------------- TRAINING EPOCH: 350 ----------------------------   
client [72] (testset)   loss: 0.0925 -> 0.0920  accuracy: 98.18% -> 98.18%      
client [82] (testset)   loss: 0.2493 -> 0.2490  accuracy: 95.77% -> 95.77%      
client [86] (testset)   loss: 0.0952 -> 0.0950  accuracy: 98.36% -> 98.36%      
client [51] (testset)   loss: 0.1642 -> 0.1604  accuracy: 91.43% -> 91.43%      
client [96] (testset)   loss: 0.0532 -> 0.0534  accuracy: 98.04% -> 98.04%      
client [42] (testset)   loss: 0.2861 -> 0.2846  accuracy: 95.63% -> 95.63%      
client [55] (testset)   loss: 0.0926 -> 0.0934  accuracy: 97.96% -> 97.96%      
client [13] (testset)   loss: 0.8774 -> 0.8414  accuracy: 79.17% -> 79.17%      
client [1]  (testset)   loss: 0.0535 -> 0.0538  accuracy: 96.67% -> 96.67%      
client [12] (testset)   loss: 0.0633 -> 0.0632  accuracy: 98.02% -> 98.02%      
---------------------------- TRAINING EPOCH: 360 ----------------------------   
client [68] (testset)   loss: 0.2139 -> 0.2129  accuracy: 96.61% -> 96.61%      
client [23] (testset)   loss: 0.0029 -> 0.0028  accuracy: 100.00% -> 100.00%    
client [46] (testset)   loss: 0.0819 -> 0.0819  accuracy: 98.20% -> 98.42%      
client [41] (testset)   loss: 0.0326 -> 0.0324  accuracy: 98.95% -> 98.95%      
client [25] (testset)   loss: 0.0348 -> 0.0344  accuracy: 98.85% -> 98.85%      
client [58] (testset)   loss: 0.1703 -> 0.1703  accuracy: 96.45% -> 96.45%      
client [14] (testset)   loss: 0.0935 -> 0.0943  accuracy: 98.61% -> 98.61%      
client [33] (testset)   loss: 0.1222 -> 0.1227  accuracy: 99.18% -> 99.18%      
client [85] (testset)   loss: 0.1785 -> 0.1766  accuracy: 97.41% -> 97.41%      
client [62] (testset)   loss: 0.1449 -> 0.1450  accuracy: 97.24% -> 97.24%      
---------------------------- TRAINING EPOCH: 370 ----------------------------   
client [98] (testset)   loss: 0.2459 -> 0.2516  accuracy: 97.06% -> 97.06%      
client [63] (testset)   loss: 0.1852 -> 0.1859  accuracy: 97.08% -> 97.08%      
client [70] (testset)   loss: 0.1600 -> 0.1630  accuracy: 97.98% -> 97.98%      
client [65] (testset)   loss: 0.0364 -> 0.0362  accuracy: 98.74% -> 98.74%      
client [14] (testset)   loss: 0.0956 -> 0.0949  accuracy: 98.61% -> 98.61%      
client [73] (testset)   loss: 0.2040 -> 0.2064  accuracy: 94.12% -> 94.12%      
client [34] (testset)   loss: 1.0604 -> 1.0598  accuracy: 88.89% -> 88.89%      
client [99] (testset)   loss: 0.9013 -> 0.9070  accuracy: 80.95% -> 80.95%      
client [69] (testset)   loss: 0.0384 -> 0.0384  accuracy: 98.91% -> 98.91%      
client [46] (testset)   loss: 0.0820 -> 0.0818  accuracy: 98.42% -> 98.20%      
---------------------------- TRAINING EPOCH: 380 ----------------------------   
client [99] (testset)   loss: 0.9102 -> 0.9132  accuracy: 80.95% -> 80.95%      
client [93] (testset)   loss: 0.0119 -> 0.0117  accuracy: 100.00% -> 100.00%    
client [11] (testset)   loss: 0.6822 -> 0.6846  accuracy: 33.33% -> 33.33%      
client [58] (testset)   loss: 0.1717 -> 0.1715  accuracy: 96.45% -> 96.45%      
client [81] (testset)   loss: 0.0954 -> 0.0910  accuracy: 98.77% -> 98.77%      
client [85] (testset)   loss: 0.1774 -> 0.1800  accuracy: 97.41% -> 97.41%      
client [89] (testset)   loss: 0.3174 -> 0.3237  accuracy: 93.94% -> 93.94%      
client [45] (testset)   loss: 0.0765 -> 0.0766  accuracy: 98.16% -> 98.47%      
client [8]  (testset)   loss: 0.0000 -> 0.0000  accuracy: 100.00% -> 100.00%    
client [68] (testset)   loss: 0.2146 -> 0.2143  accuracy: 96.61% -> 96.61%      
---------------------------- TRAINING EPOCH: 390 ----------------------------   
client [67] (testset)   loss: 0.0072 -> 0.0072  accuracy: 100.00% -> 100.00%    
client [72] (testset)   loss: 0.0927 -> 0.0921  accuracy: 98.18% -> 98.18%      
client [1]  (testset)   loss: 0.0551 -> 0.0547  accuracy: 96.67% -> 96.67%      
client [78] (testset)   loss: 0.0299 -> 0.0303  accuracy: 98.73% -> 98.73%      
client [83] (testset)   loss: 0.2941 -> 0.2944  accuracy: 93.95% -> 93.95%      
client [21] (testset)   loss: 0.0890 -> 0.0899  accuracy: 96.08% -> 97.06%      
client [56] (testset)   loss: 0.1384 -> 0.1397  accuracy: 97.85% -> 97.85%      
client [44] (testset)   loss: 0.1478 -> 0.1485  accuracy: 97.61% -> 97.61%      
client [92] (testset)   loss: 0.0039 -> 0.0039  accuracy: 100.00% -> 100.00%    
client [27] (testset)   loss: 0.2560 -> 0.2559  accuracy: 98.40% -> 98.40%      
---------------------------- TRAINING EPOCH: 400 ----------------------------   
client [10] (testset)   loss: 0.0117 -> 0.0108  accuracy: 100.00% -> 100.00%    
client [39] (testset)   loss: 0.0067 -> 0.0067  accuracy: 99.75% -> 99.75%      
client [65] (testset)   loss: 0.0367 -> 0.0365  accuracy: 98.74% -> 98.74%      
client [26] (testset)   loss: 0.5899 -> 0.5889  accuracy: 87.50% -> 87.50%      
client [19] (testset)   loss: 0.0224 -> 0.0210  accuracy: 98.15% -> 98.15%      
client [68] (testset)   loss: 0.2162 -> 0.2158  accuracy: 96.61% -> 96.61%      
client [41] (testset)   loss: 0.0324 -> 0.0324  accuracy: 98.95% -> 98.95%      
client [50] (testset)   loss: 0.2228 -> 0.2260  accuracy: 95.90% -> 95.90%      
client [75] (testset)   loss: 0.0443 -> 0.0450  accuracy: 98.76% -> 98.76%      
client [81] (testset)   loss: 0.0936 -> 0.0928  accuracy: 98.77% -> 98.77%      
Training... ━━━━━━━━━━━━━━━━━━━━━━━━━━━━━━━━━━━━━━━━ 100% 0:07:11
LG-FedAvg's average time taken by each global epoch: 0 min 1.07 sec.            
LG-FedAvg's total running time: 0 h 7 m 11 s.                                   
==================== LG-FedAvg Experiment Results: ====================         
Display format: (before local fine-tuning) -> (after local fine-tuning)         
 So if finetune_epoch = 0, x.xx% -> 0.00% is normal.                            
 Centralized testing ONLY happens after model aggregation, so the stats between 
'->' are the same.                                                              
{                                                                               
    "100": {                                                                    
        "all_clients": {                                                        
            "test": {                                                           
                "loss": "0.1037 -> 0.0000",                                     
                "accuracy": "97.59% -> 0.00%"                                   
            }                                                                   
        }                                                                       
    },                                                                          
    "200": {                                                                    
        "all_clients": {                                                        
            "test": {                                                           
                "loss": "0.1143 -> 0.0000",                                     
                "accuracy": "97.73% -> 0.00%"                                   
            }                                                                   
        }                                                                       
    },                                                                          
    "300": {                                                                    
        "all_clients": {                                                        
            "test": {                                                           
                "loss": "0.1213 -> 0.0000",                                     
                "accuracy": "97.73% -> 0.00%"                                   
            }                                                                   
        }                                                                       
    },                                                                          
    "400": {                                                                    
        "all_clients": {                                                        
            "test": {                                                           
                "loss": "0.1263 -> 0.0000",                                     
                "accuracy": "97.74% -> 0.00%"                                   
            }                                                                   
        }                                                                       
    }                                                                           
}                                                                               
==================== LG-FedAvg Max Accuracy ====================                
all_clients:                                                                    
(test) before fine-tuning: 97.74% at epoch 400                                  
(test) after fine-tuning: 0.00% at epoch 100                                    
