Files already downloaded and verified
Files already downloaded and verified
==================== pFedFDA ====================                               
Experiment Arguments:                                                           
{
│   'method': 'pfedfda',
│   'dataset': {
│   │   'name': 'cifar10',
│   │   'client_num': 100,
│   │   'test_ratio': 0.25,
│   │   'val_ratio': 0.0,
│   │   'seed': 42,
│   │   'split': 'sample',
│   │   'IID_ratio': 0.0,
│   │   'monitor_window_name_suffix': 'cifar10-100clients-0%IID-Dir(0.1)-seed42',
│   │   'alpha': 0.1,
│   │   'min_samples_per_client': 10
│   },
│   'model': {
│   │   'name': 'avgcnn',
│   │   'use_torchvision_pretrained_weights': True,
│   │   'external_model_weights_path': None
│   },
│   'optimizer': {
│   │   'lr': 0.01,
│   │   'dampening': 0,
│   │   'weight_decay': 0,
│   │   'momentum': 0,
│   │   'nesterov': False,
│   │   'name': 'sgd'
│   },
│   'mode': 'serial',
│   'parallel': {
│   │   'ray_cluster_addr': None,
│   │   'num_cpus': None,
│   │   'num_gpus': None,
│   │   'num_workers': 2
│   },
│   'common': {
│   │   'seed': 42,
│   │   'join_ratio': 0.1,
│   │   'global_epoch': 400,
│   │   'local_epoch': 5,
│   │   'batch_size': 32,
│   │   'reset_optimizer_on_global_epoch': True,
│   │   'straggler_ratio': 0,
│   │   'straggler_min_local_epoch': 0,
│   │   'buffers': 'global',
│   │   'client_side_evaluation': True,
│   │   'test': {
│   │   │   'client': {
│   │   │   │   'interval': 100,
│   │   │   │   'finetune_epoch': 0,
│   │   │   │   'train': False,
│   │   │   │   'val': False,
│   │   │   │   'test': True
│   │   │   },
│   │   │   'server': {
│   │   │   │   'interval': -1,
│   │   │   │   'train': False,
│   │   │   │   'val': False,
│   │   │   │   'test': False,
│   │   │   │   'model_in_train_mode': False
│   │   │   }
│   │   },
│   │   'verbose_gap': 10,
│   │   'monitor': None,
│   │   'use_cuda': True,
│   │   'save_log': True,
│   │   'save_model': False,
│   │   'save_learning_curve_plot': False,
│   │   'save_metrics': True,
│   │   'delete_useless_run': True
│   },
│   'pfedfda': {
│   │   'eps': 0.0001,
│   │   'single_beta': False,
│   │   'local_beta': False,
│   │   'num_cv_folds': 2
│   }
}
---------------------------- TRAINING EPOCH: 10 ----------------------------    
client [77] (testset)   loss: 1.6581 -> 0.4290  accuracy: 40.64% -> 86.22%      
client [81] (testset)   loss: 1.2907 -> 0.0738  accuracy: 49.11% -> 97.32%      
client [21] (testset)   loss: 3.2858 -> 0.8713  accuracy: 0.00% -> 69.57%       
client [68] (testset)   loss: 1.3587 -> 0.2713  accuracy: 54.80% -> 93.79%      
client [93] (testset)   loss: 2.2323 -> 0.4883  accuracy: 15.79% -> 78.95%      
client [31] (testset)   loss: 3.2868 -> 0.2104  accuracy: 0.46% -> 93.55%       
client [20] (testset)   loss: 0.8974 -> 0.5392  accuracy: 72.67% -> 82.25%      
client [59] (testset)   loss: 0.9228 -> 0.2918  accuracy: 33.33% -> 100.00%     
client [48] (testset)   loss: 3.5190 -> 0.4677  accuracy: 0.00% -> 76.92%       
client [34] (testset)   loss: 2.0263 -> 1.0571  accuracy: 20.00% -> 58.71%      
---------------------------- TRAINING EPOCH: 20 ----------------------------    
client [69] (testset)   loss: 2.2294 -> 0.8874  accuracy: 33.64% -> 61.21%      
client [99] (testset)   loss: 0.5909 -> 0.0386  accuracy: 84.81% -> 100.00%     
client [67] (testset)   loss: 2.9907 -> 0.5182  accuracy: 8.39% -> 79.35%       
client [0]  (testset)   loss: 3.5040 -> 0.1844  accuracy: 0.00% -> 95.81%       
client [76] (testset)   loss: 3.9400 -> 0.4732  accuracy: 0.66% -> 80.79%       
client [41] (testset)   loss: 1.7398 -> 1.0204  accuracy: 47.62% -> 65.08%      
client [62] (testset)   loss: 4.2316 -> 0.1370  accuracy: 0.00% -> 94.12%       
client [2]  (testset)   loss: 1.7866 -> 0.4258  accuracy: 48.18% -> 86.13%      
client [14] (testset)   loss: 1.8295 -> 0.6375  accuracy: 40.89% -> 73.40%      
client [46] (testset)   loss: 2.8410 -> 0.8004  accuracy: 17.05% -> 68.99%      
---------------------------- TRAINING EPOCH: 30 ----------------------------    
client [24] (testset)   loss: 1.1546 -> 0.2681  accuracy: 55.56% -> 88.89%      
client [68] (testset)   loss: 1.5066 -> 0.2158  accuracy: 54.24% -> 93.79%      
client [57] (testset)   loss: 0.8965 -> 0.2356  accuracy: 71.31% -> 93.67%      
client [17] (testset)   loss: 1.5805 -> 0.7439  accuracy: 41.67% -> 74.40%      
client [54] (testset)   loss: 1.9125 -> 0.5222  accuracy: 36.25% -> 86.25%      
client [23] (testset)   loss: 1.1375 -> 0.0321  accuracy: 67.86% -> 100.00%     
client [35] (testset)   loss: 1.8267 -> 0.7057  accuracy: 16.67% -> 83.33%      
client [59] (testset)   loss: 2.3745 -> 0.1277  accuracy: 0.00% -> 100.00%      
client [31] (testset)   loss: 0.6361 -> 0.1124  accuracy: 81.11% -> 96.31%      
client [9]  (testset)   loss: 2.0027 -> 0.5723  accuracy: 28.63% -> 82.91%      
---------------------------- TRAINING EPOCH: 40 ----------------------------    
client [64] (testset)   loss: 3.0822 -> 0.2192  accuracy: 6.42% -> 89.91%       
client [33] (testset)   loss: 1.2109 -> 0.3555  accuracy: 58.33% -> 86.46%      
client [16] (testset)   loss: 1.9684 -> 0.9911  accuracy: 36.75% -> 68.07%      
client [44] (testset)   loss: 1.3896 -> 0.2772  accuracy: 45.92% -> 90.82%      
client [8]  (testset)   loss: 1.4036 -> 0.6523  accuracy: 51.61% -> 70.97%      
client [31] (testset)   loss: 1.9899 -> 0.1151  accuracy: 25.35% -> 96.31%      
client [47] (testset)   loss: 1.6755 -> 0.9210  accuracy: 43.75% -> 56.25%      
client [36] (testset)   loss: 2.7967 -> 0.6984  accuracy: 12.77% -> 78.72%      
client [20] (testset)   loss: 1.3982 -> 0.5028  accuracy: 53.11% -> 83.55%      
client [56] (testset)   loss: 0.8701 -> 0.3317  accuracy: 72.31% -> 87.69%      
---------------------------- TRAINING EPOCH: 50 ----------------------------    
client [4]  (testset)   loss: 0.9609 -> 0.0906  accuracy: 70.42% -> 95.77%      
client [60] (testset)   loss: 0.9271 -> 0.2757  accuracy: 69.66% -> 92.13%      
client [28] (testset)   loss: 1.0861 -> 0.4210  accuracy: 48.00% -> 88.00%      
client [25] (testset)   loss: 2.7978 -> 0.5294  accuracy: 18.37% -> 80.92%      
client [58] (testset)   loss: 1.3531 -> 0.2324  accuracy: 58.73% -> 94.05%      
client [44] (testset)   loss: 0.9125 -> 0.2870  accuracy: 65.31% -> 92.86%      
client [39] (testset)   loss: 1.8717 -> 1.1126  accuracy: 47.26% -> 71.23%      
client [29] (testset)   loss: 2.6137 -> 0.1777  accuracy: 22.22% -> 95.32%      
client [3]  (testset)   loss: 1.5503 -> 0.7097  accuracy: 54.01% -> 77.01%      
client [84] (testset)   loss: 2.0973 -> 0.5419  accuracy: 37.50% -> 85.94%      
---------------------------- TRAINING EPOCH: 60 ----------------------------    
client [21] (testset)   loss: 3.2141 -> 0.9680  accuracy: 21.74% -> 56.52%      
client [84] (testset)   loss: 1.8103 -> 0.4696  accuracy: 39.06% -> 84.38%      
client [10] (testset)   loss: 3.1566 -> 0.1250  accuracy: 17.34% -> 95.66%      
client [36] (testset)   loss: 1.2824 -> 0.7562  accuracy: 57.45% -> 74.47%      
client [65] (testset)   loss: 1.4462 -> 0.6000  accuracy: 50.00% -> 78.57%      
client [81] (testset)   loss: 0.8209 -> 0.0325  accuracy: 68.75% -> 98.21%      
client [79] (testset)   loss: 2.7064 -> 0.2541  accuracy: 21.79% -> 93.58%      
client [42] (testset)   loss: 1.7111 -> 0.2889  accuracy: 44.86% -> 91.36%      
client [11] (testset)   loss: 2.0371 -> 2.5155  accuracy: 40.91% -> 45.45%      
client [96] (testset)   loss: 1.0280 -> 0.8876  accuracy: 65.91% -> 68.18%      
---------------------------- TRAINING EPOCH: 70 ----------------------------    
client [8]  (testset)   loss: 1.5413 -> 0.6488  accuracy: 48.39% -> 67.74%      
client [53] (testset)   loss: 1.4813 -> 0.6605  accuracy: 47.96% -> 75.00%      
client [52] (testset)   loss: 0.7260 -> 0.1630  accuracy: 75.49% -> 97.06%      
client [42] (testset)   loss: 1.0457 -> 0.2966  accuracy: 62.96% -> 90.95%      
client [69] (testset)   loss: 1.5322 -> 0.9363  accuracy: 48.79% -> 63.94%      
client [59] (testset)   loss: 0.7437 -> 0.0214  accuracy: 66.67% -> 100.00%     
client [7]  (testset)   loss: 2.1476 -> 0.5402  accuracy: 28.02% -> 83.09%      
client [26] (testset)   loss: 1.3774 -> 0.9278  accuracy: 53.85% -> 92.31%      
client [49] (testset)   loss: 0.9042 -> 0.5640  accuracy: 69.84% -> 81.90%      
client [98] (testset)   loss: 2.5166 -> 0.7531  accuracy: 16.59% -> 82.46%      
---------------------------- TRAINING EPOCH: 80 ----------------------------    
client [98] (testset)   loss: 0.8932 -> 0.7068  accuracy: 72.51% -> 83.89%      
client [47] (testset)   loss: 2.0079 -> 1.1855  accuracy: 56.25% -> 56.25%      
client [21] (testset)   loss: 4.5864 -> 1.2190  accuracy: 4.35% -> 56.52%       
client [77] (testset)   loss: 1.7224 -> 0.4289  accuracy: 45.23% -> 88.34%      
client [95] (testset)   loss: 1.5141 -> 0.8974  accuracy: 50.57% -> 68.97%      
client [91] (testset)   loss: 3.3782 -> 0.5378  accuracy: 17.65% -> 89.71%      
client [14] (testset)   loss: 0.8604 -> 0.5557  accuracy: 72.91% -> 78.33%      
client [99] (testset)   loss: 3.3346 -> 0.0190  accuracy: 7.59% -> 100.00%      
client [20] (testset)   loss: 0.9233 -> 0.6120  accuracy: 71.50% -> 84.46%      
client [39] (testset)   loss: 2.1043 -> 0.5277  accuracy: 42.47% -> 85.62%      
---------------------------- TRAINING EPOCH: 90 ----------------------------    
client [52] (testset)   loss: 0.4430 -> 0.1472  accuracy: 85.29% -> 97.06%      
client [62] (testset)   loss: 0.8406 -> 0.1678  accuracy: 70.59% -> 94.12%      
client [71] (testset)   loss: 1.6750 -> 0.5716  accuracy: 50.54% -> 85.48%      
client [97] (testset)   loss: 2.8241 -> 0.7545  accuracy: 23.17% -> 85.37%      
client [30] (testset)   loss: 1.2761 -> 1.0544  accuracy: 55.91% -> 73.12%      
client [88] (testset)   loss: 1.8923 -> 0.4226  accuracy: 41.58% -> 89.47%      
client [60] (testset)   loss: 3.1861 -> 0.2604  accuracy: 14.23% -> 92.51%      
client [82] (testset)   loss: 1.5940 -> 0.2162  accuracy: 46.59% -> 96.59%      
client [91] (testset)   loss: 2.3404 -> 0.5437  accuracy: 23.53% -> 88.24%      
client [57] (testset)   loss: 0.9062 -> 0.1790  accuracy: 73.00% -> 94.51%      
---------------------------- TRAINING EPOCH: 100 ----------------------------   
client [31] (testset)   loss: 0.8510 -> 0.1030  accuracy: 79.26% -> 96.77%      
client [15] (testset)   loss: 1.5003 -> 0.4171  accuracy: 55.86% -> 88.28%      
client [71] (testset)   loss: 2.2817 -> 0.5578  accuracy: 40.86% -> 84.95%      
client [97] (testset)   loss: 2.8758 -> 0.7972  accuracy: 30.49% -> 85.37%      
client [53] (testset)   loss: 1.5429 -> 0.7251  accuracy: 52.04% -> 73.98%      
client [77] (testset)   loss: 1.6103 -> 0.4165  accuracy: 45.23% -> 88.69%      
client [76] (testset)   loss: 1.1655 -> 0.2671  accuracy: 69.54% -> 91.39%      
client [79] (testset)   loss: 1.2528 -> 0.2615  accuracy: 60.61% -> 91.90%      
client [28] (testset)   loss: 1.1423 -> 0.5258  accuracy: 68.00% -> 80.00%      
client [99] (testset)   loss: 2.5319 -> 0.0271  accuracy: 22.78% -> 98.73%      
---------------------------- TRAINING EPOCH: 110 ----------------------------   
client [97] (testset)   loss: 1.6599 -> 0.8482  accuracy: 53.66% -> 82.93%      
client [86] (testset)   loss: 1.0259 -> 0.3599  accuracy: 68.42% -> 88.16%      
client [34] (testset)   loss: 2.2200 -> 0.8761  accuracy: 33.55% -> 74.84%      
client [73] (testset)   loss: 1.3521 -> 0.6500  accuracy: 54.55% -> 84.85%      
client [5]  (testset)   loss: 1.9674 -> 0.6201  accuracy: 41.24% -> 81.19%      
client [96] (testset)   loss: 1.4018 -> 1.1064  accuracy: 59.09% -> 72.73%      
client [22] (testset)   loss: 1.1869 -> 0.5820  accuracy: 66.92% -> 85.71%      
client [60] (testset)   loss: 2.4883 -> 0.2822  accuracy: 25.84% -> 92.88%      
client [66] (testset)   loss: 1.2315 -> 0.5876  accuracy: 65.44% -> 83.09%      
client [83] (testset)   loss: 1.3326 -> 0.5966  accuracy: 54.62% -> 81.23%      
---------------------------- TRAINING EPOCH: 120 ----------------------------   
client [76] (testset)   loss: 1.7040 -> 0.2434  accuracy: 50.33% -> 92.05%      
client [65] (testset)   loss: 1.8202 -> 0.6220  accuracy: 50.00% -> 85.71%      
client [95] (testset)   loss: 1.6253 -> 1.0614  accuracy: 51.72% -> 68.97%      
client [17] (testset)   loss: 1.0920 -> 0.7134  accuracy: 61.90% -> 79.17%      
client [8]  (testset)   loss: 1.0026 -> 0.5737  accuracy: 64.52% -> 77.42%      
client [35] (testset)   loss: 2.8733 -> 1.4745  accuracy: 16.67% -> 50.00%      
client [98] (testset)   loss: 1.9570 -> 0.7232  accuracy: 40.28% -> 82.94%      
client [53] (testset)   loss: 1.3503 -> 0.6099  accuracy: 59.18% -> 78.06%      
client [43] (testset)   loss: 0.3456 -> 0.1662  accuracy: 90.91% -> 90.91%      
client [64] (testset)   loss: 2.1403 -> 0.2135  accuracy: 28.44% -> 94.50%      
---------------------------- TRAINING EPOCH: 130 ----------------------------   
client [21] (testset)   loss: 2.5608 -> 0.9573  accuracy: 47.83% -> 65.22%      
client [88] (testset)   loss: 2.5298 -> 0.3954  accuracy: 34.74% -> 91.32%      
client [38] (testset)   loss: 0.8673 -> 0.0720  accuracy: 77.88% -> 96.15%      
client [3]  (testset)   loss: 1.7780 -> 0.7072  accuracy: 52.41% -> 81.28%      
client [5]  (testset)   loss: 3.8410 -> 0.6220  accuracy: 19.59% -> 83.76%      
client [41] (testset)   loss: 0.9655 -> 0.8581  accuracy: 73.02% -> 76.19%      
client [7]  (testset)   loss: 3.1220 -> 0.4197  accuracy: 26.09% -> 85.51%      
client [37] (testset)   loss: 1.9834 -> 0.4417  accuracy: 33.33% -> 83.33%      
client [45] (testset)   loss: 2.0188 -> 1.1823  accuracy: 54.55% -> 72.73%      
client [47] (testset)   loss: 4.2713 -> 1.1450  accuracy: 25.00% -> 62.50%      
---------------------------- TRAINING EPOCH: 140 ----------------------------   
client [16] (testset)   loss: 1.3025 -> 0.7858  accuracy: 61.45% -> 77.11%      
client [11] (testset)   loss: 1.8299 -> 0.1631  accuracy: 40.91% -> 95.45%      
client [37] (testset)   loss: 0.8694 -> 0.3735  accuracy: 66.67% -> 83.33%      
client [41] (testset)   loss: 1.0290 -> 0.8016  accuracy: 68.25% -> 79.37%      
client [95] (testset)   loss: 1.6672 -> 0.9702  accuracy: 49.43% -> 67.82%      
client [53] (testset)   loss: 1.9685 -> 0.6571  accuracy: 47.96% -> 77.04%      
client [22] (testset)   loss: 1.4159 -> 0.5918  accuracy: 62.41% -> 84.96%      
client [25] (testset)   loss: 2.7469 -> 0.6434  accuracy: 22.97% -> 80.92%      
client [69] (testset)   loss: 1.9775 -> 1.0312  accuracy: 40.61% -> 68.79%      
client [46] (testset)   loss: 1.5539 -> 0.5760  accuracy: 51.94% -> 84.50%      
---------------------------- TRAINING EPOCH: 150 ----------------------------   
client [47] (testset)   loss: 4.0532 -> 1.3913  accuracy: 37.50% -> 68.75%      
client [69] (testset)   loss: 3.3359 -> 1.0425  accuracy: 24.24% -> 67.58%      
client [82] (testset)   loss: 3.6746 -> 0.2837  accuracy: 20.45% -> 96.59%      
client [45] (testset)   loss: 2.4065 -> 1.4293  accuracy: 36.36% -> 72.73%      
client [7]  (testset)   loss: 1.3525 -> 0.4292  accuracy: 70.53% -> 84.54%      
client [50] (testset)   loss: 2.5813 -> 2.2374  accuracy: 42.86% -> 71.43%      
client [35] (testset)   loss: 3.5132 -> 2.1376  accuracy: 16.67% -> 50.00%      
client [24] (testset)   loss: 2.0323 -> 0.4593  accuracy: 50.00% -> 88.89%      
client [15] (testset)   loss: 2.2167 -> 0.5305  accuracy: 48.44% -> 87.50%      
client [58] (testset)   loss: 0.4592 -> 0.2756  accuracy: 85.71% -> 94.05%      
---------------------------- TRAINING EPOCH: 160 ----------------------------   
client [48] (testset)   loss: 3.7074 -> 1.0405  accuracy: 30.77% -> 84.62%      
client [76] (testset)   loss: 2.5410 -> 0.2962  accuracy: 33.77% -> 92.05%      
client [67] (testset)   loss: 2.5642 -> 0.2212  accuracy: 30.32% -> 92.26%      
client [37] (testset)   loss: 1.5114 -> 0.1963  accuracy: 50.00% -> 100.00%     
client [58] (testset)   loss: 0.9405 -> 0.2584  accuracy: 73.81% -> 94.05%      
client [64] (testset)   loss: 1.6437 -> 0.2253  accuracy: 44.04% -> 94.50%      
client [77] (testset)   loss: 0.9185 -> 0.4445  accuracy: 73.50% -> 91.17%      
client [55] (testset)   loss: 1.8723 -> 0.4376  accuracy: 50.35% -> 87.66%      
client [12] (testset)   loss: 1.7029 -> 0.5706  accuracy: 57.49% -> 86.06%      
client [89] (testset)   loss: 3.1847 -> 0.3545  accuracy: 29.41% -> 96.08%      
---------------------------- TRAINING EPOCH: 170 ----------------------------   
client [84] (testset)   loss: 1.5233 -> 0.4376  accuracy: 51.56% -> 87.50%      
client [51] (testset)   loss: 0.3813 -> 0.2570  accuracy: 87.50% -> 75.00%      
client [8]  (testset)   loss: 1.1850 -> 0.6617  accuracy: 70.97% -> 70.97%      
client [18] (testset)   loss: 1.3813 -> 0.6188  accuracy: 59.88% -> 85.63%      
client [94] (testset)   loss: 2.7350 -> 0.5562  accuracy: 30.77% -> 78.46%      
client [81] (testset)   loss: 1.0123 -> 0.0145  accuracy: 67.86% -> 100.00%     
client [3]  (testset)   loss: 1.3599 -> 0.6952  accuracy: 61.50% -> 80.75%      
client [11] (testset)   loss: 1.8035 -> 0.1315  accuracy: 45.45% -> 95.45%      
client [95] (testset)   loss: 2.1533 -> 0.9644  accuracy: 37.93% -> 70.11%      
client [67] (testset)   loss: 0.6125 -> 0.2004  accuracy: 76.77% -> 93.55%      
---------------------------- TRAINING EPOCH: 180 ----------------------------   
client [21] (testset)   loss: 3.4135 -> 1.2777  accuracy: 26.09% -> 69.57%      
client [79] (testset)   loss: 1.9758 -> 0.2976  accuracy: 52.79% -> 93.02%      
client [58] (testset)   loss: 1.1006 -> 0.2750  accuracy: 69.84% -> 94.44%      
client [88] (testset)   loss: 1.0442 -> 0.3943  accuracy: 67.37% -> 91.58%      
client [46] (testset)   loss: 2.5762 -> 0.4878  accuracy: 36.43% -> 87.60%      
client [11] (testset)   loss: 1.0936 -> 0.1243  accuracy: 59.09% -> 95.45%      
client [55] (testset)   loss: 1.7700 -> 0.4282  accuracy: 54.37% -> 87.79%      
client [13] (testset)   loss: 2.4823 -> 0.5405  accuracy: 41.67% -> 83.33%      
client [31] (testset)   loss: 2.6384 -> 0.1293  accuracy: 28.57% -> 96.31%      
client [75] (testset)   loss: 2.1640 -> 0.4042  accuracy: 44.61% -> 90.27%      
---------------------------- TRAINING EPOCH: 190 ----------------------------   
client [19] (testset)   loss: 0.9126 -> 0.5565  accuracy: 76.99% -> 93.81%      
client [7]  (testset)   loss: 2.1754 -> 0.4165  accuracy: 39.13% -> 86.47%      
client [57] (testset)   loss: 1.8204 -> 0.1846  accuracy: 52.74% -> 95.36%      
client [13] (testset)   loss: 2.5882 -> 0.5748  accuracy: 40.56% -> 82.22%      
client [43] (testset)   loss: 0.4905 -> 0.2338  accuracy: 81.82% -> 90.91%      
client [91] (testset)   loss: 1.5407 -> 0.6213  accuracy: 54.41% -> 88.24%      
client [10] (testset)   loss: 2.4719 -> 0.1277  accuracy: 31.50% -> 96.82%      
client [64] (testset)   loss: 1.1931 -> 0.2446  accuracy: 58.26% -> 94.04%      
client [82] (testset)   loss: 1.2042 -> 0.2394  accuracy: 64.77% -> 96.59%      
client [22] (testset)   loss: 0.8672 -> 0.5709  accuracy: 78.20% -> 86.47%      
---------------------------- TRAINING EPOCH: 200 ----------------------------   
client [20] (testset)   loss: 1.2580 -> 0.6950  accuracy: 65.41% -> 86.66%      
client [23] (testset)   loss: 2.5536 -> 0.0013  accuracy: 39.29% -> 100.00%     
client [88] (testset)   loss: 2.4668 -> 0.3929  accuracy: 38.42% -> 90.53%      
client [98] (testset)   loss: 1.9143 -> 0.7832  accuracy: 43.13% -> 82.94%      
client [79] (testset)   loss: 1.0118 -> 0.2938  accuracy: 70.95% -> 93.58%      
client [21] (testset)   loss: 3.3389 -> 1.2608  accuracy: 13.04% -> 65.22%      
client [92] (testset)   loss: 1.2728 -> 0.1622  accuracy: 61.58% -> 93.60%      
client [56] (testset)   loss: 3.0691 -> 0.2465  accuracy: 30.77% -> 93.85%      
client [5]  (testset)   loss: 1.5644 -> 0.6320  accuracy: 56.19% -> 85.82%      
client [52] (testset)   loss: 2.1024 -> 0.1438  accuracy: 46.08% -> 97.06%      
---------------------------- TRAINING EPOCH: 210 ----------------------------   
client [67] (testset)   loss: 1.0061 -> 0.1909  accuracy: 64.52% -> 94.84%      
client [54] (testset)   loss: 1.8400 -> 0.7354  accuracy: 51.25% -> 83.75%      
client [14] (testset)   loss: 4.1290 -> 0.7172  accuracy: 16.26% -> 79.80%      
client [99] (testset)   loss: 1.7108 -> 0.0145  accuracy: 55.70% -> 100.00%     
client [36] (testset)   loss: 1.9380 -> 0.7663  accuracy: 48.94% -> 85.11%      
client [30] (testset)   loss: 1.6885 -> 1.2609  accuracy: 47.31% -> 73.12%      
client [38] (testset)   loss: 1.4026 -> 0.0691  accuracy: 66.35% -> 97.12%      
client [15] (testset)   loss: 2.3904 -> 0.5311  accuracy: 46.48% -> 87.89%      
client [6]  (testset)   loss: 0.9062 -> 0.6410  accuracy: 76.05% -> 82.89%      
client [53] (testset)   loss: 1.4638 -> 0.6944  accuracy: 60.20% -> 79.59%      
---------------------------- TRAINING EPOCH: 220 ----------------------------   
client [99] (testset)   loss: 2.2269 -> 0.0100  accuracy: 44.30% -> 100.00%     
client [6]  (testset)   loss: 1.7729 -> 0.6594  accuracy: 53.23% -> 83.27%      
client [83] (testset)   loss: 1.8669 -> 0.6314  accuracy: 50.70% -> 83.19%      
client [42] (testset)   loss: 1.6984 -> 0.3012  accuracy: 57.61% -> 92.18%      
client [34] (testset)   loss: 2.9718 -> 1.0024  accuracy: 35.48% -> 72.90%      
client [15] (testset)   loss: 1.6525 -> 0.5313  accuracy: 56.25% -> 87.11%      
client [47] (testset)   loss: 2.5002 -> 1.8364  accuracy: 56.25% -> 56.25%      
client [55] (testset)   loss: 1.4869 -> 0.4559  accuracy: 62.41% -> 87.66%      
client [51] (testset)   loss: 1.2942 -> 0.2034  accuracy: 62.50% -> 87.50%      
client [95] (testset)   loss: 1.3773 -> 1.0584  accuracy: 63.22% -> 71.26%      
---------------------------- TRAINING EPOCH: 230 ----------------------------   
client [71] (testset)   loss: 1.7614 -> 0.6437  accuracy: 54.30% -> 87.10%      
client [15] (testset)   loss: 1.0194 -> 0.5649  accuracy: 76.17% -> 87.89%      
client [33] (testset)   loss: 1.2781 -> 0.2670  accuracy: 64.58% -> 93.75%      
client [99] (testset)   loss: 1.8234 -> 0.0082  accuracy: 49.37% -> 100.00%     
client [90] (testset)   loss: 3.0328 -> 0.0917  accuracy: 33.33% -> 93.33%      
client [57] (testset)   loss: 1.3797 -> 0.1724  accuracy: 65.40% -> 96.20%      
client [27] (testset)   loss: 2.5276 -> 0.8359  accuracy: 47.62% -> 66.67%      
client [78] (testset)   loss: 1.8024 -> 0.6365  accuracy: 53.95% -> 85.96%      
client [36] (testset)   loss: 1.6083 -> 0.7069  accuracy: 59.57% -> 82.98%      
client [88] (testset)   loss: 2.3261 -> 0.4045  accuracy: 38.68% -> 90.79%      
---------------------------- TRAINING EPOCH: 240 ----------------------------   
client [70] (testset)   loss: 1.5190 -> 0.2490  accuracy: 53.65% -> 92.71%      
client [35] (testset)   loss: 1.7194 -> 1.0536  accuracy: 50.00% -> 66.67%      
client [16] (testset)   loss: 2.5015 -> 0.7777  accuracy: 40.36% -> 78.31%      
client [80] (testset)   loss: 1.6006 -> 0.3106  accuracy: 50.98% -> 94.77%      
client [38] (testset)   loss: 1.2310 -> 0.0562  accuracy: 66.35% -> 98.08%      
client [78] (testset)   loss: 1.1682 -> 0.6532  accuracy: 71.93% -> 85.96%      
client [68] (testset)   loss: 2.4147 -> 0.2418  accuracy: 45.76% -> 94.92%      
client [11] (testset)   loss: 3.3287 -> 0.0625  accuracy: 22.73% -> 95.45%      
client [64] (testset)   loss: 1.4319 -> 0.2155  accuracy: 56.88% -> 94.95%      
client [82] (testset)   loss: 1.8062 -> 0.2527  accuracy: 48.86% -> 96.59%      
---------------------------- TRAINING EPOCH: 250 ----------------------------   
client [30] (testset)   loss: 2.2066 -> 1.3462  accuracy: 44.09% -> 73.12%      
client [27] (testset)   loss: 2.5271 -> 0.6907  accuracy: 38.10% -> 76.19%      
client [74] (testset)   loss: 0.9625 -> 0.4686  accuracy: 68.42% -> 92.11%      
client [45] (testset)   loss: 3.8520 -> 1.3404  accuracy: 27.27% -> 81.82%      
client [6]  (testset)   loss: 2.8723 -> 0.6785  accuracy: 39.54% -> 84.03%      
client [36] (testset)   loss: 1.7678 -> 0.9137  accuracy: 40.43% -> 76.60%      
client [63] (testset)   loss: 1.8542 -> 0.6234  accuracy: 56.78% -> 84.75%      
client [76] (testset)   loss: 1.8665 -> 0.3262  accuracy: 50.99% -> 90.07%      
client [83] (testset)   loss: 2.1604 -> 0.5887  accuracy: 45.10% -> 84.31%      
client [86] (testset)   loss: 1.2719 -> 0.4048  accuracy: 67.11% -> 86.84%      
---------------------------- TRAINING EPOCH: 260 ----------------------------   
client [83] (testset)   loss: 1.2830 -> 0.6229  accuracy: 62.46% -> 84.31%      
client [99] (testset)   loss: 2.6231 -> 0.0062  accuracy: 37.97% -> 100.00%     
client [74] (testset)   loss: 2.3441 -> 0.4265  accuracy: 44.74% -> 86.84%      
client [73] (testset)   loss: 1.5916 -> 0.9019  accuracy: 63.64% -> 72.73%      
client [29] (testset)   loss: 1.8581 -> 0.1816  accuracy: 45.61% -> 93.57%      
client [92] (testset)   loss: 1.4847 -> 0.1494  accuracy: 53.20% -> 94.09%      
client [6]  (testset)   loss: 3.0372 -> 0.7047  accuracy: 30.42% -> 82.13%      
client [61] (testset)   loss: 1.6417 -> 0.7221  accuracy: 56.64% -> 80.53%      
client [21] (testset)   loss: 4.5489 -> 0.8867  accuracy: 13.04% -> 69.57%      
client [67] (testset)   loss: 0.6851 -> 0.1994  accuracy: 74.84% -> 94.19%      
---------------------------- TRAINING EPOCH: 270 ----------------------------   
client [83] (testset)   loss: 1.8496 -> 0.6106  accuracy: 51.26% -> 84.03%      
client [32] (testset)   loss: 1.8297 -> 1.3311  accuracy: 52.90% -> 64.49%      
client [95] (testset)   loss: 1.5987 -> 1.0760  accuracy: 58.62% -> 72.41%      
client [61] (testset)   loss: 1.5813 -> 0.7759  accuracy: 59.29% -> 83.19%      
client [27] (testset)   loss: 2.1414 -> 0.8768  accuracy: 52.38% -> 71.43%      
client [25] (testset)   loss: 2.3757 -> 0.7563  accuracy: 38.16% -> 81.27%      
client [68] (testset)   loss: 1.0309 -> 0.2492  accuracy: 74.01% -> 96.05%      
client [34] (testset)   loss: 2.6150 -> 1.0538  accuracy: 40.65% -> 73.55%      
client [71] (testset)   loss: 1.1913 -> 0.6515  accuracy: 62.37% -> 87.63%      
client [89] (testset)   loss: 2.6641 -> 0.3956  accuracy: 33.33% -> 96.08%      
---------------------------- TRAINING EPOCH: 280 ----------------------------   
client [78] (testset)   loss: 1.9465 -> 0.6755  accuracy: 48.68% -> 85.09%      
client [81] (testset)   loss: 1.7973 -> 0.0073  accuracy: 53.57% -> 100.00%     
client [51] (testset)   loss: 0.4073 -> 0.0798  accuracy: 87.50% -> 100.00%     
client [54] (testset)   loss: 2.4749 -> 0.8736  accuracy: 40.00% -> 83.75%      
client [65] (testset)   loss: 2.3305 -> 0.5326  accuracy: 35.71% -> 85.71%      
client [41] (testset)   loss: 1.1428 -> 0.8952  accuracy: 61.90% -> 74.60%      
client [11] (testset)   loss: 3.0208 -> 0.1422  accuracy: 36.36% -> 95.45%      
client [85] (testset)   loss: 1.7337 -> 0.2545  accuracy: 49.76% -> 93.66%      
client [12] (testset)   loss: 1.3902 -> 0.5724  accuracy: 62.02% -> 87.11%      
client [23] (testset)   loss: 1.2223 -> 0.0830  accuracy: 75.00% -> 92.86%      
---------------------------- TRAINING EPOCH: 290 ----------------------------   
client [16] (testset)   loss: 2.7802 -> 0.7383  accuracy: 38.55% -> 80.12%      
client [65] (testset)   loss: 2.2143 -> 0.6895  accuracy: 50.00% -> 85.71%      
client [53] (testset)   loss: 1.8860 -> 0.7254  accuracy: 53.06% -> 80.10%      
client [58] (testset)   loss: 0.6213 -> 0.3105  accuracy: 81.75% -> 94.44%      
client [72] (testset)   loss: 1.2637 -> 0.0350  accuracy: 63.64% -> 100.00%     
client [7]  (testset)   loss: 1.0707 -> 0.5063  accuracy: 73.43% -> 85.51%      
client [71] (testset)   loss: 3.0041 -> 0.6251  accuracy: 35.48% -> 87.10%      
client [59] (testset)   loss: 1.0951 -> 0.0000  accuracy: 66.67% -> 100.00%     
client [86] (testset)   loss: 2.2169 -> 0.4718  accuracy: 50.00% -> 85.53%      
client [39] (testset)   loss: 2.1393 -> 0.7528  accuracy: 54.11% -> 84.25%      
---------------------------- TRAINING EPOCH: 300 ----------------------------   
client [99] (testset)   loss: 2.2133 -> 0.0036  accuracy: 43.04% -> 100.00%     
client [7]  (testset)   loss: 3.3369 -> 0.4728  accuracy: 28.50% -> 85.02%      
client [17] (testset)   loss: 2.7223 -> 0.9046  accuracy: 39.29% -> 79.17%      
client [64] (testset)   loss: 2.1886 -> 0.2426  accuracy: 42.66% -> 95.41%      
client [37] (testset)   loss: 1.8771 -> 0.0756  accuracy: 33.33% -> 100.00%     
client [29] (testset)   loss: 1.7662 -> 0.1963  accuracy: 57.31% -> 93.57%      
client [93] (testset)   loss: 2.0952 -> 1.2848  accuracy: 57.89% -> 84.21%      
client [73] (testset)   loss: 1.9035 -> 0.8710  accuracy: 60.61% -> 81.82%      
client [40] (testset)   loss: 1.1244 -> 0.1397  accuracy: 66.67% -> 88.89%      
client [76] (testset)   loss: 1.4541 -> 0.3080  accuracy: 68.21% -> 90.73%      
---------------------------- TRAINING EPOCH: 310 ----------------------------   
client [31] (testset)   loss: 1.4610 -> 0.1563  accuracy: 66.36% -> 96.31%      
client [89] (testset)   loss: 1.6057 -> 0.4811  accuracy: 58.82% -> 94.12%      
client [77] (testset)   loss: 2.1068 -> 0.4330  accuracy: 49.12% -> 90.81%      
client [90] (testset)   loss: 1.8094 -> 0.8002  accuracy: 46.67% -> 86.67%      
client [26] (testset)   loss: 0.6694 -> 1.1574  accuracy: 76.92% -> 92.31%      
client [50] (testset)   loss: 3.2478 -> 1.5270  accuracy: 28.57% -> 71.43%      
client [30] (testset)   loss: 1.6819 -> 1.3389  accuracy: 53.76% -> 74.19%      
client [70] (testset)   loss: 2.7206 -> 0.2181  accuracy: 33.85% -> 94.27%      
client [41] (testset)   loss: 1.1742 -> 0.9015  accuracy: 66.67% -> 73.02%      
client [99] (testset)   loss: 3.6334 -> 0.0126  accuracy: 25.32% -> 100.00%     
---------------------------- TRAINING EPOCH: 320 ----------------------------   
client [68] (testset)   loss: 2.1367 -> 0.2381  accuracy: 48.59% -> 95.48%      
client [70] (testset)   loss: 2.0727 -> 0.2139  accuracy: 48.96% -> 94.79%      
client [52] (testset)   loss: 2.0616 -> 0.3101  accuracy: 44.12% -> 97.06%      
client [1]  (testset)   loss: 3.6020 -> 0.3047  accuracy: 25.49% -> 94.12%      
client [2]  (testset)   loss: 1.4766 -> 0.6883  accuracy: 67.88% -> 87.59%      
client [67] (testset)   loss: 1.1181 -> 0.1782  accuracy: 67.10% -> 95.48%      
client [92] (testset)   loss: 2.0652 -> 0.1749  accuracy: 46.31% -> 94.58%      
client [35] (testset)   loss: 1.9298 -> 1.5136  accuracy: 66.67% -> 66.67%      
client [36] (testset)   loss: 2.8896 -> 0.6438  accuracy: 29.79% -> 80.85%      
client [64] (testset)   loss: 2.9366 -> 0.2449  accuracy: 25.69% -> 94.95%      
---------------------------- TRAINING EPOCH: 330 ----------------------------   
client [44] (testset)   loss: 0.5978 -> 0.2577  accuracy: 79.59% -> 92.86%      
client [6]  (testset)   loss: 1.1497 -> 0.6864  accuracy: 68.44% -> 84.03%      
client [12] (testset)   loss: 1.1952 -> 0.5780  accuracy: 68.29% -> 87.46%      
client [55] (testset)   loss: 1.1396 -> 0.4587  accuracy: 70.18% -> 87.93%      
client [29] (testset)   loss: 2.1678 -> 0.1683  accuracy: 46.20% -> 95.32%      
client [9]  (testset)   loss: 1.2218 -> 0.4666  accuracy: 66.67% -> 88.03%      
client [43] (testset)   loss: 0.5611 -> 0.1817  accuracy: 81.82% -> 90.91%      
client [77] (testset)   loss: 1.3903 -> 0.4663  accuracy: 65.37% -> 90.11%      
client [98] (testset)   loss: 3.5683 -> 0.8408  accuracy: 26.54% -> 82.94%      
client [78] (testset)   loss: 1.1232 -> 0.6887  accuracy: 66.67% -> 84.65%      
---------------------------- TRAINING EPOCH: 340 ----------------------------   
client [92] (testset)   loss: 1.5292 -> 0.2035  accuracy: 60.59% -> 94.09%      
client [80] (testset)   loss: 3.1670 -> 0.3824  accuracy: 27.45% -> 94.77%      
client [63] (testset)   loss: 1.1831 -> 0.5834  accuracy: 72.88% -> 85.59%      
client [76] (testset)   loss: 1.2341 -> 0.2650  accuracy: 69.54% -> 89.40%      
client [78] (testset)   loss: 1.0536 -> 0.6983  accuracy: 73.25% -> 85.96%      
client [25] (testset)   loss: 3.1988 -> 0.7751  accuracy: 29.68% -> 81.63%      
client [58] (testset)   loss: 3.0187 -> 0.2911  accuracy: 32.54% -> 95.24%      
client [13] (testset)   loss: 1.3290 -> 0.6463  accuracy: 70.00% -> 82.22%      
client [17] (testset)   loss: 1.5651 -> 0.8471  accuracy: 61.31% -> 80.36%      
client [38] (testset)   loss: 0.5369 -> 0.0355  accuracy: 83.65% -> 99.04%      
---------------------------- TRAINING EPOCH: 350 ----------------------------   
client [72] (testset)   loss: 1.6332 -> 0.1172  accuracy: 54.55% -> 96.97%      
client [82] (testset)   loss: 1.1289 -> 0.2177  accuracy: 71.59% -> 96.59%      
client [86] (testset)   loss: 1.3138 -> 0.4664  accuracy: 67.11% -> 88.16%      
client [51] (testset)   loss: 0.4888 -> 0.0394  accuracy: 75.00% -> 100.00%     
client [96] (testset)   loss: 1.7338 -> 1.3709  accuracy: 63.64% -> 75.00%      
client [42] (testset)   loss: 0.9910 -> 0.2941  accuracy: 71.19% -> 93.00%      
client [55] (testset)   loss: 1.4012 -> 0.4429  accuracy: 65.19% -> 88.21%      
client [13] (testset)   loss: 1.5344 -> 0.6336  accuracy: 62.78% -> 82.22%      
client [1]  (testset)   loss: 2.3694 -> 0.3034  accuracy: 47.06% -> 96.08%      
client [12] (testset)   loss: 1.2570 -> 0.6101  accuracy: 66.90% -> 86.76%      
---------------------------- TRAINING EPOCH: 360 ----------------------------   
client [68] (testset)   loss: 1.2321 -> 0.2423  accuracy: 72.32% -> 95.48%      
client [23] (testset)   loss: 1.2719 -> 0.1264  accuracy: 71.43% -> 96.43%      
client [46] (testset)   loss: 1.1786 -> 0.6564  accuracy: 72.87% -> 86.05%      
client [41] (testset)   loss: 0.7951 -> 0.8272  accuracy: 74.60% -> 77.78%      
client [25] (testset)   loss: 4.2328 -> 0.7985  accuracy: 18.73% -> 82.33%      
client [58] (testset)   loss: 2.7047 -> 0.2971  accuracy: 38.49% -> 94.05%      
client [14] (testset)   loss: 5.1019 -> 0.6749  accuracy: 12.32% -> 81.28%      
client [33] (testset)   loss: 2.6916 -> 0.2981  accuracy: 47.92% -> 91.67%      
client [85] (testset)   loss: 2.0470 -> 0.2923  accuracy: 50.24% -> 94.63%      
client [62] (testset)   loss: 3.8138 -> 0.1549  accuracy: 11.76% -> 94.12%      
---------------------------- TRAINING EPOCH: 370 ----------------------------   
client [98] (testset)   loss: 2.1485 -> 0.8108  accuracy: 44.08% -> 85.31%      
client [63] (testset)   loss: 1.3205 -> 0.5507  accuracy: 64.41% -> 83.90%      
client [70] (testset)   loss: 0.8775 -> 0.1716  accuracy: 73.96% -> 94.79%      
client [65] (testset)   loss: 1.5802 -> 0.6392  accuracy: 67.86% -> 85.71%      
client [14] (testset)   loss: 2.0610 -> 0.7272  accuracy: 49.26% -> 78.82%      
client [73] (testset)   loss: 1.2165 -> 0.7778  accuracy: 57.58% -> 84.85%      
client [34] (testset)   loss: 2.0275 -> 1.0437  accuracy: 47.74% -> 76.13%      
client [99] (testset)   loss: 1.4589 -> 0.0207  accuracy: 59.49% -> 98.73%      
client [69] (testset)   loss: 2.4200 -> 1.2090  accuracy: 43.03% -> 66.97%      
client [46] (testset)   loss: 1.9606 -> 0.6993  accuracy: 44.19% -> 86.05%      
---------------------------- TRAINING EPOCH: 380 ----------------------------   
client [99] (testset)   loss: 3.9859 -> 0.0164  accuracy: 17.72% -> 98.73%      
client [93] (testset)   loss: 1.1846 -> 1.1040  accuracy: 73.68% -> 78.95%      
client [11] (testset)   loss: 1.6894 -> 0.0680  accuracy: 59.09% -> 95.45%      
client [58] (testset)   loss: 0.4653 -> 0.3061  accuracy: 86.90% -> 94.84%      
client [81] (testset)   loss: 0.2314 -> 0.0110  accuracy: 91.07% -> 100.00%     
client [85] (testset)   loss: 0.6473 -> 0.2701  accuracy: 84.39% -> 95.12%      
client [89] (testset)   loss: 1.0111 -> 0.4280  accuracy: 78.43% -> 96.08%      
client [45] (testset)   loss: 2.9925 -> 2.8327  accuracy: 45.45% -> 54.55%      
client [8]  (testset)   loss: 1.2905 -> 0.5765  accuracy: 67.74% -> 83.87%      
client [68] (testset)   loss: 2.3719 -> 0.2082  accuracy: 51.41% -> 96.05%      
---------------------------- TRAINING EPOCH: 390 ----------------------------   
client [67] (testset)   loss: 1.6794 -> 0.2020  accuracy: 60.00% -> 94.19%      
client [72] (testset)   loss: 0.9368 -> 0.0252  accuracy: 72.73% -> 100.00%     
client [1]  (testset)   loss: 2.4584 -> 0.3286  accuracy: 49.02% -> 94.12%      
client [78] (testset)   loss: 2.2385 -> 0.7248  accuracy: 51.32% -> 85.09%      
client [83] (testset)   loss: 1.9856 -> 0.6378  accuracy: 45.94% -> 83.47%      
client [21] (testset)   loss: 3.8209 -> 0.9894  accuracy: 13.04% -> 73.91%      
client [56] (testset)   loss: 0.9627 -> 0.2478  accuracy: 73.85% -> 95.38%      
client [44] (testset)   loss: 1.1798 -> 0.1949  accuracy: 65.31% -> 93.88%      
client [92] (testset)   loss: 0.4484 -> 0.2168  accuracy: 87.68% -> 94.09%      
client [27] (testset)   loss: 2.0639 -> 0.7638  accuracy: 57.14% -> 71.43%      
---------------------------- TRAINING EPOCH: 400 ----------------------------   
client [10] (testset)   loss: 0.4153 -> 0.1378  accuracy: 88.15% -> 97.40%      
client [39] (testset)   loss: 2.0296 -> 0.7253  accuracy: 57.53% -> 84.93%      
client [65] (testset)   loss: 2.9383 -> 0.5583  accuracy: 35.71% -> 89.29%      
client [26] (testset)   loss: 2.2701 -> 1.3179  accuracy: 38.46% -> 92.31%      
client [19] (testset)   loss: 1.0776 -> 0.5214  accuracy: 69.91% -> 92.92%      
client [68] (testset)   loss: 1.7623 -> 0.2575  accuracy: 57.63% -> 95.48%      
client [41] (testset)   loss: 1.0773 -> 0.7826  accuracy: 68.25% -> 74.60%      
client [50] (testset)   loss: 3.4005 -> 1.5669  accuracy: 42.86% -> 71.43%      
client [75] (testset)   loss: 2.1074 -> 0.4291  accuracy: 52.01% -> 91.33%      
client [81] (testset)   loss: 1.3131 -> 0.0155  accuracy: 60.71% -> 99.11%      
Training... ━━━━━━━━━━━━━━━━━━━━━━━━━━━━━━━━━━━━━━━━ 100% 0:07:13
pFedFDA's average time taken by each global epoch: 0 min 0.98 sec.              
pFedFDA's total running time: 0 h 7 m 13 s.                                     
==================== pFedFDA Experiment Results: ====================           
Display format: (before local fine-tuning) -> (after local fine-tuning)         
 So if finetune_epoch = 0, x.xx% -> 0.00% is normal.                            
 Centralized testing ONLY happens after model aggregation, so the stats between 
'->' are the same.                                                              
{                                                                               
    "100": {                                                                    
        "all_clients": {                                                        
            "test": {                                                           
                "loss": "0.8881 -> 0.0000",                                     
                "accuracy": "85.46% -> 0.00%"                                   
            }                                                                   
        }                                                                       
    },                                                                          
    "200": {                                                                    
        "all_clients": {                                                        
            "test": {                                                           
                "loss": "1.2300 -> 0.0000",                                     
                "accuracy": "85.92% -> 0.00%"                                   
            }                                                                   
        }                                                                       
    },                                                                          
    "300": {                                                                    
        "all_clients": {                                                        
            "test": {                                                           
                "loss": "1.2691 -> 0.0000",                                     
                "accuracy": "86.38% -> 0.00%"                                   
            }                                                                   
        }                                                                       
    },                                                                          
    "400": {                                                                    
        "all_clients": {                                                        
            "test": {                                                           
                "loss": "1.3576 -> 0.0000",                                     
                "accuracy": "86.40% -> 0.00%"                                   
            }                                                                   
        }                                                                       
    }                                                                           
}                                                                               
==================== pFedFDA Max Accuracy ====================                  
all_clients:                                                                    
(test) before fine-tuning: 86.40% at epoch 400                                  
(test) after fine-tuning: 0.00% at epoch 100                                    
