Files already downloaded and verified
Files already downloaded and verified
==================== FedDpa ====================                                
Experiment Arguments:                                                           
{
│   'method': 'feddpa',
│   'dataset': {
│   │   'name': 'cifar10',
│   │   'client_num': 100,
│   │   'test_ratio': 0.25,
│   │   'val_ratio': 0.0,
│   │   'seed': 42,
│   │   'split': 'sample',
│   │   'IID_ratio': 0.0,
│   │   'monitor_window_name_suffix': 'cifar10-100clients-0%IID-Dir(0.1)-seed42',
│   │   'alpha': 0.1,
│   │   'min_samples_per_client': 10
│   },
│   'model': {
│   │   'name': 'avgcnn',
│   │   'use_torchvision_pretrained_weights': True,
│   │   'external_model_weights_path': None
│   },
│   'optimizer': {
│   │   'lr': 0.01,
│   │   'dampening': 0,
│   │   'weight_decay': 0,
│   │   'momentum': 0,
│   │   'nesterov': False,
│   │   'name': 'sgd'
│   },
│   'mode': 'sequential',
│   'parallel': {
│   │   'ray_cluster_addr': None,
│   │   'num_cpus': None,
│   │   'num_gpus': None,
│   │   'num_workers': 2
│   },
│   'common': {
│   │   'seed': 42,
│   │   'join_ratio': 0.1,
│   │   'global_epoch': 400,
│   │   'local_epoch': 5,
│   │   'batch_size': 32,
│   │   'reset_optimizer_on_global_epoch': True,
│   │   'straggler_ratio': 0,
│   │   'straggler_min_local_epoch': 0,
│   │   'buffers': 'global',
│   │   'client_side_evaluation': True,
│   │   'test': {
│   │   │   'client': {
│   │   │   │   'interval': 100,
│   │   │   │   'finetune_epoch': 0,
│   │   │   │   'train': False,
│   │   │   │   'val': False,
│   │   │   │   'test': True
│   │   │   },
│   │   │   'server': {
│   │   │   │   'interval': -1,
│   │   │   │   'train': False,
│   │   │   │   'val': False,
│   │   │   │   'test': False,
│   │   │   │   'model_in_train_mode': False
│   │   │   }
│   │   },
│   │   'verbose_gap': 10,
│   │   'monitor': None,
│   │   'use_cuda': True,
│   │   'save_log': True,
│   │   'save_model': False,
│   │   'save_learning_curve_plot': False,
│   │   'save_metrics': True,
│   │   'delete_useless_run': True
│   },
│   'feddpa': {
│   │   'fisher_threshold': 0.9993
│   }
}
---------------------------- TRAINING EPOCH: 10 ----------------------------    
client [77] (testset)   loss: 3.6601 -> 0.3677  accuracy: 7.07% -> 87.99%       
client [81] (testset)   loss: 0.2711 -> 0.0246  accuracy: 90.18% -> 99.11%      
client [21] (testset)   loss: 3.1093 -> 0.8022  accuracy: 17.39% -> 65.22%      
client [68] (testset)   loss: 3.1176 -> 0.1984  accuracy: 16.38% -> 93.79%      
client [93] (testset)   loss: 1.2295 -> 0.7023  accuracy: 47.37% -> 78.95%      
client [31] (testset)   loss: 1.8419 -> 0.1363  accuracy: 42.40% -> 96.31%      
client [20] (testset)   loss: 1.7031 -> 0.4936  accuracy: 39.51% -> 83.42%      
client [59] (testset)   loss: 0.1438 -> 0.0135  accuracy: 100.00% -> 100.00%    
client [48] (testset)   loss: 1.8675 -> 0.8391  accuracy: 53.85% -> 76.92%      
client [34] (testset)   loss: 1.0965 -> 0.7666  accuracy: 62.58% -> 74.84%      
---------------------------- TRAINING EPOCH: 20 ----------------------------    
client [69] (testset)   loss: 2.8043 -> 0.8234  accuracy: 43.94% -> 65.76%      
client [99] (testset)   loss: 0.5629 -> 0.0200  accuracy: 81.01% -> 100.00%     
client [67] (testset)   loss: 1.2418 -> 0.2066  accuracy: 70.32% -> 92.26%      
client [0]  (testset)   loss: 0.3094 -> 0.1198  accuracy: 92.81% -> 97.01%      
client [76] (testset)   loss: 0.8541 -> 0.3140  accuracy: 74.17% -> 87.42%      
client [41] (testset)   loss: 1.6552 -> 0.6501  accuracy: 53.97% -> 76.19%      
client [62] (testset)   loss: 2.4467 -> 0.2756  accuracy: 35.29% -> 94.12%      
client [2]  (testset)   loss: 2.2885 -> 0.4512  accuracy: 38.69% -> 84.67%      
client [14] (testset)   loss: 2.6643 -> 0.5366  accuracy: 31.03% -> 80.79%      
client [46] (testset)   loss: 1.1583 -> 0.6086  accuracy: 64.34% -> 80.62%      
---------------------------- TRAINING EPOCH: 30 ----------------------------    
client [24] (testset)   loss: 0.1861 -> 0.2041  accuracy: 88.89% -> 88.89%      
client [68] (testset)   loss: 0.3403 -> 0.1150  accuracy: 86.44% -> 96.61%      
client [57] (testset)   loss: 0.5425 -> 0.1606  accuracy: 84.39% -> 96.20%      
client [17] (testset)   loss: 1.1323 -> 0.8072  accuracy: 65.48% -> 79.17%      
client [54] (testset)   loss: 0.7672 -> 0.6459  accuracy: 85.00% -> 83.75%      
client [23] (testset)   loss: 2.6988 -> 0.0599  accuracy: 32.14% -> 96.43%      
client [35] (testset)   loss: 1.5470 -> 0.8393  accuracy: 50.00% -> 66.67%      
client [59] (testset)   loss: 0.5716 -> 0.0817  accuracy: 66.67% -> 100.00%     
client [31] (testset)   loss: 0.3036 -> 0.1784  accuracy: 93.55% -> 95.39%      
client [9]  (testset)   loss: 0.5618 -> 0.4546  accuracy: 79.91% -> 88.46%      
---------------------------- TRAINING EPOCH: 40 ----------------------------    
client [64] (testset)   loss: 0.2938 -> 0.1798  accuracy: 92.66% -> 95.41%      
client [33] (testset)   loss: 0.7413 -> 0.2212  accuracy: 77.08% -> 93.75%      
client [16] (testset)   loss: 1.3337 -> 0.7847  accuracy: 66.27% -> 78.92%      
client [44] (testset)   loss: 0.9699 -> 0.3014  accuracy: 76.53% -> 91.84%      
client [8]  (testset)   loss: 0.9048 -> 0.3557  accuracy: 77.42% -> 87.10%      
client [31] (testset)   loss: 0.2761 -> 0.1437  accuracy: 91.71% -> 96.77%      
client [47] (testset)   loss: 1.6711 -> 1.2725  accuracy: 62.50% -> 68.75%      
client [36] (testset)   loss: 0.8849 -> 0.5876  accuracy: 74.47% -> 85.11%      
client [20] (testset)   loss: 0.7596 -> 0.6330  accuracy: 83.68% -> 87.56%      
client [56] (testset)   loss: 0.8076 -> 0.1695  accuracy: 81.54% -> 93.85%      
---------------------------- TRAINING EPOCH: 50 ----------------------------    
client [4]  (testset)   loss: 0.2888 -> 0.0877  accuracy: 90.14% -> 95.77%      
client [60] (testset)   loss: 1.2951 -> 0.3483  accuracy: 64.04% -> 92.13%      
client [28] (testset)   loss: 0.7703 -> 0.4171  accuracy: 84.00% -> 92.00%      
client [25] (testset)   loss: 1.8125 -> 0.6654  accuracy: 54.06% -> 81.27%      
client [58] (testset)   loss: 0.5362 -> 0.2608  accuracy: 87.70% -> 94.44%      
client [44] (testset)   loss: 0.2464 -> 0.1531  accuracy: 90.82% -> 93.88%      
client [39] (testset)   loss: 1.1664 -> 0.6750  accuracy: 66.44% -> 83.56%      
client [29] (testset)   loss: 0.3805 -> 0.1162  accuracy: 92.40% -> 96.49%      
client [3]  (testset)   loss: 0.8250 -> 0.7144  accuracy: 77.01% -> 85.03%      
client [84] (testset)   loss: 0.7545 -> 0.4282  accuracy: 76.56% -> 85.94%      
---------------------------- TRAINING EPOCH: 60 ----------------------------    
client [21] (testset)   loss: 0.7842 -> 1.2952  accuracy: 65.22% -> 65.22%      
client [84] (testset)   loss: 0.6338 -> 0.3524  accuracy: 76.56% -> 89.06%      
client [10] (testset)   loss: 0.5010 -> 0.1220  accuracy: 91.33% -> 96.53%      
client [36] (testset)   loss: 1.0143 -> 0.7689  accuracy: 76.60% -> 80.85%      
client [65] (testset)   loss: 1.1782 -> 0.7171  accuracy: 85.71% -> 85.71%      
client [81] (testset)   loss: 0.0475 -> 0.0028  accuracy: 99.11% -> 100.00%     
client [79] (testset)   loss: 0.3537 -> 0.3280  accuracy: 92.74% -> 93.02%      
client [42] (testset)   loss: 0.3863 -> 0.2924  accuracy: 90.95% -> 93.42%      
client [11] (testset)   loss: 0.8171 -> 0.4604  accuracy: 90.91% -> 81.82%      
client [96] (testset)   loss: 2.5899 -> 1.5860  accuracy: 61.36% -> 75.00%      
---------------------------- TRAINING EPOCH: 70 ----------------------------    
client [8]  (testset)   loss: 0.8568 -> 0.4234  accuracy: 77.42% -> 83.87%      
client [53] (testset)   loss: 0.8853 -> 0.7017  accuracy: 76.02% -> 82.65%      
client [52] (testset)   loss: 0.1863 -> 0.1907  accuracy: 96.08% -> 96.08%      
client [42] (testset)   loss: 0.3688 -> 0.2918  accuracy: 90.53% -> 93.00%      
client [69] (testset)   loss: 1.4649 -> 1.2671  accuracy: 65.76% -> 67.88%      
client [59] (testset)   loss: 0.0331 -> 0.0058  accuracy: 100.00% -> 100.00%    
client [7]  (testset)   loss: 1.0889 -> 0.5508  accuracy: 71.98% -> 85.99%      
client [26] (testset)   loss: 0.8091 -> 0.8445  accuracy: 76.92% -> 92.31%      
client [49] (testset)   loss: 2.7229 -> 0.6577  accuracy: 44.44% -> 84.44%      
client [98] (testset)   loss: 1.4430 -> 0.9028  accuracy: 68.72% -> 83.89%      
---------------------------- TRAINING EPOCH: 80 ----------------------------    
client [98] (testset)   loss: 1.2971 -> 1.0529  accuracy: 74.41% -> 81.52%      
client [47] (testset)   loss: 3.3972 -> 2.9917  accuracy: 62.50% -> 62.50%      
client [21] (testset)   loss: 1.5584 -> 1.3772  accuracy: 69.57% -> 73.91%      
client [77] (testset)   loss: 0.9185 -> 0.4688  accuracy: 87.63% -> 90.46%      
client [95] (testset)   loss: 1.9081 -> 1.4575  accuracy: 67.82% -> 71.26%      
client [91] (testset)   loss: 0.9288 -> 0.9178  accuracy: 83.82% -> 89.71%      
client [14] (testset)   loss: 0.9722 -> 0.7301  accuracy: 79.31% -> 82.27%      
client [99] (testset)   loss: 0.0418 -> 0.0040  accuracy: 98.73% -> 100.00%     
client [20] (testset)   loss: 0.7620 -> 0.7304  accuracy: 86.14% -> 87.31%      
client [39] (testset)   loss: 0.9989 -> 0.6809  accuracy: 73.29% -> 86.30%      
---------------------------- TRAINING EPOCH: 90 ----------------------------    
client [52] (testset)   loss: 0.3931 -> 0.1368  accuracy: 90.20% -> 97.06%      
client [62] (testset)   loss: 0.1395 -> 0.1221  accuracy: 94.12% -> 94.12%      
client [71] (testset)   loss: 1.0159 -> 0.7345  accuracy: 86.02% -> 86.56%      
client [97] (testset)   loss: 1.4147 -> 1.0674  accuracy: 82.93% -> 85.37%      
client [30] (testset)   loss: 1.4878 -> 1.4209  accuracy: 69.89% -> 74.19%      
client [88] (testset)   loss: 0.4454 -> 0.3967  accuracy: 89.47% -> 92.89%      
client [60] (testset)   loss: 0.5261 -> 0.3998  accuracy: 87.64% -> 91.76%      
client [82] (testset)   loss: 0.2024 -> 0.2413  accuracy: 97.73% -> 96.59%      
client [91] (testset)   loss: 0.7222 -> 0.6826  accuracy: 88.24% -> 89.71%      
client [57] (testset)   loss: 0.5357 -> 0.2048  accuracy: 89.45% -> 96.62%      
---------------------------- TRAINING EPOCH: 100 ----------------------------   
client [31] (testset)   loss: 0.1709 -> 0.1647  accuracy: 97.70% -> 97.70%      
client [15] (testset)   loss: 1.3550 -> 0.7154  accuracy: 78.12% -> 87.11%      
client [71] (testset)   loss: 1.4542 -> 0.7667  accuracy: 77.96% -> 86.56%      
client [97] (testset)   loss: 1.4305 -> 0.9248  accuracy: 80.49% -> 85.37%      
client [53] (testset)   loss: 1.1766 -> 0.7618  accuracy: 75.51% -> 83.67%      
client [77] (testset)   loss: 0.5105 -> 0.4710  accuracy: 89.40% -> 90.11%      
client [76] (testset)   loss: 0.7929 -> 0.4003  accuracy: 76.16% -> 90.73%      
client [79] (testset)   loss: 0.6465 -> 0.3903  accuracy: 87.43% -> 94.13%      
client [28] (testset)   loss: 0.4978 -> 0.2327  accuracy: 80.00% -> 88.00%      
client [99] (testset)   loss: 0.0023 -> 0.0122  accuracy: 100.00% -> 98.73%     
---------------------------- TRAINING EPOCH: 110 ----------------------------   
client [97] (testset)   loss: 1.3706 -> 1.1812  accuracy: 84.15% -> 85.37%      
client [86] (testset)   loss: 0.6030 -> 0.5971  accuracy: 88.16% -> 86.84%      
client [34] (testset)   loss: 2.8029 -> 1.3799  accuracy: 65.81% -> 74.19%      
client [73] (testset)   loss: 1.3949 -> 0.9260  accuracy: 69.70% -> 72.73%      
client [5]  (testset)   loss: 1.6875 -> 0.6721  accuracy: 77.84% -> 86.34%      
client [96] (testset)   loss: 1.6908 -> 1.6722  accuracy: 70.45% -> 70.45%      
client [22] (testset)   loss: 0.8606 -> 0.7773  accuracy: 88.72% -> 89.47%      
client [60] (testset)   loss: 0.3707 -> 0.3305  accuracy: 91.39% -> 91.76%      
client [66] (testset)   loss: 1.0179 -> 0.8835  accuracy: 88.24% -> 86.76%      
client [83] (testset)   loss: 0.8949 -> 0.6984  accuracy: 83.75% -> 86.27%      
---------------------------- TRAINING EPOCH: 120 ----------------------------   
client [76] (testset)   loss: 0.6495 -> 0.4899  accuracy: 87.42% -> 89.40%      
client [65] (testset)   loss: 1.0731 -> 0.9308  accuracy: 85.71% -> 82.14%      
client [95] (testset)   loss: 1.5677 -> 1.4464  accuracy: 67.82% -> 67.82%      
client [17] (testset)   loss: 0.9405 -> 1.0029  accuracy: 82.74% -> 81.55%      
client [8]  (testset)   loss: 1.3345 -> 0.6836  accuracy: 74.19% -> 80.65%      
client [35] (testset)   loss: 1.8963 -> 1.9042  accuracy: 66.67% -> 66.67%      
client [98] (testset)   loss: 1.3484 -> 1.1752  accuracy: 76.78% -> 82.94%      
client [53] (testset)   loss: 1.0633 -> 0.8008  accuracy: 79.08% -> 82.65%      
client [43] (testset)   loss: 1.3831 -> 0.6011  accuracy: 72.73% -> 81.82%      
client [64] (testset)   loss: 0.5118 -> 0.3758  accuracy: 93.58% -> 94.50%      
---------------------------- TRAINING EPOCH: 130 ----------------------------   
client [21] (testset)   loss: 1.5950 -> 1.4161  accuracy: 69.57% -> 73.91%      
client [88] (testset)   loss: 0.6139 -> 0.4704  accuracy: 91.05% -> 91.84%      
client [38] (testset)   loss: 0.2109 -> 0.1065  accuracy: 95.19% -> 97.12%      
client [3]  (testset)   loss: 0.8155 -> 0.7491  accuracy: 81.82% -> 84.49%      
client [5]  (testset)   loss: 0.9542 -> 0.7947  accuracy: 80.15% -> 85.82%      
client [41] (testset)   loss: 2.0341 -> 1.1138  accuracy: 66.67% -> 76.19%      
client [7]  (testset)   loss: 0.8842 -> 0.6169  accuracy: 77.78% -> 87.44%      
client [37] (testset)   loss: 0.3576 -> 0.3319  accuracy: 83.33% -> 83.33%      
client [45] (testset)   loss: 1.8071 -> 1.7804  accuracy: 81.82% -> 81.82%      
client [47] (testset)   loss: 2.5243 -> 2.4807  accuracy: 56.25% -> 62.50%      
---------------------------- TRAINING EPOCH: 140 ----------------------------   
client [16] (testset)   loss: 1.1691 -> 0.8603  accuracy: 71.08% -> 82.53%      
client [11] (testset)   loss: 0.6794 -> 0.4039  accuracy: 77.27% -> 86.36%      
client [37] (testset)   loss: 4.8635 -> 0.0056  accuracy: 33.33% -> 100.00%     
client [41] (testset)   loss: 2.2897 -> 1.0233  accuracy: 69.84% -> 82.54%      
client [95] (testset)   loss: 1.9624 -> 1.6998  accuracy: 62.07% -> 71.26%      
client [53] (testset)   loss: 1.0244 -> 0.9659  accuracy: 77.04% -> 82.14%      
client [22] (testset)   loss: 1.5605 -> 0.8747  accuracy: 83.46% -> 88.72%      
client [25] (testset)   loss: 1.9458 -> 1.1017  accuracy: 80.57% -> 83.04%      
client [69] (testset)   loss: 1.9024 -> 1.6766  accuracy: 64.85% -> 69.09%      
client [46] (testset)   loss: 1.0645 -> 0.9521  accuracy: 86.82% -> 88.37%      
---------------------------- TRAINING EPOCH: 150 ----------------------------   
client [47] (testset)   loss: 5.0795 -> 4.6061  accuracy: 43.75% -> 56.25%      
client [69] (testset)   loss: 2.7893 -> 1.7941  accuracy: 56.67% -> 66.67%      
client [82] (testset)   loss: 0.4548 -> 0.2069  accuracy: 87.50% -> 96.59%      
client [45] (testset)   loss: 3.3319 -> 2.6329  accuracy: 54.55% -> 72.73%      
client [7]  (testset)   loss: 1.0004 -> 0.7681  accuracy: 85.99% -> 86.96%      
client [50] (testset)   loss: 1.2805 -> 1.2836  accuracy: 85.71% -> 85.71%      
client [35] (testset)   loss: 3.7691 -> 3.7516  accuracy: 50.00% -> 50.00%      
client [24] (testset)   loss: 0.3861 -> 0.4167  accuracy: 94.44% -> 91.67%      
client [15] (testset)   loss: 1.2173 -> 0.9380  accuracy: 80.86% -> 85.16%      
client [58] (testset)   loss: 0.5626 -> 0.3329  accuracy: 91.27% -> 95.24%      
---------------------------- TRAINING EPOCH: 160 ----------------------------   
client [48] (testset)   loss: 3.0229 -> 2.8004  accuracy: 76.92% -> 76.92%      
client [76] (testset)   loss: 0.7379 -> 0.6465  accuracy: 86.75% -> 88.08%      
client [67] (testset)   loss: 0.4742 -> 0.3404  accuracy: 92.26% -> 93.55%      
client [37] (testset)   loss: 0.5262 -> 0.5219  accuracy: 83.33% -> 83.33%      
client [58] (testset)   loss: 0.3062 -> 0.3111  accuracy: 96.03% -> 96.03%      
client [64] (testset)   loss: 0.5076 -> 0.2950  accuracy: 93.12% -> 95.87%      
client [77] (testset)   loss: 1.1439 -> 0.5371  accuracy: 87.28% -> 90.11%      
client [55] (testset)   loss: 1.3096 -> 0.5967  accuracy: 78.64% -> 88.63%      
client [12] (testset)   loss: 1.0039 -> 0.7436  accuracy: 84.32% -> 86.06%      
client [89] (testset)   loss: 0.3218 -> 0.3106  accuracy: 96.08% -> 96.08%      
---------------------------- TRAINING EPOCH: 170 ----------------------------   
client [84] (testset)   loss: 1.8752 -> 1.4815  accuracy: 76.56% -> 78.12%      
client [51] (testset)   loss: 0.7909 -> 0.5296  accuracy: 87.50% -> 87.50%      
client [8]  (testset)   loss: 1.4123 -> 1.3009  accuracy: 74.19% -> 74.19%      
client [18] (testset)   loss: 0.9596 -> 0.9535  accuracy: 84.43% -> 85.03%      
client [94] (testset)   loss: 0.6911 -> 0.6916  accuracy: 80.00% -> 80.00%      
client [81] (testset)   loss: 0.0863 -> 0.0471  accuracy: 99.11% -> 99.11%      
client [3]  (testset)   loss: 1.1403 -> 0.9974  accuracy: 79.68% -> 81.28%      
client [11] (testset)   loss: 1.1417 -> 0.8874  accuracy: 77.27% -> 77.27%      
client [95] (testset)   loss: 2.1442 -> 1.8212  accuracy: 68.97% -> 74.71%      
client [67] (testset)   loss: 0.2823 -> 0.2866  accuracy: 92.90% -> 92.90%      
---------------------------- TRAINING EPOCH: 180 ----------------------------   
client [21] (testset)   loss: 1.4927 -> 1.6568  accuracy: 78.26% -> 78.26%      
client [79] (testset)   loss: 0.5145 -> 0.5096  accuracy: 91.62% -> 93.02%      
client [58] (testset)   loss: 0.3348 -> 0.3264  accuracy: 95.24% -> 94.84%      
client [88] (testset)   loss: 0.6831 -> 0.5068  accuracy: 91.05% -> 92.63%      
client [46] (testset)   loss: 0.9935 -> 0.9943  accuracy: 87.60% -> 87.60%      
client [11] (testset)   loss: 0.4588 -> 0.4510  accuracy: 81.82% -> 86.36%      
client [55] (testset)   loss: 2.4781 -> 0.6238  accuracy: 76.42% -> 87.93%      
client [13] (testset)   loss: 2.2839 -> 0.8925  accuracy: 72.22% -> 86.67%      
client [31] (testset)   loss: 0.3117 -> 0.2601  accuracy: 95.85% -> 96.31%      
client [75] (testset)   loss: 0.9117 -> 0.6648  accuracy: 87.53% -> 91.33%      
---------------------------- TRAINING EPOCH: 190 ----------------------------   
client [19] (testset)   loss: 1.0702 -> 1.0335  accuracy: 92.04% -> 92.92%      
client [7]  (testset)   loss: 0.8118 -> 0.5532  accuracy: 82.61% -> 86.96%      
client [57] (testset)   loss: 0.2178 -> 0.2360  accuracy: 96.62% -> 96.62%      
client [13] (testset)   loss: 0.9940 -> 0.8840  accuracy: 82.22% -> 84.44%      
client [43] (testset)   loss: 0.8114 -> 0.0689  accuracy: 81.82% -> 90.91%      
client [91] (testset)   loss: 1.3807 -> 0.8425  accuracy: 83.82% -> 88.24%      
client [10] (testset)   loss: 0.3255 -> 0.3034  accuracy: 95.38% -> 96.53%      
client [64] (testset)   loss: 0.6209 -> 0.4620  accuracy: 92.66% -> 94.50%      
client [82] (testset)   loss: 0.2990 -> 0.3324  accuracy: 97.73% -> 96.59%      
client [22] (testset)   loss: 1.1970 -> 1.1115  accuracy: 87.22% -> 86.47%      
---------------------------- TRAINING EPOCH: 200 ----------------------------   
client [20] (testset)   loss: 0.8360 -> 0.7707  accuracy: 87.31% -> 87.44%      
client [23] (testset)   loss: 0.0001 -> 0.0001  accuracy: 100.00% -> 100.00%    
client [88] (testset)   loss: 0.7018 -> 0.5665  accuracy: 91.32% -> 92.63%      
client [98] (testset)   loss: 1.5727 -> 1.4633  accuracy: 81.99% -> 83.41%      
client [79] (testset)   loss: 0.5518 -> 0.5117  accuracy: 93.85% -> 93.30%      
client [21] (testset)   loss: 1.1182 -> 1.1314  accuracy: 82.61% -> 78.26%      
client [92] (testset)   loss: 0.2110 -> 0.2196  accuracy: 94.58% -> 95.57%      
client [56] (testset)   loss: 0.6160 -> 0.6135  accuracy: 92.31% -> 92.31%      
client [5]  (testset)   loss: 1.0443 -> 0.8445  accuracy: 81.96% -> 84.79%      
client [52] (testset)   loss: 0.5916 -> 0.2574  accuracy: 92.16% -> 96.08%      
---------------------------- TRAINING EPOCH: 210 ----------------------------   
client [67] (testset)   loss: 0.6103 -> 0.4657  accuracy: 90.97% -> 92.26%      
client [54] (testset)   loss: 1.8679 -> 1.2716  accuracy: 81.25% -> 85.00%      
client [14] (testset)   loss: 1.3234 -> 1.1543  accuracy: 81.28% -> 80.79%      
client [99] (testset)   loss: 0.1766 -> 0.1353  accuracy: 96.20% -> 97.47%      
client [36] (testset)   loss: 1.4172 -> 1.1222  accuracy: 82.98% -> 80.85%      
client [30] (testset)   loss: 2.0922 -> 1.9645  accuracy: 74.19% -> 74.19%      
client [38] (testset)   loss: 0.1267 -> 0.1532  accuracy: 96.15% -> 97.12%      
client [15] (testset)   loss: 1.1852 -> 0.9763  accuracy: 83.59% -> 86.33%      
client [6]  (testset)   loss: 1.3799 -> 1.1154  accuracy: 80.61% -> 84.41%      
client [53] (testset)   loss: 1.5506 -> 1.0698  accuracy: 70.92% -> 79.08%      
---------------------------- TRAINING EPOCH: 220 ----------------------------   
client [99] (testset)   loss: 0.0224 -> 0.0203  accuracy: 98.73% -> 98.73%      
client [6]  (testset)   loss: 0.9377 -> 0.9743  accuracy: 85.55% -> 86.69%      
client [83] (testset)   loss: 1.2806 -> 1.0214  accuracy: 82.63% -> 84.87%      
client [42] (testset)   loss: 0.4526 -> 0.4315  accuracy: 91.36% -> 93.42%      
client [34] (testset)   loss: 2.0146 -> 1.8449  accuracy: 73.55% -> 76.13%      
client [15] (testset)   loss: 1.1261 -> 0.9975  accuracy: 85.94% -> 87.50%      
client [47] (testset)   loss: 4.8395 -> 4.4322  accuracy: 56.25% -> 62.50%      
client [55] (testset)   loss: 0.8806 -> 0.6346  accuracy: 84.05% -> 88.63%      
client [51] (testset)   loss: 0.1912 -> 0.0415  accuracy: 87.50% -> 100.00%     
client [95] (testset)   loss: 2.3880 -> 2.0728  accuracy: 66.67% -> 68.97%      
---------------------------- TRAINING EPOCH: 230 ----------------------------   
client [71] (testset)   loss: 1.5469 -> 1.1203  accuracy: 82.26% -> 86.56%      
client [15] (testset)   loss: 1.3488 -> 0.9835  accuracy: 83.20% -> 86.72%      
client [33] (testset)   loss: 0.3744 -> 0.3415  accuracy: 94.79% -> 94.79%      
client [99] (testset)   loss: 0.0548 -> 0.0434  accuracy: 98.73% -> 98.73%      
client [90] (testset)   loss: 0.0124 -> 0.0119  accuracy: 100.00% -> 100.00%    
client [57] (testset)   loss: 0.3581 -> 0.3684  accuracy: 95.36% -> 94.94%      
client [27] (testset)   loss: 1.6266 -> 1.6142  accuracy: 57.14% -> 57.14%      
client [78] (testset)   loss: 1.3129 -> 1.3017  accuracy: 85.53% -> 85.09%      
client [36] (testset)   loss: 1.0563 -> 1.0480  accuracy: 85.11% -> 85.11%      
client [88] (testset)   loss: 0.7431 -> 0.5983  accuracy: 90.00% -> 92.37%      
---------------------------- TRAINING EPOCH: 240 ----------------------------   
client [70] (testset)   loss: 0.1947 -> 0.1979  accuracy: 96.35% -> 95.31%      
client [35] (testset)   loss: 1.4123 -> 1.3636  accuracy: 83.33% -> 83.33%      
client [16] (testset)   loss: 1.6988 -> 1.1202  accuracy: 73.49% -> 77.71%      
client [80] (testset)   loss: 1.7382 -> 0.8375  accuracy: 80.39% -> 92.81%      
client [38] (testset)   loss: 0.2330 -> 0.0786  accuracy: 93.27% -> 97.12%      
client [78] (testset)   loss: 1.5060 -> 1.3167  accuracy: 82.89% -> 83.77%      
client [68] (testset)   loss: 0.2492 -> 0.2653  accuracy: 97.18% -> 97.74%      
client [11] (testset)   loss: 0.2234 -> 0.2220  accuracy: 86.36% -> 86.36%      
client [64] (testset)   loss: 0.2356 -> 0.3461  accuracy: 95.41% -> 94.95%      
client [82] (testset)   loss: 0.3046 -> 0.3128  accuracy: 96.59% -> 96.59%      
---------------------------- TRAINING EPOCH: 250 ----------------------------   
client [30] (testset)   loss: 2.7340 -> 2.0471  accuracy: 69.89% -> 70.97%      
client [27] (testset)   loss: 1.7983 -> 1.7989  accuracy: 66.67% -> 66.67%      
client [74] (testset)   loss: 1.3966 -> 0.7632  accuracy: 76.32% -> 84.21%      
client [45] (testset)   loss: 2.8619 -> 2.8772  accuracy: 72.73% -> 72.73%      
client [6]  (testset)   loss: 1.1213 -> 1.1160  accuracy: 83.27% -> 85.17%      
client [36] (testset)   loss: 1.3270 -> 1.0575  accuracy: 87.23% -> 87.23%      
client [63] (testset)   loss: 1.7752 -> 1.5466  accuracy: 77.12% -> 78.81%      
client [76] (testset)   loss: 0.7037 -> 0.6777  accuracy: 89.40% -> 90.07%      
client [83] (testset)   loss: 1.1232 -> 1.0080  accuracy: 84.59% -> 86.27%      
client [86] (testset)   loss: 1.0304 -> 0.9271  accuracy: 82.89% -> 84.21%      
---------------------------- TRAINING EPOCH: 260 ----------------------------   
client [83] (testset)   loss: 1.2622 -> 0.9832  accuracy: 83.75% -> 85.71%      
client [99] (testset)   loss: 0.0428 -> 0.0342  accuracy: 97.47% -> 97.47%      
client [74] (testset)   loss: 1.0392 -> 0.8651  accuracy: 84.21% -> 86.84%      
client [73] (testset)   loss: 3.7144 -> 1.7805  accuracy: 57.58% -> 66.67%      
client [29] (testset)   loss: 0.1569 -> 0.1871  accuracy: 97.66% -> 97.66%      
client [92] (testset)   loss: 0.2338 -> 0.2363  accuracy: 96.06% -> 96.06%      
client [6]  (testset)   loss: 1.0794 -> 1.0491  accuracy: 84.79% -> 85.17%      
client [61] (testset)   loss: 1.2867 -> 1.2206  accuracy: 82.30% -> 82.30%      
client [21] (testset)   loss: 1.1639 -> 1.1034  accuracy: 78.26% -> 78.26%      
client [67] (testset)   loss: 0.6576 -> 0.4482  accuracy: 90.97% -> 90.97%      
---------------------------- TRAINING EPOCH: 270 ----------------------------   
client [83] (testset)   loss: 0.9998 -> 0.9355  accuracy: 85.43% -> 85.43%      
client [32] (testset)   loss: 2.9672 -> 2.7902  accuracy: 58.70% -> 61.59%      
client [95] (testset)   loss: 2.3114 -> 2.0951  accuracy: 71.26% -> 71.26%      
client [61] (testset)   loss: 1.5937 -> 1.4502  accuracy: 78.76% -> 80.53%      
client [27] (testset)   loss: 1.4114 -> 1.4119  accuracy: 66.67% -> 66.67%      
client [25] (testset)   loss: 2.3243 -> 1.4809  accuracy: 80.57% -> 80.92%      
client [68] (testset)   loss: 0.3112 -> 0.3353  accuracy: 96.61% -> 97.18%      
client [34] (testset)   loss: 2.0437 -> 1.9685  accuracy: 73.55% -> 74.19%      
client [71] (testset)   loss: 2.1055 -> 1.3133  accuracy: 76.88% -> 84.95%      
client [89] (testset)   loss: 1.0662 -> 0.9152  accuracy: 92.16% -> 92.16%      
---------------------------- TRAINING EPOCH: 280 ----------------------------   
client [78] (testset)   loss: 2.0313 -> 1.5326  accuracy: 76.75% -> 83.77%      
client [81] (testset)   loss: 0.0041 -> 0.0020  accuracy: 100.00% -> 100.00%    
client [51] (testset)   loss: 0.7229 -> 0.2203  accuracy: 75.00% -> 87.50%      
client [54] (testset)   loss: 2.6675 -> 1.9035  accuracy: 76.25% -> 77.50%      
client [65] (testset)   loss: 1.4378 -> 1.3167  accuracy: 71.43% -> 71.43%      
client [41] (testset)   loss: 2.0325 -> 1.3482  accuracy: 69.84% -> 77.78%      
client [11] (testset)   loss: 0.5170 -> 0.5107  accuracy: 86.36% -> 86.36%      
client [85] (testset)   loss: 0.9216 -> 0.5627  accuracy: 90.24% -> 92.68%      
client [12] (testset)   loss: 1.2927 -> 0.8468  accuracy: 82.93% -> 86.06%      
client [23] (testset)   loss: 0.0003 -> 0.0003  accuracy: 100.00% -> 100.00%    
---------------------------- TRAINING EPOCH: 290 ----------------------------   
client [16] (testset)   loss: 1.3769 -> 1.0247  accuracy: 75.30% -> 79.52%      
client [65] (testset)   loss: 1.5858 -> 1.2987  accuracy: 71.43% -> 75.00%      
client [53] (testset)   loss: 1.6736 -> 1.1144  accuracy: 72.45% -> 79.08%      
client [58] (testset)   loss: 0.3762 -> 0.3757  accuracy: 93.25% -> 93.65%      
client [72] (testset)   loss: 0.2140 -> 0.1954  accuracy: 93.94% -> 93.94%      
client [7]  (testset)   loss: 1.0392 -> 0.8055  accuracy: 85.99% -> 86.47%      
client [71] (testset)   loss: 1.3496 -> 1.2196  accuracy: 82.26% -> 84.95%      
client [59] (testset)   loss: 0.0061 -> 0.0055  accuracy: 100.00% -> 100.00%    
client [86] (testset)   loss: 1.0016 -> 0.7212  accuracy: 78.95% -> 89.47%      
client [39] (testset)   loss: 1.0931 -> 0.9665  accuracy: 81.51% -> 80.14%      
---------------------------- TRAINING EPOCH: 300 ----------------------------   
client [99] (testset)   loss: 0.0687 -> 0.0608  accuracy: 96.20% -> 96.20%      
client [7]  (testset)   loss: 0.7309 -> 0.6942  accuracy: 83.09% -> 88.41%      
client [17] (testset)   loss: 1.4055 -> 1.3955  accuracy: 81.55% -> 81.55%      
client [64] (testset)   loss: 0.5097 -> 0.5111  accuracy: 94.95% -> 94.95%      
client [37] (testset)   loss: 2.0375 -> 1.7124  accuracy: 50.00% -> 66.67%      
client [29] (testset)   loss: 0.3281 -> 0.2848  accuracy: 94.74% -> 95.91%      
client [93] (testset)   loss: 0.8369 -> 0.8352  accuracy: 89.47% -> 89.47%      
client [73] (testset)   loss: 1.1115 -> 1.0937  accuracy: 78.79% -> 78.79%      
client [40] (testset)   loss: 0.3648 -> 0.3667  accuracy: 88.89% -> 88.89%      
client [76] (testset)   loss: 0.7859 -> 0.6901  accuracy: 88.08% -> 88.08%      
---------------------------- TRAINING EPOCH: 310 ----------------------------   
client [31] (testset)   loss: 0.7175 -> 0.3786  accuracy: 89.40% -> 93.55%      
client [89] (testset)   loss: 0.9815 -> 0.9662  accuracy: 94.12% -> 94.12%      
client [77] (testset)   loss: 1.0739 -> 0.7819  accuracy: 86.93% -> 88.34%      
client [90] (testset)   loss: 0.0001 -> 0.0002  accuracy: 100.00% -> 100.00%    
client [26] (testset)   loss: 0.2833 -> 0.2926  accuracy: 92.31% -> 92.31%      
client [50] (testset)   loss: 1.9362 -> 1.9139  accuracy: 71.43% -> 71.43%      
client [30] (testset)   loss: 2.4747 -> 2.3971  accuracy: 72.04% -> 73.12%      
client [70] (testset)   loss: 0.2713 -> 0.1646  accuracy: 95.83% -> 96.88%      
client [41] (testset)   loss: 1.3957 -> 1.2782  accuracy: 79.37% -> 79.37%      
client [99] (testset)   loss: 0.1384 -> 0.1276  accuracy: 97.47% -> 97.47%      
---------------------------- TRAINING EPOCH: 320 ----------------------------   
client [68] (testset)   loss: 0.2933 -> 0.3061  accuracy: 96.05% -> 96.05%      
client [70] (testset)   loss: 0.3189 -> 0.2105  accuracy: 96.35% -> 96.88%      
client [52] (testset)   loss: 0.3421 -> 0.3398  accuracy: 95.10% -> 95.10%      
client [1]  (testset)   loss: 0.2834 -> 0.2688  accuracy: 94.12% -> 94.12%      
client [2]  (testset)   loss: 1.0109 -> 0.9361  accuracy: 86.13% -> 86.86%      
client [67] (testset)   loss: 0.6770 -> 0.5633  accuracy: 91.61% -> 92.26%      
client [92] (testset)   loss: 0.2802 -> 0.2818  accuracy: 94.09% -> 94.58%      
client [35] (testset)   loss: 3.1881 -> 3.1882  accuracy: 66.67% -> 66.67%      
client [36] (testset)   loss: 1.4320 -> 1.3605  accuracy: 87.23% -> 87.23%      
client [64] (testset)   loss: 0.6609 -> 0.5974  accuracy: 94.95% -> 94.95%      
---------------------------- TRAINING EPOCH: 330 ----------------------------   
client [44] (testset)   loss: 0.3293 -> 0.2959  accuracy: 91.84% -> 91.84%      
client [6]  (testset)   loss: 1.0711 -> 1.0889  accuracy: 83.65% -> 84.79%      
client [12] (testset)   loss: 0.9967 -> 0.9066  accuracy: 85.71% -> 85.71%      
client [55] (testset)   loss: 0.6935 -> 0.6590  accuracy: 87.38% -> 88.35%      
client [29] (testset)   loss: 0.3959 -> 0.2825  accuracy: 94.74% -> 95.91%      
client [9]  (testset)   loss: 0.5365 -> 0.5402  accuracy: 91.88% -> 91.45%      
client [43] (testset)   loss: 0.3404 -> 0.3400  accuracy: 90.91% -> 90.91%      
client [77] (testset)   loss: 1.0411 -> 0.8378  accuracy: 86.57% -> 87.99%      
client [98] (testset)   loss: 1.8255 -> 1.6741  accuracy: 78.67% -> 81.04%      
client [78] (testset)   loss: 1.7310 -> 1.5229  accuracy: 81.14% -> 83.77%      
---------------------------- TRAINING EPOCH: 340 ----------------------------   
client [92] (testset)   loss: 0.3115 -> 0.2615  accuracy: 93.60% -> 94.09%      
client [80] (testset)   loss: 0.7132 -> 0.6659  accuracy: 94.12% -> 94.12%      
client [63] (testset)   loss: 1.6173 -> 1.4566  accuracy: 78.81% -> 78.81%      
client [76] (testset)   loss: 0.7868 -> 0.7974  accuracy: 85.43% -> 86.75%      
client [78] (testset)   loss: 1.5985 -> 1.4152  accuracy: 75.88% -> 82.46%      
client [25] (testset)   loss: 2.0520 -> 1.4421  accuracy: 77.39% -> 82.33%      
client [58] (testset)   loss: 0.6321 -> 0.3835  accuracy: 91.67% -> 95.24%      
client [13] (testset)   loss: 1.2530 -> 1.0418  accuracy: 80.00% -> 81.11%      
client [17] (testset)   loss: 1.8523 -> 1.3999  accuracy: 77.38% -> 79.76%      
client [38] (testset)   loss: 0.1604 -> 0.1899  accuracy: 96.15% -> 96.15%      
---------------------------- TRAINING EPOCH: 350 ----------------------------   
client [72] (testset)   loss: 0.0654 -> 0.0652  accuracy: 93.94% -> 93.94%      
client [82] (testset)   loss: 0.3319 -> 0.3367  accuracy: 96.59% -> 96.59%      
client [86] (testset)   loss: 1.1839 -> 1.1230  accuracy: 85.53% -> 85.53%      
client [51] (testset)   loss: 0.2946 -> 0.2727  accuracy: 87.50% -> 87.50%      
client [96] (testset)   loss: 2.0051 -> 2.0075  accuracy: 70.45% -> 70.45%      
client [42] (testset)   loss: 0.4722 -> 0.4758  accuracy: 93.42% -> 93.83%      
client [55] (testset)   loss: 1.9901 -> 0.6306  accuracy: 76.84% -> 88.63%      
client [13] (testset)   loss: 1.5528 -> 0.8906  accuracy: 76.67% -> 86.11%      
client [1]  (testset)   loss: 0.3740 -> 0.3433  accuracy: 90.20% -> 90.20%      
client [12] (testset)   loss: 0.9000 -> 0.7730  accuracy: 85.02% -> 88.15%      
---------------------------- TRAINING EPOCH: 360 ----------------------------   
client [68] (testset)   loss: 0.4407 -> 0.3445  accuracy: 96.05% -> 96.61%      
client [23] (testset)   loss: 0.0007 -> 0.0007  accuracy: 100.00% -> 100.00%    
client [46] (testset)   loss: 1.1644 -> 1.1331  accuracy: 86.82% -> 88.37%      
client [41] (testset)   loss: 1.2884 -> 1.2986  accuracy: 80.95% -> 79.37%      
client [25] (testset)   loss: 2.3073 -> 1.7236  accuracy: 80.21% -> 79.51%      
client [58] (testset)   loss: 0.3963 -> 0.3339  accuracy: 94.05% -> 95.24%      
client [14] (testset)   loss: 2.0709 -> 1.4619  accuracy: 79.31% -> 82.27%      
client [33] (testset)   loss: 0.3421 -> 0.3376  accuracy: 95.83% -> 95.83%      
client [85] (testset)   loss: 0.6271 -> 0.5149  accuracy: 90.73% -> 91.71%      
client [62] (testset)   loss: 0.0210 -> 0.0210  accuracy: 100.00% -> 100.00%    
---------------------------- TRAINING EPOCH: 370 ----------------------------   
client [98] (testset)   loss: 1.8516 -> 1.8300  accuracy: 78.20% -> 78.67%      
client [63] (testset)   loss: 1.5445 -> 1.4855  accuracy: 77.97% -> 77.97%      
client [70] (testset)   loss: 0.1512 -> 0.1544  accuracy: 96.88% -> 96.88%      
client [65] (testset)   loss: 1.7132 -> 1.6475  accuracy: 75.00% -> 78.57%      
client [14] (testset)   loss: 1.5815 -> 1.4653  accuracy: 78.33% -> 80.79%      
client [73] (testset)   loss: 2.1929 -> 1.9410  accuracy: 60.61% -> 63.64%      
client [34] (testset)   loss: 2.7311 -> 2.2472  accuracy: 71.61% -> 73.55%      
client [99] (testset)   loss: 0.1147 -> 0.0956  accuracy: 94.94% -> 94.94%      
client [69] (testset)   loss: 2.4023 -> 2.2554  accuracy: 69.09% -> 67.88%      
client [46] (testset)   loss: 1.1795 -> 1.1543  accuracy: 86.05% -> 89.15%      
---------------------------- TRAINING EPOCH: 380 ----------------------------   
client [99] (testset)   loss: 0.1193 -> 0.1111  accuracy: 93.67% -> 93.67%      
client [93] (testset)   loss: 2.3930 -> 2.4225  accuracy: 78.95% -> 78.95%      
client [11] (testset)   loss: 0.2883 -> 0.2883  accuracy: 90.91% -> 90.91%      
client [58] (testset)   loss: 0.3618 -> 0.3596  accuracy: 95.24% -> 95.24%      
client [81] (testset)   loss: 0.0140 -> 0.0136  accuracy: 99.11% -> 99.11%      
client [85] (testset)   loss: 0.5626 -> 0.5186  accuracy: 91.71% -> 92.20%      
client [89] (testset)   loss: 0.2604 -> 0.2699  accuracy: 96.08% -> 96.08%      
client [45] (testset)   loss: 4.3496 -> 3.7362  accuracy: 72.73% -> 72.73%      
client [8]  (testset)   loss: 1.9340 -> 1.8091  accuracy: 77.42% -> 77.42%      
client [68] (testset)   loss: 0.2446 -> 0.2532  accuracy: 97.18% -> 97.18%      
---------------------------- TRAINING EPOCH: 390 ----------------------------   
client [67] (testset)   loss: 0.6714 -> 0.4953  accuracy: 89.68% -> 92.26%      
client [72] (testset)   loss: 0.3188 -> 0.3177  accuracy: 93.94% -> 93.94%      
client [1]  (testset)   loss: 0.2621 -> 0.2611  accuracy: 94.12% -> 94.12%      
client [78] (testset)   loss: 1.4762 -> 1.4385  accuracy: 81.58% -> 83.77%      
client [83] (testset)   loss: 1.1095 -> 0.9891  accuracy: 83.19% -> 85.15%      
client [21] (testset)   loss: 2.2653 -> 2.2524  accuracy: 73.91% -> 73.91%      
client [56] (testset)   loss: 0.8255 -> 0.8043  accuracy: 90.77% -> 90.77%      
client [44] (testset)   loss: 0.4529 -> 0.5455  accuracy: 93.88% -> 93.88%      
client [92] (testset)   loss: 0.2947 -> 0.2353  accuracy: 94.09% -> 94.58%      
client [27] (testset)   loss: 1.9023 -> 1.8907  accuracy: 71.43% -> 71.43%      
---------------------------- TRAINING EPOCH: 400 ----------------------------   
client [10] (testset)   loss: 0.5685 -> 0.5284  accuracy: 94.22% -> 95.95%      
client [39] (testset)   loss: 1.0652 -> 1.0559  accuracy: 81.51% -> 82.88%      
client [65] (testset)   loss: 2.0817 -> 2.0355  accuracy: 75.00% -> 75.00%      
client [26] (testset)   loss: 0.5818 -> 0.5819  accuracy: 92.31% -> 92.31%      
client [19] (testset)   loss: 1.3615 -> 1.3457  accuracy: 92.04% -> 92.04%      
client [68] (testset)   loss: 0.3176 -> 0.3207  accuracy: 95.48% -> 96.05%      
client [41] (testset)   loss: 1.5270 -> 1.4674  accuracy: 76.19% -> 74.60%      
client [50] (testset)   loss: 2.0600 -> 1.5038  accuracy: 71.43% -> 71.43%      
client [75] (testset)   loss: 0.8270 -> 0.7455  accuracy: 90.27% -> 91.97%      
client [81] (testset)   loss: 0.0503 -> 0.0482  accuracy: 97.32% -> 98.21%      
Training... ━━━━━━━━━━━━━━━━━━━━━━━━━━━━━━━━━━━━━━━━ 100% 0:28:33
FedDpa's average time taken by each global epoch: 0 min 3.99 sec.               
FedDpa's total running time: 0 h 28 m 33 s.                                     
==================== FedDpa Experiment Results: ====================            
Display format: (before local fine-tuning) -> (after local fine-tuning)         
 So if finetune_epoch = 0, x.xx% -> 0.00% is normal.                            
 Centralized testing ONLY happens after model aggregation, so the stats between 
'->' are the same.                                                              
{                                                                               
    "100": {                                                                    
        "all_clients": {                                                        
            "test": {                                                           
                "loss": "1.2904 -> 0.0000",                                     
                "accuracy": "78.06% -> 0.00%"                                   
            }                                                                   
        }                                                                       
    },                                                                          
    "200": {                                                                    
        "all_clients": {                                                        
            "test": {                                                           
                "loss": "1.3632 -> 0.0000",                                     
                "accuracy": "82.02% -> 0.00%"                                   
            }                                                                   
        }                                                                       
    },                                                                          
    "300": {                                                                    
        "all_clients": {                                                        
            "test": {                                                           
                "loss": "1.2424 -> 0.0000",                                     
                "accuracy": "83.34% -> 0.00%"                                   
            }                                                                   
        }                                                                       
    },                                                                          
    "400": {                                                                    
        "all_clients": {                                                        
            "test": {                                                           
                "loss": "1.6742 -> 0.0000",                                     
                "accuracy": "80.31% -> 0.00%"                                   
            }                                                                   
        }                                                                       
    }                                                                           
}                                                                               
==================== FedDpa Max Accuracy ====================                   
all_clients:                                                                    
(test) before fine-tuning: 83.34% at epoch 300                                  
(test) after fine-tuning: 0.00% at epoch 100                                    
