==================== PSFL ====================                                 
Experiment Arguments:                                                          
{
    'method': 'psfl',
    'dataset': {
        'name': 'svhn',
        'client_num': 100,
        'test_ratio': 0.25,
        'val_ratio': 0.0,
        'seed': 42,
        'split': 'sample',
        'IID_ratio': 0.0,
        'monitor_window_name_suffix': 'svhn-100clients-0%IID-Dir(1.0)-seed42',
        'alpha': 1.0,
        'min_samples_per_client': 10
    },
    'model': {
        'name': 'avgcnn',
        'use_torchvision_pretrained_weights': True,
        'external_model_weights_path': None
    },
    'optimizer': {
        'lr': 0.01,
        'dampening': 0,
        'weight_decay': 0,
        'momentum': 0,
        'nesterov': False,
        'name': 'sgd'
    },
    'mode': 'sequential',
    'parallel': {
        'ray_cluster_addr': None,
        'num_cpus': None,
        'num_gpus': None,
        'num_workers': 2
    },
    'common': {
        'seed': 42,
        'join_ratio': 0.1,
        'global_epoch': 400,
        'local_epoch': 5,
        'batch_size': 32,
        'reset_optimizer_on_global_epoch': True,
        'straggler_ratio': 0,
        'straggler_min_local_epoch': 0,
        'buffers': 'global',
        'client_side_evaluation': True,
        'test': {
            'client': {
                'interval': 100,
                'finetune_epoch': 0,
                'train': False,
                'val': False,
                'test': True
            },
            'server': {
                'interval': -1,
                'train': False,
                'val': False,
                'test': False,
                'model_in_train_mode': False
            }
        },
        'verbose_gap': 10,
        'monitor': None,
        'use_cuda': True,
        'save_log': True,
        'save_model': False,
        'save_learning_curve_plot': False,
        'save_metrics': True,
        'delete_useless_run': True
    },
    'psfl': {
        'alpha': 0.0,
        'CLS': False,
        'ig_ratio': 0.9995,
        'track': False
    }
}
---------------------------- TRAINING EPOCH: 10 ----------------------------   
client [77] (testset)   loss: 0.5504 -> 0.4986  accuracy: 85.34% -> 86.80%     
client [81] (testset)   loss: 0.7301 -> 0.5645  accuracy: 78.68% -> 86.80%     
client [21] (testset)   loss: 0.7282 -> 0.5076  accuracy: 82.12% -> 85.43%     
client [68] (testset)   loss: 0.7133 -> 0.6077  accuracy: 84.27% -> 83.87%     
client [93] (testset)   loss: 0.4404 -> 0.4605  accuracy: 89.31% -> 87.86%     
client [31] (testset)   loss: 0.7151 -> 0.3119  accuracy: 78.00% -> 88.67%     
client [20] (testset)   loss: 1.0549 -> 0.8111  accuracy: 68.13% -> 82.42%     
client [59] (testset)   loss: 0.7782 -> 0.4562  accuracy: 79.87% -> 88.05%     
client [48] (testset)   loss: 0.7641 -> 0.6941  accuracy: 77.10% -> 80.97%     
client [34] (testset)   loss: 0.8300 -> 0.7166  accuracy: 80.20% -> 81.73%     
---------------------------- TRAINING EPOCH: 20 ----------------------------   
client [69] (testset)   loss: 0.6092 -> 0.4274  accuracy: 83.62% -> 87.93%     
client [99] (testset)   loss: 0.5447 -> 0.3914  accuracy: 86.67% -> 91.58%     
client [67] (testset)   loss: 0.4355 -> 0.3466  accuracy: 89.13% -> 92.03%     
client [0]  (testset)   loss: 0.2768 -> 0.2212  accuracy: 93.04% -> 93.04%     
client [76] (testset)   loss: 0.3772 -> 0.3319  accuracy: 93.94% -> 93.18%     
client [41] (testset)   loss: 0.5455 -> 0.4948  accuracy: 86.61% -> 88.70%     
client [62] (testset)   loss: 0.4895 -> 0.3387  accuracy: 88.66% -> 90.76%     
client [2]  (testset)   loss: 0.5083 -> 0.4301  accuracy: 87.50% -> 88.21%     
client [14] (testset)   loss: 0.4498 -> 0.3537  accuracy: 86.88% -> 90.00%     
client [46] (testset)   loss: 0.3183 -> 0.2494  accuracy: 91.60% -> 91.98%     
---------------------------- TRAINING EPOCH: 30 ----------------------------   
client [24] (testset)   loss: 0.4904 -> 0.5106  accuracy: 84.48% -> 84.48%     
client [68] (testset)   loss: 0.7275 -> 0.6090  accuracy: 83.06% -> 86.29%     
client [57] (testset)   loss: 0.6920 -> 0.5452  accuracy: 82.96% -> 85.93%     
client [17] (testset)   loss: 0.7198 -> 0.6729  accuracy: 86.81% -> 85.53%     
client [54] (testset)   loss: 0.6578 -> 0.5672  accuracy: 86.14% -> 87.13%     
client [23] (testset)   loss: 0.6851 -> 0.5111  accuracy: 85.59% -> 87.29%     
client [35] (testset)   loss: 1.0534 -> 0.5671  accuracy: 72.15% -> 86.21%     
client [59] (testset)   loss: 0.6026 -> 0.5301  accuracy: 89.31% -> 89.31%     
client [31] (testset)   loss: 0.5365 -> 0.2940  accuracy: 85.33% -> 92.00%     
client [9]  (testset)   loss: 0.2961 -> 0.1650  accuracy: 92.86% -> 94.29%     
---------------------------- TRAINING EPOCH: 40 ----------------------------   
client [64] (testset)   loss: 0.4473 -> 0.3228  accuracy: 91.22% -> 91.89%     
client [33] (testset)   loss: 0.8788 -> 0.6157  accuracy: 86.14% -> 90.22%     
client [16] (testset)   loss: 0.5434 -> 0.3559  accuracy: 87.19% -> 90.20%     
client [44] (testset)   loss: 0.5560 -> 0.4177  accuracy: 88.32% -> 90.22%     
client [8]  (testset)   loss: 0.6057 -> 0.4854  accuracy: 83.87% -> 88.71%     
client [31] (testset)   loss: 0.7986 -> 0.2665  accuracy: 82.67% -> 92.00%     
client [47] (testset)   loss: 0.5968 -> 0.3857  accuracy: 87.36% -> 90.80%     
client [36] (testset)   loss: 0.9336 -> 0.3452  accuracy: 81.03% -> 90.23%     
client [20] (testset)   loss: 1.1111 -> 0.9487  accuracy: 81.32% -> 83.52%     
client [56] (testset)   loss: 0.5776 -> 0.4930  accuracy: 87.13% -> 90.64%     
---------------------------- TRAINING EPOCH: 50 ----------------------------   
client [4]  (testset)   loss: 0.3544 -> 0.2524  accuracy: 91.43% -> 89.29%     
client [60] (testset)   loss: 0.6931 -> 0.4971  accuracy: 80.88% -> 86.76%     
client [28] (testset)   loss: 0.5416 -> 0.3438  accuracy: 85.77% -> 91.46%     
client [25] (testset)   loss: 1.1041 -> 0.9936  accuracy: 82.43% -> 87.39%     
client [58] (testset)   loss: 0.6609 -> 0.6095  accuracy: 87.44% -> 84.65%     
client [44] (testset)   loss: 0.5539 -> 0.4533  accuracy: 88.32% -> 91.03%     
client [39] (testset)   loss: 0.6412 -> 0.6177  accuracy: 85.10% -> 87.02%     
client [29] (testset)   loss: 0.5861 -> 0.5192  accuracy: 87.18% -> 89.10%     
client [3]  (testset)   loss: 0.7497 -> 0.4415  accuracy: 83.16% -> 88.66%     
client [84] (testset)   loss: 0.4693 -> 0.3252  accuracy: 90.16% -> 93.44%     
---------------------------- TRAINING EPOCH: 60 ----------------------------   
client [21] (testset)   loss: 0.5619 -> 0.4146  accuracy: 88.74% -> 92.05%     
client [84] (testset)   loss: 0.5721 -> 0.3750  accuracy: 89.07% -> 92.90%     
client [10] (testset)   loss: 0.6592 -> 0.5455  accuracy: 89.74% -> 89.74%     
client [36] (testset)   loss: 0.5003 -> 0.2491  accuracy: 87.64% -> 94.25%     
client [65] (testset)   loss: 0.5874 -> 0.4606  accuracy: 90.29% -> 91.47%     
client [81] (testset)   loss: 0.7088 -> 0.5512  accuracy: 85.79% -> 90.36%     
client [79] (testset)   loss: 0.6786 -> 0.4628  accuracy: 86.21% -> 91.12%     
client [42] (testset)   loss: 0.4683 -> 0.3444  accuracy: 88.22% -> 90.76%     
client [11] (testset)   loss: 0.9162 -> 0.5961  accuracy: 85.26% -> 90.17%     
client [96] (testset)   loss: 0.5466 -> 0.4554  accuracy: 86.71% -> 88.61%     
---------------------------- TRAINING EPOCH: 70 ----------------------------   
client [8]  (testset)   loss: 0.5933 -> 0.4999  accuracy: 89.78% -> 90.32%     
client [53] (testset)   loss: 0.9167 -> 0.8430  accuracy: 87.33% -> 88.67%     
client [52] (testset)   loss: 0.5741 -> 0.4943  accuracy: 89.11% -> 90.63%     
client [42] (testset)   loss: 0.3942 -> 0.3525  accuracy: 89.49% -> 91.40%     
client [69] (testset)   loss: 0.6555 -> 0.4263  accuracy: 86.21% -> 89.22%     
client [59] (testset)   loss: 0.8917 -> 0.7070  accuracy: 84.91% -> 89.31%     
client [7]  (testset)   loss: 0.5048 -> 0.4861  accuracy: 88.48% -> 91.36%     
client [26] (testset)   loss: 0.6020 -> 0.4310  accuracy: 87.86% -> 90.73%     
client [49] (testset)   loss: 0.4418 -> 0.3116  accuracy: 88.20% -> 91.30%     
client [98] (testset)   loss: 0.5202 -> 0.3925  accuracy: 89.32% -> 92.74%     
---------------------------- TRAINING EPOCH: 80 ----------------------------   
client [98] (testset)   loss: 0.4747 -> 0.3317  accuracy: 88.89% -> 91.03%     
client [47] (testset)   loss: 0.4295 -> 0.3282  accuracy: 91.95% -> 93.10%     
client [21] (testset)   loss: 0.5467 -> 0.4683  accuracy: 92.38% -> 91.72%     
client [77] (testset)   loss: 0.4219 -> 0.3775  accuracy: 89.44% -> 92.08%     
client [95] (testset)   loss: 0.7143 -> 0.5718  accuracy: 88.11% -> 90.81%     
client [91] (testset)   loss: 0.4623 -> 0.3406  accuracy: 86.71% -> 91.91%     
client [14] (testset)   loss: 0.6597 -> 0.5658  accuracy: 89.38% -> 90.62%     
client [99] (testset)   loss: 0.5863 -> 0.5377  accuracy: 91.23% -> 91.23%     
client [20] (testset)   loss: 1.0377 -> 1.0819  accuracy: 82.42% -> 83.52%     
client [39] (testset)   loss: 0.8358 -> 0.7397  accuracy: 83.17% -> 87.02%     
---------------------------- TRAINING EPOCH: 90 ----------------------------   
client [52] (testset)   loss: 0.6512 -> 0.5365  accuracy: 87.34% -> 89.62%     
client [62] (testset)   loss: 0.3734 -> 0.3088  accuracy: 91.18% -> 94.12%     
client [71] (testset)   loss: 0.3173 -> 0.2890  accuracy: 91.38% -> 91.81%     
client [97] (testset)   loss: 0.5319 -> 0.4392  accuracy: 90.91% -> 92.51%     
client [30] (testset)   loss: 0.6615 -> 0.4030  accuracy: 87.87% -> 91.91%     
client [88] (testset)   loss: 0.7534 -> 0.6433  accuracy: 90.59% -> 92.08%     
client [60] (testset)   loss: 0.8260 -> 0.5663  accuracy: 86.76% -> 86.76%     
client [82] (testset)   loss: 0.5841 -> 0.5239  accuracy: 86.81% -> 90.97%     
client [91] (testset)   loss: 0.4738 -> 0.3902  accuracy: 87.28% -> 91.33%     
client [57] (testset)   loss: 0.5972 -> 0.5389  accuracy: 89.63% -> 89.63%     
---------------------------- TRAINING EPOCH: 100 ----------------------------  
client [31] (testset)   loss: 0.4926 -> 0.2871  accuracy: 90.67% -> 93.33%     
client [15] (testset)   loss: 0.5611 -> 0.4272  accuracy: 90.05% -> 89.10%     
client [71] (testset)   loss: 0.3533 -> 0.2431  accuracy: 90.52% -> 93.97%     
client [97] (testset)   loss: 0.7716 -> 0.5827  accuracy: 88.77% -> 91.44%     
client [53] (testset)   loss: 1.2033 -> 0.9423  accuracy: 86.00% -> 89.33%     
client [77] (testset)   loss: 0.5157 -> 0.4846  accuracy: 90.32% -> 91.79%     
client [76] (testset)   loss: 0.3775 -> 0.3066  accuracy: 94.70% -> 93.94%     
client [79] (testset)   loss: 0.6608 -> 0.5308  accuracy: 88.32% -> 90.89%     
client [28] (testset)   loss: 0.6686 -> 0.4197  accuracy: 89.43% -> 91.87%     
client [99] (testset)   loss: 0.5550 -> 0.5821  accuracy: 92.28% -> 92.63%     
---------------------------- TRAINING EPOCH: 110 ----------------------------  
client [97] (testset)   loss: 0.5706 -> 0.4687  accuracy: 88.77% -> 89.84%     
client [86] (testset)   loss: 0.7185 -> 0.6741  accuracy: 90.75% -> 92.07%     
client [34] (testset)   loss: 0.6454 -> 0.5733  accuracy: 87.82% -> 89.34%     
client [73] (testset)   loss: 0.4377 -> 0.4155  accuracy: 90.80% -> 91.10%     
client [5]  (testset)   loss: 0.7805 -> 0.6362  accuracy: 87.19% -> 88.67%     
client [96] (testset)   loss: 0.4229 -> 0.4075  accuracy: 89.87% -> 90.51%     
client [22] (testset)   loss: 0.7369 -> 0.7182  accuracy: 89.85% -> 91.08%     
client [60] (testset)   loss: 0.8250 -> 0.6641  accuracy: 85.78% -> 87.25%     
client [66] (testset)   loss: 0.4599 -> 0.4588  accuracy: 91.51% -> 92.66%     
client [83] (testset)   loss: 0.5834 -> 0.6402  accuracy: 90.76% -> 91.85%     
---------------------------- TRAINING EPOCH: 120 ----------------------------  
client [76] (testset)   loss: 0.4228 -> 0.4025  accuracy: 91.67% -> 93.18%     
client [65] (testset)   loss: 0.5550 -> 0.5183  accuracy: 91.47% -> 92.06%     
client [95] (testset)   loss: 0.7312 -> 0.5464  accuracy: 90.81% -> 91.62%     
client [17] (testset)   loss: 0.9991 -> 0.8659  accuracy: 89.36% -> 89.36%     
client [8]  (testset)   loss: 0.7673 -> 0.6373  accuracy: 89.78% -> 89.78%     
client [35] (testset)   loss: 0.7393 -> 0.6820  accuracy: 86.74% -> 88.33%     
client [98] (testset)   loss: 0.4930 -> 0.4185  accuracy: 91.45% -> 92.31%     
client [53] (testset)   loss: 1.0408 -> 1.0162  accuracy: 87.33% -> 89.33%     
client [43] (testset)   loss: 1.2592 -> 1.0371  accuracy: 85.58% -> 89.42%     
client [64] (testset)   loss: 0.6846 -> 0.3379  accuracy: 90.54% -> 92.57%     
---------------------------- TRAINING EPOCH: 130 ----------------------------  
client [21] (testset)   loss: 0.6266 -> 0.6086  accuracy: 92.72% -> 91.72%     
client [88] (testset)   loss: 1.0116 -> 0.7334  accuracy: 84.65% -> 90.10%     
client [38] (testset)   loss: 0.6346 -> 0.5930  accuracy: 88.69% -> 90.51%     
client [3]  (testset)   loss: 0.6409 -> 0.4688  accuracy: 89.69% -> 91.41%     
client [5]  (testset)   loss: 1.1965 -> 0.8575  accuracy: 82.76% -> 88.18%     
client [41] (testset)   loss: 0.6623 -> 0.6864  accuracy: 90.79% -> 90.79%     
client [7]  (testset)   loss: 0.6692 -> 0.6270  accuracy: 91.77% -> 91.36%     
client [37] (testset)   loss: 0.8427 -> 0.8172  accuracy: 86.21% -> 88.18%     
client [45] (testset)   loss: 1.0575 -> 0.7875  accuracy: 88.59% -> 89.73%     
client [47] (testset)   loss: 0.6203 -> 0.4204  accuracy: 90.04% -> 91.95%     
---------------------------- TRAINING EPOCH: 140 ----------------------------  
client [16] (testset)   loss: 0.6315 -> 0.4650  accuracy: 90.95% -> 91.46%     
client [11] (testset)   loss: 0.7881 -> 0.6680  accuracy: 89.02% -> 91.04%     
client [37] (testset)   loss: 0.7592 -> 0.7594  accuracy: 89.66% -> 88.18%     
client [41] (testset)   loss: 0.8413 -> 0.6843  accuracy: 89.96% -> 92.47%     
client [95] (testset)   loss: 0.5887 -> 0.5838  accuracy: 92.16% -> 93.24%     
client [53] (testset)   loss: 1.0388 -> 1.0917  accuracy: 89.33% -> 88.67%     
client [22] (testset)   loss: 0.9825 -> 0.8586  accuracy: 90.15% -> 90.15%     
client [25] (testset)   loss: 1.4782 -> 1.4555  accuracy: 85.59% -> 86.04%     
client [69] (testset)   loss: 0.7040 -> 0.4723  accuracy: 88.36% -> 91.38%     
client [46] (testset)   loss: 0.3049 -> 0.2092  accuracy: 92.75% -> 94.27%     
---------------------------- TRAINING EPOCH: 150 ----------------------------  
client [47] (testset)   loss: 0.4519 -> 0.3757  accuracy: 91.57% -> 93.10%     
client [69] (testset)   loss: 0.9021 -> 0.5681  accuracy: 88.36% -> 90.95%     
client [82] (testset)   loss: 0.8559 -> 0.6782  accuracy: 85.42% -> 89.58%     
client [45] (testset)   loss: 0.9743 -> 0.8934  accuracy: 88.59% -> 89.73%     
client [7]  (testset)   loss: 0.6462 -> 0.5923  accuracy: 90.12% -> 91.77%     
client [50] (testset)   loss: 0.7478 -> 0.7357  accuracy: 90.08% -> 90.91%     
client [35] (testset)   loss: 0.8749 -> 0.8046  accuracy: 87.80% -> 88.33%     
client [24] (testset)   loss: 0.5767 -> 0.4935  accuracy: 86.21% -> 86.21%     
client [15] (testset)   loss: 0.7173 -> 0.4947  accuracy: 87.68% -> 91.47%     
client [58] (testset)   loss: 0.8273 -> 0.7381  accuracy: 87.44% -> 88.37%     
---------------------------- TRAINING EPOCH: 160 ----------------------------  
client [48] (testset)   loss: 0.7727 -> 0.6923  accuracy: 87.74% -> 89.68%     
client [76] (testset)   loss: 0.3579 -> 0.3051  accuracy: 93.94% -> 95.45%     
client [67] (testset)   loss: 0.5623 -> 0.3940  accuracy: 91.30% -> 92.75%     
client [37] (testset)   loss: 0.9837 -> 0.9086  accuracy: 89.66% -> 87.68%     
client [58] (testset)   loss: 0.7214 -> 0.6727  accuracy: 88.84% -> 89.77%     
client [64] (testset)   loss: 0.6365 -> 0.4857  accuracy: 91.22% -> 93.92%     
client [77] (testset)   loss: 0.5827 -> 0.4751  accuracy: 89.15% -> 92.38%     
client [55] (testset)   loss: 0.6009 -> 0.5797  accuracy: 92.58% -> 92.58%     
client [12] (testset)   loss: 0.3035 -> 0.3111  accuracy: 94.30% -> 96.20%     
client [89] (testset)   loss: 0.8381 -> 0.4765  accuracy: 86.87% -> 89.90%     
---------------------------- TRAINING EPOCH: 170 ----------------------------  
client [84] (testset)   loss: 0.7192 -> 0.6451  accuracy: 90.71% -> 91.80%     
client [51] (testset)   loss: 0.7446 -> 0.7012  accuracy: 89.81% -> 92.23%     
client [8]  (testset)   loss: 0.9010 -> 0.6499  accuracy: 86.02% -> 89.78%     
client [18] (testset)   loss: 1.0005 -> 1.0000  accuracy: 87.58% -> 87.58%     
client [94] (testset)   loss: 0.9166 -> 0.8165  accuracy: 90.97% -> 91.34%     
client [81] (testset)   loss: 0.7332 -> 0.5676  accuracy: 90.86% -> 92.39%     
client [3]  (testset)   loss: 0.7696 -> 0.6567  accuracy: 90.38% -> 91.75%     
client [11] (testset)   loss: 0.9174 -> 0.8306  accuracy: 89.88% -> 89.88%     
client [95] (testset)   loss: 0.8457 -> 0.7252  accuracy: 90.81% -> 90.54%     
client [67] (testset)   loss: 0.5105 -> 0.4220  accuracy: 91.30% -> 92.75%     
---------------------------- TRAINING EPOCH: 180 ----------------------------  
client [21] (testset)   loss: 0.7714 -> 0.7509  accuracy: 91.72% -> 91.72%     
client [79] (testset)   loss: 0.8167 -> 0.6706  accuracy: 91.36% -> 92.29%     
client [58] (testset)   loss: 0.8534 -> 0.7269  accuracy: 89.30% -> 89.77%     
client [88] (testset)   loss: 1.0518 -> 0.8699  accuracy: 87.13% -> 90.10%     
client [46] (testset)   loss: 0.4951 -> 0.4382  accuracy: 90.08% -> 92.75%     
client [11] (testset)   loss: 0.9830 -> 0.8754  accuracy: 89.31% -> 90.46%     
client [55] (testset)   loss: 0.8450 -> 0.6276  accuracy: 89.68% -> 91.29%     
client [13] (testset)   loss: 0.3480 -> 0.3496  accuracy: 93.70% -> 94.67%     
client [31] (testset)   loss: 0.7502 -> 0.2908  accuracy: 90.67% -> 94.67%     
client [75] (testset)   loss: 1.2373 -> 0.7338  accuracy: 85.36% -> 89.64%     
---------------------------- TRAINING EPOCH: 190 ----------------------------  
client [19] (testset)   loss: 0.6762 -> 0.6154  accuracy: 90.77% -> 92.86%     
client [7]  (testset)   loss: 0.8280 -> 0.7659  accuracy: 92.59% -> 93.00%     
client [57] (testset)   loss: 0.7905 -> 0.7978  accuracy: 91.11% -> 89.63%     
client [13] (testset)   loss: 0.4075 -> 0.3820  accuracy: 94.92% -> 94.19%     
client [43] (testset)   loss: 1.4035 -> 1.2353  accuracy: 90.38% -> 89.42%     
client [91] (testset)   loss: 0.6516 -> 0.6977  accuracy: 90.17% -> 91.33%     
client [10] (testset)   loss: 0.7738 -> 0.6558  accuracy: 91.79% -> 93.33%     
client [64] (testset)   loss: 0.7088 -> 0.6364  accuracy: 92.57% -> 94.59%     
client [82] (testset)   loss: 0.6757 -> 0.6492  accuracy: 88.89% -> 91.67%     
client [22] (testset)   loss: 1.1540 -> 0.9257  accuracy: 88.00% -> 90.15%     
---------------------------- TRAINING EPOCH: 200 ----------------------------  
client [20] (testset)   loss: 1.2590 -> 1.2766  accuracy: 89.01% -> 89.01%     
client [23] (testset)   loss: 1.0063 -> 0.9072  accuracy: 90.68% -> 92.37%     
client [88] (testset)   loss: 1.0803 -> 0.8839  accuracy: 88.12% -> 90.10%     
client [98] (testset)   loss: 0.6757 -> 0.5464  accuracy: 90.60% -> 93.59%     
client [79] (testset)   loss: 0.6877 -> 0.6588  accuracy: 91.82% -> 92.99%     
client [21] (testset)   loss: 0.7209 -> 0.6364  accuracy: 91.72% -> 93.05%     
client [92] (testset)   loss: 1.2335 -> 1.0707  accuracy: 88.95% -> 90.53%     
client [56] (testset)   loss: 0.9953 -> 0.8800  accuracy: 89.77% -> 92.11%     
client [5]  (testset)   loss: 1.1804 -> 1.0796  accuracy: 86.70% -> 87.68%     
client [52] (testset)   loss: 0.8242 -> 0.7240  accuracy: 88.86% -> 89.87%     
---------------------------- TRAINING EPOCH: 210 ----------------------------  
client [67] (testset)   loss: 0.5237 -> 0.4447  accuracy: 89.86% -> 92.75%     
client [54] (testset)   loss: 0.7945 -> 0.7398  accuracy: 91.75% -> 91.42%     
client [14] (testset)   loss: 0.9063 -> 0.8636  accuracy: 90.62% -> 90.00%     
client [99] (testset)   loss: 1.0349 -> 0.9116  accuracy: 91.93% -> 92.63%     
client [36] (testset)   loss: 0.6626 -> 0.4819  accuracy: 91.38% -> 92.82%     
client [30] (testset)   loss: 0.6202 -> 0.4590  accuracy: 93.01% -> 94.12%     
client [38] (testset)   loss: 0.7477 -> 0.6827  accuracy: 90.51% -> 90.15%     
client [15] (testset)   loss: 0.8748 -> 0.7333  accuracy: 89.57% -> 90.05%     
client [6]  (testset)   loss: 0.6342 -> 0.5210  accuracy: 94.93% -> 96.70%     
client [53] (testset)   loss: 1.3291 -> 1.3547  accuracy: 88.67% -> 88.00%     
---------------------------- TRAINING EPOCH: 220 ----------------------------  
client [99] (testset)   loss: 0.9612 -> 0.9132  accuracy: 92.28% -> 91.93%     
client [6]  (testset)   loss: 0.5587 -> 0.5749  accuracy: 96.26% -> 96.04%     
client [83] (testset)   loss: 0.9902 -> 0.7693  accuracy: 90.22% -> 91.85%     
client [42] (testset)   loss: 0.7767 -> 0.6746  accuracy: 88.85% -> 89.49%     
client [34] (testset)   loss: 0.9252 -> 0.8940  accuracy: 87.31% -> 90.36%     
client [15] (testset)   loss: 0.9185 -> 0.9360  accuracy: 89.10% -> 89.57%     
client [47] (testset)   loss: 0.4382 -> 0.3934  accuracy: 91.95% -> 94.25%     
client [55] (testset)   loss: 0.7097 -> 0.6535  accuracy: 92.90% -> 93.23%     
client [51] (testset)   loss: 0.8216 -> 0.6934  accuracy: 90.78% -> 91.75%     
client [95] (testset)   loss: 0.8767 -> 0.6880  accuracy: 91.08% -> 91.62%     
---------------------------- TRAINING EPOCH: 230 ----------------------------  
client [71] (testset)   loss: 0.7591 -> 0.5233  accuracy: 91.38% -> 91.81%     
client [15] (testset)   loss: 0.9021 -> 0.7999  accuracy: 89.57% -> 90.52%     
client [33] (testset)   loss: 1.3837 -> 1.2109  accuracy: 88.86% -> 91.03%     
client [99] (testset)   loss: 1.2510 -> 0.9200  accuracy: 87.72% -> 90.53%     
client [90] (testset)   loss: 0.7976 -> 0.7023  accuracy: 90.39% -> 92.17%     
client [57] (testset)   loss: 0.7924 -> 0.7850  accuracy: 88.89% -> 91.11%     
client [27] (testset)   loss: 1.3529 -> 1.0957  accuracy: 87.59% -> 90.57%     
client [78] (testset)   loss: 0.6274 -> 0.5090  accuracy: 92.84% -> 93.94%     
client [36] (testset)   loss: 0.4936 -> 0.4240  accuracy: 93.10% -> 93.39%     
client [88] (testset)   loss: 1.1930 -> 0.9297  accuracy: 88.61% -> 89.60%     
---------------------------- TRAINING EPOCH: 240 ----------------------------  
client [70] (testset)   loss: 0.9864 -> 0.8955  accuracy: 88.40% -> 90.00%     
client [35] (testset)   loss: 1.0686 -> 1.0434  accuracy: 88.59% -> 88.86%     
client [16] (testset)   loss: 0.7581 -> 0.6950  accuracy: 89.95% -> 90.95%     
client [80] (testset)   loss: 1.1744 -> 1.2628  accuracy: 92.21% -> 91.77%     
client [38] (testset)   loss: 0.7767 -> 0.7977  accuracy: 89.78% -> 90.88%     
client [78] (testset)   loss: 0.6520 -> 0.6492  accuracy: 93.39% -> 92.84%     
client [68] (testset)   loss: 1.2022 -> 1.1989  accuracy: 87.50% -> 87.50%     
client [11] (testset)   loss: 0.9086 -> 0.9283  accuracy: 90.17% -> 90.46%     
client [64] (testset)   loss: 0.7276 -> 0.6386  accuracy: 92.57% -> 94.59%     
client [82] (testset)   loss: 0.8428 -> 0.7690  accuracy: 89.58% -> 90.28%     
---------------------------- TRAINING EPOCH: 250 ----------------------------  
client [30] (testset)   loss: 0.5479 -> 0.5160  accuracy: 94.12% -> 94.49%     
client [27] (testset)   loss: 1.1399 -> 1.1073  accuracy: 91.26% -> 92.18%     
client [74] (testset)   loss: 0.8199 -> 0.7773  accuracy: 92.86% -> 92.21%     
client [45] (testset)   loss: 1.0983 -> 0.9950  accuracy: 87.45% -> 89.73%     
client [6]  (testset)   loss: 0.5795 -> 0.5511  accuracy: 95.81% -> 96.04%     
client [36] (testset)   loss: 0.6238 -> 0.4337  accuracy: 92.82% -> 93.39%     
client [63] (testset)   loss: 0.7117 -> 0.7030  accuracy: 90.55% -> 91.34%     
client [76] (testset)   loss: 0.5597 -> 0.5373  accuracy: 94.70% -> 94.70%     
client [83] (testset)   loss: 0.7341 -> 0.6936  accuracy: 90.22% -> 91.30%     
client [86] (testset)   loss: 0.9579 -> 0.9005  accuracy: 91.19% -> 91.19%     
---------------------------- TRAINING EPOCH: 260 ----------------------------  
client [83] (testset)   loss: 0.7827 -> 0.6767  accuracy: 91.30% -> 91.85%     
client [99] (testset)   loss: 1.1263 -> 1.0036  accuracy: 90.53% -> 92.28%     
client [74] (testset)   loss: 0.9849 -> 0.9819  accuracy: 90.91% -> 90.91%     
client [73] (testset)   loss: 0.7691 -> 0.8073  accuracy: 93.56% -> 93.56%     
client [29] (testset)   loss: 0.9353 -> 1.0243  accuracy: 90.06% -> 90.71%     
client [92] (testset)   loss: 1.1988 -> 1.2386  accuracy: 90.00% -> 90.53%     
client [6]  (testset)   loss: 0.6855 -> 0.6870  accuracy: 95.37% -> 96.04%     
client [61] (testset)   loss: 0.6348 -> 0.6730  accuracy: 94.02% -> 93.48%     
client [21] (testset)   loss: 0.8572 -> 0.7762  accuracy: 91.72% -> 92.72%     
client [67] (testset)   loss: 0.6485 -> 0.4894  accuracy: 90.58% -> 92.75%     
---------------------------- TRAINING EPOCH: 270 ----------------------------  
client [83] (testset)   loss: 0.7544 -> 0.7963  accuracy: 90.76% -> 92.39%     
client [32] (testset)   loss: 1.0506 -> 0.8809  accuracy: 87.39% -> 87.39%     
client [95] (testset)   loss: 0.8809 -> 0.7825  accuracy: 91.08% -> 91.62%     
client [61] (testset)   loss: 0.7220 -> 0.7430  accuracy: 92.39% -> 92.93%     
client [27] (testset)   loss: 1.1471 -> 1.1128  accuracy: 90.34% -> 91.03%     
client [25] (testset)   loss: 2.0166 -> 2.1501  accuracy: 86.94% -> 86.04%     
client [68] (testset)   loss: 1.3936 -> 1.3335  accuracy: 86.29% -> 87.10%     
client [34] (testset)   loss: 0.9597 -> 0.8534  accuracy: 87.31% -> 88.32%     
client [71] (testset)   loss: 0.6952 -> 0.5877  accuracy: 90.95% -> 92.24%     
client [89] (testset)   loss: 0.8466 -> 0.7454  accuracy: 88.89% -> 89.90%     
---------------------------- TRAINING EPOCH: 280 ----------------------------  
client [78] (testset)   loss: 0.7034 -> 0.6891  accuracy: 93.66% -> 93.94%     
client [81] (testset)   loss: 0.6743 -> 0.6400  accuracy: 92.89% -> 92.89%     
client [51] (testset)   loss: 0.9686 -> 0.8691  accuracy: 89.32% -> 90.29%     
client [54] (testset)   loss: 0.8473 -> 0.7776  accuracy: 90.10% -> 91.75%     
client [65] (testset)   loss: 0.8100 -> 0.7906  accuracy: 90.59% -> 91.18%     
client [41] (testset)   loss: 1.1732 -> 1.1169  accuracy: 92.05% -> 93.31%     
client [11] (testset)   loss: 1.0633 -> 1.0170  accuracy: 89.60% -> 91.33%     
client [85] (testset)   loss: 0.8147 -> 0.7035  accuracy: 93.10% -> 92.53%     
client [12] (testset)   loss: 0.4216 -> 0.4322  accuracy: 94.30% -> 93.67%     
client [23] (testset)   loss: 1.1311 -> 1.0825  accuracy: 90.25% -> 91.10%     
---------------------------- TRAINING EPOCH: 290 ----------------------------  
client [16] (testset)   loss: 0.8246 -> 0.6805  accuracy: 91.46% -> 91.46%     
client [65] (testset)   loss: 0.8847 -> 0.8009  accuracy: 89.41% -> 90.88%     
client [53] (testset)   loss: 1.7299 -> 1.6599  accuracy: 88.00% -> 89.33%     
client [58] (testset)   loss: 0.9435 -> 0.9186  accuracy: 88.37% -> 88.37%     
client [72] (testset)   loss: 0.7137 -> 0.6789  accuracy: 89.43% -> 91.06%     
client [7]  (testset)   loss: 0.8123 -> 0.7711  accuracy: 90.53% -> 91.36%     
client [71] (testset)   loss: 0.7206 -> 0.5767  accuracy: 91.38% -> 91.81%     
client [59] (testset)   loss: 1.4981 -> 1.4885  accuracy: 88.68% -> 89.31%     
client [86] (testset)   loss: 1.3743 -> 1.2248  accuracy: 89.43% -> 89.87%     
client [39] (testset)   loss: 1.1744 -> 1.1766  accuracy: 89.42% -> 88.94%     
---------------------------- TRAINING EPOCH: 300 ----------------------------  
client [99] (testset)   loss: 1.1846 -> 1.0867  accuracy: 91.58% -> 90.88%     
client [7]  (testset)   loss: 0.8602 -> 0.8517  accuracy: 90.95% -> 90.95%     
client [17] (testset)   loss: 1.5269 -> 1.4267  accuracy: 87.66% -> 88.51%     
client [64] (testset)   loss: 0.7283 -> 0.7096  accuracy: 92.57% -> 93.24%     
client [37] (testset)   loss: 1.3233 -> 1.2574  accuracy: 88.67% -> 89.16%     
client [29] (testset)   loss: 1.0184 -> 1.0038  accuracy: 90.38% -> 90.38%     
client [93] (testset)   loss: 0.7515 -> 0.7782  accuracy: 92.49% -> 91.91%     
client [73] (testset)   loss: 0.7480 -> 0.7373  accuracy: 92.64% -> 92.94%     
client [40] (testset)   loss: 0.8688 -> 0.8028  accuracy: 93.75% -> 93.75%     
client [76] (testset)   loss: 0.5073 -> 0.5086  accuracy: 94.70% -> 93.94%     
---------------------------- TRAINING EPOCH: 310 ----------------------------  
client [31] (testset)   loss: 0.8681 -> 0.7788  accuracy: 90.67% -> 91.33%     
client [89] (testset)   loss: 0.8216 -> 0.7415  accuracy: 91.41% -> 91.92%     
client [77] (testset)   loss: 0.7900 -> 0.7721  accuracy: 90.32% -> 91.79%     
client [90] (testset)   loss: 0.9121 -> 0.8296  accuracy: 91.81% -> 92.88%     
client [26] (testset)   loss: 1.1844 -> 1.1609  accuracy: 89.78% -> 90.73%     
client [50] (testset)   loss: 0.8124 -> 0.7706  accuracy: 90.91% -> 92.15%     
client [30] (testset)   loss: 0.6346 -> 0.5887  accuracy: 93.01% -> 93.38%     
client [70] (testset)   loss: 1.3644 -> 1.3211  accuracy: 87.60% -> 88.00%     
client [41] (testset)   loss: 1.0618 -> 1.0673  accuracy: 91.63% -> 93.31%     
client [99] (testset)   loss: 1.1443 -> 1.0819  accuracy: 90.18% -> 90.88%     
---------------------------- TRAINING EPOCH: 320 ----------------------------  
client [68] (testset)   loss: 1.4253 -> 1.4596  accuracy: 86.29% -> 86.29%     
client [70] (testset)   loss: 1.4897 -> 1.3595  accuracy: 86.80% -> 87.60%     
client [52] (testset)   loss: 1.0184 -> 0.9818  accuracy: 89.87% -> 90.13%     
client [1]  (testset)   loss: 0.9454 -> 0.9587  accuracy: 91.90% -> 91.90%     
client [2]  (testset)   loss: 1.2613 -> 1.2278  accuracy: 88.21% -> 87.86%     
client [67] (testset)   loss: 0.5885 -> 0.5063  accuracy: 91.30% -> 92.03%     
client [92] (testset)   loss: 1.4132 -> 1.4159  accuracy: 88.95% -> 88.95%     
client [35] (testset)   loss: 1.2527 -> 1.2303  accuracy: 88.86% -> 87.80%     
client [36] (testset)   loss: 0.7984 -> 0.6024  accuracy: 92.82% -> 93.39%     
client [64] (testset)   loss: 0.6202 -> 0.5915  accuracy: 93.92% -> 92.57%     
---------------------------- TRAINING EPOCH: 330 ----------------------------  
client [44] (testset)   loss: 0.8592 -> 0.8679  accuracy: 90.76% -> 91.03%     
client [6]  (testset)   loss: 0.7040 -> 0.6765  accuracy: 95.37% -> 95.59%     
client [12] (testset)   loss: 0.2883 -> 0.2936  accuracy: 94.94% -> 94.30%     
client [55] (testset)   loss: 0.9188 -> 0.8507  accuracy: 91.94% -> 93.23%     
client [29] (testset)   loss: 1.0076 -> 0.9964  accuracy: 89.10% -> 89.42%     
client [9]  (testset)   loss: 0.2416 -> 0.2354  accuracy: 96.07% -> 96.79%     
client [43] (testset)   loss: 1.7575 -> 1.7573  accuracy: 89.42% -> 89.42%     
client [77] (testset)   loss: 0.7832 -> 0.7028  accuracy: 91.50% -> 92.38%     
client [98] (testset)   loss: 0.7550 -> 0.7098  accuracy: 92.74% -> 92.31%     
client [78] (testset)   loss: 0.7833 -> 0.7468  accuracy: 93.39% -> 93.66%     
---------------------------- TRAINING EPOCH: 340 ----------------------------  
client [92] (testset)   loss: 1.3420 -> 1.3222  accuracy: 88.42% -> 88.42%     
client [80] (testset)   loss: 1.3287 -> 1.3884  accuracy: 91.77% -> 91.34%     
client [63] (testset)   loss: 1.3578 -> 0.9296  accuracy: 85.04% -> 90.55%     
client [76] (testset)   loss: 0.4182 -> 0.4465  accuracy: 94.70% -> 93.94%     
client [78] (testset)   loss: 0.6995 -> 0.6545  accuracy: 91.46% -> 93.39%     
client [25] (testset)   loss: 2.2057 -> 2.1298  accuracy: 85.14% -> 84.68%     
client [58] (testset)   loss: 0.8585 -> 0.8987  accuracy: 88.37% -> 88.37%     
client [13] (testset)   loss: 0.5081 -> 0.4507  accuracy: 93.95% -> 93.95%     
client [17] (testset)   loss: 1.7694 -> 1.5119  accuracy: 87.66% -> 88.09%     
client [38] (testset)   loss: 0.8460 -> 0.8158  accuracy: 89.78% -> 90.15%     
---------------------------- TRAINING EPOCH: 350 ----------------------------  
client [72] (testset)   loss: 0.5053 -> 0.5262  accuracy: 90.24% -> 89.43%     
client [82] (testset)   loss: 1.0307 -> 0.9618  accuracy: 88.19% -> 88.89%     
client [86] (testset)   loss: 1.2551 -> 1.1560  accuracy: 90.31% -> 90.31%     
client [51] (testset)   loss: 0.9219 -> 0.8741  accuracy: 88.83% -> 91.26%     
client [96] (testset)   loss: 1.0114 -> 1.0360  accuracy: 89.87% -> 89.24%     
client [42] (testset)   loss: 0.9426 -> 0.8462  accuracy: 89.81% -> 91.08%     
client [55] (testset)   loss: 0.8015 -> 0.7536  accuracy: 93.23% -> 93.23%     
client [13] (testset)   loss: 0.5566 -> 0.4809  accuracy: 92.25% -> 93.70%     
client [1]  (testset)   loss: 0.9255 -> 0.8607  accuracy: 90.85% -> 92.61%     
client [12] (testset)   loss: 0.2508 -> 0.3088  accuracy: 94.94% -> 94.30%     
---------------------------- TRAINING EPOCH: 360 ----------------------------  
client [68] (testset)   loss: 1.4428 -> 1.3116  accuracy: 87.10% -> 87.90%     
client [23] (testset)   loss: 1.3472 -> 1.2328  accuracy: 91.10% -> 92.80%     
client [46] (testset)   loss: 0.5232 -> 0.5186  accuracy: 93.51% -> 93.13%     
client [41] (testset)   loss: 1.2467 -> 1.2500  accuracy: 94.14% -> 93.31%     
client [25] (testset)   loss: 2.2387 -> 2.0736  accuracy: 86.49% -> 88.29%     
client [58] (testset)   loss: 0.9000 -> 0.8741  accuracy: 90.23% -> 90.23%     
client [14] (testset)   loss: 1.0187 -> 0.9667  accuracy: 90.00% -> 91.25%     
client [33] (testset)   loss: 1.3592 -> 1.3766  accuracy: 89.13% -> 90.76%     
client [85] (testset)   loss: 0.9024 -> 0.8132  accuracy: 93.10% -> 93.68%     
client [62] (testset)   loss: 0.4887 -> 0.5245  accuracy: 93.28% -> 92.44%     
---------------------------- TRAINING EPOCH: 370 ----------------------------  
client [98] (testset)   loss: 0.6255 -> 0.6251  accuracy: 92.31% -> 92.31%     
client [63] (testset)   loss: 1.0434 -> 0.9604  accuracy: 88.98% -> 89.76%     
client [70] (testset)   loss: 1.3606 -> 1.2735  accuracy: 88.00% -> 88.00%     
client [65] (testset)   loss: 1.0814 -> 0.9713  accuracy: 89.41% -> 89.71%     
client [14] (testset)   loss: 1.0312 -> 0.9927  accuracy: 91.25% -> 90.62%     
client [73] (testset)   loss: 0.8154 -> 0.8314  accuracy: 92.33% -> 91.41%     
client [34] (testset)   loss: 1.3008 -> 1.1167  accuracy: 87.31% -> 88.83%     
client [99] (testset)   loss: 1.2461 -> 1.1112  accuracy: 91.23% -> 91.93%     
client [69] (testset)   loss: 1.0041 -> 0.8885  accuracy: 90.09% -> 92.24%     
client [46] (testset)   loss: 0.5243 -> 0.5046  accuracy: 92.75% -> 93.13%     
---------------------------- TRAINING EPOCH: 380 ----------------------------  
client [99] (testset)   loss: 1.1319 -> 1.1066  accuracy: 92.63% -> 92.28%     
client [93] (testset)   loss: 0.6462 -> 0.6680  accuracy: 92.77% -> 93.06%     
client [11] (testset)   loss: 1.1831 -> 1.1859  accuracy: 90.75% -> 90.75%     
client [58] (testset)   loss: 1.0257 -> 1.0243  accuracy: 89.77% -> 89.77%     
client [81] (testset)   loss: 0.7386 -> 0.7392  accuracy: 91.88% -> 91.88%     
client [85] (testset)   loss: 0.8191 -> 0.8036  accuracy: 94.83% -> 94.83%     
client [89] (testset)   loss: 0.7964 -> 0.7591  accuracy: 90.40% -> 90.40%     
client [45] (testset)   loss: 1.1600 -> 1.1602  accuracy: 89.73% -> 89.73%     
client [8]  (testset)   loss: 1.2668 -> 1.2503  accuracy: 90.32% -> 90.32%     
client [68] (testset)   loss: 1.4494 -> 1.4479  accuracy: 89.11% -> 88.71%     
---------------------------- TRAINING EPOCH: 390 ----------------------------  
client [67] (testset)   loss: 0.5446 -> 0.4647  accuracy: 92.03% -> 93.48%     
client [72] (testset)   loss: 0.6567 -> 0.6567  accuracy: 89.43% -> 89.43%     
client [1]  (testset)   loss: 0.9622 -> 0.9651  accuracy: 91.90% -> 92.25%     
client [78] (testset)   loss: 0.7961 -> 0.7951  accuracy: 93.66% -> 93.94%     
client [83] (testset)   loss: 1.0699 -> 1.0624  accuracy: 91.30% -> 91.30%     
client [21] (testset)   loss: 1.0000 -> 0.9644  accuracy: 92.38% -> 93.05%     
client [56] (testset)   loss: 1.1479 -> 1.1427  accuracy: 90.64% -> 90.94%     
client [44] (testset)   loss: 0.9179 -> 0.8971  accuracy: 90.76% -> 90.76%     
client [92] (testset)   loss: 1.3913 -> 1.3942  accuracy: 90.53% -> 90.53%     
client [27] (testset)   loss: 1.2559 -> 1.2391  accuracy: 91.26% -> 91.03%     
---------------------------- TRAINING EPOCH: 400 ----------------------------  
client [10] (testset)   loss: 0.8814 -> 0.8795  accuracy: 92.82% -> 92.31%     
client [39] (testset)   loss: 1.4446 -> 1.3880  accuracy: 86.54% -> 86.06%     
client [65] (testset)   loss: 1.1619 -> 1.0512  accuracy: 87.94% -> 88.82%     
client [26] (testset)   loss: 1.2826 -> 1.2496  accuracy: 90.42% -> 91.05%     
client [19] (testset)   loss: 0.9243 -> 0.9235  accuracy: 90.77% -> 91.37%     
client [68] (testset)   loss: 1.5883 -> 1.5949  accuracy: 86.69% -> 86.29%     
client [41] (testset)   loss: 1.2989 -> 1.2805  accuracy: 93.72% -> 93.72%     
client [50] (testset)   loss: 0.8686 -> 0.8748  accuracy: 92.15% -> 92.15%     
client [75] (testset)   loss: 0.9282 -> 0.9296  accuracy: 92.50% -> 92.50%     
client [81] (testset)   loss: 0.7152 -> 0.7169  accuracy: 92.39% -> 92.39%     
PSFL's average time taken by each global epoch: 0 min 3.35 sec.                
PSFL's total running time: 0 h 22 m 28 s.                                      
==================== PSFL Experiment Results: ====================             
Display format: (before local fine-tuning) -> (after local fine-tuning)        
 So if finetune_epoch = 0, x.xx% -> 0.00% is normal.                           
 Centralized testing ONLY happens after model aggregation, so the stats between
'->' are the same.                                                             
{                                                                              
    "100": {                                                                   
        "all_clients": {                                                       
            "test": {                                                          
                "loss": "0.6634 -> 0.0000",                                    
                "accuracy": "89.00% -> 0.00%"                                  
            }                                                                  
        }                                                                      
    },                                                                         
    "200": {                                                                   
        "all_clients": {                                                       
            "test": {                                                          
                "loss": "0.7911 -> 0.0000",                                    
                "accuracy": "90.49% -> 0.00%"                                  
            }                                                                  
        }                                                                      
    },                                                                         
    "300": {                                                                   
        "all_clients": {                                                       
            "test": {                                                          
                "loss": "0.9504 -> 0.0000",                                    
                "accuracy": "90.92% -> 0.00%"                                  
            }                                                                  
        }                                                                      
    },                                                                         
    "400": {                                                                   
        "all_clients": {                                                       
            "test": {                                                          
                "loss": "1.0237 -> 0.0000",                                    
                "accuracy": "91.21% -> 0.00%"                                  
            }                                                                  
        }                                                                      
    }                                                                          
}                                                                              
==================== PSFL Max Accuracy ====================                    
all_clients:                                                                   
(test) before fine-tuning: 91.21% at epoch 400                                 
(test) after fine-tuning: 0.00% at epoch 100                                   
