Using downloaded and verified file: /home/ubuntu/PSFL/PSFL/data/svhn/raw/train_32x32.mat
Using downloaded and verified file: /home/ubuntu/PSFL/PSFL/data/svhn/raw/test_32x32.mat
==================== FedDpa ====================                                
Experiment Arguments:                                                           
{
│   'method': 'feddpa',
│   'dataset': {
│   │   'name': 'svhn',
│   │   'client_num': 100,
│   │   'test_ratio': 0.25,
│   │   'val_ratio': 0.0,
│   │   'seed': 42,
│   │   'split': 'sample',
│   │   'IID_ratio': 0.0,
│   │   'monitor_window_name_suffix': 'svhn-100clients-0%IID-Dir(0.1)-seed42',
│   │   'alpha': 0.1,
│   │   'min_samples_per_client': 10
│   },
│   'model': {
│   │   'name': 'avgcnn',
│   │   'use_torchvision_pretrained_weights': True,
│   │   'external_model_weights_path': None
│   },
│   'optimizer': {
│   │   'lr': 0.01,
│   │   'dampening': 0,
│   │   'weight_decay': 0,
│   │   'momentum': 0,
│   │   'nesterov': False,
│   │   'name': 'sgd'
│   },
│   'mode': 'sequential',
│   'parallel': {
│   │   'ray_cluster_addr': None,
│   │   'num_cpus': None,
│   │   'num_gpus': None,
│   │   'num_workers': 2
│   },
│   'common': {
│   │   'seed': 42,
│   │   'join_ratio': 0.1,
│   │   'global_epoch': 400,
│   │   'local_epoch': 5,
│   │   'batch_size': 32,
│   │   'reset_optimizer_on_global_epoch': True,
│   │   'straggler_ratio': 0,
│   │   'straggler_min_local_epoch': 0,
│   │   'buffers': 'global',
│   │   'client_side_evaluation': True,
│   │   'test': {
│   │   │   'client': {
│   │   │   │   'interval': 100,
│   │   │   │   'finetune_epoch': 0,
│   │   │   │   'train': False,
│   │   │   │   'val': False,
│   │   │   │   'test': True
│   │   │   },
│   │   │   'server': {
│   │   │   │   'interval': -1,
│   │   │   │   'train': False,
│   │   │   │   'val': False,
│   │   │   │   'test': False,
│   │   │   │   'model_in_train_mode': False
│   │   │   }
│   │   },
│   │   'verbose_gap': 10,
│   │   'monitor': None,
│   │   'use_cuda': True,
│   │   'save_log': True,
│   │   'save_model': False,
│   │   'save_learning_curve_plot': False,
│   │   'save_metrics': True,
│   │   'delete_useless_run': True
│   },
│   'feddpa': {
│   │   'fisher_threshold': 0.9992
│   }
}
---------------------------- TRAINING EPOCH: 10 ----------------------------    
client [77] (testset)   loss: 1.3300 -> 0.3502  accuracy: 65.62% -> 90.07%      
client [81] (testset)   loss: 3.6841 -> 0.2947  accuracy: 19.35% -> 83.87%      
client [21] (testset)   loss: 0.9846 -> 0.8100  accuracy: 66.67% -> 83.33%      
client [68] (testset)   loss: 1.1758 -> 0.0100  accuracy: 60.42% -> 100.00%     
client [93] (testset)   loss: 2.5830 -> 0.4664  accuracy: 37.42% -> 84.52%      
client [31] (testset)   loss: 1.2835 -> 0.3325  accuracy: 68.57% -> 91.43%      
client [20] (testset)   loss: 0.9187 -> 0.2257  accuracy: 72.92% -> 91.67%      
client [59] (testset)   loss: 1.6897 -> 0.2905  accuracy: 53.63% -> 89.64%      
client [48] (testset)   loss: 0.9586 -> 0.8236  accuracy: 78.79% -> 84.85%      
client [34] (testset)   loss: 1.6920 -> 0.1888  accuracy: 63.64% -> 90.91%      
---------------------------- TRAINING EPOCH: 20 ----------------------------    
client [69] (testset)   loss: 0.9684 -> 0.4061  accuracy: 73.51% -> 92.05%      
client [99] (testset)   loss: 1.7622 -> 0.1477  accuracy: 65.24% -> 95.48%      
client [67] (testset)   loss: 0.4354 -> 0.1072  accuracy: 86.96% -> 96.84%      
client [0]  (testset)   loss: 0.7469 -> 0.2299  accuracy: 81.58% -> 91.23%      
client [76] (testset)   loss: 0.3502 -> 0.0100  accuracy: 91.03% -> 100.00%     
client [41] (testset)   loss: 0.8306 -> 0.3539  accuracy: 77.40% -> 91.48%      
client [62] (testset)   loss: 0.7397 -> 0.2797  accuracy: 83.19% -> 93.89%      
client [2]  (testset)   loss: 0.8881 -> 0.0206  accuracy: 76.21% -> 99.39%      
client [14] (testset)   loss: 1.5905 -> 0.1077  accuracy: 72.02% -> 97.62%      
client [46] (testset)   loss: 1.7598 -> 0.7834  accuracy: 76.32% -> 89.47%      
---------------------------- TRAINING EPOCH: 30 ----------------------------    
client [24] (testset)   loss: 0.1914 -> 0.1974  accuracy: 96.58% -> 96.58%      
client [68] (testset)   loss: 0.0746 -> 0.0049  accuracy: 95.83% -> 100.00%     
client [57] (testset)   loss: 0.4780 -> 0.1404  accuracy: 88.74% -> 96.40%      
client [17] (testset)   loss: 0.2186 -> 0.0645  accuracy: 95.28% -> 99.21%      
client [54] (testset)   loss: 0.1290 -> 0.1092  accuracy: 97.94% -> 97.94%      
client [23] (testset)   loss: 0.1781 -> 0.1902  accuracy: 95.33% -> 97.20%      
client [35] (testset)   loss: 0.2131 -> 0.1523  accuracy: 92.99% -> 96.76%      
client [59] (testset)   loss: 0.5316 -> 0.2827  accuracy: 85.23% -> 91.45%      
client [31] (testset)   loss: 0.3124 -> 0.2590  accuracy: 88.57% -> 91.43%      
client [9]  (testset)   loss: 0.6549 -> 0.3598  accuracy: 89.36% -> 93.62%      
---------------------------- TRAINING EPOCH: 40 ----------------------------    
client [64] (testset)   loss: 0.3485 -> 0.2010  accuracy: 92.59% -> 93.33%      
client [33] (testset)   loss: 0.1465 -> 0.1132  accuracy: 97.23% -> 98.15%      
client [16] (testset)   loss: 0.1201 -> 0.1512  accuracy: 97.53% -> 97.53%      
client [44] (testset)   loss: 0.4535 -> 0.1192  accuracy: 89.69% -> 96.91%      
client [8]  (testset)   loss: 0.0882 -> 0.0676  accuracy: 100.00% -> 100.00%    
client [31] (testset)   loss: 0.3298 -> 0.4796  accuracy: 91.43% -> 91.43%      
client [47] (testset)   loss: 0.2010 -> 0.1470  accuracy: 96.42% -> 97.35%      
client [36] (testset)   loss: 2.4876 -> 2.9518  accuracy: 60.00% -> 70.00%      
client [20] (testset)   loss: 0.3204 -> 0.2743  accuracy: 91.67% -> 94.27%      
client [56] (testset)   loss: 0.4357 -> 0.2093  accuracy: 92.06% -> 95.01%      
---------------------------- TRAINING EPOCH: 50 ----------------------------    
client [4]  (testset)   loss: 0.6533 -> 0.3359  accuracy: 91.18% -> 97.06%      
client [60] (testset)   loss: 0.0016 -> 0.0005  accuracy: 100.00% -> 100.00%    
client [28] (testset)   loss: 0.0788 -> 0.1124  accuracy: 98.11% -> 97.64%      
client [25] (testset)   loss: 0.4232 -> 0.3588  accuracy: 90.00% -> 92.50%      
client [58] (testset)   loss: 0.3256 -> 0.3219  accuracy: 91.95% -> 93.87%      
client [44] (testset)   loss: 0.1754 -> 0.1922  accuracy: 96.91% -> 94.85%      
client [39] (testset)   loss: 0.2559 -> 0.1450  accuracy: 90.24% -> 95.12%      
client [29] (testset)   loss: 0.4216 -> 0.4243  accuracy: 89.31% -> 91.45%      
client [3]  (testset)   loss: 0.2484 -> 0.1170  accuracy: 94.78% -> 96.79%      
client [84] (testset)   loss: 0.4606 -> 0.2807  accuracy: 90.50% -> 94.12%      
---------------------------- TRAINING EPOCH: 60 ----------------------------    
client [21] (testset)   loss: 0.5869 -> 0.4577  accuracy: 83.33% -> 86.11%      
client [84] (testset)   loss: 0.4106 -> 0.3216  accuracy: 90.95% -> 91.86%      
client [10] (testset)   loss: 0.1763 -> 0.1291  accuracy: 96.03% -> 96.65%      
client [36] (testset)   loss: 2.5670 -> 2.7219  accuracy: 80.00% -> 80.00%      
client [65] (testset)   loss: 0.1077 -> 0.0981  accuracy: 98.13% -> 98.40%      
client [81] (testset)   loss: 0.7512 -> 0.6963  accuracy: 87.10% -> 90.32%      
client [79] (testset)   loss: 0.1031 -> 0.0791  accuracy: 97.96% -> 97.96%      
client [42] (testset)   loss: 0.1820 -> 0.1578  accuracy: 94.12% -> 94.85%      
client [11] (testset)   loss: 0.1925 -> 0.1884  accuracy: 94.81% -> 96.10%      
client [96] (testset)   loss: 0.0323 -> 0.0178  accuracy: 98.21% -> 100.00%     
---------------------------- TRAINING EPOCH: 70 ----------------------------    
client [8]  (testset)   loss: 0.0271 -> 0.0286  accuracy: 100.00% -> 100.00%    
client [53] (testset)   loss: 0.1374 -> 0.1637  accuracy: 97.38% -> 96.94%      
client [52] (testset)   loss: 0.0678 -> 0.0502  accuracy: 98.04% -> 98.75%      
client [42] (testset)   loss: 0.2245 -> 0.2400  accuracy: 94.85% -> 96.32%      
client [69] (testset)   loss: 0.6587 -> 0.3440  accuracy: 90.07% -> 93.38%      
client [59] (testset)   loss: 0.3528 -> 0.3249  accuracy: 91.71% -> 92.23%      
client [7]  (testset)   loss: 0.2727 -> 0.2224  accuracy: 93.86% -> 93.14%      
client [26] (testset)   loss: 0.0250 -> 0.0492  accuracy: 99.36% -> 98.73%      
client [49] (testset)   loss: 0.1656 -> 0.0941  accuracy: 96.76% -> 96.76%      
client [98] (testset)   loss: 0.3316 -> 0.2831  accuracy: 95.24% -> 96.43%      
---------------------------- TRAINING EPOCH: 80 ----------------------------    
client [98] (testset)   loss: 0.2515 -> 0.2747  accuracy: 96.03% -> 96.43%      
client [47] (testset)   loss: 0.2673 -> 0.1938  accuracy: 95.63% -> 96.82%      
client [21] (testset)   loss: 0.4723 -> 0.4763  accuracy: 91.67% -> 91.67%      
client [77] (testset)   loss: 0.4615 -> 0.3853  accuracy: 91.53% -> 93.46%      
client [95] (testset)   loss: 0.3539 -> 0.3675  accuracy: 94.68% -> 94.68%      
client [91] (testset)   loss: 0.5933 -> 0.4494  accuracy: 88.54% -> 89.81%      
client [14] (testset)   loss: 0.1733 -> 0.1237  accuracy: 97.02% -> 98.21%      
client [99] (testset)   loss: 0.2736 -> 0.2154  accuracy: 95.71% -> 95.48%      
client [20] (testset)   loss: 0.3794 -> 0.2990  accuracy: 92.71% -> 94.27%      
client [39] (testset)   loss: 0.1063 -> 0.1175  accuracy: 97.56% -> 97.56%      
---------------------------- TRAINING EPOCH: 90 ----------------------------    
client [52] (testset)   loss: 0.0569 -> 0.0600  accuracy: 98.75% -> 98.04%      
client [62] (testset)   loss: 0.3974 -> 0.3743  accuracy: 92.58% -> 94.32%      
client [71] (testset)   loss: 0.2680 -> 0.2572  accuracy: 92.90% -> 94.54%      
client [97] (testset)   loss: 0.1797 -> 0.1715  accuracy: 96.18% -> 96.82%      
client [30] (testset)   loss: 0.0003 -> 0.0001  accuracy: 100.00% -> 100.00%    
client [88] (testset)   loss: 0.2715 -> 0.1392  accuracy: 97.70% -> 97.38%      
client [60] (testset)   loss: 0.0002 -> 0.0001  accuracy: 100.00% -> 100.00%    
client [82] (testset)   loss: 0.8405 -> 0.8012  accuracy: 84.21% -> 89.47%      
client [91] (testset)   loss: 0.5861 -> 0.4387  accuracy: 89.17% -> 90.45%      
client [57] (testset)   loss: 0.2161 -> 0.1706  accuracy: 96.40% -> 96.62%      
---------------------------- TRAINING EPOCH: 100 ----------------------------   
client [31] (testset)   loss: 0.3141 -> 0.3379  accuracy: 91.43% -> 91.43%      
client [15] (testset)   loss: 0.2005 -> 0.1864  accuracy: 96.22% -> 96.08%      
client [71] (testset)   loss: 0.2626 -> 0.2763  accuracy: 95.63% -> 95.63%      
client [97] (testset)   loss: 0.1274 -> 0.1514  accuracy: 97.45% -> 96.60%      
client [53] (testset)   loss: 0.1686 -> 0.1450  accuracy: 97.82% -> 98.25%      
client [77] (testset)   loss: 0.5190 -> 0.4752  accuracy: 92.98% -> 92.98%      
client [76] (testset)   loss: 0.0165 -> 0.0033  accuracy: 99.36% -> 100.00%     
client [79] (testset)   loss: 0.0910 -> 0.0764  accuracy: 97.62% -> 98.13%      
client [28] (testset)   loss: 0.1876 -> 0.1624  accuracy: 97.17% -> 97.64%      
client [99] (testset)   loss: 0.2343 -> 0.2061  accuracy: 95.95% -> 96.67%      
---------------------------- TRAINING EPOCH: 110 ----------------------------   
client [97] (testset)   loss: 0.1949 -> 0.1727  accuracy: 97.24% -> 97.24%      
client [86] (testset)   loss: 0.4929 -> 0.4683  accuracy: 94.62% -> 95.16%      
client [34] (testset)   loss: 0.3515 -> 0.2424  accuracy: 90.91% -> 95.45%      
client [73] (testset)   loss: 0.1318 -> 0.1300  accuracy: 98.26% -> 98.26%      
client [5]  (testset)   loss: 0.6921 -> 0.4145  accuracy: 89.06% -> 92.19%      
client [96] (testset)   loss: 0.0095 -> 0.0005  accuracy: 100.00% -> 100.00%    
client [22] (testset)   loss: 1.2079 -> 1.0886  accuracy: 87.50% -> 84.38%      
client [60] (testset)   loss: 0.0001 -> 0.0001  accuracy: 100.00% -> 100.00%    
client [66] (testset)   loss: 0.3460 -> 0.2427  accuracy: 92.59% -> 95.56%      
client [83] (testset)   loss: 0.0010 -> 0.0006  accuracy: 100.00% -> 100.00%    
---------------------------- TRAINING EPOCH: 120 ----------------------------   
client [76] (testset)   loss: 0.0232 -> 0.0040  accuracy: 98.72% -> 100.00%     
client [65] (testset)   loss: 0.1152 -> 0.1050  accuracy: 98.26% -> 98.66%      
client [95] (testset)   loss: 0.2542 -> 0.3146  accuracy: 94.68% -> 93.62%      
client [17] (testset)   loss: 0.1036 -> 0.1266  accuracy: 98.43% -> 98.43%      
client [8]  (testset)   loss: 0.0653 -> 0.0530  accuracy: 100.00% -> 100.00%    
client [35] (testset)   loss: 0.1439 -> 0.1435  accuracy: 96.94% -> 97.30%      
client [98] (testset)   loss: 0.1820 -> 0.1796  accuracy: 96.43% -> 97.22%      
client [53] (testset)   loss: 0.0933 -> 0.0903  accuracy: 97.82% -> 97.82%      
client [43] (testset)   loss: 0.2390 -> 0.1997  accuracy: 94.78% -> 94.78%      
client [64] (testset)   loss: 0.3945 -> 0.2974  accuracy: 91.85% -> 91.11%      
---------------------------- TRAINING EPOCH: 130 ----------------------------   
client [21] (testset)   loss: 0.2501 -> 0.2887  accuracy: 91.67% -> 88.89%      
client [88] (testset)   loss: 0.4028 -> 0.1225  accuracy: 90.16% -> 98.03%      
client [38] (testset)   loss: 0.3503 -> 0.3135  accuracy: 96.73% -> 97.49%      
client [3]  (testset)   loss: 0.2170 -> 0.1843  accuracy: 95.58% -> 95.98%      
client [5]  (testset)   loss: 0.1880 -> 0.0594  accuracy: 96.88% -> 96.88%      
client [41] (testset)   loss: 0.4629 -> 0.4023  accuracy: 90.41% -> 93.02%      
client [7]  (testset)   loss: 0.4320 -> 0.2960  accuracy: 93.50% -> 94.95%      
client [37] (testset)   loss: 0.0115 -> 0.0114  accuracy: 99.72% -> 99.72%      
client [45] (testset)   loss: 0.1172 -> 0.1175  accuracy: 97.92% -> 97.92%      
client [47] (testset)   loss: 0.2439 -> 0.2125  accuracy: 96.56% -> 96.95%      
---------------------------- TRAINING EPOCH: 140 ----------------------------   
client [16] (testset)   loss: 0.1228 -> 0.1217  accuracy: 97.53% -> 97.53%      
client [11] (testset)   loss: 0.3406 -> 0.2751  accuracy: 96.10% -> 96.10%      
client [37] (testset)   loss: 0.0092 -> 0.0093  accuracy: 99.72% -> 99.72%      
client [41] (testset)   loss: 0.4659 -> 0.4414  accuracy: 91.83% -> 92.66%      
client [95] (testset)   loss: 0.5886 -> 0.5173  accuracy: 93.62% -> 93.62%      
client [53] (testset)   loss: 0.1637 -> 0.1626  accuracy: 97.82% -> 97.82%      
client [22] (testset)   loss: 1.2372 -> 1.3309  accuracy: 84.38% -> 87.50%      
client [25] (testset)   loss: 0.2194 -> 0.2443  accuracy: 95.00% -> 95.00%      
client [69] (testset)   loss: 0.6201 -> 0.5140  accuracy: 91.39% -> 92.72%      
client [46] (testset)   loss: 1.1495 -> 1.1747  accuracy: 86.84% -> 86.84%      
---------------------------- TRAINING EPOCH: 150 ----------------------------   
client [47] (testset)   loss: 0.4069 -> 0.2368  accuracy: 95.36% -> 96.95%      
client [69] (testset)   loss: 0.6793 -> 0.4824  accuracy: 92.72% -> 93.38%      
client [82] (testset)   loss: 2.3583 -> 2.3192  accuracy: 84.21% -> 84.21%      
client [45] (testset)   loss: 0.1338 -> 0.0600  accuracy: 96.88% -> 98.96%      
client [7]  (testset)   loss: 0.3049 -> 0.2698  accuracy: 95.67% -> 95.67%      
client [50] (testset)   loss: 0.3187 -> 0.2345  accuracy: 92.86% -> 95.24%      
client [35] (testset)   loss: 0.1425 -> 0.1396  accuracy: 97.66% -> 97.84%      
client [24] (testset)   loss: 0.3371 -> 0.3298  accuracy: 95.03% -> 95.03%      
client [15] (testset)   loss: 0.2293 -> 0.2145  accuracy: 96.36% -> 96.22%      
client [58] (testset)   loss: 0.3579 -> 0.3210  accuracy: 93.10% -> 93.87%      
---------------------------- TRAINING EPOCH: 160 ----------------------------   
client [48] (testset)   loss: 0.2699 -> 0.2356  accuracy: 87.88% -> 90.91%      
client [76] (testset)   loss: 0.0207 -> 0.0151  accuracy: 99.36% -> 99.36%      
client [67] (testset)   loss: 0.1621 -> 0.1589  accuracy: 97.23% -> 97.23%      
client [37] (testset)   loss: 0.0067 -> 0.0075  accuracy: 99.72% -> 99.72%      
client [58] (testset)   loss: 0.5046 -> 0.3276  accuracy: 91.57% -> 93.49%      
client [64] (testset)   loss: 0.3474 -> 0.3337  accuracy: 93.33% -> 93.33%      
client [77] (testset)   loss: 0.5213 -> 0.4520  accuracy: 91.04% -> 93.22%      
client [55] (testset)   loss: 0.4237 -> 0.4726  accuracy: 93.62% -> 92.60%      
client [12] (testset)   loss: 0.2000 -> 0.1999  accuracy: 90.91% -> 90.91%      
client [89] (testset)   loss: 0.3468 -> 0.3365  accuracy: 96.08% -> 96.08%      
---------------------------- TRAINING EPOCH: 170 ----------------------------   
client [84] (testset)   loss: 0.3038 -> 0.3335  accuracy: 94.12% -> 94.12%      
client [51] (testset)   loss: 0.3666 -> 0.3533  accuracy: 96.96% -> 97.72%      
client [8]  (testset)   loss: 0.4236 -> 0.4634  accuracy: 93.75% -> 93.75%      
client [18] (testset)   loss: 0.1819 -> 0.1718  accuracy: 96.51% -> 96.51%      
client [94] (testset)   loss: 0.1704 -> 0.1206  accuracy: 96.93% -> 97.24%      
client [81] (testset)   loss: 1.3550 -> 1.3188  accuracy: 90.32% -> 90.32%      
client [3]  (testset)   loss: 0.2362 -> 0.2120  accuracy: 95.18% -> 95.58%      
client [11] (testset)   loss: 0.1936 -> 0.2108  accuracy: 94.81% -> 94.81%      
client [95] (testset)   loss: 0.4011 -> 0.4034  accuracy: 94.68% -> 94.68%      
client [67] (testset)   loss: 0.1848 -> 0.1718  accuracy: 96.84% -> 97.63%      
---------------------------- TRAINING EPOCH: 180 ----------------------------   
client [21] (testset)   loss: 0.5042 -> 0.5006  accuracy: 88.89% -> 88.89%      
client [79] (testset)   loss: 0.1131 -> 0.1060  accuracy: 97.96% -> 98.13%      
client [58] (testset)   loss: 0.3551 -> 0.3597  accuracy: 92.72% -> 93.10%      
client [88] (testset)   loss: 0.2404 -> 0.1466  accuracy: 96.72% -> 97.05%      
client [46] (testset)   loss: 1.8083 -> 1.6611  accuracy: 86.84% -> 86.84%      
client [11] (testset)   loss: 0.2469 -> 0.2395  accuracy: 96.10% -> 94.81%      
client [55] (testset)   loss: 0.5330 -> 0.5104  accuracy: 92.60% -> 92.86%      
client [13] (testset)   loss: 0.3088 -> 0.3275  accuracy: 96.50% -> 97.00%      
client [31] (testset)   loss: 0.4361 -> 0.4277  accuracy: 91.43% -> 91.43%      
client [75] (testset)   loss: 0.2638 -> 0.2568  accuracy: 94.44% -> 94.44%      
---------------------------- TRAINING EPOCH: 190 ----------------------------   
client [19] (testset)   loss: 0.5614 -> 0.3659  accuracy: 90.41% -> 91.78%      
client [7]  (testset)   loss: 0.3592 -> 0.3135  accuracy: 94.95% -> 96.03%      
client [57] (testset)   loss: 0.3902 -> 0.3207  accuracy: 95.27% -> 95.95%      
client [13] (testset)   loss: 0.3450 -> 0.3476  accuracy: 96.00% -> 96.50%      
client [43] (testset)   loss: 0.2838 -> 0.2554  accuracy: 95.15% -> 96.27%      
client [91] (testset)   loss: 0.6696 -> 0.6411  accuracy: 89.81% -> 91.72%      
client [10] (testset)   loss: 0.1722 -> 0.1778  accuracy: 96.65% -> 96.65%      
client [64] (testset)   loss: 0.4233 -> 0.4160  accuracy: 91.11% -> 91.85%      
client [82] (testset)   loss: 2.6123 -> 2.5111  accuracy: 84.21% -> 84.21%      
client [22] (testset)   loss: 1.4732 -> 1.4446  accuracy: 87.50% -> 87.50%      
---------------------------- TRAINING EPOCH: 200 ----------------------------   
client [20] (testset)   loss: 0.5170 -> 0.4316  accuracy: 90.10% -> 92.71%      
client [23] (testset)   loss: 0.2390 -> 0.2388  accuracy: 98.13% -> 98.13%      
client [88] (testset)   loss: 0.2538 -> 0.2358  accuracy: 96.07% -> 96.72%      
client [98] (testset)   loss: 0.3910 -> 0.3592  accuracy: 95.63% -> 96.03%      
client [79] (testset)   loss: 0.0985 -> 0.0885  accuracy: 98.13% -> 98.30%      
client [21] (testset)   loss: 0.4544 -> 0.3924  accuracy: 88.89% -> 88.89%      
client [92] (testset)   loss: 0.4741 -> 0.4499  accuracy: 93.37% -> 93.37%      
client [56] (testset)   loss: 0.4000 -> 0.3183  accuracy: 94.44% -> 95.46%      
client [5]  (testset)   loss: 0.0838 -> 0.0803  accuracy: 98.44% -> 98.44%      
client [52] (testset)   loss: 0.0711 -> 0.0632  accuracy: 97.86% -> 97.86%      
---------------------------- TRAINING EPOCH: 210 ----------------------------   
client [67] (testset)   loss: 0.2538 -> 0.2365  accuracy: 96.05% -> 96.44%      
client [54] (testset)   loss: 0.3038 -> 0.3064  accuracy: 96.91% -> 96.91%      
client [14] (testset)   loss: 0.2334 -> 0.2185  accuracy: 97.02% -> 97.62%      
client [99] (testset)   loss: 0.3097 -> 0.2869  accuracy: 95.48% -> 95.95%      
client [36] (testset)   loss: 4.1860 -> 4.1856  accuracy: 80.00% -> 80.00%      
client [30] (testset)   loss: 0.0000 -> 0.0000  accuracy: 100.00% -> 100.00%    
client [38] (testset)   loss: 0.3424 -> 0.3568  accuracy: 97.99% -> 97.99%      
client [15] (testset)   loss: 0.3244 -> 0.2810  accuracy: 95.66% -> 96.08%      
client [6]  (testset)   loss: 0.1721 -> 0.1219  accuracy: 95.62% -> 96.81%      
client [53] (testset)   loss: 0.1854 -> 0.1731  accuracy: 97.38% -> 97.82%      
---------------------------- TRAINING EPOCH: 220 ----------------------------   
client [99] (testset)   loss: 0.3143 -> 0.2825  accuracy: 96.43% -> 95.95%      
client [6]  (testset)   loss: 0.1848 -> 0.1387  accuracy: 96.41% -> 96.81%      
client [83] (testset)   loss: 0.0000 -> 0.0000  accuracy: 100.00% -> 100.00%    
client [42] (testset)   loss: 0.2478 -> 0.2402  accuracy: 94.85% -> 95.59%      
client [34] (testset)   loss: 0.1515 -> 0.1005  accuracy: 90.91% -> 90.91%      
client [15] (testset)   loss: 0.3575 -> 0.2785  accuracy: 95.24% -> 95.94%      
client [47] (testset)   loss: 0.3233 -> 0.2574  accuracy: 96.56% -> 97.22%      
client [55] (testset)   loss: 0.5510 -> 0.5272  accuracy: 92.35% -> 93.11%      
client [51] (testset)   loss: 0.3603 -> 0.3666  accuracy: 96.96% -> 96.58%      
client [95] (testset)   loss: 0.5636 -> 0.5639  accuracy: 94.68% -> 94.68%      
---------------------------- TRAINING EPOCH: 230 ----------------------------   
client [71] (testset)   loss: 0.5719 -> 0.5265  accuracy: 92.90% -> 93.99%      
client [15] (testset)   loss: 0.4068 -> 0.3022  accuracy: 95.38% -> 95.80%      
client [33] (testset)   loss: 0.1539 -> 0.1032  accuracy: 97.54% -> 98.46%      
client [99] (testset)   loss: 0.3148 -> 0.2892  accuracy: 95.95% -> 95.71%      
client [90] (testset)   loss: 0.1970 -> 0.1789  accuracy: 96.30% -> 97.53%      
client [57] (testset)   loss: 0.3954 -> 0.3237  accuracy: 95.50% -> 95.50%      
client [27] (testset)   loss: 0.5513 -> 0.5144  accuracy: 93.00% -> 94.00%      
client [78] (testset)   loss: 0.2349 -> 0.2005  accuracy: 94.87% -> 96.58%      
client [36] (testset)   loss: 5.3741 -> 5.3000  accuracy: 60.00% -> 70.00%      
client [88] (testset)   loss: 0.1477 -> 0.1373  accuracy: 97.38% -> 98.03%      
---------------------------- TRAINING EPOCH: 240 ----------------------------   
client [70] (testset)   loss: 0.5045 -> 0.4797  accuracy: 93.75% -> 93.92%      
client [35] (testset)   loss: 0.1847 -> 0.1991  accuracy: 97.66% -> 97.66%      
client [16] (testset)   loss: 0.0024 -> 0.0027  accuracy: 100.00% -> 100.00%    
client [80] (testset)   loss: 0.9344 -> 0.9461  accuracy: 91.30% -> 91.30%      
client [38] (testset)   loss: 0.3677 -> 0.3700  accuracy: 97.74% -> 97.74%      
client [78] (testset)   loss: 0.2883 -> 0.2876  accuracy: 98.29% -> 98.29%      
client [68] (testset)   loss: 0.0012 -> 0.0012  accuracy: 100.00% -> 100.00%    
client [11] (testset)   loss: 0.3300 -> 0.2600  accuracy: 93.51% -> 96.10%      
client [64] (testset)   loss: 0.5901 -> 0.5075  accuracy: 91.85% -> 91.85%      
client [82] (testset)   loss: 3.2284 -> 3.1677  accuracy: 84.21% -> 84.21%      
---------------------------- TRAINING EPOCH: 250 ----------------------------   
client [30] (testset)   loss: 0.0000 -> 0.0000  accuracy: 100.00% -> 100.00%    
client [27] (testset)   loss: 0.5193 -> 0.4995  accuracy: 94.00% -> 93.00%      
client [74] (testset)   loss: 0.5604 -> 0.4051  accuracy: 90.07% -> 92.05%      
client [45] (testset)   loss: 0.1051 -> 0.1133  accuracy: 98.96% -> 96.88%      
client [6]  (testset)   loss: 0.1422 -> 0.1168  accuracy: 96.81% -> 96.41%      
client [36] (testset)   loss: 5.3044 -> 5.2628  accuracy: 70.00% -> 70.00%      
client [63] (testset)   loss: 0.9191 -> 0.9124  accuracy: 86.36% -> 86.36%      
client [76] (testset)   loss: 0.0444 -> 0.0382  accuracy: 98.72% -> 98.72%      
client [83] (testset)   loss: 0.0000 -> 0.0000  accuracy: 100.00% -> 100.00%    
client [86] (testset)   loss: 0.3696 -> 0.3849  accuracy: 95.70% -> 95.70%      
---------------------------- TRAINING EPOCH: 260 ----------------------------   
client [83] (testset)   loss: 0.0001 -> 0.0001  accuracy: 100.00% -> 100.00%    
client [99] (testset)   loss: 0.2821 -> 0.2734  accuracy: 96.43% -> 96.19%      
client [74] (testset)   loss: 0.4899 -> 0.4642  accuracy: 90.73% -> 91.39%      
client [73] (testset)   loss: 0.1739 -> 0.1697  accuracy: 98.70% -> 98.70%      
client [29] (testset)   loss: 0.7015 -> 0.6960  accuracy: 90.97% -> 90.26%      
client [92] (testset)   loss: 0.5430 -> 0.5277  accuracy: 93.37% -> 93.37%      
client [6]  (testset)   loss: 0.1473 -> 0.1329  accuracy: 96.41% -> 96.41%      
client [61] (testset)   loss: 0.5329 -> 0.4879  accuracy: 91.16% -> 91.57%      
client [21] (testset)   loss: 0.3342 -> 0.4039  accuracy: 88.89% -> 88.89%      
client [67] (testset)   loss: 0.2878 -> 0.2610  accuracy: 96.44% -> 96.44%      
---------------------------- TRAINING EPOCH: 270 ----------------------------   
client [83] (testset)   loss: 0.0013 -> 0.0012  accuracy: 100.00% -> 100.00%    
client [32] (testset)   loss: 0.8935 -> 0.7381  accuracy: 87.77% -> 90.65%      
client [95] (testset)   loss: 0.6454 -> 0.6564  accuracy: 91.49% -> 92.55%      
client [61] (testset)   loss: 0.5481 -> 0.5443  accuracy: 89.16% -> 90.76%      
client [27] (testset)   loss: 0.5785 -> 0.5212  accuracy: 92.50% -> 93.50%      
client [25] (testset)   loss: 0.6379 -> 0.6388  accuracy: 95.00% -> 95.00%      
client [68] (testset)   loss: 0.0002 -> 0.0002  accuracy: 100.00% -> 100.00%    
client [34] (testset)   loss: 0.1319 -> 0.1289  accuracy: 95.45% -> 95.45%      
client [71] (testset)   loss: 0.4902 -> 0.4511  accuracy: 93.99% -> 95.08%      
client [89] (testset)   loss: 0.4750 -> 0.4477  accuracy: 94.61% -> 95.10%      
---------------------------- TRAINING EPOCH: 280 ----------------------------   
client [78] (testset)   loss: 0.2620 -> 0.2581  accuracy: 98.29% -> 98.29%      
client [81] (testset)   loss: 1.3588 -> 1.3484  accuracy: 87.10% -> 87.10%      
client [51] (testset)   loss: 0.5118 -> 0.4599  accuracy: 96.20% -> 96.58%      
client [54] (testset)   loss: 0.2335 -> 0.2588  accuracy: 98.97% -> 96.91%      
client [65] (testset)   loss: 0.1830 -> 0.1708  accuracy: 98.13% -> 98.40%      
client [41] (testset)   loss: 0.5614 -> 0.5653  accuracy: 93.02% -> 93.25%      
client [11] (testset)   loss: 0.3042 -> 0.2965  accuracy: 96.10% -> 96.10%      
client [85] (testset)   loss: 0.2286 -> 0.2254  accuracy: 93.75% -> 93.75%      
client [12] (testset)   loss: 1.1150 -> 1.1147  accuracy: 90.91% -> 90.91%      
client [23] (testset)   loss: 0.5063 -> 0.4866  accuracy: 98.13% -> 98.13%      
---------------------------- TRAINING EPOCH: 290 ----------------------------   
client [16] (testset)   loss: 0.0087 -> 0.0084  accuracy: 100.00% -> 100.00%    
client [65] (testset)   loss: 0.1674 -> 0.1655  accuracy: 98.26% -> 98.26%      
client [53] (testset)   loss: 0.1287 -> 0.1288  accuracy: 98.69% -> 98.69%      
client [58] (testset)   loss: 0.4360 -> 0.4336  accuracy: 94.64% -> 94.25%      
client [72] (testset)   loss: 0.6350 -> 0.6211  accuracy: 93.40% -> 93.23%      
client [7]  (testset)   loss: 0.3737 -> 0.3736  accuracy: 95.31% -> 95.31%      
client [71] (testset)   loss: 0.4501 -> 0.4561  accuracy: 95.63% -> 95.63%      
client [59] (testset)   loss: 0.6279 -> 0.5494  accuracy: 91.45% -> 91.71%      
client [86] (testset)   loss: 0.4247 -> 0.4464  accuracy: 95.16% -> 96.24%      
client [39] (testset)   loss: 0.1943 -> 0.2007  accuracy: 97.56% -> 97.56%      
---------------------------- TRAINING EPOCH: 300 ----------------------------   
client [99] (testset)   loss: 0.3747 -> 0.3345  accuracy: 95.48% -> 95.48%      
client [7]  (testset)   loss: 0.3688 -> 0.3679  accuracy: 94.95% -> 94.95%      
client [17] (testset)   loss: 0.3273 -> 0.3065  accuracy: 98.43% -> 98.43%      
client [64] (testset)   loss: 0.5747 -> 0.5668  accuracy: 91.85% -> 91.85%      
client [37] (testset)   loss: 0.0090 -> 0.0090  accuracy: 99.72% -> 99.72%      
client [29] (testset)   loss: 0.7830 -> 0.7535  accuracy: 90.02% -> 90.50%      
client [93] (testset)   loss: 0.5342 -> 0.5164  accuracy: 90.97% -> 90.97%      
client [73] (testset)   loss: 0.1600 -> 0.1590  accuracy: 99.13% -> 99.13%      
client [40] (testset)   loss: 1.0431 -> 1.0160  accuracy: 84.75% -> 84.75%      
client [76] (testset)   loss: 0.0751 -> 0.0731  accuracy: 98.72% -> 98.72%      
---------------------------- TRAINING EPOCH: 310 ----------------------------   
client [31] (testset)   loss: 0.9044 -> 0.9073  accuracy: 85.71% -> 85.71%      
client [89] (testset)   loss: 0.4946 -> 0.4680  accuracy: 95.59% -> 95.10%      
client [77] (testset)   loss: 0.5872 -> 0.5867  accuracy: 92.49% -> 92.49%      
client [90] (testset)   loss: 0.2091 -> 0.2047  accuracy: 97.53% -> 97.53%      
client [26] (testset)   loss: 0.0390 -> 0.0387  accuracy: 98.73% -> 98.73%      
client [50] (testset)   loss: 0.4544 -> 0.4713  accuracy: 95.24% -> 95.24%      
client [30] (testset)   loss: 0.0000 -> 0.0000  accuracy: 100.00% -> 100.00%    
client [70] (testset)   loss: 0.5007 -> 0.4806  accuracy: 93.75% -> 94.10%      
client [41] (testset)   loss: 0.6161 -> 0.5950  accuracy: 92.07% -> 92.90%      
client [99] (testset)   loss: 0.2825 -> 0.2792  accuracy: 96.67% -> 96.43%      
---------------------------- TRAINING EPOCH: 320 ----------------------------   
client [68] (testset)   loss: 0.0007 -> 0.0007  accuracy: 100.00% -> 100.00%    
client [70] (testset)   loss: 0.5210 -> 0.4660  accuracy: 93.58% -> 94.62%      
client [52] (testset)   loss: 0.0925 -> 0.0895  accuracy: 97.50% -> 98.04%      
client [1]  (testset)   loss: 0.1438 -> 0.1407  accuracy: 98.05% -> 97.77%      
client [2]  (testset)   loss: 0.1138 -> 0.1030  accuracy: 99.16% -> 99.16%      
client [67] (testset)   loss: 0.2168 -> 0.2128  accuracy: 96.05% -> 96.44%      
client [92] (testset)   loss: 0.7641 -> 0.7438  accuracy: 91.16% -> 90.61%      
client [35] (testset)   loss: 0.2338 -> 0.2314  accuracy: 97.12% -> 96.94%      
client [36] (testset)   loss: 7.2351 -> 7.1262  accuracy: 60.00% -> 60.00%      
client [64] (testset)   loss: 0.7054 -> 0.6530  accuracy: 92.59% -> 91.85%      
---------------------------- TRAINING EPOCH: 330 ----------------------------   
client [44] (testset)   loss: 0.2721 -> 0.2712  accuracy: 95.88% -> 97.94%      
client [6]  (testset)   loss: 0.1725 -> 0.1547  accuracy: 95.62% -> 96.41%      
client [12] (testset)   loss: 0.5641 -> 0.5641  accuracy: 90.91% -> 90.91%      
client [55] (testset)   loss: 0.5626 -> 0.5635  accuracy: 93.88% -> 93.88%      
client [29] (testset)   loss: 0.6884 -> 0.6908  accuracy: 91.45% -> 91.69%      
client [9]  (testset)   loss: 0.9957 -> 0.9853  accuracy: 94.33% -> 93.62%      
client [43] (testset)   loss: 0.3280 -> 0.3254  accuracy: 96.27% -> 96.27%      
client [77] (testset)   loss: 0.5662 -> 0.5637  accuracy: 93.46% -> 93.95%      
client [98] (testset)   loss: 0.3263 -> 0.3322  accuracy: 96.83% -> 96.83%      
client [78] (testset)   loss: 0.2779 -> 0.2767  accuracy: 97.44% -> 97.44%      
---------------------------- TRAINING EPOCH: 340 ----------------------------   
client [92] (testset)   loss: 0.5589 -> 0.5591  accuracy: 92.82% -> 92.82%      
client [80] (testset)   loss: 1.3011 -> 1.3183  accuracy: 91.30% -> 91.30%      
client [63] (testset)   loss: 0.9784 -> 0.9786  accuracy: 90.91% -> 90.91%      
client [76] (testset)   loss: 0.0563 -> 0.0544  accuracy: 98.72% -> 98.72%      
client [78] (testset)   loss: 0.2764 -> 0.2776  accuracy: 98.29% -> 98.29%      
client [25] (testset)   loss: 0.4394 -> 0.4431  accuracy: 92.50% -> 95.00%      
client [58] (testset)   loss: 0.4554 -> 0.4497  accuracy: 93.87% -> 93.87%      
client [13] (testset)   loss: 0.4616 -> 0.4546  accuracy: 95.50% -> 95.50%      
client [17] (testset)   loss: 0.2491 -> 0.2486  accuracy: 99.21% -> 99.21%      
client [38] (testset)   loss: 0.4267 -> 0.4282  accuracy: 97.74% -> 97.99%      
---------------------------- TRAINING EPOCH: 350 ----------------------------   
client [72] (testset)   loss: 0.6504 -> 0.6395  accuracy: 93.23% -> 92.72%      
client [82] (testset)   loss: 4.7220 -> 4.7215  accuracy: 84.21% -> 84.21%      
client [86] (testset)   loss: 1.0809 -> 0.7412  accuracy: 90.86% -> 91.94%      
client [51] (testset)   loss: 0.5729 -> 0.5593  accuracy: 95.06% -> 96.20%      
client [96] (testset)   loss: 0.0101 -> 0.0090  accuracy: 100.00% -> 100.00%    
client [42] (testset)   loss: 0.2642 -> 0.2634  accuracy: 94.85% -> 94.85%      
client [55] (testset)   loss: 0.5656 -> 0.5377  accuracy: 92.86% -> 93.62%      
client [13] (testset)   loss: 0.5101 -> 0.4956  accuracy: 95.50% -> 95.50%      
client [1]  (testset)   loss: 0.1566 -> 0.1532  accuracy: 98.05% -> 98.05%      
client [12] (testset)   loss: 0.7755 -> 0.7753  accuracy: 90.91% -> 90.91%      
---------------------------- TRAINING EPOCH: 360 ----------------------------   
client [68] (testset)   loss: 0.0049 -> 0.0033  accuracy: 100.00% -> 100.00%    
client [23] (testset)   loss: 0.3512 -> 0.3809  accuracy: 97.20% -> 97.20%      
client [46] (testset)   loss: 1.7765 -> 1.7641  accuracy: 89.47% -> 89.47%      
client [41] (testset)   loss: 0.6132 -> 0.6047  accuracy: 92.78% -> 93.49%      
client [25] (testset)   loss: 0.6651 -> 0.6699  accuracy: 95.00% -> 95.00%      
client [58] (testset)   loss: 0.5280 -> 0.5257  accuracy: 93.87% -> 93.10%      
client [14] (testset)   loss: 0.2889 -> 0.2823  accuracy: 96.43% -> 97.02%      
client [33] (testset)   loss: 0.2135 -> 0.2059  accuracy: 97.23% -> 97.23%      
client [85] (testset)   loss: 0.0565 -> 0.0520  accuracy: 93.75% -> 93.75%      
client [62] (testset)   loss: 0.4975 -> 0.4921  accuracy: 94.10% -> 94.10%      
---------------------------- TRAINING EPOCH: 370 ----------------------------   
client [98] (testset)   loss: 0.4320 -> 0.4298  accuracy: 95.63% -> 96.03%      
client [63] (testset)   loss: 0.6208 -> 0.6111  accuracy: 90.91% -> 90.91%      
client [70] (testset)   loss: 0.5368 -> 0.5147  accuracy: 93.58% -> 94.10%      
client [65] (testset)   loss: 0.2127 -> 0.1878  accuracy: 98.26% -> 98.40%      
client [14] (testset)   loss: 0.2464 -> 0.2456  accuracy: 97.62% -> 97.62%      
client [73] (testset)   loss: 0.1334 -> 0.1328  accuracy: 99.13% -> 99.13%      
client [34] (testset)   loss: 0.7869 -> 0.4484  accuracy: 90.91% -> 90.91%      
client [99] (testset)   loss: 0.3358 -> 0.3367  accuracy: 95.71% -> 96.19%      
client [69] (testset)   loss: 0.5281 -> 0.4896  accuracy: 94.70% -> 94.70%      
client [46] (testset)   loss: 1.8689 -> 1.7921  accuracy: 84.21% -> 86.84%      
---------------------------- TRAINING EPOCH: 380 ----------------------------   
client [99] (testset)   loss: 0.3681 -> 0.3532  accuracy: 96.19% -> 96.43%      
client [93] (testset)   loss: 0.5176 -> 0.5034  accuracy: 91.61% -> 90.97%      
client [11] (testset)   loss: 0.3074 -> 0.2926  accuracy: 94.81% -> 94.81%      
client [58] (testset)   loss: 0.4815 -> 0.4739  accuracy: 94.64% -> 94.64%      
client [81] (testset)   loss: 1.5577 -> 1.5488  accuracy: 87.10% -> 87.10%      
client [85] (testset)   loss: 0.2739 -> 0.2736  accuracy: 93.75% -> 93.75%      
client [89] (testset)   loss: 0.5686 -> 0.4578  accuracy: 92.65% -> 95.59%      
client [45] (testset)   loss: 0.0615 -> 0.0498  accuracy: 96.88% -> 98.96%      
client [8]  (testset)   loss: 0.8159 -> 0.8160  accuracy: 81.25% -> 81.25%      
client [68] (testset)   loss: 0.0008 -> 0.0007  accuracy: 100.00% -> 100.00%    
---------------------------- TRAINING EPOCH: 390 ----------------------------   
client [67] (testset)   loss: 0.2996 -> 0.2832  accuracy: 97.23% -> 96.44%      
client [72] (testset)   loss: 0.6194 -> 0.6196  accuracy: 93.23% -> 93.57%      
client [1]  (testset)   loss: 0.1558 -> 0.1536  accuracy: 97.77% -> 98.05%      
client [78] (testset)   loss: 0.3548 -> 0.3539  accuracy: 98.29% -> 98.29%      
client [83] (testset)   loss: 0.0237 -> 0.0200  accuracy: 100.00% -> 100.00%    
client [21] (testset)   loss: 0.3738 -> 0.3692  accuracy: 94.44% -> 94.44%      
client [56] (testset)   loss: 0.3826 -> 0.3718  accuracy: 95.01% -> 95.24%      
client [44] (testset)   loss: 0.2995 -> 0.2998  accuracy: 96.91% -> 96.91%      
client [92] (testset)   loss: 0.7757 -> 0.7686  accuracy: 90.61% -> 90.61%      
client [27] (testset)   loss: 0.6526 -> 0.5951  accuracy: 92.00% -> 92.00%      
---------------------------- TRAINING EPOCH: 400 ----------------------------   
client [10] (testset)   loss: 0.2657 -> 0.2549  accuracy: 95.61% -> 95.61%      
client [39] (testset)   loss: 0.1306 -> 0.1373  accuracy: 97.56% -> 97.56%      
client [65] (testset)   loss: 0.2077 -> 0.2053  accuracy: 98.53% -> 98.53%      
client [26] (testset)   loss: 0.0569 -> 0.0597  accuracy: 98.73% -> 98.73%      
client [19] (testset)   loss: 0.4758 -> 0.4698  accuracy: 91.78% -> 92.24%      
client [68] (testset)   loss: 0.0003 -> 0.0003  accuracy: 100.00% -> 100.00%    
client [41] (testset)   loss: 0.6672 -> 0.6347  accuracy: 92.54% -> 92.78%      
client [50] (testset)   loss: 0.5945 -> 0.5981  accuracy: 95.24% -> 95.24%      
client [75] (testset)   loss: 0.2265 -> 0.2263  accuracy: 94.44% -> 94.44%      
client [81] (testset)   loss: 1.5966 -> 1.5951  accuracy: 90.32% -> 90.32%      
Training... ━━━━━━━━━━━━━━━━━━━━━━━━━━━━━━━━━━━━━━━━ 100% 0:28:15
FedDpa's average time taken by each global epoch: 0 min 3.97 sec.               
FedDpa's total running time: 0 h 28 m 15 s.                                     
==================== FedDpa Experiment Results: ====================            
Display format: (before local fine-tuning) -> (after local fine-tuning)         
 So if finetune_epoch = 0, x.xx% -> 0.00% is normal.                            
 Centralized testing ONLY happens after model aggregation, so the stats between 
'->' are the same.                                                              
{                                                                               
    "100": {                                                                    
        "all_clients": {                                                        
            "test": {                                                           
                "loss": "0.3086 -> 0.0000",                                     
                "accuracy": "94.94% -> 0.00%"                                   
            }                                                                   
        }                                                                       
    },                                                                          
    "200": {                                                                    
        "all_clients": {                                                        
            "test": {                                                           
                "loss": "0.4152 -> 0.0000",                                     
                "accuracy": "94.28% -> 0.00%"                                   
            }                                                                   
        }                                                                       
    },                                                                          
    "300": {                                                                    
        "all_clients": {                                                        
            "test": {                                                           
                "loss": "0.5751 -> 0.0000",                                     
                "accuracy": "93.29% -> 0.00%"                                   
            }                                                                   
        }                                                                       
    },                                                                          
    "400": {                                                                    
        "all_clients": {                                                        
            "test": {                                                           
                "loss": "0.4892 -> 0.0000",                                     
                "accuracy": "94.62% -> 0.00%"                                   
            }                                                                   
        }                                                                       
    }                                                                           
}                                                                               
==================== FedDpa Max Accuracy ====================                   
all_clients:                                                                    
(test) before fine-tuning: 94.94% at epoch 100                                  
(test) after fine-tuning: 0.00% at epoch 100                                    
