Files already downloaded and verified
Files already downloaded and verified
==================== FedDpa ====================                                
Experiment Arguments:                                                           
{
│   'method': 'feddpa',
│   'dataset': {
│   │   'name': 'cifar10',
│   │   'client_num': 100,
│   │   'test_ratio': 0.25,
│   │   'val_ratio': 0.0,
│   │   'seed': 42,
│   │   'split': 'sample',
│   │   'IID_ratio': 0.0,
│   │   'monitor_window_name_suffix': 'cifar10-100clients-0%IID-Dir(0.1)-seed42',
│   │   'alpha': 0.1,
│   │   'min_samples_per_client': 10
│   },
│   'model': {
│   │   'name': 'avgcnn',
│   │   'use_torchvision_pretrained_weights': True,
│   │   'external_model_weights_path': None
│   },
│   'optimizer': {
│   │   'lr': 0.01,
│   │   'dampening': 0,
│   │   'weight_decay': 0,
│   │   'momentum': 0,
│   │   'nesterov': False,
│   │   'name': 'sgd'
│   },
│   'mode': 'sequential',
│   'parallel': {
│   │   'ray_cluster_addr': None,
│   │   'num_cpus': None,
│   │   'num_gpus': None,
│   │   'num_workers': 2
│   },
│   'common': {
│   │   'seed': 42,
│   │   'join_ratio': 0.1,
│   │   'global_epoch': 400,
│   │   'local_epoch': 5,
│   │   'batch_size': 32,
│   │   'reset_optimizer_on_global_epoch': True,
│   │   'straggler_ratio': 0,
│   │   'straggler_min_local_epoch': 0,
│   │   'buffers': 'global',
│   │   'client_side_evaluation': True,
│   │   'test': {
│   │   │   'client': {
│   │   │   │   'interval': 100,
│   │   │   │   'finetune_epoch': 0,
│   │   │   │   'train': False,
│   │   │   │   'val': False,
│   │   │   │   'test': True
│   │   │   },
│   │   │   'server': {
│   │   │   │   'interval': -1,
│   │   │   │   'train': False,
│   │   │   │   'val': False,
│   │   │   │   'test': False,
│   │   │   │   'model_in_train_mode': False
│   │   │   }
│   │   },
│   │   'verbose_gap': 10,
│   │   'monitor': None,
│   │   'use_cuda': True,
│   │   'save_log': True,
│   │   'save_model': False,
│   │   'save_learning_curve_plot': False,
│   │   'save_metrics': True,
│   │   'delete_useless_run': True
│   },
│   'feddpa': {
│   │   'fisher_threshold': 1
│   }
}
---------------------------- TRAINING EPOCH: 10 ----------------------------    
client [77] (testset)   loss: 5.0374 -> 0.3742  accuracy: 4.24% -> 89.40%       
client [81] (testset)   loss: 0.1745 -> 0.0265  accuracy: 92.86% -> 99.11%      
client [21] (testset)   loss: 4.0890 -> 0.7162  accuracy: 4.35% -> 73.91%       
client [68] (testset)   loss: 5.2093 -> 0.2144  accuracy: 0.00% -> 93.79%       
client [93] (testset)   loss: 2.0216 -> 0.9018  accuracy: 31.58% -> 78.95%      
client [31] (testset)   loss: 3.1740 -> 0.1340  accuracy: 9.68% -> 96.31%       
client [20] (testset)   loss: 5.4088 -> 0.4925  accuracy: 0.91% -> 83.16%       
client [59] (testset)   loss: 0.0438 -> 0.0122  accuracy: 100.00% -> 100.00%    
client [48] (testset)   loss: 5.2156 -> 0.8135  accuracy: 0.00% -> 76.92%       
client [34] (testset)   loss: 1.7966 -> 0.7444  accuracy: 38.71% -> 75.48%      
---------------------------- TRAINING EPOCH: 20 ----------------------------    
client [69] (testset)   loss: 4.7895 -> 0.8311  accuracy: 46.67% -> 65.45%      
client [99] (testset)   loss: 1.8296 -> 0.0185  accuracy: 44.30% -> 100.00%     
client [67] (testset)   loss: 2.8270 -> 0.2312  accuracy: 40.00% -> 92.90%      
client [0]  (testset)   loss: 0.5941 -> 0.1122  accuracy: 86.23% -> 96.41%      
client [76] (testset)   loss: 1.4589 -> 0.2834  accuracy: 62.91% -> 90.07%      
client [41] (testset)   loss: 3.1459 -> 0.6253  accuracy: 30.16% -> 76.19%      
client [62] (testset)   loss: 2.8930 -> 0.1185  accuracy: 23.53% -> 94.12%      
client [2]  (testset)   loss: 2.4904 -> 0.4481  accuracy: 32.85% -> 86.13%      
client [14] (testset)   loss: 5.4256 -> 0.5168  accuracy: 7.39% -> 81.28%       
client [46] (testset)   loss: 3.4370 -> 0.5645  accuracy: 24.03% -> 82.17%      
---------------------------- TRAINING EPOCH: 30 ----------------------------    
client [24] (testset)   loss: 0.2696 -> 0.2551  accuracy: 91.67% -> 88.89%      
client [68] (testset)   loss: 2.4617 -> 0.1399  accuracy: 37.85% -> 96.05%      
client [57] (testset)   loss: 3.0955 -> 0.1488  accuracy: 43.04% -> 95.78%      
client [17] (testset)   loss: 4.2476 -> 0.7368  accuracy: 11.90% -> 76.19%      
client [54] (testset)   loss: 4.3664 -> 0.7583  accuracy: 16.25% -> 83.75%      
client [23] (testset)   loss: 3.6260 -> 0.1614  accuracy: 14.29% -> 96.43%      
client [35] (testset)   loss: 4.9331 -> 1.9174  accuracy: 16.67% -> 33.33%      
client [59] (testset)   loss: 0.7091 -> 0.3295  accuracy: 66.67% -> 100.00%     
client [31] (testset)   loss: 1.0540 -> 0.1395  accuracy: 65.90% -> 96.77%      
client [9]  (testset)   loss: 3.1958 -> 0.3841  accuracy: 20.09% -> 89.32%      
---------------------------- TRAINING EPOCH: 40 ----------------------------    
client [64] (testset)   loss: 3.8415 -> 0.1768  accuracy: 12.39% -> 95.87%      
client [33] (testset)   loss: 5.2379 -> 0.2149  accuracy: 25.00% -> 97.92%      
client [16] (testset)   loss: 3.3254 -> 0.6667  accuracy: 32.53% -> 79.52%      
client [44] (testset)   loss: 1.4305 -> 0.1955  accuracy: 61.22% -> 93.88%      
client [8]  (testset)   loss: 2.5847 -> 0.4601  accuracy: 41.94% -> 87.10%      
client [31] (testset)   loss: 2.3089 -> 0.1069  accuracy: 31.34% -> 97.70%      
client [47] (testset)   loss: 3.3240 -> 1.3282  accuracy: 31.25% -> 68.75%      
client [36] (testset)   loss: 3.3634 -> 0.5884  accuracy: 19.15% -> 85.11%      
client [20] (testset)   loss: 2.8623 -> 0.5818  accuracy: 38.60% -> 87.18%      
client [56] (testset)   loss: 3.8402 -> 0.1513  accuracy: 32.31% -> 92.31%      
---------------------------- TRAINING EPOCH: 50 ----------------------------    
client [4]  (testset)   loss: 2.0817 -> 0.1202  accuracy: 45.07% -> 97.18%      
client [60] (testset)   loss: 4.8461 -> 0.3403  accuracy: 14.23% -> 92.13%      
client [28] (testset)   loss: 1.0175 -> 0.2346  accuracy: 76.00% -> 88.00%      
client [25] (testset)   loss: 4.6098 -> 0.6187  accuracy: 15.55% -> 84.45%      
client [58] (testset)   loss: 6.6200 -> 0.2496  accuracy: 3.17% -> 94.05%       
client [44] (testset)   loss: 2.9601 -> 0.2043  accuracy: 32.65% -> 94.90%      
client [39] (testset)   loss: 2.4414 -> 0.6593  accuracy: 47.95% -> 82.88%      
client [29] (testset)   loss: 4.3713 -> 0.1267  accuracy: 22.81% -> 96.49%      
client [3]  (testset)   loss: 2.9678 -> 0.6434  accuracy: 44.92% -> 81.82%      
client [84] (testset)   loss: 2.9568 -> 0.3418  accuracy: 42.19% -> 87.50%      
---------------------------- TRAINING EPOCH: 60 ----------------------------    
client [21] (testset)   loss: 8.2866 -> 0.7583  accuracy: 4.35% -> 69.57%       
client [84] (testset)   loss: 2.2763 -> 0.5858  accuracy: 50.00% -> 78.12%      
client [10] (testset)   loss: 1.7574 -> 0.1103  accuracy: 52.31% -> 96.82%      
client [36] (testset)   loss: 6.9140 -> 0.5776  accuracy: 10.64% -> 80.85%      
client [65] (testset)   loss: 4.5046 -> 1.1196  accuracy: 28.57% -> 71.43%      
client [81] (testset)   loss: 0.2593 -> 0.0326  accuracy: 91.07% -> 98.21%      
client [79] (testset)   loss: 3.4636 -> 0.2101  accuracy: 25.42% -> 94.69%      
client [42] (testset)   loss: 4.4280 -> 0.2448  accuracy: 22.63% -> 93.42%      
client [11] (testset)   loss: 1.8255 -> 0.5671  accuracy: 36.36% -> 81.82%      
client [96] (testset)   loss: 2.5706 -> 1.3464  accuracy: 50.00% -> 68.18%      
---------------------------- TRAINING EPOCH: 70 ----------------------------    
client [8]  (testset)   loss: 1.8220 -> 1.1585  accuracy: 67.74% -> 74.19%      
client [53] (testset)   loss: 2.0248 -> 0.5741  accuracy: 52.55% -> 83.67%      
client [52] (testset)   loss: 0.7268 -> 0.2651  accuracy: 83.33% -> 93.14%      
client [42] (testset)   loss: 2.7775 -> 0.2798  accuracy: 43.62% -> 93.42%      
client [69] (testset)   loss: 4.9901 -> 1.0782  accuracy: 22.12% -> 69.70%      
client [59] (testset)   loss: 2.2762 -> 0.0982  accuracy: 33.33% -> 100.00%     
client [7]  (testset)   loss: 3.1421 -> 0.5502  accuracy: 38.16% -> 85.51%      
client [26] (testset)   loss: 5.4413 -> 0.6178  accuracy: 23.08% -> 92.31%      
client [49] (testset)   loss: 2.1020 -> 0.5463  accuracy: 52.06% -> 85.08%      
client [98] (testset)   loss: 4.7207 -> 0.7802  accuracy: 16.11% -> 83.89%      
---------------------------- TRAINING EPOCH: 80 ----------------------------    
client [98] (testset)   loss: 2.8236 -> 0.7584  accuracy: 30.81% -> 84.36%      
client [47] (testset)   loss: 3.1498 -> 2.1272  accuracy: 50.00% -> 56.25%      
client [21] (testset)   loss: 3.0555 -> 1.0589  accuracy: 26.09% -> 60.87%      
client [77] (testset)   loss: 1.3639 -> 0.4083  accuracy: 66.08% -> 90.11%      
client [95] (testset)   loss: 2.6172 -> 1.5129  accuracy: 47.13% -> 75.86%      
client [91] (testset)   loss: 1.5239 -> 0.4715  accuracy: 64.71% -> 91.18%      
client [14] (testset)   loss: 3.9759 -> 0.6550  accuracy: 35.96% -> 84.24%      
client [99] (testset)   loss: 5.0967 -> 0.0692  accuracy: 13.92% -> 97.47%      
client [20] (testset)   loss: 3.2467 -> 0.5417  accuracy: 38.60% -> 87.69%      
client [39] (testset)   loss: 6.1352 -> 0.7822  accuracy: 17.12% -> 82.19%      
---------------------------- TRAINING EPOCH: 90 ----------------------------    
client [52] (testset)   loss: 1.8422 -> 0.2731  accuracy: 63.73% -> 95.10%      
client [62] (testset)   loss: 1.3247 -> 0.7199  accuracy: 58.82% -> 76.47%      
client [71] (testset)   loss: 2.2841 -> 0.5893  accuracy: 56.45% -> 87.10%      
client [97] (testset)   loss: 3.2281 -> 0.9446  accuracy: 45.12% -> 85.37%      
client [30] (testset)   loss: 2.0011 -> 0.9024  accuracy: 53.76% -> 77.42%      
client [88] (testset)   loss: 1.1966 -> 0.3939  accuracy: 69.47% -> 91.32%      
client [60] (testset)   loss: 6.9766 -> 0.3239  accuracy: 12.36% -> 91.76%      
client [82] (testset)   loss: 2.3111 -> 0.1869  accuracy: 53.41% -> 95.45%      
client [91] (testset)   loss: 4.8754 -> 0.5065  accuracy: 19.12% -> 86.76%      
client [57] (testset)   loss: 3.8701 -> 0.1680  accuracy: 39.66% -> 96.62%      
---------------------------- TRAINING EPOCH: 100 ----------------------------   
client [31] (testset)   loss: 1.9678 -> 0.0896  accuracy: 58.99% -> 97.70%      
client [15] (testset)   loss: 2.5829 -> 0.7376  accuracy: 54.69% -> 85.16%      
client [71] (testset)   loss: 2.4954 -> 0.5554  accuracy: 47.85% -> 88.17%      
client [97] (testset)   loss: 3.1752 -> 1.1914  accuracy: 45.12% -> 80.49%      
client [53] (testset)   loss: 1.1532 -> 0.5423  accuracy: 73.98% -> 84.69%      
client [77] (testset)   loss: 2.4831 -> 0.3971  accuracy: 49.82% -> 91.17%      
client [76] (testset)   loss: 3.8885 -> 0.3230  accuracy: 37.75% -> 90.07%      
client [79] (testset)   loss: 4.3344 -> 0.2557  accuracy: 24.58% -> 93.02%      
client [28] (testset)   loss: 3.3207 -> 0.9125  accuracy: 48.00% -> 72.00%      
client [99] (testset)   loss: 3.3278 -> 0.1466  accuracy: 31.65% -> 92.41%      
---------------------------- TRAINING EPOCH: 110 ----------------------------   
client [97] (testset)   loss: 3.2303 -> 1.3261  accuracy: 45.12% -> 75.61%      
client [86] (testset)   loss: 1.8431 -> 0.6672  accuracy: 60.53% -> 86.84%      
client [34] (testset)   loss: 4.0670 -> 1.1073  accuracy: 20.65% -> 75.48%      
client [73] (testset)   loss: 2.0950 -> 1.4639  accuracy: 57.58% -> 66.67%      
client [5]  (testset)   loss: 1.9955 -> 0.6807  accuracy: 52.58% -> 84.54%      
client [96] (testset)   loss: 4.0309 -> 2.6341  accuracy: 43.18% -> 65.91%      
client [22] (testset)   loss: 1.3335 -> 0.6536  accuracy: 75.19% -> 87.22%      
client [60] (testset)   loss: 1.9335 -> 0.3470  accuracy: 61.05% -> 92.88%      
client [66] (testset)   loss: 3.4005 -> 0.8221  accuracy: 50.74% -> 83.82%      
client [83] (testset)   loss: 1.5798 -> 0.5348  accuracy: 62.46% -> 87.39%      
---------------------------- TRAINING EPOCH: 120 ----------------------------   
client [76] (testset)   loss: 2.1598 -> 0.4066  accuracy: 52.98% -> 87.42%      
client [65] (testset)   loss: 4.0803 -> 1.5011  accuracy: 35.71% -> 64.29%      
client [95] (testset)   loss: 2.5525 -> 1.8153  accuracy: 48.28% -> 65.52%      
client [17] (testset)   loss: 1.7764 -> 0.8857  accuracy: 59.52% -> 79.17%      
client [8]  (testset)   loss: 2.2128 -> 0.8006  accuracy: 51.61% -> 80.65%      
client [35] (testset)   loss: 3.2260 -> 3.0020  accuracy: 16.67% -> 16.67%      
client [98] (testset)   loss: 2.4862 -> 0.7588  accuracy: 41.23% -> 85.78%      
client [53] (testset)   loss: 2.5326 -> 0.6532  accuracy: 50.00% -> 83.67%      
client [43] (testset)   loss: 1.0244 -> 0.1569  accuracy: 63.64% -> 100.00%     
client [64] (testset)   loss: 1.0055 -> 0.2760  accuracy: 72.02% -> 95.41%      
---------------------------- TRAINING EPOCH: 130 ----------------------------   
client [21] (testset)   loss: 2.2861 -> 1.3192  accuracy: 47.83% -> 69.57%      
client [88] (testset)   loss: 2.0924 -> 0.4844  accuracy: 61.05% -> 91.58%      
client [38] (testset)   loss: 2.5601 -> 0.2288  accuracy: 49.04% -> 94.23%      
client [3]  (testset)   loss: 1.1510 -> 0.7126  accuracy: 75.40% -> 82.35%      
client [5]  (testset)   loss: 4.1331 -> 0.7445  accuracy: 34.79% -> 84.02%      
client [41] (testset)   loss: 2.8226 -> 0.9785  accuracy: 52.38% -> 74.60%      
client [7]  (testset)   loss: 2.9267 -> 0.5860  accuracy: 40.58% -> 89.37%      
client [37] (testset)   loss: 0.0138 -> 0.0265  accuracy: 100.00% -> 100.00%    
client [45] (testset)   loss: 3.4060 -> 2.0751  accuracy: 54.55% -> 72.73%      
client [47] (testset)   loss: 1.9542 -> 1.7010  accuracy: 56.25% -> 62.50%      
---------------------------- TRAINING EPOCH: 140 ----------------------------   
client [16] (testset)   loss: 1.5917 -> 0.7712  accuracy: 63.25% -> 78.92%      
client [11] (testset)   loss: 3.3945 -> 2.1709  accuracy: 36.36% -> 50.00%      
client [37] (testset)   loss: 0.0334 -> 0.0292  accuracy: 100.00% -> 100.00%    
client [41] (testset)   loss: 1.6170 -> 1.1569  accuracy: 61.90% -> 77.78%      
client [95] (testset)   loss: 2.2887 -> 1.7771  accuracy: 50.57% -> 65.52%      
client [53] (testset)   loss: 1.3074 -> 0.6342  accuracy: 72.45% -> 84.18%      
client [22] (testset)   loss: 2.0055 -> 0.4287  accuracy: 62.41% -> 90.23%      
client [25] (testset)   loss: 1.9452 -> 0.8850  accuracy: 57.24% -> 81.98%      
client [69] (testset)   loss: 3.0995 -> 1.2481  accuracy: 41.21% -> 68.48%      
client [46] (testset)   loss: 1.3084 -> 0.5770  accuracy: 69.77% -> 89.15%      
---------------------------- TRAINING EPOCH: 150 ----------------------------   
client [47] (testset)   loss: 3.8304 -> 3.7321  accuracy: 50.00% -> 43.75%      
client [69] (testset)   loss: 3.0462 -> 1.2869  accuracy: 45.76% -> 69.70%      
client [82] (testset)   loss: 2.5796 -> 0.3205  accuracy: 50.00% -> 92.05%      
client [45] (testset)   loss: 2.2610 -> 1.9985  accuracy: 54.55% -> 72.73%      
client [7]  (testset)   loss: 2.8844 -> 0.7379  accuracy: 45.41% -> 85.99%      
client [50] (testset)   loss: 4.8632 -> 2.6814  accuracy: 28.57% -> 57.14%      
client [35] (testset)   loss: 4.6816 -> 4.5820  accuracy: 33.33% -> 33.33%      
client [24] (testset)   loss: 2.1635 -> 0.6492  accuracy: 50.00% -> 80.56%      
client [15] (testset)   loss: 2.7327 -> 0.9366  accuracy: 48.44% -> 85.16%      
client [58] (testset)   loss: 2.2023 -> 0.4257  accuracy: 61.51% -> 93.25%      
---------------------------- TRAINING EPOCH: 160 ----------------------------   
client [48] (testset)   loss: 3.2986 -> 2.6230  accuracy: 38.46% -> 46.15%      
client [76] (testset)   loss: 1.4246 -> 0.4186  accuracy: 68.21% -> 87.42%      
client [67] (testset)   loss: 0.5532 -> 0.3260  accuracy: 85.81% -> 92.26%      
client [37] (testset)   loss: 0.3437 -> 0.2739  accuracy: 66.67% -> 83.33%      
client [58] (testset)   loss: 3.2353 -> 0.4037  accuracy: 40.48% -> 93.65%      
client [64] (testset)   loss: 2.6760 -> 0.2596  accuracy: 41.28% -> 95.41%      
client [77] (testset)   loss: 1.9266 -> 0.4111  accuracy: 65.72% -> 90.81%      
client [55] (testset)   loss: 2.5253 -> 0.4092  accuracy: 54.23% -> 88.63%      
client [12] (testset)   loss: 1.2791 -> 0.4730  accuracy: 77.00% -> 89.55%      
client [89] (testset)   loss: 4.9879 -> 0.6199  accuracy: 29.41% -> 82.35%      
---------------------------- TRAINING EPOCH: 170 ----------------------------   
client [84] (testset)   loss: 1.9514 -> 1.5532  accuracy: 59.38% -> 67.19%      
client [51] (testset)   loss: 0.2450 -> 0.2257  accuracy: 87.50% -> 87.50%      
client [8]  (testset)   loss: 1.0378 -> 0.9977  accuracy: 77.42% -> 77.42%      
client [18] (testset)   loss: 0.9250 -> 0.8193  accuracy: 79.64% -> 85.63%      
client [94] (testset)   loss: 3.2403 -> 1.3857  accuracy: 50.77% -> 73.85%      
client [81] (testset)   loss: 0.4398 -> 0.1282  accuracy: 90.18% -> 95.54%      
client [3]  (testset)   loss: 2.4593 -> 0.9847  accuracy: 55.08% -> 79.14%      
client [11] (testset)   loss: 4.6409 -> 3.2228  accuracy: 31.82% -> 45.45%      
client [95] (testset)   loss: 2.5381 -> 1.9254  accuracy: 51.72% -> 65.52%      
client [67] (testset)   loss: 0.8967 -> 0.3278  accuracy: 81.94% -> 90.97%      
---------------------------- TRAINING EPOCH: 180 ----------------------------   
client [21] (testset)   loss: 3.6045 -> 1.2693  accuracy: 34.78% -> 69.57%      
client [79] (testset)   loss: 1.1977 -> 0.4029  accuracy: 72.63% -> 89.11%      
client [58] (testset)   loss: 2.6532 -> 0.4360  accuracy: 55.56% -> 91.67%      
client [88] (testset)   loss: 1.2046 -> 0.5192  accuracy: 78.16% -> 91.32%      
client [46] (testset)   loss: 2.6572 -> 0.5651  accuracy: 51.94% -> 88.37%      
client [11] (testset)   loss: 3.6149 -> 2.5117  accuracy: 50.00% -> 59.09%      
client [55] (testset)   loss: 2.1603 -> 0.4992  accuracy: 61.03% -> 86.69%      
client [13] (testset)   loss: 0.9476 -> 0.8511  accuracy: 81.67% -> 84.44%      
client [31] (testset)   loss: 1.5125 -> 0.1590  accuracy: 69.12% -> 95.39%      
client [75] (testset)   loss: 1.2639 -> 0.4119  accuracy: 76.53% -> 92.81%      
---------------------------- TRAINING EPOCH: 190 ----------------------------   
client [19] (testset)   loss: 1.6071 -> 0.5206  accuracy: 61.06% -> 91.15%      
client [7]  (testset)   loss: 3.3155 -> 0.7572  accuracy: 39.61% -> 85.99%      
client [57] (testset)   loss: 2.8093 -> 0.2589  accuracy: 59.49% -> 94.51%      
client [13] (testset)   loss: 3.4850 -> 1.0320  accuracy: 49.44% -> 81.67%      
client [43] (testset)   loss: 1.0919 -> 0.8948  accuracy: 63.64% -> 63.64%      
client [91] (testset)   loss: 3.6986 -> 0.7519  accuracy: 36.76% -> 79.41%      
client [10] (testset)   loss: 1.6323 -> 0.2487  accuracy: 61.27% -> 95.95%      
client [64] (testset)   loss: 3.9828 -> 0.3158  accuracy: 38.07% -> 93.12%      
client [82] (testset)   loss: 3.3714 -> 0.1185  accuracy: 44.32% -> 94.32%      
client [22] (testset)   loss: 1.5568 -> 0.5709  accuracy: 69.92% -> 86.47%      
---------------------------- TRAINING EPOCH: 200 ----------------------------   
client [20] (testset)   loss: 1.6848 -> 0.5510  accuracy: 64.38% -> 88.60%      
client [23] (testset)   loss: 3.5540 -> 0.7813  accuracy: 53.57% -> 82.14%      
client [88] (testset)   loss: 4.4468 -> 0.5806  accuracy: 37.11% -> 91.84%      
client [98] (testset)   loss: 4.3383 -> 0.8272  accuracy: 31.28% -> 81.99%      
client [79] (testset)   loss: 3.6413 -> 0.4047  accuracy: 39.94% -> 90.78%      
client [21] (testset)   loss: 3.9001 -> 1.9263  accuracy: 43.48% -> 65.22%      
client [92] (testset)   loss: 2.3994 -> 0.3148  accuracy: 54.19% -> 94.09%      
client [56] (testset)   loss: 1.2653 -> 0.4302  accuracy: 64.62% -> 89.23%      
client [5]  (testset)   loss: 3.1434 -> 0.8192  accuracy: 50.52% -> 84.79%      
client [52] (testset)   loss: 3.1022 -> 0.6431  accuracy: 54.90% -> 89.22%      
---------------------------- TRAINING EPOCH: 210 ----------------------------   
client [67] (testset)   loss: 2.7079 -> 0.4775  accuracy: 47.74% -> 89.68%      
client [54] (testset)   loss: 2.0594 -> 1.4182  accuracy: 67.50% -> 72.50%      
client [14] (testset)   loss: 3.7850 -> 0.9498  accuracy: 37.93% -> 80.79%      
client [99] (testset)   loss: 3.2657 -> 0.2682  accuracy: 48.10% -> 91.14%      
client [36] (testset)   loss: 0.9225 -> 0.8427  accuracy: 78.72% -> 78.72%      
client [30] (testset)   loss: 1.8093 -> 1.0791  accuracy: 62.37% -> 77.42%      
client [38] (testset)   loss: 1.1297 -> 0.2928  accuracy: 75.00% -> 93.27%      
client [15] (testset)   loss: 1.6295 -> 1.0386  accuracy: 74.61% -> 85.16%      
client [6]  (testset)   loss: 2.8173 -> 0.8378  accuracy: 47.53% -> 82.89%      
client [53] (testset)   loss: 2.4203 -> 0.8885  accuracy: 55.61% -> 79.08%      
---------------------------- TRAINING EPOCH: 220 ----------------------------   
client [99] (testset)   loss: 1.8902 -> 0.7388  accuracy: 62.03% -> 79.75%      
client [6]  (testset)   loss: 2.0024 -> 0.8497  accuracy: 58.17% -> 83.65%      
client [83] (testset)   loss: 2.3450 -> 0.6829  accuracy: 58.82% -> 82.63%      
client [42] (testset)   loss: 1.2004 -> 0.3053  accuracy: 74.49% -> 92.59%      
client [34] (testset)   loss: 3.7841 -> 1.4544  accuracy: 41.29% -> 72.90%      
client [15] (testset)   loss: 2.7091 -> 0.9582  accuracy: 53.52% -> 85.16%      
client [47] (testset)   loss: 3.6589 -> 3.3806  accuracy: 37.50% -> 43.75%      
client [55] (testset)   loss: 2.5040 -> 0.5828  accuracy: 58.25% -> 85.44%      
client [51] (testset)   loss: 0.0395 -> 0.0266  accuracy: 100.00% -> 100.00%    
client [95] (testset)   loss: 4.9349 -> 2.6962  accuracy: 34.48% -> 57.47%      
---------------------------- TRAINING EPOCH: 230 ----------------------------   
client [71] (testset)   loss: 1.8446 -> 0.9103  accuracy: 63.98% -> 82.80%      
client [15] (testset)   loss: 2.1058 -> 0.9199  accuracy: 68.75% -> 85.94%      
client [33] (testset)   loss: 3.0991 -> 0.8900  accuracy: 58.33% -> 84.38%      
client [99] (testset)   loss: 4.2871 -> 0.8406  accuracy: 36.71% -> 81.01%      
client [90] (testset)   loss: 1.1391 -> 0.1472  accuracy: 66.67% -> 93.33%      
client [57] (testset)   loss: 2.1851 -> 0.5260  accuracy: 60.34% -> 85.65%      
client [27] (testset)   loss: 2.2930 -> 2.1669  accuracy: 61.90% -> 61.90%      
client [78] (testset)   loss: 1.4972 -> 1.0140  accuracy: 74.12% -> 80.70%      
client [36] (testset)   loss: 4.2038 -> 2.0132  accuracy: 40.43% -> 57.45%      
client [88] (testset)   loss: 1.7597 -> 0.6267  accuracy: 66.84% -> 90.00%      
---------------------------- TRAINING EPOCH: 240 ----------------------------   
client [70] (testset)   loss: 0.6352 -> 0.5460  accuracy: 84.90% -> 85.42%      
client [35] (testset)   loss: 3.8092 -> 3.7045  accuracy: 33.33% -> 33.33%      
client [16] (testset)   loss: 3.0444 -> 1.6648  accuracy: 42.77% -> 65.66%      
client [80] (testset)   loss: 1.5869 -> 0.7957  accuracy: 69.28% -> 84.97%      
client [38] (testset)   loss: 1.0664 -> 0.3758  accuracy: 75.00% -> 93.27%      
client [78] (testset)   loss: 3.5592 -> 1.0209  accuracy: 43.86% -> 81.58%      
client [68] (testset)   loss: 2.4395 -> 0.2592  accuracy: 53.67% -> 96.61%      
client [11] (testset)   loss: 5.0803 -> 3.2838  accuracy: 36.36% -> 45.45%      
client [64] (testset)   loss: 3.1660 -> 0.3939  accuracy: 48.62% -> 91.74%      
client [82] (testset)   loss: 3.4856 -> 0.3840  accuracy: 48.86% -> 87.50%      
---------------------------- TRAINING EPOCH: 250 ----------------------------   
client [30] (testset)   loss: 2.3285 -> 1.1827  accuracy: 59.14% -> 75.27%      
client [27] (testset)   loss: 1.5874 -> 1.5658  accuracy: 57.14% -> 61.90%      
client [74] (testset)   loss: 2.0861 -> 1.6025  accuracy: 68.42% -> 68.42%      
client [45] (testset)   loss: 3.1747 -> 3.1111  accuracy: 54.55% -> 54.55%      
client [6]  (testset)   loss: 2.4735 -> 0.8160  accuracy: 56.27% -> 82.13%      
client [36] (testset)   loss: 3.6084 -> 2.1752  accuracy: 48.94% -> 55.32%      
client [63] (testset)   loss: 1.4637 -> 1.1526  accuracy: 72.88% -> 77.12%      
client [76] (testset)   loss: 0.8534 -> 0.5368  accuracy: 79.47% -> 86.75%      
client [83] (testset)   loss: 1.4665 -> 0.8016  accuracy: 72.55% -> 80.95%      
client [86] (testset)   loss: 2.1964 -> 1.1510  accuracy: 60.53% -> 81.58%      
---------------------------- TRAINING EPOCH: 260 ----------------------------   
client [83] (testset)   loss: 1.8999 -> 0.6970  accuracy: 68.63% -> 82.91%      
client [99] (testset)   loss: 0.7358 -> 0.5538  accuracy: 86.08% -> 87.34%      
client [74] (testset)   loss: 2.9150 -> 1.5835  accuracy: 50.00% -> 71.05%      
client [73] (testset)   loss: 1.9544 -> 1.7482  accuracy: 66.67% -> 63.64%      
client [29] (testset)   loss: 1.0408 -> 0.4928  accuracy: 78.36% -> 90.64%      
client [92] (testset)   loss: 2.8011 -> 0.3424  accuracy: 53.20% -> 91.13%      
client [6]  (testset)   loss: 3.7932 -> 0.8900  accuracy: 41.44% -> 82.51%      
client [61] (testset)   loss: 2.4531 -> 1.0753  accuracy: 56.64% -> 78.76%      
client [21] (testset)   loss: 2.9986 -> 2.1649  accuracy: 43.48% -> 52.17%      
client [67] (testset)   loss: 0.8788 -> 0.5826  accuracy: 83.23% -> 87.74%      
---------------------------- TRAINING EPOCH: 270 ----------------------------   
client [83] (testset)   loss: 2.4694 -> 0.7966  accuracy: 58.54% -> 81.79%      
client [32] (testset)   loss: 2.8074 -> 1.9972  accuracy: 51.45% -> 60.87%      
client [95] (testset)   loss: 3.2455 -> 2.2801  accuracy: 48.28% -> 63.22%      
client [61] (testset)   loss: 2.1370 -> 1.3031  accuracy: 58.41% -> 74.34%      
client [27] (testset)   loss: 2.2505 -> 1.9153  accuracy: 66.67% -> 66.67%      
client [25] (testset)   loss: 2.5543 -> 1.0365  accuracy: 52.65% -> 83.04%      
client [68] (testset)   loss: 2.7954 -> 0.2546  accuracy: 56.50% -> 96.05%      
client [34] (testset)   loss: 4.8279 -> 1.5135  accuracy: 30.97% -> 73.55%      
client [71] (testset)   loss: 2.2051 -> 1.0576  accuracy: 58.60% -> 76.34%      
client [89] (testset)   loss: 0.9672 -> 0.4006  accuracy: 72.55% -> 80.39%      
---------------------------- TRAINING EPOCH: 280 ----------------------------   
client [78] (testset)   loss: 2.7889 -> 1.1298  accuracy: 54.39% -> 76.32%      
client [81] (testset)   loss: 2.1023 -> 0.2731  accuracy: 63.39% -> 93.75%      
client [51] (testset)   loss: 0.0028 -> 0.0018  accuracy: 100.00% -> 100.00%    
client [54] (testset)   loss: 3.4389 -> 1.3880  accuracy: 41.25% -> 75.00%      
client [65] (testset)   loss: 2.6311 -> 2.4440  accuracy: 60.71% -> 60.71%      
client [41] (testset)   loss: 1.5637 -> 0.9156  accuracy: 68.25% -> 77.78%      
client [11] (testset)   loss: 4.3766 -> 3.9969  accuracy: 36.36% -> 40.91%      
client [85] (testset)   loss: 1.1307 -> 0.4766  accuracy: 80.00% -> 88.29%      
client [12] (testset)   loss: 1.5805 -> 0.6563  accuracy: 75.26% -> 87.80%      
client [23] (testset)   loss: 1.9040 -> 1.7455  accuracy: 71.43% -> 71.43%      
---------------------------- TRAINING EPOCH: 290 ----------------------------   
client [16] (testset)   loss: 3.5750 -> 1.5996  accuracy: 43.37% -> 69.28%      
client [65] (testset)   loss: 2.2221 -> 2.1788  accuracy: 57.14% -> 57.14%      
client [53] (testset)   loss: 1.7387 -> 1.2748  accuracy: 68.37% -> 76.02%      
client [58] (testset)   loss: 1.6269 -> 0.6010  accuracy: 69.05% -> 88.89%      
client [72] (testset)   loss: 0.4501 -> 0.4397  accuracy: 84.85% -> 84.85%      
client [7]  (testset)   loss: 1.4285 -> 1.0611  accuracy: 74.88% -> 80.68%      
client [71] (testset)   loss: 2.4063 -> 1.0651  accuracy: 60.22% -> 79.03%      
client [59] (testset)   loss: 0.0246 -> 0.0240  accuracy: 100.00% -> 100.00%    
client [86] (testset)   loss: 2.3122 -> 1.5529  accuracy: 60.53% -> 69.74%      
client [39] (testset)   loss: 2.4407 -> 1.5140  accuracy: 60.96% -> 73.29%      
---------------------------- TRAINING EPOCH: 300 ----------------------------   
client [99] (testset)   loss: 3.0323 -> 1.1739  accuracy: 51.90% -> 72.15%      
client [7]  (testset)   loss: 2.9239 -> 1.1327  accuracy: 54.11% -> 78.26%      
client [17] (testset)   loss: 1.2082 -> 1.1906  accuracy: 78.57% -> 79.17%      
client [64] (testset)   loss: 3.1081 -> 0.5201  accuracy: 48.17% -> 87.61%      
client [37] (testset)   loss: 2.1711 -> 1.0466  accuracy: 66.67% -> 83.33%      
client [29] (testset)   loss: 0.7437 -> 0.6476  accuracy: 85.96% -> 87.72%      
client [93] (testset)   loss: 2.5520 -> 1.3654  accuracy: 63.16% -> 68.42%      
client [73] (testset)   loss: 1.9923 -> 1.8833  accuracy: 75.76% -> 75.76%      
client [40] (testset)   loss: 1.2351 -> 1.1397  accuracy: 66.67% -> 66.67%      
client [76] (testset)   loss: 1.5898 -> 0.5859  accuracy: 74.17% -> 82.12%      
---------------------------- TRAINING EPOCH: 310 ----------------------------   
client [31] (testset)   loss: 1.8421 -> 0.7195  accuracy: 69.59% -> 86.64%      
client [89] (testset)   loss: 1.7597 -> 0.9077  accuracy: 60.78% -> 66.67%      
client [77] (testset)   loss: 2.6858 -> 0.8347  accuracy: 58.66% -> 84.10%      
client [90] (testset)   loss: 0.0017 -> 0.0049  accuracy: 100.00% -> 100.00%    
client [26] (testset)   loss: 0.5643 -> 0.5257  accuracy: 76.92% -> 76.92%      
client [50] (testset)   loss: 2.5116 -> 2.5102  accuracy: 57.14% -> 57.14%      
client [30] (testset)   loss: 1.6003 -> 1.2610  accuracy: 68.82% -> 78.49%      
client [70] (testset)   loss: 1.8375 -> 1.0154  accuracy: 67.19% -> 79.17%      
client [41] (testset)   loss: 1.4089 -> 1.1318  accuracy: 71.43% -> 79.37%      
client [99] (testset)   loss: 1.6725 -> 1.1622  accuracy: 73.42% -> 77.22%      
---------------------------- TRAINING EPOCH: 320 ----------------------------   
client [68] (testset)   loss: 1.2595 -> 0.4188  accuracy: 75.71% -> 92.09%      
client [70] (testset)   loss: 2.9854 -> 1.2530  accuracy: 55.73% -> 75.52%      
client [52] (testset)   loss: 2.5344 -> 0.8154  accuracy: 62.75% -> 87.25%      
client [1]  (testset)   loss: 1.4142 -> 1.3282  accuracy: 72.55% -> 72.55%      
client [2]  (testset)   loss: 2.0385 -> 0.8833  accuracy: 67.88% -> 82.48%      
client [67] (testset)   loss: 1.3561 -> 0.6765  accuracy: 76.77% -> 89.03%      
client [92] (testset)   loss: 1.3726 -> 0.6211  accuracy: 77.34% -> 89.66%      
client [35] (testset)   loss: 4.6211 -> 4.6161  accuracy: 50.00% -> 50.00%      
client [36] (testset)   loss: 3.0210 -> 2.4131  accuracy: 53.19% -> 55.32%      
client [64] (testset)   loss: 2.3062 -> 0.6066  accuracy: 62.39% -> 86.70%      
---------------------------- TRAINING EPOCH: 330 ----------------------------   
client [44] (testset)   loss: 0.8287 -> 0.6009  accuracy: 82.65% -> 85.71%      
client [6]  (testset)   loss: 3.0128 -> 1.1216  accuracy: 52.85% -> 79.09%      
client [12] (testset)   loss: 1.1254 -> 0.6434  accuracy: 81.53% -> 88.85%      
client [55] (testset)   loss: 1.1583 -> 0.7337  accuracy: 79.47% -> 85.85%      
client [29] (testset)   loss: 3.1922 -> 0.6668  accuracy: 51.46% -> 86.55%      
client [9]  (testset)   loss: 2.9085 -> 0.8639  accuracy: 49.57% -> 83.76%      
client [43] (testset)   loss: 0.1383 -> 0.1374  accuracy: 90.91% -> 90.91%      
client [77] (testset)   loss: 2.2010 -> 0.8299  accuracy: 63.60% -> 85.51%      
client [98] (testset)   loss: 5.1562 -> 0.9186  accuracy: 30.81% -> 78.20%      
client [78] (testset)   loss: 4.3937 -> 1.0179  accuracy: 41.67% -> 81.58%      
---------------------------- TRAINING EPOCH: 340 ----------------------------   
client [92] (testset)   loss: 1.5949 -> 0.6507  accuracy: 72.91% -> 90.15%      
client [80] (testset)   loss: 3.2415 -> 1.1206  accuracy: 50.33% -> 79.08%      
client [63] (testset)   loss: 1.9812 -> 1.2174  accuracy: 68.64% -> 77.97%      
client [76] (testset)   loss: 1.0709 -> 0.8344  accuracy: 77.48% -> 81.46%      
client [78] (testset)   loss: 2.7228 -> 1.3755  accuracy: 59.65% -> 77.19%      
client [25] (testset)   loss: 3.4843 -> 1.0987  accuracy: 47.00% -> 80.57%      
client [58] (testset)   loss: 3.0318 -> 0.6686  accuracy: 56.75% -> 88.10%      
client [13] (testset)   loss: 3.0128 -> 1.4804  accuracy: 55.56% -> 78.89%      
client [17] (testset)   loss: 2.3835 -> 1.2647  accuracy: 62.50% -> 77.98%      
client [38] (testset)   loss: 2.2680 -> 1.0308  accuracy: 67.31% -> 79.81%      
---------------------------- TRAINING EPOCH: 350 ----------------------------   
client [72] (testset)   loss: 1.2333 -> 0.8479  accuracy: 75.76% -> 81.82%      
client [82] (testset)   loss: 1.3051 -> 0.9979  accuracy: 73.86% -> 79.55%      
client [86] (testset)   loss: 1.2948 -> 1.2433  accuracy: 81.58% -> 81.58%      
client [51] (testset)   loss: 0.6906 -> 0.6723  accuracy: 87.50% -> 87.50%      
client [96] (testset)   loss: 3.8392 -> 3.8191  accuracy: 63.64% -> 63.64%      
client [42] (testset)   loss: 1.8016 -> 0.4719  accuracy: 67.90% -> 89.71%      
client [55] (testset)   loss: 2.4737 -> 0.8180  accuracy: 64.63% -> 85.16%      
client [13] (testset)   loss: 1.4286 -> 1.3210  accuracy: 76.67% -> 76.67%      
client [1]  (testset)   loss: 0.9646 -> 0.9149  accuracy: 80.39% -> 80.39%      
client [12] (testset)   loss: 1.0265 -> 0.6836  accuracy: 80.84% -> 87.11%      
---------------------------- TRAINING EPOCH: 360 ----------------------------   
client [68] (testset)   loss: 1.2616 -> 0.3659  accuracy: 75.14% -> 93.22%      
client [23] (testset)   loss: 2.8674 -> 2.4511  accuracy: 60.71% -> 67.86%      
client [46] (testset)   loss: 1.2375 -> 0.9605  accuracy: 79.07% -> 86.05%      
client [41] (testset)   loss: 0.8290 -> 0.7793  accuracy: 79.37% -> 79.37%      
client [25] (testset)   loss: 3.3888 -> 1.2914  accuracy: 45.23% -> 78.80%      
client [58] (testset)   loss: 3.0447 -> 0.7565  accuracy: 60.32% -> 88.89%      
client [14] (testset)   loss: 3.3787 -> 1.3940  accuracy: 47.78% -> 75.37%      
client [33] (testset)   loss: 2.5052 -> 1.5673  accuracy: 65.62% -> 76.04%      
client [85] (testset)   loss: 1.2465 -> 0.6986  accuracy: 80.00% -> 86.34%      
client [62] (testset)   loss: 1.6795 -> 1.6622  accuracy: 64.71% -> 64.71%      
---------------------------- TRAINING EPOCH: 370 ----------------------------   
client [98] (testset)   loss: 1.3441 -> 1.2616  accuracy: 68.25% -> 71.56%      
client [63] (testset)   loss: 2.1523 -> 1.5050  accuracy: 71.19% -> 75.42%      
client [70] (testset)   loss: 1.8800 -> 1.2614  accuracy: 70.31% -> 74.48%      
client [65] (testset)   loss: 2.1529 -> 2.1429  accuracy: 71.43% -> 71.43%      
client [14] (testset)   loss: 2.7091 -> 1.7019  accuracy: 61.08% -> 72.91%      
client [73] (testset)   loss: 2.0937 -> 2.0579  accuracy: 78.79% -> 78.79%      
client [34] (testset)   loss: 3.0246 -> 2.0092  accuracy: 56.77% -> 70.97%      
client [99] (testset)   loss: 4.1924 -> 0.8262  accuracy: 40.51% -> 82.28%      
client [69] (testset)   loss: 3.6368 -> 1.5953  accuracy: 47.88% -> 67.88%      
client [46] (testset)   loss: 1.5198 -> 1.0863  accuracy: 74.42% -> 82.17%      
---------------------------- TRAINING EPOCH: 380 ----------------------------   
client [99] (testset)   loss: 3.7457 -> 1.8703  accuracy: 46.84% -> 68.35%      
client [93] (testset)   loss: 1.6568 -> 1.6172  accuracy: 68.42% -> 68.42%      
client [11] (testset)   loss: 4.3535 -> 4.2129  accuracy: 45.45% -> 45.45%      
client [58] (testset)   loss: 2.5280 -> 1.0072  accuracy: 62.70% -> 85.71%      
client [81] (testset)   loss: 0.4893 -> 0.4796  accuracy: 89.29% -> 90.18%      
client [85] (testset)   loss: 0.8344 -> 0.6559  accuracy: 84.88% -> 87.32%      
client [89] (testset)   loss: 1.8561 -> 1.6251  accuracy: 64.71% -> 64.71%      
client [45] (testset)   loss: 2.6844 -> 2.6842  accuracy: 72.73% -> 72.73%      
client [8]  (testset)   loss: 0.9337 -> 0.9335  accuracy: 80.65% -> 80.65%      
client [68] (testset)   loss: 1.4840 -> 0.5270  accuracy: 74.01% -> 89.83%      
---------------------------- TRAINING EPOCH: 390 ----------------------------   
client [67] (testset)   loss: 1.2698 -> 0.7044  accuracy: 75.48% -> 87.74%      
client [72] (testset)   loss: 1.5272 -> 1.4273  accuracy: 63.64% -> 66.67%      
client [1]  (testset)   loss: 2.7999 -> 2.4284  accuracy: 60.78% -> 62.75%      
client [78] (testset)   loss: 2.7709 -> 1.7076  accuracy: 62.28% -> 74.56%      
client [83] (testset)   loss: 2.0821 -> 1.2895  accuracy: 71.15% -> 77.59%      
client [21] (testset)   loss: 1.2509 -> 1.2366  accuracy: 69.57% -> 69.57%      
client [56] (testset)   loss: 1.7944 -> 1.3438  accuracy: 72.31% -> 76.92%      
client [44] (testset)   loss: 1.1657 -> 0.9228  accuracy: 79.59% -> 82.65%      
client [92] (testset)   loss: 1.7452 -> 0.7240  accuracy: 70.94% -> 89.16%      
client [27] (testset)   loss: 1.2425 -> 1.2363  accuracy: 76.19% -> 76.19%      
---------------------------- TRAINING EPOCH: 400 ----------------------------   
client [10] (testset)   loss: 1.1000 -> 0.4687  accuracy: 78.61% -> 89.02%      
client [39] (testset)   loss: 3.6134 -> 1.4438  accuracy: 57.53% -> 78.77%      
client [65] (testset)   loss: 3.4836 -> 2.8818  accuracy: 53.57% -> 60.71%      
client [26] (testset)   loss: 0.1637 -> 0.1636  accuracy: 84.62% -> 84.62%      
client [19] (testset)   loss: 0.9134 -> 0.7798  accuracy: 84.96% -> 86.73%      
client [68] (testset)   loss: 2.0982 -> 0.5060  accuracy: 66.67% -> 90.96%      
client [41] (testset)   loss: 1.1351 -> 0.8691  accuracy: 79.37% -> 77.78%      
client [50] (testset)   loss: 3.4931 -> 3.4918  accuracy: 57.14% -> 57.14%      
client [75] (testset)   loss: 1.1278 -> 0.6665  accuracy: 81.40% -> 87.74%      
client [81] (testset)   loss: 1.6451 -> 0.7820  accuracy: 70.54% -> 85.71%      
Training... ━━━━━━━━━━━━━━━━━━━━━━━━━━━━━━━━━━━━━━━━ 100% 0:21:04
FedDpa's average time taken by each global epoch: 0 min 2.96 sec.               
FedDpa's total running time: 0 h 21 m 4 s.                                      
==================== FedDpa Experiment Results: ====================            
Display format: (before local fine-tuning) -> (after local fine-tuning)         
 So if finetune_epoch = 0, x.xx% -> 0.00% is normal.                            
 Centralized testing ONLY happens after model aggregation, so the stats between 
'->' are the same.                                                              
{                                                                               
    "100": {                                                                    
        "all_clients": {                                                        
            "test": {                                                           
                "loss": "2.8459 -> 0.0000",                                     
                "accuracy": "46.19% -> 0.00%"                                   
            }                                                                   
        }                                                                       
    },                                                                          
    "200": {                                                                    
        "all_clients": {                                                        
            "test": {                                                           
                "loss": "2.6301 -> 0.0000",                                     
                "accuracy": "56.97% -> 0.00%"                                   
            }                                                                   
        }                                                                       
    },                                                                          
    "300": {                                                                    
        "all_clients": {                                                        
            "test": {                                                           
                "loss": "1.9607 -> 0.0000",                                     
                "accuracy": "65.77% -> 0.00%"                                   
            }                                                                   
        }                                                                       
    },                                                                          
    "400": {                                                                    
        "all_clients": {                                                        
            "test": {                                                           
                "loss": "2.4370 -> 0.0000",                                     
                "accuracy": "65.13% -> 0.00%"                                   
            }                                                                   
        }                                                                       
    }                                                                           
}                                                                               
==================== FedDpa Max Accuracy ====================                   
all_clients:                                                                    
(test) before fine-tuning: 65.77% at epoch 300                                  
(test) after fine-tuning: 0.00% at epoch 100                                    
