==================== PSFL ====================                                  
Experiment Arguments:                                                           
{
│   'method': 'psfl',
│   'dataset': {
│   │   'name': 'emnist',
│   │   'client_num': 100,
│   │   'test_ratio': 0.25,
│   │   'val_ratio': 0.0,
│   │   'seed': 42,
│   │   'split': 'sample',
│   │   'IID_ratio': 0.0,
│   │   'monitor_window_name_suffix': 'emnist-100clients-0%IID-Dir(0.1)-seed42',
│   │   'emnist_split': 'byclass',
│   │   'alpha': 0.1,
│   │   'min_samples_per_client': 10
│   },
│   'model': {
│   │   'name': 'avgcnn',
│   │   'use_torchvision_pretrained_weights': True,
│   │   'external_model_weights_path': None
│   },
│   'optimizer': {
│   │   'lr': 0.01,
│   │   'dampening': 0,
│   │   'weight_decay': 0,
│   │   'momentum': 0,
│   │   'nesterov': False,
│   │   'name': 'sgd'
│   },
│   'mode': 'sequential',
│   'parallel': {
│   │   'ray_cluster_addr': None,
│   │   'num_cpus': None,
│   │   'num_gpus': None,
│   │   'num_workers': 2
│   },
│   'common': {
│   │   'seed': 42,
│   │   'join_ratio': 0.1,
│   │   'global_epoch': 400,
│   │   'local_epoch': 5,
│   │   'batch_size': 32,
│   │   'reset_optimizer_on_global_epoch': True,
│   │   'straggler_ratio': 0,
│   │   'straggler_min_local_epoch': 0,
│   │   'buffers': 'global',
│   │   'client_side_evaluation': True,
│   │   'test': {
│   │   │   'client': {
│   │   │   │   'interval': 100,
│   │   │   │   'finetune_epoch': 0,
│   │   │   │   'train': False,
│   │   │   │   'val': False,
│   │   │   │   'test': True
│   │   │   },
│   │   │   'server': {
│   │   │   │   'interval': -1,
│   │   │   │   'train': False,
│   │   │   │   'val': False,
│   │   │   │   'test': False,
│   │   │   │   'model_in_train_mode': False
│   │   │   }
│   │   },
│   │   'verbose_gap': 10,
│   │   'monitor': None,
│   │   'use_cuda': True,
│   │   'save_log': True,
│   │   'save_model': False,
│   │   'save_learning_curve_plot': False,
│   │   'save_metrics': True,
│   │   'delete_useless_run': True
│   },
│   'psfl': {
│   │   'alpha': 0.0,
│   │   'CLS': False,
│   │   'ig_ratio': 0.2,
│   │   'track': False,
│   │   'score': 'obp'
│   }
}
---------------------------- TRAINING EPOCH: 10 ----------------------------    
client [77] (testset)   loss: 0.3169 -> 0.2662  accuracy: 91.71% -> 93.26%      
client [81] (testset)   loss: 0.3532 -> 0.3941  accuracy: 86.45% -> 83.90%      
client [21] (testset)   loss: 4.0984 -> 0.3780  accuracy: 0.11% -> 89.03%       
client [68] (testset)   loss: 0.6367 -> 0.4944  accuracy: 84.02% -> 86.98%      
client [93] (testset)   loss: 0.2764 -> 0.2067  accuracy: 91.43% -> 93.71%      
client [31] (testset)   loss: 0.3692 -> 0.2847  accuracy: 89.17% -> 90.95%      
client [20] (testset)   loss: 0.3256 -> 0.3463  accuracy: 90.38% -> 89.74%      
client [59] (testset)   loss: 4.1224 -> 0.7235  accuracy: 0.98% -> 80.50%       
client [48] (testset)   loss: 0.8261 -> 0.6505  accuracy: 67.83% -> 78.10%      
client [34] (testset)   loss: 0.5411 -> 0.3486  accuracy: 84.59% -> 89.55%      
---------------------------- TRAINING EPOCH: 20 ----------------------------    
client [69] (testset)   loss: 0.4524 -> 0.4115  accuracy: 87.29% -> 88.19%      
client [99] (testset)   loss: 0.2908 -> 0.2241  accuracy: 92.78% -> 94.20%      
client [67] (testset)   loss: 0.8253 -> 0.4360  accuracy: 74.82% -> 88.42%      
client [0]  (testset)   loss: 0.3490 -> 0.2628  accuracy: 88.60% -> 93.57%      
client [76] (testset)   loss: 0.3402 -> 0.3021  accuracy: 91.57% -> 92.01%      
client [41] (testset)   loss: 0.8729 -> 0.3754  accuracy: 70.03% -> 86.71%      
client [62] (testset)   loss: 4.1505 -> 0.3701  accuracy: 0.00% -> 89.96%       
client [2]  (testset)   loss: 4.1453 -> 0.4016  accuracy: 0.30% -> 89.00%       
client [14] (testset)   loss: 0.3128 -> 0.3754  accuracy: 91.24% -> 90.76%      
client [46] (testset)   loss: 0.1370 -> 0.1223  accuracy: 96.18% -> 96.95%      
---------------------------- TRAINING EPOCH: 30 ----------------------------    
client [24] (testset)   loss: 0.2378 -> 0.2214  accuracy: 93.19% -> 92.94%      
client [68] (testset)   loss: 0.3686 -> 0.3368  accuracy: 90.69% -> 92.38%      
client [57] (testset)   loss: 0.2043 -> 0.1697  accuracy: 94.74% -> 95.39%      
client [17] (testset)   loss: 0.3330 -> 0.3224  accuracy: 91.78% -> 91.56%      
client [54] (testset)   loss: 0.3837 -> 0.2977  accuracy: 89.18% -> 92.29%      
client [23] (testset)   loss: 4.0845 -> 0.5011  accuracy: 0.38% -> 80.48%       
client [35] (testset)   loss: 0.1335 -> 0.1310  accuracy: 96.62% -> 96.65%      
client [59] (testset)   loss: 0.4642 -> 0.2948  accuracy: 86.87% -> 90.36%      
client [31] (testset)   loss: 0.2255 -> 0.2328  accuracy: 93.44% -> 93.36%      
client [9]  (testset)   loss: 0.2702 -> 0.2383  accuracy: 92.37% -> 93.02%      
---------------------------- TRAINING EPOCH: 40 ----------------------------    
client [64] (testset)   loss: 0.6270 -> 0.5388  accuracy: 81.78% -> 86.15%      
client [33] (testset)   loss: 0.1549 -> 0.1520  accuracy: 96.86% -> 96.86%      
client [16] (testset)   loss: 0.4035 -> 0.4251  accuracy: 89.13% -> 89.62%      
client [44] (testset)   loss: 1.3692 -> 0.9828  accuracy: 59.26% -> 71.91%      
client [8]  (testset)   loss: 0.3345 -> 0.3513  accuracy: 91.07% -> 90.84%      
client [31] (testset)   loss: 0.2393 -> 0.2617  accuracy: 93.23% -> 91.45%      
client [47] (testset)   loss: 0.3261 -> 0.3172  accuracy: 90.26% -> 90.60%      
client [36] (testset)   loss: 0.3926 -> 0.2544  accuracy: 87.73% -> 93.12%      
client [20] (testset)   loss: 0.2839 -> 0.2856  accuracy: 92.91% -> 93.40%      
client [56] (testset)   loss: 0.1785 -> 13.3450 accuracy: 95.46% -> 19.39%      
---------------------------- TRAINING EPOCH: 50 ----------------------------    
client [4]  (testset)   loss: 0.3722 -> 0.4330  accuracy: 87.42% -> 86.51%      
client [60] (testset)   loss: 0.3078 -> 0.3005  accuracy: 91.51% -> 90.58%      
client [28] (testset)   loss: 0.1475 -> 0.1535  accuracy: 94.22% -> 94.00%      
client [25] (testset)   loss: 0.3009 -> 0.2173  accuracy: 91.77% -> 94.51%      
client [58] (testset)   loss: 0.1098 -> 0.1092  accuracy: 97.68% -> 97.81%      
client [44] (testset)   loss: 0.9642 -> 0.4398  accuracy: 72.66% -> 87.98%      
client [39] (testset)   loss: 0.2355 -> 0.2035  accuracy: 94.37% -> 95.22%      
client [29] (testset)   loss: 0.2585 -> 0.2495  accuracy: 92.48% -> 92.22%      
client [3]  (testset)   loss: 0.1316 -> 0.1852  accuracy: 96.19% -> 94.94%      
client [84] (testset)   loss: 0.2833 -> 0.2661  accuracy: 92.34% -> 92.34%      
---------------------------- TRAINING EPOCH: 60 ----------------------------    
client [21] (testset)   loss: 0.2344 -> 0.2390  accuracy: 93.13% -> 93.06%      
client [84] (testset)   loss: 0.2663 -> 0.2888  accuracy: 92.61% -> 92.75%      
client [10] (testset)   loss: 1.4837 -> 0.4674  accuracy: 72.17% -> 83.50%      
client [36] (testset)   loss: 0.2086 -> 0.2014  accuracy: 93.00% -> 94.09%      
client [65] (testset)   loss: 0.4090 -> 0.3729  accuracy: 88.21% -> 89.04%      
client [81] (testset)   loss: 0.3455 -> 0.3600  accuracy: 86.91% -> 87.60%      
client [79] (testset)   loss: 0.5508 -> 1.4871  accuracy: 84.63% -> 69.37%      
client [42] (testset)   loss: 0.3045 -> 0.3121  accuracy: 92.13% -> 92.31%      
client [11] (testset)   loss: 0.2740 -> 0.2841  accuracy: 93.52% -> 92.83%      
client [96] (testset)   loss: 0.2664 -> 0.2242  accuracy: 92.65% -> 94.85%      
---------------------------- TRAINING EPOCH: 70 ----------------------------    
client [8]  (testset)   loss: 0.3870 -> 0.4171  accuracy: 90.37% -> 90.31%      
client [53] (testset)   loss: 0.1935 -> 0.1910  accuracy: 95.57% -> 95.95%      
client [52] (testset)   loss: 0.4711 -> 0.5355  accuracy: 86.70% -> 84.80%      
client [42] (testset)   loss: 0.3240 -> 0.3073  accuracy: 91.40% -> 92.19%      
client [69] (testset)   loss: 0.3958 -> 0.4212  accuracy: 90.89% -> 91.23%      
client [59] (testset)   loss: 0.3236 -> 0.3612  accuracy: 89.38% -> 88.40%      
client [7]  (testset)   loss: 0.2716 -> 0.2861  accuracy: 93.41% -> 93.22%      
client [26] (testset)   loss: 0.2522 -> 0.2662  accuracy: 93.28% -> 93.24%      
client [49] (testset)   loss: 0.1305 -> 0.1358  accuracy: 96.64% -> 96.67%      
client [98] (testset)   loss: 0.1852 -> 0.1936  accuracy: 95.44% -> 95.39%      
---------------------------- TRAINING EPOCH: 80 ----------------------------    
client [98] (testset)   loss: 0.1927 -> 0.1939  accuracy: 95.39% -> 95.59%      
client [47] (testset)   loss: 0.2943 -> 0.2975  accuracy: 92.14% -> 92.39%      
client [21] (testset)   loss: 0.2216 -> 0.2244  accuracy: 94.11% -> 94.04%      
client [77] (testset)   loss: 0.2983 -> 0.2999  accuracy: 94.11% -> 94.43%      
client [95] (testset)   loss: 0.1969 -> 0.2032  accuracy: 95.12% -> 95.12%      
client [91] (testset)   loss: 0.1652 -> 0.1714  accuracy: 96.68% -> 96.41%      
client [14] (testset)   loss: 0.3202 -> 0.3450  accuracy: 92.45% -> 92.63%      
client [99] (testset)   loss: 0.2122 -> 0.2166  accuracy: 95.41% -> 95.41%      
client [20] (testset)   loss: 0.3119 -> 0.3082  accuracy: 93.09% -> 93.13%      
client [39] (testset)   loss: 0.2063 -> 0.2175  accuracy: 95.16% -> 94.92%      
---------------------------- TRAINING EPOCH: 90 ----------------------------    
client [52] (testset)   loss: 0.5347 -> 0.6526  accuracy: 84.47% -> 86.37%      
client [62] (testset)   loss: 0.3394 -> 0.3476  accuracy: 93.64% -> 93.73%      
client [71] (testset)   loss: 0.1307 -> 0.1316  accuracy: 97.16% -> 97.23%      
client [97] (testset)   loss: 0.1697 -> 0.1798  accuracy: 96.76% -> 96.70%      
client [30] (testset)   loss: 0.3849 -> 0.3954  accuracy: 91.66% -> 91.05%      
client [88] (testset)   loss: 0.3998 -> 0.3504  accuracy: 84.24% -> 86.26%      
client [60] (testset)   loss: 0.1892 -> 0.1919  accuracy: 95.52% -> 95.52%      
client [82] (testset)   loss: 0.4446 -> 0.4437  accuracy: 81.05% -> 81.49%      
client [91] (testset)   loss: 0.1771 -> 0.1749  accuracy: 96.47% -> 96.68%      
client [57] (testset)   loss: 0.1432 -> 0.3486  accuracy: 96.24% -> 91.85%      
---------------------------- TRAINING EPOCH: 100 ----------------------------   
client [31] (testset)   loss: 0.3491 -> 0.3375  accuracy: 92.03% -> 92.98%      
client [15] (testset)   loss: 0.1970 -> 0.2034  accuracy: 91.82% -> 92.05%      
client [71] (testset)   loss: 0.1319 -> 0.1304  accuracy: 97.18% -> 96.90%      
client [97] (testset)   loss: 0.1890 -> 0.1922  accuracy: 96.94% -> 97.00%      
client [53] (testset)   loss: 0.2052 -> 0.2178  accuracy: 96.05% -> 95.47%      
client [77] (testset)   loss: 0.3009 -> 0.3187  accuracy: 94.43% -> 94.24%      
client [76] (testset)   loss: 0.2758 -> 0.2878  accuracy: 93.70% -> 93.48%      
client [79] (testset)   loss: 0.5176 -> 0.5205  accuracy: 88.42% -> 87.79%      
client [28] (testset)   loss: 0.1661 -> 0.1663  accuracy: 93.71% -> 94.47%      
client [99] (testset)   loss: 0.2213 -> 0.2227  accuracy: 95.44% -> 95.15%      
---------------------------- TRAINING EPOCH: 110 ----------------------------   
client [97] (testset)   loss: 0.2023 -> 0.2017  accuracy: 96.59% -> 96.70%      
client [86] (testset)   loss: 0.6595 -> 0.6451  accuracy: 87.64% -> 87.64%      
client [34] (testset)   loss: 0.4487 -> 0.1938  accuracy: 93.57% -> 95.58%      
client [73] (testset)   loss: 0.3463 -> 0.3814  accuracy: 90.90% -> 90.53%      
client [5]  (testset)   loss: 0.2568 -> 0.2346  accuracy: 93.71% -> 94.08%      
client [96] (testset)   loss: 0.2826 -> 0.3231  accuracy: 94.90% -> 94.43%      
client [22] (testset)   loss: 0.2458 -> 0.2708  accuracy: 93.47% -> 93.09%      
client [60] (testset)   loss: 0.2040 -> 0.2090  accuracy: 95.44% -> 95.68%      
client [66] (testset)   loss: 0.3119 -> 0.3197  accuracy: 94.08% -> 94.48%      
client [83] (testset)   loss: 0.3090 -> 0.3142  accuracy: 94.11% -> 94.07%      
---------------------------- TRAINING EPOCH: 120 ----------------------------   
client [76] (testset)   loss: 0.2876 -> 0.4608  accuracy: 93.40% -> 88.78%      
client [65] (testset)   loss: 0.3963 -> 0.3834  accuracy: 88.49% -> 89.46%      
client [95] (testset)   loss: 0.2116 -> 0.2489  accuracy: 95.03% -> 94.65%      
client [17] (testset)   loss: 0.3238 -> 0.3347  accuracy: 92.46% -> 92.39%      
client [8]  (testset)   loss: 0.4332 -> 0.4734  accuracy: 90.90% -> 90.84%      
client [35] (testset)   loss: 0.1907 -> 0.1952  accuracy: 96.85% -> 97.00%      
client [98] (testset)   loss: 0.2200 -> 0.2178  accuracy: 95.74% -> 95.39%      
client [53] (testset)   loss: 0.2201 -> 0.2325  accuracy: 96.15% -> 95.66%      
client [43] (testset)   loss: 0.3987 -> 0.3788  accuracy: 90.04% -> 90.04%      
client [64] (testset)   loss: 0.5703 -> 0.5708  accuracy: 88.61% -> 88.61%      
---------------------------- TRAINING EPOCH: 130 ----------------------------   
client [21] (testset)   loss: 0.2411 -> 0.2559  accuracy: 93.97% -> 93.90%      
client [88] (testset)   loss: 0.3251 -> 0.3374  accuracy: 90.29% -> 90.14%      
client [38] (testset)   loss: 0.3713 -> 0.3679  accuracy: 92.92% -> 93.44%      
client [3]  (testset)   loss: 0.1884 -> 0.2060  accuracy: 96.01% -> 96.15%      
client [5]  (testset)   loss: 0.2530 -> 0.2528  accuracy: 94.12% -> 93.86%      
client [41] (testset)   loss: 0.3611 -> 0.3946  accuracy: 90.78% -> 88.84%      
client [7]  (testset)   loss: 0.3022 -> 0.3039  accuracy: 93.35% -> 93.93%      
client [37] (testset)   loss: 0.3167 -> 0.3382  accuracy: 89.58% -> 91.41%      
client [45] (testset)   loss: 0.4697 -> 0.4382  accuracy: 85.75% -> 87.32%      
client [47] (testset)   loss: 0.3128 -> 0.3835  accuracy: 92.82% -> 90.60%      
---------------------------- TRAINING EPOCH: 140 ----------------------------   
client [16] (testset)   loss: 0.3830 -> 0.4048  accuracy: 91.40% -> 91.48%      
client [11] (testset)   loss: 0.3233 -> 0.3294  accuracy: 93.45% -> 94.14%      
client [37] (testset)   loss: 0.3397 -> 0.3585  accuracy: 90.76% -> 90.98%      
client [41] (testset)   loss: 0.3943 -> 0.4006  accuracy: 88.97% -> 89.47%      
client [95] (testset)   loss: 0.2308 -> 0.2337  accuracy: 95.08% -> 95.17%      
client [53] (testset)   loss: 0.2312 -> 0.2246  accuracy: 95.71% -> 96.00%      
client [22] (testset)   loss: 0.2704 -> 0.2667  accuracy: 93.00% -> 93.38%      
client [25] (testset)   loss: 0.2296 -> 0.2200  accuracy: 93.41% -> 94.51%      
client [69] (testset)   loss: 0.5032 -> 0.5130  accuracy: 91.34% -> 91.34%      
client [46] (testset)   loss: 0.1325 -> 0.1391  accuracy: 97.07% -> 96.83%      
---------------------------- TRAINING EPOCH: 150 ----------------------------   
client [47] (testset)   loss: 0.3672 -> 0.4009  accuracy: 91.71% -> 90.09%      
client [69] (testset)   loss: 0.5138 -> 0.5251  accuracy: 91.45% -> 90.78%      
client [82] (testset)   loss: 0.4841 -> 0.4557  accuracy: 80.46% -> 81.27%      
client [45] (testset)   loss: 0.4612 -> 0.5427  accuracy: 86.41% -> 86.35%      
client [7]  (testset)   loss: 0.3037 -> 0.3114  accuracy: 93.74% -> 93.09%      
client [50] (testset)   loss: 0.1307 -> 0.1183  accuracy: 96.16% -> 96.59%      
client [35] (testset)   loss: 0.2012 -> 0.2051  accuracy: 96.85% -> 96.97%      
client [24] (testset)   loss: 0.2540 -> 0.2730  accuracy: 94.52% -> 94.68%      
client [15] (testset)   loss: 0.2378 -> 0.2295  accuracy: 92.13% -> 93.05%      
client [58] (testset)   loss: 0.1449 -> 0.1462  accuracy: 97.71% -> 97.59%      
---------------------------- TRAINING EPOCH: 160 ----------------------------   
client [48] (testset)   loss: 0.8416 -> 0.8090  accuracy: 79.65% -> 80.43%      
client [76] (testset)   loss: 0.3184 -> 0.3190  accuracy: 92.96% -> 94.06%      
client [67] (testset)   loss: 0.3347 -> 0.3409  accuracy: 90.99% -> 90.62%      
client [37] (testset)   loss: 0.3542 -> 0.3799  accuracy: 90.80% -> 90.65%      
client [58] (testset)   loss: 0.1522 -> 0.1645  accuracy: 97.81% -> 96.79%      
client [64] (testset)   loss: 0.5692 -> 0.5945  accuracy: 88.05% -> 88.61%      
client [77] (testset)   loss: 0.3428 -> 0.3486  accuracy: 94.17% -> 94.43%      
client [55] (testset)   loss: 0.3775 -> 0.4384  accuracy: 90.84% -> 86.14%      
client [12] (testset)   loss: 0.6104 -> 0.6334  accuracy: 91.78% -> 91.16%      
client [89] (testset)   loss: 0.4713 -> 0.4840  accuracy: 89.01% -> 88.32%      
---------------------------- TRAINING EPOCH: 170 ----------------------------   
client [84] (testset)   loss: 0.3175 -> 0.3384  accuracy: 93.57% -> 93.16%      
client [51] (testset)   loss: 0.3807 -> 0.3910  accuracy: 93.12% -> 92.15%      
client [8]  (testset)   loss: 0.5157 -> 0.5384  accuracy: 90.60% -> 90.90%      
client [18] (testset)   loss: 0.2616 -> 0.2679  accuracy: 94.04% -> 94.04%      
client [94] (testset)   loss: 0.1903 -> 0.1937  accuracy: 95.87% -> 95.82%      
client [81] (testset)   loss: 0.5264 -> 0.5671  accuracy: 86.77% -> 86.56%      
client [3]  (testset)   loss: 0.2174 -> 0.2285  accuracy: 95.91% -> 96.09%      
client [11] (testset)   loss: 0.3417 -> 0.3511  accuracy: 93.93% -> 94.14%      
client [95] (testset)   loss: 0.2557 -> 0.2568  accuracy: 95.17% -> 95.27%      
client [67] (testset)   loss: 0.3408 -> 0.3739  accuracy: 90.44% -> 90.62%      
---------------------------- TRAINING EPOCH: 180 ----------------------------   
client [21] (testset)   loss: 0.2618 -> 0.2818  accuracy: 93.60% -> 93.75%      
client [79] (testset)   loss: 0.6616 -> 0.6805  accuracy: 88.32% -> 88.53%      
client [58] (testset)   loss: 0.1616 -> 0.1620  accuracy: 97.71% -> 97.73%      
client [88] (testset)   loss: 0.3465 -> 0.3739  accuracy: 89.93% -> 89.93%      
client [46] (testset)   loss: 0.1461 -> 0.1561  accuracy: 97.07% -> 97.15%      
client [11] (testset)   loss: 0.3508 -> 0.3553  accuracy: 94.14% -> 94.14%      
client [55] (testset)   loss: 0.4195 -> 0.4252  accuracy: 90.39% -> 90.42%      
client [13] (testset)   loss: 0.2531 -> 0.2553  accuracy: 96.38% -> 96.38%      
client [31] (testset)   loss: 0.3674 -> 0.3649  accuracy: 92.65% -> 92.36%      
client [75] (testset)   loss: 0.5549 -> 0.5631  accuracy: 90.71% -> 90.82%      
---------------------------- TRAINING EPOCH: 190 ----------------------------   
client [19] (testset)   loss: 0.3146 -> 0.3266  accuracy: 94.37% -> 94.06%      
client [7]  (testset)   loss: 0.3515 -> 0.3464  accuracy: 92.89% -> 93.67%      
client [57] (testset)   loss: 0.1709 -> 0.1739  accuracy: 96.03% -> 96.03%      
client [13] (testset)   loss: 0.2579 -> 0.2592  accuracy: 96.38% -> 96.19%      
client [43] (testset)   loss: 0.4193 -> 0.4324  accuracy: 89.54% -> 89.91%      
client [91] (testset)   loss: 0.1943 -> 0.1947  accuracy: 96.58% -> 96.41%      
client [10] (testset)   loss: 0.3991 -> 0.6348  accuracy: 85.17% -> 86.85%      
client [64] (testset)   loss: 0.6296 -> 0.6599  accuracy: 86.53% -> 86.34%      
client [82] (testset)   loss: 0.5070 -> 0.5625  accuracy: 81.45% -> 81.60%      
client [22] (testset)   loss: 0.3252 -> 0.3611  accuracy: 93.42% -> 93.24%      
---------------------------- TRAINING EPOCH: 200 ----------------------------   
client [20] (testset)   loss: 0.3314 -> 0.3462  accuracy: 93.04% -> 92.72%      
client [23] (testset)   loss: 0.4556 -> 0.4700  accuracy: 82.74% -> 83.11%      
client [88] (testset)   loss: 0.3728 -> 0.3685  accuracy: 89.93% -> 90.79%      
client [98] (testset)   loss: 0.2521 -> 0.2568  accuracy: 95.69% -> 95.69%      
client [79] (testset)   loss: 0.7176 -> 0.7238  accuracy: 88.53% -> 88.74%      
client [21] (testset)   loss: 0.2319 -> 0.2749  accuracy: 94.22% -> 94.04%      
client [92] (testset)   loss: 0.4196 -> 0.4362  accuracy: 92.93% -> 92.81%      
client [56] (testset)   loss: 0.2457 -> 0.2410  accuracy: 96.57% -> 96.54%      
client [5]  (testset)   loss: 0.2910 -> 0.3298  accuracy: 93.71% -> 92.86%      
client [52] (testset)   loss: 0.7465 -> 0.7457  accuracy: 86.03% -> 86.15%      
---------------------------- TRAINING EPOCH: 210 ----------------------------   
client [67] (testset)   loss: 0.3890 -> 0.4070  accuracy: 89.89% -> 90.62%      
client [54] (testset)   loss: 0.3863 -> 0.3974  accuracy: 92.16% -> 92.04%      
client [14] (testset)   loss: 0.4097 -> 0.4194  accuracy: 92.93% -> 92.93%      
client [99] (testset)   loss: 0.2662 -> 0.2724  accuracy: 95.44% -> 95.12%      
client [36] (testset)   loss: 0.2658 -> 0.2664  accuracy: 94.84% -> 94.61%      
client [30] (testset)   loss: 0.5078 -> 0.5199  accuracy: 91.48% -> 91.54%      
client [38] (testset)   loss: 0.4189 -> 0.4287  accuracy: 93.33% -> 93.23%      
client [15] (testset)   loss: 0.2929 -> 0.2956  accuracy: 92.85% -> 92.45%      
client [6]  (testset)   loss: 0.4334 -> 0.4466  accuracy: 92.97% -> 93.33%      
client [53] (testset)   loss: 0.2639 -> 0.2652  accuracy: 96.10% -> 96.00%      
---------------------------- TRAINING EPOCH: 220 ----------------------------   
client [99] (testset)   loss: 0.2770 -> 0.2797  accuracy: 95.06% -> 95.21%      
client [6]  (testset)   loss: 0.4486 -> 0.4495  accuracy: 93.47% -> 93.33%      
client [83] (testset)   loss: 0.3628 -> 0.3967  accuracy: 94.25% -> 94.02%      
client [42] (testset)   loss: 0.3976 -> 0.3935  accuracy: 92.61% -> 92.43%      
client [34] (testset)   loss: 0.2230 -> 0.2356  accuracy: 95.68% -> 95.39%      
client [15] (testset)   loss: 0.2937 -> 0.3103  accuracy: 92.57% -> 92.13%      
client [47] (testset)   loss: 0.4735 -> 0.4736  accuracy: 91.37% -> 91.45%      
client [55] (testset)   loss: 0.4278 -> 0.4305  accuracy: 89.62% -> 90.32%      
client [51] (testset)   loss: 0.3990 -> 0.4118  accuracy: 93.12% -> 91.36%      
client [95] (testset)   loss: 0.2702 -> 0.2751  accuracy: 95.27% -> 95.27%      
---------------------------- TRAINING EPOCH: 230 ----------------------------   
client [71] (testset)   loss: 0.1679 -> 0.1709  accuracy: 96.94% -> 96.94%      
client [15] (testset)   loss: 0.3082 -> 0.3074  accuracy: 92.25% -> 91.78%      
client [33] (testset)   loss: 0.2034 -> 0.2052  accuracy: 96.81% -> 96.77%      
client [99] (testset)   loss: 0.2929 -> 0.2908  accuracy: 95.32% -> 95.35%      
client [90] (testset)   loss: 0.4408 -> 0.4472  accuracy: 91.01% -> 91.10%      
client [57] (testset)   loss: 0.1879 -> 0.1894  accuracy: 96.03% -> 95.92%      
client [27] (testset)   loss: 0.2488 -> 0.2523  accuracy: 95.64% -> 95.51%      
client [78] (testset)   loss: 0.4228 -> 0.4400  accuracy: 90.61% -> 90.85%      
client [36] (testset)   loss: 0.2737 -> 0.2764  accuracy: 94.84% -> 94.95%      
client [88] (testset)   loss: 0.3794 -> 0.3991  accuracy: 90.94% -> 90.79%      
---------------------------- TRAINING EPOCH: 240 ----------------------------   
client [70] (testset)   loss: 0.6698 -> 0.6960  accuracy: 89.47% -> 88.83%      
client [35] (testset)   loss: 0.2168 -> 0.2194  accuracy: 96.97% -> 96.85%      
client [16] (testset)   loss: 0.4838 -> 0.4749  accuracy: 88.24% -> 90.75%      
client [80] (testset)   loss: 0.2672 -> 0.2661  accuracy: 95.80% -> 95.93%      
client [38] (testset)   loss: 0.4310 -> 0.4405  accuracy: 93.13% -> 93.23%      
client [78] (testset)   loss: 0.4104 -> 0.4196  accuracy: 91.23% -> 91.08%      
client [68] (testset)   loss: 0.4416 -> 0.4460  accuracy: 92.28% -> 91.85%      
client [11] (testset)   loss: 0.3779 -> 0.3814  accuracy: 93.86% -> 93.45%      
client [64] (testset)   loss: 0.7786 -> 0.7191  accuracy: 82.35% -> 86.72%      
client [82] (testset)   loss: 0.6331 -> 0.5888  accuracy: 76.64% -> 80.90%      
---------------------------- TRAINING EPOCH: 250 ----------------------------   
client [30] (testset)   loss: 0.5378 -> 0.5531  accuracy: 91.30% -> 91.36%      
client [27] (testset)   loss: 0.2516 -> 0.2563  accuracy: 95.51% -> 95.68%      
client [74] (testset)   loss: 0.3524 -> 0.3565  accuracy: 93.72% -> 93.72%      
client [45] (testset)   loss: 0.5954 -> 0.5983  accuracy: 85.75% -> 86.65%      
client [6]  (testset)   loss: 0.4453 -> 0.4582  accuracy: 93.04% -> 92.97%      
client [36] (testset)   loss: 0.2772 -> 0.2816  accuracy: 95.01% -> 94.84%      
client [63] (testset)   loss: 0.2227 -> 0.2251  accuracy: 96.32% -> 95.79%      
client [76] (testset)   loss: 0.3383 -> 0.3446  accuracy: 93.55% -> 93.33%      
client [83] (testset)   loss: 0.3766 -> 0.3858  accuracy: 94.30% -> 93.70%      
client [86] (testset)   loss: 0.8492 -> 0.8572  accuracy: 88.17% -> 88.17%      
---------------------------- TRAINING EPOCH: 260 ----------------------------   
client [83] (testset)   loss: 0.3823 -> 0.3903  accuracy: 93.89% -> 94.39%      
client [99] (testset)   loss: 0.3018 -> 0.2973  accuracy: 95.29% -> 95.24%      
client [74] (testset)   loss: 0.3662 -> 0.3616  accuracy: 93.55% -> 93.72%      
client [73] (testset)   loss: 0.5029 -> 0.5041  accuracy: 90.72% -> 90.72%      
client [29] (testset)   loss: 0.3143 -> 0.3142  accuracy: 92.22% -> 92.22%      
client [92] (testset)   loss: 0.4947 -> 0.5142  accuracy: 92.65% -> 92.86%      
client [6]  (testset)   loss: 0.4577 -> 0.4647  accuracy: 93.19% -> 93.04%      
client [61] (testset)   loss: 0.6578 -> 0.7859  accuracy: 87.30% -> 84.27%      
client [21] (testset)   loss: 0.2810 -> 0.2933  accuracy: 94.26% -> 93.82%      
client [67] (testset)   loss: 0.4157 -> 0.4667  accuracy: 90.44% -> 90.99%      
---------------------------- TRAINING EPOCH: 270 ----------------------------   
client [83] (testset)   loss: 0.3898 -> 0.4066  accuracy: 94.39% -> 94.21%      
client [32] (testset)   loss: 0.3805 -> 0.3849  accuracy: 92.56% -> 92.32%      
client [95] (testset)   loss: 0.2747 -> 0.2771  accuracy: 95.12% -> 95.17%      
client [61] (testset)   loss: 0.7974 -> 0.8117  accuracy: 85.00% -> 86.23%      
client [27] (testset)   loss: 0.2564 -> 0.2559  accuracy: 95.68% -> 95.42%      
client [25] (testset)   loss: 0.2613 -> 0.2517  accuracy: 93.41% -> 94.40%      
client [68] (testset)   loss: 0.4669 -> 0.4758  accuracy: 92.49% -> 92.38%      
client [34] (testset)   loss: 0.2340 -> 0.2379  accuracy: 95.63% -> 95.78%      
client [71] (testset)   loss: 0.1853 -> 0.1856  accuracy: 96.94% -> 96.80%      
client [89] (testset)   loss: 0.5615 -> 0.5680  accuracy: 88.17% -> 88.46%      
---------------------------- TRAINING EPOCH: 280 ----------------------------   
client [78] (testset)   loss: 0.4811 -> 0.4929  accuracy: 91.23% -> 91.54%      
client [81] (testset)   loss: 0.6972 -> 0.7060  accuracy: 86.21% -> 86.80%      
client [51] (testset)   loss: 0.4653 -> 0.9321  accuracy: 92.03% -> 91.12%      
client [54] (testset)   loss: 0.3990 -> 0.3978  accuracy: 92.04% -> 92.16%      
client [65] (testset)   loss: 0.5356 -> 0.5564  accuracy: 88.42% -> 89.11%      
client [41] (testset)   loss: 0.5325 -> 0.5368  accuracy: 90.97% -> 90.85%      
client [11] (testset)   loss: 0.3861 -> 0.3902  accuracy: 93.59% -> 93.59%      
client [85] (testset)   loss: 0.4596 -> 0.4926  accuracy: 93.17% -> 93.69%      
client [12] (testset)   loss: 0.7179 -> 0.7298  accuracy: 91.66% -> 91.66%      
client [23] (testset)   loss: 0.5740 -> 0.5791  accuracy: 82.88% -> 81.87%      
---------------------------- TRAINING EPOCH: 290 ----------------------------   
client [16] (testset)   loss: 0.4858 -> 0.5022  accuracy: 91.08% -> 87.10%      
client [65] (testset)   loss: 0.5832 -> 0.6017  accuracy: 88.97% -> 89.04%      
client [53] (testset)   loss: 0.2824 -> 0.2861  accuracy: 96.10% -> 96.05%      
client [58] (testset)   loss: 0.1709 -> 0.1740  accuracy: 97.76% -> 97.68%      
client [72] (testset)   loss: 0.8587 -> 0.8651  accuracy: 88.74% -> 88.59%      
client [7]  (testset)   loss: 0.3806 -> 0.3847  accuracy: 93.61% -> 93.15%      
client [71] (testset)   loss: 0.1856 -> 0.1881  accuracy: 96.84% -> 96.74%      
client [59] (testset)   loss: 0.4643 -> 0.4662  accuracy: 90.63% -> 90.74%      
client [86] (testset)   loss: 0.8814 -> 0.8861  accuracy: 87.96% -> 88.17%      
client [39] (testset)   loss: 0.3099 -> 0.3149  accuracy: 95.28% -> 95.34%      
---------------------------- TRAINING EPOCH: 300 ----------------------------   
client [99] (testset)   loss: 0.3107 -> 0.2951  accuracy: 95.00% -> 94.69%      
client [7]  (testset)   loss: 0.3847 -> 0.4036  accuracy: 93.41% -> 93.28%      
client [17] (testset)   loss: 0.5506 -> 0.5309  accuracy: 91.52% -> 90.99%      
client [64] (testset)   loss: 0.8559 -> 0.8407  accuracy: 85.96% -> 86.34%      
client [37] (testset)   loss: 0.4755 -> 0.4896  accuracy: 90.51% -> 90.55%      
client [29] (testset)   loss: 0.3471 -> 0.3428  accuracy: 91.75% -> 91.96%      
client [93] (testset)   loss: 0.3511 -> 0.3546  accuracy: 94.03% -> 94.06%      
client [73] (testset)   loss: 0.5334 -> 0.5410  accuracy: 91.09% -> 91.15%      
client [40] (testset)   loss: 0.3835 -> 0.3874  accuracy: 94.64% -> 94.84%      
client [76] (testset)   loss: 0.3583 -> 0.3628  accuracy: 93.18% -> 93.55%      
---------------------------- TRAINING EPOCH: 310 ----------------------------   
client [31] (testset)   loss: 0.4402 -> 0.4487  accuracy: 92.65% -> 92.57%      
client [89] (testset)   loss: 0.6228 -> 0.6238  accuracy: 87.62% -> 88.39%      
client [77] (testset)   loss: 0.4159 -> 0.4177  accuracy: 94.11% -> 94.11%      
client [90] (testset)   loss: 0.5343 -> 0.5565  accuracy: 90.68% -> 90.64%      
client [26] (testset)   loss: 0.3201 -> 0.3541  accuracy: 92.01% -> 92.80%      
client [50] (testset)   loss: 0.1541 -> 0.1578  accuracy: 97.56% -> 97.56%      
client [30] (testset)   loss: 0.5825 -> 0.5961  accuracy: 91.17% -> 91.36%      
client [70] (testset)   loss: 0.7021 -> 0.7170  accuracy: 89.09% -> 89.22%      
client [41] (testset)   loss: 0.5536 -> 0.5583  accuracy: 90.85% -> 90.97%      
client [99] (testset)   loss: 0.2955 -> 0.3091  accuracy: 94.69% -> 95.15%      
---------------------------- TRAINING EPOCH: 320 ----------------------------   
client [68] (testset)   loss: 0.5207 -> 0.5284  accuracy: 92.06% -> 91.64%      
client [70] (testset)   loss: 0.7156 -> 0.7291  accuracy: 88.45% -> 88.70%      
client [52] (testset)   loss: 0.8632 -> 0.8725  accuracy: 86.26% -> 86.15%      
client [1]  (testset)   loss: 0.4068 -> 0.4113  accuracy: 92.97% -> 92.92%      
client [2]  (testset)   loss: 0.2280 -> 0.2274  accuracy: 96.20% -> 96.25%      
client [67] (testset)   loss: 0.4263 -> 0.4571  accuracy: 90.99% -> 90.99%      
client [92] (testset)   loss: 0.5975 -> 0.6025  accuracy: 92.55% -> 92.55%      
client [35] (testset)   loss: 0.2290 -> 0.2289  accuracy: 96.94% -> 96.85%      
client [36] (testset)   loss: 0.3066 -> 0.3158  accuracy: 95.07% -> 95.07%      
client [64] (testset)   loss: 0.8380 -> 0.8700  accuracy: 86.72% -> 86.72%      
---------------------------- TRAINING EPOCH: 330 ----------------------------   
client [44] (testset)   loss: 0.5923 -> 0.5947  accuracy: 90.43% -> 90.53%      
client [6]  (testset)   loss: 0.4849 -> 0.4949  accuracy: 92.97% -> 93.12%      
client [12] (testset)   loss: 0.7468 -> 0.7531  accuracy: 91.78% -> 91.66%      
client [55] (testset)   loss: 0.4680 -> 0.4886  accuracy: 90.21% -> 90.67%      
client [29] (testset)   loss: 0.3621 -> 0.3680  accuracy: 91.75% -> 91.70%      
client [9]  (testset)   loss: 0.3493 -> 0.3484  accuracy: 94.18% -> 94.31%      
client [43] (testset)   loss: 0.5599 -> 0.6592  accuracy: 87.70% -> 82.66%      
client [77] (testset)   loss: 0.4175 -> 0.4211  accuracy: 94.11% -> 94.17%      
client [98] (testset)   loss: 0.2834 -> 0.2884  accuracy: 95.54% -> 95.64%      
client [78] (testset)   loss: 0.5003 -> 0.5121  accuracy: 91.54% -> 91.54%      
---------------------------- TRAINING EPOCH: 340 ----------------------------   
client [92] (testset)   loss: 0.6078 -> 0.6168  accuracy: 92.55% -> 92.58%      
client [80] (testset)   loss: 0.2823 -> 0.2791  accuracy: 95.80% -> 95.89%      
client [63] (testset)   loss: 0.2847 -> 0.2922  accuracy: 96.18% -> 96.07%      
client [76] (testset)   loss: 0.3700 -> 0.3738  accuracy: 93.11% -> 93.33%      
client [78] (testset)   loss: 0.5121 -> 0.5227  accuracy: 91.54% -> 91.31%      
client [25] (testset)   loss: 0.4927 -> 0.2624  accuracy: 91.44% -> 94.29%      
client [58] (testset)   loss: 0.1756 -> 0.1756  accuracy: 97.76% -> 97.68%      
client [13] (testset)   loss: 0.2785 -> 0.2790  accuracy: 96.12% -> 96.12%      
client [17] (testset)   loss: 0.6079 -> 0.6243  accuracy: 91.86% -> 91.67%      
client [38] (testset)   loss: 0.4943 -> 0.5021  accuracy: 93.23% -> 93.13%      
---------------------------- TRAINING EPOCH: 350 ----------------------------   
client [72] (testset)   loss: 0.9155 -> 0.9320  accuracy: 88.74% -> 88.74%      
client [82] (testset)   loss: 0.8942 -> 0.9824  accuracy: 78.77% -> 73.93%      
client [86] (testset)   loss: 0.9261 -> 0.9295  accuracy: 87.85% -> 88.06%      
client [51] (testset)   loss: 0.5406 -> 0.5478  accuracy: 92.27% -> 92.45%      
client [96] (testset)   loss: 0.4301 -> 0.4296  accuracy: 94.94% -> 94.94%      
client [42] (testset)   loss: 0.4792 -> 0.4937  accuracy: 91.82% -> 92.07%      
client [55] (testset)   loss: 0.9526 -> 0.5514  accuracy: 84.85% -> 89.24%      
client [13] (testset)   loss: 0.2809 -> 0.2803  accuracy: 96.12% -> 96.12%      
client [1]  (testset)   loss: 0.4210 -> 0.4259  accuracy: 92.97% -> 92.87%      
client [12] (testset)   loss: 0.7533 -> 0.7587  accuracy: 91.78% -> 91.78%      
---------------------------- TRAINING EPOCH: 360 ----------------------------   
client [68] (testset)   loss: 0.5365 -> 0.5363  accuracy: 92.28% -> 92.17%      
client [23] (testset)   loss: 0.6871 -> 0.7343  accuracy: 82.91% -> 82.65%      
client [46] (testset)   loss: 0.1966 -> 0.1952  accuracy: 96.99% -> 96.87%      
client [41] (testset)   loss: 0.5734 -> 0.5773  accuracy: 90.78% -> 90.78%      
client [25] (testset)   loss: 0.2752 -> 0.2783  accuracy: 94.29% -> 93.85%      
client [58] (testset)   loss: 0.1767 -> 0.1783  accuracy: 97.66% -> 97.66%      
client [14] (testset)   loss: 0.3991 -> 0.4279  accuracy: 92.39% -> 92.45%      
client [33] (testset)   loss: 0.2265 -> 0.2262  accuracy: 96.90% -> 96.86%      
client [85] (testset)   loss: 0.5353 -> 0.5458  accuracy: 93.45% -> 93.59%      
client [62] (testset)   loss: 0.4171 -> 0.4177  accuracy: 93.68% -> 93.78%      
---------------------------- TRAINING EPOCH: 370 ----------------------------   
client [98] (testset)   loss: 0.2928 -> 0.2967  accuracy: 95.49% -> 95.54%      
client [63] (testset)   loss: 0.3057 -> 0.3048  accuracy: 96.24% -> 96.24%      
client [70] (testset)   loss: 0.7548 -> 0.7752  accuracy: 88.70% -> 88.58%      
client [65] (testset)   loss: 0.6664 -> 0.6943  accuracy: 89.60% -> 89.53%      
client [14] (testset)   loss: 0.4187 -> 0.4427  accuracy: 92.39% -> 92.39%      
client [73] (testset)   loss: 0.5875 -> 0.5869  accuracy: 90.41% -> 90.84%      
client [34] (testset)   loss: 0.2603 -> 0.2623  accuracy: 95.63% -> 95.63%      
client [99] (testset)   loss: 0.3210 -> 0.3333  accuracy: 94.69% -> 94.43%      
client [69] (testset)   loss: 0.6041 -> 0.6089  accuracy: 91.11% -> 91.23%      
client [46] (testset)   loss: 0.1951 -> 0.1959  accuracy: 96.87% -> 96.91%      
---------------------------- TRAINING EPOCH: 380 ----------------------------   
client [99] (testset)   loss: 0.3443 -> 0.3449  accuracy: 94.77% -> 95.15%      
client [93] (testset)   loss: 0.3622 -> 0.3664  accuracy: 94.13% -> 94.03%      
client [11] (testset)   loss: 0.4108 -> 0.4134  accuracy: 93.38% -> 93.52%      
client [58] (testset)   loss: 0.1800 -> 0.1819  accuracy: 97.73% -> 97.64%      
client [81] (testset)   loss: 0.6797 -> 0.7615  accuracy: 86.42% -> 86.17%      
client [85] (testset)   loss: 0.5447 -> 0.5450  accuracy: 93.52% -> 93.36%      
client [89] (testset)   loss: 0.7291 -> 0.7374  accuracy: 87.33% -> 88.10%      
client [45] (testset)   loss: 0.6881 -> 0.7049  accuracy: 86.96% -> 86.71%      
client [8]  (testset)   loss: 0.6497 -> 0.6597  accuracy: 90.31% -> 90.19%      
client [68] (testset)   loss: 0.5513 -> 0.5571  accuracy: 92.06% -> 92.06%      
---------------------------- TRAINING EPOCH: 390 ----------------------------   
client [67] (testset)   loss: 0.4398 -> 0.4602  accuracy: 88.79% -> 91.18%      
client [72] (testset)   loss: 0.9501 -> 0.9462  accuracy: 88.74% -> 88.59%      
client [1]  (testset)   loss: 0.4311 -> 0.4376  accuracy: 92.83% -> 92.73%      
client [78] (testset)   loss: 0.5497 -> 0.5472  accuracy: 91.31% -> 91.31%      
client [83] (testset)   loss: 0.4536 -> 0.4502  accuracy: 94.21% -> 94.16%      
client [21] (testset)   loss: 0.3604 -> 0.3716  accuracy: 94.08% -> 94.26%      
client [56] (testset)   loss: 0.2689 -> 0.2694  accuracy: 96.61% -> 96.67%      
client [44] (testset)   loss: 0.6321 -> 0.6351  accuracy: 90.21% -> 90.32%      
client [92] (testset)   loss: 0.6205 -> 0.6289  accuracy: 92.48% -> 92.55%      
client [27] (testset)   loss: 0.2878 -> 0.2870  accuracy: 95.33% -> 95.42%      
---------------------------- TRAINING EPOCH: 400 ----------------------------   
client [10] (testset)   loss: 0.5113 -> 0.4837  accuracy: 86.43% -> 88.81%      
client [39] (testset)   loss: 0.3239 -> 0.3313  accuracy: 95.28% -> 95.22%      
client [65] (testset)   loss: 0.7276 -> 0.7326  accuracy: 89.60% -> 89.32%      
client [26] (testset)   loss: 0.6909 -> 0.4987  accuracy: 92.09% -> 89.42%      
client [19] (testset)   loss: 0.4304 -> 0.4232  accuracy: 94.22% -> 94.30%      
client [68] (testset)   loss: 0.5587 -> 0.5624  accuracy: 92.06% -> 91.96%      
client [41] (testset)   loss: 0.5910 -> 0.5916  accuracy: 90.85% -> 90.78%      
client [50] (testset)   loss: 0.1660 -> 0.1701  accuracy: 97.62% -> 97.62%      
client [75] (testset)   loss: 0.6336 -> 0.6350  accuracy: 90.35% -> 90.47%      
client [81] (testset)   loss: 0.7696 -> 0.8248  accuracy: 86.45% -> 86.38%      
Training... ━━━━━━━━━━━━━━━━━━━━━━━━━━━━━━━━━━━━━━━━ 100% 1:21:15
PSFL's average time taken by each global epoch: 0 min 12.10 sec.                
PSFL's total running time: 1 h 21 m 15 s.                                       
==================== PSFL Experiment Results: ====================              
Display format: (before local fine-tuning) -> (after local fine-tuning)         
 So if finetune_epoch = 0, x.xx% -> 0.00% is normal.                            
 Centralized testing ONLY happens after model aggregation, so the stats between 
'->' are the same.                                                              
{                                                                               
    "100": {                                                                    
        "all_clients": {                                                        
            "test": {                                                           
                "loss": "0.2766 -> 0.0000",                                     
                "accuracy": "93.20% -> 0.00%"                                   
            }                                                                   
        }                                                                       
    },                                                                          
    "200": {                                                                    
        "all_clients": {                                                        
            "test": {                                                           
                "loss": "0.3398 -> 0.0000",                                     
                "accuracy": "93.14% -> 0.00%"                                   
            }                                                                   
        }                                                                       
    },                                                                          
    "300": {                                                                    
        "all_clients": {                                                        
            "test": {                                                           
                "loss": "0.4075 -> 0.0000",                                     
                "accuracy": "92.98% -> 0.00%"                                   
            }                                                                   
        }                                                                       
    },                                                                          
    "400": {                                                                    
        "all_clients": {                                                        
            "test": {                                                           
                "loss": "0.4436 -> 0.0000",                                     
                "accuracy": "93.03% -> 0.00%"                                   
            }                                                                   
        }                                                                       
    }                                                                           
}                                                                               
==================== PSFL Max Accuracy ====================                     
all_clients:                                                                    
(test) before fine-tuning: 93.20% at epoch 100                                  
(test) after fine-tuning: 0.00% at epoch 100                                    
