==================== PSFL ====================                                  
Experiment Arguments:                                                           
{
│   'method': 'psfl',
│   'dataset': {
│   │   'name': 'emnist',
│   │   'client_num': 100,
│   │   'test_ratio': 0.25,
│   │   'val_ratio': 0.0,
│   │   'seed': 42,
│   │   'split': 'sample',
│   │   'IID_ratio': 0.0,
│   │   'monitor_window_name_suffix': 'emnist-100clients-0%IID-Dir(0.1)-seed42',
│   │   'emnist_split': 'byclass',
│   │   'alpha': 0.1,
│   │   'min_samples_per_client': 10
│   },
│   'model': {
│   │   'name': 'avgcnn',
│   │   'use_torchvision_pretrained_weights': True,
│   │   'external_model_weights_path': None
│   },
│   'optimizer': {
│   │   'lr': 0.01,
│   │   'dampening': 0,
│   │   'weight_decay': 0,
│   │   'momentum': 0,
│   │   'nesterov': False,
│   │   'name': 'sgd'
│   },
│   'mode': 'sequential',
│   'parallel': {
│   │   'ray_cluster_addr': None,
│   │   'num_cpus': None,
│   │   'num_gpus': None,
│   │   'num_workers': 2
│   },
│   'common': {
│   │   'seed': 42,
│   │   'join_ratio': 0.1,
│   │   'global_epoch': 400,
│   │   'local_epoch': 5,
│   │   'batch_size': 32,
│   │   'reset_optimizer_on_global_epoch': True,
│   │   'straggler_ratio': 0,
│   │   'straggler_min_local_epoch': 0,
│   │   'buffers': 'global',
│   │   'client_side_evaluation': True,
│   │   'test': {
│   │   │   'client': {
│   │   │   │   'interval': 100,
│   │   │   │   'finetune_epoch': 0,
│   │   │   │   'train': False,
│   │   │   │   'val': False,
│   │   │   │   'test': True
│   │   │   },
│   │   │   'server': {
│   │   │   │   'interval': -1,
│   │   │   │   'train': False,
│   │   │   │   'val': False,
│   │   │   │   'test': False,
│   │   │   │   'model_in_train_mode': False
│   │   │   }
│   │   },
│   │   'verbose_gap': 10,
│   │   'monitor': None,
│   │   'use_cuda': True,
│   │   'save_log': True,
│   │   'save_model': False,
│   │   'save_learning_curve_plot': False,
│   │   'save_metrics': True,
│   │   'delete_useless_run': True
│   },
│   'psfl': {
│   │   'alpha': 0.0,
│   │   'CLS': False,
│   │   'ig_ratio': 0.99,
│   │   'track': False,
│   │   'score': 'obp'
│   }
}
---------------------------- TRAINING EPOCH: 10 ----------------------------    
client [77] (testset)   loss: 0.3900 -> 0.1417  accuracy: 88.54% -> 95.92%      
client [81] (testset)   loss: 0.4518 -> 0.3097  accuracy: 83.87% -> 86.52%      
client [21] (testset)   loss: 0.7504 -> 0.1668  accuracy: 81.10% -> 95.13%      
client [68] (testset)   loss: 0.4755 -> 0.1623  accuracy: 86.35% -> 94.92%      
client [93] (testset)   loss: 0.2754 -> 0.1375  accuracy: 92.29% -> 95.38%      
client [31] (testset)   loss: 0.2970 -> 0.1900  accuracy: 90.04% -> 93.40%      
client [20] (testset)   loss: 0.3150 -> 0.2037  accuracy: 90.96% -> 93.90%      
client [59] (testset)   loss: 0.6811 -> 0.5070  accuracy: 82.68% -> 88.34%      
client [48] (testset)   loss: 0.8080 -> 0.3682  accuracy: 70.74% -> 84.11%      
client [34] (testset)   loss: 0.3937 -> 0.1686  accuracy: 87.14% -> 95.58%      
---------------------------- TRAINING EPOCH: 20 ----------------------------    
client [69] (testset)   loss: 0.2162 -> 0.2072  accuracy: 93.36% -> 94.15%      
client [99] (testset)   loss: 0.2085 -> 0.1289  accuracy: 94.11% -> 95.96%      
client [67] (testset)   loss: 0.2554 -> 0.1299  accuracy: 92.46% -> 95.96%      
client [0]  (testset)   loss: 0.1891 -> 0.1231  accuracy: 94.07% -> 96.63%      
client [76] (testset)   loss: 0.2182 -> 0.1167  accuracy: 92.89% -> 95.53%      
client [41] (testset)   loss: 0.3413 -> 0.2809  accuracy: 87.90% -> 89.97%      
client [62] (testset)   loss: 0.6563 -> 0.1441  accuracy: 78.55% -> 96.09%      
client [2]  (testset)   loss: 0.9181 -> 0.1255  accuracy: 72.68% -> 96.35%      
client [14] (testset)   loss: 0.3048 -> 0.1834  accuracy: 92.69% -> 95.47%      
client [46] (testset)   loss: 0.1163 -> 0.0669  accuracy: 97.15% -> 98.49%      
---------------------------- TRAINING EPOCH: 30 ----------------------------    
client [24] (testset)   loss: 0.1362 -> 0.1325  accuracy: 95.60% -> 95.27%      
client [68] (testset)   loss: 0.1690 -> 0.1499  accuracy: 95.34% -> 96.40%      
client [57] (testset)   loss: 0.0828 -> 0.0509  accuracy: 98.39% -> 99.03%      
client [17] (testset)   loss: 0.3041 -> 0.2478  accuracy: 92.92% -> 93.56%      
client [54] (testset)   loss: 0.1756 -> 0.1419  accuracy: 94.65% -> 95.90%      
client [23] (testset)   loss: 0.8508 -> 0.3409  accuracy: 67.87% -> 85.59%      
client [35] (testset)   loss: 0.1682 -> 0.0853  accuracy: 95.88% -> 97.77%      
client [59] (testset)   loss: 0.3583 -> 0.1935  accuracy: 87.96% -> 93.95%      
client [31] (testset)   loss: 0.1895 -> 0.1897  accuracy: 94.15% -> 94.19%      
client [9]  (testset)   loss: 0.1280 -> 0.1112  accuracy: 96.57% -> 97.03%      
---------------------------- TRAINING EPOCH: 40 ----------------------------    
client [64] (testset)   loss: 0.3915 -> 0.2604  accuracy: 88.43% -> 91.46%      
client [33] (testset)   loss: 0.0986 -> 0.0790  accuracy: 97.31% -> 98.13%      
client [16] (testset)   loss: 0.2181 -> 0.2443  accuracy: 93.03% -> 94.48%      
client [44] (testset)   loss: 0.5300 -> 0.2210  accuracy: 82.45% -> 93.51%      
client [8]  (testset)   loss: 0.4376 -> 0.2328  accuracy: 87.73% -> 92.54%      
client [31] (testset)   loss: 0.2329 -> 0.2014  accuracy: 92.40% -> 93.40%      
client [47] (testset)   loss: 0.2083 -> 0.2012  accuracy: 92.91% -> 93.68%      
client [36] (testset)   loss: 0.1984 -> 0.1032  accuracy: 93.18% -> 97.02%      
client [20] (testset)   loss: 0.2533 -> 0.1853  accuracy: 93.85% -> 94.76%      
client [56] (testset)   loss: 0.1671 -> 0.0947  accuracy: 95.36% -> 97.61%      
---------------------------- TRAINING EPOCH: 50 ----------------------------    
client [4]  (testset)   loss: 0.3603 -> 0.3023  accuracy: 88.51% -> 88.99%      
client [60] (testset)   loss: 0.1191 -> 0.0578  accuracy: 96.22% -> 98.22%      
client [28] (testset)   loss: 0.1489 -> 0.1118  accuracy: 92.89% -> 94.34%      
client [25] (testset)   loss: 0.1241 -> 0.0647  accuracy: 94.18% -> 97.80%      
client [58] (testset)   loss: 0.0831 -> 0.0676  accuracy: 98.23% -> 98.88%      
client [44] (testset)   loss: 0.3887 -> 0.2284  accuracy: 86.28% -> 94.04%      
client [39] (testset)   loss: 0.2121 -> 0.1060  accuracy: 93.59% -> 97.04%      
client [29] (testset)   loss: 0.1938 -> 0.1650  accuracy: 93.10% -> 94.35%      
client [3]  (testset)   loss: 0.1402 -> 0.1247  accuracy: 96.60% -> 96.54%      
client [84] (testset)   loss: 0.1637 -> 0.1165  accuracy: 95.49% -> 96.03%      
---------------------------- TRAINING EPOCH: 60 ----------------------------    
client [21] (testset)   loss: 0.1620 -> 0.1471  accuracy: 94.88% -> 95.86%      
client [84] (testset)   loss: 0.1300 -> 0.1199  accuracy: 95.35% -> 95.76%      
client [10] (testset)   loss: 0.2441 -> 0.1881  accuracy: 88.25% -> 91.75%      
client [36] (testset)   loss: 0.1494 -> 0.1137  accuracy: 95.58% -> 96.39%      
client [65] (testset)   loss: 0.3332 -> 0.4485  accuracy: 90.29% -> 90.98%      
client [81] (testset)   loss: 0.3139 -> 0.2753  accuracy: 88.83% -> 89.18%      
client [79] (testset)   loss: 0.3601 -> 0.3123  accuracy: 89.68% -> 91.89%      
client [42] (testset)   loss: 0.2548 -> 0.2028  accuracy: 92.97% -> 94.67%      
client [11] (testset)   loss: 0.1597 -> 0.1420  accuracy: 95.24% -> 96.21%      
client [96] (testset)   loss: 0.6003 -> 0.1548  accuracy: 77.72% -> 96.44%      
---------------------------- TRAINING EPOCH: 70 ----------------------------    
client [8]  (testset)   loss: 0.2616 -> 0.2854  accuracy: 92.48% -> 92.54%      
client [53] (testset)   loss: 0.1511 -> 0.1264  accuracy: 96.72% -> 97.21%      
client [52] (testset)   loss: 0.3108 -> 0.3045  accuracy: 90.50% -> 90.84%      
client [42] (testset)   loss: 0.2230 -> 0.2001  accuracy: 94.37% -> 94.73%      
client [69] (testset)   loss: 0.2125 -> 0.2308  accuracy: 94.38% -> 94.71%      
client [59] (testset)   loss: 0.2063 -> 0.2336  accuracy: 93.57% -> 91.99%      
client [7]  (testset)   loss: 0.1987 -> 0.1799  accuracy: 94.72% -> 96.09%      
client [26] (testset)   loss: 0.2499 -> 0.2389  accuracy: 91.96% -> 94.47%      
client [49] (testset)   loss: 0.0852 -> 0.0768  accuracy: 97.40% -> 97.99%      
client [98] (testset)   loss: 0.1385 -> 0.1259  accuracy: 95.94% -> 96.70%      
---------------------------- TRAINING EPOCH: 80 ----------------------------    
client [98] (testset)   loss: 0.1318 -> 0.1265  accuracy: 96.45% -> 96.81%      
client [47] (testset)   loss: 0.2780 -> 0.2261  accuracy: 90.68% -> 94.02%      
client [21] (testset)   loss: 0.1873 -> 0.1548  accuracy: 94.40% -> 95.93%      
client [77] (testset)   loss: 0.1664 -> 0.1707  accuracy: 97.02% -> 96.83%      
client [95] (testset)   loss: 0.1903 -> 0.1569  accuracy: 95.94% -> 96.32%      
client [91] (testset)   loss: 0.0712 -> 0.0736  accuracy: 98.32% -> 98.48%      
client [14] (testset)   loss: 0.2219 -> 0.2281  accuracy: 94.74% -> 95.41%      
client [99] (testset)   loss: 0.1204 -> 0.1238  accuracy: 96.65% -> 96.53%      
client [20] (testset)   loss: 0.2240 -> 0.2105  accuracy: 93.36% -> 94.76%      
client [39] (testset)   loss: 0.1479 -> 0.1352  accuracy: 96.61% -> 97.16%      
---------------------------- TRAINING EPOCH: 90 ----------------------------    
client [52] (testset)   loss: 0.3211 -> 0.3153  accuracy: 89.61% -> 90.61%      
client [62] (testset)   loss: 0.2169 -> 0.2038  accuracy: 96.13% -> 96.32%      
client [71] (testset)   loss: 0.1412 -> 0.1211  accuracy: 96.92% -> 97.45%      
client [97] (testset)   loss: 0.1064 -> 0.1026  accuracy: 97.70% -> 97.94%      
client [30] (testset)   loss: 0.3031 -> 0.2869  accuracy: 93.49% -> 94.04%      
client [88] (testset)   loss: 0.2652 -> 0.2408  accuracy: 89.78% -> 92.45%      
client [60] (testset)   loss: 0.0920 -> 0.0704  accuracy: 97.84% -> 98.30%      
client [82] (testset)   loss: 0.4361 -> 0.4116  accuracy: 80.13% -> 82.74%      
client [91] (testset)   loss: 0.0962 -> 0.0780  accuracy: 98.32% -> 98.48%      
client [57] (testset)   loss: 0.1026 -> 0.0751  accuracy: 97.75% -> 98.82%      
---------------------------- TRAINING EPOCH: 100 ----------------------------   
client [31] (testset)   loss: 0.3255 -> 0.2915  accuracy: 93.73% -> 94.06%      
client [15] (testset)   loss: 0.1902 -> 0.1787  accuracy: 93.84% -> 93.33%      
client [71] (testset)   loss: 0.1314 -> 0.1266  accuracy: 97.25% -> 97.37%      
client [97] (testset)   loss: 0.1139 -> 0.1061  accuracy: 97.84% -> 98.08%      
client [53] (testset)   loss: 0.1686 -> 0.1606  accuracy: 96.82% -> 97.11%      
client [77] (testset)   loss: 0.1682 -> 0.1754  accuracy: 96.63% -> 96.63%      
client [76] (testset)   loss: 0.1440 -> 0.1396  accuracy: 95.89% -> 96.11%      
client [79] (testset)   loss: 0.3317 -> 0.3843  accuracy: 92.00% -> 91.68%      
client [28] (testset)   loss: 0.1367 -> 0.1208  accuracy: 93.93% -> 95.41%      
client [99] (testset)   loss: 0.1444 -> 0.1328  accuracy: 96.07% -> 96.13%      
---------------------------- TRAINING EPOCH: 110 ----------------------------   
client [97] (testset)   loss: 0.1237 -> 0.1131  accuracy: 97.78% -> 97.97%      
client [86] (testset)   loss: 0.4295 -> 0.4368  accuracy: 91.31% -> 91.94%      
client [34] (testset)   loss: 0.1690 -> 0.1656  accuracy: 97.35% -> 97.30%      
client [73] (testset)   loss: 0.2947 -> 0.3091  accuracy: 93.32% -> 93.87%      
client [5]  (testset)   loss: 0.1876 -> 0.1754  accuracy: 95.97% -> 96.01%      
client [96] (testset)   loss: 0.2177 -> 0.2181  accuracy: 96.11% -> 96.54%      
client [22] (testset)   loss: 0.2038 -> 0.2147  accuracy: 95.32% -> 95.08%      
client [60] (testset)   loss: 0.0945 -> 0.0882  accuracy: 97.92% -> 98.38%      
client [66] (testset)   loss: 0.1895 -> 0.1823  accuracy: 96.56% -> 96.64%      
client [83] (testset)   loss: 0.2224 -> 0.2252  accuracy: 95.72% -> 95.86%      
---------------------------- TRAINING EPOCH: 120 ----------------------------   
client [76] (testset)   loss: 0.1509 -> 0.1606  accuracy: 95.82% -> 95.67%      
client [65] (testset)   loss: 0.3071 -> 0.3445  accuracy: 91.33% -> 91.54%      
client [95] (testset)   loss: 0.1892 -> 0.1831  accuracy: 96.41% -> 96.32%      
client [17] (testset)   loss: 0.2790 -> 0.2866  accuracy: 93.60% -> 93.79%      
client [8]  (testset)   loss: 0.3157 -> 0.3344  accuracy: 92.31% -> 92.54%      
client [35] (testset)   loss: 0.1276 -> 0.1262  accuracy: 97.77% -> 97.88%      
client [98] (testset)   loss: 0.1489 -> 0.1444  accuracy: 96.15% -> 96.70%      
client [53] (testset)   loss: 0.1949 -> 0.1823  accuracy: 96.87% -> 97.25%      
client [43] (testset)   loss: 0.3239 -> 0.3242  accuracy: 91.88% -> 91.76%      
client [64] (testset)   loss: 0.3083 -> 0.3349  accuracy: 92.41% -> 91.46%      
---------------------------- TRAINING EPOCH: 130 ----------------------------   
client [21] (testset)   loss: 0.1762 -> 0.1768  accuracy: 95.46% -> 95.89%      
client [88] (testset)   loss: 0.2945 -> 0.2838  accuracy: 92.81% -> 92.66%      
client [38] (testset)   loss: 0.1712 -> 0.1633  accuracy: 96.21% -> 96.51%      
client [3]  (testset)   loss: 0.1851 -> 0.1899  accuracy: 96.58% -> 96.44%      
client [5]  (testset)   loss: 0.1959 -> 0.1975  accuracy: 95.64% -> 95.93%      
client [41] (testset)   loss: 0.3357 -> 0.3317  accuracy: 91.60% -> 92.66%      
client [7]  (testset)   loss: 0.2282 -> 0.2276  accuracy: 95.37% -> 95.96%      
client [37] (testset)   loss: 0.2471 -> 0.2619  accuracy: 91.88% -> 93.06%      
client [45] (testset)   loss: 0.4274 -> 0.3764  accuracy: 88.29% -> 89.73%      
client [47] (testset)   loss: 0.2429 -> 0.2528  accuracy: 93.59% -> 93.76%      
---------------------------- TRAINING EPOCH: 140 ----------------------------   
client [16] (testset)   loss: 0.2710 -> 0.2839  accuracy: 92.46% -> 94.08%      
client [11] (testset)   loss: 0.1690 -> 0.1699  accuracy: 96.97% -> 96.83%      
client [37] (testset)   loss: 0.2735 -> 0.2753  accuracy: 92.31% -> 92.92%      
client [41] (testset)   loss: 0.3579 -> 0.3466  accuracy: 91.66% -> 92.23%      
client [95] (testset)   loss: 0.1945 -> 0.1905  accuracy: 96.18% -> 96.37%      
client [53] (testset)   loss: 0.1801 -> 0.1916  accuracy: 97.45% -> 97.16%      
client [22] (testset)   loss: 0.2290 -> 0.2487  accuracy: 94.80% -> 94.99%      
client [25] (testset)   loss: 0.1111 -> 0.0843  accuracy: 95.72% -> 97.04%      
client [69] (testset)   loss: 0.3098 -> 0.2903  accuracy: 94.04% -> 94.83%      
client [46] (testset)   loss: 0.0955 -> 0.0961  accuracy: 98.33% -> 98.54%      
---------------------------- TRAINING EPOCH: 150 ----------------------------   
client [47] (testset)   loss: 0.3214 -> 0.3356  accuracy: 92.31% -> 92.91%      
client [69] (testset)   loss: 0.3115 -> 0.3091  accuracy: 94.26% -> 94.94%      
client [82] (testset)   loss: 0.4522 -> 0.4412  accuracy: 82.92% -> 81.64%      
client [45] (testset)   loss: 0.4027 -> 0.4366  accuracy: 89.07% -> 89.37%      
client [7]  (testset)   loss: 0.2790 -> 0.2539  accuracy: 93.54% -> 95.50%      
client [50] (testset)   loss: 0.0912 -> 0.0693  accuracy: 98.23% -> 98.60%      
client [35] (testset)   loss: 0.1542 -> 0.1366  accuracy: 97.56% -> 97.77%      
client [24] (testset)   loss: 0.1894 -> 0.1811  accuracy: 96.01% -> 96.59%      
client [15] (testset)   loss: 0.2439 -> 0.2766  accuracy: 93.13% -> 93.37%      
client [58] (testset)   loss: 0.1339 -> 0.1311  accuracy: 98.18% -> 98.61%      
---------------------------- TRAINING EPOCH: 160 ----------------------------   
client [48] (testset)   loss: 0.6110 -> 0.6546  accuracy: 85.08% -> 84.88%      
client [76] (testset)   loss: 0.1847 -> 0.1948  accuracy: 96.19% -> 95.82%      
client [67] (testset)   loss: 0.2190 -> 0.2221  accuracy: 94.30% -> 95.22%      
client [37] (testset)   loss: 0.2767 -> 0.2874  accuracy: 92.74% -> 92.70%      
client [58] (testset)   loss: 0.1360 -> 0.1319  accuracy: 98.33% -> 98.48%      
client [64] (testset)   loss: 0.3716 -> 0.3879  accuracy: 90.51% -> 91.65%      
client [77] (testset)   loss: 0.2243 -> 0.2102  accuracy: 96.57% -> 96.96%      
client [55] (testset)   loss: 0.3233 -> 0.3929  accuracy: 91.64% -> 86.17%      
client [12] (testset)   loss: 0.2156 -> 0.2236  accuracy: 95.64% -> 95.52%      
client [89] (testset)   loss: 0.4443 -> 0.4956  accuracy: 89.63% -> 88.39%      
---------------------------- TRAINING EPOCH: 170 ----------------------------   
client [84] (testset)   loss: 0.2441 -> 0.1988  accuracy: 94.25% -> 95.49%      
client [51] (testset)   loss: 0.4063 -> 0.3486  accuracy: 95.05% -> 95.29%      
client [8]  (testset)   loss: 0.4184 -> 0.3898  accuracy: 91.02% -> 92.78%      
client [18] (testset)   loss: 0.2041 -> 0.2077  accuracy: 95.77% -> 95.80%      
client [94] (testset)   loss: 0.1884 -> 0.1915  accuracy: 96.23% -> 96.29%      
client [81] (testset)   loss: 0.5475 -> 0.5557  accuracy: 86.73% -> 87.99%      
client [3]  (testset)   loss: 0.2513 -> 0.2292  accuracy: 95.25% -> 96.44%      
client [11] (testset)   loss: 0.2092 -> 0.1967  accuracy: 96.00% -> 96.76%      
client [95] (testset)   loss: 0.2189 -> 0.2161  accuracy: 96.32% -> 96.41%      
client [67] (testset)   loss: 0.2053 -> 0.2265  accuracy: 94.67% -> 95.04%      
---------------------------- TRAINING EPOCH: 180 ----------------------------   
client [21] (testset)   loss: 0.2062 -> 0.2381  accuracy: 95.31% -> 95.46%      
client [79] (testset)   loss: 0.4760 -> 0.4661  accuracy: 92.21% -> 91.16%      
client [58] (testset)   loss: 0.1548 -> 0.1521  accuracy: 98.41% -> 98.53%      
client [88] (testset)   loss: 0.3407 -> 0.3669  accuracy: 92.45% -> 92.09%      
client [46] (testset)   loss: 0.1112 -> 0.1177  accuracy: 98.13% -> 98.29%      
client [11] (testset)   loss: 0.1986 -> 0.1932  accuracy: 96.21% -> 96.76%      
client [55] (testset)   loss: 0.3880 -> 0.3918  accuracy: 90.56% -> 91.64%      
client [13] (testset)   loss: 0.1265 -> 0.1262  accuracy: 98.28% -> 98.48%      
client [31] (testset)   loss: 0.3891 -> 0.3751  accuracy: 93.32% -> 93.98%      
client [75] (testset)   loss: 0.3064 -> 0.3063  accuracy: 94.94% -> 95.29%      
---------------------------- TRAINING EPOCH: 190 ----------------------------   
client [19] (testset)   loss: 0.2950 -> 0.2909  accuracy: 95.30% -> 95.50%      
client [7]  (testset)   loss: 0.2935 -> 0.2991  accuracy: 95.37% -> 95.69%      
client [57] (testset)   loss: 0.1329 -> 0.1119  accuracy: 97.96% -> 98.50%      
client [13] (testset)   loss: 0.1382 -> 0.1330  accuracy: 98.54% -> 98.73%      
client [43] (testset)   loss: 0.4725 -> 0.4942  accuracy: 91.64% -> 91.76%      
client [91] (testset)   loss: 0.1057 -> 0.1053  accuracy: 98.37% -> 98.64%      
client [10] (testset)   loss: 0.2573 -> 0.2893  accuracy: 91.05% -> 93.01%      
client [64] (testset)   loss: 0.4055 -> 0.4428  accuracy: 91.65% -> 89.75%      
client [82] (testset)   loss: 0.6352 -> 0.6508  accuracy: 81.67% -> 81.16%      
client [22] (testset)   loss: 0.3029 -> 0.3094  accuracy: 94.32% -> 94.75%      
---------------------------- TRAINING EPOCH: 200 ----------------------------   
client [20] (testset)   loss: 0.3004 -> 0.3052  accuracy: 94.17% -> 94.22%      
client [23] (testset)   loss: 0.4705 -> 0.4542  accuracy: 84.24% -> 84.82%      
client [88] (testset)   loss: 0.3748 -> 0.3767  accuracy: 91.51% -> 92.16%      
client [98] (testset)   loss: 0.1898 -> 0.1921  accuracy: 96.45% -> 96.55%      
client [79] (testset)   loss: 0.5169 -> 0.5127  accuracy: 92.11% -> 92.00%      
client [21] (testset)   loss: 0.2411 -> 0.2234  accuracy: 95.09% -> 95.57%      
client [92] (testset)   loss: 0.4128 -> 0.4279  accuracy: 93.61% -> 94.54%      
client [56] (testset)   loss: 0.1850 -> 0.1834  accuracy: 97.72% -> 97.78%      
client [5]  (testset)   loss: 0.2729 -> 0.2518  accuracy: 95.71% -> 95.82%      
client [52] (testset)   loss: 0.5328 -> 0.5016  accuracy: 90.28% -> 91.51%      
---------------------------- TRAINING EPOCH: 210 ----------------------------   
client [67] (testset)   loss: 0.2577 -> 0.2651  accuracy: 94.12% -> 95.22%      
client [54] (testset)   loss: 0.2899 -> 0.2958  accuracy: 96.02% -> 96.02%      
client [14] (testset)   loss: 0.3509 -> 0.3507  accuracy: 95.11% -> 95.05%      
client [99] (testset)   loss: 0.1841 -> 0.1888  accuracy: 95.96% -> 96.02%      
client [36] (testset)   loss: 0.2343 -> 0.2431  accuracy: 95.58% -> 95.87%      
client [30] (testset)   loss: 0.4312 -> 0.4300  accuracy: 93.61% -> 93.61%      
client [38] (testset)   loss: 0.1910 -> 0.2005  accuracy: 96.82% -> 96.51%      
client [15] (testset)   loss: 0.3063 -> 0.3166  accuracy: 93.21% -> 93.33%      
client [6]  (testset)   loss: 0.3639 -> 0.3581  accuracy: 94.25% -> 95.10%      
client [53] (testset)   loss: 0.2569 -> 0.2619  accuracy: 96.82% -> 96.97%      
---------------------------- TRAINING EPOCH: 220 ----------------------------   
client [99] (testset)   loss: 0.2039 -> 0.2160  accuracy: 96.07% -> 96.13%      
client [6]  (testset)   loss: 0.3795 -> 0.3662  accuracy: 94.54% -> 95.24%      
client [83] (testset)   loss: 0.3199 -> 0.3374  accuracy: 95.40% -> 95.63%      
client [42] (testset)   loss: 0.3023 -> 0.3210  accuracy: 94.43% -> 94.19%      
client [34] (testset)   loss: 0.2234 -> 0.2333  accuracy: 96.96% -> 96.91%      
client [15] (testset)   loss: 0.3509 -> 0.3292  accuracy: 93.21% -> 93.25%      
client [47] (testset)   loss: 0.4294 -> 0.4351  accuracy: 92.65% -> 93.93%      
client [55] (testset)   loss: 0.4221 -> 0.4288  accuracy: 90.46% -> 91.75%      
client [51] (testset)   loss: 0.4144 -> 0.3723  accuracy: 95.35% -> 94.93%      
client [95] (testset)   loss: 0.2712 -> 0.2619  accuracy: 96.22% -> 95.98%      
---------------------------- TRAINING EPOCH: 230 ----------------------------   
client [71] (testset)   loss: 0.2062 -> 0.2002  accuracy: 96.88% -> 97.27%      
client [15] (testset)   loss: 0.3658 -> 0.3297  accuracy: 93.60% -> 93.44%      
client [33] (testset)   loss: 0.1420 -> 0.1538  accuracy: 97.63% -> 97.63%      
client [99] (testset)   loss: 0.2258 -> 0.2261  accuracy: 95.78% -> 95.64%      
client [90] (testset)   loss: 0.4252 -> 0.4160  accuracy: 91.84% -> 93.13%      
client [57] (testset)   loss: 0.1196 -> 0.0980  accuracy: 98.07% -> 98.71%      
client [27] (testset)   loss: 0.1953 -> 0.1911  accuracy: 97.08% -> 97.08%      
client [78] (testset)   loss: 0.4284 -> 0.4037  accuracy: 92.79% -> 92.94%      
client [36] (testset)   loss: 0.2437 -> 0.2483  accuracy: 95.99% -> 96.04%      
client [88] (testset)   loss: 0.4359 -> 0.4393  accuracy: 91.87% -> 91.94%      
---------------------------- TRAINING EPOCH: 240 ----------------------------   
client [70] (testset)   loss: 0.5100 -> 0.5108  accuracy: 92.04% -> 92.30%      
client [35] (testset)   loss: 0.1877 -> 0.1854  accuracy: 97.33% -> 97.59%      
client [16] (testset)   loss: 0.4262 -> 0.4405  accuracy: 93.43% -> 93.19%      
client [80] (testset)   loss: 0.1647 -> 0.1599  accuracy: 97.90% -> 97.94%      
client [38] (testset)   loss: 0.2178 -> 0.2105  accuracy: 96.72% -> 96.51%      
client [78] (testset)   loss: 0.4951 -> 0.4199  accuracy: 92.86% -> 92.94%      
client [68] (testset)   loss: 0.3268 -> 0.3058  accuracy: 95.13% -> 95.87%      
client [11] (testset)   loss: 0.2579 -> 0.2398  accuracy: 96.48% -> 97.17%      
client [64] (testset)   loss: 0.5328 -> 0.5348  accuracy: 88.99% -> 89.56%      
client [82] (testset)   loss: 0.7899 -> 0.7962  accuracy: 78.96% -> 79.47%      
---------------------------- TRAINING EPOCH: 250 ----------------------------   
client [30] (testset)   loss: 0.4852 -> 0.4761  accuracy: 93.49% -> 93.85%      
client [27] (testset)   loss: 0.1959 -> 0.2086  accuracy: 97.03% -> 97.16%      
client [74] (testset)   loss: 0.2485 -> 0.2581  accuracy: 96.36% -> 96.64%      
client [45] (testset)   loss: 0.6047 -> 0.5875  accuracy: 88.47% -> 88.16%      
client [6]  (testset)   loss: 0.3892 -> 0.3940  accuracy: 95.03% -> 95.24%      
client [36] (testset)   loss: 0.2580 -> 0.2744  accuracy: 95.81% -> 95.87%      
client [63] (testset)   loss: 0.2755 -> 0.2673  accuracy: 95.31% -> 97.12%      
client [76] (testset)   loss: 0.2611 -> 0.2714  accuracy: 96.19% -> 96.04%      
client [83] (testset)   loss: 0.3584 -> 0.3488  accuracy: 95.36% -> 95.59%      
client [86] (testset)   loss: 0.6350 -> 0.6545  accuracy: 92.04% -> 92.04%      
---------------------------- TRAINING EPOCH: 260 ----------------------------   
client [83] (testset)   loss: 0.3596 -> 0.3691  accuracy: 95.45% -> 95.86%      
client [99] (testset)   loss: 0.2349 -> 0.2167  accuracy: 95.99% -> 95.90%      
client [74] (testset)   loss: 0.2685 -> 0.2578  accuracy: 96.64% -> 96.75%      
client [73] (testset)   loss: 0.4933 -> 0.5144  accuracy: 93.50% -> 93.75%      
client [29] (testset)   loss: 0.3161 -> 0.3182  accuracy: 93.62% -> 93.46%      
client [92] (testset)   loss: 0.5062 -> 0.4982  accuracy: 93.53% -> 94.29%      
client [6]  (testset)   loss: 0.4092 -> 0.4021  accuracy: 94.68% -> 94.96%      
client [61] (testset)   loss: 0.6272 -> 0.6685  accuracy: 88.99% -> 89.11%      
client [21] (testset)   loss: 0.2634 -> 0.2671  accuracy: 95.31% -> 95.39%      
client [67] (testset)   loss: 0.3084 -> 0.3215  accuracy: 95.04% -> 95.22%      
---------------------------- TRAINING EPOCH: 270 ----------------------------   
client [83] (testset)   loss: 0.3462 -> 0.3700  accuracy: 95.49% -> 95.72%      
client [32] (testset)   loss: 0.2920 -> 0.3051  accuracy: 96.12% -> 95.57%      
client [95] (testset)   loss: 0.2963 -> 0.2729  accuracy: 95.89% -> 96.22%      
client [61] (testset)   loss: 0.7165 -> 0.7271  accuracy: 88.76% -> 89.14%      
client [27] (testset)   loss: 0.2076 -> 0.2176  accuracy: 96.99% -> 96.95%      
client [25] (testset)   loss: 0.1323 -> 0.1278  accuracy: 96.71% -> 96.93%      
client [68] (testset)   loss: 0.3604 -> 0.3225  accuracy: 94.71% -> 95.45%      
client [34] (testset)   loss: 0.2307 -> 0.2420  accuracy: 96.52% -> 96.96%      
client [71] (testset)   loss: 0.2404 -> 0.2342  accuracy: 97.10% -> 97.04%      
client [89] (testset)   loss: 0.7022 -> 0.6520  accuracy: 87.51% -> 89.56%      
---------------------------- TRAINING EPOCH: 280 ----------------------------   
client [78] (testset)   loss: 0.4683 -> 0.4685  accuracy: 93.17% -> 93.10%      
client [81] (testset)   loss: 0.7534 -> 0.7818  accuracy: 86.98% -> 87.01%      
client [51] (testset)   loss: 0.4169 -> 0.4049  accuracy: 94.93% -> 94.57%      
client [54] (testset)   loss: 0.3130 -> 0.3066  accuracy: 95.02% -> 95.15%      
client [65] (testset)   loss: 0.5963 -> 0.5965  accuracy: 90.50% -> 91.54%      
client [41] (testset)   loss: 0.5403 -> 0.5357  accuracy: 91.16% -> 91.97%      
client [11] (testset)   loss: 0.2434 -> 0.2286  accuracy: 96.62% -> 97.10%      
client [85] (testset)   loss: 0.4297 -> 0.4508  accuracy: 94.25% -> 94.87%      
client [12] (testset)   loss: 0.3498 -> 0.3163  accuracy: 94.77% -> 95.02%      
client [23] (testset)   loss: 0.6309 -> 0.6491  accuracy: 84.15% -> 83.00%      
---------------------------- TRAINING EPOCH: 290 ----------------------------   
client [16] (testset)   loss: 0.4681 -> 0.4722  accuracy: 93.19% -> 92.05%      
client [65] (testset)   loss: 0.6024 -> 0.6093  accuracy: 91.05% -> 91.33%      
client [53] (testset)   loss: 0.3035 -> 0.2991  accuracy: 96.72% -> 97.11%      
client [58] (testset)   loss: 0.1765 -> 0.1778  accuracy: 98.33% -> 98.36%      
client [72] (testset)   loss: 0.5025 -> 0.5096  accuracy: 94.44% -> 94.44%      
client [7]  (testset)   loss: 0.3902 -> 0.3886  accuracy: 95.37% -> 95.04%      
client [71] (testset)   loss: 0.2419 -> 0.2376  accuracy: 97.16% -> 97.23%      
client [59] (testset)   loss: 0.4623 -> 0.4608  accuracy: 92.81% -> 92.76%      
client [86] (testset)   loss: 0.7479 -> 0.7368  accuracy: 90.89% -> 91.62%      
client [39] (testset)   loss: 0.2881 -> 0.2955  accuracy: 96.61% -> 96.91%      
---------------------------- TRAINING EPOCH: 300 ----------------------------   
client [99] (testset)   loss: 0.2608 -> 0.2462  accuracy: 96.16% -> 95.50%      
client [7]  (testset)   loss: 0.4118 -> 0.3908  accuracy: 94.59% -> 95.37%      
client [17] (testset)   loss: 0.6846 -> 0.6545  accuracy: 91.37% -> 92.24%      
client [64] (testset)   loss: 0.5730 -> 0.6031  accuracy: 90.13% -> 90.89%      
client [37] (testset)   loss: 0.4678 -> 0.4688  accuracy: 91.55% -> 92.77%      
client [29] (testset)   loss: 0.3621 -> 0.3587  accuracy: 93.41% -> 93.67%      
client [93] (testset)   loss: 0.3502 -> 0.3478  accuracy: 95.73% -> 95.95%      
client [73] (testset)   loss: 0.5639 -> 0.5789  accuracy: 93.56% -> 93.81%      
client [40] (testset)   loss: 0.2534 -> 0.2254  accuracy: 95.95% -> 96.67%      
client [76] (testset)   loss: 0.2728 -> 0.2731  accuracy: 95.82% -> 95.75%      
---------------------------- TRAINING EPOCH: 310 ----------------------------   
client [31] (testset)   loss: 0.5211 -> 0.5093  accuracy: 93.40% -> 93.61%      
client [89] (testset)   loss: 0.7563 -> 0.7682  accuracy: 88.53% -> 89.05%      
client [77] (testset)   loss: 0.3135 -> 0.3077  accuracy: 96.63% -> 96.83%      
client [90] (testset)   loss: 0.5471 -> 0.5741  accuracy: 92.84% -> 92.92%      
client [26] (testset)   loss: 0.4931 -> 0.5057  accuracy: 90.95% -> 92.71%      
client [50] (testset)   loss: 0.1174 -> 0.1096  accuracy: 98.29% -> 98.35%      
client [30] (testset)   loss: 0.5680 -> 0.5675  accuracy: 93.49% -> 93.61%      
client [70] (testset)   loss: 0.6148 -> 0.5660  accuracy: 91.27% -> 91.14%      
client [41] (testset)   loss: 0.6377 -> 0.5875  accuracy: 91.97% -> 91.66%      
client [99] (testset)   loss: 0.2523 -> 0.2525  accuracy: 95.93% -> 95.55%      
---------------------------- TRAINING EPOCH: 320 ----------------------------   
client [68] (testset)   loss: 0.3546 -> 0.3476  accuracy: 95.45% -> 95.13%      
client [70] (testset)   loss: 0.6136 -> 0.5893  accuracy: 91.14% -> 91.53%      
client [52] (testset)   loss: 0.6393 -> 0.6119  accuracy: 90.84% -> 91.28%      
client [1]  (testset)   loss: 0.3828 -> 0.3797  accuracy: 94.76% -> 95.14%      
client [2]  (testset)   loss: 0.2389 -> 0.2366  accuracy: 97.04% -> 97.24%      
client [67] (testset)   loss: 0.3650 -> 0.3461  accuracy: 94.67% -> 95.04%      
client [92] (testset)   loss: 0.5873 -> 0.6090  accuracy: 94.14% -> 94.24%      
client [35] (testset)   loss: 0.1947 -> 0.1888  accuracy: 97.38% -> 97.68%      
client [36] (testset)   loss: 0.3168 -> 0.3044  accuracy: 95.81% -> 95.93%      
client [64] (testset)   loss: 0.6295 -> 0.6426  accuracy: 89.18% -> 88.99%      
---------------------------- TRAINING EPOCH: 330 ----------------------------   
client [44] (testset)   loss: 0.6250 -> 0.6014  accuracy: 92.87% -> 93.19%      
client [6]  (testset)   loss: 0.4010 -> 0.4063  accuracy: 95.17% -> 95.46%      
client [12] (testset)   loss: 0.3616 -> 0.3448  accuracy: 95.14% -> 95.27%      
client [55] (testset)   loss: 0.5480 -> 0.5422  accuracy: 89.79% -> 91.71%      
client [29] (testset)   loss: 0.4234 -> 0.4080  accuracy: 93.31% -> 93.88%      
client [9]  (testset)   loss: 0.2832 -> 0.2866  accuracy: 96.51% -> 96.64%      
client [43] (testset)   loss: 0.6800 -> 0.6840  accuracy: 90.77% -> 90.77%      
client [77] (testset)   loss: 0.3554 -> 0.3377  accuracy: 96.37% -> 96.83%      
client [98] (testset)   loss: 0.2410 -> 0.2593  accuracy: 96.50% -> 96.50%      
client [78] (testset)   loss: 0.5152 -> 0.4805  accuracy: 93.48% -> 93.17%      
---------------------------- TRAINING EPOCH: 340 ----------------------------   
client [92] (testset)   loss: 0.6277 -> 0.6212  accuracy: 93.81% -> 94.06%      
client [80] (testset)   loss: 0.1994 -> 0.1959  accuracy: 97.63% -> 97.81%      
client [63] (testset)   loss: 0.3198 -> 0.3203  accuracy: 95.87% -> 97.03%      
client [76] (testset)   loss: 0.3241 -> 0.3046  accuracy: 96.19% -> 95.82%      
client [78] (testset)   loss: 0.4891 -> 0.4747  accuracy: 93.02% -> 93.48%      
client [25] (testset)   loss: 0.1078 -> 0.1181  accuracy: 97.04% -> 96.93%      
client [58] (testset)   loss: 0.1910 -> 0.1877  accuracy: 98.26% -> 98.46%      
client [13] (testset)   loss: 0.1902 -> 0.1873  accuracy: 98.03% -> 98.28%      
client [17] (testset)   loss: 0.7532 -> 0.7328  accuracy: 92.09% -> 92.16%      
client [38] (testset)   loss: 0.2435 -> 0.2454  accuracy: 96.62% -> 96.41%      
---------------------------- TRAINING EPOCH: 350 ----------------------------   
client [72] (testset)   loss: 0.5716 -> 0.5770  accuracy: 93.54% -> 93.54%      
client [82] (testset)   loss: 1.2432 -> 1.2664  accuracy: 79.58% -> 80.02%      
client [86] (testset)   loss: 0.7578 -> 0.7627  accuracy: 91.83% -> 92.04%      
client [51] (testset)   loss: 0.4919 -> 0.4852  accuracy: 94.14% -> 94.50%      
client [96] (testset)   loss: 0.3825 -> 0.3701  accuracy: 96.16% -> 96.44%      
client [42] (testset)   loss: 0.4605 -> 0.4655  accuracy: 93.34% -> 93.82%      
client [55] (testset)   loss: 0.6232 -> 0.6483  accuracy: 90.42% -> 90.87%      
client [13] (testset)   loss: 0.1784 -> 0.1795  accuracy: 98.16% -> 98.09%      
client [1]  (testset)   loss: 0.3904 -> 0.3945  accuracy: 95.04% -> 94.90%      
client [12] (testset)   loss: 0.3474 -> 0.3348  accuracy: 95.64% -> 94.89%      
---------------------------- TRAINING EPOCH: 360 ----------------------------   
client [68] (testset)   loss: 0.4205 -> 0.3962  accuracy: 95.03% -> 95.66%      
client [23] (testset)   loss: 0.8612 -> 0.9043  accuracy: 83.57% -> 83.80%      
client [46] (testset)   loss: 0.1626 -> 0.1624  accuracy: 98.25% -> 98.33%      
client [41] (testset)   loss: 0.6504 -> 0.5989  accuracy: 91.41% -> 91.41%      
client [25] (testset)   loss: 0.1151 -> 0.1173  accuracy: 96.71% -> 96.82%      
client [58] (testset)   loss: 0.1884 -> 0.1838  accuracy: 98.36% -> 98.46%      
client [14] (testset)   loss: 0.3986 -> 0.4138  accuracy: 94.86% -> 95.23%      
client [33] (testset)   loss: 0.1690 -> 0.1732  accuracy: 98.04% -> 98.09%      
client [85] (testset)   loss: 0.5114 -> 0.5173  accuracy: 94.80% -> 94.80%      
client [62] (testset)   loss: 0.3905 -> 0.4000  accuracy: 95.95% -> 96.09%      
---------------------------- TRAINING EPOCH: 370 ----------------------------   
client [98] (testset)   loss: 0.2529 -> 0.2537  accuracy: 96.81% -> 96.81%      
client [63] (testset)   loss: 0.3426 -> 0.3372  accuracy: 96.30% -> 97.03%      
client [70] (testset)   loss: 0.6946 -> 0.6411  accuracy: 90.63% -> 91.40%      
client [65] (testset)   loss: 0.6833 -> 0.6559  accuracy: 91.19% -> 91.19%      
client [14] (testset)   loss: 0.4347 -> 0.4330  accuracy: 95.05% -> 95.47%      
client [73] (testset)   loss: 0.6371 -> 0.6154  accuracy: 93.44% -> 93.94%      
client [34] (testset)   loss: 0.2741 -> 0.2799  accuracy: 96.66% -> 97.06%      
client [99] (testset)   loss: 0.2790 -> 0.2792  accuracy: 95.35% -> 95.61%      
client [69] (testset)   loss: 0.4361 -> 0.3944  accuracy: 94.83% -> 94.26%      
client [46] (testset)   loss: 0.1620 -> 0.1596  accuracy: 98.21% -> 98.17%      
---------------------------- TRAINING EPOCH: 380 ----------------------------   
client [99] (testset)   loss: 0.2959 -> 0.3037  accuracy: 96.10% -> 95.81%      
client [93] (testset)   loss: 0.3632 -> 0.3694  accuracy: 95.84% -> 96.13%      
client [11] (testset)   loss: 0.2633 -> 0.2674  accuracy: 97.17% -> 97.31%      
client [58] (testset)   loss: 0.2019 -> 0.1959  accuracy: 98.38% -> 98.48%      
client [81] (testset)   loss: 0.9672 -> 0.9691  accuracy: 87.29% -> 87.29%      
client [85] (testset)   loss: 0.5604 -> 0.5444  accuracy: 94.61% -> 94.75%      
client [89] (testset)   loss: 0.9023 -> 0.9104  accuracy: 88.68% -> 88.79%      
client [45] (testset)   loss: 0.7786 -> 0.7888  accuracy: 87.80% -> 88.10%      
client [8]  (testset)   loss: 0.5789 -> 0.5956  accuracy: 92.48% -> 92.19%      
client [68] (testset)   loss: 0.4012 -> 0.4089  accuracy: 95.56% -> 95.56%      
---------------------------- TRAINING EPOCH: 390 ----------------------------   
client [67] (testset)   loss: 0.3959 -> 0.3952  accuracy: 94.30% -> 94.67%      
client [72] (testset)   loss: 0.6213 -> 0.5817  accuracy: 93.84% -> 93.99%      
client [1]  (testset)   loss: 0.4259 -> 0.4268  accuracy: 94.62% -> 94.43%      
client [78] (testset)   loss: 0.5171 -> 0.5271  accuracy: 93.10% -> 93.25%      
client [83] (testset)   loss: 0.4633 -> 0.4550  accuracy: 95.45% -> 95.63%      
client [21] (testset)   loss: 0.3551 -> 0.3481  accuracy: 95.24% -> 95.20%      
client [56] (testset)   loss: 0.2385 -> 0.2332  accuracy: 97.75% -> 97.95%      
client [44] (testset)   loss: 0.6692 -> 0.6600  accuracy: 93.30% -> 93.09%      
client [92] (testset)   loss: 0.6308 -> 0.6464  accuracy: 94.21% -> 94.47%      
client [27] (testset)   loss: 0.2602 -> 0.2527  accuracy: 96.82% -> 97.08%      
---------------------------- TRAINING EPOCH: 400 ----------------------------   
client [10] (testset)   loss: 0.4666 -> 0.4720  accuracy: 93.15% -> 92.87%      
client [39] (testset)   loss: 0.3303 -> 0.3318  accuracy: 96.79% -> 97.10%      
client [65] (testset)   loss: 0.7307 -> 0.7262  accuracy: 91.61% -> 91.19%      
client [26] (testset)   loss: 0.6063 -> 0.6015  accuracy: 92.18% -> 92.84%      
client [19] (testset)   loss: 0.4314 -> 0.4353  accuracy: 95.30% -> 95.58%      
client [68] (testset)   loss: 0.4323 -> 0.4401  accuracy: 95.45% -> 95.34%      
client [41] (testset)   loss: 0.6922 -> 0.6829  accuracy: 91.60% -> 91.79%      
client [50] (testset)   loss: 0.1424 -> 0.1407  accuracy: 98.48% -> 98.54%      
client [75] (testset)   loss: 0.4624 -> 0.4607  accuracy: 94.35% -> 94.71%      
client [81] (testset)   loss: 1.0411 -> 1.0420  accuracy: 87.29% -> 87.22%      
Training... ━━━━━━━━━━━━━━━━━━━━━━━━━━━━━━━━━━━━━━━━ 100% 1:18:39
PSFL's average time taken by each global epoch: 0 min 11.72 sec.                
PSFL's total running time: 1 h 18 m 39 s.                                       
==================== PSFL Experiment Results: ====================              
Display format: (before local fine-tuning) -> (after local fine-tuning)         
 So if finetune_epoch = 0, x.xx% -> 0.00% is normal.                            
 Centralized testing ONLY happens after model aggregation, so the stats between 
'->' are the same.                                                              
{                                                                               
    "100": {                                                                    
        "all_clients": {                                                        
            "test": {                                                           
                "loss": "0.2157 -> 0.0000",                                     
                "accuracy": "94.45% -> 0.00%"                                   
            }                                                                   
        }                                                                       
    },                                                                          
    "200": {                                                                    
        "all_clients": {                                                        
            "test": {                                                           
                "loss": "0.3010 -> 0.0000",                                     
                "accuracy": "94.54% -> 0.00%"                                   
            }                                                                   
        }                                                                       
    },                                                                          
    "300": {                                                                    
        "all_clients": {                                                        
            "test": {                                                           
                "loss": "0.3853 -> 0.0000",                                     
                "accuracy": "94.35% -> 0.00%"                                   
            }                                                                   
        }                                                                       
    },                                                                          
    "400": {                                                                    
        "all_clients": {                                                        
            "test": {                                                           
                "loss": "0.4653 -> 0.0000",                                     
                "accuracy": "94.61% -> 0.00%"                                   
            }                                                                   
        }                                                                       
    }                                                                           
}                                                                               
==================== PSFL Max Accuracy ====================                     
all_clients:                                                                    
(test) before fine-tuning: 94.61% at epoch 400                                  
(test) after fine-tuning: 0.00% at epoch 100                                    
