==================== FedDpa ====================                                
Experiment Arguments:                                                           
{
│   'method': 'feddpa',
│   'dataset': {
│   │   'name': 'fmnist',
│   │   'client_num': 100,
│   │   'test_ratio': 0.25,
│   │   'val_ratio': 0.0,
│   │   'seed': 42,
│   │   'split': 'sample',
│   │   'IID_ratio': 0.0,
│   │   'monitor_window_name_suffix': 'fmnist-100clients-0%IID-Dir(0.1)-seed42',
│   │   'alpha': 0.1,
│   │   'min_samples_per_client': 10
│   },
│   'model': {
│   │   'name': 'avgcnn',
│   │   'use_torchvision_pretrained_weights': True,
│   │   'external_model_weights_path': None
│   },
│   'optimizer': {
│   │   'lr': 0.01,
│   │   'dampening': 0,
│   │   'weight_decay': 0,
│   │   'momentum': 0,
│   │   'nesterov': False,
│   │   'name': 'sgd'
│   },
│   'mode': 'sequential',
│   'parallel': {
│   │   'ray_cluster_addr': None,
│   │   'num_cpus': None,
│   │   'num_gpus': None,
│   │   'num_workers': 2
│   },
│   'common': {
│   │   'seed': 42,
│   │   'join_ratio': 0.1,
│   │   'global_epoch': 400,
│   │   'local_epoch': 5,
│   │   'batch_size': 32,
│   │   'reset_optimizer_on_global_epoch': True,
│   │   'straggler_ratio': 0,
│   │   'straggler_min_local_epoch': 0,
│   │   'buffers': 'global',
│   │   'client_side_evaluation': True,
│   │   'test': {
│   │   │   'client': {
│   │   │   │   'interval': 100,
│   │   │   │   'finetune_epoch': 0,
│   │   │   │   'train': False,
│   │   │   │   'val': False,
│   │   │   │   'test': True
│   │   │   },
│   │   │   'server': {
│   │   │   │   'interval': -1,
│   │   │   │   'train': False,
│   │   │   │   'val': False,
│   │   │   │   'test': False,
│   │   │   │   'model_in_train_mode': False
│   │   │   }
│   │   },
│   │   'verbose_gap': 10,
│   │   'monitor': None,
│   │   'use_cuda': True,
│   │   'save_log': True,
│   │   'save_model': False,
│   │   'save_learning_curve_plot': False,
│   │   'save_metrics': True,
│   │   'delete_useless_run': True
│   },
│   'feddpa': {
│   │   'fisher_threshold': 0.9996
│   }
}
---------------------------- TRAINING EPOCH: 10 ----------------------------    
client [77] (testset)   loss: 0.1084 -> 0.0361  accuracy: 96.37% -> 98.45%      
client [81] (testset)   loss: 0.1212 -> 0.0110  accuracy: 98.15% -> 100.00%     
client [21] (testset)   loss: 0.3674 -> 0.2007  accuracy: 86.34% -> 93.17%      
client [68] (testset)   loss: 0.4617 -> 0.1422  accuracy: 79.09% -> 94.55%      
client [93] (testset)   loss: 1.4499 -> 0.0246  accuracy: 44.07% -> 100.00%     
client [31] (testset)   loss: 0.6314 -> 0.3895  accuracy: 75.38% -> 80.00%      
client [20] (testset)   loss: 0.1239 -> 0.0532  accuracy: 96.24% -> 98.12%      
client [59] (testset)   loss: 0.5155 -> 0.3661  accuracy: 88.32% -> 89.05%      
client [48] (testset)   loss: 0.1875 -> 0.0169  accuracy: 96.20% -> 100.00%     
client [34] (testset)   loss: 0.1855 -> 0.2905  accuracy: 96.15% -> 88.46%      
---------------------------- TRAINING EPOCH: 20 ----------------------------    
client [69] (testset)   loss: 0.2274 -> 0.1224  accuracy: 94.44% -> 95.68%      
client [99] (testset)   loss: 0.9264 -> 0.0360  accuracy: 65.53% -> 98.42%      
client [67] (testset)   loss: 1.0570 -> 0.1239  accuracy: 57.39% -> 95.88%      
client [0]  (testset)   loss: 1.0811 -> 0.2156  accuracy: 63.27% -> 91.84%      
client [76] (testset)   loss: 0.3896 -> 0.1429  accuracy: 86.67% -> 93.33%      
client [41] (testset)   loss: 0.3238 -> 0.1778  accuracy: 91.13% -> 93.55%      
client [62] (testset)   loss: 0.6587 -> 0.2558  accuracy: 75.00% -> 95.00%      
client [2]  (testset)   loss: 2.0494 -> 0.0069  accuracy: 37.86% -> 99.56%      
client [14] (testset)   loss: 0.6993 -> 0.3067  accuracy: 82.62% -> 89.76%      
client [46] (testset)   loss: 0.3290 -> 0.2275  accuracy: 89.58% -> 91.67%      
---------------------------- TRAINING EPOCH: 30 ----------------------------    
client [24] (testset)   loss: 0.2875 -> 0.3405  accuracy: 88.00% -> 86.86%      
client [68] (testset)   loss: 0.4915 -> 0.1056  accuracy: 81.82% -> 96.36%      
client [57] (testset)   loss: 0.1846 -> 0.0195  accuracy: 94.16% -> 99.64%      
client [17] (testset)   loss: 0.3662 -> 0.1058  accuracy: 86.63% -> 97.33%      
client [54] (testset)   loss: 0.2346 -> 0.1424  accuracy: 88.31% -> 92.21%      
client [23] (testset)   loss: 0.2735 -> 0.1247  accuracy: 83.84% -> 95.96%      
client [35] (testset)   loss: 0.0196 -> 0.0029  accuracy: 98.65% -> 100.00%     
client [59] (testset)   loss: 0.4859 -> 0.3075  accuracy: 84.67% -> 90.51%      
client [31] (testset)   loss: 0.3809 -> 0.1981  accuracy: 86.15% -> 93.85%      
client [9]  (testset)   loss: 0.2548 -> 0.1024  accuracy: 94.44% -> 95.14%      
---------------------------- TRAINING EPOCH: 40 ----------------------------    
client [64] (testset)   loss: 0.2325 -> 0.0861  accuracy: 94.74% -> 96.24%      
client [33] (testset)   loss: 0.1427 -> 0.0477  accuracy: 96.49% -> 97.66%      
client [16] (testset)   loss: 0.2753 -> 0.0242  accuracy: 91.67% -> 99.17%      
client [44] (testset)   loss: 0.4863 -> 0.0266  accuracy: 84.91% -> 99.06%      
client [8]  (testset)   loss: 0.6050 -> 0.1635  accuracy: 80.36% -> 94.05%      
client [31] (testset)   loss: 0.3886 -> 0.1461  accuracy: 84.62% -> 93.85%      
client [47] (testset)   loss: 0.1930 -> 0.0833  accuracy: 93.91% -> 96.52%      
client [36] (testset)   loss: 0.2156 -> 0.1463  accuracy: 92.61% -> 95.24%      
client [20] (testset)   loss: 0.0602 -> 0.0277  accuracy: 98.12% -> 98.92%      
client [56] (testset)   loss: 0.5841 -> 0.3726  accuracy: 85.71% -> 82.35%      
---------------------------- TRAINING EPOCH: 50 ----------------------------    
client [4]  (testset)   loss: 0.1037 -> 0.0611  accuracy: 96.15% -> 97.69%      
client [60] (testset)   loss: 0.8535 -> 0.1219  accuracy: 75.65% -> 95.57%      
client [28] (testset)   loss: 0.0036 -> 0.0008  accuracy: 100.00% -> 100.00%    
client [25] (testset)   loss: 0.0387 -> 0.0171  accuracy: 99.04% -> 99.04%      
client [58] (testset)   loss: 0.1167 -> 0.0549  accuracy: 96.43% -> 97.96%      
client [44] (testset)   loss: 0.1914 -> 0.0298  accuracy: 95.28% -> 99.06%      
client [39] (testset)   loss: 0.1600 -> 0.0091  accuracy: 93.33% -> 100.00%     
client [29] (testset)   loss: 0.5405 -> 0.1777  accuracy: 84.81% -> 91.14%      
client [3]  (testset)   loss: 0.2910 -> 0.1204  accuracy: 90.27% -> 96.50%      
client [84] (testset)   loss: 0.1023 -> 0.0020  accuracy: 97.53% -> 100.00%     
---------------------------- TRAINING EPOCH: 60 ----------------------------    
client [21] (testset)   loss: 0.5661 -> 0.1757  accuracy: 85.71% -> 93.79%      
client [84] (testset)   loss: 0.0880 -> 0.0147  accuracy: 97.53% -> 98.77%      
client [10] (testset)   loss: 0.1376 -> 0.0175  accuracy: 95.59% -> 100.00%     
client [36] (testset)   loss: 0.1919 -> 0.1491  accuracy: 94.09% -> 95.57%      
client [65] (testset)   loss: 0.3995 -> 0.2840  accuracy: 87.50% -> 90.62%      
client [81] (testset)   loss: 0.0017 -> 0.0015  accuracy: 100.00% -> 100.00%    
client [79] (testset)   loss: 0.1450 -> 0.1387  accuracy: 96.06% -> 93.60%      
client [42] (testset)   loss: 0.1693 -> 0.0523  accuracy: 95.64% -> 98.91%      
client [11] (testset)   loss: 1.0741 -> 0.3293  accuracy: 66.82% -> 89.24%      
client [96] (testset)   loss: 0.5782 -> 0.1541  accuracy: 78.83% -> 95.62%      
---------------------------- TRAINING EPOCH: 70 ----------------------------    
client [8]  (testset)   loss: 0.2546 -> 0.1646  accuracy: 92.56% -> 94.64%      
client [53] (testset)   loss: 0.0998 -> 0.0064  accuracy: 96.08% -> 99.70%      
client [52] (testset)   loss: 0.0403 -> 0.0509  accuracy: 98.31% -> 98.31%      
client [42] (testset)   loss: 0.2051 -> 0.0552  accuracy: 94.30% -> 98.67%      
client [69] (testset)   loss: 0.0662 -> 0.0613  accuracy: 97.53% -> 97.53%      
client [59] (testset)   loss: 0.4180 -> 0.2643  accuracy: 87.59% -> 91.24%      
client [7]  (testset)   loss: 0.0584 -> 0.0117  accuracy: 97.38% -> 99.56%      
client [26] (testset)   loss: 0.0528 -> 0.0377  accuracy: 98.25% -> 98.41%      
client [49] (testset)   loss: 0.6419 -> 0.0325  accuracy: 79.74% -> 99.57%      
client [98] (testset)   loss: 0.4827 -> 0.5028  accuracy: 87.23% -> 91.49%      
---------------------------- TRAINING EPOCH: 80 ----------------------------    
client [98] (testset)   loss: 0.4696 -> 0.4001  accuracy: 87.23% -> 91.49%      
client [47] (testset)   loss: 0.1525 -> 0.1196  accuracy: 94.78% -> 95.65%      
client [21] (testset)   loss: 0.2033 -> 0.1573  accuracy: 93.17% -> 96.27%      
client [77] (testset)   loss: 0.0814 -> 0.0250  accuracy: 97.41% -> 99.48%      
client [95] (testset)   loss: 0.1860 -> 0.1588  accuracy: 90.74% -> 96.30%      
client [91] (testset)   loss: 0.0201 -> 0.0170  accuracy: 100.00% -> 100.00%    
client [14] (testset)   loss: 0.4652 -> 0.3004  accuracy: 86.19% -> 89.76%      
client [99] (testset)   loss: 0.0426 -> 0.0207  accuracy: 98.42% -> 99.74%      
client [20] (testset)   loss: 0.1690 -> 0.0283  accuracy: 95.43% -> 99.19%      
client [39] (testset)   loss: 0.0041 -> 0.0015  accuracy: 100.00% -> 100.00%    
---------------------------- TRAINING EPOCH: 90 ----------------------------    
client [52] (testset)   loss: 0.1431 -> 0.0639  accuracy: 96.61% -> 98.31%      
client [62] (testset)   loss: 0.0961 -> 0.0576  accuracy: 95.00% -> 95.00%      
client [71] (testset)   loss: 0.1703 -> 0.0770  accuracy: 95.11% -> 97.28%      
client [97] (testset)   loss: 0.2134 -> 0.0450  accuracy: 90.91% -> 98.70%      
client [30] (testset)   loss: 0.3349 -> 0.2230  accuracy: 95.19% -> 96.15%      
client [88] (testset)   loss: 0.6125 -> 0.3339  accuracy: 85.37% -> 90.24%      
client [60] (testset)   loss: 0.5185 -> 0.1228  accuracy: 87.82% -> 95.20%      
client [82] (testset)   loss: 0.0629 -> 0.0722  accuracy: 98.97% -> 99.32%      
client [91] (testset)   loss: 0.0905 -> 0.0192  accuracy: 92.31% -> 100.00%     
client [57] (testset)   loss: 0.1279 -> 0.0303  accuracy: 97.08% -> 99.27%      
---------------------------- TRAINING EPOCH: 100 ----------------------------   
client [31] (testset)   loss: 0.5163 -> 0.3066  accuracy: 86.15% -> 89.23%      
client [15] (testset)   loss: 0.1822 -> 0.1668  accuracy: 94.38% -> 94.69%      
client [71] (testset)   loss: 0.0554 -> 0.0483  accuracy: 97.28% -> 97.28%      
client [97] (testset)   loss: 0.0412 -> 0.0358  accuracy: 98.27% -> 98.70%      
client [53] (testset)   loss: 0.0320 -> 0.0209  accuracy: 99.10% -> 99.10%      
client [77] (testset)   loss: 0.0263 -> 0.0122  accuracy: 99.48% -> 99.48%      
client [76] (testset)   loss: 0.4078 -> 0.3410  accuracy: 93.33% -> 86.67%      
client [79] (testset)   loss: 0.1536 -> 0.1189  accuracy: 94.58% -> 96.06%      
client [28] (testset)   loss: 0.0039 -> 0.0001  accuracy: 100.00% -> 100.00%    
client [99] (testset)   loss: 0.1900 -> 0.0338  accuracy: 93.68% -> 99.21%      
---------------------------- TRAINING EPOCH: 110 ----------------------------   
client [97] (testset)   loss: 0.1405 -> 0.0383  accuracy: 96.54% -> 99.13%      
client [86] (testset)   loss: 0.0036 -> 0.0048  accuracy: 100.00% -> 100.00%    
client [34] (testset)   loss: 0.7390 -> 0.0400  accuracy: 80.77% -> 100.00%     
client [73] (testset)   loss: 0.3344 -> 0.0167  accuracy: 90.84% -> 99.24%      
client [5]  (testset)   loss: 0.2268 -> 0.0976  accuracy: 92.86% -> 97.14%      
client [96] (testset)   loss: 0.4038 -> 0.1663  accuracy: 89.05% -> 95.62%      
client [22] (testset)   loss: 0.1750 -> 0.0006  accuracy: 92.78% -> 100.00%     
client [60] (testset)   loss: 0.1745 -> 0.1405  accuracy: 95.57% -> 96.31%      
client [66] (testset)   loss: 0.2777 -> 0.1109  accuracy: 93.23% -> 96.41%      
client [83] (testset)   loss: 0.1751 -> 0.0590  accuracy: 97.45% -> 98.09%      
---------------------------- TRAINING EPOCH: 120 ----------------------------   
client [76] (testset)   loss: 0.4783 -> 0.3863  accuracy: 93.33% -> 86.67%      
client [65] (testset)   loss: 0.7558 -> 0.5040  accuracy: 90.62% -> 93.75%      
client [95] (testset)   loss: 0.4928 -> 0.3066  accuracy: 87.04% -> 94.44%      
client [17] (testset)   loss: 0.2825 -> 0.1073  accuracy: 91.98% -> 97.33%      
client [8]  (testset)   loss: 0.5876 -> 0.2023  accuracy: 85.71% -> 94.64%      
client [35] (testset)   loss: 0.1061 -> 0.0204  accuracy: 95.95% -> 98.65%      
client [98] (testset)   loss: 0.6302 -> 0.5175  accuracy: 85.11% -> 89.36%      
client [53] (testset)   loss: 0.0710 -> 0.0162  accuracy: 98.49% -> 99.40%      
client [43] (testset)   loss: 0.3941 -> 0.2154  accuracy: 92.31% -> 95.38%      
client [64] (testset)   loss: 0.0837 -> 0.0649  accuracy: 96.24% -> 96.99%      
---------------------------- TRAINING EPOCH: 130 ----------------------------   
client [21] (testset)   loss: 0.3211 -> 0.1978  accuracy: 93.79% -> 94.41%      
client [88] (testset)   loss: 0.5303 -> 0.4203  accuracy: 85.37% -> 89.02%      
client [38] (testset)   loss: 0.4113 -> 0.3831  accuracy: 93.51% -> 93.51%      
client [3]  (testset)   loss: 0.1875 -> 0.0847  accuracy: 96.11% -> 97.28%      
client [5]  (testset)   loss: 0.4403 -> 0.0774  accuracy: 88.57% -> 98.10%      
client [41] (testset)   loss: 0.3558 -> 0.1607  accuracy: 92.34% -> 95.16%      
client [7]  (testset)   loss: 0.0756 -> 0.0188  accuracy: 97.82% -> 99.13%      
client [37] (testset)   loss: 0.1370 -> 0.1376  accuracy: 95.65% -> 94.57%      
client [45] (testset)   loss: 0.6920 -> 0.7164  accuracy: 91.89% -> 89.19%      
client [47] (testset)   loss: 0.3020 -> 0.1090  accuracy: 92.17% -> 97.39%      
---------------------------- TRAINING EPOCH: 140 ----------------------------   
client [16] (testset)   loss: 0.1993 -> 0.0121  accuracy: 94.17% -> 99.17%      
client [11] (testset)   loss: 0.2830 -> 0.2491  accuracy: 91.03% -> 93.27%      
client [37] (testset)   loss: 0.1692 -> 0.1687  accuracy: 95.65% -> 95.65%      
client [41] (testset)   loss: 0.3112 -> 0.1483  accuracy: 94.76% -> 95.97%      
client [95] (testset)   loss: 0.2850 -> 0.2872  accuracy: 94.44% -> 94.44%      
client [53] (testset)   loss: 0.0159 -> 0.0101  accuracy: 99.10% -> 99.40%      
client [22] (testset)   loss: 0.0543 -> 0.0079  accuracy: 97.94% -> 100.00%     
client [25] (testset)   loss: 0.0196 -> 0.0034  accuracy: 99.04% -> 100.00%     
client [69] (testset)   loss: 0.0805 -> 0.0592  accuracy: 97.53% -> 98.15%      
client [46] (testset)   loss: 0.1316 -> 0.1217  accuracy: 96.88% -> 97.92%      
---------------------------- TRAINING EPOCH: 150 ----------------------------   
client [47] (testset)   loss: 0.1357 -> 0.0974  accuracy: 96.74% -> 97.39%      
client [69] (testset)   loss: 0.2967 -> 0.0736  accuracy: 91.98% -> 98.15%      
client [82] (testset)   loss: 0.1746 -> 0.0630  accuracy: 92.47% -> 99.32%      
client [45] (testset)   loss: 0.6126 -> 0.6867  accuracy: 89.19% -> 86.49%      
client [7]  (testset)   loss: 0.0687 -> 0.0204  accuracy: 98.69% -> 99.56%      
client [50] (testset)   loss: 0.1106 -> 0.0179  accuracy: 97.72% -> 99.43%      
client [35] (testset)   loss: 0.0612 -> 0.0046  accuracy: 98.65% -> 100.00%     
client [24] (testset)   loss: 0.4340 -> 0.2053  accuracy: 86.86% -> 92.00%      
client [15] (testset)   loss: 0.3900 -> 0.1839  accuracy: 90.00% -> 96.25%      
client [58] (testset)   loss: 0.3279 -> 0.1436  accuracy: 94.90% -> 97.45%      
---------------------------- TRAINING EPOCH: 160 ----------------------------   
client [48] (testset)   loss: 0.0530 -> 0.0057  accuracy: 97.47% -> 100.00%     
client [76] (testset)   loss: 0.2532 -> 0.1742  accuracy: 93.33% -> 93.33%      
client [67] (testset)   loss: 0.4868 -> 0.2214  accuracy: 92.78% -> 96.56%      
client [37] (testset)   loss: 0.1109 -> 0.1143  accuracy: 95.65% -> 95.65%      
client [58] (testset)   loss: 0.0532 -> 0.0418  accuracy: 97.96% -> 98.47%      
client [64] (testset)   loss: 0.0327 -> 0.0412  accuracy: 99.25% -> 97.74%      
client [77] (testset)   loss: 0.0423 -> 0.0118  accuracy: 98.96% -> 99.48%      
client [55] (testset)   loss: 0.0003 -> 0.0001  accuracy: 100.00% -> 100.00%    
client [12] (testset)   loss: 0.2694 -> 0.1535  accuracy: 93.60% -> 96.68%      
client [89] (testset)   loss: 0.6880 -> 0.4579  accuracy: 89.47% -> 94.74%      
---------------------------- TRAINING EPOCH: 170 ----------------------------   
client [84] (testset)   loss: 0.0305 -> 0.0245  accuracy: 98.77% -> 98.77%      
client [51] (testset)   loss: 0.0546 -> 0.0132  accuracy: 98.53% -> 99.51%      
client [8]  (testset)   loss: 0.2857 -> 0.2590  accuracy: 94.35% -> 94.64%      
client [18] (testset)   loss: 0.1445 -> 0.0263  accuracy: 95.02% -> 99.50%      
client [94] (testset)   loss: 0.3154 -> 0.1454  accuracy: 92.37% -> 95.42%      
client [81] (testset)   loss: 0.0707 -> 0.0003  accuracy: 96.30% -> 100.00%     
client [3]  (testset)   loss: 0.1447 -> 0.1070  accuracy: 95.72% -> 96.50%      
client [11] (testset)   loss: 0.4813 -> 0.2719  accuracy: 85.20% -> 91.93%      
client [95] (testset)   loss: 0.2314 -> 0.2341  accuracy: 94.44% -> 94.44%      
client [67] (testset)   loss: 0.4055 -> 0.2102  accuracy: 93.13% -> 96.91%      
---------------------------- TRAINING EPOCH: 180 ----------------------------   
client [21] (testset)   loss: 0.3895 -> 0.2441  accuracy: 93.79% -> 94.41%      
client [79] (testset)   loss: 0.1011 -> 0.1086  accuracy: 97.54% -> 97.04%      
client [58] (testset)   loss: 0.1826 -> 0.1209  accuracy: 95.41% -> 97.96%      
client [88] (testset)   loss: 1.1879 -> 0.4543  accuracy: 70.73% -> 89.02%      
client [46] (testset)   loss: 0.3024 -> 0.1375  accuracy: 93.75% -> 95.83%      
client [11] (testset)   loss: 0.9236 -> 0.2809  accuracy: 83.86% -> 94.17%      
client [55] (testset)   loss: 0.0109 -> 0.0057  accuracy: 99.67% -> 99.67%      
client [13] (testset)   loss: 0.5312 -> 0.4636  accuracy: 89.10% -> 90.71%      
client [31] (testset)   loss: 0.3904 -> 0.3947  accuracy: 87.69% -> 89.23%      
client [75] (testset)   loss: 0.5756 -> 0.3031  accuracy: 91.39% -> 92.82%      
---------------------------- TRAINING EPOCH: 190 ----------------------------   
client [19] (testset)   loss: 0.3836 -> 0.2540  accuracy: 89.83% -> 91.53%      
client [7]  (testset)   loss: 0.0712 -> 0.0129  accuracy: 98.25% -> 99.56%      
client [57] (testset)   loss: 0.0900 -> 0.0335  accuracy: 97.08% -> 98.91%      
client [13] (testset)   loss: 0.4129 -> 0.4631  accuracy: 89.42% -> 90.71%      
client [43] (testset)   loss: 0.1771 -> 0.1677  accuracy: 96.92% -> 96.92%      
client [91] (testset)   loss: 0.0446 -> 0.0443  accuracy: 100.00% -> 100.00%    
client [10] (testset)   loss: 0.1248 -> 0.0506  accuracy: 97.06% -> 97.06%      
client [64] (testset)   loss: 0.1820 -> 0.1358  accuracy: 97.74% -> 97.74%      
client [82] (testset)   loss: 0.0930 -> 0.0952  accuracy: 98.63% -> 98.97%      
client [22] (testset)   loss: 0.1611 -> 0.0041  accuracy: 92.78% -> 100.00%     
---------------------------- TRAINING EPOCH: 200 ----------------------------   
client [20] (testset)   loss: 0.0808 -> 0.0366  accuracy: 97.85% -> 99.19%      
client [23] (testset)   loss: 0.3550 -> 0.2216  accuracy: 93.94% -> 94.95%      
client [88] (testset)   loss: 1.2226 -> 0.4339  accuracy: 73.17% -> 89.02%      
client [98] (testset)   loss: 2.8334 -> 0.7491  accuracy: 53.19% -> 85.11%      
client [79] (testset)   loss: 0.2080 -> 0.1503  accuracy: 95.07% -> 96.06%      
client [21] (testset)   loss: 0.5448 -> 0.2265  accuracy: 88.82% -> 94.41%      
client [92] (testset)   loss: 0.0355 -> 0.0321  accuracy: 97.81% -> 97.81%      
client [56] (testset)   loss: 0.6623 -> 0.5052  accuracy: 83.19% -> 84.87%      
client [5]  (testset)   loss: 0.0293 -> 0.0284  accuracy: 99.05% -> 99.05%      
client [52] (testset)   loss: 0.0551 -> 0.0517  accuracy: 98.31% -> 98.31%      
---------------------------- TRAINING EPOCH: 210 ----------------------------   
client [67] (testset)   loss: 0.3615 -> 0.2390  accuracy: 94.50% -> 96.56%      
client [54] (testset)   loss: 0.6685 -> 0.1111  accuracy: 76.62% -> 97.40%      
client [14] (testset)   loss: 1.0155 -> 0.3347  accuracy: 75.48% -> 91.67%      
client [99] (testset)   loss: 0.0273 -> 0.0213  accuracy: 98.95% -> 99.47%      
client [36] (testset)   loss: 0.2047 -> 0.1886  accuracy: 95.57% -> 96.22%      
client [30] (testset)   loss: 0.4128 -> 0.1551  accuracy: 93.27% -> 97.12%      
client [38] (testset)   loss: 0.6278 -> 0.4558  accuracy: 89.61% -> 92.21%      
client [15] (testset)   loss: 0.2823 -> 0.2187  accuracy: 94.38% -> 96.56%      
client [6]  (testset)   loss: 0.0588 -> 0.0346  accuracy: 98.05% -> 98.05%      
client [53] (testset)   loss: 0.0340 -> 0.0147  accuracy: 98.80% -> 99.40%      
---------------------------- TRAINING EPOCH: 220 ----------------------------   
client [99] (testset)   loss: 0.0705 -> 0.0444  accuracy: 98.42% -> 99.21%      
client [6]  (testset)   loss: 0.0687 -> 0.0564  accuracy: 98.05% -> 97.40%      
client [83] (testset)   loss: 0.4021 -> 0.0391  accuracy: 92.36% -> 98.73%      
client [42] (testset)   loss: 0.3572 -> 0.0869  accuracy: 93.21% -> 98.79%      
client [34] (testset)   loss: 0.5164 -> 0.0405  accuracy: 88.46% -> 100.00%     
client [15] (testset)   loss: 0.4020 -> 0.2288  accuracy: 91.88% -> 96.25%      
client [47] (testset)   loss: 0.0869 -> 0.1033  accuracy: 97.39% -> 97.39%      
client [55] (testset)   loss: 0.0107 -> 0.0045  accuracy: 99.67% -> 99.67%      
client [51] (testset)   loss: 0.0142 -> 0.0145  accuracy: 99.51% -> 99.51%      
client [95] (testset)   loss: 0.7643 -> 0.4194  accuracy: 87.04% -> 94.44%      
---------------------------- TRAINING EPOCH: 230 ----------------------------   
client [71] (testset)   loss: 0.1354 -> 0.0237  accuracy: 95.65% -> 98.91%      
client [15] (testset)   loss: 0.7109 -> 0.2244  accuracy: 88.12% -> 95.94%      
client [33] (testset)   loss: 0.1403 -> 0.1061  accuracy: 96.49% -> 97.66%      
client [99] (testset)   loss: 0.0655 -> 0.0284  accuracy: 98.68% -> 99.21%      
client [90] (testset)   loss: 0.0257 -> 0.0460  accuracy: 99.32% -> 98.65%      
client [57] (testset)   loss: 0.1478 -> 0.0408  accuracy: 97.81% -> 99.64%      
client [27] (testset)   loss: 0.1521 -> 0.0008  accuracy: 95.35% -> 100.00%     
client [78] (testset)   loss: 0.3005 -> 0.0252  accuracy: 93.70% -> 99.21%      
client [36] (testset)   loss: 0.2524 -> 0.2036  accuracy: 95.40% -> 96.55%      
client [88] (testset)   loss: 0.7193 -> 0.4931  accuracy: 84.15% -> 86.59%      
---------------------------- TRAINING EPOCH: 240 ----------------------------   
client [70] (testset)   loss: 0.5707 -> 0.5529  accuracy: 91.89% -> 91.89%      
client [35] (testset)   loss: 0.0080 -> 0.0059  accuracy: 100.00% -> 100.00%    
client [16] (testset)   loss: 0.0789 -> 0.0206  accuracy: 98.33% -> 98.33%      
client [80] (testset)   loss: 0.0396 -> 0.0013  accuracy: 98.08% -> 100.00%     
client [38] (testset)   loss: 0.8573 -> 0.4965  accuracy: 87.01% -> 90.91%      
client [78] (testset)   loss: 0.0061 -> 0.0036  accuracy: 100.00% -> 100.00%    
client [68] (testset)   loss: 0.3508 -> 0.0748  accuracy: 92.73% -> 98.18%      
client [11] (testset)   loss: 0.4048 -> 0.2869  accuracy: 87.44% -> 93.27%      
client [64] (testset)   loss: 0.1649 -> 0.1293  accuracy: 95.49% -> 95.49%      
client [82] (testset)   loss: 0.0722 -> 0.0719  accuracy: 98.97% -> 98.97%      
---------------------------- TRAINING EPOCH: 250 ----------------------------   
client [30] (testset)   loss: 0.3434 -> 0.1737  accuracy: 96.15% -> 97.12%      
client [27] (testset)   loss: 0.0010 -> 0.0001  accuracy: 100.00% -> 100.00%    
client [74] (testset)   loss: 0.0048 -> 0.0875  accuracy: 100.00% -> 96.30%     
client [45] (testset)   loss: 0.5655 -> 0.6468  accuracy: 89.19% -> 89.19%      
client [6]  (testset)   loss: 0.0712 -> 0.0571  accuracy: 97.40% -> 97.40%      
client [36] (testset)   loss: 0.3820 -> 0.2110  accuracy: 94.91% -> 96.06%      
client [63] (testset)   loss: 0.0055 -> 0.0051  accuracy: 100.00% -> 100.00%    
client [76] (testset)   loss: 0.1431 -> 0.0921  accuracy: 93.33% -> 93.33%      
client [83] (testset)   loss: 0.1524 -> 0.0800  accuracy: 97.45% -> 99.36%      
client [86] (testset)   loss: 0.0002 -> 0.0001  accuracy: 100.00% -> 100.00%    
---------------------------- TRAINING EPOCH: 260 ----------------------------   
client [83] (testset)   loss: 0.3430 -> 0.0938  accuracy: 93.63% -> 98.73%      
client [99] (testset)   loss: 0.2856 -> 0.0434  accuracy: 92.37% -> 99.47%      
client [74] (testset)   loss: 0.0046 -> 0.0446  accuracy: 100.00% -> 96.30%     
client [73] (testset)   loss: 0.1398 -> 0.0209  accuracy: 96.18% -> 99.24%      
client [29] (testset)   loss: 0.8792 -> 0.4286  accuracy: 82.28% -> 87.34%      
client [92] (testset)   loss: 0.0717 -> 0.0232  accuracy: 96.35% -> 98.54%      
client [6]  (testset)   loss: 0.0051 -> 0.0050  accuracy: 100.00% -> 100.00%    
client [61] (testset)   loss: 0.0674 -> 0.0557  accuracy: 96.34% -> 96.34%      
client [21] (testset)   loss: 0.5433 -> 0.3098  accuracy: 87.58% -> 93.17%      
client [67] (testset)   loss: 0.5378 -> 0.2752  accuracy: 92.10% -> 96.56%      
---------------------------- TRAINING EPOCH: 270 ----------------------------   
client [83] (testset)   loss: 0.2676 -> 0.1004  accuracy: 94.90% -> 98.09%      
client [32] (testset)   loss: 0.6589 -> 0.2986  accuracy: 87.78% -> 93.33%      
client [95] (testset)   loss: 0.9958 -> 0.5458  accuracy: 85.19% -> 92.59%      
client [61] (testset)   loss: 0.2453 -> 0.0533  accuracy: 92.68% -> 98.78%      
client [27] (testset)   loss: 0.1143 -> 0.0229  accuracy: 93.02% -> 100.00%     
client [25] (testset)   loss: 0.0398 -> 0.0175  accuracy: 97.12% -> 99.04%      
client [68] (testset)   loss: 0.0607 -> 0.0423  accuracy: 99.09% -> 99.09%      
client [34] (testset)   loss: 0.0097 -> 0.0832  accuracy: 100.00% -> 96.15%     
client [71] (testset)   loss: 0.0893 -> 0.0709  accuracy: 97.83% -> 97.83%      
client [89] (testset)   loss: 0.0112 -> 0.0110  accuracy: 100.00% -> 100.00%    
---------------------------- TRAINING EPOCH: 280 ----------------------------   
client [78] (testset)   loss: 0.0133 -> 0.0108  accuracy: 99.21% -> 99.21%      
client [81] (testset)   loss: 0.0053 -> 0.0023  accuracy: 100.00% -> 100.00%    
client [51] (testset)   loss: 0.0328 -> 0.0276  accuracy: 99.51% -> 99.51%      
client [54] (testset)   loss: 0.1967 -> 0.1145  accuracy: 93.51% -> 97.40%      
client [65] (testset)   loss: 0.5644 -> 0.5005  accuracy: 93.75% -> 93.75%      
client [41] (testset)   loss: 0.3261 -> 0.1906  accuracy: 93.95% -> 96.37%      
client [11] (testset)   loss: 0.7574 -> 0.3110  accuracy: 86.55% -> 92.83%      
client [85] (testset)   loss: 0.2206 -> 0.1997  accuracy: 96.49% -> 96.49%      
client [12] (testset)   loss: 0.3637 -> 0.1890  accuracy: 92.89% -> 96.33%      
client [23] (testset)   loss: 0.4248 -> 0.3716  accuracy: 89.90% -> 93.94%      
---------------------------- TRAINING EPOCH: 290 ----------------------------   
client [16] (testset)   loss: 0.2301 -> 0.0090  accuracy: 95.83% -> 99.17%      
client [65] (testset)   loss: 0.2426 -> 0.2657  accuracy: 93.75% -> 96.88%      
client [53] (testset)   loss: 0.0332 -> 0.0318  accuracy: 99.70% -> 99.70%      
client [58] (testset)   loss: 0.2879 -> 0.1578  accuracy: 94.90% -> 95.92%      
client [72] (testset)   loss: 0.1173 -> 0.1277  accuracy: 98.25% -> 96.49%      
client [7]  (testset)   loss: 0.1432 -> 0.0348  accuracy: 95.20% -> 99.56%      
client [71] (testset)   loss: 0.3064 -> 0.0635  accuracy: 90.22% -> 98.37%      
client [59] (testset)   loss: 0.6274 -> 0.3618  accuracy: 89.05% -> 93.43%      
client [86] (testset)   loss: 0.0000 -> 0.0000  accuracy: 100.00% -> 100.00%    
client [39] (testset)   loss: 0.0757 -> 0.0061  accuracy: 93.33% -> 100.00%     
---------------------------- TRAINING EPOCH: 300 ----------------------------   
client [99] (testset)   loss: 0.5496 -> 0.0396  accuracy: 87.11% -> 99.21%      
client [7]  (testset)   loss: 0.0410 -> 0.0191  accuracy: 98.69% -> 99.56%      
client [17] (testset)   loss: 0.2231 -> 0.1459  accuracy: 96.26% -> 97.86%      
client [64] (testset)   loss: 0.2512 -> 0.1605  accuracy: 94.74% -> 95.49%      
client [37] (testset)   loss: 0.0554 -> 0.0514  accuracy: 98.91% -> 98.91%      
client [29] (testset)   loss: 0.4715 -> 0.3728  accuracy: 87.34% -> 88.61%      
client [93] (testset)   loss: 2.4859 -> 0.0102  accuracy: 72.88% -> 100.00%     
client [73] (testset)   loss: 0.0426 -> 0.0433  accuracy: 97.71% -> 97.71%      
client [40] (testset)   loss: 0.1934 -> 0.2134  accuracy: 95.83% -> 95.83%      
client [76] (testset)   loss: 0.2298 -> 0.1656  accuracy: 93.33% -> 93.33%      
---------------------------- TRAINING EPOCH: 310 ----------------------------   
client [31] (testset)   loss: 1.0196 -> 0.6497  accuracy: 84.62% -> 87.69%      
client [89] (testset)   loss: 0.5104 -> 0.0099  accuracy: 89.47% -> 100.00%     
client [77] (testset)   loss: 0.1634 -> 0.0564  accuracy: 96.89% -> 98.45%      
client [90] (testset)   loss: 0.1899 -> 0.1167  accuracy: 96.62% -> 97.97%      
client [26] (testset)   loss: 0.1125 -> 0.0539  accuracy: 97.46% -> 98.41%      
client [50] (testset)   loss: 0.5485 -> 0.0596  accuracy: 89.74% -> 98.86%      
client [30] (testset)   loss: 0.3343 -> 0.1868  accuracy: 95.19% -> 97.12%      
client [70] (testset)   loss: 0.4339 -> 0.4335  accuracy: 89.19% -> 89.19%      
client [41] (testset)   loss: 0.5694 -> 0.2203  accuracy: 92.74% -> 95.56%      
client [99] (testset)   loss: 0.0774 -> 0.0270  accuracy: 97.63% -> 99.21%      
---------------------------- TRAINING EPOCH: 320 ----------------------------   
client [68] (testset)   loss: 0.0539 -> 0.0498  accuracy: 99.09% -> 99.09%      
client [70] (testset)   loss: 0.5951 -> 0.5302  accuracy: 89.19% -> 89.19%      
client [52] (testset)   loss: 0.7728 -> 0.2788  accuracy: 86.44% -> 91.53%      
client [1]  (testset)   loss: 0.2678 -> 0.2941  accuracy: 96.83% -> 96.83%      
client [2]  (testset)   loss: 0.0109 -> 0.0084  accuracy: 99.78% -> 99.78%      
client [67] (testset)   loss: 0.4014 -> 0.2691  accuracy: 91.41% -> 96.91%      
client [92] (testset)   loss: 0.0623 -> 0.0609  accuracy: 99.27% -> 99.27%      
client [35] (testset)   loss: 0.0197 -> 0.0126  accuracy: 98.65% -> 100.00%     
client [36] (testset)   loss: 0.3935 -> 0.2383  accuracy: 94.91% -> 96.88%      
client [64] (testset)   loss: 0.1527 -> 0.1315  accuracy: 94.74% -> 96.24%      
---------------------------- TRAINING EPOCH: 330 ----------------------------   
client [44] (testset)   loss: 0.0527 -> 0.0348  accuracy: 98.11% -> 99.06%      
client [6]  (testset)   loss: 0.0295 -> 0.0258  accuracy: 98.70% -> 99.35%      
client [12] (testset)   loss: 0.2623 -> 0.1903  accuracy: 95.73% -> 96.56%      
client [55] (testset)   loss: 0.0069 -> 0.0026  accuracy: 99.67% -> 100.00%     
client [29] (testset)   loss: 0.4163 -> 0.4432  accuracy: 93.67% -> 89.87%      
client [9]  (testset)   loss: 0.1951 -> 0.1031  accuracy: 95.83% -> 96.88%      
client [43] (testset)   loss: 0.2916 -> 0.2268  accuracy: 96.92% -> 96.92%      
client [77] (testset)   loss: 0.0214 -> 0.0084  accuracy: 99.48% -> 99.48%      
client [98] (testset)   loss: 0.6510 -> 0.7154  accuracy: 89.36% -> 87.23%      
client [78] (testset)   loss: 0.0111 -> 0.0072  accuracy: 99.21% -> 99.21%      
---------------------------- TRAINING EPOCH: 340 ----------------------------   
client [92] (testset)   loss: 0.1094 -> 0.1070  accuracy: 97.81% -> 97.81%      
client [80] (testset)   loss: 0.0816 -> 0.0129  accuracy: 98.08% -> 100.00%     
client [63] (testset)   loss: 0.0356 -> 0.0281  accuracy: 97.94% -> 98.97%      
client [76] (testset)   loss: 0.0113 -> 0.0163  accuracy: 100.00% -> 100.00%    
client [78] (testset)   loss: 0.0460 -> 0.0450  accuracy: 99.21% -> 99.21%      
client [25] (testset)   loss: 0.0316 -> 0.0186  accuracy: 98.08% -> 99.04%      
client [58] (testset)   loss: 0.3787 -> 0.2052  accuracy: 94.90% -> 96.43%      
client [13] (testset)   loss: 0.9109 -> 0.6293  accuracy: 88.14% -> 89.74%      
client [17] (testset)   loss: 0.2363 -> 0.1807  accuracy: 96.26% -> 96.79%      
client [38] (testset)   loss: 0.7539 -> 0.7761  accuracy: 83.12% -> 90.91%      
---------------------------- TRAINING EPOCH: 350 ----------------------------   
client [72] (testset)   loss: 0.1377 -> 0.0693  accuracy: 96.49% -> 96.49%      
client [82] (testset)   loss: 0.0543 -> 0.0589  accuracy: 99.32% -> 99.32%      
client [86] (testset)   loss: 0.0000 -> 0.0000  accuracy: 100.00% -> 100.00%    
client [51] (testset)   loss: 0.0010 -> 0.0016  accuracy: 100.00% -> 100.00%    
client [96] (testset)   loss: 0.5257 -> 0.2590  accuracy: 85.40% -> 92.70%      
client [42] (testset)   loss: 0.1741 -> 0.1133  accuracy: 97.45% -> 98.42%      
client [55] (testset)   loss: 0.0527 -> 0.0277  accuracy: 99.34% -> 99.67%      
client [13] (testset)   loss: 1.0431 -> 0.5843  accuracy: 87.50% -> 90.38%      
client [1]  (testset)   loss: 0.1856 -> 0.1954  accuracy: 96.83% -> 96.83%      
client [12] (testset)   loss: 0.2927 -> 0.1828  accuracy: 94.43% -> 96.80%      
---------------------------- TRAINING EPOCH: 360 ----------------------------   
client [68] (testset)   loss: 0.2069 -> 0.0487  accuracy: 91.82% -> 99.09%      
client [23] (testset)   loss: 0.5249 -> 0.2656  accuracy: 84.85% -> 94.95%      
client [46] (testset)   loss: 0.2559 -> 0.2024  accuracy: 94.79% -> 95.83%      
client [41] (testset)   loss: 0.3116 -> 0.2526  accuracy: 95.16% -> 95.97%      
client [25] (testset)   loss: 0.0269 -> 0.0146  accuracy: 98.08% -> 99.04%      
client [58] (testset)   loss: 0.2992 -> 0.2583  accuracy: 95.41% -> 95.92%      
client [14] (testset)   loss: 0.5169 -> 0.3678  accuracy: 90.24% -> 91.43%      
client [33] (testset)   loss: 0.4069 -> 0.1500  accuracy: 90.06% -> 97.08%      
client [85] (testset)   loss: 0.0735 -> 0.0518  accuracy: 98.25% -> 98.25%      
client [62] (testset)   loss: 0.4080 -> 0.3465  accuracy: 95.00% -> 90.00%      
---------------------------- TRAINING EPOCH: 370 ----------------------------   
client [98] (testset)   loss: 0.7736 -> 0.7791  accuracy: 89.36% -> 87.23%      
client [63] (testset)   loss: 0.0373 -> 0.0135  accuracy: 97.94% -> 98.97%      
client [70] (testset)   loss: 0.2553 -> 0.2498  accuracy: 91.89% -> 91.89%      
client [65] (testset)   loss: 0.1543 -> 0.1653  accuracy: 96.88% -> 96.88%      
client [14] (testset)   loss: 0.4507 -> 0.3636  accuracy: 90.48% -> 91.19%      
client [73] (testset)   loss: 0.2973 -> 0.0454  accuracy: 93.89% -> 98.47%      
client [34] (testset)   loss: 0.7052 -> 0.3680  accuracy: 80.77% -> 88.46%      
client [99] (testset)   loss: 0.0750 -> 0.0411  accuracy: 97.63% -> 99.47%      
client [69] (testset)   loss: 0.2934 -> 0.2675  accuracy: 94.44% -> 96.30%      
client [46] (testset)   loss: 0.6590 -> 0.1451  accuracy: 87.50% -> 96.88%      
---------------------------- TRAINING EPOCH: 380 ----------------------------   
client [99] (testset)   loss: 0.1012 -> 0.0468  accuracy: 98.16% -> 99.21%      
client [93] (testset)   loss: 0.9047 -> 0.0395  accuracy: 83.05% -> 98.31%      
client [11] (testset)   loss: 0.4074 -> 0.3160  accuracy: 91.48% -> 94.17%      
client [58] (testset)   loss: 0.2040 -> 0.1711  accuracy: 96.43% -> 97.45%      
client [81] (testset)   loss: 0.0390 -> 0.0028  accuracy: 98.15% -> 100.00%     
client [85] (testset)   loss: 0.2792 -> 0.2706  accuracy: 96.49% -> 96.49%      
client [89] (testset)   loss: 1.0430 -> 0.2938  accuracy: 89.47% -> 89.47%      
client [45] (testset)   loss: 1.1031 -> 0.8242  accuracy: 83.78% -> 91.89%      
client [8]  (testset)   loss: 0.4262 -> 0.3771  accuracy: 94.35% -> 94.05%      
client [68] (testset)   loss: 0.1237 -> 0.0431  accuracy: 97.27% -> 99.09%      
---------------------------- TRAINING EPOCH: 390 ----------------------------   
client [67] (testset)   loss: 0.5264 -> 0.3272  accuracy: 93.13% -> 96.91%      
client [72] (testset)   loss: 0.4393 -> 0.3027  accuracy: 89.47% -> 92.98%      
client [1]  (testset)   loss: 0.5018 -> 0.4745  accuracy: 93.65% -> 96.83%      
client [78] (testset)   loss: 0.0159 -> 0.0018  accuracy: 99.21% -> 100.00%     
client [83] (testset)   loss: 0.1677 -> 0.0853  accuracy: 96.18% -> 98.73%      
client [21] (testset)   loss: 0.3181 -> 0.2512  accuracy: 93.17% -> 95.03%      
client [56] (testset)   loss: 0.7235 -> 0.6903  accuracy: 87.39% -> 88.24%      
client [44] (testset)   loss: 0.1474 -> 0.0394  accuracy: 98.11% -> 98.11%      
client [92] (testset)   loss: 0.1549 -> 0.0648  accuracy: 96.35% -> 96.35%      
client [27] (testset)   loss: 0.1223 -> 0.0067  accuracy: 90.70% -> 100.00%     
---------------------------- TRAINING EPOCH: 400 ----------------------------   
client [10] (testset)   loss: 0.0331 -> 0.0310  accuracy: 98.53% -> 98.53%      
client [39] (testset)   loss: 0.0496 -> 0.0244  accuracy: 93.33% -> 100.00%     
client [65] (testset)   loss: 0.5871 -> 0.5156  accuracy: 93.75% -> 93.75%      
client [26] (testset)   loss: 0.1054 -> 0.0484  accuracy: 98.09% -> 98.73%      
client [19] (testset)   loss: 0.3059 -> 0.4012  accuracy: 93.22% -> 91.53%      
client [68] (testset)   loss: 0.2388 -> 0.1224  accuracy: 95.45% -> 98.18%      
client [41] (testset)   loss: 0.4292 -> 0.2817  accuracy: 92.74% -> 95.16%      
client [50] (testset)   loss: 0.0834 -> 0.0548  accuracy: 98.58% -> 98.86%      
client [75] (testset)   loss: 0.3175 -> 0.3439  accuracy: 92.82% -> 92.82%      
client [81] (testset)   loss: 0.0177 -> 0.0023  accuracy: 100.00% -> 100.00%    
Training... ━━━━━━━━━━━━━━━━━━━━━━━━━━━━━━━━━━━━━━━━ 100% 0:18:02
FedDpa's average time taken by each global epoch: 0 min 2.53 sec.               
FedDpa's total running time: 0 h 18 m 2 s.                                      
==================== FedDpa Experiment Results: ====================            
Display format: (before local fine-tuning) -> (after local fine-tuning)         
 So if finetune_epoch = 0, x.xx% -> 0.00% is normal.                            
 Centralized testing ONLY happens after model aggregation, so the stats between 
'->' are the same.                                                              
{                                                                               
    "100": {                                                                    
        "all_clients": {                                                        
            "test": {                                                           
                "loss": "0.3055 -> 0.0000",                                     
                "accuracy": "92.17% -> 0.00%"                                   
            }                                                                   
        }                                                                       
    },                                                                          
    "200": {                                                                    
        "all_clients": {                                                        
            "test": {                                                           
                "loss": "0.2389 -> 0.0000",                                     
                "accuracy": "94.58% -> 0.00%"                                   
            }                                                                   
        }                                                                       
    },                                                                          
    "300": {                                                                    
        "all_clients": {                                                        
            "test": {                                                           
                "loss": "0.3972 -> 0.0000",                                     
                "accuracy": "92.24% -> 0.00%"                                   
            }                                                                   
        }                                                                       
    },                                                                          
    "400": {                                                                    
        "all_clients": {                                                        
            "test": {                                                           
                "loss": "0.2902 -> 0.0000",                                     
                "accuracy": "94.98% -> 0.00%"                                   
            }                                                                   
        }                                                                       
    }                                                                           
}                                                                               
==================== FedDpa Max Accuracy ====================                   
all_clients:                                                                    
(test) before fine-tuning: 94.98% at epoch 400                                  
(test) after fine-tuning: 0.00% at epoch 100                                    
