Using downloaded and verified file: /home/ubuntu/PSFL/PSFL/data/svhn/raw/train_32x32.mat
Using downloaded and verified file: /home/ubuntu/PSFL/PSFL/data/svhn/raw/test_32x32.mat
==================== FedDpa ====================                                
Experiment Arguments:                                                           
{
│   'method': 'feddpa',
│   'dataset': {
│   │   'name': 'svhn',
│   │   'client_num': 100,
│   │   'test_ratio': 0.25,
│   │   'val_ratio': 0.0,
│   │   'seed': 42,
│   │   'split': 'sample',
│   │   'IID_ratio': 0.0,
│   │   'monitor_window_name_suffix': 'svhn-100clients-0%IID-Dir(0.1)-seed42',
│   │   'alpha': 0.1,
│   │   'min_samples_per_client': 10
│   },
│   'model': {
│   │   'name': 'avgcnn',
│   │   'use_torchvision_pretrained_weights': True,
│   │   'external_model_weights_path': None
│   },
│   'optimizer': {
│   │   'lr': 0.01,
│   │   'dampening': 0,
│   │   'weight_decay': 0,
│   │   'momentum': 0,
│   │   'nesterov': False,
│   │   'name': 'sgd'
│   },
│   'mode': 'sequential',
│   'parallel': {
│   │   'ray_cluster_addr': None,
│   │   'num_cpus': None,
│   │   'num_gpus': None,
│   │   'num_workers': 2
│   },
│   'common': {
│   │   'seed': 42,
│   │   'join_ratio': 0.1,
│   │   'global_epoch': 400,
│   │   'local_epoch': 5,
│   │   'batch_size': 32,
│   │   'reset_optimizer_on_global_epoch': True,
│   │   'straggler_ratio': 0,
│   │   'straggler_min_local_epoch': 0,
│   │   'buffers': 'global',
│   │   'client_side_evaluation': True,
│   │   'test': {
│   │   │   'client': {
│   │   │   │   'interval': 100,
│   │   │   │   'finetune_epoch': 0,
│   │   │   │   'train': False,
│   │   │   │   'val': False,
│   │   │   │   'test': True
│   │   │   },
│   │   │   'server': {
│   │   │   │   'interval': -1,
│   │   │   │   'train': False,
│   │   │   │   'val': False,
│   │   │   │   'test': False,
│   │   │   │   'model_in_train_mode': False
│   │   │   }
│   │   },
│   │   'verbose_gap': 10,
│   │   'monitor': None,
│   │   'use_cuda': True,
│   │   'save_log': True,
│   │   'save_model': False,
│   │   'save_learning_curve_plot': False,
│   │   'save_metrics': True,
│   │   'delete_useless_run': True
│   },
│   'feddpa': {
│   │   'fisher_threshold': 0.99997
│   }
}
---------------------------- TRAINING EPOCH: 10 ----------------------------    
client [77] (testset)   loss: 1.3697 -> 0.3273  accuracy: 64.41% -> 90.31%      
client [81] (testset)   loss: 4.3899 -> 0.3104  accuracy: 12.90% -> 87.10%      
client [21] (testset)   loss: 0.9712 -> 0.8170  accuracy: 69.44% -> 83.33%      
client [68] (testset)   loss: 1.0826 -> 0.0082  accuracy: 66.67% -> 100.00%     
client [93] (testset)   loss: 2.5129 -> 0.5028  accuracy: 41.29% -> 85.16%      
client [31] (testset)   loss: 1.2226 -> 0.3475  accuracy: 68.57% -> 91.43%      
client [20] (testset)   loss: 1.1660 -> 0.2516  accuracy: 67.19% -> 92.71%      
client [59] (testset)   loss: 1.7668 -> 0.2906  accuracy: 52.85% -> 88.60%      
client [48] (testset)   loss: 0.9987 -> 1.3124  accuracy: 81.82% -> 81.82%      
client [34] (testset)   loss: 1.3747 -> 0.2198  accuracy: 68.18% -> 90.91%      
---------------------------- TRAINING EPOCH: 20 ----------------------------    
client [69] (testset)   loss: 2.1055 -> 0.4981  accuracy: 49.01% -> 90.73%      
client [99] (testset)   loss: 1.6594 -> 0.1421  accuracy: 66.43% -> 96.19%      
client [67] (testset)   loss: 0.9550 -> 0.1282  accuracy: 73.12% -> 96.44%      
client [0]  (testset)   loss: 2.3285 -> 0.2717  accuracy: 53.51% -> 91.23%      
client [76] (testset)   loss: 2.3398 -> 0.0179  accuracy: 48.72% -> 100.00%     
client [41] (testset)   loss: 1.7652 -> 0.3358  accuracy: 61.54% -> 92.19%      
client [62] (testset)   loss: 1.0410 -> 0.2547  accuracy: 76.86% -> 93.89%      
client [2]  (testset)   loss: 1.0503 -> 0.0211  accuracy: 73.53% -> 99.46%      
client [14] (testset)   loss: 3.3502 -> 0.1235  accuracy: 44.05% -> 97.62%      
client [46] (testset)   loss: 2.1724 -> 0.7119  accuracy: 63.16% -> 86.84%      
---------------------------- TRAINING EPOCH: 30 ----------------------------    
client [24] (testset)   loss: 0.1869 -> 0.1795  accuracy: 95.96% -> 96.27%      
client [68] (testset)   loss: 0.1468 -> 0.0057  accuracy: 95.83% -> 100.00%     
client [57] (testset)   loss: 1.4434 -> 0.1406  accuracy: 72.30% -> 96.17%      
client [17] (testset)   loss: 2.2570 -> 0.0857  accuracy: 56.69% -> 99.21%      
client [54] (testset)   loss: 1.4767 -> 0.1852  accuracy: 63.92% -> 96.91%      
client [23] (testset)   loss: 0.5715 -> 0.1613  accuracy: 88.79% -> 98.13%      
client [35] (testset)   loss: 2.2500 -> 0.1414  accuracy: 54.68% -> 97.48%      
client [59] (testset)   loss: 3.0106 -> 0.2908  accuracy: 45.85% -> 90.93%      
client [31] (testset)   loss: 2.7947 -> 0.5374  accuracy: 54.29% -> 74.29%      
client [9]  (testset)   loss: 0.9707 -> 0.4196  accuracy: 80.14% -> 94.33%      
---------------------------- TRAINING EPOCH: 40 ----------------------------    
client [64] (testset)   loss: 0.8901 -> 0.2401  accuracy: 78.52% -> 91.85%      
client [33] (testset)   loss: 0.3231 -> 0.1025  accuracy: 90.15% -> 96.92%      
client [16] (testset)   loss: 1.2824 -> 0.2088  accuracy: 79.01% -> 97.53%      
client [44] (testset)   loss: 1.1994 -> 0.1595  accuracy: 81.44% -> 94.85%      
client [8]  (testset)   loss: 2.8314 -> 1.2647  accuracy: 43.75% -> 62.50%      
client [31] (testset)   loss: 0.7014 -> 0.6489  accuracy: 88.57% -> 88.57%      
client [47] (testset)   loss: 0.2688 -> 0.1467  accuracy: 93.51% -> 96.82%      
client [36] (testset)   loss: 2.9921 -> 2.6716  accuracy: 70.00% -> 80.00%      
client [20] (testset)   loss: 0.7649 -> 0.2250  accuracy: 79.69% -> 93.23%      
client [56] (testset)   loss: 1.0248 -> 0.2007  accuracy: 77.66% -> 95.92%      
---------------------------- TRAINING EPOCH: 50 ----------------------------    
client [4]  (testset)   loss: 1.9015 -> 0.5060  accuracy: 73.53% -> 92.65%      
client [60] (testset)   loss: 0.0932 -> 0.0018  accuracy: 100.00% -> 100.00%    
client [28] (testset)   loss: 0.7113 -> 0.1747  accuracy: 83.96% -> 97.64%      
client [25] (testset)   loss: 0.4877 -> 0.5114  accuracy: 90.00% -> 92.50%      
client [58] (testset)   loss: 1.4798 -> 0.2320  accuracy: 70.50% -> 92.34%      
client [44] (testset)   loss: 0.1007 -> 0.0898  accuracy: 97.94% -> 97.94%      
client [39] (testset)   loss: 0.6655 -> 0.1845  accuracy: 85.37% -> 95.12%      
client [29] (testset)   loss: 1.0823 -> 0.3761  accuracy: 77.43% -> 91.92%      
client [3]  (testset)   loss: 2.7789 -> 0.1307  accuracy: 56.63% -> 96.79%      
client [84] (testset)   loss: 1.1232 -> 0.2395  accuracy: 76.92% -> 92.76%      
---------------------------- TRAINING EPOCH: 60 ----------------------------    
client [21] (testset)   loss: 2.5024 -> 0.4795  accuracy: 41.67% -> 88.89%      
client [84] (testset)   loss: 0.5295 -> 0.2596  accuracy: 86.43% -> 91.86%      
client [10] (testset)   loss: 0.2700 -> 0.1229  accuracy: 93.10% -> 97.49%      
client [36] (testset)   loss: 2.2300 -> 2.6600  accuracy: 80.00% -> 80.00%      
client [65] (testset)   loss: 0.1161 -> 0.0784  accuracy: 97.33% -> 98.00%      
client [81] (testset)   loss: 2.5338 -> 0.4957  accuracy: 54.84% -> 87.10%      
client [79] (testset)   loss: 0.3216 -> 0.0948  accuracy: 92.01% -> 97.96%      
client [42] (testset)   loss: 1.4841 -> 0.1792  accuracy: 68.38% -> 94.85%      
client [11] (testset)   loss: 0.3897 -> 0.1515  accuracy: 88.31% -> 96.10%      
client [96] (testset)   loss: 0.1527 -> 0.0359  accuracy: 96.43% -> 100.00%     
---------------------------- TRAINING EPOCH: 70 ----------------------------    
client [8]  (testset)   loss: 2.0464 -> 1.5120  accuracy: 62.50% -> 87.50%      
client [53] (testset)   loss: 0.5488 -> 0.0939  accuracy: 82.53% -> 97.82%      
client [52] (testset)   loss: 1.1721 -> 0.0881  accuracy: 76.29% -> 98.04%      
client [42] (testset)   loss: 0.5446 -> 0.1667  accuracy: 86.03% -> 96.32%      
client [69] (testset)   loss: 1.1451 -> 0.3875  accuracy: 74.17% -> 92.72%      
client [59] (testset)   loss: 0.7167 -> 0.2816  accuracy: 82.38% -> 92.23%      
client [7]  (testset)   loss: 1.7532 -> 0.2486  accuracy: 70.76% -> 94.95%      
client [26] (testset)   loss: 1.5798 -> 0.0401  accuracy: 57.96% -> 98.09%      
client [49] (testset)   loss: 0.9240 -> 0.0949  accuracy: 81.08% -> 96.22%      
client [98] (testset)   loss: 0.8604 -> 0.1890  accuracy: 83.73% -> 96.03%      
---------------------------- TRAINING EPOCH: 80 ----------------------------    
client [98] (testset)   loss: 0.5223 -> 0.1460  accuracy: 89.68% -> 97.22%      
client [47] (testset)   loss: 0.9453 -> 0.1534  accuracy: 83.84% -> 97.09%      
client [21] (testset)   loss: 2.6833 -> 0.6381  accuracy: 61.11% -> 83.33%      
client [77] (testset)   loss: 1.2456 -> 0.4116  accuracy: 77.24% -> 92.49%      
client [95] (testset)   loss: 0.6627 -> 0.4566  accuracy: 87.23% -> 93.62%      
client [91] (testset)   loss: 0.6121 -> 0.3425  accuracy: 84.71% -> 92.36%      
client [14] (testset)   loss: 0.4560 -> 0.1671  accuracy: 93.45% -> 97.02%      
client [99] (testset)   loss: 0.8993 -> 0.2291  accuracy: 84.52% -> 96.19%      
client [20] (testset)   loss: 0.6277 -> 0.2416  accuracy: 83.33% -> 93.75%      
client [39] (testset)   loss: 0.3549 -> 0.1655  accuracy: 87.80% -> 95.12%      
---------------------------- TRAINING EPOCH: 90 ----------------------------    
client [52] (testset)   loss: 0.2791 -> 0.1185  accuracy: 94.30% -> 98.22%      
client [62] (testset)   loss: 1.0348 -> 0.3272  accuracy: 81.22% -> 94.54%      
client [71] (testset)   loss: 0.7919 -> 0.3779  accuracy: 87.43% -> 94.54%      
client [97] (testset)   loss: 0.5351 -> 0.1578  accuracy: 87.69% -> 96.82%      
client [30] (testset)   loss: 0.7459 -> 0.0038  accuracy: 73.02% -> 100.00%     
client [88] (testset)   loss: 0.5231 -> 0.0655  accuracy: 87.54% -> 98.03%      
client [60] (testset)   loss: 0.8300 -> 0.0496  accuracy: 78.57% -> 100.00%     
client [82] (testset)   loss: 1.3442 -> 1.2789  accuracy: 89.47% -> 89.47%      
client [91] (testset)   loss: 1.0278 -> 0.2867  accuracy: 80.25% -> 92.36%      
client [57] (testset)   loss: 1.2609 -> 0.2054  accuracy: 77.70% -> 96.62%      
---------------------------- TRAINING EPOCH: 100 ----------------------------   
client [31] (testset)   loss: 0.4139 -> 0.3881  accuracy: 94.29% -> 91.43%      
client [15] (testset)   loss: 0.4294 -> 0.1747  accuracy: 91.04% -> 95.24%      
client [71] (testset)   loss: 0.7800 -> 0.2667  accuracy: 84.70% -> 95.08%      
client [97] (testset)   loss: 0.4564 -> 0.1292  accuracy: 90.45% -> 97.03%      
client [53] (testset)   loss: 1.0365 -> 0.1140  accuracy: 75.55% -> 97.82%      
client [77] (testset)   loss: 1.1736 -> 0.4056  accuracy: 80.15% -> 93.70%      
client [76] (testset)   loss: 1.0415 -> 0.0631  accuracy: 78.21% -> 98.08%      
client [79] (testset)   loss: 1.8112 -> 0.0741  accuracy: 70.07% -> 98.13%      
client [28] (testset)   loss: 1.9915 -> 0.2282  accuracy: 66.98% -> 97.17%      
client [99] (testset)   loss: 0.4624 -> 0.2471  accuracy: 91.90% -> 95.24%      
---------------------------- TRAINING EPOCH: 110 ----------------------------   
client [97] (testset)   loss: 0.6640 -> 0.1376  accuracy: 87.05% -> 97.88%      
client [86] (testset)   loss: 1.4501 -> 0.5172  accuracy: 79.57% -> 94.09%      
client [34] (testset)   loss: 0.6566 -> 0.4384  accuracy: 81.82% -> 86.36%      
client [73] (testset)   loss: 0.7701 -> 0.2669  accuracy: 87.39% -> 96.96%      
client [5]  (testset)   loss: 0.8359 -> 0.4627  accuracy: 84.38% -> 92.19%      
client [96] (testset)   loss: 2.5805 -> 0.1144  accuracy: 60.71% -> 94.64%      
client [22] (testset)   loss: 1.7076 -> 1.4074  accuracy: 84.38% -> 87.50%      
client [60] (testset)   loss: 0.2889 -> 0.0843  accuracy: 92.86% -> 100.00%     
client [66] (testset)   loss: 0.4780 -> 0.2031  accuracy: 88.89% -> 94.81%      
client [83] (testset)   loss: 0.1188 -> 0.1025  accuracy: 92.31% -> 92.31%      
---------------------------- TRAINING EPOCH: 120 ----------------------------   
client [76] (testset)   loss: 0.4072 -> 0.0947  accuracy: 87.18% -> 98.08%      
client [65] (testset)   loss: 0.7788 -> 0.0993  accuracy: 86.38% -> 98.00%      
client [95] (testset)   loss: 1.0915 -> 0.5036  accuracy: 86.17% -> 91.49%      
client [17] (testset)   loss: 0.9554 -> 0.2243  accuracy: 86.61% -> 97.64%      
client [8]  (testset)   loss: 2.2847 -> 1.7663  accuracy: 68.75% -> 75.00%      
client [35] (testset)   loss: 1.1874 -> 0.2162  accuracy: 79.32% -> 96.94%      
client [98] (testset)   loss: 0.7208 -> 0.2110  accuracy: 86.51% -> 97.22%      
client [53] (testset)   loss: 1.4215 -> 0.1673  accuracy: 71.62% -> 96.51%      
client [43] (testset)   loss: 0.6750 -> 0.2190  accuracy: 84.33% -> 94.40%      
client [64] (testset)   loss: 1.0454 -> 0.3973  accuracy: 81.48% -> 93.33%      
---------------------------- TRAINING EPOCH: 130 ----------------------------   
client [21] (testset)   loss: 1.6064 -> 0.6090  accuracy: 61.11% -> 88.89%      
client [88] (testset)   loss: 1.3292 -> 0.0913  accuracy: 76.07% -> 98.03%      
client [38] (testset)   loss: 0.9958 -> 0.2895  accuracy: 84.17% -> 97.74%      
client [3]  (testset)   loss: 0.3183 -> 0.1402  accuracy: 93.98% -> 95.18%      
client [5]  (testset)   loss: 1.4784 -> 0.4121  accuracy: 70.31% -> 92.19%      
client [41] (testset)   loss: 0.5629 -> 0.3467  accuracy: 87.46% -> 93.25%      
client [7]  (testset)   loss: 1.2522 -> 0.3058  accuracy: 80.51% -> 95.67%      
client [37] (testset)   loss: 0.8480 -> 0.0424  accuracy: 85.80% -> 98.86%      
client [45] (testset)   loss: 2.0868 -> 0.1427  accuracy: 62.50% -> 93.75%      
client [47] (testset)   loss: 0.9255 -> 0.1816  accuracy: 80.93% -> 96.95%      
---------------------------- TRAINING EPOCH: 140 ----------------------------   
client [16] (testset)   loss: 1.3277 -> 0.6647  accuracy: 82.72% -> 91.36%      
client [11] (testset)   loss: 0.6862 -> 0.2186  accuracy: 85.71% -> 93.51%      
client [37] (testset)   loss: 0.4358 -> 0.0496  accuracy: 92.05% -> 98.01%      
client [41] (testset)   loss: 0.6690 -> 0.3752  accuracy: 87.46% -> 93.14%      
client [95] (testset)   loss: 1.3203 -> 0.7381  accuracy: 81.91% -> 90.43%      
client [53] (testset)   loss: 0.1421 -> 0.1227  accuracy: 97.38% -> 98.25%      
client [22] (testset)   loss: 2.5371 -> 1.8641  accuracy: 81.25% -> 84.38%      
client [25] (testset)   loss: 0.9908 -> 0.2782  accuracy: 82.50% -> 95.00%      
client [69] (testset)   loss: 0.4080 -> 0.3490  accuracy: 92.05% -> 94.70%      
client [46] (testset)   loss: 0.8863 -> 0.6150  accuracy: 89.47% -> 92.11%      
---------------------------- TRAINING EPOCH: 150 ----------------------------   
client [47] (testset)   loss: 0.9091 -> 0.2176  accuracy: 83.44% -> 96.82%      
client [69] (testset)   loss: 0.9123 -> 0.4722  accuracy: 85.43% -> 92.05%      
client [82] (testset)   loss: 2.7082 -> 2.6806  accuracy: 84.21% -> 84.21%      
client [45] (testset)   loss: 0.9706 -> 0.3038  accuracy: 80.21% -> 91.67%      
client [7]  (testset)   loss: 1.2477 -> 0.3682  accuracy: 80.51% -> 94.22%      
client [50] (testset)   loss: 1.5728 -> 0.7431  accuracy: 83.33% -> 90.48%      
client [35] (testset)   loss: 0.3613 -> 0.1753  accuracy: 92.27% -> 97.12%      
client [24] (testset)   loss: 1.3701 -> 0.2234  accuracy: 78.26% -> 95.96%      
client [15] (testset)   loss: 0.7198 -> 0.2219  accuracy: 87.82% -> 95.24%      
client [58] (testset)   loss: 0.6143 -> 0.3278  accuracy: 90.80% -> 94.25%      
---------------------------- TRAINING EPOCH: 160 ----------------------------   
client [48] (testset)   loss: 0.6730 -> 0.6283  accuracy: 84.85% -> 87.88%      
client [76] (testset)   loss: 0.5443 -> 0.1494  accuracy: 91.67% -> 96.15%      
client [67] (testset)   loss: 0.4386 -> 0.2728  accuracy: 91.30% -> 95.65%      
client [37] (testset)   loss: 0.7871 -> 0.0564  accuracy: 86.65% -> 98.01%      
client [58] (testset)   loss: 1.0437 -> 0.3955  accuracy: 84.67% -> 91.95%      
client [64] (testset)   loss: 1.0734 -> 0.4208  accuracy: 82.22% -> 90.37%      
client [77] (testset)   loss: 0.7364 -> 0.4531  accuracy: 89.35% -> 92.98%      
client [55] (testset)   loss: 0.6253 -> 0.5651  accuracy: 91.58% -> 92.09%      
client [12] (testset)   loss: 0.6595 -> 0.6587  accuracy: 90.91% -> 90.91%      
client [89] (testset)   loss: 1.5560 -> 0.3779  accuracy: 81.37% -> 94.61%      
---------------------------- TRAINING EPOCH: 170 ----------------------------   
client [84] (testset)   loss: 0.4502 -> 0.3677  accuracy: 90.50% -> 91.86%      
client [51] (testset)   loss: 0.4629 -> 0.3224  accuracy: 93.16% -> 95.82%      
client [8]  (testset)   loss: 2.3846 -> 2.3236  accuracy: 75.00% -> 75.00%      
client [18] (testset)   loss: 0.8642 -> 0.2689  accuracy: 85.66% -> 94.19%      
client [94] (testset)   loss: 0.1688 -> 0.0889  accuracy: 96.93% -> 98.16%      
client [81] (testset)   loss: 3.2402 -> 1.8933  accuracy: 80.65% -> 80.65%      
client [3]  (testset)   loss: 0.5190 -> 0.1637  accuracy: 89.16% -> 96.79%      
client [11] (testset)   loss: 0.2164 -> 0.2034  accuracy: 97.40% -> 97.40%      
client [95] (testset)   loss: 0.3878 -> 0.3854  accuracy: 95.74% -> 95.74%      
client [67] (testset)   loss: 0.4228 -> 0.2685  accuracy: 94.07% -> 96.05%      
---------------------------- TRAINING EPOCH: 180 ----------------------------   
client [21] (testset)   loss: 1.3614 -> 1.0973  accuracy: 77.78% -> 80.56%      
client [79] (testset)   loss: 0.2992 -> 0.1226  accuracy: 93.54% -> 97.79%      
client [58] (testset)   loss: 1.5667 -> 0.4172  accuracy: 75.48% -> 92.34%      
client [88] (testset)   loss: 1.0606 -> 0.1751  accuracy: 82.30% -> 96.39%      
client [46] (testset)   loss: 1.4849 -> 1.1787  accuracy: 84.21% -> 89.47%      
client [11] (testset)   loss: 0.1727 -> 0.1694  accuracy: 96.10% -> 96.10%      
client [55] (testset)   loss: 1.4381 -> 0.5915  accuracy: 81.63% -> 91.58%      
client [13] (testset)   loss: 0.9451 -> 0.2879  accuracy: 81.50% -> 96.50%      
client [31] (testset)   loss: 0.7323 -> 0.6085  accuracy: 80.00% -> 82.86%      
client [75] (testset)   loss: 0.7096 -> 0.3566  accuracy: 84.72% -> 92.36%      
---------------------------- TRAINING EPOCH: 190 ----------------------------   
client [19] (testset)   loss: 0.7572 -> 0.3458  accuracy: 86.76% -> 93.15%      
client [7]  (testset)   loss: 0.7305 -> 0.4200  accuracy: 91.34% -> 94.95%      
client [57] (testset)   loss: 1.4766 -> 0.3012  accuracy: 77.25% -> 96.85%      
client [13] (testset)   loss: 1.0383 -> 0.3300  accuracy: 81.00% -> 95.50%      
client [43] (testset)   loss: 0.5140 -> 0.2871  accuracy: 91.04% -> 94.78%      
client [91] (testset)   loss: 0.6485 -> 0.5018  accuracy: 89.81% -> 91.08%      
client [10] (testset)   loss: 0.3218 -> 0.2508  accuracy: 93.72% -> 94.77%      
client [64] (testset)   loss: 1.0060 -> 0.6705  accuracy: 85.93% -> 91.11%      
client [82] (testset)   loss: 3.1326 -> 3.1111  accuracy: 84.21% -> 84.21%      
client [22] (testset)   loss: 1.6214 -> 1.6082  accuracy: 84.38% -> 84.38%      
---------------------------- TRAINING EPOCH: 200 ----------------------------   
client [20] (testset)   loss: 0.3952 -> 0.3453  accuracy: 92.71% -> 93.75%      
client [23] (testset)   loss: 0.4840 -> 0.3323  accuracy: 91.59% -> 97.20%      
client [88] (testset)   loss: 0.3143 -> 0.1588  accuracy: 94.43% -> 96.07%      
client [98] (testset)   loss: 0.5108 -> 0.2360  accuracy: 91.67% -> 96.03%      
client [79] (testset)   loss: 0.7714 -> 0.1386  accuracy: 86.56% -> 97.45%      
client [21] (testset)   loss: 0.5680 -> 0.4116  accuracy: 83.33% -> 88.89%      
client [92] (testset)   loss: 1.1910 -> 0.6248  accuracy: 83.98% -> 90.61%      
client [56] (testset)   loss: 0.5825 -> 0.2895  accuracy: 91.27% -> 95.58%      
client [5]  (testset)   loss: 1.3298 -> 0.8208  accuracy: 84.38% -> 92.19%      
client [52] (testset)   loss: 0.9550 -> 0.1823  accuracy: 86.10% -> 97.50%      
---------------------------- TRAINING EPOCH: 210 ----------------------------   
client [67] (testset)   loss: 0.6384 -> 0.3139  accuracy: 91.70% -> 95.65%      
client [54] (testset)   loss: 0.4196 -> 0.2843  accuracy: 89.69% -> 92.78%      
client [14] (testset)   loss: 0.6626 -> 0.2485  accuracy: 92.26% -> 96.43%      
client [99] (testset)   loss: 1.0510 -> 0.5143  accuracy: 88.33% -> 93.33%      
client [36] (testset)   loss: 5.7767 -> 5.7399  accuracy: 60.00% -> 60.00%      
client [30] (testset)   loss: 0.0684 -> 0.0102  accuracy: 96.83% -> 100.00%     
client [38] (testset)   loss: 0.7762 -> 0.4139  accuracy: 90.95% -> 96.98%      
client [15] (testset)   loss: 0.8274 -> 0.2637  accuracy: 87.82% -> 95.80%      
client [6]  (testset)   loss: 0.9183 -> 0.2352  accuracy: 86.45% -> 96.02%      
client [53] (testset)   loss: 0.7520 -> 0.1821  accuracy: 85.59% -> 97.38%      
---------------------------- TRAINING EPOCH: 220 ----------------------------   
client [99] (testset)   loss: 0.9339 -> 0.5635  accuracy: 89.29% -> 92.62%      
client [6]  (testset)   loss: 0.6879 -> 0.3081  accuracy: 89.24% -> 93.23%      
client [83] (testset)   loss: 0.3147 -> 0.2859  accuracy: 84.62% -> 84.62%      
client [42] (testset)   loss: 0.2913 -> 0.2750  accuracy: 95.59% -> 95.59%      
client [34] (testset)   loss: 0.1228 -> 0.1230  accuracy: 95.45% -> 95.45%      
client [15] (testset)   loss: 0.5233 -> 0.2729  accuracy: 93.14% -> 95.80%      
client [47] (testset)   loss: 0.7500 -> 0.2960  accuracy: 89.67% -> 96.95%      
client [55] (testset)   loss: 1.4116 -> 0.7128  accuracy: 83.93% -> 91.58%      
client [51] (testset)   loss: 1.1602 -> 0.3396  accuracy: 82.13% -> 96.58%      
client [95] (testset)   loss: 0.6837 -> 0.5613  accuracy: 90.43% -> 93.62%      
---------------------------- TRAINING EPOCH: 230 ----------------------------   
client [71] (testset)   loss: 0.5548 -> 0.4595  accuracy: 93.44% -> 94.54%      
client [15] (testset)   loss: 0.5135 -> 0.2441  accuracy: 93.14% -> 95.66%      
client [33] (testset)   loss: 0.5218 -> 0.1677  accuracy: 90.15% -> 96.92%      
client [99] (testset)   loss: 1.0963 -> 0.4472  accuracy: 87.38% -> 94.52%      
client [90] (testset)   loss: 0.4819 -> 0.2028  accuracy: 92.59% -> 95.06%      
client [57] (testset)   loss: 0.5931 -> 0.3595  accuracy: 92.79% -> 96.62%      
client [27] (testset)   loss: 0.5126 -> 0.4591  accuracy: 92.50% -> 93.50%      
client [78] (testset)   loss: 0.9570 -> 0.4850  accuracy: 82.05% -> 92.31%      
client [36] (testset)   loss: 5.1012 -> 5.0667  accuracy: 70.00% -> 70.00%      
client [88] (testset)   loss: 0.4317 -> 0.1594  accuracy: 91.48% -> 96.07%      
---------------------------- TRAINING EPOCH: 240 ----------------------------   
client [70] (testset)   loss: 0.7096 -> 0.4806  accuracy: 88.89% -> 93.06%      
client [35] (testset)   loss: 0.6510 -> 0.2312  accuracy: 88.31% -> 96.94%      
client [16] (testset)   loss: 1.5003 -> 1.0307  accuracy: 83.95% -> 91.36%      
client [80] (testset)   loss: 0.6906 -> 0.6246  accuracy: 89.86% -> 89.86%      
client [38] (testset)   loss: 0.8080 -> 0.4898  accuracy: 91.96% -> 96.48%      
client [78] (testset)   loss: 0.6919 -> 0.4433  accuracy: 90.60% -> 93.16%      
client [68] (testset)   loss: 0.3522 -> 0.2350  accuracy: 95.83% -> 95.83%      
client [11] (testset)   loss: 0.4521 -> 0.2956  accuracy: 94.81% -> 96.10%      
client [64] (testset)   loss: 0.8459 -> 0.7294  accuracy: 86.67% -> 88.15%      
client [82] (testset)   loss: 2.8576 -> 2.8575  accuracy: 94.74% -> 94.74%      
---------------------------- TRAINING EPOCH: 250 ----------------------------   
client [30] (testset)   loss: 0.0365 -> 0.0328  accuracy: 98.41% -> 98.41%      
client [27] (testset)   loss: 0.7527 -> 0.5065  accuracy: 89.00% -> 93.00%      
client [74] (testset)   loss: 1.5093 -> 1.0416  accuracy: 82.12% -> 87.42%      
client [45] (testset)   loss: 0.8379 -> 0.7154  accuracy: 85.42% -> 87.50%      
client [6]  (testset)   loss: 0.7786 -> 0.2809  accuracy: 87.65% -> 94.82%      
client [36] (testset)   loss: 6.4556 -> 6.4435  accuracy: 70.00% -> 70.00%      
client [63] (testset)   loss: 0.5696 -> 0.5697  accuracy: 95.45% -> 95.45%      
client [76] (testset)   loss: 0.7468 -> 0.2965  accuracy: 85.90% -> 96.15%      
client [83] (testset)   loss: 0.0014 -> 0.0013  accuracy: 100.00% -> 100.00%    
client [86] (testset)   loss: 0.8787 -> 0.6411  accuracy: 86.56% -> 91.40%      
---------------------------- TRAINING EPOCH: 260 ----------------------------   
client [83] (testset)   loss: 0.2678 -> 0.2330  accuracy: 92.31% -> 92.31%      
client [99] (testset)   loss: 1.1545 -> 0.6313  accuracy: 87.14% -> 92.62%      
client [74] (testset)   loss: 1.2428 -> 1.0526  accuracy: 84.11% -> 86.75%      
client [73] (testset)   loss: 1.3443 -> 0.3943  accuracy: 82.17% -> 95.22%      
client [29] (testset)   loss: 0.9257 -> 0.6270  accuracy: 87.17% -> 91.21%      
client [92] (testset)   loss: 1.0944 -> 0.6515  accuracy: 87.85% -> 90.61%      
client [6]  (testset)   loss: 0.3558 -> 0.2387  accuracy: 93.63% -> 96.02%      
client [61] (testset)   loss: 0.8170 -> 0.5469  accuracy: 86.35% -> 91.57%      
client [21] (testset)   loss: 1.2277 -> 1.1152  accuracy: 77.78% -> 77.78%      
client [67] (testset)   loss: 0.5793 -> 0.4445  accuracy: 92.89% -> 94.47%      
---------------------------- TRAINING EPOCH: 270 ----------------------------   
client [83] (testset)   loss: 0.0262 -> 0.0237  accuracy: 100.00% -> 100.00%    
client [32] (testset)   loss: 0.9903 -> 0.5225  accuracy: 89.93% -> 93.53%      
client [95] (testset)   loss: 0.8312 -> 0.7110  accuracy: 89.36% -> 93.62%      
client [61] (testset)   loss: 0.6487 -> 0.5922  accuracy: 91.16% -> 91.97%      
client [27] (testset)   loss: 0.5931 -> 0.5373  accuracy: 89.00% -> 91.00%      
client [25] (testset)   loss: 1.1248 -> 0.8933  accuracy: 85.00% -> 90.00%      
client [68] (testset)   loss: 0.1396 -> 0.1265  accuracy: 97.92% -> 97.92%      
client [34] (testset)   loss: 0.3731 -> 0.3672  accuracy: 90.91% -> 90.91%      
client [71] (testset)   loss: 0.6155 -> 0.5715  accuracy: 93.44% -> 93.99%      
client [89] (testset)   loss: 1.3466 -> 0.6796  accuracy: 85.29% -> 93.14%      
---------------------------- TRAINING EPOCH: 280 ----------------------------   
client [78] (testset)   loss: 0.9950 -> 0.6000  accuracy: 82.05% -> 88.89%      
client [81] (testset)   loss: 3.1314 -> 2.8919  accuracy: 77.42% -> 83.87%      
client [51] (testset)   loss: 0.6889 -> 0.4555  accuracy: 92.78% -> 95.44%      
client [54] (testset)   loss: 0.9902 -> 0.4379  accuracy: 84.54% -> 92.78%      
client [65] (testset)   loss: 0.5368 -> 0.1680  accuracy: 92.52% -> 97.86%      
client [41] (testset)   loss: 0.8034 -> 0.4514  accuracy: 88.88% -> 93.73%      
client [11] (testset)   loss: 0.5672 -> 0.4768  accuracy: 92.21% -> 94.81%      
client [85] (testset)   loss: 0.0041 -> 0.0042  accuracy: 100.00% -> 100.00%    
client [12] (testset)   loss: 2.5079 -> 2.3953  accuracy: 81.82% -> 81.82%      
client [23] (testset)   loss: 0.2393 -> 0.2365  accuracy: 95.33% -> 97.20%      
---------------------------- TRAINING EPOCH: 290 ----------------------------   
client [16] (testset)   loss: 1.4014 -> 1.2603  accuracy: 90.12% -> 92.59%      
client [65] (testset)   loss: 0.4111 -> 0.2084  accuracy: 94.79% -> 97.60%      
client [53] (testset)   loss: 0.5928 -> 0.3204  accuracy: 90.39% -> 95.20%      
client [58] (testset)   loss: 1.0220 -> 0.4881  accuracy: 86.97% -> 92.34%      
client [72] (testset)   loss: 0.5393 -> 0.4909  accuracy: 93.57% -> 93.74%      
client [7]  (testset)   loss: 0.7564 -> 0.6378  accuracy: 92.78% -> 93.14%      
client [71] (testset)   loss: 0.7990 -> 0.4544  accuracy: 87.43% -> 93.44%      
client [59] (testset)   loss: 1.0523 -> 0.5730  accuracy: 83.16% -> 89.64%      
client [86] (testset)   loss: 0.9375 -> 0.7776  accuracy: 89.25% -> 91.40%      
client [39] (testset)   loss: 0.4205 -> 0.4147  accuracy: 90.24% -> 90.24%      
---------------------------- TRAINING EPOCH: 300 ----------------------------   
client [99] (testset)   loss: 1.2544 -> 0.5478  accuracy: 85.24% -> 92.38%      
client [7]  (testset)   loss: 1.1445 -> 0.6026  accuracy: 87.73% -> 92.78%      
client [17] (testset)   loss: 0.7027 -> 0.4994  accuracy: 90.55% -> 95.28%      
client [64] (testset)   loss: 0.8016 -> 0.5022  accuracy: 85.93% -> 91.85%      
client [37] (testset)   loss: 0.3677 -> 0.1647  accuracy: 94.60% -> 97.44%      
client [29] (testset)   loss: 1.0791 -> 0.7038  accuracy: 87.41% -> 92.40%      
client [93] (testset)   loss: 1.0490 -> 0.6419  accuracy: 83.23% -> 85.16%      
client [73] (testset)   loss: 0.8777 -> 0.3854  accuracy: 88.26% -> 96.09%      
client [40] (testset)   loss: 1.4564 -> 1.3105  accuracy: 79.66% -> 81.36%      
client [76] (testset)   loss: 0.6470 -> 0.3748  accuracy: 89.74% -> 94.87%      
---------------------------- TRAINING EPOCH: 310 ----------------------------   
client [31] (testset)   loss: 0.6297 -> 0.6279  accuracy: 88.57% -> 88.57%      
client [89] (testset)   loss: 1.5166 -> 0.7957  accuracy: 83.82% -> 91.18%      
client [77] (testset)   loss: 0.8859 -> 0.7233  accuracy: 90.56% -> 92.49%      
client [90] (testset)   loss: 0.3526 -> 0.3272  accuracy: 95.06% -> 95.06%      
client [26] (testset)   loss: 0.1865 -> 0.1310  accuracy: 98.09% -> 98.73%      
client [50] (testset)   loss: 1.4071 -> 1.3879  accuracy: 90.48% -> 90.48%      
client [30] (testset)   loss: 0.0323 -> 0.0270  accuracy: 98.41% -> 98.41%      
client [70] (testset)   loss: 0.8363 -> 0.5335  accuracy: 88.19% -> 93.58%      
client [41] (testset)   loss: 0.5672 -> 0.4423  accuracy: 91.72% -> 93.61%      
client [99] (testset)   loss: 1.2276 -> 0.7257  accuracy: 87.86% -> 92.62%      
---------------------------- TRAINING EPOCH: 320 ----------------------------   
client [68] (testset)   loss: 0.1466 -> 0.1395  accuracy: 97.92% -> 97.92%      
client [70] (testset)   loss: 0.7530 -> 0.5429  accuracy: 89.24% -> 92.36%      
client [52] (testset)   loss: 0.8568 -> 0.3829  accuracy: 90.02% -> 95.01%      
client [1]  (testset)   loss: 0.7974 -> 0.3430  accuracy: 90.25% -> 95.82%      
client [2]  (testset)   loss: 0.9142 -> 0.1876  accuracy: 87.76% -> 97.93%      
client [67] (testset)   loss: 0.5527 -> 0.4325  accuracy: 94.07% -> 95.26%      
client [92] (testset)   loss: 1.0998 -> 0.7755  accuracy: 85.64% -> 89.50%      
client [35] (testset)   loss: 1.0130 -> 0.2655  accuracy: 85.61% -> 96.58%      
client [36] (testset)   loss: 6.5971 -> 6.5836  accuracy: 60.00% -> 60.00%      
client [64] (testset)   loss: 1.5594 -> 0.6096  accuracy: 82.22% -> 90.37%      
---------------------------- TRAINING EPOCH: 330 ----------------------------   
client [44] (testset)   loss: 0.7917 -> 0.5762  accuracy: 91.75% -> 91.75%      
client [6]  (testset)   loss: 0.5706 -> 0.3967  accuracy: 92.43% -> 95.62%      
client [12] (testset)   loss: 2.0470 -> 2.0454  accuracy: 90.91% -> 90.91%      
client [55] (testset)   loss: 1.1215 -> 0.8205  accuracy: 89.80% -> 92.60%      
client [29] (testset)   loss: 1.3643 -> 0.7697  accuracy: 83.85% -> 91.21%      
client [9]  (testset)   loss: 1.0523 -> 0.9559  accuracy: 92.91% -> 93.62%      
client [43] (testset)   loss: 0.4185 -> 0.3112  accuracy: 92.54% -> 94.40%      
client [77] (testset)   loss: 0.8121 -> 0.6574  accuracy: 91.04% -> 92.49%      
client [98] (testset)   loss: 0.4947 -> 0.4352  accuracy: 94.84% -> 95.24%      
client [78] (testset)   loss: 0.8424 -> 0.5220  accuracy: 84.62% -> 94.02%      
---------------------------- TRAINING EPOCH: 340 ----------------------------   
client [92] (testset)   loss: 0.6950 -> 0.6694  accuracy: 90.06% -> 90.06%      
client [80] (testset)   loss: 0.9106 -> 0.8842  accuracy: 88.41% -> 88.41%      
client [63] (testset)   loss: 0.6476 -> 0.6441  accuracy: 90.91% -> 90.91%      
client [76] (testset)   loss: 0.6849 -> 0.4082  accuracy: 87.82% -> 94.23%      
client [78] (testset)   loss: 0.7440 -> 0.6167  accuracy: 88.03% -> 89.74%      
client [25] (testset)   loss: 1.1576 -> 0.9673  accuracy: 87.50% -> 87.50%      
client [58] (testset)   loss: 0.9238 -> 0.6358  accuracy: 87.36% -> 90.80%      
client [13] (testset)   loss: 0.4340 -> 0.3574  accuracy: 92.50% -> 94.50%      
client [17] (testset)   loss: 0.7491 -> 0.5153  accuracy: 89.76% -> 92.91%      
client [38] (testset)   loss: 0.9202 -> 0.6911  accuracy: 91.21% -> 95.48%      
---------------------------- TRAINING EPOCH: 350 ----------------------------   
client [72] (testset)   loss: 0.6781 -> 0.6028  accuracy: 92.39% -> 93.23%      
client [82] (testset)   loss: 3.7219 -> 3.7207  accuracy: 84.21% -> 84.21%      
client [86] (testset)   loss: 0.9722 -> 0.9571  accuracy: 90.32% -> 90.32%      
client [51] (testset)   loss: 0.5255 -> 0.5036  accuracy: 95.06% -> 95.44%      
client [96] (testset)   loss: 1.1774 -> 0.9966  accuracy: 85.71% -> 85.71%      
client [42] (testset)   loss: 0.2437 -> 0.2233  accuracy: 95.59% -> 95.59%      
client [55] (testset)   loss: 1.2479 -> 0.9393  accuracy: 88.52% -> 90.82%      
client [13] (testset)   loss: 0.6068 -> 0.4882  accuracy: 91.50% -> 93.00%      
client [1]  (testset)   loss: 0.8632 -> 0.3985  accuracy: 89.14% -> 95.54%      
client [12] (testset)   loss: 2.0552 -> 2.0071  accuracy: 90.91% -> 90.91%      
---------------------------- TRAINING EPOCH: 360 ----------------------------   
client [68] (testset)   loss: 0.3218 -> 0.2854  accuracy: 95.83% -> 95.83%      
client [23] (testset)   loss: 0.3112 -> 0.2664  accuracy: 95.33% -> 97.20%      
client [46] (testset)   loss: 1.3341 -> 1.3331  accuracy: 92.11% -> 92.11%      
client [41] (testset)   loss: 0.6992 -> 0.5361  accuracy: 91.12% -> 93.73%      
client [25] (testset)   loss: 0.6946 -> 0.6790  accuracy: 87.50% -> 87.50%      
client [58] (testset)   loss: 1.3150 -> 0.7092  accuracy: 83.52% -> 90.42%      
client [14] (testset)   loss: 0.7730 -> 0.6216  accuracy: 93.45% -> 94.64%      
client [33] (testset)   loss: 0.5891 -> 0.3561  accuracy: 92.00% -> 94.77%      
client [85] (testset)   loss: 0.4614 -> 0.4614  accuracy: 93.75% -> 93.75%      
client [62] (testset)   loss: 1.0023 -> 0.5876  accuracy: 89.08% -> 94.10%      
---------------------------- TRAINING EPOCH: 370 ----------------------------   
client [98] (testset)   loss: 0.3825 -> 0.3741  accuracy: 95.24% -> 95.24%      
client [63] (testset)   loss: 0.8086 -> 0.8087  accuracy: 90.91% -> 90.91%      
client [70] (testset)   loss: 0.9506 -> 0.6448  accuracy: 87.85% -> 91.15%      
client [65] (testset)   loss: 0.6047 -> 0.2024  accuracy: 92.66% -> 97.46%      
client [14] (testset)   loss: 0.9707 -> 0.5639  accuracy: 89.29% -> 94.05%      
client [73] (testset)   loss: 1.2066 -> 0.6440  accuracy: 87.39% -> 94.78%      
client [34] (testset)   loss: 0.4144 -> 0.4083  accuracy: 95.45% -> 95.45%      
client [99] (testset)   loss: 1.1109 -> 0.6996  accuracy: 89.29% -> 92.86%      
client [69] (testset)   loss: 0.8580 -> 0.3636  accuracy: 88.74% -> 94.04%      
client [46] (testset)   loss: 1.4307 -> 1.4285  accuracy: 92.11% -> 92.11%      
---------------------------- TRAINING EPOCH: 380 ----------------------------   
client [99] (testset)   loss: 1.2422 -> 0.8200  accuracy: 88.10% -> 92.14%      
client [93] (testset)   loss: 0.9606 -> 0.6828  accuracy: 83.87% -> 87.74%      
client [11] (testset)   loss: 0.7132 -> 0.5884  accuracy: 89.61% -> 90.91%      
client [58] (testset)   loss: 0.9065 -> 0.7231  accuracy: 88.51% -> 90.42%      
client [81] (testset)   loss: 3.5385 -> 3.4830  accuracy: 83.87% -> 83.87%      
client [85] (testset)   loss: 0.6088 -> 0.6090  accuracy: 93.75% -> 93.75%      
client [89] (testset)   loss: 1.2209 -> 0.8953  accuracy: 86.76% -> 92.16%      
client [45] (testset)   loss: 1.1246 -> 0.7392  accuracy: 85.42% -> 88.54%      
client [8]  (testset)   loss: 2.5274 -> 2.5251  accuracy: 75.00% -> 75.00%      
client [68] (testset)   loss: 0.1443 -> 0.1349  accuracy: 97.92% -> 97.92%      
---------------------------- TRAINING EPOCH: 390 ----------------------------   
client [67] (testset)   loss: 0.6014 -> 0.5392  accuracy: 93.28% -> 94.47%      
client [72] (testset)   loss: 0.7045 -> 0.5360  accuracy: 91.88% -> 93.40%      
client [1]  (testset)   loss: 0.9737 -> 0.3627  accuracy: 88.02% -> 95.82%      
client [78] (testset)   loss: 0.9330 -> 0.4865  accuracy: 86.32% -> 94.02%      
client [83] (testset)   loss: 0.0022 -> 0.0033  accuracy: 100.00% -> 100.00%    
client [21] (testset)   loss: 2.2637 -> 2.0250  accuracy: 66.67% -> 69.44%      
client [56] (testset)   loss: 0.5349 -> 0.4092  accuracy: 93.31% -> 95.24%      
client [44] (testset)   loss: 0.6880 -> 0.6002  accuracy: 92.78% -> 92.78%      
client [92] (testset)   loss: 0.9739 -> 0.8065  accuracy: 86.74% -> 89.50%      
client [27] (testset)   loss: 0.8171 -> 0.7202  accuracy: 90.00% -> 91.00%      
---------------------------- TRAINING EPOCH: 400 ----------------------------   
client [10] (testset)   loss: 0.5252 -> 0.3887  accuracy: 93.10% -> 94.98%      
client [39] (testset)   loss: 0.6866 -> 0.6721  accuracy: 90.24% -> 90.24%      
client [65] (testset)   loss: 0.3590 -> 0.2343  accuracy: 95.46% -> 97.06%      
client [26] (testset)   loss: 0.3724 -> 0.1510  accuracy: 92.99% -> 97.45%      
client [19] (testset)   loss: 0.8908 -> 0.7007  accuracy: 86.76% -> 88.13%      
client [68] (testset)   loss: 0.1419 -> 0.1418  accuracy: 97.92% -> 97.92%      
client [41] (testset)   loss: 0.7796 -> 0.6071  accuracy: 89.82% -> 92.78%      
client [50] (testset)   loss: 1.7400 -> 1.6932  accuracy: 90.48% -> 90.48%      
client [75] (testset)   loss: 0.5385 -> 0.5185  accuracy: 90.97% -> 91.67%      
client [81] (testset)   loss: 2.3269 -> 2.3129  accuracy: 87.10% -> 87.10%      
Training... ━━━━━━━━━━━━━━━━━━━━━━━━━━━━━━━━━━━━━━━━ 100% 0:35:32
FedDpa's average time taken by each global epoch: 0 min 4.98 sec.               
FedDpa's total running time: 0 h 35 m 32 s.                                     
==================== FedDpa Experiment Results: ====================            
Display format: (before local fine-tuning) -> (after local fine-tuning)         
 So if finetune_epoch = 0, x.xx% -> 0.00% is normal.                            
 Centralized testing ONLY happens after model aggregation, so the stats between 
'->' are the same.                                                              
{                                                                               
    "100": {                                                                    
        "all_clients": {                                                        
            "test": {                                                           
                "loss": "0.7230 -> 0.0000",                                     
                "accuracy": "85.72% -> 0.00%"                                   
            }                                                                   
        }                                                                       
    },                                                                          
    "200": {                                                                    
        "all_clients": {                                                        
            "test": {                                                           
                "loss": "0.8338 -> 0.0000",                                     
                "accuracy": "87.55% -> 0.00%"                                   
            }                                                                   
        }                                                                       
    },                                                                          
    "300": {                                                                    
        "all_clients": {                                                        
            "test": {                                                           
                "loss": "0.8327 -> 0.0000",                                     
                "accuracy": "89.11% -> 0.00%"                                   
            }                                                                   
        }                                                                       
    },                                                                          
    "400": {                                                                    
        "all_clients": {                                                        
            "test": {                                                           
                "loss": "0.7809 -> 0.0000",                                     
                "accuracy": "91.02% -> 0.00%"                                   
            }                                                                   
        }                                                                       
    }                                                                           
}                                                                               
==================== FedDpa Max Accuracy ====================                   
all_clients:                                                                    
(test) before fine-tuning: 91.02% at epoch 400                                  
(test) after fine-tuning: 0.00% at epoch 100                                    
