Files already downloaded and verified
Files already downloaded and verified
==================== PSFL ====================                                  
Experiment Arguments:                                                           
{
│   'method': 'psfl',
│   'dataset': {
│   │   'name': 'cifar10',
│   │   'client_num': 100,
│   │   'test_ratio': 0.25,
│   │   'val_ratio': 0.0,
│   │   'seed': 42,
│   │   'split': 'sample',
│   │   'IID_ratio': 0.0,
│   │   'monitor_window_name_suffix': 'cifar10-100clients-0%IID-Dir(0.1)-seed42',
│   │   'alpha': 0.1,
│   │   'min_samples_per_client': 10
│   },
│   'model': {
│   │   'name': 'avgcnn',
│   │   'use_torchvision_pretrained_weights': True,
│   │   'external_model_weights_path': None
│   },
│   'optimizer': {
│   │   'lr': 0.01,
│   │   'dampening': 0,
│   │   'weight_decay': 0,
│   │   'momentum': 0,
│   │   'nesterov': False,
│   │   'name': 'sgd'
│   },
│   'mode': 'sequential',
│   'parallel': {
│   │   'ray_cluster_addr': None,
│   │   'num_cpus': None,
│   │   'num_gpus': None,
│   │   'num_workers': 2
│   },
│   'common': {
│   │   'seed': 42,
│   │   'join_ratio': 0.1,
│   │   'global_epoch': 400,
│   │   'local_epoch': 5,
│   │   'batch_size': 32,
│   │   'reset_optimizer_on_global_epoch': True,
│   │   'straggler_ratio': 0,
│   │   'straggler_min_local_epoch': 0,
│   │   'buffers': 'global',
│   │   'client_side_evaluation': True,
│   │   'test': {
│   │   │   'client': {
│   │   │   │   'interval': 100,
│   │   │   │   'finetune_epoch': 0,
│   │   │   │   'train': False,
│   │   │   │   'val': False,
│   │   │   │   'test': True
│   │   │   },
│   │   │   'server': {
│   │   │   │   'interval': -1,
│   │   │   │   'train': False,
│   │   │   │   'val': False,
│   │   │   │   'test': False,
│   │   │   │   'model_in_train_mode': False
│   │   │   }
│   │   },
│   │   'verbose_gap': 10,
│   │   'monitor': None,
│   │   'use_cuda': True,
│   │   'save_log': True,
│   │   'save_model': False,
│   │   'save_learning_curve_plot': False,
│   │   'save_metrics': True,
│   │   'delete_useless_run': True
│   },
│   'psfl': {
│   │   'alpha': 0.0,
│   │   'CLS': False,
│   │   'ig_ratio': 0.6,
│   │   'track': False,
│   │   'score': 'diff'
│   }
}
---------------------------- TRAINING EPOCH: 10 ----------------------------    
client [77] (testset)   loss: 0.5798 -> 0.5045  accuracy: 81.98% -> 83.39%      
client [81] (testset)   loss: 0.0814 -> 0.0840  accuracy: 97.32% -> 97.32%      
client [21] (testset)   loss: 2.3993 -> 0.9551  accuracy: 0.00% -> 60.87%       
client [68] (testset)   loss: 0.3589 -> 0.3810  accuracy: 93.79% -> 93.79%      
client [93] (testset)   loss: 1.1685 -> 1.0431  accuracy: 73.68% -> 73.68%      
client [31] (testset)   loss: 0.3486 -> 0.3148  accuracy: 89.40% -> 89.86%      
client [20] (testset)   loss: 0.5707 -> 0.6556  accuracy: 80.31% -> 77.46%      
client [59] (testset)   loss: 2.2705 -> 0.8115  accuracy: 0.00% -> 100.00%      
client [48] (testset)   loss: 0.4680 -> 0.4623  accuracy: 84.62% -> 84.62%      
client [34] (testset)   loss: 0.9397 -> 0.8412  accuracy: 68.39% -> 70.32%      
---------------------------- TRAINING EPOCH: 20 ----------------------------    
client [69] (testset)   loss: 1.0897 -> 1.0669  accuracy: 54.24% -> 54.85%      
client [99] (testset)   loss: 0.0811 -> 0.0929  accuracy: 100.00% -> 100.00%    
client [67] (testset)   loss: 0.6976 -> 0.6226  accuracy: 72.90% -> 74.19%      
client [0]  (testset)   loss: 0.4508 -> 0.3226  accuracy: 82.04% -> 89.82%      
client [76] (testset)   loss: 0.8370 -> 0.5818  accuracy: 65.56% -> 78.81%      
client [41] (testset)   loss: 1.4659 -> 1.4109  accuracy: 57.14% -> 58.73%      
client [62] (testset)   loss: 2.3793 -> 0.5386  accuracy: 0.00% -> 94.12%       
client [2]  (testset)   loss: 2.3189 -> 0.8556  accuracy: 0.73% -> 60.58%       
client [14] (testset)   loss: 1.2676 -> 0.7906  accuracy: 36.45% -> 69.95%      
client [46] (testset)   loss: 0.6830 -> 0.8624  accuracy: 72.87% -> 61.24%      
---------------------------- TRAINING EPOCH: 30 ----------------------------    
client [24] (testset)   loss: 0.7510 -> 0.7320  accuracy: 72.22% -> 72.22%      
client [68] (testset)   loss: 0.3531 -> 0.3645  accuracy: 93.79% -> 93.79%      
client [57] (testset)   loss: 0.6601 -> 0.3749  accuracy: 73.84% -> 87.34%      
client [17] (testset)   loss: 1.2152 -> 1.2403  accuracy: 72.62% -> 72.62%      
client [54] (testset)   loss: 0.6276 -> 0.6353  accuracy: 85.00% -> 85.00%      
client [23] (testset)   loss: 2.2819 -> 0.0521  accuracy: 0.00% -> 100.00%      
client [35] (testset)   loss: 1.0330 -> 0.9792  accuracy: 83.33% -> 66.67%      
client [59] (testset)   loss: 0.2594 -> 0.2433  accuracy: 100.00% -> 100.00%    
client [31] (testset)   loss: 0.2452 -> 0.2639  accuracy: 92.17% -> 91.24%      
client [9]  (testset)   loss: 0.7332 -> 0.6888  accuracy: 76.92% -> 76.07%      
---------------------------- TRAINING EPOCH: 40 ----------------------------    
client [64] (testset)   loss: 0.3520 -> 0.3641  accuracy: 89.91% -> 90.83%      
client [33] (testset)   loss: 1.1469 -> 0.4677  accuracy: 65.62% -> 86.46%      
client [16] (testset)   loss: 1.0810 -> 1.2093  accuracy: 61.45% -> 52.41%      
client [44] (testset)   loss: 0.6480 -> 0.6066  accuracy: 82.65% -> 83.67%      
client [8]  (testset)   loss: 0.9987 -> 0.9487  accuracy: 54.84% -> 51.61%      
client [31] (testset)   loss: 0.2172 -> 0.2117  accuracy: 93.09% -> 93.55%      
client [47] (testset)   loss: 1.1985 -> 1.6367  accuracy: 56.25% -> 37.50%      
client [36] (testset)   loss: 0.6774 -> 0.6582  accuracy: 82.98% -> 82.98%      
client [20] (testset)   loss: 0.6271 -> 0.6374  accuracy: 81.74% -> 82.12%      
client [56] (testset)   loss: 1.2411 -> 1.1664  accuracy: 23.08% -> 41.54%      
---------------------------- TRAINING EPOCH: 50 ----------------------------    
client [4]  (testset)   loss: 0.3237 -> 0.2832  accuracy: 91.55% -> 91.55%      
client [60] (testset)   loss: 0.4600 -> 0.4231  accuracy: 91.01% -> 91.39%      
client [28] (testset)   loss: 1.3771 -> 1.0830  accuracy: 56.00% -> 56.00%      
client [25] (testset)   loss: 0.5933 -> 0.5741  accuracy: 79.51% -> 79.86%      
client [58] (testset)   loss: 0.5688 -> 0.2778  accuracy: 82.94% -> 94.05%      
client [44] (testset)   loss: 0.6086 -> 0.5927  accuracy: 83.67% -> 83.67%      
client [39] (testset)   loss: 0.7700 -> 0.7800  accuracy: 66.44% -> 67.12%      
client [29] (testset)   loss: 0.4046 -> 0.7761  accuracy: 85.96% -> 76.61%      
client [3]  (testset)   loss: 0.8792 -> 0.8218  accuracy: 66.84% -> 69.52%      
client [84] (testset)   loss: 0.7641 -> 0.7611  accuracy: 70.31% -> 70.31%      
---------------------------- TRAINING EPOCH: 60 ----------------------------    
client [21] (testset)   loss: 0.9343 -> 0.8561  accuracy: 43.48% -> 56.52%      
client [84] (testset)   loss: 0.7941 -> 0.7161  accuracy: 70.31% -> 75.00%      
client [10] (testset)   loss: 0.1798 -> 0.1499  accuracy: 95.66% -> 96.53%      
client [36] (testset)   loss: 0.6936 -> 0.8036  accuracy: 82.98% -> 65.96%      
client [65] (testset)   loss: 0.8652 -> 0.8378  accuracy: 67.86% -> 64.29%      
client [81] (testset)   loss: 0.0721 -> 0.0728  accuracy: 97.32% -> 97.32%      
client [79] (testset)   loss: 0.2346 -> 0.2323  accuracy: 91.06% -> 92.46%      
client [42] (testset)   loss: 0.6168 -> 0.4430  accuracy: 76.95% -> 87.24%      
client [11] (testset)   loss: 0.4329 -> 0.7103  accuracy: 81.82% -> 68.18%      
client [96] (testset)   loss: 1.4747 -> 2.2833  accuracy: 34.09% -> 18.18%      
---------------------------- TRAINING EPOCH: 70 ----------------------------    
client [8]  (testset)   loss: 1.1060 -> 0.9820  accuracy: 51.61% -> 48.39%      
client [53] (testset)   loss: 0.8007 -> 0.8176  accuracy: 70.41% -> 62.76%      
client [52] (testset)   loss: 0.3718 -> 0.3752  accuracy: 94.12% -> 94.12%      
client [42] (testset)   loss: 0.4600 -> 0.4431  accuracy: 89.30% -> 89.30%      
client [69] (testset)   loss: 1.0380 -> 1.1352  accuracy: 60.91% -> 60.91%      
client [59] (testset)   loss: 0.2109 -> 0.1849  accuracy: 100.00% -> 100.00%    
client [7]  (testset)   loss: 0.5774 -> 0.5038  accuracy: 81.16% -> 79.71%      
client [26] (testset)   loss: 0.5663 -> 0.5915  accuracy: 92.31% -> 92.31%      
client [49] (testset)   loss: 0.9253 -> 0.8213  accuracy: 65.40% -> 68.25%      
client [98] (testset)   loss: 0.7879 -> 1.4664  accuracy: 79.15% -> 48.34%      
---------------------------- TRAINING EPOCH: 80 ----------------------------    
client [98] (testset)   loss: 1.4212 -> 0.8733  accuracy: 49.29% -> 79.15%      
client [47] (testset)   loss: 1.2922 -> 1.4597  accuracy: 56.25% -> 56.25%      
client [21] (testset)   loss: 0.7972 -> 0.7018  accuracy: 47.83% -> 73.91%      
client [77] (testset)   loss: 0.4670 -> 0.4911  accuracy: 83.75% -> 83.75%      
client [95] (testset)   loss: 1.3353 -> 2.2529  accuracy: 54.02% -> 24.14%      
client [91] (testset)   loss: 0.6242 -> 0.5499  accuracy: 85.29% -> 86.76%      
client [14] (testset)   loss: 0.7983 -> 0.6975  accuracy: 72.91% -> 74.38%      
client [99] (testset)   loss: 0.0694 -> 0.0581  accuracy: 100.00% -> 100.00%    
client [20] (testset)   loss: 0.9051 -> 0.9203  accuracy: 83.55% -> 83.03%      
client [39] (testset)   loss: 0.8968 -> 0.6473  accuracy: 68.49% -> 76.03%      
---------------------------- TRAINING EPOCH: 90 ----------------------------    
client [52] (testset)   loss: 0.3725 -> 0.4039  accuracy: 94.12% -> 94.12%      
client [62] (testset)   loss: 0.5993 -> 0.5986  accuracy: 94.12% -> 94.12%      
client [71] (testset)   loss: 0.6390 -> 0.8771  accuracy: 79.57% -> 78.49%      
client [97] (testset)   loss: 1.0376 -> 1.0535  accuracy: 71.95% -> 64.63%      
client [30] (testset)   loss: 1.4915 -> 1.3512  accuracy: 45.16% -> 54.84%      
client [88] (testset)   loss: 0.4251 -> 0.4322  accuracy: 85.53% -> 85.79%      
client [60] (testset)   loss: 0.3580 -> 0.3737  accuracy: 89.89% -> 89.51%      
client [82] (testset)   loss: 0.3177 -> 0.3164  accuracy: 96.59% -> 96.59%      
client [91] (testset)   loss: 0.9380 -> 0.5143  accuracy: 64.71% -> 88.24%      
client [57] (testset)   loss: 0.5927 -> 0.3420  accuracy: 80.59% -> 88.61%      
---------------------------- TRAINING EPOCH: 100 ----------------------------   
client [31] (testset)   loss: 0.2525 -> 0.2522  accuracy: 93.55% -> 94.01%      
client [15] (testset)   loss: 0.5566 -> 1.3339  accuracy: 84.38% -> 42.58%      
client [71] (testset)   loss: 0.8774 -> 0.6176  accuracy: 78.49% -> 82.26%      
client [97] (testset)   loss: 0.8348 -> 0.8828  accuracy: 70.73% -> 69.51%      
client [53] (testset)   loss: 0.7860 -> 0.9532  accuracy: 66.84% -> 60.71%      
client [77] (testset)   loss: 0.4909 -> 0.5909  accuracy: 83.04% -> 85.87%      
client [76] (testset)   loss: 0.5271 -> 0.4841  accuracy: 80.13% -> 82.12%      
client [79] (testset)   loss: 0.4049 -> 0.2420  accuracy: 86.59% -> 92.18%      
client [28] (testset)   loss: 1.3428 -> 1.3324  accuracy: 56.00% -> 60.00%      
client [99] (testset)   loss: 0.0875 -> 0.0822  accuracy: 100.00% -> 100.00%    
---------------------------- TRAINING EPOCH: 110 ----------------------------   
client [97] (testset)   loss: 0.9345 -> 0.8831  accuracy: 74.39% -> 70.73%      
client [86] (testset)   loss: 0.7041 -> 0.8817  accuracy: 75.00% -> 73.68%      
client [34] (testset)   loss: 1.2342 -> 0.9309  accuracy: 57.42% -> 66.45%      
client [73] (testset)   loss: 1.4798 -> 1.5160  accuracy: 39.39% -> 48.48%      
client [5]  (testset)   loss: 0.7048 -> 0.7205  accuracy: 77.32% -> 77.84%      
client [96] (testset)   loss: 1.1722 -> 1.2015  accuracy: 56.82% -> 56.82%      
client [22] (testset)   loss: 0.6292 -> 0.7113  accuracy: 80.45% -> 78.95%      
client [60] (testset)   loss: 0.3923 -> 0.4176  accuracy: 90.26% -> 88.39%      
client [66] (testset)   loss: 0.6609 -> 0.6898  accuracy: 77.94% -> 77.94%      
client [83] (testset)   loss: 0.8251 -> 0.8942  accuracy: 76.47% -> 77.59%      
---------------------------- TRAINING EPOCH: 120 ----------------------------   
client [76] (testset)   loss: 0.6227 -> 0.4540  accuracy: 82.12% -> 84.11%      
client [65] (testset)   loss: 0.9030 -> 1.0724  accuracy: 64.29% -> 53.57%      
client [95] (testset)   loss: 1.7940 -> 1.9232  accuracy: 48.28% -> 48.28%      
client [17] (testset)   loss: 1.0155 -> 1.1354  accuracy: 67.86% -> 69.64%      
client [8]  (testset)   loss: 1.1286 -> 1.1269  accuracy: 51.61% -> 41.94%      
client [35] (testset)   loss: 1.2641 -> 1.2992  accuracy: 33.33% -> 33.33%      
client [98] (testset)   loss: 0.9211 -> 0.9333  accuracy: 81.52% -> 79.15%      
client [53] (testset)   loss: 0.7413 -> 0.8238  accuracy: 72.45% -> 71.43%      
client [43] (testset)   loss: 0.9681 -> 0.9882  accuracy: 81.82% -> 81.82%      
client [64] (testset)   loss: 0.3739 -> 0.3559  accuracy: 91.28% -> 92.20%      
---------------------------- TRAINING EPOCH: 130 ----------------------------   
client [21] (testset)   loss: 0.7173 -> 0.6720  accuracy: 73.91% -> 73.91%      
client [88] (testset)   loss: 0.4924 -> 0.4703  accuracy: 86.58% -> 87.89%      
client [38] (testset)   loss: 0.2580 -> 0.2486  accuracy: 91.35% -> 92.31%      
client [3]  (testset)   loss: 1.2283 -> 1.2759  accuracy: 67.38% -> 65.78%      
client [5]  (testset)   loss: 0.7720 -> 0.8216  accuracy: 78.35% -> 76.03%      
client [41] (testset)   loss: 1.1607 -> 1.1861  accuracy: 57.14% -> 60.32%      
client [7]  (testset)   loss: 0.5089 -> 0.5410  accuracy: 78.74% -> 78.74%      
client [37] (testset)   loss: 1.7233 -> 2.6137  accuracy: 50.00% -> 0.00%       
client [45] (testset)   loss: 0.7941 -> 0.5847  accuracy: 54.55% -> 81.82%      
client [47] (testset)   loss: 1.4677 -> 1.8164  accuracy: 50.00% -> 50.00%      
---------------------------- TRAINING EPOCH: 140 ----------------------------   
client [16] (testset)   loss: 1.1898 -> 1.2692  accuracy: 64.46% -> 65.66%      
client [11] (testset)   loss: 0.2373 -> 0.3247  accuracy: 90.91% -> 81.82%      
client [37] (testset)   loss: 2.1762 -> 1.5029  accuracy: 0.00% -> 83.33%       
client [41] (testset)   loss: 1.1812 -> 1.2023  accuracy: 60.32% -> 55.56%      
client [95] (testset)   loss: 2.0143 -> 1.9184  accuracy: 44.83% -> 51.72%      
client [53] (testset)   loss: 0.8122 -> 1.0833  accuracy: 71.43% -> 66.84%      
client [22] (testset)   loss: 0.6787 -> 0.7257  accuracy: 80.45% -> 80.45%      
client [25] (testset)   loss: 0.6704 -> 0.6059  accuracy: 79.51% -> 79.86%      
client [69] (testset)   loss: 1.8824 -> 1.9513  accuracy: 56.36% -> 58.18%      
client [46] (testset)   loss: 0.5972 -> 0.7199  accuracy: 79.84% -> 75.97%      
---------------------------- TRAINING EPOCH: 150 ----------------------------   
client [47] (testset)   loss: 1.8880 -> 1.9624  accuracy: 50.00% -> 50.00%      
client [69] (testset)   loss: 1.9924 -> 2.0302  accuracy: 57.88% -> 58.18%      
client [82] (testset)   loss: 0.3149 -> 0.3177  accuracy: 96.59% -> 96.59%      
client [45] (testset)   loss: 0.8238 -> 0.5910  accuracy: 63.64% -> 72.73%      
client [7]  (testset)   loss: 0.5399 -> 0.5282  accuracy: 78.74% -> 81.16%      
client [50] (testset)   loss: 1.0196 -> 1.0646  accuracy: 71.43% -> 71.43%      
client [35] (testset)   loss: 1.4040 -> 1.4171  accuracy: 33.33% -> 33.33%      
client [24] (testset)   loss: 0.8555 -> 0.8056  accuracy: 77.78% -> 66.67%      
client [15] (testset)   loss: 0.6207 -> 0.7468  accuracy: 83.98% -> 83.20%      
client [58] (testset)   loss: 0.3466 -> 0.3471  accuracy: 92.46% -> 92.46%      
---------------------------- TRAINING EPOCH: 160 ----------------------------   
client [48] (testset)   loss: 0.6714 -> 0.7816  accuracy: 76.92% -> 61.54%      
client [76] (testset)   loss: 0.7253 -> 0.6067  accuracy: 74.17% -> 80.79%      
client [67] (testset)   loss: 0.5306 -> 0.5244  accuracy: 80.00% -> 82.58%      
client [37] (testset)   loss: 2.5532 -> 1.4695  accuracy: 0.00% -> 83.33%       
client [58] (testset)   loss: 0.3646 -> 0.3882  accuracy: 92.06% -> 92.46%      
client [64] (testset)   loss: 0.2934 -> 0.3047  accuracy: 91.28% -> 89.91%      
client [77] (testset)   loss: 0.6430 -> 0.6474  accuracy: 84.45% -> 85.87%      
client [55] (testset)   loss: 0.7061 -> 0.7550  accuracy: 81.97% -> 82.11%      
client [12] (testset)   loss: 0.9293 -> 0.9500  accuracy: 77.70% -> 79.09%      
client [89] (testset)   loss: 0.5984 -> 0.6497  accuracy: 88.24% -> 88.24%      
---------------------------- TRAINING EPOCH: 170 ----------------------------   
client [84] (testset)   loss: 0.9239 -> 0.9630  accuracy: 73.44% -> 73.44%      
client [51] (testset)   loss: 2.0619 -> 1.5367  accuracy: 50.00% -> 50.00%      
client [8]  (testset)   loss: 1.5345 -> 1.4413  accuracy: 48.39% -> 51.61%      
client [18] (testset)   loss: 1.0252 -> 1.1852  accuracy: 76.05% -> 73.65%      
client [94] (testset)   loss: 0.5075 -> 0.5755  accuracy: 80.00% -> 81.54%      
client [81] (testset)   loss: 0.0809 -> 0.0749  accuracy: 96.43% -> 97.32%      
client [3]  (testset)   loss: 1.5877 -> 1.5340  accuracy: 66.84% -> 65.24%      
client [11] (testset)   loss: 0.2333 -> 0.3094  accuracy: 90.91% -> 86.36%      
client [95] (testset)   loss: 2.6958 -> 2.8088  accuracy: 49.43% -> 44.83%      
client [67] (testset)   loss: 0.5206 -> 0.5263  accuracy: 82.58% -> 87.10%      
---------------------------- TRAINING EPOCH: 180 ----------------------------   
client [21] (testset)   loss: 0.7394 -> 1.1319  accuracy: 73.91% -> 56.52%      
client [79] (testset)   loss: 0.3786 -> 0.3890  accuracy: 91.62% -> 91.90%      
client [58] (testset)   loss: 0.3871 -> 0.3948  accuracy: 92.46% -> 92.86%      
client [88] (testset)   loss: 0.5584 -> 0.6040  accuracy: 86.84% -> 86.84%      
client [46] (testset)   loss: 0.7133 -> 0.6795  accuracy: 77.52% -> 77.52%      
client [11] (testset)   loss: 0.3054 -> 0.3270  accuracy: 86.36% -> 81.82%      
client [55] (testset)   loss: 0.8094 -> 0.8342  accuracy: 82.11% -> 81.83%      
client [13] (testset)   loss: 0.9393 -> 0.9615  accuracy: 77.78% -> 77.22%      
client [31] (testset)   loss: 0.2748 -> 0.2674  accuracy: 93.55% -> 93.55%      
client [75] (testset)   loss: 0.6510 -> 0.6602  accuracy: 87.95% -> 88.37%      
---------------------------- TRAINING EPOCH: 190 ----------------------------   
client [19] (testset)   loss: 0.4814 -> 0.5049  accuracy: 92.92% -> 92.92%      
client [7]  (testset)   loss: 0.6024 -> 0.6607  accuracy: 81.16% -> 83.09%      
client [57] (testset)   loss: 0.3827 -> 0.3323  accuracy: 88.61% -> 89.45%      
client [13] (testset)   loss: 0.9901 -> 1.0207  accuracy: 78.33% -> 77.78%      
client [43] (testset)   loss: 0.9663 -> 0.9815  accuracy: 81.82% -> 81.82%      
client [91] (testset)   loss: 0.5486 -> 0.6032  accuracy: 88.24% -> 83.82%      
client [10] (testset)   loss: 0.2760 -> 0.2683  accuracy: 95.66% -> 96.24%      
client [64] (testset)   loss: 0.4027 -> 0.4123  accuracy: 92.20% -> 91.28%      
client [82] (testset)   loss: 0.3239 -> 0.2994  accuracy: 96.59% -> 96.59%      
client [22] (testset)   loss: 0.8784 -> 0.9249  accuracy: 78.95% -> 80.45%      
---------------------------- TRAINING EPOCH: 200 ----------------------------   
client [20] (testset)   loss: 1.1513 -> 1.1766  accuracy: 81.48% -> 81.99%      
client [23] (testset)   loss: 0.0178 -> 0.0175  accuracy: 100.00% -> 100.00%    
client [88] (testset)   loss: 0.6011 -> 0.5997  accuracy: 86.84% -> 87.37%      
client [98] (testset)   loss: 1.3552 -> 1.4151  accuracy: 79.15% -> 80.09%      
client [79] (testset)   loss: 0.4108 -> 0.4206  accuracy: 91.90% -> 92.18%      
client [21] (testset)   loss: 0.9266 -> 0.7143  accuracy: 56.52% -> 60.87%      
client [92] (testset)   loss: 0.2918 -> 4.0060  accuracy: 90.64% -> 5.91%       
client [56] (testset)   loss: 0.8089 -> 0.8287  accuracy: 78.46% -> 78.46%      
client [5]  (testset)   loss: 1.0619 -> 1.0901  accuracy: 78.61% -> 78.61%      
client [52] (testset)   loss: 0.5401 -> 0.5500  accuracy: 94.12% -> 94.12%      
---------------------------- TRAINING EPOCH: 210 ----------------------------   
client [67] (testset)   loss: 0.5374 -> 0.5698  accuracy: 85.81% -> 84.52%      
client [54] (testset)   loss: 1.0554 -> 1.1167  accuracy: 75.00% -> 78.75%      
client [14] (testset)   loss: 1.2393 -> 1.3686  accuracy: 72.41% -> 70.44%      
client [99] (testset)   loss: 0.0531 -> 0.0366  accuracy: 100.00% -> 100.00%    
client [36] (testset)   loss: 1.2546 -> 1.3309  accuracy: 70.21% -> 65.96%      
client [30] (testset)   loss: 1.8392 -> 1.8662  accuracy: 55.91% -> 55.91%      
client [38] (testset)   loss: 0.3139 -> 0.3218  accuracy: 92.31% -> 92.31%      
client [15] (testset)   loss: 0.7464 -> 1.3928  accuracy: 83.59% -> 83.98%      
client [6]  (testset)   loss: 1.3235 -> 1.3308  accuracy: 73.38% -> 73.76%      
client [53] (testset)   loss: 1.2448 -> 1.3634  accuracy: 70.41% -> 70.41%      
---------------------------- TRAINING EPOCH: 220 ----------------------------   
client [99] (testset)   loss: 0.0242 -> 0.0264  accuracy: 100.00% -> 100.00%    
client [6]  (testset)   loss: 1.3376 -> 1.3563  accuracy: 73.38% -> 72.62%      
client [83] (testset)   loss: 1.3050 -> 1.3454  accuracy: 75.07% -> 75.63%      
client [42] (testset)   loss: 0.6938 -> 0.7284  accuracy: 88.07% -> 88.07%      
client [34] (testset)   loss: 1.3625 -> 1.4674  accuracy: 65.81% -> 65.16%      
client [15] (testset)   loss: 1.3551 -> 0.8861  accuracy: 83.98% -> 84.38%      
client [47] (testset)   loss: 2.5021 -> 2.7544  accuracy: 62.50% -> 56.25%      
client [55] (testset)   loss: 0.8375 -> 0.8581  accuracy: 82.11% -> 81.83%      
client [51] (testset)   loss: 1.5645 -> 2.0299  accuracy: 50.00% -> 50.00%      
client [95] (testset)   loss: 3.0337 -> 3.0704  accuracy: 44.83% -> 45.98%      
---------------------------- TRAINING EPOCH: 230 ----------------------------   
client [71] (testset)   loss: 1.0023 -> 1.0060  accuracy: 81.18% -> 81.18%      
client [15] (testset)   loss: 0.8828 -> 0.9076  accuracy: 84.38% -> 83.59%      
client [33] (testset)   loss: 0.6263 -> 0.5369  accuracy: 85.42% -> 89.58%      
client [99] (testset)   loss: 0.0281 -> 0.0350  accuracy: 100.00% -> 100.00%    
client [90] (testset)   loss: 0.2167 -> 0.2287  accuracy: 93.33% -> 93.33%      
client [57] (testset)   loss: 0.3827 -> 0.3948  accuracy: 89.45% -> 89.45%      
client [27] (testset)   loss: 1.8058 -> 1.6683  accuracy: 47.62% -> 52.38%      
client [78] (testset)   loss: 0.9203 -> 0.9106  accuracy: 78.07% -> 79.82%      
client [36] (testset)   loss: 1.3534 -> 1.3539  accuracy: 68.09% -> 70.21%      
client [88] (testset)   loss: 0.6404 -> 0.6454  accuracy: 87.37% -> 87.63%      
---------------------------- TRAINING EPOCH: 240 ----------------------------   
client [70] (testset)   loss: 0.9349 -> 0.9470  accuracy: 88.02% -> 88.02%      
client [35] (testset)   loss: 1.6202 -> 1.6277  accuracy: 33.33% -> 33.33%      
client [16] (testset)   loss: 1.8616 -> 1.8999  accuracy: 64.46% -> 65.06%      
client [80] (testset)   loss: 0.5745 -> 0.6266  accuracy: 89.54% -> 87.58%      
client [38] (testset)   loss: 0.3060 -> 0.2849  accuracy: 93.27% -> 92.31%      
client [78] (testset)   loss: 0.9482 -> 0.9912  accuracy: 79.39% -> 79.39%      
client [68] (testset)   loss: 0.4422 -> 0.4393  accuracy: 93.79% -> 93.79%      
client [11] (testset)   loss: 0.3639 -> 0.2403  accuracy: 81.82% -> 90.91%      
client [64] (testset)   loss: 0.4094 -> 0.4106  accuracy: 92.66% -> 91.74%      
client [82] (testset)   loss: 0.3225 -> 0.3309  accuracy: 96.59% -> 96.59%      
---------------------------- TRAINING EPOCH: 250 ----------------------------   
client [30] (testset)   loss: 2.1071 -> 2.1139  accuracy: 55.91% -> 55.91%      
client [27] (testset)   loss: 1.6546 -> 1.8421  accuracy: 52.38% -> 42.86%      
client [74] (testset)   loss: 0.7499 -> 0.6940  accuracy: 78.95% -> 78.95%      
client [45] (testset)   loss: 1.7662 -> 0.7686  accuracy: 27.27% -> 72.73%      
client [6]  (testset)   loss: 1.3754 -> 1.3864  accuracy: 72.24% -> 71.10%      
client [36] (testset)   loss: 1.3798 -> 1.4040  accuracy: 74.47% -> 72.34%      
client [63] (testset)   loss: 1.0484 -> 1.0824  accuracy: 72.03% -> 68.64%      
client [76] (testset)   loss: 0.6210 -> 0.6293  accuracy: 86.75% -> 84.77%      
client [83] (testset)   loss: 1.3761 -> 1.4099  accuracy: 74.79% -> 76.19%      
client [86] (testset)   loss: 0.9671 -> 0.9841  accuracy: 73.68% -> 73.68%      
---------------------------- TRAINING EPOCH: 260 ----------------------------   
client [83] (testset)   loss: 1.4078 -> 1.4220  accuracy: 75.63% -> 75.07%      
client [99] (testset)   loss: 0.0247 -> 0.0357  accuracy: 100.00% -> 100.00%    
client [74] (testset)   loss: 0.6793 -> 0.7218  accuracy: 76.32% -> 78.95%      
client [73] (testset)   loss: 1.2063 -> 1.2621  accuracy: 54.55% -> 54.55%      
client [29] (testset)   loss: 0.2351 -> 0.2378  accuracy: 91.23% -> 91.81%      
client [92] (testset)   loss: 0.3101 -> 0.3222  accuracy: 89.66% -> 90.64%      
client [6]  (testset)   loss: 1.4296 -> 1.4492  accuracy: 72.24% -> 72.62%      
client [61] (testset)   loss: 1.2234 -> 1.4419  accuracy: 71.68% -> 66.37%      
client [21] (testset)   loss: 0.9810 -> 1.3086  accuracy: 47.83% -> 56.52%      
client [67] (testset)   loss: 0.6317 -> 0.6423  accuracy: 84.52% -> 84.52%      
---------------------------- TRAINING EPOCH: 270 ----------------------------   
client [83] (testset)   loss: 1.4204 -> 1.4431  accuracy: 75.07% -> 74.79%      
client [32] (testset)   loss: 2.2652 -> 2.3750  accuracy: 60.87% -> 60.87%      
client [95] (testset)   loss: 3.0275 -> 3.1573  accuracy: 44.83% -> 45.98%      
client [61] (testset)   loss: 1.5064 -> 1.5239  accuracy: 72.57% -> 70.80%      
client [27] (testset)   loss: 1.8376 -> 1.8191  accuracy: 42.86% -> 52.38%      
client [25] (testset)   loss: 0.8768 -> 0.8464  accuracy: 79.15% -> 79.51%      
client [68] (testset)   loss: 0.4673 -> 0.4915  accuracy: 93.79% -> 93.22%      
client [34] (testset)   loss: 1.5042 -> 1.5308  accuracy: 67.74% -> 67.10%      
client [71] (testset)   loss: 1.1822 -> 1.2107  accuracy: 81.18% -> 80.65%      
client [89] (testset)   loss: 0.8478 -> 0.9193  accuracy: 88.24% -> 86.27%      
---------------------------- TRAINING EPOCH: 280 ----------------------------   
client [78] (testset)   loss: 1.1451 -> 1.1605  accuracy: 78.51% -> 78.07%      
client [81] (testset)   loss: 0.0938 -> 0.0950  accuracy: 98.21% -> 98.21%      
client [51] (testset)   loss: 1.6577 -> 1.8851  accuracy: 50.00% -> 62.50%      
client [54] (testset)   loss: 1.2051 -> 1.2818  accuracy: 78.75% -> 81.25%      
client [65] (testset)   loss: 0.9649 -> 1.0551  accuracy: 67.86% -> 60.71%      
client [41] (testset)   loss: 1.8063 -> 1.8218  accuracy: 63.49% -> 63.49%      
client [11] (testset)   loss: 0.3181 -> 0.4360  accuracy: 90.91% -> 81.82%      
client [85] (testset)   loss: 0.5658 -> 0.6014  accuracy: 89.76% -> 87.80%      
client [12] (testset)   loss: 1.1707 -> 1.1972  accuracy: 78.75% -> 78.75%      
client [23] (testset)   loss: 0.0155 -> 0.0161  accuracy: 100.00% -> 100.00%    
---------------------------- TRAINING EPOCH: 290 ----------------------------   
client [16] (testset)   loss: 1.9235 -> 1.9519  accuracy: 65.06% -> 63.25%      
client [65] (testset)   loss: 1.0414 -> 1.0565  accuracy: 60.71% -> 60.71%      
client [53] (testset)   loss: 1.6154 -> 1.6295  accuracy: 68.37% -> 67.86%      
client [58] (testset)   loss: 0.4564 -> 0.4576  accuracy: 92.86% -> 92.46%      
client [72] (testset)   loss: 0.5855 -> 0.4841  accuracy: 84.85% -> 84.85%      
client [7]  (testset)   loss: 0.8658 -> 0.8147  accuracy: 82.61% -> 81.16%      
client [71] (testset)   loss: 1.2058 -> 1.2181  accuracy: 80.65% -> 81.18%      
client [59] (testset)   loss: 0.0554 -> 0.0527  accuracy: 100.00% -> 100.00%    
client [86] (testset)   loss: 1.0451 -> 1.0475  accuracy: 73.68% -> 76.32%      
client [39] (testset)   loss: 1.2459 -> 1.2498  accuracy: 78.08% -> 78.77%      
---------------------------- TRAINING EPOCH: 300 ----------------------------   
client [99] (testset)   loss: 0.0184 -> 0.0191  accuracy: 100.00% -> 100.00%    
client [7]  (testset)   loss: 0.8530 -> 0.8763  accuracy: 81.64% -> 82.13%      
client [17] (testset)   loss: 2.4200 -> 2.4376  accuracy: 67.26% -> 66.67%      
client [64] (testset)   loss: 0.4983 -> 0.4807  accuracy: 91.74% -> 92.66%      
client [37] (testset)   loss: 2.0102 -> 2.0423  accuracy: 50.00% -> 50.00%      
client [29] (testset)   loss: 0.2604 -> 0.2540  accuracy: 91.23% -> 91.81%      
client [93] (testset)   loss: 0.6417 -> 0.7558  accuracy: 78.95% -> 78.95%      
client [73] (testset)   loss: 1.2822 -> 1.2907  accuracy: 51.52% -> 54.55%      
client [40] (testset)   loss: 0.1874 -> 0.1814  accuracy: 100.00% -> 100.00%    
client [76] (testset)   loss: 0.6781 -> 0.6755  accuracy: 86.75% -> 86.75%      
---------------------------- TRAINING EPOCH: 310 ----------------------------   
client [31] (testset)   loss: 0.3095 -> 0.3143  accuracy: 94.01% -> 94.01%      
client [89] (testset)   loss: 0.9046 -> 0.9019  accuracy: 86.27% -> 88.24%      
client [77] (testset)   loss: 0.9630 -> 0.9667  accuracy: 84.45% -> 84.45%      
client [90] (testset)   loss: 0.1970 -> 0.3315  accuracy: 93.33% -> 80.00%      
client [26] (testset)   loss: 0.6789 -> 0.6886  accuracy: 92.31% -> 92.31%      
client [50] (testset)   loss: 1.7202 -> 1.7665  accuracy: 71.43% -> 71.43%      
client [30] (testset)   loss: 2.2136 -> 2.2817  accuracy: 55.91% -> 55.91%      
client [70] (testset)   loss: 0.9966 -> 1.0046  accuracy: 88.02% -> 88.02%      
client [41] (testset)   loss: 1.9401 -> 1.9754  accuracy: 63.49% -> 65.08%      
client [99] (testset)   loss: 0.0190 -> 0.0144  accuracy: 100.00% -> 100.00%    
---------------------------- TRAINING EPOCH: 320 ----------------------------   
client [68] (testset)   loss: 0.5871 -> 0.6031  accuracy: 92.66% -> 92.09%      
client [70] (testset)   loss: 1.0174 -> 1.0268  accuracy: 88.54% -> 88.02%      
client [52] (testset)   loss: 0.6762 -> 0.6796  accuracy: 94.12% -> 94.12%      
client [1]  (testset)   loss: 0.3617 -> 0.3627  accuracy: 96.08% -> 96.08%      
client [2]  (testset)   loss: 0.7152 -> 0.7194  accuracy: 81.75% -> 81.75%      
client [67] (testset)   loss: 0.7314 -> 0.7473  accuracy: 84.52% -> 84.52%      
client [92] (testset)   loss: 0.3884 -> 0.3832  accuracy: 89.16% -> 87.19%      
client [35] (testset)   loss: 1.7413 -> 1.7498  accuracy: 33.33% -> 33.33%      
client [36] (testset)   loss: 1.5944 -> 1.6350  accuracy: 70.21% -> 68.09%      
client [64] (testset)   loss: 0.4969 -> 0.5377  accuracy: 92.66% -> 92.66%      
---------------------------- TRAINING EPOCH: 330 ----------------------------   
client [44] (testset)   loss: 0.8423 -> 0.9047  accuracy: 80.61% -> 82.65%      
client [6]  (testset)   loss: 1.5578 -> 1.5545  accuracy: 73.38% -> 71.86%      
client [12] (testset)   loss: 1.2472 -> 1.2596  accuracy: 78.40% -> 78.75%      
client [55] (testset)   loss: 0.9079 -> 0.9102  accuracy: 82.11% -> 82.11%      
client [29] (testset)   loss: 0.2594 -> 0.2718  accuracy: 91.81% -> 91.23%      
client [9]  (testset)   loss: 1.3874 -> 1.3958  accuracy: 81.20% -> 81.20%      
client [43] (testset)   loss: 1.0950 -> 1.1077  accuracy: 81.82% -> 81.82%      
client [77] (testset)   loss: 0.9667 -> 0.9806  accuracy: 84.45% -> 84.10%      
client [98] (testset)   loss: 1.7011 -> 1.7183  accuracy: 78.67% -> 79.62%      
client [78] (testset)   loss: 1.2056 -> 1.2234  accuracy: 78.07% -> 78.51%      
---------------------------- TRAINING EPOCH: 340 ----------------------------   
client [92] (testset)   loss: 0.4129 -> 0.4419  accuracy: 89.16% -> 90.64%      
client [80] (testset)   loss: 0.6981 -> 0.7275  accuracy: 88.24% -> 88.24%      
client [63] (testset)   loss: 1.2493 -> 1.2781  accuracy: 66.95% -> 66.95%      
client [76] (testset)   loss: 0.6924 -> 0.6882  accuracy: 86.75% -> 86.75%      
client [78] (testset)   loss: 1.2278 -> 1.2282  accuracy: 78.51% -> 78.07%      
client [25] (testset)   loss: 0.9191 -> 0.9682  accuracy: 80.21% -> 80.21%      
client [58] (testset)   loss: 0.4637 -> 0.4784  accuracy: 92.86% -> 92.46%      
client [13] (testset)   loss: 1.2102 -> 1.2325  accuracy: 77.22% -> 77.22%      
client [17] (testset)   loss: 2.6339 -> 2.7013  accuracy: 67.26% -> 67.26%      
client [38] (testset)   loss: 0.3892 -> 0.3858  accuracy: 93.27% -> 93.27%      
---------------------------- TRAINING EPOCH: 350 ----------------------------   
client [72] (testset)   loss: 0.6099 -> 0.5947  accuracy: 84.85% -> 84.85%      
client [82] (testset)   loss: 0.4283 -> 0.4315  accuracy: 96.59% -> 96.59%      
client [86] (testset)   loss: 1.1348 -> 1.1410  accuracy: 72.37% -> 75.00%      
client [51] (testset)   loss: 1.8065 -> 1.8203  accuracy: 62.50% -> 62.50%      
client [96] (testset)   loss: 1.6290 -> 1.6687  accuracy: 61.36% -> 59.09%      
client [42] (testset)   loss: 0.8327 -> 0.8371  accuracy: 86.83% -> 86.83%      
client [55] (testset)   loss: 0.9385 -> 0.9474  accuracy: 81.55% -> 82.25%      
client [13] (testset)   loss: 1.2517 -> 1.2605  accuracy: 77.22% -> 77.22%      
client [1]  (testset)   loss: 0.3867 -> 0.3970  accuracy: 96.08% -> 96.08%      
client [12] (testset)   loss: 1.2590 -> 1.2812  accuracy: 78.75% -> 78.05%      
---------------------------- TRAINING EPOCH: 360 ----------------------------   
client [68] (testset)   loss: 0.6203 -> 0.6238  accuracy: 92.09% -> 92.09%      
client [23] (testset)   loss: 0.0137 -> 0.0137  accuracy: 100.00% -> 100.00%    
client [46] (testset)   loss: 1.1773 -> 1.1815  accuracy: 78.29% -> 78.29%      
client [41] (testset)   loss: 2.0631 -> 2.0647  accuracy: 63.49% -> 63.49%      
client [25] (testset)   loss: 1.0710 -> 1.1389  accuracy: 79.86% -> 80.21%      
client [58] (testset)   loss: 0.4751 -> 0.4790  accuracy: 92.86% -> 92.86%      
client [14] (testset)   loss: 1.4349 -> 1.4424  accuracy: 71.92% -> 71.92%      
client [33] (testset)   loss: 0.6324 -> 0.6358  accuracy: 88.54% -> 88.54%      
client [85] (testset)   loss: 0.6294 -> 0.6401  accuracy: 88.29% -> 88.29%      
client [62] (testset)   loss: 0.9146 -> 0.9227  accuracy: 94.12% -> 94.12%      
---------------------------- TRAINING EPOCH: 370 ----------------------------   
client [98] (testset)   loss: 1.7761 -> 1.7869  accuracy: 79.15% -> 79.15%      
client [63] (testset)   loss: 1.2841 -> 1.2926  accuracy: 67.80% -> 67.80%      
client [70] (testset)   loss: 1.0665 -> 1.0717  accuracy: 88.02% -> 88.54%      
client [65] (testset)   loss: 1.1250 -> 1.1493  accuracy: 67.86% -> 60.71%      
client [14] (testset)   loss: 1.4579 -> 1.4733  accuracy: 71.92% -> 72.41%      
client [73] (testset)   loss: 1.3102 -> 1.3947  accuracy: 60.61% -> 54.55%      
client [34] (testset)   loss: 1.8446 -> 1.8604  accuracy: 67.74% -> 67.74%      
client [99] (testset)   loss: 0.0195 -> 0.0169  accuracy: 100.00% -> 100.00%    
client [69] (testset)   loss: 2.4687 -> 2.4782  accuracy: 57.27% -> 57.88%      
client [46] (testset)   loss: 1.1764 -> 1.1708  accuracy: 78.29% -> 79.07%      
---------------------------- TRAINING EPOCH: 380 ----------------------------   
client [99] (testset)   loss: 0.0159 -> 0.0157  accuracy: 100.00% -> 100.00%    
client [93] (testset)   loss: 0.7890 -> 0.7386  accuracy: 78.95% -> 78.95%      
client [11] (testset)   loss: 0.4157 -> 0.4531  accuracy: 90.91% -> 86.36%      
client [58] (testset)   loss: 0.4901 -> 0.4955  accuracy: 92.86% -> 92.86%      
client [81] (testset)   loss: 0.0984 -> 0.0986  accuracy: 97.32% -> 97.32%      
client [85] (testset)   loss: 0.6395 -> 0.6358  accuracy: 88.29% -> 88.29%      
client [89] (testset)   loss: 0.9902 -> 0.9559  accuracy: 86.27% -> 88.24%      
client [45] (testset)   loss: 0.9417 -> 0.9868  accuracy: 72.73% -> 72.73%      
client [8]  (testset)   loss: 2.0813 -> 2.1439  accuracy: 45.16% -> 45.16%      
client [68] (testset)   loss: 0.6548 -> 0.6601  accuracy: 92.09% -> 92.09%      
---------------------------- TRAINING EPOCH: 390 ----------------------------   
client [67] (testset)   loss: 0.7662 -> 0.7720  accuracy: 84.52% -> 83.87%      
client [72] (testset)   loss: 0.5664 -> 0.6156  accuracy: 81.82% -> 84.85%      
client [1]  (testset)   loss: 0.4055 -> 0.4219  accuracy: 96.08% -> 96.08%      
client [78] (testset)   loss: 1.2947 -> 1.3017  accuracy: 77.63% -> 77.63%      
client [83] (testset)   loss: 1.6052 -> 1.6165  accuracy: 74.79% -> 74.23%      
client [21] (testset)   loss: 0.9944 -> 1.0636  accuracy: 73.91% -> 65.22%      
client [56] (testset)   loss: 1.1238 -> 1.1715  accuracy: 80.00% -> 80.00%      
client [44] (testset)   loss: 0.9962 -> 0.9958  accuracy: 83.67% -> 83.67%      
client [92] (testset)   loss: 0.4352 -> 0.4281  accuracy: 89.66% -> 89.16%      
client [27] (testset)   loss: 2.2864 -> 2.2683  accuracy: 52.38% -> 47.62%      
---------------------------- TRAINING EPOCH: 400 ----------------------------   
client [10] (testset)   loss: 0.3463 -> 0.3392  accuracy: 95.66% -> 95.95%      
client [39] (testset)   loss: 1.2985 -> 1.3511  accuracy: 80.14% -> 78.77%      
client [65] (testset)   loss: 1.2295 -> 1.2104  accuracy: 60.71% -> 64.29%      
client [26] (testset)   loss: 0.7341 -> 0.7418  accuracy: 92.31% -> 92.31%      
client [19] (testset)   loss: 0.6804 -> 0.6824  accuracy: 92.04% -> 92.04%      
client [68] (testset)   loss: 0.6660 -> 0.6745  accuracy: 92.66% -> 92.09%      
client [41] (testset)   loss: 2.1453 -> 2.1694  accuracy: 63.49% -> 63.49%      
client [50] (testset)   loss: 2.3084 -> 2.3537  accuracy: 71.43% -> 71.43%      
client [75] (testset)   loss: 0.8078 -> 0.8136  accuracy: 88.37% -> 88.37%      
client [81] (testset)   loss: 0.1002 -> 0.1031  accuracy: 97.32% -> 98.21%      
Training... ━━━━━━━━━━━━━━━━━━━━━━━━━━━━━━━━━━━━━━━━ 100% 0:09:05
PSFL's average time taken by each global epoch: 0 min 1.35 sec.                 
PSFL's total running time: 0 h 9 m 5 s.                                         
==================== PSFL Experiment Results: ====================              
Display format: (before local fine-tuning) -> (after local fine-tuning)         
 So if finetune_epoch = 0, x.xx% -> 0.00% is normal.                            
 Centralized testing ONLY happens after model aggregation, so the stats between 
'->' are the same.                                                              
{                                                                               
    "100": {                                                                    
        "all_clients": {                                                        
            "test": {                                                           
                "loss": "0.6925 -> 0.0000",                                     
                "accuracy": "78.57% -> 0.00%"                                   
            }                                                                   
        }                                                                       
    },                                                                          
    "200": {                                                                    
        "all_clients": {                                                        
            "test": {                                                           
                "loss": "0.9371 -> 0.0000",                                     
                "accuracy": "79.58% -> 0.00%"                                   
            }                                                                   
        }                                                                       
    },                                                                          
    "300": {                                                                    
        "all_clients": {                                                        
            "test": {                                                           
                "loss": "1.0728 -> 0.0000",                                     
                "accuracy": "80.90% -> 0.00%"                                   
            }                                                                   
        }                                                                       
    },                                                                          
    "400": {                                                                    
        "all_clients": {                                                        
            "test": {                                                           
                "loss": "1.1759 -> 0.0000",                                     
                "accuracy": "80.83% -> 0.00%"                                   
            }                                                                   
        }                                                                       
    }                                                                           
}                                                                               
==================== PSFL Max Accuracy ====================                     
all_clients:                                                                    
(test) before fine-tuning: 80.90% at epoch 300                                  
(test) after fine-tuning: 0.00% at epoch 100                                    
