==================== FedDpa ====================                                
Experiment Arguments:                                                           
{
│   'method': 'feddpa',
│   'dataset': {
│   │   'name': 'mnist',
│   │   'client_num': 100,
│   │   'test_ratio': 0.25,
│   │   'val_ratio': 0.0,
│   │   'seed': 42,
│   │   'split': 'sample',
│   │   'IID_ratio': 0.0,
│   │   'monitor_window_name_suffix': 'mnist-100clients-0%IID-Dir(0.1)-seed42',
│   │   'alpha': 0.1,
│   │   'min_samples_per_client': 10
│   },
│   'model': {
│   │   'name': 'avgcnn',
│   │   'use_torchvision_pretrained_weights': True,
│   │   'external_model_weights_path': None
│   },
│   'optimizer': {
│   │   'lr': 0.01,
│   │   'dampening': 0,
│   │   'weight_decay': 0,
│   │   'momentum': 0,
│   │   'nesterov': False,
│   │   'name': 'sgd'
│   },
│   'mode': 'sequential',
│   'parallel': {
│   │   'ray_cluster_addr': None,
│   │   'num_cpus': None,
│   │   'num_gpus': None,
│   │   'num_workers': 2
│   },
│   'common': {
│   │   'seed': 42,
│   │   'join_ratio': 0.1,
│   │   'global_epoch': 400,
│   │   'local_epoch': 5,
│   │   'batch_size': 32,
│   │   'reset_optimizer_on_global_epoch': True,
│   │   'straggler_ratio': 0,
│   │   'straggler_min_local_epoch': 0,
│   │   'buffers': 'global',
│   │   'client_side_evaluation': True,
│   │   'test': {
│   │   │   'client': {
│   │   │   │   'interval': 100,
│   │   │   │   'finetune_epoch': 0,
│   │   │   │   'train': False,
│   │   │   │   'val': False,
│   │   │   │   'test': True
│   │   │   },
│   │   │   'server': {
│   │   │   │   'interval': -1,
│   │   │   │   'train': False,
│   │   │   │   'val': False,
│   │   │   │   'test': False,
│   │   │   │   'model_in_train_mode': False
│   │   │   }
│   │   },
│   │   'verbose_gap': 10,
│   │   'monitor': None,
│   │   'use_cuda': True,
│   │   'save_log': True,
│   │   'save_model': False,
│   │   'save_learning_curve_plot': False,
│   │   'save_metrics': True,
│   │   'delete_useless_run': True
│   },
│   'feddpa': {
│   │   'fisher_threshold': 0.9994
│   }
}
---------------------------- TRAINING EPOCH: 10 ----------------------------    
client [77] (testset)   loss: 0.2260 -> 0.0544  accuracy: 91.78% -> 97.95%      
client [81] (testset)   loss: 0.3192 -> 0.0064  accuracy: 92.59% -> 100.00%     
client [21] (testset)   loss: 0.2689 -> 0.0273  accuracy: 90.20% -> 100.00%     
client [68] (testset)   loss: 0.0529 -> 0.0676  accuracy: 98.31% -> 98.31%      
client [93] (testset)   loss: 0.1903 -> 0.0423  accuracy: 96.77% -> 96.77%      
client [31] (testset)   loss: 0.6845 -> 0.2017  accuracy: 85.71% -> 85.71%      
client [20] (testset)   loss: 0.1677 -> 0.1051  accuracy: 94.57% -> 96.38%      
client [59] (testset)   loss: 0.1339 -> 0.0247  accuracy: 87.50% -> 100.00%     
client [48] (testset)   loss: 0.8606 -> 0.0022  accuracy: 71.84% -> 100.00%     
client [34] (testset)   loss: 0.1356 -> 0.4000  accuracy: 94.44% -> 94.44%      
---------------------------- TRAINING EPOCH: 20 ----------------------------    
client [69] (testset)   loss: 0.0400 -> 0.0157  accuracy: 98.18% -> 99.27%      
client [99] (testset)   loss: 0.3650 -> 0.1120  accuracy: 90.48% -> 95.24%      
client [67] (testset)   loss: 0.4709 -> 0.0001  accuracy: 78.38% -> 100.00%     
client [0]  (testset)   loss: 0.0777 -> 0.0115  accuracy: 96.23% -> 99.06%      
client [76] (testset)   loss: 0.0158 -> 0.0362  accuracy: 98.70% -> 98.70%      
client [41] (testset)   loss: 0.0341 -> 0.0023  accuracy: 100.00% -> 100.00%    
client [62] (testset)   loss: 0.0878 -> 0.0037  accuracy: 96.69% -> 100.00%     
client [2]  (testset)   loss: 0.0488 -> 0.0049  accuracy: 98.29% -> 100.00%     
client [14] (testset)   loss: 0.0099 -> 0.0239  accuracy: 100.00% -> 98.61%     
client [46] (testset)   loss: 0.1214 -> 0.0283  accuracy: 96.40% -> 99.10%      
---------------------------- TRAINING EPOCH: 30 ----------------------------    
client [24] (testset)   loss: 0.0864 -> 0.0956  accuracy: 97.30% -> 97.30%      
client [68] (testset)   loss: 0.0519 -> 0.0459  accuracy: 98.31% -> 98.31%      
client [57] (testset)   loss: 0.0240 -> 0.0038  accuracy: 99.52% -> 100.00%     
client [17] (testset)   loss: 0.1330 -> 0.0131  accuracy: 93.77% -> 99.61%      
client [54] (testset)   loss: 0.0082 -> 0.0099  accuracy: 100.00% -> 100.00%    
client [23] (testset)   loss: 0.1008 -> 0.0016  accuracy: 94.29% -> 100.00%     
client [35] (testset)   loss: 0.1318 -> 0.0106  accuracy: 95.10% -> 100.00%     
client [59] (testset)   loss: 0.0072 -> 0.0077  accuracy: 100.00% -> 100.00%    
client [31] (testset)   loss: 0.2924 -> 0.2662  accuracy: 85.71% -> 85.71%      
client [9]  (testset)   loss: 0.0537 -> 0.0263  accuracy: 97.88% -> 98.86%      
---------------------------- TRAINING EPOCH: 40 ----------------------------    
client [64] (testset)   loss: 0.0536 -> 0.0157  accuracy: 98.33% -> 99.17%      
client [33] (testset)   loss: 0.1746 -> 0.0543  accuracy: 96.08% -> 99.51%      
client [16] (testset)   loss: 0.0242 -> 0.0018  accuracy: 100.00% -> 100.00%    
client [44] (testset)   loss: 0.0591 -> 0.0257  accuracy: 97.91% -> 99.70%      
client [8]  (testset)   loss: 1.0499 -> 0.0032  accuracy: 78.57% -> 100.00%     
client [31] (testset)   loss: 0.0139 -> 0.0237  accuracy: 100.00% -> 100.00%    
client [47] (testset)   loss: 0.4978 -> 0.0007  accuracy: 82.95% -> 100.00%     
client [36] (testset)   loss: 0.4898 -> 0.0201  accuracy: 87.82% -> 98.98%      
client [20] (testset)   loss: 0.2134 -> 0.0690  accuracy: 94.57% -> 97.29%      
client [56] (testset)   loss: 0.0185 -> 0.0009  accuracy: 98.92% -> 100.00%     
---------------------------- TRAINING EPOCH: 50 ----------------------------    
client [4]  (testset)   loss: 0.0273 -> 0.0035  accuracy: 99.27% -> 100.00%     
client [60] (testset)   loss: 0.1122 -> 0.0482  accuracy: 97.00% -> 99.00%      
client [28] (testset)   loss: 0.0253 -> 0.0003  accuracy: 99.33% -> 100.00%     
client [25] (testset)   loss: 0.0284 -> 0.0001  accuracy: 98.85% -> 100.00%     
client [58] (testset)   loss: 0.0120 -> 0.0106  accuracy: 99.29% -> 99.29%      
client [44] (testset)   loss: 0.0974 -> 0.0269  accuracy: 97.91% -> 99.40%      
client [39] (testset)   loss: 0.0863 -> 0.0013  accuracy: 97.05% -> 100.00%     
client [29] (testset)   loss: 0.3753 -> 0.0437  accuracy: 89.30% -> 99.26%      
client [3]  (testset)   loss: 0.0811 -> 0.0071  accuracy: 96.44% -> 99.79%      
client [84] (testset)   loss: 0.0001 -> 0.0000  accuracy: 100.00% -> 100.00%    
---------------------------- TRAINING EPOCH: 60 ----------------------------    
client [21] (testset)   loss: 0.0510 -> 0.0020  accuracy: 97.06% -> 100.00%     
client [84] (testset)   loss: 0.0002 -> 0.0001  accuracy: 100.00% -> 100.00%    
client [10] (testset)   loss: 0.0062 -> 0.0001  accuracy: 100.00% -> 100.00%    
client [36] (testset)   loss: 0.0719 -> 0.0388  accuracy: 98.48% -> 98.48%      
client [65] (testset)   loss: 0.0861 -> 0.0505  accuracy: 98.32% -> 98.74%      
client [81] (testset)   loss: 0.0328 -> 0.0100  accuracy: 98.77% -> 99.38%      
client [79] (testset)   loss: 0.0026 -> 0.0004  accuracy: 100.00% -> 100.00%    
client [42] (testset)   loss: 0.1220 -> 0.1140  accuracy: 97.81% -> 98.91%      
client [11] (testset)   loss: 0.0000 -> 0.0000  accuracy: 100.00% -> 100.00%    
client [96] (testset)   loss: 0.0295 -> 0.0099  accuracy: 98.04% -> 99.02%      
---------------------------- TRAINING EPOCH: 70 ----------------------------    
client [8]  (testset)   loss: 0.0408 -> 0.0155  accuracy: 97.62% -> 100.00%     
client [53] (testset)   loss: 0.0571 -> 0.0415  accuracy: 96.00% -> 100.00%     
client [52] (testset)   loss: 0.0227 -> 0.0000  accuracy: 100.00% -> 100.00%    
client [42] (testset)   loss: 0.1049 -> 0.1020  accuracy: 98.36% -> 98.36%      
client [69] (testset)   loss: 0.0216 -> 0.0044  accuracy: 99.45% -> 99.82%      
client [59] (testset)   loss: 0.0003 -> 0.0004  accuracy: 100.00% -> 100.00%    
client [7]  (testset)   loss: 0.1388 -> 0.0306  accuracy: 87.50% -> 100.00%     
client [26] (testset)   loss: 0.0154 -> 0.0172  accuracy: 100.00% -> 100.00%    
client [49] (testset)   loss: 0.0094 -> 0.0011  accuracy: 99.55% -> 100.00%     
client [98] (testset)   loss: 0.0649 -> 0.0356  accuracy: 97.06% -> 97.06%      
---------------------------- TRAINING EPOCH: 80 ----------------------------    
client [98] (testset)   loss: 0.0031 -> 0.0031  accuracy: 100.00% -> 100.00%    
client [47] (testset)   loss: 0.1262 -> 0.0095  accuracy: 96.59% -> 100.00%     
client [21] (testset)   loss: 0.0023 -> 0.0008  accuracy: 100.00% -> 100.00%    
client [77] (testset)   loss: 0.0358 -> 0.0263  accuracy: 98.63% -> 99.32%      
client [95] (testset)   loss: 0.0013 -> 0.0003  accuracy: 100.00% -> 100.00%    
client [91] (testset)   loss: 0.0321 -> 0.0096  accuracy: 99.34% -> 99.83%      
client [14] (testset)   loss: 0.0335 -> 0.0480  accuracy: 99.31% -> 98.61%      
client [99] (testset)   loss: 0.2090 -> 0.0642  accuracy: 95.24% -> 95.24%      
client [20] (testset)   loss: 0.0769 -> 0.0583  accuracy: 97.74% -> 98.64%      
client [39] (testset)   loss: 0.0033 -> 0.0014  accuracy: 100.00% -> 100.00%    
---------------------------- TRAINING EPOCH: 90 ----------------------------    
client [52] (testset)   loss: 0.0001 -> 0.0000  accuracy: 100.00% -> 100.00%    
client [62] (testset)   loss: 0.0250 -> 0.0002  accuracy: 99.45% -> 100.00%     
client [71] (testset)   loss: 0.0030 -> 0.0009  accuracy: 99.77% -> 100.00%     
client [97] (testset)   loss: 0.0023 -> 0.0019  accuracy: 100.00% -> 100.00%    
client [30] (testset)   loss: 0.0134 -> 0.0097  accuracy: 100.00% -> 100.00%    
client [88] (testset)   loss: 0.2058 -> 0.0719  accuracy: 97.06% -> 98.53%      
client [60] (testset)   loss: 0.0853 -> 0.0132  accuracy: 95.00% -> 100.00%     
client [82] (testset)   loss: 0.0195 -> 0.0044  accuracy: 98.59% -> 100.00%     
client [91] (testset)   loss: 0.0131 -> 0.0100  accuracy: 99.50% -> 99.83%      
client [57] (testset)   loss: 0.0151 -> 0.0081  accuracy: 99.52% -> 99.52%      
---------------------------- TRAINING EPOCH: 100 ----------------------------   
client [31] (testset)   loss: 0.0311 -> 0.0295  accuracy: 100.00% -> 100.00%    
client [15] (testset)   loss: 0.0453 -> 0.0408  accuracy: 99.08% -> 99.08%      
client [71] (testset)   loss: 0.0071 -> 0.0015  accuracy: 99.77% -> 100.00%     
client [97] (testset)   loss: 0.0006 -> 0.0006  accuracy: 100.00% -> 100.00%    
client [53] (testset)   loss: 0.0019 -> 0.0023  accuracy: 100.00% -> 100.00%    
client [77] (testset)   loss: 0.0444 -> 0.0373  accuracy: 97.95% -> 99.32%      
client [76] (testset)   loss: 0.0059 -> 0.0186  accuracy: 100.00% -> 98.70%     
client [79] (testset)   loss: 0.0002 -> 0.0001  accuracy: 100.00% -> 100.00%    
client [28] (testset)   loss: 0.0003 -> 0.0001  accuracy: 100.00% -> 100.00%    
client [99] (testset)   loss: 0.0919 -> 0.1113  accuracy: 95.24% -> 95.24%      
---------------------------- TRAINING EPOCH: 110 ----------------------------   
client [97] (testset)   loss: 0.0053 -> 0.0009  accuracy: 99.67% -> 100.00%     
client [86] (testset)   loss: 0.0436 -> 0.0043  accuracy: 98.90% -> 99.73%      
client [34] (testset)   loss: 0.1089 -> 0.1088  accuracy: 94.44% -> 94.44%      
client [73] (testset)   loss: 0.0019 -> 0.0073  accuracy: 100.00% -> 100.00%    
client [5]  (testset)   loss: 0.0387 -> 0.0115  accuracy: 98.62% -> 99.31%      
client [96] (testset)   loss: 0.0020 -> 0.0040  accuracy: 100.00% -> 100.00%    
client [22] (testset)   loss: 0.0000 -> 0.0000  accuracy: 100.00% -> 100.00%    
client [60] (testset)   loss: 0.0256 -> 0.0241  accuracy: 98.00% -> 98.00%      
client [66] (testset)   loss: 0.0021 -> 0.0024  accuracy: 100.00% -> 100.00%    
client [83] (testset)   loss: 0.1088 -> 0.0913  accuracy: 98.22% -> 98.22%      
---------------------------- TRAINING EPOCH: 120 ----------------------------   
client [76] (testset)   loss: 0.0011 -> 0.0063  accuracy: 100.00% -> 100.00%    
client [65] (testset)   loss: 0.0680 -> 0.0429  accuracy: 98.32% -> 98.74%      
client [95] (testset)   loss: 0.0002 -> 0.0002  accuracy: 100.00% -> 100.00%    
client [17] (testset)   loss: 0.0192 -> 0.0043  accuracy: 98.83% -> 99.61%      
client [8]  (testset)   loss: 0.0627 -> 0.0622  accuracy: 97.62% -> 97.62%      
client [35] (testset)   loss: 0.0596 -> 0.0050  accuracy: 99.02% -> 100.00%     
client [98] (testset)   loss: 0.0433 -> 0.0424  accuracy: 97.06% -> 97.06%      
client [53] (testset)   loss: 0.0192 -> 0.0158  accuracy: 100.00% -> 100.00%    
client [43] (testset)   loss: 0.0636 -> 0.0571  accuracy: 98.93% -> 98.93%      
client [64] (testset)   loss: 0.0363 -> 0.0297  accuracy: 99.44% -> 99.17%      
---------------------------- TRAINING EPOCH: 130 ----------------------------   
client [21] (testset)   loss: 0.0410 -> 0.0131  accuracy: 99.02% -> 99.02%      
client [88] (testset)   loss: 0.0436 -> 0.0402  accuracy: 98.53% -> 98.53%      
client [38] (testset)   loss: 0.0945 -> 0.0877  accuracy: 98.25% -> 98.25%      
client [3]  (testset)   loss: 0.0045 -> 0.0055  accuracy: 99.79% -> 99.79%      
client [5]  (testset)   loss: 0.0198 -> 0.0096  accuracy: 98.62% -> 99.31%      
client [41] (testset)   loss: 0.0000 -> 0.0001  accuracy: 100.00% -> 100.00%    
client [7]  (testset)   loss: 0.0000 -> 0.0000  accuracy: 100.00% -> 100.00%    
client [37] (testset)   loss: 0.0569 -> 0.0705  accuracy: 97.84% -> 97.84%      
client [45] (testset)   loss: 0.0259 -> 0.0288  accuracy: 99.39% -> 99.69%      
client [47] (testset)   loss: 0.0018 -> 0.0007  accuracy: 100.00% -> 100.00%    
---------------------------- TRAINING EPOCH: 140 ----------------------------   
client [16] (testset)   loss: 0.0226 -> 0.0019  accuracy: 98.57% -> 100.00%     
client [11] (testset)   loss: 0.0000 -> 0.0000  accuracy: 100.00% -> 100.00%    
client [37] (testset)   loss: 0.1668 -> 0.1055  accuracy: 96.97% -> 97.40%      
client [41] (testset)   loss: 0.0001 -> 0.0001  accuracy: 100.00% -> 100.00%    
client [95] (testset)   loss: 0.0008 -> 0.0009  accuracy: 100.00% -> 100.00%    
client [53] (testset)   loss: 0.0522 -> 0.0456  accuracy: 96.00% -> 96.00%      
client [22] (testset)   loss: 0.0000 -> 0.0000  accuracy: 100.00% -> 100.00%    
client [25] (testset)   loss: 0.0001 -> 0.0000  accuracy: 100.00% -> 100.00%    
client [69] (testset)   loss: 0.0055 -> 0.0009  accuracy: 99.82% -> 100.00%     
client [46] (testset)   loss: 0.0652 -> 0.0205  accuracy: 98.42% -> 99.10%      
---------------------------- TRAINING EPOCH: 150 ----------------------------   
client [47] (testset)   loss: 0.0319 -> 0.0247  accuracy: 98.86% -> 98.86%      
client [69] (testset)   loss: 0.0030 -> 0.0015  accuracy: 99.82% -> 100.00%     
client [82] (testset)   loss: 0.0198 -> 0.0168  accuracy: 98.59% -> 98.59%      
client [45] (testset)   loss: 0.0333 -> 0.0321  accuracy: 99.69% -> 99.69%      
client [7]  (testset)   loss: 0.0040 -> 0.0019  accuracy: 100.00% -> 100.00%    
client [50] (testset)   loss: 0.0238 -> 0.0054  accuracy: 98.97% -> 99.49%      
client [35] (testset)   loss: 0.0324 -> 0.0165  accuracy: 99.02% -> 99.02%      
client [24] (testset)   loss: 0.1372 -> 0.1276  accuracy: 97.30% -> 97.30%      
client [15] (testset)   loss: 0.0714 -> 0.0626  accuracy: 99.08% -> 99.08%      
client [58] (testset)   loss: 0.0020 -> 0.0029  accuracy: 100.00% -> 100.00%    
---------------------------- TRAINING EPOCH: 160 ----------------------------   
client [48] (testset)   loss: 0.0007 -> 0.0007  accuracy: 100.00% -> 100.00%    
client [76] (testset)   loss: 0.0026 -> 0.0085  accuracy: 100.00% -> 100.00%    
client [67] (testset)   loss: 0.0000 -> 0.0000  accuracy: 100.00% -> 100.00%    
client [37] (testset)   loss: 0.0765 -> 0.0961  accuracy: 97.84% -> 97.84%      
client [58] (testset)   loss: 0.0197 -> 0.0073  accuracy: 99.29% -> 100.00%     
client [64] (testset)   loss: 0.0074 -> 0.0148  accuracy: 99.72% -> 99.72%      
client [77] (testset)   loss: 0.0351 -> 0.0306  accuracy: 99.32% -> 99.32%      
client [55] (testset)   loss: 0.0092 -> 0.0102  accuracy: 99.49% -> 99.74%      
client [12] (testset)   loss: 0.0264 -> 0.0235  accuracy: 99.50% -> 99.50%      
client [89] (testset)   loss: 0.0013 -> 0.0011  accuracy: 100.00% -> 100.00%    
---------------------------- TRAINING EPOCH: 170 ----------------------------   
client [84] (testset)   loss: 0.0001 -> 0.0001  accuracy: 100.00% -> 100.00%    
client [51] (testset)   loss: 0.0000 -> 0.0000  accuracy: 100.00% -> 100.00%    
client [8]  (testset)   loss: 0.0518 -> 0.0513  accuracy: 97.62% -> 97.62%      
client [18] (testset)   loss: 0.0272 -> 0.0155  accuracy: 98.97% -> 99.31%      
client [94] (testset)   loss: 0.0000 -> 0.0000  accuracy: 100.00% -> 100.00%    
client [81] (testset)   loss: 0.0006 -> 0.0007  accuracy: 100.00% -> 100.00%    
client [3]  (testset)   loss: 0.0036 -> 0.0026  accuracy: 99.79% -> 99.79%      
client [11] (testset)   loss: 0.0000 -> 0.0000  accuracy: 100.00% -> 100.00%    
client [95] (testset)   loss: 0.0218 -> 0.0009  accuracy: 99.28% -> 100.00%     
client [67] (testset)   loss: 0.0001 -> 0.0000  accuracy: 100.00% -> 100.00%    
---------------------------- TRAINING EPOCH: 180 ----------------------------   
client [21] (testset)   loss: 0.0096 -> 0.0003  accuracy: 100.00% -> 100.00%    
client [79] (testset)   loss: 0.0033 -> 0.0001  accuracy: 100.00% -> 100.00%    
client [58] (testset)   loss: 0.0070 -> 0.0050  accuracy: 99.29% -> 100.00%     
client [88] (testset)   loss: 0.0330 -> 0.0325  accuracy: 98.53% -> 98.53%      
client [46] (testset)   loss: 0.0232 -> 0.0215  accuracy: 99.32% -> 99.10%      
client [11] (testset)   loss: 0.0000 -> 0.0000  accuracy: 100.00% -> 100.00%    
client [55] (testset)   loss: 0.0358 -> 0.0224  accuracy: 99.49% -> 99.74%      
client [13] (testset)   loss: 0.0003 -> 0.0005  accuracy: 100.00% -> 100.00%    
client [31] (testset)   loss: 0.4777 -> 0.3709  accuracy: 71.43% -> 71.43%      
client [75] (testset)   loss: 0.0415 -> 0.0410  accuracy: 99.38% -> 99.38%      
---------------------------- TRAINING EPOCH: 190 ----------------------------   
client [19] (testset)   loss: 0.0322 -> 0.0228  accuracy: 98.15% -> 100.00%     
client [7]  (testset)   loss: 0.0000 -> 0.0000  accuracy: 100.00% -> 100.00%    
client [57] (testset)   loss: 0.0002 -> 0.0001  accuracy: 100.00% -> 100.00%    
client [13] (testset)   loss: 0.0009 -> 0.0006  accuracy: 100.00% -> 100.00%    
client [43] (testset)   loss: 0.0755 -> 0.0768  accuracy: 97.86% -> 98.40%      
client [91] (testset)   loss: 0.0190 -> 0.0068  accuracy: 99.34% -> 99.83%      
client [10] (testset)   loss: 0.0061 -> 0.0037  accuracy: 100.00% -> 100.00%    
client [64] (testset)   loss: 0.0550 -> 0.0345  accuracy: 98.61% -> 99.17%      
client [82] (testset)   loss: 0.0501 -> 0.0128  accuracy: 98.59% -> 100.00%     
client [22] (testset)   loss: 0.0000 -> 0.0000  accuracy: 100.00% -> 100.00%    
---------------------------- TRAINING EPOCH: 200 ----------------------------   
client [20] (testset)   loss: 0.0330 -> 0.0352  accuracy: 98.19% -> 98.19%      
client [23] (testset)   loss: 0.0001 -> 0.0001  accuracy: 100.00% -> 100.00%    
client [88] (testset)   loss: 0.0163 -> 0.0150  accuracy: 98.53% -> 98.53%      
client [98] (testset)   loss: 0.0009 -> 0.0009  accuracy: 100.00% -> 100.00%    
client [79] (testset)   loss: 0.0007 -> 0.0003  accuracy: 100.00% -> 100.00%    
client [21] (testset)   loss: 0.0085 -> 0.0053  accuracy: 99.02% -> 100.00%     
client [92] (testset)   loss: 0.0000 -> 0.0000  accuracy: 100.00% -> 100.00%    
client [56] (testset)   loss: 0.0001 -> 0.0001  accuracy: 100.00% -> 100.00%    
client [5]  (testset)   loss: 0.0004 -> 0.0013  accuracy: 100.00% -> 100.00%    
client [52] (testset)   loss: 0.0000 -> 0.0000  accuracy: 100.00% -> 100.00%    
---------------------------- TRAINING EPOCH: 210 ----------------------------   
client [67] (testset)   loss: 0.0000 -> 0.0000  accuracy: 100.00% -> 100.00%    
client [54] (testset)   loss: 0.0194 -> 0.0134  accuracy: 97.67% -> 100.00%     
client [14] (testset)   loss: 0.0103 -> 0.0387  accuracy: 99.31% -> 98.61%      
client [99] (testset)   loss: 0.0254 -> 0.0246  accuracy: 100.00% -> 100.00%    
client [36] (testset)   loss: 0.0754 -> 0.0623  accuracy: 98.98% -> 98.98%      
client [30] (testset)   loss: 0.0009 -> 0.0008  accuracy: 100.00% -> 100.00%    
client [38] (testset)   loss: 0.1058 -> 0.1051  accuracy: 98.25% -> 98.25%      
client [15] (testset)   loss: 0.0450 -> 0.0446  accuracy: 99.08% -> 99.08%      
client [6]  (testset)   loss: 0.0073 -> 0.0057  accuracy: 99.74% -> 99.74%      
client [53] (testset)   loss: 0.0079 -> 0.0106  accuracy: 100.00% -> 100.00%    
---------------------------- TRAINING EPOCH: 220 ----------------------------   
client [99] (testset)   loss: 0.0058 -> 0.0147  accuracy: 100.00% -> 100.00%    
client [6]  (testset)   loss: 0.0149 -> 0.0059  accuracy: 99.74% -> 99.74%      
client [83] (testset)   loss: 0.0912 -> 0.0897  accuracy: 97.86% -> 98.58%      
client [42] (testset)   loss: 0.1764 -> 0.1527  accuracy: 96.72% -> 97.81%      
client [34] (testset)   loss: 0.4251 -> 0.4153  accuracy: 94.44% -> 94.44%      
client [15] (testset)   loss: 0.0835 -> 0.0781  accuracy: 99.08% -> 99.08%      
client [47] (testset)   loss: 0.0037 -> 0.0028  accuracy: 100.00% -> 100.00%    
client [55] (testset)   loss: 0.0240 -> 0.0244  accuracy: 99.74% -> 99.74%      
client [51] (testset)   loss: 0.0014 -> 0.0001  accuracy: 100.00% -> 100.00%    
client [95] (testset)   loss: 0.0043 -> 0.0008  accuracy: 99.64% -> 100.00%     
---------------------------- TRAINING EPOCH: 230 ----------------------------   
client [71] (testset)   loss: 0.0108 -> 0.0096  accuracy: 99.77% -> 99.77%      
client [15] (testset)   loss: 0.1872 -> 0.0817  accuracy: 96.33% -> 99.08%      
client [33] (testset)   loss: 0.1136 -> 0.0885  accuracy: 98.69% -> 99.35%      
client [99] (testset)   loss: 0.0036 -> 0.0044  accuracy: 100.00% -> 100.00%    
client [90] (testset)   loss: 0.0553 -> 0.0370  accuracy: 98.91% -> 98.91%      
client [57] (testset)   loss: 0.0296 -> 0.0002  accuracy: 98.55% -> 100.00%     
client [27] (testset)   loss: 0.0069 -> 0.0023  accuracy: 99.47% -> 100.00%     
client [78] (testset)   loss: 0.0345 -> 0.0252  accuracy: 99.36% -> 99.36%      
client [36] (testset)   loss: 0.0795 -> 0.0635  accuracy: 98.48% -> 98.98%      
client [88] (testset)   loss: 0.0557 -> 0.0535  accuracy: 98.53% -> 98.53%      
---------------------------- TRAINING EPOCH: 240 ----------------------------   
client [70] (testset)   loss: 0.0349 -> 0.0101  accuracy: 98.72% -> 99.82%      
client [35] (testset)   loss: 0.0045 -> 0.0040  accuracy: 100.00% -> 100.00%    
client [16] (testset)   loss: 0.0000 -> 0.0000  accuracy: 100.00% -> 100.00%    
client [80] (testset)   loss: 0.0000 -> 0.0000  accuracy: 100.00% -> 100.00%    
client [38] (testset)   loss: 0.0808 -> 0.0699  accuracy: 98.25% -> 98.25%      
client [78] (testset)   loss: 0.0245 -> 0.0178  accuracy: 98.09% -> 99.36%      
client [68] (testset)   loss: 0.0109 -> 0.0096  accuracy: 100.00% -> 100.00%    
client [11] (testset)   loss: 0.0000 -> 0.0000  accuracy: 100.00% -> 100.00%    
client [64] (testset)   loss: 0.0520 -> 0.0223  accuracy: 98.89% -> 99.17%      
client [82] (testset)   loss: 0.0005 -> 0.0005  accuracy: 100.00% -> 100.00%    
---------------------------- TRAINING EPOCH: 250 ----------------------------   
client [30] (testset)   loss: 0.0001 -> 0.0002  accuracy: 100.00% -> 100.00%    
client [27] (testset)   loss: 0.0005 -> 0.0010  accuracy: 100.00% -> 100.00%    
client [74] (testset)   loss: 0.1686 -> 0.1221  accuracy: 98.46% -> 98.77%      
client [45] (testset)   loss: 0.0326 -> 0.0362  accuracy: 99.39% -> 99.39%      
client [6]  (testset)   loss: 0.0129 -> 0.0084  accuracy: 99.48% -> 99.74%      
client [36] (testset)   loss: 0.0471 -> 0.0467  accuracy: 98.98% -> 98.98%      
client [63] (testset)   loss: 0.0231 -> 0.0205  accuracy: 99.27% -> 99.27%      
client [76] (testset)   loss: 0.0016 -> 0.0076  accuracy: 100.00% -> 100.00%    
client [83] (testset)   loss: 0.0781 -> 0.0863  accuracy: 97.86% -> 98.22%      
client [86] (testset)   loss: 0.0011 -> 0.0008  accuracy: 100.00% -> 100.00%    
---------------------------- TRAINING EPOCH: 260 ----------------------------   
client [83] (testset)   loss: 0.0661 -> 0.0831  accuracy: 98.58% -> 98.22%      
client [99] (testset)   loss: 0.0393 -> 0.0519  accuracy: 95.24% -> 95.24%      
client [74] (testset)   loss: 0.1683 -> 0.1506  accuracy: 98.77% -> 98.77%      
client [73] (testset)   loss: 0.0184 -> 0.0184  accuracy: 100.00% -> 100.00%    
client [29] (testset)   loss: 0.0729 -> 0.0672  accuracy: 98.52% -> 98.89%      
client [92] (testset)   loss: 0.0000 -> 0.0000  accuracy: 100.00% -> 100.00%    
client [6]  (testset)   loss: 0.0057 -> 0.0052  accuracy: 99.74% -> 99.74%      
client [61] (testset)   loss: 0.0024 -> 0.0003  accuracy: 100.00% -> 100.00%    
client [21] (testset)   loss: 0.0015 -> 0.0015  accuracy: 100.00% -> 100.00%    
client [67] (testset)   loss: 0.0000 -> 0.0000  accuracy: 100.00% -> 100.00%    
---------------------------- TRAINING EPOCH: 270 ----------------------------   
client [83] (testset)   loss: 0.1167 -> 0.0969  accuracy: 98.58% -> 98.58%      
client [32] (testset)   loss: 0.2119 -> 0.1366  accuracy: 96.03% -> 98.41%      
client [95] (testset)   loss: 0.0134 -> 0.0021  accuracy: 99.64% -> 100.00%     
client [61] (testset)   loss: 0.0019 -> 0.0004  accuracy: 100.00% -> 100.00%    
client [27] (testset)   loss: 0.0010 -> 0.0028  accuracy: 100.00% -> 100.00%    
client [25] (testset)   loss: 0.0000 -> 0.0000  accuracy: 100.00% -> 100.00%    
client [68] (testset)   loss: 0.0006 -> 0.0010  accuracy: 100.00% -> 100.00%    
client [34] (testset)   loss: 0.2446 -> 0.2432  accuracy: 94.44% -> 94.44%      
client [71] (testset)   loss: 0.0286 -> 0.0095  accuracy: 99.30% -> 99.77%      
client [89] (testset)   loss: 0.0012 -> 0.0009  accuracy: 100.00% -> 100.00%    
---------------------------- TRAINING EPOCH: 280 ----------------------------   
client [78] (testset)   loss: 0.0240 -> 0.0234  accuracy: 99.36% -> 99.36%      
client [81] (testset)   loss: 0.0002 -> 0.0002  accuracy: 100.00% -> 100.00%    
client [51] (testset)   loss: 0.0000 -> 0.0000  accuracy: 100.00% -> 100.00%    
client [54] (testset)   loss: 0.0199 -> 0.0148  accuracy: 97.67% -> 100.00%     
client [65] (testset)   loss: 0.0907 -> 0.0823  accuracy: 98.32% -> 98.32%      
client [41] (testset)   loss: 0.0000 -> 0.0000  accuracy: 100.00% -> 100.00%    
client [11] (testset)   loss: 0.0000 -> 0.0000  accuracy: 100.00% -> 100.00%    
client [85] (testset)   loss: 0.0225 -> 0.0232  accuracy: 98.96% -> 98.96%      
client [12] (testset)   loss: 0.0432 -> 0.0249  accuracy: 99.01% -> 99.50%      
client [23] (testset)   loss: 0.0001 -> 0.0002  accuracy: 100.00% -> 100.00%    
---------------------------- TRAINING EPOCH: 290 ----------------------------   
client [16] (testset)   loss: 0.0008 -> 0.0000  accuracy: 100.00% -> 100.00%    
client [65] (testset)   loss: 0.0999 -> 0.0777  accuracy: 98.32% -> 98.32%      
client [53] (testset)   loss: 0.0709 -> 0.0519  accuracy: 92.00% -> 96.00%      
client [58] (testset)   loss: 0.0015 -> 0.0015  accuracy: 100.00% -> 100.00%    
client [72] (testset)   loss: 0.0006 -> 0.0006  accuracy: 100.00% -> 100.00%    
client [7]  (testset)   loss: 0.0000 -> 0.0000  accuracy: 100.00% -> 100.00%    
client [71] (testset)   loss: 0.0126 -> 0.0074  accuracy: 99.77% -> 99.77%      
client [59] (testset)   loss: 0.0000 -> 0.0000  accuracy: 100.00% -> 100.00%    
client [86] (testset)   loss: 0.0040 -> 0.0015  accuracy: 99.73% -> 100.00%     
client [39] (testset)   loss: 0.0079 -> 0.0061  accuracy: 99.75% -> 99.75%      
---------------------------- TRAINING EPOCH: 300 ----------------------------   
client [99] (testset)   loss: 0.0044 -> 0.0059  accuracy: 100.00% -> 100.00%    
client [7]  (testset)   loss: 0.0000 -> 0.0000  accuracy: 100.00% -> 100.00%    
client [17] (testset)   loss: 0.0081 -> 0.0082  accuracy: 99.61% -> 99.61%      
client [64] (testset)   loss: 0.0379 -> 0.0271  accuracy: 98.89% -> 99.44%      
client [37] (testset)   loss: 0.0974 -> 0.1008  accuracy: 97.84% -> 97.84%      
client [29] (testset)   loss: 0.0644 -> 0.0634  accuracy: 99.26% -> 98.89%      
client [93] (testset)   loss: 0.0021 -> 0.0016  accuracy: 100.00% -> 100.00%    
client [73] (testset)   loss: 0.0418 -> 0.0415  accuracy: 97.06% -> 97.06%      
client [40] (testset)   loss: 0.0000 -> 0.0000  accuracy: 100.00% -> 100.00%    
client [76] (testset)   loss: 0.0096 -> 0.0095  accuracy: 98.70% -> 98.70%      
---------------------------- TRAINING EPOCH: 310 ----------------------------   
client [31] (testset)   loss: 1.1545 -> 1.1533  accuracy: 71.43% -> 71.43%      
client [89] (testset)   loss: 0.0000 -> 0.0000  accuracy: 100.00% -> 100.00%    
client [77] (testset)   loss: 0.0895 -> 0.0808  accuracy: 99.32% -> 99.32%      
client [90] (testset)   loss: 0.0798 -> 0.0656  accuracy: 98.91% -> 98.91%      
client [26] (testset)   loss: 0.0049 -> 0.0050  accuracy: 100.00% -> 100.00%    
client [50] (testset)   loss: 0.0381 -> 0.0207  accuracy: 98.97% -> 99.49%      
client [30] (testset)   loss: 0.0000 -> 0.0000  accuracy: 100.00% -> 100.00%    
client [70] (testset)   loss: 0.0101 -> 0.0117  accuracy: 99.82% -> 99.45%      
client [41] (testset)   loss: 0.0000 -> 0.0000  accuracy: 100.00% -> 100.00%    
client [99] (testset)   loss: 0.0117 -> 0.0121  accuracy: 100.00% -> 100.00%    
---------------------------- TRAINING EPOCH: 320 ----------------------------   
client [68] (testset)   loss: 0.0063 -> 0.0066  accuracy: 100.00% -> 100.00%    
client [70] (testset)   loss: 0.0121 -> 0.0098  accuracy: 99.82% -> 99.82%      
client [52] (testset)   loss: 0.0000 -> 0.0000  accuracy: 100.00% -> 100.00%    
client [1]  (testset)   loss: 0.0624 -> 0.0620  accuracy: 98.33% -> 98.33%      
client [2]  (testset)   loss: 0.0407 -> 0.0396  accuracy: 99.43% -> 99.24%      
client [67] (testset)   loss: 0.0000 -> 0.0000  accuracy: 100.00% -> 100.00%    
client [92] (testset)   loss: 0.0000 -> 0.0000  accuracy: 100.00% -> 100.00%    
client [35] (testset)   loss: 0.0183 -> 0.0181  accuracy: 99.02% -> 99.02%      
client [36] (testset)   loss: 0.0602 -> 0.0591  accuracy: 98.98% -> 98.98%      
client [64] (testset)   loss: 0.0360 -> 0.0328  accuracy: 99.44% -> 99.44%      
---------------------------- TRAINING EPOCH: 330 ----------------------------   
client [44] (testset)   loss: 0.0521 -> 0.0462  accuracy: 98.81% -> 99.10%      
client [6]  (testset)   loss: 0.0025 -> 0.0043  accuracy: 100.00% -> 99.74%     
client [12] (testset)   loss: 0.0640 -> 0.0278  accuracy: 99.01% -> 99.50%      
client [55] (testset)   loss: 0.0196 -> 0.0210  accuracy: 99.74% -> 99.74%      
client [29] (testset)   loss: 0.0780 -> 0.0746  accuracy: 98.89% -> 98.89%      
client [9]  (testset)   loss: 0.0158 -> 0.0157  accuracy: 99.35% -> 99.19%      
client [43] (testset)   loss: 0.0699 -> 0.0731  accuracy: 98.40% -> 97.86%      
client [77] (testset)   loss: 0.0594 -> 0.0526  accuracy: 99.32% -> 99.32%      
client [98] (testset)   loss: 0.0002 -> 0.0002  accuracy: 100.00% -> 100.00%    
client [78] (testset)   loss: 0.0324 -> 0.0309  accuracy: 99.36% -> 99.36%      
---------------------------- TRAINING EPOCH: 340 ----------------------------   
client [92] (testset)   loss: 0.0000 -> 0.0000  accuracy: 100.00% -> 100.00%    
client [80] (testset)   loss: 0.0002 -> 0.0002  accuracy: 100.00% -> 100.00%    
client [63] (testset)   loss: 0.0149 -> 0.0148  accuracy: 99.27% -> 99.27%      
client [76] (testset)   loss: 0.0002 -> 0.0003  accuracy: 100.00% -> 100.00%    
client [78] (testset)   loss: 0.1099 -> 0.0432  accuracy: 98.09% -> 99.36%      
client [25] (testset)   loss: 0.0000 -> 0.0000  accuracy: 100.00% -> 100.00%    
client [58] (testset)   loss: 0.0395 -> 0.0149  accuracy: 97.87% -> 99.29%      
client [13] (testset)   loss: 0.0023 -> 0.0025  accuracy: 100.00% -> 100.00%    
client [17] (testset)   loss: 0.0204 -> 0.0124  accuracy: 99.61% -> 99.61%      
client [38] (testset)   loss: 0.1486 -> 0.1450  accuracy: 98.25% -> 98.25%      
---------------------------- TRAINING EPOCH: 350 ----------------------------   
client [72] (testset)   loss: 0.0005 -> 0.0003  accuracy: 100.00% -> 100.00%    
client [82] (testset)   loss: 0.0022 -> 0.0022  accuracy: 100.00% -> 100.00%    
client [86] (testset)   loss: 0.0001 -> 0.0002  accuracy: 100.00% -> 100.00%    
client [51] (testset)   loss: 0.0000 -> 0.0000  accuracy: 100.00% -> 100.00%    
client [96] (testset)   loss: 0.0547 -> 0.0392  accuracy: 98.04% -> 99.02%      
client [42] (testset)   loss: 0.2411 -> 0.1669  accuracy: 96.17% -> 97.27%      
client [55] (testset)   loss: 0.0188 -> 0.0174  accuracy: 99.74% -> 99.74%      
client [13] (testset)   loss: 0.0001 -> 0.0001  accuracy: 100.00% -> 100.00%    
client [1]  (testset)   loss: 0.0098 -> 0.0086  accuracy: 100.00% -> 100.00%    
client [12] (testset)   loss: 0.0284 -> 0.0366  accuracy: 99.50% -> 99.01%      
---------------------------- TRAINING EPOCH: 360 ----------------------------   
client [68] (testset)   loss: 0.0039 -> 0.0046  accuracy: 100.00% -> 100.00%    
client [23] (testset)   loss: 0.0010 -> 0.0011  accuracy: 100.00% -> 100.00%    
client [46] (testset)   loss: 0.0428 -> 0.0279  accuracy: 99.10% -> 99.55%      
client [41] (testset)   loss: 0.0000 -> 0.0000  accuracy: 100.00% -> 100.00%    
client [25] (testset)   loss: 0.0000 -> 0.0000  accuracy: 100.00% -> 100.00%    
client [58] (testset)   loss: 0.0210 -> 0.0141  accuracy: 98.58% -> 99.29%      
client [14] (testset)   loss: 0.0447 -> 0.0411  accuracy: 98.61% -> 98.61%      
client [33] (testset)   loss: 0.1156 -> 0.1122  accuracy: 99.35% -> 99.35%      
client [85] (testset)   loss: 0.0876 -> 0.0882  accuracy: 97.93% -> 97.93%      
client [62] (testset)   loss: 0.0000 -> 0.0000  accuracy: 100.00% -> 100.00%    
---------------------------- TRAINING EPOCH: 370 ----------------------------   
client [98] (testset)   loss: 0.0008 -> 0.0008  accuracy: 100.00% -> 100.00%    
client [63] (testset)   loss: 0.0219 -> 0.0234  accuracy: 99.27% -> 99.27%      
client [70] (testset)   loss: 0.0097 -> 0.0086  accuracy: 99.63% -> 99.82%      
client [65] (testset)   loss: 0.1462 -> 0.1029  accuracy: 98.32% -> 98.32%      
client [14] (testset)   loss: 0.0542 -> 0.0350  accuracy: 97.92% -> 98.61%      
client [73] (testset)   loss: 0.0231 -> 0.0233  accuracy: 97.06% -> 97.06%      
client [34] (testset)   loss: 0.3726 -> 0.3775  accuracy: 94.44% -> 94.44%      
client [99] (testset)   loss: 0.0554 -> 0.0556  accuracy: 95.24% -> 95.24%      
client [69] (testset)   loss: 0.0006 -> 0.0005  accuracy: 100.00% -> 100.00%    
client [46] (testset)   loss: 0.0285 -> 0.0267  accuracy: 99.55% -> 99.10%      
---------------------------- TRAINING EPOCH: 380 ----------------------------   
client [99] (testset)   loss: 0.0033 -> 0.0034  accuracy: 100.00% -> 100.00%    
client [93] (testset)   loss: 0.0000 -> 0.0000  accuracy: 100.00% -> 100.00%    
client [11] (testset)   loss: 0.0000 -> 0.0000  accuracy: 100.00% -> 100.00%    
client [58] (testset)   loss: 0.0157 -> 0.0115  accuracy: 99.29% -> 99.29%      
client [81] (testset)   loss: 0.0005 -> 0.0003  accuracy: 100.00% -> 100.00%    
client [85] (testset)   loss: 0.1008 -> 0.0624  accuracy: 97.41% -> 98.96%      
client [89] (testset)   loss: 0.0000 -> 0.0000  accuracy: 100.00% -> 100.00%    
client [45] (testset)   loss: 0.0343 -> 0.0354  accuracy: 99.69% -> 99.69%      
client [8]  (testset)   loss: 0.0141 -> 0.0141  accuracy: 100.00% -> 100.00%    
client [68] (testset)   loss: 0.0195 -> 0.0191  accuracy: 98.31% -> 98.31%      
---------------------------- TRAINING EPOCH: 390 ----------------------------   
client [67] (testset)   loss: 0.0000 -> 0.0000  accuracy: 100.00% -> 100.00%    
client [72] (testset)   loss: 0.0002 -> 0.0001  accuracy: 100.00% -> 100.00%    
client [1]  (testset)   loss: 0.0156 -> 0.0134  accuracy: 98.33% -> 98.33%      
client [78] (testset)   loss: 0.0373 -> 0.0371  accuracy: 98.73% -> 98.73%      
client [83] (testset)   loss: 0.1117 -> 0.1097  accuracy: 97.86% -> 98.22%      
client [21] (testset)   loss: 0.0117 -> 0.0115  accuracy: 99.02% -> 99.02%      
client [56] (testset)   loss: 0.0005 -> 0.0003  accuracy: 100.00% -> 100.00%    
client [44] (testset)   loss: 0.0904 -> 0.0433  accuracy: 98.51% -> 98.81%      
client [92] (testset)   loss: 0.0000 -> 0.0000  accuracy: 100.00% -> 100.00%    
client [27] (testset)   loss: 0.0364 -> 0.0002  accuracy: 98.40% -> 100.00%     
---------------------------- TRAINING EPOCH: 400 ----------------------------   
client [10] (testset)   loss: 0.0001 -> 0.0001  accuracy: 100.00% -> 100.00%    
client [39] (testset)   loss: 0.0045 -> 0.0033  accuracy: 100.00% -> 99.75%     
client [65] (testset)   loss: 0.0980 -> 0.0840  accuracy: 98.32% -> 98.32%      
client [26] (testset)   loss: 0.0114 -> 0.0111  accuracy: 100.00% -> 100.00%    
client [19] (testset)   loss: 0.0110 -> 0.0080  accuracy: 100.00% -> 100.00%    
client [68] (testset)   loss: 0.0016 -> 0.0018  accuracy: 100.00% -> 100.00%    
client [41] (testset)   loss: 0.0000 -> 0.0000  accuracy: 100.00% -> 100.00%    
client [50] (testset)   loss: 0.0206 -> 0.0099  accuracy: 99.49% -> 99.49%      
client [75] (testset)   loss: 0.0454 -> 0.0431  accuracy: 99.38% -> 99.38%      
client [81] (testset)   loss: 0.0023 -> 0.0023  accuracy: 100.00% -> 100.00%    
Training... ━━━━━━━━━━━━━━━━━━━━━━━━━━━━━━━━━━━━━━━━ 100% 0:17:35
FedDpa's average time taken by each global epoch: 0 min 2.47 sec.               
FedDpa's total running time: 0 h 17 m 35 s.                                     
==================== FedDpa Experiment Results: ====================            
Display format: (before local fine-tuning) -> (after local fine-tuning)         
 So if finetune_epoch = 0, x.xx% -> 0.00% is normal.                            
 Centralized testing ONLY happens after model aggregation, so the stats between 
'->' are the same.                                                              
{                                                                               
    "100": {                                                                    
        "all_clients": {                                                        
            "test": {                                                           
                "loss": "0.0345 -> 0.0000",                                     
                "accuracy": "99.14% -> 0.00%"                                   
            }                                                                   
        }                                                                       
    },                                                                          
    "200": {                                                                    
        "all_clients": {                                                        
            "test": {                                                           
                "loss": "0.0358 -> 0.0000",                                     
                "accuracy": "99.27% -> 0.00%"                                   
            }                                                                   
        }                                                                       
    },                                                                          
    "300": {                                                                    
        "all_clients": {                                                        
            "test": {                                                           
                "loss": "0.0407 -> 0.0000",                                     
                "accuracy": "99.20% -> 0.00%"                                   
            }                                                                   
        }                                                                       
    },                                                                          
    "400": {                                                                    
        "all_clients": {                                                        
            "test": {                                                           
                "loss": "0.0385 -> 0.0000",                                     
                "accuracy": "99.27% -> 0.00%"                                   
            }                                                                   
        }                                                                       
    }                                                                           
}                                                                               
==================== FedDpa Max Accuracy ====================                   
all_clients:                                                                    
(test) before fine-tuning: 99.27% at epoch 200                                  
(test) after fine-tuning: 0.00% at epoch 100                                    
