==================== PSFL ====================                                  
Experiment Arguments:                                                           
{
│   'method': 'psfl',
│   'dataset': {
│   │   'name': 'mnist',
│   │   'client_num': 100,
│   │   'test_ratio': 0.25,
│   │   'val_ratio': 0.0,
│   │   'seed': 42,
│   │   'split': 'sample',
│   │   'IID_ratio': 0.0,
│   │   'monitor_window_name_suffix': 'mnist-100clients-0%IID-Dir(0.1)-seed42',
│   │   'alpha': 0.1,
│   │   'min_samples_per_client': 10
│   },
│   'model': {
│   │   'name': 'avgcnn',
│   │   'use_torchvision_pretrained_weights': True,
│   │   'external_model_weights_path': None
│   },
│   'optimizer': {
│   │   'lr': 0.01,
│   │   'dampening': 0,
│   │   'weight_decay': 0,
│   │   'momentum': 0,
│   │   'nesterov': False,
│   │   'name': 'sgd'
│   },
│   'mode': 'sequential',
│   'parallel': {
│   │   'ray_cluster_addr': None,
│   │   'num_cpus': None,
│   │   'num_gpus': None,
│   │   'num_workers': 2
│   },
│   'common': {
│   │   'seed': 42,
│   │   'join_ratio': 0.1,
│   │   'global_epoch': 400,
│   │   'local_epoch': 5,
│   │   'batch_size': 32,
│   │   'reset_optimizer_on_global_epoch': True,
│   │   'straggler_ratio': 0,
│   │   'straggler_min_local_epoch': 0,
│   │   'buffers': 'global',
│   │   'client_side_evaluation': True,
│   │   'test': {
│   │   │   'client': {
│   │   │   │   'interval': 100,
│   │   │   │   'finetune_epoch': 0,
│   │   │   │   'train': False,
│   │   │   │   'val': False,
│   │   │   │   'test': True
│   │   │   },
│   │   │   'server': {
│   │   │   │   'interval': -1,
│   │   │   │   'train': False,
│   │   │   │   'val': False,
│   │   │   │   'test': False,
│   │   │   │   'model_in_train_mode': False
│   │   │   }
│   │   },
│   │   'verbose_gap': 10,
│   │   'monitor': None,
│   │   'use_cuda': True,
│   │   'save_log': True,
│   │   'save_model': False,
│   │   'save_learning_curve_plot': False,
│   │   'save_metrics': True,
│   │   'delete_useless_run': True
│   },
│   'psfl': {
│   │   'alpha': 0.0,
│   │   'CLS': True,
│   │   'ig_ratio': 0.99993,
│   │   'track': False
│   }
}
---------------------------- TRAINING EPOCH: 10 ----------------------------    
client [77] (testset)   loss: 0.0802 -> 0.0621  accuracy: 97.95% -> 97.26%      
client [81] (testset)   loss: 0.0381 -> 0.0303  accuracy: 98.77% -> 99.38%      
client [21] (testset)   loss: 0.1853 -> 0.0454  accuracy: 93.14% -> 98.04%      
client [68] (testset)   loss: 0.0585 -> 0.0505  accuracy: 98.31% -> 98.31%      
client [93] (testset)   loss: 0.1208 -> 0.0201  accuracy: 93.55% -> 100.00%     
client [31] (testset)   loss: 0.2013 -> 0.1400  accuracy: 85.71% -> 85.71%      
client [20] (testset)   loss: 0.0982 -> 0.1071  accuracy: 96.38% -> 96.83%      
client [59] (testset)   loss: 0.0075 -> 0.0114  accuracy: 100.00% -> 100.00%    
client [48] (testset)   loss: 0.0075 -> 0.0061  accuracy: 100.00% -> 100.00%    
client [34] (testset)   loss: 0.2740 -> 0.4221  accuracy: 94.44% -> 94.44%      
---------------------------- TRAINING EPOCH: 20 ----------------------------    
client [69] (testset)   loss: 0.0030 -> 0.0064  accuracy: 100.00% -> 99.64%     
client [99] (testset)   loss: 0.1041 -> 0.0458  accuracy: 95.24% -> 95.24%      
client [67] (testset)   loss: 0.0024 -> 0.0001  accuracy: 100.00% -> 100.00%    
client [0]  (testset)   loss: 0.0093 -> 0.0034  accuracy: 100.00% -> 100.00%    
client [76] (testset)   loss: 0.0334 -> 0.0448  accuracy: 98.70% -> 98.70%      
client [41] (testset)   loss: 0.0067 -> 0.0026  accuracy: 100.00% -> 100.00%    
client [62] (testset)   loss: 0.0401 -> 0.0046  accuracy: 99.45% -> 100.00%     
client [2]  (testset)   loss: 0.0588 -> 0.0038  accuracy: 98.48% -> 100.00%     
client [14] (testset)   loss: 0.0056 -> 0.0169  accuracy: 100.00% -> 99.31%     
client [46] (testset)   loss: 0.0398 -> 0.0344  accuracy: 98.42% -> 98.65%      
---------------------------- TRAINING EPOCH: 30 ----------------------------    
client [24] (testset)   loss: 0.1022 -> 0.1176  accuracy: 97.30% -> 95.95%      
client [68] (testset)   loss: 0.0357 -> 0.0453  accuracy: 98.31% -> 98.31%      
client [57] (testset)   loss: 0.0280 -> 0.0216  accuracy: 99.52% -> 99.52%      
client [17] (testset)   loss: 0.0247 -> 0.0240  accuracy: 99.22% -> 99.22%      
client [54] (testset)   loss: 0.1769 -> 0.2611  accuracy: 93.02% -> 93.02%      
client [23] (testset)   loss: 0.0752 -> 0.0030  accuracy: 97.14% -> 100.00%     
client [35] (testset)   loss: 0.0145 -> 0.0163  accuracy: 100.00% -> 99.02%     
client [59] (testset)   loss: 0.0045 -> 0.0053  accuracy: 100.00% -> 100.00%    
client [31] (testset)   loss: 0.2803 -> 0.2518  accuracy: 85.71% -> 85.71%      
client [9]  (testset)   loss: 0.0347 -> 0.0371  accuracy: 98.70% -> 98.53%      
---------------------------- TRAINING EPOCH: 40 ----------------------------    
client [64] (testset)   loss: 0.0118 -> 0.0129  accuracy: 99.72% -> 99.72%      
client [33] (testset)   loss: 0.0674 -> 0.0700  accuracy: 99.51% -> 99.51%      
client [16] (testset)   loss: 0.0003 -> 0.0003  accuracy: 100.00% -> 100.00%    
client [44] (testset)   loss: 0.0585 -> 0.0553  accuracy: 98.51% -> 98.51%      
client [8]  (testset)   loss: 0.0118 -> 0.0098  accuracy: 100.00% -> 100.00%    
client [31] (testset)   loss: 0.0145 -> 0.0159  accuracy: 100.00% -> 100.00%    
client [47] (testset)   loss: 0.0009 -> 0.0005  accuracy: 100.00% -> 100.00%    
client [36] (testset)   loss: 0.0968 -> 0.0497  accuracy: 96.95% -> 98.98%      
client [20] (testset)   loss: 0.0894 -> 0.0795  accuracy: 96.83% -> 98.19%      
client [56] (testset)   loss: 0.0042 -> 0.0045  accuracy: 100.00% -> 100.00%    
---------------------------- TRAINING EPOCH: 50 ----------------------------    
client [4]  (testset)   loss: 0.0018 -> 0.0023  accuracy: 100.00% -> 100.00%    
client [60] (testset)   loss: 0.0688 -> 0.0684  accuracy: 98.00% -> 97.00%      
client [28] (testset)   loss: 0.0000 -> 0.0000  accuracy: 100.00% -> 100.00%    
client [25] (testset)   loss: 0.0003 -> 0.0001  accuracy: 100.00% -> 100.00%    
client [58] (testset)   loss: 0.0361 -> 0.0354  accuracy: 99.29% -> 98.58%      
client [44] (testset)   loss: 0.0488 -> 0.0382  accuracy: 98.81% -> 99.70%      
client [39] (testset)   loss: 0.0019 -> 0.0018  accuracy: 100.00% -> 100.00%    
client [29] (testset)   loss: 0.0619 -> 0.0655  accuracy: 98.89% -> 98.89%      
client [3]  (testset)   loss: 0.0272 -> 0.0201  accuracy: 99.16% -> 99.58%      
client [84] (testset)   loss: 0.0003 -> 0.0003  accuracy: 100.00% -> 100.00%    
---------------------------- TRAINING EPOCH: 60 ----------------------------    
client [21] (testset)   loss: 0.0293 -> 0.0125  accuracy: 98.04% -> 99.02%      
client [84] (testset)   loss: 0.0001 -> 0.0001  accuracy: 100.00% -> 100.00%    
client [10] (testset)   loss: 0.0001 -> 0.0001  accuracy: 100.00% -> 100.00%    
client [36] (testset)   loss: 0.0541 -> 0.0578  accuracy: 98.98% -> 98.98%      
client [65] (testset)   loss: 0.0410 -> 0.0370  accuracy: 98.74% -> 98.74%      
client [81] (testset)   loss: 0.0041 -> 0.0026  accuracy: 100.00% -> 100.00%    
client [79] (testset)   loss: 0.0037 -> 0.0034  accuracy: 100.00% -> 100.00%    
client [42] (testset)   loss: 0.1728 -> 0.1728  accuracy: 97.81% -> 97.81%      
client [11] (testset)   loss: 0.0000 -> 0.0000  accuracy: 100.00% -> 100.00%    
client [96] (testset)   loss: 0.0304 -> 0.0276  accuracy: 99.02% -> 99.02%      
---------------------------- TRAINING EPOCH: 70 ----------------------------    
client [8]  (testset)   loss: 0.0357 -> 0.0349  accuracy: 97.62% -> 97.62%      
client [53] (testset)   loss: 0.0317 -> 0.0292  accuracy: 96.00% -> 96.00%      
client [52] (testset)   loss: 0.0000 -> 0.0000  accuracy: 100.00% -> 100.00%    
client [42] (testset)   loss: 0.1873 -> 0.1860  accuracy: 98.36% -> 97.81%      
client [69] (testset)   loss: 0.0036 -> 0.0042  accuracy: 100.00% -> 99.82%     
client [59] (testset)   loss: 0.0003 -> 0.0003  accuracy: 100.00% -> 100.00%    
client [7]  (testset)   loss: 0.0000 -> 0.0000  accuracy: 100.00% -> 100.00%    
client [26] (testset)   loss: 0.1104 -> 0.1142  accuracy: 95.83% -> 95.83%      
client [49] (testset)   loss: 0.0006 -> 0.0004  accuracy: 100.00% -> 100.00%    
client [98] (testset)   loss: 0.0123 -> 0.0116  accuracy: 100.00% -> 100.00%    
---------------------------- TRAINING EPOCH: 80 ----------------------------    
client [98] (testset)   loss: 0.0069 -> 0.0060  accuracy: 100.00% -> 100.00%    
client [47] (testset)   loss: 0.0002 -> 0.0002  accuracy: 100.00% -> 100.00%    
client [21] (testset)   loss: 0.0102 -> 0.0081  accuracy: 100.00% -> 100.00%    
client [77] (testset)   loss: 0.0539 -> 0.0538  accuracy: 97.95% -> 97.95%      
client [95] (testset)   loss: 0.0017 -> 0.0014  accuracy: 100.00% -> 100.00%    
client [91] (testset)   loss: 0.0321 -> 0.0335  accuracy: 99.01% -> 99.34%      
client [14] (testset)   loss: 0.0358 -> 0.0386  accuracy: 98.61% -> 98.61%      
client [99] (testset)   loss: 0.0123 -> 0.0139  accuracy: 100.00% -> 100.00%    
client [20] (testset)   loss: 0.0890 -> 0.0867  accuracy: 98.19% -> 97.74%      
client [39] (testset)   loss: 0.0016 -> 0.0014  accuracy: 100.00% -> 100.00%    
---------------------------- TRAINING EPOCH: 90 ----------------------------    
client [52] (testset)   loss: 0.0000 -> 0.0000  accuracy: 100.00% -> 100.00%    
client [62] (testset)   loss: 0.0001 -> 0.0001  accuracy: 100.00% -> 100.00%    
client [71] (testset)   loss: 0.0150 -> 0.0167  accuracy: 99.77% -> 99.77%      
client [97] (testset)   loss: 0.0042 -> 0.0057  accuracy: 99.67% -> 99.67%      
client [30] (testset)   loss: 0.1451 -> 0.1470  accuracy: 97.50% -> 97.50%      
client [88] (testset)   loss: 0.0002 -> 0.0002  accuracy: 100.00% -> 100.00%    
client [60] (testset)   loss: 0.0716 -> 0.0735  accuracy: 98.00% -> 98.00%      
client [82] (testset)   loss: 0.1270 -> 0.1286  accuracy: 97.18% -> 97.18%      
client [91] (testset)   loss: 0.0347 -> 0.0354  accuracy: 99.17% -> 99.34%      
client [57] (testset)   loss: 0.0200 -> 0.0202  accuracy: 99.52% -> 99.52%      
---------------------------- TRAINING EPOCH: 100 ----------------------------   
client [31] (testset)   loss: 0.0060 -> 0.0059  accuracy: 100.00% -> 100.00%    
client [15] (testset)   loss: 0.0575 -> 0.0565  accuracy: 99.08% -> 99.08%      
client [71] (testset)   loss: 0.0173 -> 0.0174  accuracy: 99.54% -> 99.77%      
client [97] (testset)   loss: 0.0054 -> 0.0056  accuracy: 99.67% -> 99.67%      
client [53] (testset)   loss: 0.0150 -> 0.0155  accuracy: 100.00% -> 100.00%    
client [77] (testset)   loss: 0.0615 -> 0.0609  accuracy: 97.95% -> 97.95%      
client [76] (testset)   loss: 0.0617 -> 0.0638  accuracy: 98.70% -> 98.70%      
client [79] (testset)   loss: 0.0021 -> 0.0020  accuracy: 100.00% -> 100.00%    
client [28] (testset)   loss: 0.0000 -> 0.0000  accuracy: 100.00% -> 100.00%    
client [99] (testset)   loss: 0.0120 -> 0.0118  accuracy: 100.00% -> 100.00%    
---------------------------- TRAINING EPOCH: 110 ----------------------------   
client [97] (testset)   loss: 0.0065 -> 0.0050  accuracy: 99.67% -> 99.67%      
client [86] (testset)   loss: 0.0022 -> 0.0022  accuracy: 100.00% -> 100.00%    
client [34] (testset)   loss: 0.4858 -> 0.4871  accuracy: 94.44% -> 94.44%      
client [73] (testset)   loss: 0.0927 -> 0.0968  accuracy: 97.06% -> 97.06%      
client [5]  (testset)   loss: 0.0654 -> 0.0732  accuracy: 98.62% -> 98.62%      
client [96] (testset)   loss: 0.0164 -> 0.0163  accuracy: 99.02% -> 99.02%      
client [22] (testset)   loss: 0.0001 -> 0.0001  accuracy: 100.00% -> 100.00%    
client [60] (testset)   loss: 0.0558 -> 0.0588  accuracy: 98.00% -> 98.00%      
client [66] (testset)   loss: 0.0062 -> 0.0112  accuracy: 100.00% -> 99.12%     
client [83] (testset)   loss: 0.1583 -> 0.1611  accuracy: 97.51% -> 97.51%      
---------------------------- TRAINING EPOCH: 120 ----------------------------   
client [76] (testset)   loss: 0.0608 -> 0.0643  accuracy: 98.70% -> 98.70%      
client [65] (testset)   loss: 0.0448 -> 0.0426  accuracy: 98.74% -> 98.74%      
client [95] (testset)   loss: 0.0013 -> 0.0013  accuracy: 100.00% -> 100.00%    
client [17] (testset)   loss: 0.0206 -> 0.0248  accuracy: 99.22% -> 98.83%      
client [8]  (testset)   loss: 0.0275 -> 0.0274  accuracy: 97.62% -> 97.62%      
client [35] (testset)   loss: 0.0012 -> 0.0011  accuracy: 100.00% -> 100.00%    
client [98] (testset)   loss: 0.0064 -> 0.0062  accuracy: 100.00% -> 100.00%    
client [53] (testset)   loss: 0.0148 -> 0.0148  accuracy: 100.00% -> 100.00%    
client [43] (testset)   loss: 0.0948 -> 0.0908  accuracy: 97.33% -> 97.33%      
client [64] (testset)   loss: 0.0195 -> 0.0188  accuracy: 99.72% -> 99.72%      
---------------------------- TRAINING EPOCH: 130 ----------------------------   
client [21] (testset)   loss: 0.0063 -> 0.0053  accuracy: 100.00% -> 100.00%    
client [88] (testset)   loss: 0.0003 -> 0.0003  accuracy: 100.00% -> 100.00%    
client [38] (testset)   loss: 0.0641 -> 0.0611  accuracy: 98.25% -> 98.25%      
client [3]  (testset)   loss: 0.0181 -> 0.0197  accuracy: 99.58% -> 99.58%      
client [5]  (testset)   loss: 0.0753 -> 0.0765  accuracy: 98.62% -> 98.62%      
client [41] (testset)   loss: 0.0009 -> 0.0009  accuracy: 100.00% -> 100.00%    
client [7]  (testset)   loss: 0.0000 -> 0.0000  accuracy: 100.00% -> 100.00%    
client [37] (testset)   loss: 0.1832 -> 0.1823  accuracy: 96.54% -> 96.54%      
client [45] (testset)   loss: 0.0479 -> 0.0485  accuracy: 99.39% -> 99.39%      
client [47] (testset)   loss: 0.0000 -> 0.0000  accuracy: 100.00% -> 100.00%    
---------------------------- TRAINING EPOCH: 140 ----------------------------   
client [16] (testset)   loss: 0.0000 -> 0.0000  accuracy: 100.00% -> 100.00%    
client [11] (testset)   loss: 0.0000 -> 0.0000  accuracy: 100.00% -> 100.00%    
client [37] (testset)   loss: 0.1842 -> 0.1885  accuracy: 96.97% -> 96.54%      
client [41] (testset)   loss: 0.0009 -> 0.0008  accuracy: 100.00% -> 100.00%    
client [95] (testset)   loss: 0.0013 -> 0.0012  accuracy: 100.00% -> 100.00%    
client [53] (testset)   loss: 0.0174 -> 0.0174  accuracy: 100.00% -> 100.00%    
client [22] (testset)   loss: 0.0001 -> 0.0001  accuracy: 100.00% -> 100.00%    
client [25] (testset)   loss: 0.0000 -> 0.0000  accuracy: 100.00% -> 100.00%    
client [69] (testset)   loss: 0.0031 -> 0.0035  accuracy: 99.82% -> 99.82%      
client [46] (testset)   loss: 0.0397 -> 0.0411  accuracy: 99.10% -> 99.10%      
---------------------------- TRAINING EPOCH: 150 ----------------------------   
client [47] (testset)   loss: 0.0000 -> 0.0000  accuracy: 100.00% -> 100.00%    
client [69] (testset)   loss: 0.0033 -> 0.0033  accuracy: 100.00% -> 99.82%     
client [82] (testset)   loss: 0.1303 -> 0.1316  accuracy: 97.18% -> 97.18%      
client [45] (testset)   loss: 0.0464 -> 0.0487  accuracy: 99.39% -> 99.39%      
client [7]  (testset)   loss: 0.0000 -> 0.0000  accuracy: 100.00% -> 100.00%    
client [50] (testset)   loss: 0.0312 -> 0.0335  accuracy: 98.46% -> 97.44%      
client [35] (testset)   loss: 0.0008 -> 0.0007  accuracy: 100.00% -> 100.00%    
client [24] (testset)   loss: 0.1535 -> 0.1552  accuracy: 97.30% -> 97.30%      
client [15] (testset)   loss: 0.0638 -> 0.0634  accuracy: 99.08% -> 99.08%      
client [58] (testset)   loss: 0.0444 -> 0.0461  accuracy: 98.58% -> 98.58%      
---------------------------- TRAINING EPOCH: 160 ----------------------------   
client [48] (testset)   loss: 0.0000 -> 0.0000  accuracy: 100.00% -> 100.00%    
client [76] (testset)   loss: 0.0652 -> 0.0666  accuracy: 98.70% -> 98.70%      
client [67] (testset)   loss: 0.0000 -> 0.0000  accuracy: 100.00% -> 100.00%    
client [37] (testset)   loss: 0.1886 -> 0.1886  accuracy: 96.54% -> 96.54%      
client [58] (testset)   loss: 0.0502 -> 0.0515  accuracy: 98.58% -> 98.58%      
client [64] (testset)   loss: 0.0188 -> 0.0207  accuracy: 99.72% -> 99.72%      
client [77] (testset)   loss: 0.0705 -> 0.0696  accuracy: 97.95% -> 97.95%      
client [55] (testset)   loss: 0.0079 -> 0.0082  accuracy: 99.49% -> 99.49%      
client [12] (testset)   loss: 0.0259 -> 0.0235  accuracy: 99.50% -> 99.50%      
client [89] (testset)   loss: 0.0000 -> 0.0000  accuracy: 100.00% -> 100.00%    
---------------------------- TRAINING EPOCH: 170 ----------------------------   
client [84] (testset)   loss: 0.0000 -> 0.0000  accuracy: 100.00% -> 100.00%    
client [51] (testset)   loss: 0.0000 -> 0.0000  accuracy: 100.00% -> 100.00%    
client [8]  (testset)   loss: 0.0568 -> 0.0553  accuracy: 97.62% -> 97.62%      
client [18] (testset)   loss: 0.0509 -> 0.0524  accuracy: 98.28% -> 98.28%      
client [94] (testset)   loss: 0.0000 -> 0.0000  accuracy: 100.00% -> 100.00%    
client [81] (testset)   loss: 0.0008 -> 0.0009  accuracy: 100.00% -> 100.00%    
client [3]  (testset)   loss: 0.0190 -> 0.0187  accuracy: 99.58% -> 99.58%      
client [11] (testset)   loss: 0.0000 -> 0.0000  accuracy: 100.00% -> 100.00%    
client [95] (testset)   loss: 0.0034 -> 0.0025  accuracy: 99.64% -> 100.00%     
client [67] (testset)   loss: 0.0000 -> 0.0000  accuracy: 100.00% -> 100.00%    
---------------------------- TRAINING EPOCH: 180 ----------------------------   
client [21] (testset)   loss: 0.0046 -> 0.0044  accuracy: 100.00% -> 100.00%    
client [79] (testset)   loss: 0.0021 -> 0.0016  accuracy: 100.00% -> 100.00%    
client [58] (testset)   loss: 0.0456 -> 0.0459  accuracy: 99.29% -> 99.29%      
client [88] (testset)   loss: 0.0002 -> 0.0002  accuracy: 100.00% -> 100.00%    
client [46] (testset)   loss: 0.0411 -> 0.0439  accuracy: 99.32% -> 99.10%      
client [11] (testset)   loss: 0.0000 -> 0.0000  accuracy: 100.00% -> 100.00%    
client [55] (testset)   loss: 0.0126 -> 0.0102  accuracy: 99.23% -> 99.49%      
client [13] (testset)   loss: 0.0291 -> 0.0135  accuracy: 100.00% -> 100.00%    
client [31] (testset)   loss: 0.0020 -> 0.0020  accuracy: 100.00% -> 100.00%    
client [75] (testset)   loss: 0.0253 -> 0.0257  accuracy: 99.38% -> 99.38%      
---------------------------- TRAINING EPOCH: 190 ----------------------------   
client [19] (testset)   loss: 0.0664 -> 0.0690  accuracy: 98.15% -> 98.15%      
client [7]  (testset)   loss: 0.0000 -> 0.0000  accuracy: 100.00% -> 100.00%    
client [57] (testset)   loss: 0.0124 -> 0.0129  accuracy: 99.52% -> 99.52%      
client [13] (testset)   loss: 0.0157 -> 0.0172  accuracy: 100.00% -> 100.00%    
client [43] (testset)   loss: 0.0884 -> 0.0887  accuracy: 97.33% -> 97.33%      
client [91] (testset)   loss: 0.0433 -> 0.0429  accuracy: 99.34% -> 99.50%      
client [10] (testset)   loss: 0.0001 -> 0.0001  accuracy: 100.00% -> 100.00%    
client [64] (testset)   loss: 0.0204 -> 0.0217  accuracy: 99.72% -> 99.72%      
client [82] (testset)   loss: 0.1225 -> 0.1234  accuracy: 97.18% -> 97.18%      
client [22] (testset)   loss: 0.0000 -> 0.0000  accuracy: 100.00% -> 100.00%    
---------------------------- TRAINING EPOCH: 200 ----------------------------   
client [20] (testset)   loss: 0.1010 -> 0.1012  accuracy: 97.74% -> 97.74%      
client [23] (testset)   loss: 0.0001 -> 0.0001  accuracy: 100.00% -> 100.00%    
client [88] (testset)   loss: 0.0004 -> 0.0003  accuracy: 100.00% -> 100.00%    
client [98] (testset)   loss: 0.0019 -> 0.0020  accuracy: 100.00% -> 100.00%    
client [79] (testset)   loss: 0.0011 -> 0.0010  accuracy: 100.00% -> 100.00%    
client [21] (testset)   loss: 0.0059 -> 0.0056  accuracy: 100.00% -> 100.00%    
client [92] (testset)   loss: 0.0000 -> 0.0000  accuracy: 100.00% -> 100.00%    
client [56] (testset)   loss: 0.0012 -> 0.0023  accuracy: 100.00% -> 100.00%    
client [5]  (testset)   loss: 0.0711 -> 0.0781  accuracy: 98.62% -> 98.62%      
client [52] (testset)   loss: 0.0000 -> 0.0000  accuracy: 100.00% -> 100.00%    
---------------------------- TRAINING EPOCH: 210 ----------------------------   
client [67] (testset)   loss: 0.0000 -> 0.0000  accuracy: 100.00% -> 100.00%    
client [54] (testset)   loss: 0.0962 -> 0.0963  accuracy: 97.67% -> 97.67%      
client [14] (testset)   loss: 0.0371 -> 0.0373  accuracy: 99.31% -> 99.31%      
client [99] (testset)   loss: 0.0108 -> 0.0108  accuracy: 100.00% -> 100.00%    
client [36] (testset)   loss: 0.0630 -> 0.0646  accuracy: 98.98% -> 98.98%      
client [30] (testset)   loss: 0.1026 -> 0.1260  accuracy: 97.50% -> 97.50%      
client [38] (testset)   loss: 0.0644 -> 0.0637  accuracy: 98.25% -> 98.25%      
client [15] (testset)   loss: 0.0652 -> 0.0630  accuracy: 99.08% -> 99.08%      
client [6]  (testset)   loss: 0.0200 -> 0.0209  accuracy: 99.22% -> 99.22%      
client [53] (testset)   loss: 0.0028 -> 0.0032  accuracy: 100.00% -> 100.00%    
---------------------------- TRAINING EPOCH: 220 ----------------------------   
client [99] (testset)   loss: 0.0131 -> 0.0118  accuracy: 100.00% -> 100.00%    
client [6]  (testset)   loss: 0.0212 -> 0.0215  accuracy: 99.48% -> 99.22%      
client [83] (testset)   loss: 0.1719 -> 0.1784  accuracy: 97.51% -> 97.51%      
client [42] (testset)   loss: 0.2250 -> 0.2244  accuracy: 98.36% -> 97.81%      
client [34] (testset)   loss: 0.5359 -> 0.5382  accuracy: 94.44% -> 94.44%      
client [15] (testset)   loss: 0.0633 -> 0.0647  accuracy: 99.08% -> 99.08%      
client [47] (testset)   loss: 0.0000 -> 0.0000  accuracy: 100.00% -> 100.00%    
client [55] (testset)   loss: 0.0086 -> 0.0071  accuracy: 99.49% -> 99.49%      
client [51] (testset)   loss: 0.0000 -> 0.0000  accuracy: 100.00% -> 100.00%    
client [95] (testset)   loss: 0.0022 -> 0.0019  accuracy: 100.00% -> 100.00%    
---------------------------- TRAINING EPOCH: 230 ----------------------------   
client [71] (testset)   loss: 0.0216 -> 0.0221  accuracy: 99.54% -> 99.54%      
client [15] (testset)   loss: 0.0652 -> 0.0655  accuracy: 99.08% -> 99.08%      
client [33] (testset)   loss: 0.0975 -> 0.0981  accuracy: 99.51% -> 99.51%      
client [99] (testset)   loss: 0.0120 -> 0.0100  accuracy: 100.00% -> 100.00%    
client [90] (testset)   loss: 0.0547 -> 0.0574  accuracy: 98.54% -> 98.18%      
client [57] (testset)   loss: 0.0063 -> 0.0071  accuracy: 99.52% -> 99.52%      
client [27] (testset)   loss: 0.0055 -> 0.0059  accuracy: 100.00% -> 99.47%     
client [78] (testset)   loss: 0.0112 -> 0.0113  accuracy: 99.36% -> 99.36%      
client [36] (testset)   loss: 0.0647 -> 0.0645  accuracy: 98.98% -> 98.98%      
client [88] (testset)   loss: 0.0003 -> 0.0002  accuracy: 100.00% -> 100.00%    
---------------------------- TRAINING EPOCH: 240 ----------------------------   
client [70] (testset)   loss: 0.0313 -> 0.0305  accuracy: 99.27% -> 99.27%      
client [35] (testset)   loss: 0.0006 -> 0.0006  accuracy: 100.00% -> 100.00%    
client [16] (testset)   loss: 0.0000 -> 0.0000  accuracy: 100.00% -> 100.00%    
client [80] (testset)   loss: 0.0000 -> 0.0000  accuracy: 100.00% -> 100.00%    
client [38] (testset)   loss: 0.0644 -> 0.0628  accuracy: 98.25% -> 98.25%      
client [78] (testset)   loss: 0.0122 -> 0.0122  accuracy: 99.36% -> 99.36%      
client [68] (testset)   loss: 0.0599 -> 0.0567  accuracy: 98.31% -> 98.31%      
client [11] (testset)   loss: 0.0000 -> 0.0000  accuracy: 100.00% -> 100.00%    
client [64] (testset)   loss: 0.0220 -> 0.0233  accuracy: 99.72% -> 99.72%      
client [82] (testset)   loss: 0.1140 -> 0.1148  accuracy: 97.18% -> 97.18%      
---------------------------- TRAINING EPOCH: 250 ----------------------------   
client [30] (testset)   loss: 0.1357 -> 0.1434  accuracy: 97.50% -> 97.50%      
client [27] (testset)   loss: 0.0041 -> 0.0045  accuracy: 100.00% -> 100.00%    
client [74] (testset)   loss: 0.1641 -> 0.1632  accuracy: 98.15% -> 98.15%      
client [45] (testset)   loss: 0.0531 -> 0.0543  accuracy: 99.39% -> 99.39%      
client [6]  (testset)   loss: 0.0249 -> 0.0224  accuracy: 99.22% -> 99.22%      
client [36] (testset)   loss: 0.0659 -> 0.0670  accuracy: 98.98% -> 98.98%      
client [63] (testset)   loss: 0.0173 -> 0.0197  accuracy: 99.27% -> 99.27%      
client [76] (testset)   loss: 0.0614 -> 0.0672  accuracy: 98.70% -> 98.70%      
client [83] (testset)   loss: 0.1781 -> 0.1858  accuracy: 97.51% -> 97.51%      
client [86] (testset)   loss: 0.0007 -> 0.0007  accuracy: 100.00% -> 100.00%    
---------------------------- TRAINING EPOCH: 260 ----------------------------   
client [83] (testset)   loss: 0.1781 -> 0.1874  accuracy: 97.51% -> 97.51%      
client [99] (testset)   loss: 0.0094 -> 0.0083  accuracy: 100.00% -> 100.00%    
client [74] (testset)   loss: 0.1577 -> 0.1662  accuracy: 98.46% -> 98.15%      
client [73] (testset)   loss: 0.1349 -> 0.1519  accuracy: 94.12% -> 91.18%      
client [29] (testset)   loss: 0.0726 -> 0.0726  accuracy: 99.26% -> 99.26%      
client [92] (testset)   loss: 0.0000 -> 0.0000  accuracy: 100.00% -> 100.00%    
client [6]  (testset)   loss: 0.0237 -> 0.0227  accuracy: 99.22% -> 99.22%      
client [61] (testset)   loss: 0.0004 -> 0.0005  accuracy: 100.00% -> 100.00%    
client [21] (testset)   loss: 0.0021 -> 0.0024  accuracy: 100.00% -> 100.00%    
client [67] (testset)   loss: 0.0000 -> 0.0000  accuracy: 100.00% -> 100.00%    
---------------------------- TRAINING EPOCH: 270 ----------------------------   
client [83] (testset)   loss: 0.1880 -> 0.1879  accuracy: 97.15% -> 97.15%      
client [32] (testset)   loss: 0.1066 -> 0.1064  accuracy: 98.41% -> 98.41%      
client [95] (testset)   loss: 0.0027 -> 0.0022  accuracy: 100.00% -> 100.00%    
client [61] (testset)   loss: 0.0005 -> 0.0005  accuracy: 100.00% -> 100.00%    
client [27] (testset)   loss: 0.0040 -> 0.0041  accuracy: 100.00% -> 100.00%    
client [25] (testset)   loss: 0.0000 -> 0.0000  accuracy: 100.00% -> 100.00%    
client [68] (testset)   loss: 0.0666 -> 0.0679  accuracy: 98.31% -> 98.31%      
client [34] (testset)   loss: 0.5533 -> 0.5556  accuracy: 94.44% -> 94.44%      
client [71] (testset)   loss: 0.0239 -> 0.0232  accuracy: 99.54% -> 99.54%      
client [89] (testset)   loss: 0.0000 -> 0.0000  accuracy: 100.00% -> 100.00%    
---------------------------- TRAINING EPOCH: 280 ----------------------------   
client [78] (testset)   loss: 0.0148 -> 0.0149  accuracy: 99.36% -> 99.36%      
client [81] (testset)   loss: 0.0009 -> 0.0008  accuracy: 100.00% -> 100.00%    
client [51] (testset)   loss: 0.0000 -> 0.0000  accuracy: 100.00% -> 100.00%    
client [54] (testset)   loss: 0.0697 -> 0.0714  accuracy: 97.67% -> 97.67%      
client [65] (testset)   loss: 0.0564 -> 0.0544  accuracy: 98.74% -> 98.74%      
client [41] (testset)   loss: 0.0006 -> 0.0006  accuracy: 100.00% -> 100.00%    
client [11] (testset)   loss: 0.0000 -> 0.0000  accuracy: 100.00% -> 100.00%    
client [85] (testset)   loss: 0.0692 -> 0.0720  accuracy: 97.93% -> 97.93%      
client [12] (testset)   loss: 0.0197 -> 0.0206  accuracy: 99.01% -> 99.01%      
client [23] (testset)   loss: 0.0001 -> 0.0001  accuracy: 100.00% -> 100.00%    
---------------------------- TRAINING EPOCH: 290 ----------------------------   
client [16] (testset)   loss: 0.0000 -> 0.0000  accuracy: 100.00% -> 100.00%    
client [65] (testset)   loss: 0.0629 -> 0.0600  accuracy: 98.74% -> 98.74%      
client [53] (testset)   loss: 0.0077 -> 0.0079  accuracy: 100.00% -> 100.00%    
client [58] (testset)   loss: 0.0415 -> 0.0430  accuracy: 98.58% -> 98.58%      
client [72] (testset)   loss: 0.0011 -> 0.0009  accuracy: 100.00% -> 100.00%    
client [7]  (testset)   loss: 0.0000 -> 0.0000  accuracy: 100.00% -> 100.00%    
client [71] (testset)   loss: 0.0261 -> 0.0231  accuracy: 99.54% -> 99.54%      
client [59] (testset)   loss: 0.0000 -> 0.0000  accuracy: 100.00% -> 100.00%    
client [86] (testset)   loss: 0.0004 -> 0.0005  accuracy: 100.00% -> 100.00%    
client [39] (testset)   loss: 0.0003 -> 0.0002  accuracy: 100.00% -> 100.00%    
---------------------------- TRAINING EPOCH: 300 ----------------------------   
client [99] (testset)   loss: 0.0038 -> 0.0041  accuracy: 100.00% -> 100.00%    
client [7]  (testset)   loss: 0.0000 -> 0.0000  accuracy: 100.00% -> 100.00%    
client [17] (testset)   loss: 0.0160 -> 0.0195  accuracy: 99.22% -> 99.61%      
client [64] (testset)   loss: 0.0240 -> 0.0244  accuracy: 99.72% -> 99.72%      
client [37] (testset)   loss: 0.2063 -> 0.2095  accuracy: 97.40% -> 97.40%      
client [29] (testset)   loss: 0.0743 -> 0.0740  accuracy: 99.26% -> 99.26%      
client [93] (testset)   loss: 0.0001 -> 0.0001  accuracy: 100.00% -> 100.00%    
client [73] (testset)   loss: 0.1121 -> 0.1233  accuracy: 97.06% -> 97.06%      
client [40] (testset)   loss: 0.0000 -> 0.0000  accuracy: 100.00% -> 100.00%    
client [76] (testset)   loss: 0.0685 -> 0.0679  accuracy: 98.70% -> 98.70%      
---------------------------- TRAINING EPOCH: 310 ----------------------------   
client [31] (testset)   loss: 0.0046 -> 0.0044  accuracy: 100.00% -> 100.00%    
client [89] (testset)   loss: 0.0000 -> 0.0000  accuracy: 100.00% -> 100.00%    
client [77] (testset)   loss: 0.0693 -> 0.0683  accuracy: 97.95% -> 97.95%      
client [90] (testset)   loss: 0.0622 -> 0.0639  accuracy: 98.18% -> 98.18%      
client [26] (testset)   loss: 0.2237 -> 0.2223  accuracy: 95.83% -> 95.83%      
client [50] (testset)   loss: 0.0328 -> 0.0321  accuracy: 98.46% -> 98.46%      
client [30] (testset)   loss: 0.1180 -> 0.1315  accuracy: 97.50% -> 97.50%      
client [70] (testset)   loss: 0.0291 -> 0.0310  accuracy: 99.27% -> 99.27%      
client [41] (testset)   loss: 0.0007 -> 0.0007  accuracy: 100.00% -> 100.00%    
client [99] (testset)   loss: 0.0025 -> 0.0026  accuracy: 100.00% -> 100.00%    
---------------------------- TRAINING EPOCH: 320 ----------------------------   
client [68] (testset)   loss: 0.0594 -> 0.0572  accuracy: 98.31% -> 98.31%      
client [70] (testset)   loss: 0.0318 -> 0.0314  accuracy: 99.27% -> 99.27%      
client [52] (testset)   loss: 0.0000 -> 0.0000  accuracy: 100.00% -> 100.00%    
client [1]  (testset)   loss: 0.0133 -> 0.0132  accuracy: 100.00% -> 100.00%    
client [2]  (testset)   loss: 0.0059 -> 0.0061  accuracy: 99.81% -> 99.81%      
client [67] (testset)   loss: 0.0000 -> 0.0000  accuracy: 100.00% -> 100.00%    
client [92] (testset)   loss: 0.0000 -> 0.0000  accuracy: 100.00% -> 100.00%    
client [35] (testset)   loss: 0.0007 -> 0.0007  accuracy: 100.00% -> 100.00%    
client [36] (testset)   loss: 0.0664 -> 0.0667  accuracy: 98.98% -> 98.98%      
client [64] (testset)   loss: 0.0248 -> 0.0243  accuracy: 99.72% -> 99.72%      
---------------------------- TRAINING EPOCH: 330 ----------------------------   
client [44] (testset)   loss: 0.0493 -> 0.0489  accuracy: 99.40% -> 99.40%      
client [6]  (testset)   loss: 0.0185 -> 0.0199  accuracy: 99.22% -> 99.22%      
client [12] (testset)   loss: 0.0225 -> 0.0220  accuracy: 99.01% -> 99.01%      
client [55] (testset)   loss: 0.0070 -> 0.0068  accuracy: 99.49% -> 99.49%      
client [29] (testset)   loss: 0.0699 -> 0.0714  accuracy: 98.89% -> 99.26%      
client [9]  (testset)   loss: 0.0383 -> 0.0392  accuracy: 99.02% -> 98.86%      
client [43] (testset)   loss: 0.0983 -> 0.0903  accuracy: 97.86% -> 97.86%      
client [77] (testset)   loss: 0.0661 -> 0.0654  accuracy: 97.95% -> 97.95%      
client [98] (testset)   loss: 0.0010 -> 0.0010  accuracy: 100.00% -> 100.00%    
client [78] (testset)   loss: 0.0174 -> 0.0167  accuracy: 99.36% -> 99.36%      
---------------------------- TRAINING EPOCH: 340 ----------------------------   
client [92] (testset)   loss: 0.0000 -> 0.0000  accuracy: 100.00% -> 100.00%    
client [80] (testset)   loss: 0.0000 -> 0.0000  accuracy: 100.00% -> 100.00%    
client [63] (testset)   loss: 0.0147 -> 0.0143  accuracy: 99.27% -> 99.27%      
client [76] (testset)   loss: 0.0594 -> 0.0609  accuracy: 98.70% -> 98.70%      
client [78] (testset)   loss: 0.0202 -> 0.0185  accuracy: 98.73% -> 98.73%      
client [25] (testset)   loss: 0.0000 -> 0.0000  accuracy: 100.00% -> 100.00%    
client [58] (testset)   loss: 0.0482 -> 0.0480  accuracy: 98.58% -> 98.58%      
client [13] (testset)   loss: 0.0056 -> 0.0067  accuracy: 100.00% -> 100.00%    
client [17] (testset)   loss: 0.0183 -> 0.0162  accuracy: 99.61% -> 99.22%      
client [38] (testset)   loss: 0.0652 -> 0.0674  accuracy: 98.25% -> 98.25%      
---------------------------- TRAINING EPOCH: 350 ----------------------------   
client [72] (testset)   loss: 0.0007 -> 0.0006  accuracy: 100.00% -> 100.00%    
client [82] (testset)   loss: 0.0631 -> 0.0647  accuracy: 98.59% -> 98.59%      
client [86] (testset)   loss: 0.0004 -> 0.0005  accuracy: 100.00% -> 100.00%    
client [51] (testset)   loss: 0.0000 -> 0.0000  accuracy: 100.00% -> 100.00%    
client [96] (testset)   loss: 0.0169 -> 0.0160  accuracy: 99.02% -> 99.02%      
client [42] (testset)   loss: 0.2386 -> 0.2347  accuracy: 98.36% -> 97.81%      
client [55] (testset)   loss: 0.0102 -> 0.0093  accuracy: 99.49% -> 99.49%      
client [13] (testset)   loss: 0.0108 -> 0.0103  accuracy: 100.00% -> 100.00%    
client [1]  (testset)   loss: 0.0107 -> 0.0110  accuracy: 100.00% -> 100.00%    
client [12] (testset)   loss: 0.0224 -> 0.0220  accuracy: 99.01% -> 99.01%      
---------------------------- TRAINING EPOCH: 360 ----------------------------   
client [68] (testset)   loss: 0.0632 -> 0.0675  accuracy: 98.31% -> 98.31%      
client [23] (testset)   loss: 0.0000 -> 0.0000  accuracy: 100.00% -> 100.00%    
client [46] (testset)   loss: 0.0412 -> 0.0449  accuracy: 99.32% -> 99.32%      
client [41] (testset)   loss: 0.0011 -> 0.0007  accuracy: 100.00% -> 100.00%    
client [25] (testset)   loss: 0.0000 -> 0.0000  accuracy: 100.00% -> 100.00%    
client [58] (testset)   loss: 0.0503 -> 0.0502  accuracy: 98.58% -> 98.58%      
client [14] (testset)   loss: 0.0370 -> 0.0419  accuracy: 98.61% -> 98.61%      
client [33] (testset)   loss: 0.1046 -> 0.1026  accuracy: 99.51% -> 99.67%      
client [85] (testset)   loss: 0.0772 -> 0.0776  accuracy: 97.93% -> 97.93%      
client [62] (testset)   loss: 0.0000 -> 0.0000  accuracy: 100.00% -> 100.00%    
---------------------------- TRAINING EPOCH: 370 ----------------------------   
client [98] (testset)   loss: 0.0011 -> 0.0011  accuracy: 100.00% -> 100.00%    
client [63] (testset)   loss: 0.0155 -> 0.0132  accuracy: 99.27% -> 99.27%      
client [70] (testset)   loss: 0.0313 -> 0.0311  accuracy: 99.27% -> 99.27%      
client [65] (testset)   loss: 0.0694 -> 0.0676  accuracy: 98.74% -> 98.74%      
client [14] (testset)   loss: 0.0318 -> 0.0401  accuracy: 99.31% -> 98.61%      
client [73] (testset)   loss: 0.1664 -> 0.1563  accuracy: 94.12% -> 94.12%      
client [34] (testset)   loss: 0.4852 -> 0.4878  accuracy: 94.44% -> 94.44%      
client [99] (testset)   loss: 0.0036 -> 0.0035  accuracy: 100.00% -> 100.00%    
client [69] (testset)   loss: 0.0038 -> 0.0035  accuracy: 99.82% -> 99.82%      
client [46] (testset)   loss: 0.0410 -> 0.0431  accuracy: 99.32% -> 99.32%      
---------------------------- TRAINING EPOCH: 380 ----------------------------   
client [99] (testset)   loss: 0.0020 -> 0.0021  accuracy: 100.00% -> 100.00%    
client [93] (testset)   loss: 0.0000 -> 0.0000  accuracy: 100.00% -> 100.00%    
client [11] (testset)   loss: 0.0000 -> 0.0000  accuracy: 100.00% -> 100.00%    
client [58] (testset)   loss: 0.0563 -> 0.0564  accuracy: 98.58% -> 98.58%      
client [81] (testset)   loss: 0.0032 -> 0.0030  accuracy: 100.00% -> 100.00%    
client [85] (testset)   loss: 0.0689 -> 0.0718  accuracy: 97.93% -> 97.93%      
client [89] (testset)   loss: 0.0000 -> 0.0000  accuracy: 100.00% -> 100.00%    
client [45] (testset)   loss: 0.0539 -> 0.0561  accuracy: 99.39% -> 99.39%      
client [8]  (testset)   loss: 0.0854 -> 0.0840  accuracy: 97.62% -> 97.62%      
client [68] (testset)   loss: 0.0348 -> 0.0371  accuracy: 98.31% -> 98.31%      
---------------------------- TRAINING EPOCH: 390 ----------------------------   
client [67] (testset)   loss: 0.0000 -> 0.0000  accuracy: 100.00% -> 100.00%    
client [72] (testset)   loss: 0.0012 -> 0.0010  accuracy: 100.00% -> 100.00%    
client [1]  (testset)   loss: 0.0101 -> 0.0103  accuracy: 100.00% -> 100.00%    
client [78] (testset)   loss: 0.0133 -> 0.0129  accuracy: 99.36% -> 99.36%      
client [83] (testset)   loss: 0.1769 -> 0.1831  accuracy: 97.51% -> 97.51%      
client [21] (testset)   loss: 0.0016 -> 0.0017  accuracy: 100.00% -> 100.00%    
client [56] (testset)   loss: 0.0173 -> 0.0149  accuracy: 98.92% -> 98.92%      
client [44] (testset)   loss: 0.0470 -> 0.0473  accuracy: 99.70% -> 99.40%      
client [92] (testset)   loss: 0.0000 -> 0.0000  accuracy: 100.00% -> 100.00%    
client [27] (testset)   loss: 0.0061 -> 0.0062  accuracy: 99.47% -> 99.47%      
---------------------------- TRAINING EPOCH: 400 ----------------------------   
client [10] (testset)   loss: 0.0000 -> 0.0000  accuracy: 100.00% -> 100.00%    
client [39] (testset)   loss: 0.0003 -> 0.0003  accuracy: 100.00% -> 100.00%    
client [65] (testset)   loss: 0.0745 -> 0.0719  accuracy: 98.74% -> 98.74%      
client [26] (testset)   loss: 0.1943 -> 0.1943  accuracy: 95.83% -> 95.83%      
client [19] (testset)   loss: 0.0595 -> 0.0617  accuracy: 98.15% -> 98.15%      
client [68] (testset)   loss: 0.0209 -> 0.0233  accuracy: 98.31% -> 98.31%      
client [41] (testset)   loss: 0.0014 -> 0.0010  accuracy: 100.00% -> 100.00%    
client [50] (testset)   loss: 0.0233 -> 0.0244  accuracy: 98.46% -> 98.46%      
client [75] (testset)   loss: 0.0399 -> 0.0370  accuracy: 99.38% -> 99.38%      
client [81] (testset)   loss: 0.0054 -> 0.0054  accuracy: 100.00% -> 100.00%    
PSFL's average time taken by each global epoch: 0 min 1.23 sec.                 
PSFL's total running time: 0 h 8 m 15 s.                                        
==================== PSFL Experiment Results: ====================              
Display format: (before local fine-tuning) -> (after local fine-tuning)         
 So if finetune_epoch = 0, x.xx% -> 0.00% is normal.                            
 Centralized testing ONLY happens after model aggregation, so the stats between 
'->' are the same.                                                              
{                                                                               
    "100": {                                                                    
        "all_clients": {                                                        
            "test": {                                                           
                "loss": "0.0370 -> 0.0000",                                     
                "accuracy": "99.21% -> 0.00%"                                   
            }                                                                   
        }                                                                       
    },                                                                          
    "200": {                                                                    
        "all_clients": {                                                        
            "test": {                                                           
                "loss": "0.0395 -> 0.0000",                                     
                "accuracy": "99.23% -> 0.00%"                                   
            }                                                                   
        }                                                                       
    },                                                                          
    "300": {                                                                    
        "all_clients": {                                                        
            "test": {                                                           
                "loss": "0.0412 -> 0.0000",                                     
                "accuracy": "99.23% -> 0.00%"                                   
            }                                                                   
        }                                                                       
    },                                                                          
    "400": {                                                                    
        "all_clients": {                                                        
            "test": {                                                           
                "loss": "0.0416 -> 0.0000",                                     
                "accuracy": "99.28% -> 0.00%"                                   
            }                                                                   
        }                                                                       
    }                                                                           
}                                                                               
==================== PSFL Max Accuracy ====================                     
all_clients:                                                                    
(test) before fine-tuning: 99.28% at epoch 400                                  
(test) after fine-tuning: 0.00% at epoch 100                                    
