==================== FedDpa ====================                               
Experiment Arguments:                                                          
{
    'method': 'feddpa',
    'dataset': {
        'name': 'svhn',
        'client_num': 100,
        'test_ratio': 0.25,
        'val_ratio': 0.0,
        'seed': 42,
        'split': 'sample',
        'IID_ratio': 0.0,
        'monitor_window_name_suffix': 'svhn-100clients-0%IID-Dir(1.0)-seed42',
        'alpha': 1.0,
        'min_samples_per_client': 10
    },
    'model': {
        'name': 'avgcnn',
        'use_torchvision_pretrained_weights': True,
        'external_model_weights_path': None
    },
    'optimizer': {
        'lr': 0.01,
        'dampening': 0,
        'weight_decay': 0,
        'momentum': 0,
        'nesterov': False,
        'name': 'sgd'
    },
    'mode': 'sequential',
    'parallel': {
        'ray_cluster_addr': None,
        'num_cpus': None,
        'num_gpus': None,
        'num_workers': 2
    },
    'common': {
        'seed': 42,
        'join_ratio': 0.1,
        'global_epoch': 400,
        'local_epoch': 5,
        'batch_size': 32,
        'reset_optimizer_on_global_epoch': True,
        'straggler_ratio': 0,
        'straggler_min_local_epoch': 0,
        'buffers': 'global',
        'client_side_evaluation': True,
        'test': {
            'client': {
                'interval': 100,
                'finetune_epoch': 0,
                'train': False,
                'val': False,
                'test': True
            },
            'server': {
                'interval': -1,
                'train': False,
                'val': False,
                'test': False,
                'model_in_train_mode': False
            }
        },
        'verbose_gap': 10,
        'monitor': None,
        'use_cuda': True,
        'save_log': True,
        'save_model': False,
        'save_learning_curve_plot': False,
        'save_metrics': True,
        'delete_useless_run': True
    },
    'feddpa': {
        'fisher_threshold': 0.99
    }
}
---------------------------- TRAINING EPOCH: 10 ----------------------------   
client [77] (testset)   loss: 0.5134 -> 0.5476  accuracy: 85.92% -> 86.80%     
client [81] (testset)   loss: 0.7277 -> 0.6426  accuracy: 84.77% -> 84.77%     
client [21] (testset)   loss: 0.5616 -> 0.4545  accuracy: 86.75% -> 88.08%     
client [68] (testset)   loss: 0.6929 -> 0.6008  accuracy: 86.29% -> 87.90%     
client [93] (testset)   loss: 0.4303 -> 0.3944  accuracy: 91.33% -> 92.49%     
client [31] (testset)   loss: 0.6592 -> 0.3837  accuracy: 84.00% -> 88.67%     
client [20] (testset)   loss: 0.9340 -> 0.8341  accuracy: 78.02% -> 84.62%     
client [59] (testset)   loss: 0.7994 -> 0.4912  accuracy: 82.39% -> 89.94%     
client [48] (testset)   loss: 0.7627 -> 0.5841  accuracy: 77.42% -> 86.45%     
client [34] (testset)   loss: 0.7999 -> 0.5746  accuracy: 81.22% -> 84.77%     
---------------------------- TRAINING EPOCH: 20 ----------------------------   
client [69] (testset)   loss: 0.5875 -> 0.4775  accuracy: 86.21% -> 87.07%     
client [99] (testset)   loss: 0.6813 -> 0.5013  accuracy: 87.02% -> 91.93%     
client [67] (testset)   loss: 0.4167 -> 0.2862  accuracy: 89.13% -> 92.03%     
client [0]  (testset)   loss: 0.1746 -> 0.1720  accuracy: 95.22% -> 95.65%     
client [76] (testset)   loss: 0.2398 -> 0.3196  accuracy: 95.45% -> 92.42%     
client [41] (testset)   loss: 0.5720 -> 0.4586  accuracy: 87.03% -> 90.79%     
client [62] (testset)   loss: 0.4224 -> 0.3310  accuracy: 88.24% -> 92.86%     
client [2]  (testset)   loss: 0.4399 -> 0.4202  accuracy: 90.71% -> 90.36%     
client [14] (testset)   loss: 0.5691 -> 0.5124  accuracy: 88.75% -> 90.00%     
client [46] (testset)   loss: 0.2929 -> 0.1586  accuracy: 91.98% -> 94.66%     
---------------------------- TRAINING EPOCH: 30 ----------------------------   
client [24] (testset)   loss: 0.4285 -> 0.4386  accuracy: 87.93% -> 87.93%     
client [68] (testset)   loss: 0.7272 -> 0.5862  accuracy: 83.47% -> 86.69%     
client [57] (testset)   loss: 0.5609 -> 0.4852  accuracy: 83.70% -> 87.41%     
client [17] (testset)   loss: 0.7414 -> 0.5709  accuracy: 88.09% -> 89.36%     
client [54] (testset)   loss: 0.6116 -> 0.5721  accuracy: 86.47% -> 86.80%     
client [23] (testset)   loss: 0.7124 -> 0.4943  accuracy: 86.44% -> 89.83%     
client [35] (testset)   loss: 0.8554 -> 0.6019  accuracy: 79.84% -> 86.21%     
client [59] (testset)   loss: 0.6582 -> 0.5185  accuracy: 86.16% -> 89.94%     
client [31] (testset)   loss: 0.4958 -> 0.2635  accuracy: 86.67% -> 92.00%     
client [9]  (testset)   loss: 0.2408 -> 0.1667  accuracy: 96.43% -> 95.00%     
---------------------------- TRAINING EPOCH: 40 ----------------------------   
client [64] (testset)   loss: 0.3947 -> 0.2817  accuracy: 91.22% -> 94.59%     
client [33] (testset)   loss: 0.7204 -> 0.5499  accuracy: 86.96% -> 92.39%     
client [16] (testset)   loss: 0.5791 -> 0.4196  accuracy: 88.69% -> 92.96%     
client [44] (testset)   loss: 0.4589 -> 0.3808  accuracy: 89.67% -> 92.12%     
client [8]  (testset)   loss: 0.5848 -> 0.5005  accuracy: 86.56% -> 89.25%     
client [31] (testset)   loss: 0.5706 -> 0.2429  accuracy: 88.00% -> 93.33%     
client [47] (testset)   loss: 0.5156 -> 0.3441  accuracy: 88.89% -> 91.95%     
client [36] (testset)   loss: 0.5473 -> 0.3226  accuracy: 86.78% -> 93.10%     
client [20] (testset)   loss: 1.1237 -> 0.9031  accuracy: 81.32% -> 84.62%     
client [56] (testset)   loss: 0.6396 -> 0.4357  accuracy: 89.47% -> 92.69%     
---------------------------- TRAINING EPOCH: 50 ----------------------------   
client [4]  (testset)   loss: 0.3571 -> 0.3326  accuracy: 91.43% -> 91.43%     
client [60] (testset)   loss: 0.5780 -> 0.3649  accuracy: 83.82% -> 87.75%     
client [28] (testset)   loss: 0.6592 -> 0.4392  accuracy: 83.74% -> 90.24%     
client [25] (testset)   loss: 1.1305 -> 0.9722  accuracy: 82.88% -> 85.59%     
client [58] (testset)   loss: 0.6645 -> 0.5032  accuracy: 86.98% -> 87.91%     
client [44] (testset)   loss: 0.4136 -> 0.3273  accuracy: 90.76% -> 92.12%     
client [39] (testset)   loss: 0.7226 -> 0.6380  accuracy: 85.10% -> 87.02%     
client [29] (testset)   loss: 0.5809 -> 0.5067  accuracy: 86.86% -> 90.38%     
client [3]  (testset)   loss: 0.6025 -> 0.4023  accuracy: 87.63% -> 92.10%     
client [84] (testset)   loss: 0.4644 -> 0.3612  accuracy: 87.98% -> 92.90%     
---------------------------- TRAINING EPOCH: 60 ----------------------------   
client [21] (testset)   loss: 0.5453 -> 0.4630  accuracy: 91.06% -> 91.72%     
client [84] (testset)   loss: 0.4215 -> 0.2734  accuracy: 91.26% -> 94.54%     
client [10] (testset)   loss: 0.5397 -> 0.5781  accuracy: 91.28% -> 90.26%     
client [36] (testset)   loss: 0.3383 -> 0.2685  accuracy: 92.82% -> 94.54%     
client [65] (testset)   loss: 0.5327 -> 0.4236  accuracy: 90.29% -> 91.76%     
client [81] (testset)   loss: 0.5633 -> 0.4083  accuracy: 88.32% -> 90.86%     
client [79] (testset)   loss: 0.5390 -> 0.4542  accuracy: 89.25% -> 92.52%     
client [42] (testset)   loss: 0.4809 -> 0.4226  accuracy: 89.81% -> 90.13%     
client [11] (testset)   loss: 0.6889 -> 0.5362  accuracy: 86.42% -> 90.46%     
client [96] (testset)   loss: 0.5439 -> 0.4720  accuracy: 87.34% -> 87.34%     
---------------------------- TRAINING EPOCH: 70 ----------------------------   
client [8]  (testset)   loss: 0.6586 -> 0.6306  accuracy: 88.71% -> 89.25%     
client [53] (testset)   loss: 0.8335 -> 0.8543  accuracy: 88.67% -> 88.67%     
client [52] (testset)   loss: 0.4552 -> 0.4245  accuracy: 91.14% -> 91.39%     
client [42] (testset)   loss: 0.4001 -> 0.3664  accuracy: 90.45% -> 91.72%     
client [69] (testset)   loss: 0.4894 -> 0.4280  accuracy: 89.66% -> 92.67%     
client [59] (testset)   loss: 0.7561 -> 0.5613  accuracy: 90.57% -> 90.57%     
client [7]  (testset)   loss: 0.5066 -> 0.5081  accuracy: 91.77% -> 91.36%     
client [26] (testset)   loss: 0.6456 -> 0.5215  accuracy: 88.82% -> 91.69%     
client [49] (testset)   loss: 0.2499 -> 0.2001  accuracy: 93.17% -> 95.03%     
client [98] (testset)   loss: 0.4453 -> 0.3325  accuracy: 90.60% -> 92.31%     
---------------------------- TRAINING EPOCH: 80 ----------------------------   
client [98] (testset)   loss: 0.4155 -> 0.3527  accuracy: 91.88% -> 92.31%     
client [47] (testset)   loss: 0.4561 -> 0.3495  accuracy: 90.80% -> 92.72%     
client [21] (testset)   loss: 0.4127 -> 0.4175  accuracy: 92.05% -> 93.05%     
client [77] (testset)   loss: 0.4808 -> 0.4631  accuracy: 90.62% -> 92.08%     
client [95] (testset)   loss: 0.4624 -> 0.4362  accuracy: 91.89% -> 92.16%     
client [91] (testset)   loss: 0.2954 -> 0.2458  accuracy: 92.49% -> 93.64%     
client [14] (testset)   loss: 0.6254 -> 0.5508  accuracy: 89.38% -> 91.25%     
client [99] (testset)   loss: 0.5124 -> 0.5170  accuracy: 92.98% -> 94.04%     
client [20] (testset)   loss: 0.9720 -> 0.9703  accuracy: 83.52% -> 85.71%     
client [39] (testset)   loss: 0.7362 -> 0.7488  accuracy: 87.50% -> 87.50%     
---------------------------- TRAINING EPOCH: 90 ----------------------------   
client [52] (testset)   loss: 0.6424 -> 0.4960  accuracy: 88.86% -> 91.39%     
client [62] (testset)   loss: 0.3234 -> 0.2678  accuracy: 92.86% -> 94.54%     
client [71] (testset)   loss: 0.3010 -> 0.1994  accuracy: 93.10% -> 94.83%     
client [97] (testset)   loss: 0.4582 -> 0.3747  accuracy: 90.91% -> 93.05%     
client [30] (testset)   loss: 0.4382 -> 0.3477  accuracy: 92.28% -> 94.12%     
client [88] (testset)   loss: 0.7712 -> 0.6490  accuracy: 88.12% -> 88.61%     
client [60] (testset)   loss: 0.4559 -> 0.4671  accuracy: 89.71% -> 89.22%     
client [82] (testset)   loss: 0.6471 -> 0.6332  accuracy: 89.58% -> 92.36%     
client [91] (testset)   loss: 0.2668 -> 0.2371  accuracy: 91.33% -> 93.64%     
client [57] (testset)   loss: 0.4703 -> 0.4263  accuracy: 90.37% -> 89.63%     
---------------------------- TRAINING EPOCH: 100 ----------------------------  
client [31] (testset)   loss: 0.2965 -> 0.2637  accuracy: 94.67% -> 95.33%     
client [15] (testset)   loss: 0.5345 -> 0.5413  accuracy: 91.00% -> 90.52%     
client [71] (testset)   loss: 0.3504 -> 0.2081  accuracy: 93.10% -> 95.26%     
client [97] (testset)   loss: 0.5298 -> 0.4888  accuracy: 91.98% -> 93.05%     
client [53] (testset)   loss: 1.0981 -> 0.9645  accuracy: 88.67% -> 89.33%     
client [77] (testset)   loss: 0.4847 -> 0.5051  accuracy: 91.50% -> 92.38%     
client [76] (testset)   loss: 0.4023 -> 0.4353  accuracy: 95.45% -> 93.18%     
client [79] (testset)   loss: 0.5923 -> 0.5232  accuracy: 92.99% -> 93.22%     
client [28] (testset)   loss: 0.6328 -> 0.5605  accuracy: 91.87% -> 91.87%     
client [99] (testset)   loss: 0.5240 -> 0.5181  accuracy: 93.68% -> 93.33%     
---------------------------- TRAINING EPOCH: 110 ----------------------------  
client [97] (testset)   loss: 0.5245 -> 0.5433  accuracy: 90.37% -> 90.37%     
client [86] (testset)   loss: 0.5082 -> 0.5195  accuracy: 92.51% -> 92.07%     
client [34] (testset)   loss: 0.4508 -> 0.4650  accuracy: 88.32% -> 88.83%     
client [73] (testset)   loss: 0.4696 -> 0.4616  accuracy: 93.25% -> 93.56%     
client [5]  (testset)   loss: 0.5685 -> 0.5503  accuracy: 89.66% -> 89.66%     
client [96] (testset)   loss: 0.6048 -> 0.6086  accuracy: 88.61% -> 89.24%     
client [22] (testset)   loss: 0.7444 -> 0.7542  accuracy: 92.00% -> 92.31%     
client [60] (testset)   loss: 0.4839 -> 0.4525  accuracy: 88.73% -> 90.20%     
client [66] (testset)   loss: 0.3987 -> 0.4050  accuracy: 94.27% -> 93.35%     
client [83] (testset)   loss: 0.5299 -> 0.5813  accuracy: 89.67% -> 89.13%     
---------------------------- TRAINING EPOCH: 120 ----------------------------  
client [76] (testset)   loss: 0.3057 -> 0.3523  accuracy: 96.21% -> 96.21%     
client [65] (testset)   loss: 0.5133 -> 0.4738  accuracy: 91.76% -> 92.65%     
client [95] (testset)   loss: 0.3906 -> 0.4488  accuracy: 94.32% -> 93.24%     
client [17] (testset)   loss: 0.6602 -> 0.6202  accuracy: 91.06% -> 91.06%     
client [8]  (testset)   loss: 0.7491 -> 0.7100  accuracy: 88.71% -> 90.86%     
client [35] (testset)   loss: 0.6419 -> 0.6352  accuracy: 91.51% -> 91.51%     
client [98] (testset)   loss: 0.3767 -> 0.3761  accuracy: 93.16% -> 94.02%     
client [53] (testset)   loss: 1.0008 -> 0.9662  accuracy: 90.67% -> 90.67%     
client [43] (testset)   loss: 0.9224 -> 0.7300  accuracy: 88.46% -> 89.42%     
client [64] (testset)   loss: 0.4720 -> 0.3856  accuracy: 95.27% -> 93.24%     
---------------------------- TRAINING EPOCH: 130 ----------------------------  
client [21] (testset)   loss: 0.6066 -> 0.5781  accuracy: 92.05% -> 92.05%     
client [88] (testset)   loss: 0.8743 -> 0.7773  accuracy: 87.13% -> 89.11%     
client [38] (testset)   loss: 0.6261 -> 0.6114  accuracy: 90.51% -> 91.24%     
client [3]  (testset)   loss: 0.6006 -> 0.5205  accuracy: 91.07% -> 91.07%     
client [5]  (testset)   loss: 0.6746 -> 0.6180  accuracy: 88.67% -> 88.18%     
client [41] (testset)   loss: 0.5381 -> 0.5463  accuracy: 94.14% -> 94.14%     
client [7]  (testset)   loss: 0.5147 -> 0.5032  accuracy: 92.18% -> 93.42%     
client [37] (testset)   loss: 0.8302 -> 0.8030  accuracy: 89.16% -> 89.66%     
client [45] (testset)   loss: 0.8059 -> 0.7503  accuracy: 90.49% -> 90.11%     
client [47] (testset)   loss: 0.5011 -> 0.4023  accuracy: 91.57% -> 93.49%     
---------------------------- TRAINING EPOCH: 140 ----------------------------  
client [16] (testset)   loss: 0.5110 -> 0.5065  accuracy: 92.96% -> 92.21%     
client [11] (testset)   loss: 0.5814 -> 0.5910  accuracy: 90.17% -> 90.75%     
client [37] (testset)   loss: 0.8340 -> 0.8598  accuracy: 89.16% -> 88.67%     
client [41] (testset)   loss: 0.5569 -> 0.5286  accuracy: 89.96% -> 92.47%     
client [95] (testset)   loss: 0.4394 -> 0.4523  accuracy: 93.24% -> 93.24%     
client [53] (testset)   loss: 1.1207 -> 1.0843  accuracy: 89.33% -> 90.67%     
client [22] (testset)   loss: 0.8243 -> 0.8292  accuracy: 91.69% -> 91.08%     
client [25] (testset)   loss: 1.2884 -> 1.3204  accuracy: 88.29% -> 87.39%     
client [69] (testset)   loss: 0.6583 -> 0.5565  accuracy: 89.22% -> 92.67%     
client [46] (testset)   loss: 0.2018 -> 0.1920  accuracy: 95.04% -> 96.18%     
---------------------------- TRAINING EPOCH: 150 ----------------------------  
client [47] (testset)   loss: 0.4077 -> 0.3954  accuracy: 93.10% -> 93.49%     
client [69] (testset)   loss: 0.6009 -> 0.5865  accuracy: 90.52% -> 91.38%     
client [82] (testset)   loss: 0.6944 -> 0.6993  accuracy: 91.67% -> 90.28%     
client [45] (testset)   loss: 0.7864 -> 0.7459  accuracy: 90.49% -> 90.11%     
client [7]  (testset)   loss: 0.6753 -> 0.5879  accuracy: 92.18% -> 92.59%     
client [50] (testset)   loss: 0.6385 -> 0.5675  accuracy: 91.32% -> 90.08%     
client [35] (testset)   loss: 0.6227 -> 0.6324  accuracy: 90.98% -> 91.78%     
client [24] (testset)   loss: 0.5622 -> 0.5427  accuracy: 87.93% -> 87.93%     
client [15] (testset)   loss: 0.6346 -> 0.5847  accuracy: 90.52% -> 91.00%     
client [58] (testset)   loss: 0.6706 -> 0.6435  accuracy: 91.63% -> 91.63%     
---------------------------- TRAINING EPOCH: 160 ----------------------------  
client [48] (testset)   loss: 0.6456 -> 0.6357  accuracy: 89.03% -> 89.35%     
client [76] (testset)   loss: 0.4217 -> 0.4142  accuracy: 95.45% -> 96.21%     
client [67] (testset)   loss: 0.3058 -> 0.2982  accuracy: 92.03% -> 91.30%     
client [37] (testset)   loss: 0.8987 -> 0.8866  accuracy: 90.15% -> 89.66%     
client [58] (testset)   loss: 0.6763 -> 0.6588  accuracy: 91.63% -> 91.63%     
client [64] (testset)   loss: 0.5175 -> 0.4742  accuracy: 93.24% -> 93.24%     
client [77] (testset)   loss: 0.5431 -> 0.4965  accuracy: 92.08% -> 92.96%     
client [55] (testset)   loss: 0.5162 -> 0.5093  accuracy: 93.55% -> 94.19%     
client [12] (testset)   loss: 0.2462 -> 0.2283  accuracy: 96.20% -> 96.20%     
client [89] (testset)   loss: 0.3372 -> 0.3437  accuracy: 92.93% -> 93.43%     
---------------------------- TRAINING EPOCH: 170 ----------------------------  
client [84] (testset)   loss: 0.4759 -> 0.4381  accuracy: 91.80% -> 91.80%     
client [51] (testset)   loss: 0.5322 -> 0.5002  accuracy: 91.26% -> 92.23%     
client [8]  (testset)   loss: 0.8485 -> 0.8257  accuracy: 88.17% -> 88.17%     
client [18] (testset)   loss: 0.8732 -> 0.8754  accuracy: 91.50% -> 91.50%     
client [94] (testset)   loss: 0.6063 -> 0.6198  accuracy: 91.34% -> 91.34%     
client [81] (testset)   loss: 0.5330 -> 0.5094  accuracy: 91.37% -> 92.39%     
client [3]  (testset)   loss: 0.5515 -> 0.5404  accuracy: 92.44% -> 93.81%     
client [11] (testset)   loss: 0.7025 -> 0.6629  accuracy: 91.62% -> 91.62%     
client [95] (testset)   loss: 0.5045 -> 0.5965  accuracy: 93.24% -> 91.89%     
client [67] (testset)   loss: 0.4280 -> 0.3831  accuracy: 91.30% -> 91.30%     
---------------------------- TRAINING EPOCH: 180 ----------------------------  
client [21] (testset)   loss: 0.6510 -> 0.5883  accuracy: 92.05% -> 92.72%     
client [79] (testset)   loss: 0.5532 -> 0.5462  accuracy: 93.22% -> 92.99%     
client [58] (testset)   loss: 0.7288 -> 0.6960  accuracy: 92.56% -> 93.02%     
client [88] (testset)   loss: 0.7772 -> 0.7657  accuracy: 89.60% -> 89.11%     
client [46] (testset)   loss: 0.2179 -> 0.2257  accuracy: 96.18% -> 96.18%     
client [11] (testset)   loss: 0.5922 -> 0.6016  accuracy: 91.91% -> 91.62%     
client [55] (testset)   loss: 0.5373 -> 0.5178  accuracy: 94.19% -> 94.84%     
client [13] (testset)   loss: 0.2903 -> 0.2818  accuracy: 95.64% -> 95.16%     
client [31] (testset)   loss: 0.3035 -> 0.2978  accuracy: 94.67% -> 94.67%     
client [75] (testset)   loss: 0.5276 -> 0.5318  accuracy: 92.86% -> 93.93%     
---------------------------- TRAINING EPOCH: 190 ----------------------------  
client [19] (testset)   loss: 0.5361 -> 0.5401  accuracy: 92.86% -> 92.56%     
client [7]  (testset)   loss: 0.7365 -> 0.6798  accuracy: 93.00% -> 93.00%     
client [57] (testset)   loss: 0.6435 -> 0.6232  accuracy: 90.37% -> 89.63%     
client [13] (testset)   loss: 0.2941 -> 0.2864  accuracy: 95.40% -> 95.64%     
client [43] (testset)   loss: 1.0423 -> 1.0504  accuracy: 89.42% -> 89.42%     
client [91] (testset)   loss: 0.3679 -> 0.3684  accuracy: 94.80% -> 94.22%     
client [10] (testset)   loss: 0.7583 -> 0.7439  accuracy: 91.79% -> 91.79%     
client [64] (testset)   loss: 0.6756 -> 0.6263  accuracy: 93.24% -> 93.92%     
client [82] (testset)   loss: 0.8380 -> 0.8329  accuracy: 90.97% -> 90.97%     
client [22] (testset)   loss: 1.0331 -> 0.9587  accuracy: 91.08% -> 92.62%     
---------------------------- TRAINING EPOCH: 200 ----------------------------  
client [20] (testset)   loss: 1.0859 -> 1.1098  accuracy: 89.01% -> 90.11%     
client [23] (testset)   loss: 0.7735 -> 0.7663  accuracy: 89.41% -> 91.10%     
client [88] (testset)   loss: 0.8204 -> 0.8002  accuracy: 90.59% -> 90.59%     
client [98] (testset)   loss: 0.5833 -> 0.5704  accuracy: 92.74% -> 92.31%     
client [79] (testset)   loss: 0.6077 -> 0.6085  accuracy: 92.99% -> 92.76%     
client [21] (testset)   loss: 0.6503 -> 0.6470  accuracy: 93.05% -> 93.05%     
client [92] (testset)   loss: 0.7811 -> 0.7572  accuracy: 91.58% -> 91.58%     
client [56] (testset)   loss: 0.8116 -> 0.7619  accuracy: 91.81% -> 92.40%     
client [5]  (testset)   loss: 0.7304 -> 0.6561  accuracy: 87.68% -> 88.67%     
client [52] (testset)   loss: 0.6178 -> 0.5973  accuracy: 91.65% -> 92.41%     
---------------------------- TRAINING EPOCH: 210 ----------------------------  
client [67] (testset)   loss: 0.3921 -> 0.3778  accuracy: 93.48% -> 93.48%     
client [54] (testset)   loss: 0.7291 -> 0.7280  accuracy: 91.75% -> 92.41%     
client [14] (testset)   loss: 0.8691 -> 0.8436  accuracy: 90.62% -> 90.62%     
client [99] (testset)   loss: 0.7380 -> 0.7456  accuracy: 92.28% -> 92.63%     
client [36] (testset)   loss: 0.4373 -> 0.4252  accuracy: 94.54% -> 95.11%     
client [30] (testset)   loss: 0.4144 -> 0.4096  accuracy: 94.12% -> 94.49%     
client [38] (testset)   loss: 0.5808 -> 0.5998  accuracy: 93.80% -> 93.80%     
client [15] (testset)   loss: 0.7604 -> 0.7504  accuracy: 91.47% -> 91.47%     
client [6]  (testset)   loss: 0.5360 -> 0.5251  accuracy: 96.48% -> 96.70%     
client [53] (testset)   loss: 1.3255 -> 1.3157  accuracy: 90.00% -> 90.67%     
---------------------------- TRAINING EPOCH: 220 ----------------------------  
client [99] (testset)   loss: 0.7866 -> 0.7789  accuracy: 92.98% -> 92.98%     
client [6]  (testset)   loss: 0.5405 -> 0.5235  accuracy: 96.04% -> 96.70%     
client [83] (testset)   loss: 0.6394 -> 0.6065  accuracy: 90.22% -> 90.76%     
client [42] (testset)   loss: 0.6425 -> 0.6318  accuracy: 92.36% -> 92.36%     
client [34] (testset)   loss: 0.6487 -> 0.6227  accuracy: 89.85% -> 89.85%     
client [15] (testset)   loss: 0.8099 -> 0.7996  accuracy: 90.52% -> 90.52%     
client [47] (testset)   loss: 0.5278 -> 0.5247  accuracy: 94.25% -> 94.64%     
client [55] (testset)   loss: 0.5978 -> 0.6024  accuracy: 94.19% -> 94.52%     
client [51] (testset)   loss: 0.5433 -> 0.5347  accuracy: 91.26% -> 91.26%     
client [95] (testset)   loss: 0.5713 -> 0.5509  accuracy: 92.97% -> 92.97%     
---------------------------- TRAINING EPOCH: 230 ----------------------------  
client [71] (testset)   loss: 0.3044 -> 0.3095  accuracy: 94.83% -> 94.40%     
client [15] (testset)   loss: 0.8149 -> 0.7940  accuracy: 90.05% -> 90.05%     
client [33] (testset)   loss: 0.9500 -> 0.9447  accuracy: 91.85% -> 92.12%     
client [99] (testset)   loss: 0.7244 -> 0.7084  accuracy: 92.63% -> 92.98%     
client [90] (testset)   loss: 0.6949 -> 0.6990  accuracy: 92.17% -> 92.53%     
client [57] (testset)   loss: 0.5662 -> 0.5683  accuracy: 90.37% -> 90.37%     
client [27] (testset)   loss: 0.7975 -> 0.8306  accuracy: 93.33% -> 93.33%     
client [78] (testset)   loss: 0.4118 -> 0.3713  accuracy: 95.59% -> 94.77%     
client [36] (testset)   loss: 0.3623 -> 0.3566  accuracy: 95.98% -> 96.55%     
client [88] (testset)   loss: 0.9535 -> 0.8968  accuracy: 88.61% -> 88.61%     
---------------------------- TRAINING EPOCH: 240 ----------------------------  
client [70] (testset)   loss: 0.8580 -> 0.8542  accuracy: 90.40% -> 90.40%     
client [35] (testset)   loss: 0.7672 -> 0.7462  accuracy: 92.04% -> 92.84%     
client [16] (testset)   loss: 0.7360 -> 0.6833  accuracy: 91.71% -> 91.96%     
client [80] (testset)   loss: 0.9418 -> 0.9699  accuracy: 91.34% -> 91.34%     
client [38] (testset)   loss: 0.6236 -> 0.6310  accuracy: 93.43% -> 93.80%     
client [78] (testset)   loss: 0.4178 -> 0.3759  accuracy: 94.77% -> 95.04%     
client [68] (testset)   loss: 0.9194 -> 0.9218  accuracy: 89.11% -> 89.11%     
client [11] (testset)   loss: 0.7735 -> 0.7158  accuracy: 91.62% -> 91.62%     
client [64] (testset)   loss: 0.5009 -> 0.5027  accuracy: 95.27% -> 95.27%     
client [82] (testset)   loss: 0.9129 -> 0.9046  accuracy: 90.97% -> 90.28%     
---------------------------- TRAINING EPOCH: 250 ----------------------------  
client [30] (testset)   loss: 0.4571 -> 0.4377  accuracy: 94.49% -> 94.12%     
client [27] (testset)   loss: 0.8368 -> 0.8146  accuracy: 92.87% -> 93.33%     
client [74] (testset)   loss: 0.9641 -> 0.9489  accuracy: 90.91% -> 91.56%     
client [45] (testset)   loss: 0.8307 -> 0.8359  accuracy: 91.25% -> 91.25%     
client [6]  (testset)   loss: 0.5745 -> 0.5616  accuracy: 95.81% -> 96.48%     
client [36] (testset)   loss: 0.4025 -> 0.4007  accuracy: 94.25% -> 94.54%     
client [63] (testset)   loss: 0.3526 -> 0.3313  accuracy: 92.91% -> 91.34%     
client [76] (testset)   loss: 0.4341 -> 0.4409  accuracy: 96.21% -> 96.21%     
client [83] (testset)   loss: 0.6079 -> 0.6002  accuracy: 90.76% -> 91.30%     
client [86] (testset)   loss: 0.9087 -> 0.8826  accuracy: 91.63% -> 91.63%     
---------------------------- TRAINING EPOCH: 260 ----------------------------  
client [83] (testset)   loss: 0.5869 -> 0.5872  accuracy: 90.22% -> 90.22%     
client [99] (testset)   loss: 0.8180 -> 0.7763  accuracy: 92.98% -> 92.98%     
client [74] (testset)   loss: 0.9322 -> 0.9004  accuracy: 90.91% -> 90.91%     
client [73] (testset)   loss: 0.6439 -> 0.6246  accuracy: 92.94% -> 92.94%     
client [29] (testset)   loss: 0.8534 -> 0.8300  accuracy: 90.38% -> 90.71%     
client [92] (testset)   loss: 0.8130 -> 0.8053  accuracy: 90.00% -> 91.05%     
client [6]  (testset)   loss: 0.5146 -> 0.5296  accuracy: 96.26% -> 96.48%     
client [61] (testset)   loss: 0.5450 -> 0.5219  accuracy: 92.39% -> 92.39%     
client [21] (testset)   loss: 0.6353 -> 0.6185  accuracy: 93.38% -> 93.38%     
client [67] (testset)   loss: 0.4159 -> 0.4006  accuracy: 93.48% -> 93.48%     
---------------------------- TRAINING EPOCH: 270 ----------------------------  
client [83] (testset)   loss: 0.6050 -> 0.6050  accuracy: 90.76% -> 90.76%     
client [32] (testset)   loss: 0.6842 -> 0.6876  accuracy: 88.74% -> 89.19%     
client [95] (testset)   loss: 0.5615 -> 0.5510  accuracy: 92.70% -> 92.70%     
client [61] (testset)   loss: 0.5671 -> 0.5575  accuracy: 92.39% -> 92.39%     
client [27] (testset)   loss: 0.8219 -> 0.8291  accuracy: 92.87% -> 93.10%     
client [25] (testset)   loss: 1.4797 -> 1.4849  accuracy: 88.74% -> 88.29%     
client [68] (testset)   loss: 0.9601 -> 0.9553  accuracy: 88.31% -> 88.31%     
client [34] (testset)   loss: 0.6392 -> 0.6297  accuracy: 89.85% -> 90.36%     
client [71] (testset)   loss: 0.3725 -> 0.3583  accuracy: 93.53% -> 94.40%     
client [89] (testset)   loss: 0.5193 -> 0.5027  accuracy: 92.42% -> 92.42%     
---------------------------- TRAINING EPOCH: 280 ----------------------------  
client [78] (testset)   loss: 0.4309 -> 0.4277  accuracy: 95.59% -> 95.59%     
client [81] (testset)   loss: 0.6708 -> 0.6560  accuracy: 91.88% -> 91.88%     
client [51] (testset)   loss: 0.6259 -> 0.6144  accuracy: 90.78% -> 90.29%     
client [54] (testset)   loss: 0.7850 -> 0.7776  accuracy: 91.75% -> 91.75%     
client [65] (testset)   loss: 0.7844 -> 0.7777  accuracy: 92.94% -> 92.94%     
client [41] (testset)   loss: 0.7469 -> 0.7525  accuracy: 94.14% -> 93.72%     
client [11] (testset)   loss: 0.7921 -> 0.7688  accuracy: 91.91% -> 91.91%     
client [85] (testset)   loss: 0.6119 -> 0.5822  accuracy: 92.53% -> 91.95%     
client [12] (testset)   loss: 0.3986 -> 0.3654  accuracy: 93.67% -> 93.67%     
client [23] (testset)   loss: 0.9465 -> 0.9281  accuracy: 91.10% -> 91.10%     
---------------------------- TRAINING EPOCH: 290 ----------------------------  
client [16] (testset)   loss: 0.7900 -> 0.7424  accuracy: 92.96% -> 92.46%     
client [65] (testset)   loss: 0.8164 -> 0.8038  accuracy: 92.35% -> 92.35%     
client [53] (testset)   loss: 1.4178 -> 1.4133  accuracy: 90.67% -> 91.33%     
client [58] (testset)   loss: 0.7315 -> 0.7262  accuracy: 91.63% -> 91.63%     
client [72] (testset)   loss: 0.3584 -> 0.3244  accuracy: 91.06% -> 91.06%     
client [7]  (testset)   loss: 0.7201 -> 0.7121  accuracy: 93.83% -> 93.83%     
client [71] (testset)   loss: 0.3628 -> 0.3544  accuracy: 94.40% -> 94.40%     
client [59] (testset)   loss: 1.0670 -> 1.0689  accuracy: 91.82% -> 91.82%     
client [86] (testset)   loss: 0.9630 -> 0.9379  accuracy: 91.19% -> 91.19%     
client [39] (testset)   loss: 1.1093 -> 1.1019  accuracy: 90.87% -> 90.87%     
---------------------------- TRAINING EPOCH: 300 ----------------------------  
client [99] (testset)   loss: 0.9212 -> 0.8928  accuracy: 92.98% -> 93.33%     
client [7]  (testset)   loss: 0.6933 -> 0.6851  accuracy: 94.24% -> 94.24%     
client [17] (testset)   loss: 1.0566 -> 1.0418  accuracy: 89.79% -> 90.21%     
client [64] (testset)   loss: 0.7872 -> 0.6906  accuracy: 92.57% -> 93.92%     
client [37] (testset)   loss: 1.2148 -> 1.1965  accuracy: 90.15% -> 90.64%     
client [29] (testset)   loss: 0.9257 -> 0.9056  accuracy: 89.10% -> 89.74%     
client [93] (testset)   loss: 0.3278 -> 0.3213  accuracy: 95.38% -> 95.66%     
client [73] (testset)   loss: 0.7296 -> 0.6935  accuracy: 91.72% -> 92.02%     
client [40] (testset)   loss: 0.6511 -> 0.6034  accuracy: 92.86% -> 93.30%     
client [76] (testset)   loss: 0.4933 -> 0.4940  accuracy: 96.21% -> 96.21%     
---------------------------- TRAINING EPOCH: 310 ----------------------------  
client [31] (testset)   loss: 0.4080 -> 0.4053  accuracy: 92.00% -> 93.33%     
client [89] (testset)   loss: 0.5188 -> 0.5018  accuracy: 92.42% -> 92.42%     
client [77] (testset)   loss: 0.6663 -> 0.6594  accuracy: 92.08% -> 92.67%     
client [90] (testset)   loss: 0.8463 -> 0.7921  accuracy: 91.81% -> 91.81%     
client [26] (testset)   loss: 0.8421 -> 0.7847  accuracy: 92.01% -> 92.97%     
client [50] (testset)   loss: 0.7416 -> 0.7319  accuracy: 92.15% -> 92.98%     
client [30] (testset)   loss: 0.4413 -> 0.4295  accuracy: 94.12% -> 94.49%     
client [70] (testset)   loss: 1.0087 -> 0.9852  accuracy: 90.40% -> 90.80%     
client [41] (testset)   loss: 0.8014 -> 0.7993  accuracy: 93.72% -> 93.72%     
client [99] (testset)   loss: 0.8811 -> 0.8608  accuracy: 92.98% -> 92.98%     
---------------------------- TRAINING EPOCH: 320 ----------------------------  
client [68] (testset)   loss: 1.0102 -> 0.9853  accuracy: 87.90% -> 88.31%     
client [70] (testset)   loss: 0.9501 -> 0.9429  accuracy: 90.40% -> 90.80%     
client [52] (testset)   loss: 0.7746 -> 0.7537  accuracy: 92.15% -> 92.15%     
client [1]  (testset)   loss: 0.6057 -> 0.5811  accuracy: 91.90% -> 92.61%     
client [2]  (testset)   loss: 0.8409 -> 0.8046  accuracy: 91.07% -> 91.07%     
client [67] (testset)   loss: 0.3996 -> 0.3893  accuracy: 93.48% -> 93.48%     
client [92] (testset)   loss: 0.8704 -> 0.8578  accuracy: 89.47% -> 90.53%     
client [35] (testset)   loss: 0.8252 -> 0.7967  accuracy: 91.25% -> 91.51%     
client [36] (testset)   loss: 0.4448 -> 0.4211  accuracy: 95.69% -> 95.40%     
client [64] (testset)   loss: 0.6445 -> 0.6235  accuracy: 93.24% -> 93.24%     
---------------------------- TRAINING EPOCH: 330 ----------------------------  
client [44] (testset)   loss: 0.6428 -> 0.5982  accuracy: 90.49% -> 89.95%     
client [6]  (testset)   loss: 0.6288 -> 0.6026  accuracy: 96.04% -> 96.48%     
client [12] (testset)   loss: 0.3839 -> 0.3724  accuracy: 95.57% -> 95.57%     
client [55] (testset)   loss: 0.6235 -> 0.6193  accuracy: 93.55% -> 93.55%     
client [29] (testset)   loss: 0.9670 -> 0.9272  accuracy: 88.46% -> 89.42%     
client [9]  (testset)   loss: 0.2989 -> 0.2983  accuracy: 96.79% -> 97.14%     
client [43] (testset)   loss: 1.4257 -> 1.3975  accuracy: 90.38% -> 90.38%     
client [77] (testset)   loss: 0.6891 -> 0.6706  accuracy: 92.08% -> 92.08%     
client [98] (testset)   loss: 0.5683 -> 0.5593  accuracy: 93.16% -> 93.59%     
client [78] (testset)   loss: 0.5718 -> 0.5294  accuracy: 94.21% -> 94.21%     
---------------------------- TRAINING EPOCH: 340 ----------------------------  
client [92] (testset)   loss: 0.9118 -> 0.9151  accuracy: 90.53% -> 92.11%     
client [80] (testset)   loss: 0.8316 -> 0.8271  accuracy: 91.34% -> 91.77%     
client [63] (testset)   loss: 0.5993 -> 0.5559  accuracy: 90.55% -> 89.76%     
client [76] (testset)   loss: 0.3559 -> 0.3683  accuracy: 96.21% -> 95.45%     
client [78] (testset)   loss: 0.4989 -> 0.4167  accuracy: 93.39% -> 94.49%     
client [25] (testset)   loss: 1.3603 -> 1.3733  accuracy: 89.19% -> 87.39%     
client [58] (testset)   loss: 0.6277 -> 0.6277  accuracy: 89.77% -> 91.63%     
client [13] (testset)   loss: 0.4283 -> 0.3608  accuracy: 93.70% -> 95.16%     
client [17] (testset)   loss: 1.2164 -> 1.1067  accuracy: 88.94% -> 88.09%     
client [38] (testset)   loss: 0.6053 -> 0.5910  accuracy: 90.51% -> 90.51%     
---------------------------- TRAINING EPOCH: 350 ----------------------------  
client [72] (testset)   loss: 0.4786 -> 0.4914  accuracy: 88.62% -> 91.87%     
client [82] (testset)   loss: 0.8795 -> 0.8753  accuracy: 90.28% -> 89.58%     
client [86] (testset)   loss: 0.8839 -> 0.8241  accuracy: 91.19% -> 92.07%     
client [51] (testset)   loss: 0.5865 -> 0.5667  accuracy: 90.78% -> 91.75%     
client [96] (testset)   loss: 0.8789 -> 0.8472  accuracy: 87.97% -> 89.87%     
client [42] (testset)   loss: 0.6983 -> 0.6723  accuracy: 90.76% -> 90.45%     
client [55] (testset)   loss: 0.5957 -> 0.5781  accuracy: 92.90% -> 93.55%     
client [13] (testset)   loss: 0.3710 -> 0.3619  accuracy: 94.19% -> 94.67%     
client [1]  (testset)   loss: 0.4143 -> 0.4268  accuracy: 92.96% -> 92.96%     
client [12] (testset)   loss: 0.2705 -> 0.2745  accuracy: 96.84% -> 96.84%     
---------------------------- TRAINING EPOCH: 360 ----------------------------  
client [68] (testset)   loss: 1.0996 -> 1.0835  accuracy: 87.90% -> 87.10%     
client [23] (testset)   loss: 0.8460 -> 0.8112  accuracy: 89.83% -> 90.25%     
client [46] (testset)   loss: 0.3082 -> 0.2955  accuracy: 95.80% -> 95.42%     
client [41] (testset)   loss: 0.7496 -> 0.7658  accuracy: 94.14% -> 93.72%     
client [25] (testset)   loss: 1.5422 -> 1.5257  accuracy: 86.94% -> 88.29%     
client [58] (testset)   loss: 0.7626 -> 0.7158  accuracy: 90.70% -> 91.63%     
client [14] (testset)   loss: 0.9914 -> 0.9875  accuracy: 90.62% -> 90.62%     
client [33] (testset)   loss: 1.0141 -> 1.0115  accuracy: 91.03% -> 90.76%     
client [85] (testset)   loss: 0.7503 -> 0.7011  accuracy: 90.80% -> 91.38%     
client [62] (testset)   loss: 0.3022 -> 0.2952  accuracy: 93.70% -> 93.70%     
---------------------------- TRAINING EPOCH: 370 ----------------------------  
client [98] (testset)   loss: 0.6401 -> 0.6341  accuracy: 94.02% -> 94.02%     
client [63] (testset)   loss: 0.3563 -> 0.3416  accuracy: 93.70% -> 94.49%     
client [70] (testset)   loss: 1.0054 -> 0.9723  accuracy: 88.40% -> 88.40%     
client [65] (testset)   loss: 0.7861 -> 0.7709  accuracy: 93.24% -> 93.53%     
client [14] (testset)   loss: 0.9381 -> 0.9589  accuracy: 92.50% -> 91.25%     
client [73] (testset)   loss: 0.6682 -> 0.6483  accuracy: 92.33% -> 92.64%     
client [34] (testset)   loss: 0.7158 -> 0.7033  accuracy: 87.82% -> 88.32%     
client [99] (testset)   loss: 0.8000 -> 0.7804  accuracy: 92.63% -> 92.28%     
client [69] (testset)   loss: 0.9162 -> 0.8892  accuracy: 89.22% -> 89.22%     
client [46] (testset)   loss: 0.3534 -> 0.3093  accuracy: 95.42% -> 95.80%     
---------------------------- TRAINING EPOCH: 380 ----------------------------  
client [99] (testset)   loss: 0.8110 -> 0.8245  accuracy: 92.28% -> 92.63%     
client [93] (testset)   loss: 0.3931 -> 0.3929  accuracy: 94.51% -> 94.22%     
client [11] (testset)   loss: 0.8285 -> 0.8147  accuracy: 91.62% -> 91.62%     
client [58] (testset)   loss: 0.8126 -> 0.7870  accuracy: 90.70% -> 91.16%     
client [81] (testset)   loss: 0.6867 -> 0.6797  accuracy: 90.36% -> 90.86%     
client [85] (testset)   loss: 0.7733 -> 0.7319  accuracy: 90.23% -> 91.95%     
client [89] (testset)   loss: 0.4934 -> 0.4820  accuracy: 91.92% -> 92.42%     
client [45] (testset)   loss: 0.9702 -> 0.9489  accuracy: 91.63% -> 91.25%     
client [8]  (testset)   loss: 1.2604 -> 1.2328  accuracy: 87.10% -> 87.63%     
client [68] (testset)   loss: 1.0040 -> 1.0040  accuracy: 89.11% -> 89.11%     
---------------------------- TRAINING EPOCH: 390 ----------------------------  
client [67] (testset)   loss: 0.3502 -> 0.3357  accuracy: 94.20% -> 94.93%     
client [72] (testset)   loss: 0.5154 -> 0.4947  accuracy: 91.87% -> 91.87%     
client [1]  (testset)   loss: 0.4626 -> 0.4673  accuracy: 94.37% -> 92.96%     
client [78] (testset)   loss: 0.4682 -> 0.4584  accuracy: 96.14% -> 95.87%     
client [83] (testset)   loss: 0.6028 -> 0.6012  accuracy: 92.39% -> 91.30%     
client [21] (testset)   loss: 0.7716 -> 0.7558  accuracy: 91.72% -> 92.05%     
client [56] (testset)   loss: 0.9741 -> 0.9547  accuracy: 92.11% -> 92.11%     
client [44] (testset)   loss: 0.6466 -> 0.6413  accuracy: 90.76% -> 91.03%     
client [92] (testset)   loss: 0.9187 -> 0.8968  accuracy: 93.16% -> 93.68%     
client [27] (testset)   loss: 0.8936 -> 0.8714  accuracy: 91.95% -> 92.41%     
---------------------------- TRAINING EPOCH: 400 ----------------------------  
client [10] (testset)   loss: 1.0677 -> 1.0407  accuracy: 91.28% -> 92.82%     
client [39] (testset)   loss: 1.0919 -> 1.0881  accuracy: 90.87% -> 90.38%     
client [65] (testset)   loss: 0.8455 -> 0.8284  accuracy: 92.65% -> 92.65%     
client [26] (testset)   loss: 0.8301 -> 0.8154  accuracy: 93.29% -> 93.93%     
client [19] (testset)   loss: 0.6818 -> 0.6783  accuracy: 90.18% -> 90.77%     
client [68] (testset)   loss: 1.0114 -> 1.0034  accuracy: 89.11% -> 89.11%     
client [41] (testset)   loss: 0.8672 -> 0.8670  accuracy: 92.89% -> 93.31%     
client [50] (testset)   loss: 0.8143 -> 0.8100  accuracy: 90.91% -> 91.32%     
client [75] (testset)   loss: 0.6539 -> 0.6535  accuracy: 94.29% -> 94.64%     
client [81] (testset)   loss: 0.6368 -> 0.6361  accuracy: 91.37% -> 91.37%     
FedDpa's average time taken by each global epoch: 0 min 14.17 sec.             
FedDpa's total running time: 1 h 41 m 46 s.                                    
==================== FedDpa Experiment Results: ====================           
Display format: (before local fine-tuning) -> (after local fine-tuning)        
 So if finetune_epoch = 0, x.xx% -> 0.00% is normal.                           
 Centralized testing ONLY happens after model aggregation, so the stats between
'->' are the same.                                                             
{                                                                              
    "100": {                                                                   
        "all_clients": {                                                       
            "test": {                                                          
                "loss": "0.5684 -> 0.0000",                                    
                "accuracy": "91.56% -> 0.00%"                                  
            }                                                                  
        }                                                                      
    },                                                                         
    "200": {                                                                   
        "all_clients": {                                                       
            "test": {                                                          
                "loss": "0.6617 -> 0.0000",                                    
                "accuracy": "92.33% -> 0.00%"                                  
            }                                                                  
        }                                                                      
    },                                                                         
    "300": {                                                                   
        "all_clients": {                                                       
            "test": {                                                          
                "loss": "0.7661 -> 0.0000",                                    
                "accuracy": "92.07% -> 0.00%"                                  
            }                                                                  
        }                                                                      
    },                                                                         
    "400": {                                                                   
        "all_clients": {                                                       
            "test": {                                                          
                "loss": "0.7693 -> 0.0000",                                    
                "accuracy": "91.97% -> 0.00%"                                  
            }                                                                  
        }                                                                      
    }                                                                          
}                                                                              
==================== FedDpa Max Accuracy ====================                  
all_clients:                                                                   
(test) before fine-tuning: 92.33% at epoch 200                                 
(test) after fine-tuning: 0.00% at epoch 100                                   
