==================== FedAvg ====================                                
Experiment Arguments:                                                           
{
│   'method': 'fedavg',
│   'dataset': {
│   │   'name': 'medmnistA',
│   │   'client_num': 100,
│   │   'test_ratio': 0.25,
│   │   'val_ratio': 0.0,
│   │   'seed': 42,
│   │   'split': 'sample',
│   │   'IID_ratio': 0.0,
│   │   'monitor_window_name_suffix': 'medmnistA-100clients-0%IID-Dir(0.5)-seed42',
│   │   'alpha': 0.5,
│   │   'min_samples_per_client': 10
│   },
│   'model': {
│   │   'name': 'lenet5',
│   │   'use_torchvision_pretrained_weights': True,
│   │   'external_model_weights_path': None
│   },
│   'optimizer': {
│   │   'lr': 0.01,
│   │   'dampening': 0,
│   │   'weight_decay': 0,
│   │   'momentum': 0,
│   │   'nesterov': False,
│   │   'name': 'sgd'
│   },
│   'mode': 'serial',
│   'parallel': {
│   │   'ray_cluster_addr': None,
│   │   'num_cpus': None,
│   │   'num_gpus': None,
│   │   'num_workers': 2
│   },
│   'common': {
│   │   'seed': 42,
│   │   'join_ratio': 0.1,
│   │   'global_epoch': 400,
│   │   'local_epoch': 5,
│   │   'batch_size': 32,
│   │   'reset_optimizer_on_global_epoch': True,
│   │   'straggler_ratio': 0,
│   │   'straggler_min_local_epoch': 0,
│   │   'buffers': 'global',
│   │   'client_side_evaluation': True,
│   │   'test': {
│   │   │   'client': {
│   │   │   │   'interval': 100,
│   │   │   │   'finetune_epoch': 0,
│   │   │   │   'train': False,
│   │   │   │   'val': False,
│   │   │   │   'test': True
│   │   │   },
│   │   │   'server': {
│   │   │   │   'interval': -1,
│   │   │   │   'train': False,
│   │   │   │   'val': False,
│   │   │   │   'test': False,
│   │   │   │   'model_in_train_mode': False
│   │   │   }
│   │   },
│   │   'verbose_gap': 10,
│   │   'monitor': None,
│   │   'use_cuda': True,
│   │   'save_log': True,
│   │   'save_model': False,
│   │   'save_learning_curve_plot': False,
│   │   'save_metrics': True,
│   │   'delete_useless_run': True
│   }
}
---------------------------- TRAINING EPOCH: 10 ----------------------------    
client [77] (testset)   loss: 2.6726 -> 1.7444  accuracy: 0.00% -> 26.25%       
client [81] (testset)   loss: 2.3330 -> 1.5978  accuracy: 38.50% -> 38.50%      
client [21] (testset)   loss: 2.4591 -> 2.0280  accuracy: 4.20% -> 21.01%       
client [68] (testset)   loss: 2.8549 -> 1.8267  accuracy: 2.84% -> 41.84%       
client [93] (testset)   loss: 2.6393 -> 1.2291  accuracy: 0.00% -> 70.93%       
client [31] (testset)   loss: 2.6188 -> 1.4706  accuracy: 4.96% -> 58.87%       
client [20] (testset)   loss: 2.5708 -> 1.6526  accuracy: 0.00% -> 34.69%       
client [59] (testset)   loss: 2.5899 -> 1.5466  accuracy: 0.91% -> 41.52%       
client [48] (testset)   loss: 2.5739 -> 1.8991  accuracy: 7.55% -> 31.45%       
client [34] (testset)   loss: 2.2746 -> 1.8286  accuracy: 40.48% -> 40.48%      
---------------------------- TRAINING EPOCH: 20 ----------------------------    
client [69] (testset)   loss: 2.6930 -> 1.8823  accuracy: 13.77% -> 34.13%      
client [99] (testset)   loss: 2.3413 -> 1.9970  accuracy: 26.32% -> 31.58%      
client [67] (testset)   loss: 2.7770 -> 2.0291  accuracy: 0.00% -> 37.43%       
client [0]  (testset)   loss: 2.5942 -> 1.5511  accuracy: 3.61% -> 46.99%       
client [76] (testset)   loss: 2.4690 -> 1.8542  accuracy: 31.25% -> 31.25%      
client [41] (testset)   loss: 2.3549 -> 1.5502  accuracy: 4.91% -> 39.88%       
client [62] (testset)   loss: 1.9122 -> 1.6657  accuracy: 55.56% -> 55.56%      
client [2]  (testset)   loss: 2.7280 -> 1.9709  accuracy: 1.12% -> 28.09%       
client [14] (testset)   loss: 2.2408 -> 1.6618  accuracy: 41.94% -> 41.94%      
client [46] (testset)   loss: 2.8098 -> 1.9029  accuracy: 5.19% -> 23.38%       
---------------------------- TRAINING EPOCH: 30 ----------------------------    
client [24] (testset)   loss: 2.2396 -> 1.9063  accuracy: 26.00% -> 33.00%      
client [68] (testset)   loss: 2.4454 -> 1.8404  accuracy: 2.84% -> 41.84%       
client [57] (testset)   loss: 2.1328 -> 1.7820  accuracy: 10.05% -> 31.58%      
client [17] (testset)   loss: 2.6378 -> 1.7918  accuracy: 0.00% -> 58.91%       
client [54] (testset)   loss: 1.9256 -> 1.6472  accuracy: 36.16% -> 36.16%      
client [23] (testset)   loss: 3.0182 -> 1.2985  accuracy: 0.00% -> 61.22%       
client [35] (testset)   loss: 2.3356 -> 1.6578  accuracy: 19.21% -> 36.16%      
client [59] (testset)   loss: 2.5410 -> 1.5988  accuracy: 3.33% -> 27.88%       
client [31] (testset)   loss: 2.6706 -> 1.4615  accuracy: 4.26% -> 58.87%       
client [9]  (testset)   loss: 2.9683 -> 1.8433  accuracy: 7.77% -> 34.72%       
---------------------------- TRAINING EPOCH: 40 ----------------------------    
client [64] (testset)   loss: 2.3498 -> 1.7668  accuracy: 2.50% -> 42.50%       
client [33] (testset)   loss: 2.2789 -> 1.9077  accuracy: 8.33% -> 28.57%       
client [16] (testset)   loss: 2.3601 -> 2.0970  accuracy: 0.85% -> 29.66%       
client [44] (testset)   loss: 2.3454 -> 1.5385  accuracy: 10.62% -> 57.08%      
client [8]  (testset)   loss: 2.4656 -> 1.9800  accuracy: 12.35% -> 29.22%      
client [31] (testset)   loss: 2.4033 -> 1.4581  accuracy: 0.00% -> 58.87%       
client [47] (testset)   loss: 2.3185 -> 1.8411  accuracy: 0.00% -> 40.35%       
client [36] (testset)   loss: 2.7797 -> 1.8540  accuracy: 8.33% -> 25.00%       
client [20] (testset)   loss: 2.8904 -> 1.6308  accuracy: 2.04% -> 36.73%       
client [56] (testset)   loss: 2.0760 -> 1.4674  accuracy: 47.30% -> 47.30%      
---------------------------- TRAINING EPOCH: 50 ----------------------------    
client [4]  (testset)   loss: 2.0396 -> 1.7317  accuracy: 34.29% -> 34.29%      
client [60] (testset)   loss: 2.8155 -> 1.6465  accuracy: 1.89% -> 53.77%       
client [28] (testset)   loss: 2.2698 -> 1.7709  accuracy: 30.14% -> 30.14%      
client [25] (testset)   loss: 2.5134 -> 1.7921  accuracy: 0.00% -> 38.46%       
client [58] (testset)   loss: 2.4909 -> 1.8631  accuracy: 9.92% -> 44.84%       
client [44] (testset)   loss: 2.1877 -> 1.5225  accuracy: 0.00% -> 57.08%       
client [39] (testset)   loss: 2.1388 -> 1.8358  accuracy: 9.09% -> 24.55%       
client [29] (testset)   loss: 2.6699 -> 1.6175  accuracy: 0.00% -> 22.99%       
client [3]  (testset)   loss: 2.9608 -> 2.0461  accuracy: 0.00% -> 13.29%       
client [84] (testset)   loss: 2.3834 -> 1.7471  accuracy: 26.03% -> 26.03%      
---------------------------- TRAINING EPOCH: 60 ----------------------------    
client [21] (testset)   loss: 2.3424 -> 2.0141  accuracy: 0.00% -> 21.01%       
client [84] (testset)   loss: 2.8161 -> 1.8087  accuracy: 0.00% -> 26.03%       
client [10] (testset)   loss: 2.0670 -> 1.1899  accuracy: 17.17% -> 64.38%      
client [36] (testset)   loss: 2.2312 -> 1.8472  accuracy: 32.58% -> 25.00%      
client [65] (testset)   loss: 2.2463 -> 1.9583  accuracy: 10.19% -> 37.96%      
client [81] (testset)   loss: 2.8360 -> 1.5798  accuracy: 0.00% -> 38.50%       
client [79] (testset)   loss: 2.4124 -> 1.8438  accuracy: 1.67% -> 25.00%       
client [42] (testset)   loss: 2.1391 -> 1.8166  accuracy: 4.44% -> 33.02%       
client [11] (testset)   loss: 2.3820 -> 1.7601  accuracy: 33.94% -> 33.94%      
client [96] (testset)   loss: 2.4422 -> 1.2729  accuracy: 0.48% -> 58.85%       
---------------------------- TRAINING EPOCH: 70 ----------------------------    
client [8]  (testset)   loss: 2.5468 -> 1.9877  accuracy: 12.35% -> 29.22%      
client [53] (testset)   loss: 2.3411 -> 1.5626  accuracy: 6.92% -> 36.92%       
client [52] (testset)   loss: 2.2818 -> 1.9741  accuracy: 11.26% -> 18.92%      
client [42] (testset)   loss: 2.2664 -> 1.8247  accuracy: 3.49% -> 33.02%       
client [69] (testset)   loss: 2.3842 -> 1.8839  accuracy: 4.19% -> 34.13%       
client [59] (testset)   loss: 2.3873 -> 1.5495  accuracy: 0.91% -> 41.52%       
client [7]  (testset)   loss: 2.4861 -> 1.3245  accuracy: 0.88% -> 61.40%       
client [26] (testset)   loss: 2.2649 -> 1.0472  accuracy: 1.28% -> 70.51%       
client [49] (testset)   loss: 2.2649 -> 1.9338  accuracy: 34.00% -> 34.00%      
client [98] (testset)   loss: 2.1163 -> 1.7576  accuracy: 45.03% -> 45.03%      
---------------------------- TRAINING EPOCH: 80 ----------------------------    
client [98] (testset)   loss: 2.6142 -> 1.7700  accuracy: 6.62% -> 45.03%       
client [47] (testset)   loss: 2.3316 -> 1.9956  accuracy: 15.20% -> 12.28%      
client [21] (testset)   loss: 2.2597 -> 2.0264  accuracy: 18.49% -> 21.01%      
client [77] (testset)   loss: 2.6321 -> 1.7397  accuracy: 0.00% -> 26.25%       
client [95] (testset)   loss: 1.8768 -> 1.1065  accuracy: 70.40% -> 70.40%      
client [91] (testset)   loss: 2.5345 -> 1.7316  accuracy: 10.78% -> 18.63%      
client [14] (testset)   loss: 2.1755 -> 1.6688  accuracy: 41.94% -> 41.94%      
client [99] (testset)   loss: 2.4540 -> 2.0089  accuracy: 26.32% -> 26.32%      
client [20] (testset)   loss: 2.6106 -> 1.6310  accuracy: 0.00% -> 36.73%       
client [39] (testset)   loss: 2.2643 -> 1.7861  accuracy: 25.45% -> 24.55%      
---------------------------- TRAINING EPOCH: 90 ----------------------------    
client [52] (testset)   loss: 2.3415 -> 1.9792  accuracy: 6.76% -> 18.92%       
client [62] (testset)   loss: 2.2946 -> 1.5072  accuracy: 0.00% -> 55.56%       
client [71] (testset)   loss: 2.2809 -> 1.8888  accuracy: 12.50% -> 45.45%      
client [97] (testset)   loss: 2.3874 -> 1.5937  accuracy: 2.81% -> 48.88%       
client [30] (testset)   loss: 2.7573 -> 1.6918  accuracy: 9.35% -> 46.04%       
client [88] (testset)   loss: 2.8029 -> 1.6626  accuracy: 23.30% -> 46.60%      
client [60] (testset)   loss: 2.2744 -> 1.6650  accuracy: 53.77% -> 53.77%      
client [82] (testset)   loss: 2.3591 -> 1.7346  accuracy: 0.00% -> 28.21%       
client [91] (testset)   loss: 2.4866 -> 1.6666  accuracy: 8.82% -> 43.14%       
client [57] (testset)   loss: 2.2114 -> 1.8214  accuracy: 22.97% -> 22.97%      
---------------------------- TRAINING EPOCH: 100 ----------------------------   
client [31] (testset)   loss: 2.1579 -> 1.5155  accuracy: 4.26% -> 58.87%       
client [15] (testset)   loss: 2.3264 -> 1.7032  accuracy: 7.85% -> 36.13%       
client [71] (testset)   loss: 2.0566 -> 1.8749  accuracy: 45.45% -> 45.45%      
client [97] (testset)   loss: 2.4648 -> 1.5812  accuracy: 2.25% -> 48.88%       
client [53] (testset)   loss: 2.3010 -> 1.5826  accuracy: 0.77% -> 28.46%       
client [77] (testset)   loss: 2.6713 -> 1.7622  accuracy: 7.50% -> 25.00%       
client [76] (testset)   loss: 2.1852 -> 1.9788  accuracy: 19.53% -> 18.75%      
client [79] (testset)   loss: 2.1839 -> 1.7932  accuracy: 13.33% -> 30.00%      
client [28] (testset)   loss: 2.3520 -> 1.7867  accuracy: 17.81% -> 24.66%      
client [99] (testset)   loss: 2.4532 -> 2.0213  accuracy: 7.02% -> 31.58%       
---------------------------- TRAINING EPOCH: 110 ----------------------------   
client [97] (testset)   loss: 2.3563 -> 1.5668  accuracy: 23.03% -> 48.88%      
client [86] (testset)   loss: 2.2689 -> 1.8483  accuracy: 25.32% -> 32.91%      
client [34] (testset)   loss: 2.3757 -> 1.8248  accuracy: 2.98% -> 40.48%       
client [73] (testset)   loss: 2.1046 -> 1.3206  accuracy: 24.46% -> 50.21%      
client [5]  (testset)   loss: 2.0240 -> 1.2416  accuracy: 66.67% -> 66.67%      
client [96] (testset)   loss: 2.3367 -> 1.2916  accuracy: 0.00% -> 58.85%       
client [22] (testset)   loss: 2.0374 -> 1.5373  accuracy: 48.72% -> 23.08%      
client [60] (testset)   loss: 2.5308 -> 1.6485  accuracy: 2.83% -> 53.77%       
client [66] (testset)   loss: 2.4084 -> 1.8064  accuracy: 28.00% -> 30.67%      
client [83] (testset)   loss: 2.6909 -> 1.3569  accuracy: 0.00% -> 63.04%       
---------------------------- TRAINING EPOCH: 120 ----------------------------   
client [76] (testset)   loss: 2.3209 -> 1.8242  accuracy: 31.25% -> 18.75%      
client [65] (testset)   loss: 2.7330 -> 2.1760  accuracy: 2.78% -> 37.96%       
client [95] (testset)   loss: 1.9468 -> 1.0867  accuracy: 70.40% -> 70.40%      
client [17] (testset)   loss: 2.0452 -> 1.6249  accuracy: 58.91% -> 58.91%      
client [8]  (testset)   loss: 2.2955 -> 1.9954  accuracy: 29.22% -> 29.22%      
client [35] (testset)   loss: 2.1563 -> 1.6343  accuracy: 36.16% -> 36.16%      
client [98] (testset)   loss: 2.1731 -> 1.7750  accuracy: 6.62% -> 45.03%       
client [53] (testset)   loss: 2.1918 -> 1.8008  accuracy: 36.92% -> 20.00%      
client [43] (testset)   loss: 2.2591 -> 1.6030  accuracy: 46.33% -> 46.33%      
client [64] (testset)   loss: 2.1750 -> 1.7583  accuracy: 42.50% -> 42.50%      
---------------------------- TRAINING EPOCH: 130 ----------------------------   
client [21] (testset)   loss: 2.6216 -> 2.0652  accuracy: 18.49% -> 21.01%      
client [88] (testset)   loss: 2.5751 -> 1.6730  accuracy: 0.97% -> 46.60%       
client [38] (testset)   loss: 1.9926 -> 1.0348  accuracy: 73.33% -> 73.33%      
client [3]  (testset)   loss: 2.9227 -> 2.0230  accuracy: 0.00% -> 23.78%       
client [5]  (testset)   loss: 1.9472 -> 1.2464  accuracy: 66.67% -> 66.67%      
client [41] (testset)   loss: 2.6541 -> 1.5850  accuracy: 4.91% -> 36.81%       
client [7]  (testset)   loss: 2.5494 -> 1.2806  accuracy: 0.88% -> 61.40%       
client [37] (testset)   loss: 2.0714 -> 1.4440  accuracy: 60.33% -> 60.33%      
client [45] (testset)   loss: 2.3788 -> 1.8751  accuracy: 23.21% -> 23.21%      
client [47] (testset)   loss: 2.8260 -> 1.7559  accuracy: 15.20% -> 40.35%      
---------------------------- TRAINING EPOCH: 140 ----------------------------   
client [16] (testset)   loss: 2.5091 -> 1.9789  accuracy: 15.25% -> 29.66%      
client [11] (testset)   loss: 2.3391 -> 1.7048  accuracy: 0.46% -> 33.94%       
client [37] (testset)   loss: 2.5808 -> 1.4554  accuracy: 2.48% -> 60.33%       
client [41] (testset)   loss: 2.3229 -> 1.5133  accuracy: 3.07% -> 39.88%       
client [95] (testset)   loss: 2.5356 -> 1.0850  accuracy: 0.00% -> 70.40%       
client [53] (testset)   loss: 2.4085 -> 1.5976  accuracy: 0.77% -> 36.92%       
client [22] (testset)   loss: 2.4632 -> 1.3858  accuracy: 1.71% -> 48.72%       
client [25] (testset)   loss: 2.4640 -> 1.7917  accuracy: 7.69% -> 38.46%       
client [69] (testset)   loss: 2.3658 -> 1.8764  accuracy: 0.60% -> 34.13%       
client [46] (testset)   loss: 2.3178 -> 1.9125  accuracy: 23.38% -> 23.38%      
---------------------------- TRAINING EPOCH: 150 ----------------------------   
client [47] (testset)   loss: 2.0786 -> 1.8327  accuracy: 40.35% -> 40.35%      
client [69] (testset)   loss: 2.2198 -> 1.8841  accuracy: 0.60% -> 34.13%       
client [82] (testset)   loss: 2.6639 -> 1.7520  accuracy: 3.42% -> 24.79%       
client [45] (testset)   loss: 2.3225 -> 1.8937  accuracy: 8.33% -> 23.21%       
client [7]  (testset)   loss: 2.3983 -> 1.4081  accuracy: 2.63% -> 61.40%       
client [50] (testset)   loss: 2.4212 -> 1.6799  accuracy: 20.21% -> 38.83%      
client [35] (testset)   loss: 2.2255 -> 1.6350  accuracy: 6.78% -> 36.16%       
client [24] (testset)   loss: 2.5242 -> 1.9401  accuracy: 4.00% -> 33.00%       
client [15] (testset)   loss: 2.2245 -> 1.7218  accuracy: 7.85% -> 36.13%       
client [58] (testset)   loss: 2.6516 -> 1.8128  accuracy: 6.75% -> 44.84%       
---------------------------- TRAINING EPOCH: 160 ----------------------------   
client [48] (testset)   loss: 2.9348 -> 1.8930  accuracy: 7.55% -> 31.45%       
client [76] (testset)   loss: 2.6145 -> 2.1530  accuracy: 0.00% -> 18.75%       
client [67] (testset)   loss: 2.7719 -> 1.7649  accuracy: 4.09% -> 37.43%       
client [37] (testset)   loss: 2.0421 -> 1.4573  accuracy: 0.00% -> 60.33%       
client [58] (testset)   loss: 2.3606 -> 1.8111  accuracy: 1.59% -> 44.84%       
client [64] (testset)   loss: 2.2434 -> 1.8202  accuracy: 10.83% -> 42.50%      
client [77] (testset)   loss: 3.1645 -> 1.7092  accuracy: 0.00% -> 26.25%       
client [55] (testset)   loss: 2.4889 -> 1.1167  accuracy: 1.69% -> 61.80%       
client [12] (testset)   loss: 2.9976 -> 1.9325  accuracy: 7.87% -> 23.62%       
client [89] (testset)   loss: 2.2458 -> 1.9762  accuracy: 11.22% -> 37.76%      
---------------------------- TRAINING EPOCH: 170 ----------------------------   
client [84] (testset)   loss: 2.8439 -> 1.7447  accuracy: 0.00% -> 29.45%       
client [51] (testset)   loss: 2.4593 -> 1.8457  accuracy: 21.62% -> 39.19%      
client [8]  (testset)   loss: 2.3772 -> 2.0284  accuracy: 29.22% -> 29.22%      
client [18] (testset)   loss: 2.1617 -> 2.0774  accuracy: 33.11% -> 13.25%      
client [94] (testset)   loss: 2.3355 -> 1.6229  accuracy: 14.89% -> 55.32%      
client [81] (testset)   loss: 2.4362 -> 1.5893  accuracy: 10.62% -> 38.50%      
client [3]  (testset)   loss: 2.7703 -> 2.0270  accuracy: 0.00% -> 23.78%       
client [11] (testset)   loss: 2.1526 -> 1.7096  accuracy: 15.14% -> 33.94%      
client [95] (testset)   loss: 1.7232 -> 1.0819  accuracy: 70.40% -> 70.40%      
client [67] (testset)   loss: 2.9905 -> 1.7312  accuracy: 0.00% -> 37.43%       
---------------------------- TRAINING EPOCH: 180 ----------------------------   
client [21] (testset)   loss: 2.3490 -> 2.1027  accuracy: 21.01% -> 21.01%      
client [79] (testset)   loss: 2.2697 -> 1.8214  accuracy: 0.00% -> 30.00%       
client [58] (testset)   loss: 2.1049 -> 1.8376  accuracy: 44.84% -> 44.84%      
client [88] (testset)   loss: 3.0307 -> 1.6593  accuracy: 0.00% -> 46.60%       
client [46] (testset)   loss: 2.9217 -> 1.8763  accuracy: 0.00% -> 23.38%       
client [11] (testset)   loss: 2.6480 -> 1.7139  accuracy: 11.93% -> 33.94%      
client [55] (testset)   loss: 2.2416 -> 1.1676  accuracy: 3.93% -> 61.80%       
client [13] (testset)   loss: 2.8484 -> 1.3910  accuracy: 0.46% -> 39.35%       
client [31] (testset)   loss: 2.2036 -> 1.4648  accuracy: 1.42% -> 58.87%       
client [75] (testset)   loss: 1.8964 -> 1.1275  accuracy: 0.00% -> 65.00%       
---------------------------- TRAINING EPOCH: 190 ----------------------------   
client [19] (testset)   loss: 2.1888 -> 1.9021  accuracy: 23.23% -> 23.23%      
client [7]  (testset)   loss: 2.5817 -> 1.2798  accuracy: 2.63% -> 61.40%       
client [57] (testset)   loss: 2.1220 -> 1.8003  accuracy: 31.58% -> 22.97%      
client [13] (testset)   loss: 1.9839 -> 1.3602  accuracy: 41.67% -> 41.67%      
client [43] (testset)   loss: 2.1414 -> 1.5185  accuracy: 26.61% -> 46.33%      
client [91] (testset)   loss: 2.4822 -> 1.6736  accuracy: 18.63% -> 43.14%      
client [10] (testset)   loss: 2.1410 -> 1.1492  accuracy: 3.00% -> 64.38%       
client [64] (testset)   loss: 2.2098 -> 1.7399  accuracy: 6.67% -> 42.50%       
client [82] (testset)   loss: 2.5414 -> 1.7261  accuracy: 3.42% -> 28.21%       
client [22] (testset)   loss: 2.4616 -> 1.3949  accuracy: 1.71% -> 48.72%       
---------------------------- TRAINING EPOCH: 200 ----------------------------   
client [20] (testset)   loss: 3.1377 -> 1.6276  accuracy: 0.00% -> 34.69%       
client [23] (testset)   loss: 2.7925 -> 1.2102  accuracy: 0.00% -> 25.51%       
client [88] (testset)   loss: 3.0344 -> 1.6345  accuracy: 0.97% -> 46.60%       
client [98] (testset)   loss: 2.4486 -> 1.8323  accuracy: 6.62% -> 45.03%       
client [79] (testset)   loss: 2.3522 -> 1.7680  accuracy: 30.00% -> 30.00%      
client [21] (testset)   loss: 2.2451 -> 1.9845  accuracy: 18.49% -> 21.01%      
client [92] (testset)   loss: 3.0451 -> 1.8391  accuracy: 2.56% -> 47.44%       
client [56] (testset)   loss: 2.7111 -> 1.4585  accuracy: 0.00% -> 47.30%       
client [5]  (testset)   loss: 2.0022 -> 1.2528  accuracy: 66.67% -> 66.67%      
client [52] (testset)   loss: 2.4654 -> 2.0019  accuracy: 18.92% -> 18.92%      
---------------------------- TRAINING EPOCH: 210 ----------------------------   
client [67] (testset)   loss: 2.8349 -> 1.7440  accuracy: 0.00% -> 37.43%       
client [54] (testset)   loss: 2.2524 -> 1.5947  accuracy: 9.96% -> 36.16%       
client [14] (testset)   loss: 2.7112 -> 1.6654  accuracy: 3.23% -> 41.94%       
client [99] (testset)   loss: 2.6416 -> 2.0449  accuracy: 7.02% -> 31.58%       
client [36] (testset)   loss: 2.4251 -> 1.8659  accuracy: 7.58% -> 32.58%       
client [30] (testset)   loss: 2.8837 -> 1.6941  accuracy: 0.72% -> 46.04%       
client [38] (testset)   loss: 2.4650 -> 1.0293  accuracy: 0.00% -> 73.33%       
client [15] (testset)   loss: 2.1695 -> 1.6875  accuracy: 7.85% -> 36.13%       
client [6]  (testset)   loss: 2.3167 -> 2.0765  accuracy: 21.43% -> 21.43%      
client [53] (testset)   loss: 2.2547 -> 1.8238  accuracy: 0.77% -> 36.92%       
---------------------------- TRAINING EPOCH: 220 ----------------------------   
client [99] (testset)   loss: 2.4328 -> 2.0019  accuracy: 26.32% -> 31.58%      
client [6]  (testset)   loss: 2.3485 -> 2.0886  accuracy: 0.89% -> 21.43%       
client [83] (testset)   loss: 2.3280 -> 1.3113  accuracy: 0.00% -> 63.04%       
client [42] (testset)   loss: 2.1237 -> 1.8203  accuracy: 26.67% -> 33.02%      
client [34] (testset)   loss: 2.5865 -> 1.8096  accuracy: 2.98% -> 40.48%       
client [15] (testset)   loss: 2.2144 -> 1.6965  accuracy: 36.13% -> 31.94%      
client [47] (testset)   loss: 2.2892 -> 1.8166  accuracy: 15.20% -> 40.35%      
client [55] (testset)   loss: 2.2225 -> 1.1424  accuracy: 26.97% -> 61.80%      
client [51] (testset)   loss: 2.2312 -> 1.8442  accuracy: 21.62% -> 39.19%      
client [95] (testset)   loss: 2.0503 -> 1.0801  accuracy: 70.40% -> 70.40%      
---------------------------- TRAINING EPOCH: 230 ----------------------------   
client [71] (testset)   loss: 2.1997 -> 1.8963  accuracy: 1.14% -> 45.45%       
client [15] (testset)   loss: 2.5371 -> 1.7059  accuracy: 0.00% -> 36.13%       
client [33] (testset)   loss: 2.2431 -> 1.9085  accuracy: 8.33% -> 27.38%       
client [99] (testset)   loss: 2.5496 -> 2.0363  accuracy: 0.00% -> 31.58%       
client [90] (testset)   loss: 2.4986 -> 1.5427  accuracy: 0.00% -> 40.28%       
client [57] (testset)   loss: 2.3004 -> 1.8041  accuracy: 10.05% -> 31.58%      
client [27] (testset)   loss: 2.2726 -> 2.0933  accuracy: 17.37% -> 13.14%      
client [78] (testset)   loss: 2.4926 -> 1.6795  accuracy: 0.90% -> 31.98%       
client [36] (testset)   loss: 2.6442 -> 1.8730  accuracy: 3.03% -> 25.00%       
client [88] (testset)   loss: 2.6146 -> 1.6442  accuracy: 1.94% -> 46.60%       
---------------------------- TRAINING EPOCH: 240 ----------------------------   
client [70] (testset)   loss: 2.2297 -> 1.8445  accuracy: 6.28% -> 26.01%       
client [35] (testset)   loss: 2.1242 -> 1.6610  accuracy: 28.81% -> 19.21%      
client [16] (testset)   loss: 2.7744 -> 2.2350  accuracy: 6.78% -> 15.25%       
client [80] (testset)   loss: 3.0738 -> 1.6625  accuracy: 3.82% -> 52.67%       
client [38] (testset)   loss: 2.1000 -> 1.0853  accuracy: 1.11% -> 73.33%       
client [78] (testset)   loss: 2.8468 -> 1.6702  accuracy: 0.00% -> 31.98%       
client [68] (testset)   loss: 2.3989 -> 1.7898  accuracy: 0.71% -> 41.84%       
client [11] (testset)   loss: 2.2807 -> 1.7080  accuracy: 11.93% -> 33.94%      
client [64] (testset)   loss: 2.3486 -> 1.7669  accuracy: 1.67% -> 42.50%       
client [82] (testset)   loss: 2.3302 -> 1.7366  accuracy: 28.21% -> 24.79%      
---------------------------- TRAINING EPOCH: 250 ----------------------------   
client [30] (testset)   loss: 2.6659 -> 1.6808  accuracy: 15.11% -> 46.04%      
client [27] (testset)   loss: 2.4971 -> 2.0689  accuracy: 13.14% -> 13.14%      
client [74] (testset)   loss: 2.5266 -> 1.3620  accuracy: 0.00% -> 63.33%       
client [45] (testset)   loss: 2.2666 -> 1.8816  accuracy: 23.21% -> 26.19%      
client [6]  (testset)   loss: 2.5469 -> 2.0687  accuracy: 0.89% -> 21.43%       
client [36] (testset)   loss: 2.5126 -> 1.8680  accuracy: 13.64% -> 25.00%      
client [63] (testset)   loss: 2.6333 -> 2.0050  accuracy: 0.00% -> 38.52%       
client [76] (testset)   loss: 2.2564 -> 2.0369  accuracy: 31.25% -> 18.75%      
client [83] (testset)   loss: 2.8252 -> 1.3066  accuracy: 0.00% -> 63.04%       
client [86] (testset)   loss: 2.3104 -> 1.8640  accuracy: 25.32% -> 32.91%      
---------------------------- TRAINING EPOCH: 260 ----------------------------   
client [83] (testset)   loss: 2.4039 -> 1.4005  accuracy: 5.43% -> 63.04%       
client [99] (testset)   loss: 2.3570 -> 2.0054  accuracy: 7.02% -> 31.58%       
client [74] (testset)   loss: 2.2801 -> 1.3423  accuracy: 7.22% -> 63.33%       
client [73] (testset)   loss: 2.1430 -> 1.3701  accuracy: 50.21% -> 50.21%      
client [29] (testset)   loss: 2.3030 -> 1.6008  accuracy: 10.16% -> 35.83%      
client [92] (testset)   loss: 2.5050 -> 1.9044  accuracy: 0.00% -> 47.44%       
client [6]  (testset)   loss: 2.3780 -> 2.0789  accuracy: 21.43% -> 20.54%      
client [61] (testset)   loss: 2.4842 -> 2.0290  accuracy: 8.11% -> 22.52%       
client [21] (testset)   loss: 2.5734 -> 2.0001  accuracy: 0.84% -> 18.49%       
client [67] (testset)   loss: 2.9398 -> 1.8358  accuracy: 0.00% -> 29.82%       
---------------------------- TRAINING EPOCH: 270 ----------------------------   
client [83] (testset)   loss: 2.3123 -> 1.3552  accuracy: 0.00% -> 63.04%       
client [32] (testset)   loss: 2.2820 -> 2.1579  accuracy: 25.00% -> 27.86%      
client [95] (testset)   loss: 1.7831 -> 1.1188  accuracy: 70.40% -> 70.40%      
client [61] (testset)   loss: 2.4635 -> 1.9941  accuracy: 10.81% -> 22.52%      
client [27] (testset)   loss: 2.4986 -> 2.0854  accuracy: 13.14% -> 27.12%      
client [25] (testset)   loss: 2.2570 -> 1.7753  accuracy: 26.92% -> 38.46%      
client [68] (testset)   loss: 2.2446 -> 1.8597  accuracy: 20.57% -> 41.84%      
client [34] (testset)   loss: 2.8011 -> 1.8251  accuracy: 2.98% -> 40.48%       
client [71] (testset)   loss: 2.2595 -> 1.8642  accuracy: 14.77% -> 45.45%      
client [89] (testset)   loss: 2.2862 -> 2.0192  accuracy: 8.16% -> 37.76%       
---------------------------- TRAINING EPOCH: 280 ----------------------------   
client [78] (testset)   loss: 2.9058 -> 1.6876  accuracy: 3.15% -> 31.98%       
client [81] (testset)   loss: 2.3538 -> 1.6078  accuracy: 9.29% -> 38.50%       
client [51] (testset)   loss: 2.4011 -> 1.8466  accuracy: 3.38% -> 39.19%       
client [54] (testset)   loss: 2.1892 -> 1.6118  accuracy: 36.16% -> 36.16%      
client [65] (testset)   loss: 2.2589 -> 1.9493  accuracy: 37.96% -> 37.96%      
client [41] (testset)   loss: 2.4709 -> 1.4857  accuracy: 0.00% -> 36.81%       
client [11] (testset)   loss: 2.7521 -> 1.6992  accuracy: 1.38% -> 33.94%       
client [85] (testset)   loss: 2.5286 -> 1.7800  accuracy: 1.14% -> 30.29%       
client [12] (testset)   loss: 2.8262 -> 1.9375  accuracy: 0.00% -> 23.62%       
client [23] (testset)   loss: 2.4700 -> 1.4117  accuracy: 1.02% -> 25.51%       
---------------------------- TRAINING EPOCH: 290 ----------------------------   
client [16] (testset)   loss: 2.4835 -> 2.1399  accuracy: 15.25% -> 15.25%      
client [65] (testset)   loss: 2.4434 -> 2.0201  accuracy: 6.48% -> 37.96%       
client [53] (testset)   loss: 2.3553 -> 1.7970  accuracy: 0.77% -> 28.46%       
client [58] (testset)   loss: 2.4159 -> 1.8476  accuracy: 6.75% -> 44.84%       
client [72] (testset)   loss: 2.3708 -> 1.4535  accuracy: 8.12% -> 57.50%       
client [7]  (testset)   loss: 2.5218 -> 1.3315  accuracy: 2.63% -> 61.40%       
client [71] (testset)   loss: 2.0817 -> 1.8934  accuracy: 45.45% -> 45.45%      
client [59] (testset)   loss: 2.4562 -> 1.5372  accuracy: 0.00% -> 41.52%       
client [86] (testset)   loss: 2.3480 -> 1.8410  accuracy: 2.53% -> 32.91%       
client [39] (testset)   loss: 2.1801 -> 1.9203  accuracy: 24.55% -> 24.55%      
---------------------------- TRAINING EPOCH: 300 ----------------------------   
client [99] (testset)   loss: 2.3850 -> 2.1701  accuracy: 7.02% -> 31.58%       
client [7]  (testset)   loss: 2.4791 -> 1.2748  accuracy: 2.63% -> 61.40%       
client [17] (testset)   loss: 2.2763 -> 1.7346  accuracy: 2.33% -> 58.91%       
client [64] (testset)   loss: 2.2293 -> 1.7494  accuracy: 6.67% -> 42.50%       
client [37] (testset)   loss: 2.1923 -> 1.4616  accuracy: 2.48% -> 60.33%       
client [29] (testset)   loss: 2.6954 -> 1.6037  accuracy: 10.16% -> 35.83%      
client [93] (testset)   loss: 2.1934 -> 1.1583  accuracy: 0.00% -> 70.93%       
client [73] (testset)   loss: 2.0714 -> 1.3403  accuracy: 50.21% -> 50.21%      
client [40] (testset)   loss: 2.3540 -> 1.8764  accuracy: 2.00% -> 27.00%       
client [76] (testset)   loss: 2.2570 -> 2.0991  accuracy: 19.53% -> 19.53%      
---------------------------- TRAINING EPOCH: 310 ----------------------------   
client [31] (testset)   loss: 2.0661 -> 1.5533  accuracy: 58.87% -> 58.87%      
client [89] (testset)   loss: 2.3713 -> 2.0306  accuracy: 8.16% -> 37.76%       
client [77] (testset)   loss: 2.5524 -> 1.7106  accuracy: 0.00% -> 25.00%       
client [90] (testset)   loss: 2.2639 -> 1.5205  accuracy: 27.78% -> 40.28%      
client [26] (testset)   loss: 2.3717 -> 1.0665  accuracy: 3.85% -> 70.51%       
client [50] (testset)   loss: 2.3583 -> 1.6833  accuracy: 12.23% -> 38.83%      
client [30] (testset)   loss: 2.8832 -> 1.6925  accuracy: 15.11% -> 46.04%      
client [70] (testset)   loss: 2.3174 -> 1.8691  accuracy: 26.01% -> 26.01%      
client [41] (testset)   loss: 2.3297 -> 1.5099  accuracy: 4.91% -> 39.88%       
client [99] (testset)   loss: 2.3387 -> 2.2265  accuracy: 26.32% -> 31.58%      
---------------------------- TRAINING EPOCH: 320 ----------------------------   
client [68] (testset)   loss: 2.5505 -> 1.8326  accuracy: 2.84% -> 41.84%       
client [70] (testset)   loss: 2.0908 -> 1.8368  accuracy: 34.53% -> 34.53%      
client [52] (testset)   loss: 2.5728 -> 1.9752  accuracy: 11.26% -> 18.92%      
client [1]  (testset)   loss: 2.4187 -> 1.7155  accuracy: 24.49% -> 26.53%      
client [2]  (testset)   loss: 2.3438 -> 2.0055  accuracy: 28.09% -> 28.09%      
client [67] (testset)   loss: 2.7394 -> 1.7650  accuracy: 4.09% -> 29.82%       
client [92] (testset)   loss: 3.0762 -> 1.8016  accuracy: 8.97% -> 47.44%       
client [35] (testset)   loss: 2.4640 -> 1.6420  accuracy: 1.13% -> 36.16%       
client [36] (testset)   loss: 3.0735 -> 1.9000  accuracy: 0.00% -> 32.58%       
client [64] (testset)   loss: 2.3847 -> 1.7411  accuracy: 10.83% -> 42.50%      
---------------------------- TRAINING EPOCH: 330 ----------------------------   
client [44] (testset)   loss: 2.1648 -> 1.5530  accuracy: 10.62% -> 57.08%      
client [6]  (testset)   loss: 2.3384 -> 2.0851  accuracy: 20.54% -> 20.54%      
client [12] (testset)   loss: 2.8029 -> 1.9347  accuracy: 0.00% -> 23.62%       
client [55] (testset)   loss: 1.6215 -> 1.1133  accuracy: 61.80% -> 61.80%      
client [29] (testset)   loss: 2.8900 -> 1.6401  accuracy: 0.00% -> 35.83%       
client [9]  (testset)   loss: 2.6545 -> 1.9775  accuracy: 0.00% -> 34.72%       
client [43] (testset)   loss: 2.5207 -> 1.5165  accuracy: 5.05% -> 46.33%       
client [77] (testset)   loss: 2.5251 -> 1.7517  accuracy: 26.25% -> 25.00%      
client [98] (testset)   loss: 2.3048 -> 1.8215  accuracy: 7.28% -> 45.03%       
client [78] (testset)   loss: 2.7597 -> 1.6768  accuracy: 3.15% -> 31.98%       
---------------------------- TRAINING EPOCH: 340 ----------------------------   
client [92] (testset)   loss: 2.7495 -> 1.8112  accuracy: 2.56% -> 47.44%       
client [80] (testset)   loss: 2.8643 -> 1.6834  accuracy: 3.82% -> 52.67%       
client [63] (testset)   loss: 2.5244 -> 2.0325  accuracy: 0.00% -> 7.38%        
client [76] (testset)   loss: 2.3280 -> 1.9430  accuracy: 31.25% -> 31.25%      
client [78] (testset)   loss: 2.6689 -> 1.6771  accuracy: 0.90% -> 31.98%       
client [25] (testset)   loss: 2.1515 -> 1.8080  accuracy: 26.92% -> 38.46%      
client [58] (testset)   loss: 2.3260 -> 1.8180  accuracy: 7.54% -> 44.84%       
client [13] (testset)   loss: 2.7798 -> 1.3748  accuracy: 0.93% -> 39.35%       
client [17] (testset)   loss: 1.8785 -> 1.4939  accuracy: 58.91% -> 58.91%      
client [38] (testset)   loss: 1.7522 -> 1.2257  accuracy: 73.33% -> 73.33%      
---------------------------- TRAINING EPOCH: 350 ----------------------------   
client [72] (testset)   loss: 1.9498 -> 1.5416  accuracy: 57.50% -> 57.50%      
client [82] (testset)   loss: 2.2207 -> 1.7332  accuracy: 24.79% -> 28.21%      
client [86] (testset)   loss: 2.5595 -> 1.8500  accuracy: 1.27% -> 32.91%       
client [51] (testset)   loss: 2.1783 -> 1.8540  accuracy: 39.19% -> 39.19%      
client [96] (testset)   loss: 2.6485 -> 1.2582  accuracy: 0.96% -> 58.85%       
client [42] (testset)   loss: 2.1672 -> 1.8041  accuracy: 33.02% -> 33.02%      
client [55] (testset)   loss: 2.6123 -> 1.1077  accuracy: 0.00% -> 61.80%       
client [13] (testset)   loss: 1.8921 -> 1.3764  accuracy: 39.35% -> 41.67%      
client [1]  (testset)   loss: 2.5374 -> 1.7242  accuracy: 4.08% -> 28.57%       
client [12] (testset)   loss: 2.3950 -> 1.9330  accuracy: 17.32% -> 23.62%      
---------------------------- TRAINING EPOCH: 360 ----------------------------   
client [68] (testset)   loss: 2.3024 -> 1.7853  accuracy: 7.09% -> 41.84%       
client [23] (testset)   loss: 3.0867 -> 1.1707  accuracy: 1.02% -> 61.22%       
client [46] (testset)   loss: 2.6071 -> 1.9317  accuracy: 23.38% -> 23.38%      
client [41] (testset)   loss: 2.3135 -> 1.5823  accuracy: 3.07% -> 39.88%       
client [25] (testset)   loss: 2.2911 -> 1.7811  accuracy: 7.69% -> 38.46%       
client [58] (testset)   loss: 2.2666 -> 1.8243  accuracy: 6.75% -> 44.84%       
client [14] (testset)   loss: 2.6237 -> 1.6792  accuracy: 3.23% -> 41.94%       
client [33] (testset)   loss: 2.1064 -> 1.9075  accuracy: 28.57% -> 27.38%      
client [85] (testset)   loss: 2.4672 -> 1.8255  accuracy: 30.29% -> 30.29%      
client [62] (testset)   loss: 2.0937 -> 1.5476  accuracy: 15.11% -> 55.56%      
---------------------------- TRAINING EPOCH: 370 ----------------------------   
client [98] (testset)   loss: 2.5580 -> 2.0624  accuracy: 6.62% -> 45.03%       
client [63] (testset)   loss: 2.6874 -> 1.9527  accuracy: 0.00% -> 38.52%       
client [70] (testset)   loss: 2.4166 -> 1.8201  accuracy: 26.01% -> 34.53%      
client [65] (testset)   loss: 2.4023 -> 2.1358  accuracy: 2.78% -> 37.96%       
client [14] (testset)   loss: 2.4343 -> 1.7341  accuracy: 41.94% -> 41.94%      
client [73] (testset)   loss: 2.1276 -> 1.3238  accuracy: 24.46% -> 50.21%      
client [34] (testset)   loss: 3.0217 -> 1.9005  accuracy: 2.98% -> 40.48%       
client [99] (testset)   loss: 2.4185 -> 1.9875  accuracy: 26.32% -> 31.58%      
client [69] (testset)   loss: 2.4836 -> 1.8630  accuracy: 13.77% -> 34.13%      
client [46] (testset)   loss: 2.5903 -> 1.9212  accuracy: 5.19% -> 23.38%       
---------------------------- TRAINING EPOCH: 380 ----------------------------   
client [99] (testset)   loss: 2.4659 -> 2.0725  accuracy: 8.77% -> 31.58%       
client [93] (testset)   loss: 1.9636 -> 1.3362  accuracy: 70.93% -> 70.93%      
client [11] (testset)   loss: 2.6264 -> 1.7078  accuracy: 11.93% -> 33.94%      
client [58] (testset)   loss: 2.0885 -> 1.8068  accuracy: 44.84% -> 44.84%      
client [81] (testset)   loss: 2.2990 -> 1.5704  accuracy: 27.65% -> 38.50%      
client [85] (testset)   loss: 2.4292 -> 1.7662  accuracy: 0.00% -> 30.29%       
client [89] (testset)   loss: 2.1021 -> 2.2645  accuracy: 37.76% -> 37.76%      
client [45] (testset)   loss: 2.3352 -> 1.8997  accuracy: 1.19% -> 26.19%       
client [8]  (testset)   loss: 2.4312 -> 1.9828  accuracy: 0.00% -> 29.22%       
client [68] (testset)   loss: 2.4736 -> 1.7496  accuracy: 0.71% -> 41.84%       
---------------------------- TRAINING EPOCH: 390 ----------------------------   
client [67] (testset)   loss: 2.7656 -> 1.6363  accuracy: 0.00% -> 29.82%       
client [72] (testset)   loss: 2.8360 -> 1.6518  accuracy: 3.12% -> 57.50%       
client [1]  (testset)   loss: 2.4624 -> 1.7296  accuracy: 0.00% -> 26.53%       
client [78] (testset)   loss: 2.6150 -> 1.6736  accuracy: 0.90% -> 31.98%       
client [83] (testset)   loss: 2.8563 -> 1.3686  accuracy: 0.00% -> 63.04%       
client [21] (testset)   loss: 2.4876 -> 2.0299  accuracy: 18.49% -> 21.01%      
client [56] (testset)   loss: 2.7813 -> 1.4869  accuracy: 0.00% -> 47.30%       
client [44] (testset)   loss: 1.9718 -> 1.5269  accuracy: 57.08% -> 57.08%      
client [92] (testset)   loss: 2.3925 -> 1.9080  accuracy: 2.56% -> 47.44%       
client [27] (testset)   loss: 2.7165 -> 2.0530  accuracy: 13.14% -> 27.12%      
---------------------------- TRAINING EPOCH: 400 ----------------------------   
client [10] (testset)   loss: 2.0603 -> 1.1471  accuracy: 0.86% -> 64.38%       
client [39] (testset)   loss: 2.2953 -> 1.8255  accuracy: 0.00% -> 24.55%       
client [65] (testset)   loss: 2.5015 -> 2.0369  accuracy: 1.85% -> 20.37%       
client [26] (testset)   loss: 2.3813 -> 1.0523  accuracy: 1.28% -> 70.51%       
client [19] (testset)   loss: 2.3419 -> 1.8360  accuracy: 8.08% -> 38.38%       
client [68] (testset)   loss: 2.3482 -> 1.8670  accuracy: 0.71% -> 41.84%       
client [41] (testset)   loss: 2.1326 -> 1.5031  accuracy: 39.88% -> 39.88%      
client [50] (testset)   loss: 2.2948 -> 1.6819  accuracy: 38.83% -> 38.83%      
client [75] (testset)   loss: 2.0624 -> 1.0358  accuracy: 0.00% -> 65.00%       
client [81] (testset)   loss: 2.0317 -> 1.5675  accuracy: 27.65% -> 38.50%      
FedAvg's average time taken by each global epoch: 0 min 0.92 sec.               
FedAvg's total running time: 0 h 6 m 10 s.                                      
==================== FedAvg Experiment Results: ====================            
Display format: (before local fine-tuning) -> (after local fine-tuning)         
 So if finetune_epoch = 0, x.xx% -> 0.00% is normal.                            
 Centralized testing ONLY happens after model aggregation, so the stats between 
'->' are the same.                                                              
{                                                                               
    "100": {                                                                    
        "all_clients": {                                                        
            "test": {                                                           
                "loss": "2.4451 -> 0.0000",                                     
                "accuracy": "17.96% -> 0.00%"                                   
            }                                                                   
        }                                                                       
    },                                                                          
    "200": {                                                                    
        "all_clients": {                                                        
            "test": {                                                           
                "loss": "2.4109 -> 0.0000",                                     
                "accuracy": "5.49% -> 0.00%"                                    
            }                                                                   
        }                                                                       
    },                                                                          
    "300": {                                                                    
        "all_clients": {                                                        
            "test": {                                                           
                "loss": "2.3816 -> 0.0000",                                     
                "accuracy": "17.96% -> 0.00%"                                   
            }                                                                   
        }                                                                       
    },                                                                          
    "400": {                                                                    
        "all_clients": {                                                        
            "test": {                                                           
                "loss": "2.4227 -> 0.0000",                                     
                "accuracy": "25.24% -> 0.00%"                                   
            }                                                                   
        }                                                                       
    }                                                                           
}                                                                               
==================== FedAvg Max Accuracy ====================                   
all_clients:                                                                    
(test) before fine-tuning: 25.24% at epoch 400                                  
(test) after fine-tuning: 0.00% at epoch 100                                    
