Files already downloaded and verified
Files already downloaded and verified
==================== PSFL ====================                                  
Experiment Arguments:                                                           
{
│   'method': 'psfl',
│   'dataset': {
│   │   'name': 'cifar10',
│   │   'client_num': 100,
│   │   'test_ratio': 0.25,
│   │   'val_ratio': 0.0,
│   │   'seed': 42,
│   │   'split': 'sample',
│   │   'IID_ratio': 0.0,
│   │   'monitor_window_name_suffix': 'cifar10-100clients-0%IID-Dir(0.1)-seed42',
│   │   'alpha': 0.1,
│   │   'min_samples_per_client': 10
│   },
│   'model': {
│   │   'name': 'avgcnn',
│   │   'use_torchvision_pretrained_weights': True,
│   │   'external_model_weights_path': None
│   },
│   'optimizer': {
│   │   'lr': 0.01,
│   │   'dampening': 0,
│   │   'weight_decay': 0,
│   │   'momentum': 0,
│   │   'nesterov': False,
│   │   'name': 'sgd'
│   },
│   'mode': 'sequential',
│   'parallel': {
│   │   'ray_cluster_addr': None,
│   │   'num_cpus': None,
│   │   'num_gpus': None,
│   │   'num_workers': 2
│   },
│   'common': {
│   │   'seed': 42,
│   │   'join_ratio': 0.1,
│   │   'global_epoch': 400,
│   │   'local_epoch': 5,
│   │   'batch_size': 32,
│   │   'reset_optimizer_on_global_epoch': True,
│   │   'straggler_ratio': 0,
│   │   'straggler_min_local_epoch': 0,
│   │   'buffers': 'global',
│   │   'client_side_evaluation': True,
│   │   'test': {
│   │   │   'client': {
│   │   │   │   'interval': 100,
│   │   │   │   'finetune_epoch': 0,
│   │   │   │   'train': False,
│   │   │   │   'val': False,
│   │   │   │   'test': True
│   │   │   },
│   │   │   'server': {
│   │   │   │   'interval': -1,
│   │   │   │   'train': False,
│   │   │   │   'val': False,
│   │   │   │   'test': False,
│   │   │   │   'model_in_train_mode': False
│   │   │   }
│   │   },
│   │   'verbose_gap': 10,
│   │   'monitor': None,
│   │   'use_cuda': True,
│   │   'save_log': True,
│   │   'save_model': False,
│   │   'save_learning_curve_plot': False,
│   │   'save_metrics': True,
│   │   'delete_useless_run': True
│   },
│   'psfl': {
│   │   'alpha': 0.0,
│   │   'CLS': False,
│   │   'ig_ratio': 0.99997,
│   │   'track': False,
│   │   'score': 'obp'
│   }
}
---------------------------- TRAINING EPOCH: 10 ----------------------------    
client [77] (testset)   loss: 4.6051 -> 0.3671  accuracy: 4.95% -> 87.99%       
client [81] (testset)   loss: 0.0772 -> 0.0276  accuracy: 97.32% -> 99.11%      
client [21] (testset)   loss: 3.9717 -> 0.7077  accuracy: 4.35% -> 78.26%       
client [68] (testset)   loss: 3.9183 -> 0.2460  accuracy: 2.82% -> 93.22%       
client [93] (testset)   loss: 1.4813 -> 0.8611  accuracy: 47.37% -> 78.95%      
client [31] (testset)   loss: 2.9115 -> 0.1292  accuracy: 16.13% -> 96.77%      
client [20] (testset)   loss: 4.0906 -> 0.5665  accuracy: 4.53% -> 80.18%       
client [59] (testset)   loss: 0.6665 -> 0.0114  accuracy: 66.67% -> 100.00%     
client [48] (testset)   loss: 4.2238 -> 0.7798  accuracy: 7.69% -> 76.92%       
client [34] (testset)   loss: 1.3965 -> 0.7223  accuracy: 56.13% -> 73.55%      
---------------------------- TRAINING EPOCH: 20 ----------------------------    
client [69] (testset)   loss: 3.1820 -> 0.8547  accuracy: 49.09% -> 62.12%      
client [99] (testset)   loss: 1.4154 -> 0.0225  accuracy: 43.04% -> 100.00%     
client [67] (testset)   loss: 1.5792 -> 0.2560  accuracy: 56.77% -> 90.97%      
client [0]  (testset)   loss: 0.5766 -> 0.1218  accuracy: 85.03% -> 96.41%      
client [76] (testset)   loss: 0.8994 -> 0.2901  accuracy: 70.86% -> 90.73%      
client [41] (testset)   loss: 2.9500 -> 0.6939  accuracy: 30.16% -> 82.54%      
client [62] (testset)   loss: 2.6323 -> 0.1030  accuracy: 5.88% -> 94.12%       
client [2]  (testset)   loss: 1.6262 -> 0.4338  accuracy: 49.64% -> 87.59%      
client [14] (testset)   loss: 4.3823 -> 0.5884  accuracy: 11.33% -> 78.82%      
client [46] (testset)   loss: 2.3326 -> 0.5121  accuracy: 32.56% -> 85.27%      
---------------------------- TRAINING EPOCH: 30 ----------------------------    
client [24] (testset)   loss: 0.3636 -> 0.3771  accuracy: 91.67% -> 91.67%      
client [68] (testset)   loss: 0.8461 -> 0.1383  accuracy: 70.62% -> 96.05%      
client [57] (testset)   loss: 1.2809 -> 0.1558  accuracy: 66.67% -> 96.20%      
client [17] (testset)   loss: 3.0987 -> 0.8413  accuracy: 22.62% -> 80.95%      
client [54] (testset)   loss: 0.7782 -> 0.6709  accuracy: 86.25% -> 87.50%      
client [23] (testset)   loss: 4.6318 -> 0.0646  accuracy: 14.29% -> 96.43%      
client [35] (testset)   loss: 2.7179 -> 0.4739  accuracy: 16.67% -> 66.67%      
client [59] (testset)   loss: 1.2732 -> 0.1508  accuracy: 33.33% -> 100.00%     
client [31] (testset)   loss: 1.8855 -> 0.1296  accuracy: 54.84% -> 97.24%      
client [9]  (testset)   loss: 2.4590 -> 0.3534  accuracy: 35.04% -> 88.89%      
---------------------------- TRAINING EPOCH: 40 ----------------------------    
client [64] (testset)   loss: 0.4189 -> 0.1613  accuracy: 91.28% -> 95.87%      
client [33] (testset)   loss: 0.4282 -> 0.2960  accuracy: 91.67% -> 93.75%      
client [16] (testset)   loss: 0.5687 -> 0.6442  accuracy: 79.52% -> 79.52%      
client [44] (testset)   loss: 1.8233 -> 0.2550  accuracy: 56.12% -> 92.86%      
client [8]  (testset)   loss: 1.6686 -> 0.5436  accuracy: 67.74% -> 80.65%      
client [31] (testset)   loss: 2.5131 -> 0.1170  accuracy: 52.07% -> 96.77%      
client [47] (testset)   loss: 2.9494 -> 1.2971  accuracy: 50.00% -> 75.00%      
client [36] (testset)   loss: 2.1056 -> 0.6052  accuracy: 51.06% -> 87.23%      
client [20] (testset)   loss: 1.2960 -> 0.6083  accuracy: 69.69% -> 85.49%      
client [56] (testset)   loss: 2.3426 -> 0.2224  accuracy: 50.77% -> 90.77%      
---------------------------- TRAINING EPOCH: 50 ----------------------------    
client [4]  (testset)   loss: 0.9900 -> 0.1152  accuracy: 73.24% -> 97.18%      
client [60] (testset)   loss: 0.3432 -> 0.3211  accuracy: 88.39% -> 92.51%      
client [28] (testset)   loss: 0.4693 -> 0.1434  accuracy: 84.00% -> 92.00%      
client [25] (testset)   loss: 1.1007 -> 0.6616  accuracy: 64.31% -> 81.63%      
client [58] (testset)   loss: 0.6114 -> 0.2467  accuracy: 86.11% -> 96.03%      
client [44] (testset)   loss: 0.2957 -> 0.2431  accuracy: 90.82% -> 90.82%      
client [39] (testset)   loss: 1.1683 -> 0.5984  accuracy: 67.81% -> 84.93%      
client [29] (testset)   loss: 0.5131 -> 0.1416  accuracy: 90.06% -> 94.74%      
client [3]  (testset)   loss: 2.0588 -> 0.7370  accuracy: 54.55% -> 81.82%      
client [84] (testset)   loss: 0.9535 -> 0.4093  accuracy: 76.56% -> 84.38%      
---------------------------- TRAINING EPOCH: 60 ----------------------------    
client [21] (testset)   loss: 4.5304 -> 0.6249  accuracy: 30.43% -> 86.96%      
client [84] (testset)   loss: 1.1951 -> 0.4186  accuracy: 78.12% -> 85.94%      
client [10] (testset)   loss: 0.2394 -> 0.1301  accuracy: 92.49% -> 96.53%      
client [36] (testset)   loss: 0.9848 -> 0.6830  accuracy: 80.85% -> 85.11%      
client [65] (testset)   loss: 3.0148 -> 1.0011  accuracy: 53.57% -> 71.43%      
client [81] (testset)   loss: 0.1231 -> 0.0144  accuracy: 96.43% -> 99.11%      
client [79] (testset)   loss: 0.8785 -> 0.2577  accuracy: 78.77% -> 93.85%      
client [42] (testset)   loss: 0.3919 -> 0.2919  accuracy: 88.89% -> 93.00%      
client [11] (testset)   loss: 3.4355 -> 0.5674  accuracy: 40.91% -> 86.36%      
client [96] (testset)   loss: 1.9338 -> 1.5413  accuracy: 59.09% -> 70.45%      
---------------------------- TRAINING EPOCH: 70 ----------------------------    
client [8]  (testset)   loss: 1.4096 -> 0.5454  accuracy: 74.19% -> 83.87%      
client [53] (testset)   loss: 0.5649 -> 0.5168  accuracy: 83.16% -> 85.20%      
client [52] (testset)   loss: 0.1864 -> 0.1662  accuracy: 97.06% -> 97.06%      
client [42] (testset)   loss: 0.3345 -> 0.2902  accuracy: 93.00% -> 92.59%      
client [69] (testset)   loss: 1.2266 -> 1.2128  accuracy: 68.48% -> 70.00%      
client [59] (testset)   loss: 0.0057 -> 0.0005  accuracy: 100.00% -> 100.00%    
client [7]  (testset)   loss: 0.7641 -> 0.3808  accuracy: 80.19% -> 88.41%      
client [26] (testset)   loss: 0.8075 -> 0.9351  accuracy: 92.31% -> 92.31%      
client [49] (testset)   loss: 1.0198 -> 0.6164  accuracy: 75.24% -> 85.40%      
client [98] (testset)   loss: 1.0009 -> 0.9020  accuracy: 80.57% -> 86.26%      
---------------------------- TRAINING EPOCH: 80 ----------------------------    
client [98] (testset)   loss: 1.0856 -> 0.9557  accuracy: 84.83% -> 84.36%      
client [47] (testset)   loss: 2.8399 -> 2.0475  accuracy: 56.25% -> 62.50%      
client [21] (testset)   loss: 3.5518 -> 1.4940  accuracy: 43.48% -> 60.87%      
client [77] (testset)   loss: 0.4325 -> 0.3922  accuracy: 91.17% -> 93.29%      
client [95] (testset)   loss: 1.6807 -> 1.3805  accuracy: 59.77% -> 71.26%      
client [91] (testset)   loss: 0.5502 -> 0.5406  accuracy: 92.65% -> 94.12%      
client [14] (testset)   loss: 0.7288 -> 0.7271  accuracy: 80.79% -> 82.76%      
client [99] (testset)   loss: 0.0240 -> 0.0005  accuracy: 98.73% -> 100.00%     
client [20] (testset)   loss: 1.1682 -> 0.6875  accuracy: 78.37% -> 86.92%      
client [39] (testset)   loss: 1.3980 -> 0.7355  accuracy: 69.86% -> 86.30%      
---------------------------- TRAINING EPOCH: 90 ----------------------------    
client [52] (testset)   loss: 0.3062 -> 0.1826  accuracy: 94.12% -> 97.06%      
client [62] (testset)   loss: 0.0896 -> 0.0954  accuracy: 94.12% -> 94.12%      
client [71] (testset)   loss: 0.7166 -> 0.7468  accuracy: 83.87% -> 86.02%      
client [97] (testset)   loss: 0.9910 -> 0.9337  accuracy: 86.59% -> 86.59%      
client [30] (testset)   loss: 2.1497 -> 1.7085  accuracy: 67.74% -> 73.12%      
client [88] (testset)   loss: 0.3685 -> 0.3275  accuracy: 91.84% -> 94.21%      
client [60] (testset)   loss: 0.3320 -> 0.2838  accuracy: 91.01% -> 92.51%      
client [82] (testset)   loss: 0.3667 -> 0.3621  accuracy: 96.59% -> 96.59%      
client [91] (testset)   loss: 0.4899 -> 0.4977  accuracy: 91.18% -> 89.71%      
client [57] (testset)   loss: 0.3016 -> 0.1856  accuracy: 93.67% -> 96.62%      
---------------------------- TRAINING EPOCH: 100 ----------------------------   
client [31] (testset)   loss: 0.3101 -> 0.2460  accuracy: 94.93% -> 95.85%      
client [15] (testset)   loss: 0.8683 -> 0.7566  accuracy: 84.38% -> 86.33%      
client [71] (testset)   loss: 0.8069 -> 0.7601  accuracy: 83.33% -> 86.56%      
client [97] (testset)   loss: 0.8266 -> 0.8953  accuracy: 86.59% -> 86.59%      
client [53] (testset)   loss: 0.6346 -> 0.5940  accuracy: 82.65% -> 84.69%      
client [77] (testset)   loss: 0.4593 -> 0.4130  accuracy: 90.81% -> 92.58%      
client [76] (testset)   loss: 0.6025 -> 0.4340  accuracy: 86.75% -> 91.39%      
client [79] (testset)   loss: 0.6895 -> 0.2938  accuracy: 87.71% -> 94.69%      
client [28] (testset)   loss: 0.2976 -> 0.1662  accuracy: 88.00% -> 88.00%      
client [99] (testset)   loss: 0.0121 -> 0.0031  accuracy: 100.00% -> 100.00%    
---------------------------- TRAINING EPOCH: 110 ----------------------------   
client [97] (testset)   loss: 0.8904 -> 0.9469  accuracy: 85.37% -> 82.93%      
client [86] (testset)   loss: 0.6901 -> 0.6868  accuracy: 86.84% -> 89.47%      
client [34] (testset)   loss: 1.6823 -> 1.4158  accuracy: 73.55% -> 74.84%      
client [73] (testset)   loss: 1.2210 -> 1.1879  accuracy: 78.79% -> 78.79%      
client [5]  (testset)   loss: 0.8430 -> 0.7655  accuracy: 80.93% -> 84.54%      
client [96] (testset)   loss: 2.1818 -> 2.1452  accuracy: 63.64% -> 59.09%      
client [22] (testset)   loss: 0.6174 -> 0.5889  accuracy: 90.98% -> 90.23%      
client [60] (testset)   loss: 0.3285 -> 0.3364  accuracy: 92.88% -> 92.13%      
client [66] (testset)   loss: 0.6765 -> 0.6600  accuracy: 86.03% -> 88.24%      
client [83] (testset)   loss: 0.8732 -> 0.7788  accuracy: 83.47% -> 84.31%      
---------------------------- TRAINING EPOCH: 120 ----------------------------   
client [76] (testset)   loss: 0.5851 -> 0.4541  accuracy: 88.74% -> 92.05%      
client [65] (testset)   loss: 2.6874 -> 1.5464  accuracy: 53.57% -> 67.86%      
client [95] (testset)   loss: 1.7634 -> 1.4110  accuracy: 67.82% -> 67.82%      
client [17] (testset)   loss: 0.8502 -> 0.9563  accuracy: 82.14% -> 83.33%      
client [8]  (testset)   loss: 0.8484 -> 0.8403  accuracy: 77.42% -> 83.87%      
client [35] (testset)   loss: 2.7479 -> 2.6490  accuracy: 50.00% -> 50.00%      
client [98] (testset)   loss: 1.0643 -> 0.9826  accuracy: 81.52% -> 86.73%      
client [53] (testset)   loss: 0.7625 -> 0.6779  accuracy: 83.67% -> 84.69%      
client [43] (testset)   loss: 0.4894 -> 0.4201  accuracy: 90.91% -> 90.91%      
client [64] (testset)   loss: 0.3869 -> 0.3161  accuracy: 94.04% -> 94.95%      
---------------------------- TRAINING EPOCH: 130 ----------------------------   
client [21] (testset)   loss: 4.8397 -> 1.0377  accuracy: 39.13% -> 65.22%      
client [88] (testset)   loss: 0.4933 -> 0.3635  accuracy: 91.58% -> 93.95%      
client [38] (testset)   loss: 0.1833 -> 0.1122  accuracy: 95.19% -> 96.15%      
client [3]  (testset)   loss: 0.8861 -> 0.9172  accuracy: 81.82% -> 82.89%      
client [5]  (testset)   loss: 0.8564 -> 0.8183  accuracy: 80.41% -> 84.79%      
client [41] (testset)   loss: 1.1786 -> 1.1098  accuracy: 82.54% -> 79.37%      
client [7]  (testset)   loss: 0.7493 -> 0.4469  accuracy: 82.13% -> 89.37%      
client [37] (testset)   loss: 0.0021 -> 0.0021  accuracy: 100.00% -> 100.00%    
client [45] (testset)   loss: 5.8184 -> 2.2597  accuracy: 27.27% -> 63.64%      
client [47] (testset)   loss: 2.4944 -> 2.2841  accuracy: 75.00% -> 75.00%      
---------------------------- TRAINING EPOCH: 140 ----------------------------   
client [16] (testset)   loss: 0.7707 -> 0.7607  accuracy: 81.93% -> 81.93%      
client [11] (testset)   loss: 1.4174 -> 1.3487  accuracy: 77.27% -> 77.27%      
client [37] (testset)   loss: 0.0017 -> 0.0015  accuracy: 100.00% -> 100.00%    
client [41] (testset)   loss: 1.4719 -> 1.0605  accuracy: 76.19% -> 84.13%      
client [95] (testset)   loss: 1.6886 -> 1.6633  accuracy: 68.97% -> 71.26%      
client [53] (testset)   loss: 0.8651 -> 0.8202  accuracy: 82.14% -> 84.18%      
client [22] (testset)   loss: 0.7463 -> 0.7459  accuracy: 87.97% -> 87.97%      
client [25] (testset)   loss: 1.9943 -> 1.1182  accuracy: 80.21% -> 82.69%      
client [69] (testset)   loss: 2.6034 -> 1.5964  accuracy: 59.09% -> 67.27%      
client [46] (testset)   loss: 1.0863 -> 0.8907  accuracy: 91.47% -> 90.70%      
---------------------------- TRAINING EPOCH: 150 ----------------------------   
client [47] (testset)   loss: 2.7243 -> 2.6760  accuracy: 68.75% -> 68.75%      
client [69] (testset)   loss: 1.4726 -> 1.4598  accuracy: 71.52% -> 68.18%      
client [82] (testset)   loss: 0.2770 -> 0.2891  accuracy: 97.73% -> 97.73%      
client [45] (testset)   loss: 2.2026 -> 2.0714  accuracy: 63.64% -> 63.64%      
client [7]  (testset)   loss: 0.5427 -> 0.4920  accuracy: 87.92% -> 88.41%      
client [50] (testset)   loss: 1.1931 -> 1.1683  accuracy: 71.43% -> 71.43%      
client [35] (testset)   loss: 1.8602 -> 1.8572  accuracy: 83.33% -> 83.33%      
client [24] (testset)   loss: 0.3763 -> 0.3607  accuracy: 91.67% -> 91.67%      
client [15] (testset)   loss: 1.0198 -> 0.9046  accuracy: 80.08% -> 87.11%      
client [58] (testset)   loss: 0.4523 -> 0.4335  accuracy: 94.05% -> 94.05%      
---------------------------- TRAINING EPOCH: 160 ----------------------------   
client [48] (testset)   loss: 2.2702 -> 2.2517  accuracy: 76.92% -> 76.92%      
client [76] (testset)   loss: 0.5148 -> 0.4689  accuracy: 91.39% -> 92.05%      
client [67] (testset)   loss: 0.2258 -> 0.1892  accuracy: 94.19% -> 95.48%      
client [37] (testset)   loss: 0.0002 -> 0.0002  accuracy: 100.00% -> 100.00%    
client [58] (testset)   loss: 0.4635 -> 0.4676  accuracy: 95.24% -> 94.84%      
client [64] (testset)   loss: 0.3943 -> 0.3533  accuracy: 94.95% -> 95.41%      
client [77] (testset)   loss: 0.4930 -> 0.4956  accuracy: 91.52% -> 91.17%      
client [55] (testset)   loss: 0.7021 -> 0.6084  accuracy: 86.27% -> 88.77%      
client [12] (testset)   loss: 0.6914 -> 0.6824  accuracy: 86.76% -> 88.50%      
client [89] (testset)   loss: 0.7687 -> 0.8120  accuracy: 94.12% -> 94.12%      
---------------------------- TRAINING EPOCH: 170 ----------------------------   
client [84] (testset)   loss: 0.8184 -> 0.8145  accuracy: 85.94% -> 85.94%      
client [51] (testset)   loss: 0.0011 -> 0.0011  accuracy: 100.00% -> 100.00%    
client [8]  (testset)   loss: 1.0011 -> 0.9441  accuracy: 80.65% -> 80.65%      
client [18] (testset)   loss: 1.0053 -> 1.0194  accuracy: 85.63% -> 85.63%      
client [94] (testset)   loss: 1.2834 -> 0.9864  accuracy: 81.54% -> 84.62%      
client [81] (testset)   loss: 0.0029 -> 0.0026  accuracy: 100.00% -> 100.00%    
client [3]  (testset)   loss: 1.1305 -> 1.0336  accuracy: 82.35% -> 82.35%      
client [11] (testset)   loss: 1.3180 -> 1.3233  accuracy: 81.82% -> 81.82%      
client [95] (testset)   loss: 1.8450 -> 1.8231  accuracy: 73.56% -> 72.41%      
client [67] (testset)   loss: 0.3610 -> 0.1981  accuracy: 92.90% -> 96.13%      
---------------------------- TRAINING EPOCH: 180 ----------------------------   
client [21] (testset)   loss: 3.2748 -> 2.6284  accuracy: 47.83% -> 52.17%      
client [79] (testset)   loss: 0.7240 -> 0.3810  accuracy: 87.71% -> 94.41%      
client [58] (testset)   loss: 0.5099 -> 0.5012  accuracy: 93.65% -> 94.84%      
client [88] (testset)   loss: 0.4604 -> 0.4153  accuracy: 92.89% -> 92.37%      
client [46] (testset)   loss: 1.0496 -> 0.9361  accuracy: 89.15% -> 90.70%      
client [11] (testset)   loss: 1.6399 -> 1.5900  accuracy: 72.73% -> 72.73%      
client [55] (testset)   loss: 0.7338 -> 0.6363  accuracy: 86.69% -> 87.79%      
client [13] (testset)   loss: 0.9432 -> 0.9287  accuracy: 82.78% -> 85.00%      
client [31] (testset)   loss: 0.3480 -> 0.3351  accuracy: 95.39% -> 95.39%      
client [75] (testset)   loss: 0.5848 -> 0.5752  accuracy: 91.97% -> 92.18%      
---------------------------- TRAINING EPOCH: 190 ----------------------------   
client [19] (testset)   loss: 0.8846 -> 0.9989  accuracy: 93.81% -> 92.92%      
client [7]  (testset)   loss: 0.5758 -> 0.5067  accuracy: 86.96% -> 87.92%      
client [57] (testset)   loss: 0.2955 -> 0.2771  accuracy: 96.62% -> 96.62%      
client [13] (testset)   loss: 0.9005 -> 0.8960  accuracy: 83.33% -> 85.00%      
client [43] (testset)   loss: 0.1698 -> 0.1803  accuracy: 90.91% -> 90.91%      
client [91] (testset)   loss: 0.6145 -> 0.6039  accuracy: 92.65% -> 92.65%      
client [10] (testset)   loss: 0.2496 -> 0.2479  accuracy: 96.53% -> 96.82%      
client [64] (testset)   loss: 0.5077 -> 0.3601  accuracy: 94.95% -> 94.95%      
client [82] (testset)   loss: 0.3814 -> 0.3794  accuracy: 97.73% -> 97.73%      
client [22] (testset)   loss: 0.6468 -> 0.6489  accuracy: 89.47% -> 89.47%      
---------------------------- TRAINING EPOCH: 200 ----------------------------   
client [20] (testset)   loss: 1.0055 -> 0.8733  accuracy: 85.49% -> 87.18%      
client [23] (testset)   loss: 1.1803 -> 1.1630  accuracy: 89.29% -> 89.29%      
client [88] (testset)   loss: 0.4261 -> 0.4207  accuracy: 93.16% -> 93.16%      
client [98] (testset)   loss: 1.2404 -> 1.2226  accuracy: 83.41% -> 84.83%      
client [79] (testset)   loss: 0.5276 -> 0.4095  accuracy: 92.74% -> 93.30%      
client [21] (testset)   loss: 3.3684 -> 2.9152  accuracy: 56.52% -> 60.87%      
client [92] (testset)   loss: 0.1508 -> 0.1530  accuracy: 95.57% -> 96.06%      
client [56] (testset)   loss: 0.3027 -> 0.2990  accuracy: 95.38% -> 95.38%      
client [5]  (testset)   loss: 1.0666 -> 1.0135  accuracy: 84.54% -> 84.28%      
client [52] (testset)   loss: 0.3321 -> 0.3319  accuracy: 97.06% -> 97.06%      
---------------------------- TRAINING EPOCH: 210 ----------------------------   
client [67] (testset)   loss: 0.1954 -> 0.1854  accuracy: 95.48% -> 96.13%      
client [54] (testset)   loss: 1.4517 -> 1.4359  accuracy: 83.75% -> 83.75%      
client [14] (testset)   loss: 0.9707 -> 0.9800  accuracy: 81.77% -> 80.79%      
client [99] (testset)   loss: 0.0008 -> 0.0005  accuracy: 100.00% -> 100.00%    
client [36] (testset)   loss: 0.8381 -> 0.8345  accuracy: 87.23% -> 87.23%      
client [30] (testset)   loss: 2.3968 -> 2.4201  accuracy: 77.42% -> 75.27%      
client [38] (testset)   loss: 0.1984 -> 0.1848  accuracy: 96.15% -> 96.15%      
client [15] (testset)   loss: 0.9764 -> 0.9733  accuracy: 86.33% -> 87.89%      
client [6]  (testset)   loss: 0.9744 -> 0.8643  accuracy: 84.79% -> 85.55%      
client [53] (testset)   loss: 0.9027 -> 0.9067  accuracy: 84.69% -> 84.18%      
---------------------------- TRAINING EPOCH: 220 ----------------------------   
client [99] (testset)   loss: 0.0139 -> 0.0103  accuracy: 98.73% -> 98.73%      
client [6]  (testset)   loss: 0.9394 -> 0.8656  accuracy: 84.79% -> 85.17%      
client [83] (testset)   loss: 0.9466 -> 0.9522  accuracy: 84.87% -> 85.15%      
client [42] (testset)   loss: 0.4999 -> 0.4948  accuracy: 93.00% -> 93.00%      
client [34] (testset)   loss: 1.9151 -> 1.8600  accuracy: 74.19% -> 75.48%      
client [15] (testset)   loss: 1.1803 -> 1.0606  accuracy: 86.72% -> 88.28%      
client [47] (testset)   loss: 4.6220 -> 4.3584  accuracy: 56.25% -> 56.25%      
client [55] (testset)   loss: 0.6472 -> 0.6379  accuracy: 88.63% -> 88.63%      
client [51] (testset)   loss: 0.0002 -> 0.0002  accuracy: 100.00% -> 100.00%    
client [95] (testset)   loss: 2.1148 -> 2.0195  accuracy: 71.26% -> 67.82%      
---------------------------- TRAINING EPOCH: 230 ----------------------------   
client [71] (testset)   loss: 1.0568 -> 1.0296  accuracy: 88.17% -> 87.63%      
client [15] (testset)   loss: 1.2273 -> 1.0950  accuracy: 87.50% -> 88.28%      
client [33] (testset)   loss: 0.6216 -> 0.5555  accuracy: 92.71% -> 93.75%      
client [99] (testset)   loss: 0.0035 -> 0.0026  accuracy: 100.00% -> 100.00%    
client [90] (testset)   loss: 0.0015 -> 0.0005  accuracy: 100.00% -> 100.00%    
client [57] (testset)   loss: 0.3085 -> 0.2957  accuracy: 96.62% -> 97.05%      
client [27] (testset)   loss: 2.4167 -> 2.2768  accuracy: 76.19% -> 76.19%      
client [78] (testset)   loss: 1.3448 -> 1.3244  accuracy: 80.26% -> 82.02%      
client [36] (testset)   loss: 0.9010 -> 0.8939  accuracy: 87.23% -> 87.23%      
client [88] (testset)   loss: 0.4501 -> 0.4454  accuracy: 92.63% -> 92.89%      
---------------------------- TRAINING EPOCH: 240 ----------------------------   
client [70] (testset)   loss: 0.1085 -> 0.1092  accuracy: 97.40% -> 97.40%      
client [35] (testset)   loss: 3.8797 -> 3.8729  accuracy: 66.67% -> 66.67%      
client [16] (testset)   loss: 0.9484 -> 0.9186  accuracy: 83.73% -> 84.34%      
client [80] (testset)   loss: 0.7680 -> 0.7695  accuracy: 96.08% -> 96.73%      
client [38] (testset)   loss: 0.1774 -> 0.1750  accuracy: 96.15% -> 96.15%      
client [78] (testset)   loss: 1.3400 -> 1.3436  accuracy: 82.02% -> 82.89%      
client [68] (testset)   loss: 0.2736 -> 0.2620  accuracy: 96.05% -> 96.05%      
client [11] (testset)   loss: 1.5376 -> 1.4837  accuracy: 72.73% -> 77.27%      
client [64] (testset)   loss: 0.4791 -> 0.4539  accuracy: 95.41% -> 95.41%      
client [82] (testset)   loss: 0.5071 -> 0.5056  accuracy: 97.73% -> 97.73%      
---------------------------- TRAINING EPOCH: 250 ----------------------------   
client [30] (testset)   loss: 2.7490 -> 2.7487  accuracy: 76.34% -> 76.34%      
client [27] (testset)   loss: 2.4797 -> 2.3671  accuracy: 76.19% -> 76.19%      
client [74] (testset)   loss: 0.9233 -> 0.9344  accuracy: 86.84% -> 86.84%      
client [45] (testset)   loss: 3.5217 -> 3.5134  accuracy: 63.64% -> 63.64%      
client [6]  (testset)   loss: 0.8982 -> 0.8947  accuracy: 85.93% -> 85.93%      
client [36] (testset)   loss: 1.0383 -> 1.0182  accuracy: 87.23% -> 87.23%      
client [63] (testset)   loss: 1.3924 -> 1.3646  accuracy: 79.66% -> 79.66%      
client [76] (testset)   loss: 0.6484 -> 0.6204  accuracy: 90.73% -> 90.73%      
client [83] (testset)   loss: 1.0578 -> 1.0477  accuracy: 84.59% -> 85.15%      
client [86] (testset)   loss: 1.0790 -> 1.0782  accuracy: 89.47% -> 89.47%      
---------------------------- TRAINING EPOCH: 260 ----------------------------   
client [83] (testset)   loss: 1.0701 -> 1.0501  accuracy: 85.43% -> 85.71%      
client [99] (testset)   loss: 0.0018 -> 0.0015  accuracy: 100.00% -> 100.00%    
client [74] (testset)   loss: 0.9837 -> 0.9873  accuracy: 86.84% -> 86.84%      
client [73] (testset)   loss: 2.0217 -> 2.0015  accuracy: 63.64% -> 66.67%      
client [29] (testset)   loss: 0.6460 -> 0.2992  accuracy: 94.74% -> 95.91%      
client [92] (testset)   loss: 0.1625 -> 0.1669  accuracy: 96.06% -> 96.06%      
client [6]  (testset)   loss: 0.9598 -> 0.9600  accuracy: 85.93% -> 85.93%      
client [61] (testset)   loss: 1.3165 -> 1.3016  accuracy: 79.65% -> 81.42%      
client [21] (testset)   loss: 4.1357 -> 3.5541  accuracy: 52.17% -> 56.52%      
client [67] (testset)   loss: 0.2980 -> 0.2462  accuracy: 94.19% -> 94.84%      
---------------------------- TRAINING EPOCH: 270 ----------------------------   
client [83] (testset)   loss: 1.1013 -> 1.0757  accuracy: 85.15% -> 85.43%      
client [32] (testset)   loss: 2.9890 -> 2.7582  accuracy: 55.80% -> 60.87%      
client [95] (testset)   loss: 2.0843 -> 2.0732  accuracy: 68.97% -> 68.97%      
client [61] (testset)   loss: 1.3011 -> 1.2898  accuracy: 81.42% -> 81.42%      
client [27] (testset)   loss: 2.2972 -> 2.2559  accuracy: 80.95% -> 80.95%      
client [25] (testset)   loss: 1.6334 -> 1.4805  accuracy: 81.27% -> 81.98%      
client [68] (testset)   loss: 0.2356 -> 0.2363  accuracy: 96.61% -> 96.61%      
client [34] (testset)   loss: 1.9663 -> 1.9658  accuracy: 73.55% -> 75.48%      
client [71] (testset)   loss: 1.1346 -> 1.0982  accuracy: 86.02% -> 88.71%      
client [89] (testset)   loss: 0.8828 -> 0.8871  accuracy: 94.12% -> 94.12%      
---------------------------- TRAINING EPOCH: 280 ----------------------------   
client [78] (testset)   loss: 1.4183 -> 1.4202  accuracy: 82.02% -> 82.02%      
client [81] (testset)   loss: 0.0041 -> 0.0041  accuracy: 100.00% -> 100.00%    
client [51] (testset)   loss: 0.0000 -> 0.0000  accuracy: 100.00% -> 100.00%    
client [54] (testset)   loss: 1.8341 -> 1.8643  accuracy: 83.75% -> 83.75%      
client [65] (testset)   loss: 2.2816 -> 2.1894  accuracy: 64.29% -> 64.29%      
client [41] (testset)   loss: 1.2388 -> 1.2327  accuracy: 84.13% -> 82.54%      
client [11] (testset)   loss: 1.2474 -> 1.2269  accuracy: 77.27% -> 77.27%      
client [85] (testset)   loss: 0.4781 -> 0.4787  accuracy: 96.10% -> 96.10%      
client [12] (testset)   loss: 0.7883 -> 0.7758  accuracy: 86.76% -> 87.11%      
client [23] (testset)   loss: 1.4555 -> 1.4437  accuracy: 89.29% -> 89.29%      
---------------------------- TRAINING EPOCH: 290 ----------------------------   
client [16] (testset)   loss: 0.9732 -> 0.9764  accuracy: 82.53% -> 81.93%      
client [65] (testset)   loss: 2.3405 -> 2.2926  accuracy: 64.29% -> 64.29%      
client [53] (testset)   loss: 1.0337 -> 1.0352  accuracy: 83.16% -> 83.16%      
client [58] (testset)   loss: 0.5419 -> 0.5420  accuracy: 94.44% -> 94.44%      
client [72] (testset)   loss: 0.0060 -> 0.0058  accuracy: 100.00% -> 100.00%    
client [7]  (testset)   loss: 0.6259 -> 0.6243  accuracy: 88.41% -> 88.41%      
client [71] (testset)   loss: 1.1399 -> 1.1300  accuracy: 87.10% -> 88.17%      
client [59] (testset)   loss: 0.0000 -> 0.0000  accuracy: 100.00% -> 100.00%    
client [86] (testset)   loss: 1.0993 -> 1.1011  accuracy: 90.79% -> 89.47%      
client [39] (testset)   loss: 1.1459 -> 1.1473  accuracy: 84.25% -> 84.25%      
---------------------------- TRAINING EPOCH: 300 ----------------------------   
client [99] (testset)   loss: 0.0004 -> 0.0003  accuracy: 100.00% -> 100.00%    
client [7]  (testset)   loss: 0.6371 -> 0.6335  accuracy: 88.41% -> 88.89%      
client [17] (testset)   loss: 1.3900 -> 1.3925  accuracy: 83.33% -> 83.33%      
client [64] (testset)   loss: 0.4432 -> 0.4295  accuracy: 95.41% -> 95.41%      
client [37] (testset)   loss: 0.0001 -> 0.0000  accuracy: 100.00% -> 100.00%    
client [29] (testset)   loss: 0.4313 -> 0.4003  accuracy: 95.32% -> 95.91%      
client [93] (testset)   loss: 1.2644 -> 1.2672  accuracy: 84.21% -> 84.21%      
client [73] (testset)   loss: 1.6009 -> 1.6069  accuracy: 72.73% -> 72.73%      
client [40] (testset)   loss: 1.9244 -> 1.8702  accuracy: 77.78% -> 77.78%      
client [76] (testset)   loss: 0.6695 -> 0.6520  accuracy: 91.39% -> 91.39%      
---------------------------- TRAINING EPOCH: 310 ----------------------------   
client [31] (testset)   loss: 0.4640 -> 0.4570  accuracy: 94.47% -> 94.47%      
client [89] (testset)   loss: 0.8717 -> 0.8867  accuracy: 94.12% -> 94.12%      
client [77] (testset)   loss: 0.6422 -> 0.6339  accuracy: 90.11% -> 90.11%      
client [90] (testset)   loss: 0.0005 -> 0.0005  accuracy: 100.00% -> 100.00%    
client [26] (testset)   loss: 1.0583 -> 1.0591  accuracy: 92.31% -> 92.31%      
client [50] (testset)   loss: 0.9023 -> 0.8947  accuracy: 71.43% -> 71.43%      
client [30] (testset)   loss: 2.8850 -> 2.8700  accuracy: 76.34% -> 76.34%      
client [70] (testset)   loss: 0.0907 -> 0.0953  accuracy: 98.44% -> 97.40%      
client [41] (testset)   loss: 1.2488 -> 1.2509  accuracy: 82.54% -> 82.54%      
client [99] (testset)   loss: 0.0006 -> 0.0005  accuracy: 100.00% -> 100.00%    
---------------------------- TRAINING EPOCH: 320 ----------------------------   
client [68] (testset)   loss: 0.2555 -> 0.2561  accuracy: 96.61% -> 96.61%      
client [70] (testset)   loss: 0.0947 -> 0.0978  accuracy: 98.44% -> 97.40%      
client [52] (testset)   loss: 0.4357 -> 0.4341  accuracy: 97.06% -> 97.06%      
client [1]  (testset)   loss: 0.6080 -> 0.6040  accuracy: 90.20% -> 90.20%      
client [2]  (testset)   loss: 1.1252 -> 1.0908  accuracy: 83.94% -> 83.94%      
client [67] (testset)   loss: 0.2046 -> 0.2039  accuracy: 96.13% -> 94.84%      
client [92] (testset)   loss: 0.1794 -> 0.1795  accuracy: 96.06% -> 96.06%      
client [35] (testset)   loss: 4.1882 -> 4.1865  accuracy: 66.67% -> 66.67%      
client [36] (testset)   loss: 1.0421 -> 1.0350  accuracy: 87.23% -> 87.23%      
client [64] (testset)   loss: 0.4470 -> 0.4377  accuracy: 95.41% -> 95.41%      
---------------------------- TRAINING EPOCH: 330 ----------------------------   
client [44] (testset)   loss: 0.4570 -> 0.4620  accuracy: 93.88% -> 93.88%      
client [6]  (testset)   loss: 1.0581 -> 0.9848  accuracy: 83.65% -> 84.79%      
client [12] (testset)   loss: 0.7732 -> 0.7810  accuracy: 87.46% -> 87.11%      
client [55] (testset)   loss: 0.7934 -> 0.7397  accuracy: 86.69% -> 88.77%      
client [29] (testset)   loss: 0.4118 -> 0.3955  accuracy: 95.91% -> 96.49%      
client [9]  (testset)   loss: 0.8185 -> 0.8075  accuracy: 88.89% -> 88.89%      
client [43] (testset)   loss: 0.4404 -> 0.4383  accuracy: 90.91% -> 90.91%      
client [77] (testset)   loss: 0.6428 -> 0.6369  accuracy: 90.11% -> 90.46%      
client [98] (testset)   loss: 1.5004 -> 1.4905  accuracy: 84.36% -> 84.36%      
client [78] (testset)   loss: 1.4735 -> 1.4710  accuracy: 82.02% -> 81.58%      
---------------------------- TRAINING EPOCH: 340 ----------------------------   
client [92] (testset)   loss: 0.1863 -> 0.1861  accuracy: 96.55% -> 96.55%      
client [80] (testset)   loss: 0.8144 -> 0.8139  accuracy: 96.73% -> 96.73%      
client [63] (testset)   loss: 1.4448 -> 1.4692  accuracy: 80.51% -> 80.51%      
client [76] (testset)   loss: 0.6664 -> 0.6548  accuracy: 90.73% -> 90.73%      
client [78] (testset)   loss: 1.4508 -> 1.4575  accuracy: 83.77% -> 82.46%      
client [25] (testset)   loss: 1.6143 -> 1.5606  accuracy: 82.33% -> 81.98%      
client [58] (testset)   loss: 0.5617 -> 0.5633  accuracy: 94.44% -> 94.44%      
client [13] (testset)   loss: 1.0792 -> 1.0789  accuracy: 84.44% -> 84.44%      
client [17] (testset)   loss: 1.4514 -> 1.4208  accuracy: 82.14% -> 82.14%      
client [38] (testset)   loss: 0.2020 -> 0.2006  accuracy: 96.15% -> 96.15%      
---------------------------- TRAINING EPOCH: 350 ----------------------------   
client [72] (testset)   loss: 0.0062 -> 0.0060  accuracy: 100.00% -> 100.00%    
client [82] (testset)   loss: 0.5233 -> 0.5224  accuracy: 97.73% -> 97.73%      
client [86] (testset)   loss: 1.1895 -> 1.1865  accuracy: 88.16% -> 89.47%      
client [51] (testset)   loss: 0.0002 -> 0.0002  accuracy: 100.00% -> 100.00%    
client [96] (testset)   loss: 3.2012 -> 3.1957  accuracy: 63.64% -> 63.64%      
client [42] (testset)   loss: 0.6116 -> 0.6101  accuracy: 93.00% -> 93.00%      
client [55] (testset)   loss: 0.9727 -> 0.7788  accuracy: 85.16% -> 87.93%      
client [13] (testset)   loss: 1.1457 -> 1.0875  accuracy: 82.78% -> 85.00%      
client [1]  (testset)   loss: 0.7096 -> 0.7055  accuracy: 86.27% -> 86.27%      
client [12] (testset)   loss: 0.8253 -> 0.8075  accuracy: 86.41% -> 86.41%      
---------------------------- TRAINING EPOCH: 360 ----------------------------   
client [68] (testset)   loss: 0.2656 -> 0.2641  accuracy: 96.61% -> 96.61%      
client [23] (testset)   loss: 1.6020 -> 1.5954  accuracy: 89.29% -> 89.29%      
client [46] (testset)   loss: 1.3483 -> 1.3411  accuracy: 89.15% -> 89.15%      
client [41] (testset)   loss: 1.3338 -> 1.3286  accuracy: 82.54% -> 82.54%      
client [25] (testset)   loss: 1.5787 -> 1.5691  accuracy: 82.33% -> 82.33%      
client [58] (testset)   loss: 0.5623 -> 0.5631  accuracy: 94.44% -> 94.44%      
client [14] (testset)   loss: 1.2021 -> 1.1844  accuracy: 80.79% -> 81.28%      
client [33] (testset)   loss: 0.5941 -> 0.5907  accuracy: 93.75% -> 93.75%      
client [85] (testset)   loss: 0.4886 -> 0.4893  accuracy: 95.61% -> 95.61%      
client [62] (testset)   loss: 0.4470 -> 0.4470  accuracy: 88.24% -> 88.24%      
---------------------------- TRAINING EPOCH: 370 ----------------------------   
client [98] (testset)   loss: 1.5139 -> 1.5100  accuracy: 84.83% -> 84.83%      
client [63] (testset)   loss: 1.5310 -> 1.5141  accuracy: 80.51% -> 80.51%      
client [70] (testset)   loss: 0.1010 -> 0.1014  accuracy: 97.40% -> 97.40%      
client [65] (testset)   loss: 2.3608 -> 2.2995  accuracy: 64.29% -> 64.29%      
client [14] (testset)   loss: 1.1727 -> 1.1751  accuracy: 82.27% -> 82.27%      
client [73] (testset)   loss: 1.7910 -> 1.7893  accuracy: 66.67% -> 66.67%      
client [34] (testset)   loss: 2.2186 -> 2.1838  accuracy: 74.19% -> 75.48%      
client [99] (testset)   loss: 0.0004 -> 0.0004  accuracy: 100.00% -> 100.00%    
client [69] (testset)   loss: 2.2500 -> 2.2307  accuracy: 68.79% -> 68.18%      
client [46] (testset)   loss: 1.3967 -> 1.3816  accuracy: 88.37% -> 88.37%      
---------------------------- TRAINING EPOCH: 380 ----------------------------   
client [99] (testset)   loss: 0.0003 -> 0.0003  accuracy: 100.00% -> 100.00%    
client [93] (testset)   loss: 1.8731 -> 1.8749  accuracy: 84.21% -> 84.21%      
client [11] (testset)   loss: 1.3893 -> 1.3630  accuracy: 77.27% -> 77.27%      
client [58] (testset)   loss: 0.5565 -> 0.5576  accuracy: 94.44% -> 94.44%      
client [81] (testset)   loss: 0.0052 -> 0.0052  accuracy: 100.00% -> 100.00%    
client [85] (testset)   loss: 0.5054 -> 0.5056  accuracy: 96.10% -> 96.10%      
client [89] (testset)   loss: 1.0414 -> 1.0425  accuracy: 94.12% -> 94.12%      
client [45] (testset)   loss: 4.1500 -> 4.1380  accuracy: 54.55% -> 54.55%      
client [8]  (testset)   loss: 0.9961 -> 0.9935  accuracy: 80.65% -> 80.65%      
client [68] (testset)   loss: 0.2829 -> 0.2822  accuracy: 96.05% -> 96.05%      
---------------------------- TRAINING EPOCH: 390 ----------------------------   
client [67] (testset)   loss: 0.2107 -> 0.2106  accuracy: 94.84% -> 94.84%      
client [72] (testset)   loss: 0.0108 -> 0.0104  accuracy: 100.00% -> 100.00%    
client [1]  (testset)   loss: 0.5968 -> 0.5950  accuracy: 88.24% -> 88.24%      
client [78] (testset)   loss: 1.5197 -> 1.5037  accuracy: 81.14% -> 82.02%      
client [83] (testset)   loss: 1.1990 -> 1.1944  accuracy: 84.87% -> 85.15%      
client [21] (testset)   loss: 4.1309 -> 4.0788  accuracy: 52.17% -> 52.17%      
client [56] (testset)   loss: 0.3638 -> 0.3633  accuracy: 95.38% -> 95.38%      
client [44] (testset)   loss: 0.4941 -> 0.4989  accuracy: 93.88% -> 93.88%      
client [92] (testset)   loss: 0.1920 -> 0.1913  accuracy: 96.06% -> 96.55%      
client [27] (testset)   loss: 2.5428 -> 2.5195  accuracy: 76.19% -> 76.19%      
---------------------------- TRAINING EPOCH: 400 ----------------------------   
client [10] (testset)   loss: 0.2807 -> 0.2789  accuracy: 97.69% -> 97.69%      
client [39] (testset)   loss: 1.2480 -> 1.2415  accuracy: 83.56% -> 83.56%      
client [65] (testset)   loss: 2.9740 -> 2.8875  accuracy: 64.29% -> 64.29%      
client [26] (testset)   loss: 1.1119 -> 1.1125  accuracy: 92.31% -> 92.31%      
client [19] (testset)   loss: 1.4461 -> 1.4408  accuracy: 92.04% -> 92.04%      
client [68] (testset)   loss: 0.2776 -> 0.2766  accuracy: 96.05% -> 96.05%      
client [41] (testset)   loss: 1.3479 -> 1.3481  accuracy: 82.54% -> 82.54%      
client [50] (testset)   loss: 0.5575 -> 0.5541  accuracy: 71.43% -> 71.43%      
client [75] (testset)   loss: 0.7366 -> 0.7265  accuracy: 91.54% -> 91.54%      
client [81] (testset)   loss: 0.0146 -> 0.0144  accuracy: 99.11% -> 99.11%      
Training... ━━━━━━━━━━━━━━━━━━━━━━━━━━━━━━━━━━━━━━━━ 100% 0:07:40
PSFL's average time taken by each global epoch: 0 min 1.14 sec.                 
PSFL's total running time: 0 h 7 m 40 s.                                        
==================== PSFL Experiment Results: ====================              
Display format: (before local fine-tuning) -> (after local fine-tuning)         
 So if finetune_epoch = 0, x.xx% -> 0.00% is normal.                            
 Centralized testing ONLY happens after model aggregation, so the stats between 
'->' are the same.                                                              
{                                                                               
    "100": {                                                                    
        "all_clients": {                                                        
            "test": {                                                           
                "loss": "0.8457 -> 0.0000",                                     
                "accuracy": "84.85% -> 0.00%"                                   
            }                                                                   
        }                                                                       
    },                                                                          
    "200": {                                                                    
        "all_clients": {                                                        
            "test": {                                                           
                "loss": "0.8625 -> 0.0000",                                     
                "accuracy": "87.61% -> 0.00%"                                   
            }                                                                   
        }                                                                       
    },                                                                          
    "300": {                                                                    
        "all_clients": {                                                        
            "test": {                                                           
                "loss": "0.9380 -> 0.0000",                                     
                "accuracy": "87.78% -> 0.00%"                                   
            }                                                                   
        }                                                                       
    },                                                                          
    "400": {                                                                    
        "all_clients": {                                                        
            "test": {                                                           
                "loss": "0.9948 -> 0.0000",                                     
                "accuracy": "87.68% -> 0.00%"                                   
            }                                                                   
        }                                                                       
    }                                                                           
}                                                                               
==================== PSFL Max Accuracy ====================                     
all_clients:                                                                    
(test) before fine-tuning: 87.78% at epoch 300                                  
(test) after fine-tuning: 0.00% at epoch 100                                    
