Using downloaded and verified file: /home/ubuntu/PSFL/PSFL/data/svhn/raw/train_32x32.mat
Using downloaded and verified file: /home/ubuntu/PSFL/PSFL/data/svhn/raw/test_32x32.mat
==================== PSFL ====================                                  
Experiment Arguments:                                                           
{
│   'method': 'psfl',
│   'dataset': {
│   │   'name': 'svhn',
│   │   'client_num': 100,
│   │   'test_ratio': 0.25,
│   │   'val_ratio': 0.0,
│   │   'seed': 42,
│   │   'split': 'sample',
│   │   'IID_ratio': 0.0,
│   │   'monitor_window_name_suffix': 'svhn-100clients-0%IID-Dir(0.1)-seed42',
│   │   'alpha': 0.1,
│   │   'min_samples_per_client': 10
│   },
│   'model': {
│   │   'name': 'avgcnn',
│   │   'use_torchvision_pretrained_weights': True,
│   │   'external_model_weights_path': None
│   },
│   'optimizer': {
│   │   'lr': 0.01,
│   │   'dampening': 0,
│   │   'weight_decay': 0,
│   │   'momentum': 0,
│   │   'nesterov': False,
│   │   'name': 'sgd'
│   },
│   'mode': 'sequential',
│   'parallel': {
│   │   'ray_cluster_addr': None,
│   │   'num_cpus': None,
│   │   'num_gpus': None,
│   │   'num_workers': 2
│   },
│   'common': {
│   │   'seed': 42,
│   │   'join_ratio': 0.1,
│   │   'global_epoch': 400,
│   │   'local_epoch': 5,
│   │   'batch_size': 32,
│   │   'reset_optimizer_on_global_epoch': True,
│   │   'straggler_ratio': 0,
│   │   'straggler_min_local_epoch': 0,
│   │   'buffers': 'global',
│   │   'client_side_evaluation': True,
│   │   'test': {
│   │   │   'client': {
│   │   │   │   'interval': 100,
│   │   │   │   'finetune_epoch': 0,
│   │   │   │   'train': False,
│   │   │   │   'val': False,
│   │   │   │   'test': True
│   │   │   },
│   │   │   'server': {
│   │   │   │   'interval': -1,
│   │   │   │   'train': False,
│   │   │   │   'val': False,
│   │   │   │   'test': False,
│   │   │   │   'model_in_train_mode': False
│   │   │   }
│   │   },
│   │   'verbose_gap': 10,
│   │   'monitor': None,
│   │   'use_cuda': True,
│   │   'save_log': True,
│   │   'save_model': False,
│   │   'save_learning_curve_plot': False,
│   │   'save_metrics': True,
│   │   'delete_useless_run': True
│   },
│   'psfl': {
│   │   'alpha': 0.0,
│   │   'CLS': False,
│   │   'ig_ratio': 0.999,
│   │   'track': False,
│   │   'score': 'diff'
│   }
}
---------------------------- TRAINING EPOCH: 10 ----------------------------    
client [77] (testset)   loss: 0.8125 -> 0.4454  accuracy: 75.06% -> 84.99%      
client [81] (testset)   loss: 0.9443 -> 0.3446  accuracy: 61.29% -> 87.10%      
client [21] (testset)   loss: 1.0206 -> 0.8873  accuracy: 75.00% -> 80.56%      
client [68] (testset)   loss: 0.5730 -> 0.0342  accuracy: 79.17% -> 100.00%     
client [93] (testset)   loss: 1.2898 -> 0.5444  accuracy: 52.90% -> 85.16%      
client [31] (testset)   loss: 0.3622 -> 0.4214  accuracy: 82.86% -> 85.71%      
client [20] (testset)   loss: 0.8724 -> 0.2942  accuracy: 70.83% -> 90.10%      
client [59] (testset)   loss: 2.3314 -> 0.4390  accuracy: 27.98% -> 83.16%      
client [48] (testset)   loss: 1.1301 -> 0.5663  accuracy: 63.64% -> 81.82%      
client [34] (testset)   loss: 0.8668 -> 0.4073  accuracy: 63.64% -> 81.82%      
---------------------------- TRAINING EPOCH: 20 ----------------------------    
client [69] (testset)   loss: 0.6506 -> 0.6528  accuracy: 82.78% -> 86.75%      
client [99] (testset)   loss: 0.7872 -> 0.2287  accuracy: 78.57% -> 93.81%      
client [67] (testset)   loss: 0.4746 -> 0.1919  accuracy: 84.98% -> 94.07%      
client [0]  (testset)   loss: 0.6603 -> 0.3340  accuracy: 79.39% -> 89.91%      
client [76] (testset)   loss: 0.3243 -> 0.0135  accuracy: 89.74% -> 100.00%     
client [41] (testset)   loss: 0.9098 -> 0.3868  accuracy: 73.25% -> 87.69%      
client [62] (testset)   loss: 1.2080 -> 0.2815  accuracy: 61.79% -> 91.92%      
client [2]  (testset)   loss: 0.6972 -> 0.0230  accuracy: 75.29% -> 99.31%      
client [14] (testset)   loss: 1.0088 -> 0.1482  accuracy: 67.26% -> 94.64%      
client [46] (testset)   loss: 1.1604 -> 0.4392  accuracy: 76.32% -> 86.84%      
---------------------------- TRAINING EPOCH: 30 ----------------------------    
client [24] (testset)   loss: 0.1868 -> 0.2128  accuracy: 95.03% -> 94.72%      
client [68] (testset)   loss: 0.0272 -> 0.0141  accuracy: 100.00% -> 100.00%    
client [57] (testset)   loss: 0.6844 -> 0.2056  accuracy: 81.31% -> 92.12%      
client [17] (testset)   loss: 0.5055 -> 0.0617  accuracy: 88.98% -> 98.43%      
client [54] (testset)   loss: 0.1085 -> 0.0826  accuracy: 97.94% -> 96.91%      
client [23] (testset)   loss: 0.7538 -> 0.1455  accuracy: 74.77% -> 97.20%      
client [35] (testset)   loss: 0.2028 -> 0.1366  accuracy: 93.71% -> 95.68%      
client [59] (testset)   loss: 0.4422 -> 0.3352  accuracy: 84.20% -> 88.08%      
client [31] (testset)   loss: 0.4938 -> 0.3478  accuracy: 88.57% -> 85.71%      
client [9]  (testset)   loss: 0.4862 -> 0.2958  accuracy: 87.23% -> 92.20%      
---------------------------- TRAINING EPOCH: 40 ----------------------------    
client [64] (testset)   loss: 0.2307 -> 0.2172  accuracy: 91.11% -> 91.11%      
client [33] (testset)   loss: 0.1786 -> 0.1441  accuracy: 96.62% -> 97.23%      
client [16] (testset)   loss: 0.3258 -> 0.0809  accuracy: 93.83% -> 97.53%      
client [44] (testset)   loss: 0.5819 -> 0.2336  accuracy: 80.41% -> 90.72%      
client [8]  (testset)   loss: 0.5607 -> 0.1463  accuracy: 62.50% -> 93.75%      
client [31] (testset)   loss: 0.4024 -> 0.3686  accuracy: 91.43% -> 91.43%      
client [47] (testset)   loss: 0.1999 -> 0.1660  accuracy: 94.83% -> 95.23%      
client [36] (testset)   loss: 1.6709 -> 2.2055  accuracy: 70.00% -> 60.00%      
client [20] (testset)   loss: 0.3735 -> 0.3013  accuracy: 83.85% -> 89.58%      
client [56] (testset)   loss: 0.4011 -> 0.2396  accuracy: 88.21% -> 92.97%      
---------------------------- TRAINING EPOCH: 50 ----------------------------    
client [4]  (testset)   loss: 0.1953 -> 0.1309  accuracy: 98.53% -> 98.53%      
client [60] (testset)   loss: 0.0225 -> 0.0024  accuracy: 100.00% -> 100.00%    
client [28] (testset)   loss: 0.0960 -> 0.1200  accuracy: 96.70% -> 96.70%      
client [25] (testset)   loss: 0.4170 -> 0.4384  accuracy: 92.50% -> 95.00%      
client [58] (testset)   loss: 0.2752 -> 0.2721  accuracy: 92.34% -> 91.57%      
client [44] (testset)   loss: 0.1284 -> 0.1065  accuracy: 94.85% -> 96.91%      
client [39] (testset)   loss: 0.1856 -> 0.1011  accuracy: 95.12% -> 97.56%      
client [29] (testset)   loss: 0.5234 -> 0.4681  accuracy: 88.12% -> 88.84%      
client [3]  (testset)   loss: 0.2092 -> 0.1325  accuracy: 93.98% -> 96.39%      
client [84] (testset)   loss: 0.5623 -> 0.4483  accuracy: 85.52% -> 89.59%      
---------------------------- TRAINING EPOCH: 60 ----------------------------    
client [21] (testset)   loss: 0.8617 -> 0.6851  accuracy: 80.56% -> 77.78%      
client [84] (testset)   loss: 0.6554 -> 0.5072  accuracy: 85.07% -> 87.78%      
client [10] (testset)   loss: 0.2032 -> 0.1516  accuracy: 95.19% -> 95.61%      
client [36] (testset)   loss: 1.9423 -> 2.7529  accuracy: 80.00% -> 60.00%      
client [65] (testset)   loss: 0.0793 -> 0.0742  accuracy: 97.86% -> 98.26%      
client [81] (testset)   loss: 0.4575 -> 0.4834  accuracy: 87.10% -> 90.32%      
client [79] (testset)   loss: 0.1092 -> 0.0674  accuracy: 95.92% -> 97.62%      
client [42] (testset)   loss: 0.1703 -> 0.1469  accuracy: 96.32% -> 97.06%      
client [11] (testset)   loss: 0.1805 -> 0.2282  accuracy: 94.81% -> 92.21%      
client [96] (testset)   loss: 0.0163 -> 0.0326  accuracy: 100.00% -> 98.21%     
---------------------------- TRAINING EPOCH: 70 ----------------------------    
client [8]  (testset)   loss: 0.1374 -> 0.0407  accuracy: 100.00% -> 100.00%    
client [53] (testset)   loss: 0.0955 -> 0.1369  accuracy: 97.38% -> 97.38%      
client [52] (testset)   loss: 0.1449 -> 0.0669  accuracy: 95.90% -> 97.50%      
client [42] (testset)   loss: 0.1299 -> 0.1331  accuracy: 94.85% -> 96.32%      
client [69] (testset)   loss: 0.3949 -> 0.3506  accuracy: 90.73% -> 92.72%      
client [59] (testset)   loss: 0.3668 -> 0.3052  accuracy: 89.64% -> 90.93%      
client [7]  (testset)   loss: 0.3002 -> 0.1601  accuracy: 89.89% -> 95.67%      
client [26] (testset)   loss: 0.0907 -> 0.0581  accuracy: 97.45% -> 98.73%      
client [49] (testset)   loss: 0.1556 -> 0.0927  accuracy: 96.22% -> 96.22%      
client [98] (testset)   loss: 0.3304 -> 0.3039  accuracy: 94.84% -> 95.63%      
---------------------------- TRAINING EPOCH: 80 ----------------------------    
client [98] (testset)   loss: 0.3620 -> 0.3203  accuracy: 93.25% -> 95.63%      
client [47] (testset)   loss: 0.2464 -> 0.2112  accuracy: 95.23% -> 95.10%      
client [21] (testset)   loss: 0.8643 -> 0.8047  accuracy: 75.00% -> 77.78%      
client [77] (testset)   loss: 0.5346 -> 0.4405  accuracy: 88.86% -> 91.77%      
client [95] (testset)   loss: 0.3825 -> 0.3870  accuracy: 95.74% -> 94.68%      
client [91] (testset)   loss: 0.4022 -> 0.3751  accuracy: 87.26% -> 91.08%      
client [14] (testset)   loss: 0.0934 -> 0.1077  accuracy: 97.02% -> 97.02%      
client [99] (testset)   loss: 0.2321 -> 0.2196  accuracy: 94.29% -> 94.76%      
client [20] (testset)   loss: 0.2665 -> 0.3012  accuracy: 93.23% -> 92.19%      
client [39] (testset)   loss: 0.1448 -> 0.1481  accuracy: 97.56% -> 97.56%      
---------------------------- TRAINING EPOCH: 90 ----------------------------    
client [52] (testset)   loss: 0.0709 -> 0.0759  accuracy: 97.50% -> 96.97%      
client [62] (testset)   loss: 0.3555 -> 0.3473  accuracy: 92.14% -> 94.10%      
client [71] (testset)   loss: 0.3679 -> 0.4010  accuracy: 93.44% -> 93.44%      
client [97] (testset)   loss: 0.1808 -> 0.1911  accuracy: 96.60% -> 95.75%      
client [30] (testset)   loss: 0.0061 -> 0.0030  accuracy: 100.00% -> 100.00%    
client [88] (testset)   loss: 0.1230 -> 0.1350  accuracy: 96.72% -> 97.70%      
client [60] (testset)   loss: 0.0130 -> 0.0029  accuracy: 100.00% -> 100.00%    
client [82] (testset)   loss: 1.0837 -> 0.4457  accuracy: 84.21% -> 89.47%      
client [91] (testset)   loss: 0.4304 -> 0.3354  accuracy: 85.99% -> 89.17%      
client [57] (testset)   loss: 0.1922 -> 0.1725  accuracy: 93.92% -> 94.14%      
---------------------------- TRAINING EPOCH: 100 ----------------------------   
client [31] (testset)   loss: 0.3989 -> 0.4728  accuracy: 94.29% -> 91.43%      
client [15] (testset)   loss: 0.2419 -> 0.2283  accuracy: 94.82% -> 94.96%      
client [71] (testset)   loss: 0.3570 -> 0.4224  accuracy: 93.99% -> 94.54%      
client [97] (testset)   loss: 0.1638 -> 0.2012  accuracy: 95.54% -> 96.18%      
client [53] (testset)   loss: 0.1378 -> 0.1551  accuracy: 97.38% -> 97.82%      
client [77] (testset)   loss: 0.5032 -> 0.4905  accuracy: 91.04% -> 92.25%      
client [76] (testset)   loss: 0.0430 -> 0.0067  accuracy: 98.08% -> 100.00%     
client [79] (testset)   loss: 0.0924 -> 0.0641  accuracy: 97.11% -> 98.81%      
client [28] (testset)   loss: 0.1259 -> 0.1491  accuracy: 96.70% -> 96.70%      
client [99] (testset)   loss: 0.2179 -> 0.2465  accuracy: 95.71% -> 95.24%      
---------------------------- TRAINING EPOCH: 110 ----------------------------   
client [97] (testset)   loss: 0.2379 -> 0.2153  accuracy: 96.82% -> 96.60%      
client [86] (testset)   loss: 0.2782 -> 0.2915  accuracy: 95.16% -> 95.16%      
client [34] (testset)   loss: 0.3088 -> 0.3045  accuracy: 90.91% -> 90.91%      
client [73] (testset)   loss: 0.0936 -> 0.0729  accuracy: 98.70% -> 98.70%      
client [5]  (testset)   loss: 0.1587 -> 0.1088  accuracy: 93.75% -> 95.31%      
client [96] (testset)   loss: 0.0022 -> 0.0162  accuracy: 100.00% -> 98.21%     
client [22] (testset)   loss: 1.2787 -> 1.3889  accuracy: 78.12% -> 84.38%      
client [60] (testset)   loss: 0.0014 -> 0.0007  accuracy: 100.00% -> 100.00%    
client [66] (testset)   loss: 0.2468 -> 0.2062  accuracy: 93.33% -> 94.07%      
client [83] (testset)   loss: 0.0551 -> 0.0435  accuracy: 100.00% -> 100.00%    
---------------------------- TRAINING EPOCH: 120 ----------------------------   
client [76] (testset)   loss: 0.0132 -> 0.0049  accuracy: 99.36% -> 100.00%     
client [65] (testset)   loss: 0.0969 -> 0.0987  accuracy: 98.13% -> 98.40%      
client [95] (testset)   loss: 0.4611 -> 0.4893  accuracy: 93.62% -> 95.74%      
client [17] (testset)   loss: 0.1533 -> 0.0801  accuracy: 97.64% -> 99.21%      
client [8]  (testset)   loss: 0.0062 -> 0.0261  accuracy: 100.00% -> 100.00%    
client [35] (testset)   loss: 0.1398 -> 0.1676  accuracy: 95.68% -> 96.76%      
client [98] (testset)   loss: 0.3692 -> 0.3587  accuracy: 95.63% -> 95.24%      
client [53] (testset)   loss: 0.2048 -> 0.1584  accuracy: 96.94% -> 96.94%      
client [43] (testset)   loss: 0.2975 -> 0.2733  accuracy: 93.66% -> 92.91%      
client [64] (testset)   loss: 0.2326 -> 0.1586  accuracy: 91.85% -> 94.07%      
---------------------------- TRAINING EPOCH: 130 ----------------------------   
client [21] (testset)   loss: 1.0169 -> 0.9859  accuracy: 83.33% -> 83.33%      
client [88] (testset)   loss: 0.1682 -> 0.1822  accuracy: 97.70% -> 97.70%      
client [38] (testset)   loss: 0.3262 -> 0.3003  accuracy: 96.98% -> 97.24%      
client [3]  (testset)   loss: 0.2595 -> 0.2028  accuracy: 93.57% -> 95.58%      
client [5]  (testset)   loss: 0.1184 -> 0.1059  accuracy: 95.31% -> 95.31%      
client [41] (testset)   loss: 0.5288 -> 0.5624  accuracy: 90.65% -> 90.77%      
client [7]  (testset)   loss: 0.3543 -> 0.2872  accuracy: 92.06% -> 93.50%      
client [37] (testset)   loss: 0.0306 -> 0.0190  accuracy: 99.15% -> 99.15%      
client [45] (testset)   loss: 0.1639 -> 0.1181  accuracy: 94.79% -> 98.96%      
client [47] (testset)   loss: 0.2526 -> 0.2529  accuracy: 95.50% -> 95.76%      
---------------------------- TRAINING EPOCH: 140 ----------------------------   
client [16] (testset)   loss: 0.5175 -> 0.1910  accuracy: 93.83% -> 97.53%      
client [11] (testset)   loss: 0.2841 -> 0.2418  accuracy: 88.31% -> 93.51%      
client [37] (testset)   loss: 0.0392 -> 0.0163  accuracy: 98.86% -> 99.43%      
client [41] (testset)   loss: 0.5707 -> 0.5489  accuracy: 89.11% -> 91.12%      
client [95] (testset)   loss: 0.6896 -> 0.6508  accuracy: 90.43% -> 91.49%      
client [53] (testset)   loss: 0.1320 -> 0.1556  accuracy: 97.82% -> 97.82%      
client [22] (testset)   loss: 1.5425 -> 1.4496  accuracy: 81.25% -> 87.50%      
client [25] (testset)   loss: 0.6156 -> 0.7537  accuracy: 95.00% -> 92.50%      
client [69] (testset)   loss: 0.4496 -> 0.5014  accuracy: 92.05% -> 90.73%      
client [46] (testset)   loss: 0.8796 -> 0.9043  accuracy: 89.47% -> 89.47%      
---------------------------- TRAINING EPOCH: 150 ----------------------------   
client [47] (testset)   loss: 0.3075 -> 0.3207  accuracy: 95.76% -> 95.76%      
client [69] (testset)   loss: 0.6005 -> 0.5384  accuracy: 90.73% -> 92.72%      
client [82] (testset)   loss: 1.1171 -> 0.9955  accuracy: 84.21% -> 84.21%      
client [45] (testset)   loss: 0.1375 -> 0.1492  accuracy: 98.96% -> 97.92%      
client [7]  (testset)   loss: 0.2808 -> 0.2751  accuracy: 93.86% -> 94.22%      
client [50] (testset)   loss: 0.5140 -> 0.4994  accuracy: 92.86% -> 92.86%      
client [35] (testset)   loss: 0.2037 -> 0.1933  accuracy: 96.40% -> 96.40%      
client [24] (testset)   loss: 0.3579 -> 0.3620  accuracy: 95.03% -> 94.72%      
client [15] (testset)   loss: 0.3517 -> 0.3152  accuracy: 95.24% -> 94.68%      
client [58] (testset)   loss: 0.4266 -> 0.3936  accuracy: 93.87% -> 93.10%      
---------------------------- TRAINING EPOCH: 160 ----------------------------   
client [48] (testset)   loss: 0.9552 -> 1.0338  accuracy: 87.88% -> 81.82%      
client [76] (testset)   loss: 0.0140 -> 0.0058  accuracy: 99.36% -> 99.36%      
client [67] (testset)   loss: 0.1814 -> 0.1612  accuracy: 96.05% -> 95.65%      
client [37] (testset)   loss: 0.0455 -> 0.0349  accuracy: 99.15% -> 99.15%      
client [58] (testset)   loss: 0.4190 -> 0.3931  accuracy: 91.95% -> 92.34%      
client [64] (testset)   loss: 0.1340 -> 0.1100  accuracy: 95.56% -> 96.30%      
client [77] (testset)   loss: 0.6414 -> 0.6600  accuracy: 91.77% -> 91.28%      
client [55] (testset)   loss: 0.4769 -> 0.5038  accuracy: 91.33% -> 90.82%      
client [12] (testset)   loss: 2.0802 -> 1.7322  accuracy: 81.82% -> 81.82%      
client [89] (testset)   loss: 0.2366 -> 0.2549  accuracy: 95.59% -> 96.08%      
---------------------------- TRAINING EPOCH: 170 ----------------------------   
client [84] (testset)   loss: 0.7317 -> 0.6987  accuracy: 89.59% -> 90.50%      
client [51] (testset)   loss: 0.4794 -> 0.3949  accuracy: 95.44% -> 97.34%      
client [8]  (testset)   loss: 0.0007 -> 0.0007  accuracy: 100.00% -> 100.00%    
client [18] (testset)   loss: 0.2076 -> 0.1941  accuracy: 94.57% -> 94.96%      
client [94] (testset)   loss: 0.1042 -> 0.1262  accuracy: 97.85% -> 97.85%      
client [81] (testset)   loss: 0.7688 -> 0.7530  accuracy: 90.32% -> 90.32%      
client [3]  (testset)   loss: 0.1911 -> 0.2290  accuracy: 95.98% -> 96.39%      
client [11] (testset)   loss: 0.3135 -> 0.3189  accuracy: 94.81% -> 94.81%      
client [95] (testset)   loss: 0.7098 -> 0.7525  accuracy: 93.62% -> 93.62%      
client [67] (testset)   loss: 0.1839 -> 0.1881  accuracy: 96.84% -> 94.86%      
---------------------------- TRAINING EPOCH: 180 ----------------------------   
client [21] (testset)   loss: 0.7805 -> 0.8780  accuracy: 86.11% -> 88.89%      
client [79] (testset)   loss: 0.0852 -> 0.0807  accuracy: 98.47% -> 97.79%      
client [58] (testset)   loss: 0.3671 -> 0.3467  accuracy: 93.49% -> 93.87%      
client [88] (testset)   loss: 0.1535 -> 0.1619  accuracy: 97.38% -> 97.38%      
client [46] (testset)   loss: 0.8894 -> 0.7820  accuracy: 89.47% -> 89.47%      
client [11] (testset)   loss: 0.2040 -> 0.2751  accuracy: 96.10% -> 94.81%      
client [55] (testset)   loss: 0.5510 -> 0.5401  accuracy: 91.58% -> 91.84%      
client [13] (testset)   loss: 0.2939 -> 0.3157  accuracy: 96.00% -> 96.50%      
client [31] (testset)   loss: 0.7777 -> 0.7245  accuracy: 88.57% -> 88.57%      
client [75] (testset)   loss: 0.4157 -> 0.3283  accuracy: 92.36% -> 93.06%      
---------------------------- TRAINING EPOCH: 190 ----------------------------   
client [19] (testset)   loss: 0.4308 -> 0.4401  accuracy: 91.78% -> 91.32%      
client [7]  (testset)   loss: 0.3613 -> 0.3349  accuracy: 94.58% -> 94.22%      
client [57] (testset)   loss: 0.1875 -> 0.1864  accuracy: 96.17% -> 95.50%      
client [13] (testset)   loss: 0.3479 -> 0.3278  accuracy: 95.50% -> 95.50%      
client [43] (testset)   loss: 0.3170 -> 0.3380  accuracy: 92.91% -> 93.28%      
client [91] (testset)   loss: 0.6717 -> 0.6212  accuracy: 89.17% -> 90.45%      
client [10] (testset)   loss: 0.2702 -> 0.2231  accuracy: 94.98% -> 95.40%      
client [64] (testset)   loss: 0.1814 -> 0.1278  accuracy: 93.33% -> 97.04%      
client [82] (testset)   loss: 1.5324 -> 1.4317  accuracy: 84.21% -> 84.21%      
client [22] (testset)   loss: 1.6389 -> 1.2399  accuracy: 84.38% -> 84.38%      
---------------------------- TRAINING EPOCH: 200 ----------------------------   
client [20] (testset)   loss: 0.5125 -> 0.4256  accuracy: 89.58% -> 91.67%      
client [23] (testset)   loss: 0.3667 -> 0.4042  accuracy: 97.20% -> 96.26%      
client [88] (testset)   loss: 0.1732 -> 0.1736  accuracy: 97.38% -> 97.70%      
client [98] (testset)   loss: 0.4314 -> 0.4222  accuracy: 94.44% -> 95.24%      
client [79] (testset)   loss: 0.0990 -> 0.0791  accuracy: 98.13% -> 97.45%      
client [21] (testset)   loss: 0.8315 -> 0.7630  accuracy: 83.33% -> 86.11%      
client [92] (testset)   loss: 0.5561 -> 0.4591  accuracy: 91.16% -> 90.61%      
client [56] (testset)   loss: 0.4270 -> 0.3955  accuracy: 93.76% -> 94.78%      
client [5]  (testset)   loss: 0.1189 -> 0.1102  accuracy: 95.31% -> 95.31%      
client [52] (testset)   loss: 0.1310 -> 0.0753  accuracy: 96.97% -> 97.50%      
---------------------------- TRAINING EPOCH: 210 ----------------------------   
client [67] (testset)   loss: 0.2266 -> 0.2058  accuracy: 94.47% -> 94.47%      
client [54] (testset)   loss: 0.0976 -> 0.0944  accuracy: 96.91% -> 97.94%      
client [14] (testset)   loss: 0.1261 -> 0.1116  accuracy: 97.62% -> 97.62%      
client [99] (testset)   loss: 0.3132 -> 0.3100  accuracy: 95.24% -> 95.48%      
client [36] (testset)   loss: 5.9502 -> 5.9917  accuracy: 70.00% -> 70.00%      
client [30] (testset)   loss: 0.0013 -> 0.0021  accuracy: 100.00% -> 100.00%    
client [38] (testset)   loss: 0.3298 -> 0.3220  accuracy: 96.98% -> 96.98%      
client [15] (testset)   loss: 0.3570 -> 0.3654  accuracy: 94.82% -> 95.24%      
client [6]  (testset)   loss: 0.2299 -> 0.2456  accuracy: 95.22% -> 95.22%      
client [53] (testset)   loss: 0.2413 -> 0.2204  accuracy: 96.94% -> 97.38%      
---------------------------- TRAINING EPOCH: 220 ----------------------------   
client [99] (testset)   loss: 0.3113 -> 0.3097  accuracy: 93.81% -> 94.52%      
client [6]  (testset)   loss: 0.1719 -> 0.2161  accuracy: 96.41% -> 94.42%      
client [83] (testset)   loss: 0.1637 -> 0.1608  accuracy: 92.31% -> 92.31%      
client [42] (testset)   loss: 0.2757 -> 0.2419  accuracy: 94.85% -> 94.85%      
client [34] (testset)   loss: 0.8928 -> 0.7012  accuracy: 90.91% -> 90.91%      
client [15] (testset)   loss: 0.3602 -> 0.3492  accuracy: 94.26% -> 95.10%      
client [47] (testset)   loss: 0.3401 -> 0.3360  accuracy: 96.42% -> 96.03%      
client [55] (testset)   loss: 0.6462 -> 0.6107  accuracy: 90.56% -> 91.07%      
client [51] (testset)   loss: 0.4102 -> 0.4172  accuracy: 96.58% -> 96.58%      
client [95] (testset)   loss: 0.7603 -> 0.7593  accuracy: 91.49% -> 92.55%      
---------------------------- TRAINING EPOCH: 230 ----------------------------   
client [71] (testset)   loss: 0.6420 -> 0.6017  accuracy: 92.90% -> 93.99%      
client [15] (testset)   loss: 0.4005 -> 0.3682  accuracy: 94.96% -> 95.10%      
client [33] (testset)   loss: 0.2368 -> 0.1648  accuracy: 97.85% -> 96.31%      
client [99] (testset)   loss: 0.3598 -> 0.2771  accuracy: 94.76% -> 95.71%      
client [90] (testset)   loss: 0.2916 -> 0.1284  accuracy: 92.59% -> 93.83%      
client [57] (testset)   loss: 0.2168 -> 0.2300  accuracy: 95.50% -> 95.72%      
client [27] (testset)   loss: 0.5324 -> 0.6004  accuracy: 92.00% -> 91.50%      
client [78] (testset)   loss: 0.1928 -> 0.1683  accuracy: 95.73% -> 96.58%      
client [36] (testset)   loss: 4.4744 -> 4.6609  accuracy: 60.00% -> 60.00%      
client [88] (testset)   loss: 0.1405 -> 0.1632  accuracy: 98.36% -> 98.03%      
---------------------------- TRAINING EPOCH: 240 ----------------------------   
client [70] (testset)   loss: 0.5590 -> 0.5547  accuracy: 93.58% -> 93.23%      
client [35] (testset)   loss: 0.2176 -> 0.2207  accuracy: 96.40% -> 96.40%      
client [16] (testset)   loss: 0.3544 -> 0.3550  accuracy: 97.53% -> 97.53%      
client [80] (testset)   loss: 0.8661 -> 0.8834  accuracy: 91.30% -> 91.30%      
client [38] (testset)   loss: 0.3518 -> 0.3418  accuracy: 97.74% -> 97.99%      
client [78] (testset)   loss: 0.1959 -> 0.1924  accuracy: 97.44% -> 97.44%      
client [68] (testset)   loss: 0.0056 -> 0.0054  accuracy: 100.00% -> 100.00%    
client [11] (testset)   loss: 0.2890 -> 0.3120  accuracy: 94.81% -> 94.81%      
client [64] (testset)   loss: 0.1304 -> 0.1271  accuracy: 93.33% -> 94.07%      
client [82] (testset)   loss: 1.8939 -> 1.8775  accuracy: 84.21% -> 84.21%      
---------------------------- TRAINING EPOCH: 250 ----------------------------   
client [30] (testset)   loss: 0.0023 -> 0.0017  accuracy: 100.00% -> 100.00%    
client [27] (testset)   loss: 0.6439 -> 0.6497  accuracy: 91.50% -> 92.00%      
client [74] (testset)   loss: 0.4750 -> 0.5038  accuracy: 87.42% -> 89.40%      
client [45] (testset)   loss: 0.1366 -> 0.1308  accuracy: 98.96% -> 98.96%      
client [6]  (testset)   loss: 0.2165 -> 0.2067  accuracy: 95.62% -> 96.02%      
client [36] (testset)   loss: 7.1448 -> 7.0411  accuracy: 60.00% -> 60.00%      
client [63] (testset)   loss: 1.3312 -> 1.3099  accuracy: 90.91% -> 90.91%      
client [76] (testset)   loss: 0.0036 -> 0.0066  accuracy: 100.00% -> 99.36%     
client [83] (testset)   loss: 0.0442 -> 0.0501  accuracy: 100.00% -> 100.00%    
client [86] (testset)   loss: 0.3924 -> 0.4490  accuracy: 94.62% -> 94.62%      
---------------------------- TRAINING EPOCH: 260 ----------------------------   
client [83] (testset)   loss: 0.0266 -> 0.0277  accuracy: 100.00% -> 100.00%    
client [99] (testset)   loss: 0.3288 -> 0.3137  accuracy: 94.52% -> 95.24%      
client [74] (testset)   loss: 0.5734 -> 0.5462  accuracy: 89.40% -> 88.74%      
client [73] (testset)   loss: 0.1321 -> 0.1313  accuracy: 99.13% -> 99.13%      
client [29] (testset)   loss: 1.0592 -> 0.9940  accuracy: 88.60% -> 90.02%      
client [92] (testset)   loss: 0.8224 -> 0.6750  accuracy: 89.50% -> 90.61%      
client [6]  (testset)   loss: 0.2214 -> 0.2239  accuracy: 96.02% -> 96.02%      
client [61] (testset)   loss: 1.0547 -> 0.9421  accuracy: 89.56% -> 90.76%      
client [21] (testset)   loss: 1.1672 -> 1.2242  accuracy: 86.11% -> 83.33%      
client [67] (testset)   loss: 0.2406 -> 0.2627  accuracy: 94.47% -> 94.86%      
---------------------------- TRAINING EPOCH: 270 ----------------------------   
client [83] (testset)   loss: 0.0526 -> 0.0591  accuracy: 100.00% -> 92.31%     
client [32] (testset)   loss: 0.9911 -> 0.9459  accuracy: 90.65% -> 91.37%      
client [95] (testset)   loss: 0.8158 -> 0.8157  accuracy: 92.55% -> 93.62%      
client [61] (testset)   loss: 0.9069 -> 0.9199  accuracy: 91.97% -> 91.16%      
client [27] (testset)   loss: 0.7441 -> 0.7574  accuracy: 90.50% -> 90.50%      
client [25] (testset)   loss: 1.0444 -> 1.0468  accuracy: 95.00% -> 95.00%      
client [68] (testset)   loss: 0.0009 -> 0.0009  accuracy: 100.00% -> 100.00%    
client [34] (testset)   loss: 0.7396 -> 0.7727  accuracy: 90.91% -> 90.91%      
client [71] (testset)   loss: 0.6991 -> 0.6767  accuracy: 92.90% -> 93.44%      
client [89] (testset)   loss: 0.3895 -> 0.3649  accuracy: 95.59% -> 95.59%      
---------------------------- TRAINING EPOCH: 280 ----------------------------   
client [78] (testset)   loss: 0.2168 -> 0.2152  accuracy: 96.58% -> 98.29%      
client [81] (testset)   loss: 0.7429 -> 0.7386  accuracy: 93.55% -> 93.55%      
client [51] (testset)   loss: 0.5263 -> 0.4772  accuracy: 96.58% -> 96.58%      
client [54] (testset)   loss: 0.1829 -> 0.1876  accuracy: 95.88% -> 95.88%      
client [65] (testset)   loss: 0.1679 -> 0.1646  accuracy: 98.40% -> 98.40%      
client [41] (testset)   loss: 0.7810 -> 0.7690  accuracy: 90.77% -> 90.77%      
client [11] (testset)   loss: 0.3602 -> 0.3616  accuracy: 94.81% -> 94.81%      
client [85] (testset)   loss: 0.1083 -> 0.1084  accuracy: 93.75% -> 93.75%      
client [12] (testset)   loss: 1.7638 -> 1.7396  accuracy: 81.82% -> 81.82%      
client [23] (testset)   loss: 0.5420 -> 0.5315  accuracy: 96.26% -> 96.26%      
---------------------------- TRAINING EPOCH: 290 ----------------------------   
client [16] (testset)   loss: 0.4129 -> 0.4159  accuracy: 97.53% -> 97.53%      
client [65] (testset)   loss: 0.1681 -> 0.1636  accuracy: 98.26% -> 98.53%      
client [53] (testset)   loss: 0.2114 -> 0.2205  accuracy: 97.38% -> 97.38%      
client [58] (testset)   loss: 0.5702 -> 0.5732  accuracy: 92.72% -> 93.10%      
client [72] (testset)   loss: 0.7873 -> 0.7691  accuracy: 92.89% -> 92.55%      
client [7]  (testset)   loss: 0.3703 -> 0.3724  accuracy: 94.58% -> 94.58%      
client [71] (testset)   loss: 0.7240 -> 0.7255  accuracy: 92.90% -> 92.90%      
client [59] (testset)   loss: 0.6321 -> 0.6405  accuracy: 91.71% -> 90.93%      
client [86] (testset)   loss: 0.4712 -> 0.4397  accuracy: 95.16% -> 95.16%      
client [39] (testset)   loss: 0.3858 -> 0.3848  accuracy: 95.12% -> 95.12%      
---------------------------- TRAINING EPOCH: 300 ----------------------------   
client [99] (testset)   loss: 0.3487 -> 0.3487  accuracy: 95.48% -> 95.48%      
client [7]  (testset)   loss: 0.3909 -> 0.3905  accuracy: 94.22% -> 93.86%      
client [17] (testset)   loss: 0.1479 -> 0.1403  accuracy: 99.21% -> 99.21%      
client [64] (testset)   loss: 0.1539 -> 0.1518  accuracy: 97.04% -> 97.04%      
client [37] (testset)   loss: 0.0397 -> 0.0393  accuracy: 99.15% -> 99.15%      
client [29] (testset)   loss: 1.0809 -> 1.0983  accuracy: 89.79% -> 89.79%      
client [93] (testset)   loss: 0.5138 -> 0.4995  accuracy: 89.68% -> 90.32%      
client [73] (testset)   loss: 0.1419 -> 0.1412  accuracy: 99.13% -> 99.13%      
client [40] (testset)   loss: 0.7362 -> 0.7762  accuracy: 84.75% -> 86.44%      
client [76] (testset)   loss: 0.0224 -> 0.0183  accuracy: 98.72% -> 99.36%      
---------------------------- TRAINING EPOCH: 310 ----------------------------   
client [31] (testset)   loss: 1.0809 -> 1.0717  accuracy: 88.57% -> 88.57%      
client [89] (testset)   loss: 0.3301 -> 0.3296  accuracy: 96.08% -> 96.08%      
client [77] (testset)   loss: 0.9072 -> 0.8979  accuracy: 92.98% -> 92.49%      
client [90] (testset)   loss: 0.1939 -> 0.2031  accuracy: 97.53% -> 97.53%      
client [26] (testset)   loss: 0.1952 -> 0.1936  accuracy: 98.73% -> 98.73%      
client [50] (testset)   loss: 0.3331 -> 0.3695  accuracy: 92.86% -> 92.86%      
client [30] (testset)   loss: 0.0008 -> 0.0007  accuracy: 100.00% -> 100.00%    
client [70] (testset)   loss: 0.6844 -> 0.6811  accuracy: 93.58% -> 92.88%      
client [41] (testset)   loss: 0.8432 -> 0.8186  accuracy: 90.41% -> 91.12%      
client [99] (testset)   loss: 0.3682 -> 0.3642  accuracy: 95.24% -> 95.00%      
---------------------------- TRAINING EPOCH: 320 ----------------------------   
client [68] (testset)   loss: 0.0008 -> 0.0007  accuracy: 100.00% -> 100.00%    
client [70] (testset)   loss: 0.6900 -> 0.6887  accuracy: 92.88% -> 92.88%      
client [52] (testset)   loss: 0.0811 -> 0.0826  accuracy: 97.86% -> 98.22%      
client [1]  (testset)   loss: 0.0849 -> 0.0873  accuracy: 98.61% -> 98.61%      
client [2]  (testset)   loss: 0.0664 -> 0.0660  accuracy: 99.31% -> 99.31%      
client [67] (testset)   loss: 0.2877 -> 0.2862  accuracy: 93.68% -> 93.68%      
client [92] (testset)   loss: 0.8640 -> 0.8276  accuracy: 90.61% -> 90.61%      
client [35] (testset)   loss: 0.2673 -> 0.2691  accuracy: 95.86% -> 95.86%      
client [36] (testset)   loss: 7.2308 -> 7.2424  accuracy: 70.00% -> 70.00%      
client [64] (testset)   loss: 0.2064 -> 0.1952  accuracy: 97.04% -> 97.04%      
---------------------------- TRAINING EPOCH: 330 ----------------------------   
client [44] (testset)   loss: 0.0910 -> 0.0915  accuracy: 97.94% -> 97.94%      
client [6]  (testset)   loss: 0.2931 -> 0.2847  accuracy: 96.02% -> 96.02%      
client [12] (testset)   loss: 1.6292 -> 1.6140  accuracy: 81.82% -> 81.82%      
client [55] (testset)   loss: 0.7368 -> 0.7441  accuracy: 90.56% -> 91.33%      
client [29] (testset)   loss: 1.1848 -> 1.1876  accuracy: 90.02% -> 89.79%      
client [9]  (testset)   loss: 1.1566 -> 1.1193  accuracy: 90.78% -> 90.78%      
client [43] (testset)   loss: 0.4877 -> 0.4784  accuracy: 94.03% -> 93.66%      
client [77] (testset)   loss: 0.9118 -> 0.9042  accuracy: 92.74% -> 92.49%      
client [98] (testset)   loss: 0.6262 -> 0.5977  accuracy: 95.63% -> 95.63%      
client [78] (testset)   loss: 0.2677 -> 0.2685  accuracy: 98.29% -> 98.29%      
---------------------------- TRAINING EPOCH: 340 ----------------------------   
client [92] (testset)   loss: 0.8796 -> 0.8602  accuracy: 90.61% -> 90.61%      
client [80] (testset)   loss: 0.9642 -> 0.9726  accuracy: 91.30% -> 91.30%      
client [63] (testset)   loss: 1.7221 -> 1.6990  accuracy: 90.91% -> 90.91%      
client [76] (testset)   loss: 0.0148 -> 0.0140  accuracy: 99.36% -> 99.36%      
client [78] (testset)   loss: 0.2395 -> 0.2423  accuracy: 98.29% -> 98.29%      
client [25] (testset)   loss: 1.2442 -> 1.2586  accuracy: 92.50% -> 92.50%      
client [58] (testset)   loss: 0.5704 -> 0.5907  accuracy: 93.10% -> 93.49%      
client [13] (testset)   loss: 0.3867 -> 0.3851  accuracy: 95.00% -> 95.00%      
client [17] (testset)   loss: 0.1543 -> 0.1520  accuracy: 99.21% -> 99.21%      
client [38] (testset)   loss: 0.4694 -> 0.4696  accuracy: 97.49% -> 97.49%      
---------------------------- TRAINING EPOCH: 350 ----------------------------   
client [72] (testset)   loss: 0.8764 -> 0.8617  accuracy: 92.55% -> 92.22%      
client [82] (testset)   loss: 2.1243 -> 2.1225  accuracy: 84.21% -> 84.21%      
client [86] (testset)   loss: 0.4581 -> 0.4632  accuracy: 95.70% -> 95.70%      
client [51] (testset)   loss: 0.5610 -> 0.5384  accuracy: 96.96% -> 96.58%      
client [96] (testset)   loss: 0.0005 -> 0.0005  accuracy: 100.00% -> 100.00%    
client [42] (testset)   loss: 0.3154 -> 0.3133  accuracy: 96.32% -> 96.32%      
client [55] (testset)   loss: 0.7663 -> 0.7681  accuracy: 91.07% -> 91.33%      
client [13] (testset)   loss: 0.3602 -> 0.3588  accuracy: 95.00% -> 95.00%      
client [1]  (testset)   loss: 0.0990 -> 0.0847  accuracy: 98.33% -> 98.61%      
client [12] (testset)   loss: 2.0706 -> 2.0542  accuracy: 81.82% -> 81.82%      
---------------------------- TRAINING EPOCH: 360 ----------------------------   
client [68] (testset)   loss: 0.0013 -> 0.0013  accuracy: 100.00% -> 100.00%    
client [23] (testset)   loss: 0.5844 -> 0.5747  accuracy: 96.26% -> 96.26%      
client [46] (testset)   loss: 1.4722 -> 1.4698  accuracy: 92.11% -> 92.11%      
client [41] (testset)   loss: 0.9033 -> 0.8745  accuracy: 90.30% -> 90.53%      
client [25] (testset)   loss: 1.3080 -> 1.3143  accuracy: 95.00% -> 95.00%      
client [58] (testset)   loss: 0.5680 -> 0.5720  accuracy: 93.49% -> 93.87%      
client [14] (testset)   loss: 0.1978 -> 0.1959  accuracy: 97.02% -> 97.02%      
client [33] (testset)   loss: 0.3009 -> 0.2755  accuracy: 97.85% -> 97.85%      
client [85] (testset)   loss: 0.0922 -> 0.0933  accuracy: 93.75% -> 93.75%      
client [62] (testset)   loss: 0.6088 -> 0.5978  accuracy: 94.98% -> 94.76%      
---------------------------- TRAINING EPOCH: 370 ----------------------------   
client [98] (testset)   loss: 0.6509 -> 0.6488  accuracy: 95.63% -> 95.63%      
client [63] (testset)   loss: 1.4242 -> 1.4249  accuracy: 90.91% -> 90.91%      
client [70] (testset)   loss: 0.7360 -> 0.7339  accuracy: 93.23% -> 93.40%      
client [65] (testset)   loss: 0.1847 -> 0.1859  accuracy: 98.13% -> 98.13%      
client [14] (testset)   loss: 0.1879 -> 0.1843  accuracy: 97.62% -> 97.62%      
client [73] (testset)   loss: 0.1353 -> 0.1353  accuracy: 99.13% -> 99.13%      
client [34] (testset)   loss: 0.8241 -> 0.8366  accuracy: 90.91% -> 90.91%      
client [99] (testset)   loss: 0.3841 -> 0.3869  accuracy: 95.48% -> 95.48%      
client [69] (testset)   loss: 0.7442 -> 0.7438  accuracy: 92.05% -> 92.05%      
client [46] (testset)   loss: 1.4863 -> 1.4856  accuracy: 92.11% -> 92.11%      
---------------------------- TRAINING EPOCH: 380 ----------------------------   
client [99] (testset)   loss: 0.3798 -> 0.3810  accuracy: 94.76% -> 95.48%      
client [93] (testset)   loss: 0.5992 -> 0.5569  accuracy: 88.39% -> 89.68%      
client [11] (testset)   loss: 0.3593 -> 0.3696  accuracy: 94.81% -> 94.81%      
client [58] (testset)   loss: 0.6171 -> 0.6116  accuracy: 93.49% -> 93.49%      
client [81] (testset)   loss: 0.9883 -> 0.9844  accuracy: 87.10% -> 87.10%      
client [85] (testset)   loss: 0.0689 -> 0.0693  accuracy: 93.75% -> 93.75%      
client [89] (testset)   loss: 0.3316 -> 0.3503  accuracy: 95.59% -> 96.08%      
client [45] (testset)   loss: 0.2375 -> 0.2250  accuracy: 96.88% -> 96.88%      
client [8]  (testset)   loss: 0.0881 -> 0.0773  accuracy: 93.75% -> 93.75%      
client [68] (testset)   loss: 0.0013 -> 0.0013  accuracy: 100.00% -> 100.00%    
---------------------------- TRAINING EPOCH: 390 ----------------------------   
client [67] (testset)   loss: 0.3304 -> 0.3250  accuracy: 94.07% -> 94.07%      
client [72] (testset)   loss: 0.8799 -> 0.8798  accuracy: 92.39% -> 92.22%      
client [1]  (testset)   loss: 0.0818 -> 0.0881  accuracy: 98.89% -> 98.89%      
client [78] (testset)   loss: 0.2567 -> 0.2515  accuracy: 95.73% -> 98.29%      
client [83] (testset)   loss: 0.0006 -> 0.0006  accuracy: 100.00% -> 100.00%    
client [21] (testset)   loss: 1.4763 -> 1.4843  accuracy: 86.11% -> 86.11%      
client [56] (testset)   loss: 0.6117 -> 0.5997  accuracy: 94.67% -> 94.56%      
client [44] (testset)   loss: 0.0954 -> 0.0877  accuracy: 96.91% -> 96.91%      
client [92] (testset)   loss: 0.8388 -> 0.8448  accuracy: 90.61% -> 90.61%      
client [27] (testset)   loss: 0.8663 -> 0.8420  accuracy: 89.50% -> 89.50%      
---------------------------- TRAINING EPOCH: 400 ----------------------------   
client [10] (testset)   loss: 0.3489 -> 0.3382  accuracy: 94.98% -> 95.19%      
client [39] (testset)   loss: 0.3589 -> 0.3591  accuracy: 95.12% -> 95.12%      
client [65] (testset)   loss: 0.1961 -> 0.1927  accuracy: 98.40% -> 98.13%      
client [26] (testset)   loss: 0.1962 -> 0.1995  accuracy: 99.36% -> 99.36%      
client [19] (testset)   loss: 0.6438 -> 0.6482  accuracy: 92.69% -> 92.69%      
client [68] (testset)   loss: 0.0008 -> 0.0008  accuracy: 100.00% -> 100.00%    
client [41] (testset)   loss: 0.9106 -> 0.8913  accuracy: 90.77% -> 90.89%      
client [50] (testset)   loss: 0.4513 -> 0.4444  accuracy: 95.24% -> 95.24%      
client [75] (testset)   loss: 0.3909 -> 0.3808  accuracy: 94.44% -> 93.75%      
client [81] (testset)   loss: 0.9811 -> 0.9854  accuracy: 87.10% -> 87.10%      
Training... ━━━━━━━━━━━━━━━━━━━━━━━━━━━━━━━━━━━━━━━━ 100% 0:10:35
PSFL's average time taken by each global epoch: 0 min 1.58 sec.                 
PSFL's total running time: 0 h 10 m 35 s.                                       
==================== PSFL Experiment Results: ====================              
Display format: (before local fine-tuning) -> (after local fine-tuning)         
 So if finetune_epoch = 0, x.xx% -> 0.00% is normal.                            
 Centralized testing ONLY happens after model aggregation, so the stats between 
'->' are the same.                                                              
{                                                                               
    "100": {                                                                    
        "all_clients": {                                                        
            "test": {                                                           
                "loss": "0.2763 -> 0.0000",                                     
                "accuracy": "94.59% -> 0.00%"                                   
            }                                                                   
        }                                                                       
    },                                                                          
    "200": {                                                                    
        "all_clients": {                                                        
            "test": {                                                           
                "loss": "0.3253 -> 0.0000",                                     
                "accuracy": "94.83% -> 0.00%"                                   
            }                                                                   
        }                                                                       
    },                                                                          
    "300": {                                                                    
        "all_clients": {                                                        
            "test": {                                                           
                "loss": "0.4509 -> 0.0000",                                     
                "accuracy": "94.98% -> 0.00%"                                   
            }                                                                   
        }                                                                       
    },                                                                          
    "400": {                                                                    
        "all_clients": {                                                        
            "test": {                                                           
                "loss": "0.5013 -> 0.0000",                                     
                "accuracy": "94.99% -> 0.00%"                                   
            }                                                                   
        }                                                                       
    }                                                                           
}                                                                               
==================== PSFL Max Accuracy ====================                     
all_clients:                                                                    
(test) before fine-tuning: 94.99% at epoch 400                                  
(test) after fine-tuning: 0.00% at epoch 100                                    
