==================== PSFL ====================                                  
Experiment Arguments:                                                           
{
│   'method': 'psfl',
│   'dataset': {
│   │   'name': 'emnist',
│   │   'client_num': 100,
│   │   'test_ratio': 0.25,
│   │   'val_ratio': 0.0,
│   │   'seed': 42,
│   │   'split': 'sample',
│   │   'IID_ratio': 0.0,
│   │   'monitor_window_name_suffix': 'emnist-100clients-0%IID-Dir(0.1)-seed42',
│   │   'emnist_split': 'byclass',
│   │   'alpha': 0.1,
│   │   'min_samples_per_client': 10
│   },
│   'model': {
│   │   'name': 'avgcnn',
│   │   'use_torchvision_pretrained_weights': True,
│   │   'external_model_weights_path': None
│   },
│   'optimizer': {
│   │   'lr': 0.01,
│   │   'dampening': 0,
│   │   'weight_decay': 0,
│   │   'momentum': 0,
│   │   'nesterov': False,
│   │   'name': 'sgd'
│   },
│   'mode': 'sequential',
│   'parallel': {
│   │   'ray_cluster_addr': None,
│   │   'num_cpus': None,
│   │   'num_gpus': None,
│   │   'num_workers': 2
│   },
│   'common': {
│   │   'seed': 42,
│   │   'join_ratio': 0.1,
│   │   'global_epoch': 400,
│   │   'local_epoch': 5,
│   │   'batch_size': 32,
│   │   'reset_optimizer_on_global_epoch': True,
│   │   'straggler_ratio': 0,
│   │   'straggler_min_local_epoch': 0,
│   │   'buffers': 'global',
│   │   'client_side_evaluation': True,
│   │   'test': {
│   │   │   'client': {
│   │   │   │   'interval': 100,
│   │   │   │   'finetune_epoch': 0,
│   │   │   │   'train': False,
│   │   │   │   'val': False,
│   │   │   │   'test': True
│   │   │   },
│   │   │   'server': {
│   │   │   │   'interval': -1,
│   │   │   │   'train': False,
│   │   │   │   'val': False,
│   │   │   │   'test': False,
│   │   │   │   'model_in_train_mode': False
│   │   │   }
│   │   },
│   │   'verbose_gap': 10,
│   │   'monitor': None,
│   │   'use_cuda': True,
│   │   'save_log': True,
│   │   'save_model': False,
│   │   'save_learning_curve_plot': False,
│   │   'save_metrics': True,
│   │   'delete_useless_run': True
│   },
│   'psfl': {
│   │   'alpha': 0.0,
│   │   'CLS': False,
│   │   'ig_ratio': 0.9999,
│   │   'track': False,
│   │   'score': 'diff'
│   }
}
---------------------------- TRAINING EPOCH: 10 ----------------------------    
client [77] (testset)   loss: 0.6456 -> 0.1243  accuracy: 80.89% -> 96.76%      
client [81] (testset)   loss: 1.7198 -> 0.2798  accuracy: 61.73% -> 88.37%      
client [21] (testset)   loss: 1.0337 -> 0.1406  accuracy: 74.45% -> 95.64%      
client [68] (testset)   loss: 0.8309 -> 0.1283  accuracy: 75.66% -> 96.61%      
client [93] (testset)   loss: 0.5794 -> 0.1217  accuracy: 86.28% -> 95.56%      
client [31] (testset)   loss: 0.8262 -> 0.1613  accuracy: 75.18% -> 94.52%      
client [20] (testset)   loss: 0.7780 -> 0.1684  accuracy: 76.73% -> 94.80%      
client [59] (testset)   loss: 0.9321 -> 0.3859  accuracy: 74.56% -> 90.14%      
client [48] (testset)   loss: 1.8452 -> 0.3607  accuracy: 40.50% -> 85.47%      
client [34] (testset)   loss: 0.6499 -> 0.0974  accuracy: 74.14% -> 97.74%      
---------------------------- TRAINING EPOCH: 20 ----------------------------    
client [69] (testset)   loss: 1.3722 -> 0.2050  accuracy: 71.54% -> 94.15%      
client [99] (testset)   loss: 0.5550 -> 0.1136  accuracy: 84.96% -> 96.77%      
client [67] (testset)   loss: 1.4679 -> 0.1362  accuracy: 67.10% -> 95.77%      
client [0]  (testset)   loss: 0.4922 -> 0.1223  accuracy: 88.25% -> 96.69%      
client [76] (testset)   loss: 1.6364 -> 0.1175  accuracy: 56.16% -> 96.19%      
client [41] (testset)   loss: 0.8696 -> 0.2279  accuracy: 75.24% -> 92.16%      
client [62] (testset)   loss: 0.8821 -> 0.1421  accuracy: 77.42% -> 96.51%      
client [2]  (testset)   loss: 0.8553 -> 0.0904  accuracy: 74.06% -> 97.04%      
client [14] (testset)   loss: 0.7692 -> 0.1522  accuracy: 79.94% -> 96.56%      
client [46] (testset)   loss: 4.5867 -> 0.0644  accuracy: 20.63% -> 98.70%      
---------------------------- TRAINING EPOCH: 30 ----------------------------    
client [24] (testset)   loss: 0.1054 -> 0.1023  accuracy: 96.84% -> 96.68%      
client [68] (testset)   loss: 0.7242 -> 0.1282  accuracy: 81.90% -> 97.04%      
client [57] (testset)   loss: 1.1121 -> 0.0501  accuracy: 59.98% -> 99.03%      
client [17] (testset)   loss: 1.6505 -> 0.2435  accuracy: 55.02% -> 93.68%      
client [54] (testset)   loss: 1.4879 -> 0.1234  accuracy: 64.80% -> 96.14%      
client [23] (testset)   loss: 1.7902 -> 0.3283  accuracy: 59.09% -> 85.80%      
client [35] (testset)   loss: 1.0155 -> 0.0701  accuracy: 68.25% -> 98.18%      
client [59] (testset)   loss: 1.0079 -> 0.1920  accuracy: 73.26% -> 93.46%      
client [31] (testset)   loss: 0.4612 -> 0.1648  accuracy: 86.14% -> 94.94%      
client [9]  (testset)   loss: 0.3891 -> 0.0929  accuracy: 90.30% -> 98.13%      
---------------------------- TRAINING EPOCH: 40 ----------------------------    
client [64] (testset)   loss: 1.0569 -> 0.2834  accuracy: 76.85% -> 91.46%      
client [33] (testset)   loss: 1.2234 -> 0.0653  accuracy: 66.86% -> 98.36%      
client [16] (testset)   loss: 1.0120 -> 0.2093  accuracy: 73.72% -> 94.65%      
client [44] (testset)   loss: 1.7717 -> 0.1944  accuracy: 56.70% -> 95.11%      
client [8]  (testset)   loss: 1.8225 -> 0.2066  accuracy: 58.02% -> 93.48%      
client [31] (testset)   loss: 1.1504 -> 0.1688  accuracy: 67.58% -> 93.94%      
client [47] (testset)   loss: 0.9245 -> 0.1854  accuracy: 76.50% -> 93.93%      
client [36] (testset)   loss: 1.7778 -> 0.1116  accuracy: 53.44% -> 96.73%      
client [20] (testset)   loss: 0.5376 -> 0.1576  accuracy: 85.77% -> 95.21%      
client [56] (testset)   loss: 0.9978 -> 0.0758  accuracy: 79.20% -> 98.56%      
---------------------------- TRAINING EPOCH: 50 ----------------------------    
client [4]  (testset)   loss: 1.7999 -> 0.3015  accuracy: 61.10% -> 89.17%      
client [60] (testset)   loss: 0.5526 -> 0.0544  accuracy: 83.01% -> 98.61%      
client [28] (testset)   loss: 0.8657 -> 0.1090  accuracy: 76.89% -> 95.33%      
client [25] (testset)   loss: 0.9716 -> 0.0588  accuracy: 74.97% -> 97.37%      
client [58] (testset)   loss: 0.5290 -> 0.0630  accuracy: 80.78% -> 98.83%      
client [44] (testset)   loss: 1.8046 -> 0.1869  accuracy: 58.19% -> 94.04%      
client [39] (testset)   loss: 1.8698 -> 0.1061  accuracy: 49.91% -> 96.98%      
client [29] (testset)   loss: 1.1173 -> 0.1588  accuracy: 72.15% -> 94.45%      
client [3]  (testset)   loss: 0.6339 -> 0.1258  accuracy: 78.73% -> 96.48%      
client [84] (testset)   loss: 0.6300 -> 0.1272  accuracy: 87.55% -> 96.44%      
---------------------------- TRAINING EPOCH: 60 ----------------------------    
client [21] (testset)   loss: 0.8935 -> 0.1509  accuracy: 80.49% -> 96.00%      
client [84] (testset)   loss: 1.4522 -> 0.1562  accuracy: 74.01% -> 95.49%      
client [10] (testset)   loss: 0.8240 -> 0.1849  accuracy: 70.63% -> 93.15%      
client [36] (testset)   loss: 0.6869 -> 0.1177  accuracy: 82.22% -> 96.96%      
client [65] (testset)   loss: 2.2612 -> 0.2970  accuracy: 48.61% -> 92.02%      
client [81] (testset)   loss: 1.2943 -> 0.3058  accuracy: 74.37% -> 88.83%      
client [79] (testset)   loss: 1.4150 -> 0.2844  accuracy: 68.32% -> 93.79%      
client [42] (testset)   loss: 1.1645 -> 0.1993  accuracy: 68.56% -> 94.67%      
client [11] (testset)   loss: 0.7887 -> 0.1324  accuracy: 81.72% -> 96.41%      
client [96] (testset)   loss: 0.5553 -> 0.1500  accuracy: 85.07% -> 96.82%      
---------------------------- TRAINING EPOCH: 70 ----------------------------    
client [8]  (testset)   loss: 1.5419 -> 0.2452  accuracy: 66.82% -> 93.42%      
client [53] (testset)   loss: 0.4331 -> 0.1291  accuracy: 90.94% -> 97.45%      
client [52] (testset)   loss: 1.1056 -> 0.2824  accuracy: 74.08% -> 91.73%      
client [42] (testset)   loss: 0.4823 -> 0.1769  accuracy: 88.79% -> 95.09%      
client [69] (testset)   loss: 0.6794 -> 0.2495  accuracy: 86.39% -> 94.60%      
client [59] (testset)   loss: 0.6456 -> 0.2337  accuracy: 83.61% -> 92.81%      
client [7]  (testset)   loss: 0.9329 -> 0.1699  accuracy: 64.06% -> 96.09%      
client [26] (testset)   loss: 0.6494 -> 0.2516  accuracy: 82.08% -> 94.55%      
client [49] (testset)   loss: 0.3784 -> 0.0836  accuracy: 89.78% -> 97.96%      
client [98] (testset)   loss: 0.5969 -> 0.1222  accuracy: 85.75% -> 96.81%      
---------------------------- TRAINING EPOCH: 80 ----------------------------    
client [98] (testset)   loss: 0.3979 -> 0.1140  accuracy: 91.18% -> 96.96%      
client [47] (testset)   loss: 0.7895 -> 0.2188  accuracy: 83.50% -> 94.19%      
client [21] (testset)   loss: 0.8426 -> 0.1536  accuracy: 81.72% -> 96.08%      
client [77] (testset)   loss: 0.4539 -> 0.1502  accuracy: 90.03% -> 96.70%      
client [95] (testset)   loss: 0.6423 -> 0.1741  accuracy: 86.71% -> 96.32%      
client [91] (testset)   loss: 1.4516 -> 0.0814  accuracy: 71.20% -> 98.48%      
client [14] (testset)   loss: 0.7398 -> 0.2119  accuracy: 79.27% -> 95.83%      
client [99] (testset)   loss: 0.4885 -> 0.1227  accuracy: 87.55% -> 96.68%      
client [20] (testset)   loss: 0.5856 -> 0.1903  accuracy: 83.82% -> 94.94%      
client [39] (testset)   loss: 0.9480 -> 0.1156  accuracy: 78.10% -> 96.85%      
---------------------------- TRAINING EPOCH: 90 ----------------------------    
client [52] (testset)   loss: 2.0628 -> 0.2887  accuracy: 65.59% -> 92.07%      
client [62] (testset)   loss: 0.9686 -> 0.1658  accuracy: 84.44% -> 96.70%      
client [71] (testset)   loss: 0.3583 -> 0.0938  accuracy: 91.04% -> 97.90%      
client [97] (testset)   loss: 1.0012 -> 0.0929  accuracy: 81.80% -> 97.94%      
client [30] (testset)   loss: 1.3909 -> 0.2458  accuracy: 76.81% -> 94.58%      
client [88] (testset)   loss: 1.2259 -> 0.2542  accuracy: 76.69% -> 92.66%      
client [60] (testset)   loss: 0.4796 -> 0.0916  accuracy: 89.34% -> 98.22%      
client [82] (testset)   loss: 0.9339 -> 0.4223  accuracy: 69.45% -> 82.34%      
client [91] (testset)   loss: 0.4485 -> 0.0794  accuracy: 86.63% -> 98.26%      
client [57] (testset)   loss: 1.9492 -> 0.0967  accuracy: 52.36% -> 98.61%      
---------------------------- TRAINING EPOCH: 100 ----------------------------   
client [31] (testset)   loss: 1.3320 -> 0.2142  accuracy: 81.24% -> 94.56%      
client [15] (testset)   loss: 1.2924 -> 0.2292  accuracy: 81.68% -> 92.85%      
client [71] (testset)   loss: 0.2616 -> 0.1028  accuracy: 93.51% -> 97.59%      
client [97] (testset)   loss: 0.4348 -> 0.1083  accuracy: 91.21% -> 98.11%      
client [53] (testset)   loss: 0.5224 -> 0.1470  accuracy: 90.85% -> 97.54%      
client [77] (testset)   loss: 0.9669 -> 0.1768  accuracy: 79.86% -> 96.76%      
client [76] (testset)   loss: 1.0935 -> 0.1636  accuracy: 73.83% -> 96.04%      
client [79] (testset)   loss: 0.9788 -> 0.3422  accuracy: 77.89% -> 93.16%      
client [28] (testset)   loss: 0.3839 -> 0.1347  accuracy: 89.47% -> 95.33%      
client [99] (testset)   loss: 0.6392 -> 0.1314  accuracy: 86.11% -> 96.51%      
---------------------------- TRAINING EPOCH: 110 ----------------------------   
client [97] (testset)   loss: 0.3329 -> 0.1030  accuracy: 93.16% -> 98.08%      
client [86] (testset)   loss: 1.0459 -> 0.3284  accuracy: 79.90% -> 92.15%      
client [34] (testset)   loss: 0.6269 -> 0.1523  accuracy: 88.52% -> 97.20%      
client [73] (testset)   loss: 0.5070 -> 0.2525  accuracy: 89.05% -> 94.68%      
client [5]  (testset)   loss: 0.5801 -> 0.1966  accuracy: 89.02% -> 95.60%      
client [96] (testset)   loss: 0.5648 -> 0.2345  accuracy: 89.14% -> 96.40%      
client [22] (testset)   loss: 0.5312 -> 0.2860  accuracy: 92.15% -> 94.70%      
client [60] (testset)   loss: 0.5018 -> 0.1171  accuracy: 89.65% -> 98.30%      
client [66] (testset)   loss: 1.1374 -> 0.1739  accuracy: 80.56% -> 96.72%      
client [83] (testset)   loss: 1.0235 -> 0.2111  accuracy: 77.98% -> 96.23%      
---------------------------- TRAINING EPOCH: 120 ----------------------------   
client [76] (testset)   loss: 0.4071 -> 0.1677  accuracy: 89.66% -> 96.04%      
client [65] (testset)   loss: 1.3330 -> 0.3509  accuracy: 76.70% -> 91.61%      
client [95] (testset)   loss: 0.6451 -> 0.1703  accuracy: 87.52% -> 96.80%      
client [17] (testset)   loss: 1.4923 -> 0.3052  accuracy: 75.62% -> 93.49%      
client [8]  (testset)   loss: 1.3510 -> 0.2729  accuracy: 73.28% -> 93.78%      
client [35] (testset)   loss: 0.6267 -> 0.1155  accuracy: 85.57% -> 98.21%      
client [98] (testset)   loss: 0.4222 -> 0.1181  accuracy: 91.94% -> 96.86%      
client [53] (testset)   loss: 1.0080 -> 0.1799  accuracy: 81.94% -> 97.16%      
client [43] (testset)   loss: 0.9631 -> 0.3210  accuracy: 82.29% -> 92.37%      
client [64] (testset)   loss: 1.4420 -> 0.3881  accuracy: 62.05% -> 91.27%      
---------------------------- TRAINING EPOCH: 130 ----------------------------   
client [21] (testset)   loss: 0.6678 -> 0.1998  accuracy: 86.45% -> 95.57%      
client [88] (testset)   loss: 1.0298 -> 0.3226  accuracy: 82.16% -> 92.73%      
client [38] (testset)   loss: 0.3680 -> 0.1768  accuracy: 92.82% -> 96.10%      
client [3]  (testset)   loss: 0.3958 -> 0.1727  accuracy: 93.10% -> 96.83%      
client [5]  (testset)   loss: 1.2962 -> 0.2143  accuracy: 76.37% -> 95.56%      
client [41] (testset)   loss: 0.6310 -> 0.3550  accuracy: 86.83% -> 92.04%      
client [7]  (testset)   loss: 0.6234 -> 0.2310  accuracy: 87.35% -> 95.50%      
client [37] (testset)   loss: 0.8553 -> 0.2640  accuracy: 79.30% -> 93.17%      
client [45] (testset)   loss: 1.2469 -> 0.3691  accuracy: 78.62% -> 89.25%      
client [47] (testset)   loss: 0.7584 -> 0.2661  accuracy: 84.53% -> 94.19%      
---------------------------- TRAINING EPOCH: 140 ----------------------------   
client [16] (testset)   loss: 0.6326 -> 0.3065  accuracy: 79.16% -> 94.00%      
client [11] (testset)   loss: 0.4999 -> 0.1479  accuracy: 90.28% -> 96.62%      
client [37] (testset)   loss: 0.8815 -> 0.2871  accuracy: 80.16% -> 92.34%      
client [41] (testset)   loss: 0.9097 -> 0.3572  accuracy: 82.63% -> 92.60%      
client [95] (testset)   loss: 0.3961 -> 0.2001  accuracy: 93.59% -> 96.56%      
client [53] (testset)   loss: 0.5701 -> 0.1813  accuracy: 89.35% -> 96.97%      
client [22] (testset)   loss: 0.6329 -> 0.2709  accuracy: 88.60% -> 95.03%      
client [25] (testset)   loss: 0.6701 -> 0.0779  accuracy: 85.07% -> 97.48%      
client [69] (testset)   loss: 0.6707 -> 0.2910  accuracy: 88.75% -> 95.16%      
client [46] (testset)   loss: 0.5508 -> 0.1007  accuracy: 91.25% -> 98.33%      
---------------------------- TRAINING EPOCH: 150 ----------------------------   
client [47] (testset)   loss: 0.5620 -> 0.3152  accuracy: 88.03% -> 94.02%      
client [69] (testset)   loss: 0.9909 -> 0.3089  accuracy: 87.18% -> 95.05%      
client [82] (testset)   loss: 1.1378 -> 0.5460  accuracy: 73.34% -> 81.49%      
client [45] (testset)   loss: 0.9149 -> 0.4511  accuracy: 79.47% -> 89.19%      
client [7]  (testset)   loss: 0.8119 -> 0.2528  accuracy: 75.86% -> 95.24%      
client [50] (testset)   loss: 0.2095 -> 0.0997  accuracy: 96.47% -> 98.54%      
client [35] (testset)   loss: 0.3904 -> 0.1441  accuracy: 93.24% -> 97.80%      
client [24] (testset)   loss: 0.6644 -> 0.1801  accuracy: 89.78% -> 95.76%      
client [15] (testset)   loss: 0.9770 -> 0.2897  accuracy: 80.85% -> 92.97%      
client [58] (testset)   loss: 0.5822 -> 0.1011  accuracy: 90.29% -> 98.63%      
---------------------------- TRAINING EPOCH: 160 ----------------------------   
client [48] (testset)   loss: 1.3554 -> 0.8101  accuracy: 74.61% -> 82.95%      
client [76] (testset)   loss: 0.4045 -> 0.2067  accuracy: 92.30% -> 96.11%      
client [67] (testset)   loss: 0.9647 -> 0.2354  accuracy: 80.70% -> 94.67%      
client [37] (testset)   loss: 0.8840 -> 0.3081  accuracy: 81.02% -> 92.42%      
client [58] (testset)   loss: 0.6868 -> 0.1124  accuracy: 88.18% -> 98.38%      
client [64] (testset)   loss: 1.1466 -> 0.4363  accuracy: 74.38% -> 90.32%      
client [77] (testset)   loss: 0.3567 -> 0.2069  accuracy: 93.07% -> 96.96%      
client [55] (testset)   loss: 0.9140 -> 0.3602  accuracy: 78.47% -> 91.78%      
client [12] (testset)   loss: 0.6374 -> 0.3255  accuracy: 89.66% -> 95.27%      
client [89] (testset)   loss: 0.7118 -> 0.4738  accuracy: 82.34% -> 88.83%      
---------------------------- TRAINING EPOCH: 170 ----------------------------   
client [84] (testset)   loss: 0.8468 -> 0.2070  accuracy: 84.13% -> 95.90%      
client [51] (testset)   loss: 1.0499 -> 0.3595  accuracy: 80.43% -> 95.17%      
client [8]  (testset)   loss: 1.1005 -> 0.3319  accuracy: 82.56% -> 93.13%      
client [18] (testset)   loss: 0.5759 -> 0.2382  accuracy: 88.69% -> 95.63%      
client [94] (testset)   loss: 0.5441 -> 0.1903  accuracy: 91.65% -> 96.56%      
client [81] (testset)   loss: 0.7301 -> 0.5379  accuracy: 83.90% -> 88.20%      
client [3]  (testset)   loss: 0.4436 -> 0.1974  accuracy: 93.33% -> 96.81%      
client [11] (testset)   loss: 0.8052 -> 0.1883  accuracy: 87.38% -> 96.07%      
client [95] (testset)   loss: 1.2483 -> 0.2251  accuracy: 79.25% -> 96.41%      
client [67] (testset)   loss: 0.4551 -> 0.2142  accuracy: 90.62% -> 94.30%      
---------------------------- TRAINING EPOCH: 180 ----------------------------   
client [21] (testset)   loss: 0.5599 -> 0.2165  accuracy: 90.15% -> 95.93%      
client [79] (testset)   loss: 1.5909 -> 0.4266  accuracy: 74.32% -> 93.79%      
client [58] (testset)   loss: 0.3196 -> 0.1240  accuracy: 94.50% -> 98.61%      
client [88] (testset)   loss: 1.2387 -> 0.4093  accuracy: 75.90% -> 91.22%      
client [46] (testset)   loss: 0.2899 -> 0.1198  accuracy: 95.44% -> 98.21%      
client [11] (testset)   loss: 0.6121 -> 0.1973  accuracy: 89.17% -> 96.34%      
client [55] (testset)   loss: 0.8186 -> 0.4347  accuracy: 81.96% -> 91.01%      
client [13] (testset)   loss: 0.4072 -> 0.1358  accuracy: 93.20% -> 98.22%      
client [31] (testset)   loss: 0.6383 -> 0.2763  accuracy: 87.51% -> 94.65%      
client [75] (testset)   loss: 0.5973 -> 0.2606  accuracy: 88.82% -> 95.06%      
---------------------------- TRAINING EPOCH: 190 ----------------------------   
client [19] (testset)   loss: 0.5486 -> 0.2995  accuracy: 88.98% -> 95.54%      
client [7]  (testset)   loss: 0.6749 -> 0.2891  accuracy: 87.21% -> 95.37%      
client [57] (testset)   loss: 0.3196 -> 0.1361  accuracy: 93.88% -> 98.18%      
client [13] (testset)   loss: 0.4142 -> 0.1540  accuracy: 94.22% -> 97.97%      
client [43] (testset)   loss: 0.7959 -> 0.4613  accuracy: 86.72% -> 92.13%      
client [91] (testset)   loss: 0.4303 -> 0.1351  accuracy: 90.82% -> 98.15%      
client [10] (testset)   loss: 1.1032 -> 0.3687  accuracy: 72.87% -> 90.91%      
client [64] (testset)   loss: 0.7305 -> 0.5242  accuracy: 88.61% -> 90.89%      
client [82] (testset)   loss: 1.0797 -> 0.7817  accuracy: 77.60% -> 79.91%      
client [22] (testset)   loss: 0.5764 -> 0.3517  accuracy: 92.53% -> 94.65%      
---------------------------- TRAINING EPOCH: 200 ----------------------------   
client [20] (testset)   loss: 0.4487 -> 0.3360  accuracy: 91.73% -> 94.26%      
client [23] (testset)   loss: 1.7720 -> 0.6036  accuracy: 68.94% -> 83.69%      
client [88] (testset)   loss: 0.6175 -> 0.4274  accuracy: 87.63% -> 92.37%      
client [98] (testset)   loss: 0.4085 -> 0.1642  accuracy: 94.52% -> 96.55%      
client [79] (testset)   loss: 0.9756 -> 0.4986  accuracy: 81.05% -> 92.21%      
client [21] (testset)   loss: 0.8290 -> 0.2475  accuracy: 85.07% -> 95.57%      
client [92] (testset)   loss: 0.8911 -> 0.3610  accuracy: 84.23% -> 94.52%      
client [56] (testset)   loss: 0.5026 -> 0.1231  accuracy: 91.70% -> 98.32%      
client [5]  (testset)   loss: 0.9943 -> 0.2611  accuracy: 84.17% -> 95.30%      
client [52] (testset)   loss: 3.6829 -> 0.4504  accuracy: 49.83% -> 91.28%      
---------------------------- TRAINING EPOCH: 210 ----------------------------   
client [67] (testset)   loss: 0.5191 -> 0.2768  accuracy: 89.34% -> 94.49%      
client [54] (testset)   loss: 0.7115 -> 0.2274  accuracy: 87.69% -> 95.40%      
client [14] (testset)   loss: 0.5908 -> 0.3224  accuracy: 92.02% -> 95.65%      
client [99] (testset)   loss: 0.3443 -> 0.1998  accuracy: 93.70% -> 96.42%      
client [36] (testset)   loss: 1.3601 -> 0.2363  accuracy: 78.56% -> 95.93%      
client [30] (testset)   loss: 0.7184 -> 0.3492  accuracy: 88.31% -> 94.52%      
client [38] (testset)   loss: 0.5918 -> 0.2135  accuracy: 88.62% -> 96.72%      
client [15] (testset)   loss: 0.9243 -> 0.3416  accuracy: 83.55% -> 92.93%      
client [6]  (testset)   loss: 0.7171 -> 0.2756  accuracy: 87.58% -> 95.67%      
client [53] (testset)   loss: 0.5781 -> 0.2504  accuracy: 92.39% -> 97.21%      
---------------------------- TRAINING EPOCH: 220 ----------------------------   
client [99] (testset)   loss: 0.5500 -> 0.2059  accuracy: 89.55% -> 96.33%      
client [6]  (testset)   loss: 1.2323 -> 0.3431  accuracy: 80.70% -> 95.24%      
client [83] (testset)   loss: 0.5848 -> 0.3101  accuracy: 89.89% -> 96.14%      
client [42] (testset)   loss: 0.5658 -> 0.4024  accuracy: 92.13% -> 94.19%      
client [34] (testset)   loss: 0.3790 -> 0.2524  accuracy: 95.53% -> 97.20%      
client [15] (testset)   loss: 0.9004 -> 0.3604  accuracy: 86.02% -> 92.45%      
client [47] (testset)   loss: 0.7045 -> 0.3585  accuracy: 87.09% -> 93.93%      
client [55] (testset)   loss: 0.9293 -> 0.5116  accuracy: 82.03% -> 91.01%      
client [51] (testset)   loss: 0.9243 -> 0.4044  accuracy: 84.72% -> 94.87%      
client [95] (testset)   loss: 0.9269 -> 0.2543  accuracy: 84.70% -> 97.04%      
---------------------------- TRAINING EPOCH: 230 ----------------------------   
client [71] (testset)   loss: 0.4914 -> 0.1658  accuracy: 91.31% -> 97.33%      
client [15] (testset)   loss: 1.3951 -> 0.3639  accuracy: 89.63% -> 92.81%      
client [33] (testset)   loss: 0.4065 -> 0.1717  accuracy: 93.35% -> 97.72%      
client [99] (testset)   loss: 0.3826 -> 0.2371  accuracy: 92.81% -> 95.96%      
client [90] (testset)   loss: 0.7240 -> 0.3978  accuracy: 84.10% -> 93.08%      
client [57] (testset)   loss: 0.3983 -> 0.1366  accuracy: 93.13% -> 98.28%      
client [27] (testset)   loss: 0.3350 -> 0.1786  accuracy: 94.37% -> 97.08%      
client [78] (testset)   loss: 1.0121 -> 0.4108  accuracy: 84.79% -> 93.48%      
client [36] (testset)   loss: 1.0000 -> 0.2311  accuracy: 85.26% -> 96.33%      
client [88] (testset)   loss: 0.8200 -> 0.4858  accuracy: 85.18% -> 92.59%      
---------------------------- TRAINING EPOCH: 240 ----------------------------   
client [70] (testset)   loss: 1.2673 -> 0.7056  accuracy: 81.51% -> 90.50%      
client [35] (testset)   loss: 0.2978 -> 0.1772  accuracy: 96.00% -> 97.80%      
client [16] (testset)   loss: 0.7016 -> 0.5587  accuracy: 89.21% -> 92.21%      
client [80] (testset)   loss: 0.3963 -> 0.1634  accuracy: 93.39% -> 97.68%      
client [38] (testset)   loss: 0.3487 -> 0.2453  accuracy: 93.23% -> 96.41%      
client [78] (testset)   loss: 0.9325 -> 0.4562  accuracy: 88.44% -> 93.17%      
client [68] (testset)   loss: 0.8352 -> 0.3201  accuracy: 87.62% -> 95.24%      
client [11] (testset)   loss: 0.5126 -> 0.2371  accuracy: 91.79% -> 96.00%      
client [64] (testset)   loss: 0.7915 -> 0.5717  accuracy: 87.29% -> 90.70%      
client [82] (testset)   loss: 1.0450 -> 0.9558  accuracy: 76.83% -> 78.96%      
---------------------------- TRAINING EPOCH: 250 ----------------------------   
client [30] (testset)   loss: 0.7234 -> 0.3636  accuracy: 88.25% -> 94.70%      
client [27] (testset)   loss: 0.5238 -> 0.1913  accuracy: 91.84% -> 97.25%      
client [74] (testset)   loss: 1.3538 -> 0.2206  accuracy: 80.66% -> 96.31%      
client [45] (testset)   loss: 1.8181 -> 0.6155  accuracy: 73.37% -> 88.83%      
client [6]  (testset)   loss: 1.0526 -> 0.3469  accuracy: 85.88% -> 95.39%      
client [36] (testset)   loss: 1.3543 -> 0.2802  accuracy: 80.45% -> 95.53%      
client [63] (testset)   loss: 0.5260 -> 0.2496  accuracy: 90.36% -> 96.86%      
client [76] (testset)   loss: 0.8317 -> 0.2736  accuracy: 86.95% -> 95.97%      
client [83] (testset)   loss: 0.6470 -> 0.2988  accuracy: 88.41% -> 95.95%      
client [86] (testset)   loss: 1.2710 -> 0.4449  accuracy: 80.00% -> 92.57%      
---------------------------- TRAINING EPOCH: 260 ----------------------------   
client [83] (testset)   loss: 0.5874 -> 0.3043  accuracy: 89.66% -> 96.09%      
client [99] (testset)   loss: 0.3900 -> 0.2336  accuracy: 94.14% -> 96.10%      
client [74] (testset)   loss: 0.7762 -> 0.2248  accuracy: 86.28% -> 96.42%      
client [73] (testset)   loss: 0.9477 -> 0.4127  accuracy: 85.83% -> 93.81%      
client [29] (testset)   loss: 0.4771 -> 0.3563  accuracy: 91.60% -> 93.72%      
client [92] (testset)   loss: 0.7921 -> 0.4396  accuracy: 86.16% -> 94.09%      
client [6]  (testset)   loss: 1.0803 -> 0.3523  accuracy: 80.48% -> 95.24%      
client [61] (testset)   loss: 0.9930 -> 0.5959  accuracy: 83.97% -> 89.18%      
client [21] (testset)   loss: 0.9573 -> 0.2859  accuracy: 84.77% -> 95.46%      
client [67] (testset)   loss: 0.4175 -> 0.3163  accuracy: 92.10% -> 95.22%      
---------------------------- TRAINING EPOCH: 270 ----------------------------   
client [83] (testset)   loss: 0.8608 -> 0.3291  accuracy: 85.01% -> 96.05%      
client [32] (testset)   loss: 0.7417 -> 0.3096  accuracy: 89.23% -> 94.70%      
client [95] (testset)   loss: 0.5696 -> 0.3089  accuracy: 92.78% -> 96.61%      
client [61] (testset)   loss: 1.4354 -> 0.6385  accuracy: 80.02% -> 89.45%      
client [27] (testset)   loss: 0.7877 -> 0.1950  accuracy: 88.74% -> 96.95%      
client [25] (testset)   loss: 0.4257 -> 0.1562  accuracy: 91.66% -> 97.26%      
client [68] (testset)   loss: 0.8848 -> 0.3680  accuracy: 84.97% -> 94.92%      
client [34] (testset)   loss: 0.4666 -> 0.2568  accuracy: 94.06% -> 96.57%      
client [71] (testset)   loss: 0.3763 -> 0.1976  accuracy: 95.02% -> 97.39%      
client [89] (testset)   loss: 0.8837 -> 0.6639  accuracy: 83.59% -> 88.94%      
---------------------------- TRAINING EPOCH: 280 ----------------------------   
client [78] (testset)   loss: 0.6141 -> 0.5033  accuracy: 90.30% -> 93.02%      
client [81] (testset)   loss: 0.9742 -> 0.7521  accuracy: 83.21% -> 88.41%      
client [51] (testset)   loss: 0.6770 -> 0.4348  accuracy: 89.61% -> 94.32%      
client [54] (testset)   loss: 2.2110 -> 0.3361  accuracy: 69.15% -> 94.53%      
client [65] (testset)   loss: 0.9418 -> 0.6190  accuracy: 83.36% -> 90.15%      
client [41] (testset)   loss: 1.1851 -> 0.5602  accuracy: 85.96% -> 92.04%      
client [11] (testset)   loss: 0.7590 -> 0.2597  accuracy: 90.76% -> 96.00%      
client [85] (testset)   loss: 0.6025 -> 0.4216  accuracy: 90.14% -> 94.92%      
client [12] (testset)   loss: 0.8446 -> 0.4285  accuracy: 87.80% -> 94.40%      
client [23] (testset)   loss: 1.7107 -> 0.8508  accuracy: 76.91% -> 83.34%      
---------------------------- TRAINING EPOCH: 290 ----------------------------   
client [16] (testset)   loss: 0.7093 -> 0.5719  accuracy: 88.16% -> 92.38%      
client [65] (testset)   loss: 1.0747 -> 0.5745  accuracy: 82.73% -> 90.64%      
client [53] (testset)   loss: 0.6489 -> 0.3017  accuracy: 92.05% -> 96.72%      
client [58] (testset)   loss: 0.2449 -> 0.1767  accuracy: 96.99% -> 98.28%      
client [72] (testset)   loss: 0.7979 -> 0.5998  accuracy: 91.29% -> 93.84%      
client [7]  (testset)   loss: 0.4298 -> 0.3674  accuracy: 92.95% -> 95.30%      
client [71] (testset)   loss: 0.2823 -> 0.2003  accuracy: 96.37% -> 97.37%      
client [59] (testset)   loss: 0.5682 -> 0.4752  accuracy: 91.61% -> 92.43%      
client [86] (testset)   loss: 1.7630 -> 0.6300  accuracy: 74.87% -> 90.79%      
client [39] (testset)   loss: 0.5487 -> 0.2446  accuracy: 91.47% -> 96.49%      
---------------------------- TRAINING EPOCH: 300 ----------------------------   
client [99] (testset)   loss: 0.5612 -> 0.2435  accuracy: 89.81% -> 95.87%      
client [7]  (testset)   loss: 0.5454 -> 0.3922  accuracy: 92.11% -> 94.59%      
client [17] (testset)   loss: 0.8494 -> 0.5826  accuracy: 88.98% -> 92.92%      
client [64] (testset)   loss: 0.8162 -> 0.7292  accuracy: 88.05% -> 90.70%      
client [37] (testset)   loss: 0.7904 -> 0.4430  accuracy: 86.02% -> 92.95%      
client [29] (testset)   loss: 0.9126 -> 0.4019  accuracy: 83.87% -> 93.57%      
client [93] (testset)   loss: 0.6357 -> 0.3370  accuracy: 92.50% -> 95.77%      
client [73] (testset)   loss: 0.7559 -> 0.4675  accuracy: 89.85% -> 93.87%      
client [40] (testset)   loss: 0.6754 -> 0.1990  accuracy: 90.79% -> 96.73%      
client [76] (testset)   loss: 1.0393 -> 0.2970  accuracy: 81.89% -> 95.60%      
---------------------------- TRAINING EPOCH: 310 ----------------------------   
client [31] (testset)   loss: 0.7711 -> 0.4116  accuracy: 89.00% -> 94.31%      
client [89] (testset)   loss: 0.8932 -> 0.7749  accuracy: 83.96% -> 88.28%      
client [77] (testset)   loss: 0.5728 -> 0.3109  accuracy: 92.36% -> 96.37%      
client [90] (testset)   loss: 0.6251 -> 0.4911  accuracy: 90.39% -> 93.00%      
client [26] (testset)   loss: 1.1634 -> 0.5288  accuracy: 76.90% -> 92.89%      
client [50] (testset)   loss: 0.2070 -> 0.1699  accuracy: 97.81% -> 98.23%      
client [30] (testset)   loss: 0.8533 -> 0.4185  accuracy: 89.77% -> 93.91%      
client [70] (testset)   loss: 0.9252 -> 0.7045  accuracy: 89.60% -> 91.14%      
client [41] (testset)   loss: 0.6894 -> 0.5814  accuracy: 89.59% -> 91.54%      
client [99] (testset)   loss: 0.5754 -> 0.2738  accuracy: 90.53% -> 95.87%      
---------------------------- TRAINING EPOCH: 320 ----------------------------   
client [68] (testset)   loss: 0.7674 -> 0.4345  accuracy: 89.74% -> 94.71%      
client [70] (testset)   loss: 0.9893 -> 0.7871  accuracy: 90.12% -> 90.76%      
client [52] (testset)   loss: 1.4938 -> 0.6682  accuracy: 80.45% -> 91.96%      
client [1]  (testset)   loss: 0.7046 -> 0.3571  accuracy: 89.76% -> 95.47%      
client [2]  (testset)   loss: 0.5321 -> 0.2408  accuracy: 94.18% -> 96.89%      
client [67] (testset)   loss: 0.6922 -> 0.3902  accuracy: 88.24% -> 94.12%      
client [92] (testset)   loss: 0.6012 -> 0.4660  accuracy: 90.24% -> 94.11%      
client [35] (testset)   loss: 0.4249 -> 0.2039  accuracy: 95.00% -> 97.88%      
client [36] (testset)   loss: 3.2583 -> 0.3356  accuracy: 61.58% -> 95.76%      
client [64] (testset)   loss: 1.0513 -> 0.7059  accuracy: 83.49% -> 90.51%      
---------------------------- TRAINING EPOCH: 330 ----------------------------   
client [44] (testset)   loss: 1.4244 -> 0.5048  accuracy: 79.47% -> 91.91%      
client [6]  (testset)   loss: 0.9799 -> 0.3772  accuracy: 85.02% -> 94.82%      
client [12] (testset)   loss: 1.0133 -> 0.4763  accuracy: 88.67% -> 93.65%      
client [55] (testset)   loss: 0.7952 -> 0.6237  accuracy: 89.55% -> 91.50%      
client [29] (testset)   loss: 0.5805 -> 0.4326  accuracy: 90.82% -> 93.98%      
client [9]  (testset)   loss: 0.3845 -> 0.2637  accuracy: 94.83% -> 96.12%      
client [43] (testset)   loss: 0.9388 -> 0.5760  accuracy: 86.59% -> 90.65%      
client [77] (testset)   loss: 0.3551 -> 0.2862  accuracy: 95.08% -> 96.44%      
client [98] (testset)   loss: 0.2674 -> 0.2189  accuracy: 96.04% -> 96.04%      
client [78] (testset)   loss: 1.0270 -> 0.5639  accuracy: 88.05% -> 92.86%      
---------------------------- TRAINING EPOCH: 340 ----------------------------   
client [92] (testset)   loss: 0.8588 -> 0.4977  accuracy: 87.04% -> 94.11%      
client [80] (testset)   loss: 0.5289 -> 0.1738  accuracy: 91.11% -> 97.41%      
client [63] (testset)   loss: 0.5094 -> 0.2760  accuracy: 93.18% -> 96.75%      
client [76] (testset)   loss: 1.2207 -> 0.3246  accuracy: 81.74% -> 95.75%      
client [78] (testset)   loss: 1.2812 -> 0.5053  accuracy: 86.04% -> 93.10%      
client [25] (testset)   loss: 0.4409 -> 0.1476  accuracy: 91.88% -> 97.26%      
client [58] (testset)   loss: 0.3421 -> 0.1728  accuracy: 95.64% -> 98.26%      
client [13] (testset)   loss: 0.4071 -> 0.2050  accuracy: 94.85% -> 98.03%      
client [17] (testset)   loss: 1.0146 -> 0.6307  accuracy: 86.10% -> 92.16%      
client [38] (testset)   loss: 0.4622 -> 0.2825  accuracy: 92.62% -> 96.41%      
---------------------------- TRAINING EPOCH: 350 ----------------------------   
client [72] (testset)   loss: 1.2130 -> 0.7677  accuracy: 88.29% -> 92.34%      
client [82] (testset)   loss: 1.2632 -> 1.2029  accuracy: 78.04% -> 80.02%      
client [86] (testset)   loss: 2.0103 -> 0.6277  accuracy: 72.77% -> 91.41%      
client [51] (testset)   loss: 1.3619 -> 0.4843  accuracy: 79.65% -> 93.96%      
client [96] (testset)   loss: 0.4495 -> 0.3589  accuracy: 93.87% -> 96.16%      
client [42] (testset)   loss: 0.6673 -> 0.4843  accuracy: 91.70% -> 93.82%      
client [55] (testset)   loss: 0.8698 -> 0.6846  accuracy: 87.60% -> 91.08%      
client [13] (testset)   loss: 0.3550 -> 0.2189  accuracy: 95.49% -> 97.65%      
client [1]  (testset)   loss: 0.8953 -> 0.3835  accuracy: 86.83% -> 95.04%      
client [12] (testset)   loss: 1.0577 -> 0.4730  accuracy: 85.31% -> 93.65%      
---------------------------- TRAINING EPOCH: 360 ----------------------------   
client [68] (testset)   loss: 0.6334 -> 0.4573  accuracy: 92.70% -> 94.81%      
client [23] (testset)   loss: 1.3087 -> 0.9899  accuracy: 79.53% -> 83.75%      
client [46] (testset)   loss: 0.5057 -> 0.1949  accuracy: 91.94% -> 97.72%      
client [41] (testset)   loss: 0.9045 -> 0.6548  accuracy: 87.77% -> 91.35%      
client [25] (testset)   loss: 0.2929 -> 0.1853  accuracy: 94.18% -> 96.82%      
client [58] (testset)   loss: 0.4297 -> 0.2118  accuracy: 95.25% -> 98.11%      
client [14] (testset)   loss: 0.8023 -> 0.4799  accuracy: 88.16% -> 94.50%      
client [33] (testset)   loss: 0.6466 -> 0.2151  accuracy: 90.85% -> 97.82%      
client [85] (testset)   loss: 0.7882 -> 0.4780  accuracy: 87.21% -> 94.66%      
client [62] (testset)   loss: 0.6584 -> 0.3736  accuracy: 92.46% -> 95.90%      
---------------------------- TRAINING EPOCH: 370 ----------------------------   
client [98] (testset)   loss: 0.2466 -> 0.2452  accuracy: 96.40% -> 96.50%      
client [63] (testset)   loss: 0.6845 -> 0.3238  accuracy: 88.57% -> 96.44%      
client [70] (testset)   loss: 1.1731 -> 0.7944  accuracy: 82.67% -> 90.50%      
client [65] (testset)   loss: 1.7782 -> 0.6715  accuracy: 76.01% -> 90.64%      
client [14] (testset)   loss: 0.6762 -> 0.4635  accuracy: 91.30% -> 94.68%      
client [73] (testset)   loss: 0.9064 -> 0.4946  accuracy: 87.75% -> 94.12%      
client [34] (testset)   loss: 0.3989 -> 0.3236  accuracy: 95.49% -> 96.27%      
client [99] (testset)   loss: 0.6495 -> 0.2922  accuracy: 90.67% -> 95.67%      
client [69] (testset)   loss: 0.7732 -> 0.4751  accuracy: 90.10% -> 93.93%      
client [46] (testset)   loss: 0.3166 -> 0.1919  accuracy: 96.30% -> 97.44%      
---------------------------- TRAINING EPOCH: 380 ----------------------------   
client [99] (testset)   loss: 0.9356 -> 0.2749  accuracy: 86.86% -> 95.99%      
client [93] (testset)   loss: 0.7661 -> 0.3512  accuracy: 90.33% -> 95.77%      
client [11] (testset)   loss: 0.7362 -> 0.3190  accuracy: 92.28% -> 96.21%      
client [58] (testset)   loss: 0.3200 -> 0.2106  accuracy: 96.86% -> 98.03%      
client [81] (testset)   loss: 1.0896 -> 0.8483  accuracy: 83.66% -> 88.20%      
client [85] (testset)   loss: 0.9647 -> 0.4952  accuracy: 85.10% -> 94.47%      
client [89] (testset)   loss: 1.0546 -> 0.8669  accuracy: 85.13% -> 88.57%      
client [45] (testset)   loss: 1.0017 -> 0.7515  accuracy: 84.00% -> 88.89%      
client [8]  (testset)   loss: 0.7558 -> 0.5239  accuracy: 87.55% -> 92.72%      
client [68] (testset)   loss: 0.6595 -> 0.4707  accuracy: 91.96% -> 95.03%      
---------------------------- TRAINING EPOCH: 390 ----------------------------   
client [67] (testset)   loss: 0.4983 -> 0.3491  accuracy: 90.99% -> 94.12%      
client [72] (testset)   loss: 0.8956 -> 0.6638  accuracy: 91.44% -> 93.24%      
client [1]  (testset)   loss: 0.8624 -> 0.3853  accuracy: 88.53% -> 95.19%      
client [78] (testset)   loss: 1.4785 -> 0.6533  accuracy: 82.23% -> 92.86%      
client [83] (testset)   loss: 0.7692 -> 0.4444  accuracy: 89.24% -> 95.22%      
client [21] (testset)   loss: 0.7526 -> 0.3704  accuracy: 90.12% -> 95.42%      
client [56] (testset)   loss: 0.4783 -> 0.2403  accuracy: 95.16% -> 97.92%      
client [44] (testset)   loss: 0.8886 -> 0.5793  accuracy: 87.34% -> 91.70%      
client [92] (testset)   loss: 0.6638 -> 0.5597  accuracy: 92.03% -> 93.96%      
client [27] (testset)   loss: 0.4726 -> 0.2503  accuracy: 93.76% -> 97.16%      
---------------------------- TRAINING EPOCH: 400 ----------------------------   
client [10] (testset)   loss: 0.5815 -> 0.5240  accuracy: 89.65% -> 90.35%      
client [39] (testset)   loss: 0.5790 -> 0.2916  accuracy: 93.28% -> 96.25%      
client [65] (testset)   loss: 2.2512 -> 0.6996  accuracy: 71.64% -> 91.05%      
client [26] (testset)   loss: 1.2177 -> 0.6014  accuracy: 84.32% -> 93.15%      
client [19] (testset)   loss: 0.7133 -> 0.4360  accuracy: 88.94% -> 95.07%      
client [68] (testset)   loss: 0.9545 -> 0.5296  accuracy: 88.25% -> 94.39%      
client [41] (testset)   loss: 1.0005 -> 0.6820  accuracy: 88.65% -> 91.22%      
client [50] (testset)   loss: 0.2450 -> 0.2068  accuracy: 97.75% -> 98.17%      
client [75] (testset)   loss: 0.6785 -> 0.4081  accuracy: 89.76% -> 94.00%      
client [81] (testset)   loss: 1.0235 -> 0.8788  accuracy: 86.24% -> 88.37%      
Training... ━━━━━━━━━━━━━━━━━━━━━━━━━━━━━━━━━━━━━━━━ 100% 1:55:20
PSFL's average time taken by each global epoch: 0 min 17.21 sec.                
PSFL's total running time: 1 h 55 m 20 s.                                       
==================== PSFL Experiment Results: ====================              
Display format: (before local fine-tuning) -> (after local fine-tuning)         
 So if finetune_epoch = 0, x.xx% -> 0.00% is normal.                            
 Centralized testing ONLY happens after model aggregation, so the stats between 
'->' are the same.                                                              
{                                                                               
    "100": {                                                                    
        "all_clients": {                                                        
            "test": {                                                           
                "loss": "0.6417 -> 0.0000",                                     
                "accuracy": "84.84% -> 0.00%"                                   
            }                                                                   
        }                                                                       
    },                                                                          
    "200": {                                                                    
        "all_clients": {                                                        
            "test": {                                                           
                "loss": "0.6984 -> 0.0000",                                     
                "accuracy": "87.99% -> 0.00%"                                   
            }                                                                   
        }                                                                       
    },                                                                          
    "300": {                                                                    
        "all_clients": {                                                        
            "test": {                                                           
                "loss": "0.7339 -> 0.0000",                                     
                "accuracy": "89.00% -> 0.00%"                                   
            }                                                                   
        }                                                                       
    },                                                                          
    "400": {                                                                    
        "all_clients": {                                                        
            "test": {                                                           
                "loss": "0.7202 -> 0.0000",                                     
                "accuracy": "90.57% -> 0.00%"                                   
            }                                                                   
        }                                                                       
    }                                                                           
}                                                                               
==================== PSFL Max Accuracy ====================                     
all_clients:                                                                    
(test) before fine-tuning: 90.57% at epoch 400                                  
(test) after fine-tuning: 0.00% at epoch 100                                    
