==================== PSFL ====================                                  
Experiment Arguments:                                                           
{
│   'method': 'psfl',
│   'dataset': {
│   │   'name': 'fmnist',
│   │   'client_num': 100,
│   │   'test_ratio': 0.25,
│   │   'val_ratio': 0.0,
│   │   'seed': 42,
│   │   'split': 'sample',
│   │   'IID_ratio': 0.0,
│   │   'monitor_window_name_suffix': 'fmnist-100clients-0%IID-Dir(0.1)-seed42',
│   │   'alpha': 0.1,
│   │   'min_samples_per_client': 10
│   },
│   'model': {
│   │   'name': 'avgcnn',
│   │   'use_torchvision_pretrained_weights': True,
│   │   'external_model_weights_path': None
│   },
│   'optimizer': {
│   │   'lr': 0.01,
│   │   'dampening': 0,
│   │   'weight_decay': 0,
│   │   'momentum': 0,
│   │   'nesterov': False,
│   │   'name': 'sgd'
│   },
│   'mode': 'sequential',
│   'parallel': {
│   │   'ray_cluster_addr': None,
│   │   'num_cpus': None,
│   │   'num_gpus': None,
│   │   'num_workers': 2
│   },
│   'common': {
│   │   'seed': 42,
│   │   'join_ratio': 0.1,
│   │   'global_epoch': 400,
│   │   'local_epoch': 5,
│   │   'batch_size': 32,
│   │   'reset_optimizer_on_global_epoch': True,
│   │   'straggler_ratio': 0,
│   │   'straggler_min_local_epoch': 0,
│   │   'buffers': 'global',
│   │   'client_side_evaluation': True,
│   │   'test': {
│   │   │   'client': {
│   │   │   │   'interval': 100,
│   │   │   │   'finetune_epoch': 0,
│   │   │   │   'train': False,
│   │   │   │   'val': False,
│   │   │   │   'test': True
│   │   │   },
│   │   │   'server': {
│   │   │   │   'interval': -1,
│   │   │   │   'train': False,
│   │   │   │   'val': False,
│   │   │   │   'test': False,
│   │   │   │   'model_in_train_mode': False
│   │   │   }
│   │   },
│   │   'verbose_gap': 10,
│   │   'monitor': None,
│   │   'use_cuda': True,
│   │   'save_log': True,
│   │   'save_model': False,
│   │   'save_learning_curve_plot': False,
│   │   'save_metrics': True,
│   │   'delete_useless_run': True
│   },
│   'psfl': {
│   │   'alpha': 0.0,
│   │   'CLS': False,
│   │   'ig_ratio': 0.99999,
│   │   'track': False,
│   │   'score': 'obp'
│   }
}
---------------------------- TRAINING EPOCH: 10 ----------------------------    
client [77] (testset)   loss: 0.2292 -> 0.0389  accuracy: 90.67% -> 98.96%      
client [81] (testset)   loss: 0.3509 -> 0.0209  accuracy: 87.04% -> 100.00%     
client [21] (testset)   loss: 0.3464 -> 0.1915  accuracy: 88.82% -> 93.79%      
client [68] (testset)   loss: 0.5119 -> 0.1621  accuracy: 79.09% -> 94.55%      
client [93] (testset)   loss: 1.7921 -> 0.0277  accuracy: 44.07% -> 98.31%      
client [31] (testset)   loss: 0.6864 -> 0.1934  accuracy: 75.38% -> 92.31%      
client [20] (testset)   loss: 0.1796 -> 0.0457  accuracy: 95.43% -> 98.66%      
client [59] (testset)   loss: 0.7133 -> 0.3378  accuracy: 88.32% -> 89.78%      
client [48] (testset)   loss: 0.5202 -> 0.0143  accuracy: 87.34% -> 100.00%     
client [34] (testset)   loss: 0.4264 -> 0.2336  accuracy: 92.31% -> 96.15%      
---------------------------- TRAINING EPOCH: 20 ----------------------------    
client [69] (testset)   loss: 0.3038 -> 0.1209  accuracy: 89.51% -> 95.68%      
client [99] (testset)   loss: 2.0380 -> 0.0464  accuracy: 36.84% -> 98.42%      
client [67] (testset)   loss: 3.1803 -> 0.1294  accuracy: 10.31% -> 96.22%      
client [0]  (testset)   loss: 4.4151 -> 0.2229  accuracy: 12.24% -> 91.84%      
client [76] (testset)   loss: 0.7240 -> 0.3160  accuracy: 86.67% -> 93.33%      
client [41] (testset)   loss: 0.4117 -> 0.1758  accuracy: 90.32% -> 94.35%      
client [62] (testset)   loss: 0.5002 -> 0.2961  accuracy: 85.00% -> 95.00%      
client [2]  (testset)   loss: 1.8905 -> 0.0087  accuracy: 40.04% -> 99.78%      
client [14] (testset)   loss: 1.6511 -> 0.3138  accuracy: 57.86% -> 90.00%      
client [46] (testset)   loss: 1.1049 -> 0.2261  accuracy: 59.38% -> 91.67%      
---------------------------- TRAINING EPOCH: 30 ----------------------------    
client [24] (testset)   loss: 0.3308 -> 0.2850  accuracy: 89.14% -> 89.71%      
client [68] (testset)   loss: 1.0882 -> 0.1525  accuracy: 61.82% -> 96.36%      
client [57] (testset)   loss: 0.2642 -> 0.0235  accuracy: 93.07% -> 99.64%      
client [17] (testset)   loss: 3.1508 -> 0.1054  accuracy: 37.97% -> 97.33%      
client [54] (testset)   loss: 0.7060 -> 0.1447  accuracy: 79.22% -> 92.21%      
client [23] (testset)   loss: 0.5588 -> 0.0860  accuracy: 75.76% -> 96.97%      
client [35] (testset)   loss: 0.1405 -> 0.0133  accuracy: 93.24% -> 100.00%     
client [59] (testset)   loss: 1.0637 -> 0.2731  accuracy: 60.58% -> 90.51%      
client [31] (testset)   loss: 0.4876 -> 0.1263  accuracy: 83.08% -> 96.92%      
client [9]  (testset)   loss: 0.4649 -> 0.0901  accuracy: 87.15% -> 95.83%      
---------------------------- TRAINING EPOCH: 40 ----------------------------    
client [64] (testset)   loss: 0.8207 -> 0.1237  accuracy: 73.68% -> 96.99%      
client [33] (testset)   loss: 0.3764 -> 0.0419  accuracy: 90.64% -> 97.66%      
client [16] (testset)   loss: 0.6509 -> 0.0194  accuracy: 78.33% -> 99.17%      
client [44] (testset)   loss: 0.3437 -> 0.0284  accuracy: 87.74% -> 99.06%      
client [8]  (testset)   loss: 1.2471 -> 0.1460  accuracy: 68.15% -> 94.35%      
client [31] (testset)   loss: 0.7104 -> 0.1244  accuracy: 72.31% -> 95.38%      
client [47] (testset)   loss: 0.3469 -> 0.0877  accuracy: 88.26% -> 97.17%      
client [36] (testset)   loss: 0.5803 -> 0.1387  accuracy: 80.79% -> 95.24%      
client [20] (testset)   loss: 0.8627 -> 0.0302  accuracy: 67.47% -> 98.66%      
client [56] (testset)   loss: 1.3108 -> 0.2995  accuracy: 70.59% -> 87.39%      
---------------------------- TRAINING EPOCH: 50 ----------------------------    
client [4]  (testset)   loss: 0.2095 -> 0.0330  accuracy: 93.85% -> 99.23%      
client [60] (testset)   loss: 2.0561 -> 0.1328  accuracy: 40.22% -> 95.94%      
client [28] (testset)   loss: 0.0497 -> 0.0015  accuracy: 100.00% -> 100.00%    
client [25] (testset)   loss: 0.6234 -> 0.0207  accuracy: 83.65% -> 99.04%      
client [58] (testset)   loss: 0.1425 -> 0.0455  accuracy: 94.39% -> 99.49%      
client [44] (testset)   loss: 0.3441 -> 0.0433  accuracy: 89.62% -> 99.06%      
client [39] (testset)   loss: 0.2585 -> 0.0241  accuracy: 93.33% -> 100.00%     
client [29] (testset)   loss: 0.5625 -> 0.2277  accuracy: 83.54% -> 87.34%      
client [3]  (testset)   loss: 0.3149 -> 0.1289  accuracy: 88.33% -> 95.72%      
client [84] (testset)   loss: 1.0467 -> 0.0066  accuracy: 64.20% -> 100.00%     
---------------------------- TRAINING EPOCH: 60 ----------------------------    
client [21] (testset)   loss: 0.3564 -> 0.1740  accuracy: 91.30% -> 95.03%      
client [84] (testset)   loss: 0.6652 -> 0.0178  accuracy: 75.31% -> 98.77%      
client [10] (testset)   loss: 0.5967 -> 0.0422  accuracy: 82.35% -> 97.06%      
client [36] (testset)   loss: 0.2527 -> 0.1329  accuracy: 90.64% -> 95.89%      
client [65] (testset)   loss: 0.2497 -> 0.1893  accuracy: 93.75% -> 93.75%      
client [81] (testset)   loss: 1.1807 -> 0.0054  accuracy: 59.26% -> 100.00%     
client [79] (testset)   loss: 0.4438 -> 0.1346  accuracy: 87.19% -> 96.06%      
client [42] (testset)   loss: 0.2313 -> 0.0455  accuracy: 92.48% -> 98.91%      
client [11] (testset)   loss: 1.4704 -> 0.2990  accuracy: 62.78% -> 90.13%      
client [96] (testset)   loss: 0.9498 -> 0.1551  accuracy: 70.80% -> 94.16%      
---------------------------- TRAINING EPOCH: 70 ----------------------------    
client [8]  (testset)   loss: 0.6451 -> 0.1561  accuracy: 77.08% -> 94.94%      
client [53] (testset)   loss: 0.1010 -> 0.0086  accuracy: 96.39% -> 99.70%      
client [52] (testset)   loss: 0.2985 -> 0.0670  accuracy: 91.53% -> 98.31%      
client [42] (testset)   loss: 0.4642 -> 0.0454  accuracy: 86.42% -> 99.03%      
client [69] (testset)   loss: 0.2026 -> 0.0619  accuracy: 92.59% -> 98.15%      
client [59] (testset)   loss: 0.5366 -> 0.2940  accuracy: 82.48% -> 91.24%      
client [7]  (testset)   loss: 0.2799 -> 0.0130  accuracy: 92.14% -> 99.56%      
client [26] (testset)   loss: 0.0739 -> 0.0381  accuracy: 97.30% -> 98.41%      
client [49] (testset)   loss: 1.7637 -> 0.0248  accuracy: 53.02% -> 99.57%      
client [98] (testset)   loss: 1.9562 -> 0.4332  accuracy: 70.21% -> 93.62%      
---------------------------- TRAINING EPOCH: 80 ----------------------------    
client [98] (testset)   loss: 0.3193 -> 0.3412  accuracy: 93.62% -> 93.62%      
client [47] (testset)   loss: 0.1340 -> 0.0931  accuracy: 95.22% -> 97.61%      
client [21] (testset)   loss: 0.4091 -> 0.1582  accuracy: 88.82% -> 95.03%      
client [77] (testset)   loss: 0.1719 -> 0.0437  accuracy: 96.37% -> 98.96%      
client [95] (testset)   loss: 0.2765 -> 0.1760  accuracy: 85.19% -> 96.30%      
client [91] (testset)   loss: 0.0552 -> 0.0419  accuracy: 100.00% -> 100.00%    
client [14] (testset)   loss: 0.6771 -> 0.2533  accuracy: 81.19% -> 92.14%      
client [99] (testset)   loss: 0.0292 -> 0.0221  accuracy: 99.21% -> 99.74%      
client [20] (testset)   loss: 1.9963 -> 0.0379  accuracy: 45.97% -> 98.92%      
client [39] (testset)   loss: 0.0214 -> 0.0148  accuracy: 100.00% -> 100.00%    
---------------------------- TRAINING EPOCH: 90 ----------------------------    
client [52] (testset)   loss: 0.2708 -> 0.0662  accuracy: 89.83% -> 98.31%      
client [62] (testset)   loss: 0.3223 -> 0.0259  accuracy: 90.00% -> 100.00%     
client [71] (testset)   loss: 0.1277 -> 0.0676  accuracy: 96.74% -> 96.20%      
client [97] (testset)   loss: 0.2146 -> 0.0417  accuracy: 91.77% -> 99.13%      
client [30] (testset)   loss: 0.3189 -> 0.1798  accuracy: 95.19% -> 98.08%      
client [88] (testset)   loss: 1.2532 -> 0.3574  accuracy: 57.32% -> 91.46%      
client [60] (testset)   loss: 1.5588 -> 0.1377  accuracy: 57.20% -> 95.20%      
client [82] (testset)   loss: 0.4744 -> 0.0641  accuracy: 84.59% -> 99.32%      
client [91] (testset)   loss: 0.8684 -> 0.1964  accuracy: 76.92% -> 92.31%      
client [57] (testset)   loss: 0.1915 -> 0.0349  accuracy: 95.62% -> 99.64%      
---------------------------- TRAINING EPOCH: 100 ----------------------------   
client [31] (testset)   loss: 0.6972 -> 0.1931  accuracy: 84.62% -> 92.31%      
client [15] (testset)   loss: 0.7181 -> 0.1466  accuracy: 83.12% -> 95.31%      
client [71] (testset)   loss: 0.1827 -> 0.0464  accuracy: 94.57% -> 97.28%      
client [97] (testset)   loss: 0.0649 -> 0.0340  accuracy: 98.27% -> 99.13%      
client [53] (testset)   loss: 0.0337 -> 0.0139  accuracy: 98.80% -> 99.70%      
client [77] (testset)   loss: 0.0332 -> 0.0200  accuracy: 98.96% -> 98.96%      
client [76] (testset)   loss: 0.3646 -> 0.3355  accuracy: 86.67% -> 86.67%      
client [79] (testset)   loss: 0.2673 -> 0.1453  accuracy: 91.63% -> 97.04%      
client [28] (testset)   loss: 0.0608 -> 0.0001  accuracy: 98.21% -> 100.00%     
client [99] (testset)   loss: 1.0508 -> 0.0288  accuracy: 70.26% -> 99.21%      
---------------------------- TRAINING EPOCH: 110 ----------------------------   
client [97] (testset)   loss: 0.2055 -> 0.0491  accuracy: 96.10% -> 98.27%      
client [86] (testset)   loss: 0.0015 -> 0.0010  accuracy: 100.00% -> 100.00%    
client [34] (testset)   loss: 1.1325 -> 0.0434  accuracy: 73.08% -> 100.00%     
client [73] (testset)   loss: 0.5161 -> 0.0139  accuracy: 85.50% -> 100.00%     
client [5]  (testset)   loss: 1.0301 -> 0.0608  accuracy: 70.00% -> 98.10%      
client [96] (testset)   loss: 0.3145 -> 0.1685  accuracy: 89.78% -> 94.16%      
client [22] (testset)   loss: 0.8791 -> 0.0063  accuracy: 71.13% -> 100.00%     
client [60] (testset)   loss: 0.2467 -> 0.1319  accuracy: 94.83% -> 96.31%      
client [66] (testset)   loss: 0.3948 -> 0.1154  accuracy: 90.84% -> 96.41%      
client [83] (testset)   loss: 0.2029 -> 0.0456  accuracy: 94.27% -> 98.73%      
---------------------------- TRAINING EPOCH: 120 ----------------------------   
client [76] (testset)   loss: 0.3756 -> 0.1998  accuracy: 86.67% -> 93.33%      
client [65] (testset)   loss: 0.4019 -> 0.3008  accuracy: 93.75% -> 96.88%      
client [95] (testset)   loss: 0.7194 -> 0.2608  accuracy: 85.19% -> 94.44%      
client [17] (testset)   loss: 0.4599 -> 0.1445  accuracy: 89.30% -> 95.72%      
client [8]  (testset)   loss: 0.7077 -> 0.1952  accuracy: 81.25% -> 94.64%      
client [35] (testset)   loss: 0.0673 -> 0.0150  accuracy: 98.65% -> 100.00%     
client [98] (testset)   loss: 0.4341 -> 0.4597  accuracy: 91.49% -> 91.49%      
client [53] (testset)   loss: 0.1619 -> 0.0105  accuracy: 94.28% -> 99.70%      
client [43] (testset)   loss: 0.1454 -> 0.1322  accuracy: 95.38% -> 96.92%      
client [64] (testset)   loss: 0.1502 -> 0.0558  accuracy: 95.49% -> 97.74%      
---------------------------- TRAINING EPOCH: 130 ----------------------------   
client [21] (testset)   loss: 1.0140 -> 0.1933  accuracy: 81.37% -> 94.41%      
client [88] (testset)   loss: 0.3506 -> 0.3612  accuracy: 91.46% -> 91.46%      
client [38] (testset)   loss: 0.3026 -> 0.2740  accuracy: 89.61% -> 93.51%      
client [3]  (testset)   loss: 0.2717 -> 0.1213  accuracy: 91.83% -> 97.28%      
client [5]  (testset)   loss: 0.1658 -> 0.0632  accuracy: 94.76% -> 97.62%      
client [41] (testset)   loss: 0.3938 -> 0.1554  accuracy: 91.94% -> 95.56%      
client [7]  (testset)   loss: 0.1233 -> 0.0141  accuracy: 96.51% -> 99.13%      
client [37] (testset)   loss: 0.1608 -> 0.1636  accuracy: 95.65% -> 95.65%      
client [45] (testset)   loss: 1.2876 -> 0.7919  accuracy: 86.49% -> 91.89%      
client [47] (testset)   loss: 0.7150 -> 0.1090  accuracy: 86.52% -> 96.52%      
---------------------------- TRAINING EPOCH: 140 ----------------------------   
client [16] (testset)   loss: 2.6308 -> 0.0187  accuracy: 44.17% -> 99.17%      
client [11] (testset)   loss: 2.3333 -> 0.2494  accuracy: 55.61% -> 92.83%      
client [37] (testset)   loss: 0.1831 -> 0.1733  accuracy: 96.74% -> 95.65%      
client [41] (testset)   loss: 0.2247 -> 0.1475  accuracy: 94.76% -> 95.16%      
client [95] (testset)   loss: 0.4263 -> 0.2844  accuracy: 90.74% -> 94.44%      
client [53] (testset)   loss: 0.2058 -> 0.0078  accuracy: 93.98% -> 99.70%      
client [22] (testset)   loss: 0.3803 -> 0.0225  accuracy: 90.72% -> 97.94%      
client [25] (testset)   loss: 0.1567 -> 0.0013  accuracy: 93.27% -> 100.00%     
client [69] (testset)   loss: 0.1074 -> 0.0593  accuracy: 95.06% -> 98.15%      
client [46] (testset)   loss: 0.6022 -> 0.1453  accuracy: 77.08% -> 94.79%      
---------------------------- TRAINING EPOCH: 150 ----------------------------   
client [47] (testset)   loss: 0.1447 -> 0.1020  accuracy: 95.43% -> 97.17%      
client [69] (testset)   loss: 0.4313 -> 0.0806  accuracy: 88.89% -> 97.53%      
client [82] (testset)   loss: 0.0709 -> 0.0708  accuracy: 98.63% -> 98.97%      
client [45] (testset)   loss: 0.6685 -> 0.6248  accuracy: 89.19% -> 91.89%      
client [7]  (testset)   loss: 0.0509 -> 0.0143  accuracy: 99.56% -> 99.56%      
client [50] (testset)   loss: 0.1158 -> 0.0303  accuracy: 97.15% -> 99.15%      
client [35] (testset)   loss: 0.0540 -> 0.0013  accuracy: 98.65% -> 100.00%     
client [24] (testset)   loss: 0.5975 -> 0.2845  accuracy: 83.43% -> 89.14%      
client [15] (testset)   loss: 0.3944 -> 0.1915  accuracy: 88.44% -> 95.62%      
client [58] (testset)   loss: 0.2275 -> 0.1130  accuracy: 94.90% -> 96.43%      
---------------------------- TRAINING EPOCH: 160 ----------------------------   
client [48] (testset)   loss: 0.0495 -> 0.0190  accuracy: 98.73% -> 98.73%      
client [76] (testset)   loss: 0.1512 -> 0.1232  accuracy: 93.33% -> 86.67%      
client [67] (testset)   loss: 0.4391 -> 0.2019  accuracy: 85.91% -> 94.85%      
client [37] (testset)   loss: 0.1811 -> 0.1951  accuracy: 94.57% -> 95.65%      
client [58] (testset)   loss: 0.1108 -> 0.0738  accuracy: 97.45% -> 97.96%      
client [64] (testset)   loss: 0.0322 -> 0.0271  accuracy: 98.50% -> 99.25%      
client [77] (testset)   loss: 0.0604 -> 0.0239  accuracy: 98.45% -> 99.48%      
client [55] (testset)   loss: 0.0303 -> 0.0007  accuracy: 99.01% -> 100.00%     
client [12] (testset)   loss: 0.2688 -> 0.1517  accuracy: 94.43% -> 97.27%      
client [89] (testset)   loss: 0.2316 -> 0.2226  accuracy: 94.74% -> 94.74%      
---------------------------- TRAINING EPOCH: 170 ----------------------------   
client [84] (testset)   loss: 0.0292 -> 0.0262  accuracy: 98.77% -> 98.77%      
client [51] (testset)   loss: 0.0203 -> 0.0008  accuracy: 99.02% -> 100.00%     
client [8]  (testset)   loss: 0.3161 -> 0.2546  accuracy: 93.45% -> 94.64%      
client [18] (testset)   loss: 0.1315 -> 0.0282  accuracy: 96.02% -> 99.00%      
client [94] (testset)   loss: 0.5228 -> 0.1210  accuracy: 87.79% -> 96.18%      
client [81] (testset)   loss: 0.1217 -> 0.0004  accuracy: 92.59% -> 100.00%     
client [3]  (testset)   loss: 0.1301 -> 0.1233  accuracy: 97.28% -> 96.50%      
client [11] (testset)   loss: 0.4146 -> 0.2725  accuracy: 88.79% -> 92.38%      
client [95] (testset)   loss: 0.4080 -> 0.3222  accuracy: 90.74% -> 94.44%      
client [67] (testset)   loss: 0.4951 -> 0.2017  accuracy: 87.29% -> 95.88%      
---------------------------- TRAINING EPOCH: 180 ----------------------------   
client [21] (testset)   loss: 0.3927 -> 0.2534  accuracy: 92.55% -> 93.79%      
client [79] (testset)   loss: 0.1345 -> 0.1156  accuracy: 97.04% -> 98.03%      
client [58] (testset)   loss: 0.2066 -> 0.1020  accuracy: 94.90% -> 97.45%      
client [88] (testset)   loss: 0.4036 -> 0.4370  accuracy: 90.24% -> 91.46%      
client [46] (testset)   loss: 0.2076 -> 0.1363  accuracy: 94.79% -> 96.88%      
client [11] (testset)   loss: 1.4031 -> 0.2630  accuracy: 77.13% -> 93.27%      
client [55] (testset)   loss: 0.0419 -> 0.0014  accuracy: 99.01% -> 100.00%     
client [13] (testset)   loss: 0.6508 -> 0.4332  accuracy: 86.22% -> 90.38%      
client [31] (testset)   loss: 0.2292 -> 0.2276  accuracy: 92.31% -> 92.31%      
client [75] (testset)   loss: 0.9237 -> 0.3106  accuracy: 87.08% -> 92.34%      
---------------------------- TRAINING EPOCH: 190 ----------------------------   
client [19] (testset)   loss: 0.5636 -> 0.3509  accuracy: 93.22% -> 93.22%      
client [7]  (testset)   loss: 0.0605 -> 0.0151  accuracy: 98.69% -> 99.56%      
client [57] (testset)   loss: 0.1358 -> 0.0727  accuracy: 97.45% -> 98.91%      
client [13] (testset)   loss: 0.4553 -> 0.4739  accuracy: 87.82% -> 90.06%      
client [43] (testset)   loss: 0.2826 -> 0.2321  accuracy: 96.92% -> 96.92%      
client [91] (testset)   loss: 0.0059 -> 0.0059  accuracy: 100.00% -> 100.00%    
client [10] (testset)   loss: 0.0229 -> 0.0118  accuracy: 98.53% -> 100.00%     
client [64] (testset)   loss: 0.1828 -> 0.0720  accuracy: 95.49% -> 97.74%      
client [82] (testset)   loss: 0.1231 -> 0.1224  accuracy: 98.63% -> 98.63%      
client [22] (testset)   loss: 0.5641 -> 0.0561  accuracy: 85.57% -> 97.94%      
---------------------------- TRAINING EPOCH: 200 ----------------------------   
client [20] (testset)   loss: 0.0492 -> 0.0382  accuracy: 98.92% -> 99.19%      
client [23] (testset)   loss: 0.4019 -> 0.1963  accuracy: 92.93% -> 95.96%      
client [88] (testset)   loss: 0.6136 -> 0.4913  accuracy: 89.02% -> 90.24%      
client [98] (testset)   loss: 0.7309 -> 0.5332  accuracy: 78.72% -> 89.36%      
client [79] (testset)   loss: 0.1877 -> 0.1310  accuracy: 95.07% -> 97.54%      
client [21] (testset)   loss: 0.4693 -> 0.2994  accuracy: 91.30% -> 93.79%      
client [92] (testset)   loss: 0.0453 -> 0.0437  accuracy: 97.81% -> 98.54%      
client [56] (testset)   loss: 0.7151 -> 0.4542  accuracy: 80.67% -> 86.55%      
client [5]  (testset)   loss: 0.1354 -> 0.0378  accuracy: 96.67% -> 99.05%      
client [52] (testset)   loss: 0.1755 -> 0.0262  accuracy: 94.92% -> 98.31%      
---------------------------- TRAINING EPOCH: 210 ----------------------------   
client [67] (testset)   loss: 0.2407 -> 0.2323  accuracy: 95.88% -> 95.88%      
client [54] (testset)   loss: 0.6768 -> 0.0920  accuracy: 83.12% -> 97.40%      
client [14] (testset)   loss: 0.7051 -> 0.3098  accuracy: 81.90% -> 91.90%      
client [99] (testset)   loss: 0.0277 -> 0.0332  accuracy: 99.47% -> 99.47%      
client [36] (testset)   loss: 0.2860 -> 0.1924  accuracy: 94.42% -> 96.22%      
client [30] (testset)   loss: 0.3912 -> 0.1712  accuracy: 95.19% -> 97.12%      
client [38] (testset)   loss: 0.3143 -> 0.3340  accuracy: 93.51% -> 93.51%      
client [15] (testset)   loss: 0.3007 -> 0.2209  accuracy: 92.50% -> 95.31%      
client [6]  (testset)   loss: 0.0277 -> 0.0084  accuracy: 99.35% -> 100.00%     
client [53] (testset)   loss: 0.1159 -> 0.0141  accuracy: 96.39% -> 99.70%      
---------------------------- TRAINING EPOCH: 220 ----------------------------   
client [99] (testset)   loss: 0.1123 -> 0.0544  accuracy: 96.84% -> 99.47%      
client [6]  (testset)   loss: 0.0199 -> 0.0080  accuracy: 98.70% -> 100.00%     
client [83] (testset)   loss: 0.4617 -> 0.0631  accuracy: 92.99% -> 98.73%      
client [42] (testset)   loss: 0.3664 -> 0.0721  accuracy: 92.85% -> 98.67%      
client [34] (testset)   loss: 0.8835 -> 0.0746  accuracy: 73.08% -> 96.15%      
client [15] (testset)   loss: 0.3210 -> 0.2238  accuracy: 95.00% -> 95.62%      
client [47] (testset)   loss: 0.1606 -> 0.1366  accuracy: 96.52% -> 96.96%      
client [55] (testset)   loss: 0.0281 -> 0.0007  accuracy: 98.68% -> 100.00%     
client [51] (testset)   loss: 0.0109 -> 0.0008  accuracy: 99.51% -> 100.00%     
client [95] (testset)   loss: 0.5176 -> 0.3223  accuracy: 88.89% -> 90.74%      
---------------------------- TRAINING EPOCH: 230 ----------------------------   
client [71] (testset)   loss: 0.1112 -> 0.0605  accuracy: 96.20% -> 97.83%      
client [15] (testset)   loss: 0.7283 -> 0.2166  accuracy: 88.75% -> 95.62%      
client [33] (testset)   loss: 0.2307 -> 0.0800  accuracy: 92.98% -> 98.25%      
client [99] (testset)   loss: 0.0917 -> 0.0533  accuracy: 98.42% -> 99.21%      
client [90] (testset)   loss: 0.1029 -> 0.1208  accuracy: 97.97% -> 97.30%      
client [57] (testset)   loss: 0.1398 -> 0.0808  accuracy: 97.81% -> 98.91%      
client [27] (testset)   loss: 0.5683 -> 0.0010  accuracy: 90.70% -> 100.00%     
client [78] (testset)   loss: 0.4664 -> 0.0165  accuracy: 85.83% -> 99.21%      
client [36] (testset)   loss: 0.2754 -> 0.2194  accuracy: 94.75% -> 95.73%      
client [88] (testset)   loss: 0.4965 -> 0.4315  accuracy: 89.02% -> 91.46%      
---------------------------- TRAINING EPOCH: 240 ----------------------------   
client [70] (testset)   loss: 0.5331 -> 0.4754  accuracy: 89.19% -> 91.89%      
client [35] (testset)   loss: 0.0500 -> 0.0412  accuracy: 98.65% -> 97.30%      
client [16] (testset)   loss: 0.1247 -> 0.0510  accuracy: 96.67% -> 98.33%      
client [80] (testset)   loss: 0.0067 -> 0.0018  accuracy: 100.00% -> 100.00%    
client [38] (testset)   loss: 0.1497 -> 0.4742  accuracy: 94.81% -> 92.21%      
client [78] (testset)   loss: 0.0212 -> 0.0173  accuracy: 99.21% -> 99.21%      
client [68] (testset)   loss: 0.2656 -> 0.0286  accuracy: 88.18% -> 99.09%      
client [11] (testset)   loss: 0.4191 -> 0.2637  accuracy: 91.93% -> 93.27%      
client [64] (testset)   loss: 0.1463 -> 0.0892  accuracy: 95.49% -> 97.74%      
client [82] (testset)   loss: 0.0662 -> 0.0690  accuracy: 98.97% -> 98.97%      
---------------------------- TRAINING EPOCH: 250 ----------------------------   
client [30] (testset)   loss: 0.4005 -> 0.2481  accuracy: 95.19% -> 97.12%      
client [27] (testset)   loss: 0.0006 -> 0.0000  accuracy: 100.00% -> 100.00%    
client [74] (testset)   loss: 0.0133 -> 0.0229  accuracy: 100.00% -> 100.00%    
client [45] (testset)   loss: 1.2053 -> 1.1495  accuracy: 86.49% -> 86.49%      
client [6]  (testset)   loss: 0.0152 -> 0.0119  accuracy: 99.35% -> 99.35%      
client [36] (testset)   loss: 0.2647 -> 0.2277  accuracy: 95.07% -> 96.06%      
client [63] (testset)   loss: 0.0014 -> 0.0008  accuracy: 100.00% -> 100.00%    
client [76] (testset)   loss: 0.1596 -> 0.0681  accuracy: 93.33% -> 93.33%      
client [83] (testset)   loss: 0.1722 -> 0.0817  accuracy: 97.45% -> 98.73%      
client [86] (testset)   loss: 0.0000 -> 0.0000  accuracy: 100.00% -> 100.00%    
---------------------------- TRAINING EPOCH: 260 ----------------------------   
client [83] (testset)   loss: 1.0842 -> 0.0904  accuracy: 81.53% -> 98.73%      
client [99] (testset)   loss: 0.5615 -> 0.0522  accuracy: 89.21% -> 99.47%      
client [74] (testset)   loss: 0.1928 -> 0.0178  accuracy: 88.89% -> 100.00%     
client [73] (testset)   loss: 0.2736 -> 0.0134  accuracy: 93.89% -> 99.24%      
client [29] (testset)   loss: 0.5589 -> 0.4891  accuracy: 89.87% -> 86.08%      
client [92] (testset)   loss: 0.0470 -> 0.0210  accuracy: 97.81% -> 99.27%      
client [6]  (testset)   loss: 0.0130 -> 0.0060  accuracy: 99.35% -> 100.00%     
client [61] (testset)   loss: 0.0717 -> 0.0584  accuracy: 96.34% -> 97.56%      
client [21] (testset)   loss: 0.4040 -> 0.2582  accuracy: 92.55% -> 94.41%      
client [67] (testset)   loss: 0.2563 -> 0.2514  accuracy: 96.22% -> 96.22%      
---------------------------- TRAINING EPOCH: 270 ----------------------------   
client [83] (testset)   loss: 0.3965 -> 0.0703  accuracy: 94.27% -> 98.73%      
client [32] (testset)   loss: 0.3722 -> 0.2143  accuracy: 92.78% -> 91.94%      
client [95] (testset)   loss: 0.8003 -> 0.4641  accuracy: 83.33% -> 94.44%      
client [61] (testset)   loss: 0.2625 -> 0.0629  accuracy: 92.68% -> 98.78%      
client [27] (testset)   loss: 0.0522 -> 0.0010  accuracy: 97.67% -> 100.00%     
client [25] (testset)   loss: 0.0416 -> 0.0088  accuracy: 98.08% -> 99.04%      
client [68] (testset)   loss: 0.2577 -> 0.0136  accuracy: 90.00% -> 100.00%     
client [34] (testset)   loss: 0.1743 -> 0.0864  accuracy: 96.15% -> 96.15%      
client [71] (testset)   loss: 0.2959 -> 0.0712  accuracy: 93.48% -> 97.28%      
client [89] (testset)   loss: 0.1707 -> 0.1178  accuracy: 84.21% -> 94.74%      
---------------------------- TRAINING EPOCH: 280 ----------------------------   
client [78] (testset)   loss: 0.0584 -> 0.0210  accuracy: 97.64% -> 99.21%      
client [81] (testset)   loss: 0.0004 -> 0.0015  accuracy: 100.00% -> 100.00%    
client [51] (testset)   loss: 0.0016 -> 0.0006  accuracy: 100.00% -> 100.00%    
client [54] (testset)   loss: 0.5892 -> 0.0695  accuracy: 83.12% -> 98.70%      
client [65] (testset)   loss: 0.4707 -> 0.4693  accuracy: 96.88% -> 96.88%      
client [41] (testset)   loss: 0.3155 -> 0.1993  accuracy: 93.95% -> 95.97%      
client [11] (testset)   loss: 0.4583 -> 0.3004  accuracy: 90.58% -> 93.27%      
client [85] (testset)   loss: 0.1677 -> 0.1587  accuracy: 96.49% -> 96.49%      
client [12] (testset)   loss: 0.3214 -> 0.1936  accuracy: 94.79% -> 97.27%      
client [23] (testset)   loss: 0.3025 -> 0.2889  accuracy: 93.94% -> 95.96%      
---------------------------- TRAINING EPOCH: 290 ----------------------------   
client [16] (testset)   loss: 0.2104 -> 0.0206  accuracy: 95.83% -> 98.33%      
client [65] (testset)   loss: 0.1999 -> 0.2147  accuracy: 93.75% -> 96.88%      
client [53] (testset)   loss: 0.0789 -> 0.0151  accuracy: 97.29% -> 99.70%      
client [58] (testset)   loss: 0.1340 -> 0.1229  accuracy: 96.94% -> 97.96%      
client [72] (testset)   loss: 0.1763 -> 0.1806  accuracy: 96.49% -> 96.49%      
client [7]  (testset)   loss: 0.4882 -> 0.0440  accuracy: 87.77% -> 99.13%      
client [71] (testset)   loss: 1.0400 -> 0.0702  accuracy: 80.98% -> 96.74%      
client [59] (testset)   loss: 0.4603 -> 0.3131  accuracy: 91.24% -> 93.43%      
client [86] (testset)   loss: 0.0002 -> 0.0002  accuracy: 100.00% -> 100.00%    
client [39] (testset)   loss: 0.1116 -> 0.0558  accuracy: 93.33% -> 93.33%      
---------------------------- TRAINING EPOCH: 300 ----------------------------   
client [99] (testset)   loss: 0.1770 -> 0.0608  accuracy: 95.53% -> 99.21%      
client [7]  (testset)   loss: 0.0470 -> 0.0408  accuracy: 99.13% -> 99.13%      
client [17] (testset)   loss: 0.2030 -> 0.1894  accuracy: 96.79% -> 95.72%      
client [64] (testset)   loss: 0.1447 -> 0.0950  accuracy: 96.99% -> 96.99%      
client [37] (testset)   loss: 0.2071 -> 0.2137  accuracy: 94.57% -> 94.57%      
client [29] (testset)   loss: 0.5790 -> 0.5271  accuracy: 88.61% -> 88.61%      
client [93] (testset)   loss: 0.4592 -> 0.1504  accuracy: 91.53% -> 98.31%      
client [73] (testset)   loss: 0.0479 -> 0.0145  accuracy: 98.47% -> 99.24%      
client [40] (testset)   loss: 0.1767 -> 0.1860  accuracy: 95.83% -> 95.83%      
client [76] (testset)   loss: 0.0207 -> 0.0224  accuracy: 100.00% -> 100.00%    
---------------------------- TRAINING EPOCH: 310 ----------------------------   
client [31] (testset)   loss: 0.5144 -> 0.5250  accuracy: 90.77% -> 90.77%      
client [89] (testset)   loss: 0.3534 -> 0.0735  accuracy: 94.74% -> 94.74%      
client [77] (testset)   loss: 0.1218 -> 0.0676  accuracy: 97.41% -> 98.45%      
client [90] (testset)   loss: 0.3206 -> 0.1935  accuracy: 95.95% -> 97.30%      
client [26] (testset)   loss: 0.0667 -> 0.0577  accuracy: 98.57% -> 98.57%      
client [50] (testset)   loss: 0.1121 -> 0.0661  accuracy: 98.01% -> 98.86%      
client [30] (testset)   loss: 0.4039 -> 0.2625  accuracy: 94.23% -> 96.15%      
client [70] (testset)   loss: 0.1864 -> 0.1745  accuracy: 91.89% -> 91.89%      
client [41] (testset)   loss: 0.3148 -> 0.2254  accuracy: 95.16% -> 95.16%      
client [99] (testset)   loss: 0.0994 -> 0.0536  accuracy: 96.58% -> 98.95%      
---------------------------- TRAINING EPOCH: 320 ----------------------------   
client [68] (testset)   loss: 0.0868 -> 0.0252  accuracy: 97.27% -> 99.09%      
client [70] (testset)   loss: 0.5358 -> 0.5000  accuracy: 89.19% -> 89.19%      
client [52] (testset)   loss: 0.0427 -> 0.0412  accuracy: 98.31% -> 98.31%      
client [1]  (testset)   loss: 0.2150 -> 0.2176  accuracy: 96.83% -> 96.83%      
client [2]  (testset)   loss: 0.0130 -> 0.0111  accuracy: 99.56% -> 99.56%      
client [67] (testset)   loss: 0.2963 -> 0.2983  accuracy: 96.22% -> 96.22%      
client [92] (testset)   loss: 0.0474 -> 0.0447  accuracy: 98.54% -> 98.54%      
client [35] (testset)   loss: 0.0394 -> 0.0332  accuracy: 98.65% -> 98.65%      
client [36] (testset)   loss: 0.2545 -> 0.2514  accuracy: 95.07% -> 95.89%      
client [64] (testset)   loss: 0.1479 -> 0.1026  accuracy: 96.24% -> 96.24%      
---------------------------- TRAINING EPOCH: 330 ----------------------------   
client [44] (testset)   loss: 0.0855 -> 0.0936  accuracy: 97.17% -> 97.17%      
client [6]  (testset)   loss: 0.0059 -> 0.0061  accuracy: 100.00% -> 100.00%    
client [12] (testset)   loss: 0.2834 -> 0.1965  accuracy: 95.62% -> 96.68%      
client [55] (testset)   loss: 0.0003 -> 0.0004  accuracy: 100.00% -> 100.00%    
client [29] (testset)   loss: 0.7015 -> 0.5507  accuracy: 87.34% -> 86.08%      
client [9]  (testset)   loss: 0.2329 -> 0.1294  accuracy: 96.53% -> 96.18%      
client [43] (testset)   loss: 0.2608 -> 0.2235  accuracy: 96.92% -> 96.92%      
client [77] (testset)   loss: 0.0723 -> 0.0567  accuracy: 97.93% -> 98.45%      
client [98] (testset)   loss: 0.7782 -> 0.6730  accuracy: 80.85% -> 82.98%      
client [78] (testset)   loss: 0.1161 -> 0.0282  accuracy: 96.06% -> 99.21%      
---------------------------- TRAINING EPOCH: 340 ----------------------------   
client [92] (testset)   loss: 0.1023 -> 0.1028  accuracy: 97.81% -> 98.54%      
client [80] (testset)   loss: 0.0411 -> 0.0179  accuracy: 98.08% -> 98.08%      
client [63] (testset)   loss: 0.0312 -> 0.0188  accuracy: 97.94% -> 98.97%      
client [76] (testset)   loss: 0.0163 -> 0.0201  accuracy: 100.00% -> 100.00%    
client [78] (testset)   loss: 0.0349 -> 0.0226  accuracy: 98.43% -> 99.21%      
client [25] (testset)   loss: 0.0004 -> 0.0003  accuracy: 100.00% -> 100.00%    
client [58] (testset)   loss: 0.1064 -> 0.0896  accuracy: 95.92% -> 97.45%      
client [13] (testset)   loss: 0.6446 -> 0.5887  accuracy: 90.71% -> 90.71%      
client [17] (testset)   loss: 0.1736 -> 0.1829  accuracy: 96.26% -> 96.26%      
client [38] (testset)   loss: 0.4523 -> 0.4462  accuracy: 93.51% -> 92.21%      
---------------------------- TRAINING EPOCH: 350 ----------------------------   
client [72] (testset)   loss: 0.5177 -> 0.2381  accuracy: 89.47% -> 94.74%      
client [82] (testset)   loss: 0.0788 -> 0.0811  accuracy: 98.97% -> 98.97%      
client [86] (testset)   loss: 0.0000 -> 0.0000  accuracy: 100.00% -> 100.00%    
client [51] (testset)   loss: 0.0011 -> 0.0005  accuracy: 100.00% -> 100.00%    
client [96] (testset)   loss: 0.2788 -> 0.1950  accuracy: 90.51% -> 95.62%      
client [42] (testset)   loss: 0.2025 -> 0.0807  accuracy: 96.24% -> 98.79%      
client [55] (testset)   loss: 0.0769 -> 0.0086  accuracy: 97.35% -> 99.67%      
client [13] (testset)   loss: 0.5875 -> 0.5799  accuracy: 91.03% -> 91.67%      
client [1]  (testset)   loss: 0.3455 -> 0.3354  accuracy: 95.24% -> 96.83%      
client [12] (testset)   loss: 0.2611 -> 0.2077  accuracy: 96.33% -> 96.92%      
---------------------------- TRAINING EPOCH: 360 ----------------------------   
client [68] (testset)   loss: 0.1234 -> 0.0276  accuracy: 96.36% -> 99.09%      
client [23] (testset)   loss: 0.3934 -> 0.2547  accuracy: 90.91% -> 96.97%      
client [46] (testset)   loss: 0.2793 -> 0.2279  accuracy: 94.79% -> 95.83%      
client [41] (testset)   loss: 0.2736 -> 0.2368  accuracy: 95.16% -> 95.16%      
client [25] (testset)   loss: 0.0043 -> 0.0016  accuracy: 100.00% -> 100.00%    
client [58] (testset)   loss: 0.1148 -> 0.1028  accuracy: 96.94% -> 97.45%      
client [14] (testset)   loss: 0.4159 -> 0.4147  accuracy: 93.33% -> 93.10%      
client [33] (testset)   loss: 0.5743 -> 0.1036  accuracy: 89.47% -> 97.66%      
client [85] (testset)   loss: 0.1030 -> 0.1037  accuracy: 98.25% -> 98.25%      
client [62] (testset)   loss: 0.0988 -> 0.0324  accuracy: 95.00% -> 100.00%     
---------------------------- TRAINING EPOCH: 370 ----------------------------   
client [98] (testset)   loss: 0.5399 -> 0.5481  accuracy: 87.23% -> 87.23%      
client [63] (testset)   loss: 0.0212 -> 0.0119  accuracy: 97.94% -> 98.97%      
client [70] (testset)   loss: 0.2219 -> 0.2154  accuracy: 91.89% -> 91.89%      
client [65] (testset)   loss: 0.1526 -> 0.2029  accuracy: 96.88% -> 96.88%      
client [14] (testset)   loss: 0.4360 -> 0.4140  accuracy: 91.67% -> 92.38%      
client [73] (testset)   loss: 0.1466 -> 0.0360  accuracy: 96.95% -> 98.47%      
client [34] (testset)   loss: 0.2207 -> 0.0775  accuracy: 84.62% -> 92.31%      
client [99] (testset)   loss: 0.0613 -> 0.0565  accuracy: 98.42% -> 99.21%      
client [69] (testset)   loss: 0.5250 -> 0.1142  accuracy: 91.36% -> 96.91%      
client [46] (testset)   loss: 0.2345 -> 0.1949  accuracy: 94.79% -> 95.83%      
---------------------------- TRAINING EPOCH: 380 ----------------------------   
client [99] (testset)   loss: 0.1247 -> 0.0659  accuracy: 97.11% -> 98.95%      
client [93] (testset)   loss: 0.5872 -> 0.1409  accuracy: 91.53% -> 98.31%      
client [11] (testset)   loss: 0.3512 -> 0.3362  accuracy: 92.83% -> 93.27%      
client [58] (testset)   loss: 0.1621 -> 0.1347  accuracy: 96.43% -> 96.94%      
client [81] (testset)   loss: 0.0002 -> 0.0002  accuracy: 100.00% -> 100.00%    
client [85] (testset)   loss: 0.1803 -> 0.1776  accuracy: 98.25% -> 98.25%      
client [89] (testset)   loss: 0.1735 -> 0.1167  accuracy: 89.47% -> 89.47%      
client [45] (testset)   loss: 1.2054 -> 1.0815  accuracy: 86.49% -> 89.19%      
client [8]  (testset)   loss: 0.4185 -> 0.3930  accuracy: 94.64% -> 94.94%      
client [68] (testset)   loss: 0.0799 -> 0.0324  accuracy: 96.36% -> 98.18%      
---------------------------- TRAINING EPOCH: 390 ----------------------------   
client [67] (testset)   loss: 0.3726 -> 0.3152  accuracy: 95.53% -> 96.56%      
client [72] (testset)   loss: 0.2415 -> 0.1265  accuracy: 96.49% -> 96.49%      
client [1]  (testset)   loss: 0.3492 -> 0.2810  accuracy: 95.24% -> 95.24%      
client [78] (testset)   loss: 0.0266 -> 0.0201  accuracy: 99.21% -> 99.21%      
client [83] (testset)   loss: 0.2479 -> 0.0979  accuracy: 92.99% -> 98.73%      
client [21] (testset)   loss: 0.3396 -> 0.2715  accuracy: 94.41% -> 95.03%      
client [56] (testset)   loss: 0.7503 -> 0.7349  accuracy: 85.71% -> 85.71%      
client [44] (testset)   loss: 0.0675 -> 0.0718  accuracy: 97.17% -> 97.17%      
client [92] (testset)   loss: 0.0493 -> 0.0448  accuracy: 98.54% -> 98.54%      
client [27] (testset)   loss: 0.0038 -> 0.0002  accuracy: 100.00% -> 100.00%    
---------------------------- TRAINING EPOCH: 400 ----------------------------   
client [10] (testset)   loss: 0.0226 -> 0.0177  accuracy: 98.53% -> 100.00%     
client [39] (testset)   loss: 0.1853 -> 0.1349  accuracy: 93.33% -> 93.33%      
client [65] (testset)   loss: 0.2824 -> 0.2786  accuracy: 96.88% -> 96.88%      
client [26] (testset)   loss: 0.0535 -> 0.0521  accuracy: 98.73% -> 98.89%      
client [19] (testset)   loss: 0.2780 -> 0.2892  accuracy: 94.92% -> 94.92%      
client [68] (testset)   loss: 0.0906 -> 0.0472  accuracy: 96.36% -> 98.18%      
client [41] (testset)   loss: 0.3563 -> 0.2824  accuracy: 93.95% -> 95.16%      
client [50] (testset)   loss: 0.1127 -> 0.0876  accuracy: 98.58% -> 98.58%      
client [75] (testset)   loss: 0.4884 -> 0.4707  accuracy: 91.39% -> 91.87%      
client [81] (testset)   loss: 0.0003 -> 0.0003  accuracy: 100.00% -> 100.00%    
Training... ━━━━━━━━━━━━━━━━━━━━━━━━━━━━━━━━━━━━━━━━ 100% 0:08:19
PSFL's average time taken by each global epoch: 0 min 1.24 sec.                 
PSFL's total running time: 0 h 8 m 19 s.                                        
==================== PSFL Experiment Results: ====================              
Display format: (before local fine-tuning) -> (after local fine-tuning)         
 So if finetune_epoch = 0, x.xx% -> 0.00% is normal.                            
 Centralized testing ONLY happens after model aggregation, so the stats between 
'->' are the same.                                                              
{                                                                               
    "100": {                                                                    
        "all_clients": {                                                        
            "test": {                                                           
                "loss": "0.7221 -> 0.0000",                                     
                "accuracy": "81.66% -> 0.00%"                                   
            }                                                                   
        }                                                                       
    },                                                                          
    "200": {                                                                    
        "all_clients": {                                                        
            "test": {                                                           
                "loss": "0.2045 -> 0.0000",                                     
                "accuracy": "95.10% -> 0.00%"                                   
            }                                                                   
        }                                                                       
    },                                                                          
    "300": {                                                                    
        "all_clients": {                                                        
            "test": {                                                           
                "loss": "0.2076 -> 0.0000",                                     
                "accuracy": "95.64% -> 0.00%"                                   
            }                                                                   
        }                                                                       
    },                                                                          
    "400": {                                                                    
        "all_clients": {                                                        
            "test": {                                                           
                "loss": "0.1991 -> 0.0000",                                     
                "accuracy": "96.18% -> 0.00%"                                   
            }                                                                   
        }                                                                       
    }                                                                           
}                                                                               
==================== PSFL Max Accuracy ====================                     
all_clients:                                                                    
(test) before fine-tuning: 96.18% at epoch 400                                  
(test) after fine-tuning: 0.00% at epoch 100                                    
