==================== PSFL ====================                                  
Experiment Arguments:                                                           
{
│   'method': 'psfl',
│   'dataset': {
│   │   'name': 'fmnist',
│   │   'client_num': 100,
│   │   'test_ratio': 0.25,
│   │   'val_ratio': 0.0,
│   │   'seed': 42,
│   │   'split': 'sample',
│   │   'IID_ratio': 0.0,
│   │   'monitor_window_name_suffix': 'fmnist-100clients-0%IID-Dir(0.1)-seed42',
│   │   'alpha': 0.1,
│   │   'min_samples_per_client': 10
│   },
│   'model': {
│   │   'name': 'avgcnn',
│   │   'use_torchvision_pretrained_weights': True,
│   │   'external_model_weights_path': None
│   },
│   'optimizer': {
│   │   'lr': 0.01,
│   │   'dampening': 0,
│   │   'weight_decay': 0,
│   │   'momentum': 0,
│   │   'nesterov': False,
│   │   'name': 'sgd'
│   },
│   'mode': 'sequential',
│   'parallel': {
│   │   'ray_cluster_addr': None,
│   │   'num_cpus': None,
│   │   'num_gpus': None,
│   │   'num_workers': 2
│   },
│   'common': {
│   │   'seed': 42,
│   │   'join_ratio': 0.1,
│   │   'global_epoch': 400,
│   │   'local_epoch': 5,
│   │   'batch_size': 32,
│   │   'reset_optimizer_on_global_epoch': True,
│   │   'straggler_ratio': 0,
│   │   'straggler_min_local_epoch': 0,
│   │   'buffers': 'global',
│   │   'client_side_evaluation': True,
│   │   'test': {
│   │   │   'client': {
│   │   │   │   'interval': 100,
│   │   │   │   'finetune_epoch': 0,
│   │   │   │   'train': False,
│   │   │   │   'val': False,
│   │   │   │   'test': True
│   │   │   },
│   │   │   'server': {
│   │   │   │   'interval': -1,
│   │   │   │   'train': False,
│   │   │   │   'val': False,
│   │   │   │   'test': False,
│   │   │   │   'model_in_train_mode': False
│   │   │   }
│   │   },
│   │   'verbose_gap': 10,
│   │   'monitor': None,
│   │   'use_cuda': True,
│   │   'save_log': True,
│   │   'save_model': False,
│   │   'save_learning_curve_plot': False,
│   │   'save_metrics': True,
│   │   'delete_useless_run': True
│   },
│   'psfl': {
│   │   'alpha': 0.0,
│   │   'CLS': False,
│   │   'ig_ratio': 0.99995,
│   │   'track': False,
│   │   'score': 'obp'
│   }
}
---------------------------- TRAINING EPOCH: 10 ----------------------------    
client [77] (testset)   loss: 0.2095 -> 0.0374  accuracy: 90.67% -> 98.96%      
client [81] (testset)   loss: 0.3348 -> 0.0186  accuracy: 88.89% -> 100.00%     
client [21] (testset)   loss: 0.3381 -> 0.1910  accuracy: 87.58% -> 93.79%      
client [68] (testset)   loss: 0.4195 -> 0.1580  accuracy: 82.73% -> 94.55%      
client [93] (testset)   loss: 1.5219 -> 0.0211  accuracy: 44.07% -> 100.00%     
client [31] (testset)   loss: 0.6923 -> 0.1986  accuracy: 73.85% -> 92.31%      
client [20] (testset)   loss: 0.1604 -> 0.0430  accuracy: 95.97% -> 98.66%      
client [59] (testset)   loss: 0.6629 -> 0.3400  accuracy: 88.32% -> 89.78%      
client [48] (testset)   loss: 0.2237 -> 0.0104  accuracy: 94.94% -> 100.00%     
client [34] (testset)   loss: 0.2524 -> 0.2068  accuracy: 96.15% -> 96.15%      
---------------------------- TRAINING EPOCH: 20 ----------------------------    
client [69] (testset)   loss: 0.2962 -> 0.1160  accuracy: 88.89% -> 95.68%      
client [99] (testset)   loss: 1.6337 -> 0.0473  accuracy: 45.53% -> 98.42%      
client [67] (testset)   loss: 1.5069 -> 0.1281  accuracy: 38.83% -> 96.56%      
client [0]  (testset)   loss: 1.1093 -> 0.2515  accuracy: 63.27% -> 89.80%      
client [76] (testset)   loss: 0.3408 -> 0.1695  accuracy: 86.67% -> 93.33%      
client [41] (testset)   loss: 0.3645 -> 0.1996  accuracy: 90.73% -> 93.55%      
client [62] (testset)   loss: 0.7726 -> 0.2655  accuracy: 80.00% -> 95.00%      
client [2]  (testset)   loss: 2.0094 -> 0.0089  accuracy: 36.11% -> 99.56%      
client [14] (testset)   loss: 1.3101 -> 0.3371  accuracy: 68.57% -> 88.33%      
client [46] (testset)   loss: 0.3681 -> 0.2306  accuracy: 87.50% -> 91.67%      
---------------------------- TRAINING EPOCH: 30 ----------------------------    
client [24] (testset)   loss: 0.4937 -> 0.3024  accuracy: 85.71% -> 89.14%      
client [68] (testset)   loss: 0.8853 -> 0.1132  accuracy: 69.09% -> 95.45%      
client [57] (testset)   loss: 0.1987 -> 0.0243  accuracy: 93.80% -> 99.64%      
client [17] (testset)   loss: 0.6468 -> 0.1123  accuracy: 70.59% -> 97.33%      
client [54] (testset)   loss: 0.8641 -> 0.1528  accuracy: 83.12% -> 92.21%      
client [23] (testset)   loss: 0.5954 -> 0.0838  accuracy: 77.78% -> 96.97%      
client [35] (testset)   loss: 0.1006 -> 0.0076  accuracy: 95.95% -> 100.00%     
client [59] (testset)   loss: 0.9965 -> 0.2883  accuracy: 59.85% -> 89.78%      
client [31] (testset)   loss: 0.5306 -> 0.1444  accuracy: 86.15% -> 92.31%      
client [9]  (testset)   loss: 0.3019 -> 0.0943  accuracy: 92.36% -> 96.18%      
---------------------------- TRAINING EPOCH: 40 ----------------------------    
client [64] (testset)   loss: 0.1602 -> 0.1163  accuracy: 93.98% -> 95.49%      
client [33] (testset)   loss: 0.0705 -> 0.0336  accuracy: 97.08% -> 98.25%      
client [16] (testset)   loss: 0.0658 -> 0.0181  accuracy: 97.50% -> 99.17%      
client [44] (testset)   loss: 0.3045 -> 0.0315  accuracy: 90.57% -> 99.06%      
client [8]  (testset)   loss: 0.5647 -> 0.1535  accuracy: 81.85% -> 94.35%      
client [31] (testset)   loss: 0.1121 -> 0.1160  accuracy: 95.38% -> 95.38%      
client [47] (testset)   loss: 0.2227 -> 0.0927  accuracy: 92.61% -> 96.30%      
client [36] (testset)   loss: 0.2708 -> 0.1492  accuracy: 90.80% -> 95.40%      
client [20] (testset)   loss: 0.0997 -> 0.0275  accuracy: 96.24% -> 99.19%      
client [56] (testset)   loss: 0.6059 -> 0.3034  accuracy: 83.19% -> 86.55%      
---------------------------- TRAINING EPOCH: 50 ----------------------------    
client [4]  (testset)   loss: 0.0932 -> 0.0705  accuracy: 97.69% -> 98.46%      
client [60] (testset)   loss: 0.7171 -> 0.1186  accuracy: 73.06% -> 95.57%      
client [28] (testset)   loss: 0.0045 -> 0.0017  accuracy: 100.00% -> 100.00%    
client [25] (testset)   loss: 0.0344 -> 0.0199  accuracy: 100.00% -> 99.04%     
client [58] (testset)   loss: 0.0961 -> 0.0462  accuracy: 96.94% -> 98.98%      
client [44] (testset)   loss: 0.1512 -> 0.0553  accuracy: 96.23% -> 98.11%      
client [39] (testset)   loss: 0.2835 -> 0.0093  accuracy: 93.33% -> 100.00%     
client [29] (testset)   loss: 0.3866 -> 0.2777  accuracy: 86.08% -> 87.34%      
client [3]  (testset)   loss: 0.4829 -> 0.1090  accuracy: 84.44% -> 96.50%      
client [84] (testset)   loss: 0.1504 -> 0.0035  accuracy: 96.30% -> 100.00%     
---------------------------- TRAINING EPOCH: 60 ----------------------------    
client [21] (testset)   loss: 0.3492 -> 0.1552  accuracy: 87.58% -> 95.65%      
client [84] (testset)   loss: 0.0265 -> 0.0038  accuracy: 98.77% -> 100.00%     
client [10] (testset)   loss: 0.0483 -> 0.0131  accuracy: 97.06% -> 100.00%     
client [36] (testset)   loss: 0.1865 -> 0.1343  accuracy: 94.25% -> 95.40%      
client [65] (testset)   loss: 0.3070 -> 0.2080  accuracy: 90.62% -> 93.75%      
client [81] (testset)   loss: 1.8701 -> 0.0015  accuracy: 48.15% -> 100.00%     
client [79] (testset)   loss: 0.8430 -> 0.1603  accuracy: 85.71% -> 95.07%      
client [42] (testset)   loss: 0.1173 -> 0.0466  accuracy: 96.61% -> 99.03%      
client [11] (testset)   loss: 0.8467 -> 0.3467  accuracy: 80.72% -> 87.00%      
client [96] (testset)   loss: 0.2976 -> 0.1551  accuracy: 91.97% -> 94.16%      
---------------------------- TRAINING EPOCH: 70 ----------------------------    
client [8]  (testset)   loss: 0.1747 -> 0.1636  accuracy: 94.35% -> 94.64%      
client [53] (testset)   loss: 0.0390 -> 0.0099  accuracy: 99.10% -> 99.70%      
client [52] (testset)   loss: 0.0918 -> 0.0571  accuracy: 96.61% -> 98.31%      
client [42] (testset)   loss: 0.1544 -> 0.0449  accuracy: 95.39% -> 99.03%      
client [69] (testset)   loss: 0.1392 -> 0.0685  accuracy: 94.44% -> 96.91%      
client [59] (testset)   loss: 0.3871 -> 0.2745  accuracy: 91.97% -> 91.97%      
client [7]  (testset)   loss: 0.0451 -> 0.0150  accuracy: 97.82% -> 99.56%      
client [26] (testset)   loss: 0.0739 -> 0.0432  accuracy: 97.77% -> 98.41%      
client [49] (testset)   loss: 0.0267 -> 0.0238  accuracy: 99.57% -> 99.57%      
client [98] (testset)   loss: 0.6071 -> 0.5828  accuracy: 85.11% -> 80.85%      
---------------------------- TRAINING EPOCH: 80 ----------------------------    
client [98] (testset)   loss: 0.3922 -> 0.3850  accuracy: 91.49% -> 91.49%      
client [47] (testset)   loss: 0.1463 -> 0.0892  accuracy: 94.57% -> 96.74%      
client [21] (testset)   loss: 0.2526 -> 0.1495  accuracy: 91.93% -> 95.03%      
client [77] (testset)   loss: 0.0752 -> 0.0322  accuracy: 98.96% -> 98.96%      
client [95] (testset)   loss: 0.2483 -> 0.1695  accuracy: 87.04% -> 96.30%      
client [91] (testset)   loss: 0.0245 -> 0.0207  accuracy: 100.00% -> 100.00%    
client [14] (testset)   loss: 0.3789 -> 0.2565  accuracy: 87.62% -> 91.67%      
client [99] (testset)   loss: 0.0234 -> 0.0203  accuracy: 99.21% -> 99.74%      
client [20] (testset)   loss: 0.1002 -> 0.0309  accuracy: 97.85% -> 99.19%      
client [39] (testset)   loss: 0.0134 -> 0.0054  accuracy: 100.00% -> 100.00%    
---------------------------- TRAINING EPOCH: 90 ----------------------------    
client [52] (testset)   loss: 0.1266 -> 0.0672  accuracy: 98.31% -> 98.31%      
client [62] (testset)   loss: 0.0381 -> 0.0401  accuracy: 100.00% -> 100.00%    
client [71] (testset)   loss: 0.0752 -> 0.0633  accuracy: 97.83% -> 97.28%      
client [97] (testset)   loss: 0.0406 -> 0.0353  accuracy: 98.70% -> 99.57%      
client [30] (testset)   loss: 0.3236 -> 0.2287  accuracy: 95.19% -> 98.08%      
client [88] (testset)   loss: 1.3886 -> 0.2891  accuracy: 54.88% -> 91.46%      
client [60] (testset)   loss: 0.2018 -> 0.1014  accuracy: 92.62% -> 95.57%      
client [82] (testset)   loss: 0.0528 -> 0.0833  accuracy: 99.32% -> 98.97%      
client [91] (testset)   loss: 0.0512 -> 0.0322  accuracy: 100.00% -> 100.00%    
client [57] (testset)   loss: 0.0902 -> 0.0315  accuracy: 97.45% -> 99.64%      
---------------------------- TRAINING EPOCH: 100 ----------------------------   
client [31] (testset)   loss: 0.5635 -> 0.1763  accuracy: 87.69% -> 92.31%      
client [15] (testset)   loss: 0.1899 -> 0.1435  accuracy: 93.44% -> 95.31%      
client [71] (testset)   loss: 0.0824 -> 0.0552  accuracy: 97.28% -> 96.74%      
client [97] (testset)   loss: 0.0398 -> 0.0355  accuracy: 98.70% -> 99.57%      
client [53] (testset)   loss: 0.0445 -> 0.0227  accuracy: 99.10% -> 99.10%      
client [77] (testset)   loss: 0.0419 -> 0.0239  accuracy: 98.45% -> 98.45%      
client [76] (testset)   loss: 0.5180 -> 0.5195  accuracy: 86.67% -> 86.67%      
client [79] (testset)   loss: 0.3354 -> 0.1453  accuracy: 89.16% -> 95.57%      
client [28] (testset)   loss: 0.0075 -> 0.0002  accuracy: 100.00% -> 100.00%    
client [99] (testset)   loss: 0.3340 -> 0.0244  accuracy: 86.84% -> 99.47%      
---------------------------- TRAINING EPOCH: 110 ----------------------------   
client [97] (testset)   loss: 0.0850 -> 0.0340  accuracy: 98.27% -> 99.13%      
client [86] (testset)   loss: 0.0009 -> 0.0007  accuracy: 100.00% -> 100.00%    
client [34] (testset)   loss: 0.1019 -> 0.0476  accuracy: 96.15% -> 96.15%      
client [73] (testset)   loss: 0.1157 -> 0.0140  accuracy: 95.42% -> 100.00%     
client [5]  (testset)   loss: 0.1127 -> 0.0927  accuracy: 97.62% -> 97.62%      
client [96] (testset)   loss: 0.2439 -> 0.1694  accuracy: 92.70% -> 95.62%      
client [22] (testset)   loss: 0.0073 -> 0.0010  accuracy: 100.00% -> 100.00%    
client [60] (testset)   loss: 0.1593 -> 0.1213  accuracy: 95.20% -> 96.68%      
client [66] (testset)   loss: 0.1134 -> 0.1035  accuracy: 96.41% -> 96.02%      
client [83] (testset)   loss: 0.0707 -> 0.0152  accuracy: 97.45% -> 98.73%      
---------------------------- TRAINING EPOCH: 120 ----------------------------   
client [76] (testset)   loss: 0.3724 -> 0.4396  accuracy: 86.67% -> 86.67%      
client [65] (testset)   loss: 0.6187 -> 0.3993  accuracy: 90.62% -> 93.75%      
client [95] (testset)   loss: 0.3812 -> 0.2296  accuracy: 88.89% -> 96.30%      
client [17] (testset)   loss: 0.1918 -> 0.1477  accuracy: 94.65% -> 95.72%      
client [8]  (testset)   loss: 0.3572 -> 0.1863  accuracy: 88.39% -> 94.94%      
client [35] (testset)   loss: 0.0182 -> 0.0047  accuracy: 98.65% -> 100.00%     
client [98] (testset)   loss: 0.5991 -> 0.5056  accuracy: 87.23% -> 91.49%      
client [53] (testset)   loss: 0.0298 -> 0.0107  accuracy: 98.80% -> 99.40%      
client [43] (testset)   loss: 0.1845 -> 0.1862  accuracy: 96.92% -> 96.92%      
client [64] (testset)   loss: 0.0626 -> 0.0487  accuracy: 96.99% -> 97.74%      
---------------------------- TRAINING EPOCH: 130 ----------------------------   
client [21] (testset)   loss: 0.3494 -> 0.1744  accuracy: 90.06% -> 95.65%      
client [88] (testset)   loss: 0.2349 -> 0.2549  accuracy: 92.68% -> 91.46%      
client [38] (testset)   loss: 0.3353 -> 0.3836  accuracy: 92.21% -> 92.21%      
client [3]  (testset)   loss: 0.1428 -> 0.1057  accuracy: 96.11% -> 97.67%      
client [5]  (testset)   loss: 0.0953 -> 0.0919  accuracy: 97.14% -> 97.14%      
client [41] (testset)   loss: 0.3092 -> 0.1481  accuracy: 92.34% -> 95.56%      
client [7]  (testset)   loss: 0.0268 -> 0.0097  accuracy: 98.25% -> 99.56%      
client [37] (testset)   loss: 0.1199 -> 0.1366  accuracy: 96.74% -> 95.65%      
client [45] (testset)   loss: 0.6125 -> 0.6037  accuracy: 91.89% -> 91.89%      
client [47] (testset)   loss: 0.4518 -> 0.2222  accuracy: 90.43% -> 92.83%      
---------------------------- TRAINING EPOCH: 140 ----------------------------   
client [16] (testset)   loss: 0.1919 -> 0.0055  accuracy: 92.50% -> 100.00%     
client [11] (testset)   loss: 0.2574 -> 0.2919  accuracy: 92.83% -> 90.13%      
client [37] (testset)   loss: 0.2222 -> 0.1866  accuracy: 94.57% -> 94.57%      
client [41] (testset)   loss: 0.2802 -> 0.1571  accuracy: 93.55% -> 94.76%      
client [95] (testset)   loss: 0.3817 -> 0.2106  accuracy: 92.59% -> 96.30%      
client [53] (testset)   loss: 0.0113 -> 0.0046  accuracy: 99.70% -> 99.70%      
client [22] (testset)   loss: 0.0075 -> 0.0010  accuracy: 100.00% -> 100.00%    
client [25] (testset)   loss: 0.0039 -> 0.0025  accuracy: 100.00% -> 100.00%    
client [69] (testset)   loss: 0.1047 -> 0.0695  accuracy: 96.30% -> 96.91%      
client [46] (testset)   loss: 0.1552 -> 0.1335  accuracy: 94.79% -> 95.83%      
---------------------------- TRAINING EPOCH: 150 ----------------------------   
client [47] (testset)   loss: 0.1470 -> 0.1144  accuracy: 95.00% -> 96.30%      
client [69] (testset)   loss: 0.0999 -> 0.0739  accuracy: 97.53% -> 98.15%      
client [82] (testset)   loss: 0.0790 -> 0.0999  accuracy: 98.97% -> 98.63%      
client [45] (testset)   loss: 0.6077 -> 0.5966  accuracy: 89.19% -> 86.49%      
client [7]  (testset)   loss: 0.0118 -> 0.0088  accuracy: 99.13% -> 99.56%      
client [50] (testset)   loss: 0.0912 -> 0.0305  accuracy: 97.72% -> 98.86%      
client [35] (testset)   loss: 0.0019 -> 0.0014  accuracy: 100.00% -> 100.00%    
client [24] (testset)   loss: 0.3616 -> 0.2525  accuracy: 90.86% -> 92.57%      
client [15] (testset)   loss: 0.1532 -> 0.1567  accuracy: 96.56% -> 95.62%      
client [58] (testset)   loss: 0.0936 -> 0.0533  accuracy: 97.96% -> 98.47%      
---------------------------- TRAINING EPOCH: 160 ----------------------------   
client [48] (testset)   loss: 0.0004 -> 0.0003  accuracy: 100.00% -> 100.00%    
client [76] (testset)   loss: 0.2243 -> 0.2065  accuracy: 86.67% -> 86.67%      
client [67] (testset)   loss: 0.1850 -> 0.1861  accuracy: 96.56% -> 96.91%      
client [37] (testset)   loss: 0.2234 -> 0.2061  accuracy: 94.57% -> 95.65%      
client [58] (testset)   loss: 0.0309 -> 0.0236  accuracy: 98.98% -> 98.98%      
client [64] (testset)   loss: 0.0836 -> 0.0779  accuracy: 97.74% -> 97.74%      
client [77] (testset)   loss: 0.0779 -> 0.0435  accuracy: 97.93% -> 98.45%      
client [55] (testset)   loss: 0.0420 -> 0.0005  accuracy: 98.34% -> 100.00%     
client [12] (testset)   loss: 0.1709 -> 0.1611  accuracy: 95.97% -> 97.04%      
client [89] (testset)   loss: 0.5189 -> 0.5079  accuracy: 94.74% -> 94.74%      
---------------------------- TRAINING EPOCH: 170 ----------------------------   
client [84] (testset)   loss: 0.0292 -> 0.0235  accuracy: 98.77% -> 98.77%      
client [51] (testset)   loss: 0.0101 -> 0.0083  accuracy: 99.51% -> 99.51%      
client [8]  (testset)   loss: 0.2524 -> 0.2325  accuracy: 93.75% -> 94.35%      
client [18] (testset)   loss: 0.0092 -> 0.0064  accuracy: 99.50% -> 99.50%      
client [94] (testset)   loss: 0.1726 -> 0.1226  accuracy: 94.66% -> 96.18%      
client [81] (testset)   loss: 0.0066 -> 0.0002  accuracy: 100.00% -> 100.00%    
client [3]  (testset)   loss: 0.2131 -> 0.1345  accuracy: 94.16% -> 97.67%      
client [11] (testset)   loss: 0.4595 -> 0.2805  accuracy: 89.24% -> 91.03%      
client [95] (testset)   loss: 0.2213 -> 0.2313  accuracy: 96.30% -> 96.30%      
client [67] (testset)   loss: 0.2065 -> 0.1976  accuracy: 94.85% -> 96.91%      
---------------------------- TRAINING EPOCH: 180 ----------------------------   
client [21] (testset)   loss: 0.3022 -> 0.3833  accuracy: 92.55% -> 91.93%      
client [79] (testset)   loss: 0.2210 -> 0.1255  accuracy: 94.09% -> 96.06%      
client [58] (testset)   loss: 0.1141 -> 0.0526  accuracy: 96.43% -> 98.47%      
client [88] (testset)   loss: 0.2768 -> 0.3164  accuracy: 93.90% -> 91.46%      
client [46] (testset)   loss: 0.1516 -> 0.1274  accuracy: 96.88% -> 95.83%      
client [11] (testset)   loss: 0.6096 -> 0.2722  accuracy: 83.41% -> 91.48%      
client [55] (testset)   loss: 0.0231 -> 0.0006  accuracy: 98.68% -> 100.00%     
client [13] (testset)   loss: 0.6172 -> 0.4255  accuracy: 88.46% -> 90.38%      
client [31] (testset)   loss: 0.3410 -> 0.3464  accuracy: 90.77% -> 90.77%      
client [75] (testset)   loss: 0.4017 -> 0.3396  accuracy: 89.95% -> 91.87%      
---------------------------- TRAINING EPOCH: 190 ----------------------------   
client [19] (testset)   loss: 0.1993 -> 0.1929  accuracy: 93.22% -> 91.53%      
client [7]  (testset)   loss: 0.0289 -> 0.0163  accuracy: 99.13% -> 99.56%      
client [57] (testset)   loss: 0.1028 -> 0.0374  accuracy: 97.45% -> 99.64%      
client [13] (testset)   loss: 0.4972 -> 0.4769  accuracy: 90.38% -> 90.38%      
client [43] (testset)   loss: 0.1501 -> 0.1574  accuracy: 96.92% -> 96.92%      
client [91] (testset)   loss: 0.0008 -> 0.0008  accuracy: 100.00% -> 100.00%    
client [10] (testset)   loss: 0.0276 -> 0.0122  accuracy: 97.06% -> 100.00%     
client [64] (testset)   loss: 0.0627 -> 0.0612  accuracy: 97.74% -> 97.74%      
client [82] (testset)   loss: 0.0919 -> 0.0993  accuracy: 98.97% -> 98.97%      
client [22] (testset)   loss: 0.0023 -> 0.0003  accuracy: 100.00% -> 100.00%    
---------------------------- TRAINING EPOCH: 200 ----------------------------   
client [20] (testset)   loss: 0.0664 -> 0.0473  accuracy: 99.19% -> 99.19%      
client [23] (testset)   loss: 0.1909 -> 0.1460  accuracy: 93.94% -> 95.96%      
client [88] (testset)   loss: 0.3287 -> 0.3428  accuracy: 91.46% -> 91.46%      
client [98] (testset)   loss: 0.7476 -> 0.6330  accuracy: 85.11% -> 87.23%      
client [79] (testset)   loss: 0.1782 -> 0.1270  accuracy: 93.10% -> 97.54%      
client [21] (testset)   loss: 0.2495 -> 0.2574  accuracy: 95.65% -> 95.65%      
client [92] (testset)   loss: 0.0488 -> 0.0428  accuracy: 97.08% -> 97.81%      
client [56] (testset)   loss: 0.4375 -> 0.4075  accuracy: 85.71% -> 89.08%      
client [5]  (testset)   loss: 0.1450 -> 0.0744  accuracy: 95.24% -> 98.57%      
client [52] (testset)   loss: 0.0486 -> 0.0442  accuracy: 98.31% -> 98.31%      
---------------------------- TRAINING EPOCH: 210 ----------------------------   
client [67] (testset)   loss: 0.1856 -> 0.1954  accuracy: 96.56% -> 96.91%      
client [54] (testset)   loss: 0.2326 -> 0.1149  accuracy: 92.21% -> 96.10%      
client [14] (testset)   loss: 0.3276 -> 0.2726  accuracy: 90.95% -> 93.10%      
client [99] (testset)   loss: 0.0154 -> 0.0225  accuracy: 99.47% -> 99.47%      
client [36] (testset)   loss: 0.1903 -> 0.1749  accuracy: 96.06% -> 96.39%      
client [30] (testset)   loss: 0.3942 -> 0.2968  accuracy: 95.19% -> 96.15%      
client [38] (testset)   loss: 0.3918 -> 0.4607  accuracy: 93.51% -> 94.81%      
client [15] (testset)   loss: 0.1768 -> 0.1719  accuracy: 95.62% -> 96.56%      
client [6]  (testset)   loss: 0.0120 -> 0.0098  accuracy: 100.00% -> 100.00%    
client [53] (testset)   loss: 0.0184 -> 0.0145  accuracy: 99.70% -> 99.40%      
---------------------------- TRAINING EPOCH: 220 ----------------------------   
client [99] (testset)   loss: 0.0115 -> 0.0237  accuracy: 99.47% -> 99.47%      
client [6]  (testset)   loss: 0.0310 -> 0.0105  accuracy: 98.70% -> 99.35%      
client [83] (testset)   loss: 0.0905 -> 0.0484  accuracy: 98.73% -> 98.73%      
client [42] (testset)   loss: 0.0507 -> 0.0525  accuracy: 98.91% -> 99.03%      
client [34] (testset)   loss: 0.2996 -> 0.1748  accuracy: 88.46% -> 96.15%      
client [15] (testset)   loss: 0.2139 -> 0.1834  accuracy: 94.38% -> 96.25%      
client [47] (testset)   loss: 0.1698 -> 0.1372  accuracy: 96.30% -> 96.96%      
client [55] (testset)   loss: 0.0381 -> 0.0018  accuracy: 98.34% -> 100.00%     
client [51] (testset)   loss: 0.0021 -> 0.0050  accuracy: 100.00% -> 99.51%     
client [95] (testset)   loss: 0.2622 -> 0.2860  accuracy: 96.30% -> 96.30%      
---------------------------- TRAINING EPOCH: 230 ----------------------------   
client [71] (testset)   loss: 0.0683 -> 0.0694  accuracy: 97.83% -> 97.83%      
client [15] (testset)   loss: 0.1878 -> 0.1860  accuracy: 96.56% -> 95.94%      
client [33] (testset)   loss: 0.0648 -> 0.0537  accuracy: 97.66% -> 98.25%      
client [99] (testset)   loss: 0.0140 -> 0.0186  accuracy: 99.47% -> 99.47%      
client [90] (testset)   loss: 0.0788 -> 0.0969  accuracy: 98.65% -> 97.97%      
client [57] (testset)   loss: 0.1029 -> 0.0454  accuracy: 98.54% -> 99.64%      
client [27] (testset)   loss: 0.0012 -> 0.0016  accuracy: 100.00% -> 100.00%    
client [78] (testset)   loss: 0.0267 -> 0.0157  accuracy: 99.21% -> 99.21%      
client [36] (testset)   loss: 0.2130 -> 0.2111  accuracy: 96.06% -> 96.06%      
client [88] (testset)   loss: 0.3427 -> 0.3291  accuracy: 91.46% -> 93.90%      
---------------------------- TRAINING EPOCH: 240 ----------------------------   
client [70] (testset)   loss: 0.1438 -> 0.1093  accuracy: 94.59% -> 94.59%      
client [35] (testset)   loss: 0.0029 -> 0.0018  accuracy: 100.00% -> 100.00%    
client [16] (testset)   loss: 0.0112 -> 0.0016  accuracy: 99.17% -> 100.00%     
client [80] (testset)   loss: 0.0075 -> 0.0091  accuracy: 100.00% -> 100.00%    
client [38] (testset)   loss: 0.4093 -> 0.5514  accuracy: 93.51% -> 90.91%      
client [78] (testset)   loss: 0.0030 -> 0.0028  accuracy: 100.00% -> 100.00%    
client [68] (testset)   loss: 0.0629 -> 0.0637  accuracy: 99.09% -> 99.09%      
client [11] (testset)   loss: 0.2902 -> 0.2753  accuracy: 93.27% -> 92.38%      
client [64] (testset)   loss: 0.1708 -> 0.1092  accuracy: 95.49% -> 96.99%      
client [82] (testset)   loss: 0.0651 -> 0.0725  accuracy: 99.32% -> 99.32%      
---------------------------- TRAINING EPOCH: 250 ----------------------------   
client [30] (testset)   loss: 0.3829 -> 0.3403  accuracy: 95.19% -> 95.19%      
client [27] (testset)   loss: 0.0007 -> 0.0005  accuracy: 100.00% -> 100.00%    
client [74] (testset)   loss: 0.0083 -> 0.0031  accuracy: 100.00% -> 100.00%    
client [45] (testset)   loss: 0.7056 -> 0.7004  accuracy: 83.78% -> 83.78%      
client [6]  (testset)   loss: 0.0185 -> 0.0153  accuracy: 99.35% -> 99.35%      
client [36] (testset)   loss: 0.2312 -> 0.2028  accuracy: 96.22% -> 96.39%      
client [63] (testset)   loss: 0.0069 -> 0.0074  accuracy: 100.00% -> 100.00%    
client [76] (testset)   loss: 0.2051 -> 0.2164  accuracy: 93.33% -> 93.33%      
client [83] (testset)   loss: 0.0612 -> 0.0505  accuracy: 98.73% -> 98.73%      
client [86] (testset)   loss: 0.0001 -> 0.0001  accuracy: 100.00% -> 100.00%    
---------------------------- TRAINING EPOCH: 260 ----------------------------   
client [83] (testset)   loss: 0.0786 -> 0.0686  accuracy: 98.73% -> 98.73%      
client [99] (testset)   loss: 0.0175 -> 0.0230  accuracy: 99.74% -> 99.47%      
client [74] (testset)   loss: 0.0162 -> 0.0147  accuracy: 100.00% -> 100.00%    
client [73] (testset)   loss: 0.0279 -> 0.0250  accuracy: 98.47% -> 99.24%      
client [29] (testset)   loss: 0.4750 -> 0.4683  accuracy: 87.34% -> 89.87%      
client [92] (testset)   loss: 0.0620 -> 0.0514  accuracy: 97.81% -> 97.08%      
client [6]  (testset)   loss: 0.0080 -> 0.0047  accuracy: 99.35% -> 100.00%     
client [61] (testset)   loss: 0.0108 -> 0.0048  accuracy: 98.78% -> 100.00%     
client [21] (testset)   loss: 0.2823 -> 0.3332  accuracy: 94.41% -> 95.03%      
client [67] (testset)   loss: 0.2450 -> 0.2400  accuracy: 96.91% -> 96.56%      
---------------------------- TRAINING EPOCH: 270 ----------------------------   
client [83] (testset)   loss: 0.0798 -> 0.0565  accuracy: 98.73% -> 98.73%      
client [32] (testset)   loss: 0.3589 -> 0.3044  accuracy: 92.78% -> 91.67%      
client [95] (testset)   loss: 0.2645 -> 0.2756  accuracy: 96.30% -> 96.30%      
client [61] (testset)   loss: 0.0314 -> 0.0051  accuracy: 98.78% -> 100.00%     
client [27] (testset)   loss: 0.0010 -> 0.0015  accuracy: 100.00% -> 100.00%    
client [25] (testset)   loss: 0.0501 -> 0.0103  accuracy: 98.08% -> 99.04%      
client [68] (testset)   loss: 0.0282 -> 0.0351  accuracy: 99.09% -> 99.09%      
client [34] (testset)   loss: 0.0520 -> 0.0434  accuracy: 100.00% -> 96.15%     
client [71] (testset)   loss: 0.0680 -> 0.0638  accuracy: 97.28% -> 97.28%      
client [89] (testset)   loss: 0.5346 -> 0.5660  accuracy: 94.74% -> 94.74%      
---------------------------- TRAINING EPOCH: 280 ----------------------------   
client [78] (testset)   loss: 0.0070 -> 0.0067  accuracy: 99.21% -> 99.21%      
client [81] (testset)   loss: 0.0012 -> 0.0003  accuracy: 100.00% -> 100.00%    
client [51] (testset)   loss: 0.0133 -> 0.0123  accuracy: 99.51% -> 99.51%      
client [54] (testset)   loss: 0.1808 -> 0.1194  accuracy: 93.51% -> 94.81%      
client [65] (testset)   loss: 0.7505 -> 0.5952  accuracy: 93.75% -> 93.75%      
client [41] (testset)   loss: 0.3851 -> 0.2284  accuracy: 93.55% -> 94.76%      
client [11] (testset)   loss: 0.3351 -> 0.3078  accuracy: 90.13% -> 91.93%      
client [85] (testset)   loss: 0.2917 -> 0.2530  accuracy: 98.25% -> 98.25%      
client [12] (testset)   loss: 0.2616 -> 0.2155  accuracy: 96.09% -> 96.80%      
client [23] (testset)   loss: 0.1867 -> 0.1877  accuracy: 94.95% -> 94.95%      
---------------------------- TRAINING EPOCH: 290 ----------------------------   
client [16] (testset)   loss: 0.0044 -> 0.0010  accuracy: 100.00% -> 100.00%    
client [65] (testset)   loss: 0.5613 -> 0.5613  accuracy: 93.75% -> 93.75%      
client [53] (testset)   loss: 0.0160 -> 0.0154  accuracy: 99.70% -> 99.70%      
client [58] (testset)   loss: 0.0503 -> 0.0491  accuracy: 98.98% -> 98.98%      
client [72] (testset)   loss: 0.0435 -> 0.0412  accuracy: 98.25% -> 98.25%      
client [7]  (testset)   loss: 0.0284 -> 0.0214  accuracy: 99.13% -> 99.13%      
client [71] (testset)   loss: 0.0761 -> 0.0653  accuracy: 97.83% -> 97.83%      
client [59] (testset)   loss: 0.4643 -> 0.4483  accuracy: 93.43% -> 93.43%      
client [86] (testset)   loss: 0.0000 -> 0.0000  accuracy: 100.00% -> 100.00%    
client [39] (testset)   loss: 0.0003 -> 0.0000  accuracy: 100.00% -> 100.00%    
---------------------------- TRAINING EPOCH: 300 ----------------------------   
client [99] (testset)   loss: 0.0172 -> 0.0316  accuracy: 99.47% -> 99.21%      
client [7]  (testset)   loss: 0.0172 -> 0.0146  accuracy: 99.13% -> 99.13%      
client [17] (testset)   loss: 0.1657 -> 0.1723  accuracy: 96.79% -> 96.79%      
client [64] (testset)   loss: 0.2029 -> 0.1743  accuracy: 97.74% -> 97.74%      
client [37] (testset)   loss: 0.2772 -> 0.2692  accuracy: 95.65% -> 95.65%      
client [29] (testset)   loss: 0.4253 -> 0.4390  accuracy: 89.87% -> 91.14%      
client [93] (testset)   loss: 0.0207 -> 0.0109  accuracy: 98.31% -> 100.00%     
client [73] (testset)   loss: 0.0673 -> 0.0375  accuracy: 98.47% -> 98.47%      
client [40] (testset)   loss: 0.2024 -> 0.2091  accuracy: 96.67% -> 96.67%      
client [76] (testset)   loss: 0.3387 -> 0.3362  accuracy: 93.33% -> 93.33%      
---------------------------- TRAINING EPOCH: 310 ----------------------------   
client [31] (testset)   loss: 0.5325 -> 0.5232  accuracy: 90.77% -> 90.77%      
client [89] (testset)   loss: 0.6691 -> 0.6736  accuracy: 94.74% -> 94.74%      
client [77] (testset)   loss: 0.1279 -> 0.0959  accuracy: 97.93% -> 98.45%      
client [90] (testset)   loss: 0.1645 -> 0.1595  accuracy: 97.97% -> 97.97%      
client [26] (testset)   loss: 0.0790 -> 0.0782  accuracy: 98.25% -> 98.25%      
client [50] (testset)   loss: 0.0730 -> 0.0647  accuracy: 98.86% -> 98.86%      
client [30] (testset)   loss: 0.4726 -> 0.4577  accuracy: 95.19% -> 95.19%      
client [70] (testset)   loss: 0.1458 -> 0.1319  accuracy: 94.59% -> 94.59%      
client [41] (testset)   loss: 0.3632 -> 0.2368  accuracy: 93.55% -> 94.76%      
client [99] (testset)   loss: 0.0153 -> 0.0422  accuracy: 99.47% -> 99.47%      
---------------------------- TRAINING EPOCH: 320 ----------------------------   
client [68] (testset)   loss: 0.0738 -> 0.0754  accuracy: 98.18% -> 98.18%      
client [70] (testset)   loss: 0.0277 -> 0.0255  accuracy: 100.00% -> 100.00%    
client [52] (testset)   loss: 0.0719 -> 0.0736  accuracy: 96.61% -> 96.61%      
client [1]  (testset)   loss: 0.4987 -> 0.5123  accuracy: 96.83% -> 96.83%      
client [2]  (testset)   loss: 0.0124 -> 0.0124  accuracy: 99.78% -> 99.78%      
client [67] (testset)   loss: 0.2883 -> 0.2821  accuracy: 96.22% -> 96.22%      
client [92] (testset)   loss: 0.0538 -> 0.0515  accuracy: 97.08% -> 97.08%      
client [35] (testset)   loss: 0.0055 -> 0.0046  accuracy: 100.00% -> 100.00%    
client [36] (testset)   loss: 0.2267 -> 0.2256  accuracy: 95.89% -> 96.22%      
client [64] (testset)   loss: 0.1648 -> 0.1472  accuracy: 97.74% -> 97.74%      
---------------------------- TRAINING EPOCH: 330 ----------------------------   
client [44] (testset)   loss: 0.0623 -> 0.0605  accuracy: 98.11% -> 98.11%      
client [6]  (testset)   loss: 0.0083 -> 0.0064  accuracy: 100.00% -> 100.00%    
client [12] (testset)   loss: 0.2666 -> 0.2178  accuracy: 96.45% -> 96.92%      
client [55] (testset)   loss: 0.0007 -> 0.0005  accuracy: 100.00% -> 100.00%    
client [29] (testset)   loss: 0.3823 -> 0.4004  accuracy: 92.41% -> 92.41%      
client [9]  (testset)   loss: 0.1683 -> 0.1234  accuracy: 96.18% -> 96.18%      
client [43] (testset)   loss: 0.1125 -> 0.1239  accuracy: 96.92% -> 96.92%      
client [77] (testset)   loss: 0.1014 -> 0.0847  accuracy: 98.45% -> 98.45%      
client [98] (testset)   loss: 0.6125 -> 0.6219  accuracy: 87.23% -> 89.36%      
client [78] (testset)   loss: 0.0173 -> 0.0121  accuracy: 99.21% -> 99.21%      
---------------------------- TRAINING EPOCH: 340 ----------------------------   
client [92] (testset)   loss: 0.0768 -> 0.0691  accuracy: 97.08% -> 97.08%      
client [80] (testset)   loss: 0.0114 -> 0.0048  accuracy: 100.00% -> 100.00%    
client [63] (testset)   loss: 0.0299 -> 0.0158  accuracy: 97.94% -> 98.97%      
client [76] (testset)   loss: 0.2894 -> 0.2910  accuracy: 93.33% -> 93.33%      
client [78] (testset)   loss: 0.0142 -> 0.0130  accuracy: 99.21% -> 99.21%      
client [25] (testset)   loss: 0.0087 -> 0.0019  accuracy: 99.04% -> 100.00%     
client [58] (testset)   loss: 0.0520 -> 0.0527  accuracy: 98.98% -> 98.98%      
client [13] (testset)   loss: 0.6202 -> 0.5878  accuracy: 90.06% -> 89.10%      
client [17] (testset)   loss: 0.1701 -> 0.1700  accuracy: 96.26% -> 97.33%      
client [38] (testset)   loss: 0.4799 -> 0.5632  accuracy: 93.51% -> 92.21%      
---------------------------- TRAINING EPOCH: 350 ----------------------------   
client [72] (testset)   loss: 0.0511 -> 0.0458  accuracy: 98.25% -> 98.25%      
client [82] (testset)   loss: 0.1055 -> 0.1060  accuracy: 99.32% -> 98.97%      
client [86] (testset)   loss: 0.0000 -> 0.0000  accuracy: 100.00% -> 100.00%    
client [51] (testset)   loss: 0.0049 -> 0.0028  accuracy: 99.51% -> 100.00%     
client [96] (testset)   loss: 0.2344 -> 0.2169  accuracy: 96.35% -> 95.62%      
client [42] (testset)   loss: 0.0712 -> 0.0735  accuracy: 98.67% -> 98.67%      
client [55] (testset)   loss: 0.0263 -> 0.0072  accuracy: 99.01% -> 99.67%      
client [13] (testset)   loss: 0.6690 -> 0.6107  accuracy: 90.71% -> 89.74%      
client [1]  (testset)   loss: 0.5222 -> 0.5174  accuracy: 96.83% -> 96.83%      
client [12] (testset)   loss: 0.2465 -> 0.2249  accuracy: 96.45% -> 97.04%      
---------------------------- TRAINING EPOCH: 360 ----------------------------   
client [68] (testset)   loss: 0.0772 -> 0.0765  accuracy: 99.09% -> 99.09%      
client [23] (testset)   loss: 0.2133 -> 0.2238  accuracy: 93.94% -> 93.94%      
client [46] (testset)   loss: 0.1372 -> 0.1370  accuracy: 96.88% -> 96.88%      
client [41] (testset)   loss: 0.2849 -> 0.2500  accuracy: 94.35% -> 94.76%      
client [25] (testset)   loss: 0.0003 -> 0.0007  accuracy: 100.00% -> 100.00%    
client [58] (testset)   loss: 0.0526 -> 0.0483  accuracy: 98.98% -> 98.98%      
client [14] (testset)   loss: 0.4394 -> 0.4005  accuracy: 91.43% -> 92.86%      
client [33] (testset)   loss: 0.0363 -> 0.0425  accuracy: 98.25% -> 98.25%      
client [85] (testset)   loss: 0.2495 -> 0.2499  accuracy: 98.25% -> 98.25%      
client [62] (testset)   loss: 0.0385 -> 0.0445  accuracy: 95.00% -> 95.00%      
---------------------------- TRAINING EPOCH: 370 ----------------------------   
client [98] (testset)   loss: 0.7762 -> 0.7785  accuracy: 87.23% -> 87.23%      
client [63] (testset)   loss: 0.0130 -> 0.0122  accuracy: 98.97% -> 98.97%      
client [70] (testset)   loss: 0.0178 -> 0.0173  accuracy: 100.00% -> 100.00%    
client [65] (testset)   loss: 0.4976 -> 0.5114  accuracy: 96.88% -> 96.88%      
client [14] (testset)   loss: 0.3984 -> 0.3851  accuracy: 92.14% -> 92.62%      
client [73] (testset)   loss: 0.0652 -> 0.0571  accuracy: 98.47% -> 98.47%      
client [34] (testset)   loss: 0.1348 -> 0.1276  accuracy: 92.31% -> 92.31%      
client [99] (testset)   loss: 0.0112 -> 0.0158  accuracy: 99.47% -> 99.47%      
client [69] (testset)   loss: 0.0742 -> 0.0678  accuracy: 96.91% -> 97.53%      
client [46] (testset)   loss: 0.1122 -> 0.1076  accuracy: 96.88% -> 96.88%      
---------------------------- TRAINING EPOCH: 380 ----------------------------   
client [99] (testset)   loss: 0.0170 -> 0.0211  accuracy: 99.47% -> 99.21%      
client [93] (testset)   loss: 0.0047 -> 0.0031  accuracy: 100.00% -> 100.00%    
client [11] (testset)   loss: 0.3509 -> 0.3675  accuracy: 91.93% -> 91.93%      
client [58] (testset)   loss: 0.1041 -> 0.0954  accuracy: 98.47% -> 98.98%      
client [81] (testset)   loss: 0.0000 -> 0.0000  accuracy: 100.00% -> 100.00%    
client [85] (testset)   loss: 0.3233 -> 0.2990  accuracy: 98.25% -> 98.25%      
client [89] (testset)   loss: 0.6202 -> 0.6406  accuracy: 94.74% -> 94.74%      
client [45] (testset)   loss: 0.8855 -> 0.8436  accuracy: 89.19% -> 89.19%      
client [8]  (testset)   loss: 0.3819 -> 0.3787  accuracy: 94.94% -> 94.94%      
client [68] (testset)   loss: 0.0612 -> 0.0615  accuracy: 99.09% -> 99.09%      
---------------------------- TRAINING EPOCH: 390 ----------------------------   
client [67] (testset)   loss: 0.2786 -> 0.2754  accuracy: 96.56% -> 96.56%      
client [72] (testset)   loss: 0.0066 -> 0.0052  accuracy: 100.00% -> 100.00%    
client [1]  (testset)   loss: 0.4471 -> 0.4475  accuracy: 95.24% -> 96.83%      
client [78] (testset)   loss: 0.0135 -> 0.0089  accuracy: 99.21% -> 99.21%      
client [83] (testset)   loss: 0.0910 -> 0.0875  accuracy: 98.73% -> 98.73%      
client [21] (testset)   loss: 0.3208 -> 0.3091  accuracy: 95.03% -> 95.03%      
client [56] (testset)   loss: 0.3915 -> 0.3964  accuracy: 89.08% -> 90.76%      
client [44] (testset)   loss: 0.0565 -> 0.0487  accuracy: 98.11% -> 98.11%      
client [92] (testset)   loss: 0.0589 -> 0.0597  accuracy: 97.81% -> 97.08%      
client [27] (testset)   loss: 0.0003 -> 0.0004  accuracy: 100.00% -> 100.00%    
---------------------------- TRAINING EPOCH: 400 ----------------------------   
client [10] (testset)   loss: 0.0020 -> 0.0018  accuracy: 100.00% -> 100.00%    
client [39] (testset)   loss: 0.0001 -> 0.0000  accuracy: 100.00% -> 100.00%    
client [65] (testset)   loss: 0.3624 -> 0.3763  accuracy: 96.88% -> 96.88%      
client [26] (testset)   loss: 0.1434 -> 0.0822  accuracy: 98.25% -> 98.41%      
client [19] (testset)   loss: 0.1258 -> 0.1359  accuracy: 96.61% -> 96.61%      
client [68] (testset)   loss: 0.0829 -> 0.0810  accuracy: 99.09% -> 99.09%      
client [41] (testset)   loss: 0.3694 -> 0.2311  accuracy: 93.55% -> 94.76%      
client [50] (testset)   loss: 0.0869 -> 0.0640  accuracy: 98.58% -> 98.86%      
client [75] (testset)   loss: 0.4787 -> 0.4604  accuracy: 91.39% -> 91.87%      
client [81] (testset)   loss: 0.0000 -> 0.0000  accuracy: 100.00% -> 100.00%    
Training... ━━━━━━━━━━━━━━━━━━━━━━━━━━━━━━━━━━━━━━━━ 100% 0:08:09
PSFL's average time taken by each global epoch: 0 min 1.21 sec.                 
PSFL's total running time: 0 h 8 m 9 s.                                         
==================== PSFL Experiment Results: ====================              
Display format: (before local fine-tuning) -> (after local fine-tuning)         
 So if finetune_epoch = 0, x.xx% -> 0.00% is normal.                            
 Centralized testing ONLY happens after model aggregation, so the stats between 
'->' are the same.                                                              
{                                                                               
    "100": {                                                                    
        "all_clients": {                                                        
            "test": {                                                           
                "loss": "0.1730 -> 0.0000",                                     
                "accuracy": "94.80% -> 0.00%"                                   
            }                                                                   
        }                                                                       
    },                                                                          
    "200": {                                                                    
        "all_clients": {                                                        
            "test": {                                                           
                "loss": "0.1479 -> 0.0000",                                     
                "accuracy": "96.68% -> 0.00%"                                   
            }                                                                   
        }                                                                       
    },                                                                          
    "300": {                                                                    
        "all_clients": {                                                        
            "test": {                                                           
                "loss": "0.1783 -> 0.0000",                                     
                "accuracy": "96.94% -> 0.00%"                                   
            }                                                                   
        }                                                                       
    },                                                                          
    "400": {                                                                    
        "all_clients": {                                                        
            "test": {                                                           
                "loss": "0.1757 -> 0.0000",                                     
                "accuracy": "96.87% -> 0.00%"                                   
            }                                                                   
        }                                                                       
    }                                                                           
}                                                                               
==================== PSFL Max Accuracy ====================                     
all_clients:                                                                    
(test) before fine-tuning: 96.94% at epoch 300                                  
(test) after fine-tuning: 0.00% at epoch 100                                    
