==================== PSFL ====================                                  
Experiment Arguments:                                                           
{
│   'method': 'psfl',
│   'dataset': {
│   │   'name': 'svhn',
│   │   'client_num': 100,
│   │   'test_ratio': 0.25,
│   │   'val_ratio': 0.0,
│   │   'seed': 42,
│   │   'split': 'sample',
│   │   'IID_ratio': 0.0,
│   │   'monitor_window_name_suffix': 'svhn-100clients-0%IID-Dir(0.1)-seed42',
│   │   'alpha': 0.1,
│   │   'min_samples_per_client': 10
│   },
│   'model': {
│   │   'name': 'avgcnn',
│   │   'use_torchvision_pretrained_weights': True,
│   │   'external_model_weights_path': None
│   },
│   'optimizer': {
│   │   'lr': 0.01,
│   │   'dampening': 0,
│   │   'weight_decay': 0,
│   │   'momentum': 0,
│   │   'nesterov': False,
│   │   'name': 'sgd'
│   },
│   'mode': 'sequential',
│   'parallel': {
│   │   'ray_cluster_addr': None,
│   │   'num_cpus': None,
│   │   'num_gpus': None,
│   │   'num_workers': 2
│   },
│   'common': {
│   │   'seed': 42,
│   │   'join_ratio': 0.1,
│   │   'global_epoch': 400,
│   │   'local_epoch': 5,
│   │   'batch_size': 32,
│   │   'reset_optimizer_on_global_epoch': True,
│   │   'straggler_ratio': 0,
│   │   'straggler_min_local_epoch': 0,
│   │   'buffers': 'global',
│   │   'client_side_evaluation': True,
│   │   'test': {
│   │   │   'client': {
│   │   │   │   'interval': 100,
│   │   │   │   'finetune_epoch': 0,
│   │   │   │   'train': False,
│   │   │   │   'val': False,
│   │   │   │   'test': True
│   │   │   },
│   │   │   'server': {
│   │   │   │   'interval': -1,
│   │   │   │   'train': False,
│   │   │   │   'val': False,
│   │   │   │   'test': False,
│   │   │   │   'model_in_train_mode': False
│   │   │   }
│   │   },
│   │   'verbose_gap': 10,
│   │   'monitor': None,
│   │   'use_cuda': True,
│   │   'save_log': True,
│   │   'save_model': False,
│   │   'save_learning_curve_plot': False,
│   │   'save_metrics': True,
│   │   'delete_useless_run': True
│   },
│   'psfl': {
│   │   'alpha': 0.0,
│   │   'CLS': False,
│   │   'ig_ratio': 0.8,
│   │   'track': False,
│   │   'score': 'diff'
│   }
}
---------------------------- TRAINING EPOCH: 10 ----------------------------    
client [77] (testset)   loss: 1.0739 -> 0.7162  accuracy: 54.96% -> 74.58%      
client [81] (testset)   loss: 0.8064 -> 0.7939  accuracy: 83.87% -> 83.87%      
client [21] (testset)   loss: 2.2154 -> 1.2649  accuracy: 27.78% -> 52.78%      
client [68] (testset)   loss: 0.2744 -> 0.2159  accuracy: 95.83% -> 95.83%      
client [93] (testset)   loss: 1.1583 -> 1.1859  accuracy: 51.61% -> 47.10%      
client [31] (testset)   loss: 0.9288 -> 0.8619  accuracy: 65.71% -> 71.43%      
client [20] (testset)   loss: 1.5017 -> 1.2564  accuracy: 41.15% -> 61.98%      
client [59] (testset)   loss: 2.2808 -> 1.3164  accuracy: 0.00% -> 49.74%       
client [48] (testset)   loss: 2.0802 -> 2.1016  accuracy: 24.24% -> 24.24%      
client [34] (testset)   loss: 1.6004 -> 1.5179  accuracy: 36.36% -> 31.82%      
---------------------------- TRAINING EPOCH: 20 ----------------------------    
client [69] (testset)   loss: 1.3350 -> 1.2148  accuracy: 49.01% -> 56.95%      
client [99] (testset)   loss: 1.3608 -> 0.5351  accuracy: 28.81% -> 84.52%      
client [67] (testset)   loss: 0.9337 -> 0.6157  accuracy: 74.70% -> 74.70%      
client [0]  (testset)   loss: 1.0431 -> 0.7345  accuracy: 58.33% -> 74.12%      
client [76] (testset)   loss: 0.1117 -> 0.0769  accuracy: 99.36% -> 99.36%      
client [41] (testset)   loss: 1.2344 -> 0.7522  accuracy: 53.37% -> 74.20%      
client [62] (testset)   loss: 2.2303 -> 1.1235  accuracy: 10.92% -> 62.23%      
client [2]  (testset)   loss: 2.1708 -> 0.1388  accuracy: 1.22% -> 96.25%       
client [14] (testset)   loss: 0.5587 -> 0.5696  accuracy: 89.88% -> 89.88%      
client [46] (testset)   loss: 1.5720 -> 1.5000  accuracy: 52.63% -> 55.26%      
---------------------------- TRAINING EPOCH: 30 ----------------------------    
client [24] (testset)   loss: 0.6166 -> 0.5345  accuracy: 82.30% -> 82.92%      
client [68] (testset)   loss: 0.1992 -> 0.2354  accuracy: 95.83% -> 95.83%      
client [57] (testset)   loss: 0.6354 -> 0.3563  accuracy: 77.93% -> 88.06%      
client [17] (testset)   loss: 0.2082 -> 0.2645  accuracy: 96.06% -> 95.28%      
client [54] (testset)   loss: 0.8137 -> 0.4954  accuracy: 75.26% -> 89.69%      
client [23] (testset)   loss: 2.4023 -> 0.6554  accuracy: 0.00% -> 85.05%       
client [35] (testset)   loss: 0.2001 -> 0.2617  accuracy: 94.96% -> 94.42%      
client [59] (testset)   loss: 0.8550 -> 0.8685  accuracy: 66.06% -> 65.80%      
client [31] (testset)   loss: 0.9988 -> 0.8432  accuracy: 37.14% -> 65.71%      
client [9]  (testset)   loss: 1.2221 -> 1.1807  accuracy: 41.13% -> 52.48%      
---------------------------- TRAINING EPOCH: 40 ----------------------------    
client [64] (testset)   loss: 0.9777 -> 0.8823  accuracy: 71.11% -> 66.67%      
client [33] (testset)   loss: 0.2452 -> 0.2495  accuracy: 94.15% -> 95.08%      
client [16] (testset)   loss: 0.6668 -> 0.7502  accuracy: 77.78% -> 69.14%      
client [44] (testset)   loss: 1.6349 -> 1.2334  accuracy: 42.27% -> 48.45%      
client [8]  (testset)   loss: 0.7885 -> 0.7943  accuracy: 81.25% -> 81.25%      
client [31] (testset)   loss: 1.0372 -> 0.6622  accuracy: 34.29% -> 71.43%      
client [47] (testset)   loss: 0.2117 -> 0.1993  accuracy: 92.98% -> 93.64%      
client [36] (testset)   loss: 1.5765 -> 1.1068  accuracy: 60.00% -> 40.00%      
client [20] (testset)   loss: 1.0532 -> 0.7590  accuracy: 63.54% -> 78.12%      
client [56] (testset)   loss: 0.4265 -> 0.3913  accuracy: 86.51% -> 89.12%      
---------------------------- TRAINING EPOCH: 50 ----------------------------    
client [4]  (testset)   loss: 0.0084 -> 0.0044  accuracy: 100.00% -> 100.00%    
client [60] (testset)   loss: 0.0091 -> 0.0026  accuracy: 100.00% -> 100.00%    
client [28] (testset)   loss: 0.2478 -> 0.2547  accuracy: 93.40% -> 94.34%      
client [25] (testset)   loss: 0.7645 -> 0.7585  accuracy: 87.50% -> 87.50%      
client [58] (testset)   loss: 0.5217 -> 0.4535  accuracy: 83.91% -> 88.51%      
client [44] (testset)   loss: 1.1924 -> 1.1242  accuracy: 47.42% -> 53.61%      
client [39] (testset)   loss: 0.8425 -> 0.7939  accuracy: 53.66% -> 63.41%      
client [29] (testset)   loss: 0.5890 -> 0.5747  accuracy: 82.19% -> 85.04%      
client [3]  (testset)   loss: 0.4150 -> 0.2779  accuracy: 85.14% -> 91.57%      
client [84] (testset)   loss: 0.9192 -> 0.8810  accuracy: 74.66% -> 75.11%      
---------------------------- TRAINING EPOCH: 60 ----------------------------    
client [21] (testset)   loss: 1.2726 -> 1.2692  accuracy: 61.11% -> 52.78%      
client [84] (testset)   loss: 0.9861 -> 0.8568  accuracy: 71.95% -> 76.92%      
client [10] (testset)   loss: 0.2593 -> 0.2578  accuracy: 92.26% -> 92.05%      
client [36] (testset)   loss: 1.1033 -> 1.1726  accuracy: 40.00% -> 50.00%      
client [65] (testset)   loss: 0.0829 -> 0.0836  accuracy: 97.60% -> 97.86%      
client [81] (testset)   loss: 0.7349 -> 0.7235  accuracy: 83.87% -> 83.87%      
client [79] (testset)   loss: 0.1678 -> 0.3072  accuracy: 95.58% -> 92.01%      
client [42] (testset)   loss: 0.5324 -> 0.6149  accuracy: 83.82% -> 81.62%      
client [11] (testset)   loss: 1.0876 -> 0.9866  accuracy: 68.83% -> 70.13%      
client [96] (testset)   loss: 0.2593 -> 0.2437  accuracy: 94.64% -> 94.64%      
---------------------------- TRAINING EPOCH: 70 ----------------------------    
client [8]  (testset)   loss: 0.8839 -> 0.7046  accuracy: 81.25% -> 81.25%      
client [53] (testset)   loss: 0.3060 -> 0.2321  accuracy: 92.58% -> 94.76%      
client [52] (testset)   loss: 0.1455 -> 0.1401  accuracy: 95.72% -> 95.19%      
client [42] (testset)   loss: 0.5091 -> 0.5091  accuracy: 83.09% -> 83.82%      
client [69] (testset)   loss: 0.9375 -> 0.8267  accuracy: 66.23% -> 76.16%      
client [59] (testset)   loss: 0.4456 -> 0.4673  accuracy: 83.42% -> 84.20%      
client [7]  (testset)   loss: 0.2075 -> 0.1888  accuracy: 93.50% -> 93.14%      
client [26] (testset)   loss: 0.3356 -> 0.4181  accuracy: 93.63% -> 92.99%      
client [49] (testset)   loss: 0.5512 -> 0.5072  accuracy: 83.78% -> 85.95%      
client [98] (testset)   loss: 1.0324 -> 0.6985  accuracy: 83.33% -> 84.13%      
---------------------------- TRAINING EPOCH: 80 ----------------------------    
client [98] (testset)   loss: 0.7010 -> 0.7169  accuracy: 84.13% -> 83.73%      
client [47] (testset)   loss: 0.1906 -> 0.2141  accuracy: 93.91% -> 94.57%      
client [21] (testset)   loss: 1.3715 -> 1.2530  accuracy: 38.89% -> 55.56%      
client [77] (testset)   loss: 0.7067 -> 0.6896  accuracy: 84.50% -> 84.02%      
client [95] (testset)   loss: 0.4869 -> 0.4914  accuracy: 79.79% -> 80.85%      
client [91] (testset)   loss: 0.7540 -> 0.6635  accuracy: 78.34% -> 81.53%      
client [14] (testset)   loss: 0.6160 -> 0.5187  accuracy: 89.88% -> 89.88%      
client [99] (testset)   loss: 0.3967 -> 0.3854  accuracy: 90.71% -> 87.38%      
client [20] (testset)   loss: 0.6579 -> 0.7158  accuracy: 79.17% -> 81.25%      
client [39] (testset)   loss: 0.7191 -> 0.6673  accuracy: 65.85% -> 70.73%      
---------------------------- TRAINING EPOCH: 90 ----------------------------    
client [52] (testset)   loss: 0.1410 -> 0.1636  accuracy: 95.37% -> 95.37%      
client [62] (testset)   loss: 0.5048 -> 0.5425  accuracy: 87.77% -> 87.99%      
client [71] (testset)   loss: 0.4863 -> 0.4081  accuracy: 85.25% -> 90.16%      
client [97] (testset)   loss: 0.3831 -> 0.2334  accuracy: 86.62% -> 94.27%      
client [30] (testset)   loss: 0.1680 -> 0.1464  accuracy: 96.83% -> 96.83%      
client [88] (testset)   loss: 0.2159 -> 0.2154  accuracy: 95.08% -> 95.08%      
client [60] (testset)   loss: 0.0017 -> 0.0009  accuracy: 100.00% -> 100.00%    
client [82] (testset)   loss: 1.1826 -> 1.4276  accuracy: 52.63% -> 47.37%      
client [91] (testset)   loss: 0.6573 -> 0.6623  accuracy: 82.80% -> 82.80%      
client [57] (testset)   loss: 0.3387 -> 0.4389  accuracy: 89.64% -> 84.91%      
---------------------------- TRAINING EPOCH: 100 ----------------------------   
client [31] (testset)   loss: 0.5153 -> 0.4616  accuracy: 88.57% -> 74.29%      
client [15] (testset)   loss: 0.3905 -> 0.4234  accuracy: 91.04% -> 92.02%      
client [71] (testset)   loss: 0.3809 -> 0.9080  accuracy: 90.71% -> 73.22%      
client [97] (testset)   loss: 0.2148 -> 0.3039  accuracy: 95.75% -> 90.23%      
client [53] (testset)   loss: 0.2132 -> 0.3178  accuracy: 94.76% -> 94.32%      
client [77] (testset)   loss: 0.6828 -> 0.7059  accuracy: 85.47% -> 85.47%      
client [76] (testset)   loss: 0.0687 -> 0.0490  accuracy: 99.36% -> 99.36%      
client [79] (testset)   loss: 0.1638 -> 0.1565  accuracy: 95.24% -> 95.24%      
client [28] (testset)   loss: 0.2933 -> 0.3100  accuracy: 94.34% -> 93.87%      
client [99] (testset)   loss: 0.3568 -> 0.4657  accuracy: 90.48% -> 89.76%      
---------------------------- TRAINING EPOCH: 110 ----------------------------   
client [97] (testset)   loss: 0.2819 -> 0.2361  accuracy: 91.30% -> 95.12%      
client [86] (testset)   loss: 0.3894 -> 0.2970  accuracy: 88.71% -> 90.86%      
client [34] (testset)   loss: 1.4658 -> 1.6534  accuracy: 40.91% -> 45.45%      
client [73] (testset)   loss: 0.0413 -> 0.0395  accuracy: 99.57% -> 99.57%      
client [5]  (testset)   loss: 0.7028 -> 0.7003  accuracy: 81.25% -> 81.25%      
client [96] (testset)   loss: 0.2128 -> 0.2237  accuracy: 94.64% -> 94.64%      
client [22] (testset)   loss: 1.4956 -> 1.5727  accuracy: 56.25% -> 46.88%      
client [60] (testset)   loss: 0.0007 -> 0.0005  accuracy: 100.00% -> 100.00%    
client [66] (testset)   loss: 0.4928 -> 0.4417  accuracy: 81.48% -> 85.19%      
client [83] (testset)   loss: 1.7148 -> 1.5079  accuracy: 30.77% -> 23.08%      
---------------------------- TRAINING EPOCH: 120 ----------------------------   
client [76] (testset)   loss: 0.0480 -> 0.0463  accuracy: 99.36% -> 99.36%      
client [65] (testset)   loss: 0.0693 -> 0.0751  accuracy: 98.00% -> 98.13%      
client [95] (testset)   loss: 0.4776 -> 0.5291  accuracy: 87.23% -> 84.04%      
client [17] (testset)   loss: 0.1458 -> 0.1338  accuracy: 96.06% -> 96.06%      
client [8]  (testset)   loss: 0.6651 -> 0.6825  accuracy: 81.25% -> 81.25%      
client [35] (testset)   loss: 0.3544 -> 0.2691  accuracy: 94.96% -> 95.32%      
client [98] (testset)   loss: 0.7325 -> 1.0350  accuracy: 84.92% -> 84.92%      
client [53] (testset)   loss: 0.2281 -> 0.2664  accuracy: 94.32% -> 94.76%      
client [43] (testset)   loss: 0.4823 -> 0.4252  accuracy: 88.06% -> 89.18%      
client [64] (testset)   loss: 0.5222 -> 0.5792  accuracy: 85.19% -> 85.19%      
---------------------------- TRAINING EPOCH: 130 ----------------------------   
client [21] (testset)   loss: 1.2063 -> 1.6225  accuracy: 50.00% -> 38.89%      
client [88] (testset)   loss: 0.1939 -> 0.2410  accuracy: 95.41% -> 90.82%      
client [38] (testset)   loss: 0.2916 -> 0.3457  accuracy: 94.97% -> 94.97%      
client [3]  (testset)   loss: 0.2558 -> 0.3231  accuracy: 92.37% -> 91.57%      
client [5]  (testset)   loss: 0.5558 -> 0.6503  accuracy: 82.81% -> 81.25%      
client [41] (testset)   loss: 0.7082 -> 0.7460  accuracy: 87.10% -> 87.22%      
client [7]  (testset)   loss: 0.2016 -> 0.1859  accuracy: 92.78% -> 92.06%      
client [37] (testset)   loss: 0.0880 -> 0.0800  accuracy: 98.58% -> 98.58%      
client [45] (testset)   loss: 0.3564 -> 0.3452  accuracy: 93.75% -> 93.75%      
client [47] (testset)   loss: 0.2308 -> 0.2570  accuracy: 94.44% -> 94.04%      
---------------------------- TRAINING EPOCH: 140 ----------------------------   
client [16] (testset)   loss: 0.2871 -> 0.2694  accuracy: 95.06% -> 93.83%      
client [11] (testset)   loss: 0.7621 -> 0.8563  accuracy: 77.92% -> 77.92%      
client [37] (testset)   loss: 0.0816 -> 0.0732  accuracy: 98.58% -> 98.58%      
client [41] (testset)   loss: 0.7595 -> 0.7667  accuracy: 87.34% -> 86.51%      
client [95] (testset)   loss: 0.5398 -> 0.5427  accuracy: 85.11% -> 86.17%      
client [53] (testset)   loss: 0.2571 -> 0.2570  accuracy: 94.76% -> 94.76%      
client [22] (testset)   loss: 1.4981 -> 1.5648  accuracy: 53.12% -> 50.00%      
client [25] (testset)   loss: 0.8156 -> 0.8298  accuracy: 87.50% -> 87.50%      
client [69] (testset)   loss: 0.9100 -> 0.8135  accuracy: 76.82% -> 78.15%      
client [46] (testset)   loss: 1.4303 -> 1.4917  accuracy: 55.26% -> 65.79%      
---------------------------- TRAINING EPOCH: 150 ----------------------------   
client [47] (testset)   loss: 0.2762 -> 0.2845  accuracy: 94.30% -> 94.44%      
client [69] (testset)   loss: 0.8311 -> 0.8924  accuracy: 78.81% -> 78.81%      
client [82] (testset)   loss: 1.0534 -> 1.1552  accuracy: 68.42% -> 52.63%      
client [45] (testset)   loss: 0.3470 -> 0.3265  accuracy: 93.75% -> 93.75%      
client [7]  (testset)   loss: 0.1869 -> 0.1858  accuracy: 92.42% -> 92.78%      
client [50] (testset)   loss: 0.7361 -> 0.7510  accuracy: 73.81% -> 73.81%      
client [35] (testset)   loss: 0.2833 -> 0.2943  accuracy: 95.32% -> 95.32%      
client [24] (testset)   loss: 0.4357 -> 0.3865  accuracy: 90.06% -> 90.68%      
client [15] (testset)   loss: 0.4863 -> 0.5086  accuracy: 91.32% -> 91.74%      
client [58] (testset)   loss: 0.7263 -> 0.7325  accuracy: 87.36% -> 87.36%      
---------------------------- TRAINING EPOCH: 160 ----------------------------   
client [48] (testset)   loss: 1.8669 -> 2.6081  accuracy: 45.45% -> 42.42%      
client [76] (testset)   loss: 0.0331 -> 0.0477  accuracy: 99.36% -> 99.36%      
client [67] (testset)   loss: 0.2925 -> 0.2604  accuracy: 89.33% -> 91.70%      
client [37] (testset)   loss: 0.0777 -> 0.0719  accuracy: 98.58% -> 98.58%      
client [58] (testset)   loss: 0.7393 -> 0.7746  accuracy: 87.36% -> 87.36%      
client [64] (testset)   loss: 0.5145 -> 0.5352  accuracy: 84.44% -> 84.44%      
client [77] (testset)   loss: 0.8035 -> 0.8146  accuracy: 85.47% -> 84.75%      
client [55] (testset)   loss: 0.5613 -> 0.6241  accuracy: 88.27% -> 88.27%      
client [12] (testset)   loss: 0.1542 -> 0.2192  accuracy: 100.00% -> 100.00%    
client [89] (testset)   loss: 0.3628 -> 0.3352  accuracy: 90.20% -> 88.73%      
---------------------------- TRAINING EPOCH: 170 ----------------------------   
client [84] (testset)   loss: 1.2631 -> 1.2835  accuracy: 79.19% -> 78.28%      
client [51] (testset)   loss: 0.3490 -> 0.3616  accuracy: 90.87% -> 90.87%      
client [8]  (testset)   loss: 0.6590 -> 0.5619  accuracy: 75.00% -> 87.50%      
client [18] (testset)   loss: 0.3596 -> 0.3735  accuracy: 89.53% -> 87.98%      
client [94] (testset)   loss: 0.3140 -> 0.3126  accuracy: 94.17% -> 94.48%      
client [81] (testset)   loss: 0.6360 -> 0.6838  accuracy: 80.65% -> 83.87%      
client [3]  (testset)   loss: 0.2489 -> 0.2476  accuracy: 93.98% -> 94.38%      
client [11] (testset)   loss: 0.8349 -> 0.7257  accuracy: 79.22% -> 79.22%      
client [95] (testset)   loss: 0.6243 -> 0.6207  accuracy: 86.17% -> 88.30%      
client [67] (testset)   loss: 0.2649 -> 0.2719  accuracy: 90.51% -> 90.51%      
---------------------------- TRAINING EPOCH: 180 ----------------------------   
client [21] (testset)   loss: 1.0696 -> 1.0953  accuracy: 66.67% -> 61.11%      
client [79] (testset)   loss: 0.2178 -> 0.2245  accuracy: 96.26% -> 96.09%      
client [58] (testset)   loss: 0.7935 -> 0.7995  accuracy: 86.97% -> 87.74%      
client [88] (testset)   loss: 0.1996 -> 0.2200  accuracy: 94.43% -> 96.07%      
client [46] (testset)   loss: 1.4267 -> 1.4863  accuracy: 71.05% -> 68.42%      
client [11] (testset)   loss: 0.7262 -> 0.8958  accuracy: 80.52% -> 81.82%      
client [55] (testset)   loss: 0.7695 -> 0.7985  accuracy: 88.78% -> 89.54%      
client [13] (testset)   loss: 0.4613 -> 0.4712  accuracy: 90.00% -> 90.50%      
client [31] (testset)   loss: 0.5003 -> 0.5635  accuracy: 88.57% -> 88.57%      
client [75] (testset)   loss: 0.4783 -> 0.5141  accuracy: 86.11% -> 85.42%      
---------------------------- TRAINING EPOCH: 190 ----------------------------   
client [19] (testset)   loss: 0.5083 -> 0.5141  accuracy: 86.30% -> 84.93%      
client [7]  (testset)   loss: 0.2345 -> 0.2696  accuracy: 93.50% -> 93.50%      
client [57] (testset)   loss: 0.4510 -> 0.4778  accuracy: 89.41% -> 89.86%      
client [13] (testset)   loss: 0.4626 -> 0.5686  accuracy: 90.00% -> 91.50%      
client [43] (testset)   loss: 0.4951 -> 0.5129  accuracy: 88.81% -> 90.67%      
client [91] (testset)   loss: 0.7362 -> 0.9408  accuracy: 82.80% -> 77.71%      
client [10] (testset)   loss: 0.3699 -> 0.3583  accuracy: 91.63% -> 91.42%      
client [64] (testset)   loss: 0.5817 -> 0.5844  accuracy: 82.96% -> 83.70%      
client [82] (testset)   loss: 1.1490 -> 1.2079  accuracy: 57.89% -> 57.89%      
client [22] (testset)   loss: 1.7169 -> 1.5741  accuracy: 50.00% -> 53.12%      
---------------------------- TRAINING EPOCH: 200 ----------------------------   
client [20] (testset)   loss: 0.8067 -> 0.8093  accuracy: 81.77% -> 80.21%      
client [23] (testset)   loss: 0.3219 -> 0.3301  accuracy: 92.52% -> 94.39%      
client [88] (testset)   loss: 0.2038 -> 0.2140  accuracy: 96.72% -> 96.07%      
client [98] (testset)   loss: 0.8361 -> 0.8365  accuracy: 84.92% -> 85.32%      
client [79] (testset)   loss: 0.2350 -> 0.2440  accuracy: 96.43% -> 95.92%      
client [21] (testset)   loss: 1.0267 -> 0.9866  accuracy: 75.00% -> 66.67%      
client [92] (testset)   loss: 0.5493 -> 0.5809  accuracy: 87.85% -> 88.40%      
client [56] (testset)   loss: 0.5571 -> 0.5579  accuracy: 91.27% -> 91.04%      
client [5]  (testset)   loss: 0.5079 -> 0.5476  accuracy: 84.38% -> 85.94%      
client [52] (testset)   loss: 0.1928 -> 0.1972  accuracy: 95.54% -> 95.37%      
---------------------------- TRAINING EPOCH: 210 ----------------------------   
client [67] (testset)   loss: 0.3430 -> 0.3296  accuracy: 90.91% -> 90.91%      
client [54] (testset)   loss: 0.5968 -> 0.5732  accuracy: 90.72% -> 91.75%      
client [14] (testset)   loss: 0.4875 -> 0.4825  accuracy: 92.26% -> 91.67%      
client [99] (testset)   loss: 0.4906 -> 0.4962  accuracy: 90.71% -> 90.71%      
client [36] (testset)   loss: 1.2521 -> 1.8451  accuracy: 70.00% -> 50.00%      
client [30] (testset)   loss: 0.1051 -> 0.0960  accuracy: 96.83% -> 96.83%      
client [38] (testset)   loss: 0.3748 -> 0.3659  accuracy: 95.23% -> 93.72%      
client [15] (testset)   loss: 0.5480 -> 0.5585  accuracy: 91.46% -> 91.74%      
client [6]  (testset)   loss: 0.5296 -> 0.5572  accuracy: 88.84% -> 88.84%      
client [53] (testset)   loss: 0.3141 -> 0.3470  accuracy: 94.76% -> 95.20%      
---------------------------- TRAINING EPOCH: 220 ----------------------------   
client [99] (testset)   loss: 0.5046 -> 0.5100  accuracy: 90.71% -> 91.19%      
client [6]  (testset)   loss: 0.5511 -> 0.5337  accuracy: 88.45% -> 89.24%      
client [83] (testset)   loss: 1.0369 -> 0.9816  accuracy: 53.85% -> 53.85%      
client [42] (testset)   loss: 0.5390 -> 0.5577  accuracy: 86.03% -> 86.76%      
client [34] (testset)   loss: 0.8588 -> 1.1564  accuracy: 63.64% -> 63.64%      
client [15] (testset)   loss: 0.5596 -> 0.5727  accuracy: 91.46% -> 91.74%      
client [47] (testset)   loss: 0.3473 -> 0.3533  accuracy: 94.44% -> 94.04%      
client [55] (testset)   loss: 0.8176 -> 0.8421  accuracy: 89.29% -> 88.52%      
client [51] (testset)   loss: 0.3808 -> 0.4214  accuracy: 90.87% -> 90.87%      
client [95] (testset)   loss: 0.6526 -> 0.6692  accuracy: 88.30% -> 87.23%      
---------------------------- TRAINING EPOCH: 230 ----------------------------   
client [71] (testset)   loss: 0.5237 -> 0.5404  accuracy: 90.71% -> 91.26%      
client [15] (testset)   loss: 0.5718 -> 0.5743  accuracy: 91.46% -> 91.60%      
client [33] (testset)   loss: 0.3456 -> 0.3672  accuracy: 92.92% -> 93.23%      
client [99] (testset)   loss: 0.5028 -> 0.5140  accuracy: 90.95% -> 90.95%      
client [90] (testset)   loss: 0.6904 -> 0.8473  accuracy: 83.95% -> 77.78%      
client [57] (testset)   loss: 0.5146 -> 0.5357  accuracy: 89.64% -> 89.41%      
client [27] (testset)   loss: 0.8441 -> 0.8586  accuracy: 83.00% -> 83.50%      
client [78] (testset)   loss: 0.8115 -> 0.8715  accuracy: 80.34% -> 79.49%      
client [36] (testset)   loss: 1.3395 -> 1.8724  accuracy: 50.00% -> 50.00%      
client [88] (testset)   loss: 0.2512 -> 0.2265  accuracy: 95.41% -> 96.07%      
---------------------------- TRAINING EPOCH: 240 ----------------------------   
client [70] (testset)   loss: 0.6769 -> 0.6767  accuracy: 90.45% -> 90.28%      
client [35] (testset)   loss: 0.3343 -> 0.3357  accuracy: 95.32% -> 95.14%      
client [16] (testset)   loss: 0.2402 -> 0.2378  accuracy: 95.06% -> 95.06%      
client [80] (testset)   loss: 0.7318 -> 0.7952  accuracy: 78.26% -> 79.71%      
client [38] (testset)   loss: 0.4023 -> 0.4187  accuracy: 94.97% -> 94.47%      
client [78] (testset)   loss: 0.9467 -> 0.8812  accuracy: 79.49% -> 80.34%      
client [68] (testset)   loss: 0.1536 -> 0.1478  accuracy: 95.83% -> 95.83%      
client [11] (testset)   loss: 0.7865 -> 0.7567  accuracy: 79.22% -> 79.22%      
client [64] (testset)   loss: 0.5504 -> 0.5960  accuracy: 85.19% -> 85.93%      
client [82] (testset)   loss: 1.2999 -> 1.3540  accuracy: 63.16% -> 57.89%      
---------------------------- TRAINING EPOCH: 250 ----------------------------   
client [30] (testset)   loss: 0.0897 -> 0.0856  accuracy: 96.83% -> 96.83%      
client [27] (testset)   loss: 0.8702 -> 0.8569  accuracy: 83.50% -> 83.00%      
client [74] (testset)   loss: 1.0095 -> 1.0416  accuracy: 82.12% -> 82.12%      
client [45] (testset)   loss: 0.3206 -> 0.3111  accuracy: 93.75% -> 93.75%      
client [6]  (testset)   loss: 0.5692 -> 0.5814  accuracy: 88.84% -> 88.84%      
client [36] (testset)   loss: 1.4227 -> 1.8630  accuracy: 50.00% -> 50.00%      
client [63] (testset)   loss: 0.6888 -> 0.6858  accuracy: 86.36% -> 81.82%      
client [76] (testset)   loss: 0.0155 -> 0.0227  accuracy: 99.36% -> 100.00%     
client [83] (testset)   loss: 1.0746 -> 1.0132  accuracy: 53.85% -> 53.85%      
client [86] (testset)   loss: 0.4525 -> 0.4074  accuracy: 91.40% -> 91.94%      
---------------------------- TRAINING EPOCH: 260 ----------------------------   
client [83] (testset)   loss: 1.0006 -> 1.0832  accuracy: 53.85% -> 61.54%      
client [99] (testset)   loss: 0.5333 -> 0.5535  accuracy: 90.48% -> 91.19%      
client [74] (testset)   loss: 1.0872 -> 1.1044  accuracy: 82.78% -> 82.78%      
client [73] (testset)   loss: 0.0392 -> 0.0404  accuracy: 99.57% -> 99.57%      
client [29] (testset)   loss: 1.0727 -> 1.0573  accuracy: 86.46% -> 87.17%      
client [92] (testset)   loss: 0.6223 -> 0.6172  accuracy: 88.95% -> 88.40%      
client [6]  (testset)   loss: 0.5848 -> 0.6049  accuracy: 89.24% -> 89.24%      
client [61] (testset)   loss: 0.6884 -> 0.6806  accuracy: 85.94% -> 86.75%      
client [21] (testset)   loss: 0.9729 -> 1.7498  accuracy: 77.78% -> 47.22%      
client [67] (testset)   loss: 0.3596 -> 0.3546  accuracy: 91.70% -> 90.91%      
---------------------------- TRAINING EPOCH: 270 ----------------------------   
client [83] (testset)   loss: 1.0571 -> 1.0822  accuracy: 61.54% -> 61.54%      
client [32] (testset)   loss: 1.0322 -> 1.3978  accuracy: 76.98% -> 74.82%      
client [95] (testset)   loss: 0.6740 -> 0.6829  accuracy: 85.11% -> 87.23%      
client [61] (testset)   loss: 0.7515 -> 0.7492  accuracy: 85.94% -> 86.75%      
client [27] (testset)   loss: 0.8388 -> 0.8632  accuracy: 83.50% -> 82.50%      
client [25] (testset)   loss: 0.9264 -> 0.9228  accuracy: 87.50% -> 87.50%      
client [68] (testset)   loss: 0.1207 -> 0.1179  accuracy: 95.83% -> 95.83%      
client [34] (testset)   loss: 0.8848 -> 0.9619  accuracy: 54.55% -> 54.55%      
client [71] (testset)   loss: 0.5968 -> 0.5943  accuracy: 90.71% -> 90.71%      
client [89] (testset)   loss: 0.4133 -> 0.4644  accuracy: 91.18% -> 91.67%      
---------------------------- TRAINING EPOCH: 280 ----------------------------   
client [78] (testset)   loss: 0.9768 -> 1.0714  accuracy: 80.34% -> 80.34%      
client [81] (testset)   loss: 0.6617 -> 0.6670  accuracy: 83.87% -> 83.87%      
client [51] (testset)   loss: 0.4630 -> 0.4520  accuracy: 91.25% -> 90.49%      
client [54] (testset)   loss: 0.6510 -> 0.6235  accuracy: 90.72% -> 89.69%      
client [65] (testset)   loss: 0.0932 -> 0.0898  accuracy: 98.13% -> 98.00%      
client [41] (testset)   loss: 0.9870 -> 0.9928  accuracy: 86.51% -> 86.98%      
client [11] (testset)   loss: 0.8739 -> 0.7986  accuracy: 80.52% -> 79.22%      
client [85] (testset)   loss: 1.2468 -> 1.3068  accuracy: 50.00% -> 56.25%      
client [12] (testset)   loss: 0.0287 -> 0.0151  accuracy: 100.00% -> 100.00%    
client [23] (testset)   loss: 0.3612 -> 0.3371  accuracy: 91.59% -> 95.33%      
---------------------------- TRAINING EPOCH: 290 ----------------------------   
client [16] (testset)   loss: 0.2279 -> 0.2341  accuracy: 95.06% -> 95.06%      
client [65] (testset)   loss: 0.0942 -> 0.0921  accuracy: 98.13% -> 97.86%      
client [53] (testset)   loss: 0.3264 -> 0.3443  accuracy: 95.20% -> 95.63%      
client [58] (testset)   loss: 0.8678 -> 0.8725  accuracy: 88.12% -> 87.36%      
client [72] (testset)   loss: 0.7546 -> 0.7714  accuracy: 89.34% -> 89.00%      
client [7]  (testset)   loss: 0.2634 -> 0.2833  accuracy: 93.86% -> 93.14%      
client [71] (testset)   loss: 0.5857 -> 0.6082  accuracy: 90.71% -> 91.26%      
client [59] (testset)   loss: 0.6290 -> 0.6580  accuracy: 86.27% -> 85.75%      
client [86] (testset)   loss: 0.4647 -> 0.4630  accuracy: 91.40% -> 91.40%      
client [39] (testset)   loss: 0.5262 -> 0.5258  accuracy: 82.93% -> 85.37%      
---------------------------- TRAINING EPOCH: 300 ----------------------------   
client [99] (testset)   loss: 0.5496 -> 0.5533  accuracy: 90.95% -> 91.19%      
client [7]  (testset)   loss: 0.2906 -> 0.2808  accuracy: 93.86% -> 93.50%      
client [17] (testset)   loss: 0.1259 -> 0.1249  accuracy: 96.85% -> 96.85%      
client [64] (testset)   loss: 0.6394 -> 0.6349  accuracy: 85.19% -> 85.93%      
client [37] (testset)   loss: 0.0881 -> 0.0816  accuracy: 98.58% -> 98.58%      
client [29] (testset)   loss: 1.1018 -> 1.1204  accuracy: 86.70% -> 87.17%      
client [93] (testset)   loss: 0.9428 -> 0.9618  accuracy: 76.77% -> 76.77%      
client [73] (testset)   loss: 0.0453 -> 0.0455  accuracy: 99.57% -> 99.57%      
client [40] (testset)   loss: 2.1065 -> 2.1941  accuracy: 57.63% -> 61.02%      
client [76] (testset)   loss: 0.0136 -> 0.0116  accuracy: 99.36% -> 99.36%      
---------------------------- TRAINING EPOCH: 310 ----------------------------   
client [31] (testset)   loss: 0.5899 -> 0.6976  accuracy: 85.71% -> 82.86%      
client [89] (testset)   loss: 0.5020 -> 0.4071  accuracy: 90.20% -> 90.20%      
client [77] (testset)   loss: 1.0653 -> 1.0745  accuracy: 84.75% -> 84.50%      
client [90] (testset)   loss: 0.7662 -> 0.8707  accuracy: 82.72% -> 79.01%      
client [26] (testset)   loss: 0.3292 -> 0.3428  accuracy: 93.63% -> 93.63%      
client [50] (testset)   loss: 0.4694 -> 0.4947  accuracy: 85.71% -> 83.33%      
client [30] (testset)   loss: 0.0813 -> 0.0851  accuracy: 96.83% -> 96.83%      
client [70] (testset)   loss: 0.7059 -> 0.6993  accuracy: 90.10% -> 90.28%      
client [41] (testset)   loss: 0.7771 -> 0.8209  accuracy: 86.27% -> 86.39%      
client [99] (testset)   loss: 0.5536 -> 0.9272  accuracy: 90.71% -> 81.90%      
---------------------------- TRAINING EPOCH: 320 ----------------------------   
client [68] (testset)   loss: 0.1131 -> 0.1200  accuracy: 95.83% -> 95.83%      
client [70] (testset)   loss: 0.7160 -> 0.7121  accuracy: 90.28% -> 90.28%      
client [52] (testset)   loss: 0.2229 -> 0.2243  accuracy: 95.01% -> 95.01%      
client [1]  (testset)   loss: 0.1295 -> 0.1213  accuracy: 96.10% -> 96.10%      
client [2]  (testset)   loss: 0.0821 -> 0.0846  accuracy: 98.62% -> 98.70%      
client [67] (testset)   loss: 0.3869 -> 0.3901  accuracy: 91.70% -> 91.30%      
client [92] (testset)   loss: 0.7105 -> 0.7025  accuracy: 88.40% -> 88.40%      
client [35] (testset)   loss: 0.3402 -> 0.3592  accuracy: 95.32% -> 95.14%      
client [36] (testset)   loss: 1.5632 -> 1.6995  accuracy: 50.00% -> 50.00%      
client [64] (testset)   loss: 0.6469 -> 0.6605  accuracy: 85.19% -> 85.19%      
---------------------------- TRAINING EPOCH: 330 ----------------------------   
client [44] (testset)   loss: 0.6898 -> 0.7134  accuracy: 83.51% -> 83.51%      
client [6]  (testset)   loss: 0.6545 -> 0.6591  accuracy: 88.84% -> 88.84%      
client [12] (testset)   loss: 0.0117 -> 0.0124  accuracy: 100.00% -> 100.00%    
client [55] (testset)   loss: 0.9526 -> 0.9710  accuracy: 88.78% -> 88.27%      
client [29] (testset)   loss: 1.1411 -> 1.1656  accuracy: 86.94% -> 86.94%      
client [9]  (testset)   loss: 0.7703 -> 0.7699  accuracy: 83.69% -> 84.40%      
client [43] (testset)   loss: 0.5806 -> 0.6001  accuracy: 89.93% -> 89.93%      
client [77] (testset)   loss: 1.0611 -> 1.0708  accuracy: 84.75% -> 84.50%      
client [98] (testset)   loss: 1.0598 -> 1.0784  accuracy: 84.92% -> 85.32%      
client [78] (testset)   loss: 1.0923 -> 1.1081  accuracy: 80.34% -> 79.49%      
---------------------------- TRAINING EPOCH: 340 ----------------------------   
client [92] (testset)   loss: 0.6964 -> 0.7197  accuracy: 88.95% -> 88.40%      
client [80] (testset)   loss: 0.8350 -> 0.9048  accuracy: 76.81% -> 73.91%      
client [63] (testset)   loss: 0.6887 -> 0.6685  accuracy: 90.91% -> 81.82%      
client [76] (testset)   loss: 0.0112 -> 0.0112  accuracy: 99.36% -> 99.36%      
client [78] (testset)   loss: 1.1283 -> 1.1244  accuracy: 81.20% -> 80.34%      
client [25] (testset)   loss: 0.9908 -> 1.0058  accuracy: 87.50% -> 87.50%      
client [58] (testset)   loss: 0.8843 -> 0.8902  accuracy: 88.12% -> 88.12%      
client [13] (testset)   loss: 0.5990 -> 0.5822  accuracy: 91.50% -> 90.50%      
client [17] (testset)   loss: 0.1240 -> 0.1296  accuracy: 96.85% -> 97.64%      
client [38] (testset)   loss: 0.5143 -> 0.5243  accuracy: 94.97% -> 94.72%      
---------------------------- TRAINING EPOCH: 350 ----------------------------   
client [72] (testset)   loss: 0.8365 -> 0.8419  accuracy: 89.17% -> 89.00%      
client [82] (testset)   loss: 1.5953 -> 1.6327  accuracy: 68.42% -> 68.42%      
client [86] (testset)   loss: 0.4984 -> 0.5004  accuracy: 91.94% -> 91.94%      
client [51] (testset)   loss: 0.4834 -> 0.4758  accuracy: 90.11% -> 90.87%      
client [96] (testset)   loss: 0.1751 -> 0.1780  accuracy: 96.43% -> 94.64%      
client [42] (testset)   loss: 0.6471 -> 0.6334  accuracy: 84.56% -> 85.29%      
client [55] (testset)   loss: 1.0056 -> 1.0151  accuracy: 88.78% -> 88.78%      
client [13] (testset)   loss: 0.5954 -> 0.6101  accuracy: 91.00% -> 91.50%      
client [1]  (testset)   loss: 0.1278 -> 0.1260  accuracy: 96.10% -> 96.10%      
client [12] (testset)   loss: 0.0134 -> 0.0104  accuracy: 100.00% -> 100.00%    
---------------------------- TRAINING EPOCH: 360 ----------------------------   
client [68] (testset)   loss: 0.1198 -> 0.1212  accuracy: 95.83% -> 95.83%      
client [23] (testset)   loss: 0.3726 -> 0.4077  accuracy: 93.46% -> 92.52%      
client [46] (testset)   loss: 2.3230 -> 2.3443  accuracy: 73.68% -> 73.68%      
client [41] (testset)   loss: 0.9257 -> 0.9352  accuracy: 86.75% -> 86.51%      
client [25] (testset)   loss: 1.0168 -> 1.0766  accuracy: 87.50% -> 87.50%      
client [58] (testset)   loss: 0.8952 -> 0.8979  accuracy: 88.12% -> 88.12%      
client [14] (testset)   loss: 0.5450 -> 0.5587  accuracy: 91.67% -> 92.26%      
client [33] (testset)   loss: 0.4044 -> 0.4064  accuracy: 93.23% -> 93.23%      
client [85] (testset)   loss: 1.3202 -> 1.3295  accuracy: 50.00% -> 56.25%      
client [62] (testset)   loss: 0.7209 -> 0.7306  accuracy: 89.08% -> 88.86%      
---------------------------- TRAINING EPOCH: 370 ----------------------------   
client [98] (testset)   loss: 1.1215 -> 1.0994  accuracy: 85.32% -> 85.32%      
client [63] (testset)   loss: 0.6598 -> 0.7323  accuracy: 90.91% -> 90.91%      
client [70] (testset)   loss: 0.7330 -> 0.7306  accuracy: 90.80% -> 90.80%      
client [65] (testset)   loss: 0.0955 -> 0.0970  accuracy: 98.00% -> 98.00%      
client [14] (testset)   loss: 0.5145 -> 0.5298  accuracy: 91.67% -> 91.67%      
client [73] (testset)   loss: 0.0450 -> 0.0476  accuracy: 99.57% -> 99.57%      
client [34] (testset)   loss: 0.8591 -> 0.9172  accuracy: 59.09% -> 54.55%      
client [99] (testset)   loss: 0.5182 -> 0.5259  accuracy: 91.19% -> 91.19%      
client [69] (testset)   loss: 1.0227 -> 1.0278  accuracy: 80.13% -> 78.81%      
client [46] (testset)   loss: 2.3078 -> 2.3290  accuracy: 73.68% -> 73.68%      
---------------------------- TRAINING EPOCH: 380 ----------------------------   
client [99] (testset)   loss: 0.5333 -> 0.5522  accuracy: 91.19% -> 90.71%      
client [93] (testset)   loss: 1.0143 -> 1.0200  accuracy: 77.42% -> 77.42%      
client [11] (testset)   loss: 0.8900 -> 0.9197  accuracy: 79.22% -> 79.22%      
client [58] (testset)   loss: 0.9220 -> 0.9147  accuracy: 87.74% -> 88.12%      
client [81] (testset)   loss: 0.7445 -> 0.7261  accuracy: 80.65% -> 80.65%      
client [85] (testset)   loss: 1.3430 -> 1.3703  accuracy: 50.00% -> 56.25%      
client [89] (testset)   loss: 0.5016 -> 0.5242  accuracy: 91.18% -> 90.69%      
client [45] (testset)   loss: 0.2587 -> 0.3075  accuracy: 94.79% -> 93.75%      
client [8]  (testset)   loss: 0.3013 -> 0.3345  accuracy: 87.50% -> 87.50%      
client [68] (testset)   loss: 0.1380 -> 0.1291  accuracy: 95.83% -> 95.83%      
---------------------------- TRAINING EPOCH: 390 ----------------------------   
client [67] (testset)   loss: 0.3997 -> 0.4184  accuracy: 90.51% -> 90.51%      
client [72] (testset)   loss: 0.8596 -> 0.8638  accuracy: 89.00% -> 89.00%      
client [1]  (testset)   loss: 0.1294 -> 0.1320  accuracy: 96.38% -> 96.10%      
client [78] (testset)   loss: 1.2218 -> 1.2562  accuracy: 80.34% -> 80.34%      
client [83] (testset)   loss: 1.1716 -> 1.1823  accuracy: 61.54% -> 61.54%      
client [21] (testset)   loss: 1.0588 -> 1.1907  accuracy: 72.22% -> 69.44%      
client [56] (testset)   loss: 0.5580 -> 0.5534  accuracy: 91.27% -> 91.61%      
client [44] (testset)   loss: 0.7803 -> 0.7200  accuracy: 83.51% -> 84.54%      
client [92] (testset)   loss: 0.7055 -> 0.7272  accuracy: 88.40% -> 88.40%      
client [27] (testset)   loss: 0.9520 -> 0.9621  accuracy: 83.00% -> 82.00%      
---------------------------- TRAINING EPOCH: 400 ----------------------------   
client [10] (testset)   loss: 0.4614 -> 0.4661  accuracy: 91.84% -> 91.84%      
client [39] (testset)   loss: 0.5404 -> 0.5597  accuracy: 85.37% -> 85.37%      
client [65] (testset)   loss: 0.0983 -> 0.1011  accuracy: 98.13% -> 97.86%      
client [26] (testset)   loss: 0.3508 -> 0.3413  accuracy: 94.27% -> 94.27%      
client [19] (testset)   loss: 0.6233 -> 0.6255  accuracy: 86.30% -> 85.84%      
client [68] (testset)   loss: 0.1221 -> 0.1370  accuracy: 95.83% -> 95.83%      
client [41] (testset)   loss: 0.9951 -> 1.0026  accuracy: 86.86% -> 86.51%      
client [50] (testset)   loss: 0.5041 -> 0.4990  accuracy: 85.71% -> 90.48%      
client [75] (testset)   loss: 0.6550 -> 0.6756  accuracy: 85.42% -> 85.42%      
client [81] (testset)   loss: 0.7308 -> 0.7680  accuracy: 80.65% -> 80.65%      
PSFL's average time taken by each global epoch: 0 min 2.12 sec.                 
PSFL's total running time: 0 h 14 m 16 s.                                       
==================== PSFL Experiment Results: ====================              
Display format: (before local fine-tuning) -> (after local fine-tuning)         
 So if finetune_epoch = 0, x.xx% -> 0.00% is normal.                            
 Centralized testing ONLY happens after model aggregation, so the stats between 
'->' are the same.                                                              
{                                                                               
    "100": {                                                                    
        "all_clients": {                                                        
            "test": {                                                           
                "loss": "0.4061 -> 0.0000",                                     
                "accuracy": "89.43% -> 0.00%"                                   
            }                                                                   
        }                                                                       
    },                                                                          
    "200": {                                                                    
        "all_clients": {                                                        
            "test": {                                                           
                "loss": "0.4842 -> 0.0000",                                     
                "accuracy": "90.62% -> 0.00%"                                   
            }                                                                   
        }                                                                       
    },                                                                          
    "300": {                                                                    
        "all_clients": {                                                        
            "test": {                                                           
                "loss": "0.5365 -> 0.0000",                                     
                "accuracy": "90.66% -> 0.00%"                                   
            }                                                                   
        }                                                                       
    },                                                                          
    "400": {                                                                    
        "all_clients": {                                                        
            "test": {                                                           
                "loss": "0.5922 -> 0.0000",                                     
                "accuracy": "90.89% -> 0.00%"                                   
            }                                                                   
        }                                                                       
    }                                                                           
}                                                                               
==================== PSFL Max Accuracy ====================                     
all_clients:                                                                    
(test) before fine-tuning: 90.89% at epoch 400                                  
(test) after fine-tuning: 0.00% at epoch 100                                    
