Files already downloaded and verified
Files already downloaded and verified
==================== FedDpa ====================                                
Experiment Arguments:                                                           
{
│   'method': 'feddpa',
│   'dataset': {
│   │   'name': 'cifar100',
│   │   'client_num': 100,
│   │   'test_ratio': 0.25,
│   │   'val_ratio': 0.0,
│   │   'seed': 42,
│   │   'split': 'sample',
│   │   'IID_ratio': 0.0,
│   │   'monitor_window_name_suffix': 'cifar100-100clients-0%IID-use20superclasses-Dir(0.1)-seed42',
│   │   'super_class': False,
│   │   'alpha': 0.1,
│   │   'min_samples_per_client': 10
│   },
│   'model': {
│   │   'name': 'avgcnn',
│   │   'use_torchvision_pretrained_weights': True,
│   │   'external_model_weights_path': None
│   },
│   'optimizer': {
│   │   'lr': 0.01,
│   │   'dampening': 0,
│   │   'weight_decay': 0,
│   │   'momentum': 0,
│   │   'nesterov': False,
│   │   'name': 'sgd'
│   },
│   'mode': 'sequential',
│   'parallel': {
│   │   'ray_cluster_addr': None,
│   │   'num_cpus': None,
│   │   'num_gpus': None,
│   │   'num_workers': 2
│   },
│   'common': {
│   │   'seed': 42,
│   │   'join_ratio': 0.1,
│   │   'global_epoch': 400,
│   │   'local_epoch': 5,
│   │   'batch_size': 32,
│   │   'reset_optimizer_on_global_epoch': True,
│   │   'straggler_ratio': 0,
│   │   'straggler_min_local_epoch': 0,
│   │   'buffers': 'global',
│   │   'client_side_evaluation': True,
│   │   'test': {
│   │   │   'client': {
│   │   │   │   'interval': 100,
│   │   │   │   'finetune_epoch': 0,
│   │   │   │   'train': False,
│   │   │   │   'val': False,
│   │   │   │   'test': True
│   │   │   },
│   │   │   'server': {
│   │   │   │   'interval': -1,
│   │   │   │   'train': False,
│   │   │   │   'val': False,
│   │   │   │   'test': False,
│   │   │   │   'model_in_train_mode': False
│   │   │   }
│   │   },
│   │   'verbose_gap': 10,
│   │   'monitor': None,
│   │   'use_cuda': True,
│   │   'save_log': True,
│   │   'save_model': False,
│   │   'save_learning_curve_plot': False,
│   │   'save_metrics': True,
│   │   'delete_useless_run': True
│   },
│   'feddpa': {
│   │   'fisher_threshold': 0.99995
│   }
}
---------------------------- TRAINING EPOCH: 10 ----------------------------    
client [77] (testset)   loss: 6.8283 -> 2.0265  accuracy: 5.06% -> 51.12%       
client [81] (testset)   loss: 6.3982 -> 2.6629  accuracy: 13.91% -> 49.01%      
client [21] (testset)   loss: 6.9637 -> 2.0329  accuracy: 8.84% -> 40.82%       
client [68] (testset)   loss: 5.6499 -> 2.2120  accuracy: 13.45% -> 43.70%      
client [93] (testset)   loss: 6.9007 -> 2.5863  accuracy: 6.40% -> 44.80%       
client [31] (testset)   loss: 7.9294 -> 2.2884  accuracy: 3.16% -> 46.32%       
client [20] (testset)   loss: 5.9378 -> 1.8970  accuracy: 13.37% -> 55.94%      
client [59] (testset)   loss: 6.6513 -> 2.4760  accuracy: 11.59% -> 39.48%      
client [48] (testset)   loss: 7.4385 -> 2.6134  accuracy: 10.91% -> 46.06%      
client [34] (testset)   loss: 5.4662 -> 2.9146  accuracy: 13.81% -> 42.54%      
---------------------------- TRAINING EPOCH: 20 ----------------------------    
client [69] (testset)   loss: 6.0688 -> 2.0153  accuracy: 15.52% -> 58.12%      
client [99] (testset)   loss: 7.8870 -> 3.4317  accuracy: 7.30% -> 35.77%       
client [67] (testset)   loss: 5.5117 -> 2.3929  accuracy: 14.29% -> 54.40%      
client [0]  (testset)   loss: 5.6027 -> 2.2647  accuracy: 16.67% -> 54.90%      
client [76] (testset)   loss: 7.4088 -> 2.7929  accuracy: 4.47% -> 46.93%       
client [41] (testset)   loss: 7.0274 -> 2.6864  accuracy: 8.87% -> 43.55%       
client [62] (testset)   loss: 6.0029 -> 2.3725  accuracy: 11.17% -> 49.03%      
client [2]  (testset)   loss: 6.2390 -> 2.9822  accuracy: 5.36% -> 45.54%       
client [14] (testset)   loss: 5.8342 -> 2.7300  accuracy: 15.58% -> 45.45%      
client [46] (testset)   loss: 5.6765 -> 2.4666  accuracy: 11.43% -> 57.14%      
---------------------------- TRAINING EPOCH: 30 ----------------------------    
client [24] (testset)   loss: 2.9361 -> 3.0219  accuracy: 48.28% -> 48.28%      
client [68] (testset)   loss: 6.1105 -> 2.9415  accuracy: 24.37% -> 52.52%      
client [57] (testset)   loss: 5.8916 -> 1.9592  accuracy: 28.22% -> 63.19%      
client [17] (testset)   loss: 5.7871 -> 3.2897  accuracy: 16.54% -> 39.85%      
client [54] (testset)   loss: 6.2557 -> 3.4788  accuracy: 17.50% -> 45.83%      
client [23] (testset)   loss: 5.9286 -> 2.2787  accuracy: 16.36% -> 50.00%      
client [35] (testset)   loss: 6.2686 -> 2.5279  accuracy: 15.82% -> 52.55%      
client [59] (testset)   loss: 6.9679 -> 2.8315  accuracy: 17.17% -> 43.78%      
client [31] (testset)   loss: 5.7397 -> 2.7555  accuracy: 22.11% -> 48.42%      
client [9]  (testset)   loss: 6.2861 -> 2.8198  accuracy: 20.13% -> 48.32%      
---------------------------- TRAINING EPOCH: 40 ----------------------------    
client [64] (testset)   loss: 6.6344 -> 2.3991  accuracy: 11.49% -> 56.08%      
client [33] (testset)   loss: 5.7896 -> 3.1030  accuracy: 19.27% -> 46.79%      
client [16] (testset)   loss: 5.5436 -> 3.1307  accuracy: 20.66% -> 47.11%      
client [44] (testset)   loss: 6.0555 -> 2.4251  accuracy: 20.92% -> 49.02%      
client [8]  (testset)   loss: 5.8903 -> 2.9779  accuracy: 21.11% -> 52.26%      
client [31] (testset)   loss: 5.5578 -> 2.6653  accuracy: 23.68% -> 52.63%      
client [47] (testset)   loss: 6.4364 -> 2.9794  accuracy: 12.17% -> 44.35%      
client [36] (testset)   loss: 6.0279 -> 3.0388  accuracy: 15.04% -> 38.94%      
client [20] (testset)   loss: 4.8275 -> 2.1142  accuracy: 22.77% -> 60.89%      
client [56] (testset)   loss: 6.6194 -> 2.3656  accuracy: 20.24% -> 57.14%      
---------------------------- TRAINING EPOCH: 50 ----------------------------    
client [4]  (testset)   loss: 6.1966 -> 2.1269  accuracy: 20.95% -> 58.78%      
client [60] (testset)   loss: 7.8880 -> 3.7927  accuracy: 7.58% -> 42.42%       
client [28] (testset)   loss: 5.5340 -> 2.6294  accuracy: 25.81% -> 51.61%      
client [25] (testset)   loss: 5.4688 -> 2.6795  accuracy: 19.79% -> 52.08%      
client [58] (testset)   loss: 6.5515 -> 3.1999  accuracy: 7.69% -> 46.15%       
client [44] (testset)   loss: 5.1006 -> 2.5020  accuracy: 28.10% -> 49.67%      
client [39] (testset)   loss: 6.0840 -> 2.6997  accuracy: 14.37% -> 52.69%      
client [29] (testset)   loss: 5.4149 -> 2.9755  accuracy: 19.33% -> 49.33%      
client [3]  (testset)   loss: 4.6294 -> 1.9626  accuracy: 31.25% -> 66.41%      
client [84] (testset)   loss: 6.0911 -> 3.2142  accuracy: 15.25% -> 44.49%      
---------------------------- TRAINING EPOCH: 60 ----------------------------    
client [21] (testset)   loss: 4.9303 -> 2.2719  accuracy: 17.01% -> 50.34%      
client [84] (testset)   loss: 5.7835 -> 3.2776  accuracy: 20.76% -> 41.10%      
client [10] (testset)   loss: 6.1367 -> 2.7720  accuracy: 14.42% -> 50.96%      
client [36] (testset)   loss: 5.3458 -> 3.1121  accuracy: 19.47% -> 43.36%      
client [65] (testset)   loss: 5.6641 -> 3.1051  accuracy: 19.09% -> 49.09%      
client [81] (testset)   loss: 5.9289 -> 3.5044  accuracy: 23.84% -> 49.01%      
client [79] (testset)   loss: 5.8353 -> 2.0205  accuracy: 22.35% -> 62.57%      
client [42] (testset)   loss: 5.5018 -> 2.6522  accuracy: 23.29% -> 53.42%      
client [11] (testset)   loss: 5.0930 -> 2.4845  accuracy: 25.42% -> 57.06%      
client [96] (testset)   loss: 5.6665 -> 2.4720  accuracy: 17.92% -> 56.65%      
---------------------------- TRAINING EPOCH: 70 ----------------------------    
client [8]  (testset)   loss: 4.7316 -> 3.1551  accuracy: 36.68% -> 55.28%      
client [53] (testset)   loss: 5.4794 -> 2.7663  accuracy: 25.53% -> 50.35%      
client [52] (testset)   loss: 6.0420 -> 2.9809  accuracy: 17.16% -> 49.25%      
client [42] (testset)   loss: 5.2754 -> 3.0927  accuracy: 30.14% -> 52.74%      
client [69] (testset)   loss: 5.2796 -> 2.5077  accuracy: 19.86% -> 59.93%      
client [59] (testset)   loss: 7.1609 -> 3.2362  accuracy: 24.46% -> 47.64%      
client [7]  (testset)   loss: 6.6245 -> 3.0561  accuracy: 20.18% -> 47.37%      
client [26] (testset)   loss: 6.4237 -> 3.0809  accuracy: 9.73% -> 46.02%       
client [49] (testset)   loss: 5.3265 -> 2.8628  accuracy: 29.63% -> 56.79%      
client [98] (testset)   loss: 5.6258 -> 3.3482  accuracy: 26.06% -> 41.55%      
---------------------------- TRAINING EPOCH: 80 ----------------------------    
client [98] (testset)   loss: 5.2828 -> 3.1859  accuracy: 26.76% -> 43.66%      
client [47] (testset)   loss: 6.7630 -> 3.4407  accuracy: 20.00% -> 46.96%      
client [21] (testset)   loss: 5.5714 -> 2.8565  accuracy: 18.37% -> 47.62%      
client [77] (testset)   loss: 7.3908 -> 3.2206  accuracy: 12.92% -> 51.12%      
client [95] (testset)   loss: 7.3676 -> 3.7917  accuracy: 13.25% -> 45.18%      
client [91] (testset)   loss: 6.4513 -> 2.9940  accuracy: 19.74% -> 46.05%      
client [14] (testset)   loss: 6.0638 -> 3.5995  accuracy: 18.18% -> 50.65%      
client [99] (testset)   loss: 5.6735 -> 4.0679  accuracy: 19.71% -> 37.96%      
client [20] (testset)   loss: 5.7621 -> 2.5943  accuracy: 25.74% -> 53.96%      
client [39] (testset)   loss: 5.7583 -> 2.9548  accuracy: 28.14% -> 47.31%      
---------------------------- TRAINING EPOCH: 90 ----------------------------    
client [52] (testset)   loss: 5.1566 -> 2.9312  accuracy: 26.12% -> 53.73%      
client [62] (testset)   loss: 5.8090 -> 3.3920  accuracy: 22.82% -> 49.51%      
client [71] (testset)   loss: 5.9495 -> 3.9341  accuracy: 27.48% -> 39.69%      
client [97] (testset)   loss: 5.2905 -> 3.3435  accuracy: 26.67% -> 47.62%      
client [30] (testset)   loss: 5.2392 -> 4.1175  accuracy: 28.18% -> 39.78%      
client [88] (testset)   loss: 6.5663 -> 3.4806  accuracy: 17.88% -> 51.40%      
client [60] (testset)   loss: 8.4050 -> 4.3084  accuracy: 7.58% -> 40.91%       
client [82] (testset)   loss: 5.1603 -> 3.6571  accuracy: 23.26% -> 51.16%      
client [91] (testset)   loss: 5.5899 -> 3.2026  accuracy: 26.97% -> 49.34%      
client [57] (testset)   loss: 4.4785 -> 2.7365  accuracy: 34.97% -> 61.96%      
---------------------------- TRAINING EPOCH: 100 ----------------------------   
client [31] (testset)   loss: 6.0072 -> 4.0964  accuracy: 32.11% -> 45.79%      
client [15] (testset)   loss: 5.8527 -> 3.7290  accuracy: 24.82% -> 46.72%      
client [71] (testset)   loss: 6.3531 -> 3.9121  accuracy: 22.14% -> 40.46%      
client [97] (testset)   loss: 4.9858 -> 3.6420  accuracy: 28.57% -> 42.86%      
client [53] (testset)   loss: 5.2463 -> 3.4633  accuracy: 28.37% -> 46.10%      
client [77] (testset)   loss: 7.3943 -> 3.5052  accuracy: 14.61% -> 46.63%      
client [76] (testset)   loss: 8.1622 -> 3.5881  accuracy: 12.85% -> 44.13%      
client [79] (testset)   loss: 5.7704 -> 2.6686  accuracy: 32.40% -> 63.13%      
client [28] (testset)   loss: 6.0993 -> 3.4530  accuracy: 21.77% -> 50.00%      
client [99] (testset)   loss: 6.3702 -> 4.5700  accuracy: 19.71% -> 35.04%      
---------------------------- TRAINING EPOCH: 110 ----------------------------   
client [97] (testset)   loss: 5.6439 -> 3.8805  accuracy: 35.24% -> 43.81%      
client [86] (testset)   loss: 4.2324 -> 3.2342  accuracy: 36.44% -> 47.46%      
client [34] (testset)   loss: 6.3299 -> 3.9631  accuracy: 21.55% -> 43.09%      
client [73] (testset)   loss: 6.5317 -> 5.1450  accuracy: 31.65% -> 40.29%      
client [5]  (testset)   loss: 6.6550 -> 4.5047  accuracy: 20.86% -> 42.94%      
client [96] (testset)   loss: 6.9045 -> 3.5081  accuracy: 19.65% -> 53.18%      
client [22] (testset)   loss: 7.4504 -> 4.5828  accuracy: 21.05% -> 40.79%      
client [60] (testset)   loss: 8.6492 -> 5.7951  accuracy: 19.70% -> 39.39%      
client [66] (testset)   loss: 5.0065 -> 2.8862  accuracy: 31.55% -> 56.31%      
client [83] (testset)   loss: 7.0646 -> 3.6957  accuracy: 22.37% -> 44.08%      
---------------------------- TRAINING EPOCH: 120 ----------------------------   
client [76] (testset)   loss: 5.9958 -> 3.4736  accuracy: 22.35% -> 48.04%      
client [65] (testset)   loss: 8.0102 -> 4.7684  accuracy: 20.91% -> 39.09%      
client [95] (testset)   loss: 7.1100 -> 4.4123  accuracy: 21.69% -> 43.37%      
client [17] (testset)   loss: 7.2340 -> 4.6880  accuracy: 23.31% -> 44.36%      
client [8]  (testset)   loss: 7.2145 -> 3.7555  accuracy: 28.14% -> 52.26%      
client [35] (testset)   loss: 7.5495 -> 3.8561  accuracy: 13.78% -> 45.92%      
client [98] (testset)   loss: 6.6427 -> 3.8645  accuracy: 28.87% -> 42.25%      
client [53] (testset)   loss: 5.8496 -> 3.9985  accuracy: 26.95% -> 44.68%      
client [43] (testset)   loss: 7.5809 -> 4.7426  accuracy: 14.81% -> 42.22%      
client [64] (testset)   loss: 6.8095 -> 3.1344  accuracy: 16.89% -> 52.70%      
---------------------------- TRAINING EPOCH: 130 ----------------------------   
client [21] (testset)   loss: 5.7989 -> 3.2554  accuracy: 23.13% -> 46.94%      
client [88] (testset)   loss: 7.7362 -> 4.3221  accuracy: 13.97% -> 46.37%      
client [38] (testset)   loss: 7.6811 -> 3.7691  accuracy: 20.11% -> 49.72%      
client [3]  (testset)   loss: 6.3791 -> 3.1680  accuracy: 30.47% -> 54.69%      
client [5]  (testset)   loss: 7.1906 -> 4.6117  accuracy: 19.02% -> 41.72%      
client [41] (testset)   loss: 7.8110 -> 5.0947  accuracy: 14.52% -> 39.52%      
client [7]  (testset)   loss: 6.8534 -> 4.0023  accuracy: 20.61% -> 45.18%      
client [37] (testset)   loss: 6.6459 -> 4.2777  accuracy: 19.23% -> 42.31%      
client [45] (testset)   loss: 6.2516 -> 3.5815  accuracy: 24.34% -> 52.21%      
client [47] (testset)   loss: 8.6772 -> 4.1982  accuracy: 20.00% -> 48.70%      
---------------------------- TRAINING EPOCH: 140 ----------------------------   
client [16] (testset)   loss: 7.2099 -> 4.6560  accuracy: 28.10% -> 41.32%      
client [11] (testset)   loss: 7.4400 -> 3.7636  accuracy: 22.03% -> 46.33%      
client [37] (testset)   loss: 6.7113 -> 4.8161  accuracy: 23.08% -> 41.35%      
client [41] (testset)   loss: 6.6193 -> 4.7299  accuracy: 28.23% -> 37.10%      
client [95] (testset)   loss: 6.9253 -> 4.9933  accuracy: 19.28% -> 40.36%      
client [53] (testset)   loss: 6.0071 -> 4.0908  accuracy: 28.37% -> 42.55%      
client [22] (testset)   loss: 7.6759 -> 5.1912  accuracy: 22.37% -> 39.47%      
client [25] (testset)   loss: 6.7071 -> 3.9564  accuracy: 27.08% -> 48.96%      
client [69] (testset)   loss: 6.1154 -> 3.5245  accuracy: 27.08% -> 54.51%      
client [46] (testset)   loss: 7.3944 -> 3.9749  accuracy: 20.95% -> 58.10%      
---------------------------- TRAINING EPOCH: 150 ----------------------------   
client [47] (testset)   loss: 8.0608 -> 5.1529  accuracy: 19.13% -> 40.00%      
client [69] (testset)   loss: 6.5844 -> 3.9867  accuracy: 28.88% -> 51.62%      
client [82] (testset)   loss: 6.5542 -> 5.2505  accuracy: 32.56% -> 41.86%      
client [45] (testset)   loss: 6.8456 -> 3.8849  accuracy: 26.11% -> 48.67%      
client [7]  (testset)   loss: 7.4167 -> 4.3300  accuracy: 26.32% -> 44.74%      
client [50] (testset)   loss: 7.3524 -> 4.0586  accuracy: 24.00% -> 50.00%      
client [35] (testset)   loss: 7.8711 -> 4.4429  accuracy: 19.39% -> 43.88%      
client [24] (testset)   loss: 8.3115 -> 5.4317  accuracy: 20.69% -> 43.10%      
client [15] (testset)   loss: 5.9468 -> 4.3828  accuracy: 35.77% -> 47.45%      
client [58] (testset)   loss: 7.8825 -> 5.5587  accuracy: 21.54% -> 36.15%      
---------------------------- TRAINING EPOCH: 160 ----------------------------   
client [48] (testset)   loss: 5.6094 -> 5.0240  accuracy: 37.58% -> 41.82%      
client [76] (testset)   loss: 6.9509 -> 4.4833  accuracy: 24.02% -> 44.69%      
client [67] (testset)   loss: 6.9653 -> 4.0165  accuracy: 27.47% -> 50.00%      
client [37] (testset)   loss: 7.7303 -> 5.5348  accuracy: 21.15% -> 37.50%      
client [58] (testset)   loss: 6.3820 -> 5.0719  accuracy: 33.85% -> 40.00%      
client [64] (testset)   loss: 7.3681 -> 4.4347  accuracy: 17.57% -> 44.59%      
client [77] (testset)   loss: 8.5754 -> 4.7732  accuracy: 19.10% -> 43.26%      
client [55] (testset)   loss: 6.3985 -> 3.9842  accuracy: 30.43% -> 49.28%      
client [12] (testset)   loss: 6.1569 -> 3.4716  accuracy: 28.03% -> 48.48%      
client [89] (testset)   loss: 7.7986 -> 5.5921  accuracy: 17.20% -> 35.03%      
---------------------------- TRAINING EPOCH: 170 ----------------------------   
client [84] (testset)   loss: 7.1126 -> 6.0671  accuracy: 25.85% -> 37.71%      
client [51] (testset)   loss: 6.1928 -> 4.4416  accuracy: 26.35% -> 42.57%      
client [8]  (testset)   loss: 6.0263 -> 4.7801  accuracy: 40.20% -> 48.24%      
client [18] (testset)   loss: 6.5063 -> 5.3081  accuracy: 31.25% -> 42.19%      
client [94] (testset)   loss: 6.8369 -> 5.3532  accuracy: 30.77% -> 43.85%      
client [81] (testset)   loss: 6.9864 -> 5.6238  accuracy: 31.13% -> 39.74%      
client [3]  (testset)   loss: 5.2444 -> 3.8289  accuracy: 38.28% -> 53.91%      
client [11] (testset)   loss: 6.7022 -> 4.7137  accuracy: 27.12% -> 48.02%      
client [95] (testset)   loss: 7.1069 -> 5.9128  accuracy: 27.71% -> 35.54%      
client [67] (testset)   loss: 6.5676 -> 4.3582  accuracy: 28.02% -> 51.65%      
---------------------------- TRAINING EPOCH: 180 ----------------------------   
client [21] (testset)   loss: 6.4059 -> 4.0276  accuracy: 25.85% -> 44.22%      
client [79] (testset)   loss: 5.4688 -> 3.4838  accuracy: 37.43% -> 58.66%      
client [58] (testset)   loss: 6.9466 -> 5.6916  accuracy: 29.23% -> 37.69%      
client [88] (testset)   loss: 8.0709 -> 5.0072  accuracy: 19.55% -> 44.69%      
client [46] (testset)   loss: 7.6216 -> 4.3808  accuracy: 19.05% -> 50.48%      
client [11] (testset)   loss: 6.6847 -> 4.4067  accuracy: 31.64% -> 44.07%      
client [55] (testset)   loss: 6.1109 -> 4.8999  accuracy: 26.81% -> 43.48%      
client [13] (testset)   loss: 6.5953 -> 5.0223  accuracy: 26.90% -> 43.27%      
client [31] (testset)   loss: 7.5949 -> 5.2512  accuracy: 29.47% -> 43.68%      
client [75] (testset)   loss: 6.2369 -> 4.6404  accuracy: 35.85% -> 48.11%      
---------------------------- TRAINING EPOCH: 190 ----------------------------   
client [19] (testset)   loss: 6.2458 -> 5.4320  accuracy: 30.49% -> 40.85%      
client [7]  (testset)   loss: 8.5591 -> 5.5439  accuracy: 24.56% -> 36.40%      
client [57] (testset)   loss: 5.8877 -> 4.5861  accuracy: 42.33% -> 54.60%      
client [13] (testset)   loss: 6.6912 -> 5.1942  accuracy: 28.65% -> 43.86%      
client [43] (testset)   loss: 9.3489 -> 5.9590  accuracy: 20.00% -> 34.07%      
client [91] (testset)   loss: 7.4997 -> 4.7616  accuracy: 27.63% -> 40.13%      
client [10] (testset)   loss: 6.6443 -> 4.9225  accuracy: 21.15% -> 32.69%      
client [64] (testset)   loss: 7.2371 -> 5.6094  accuracy: 22.97% -> 35.81%      
client [82] (testset)   loss: 6.5262 -> 5.5280  accuracy: 30.23% -> 37.21%      
client [22] (testset)   loss: 7.3474 -> 5.6864  accuracy: 25.66% -> 37.50%      
---------------------------- TRAINING EPOCH: 200 ----------------------------   
client [20] (testset)   loss: 8.3297 -> 4.7510  accuracy: 29.70% -> 47.52%      
client [23] (testset)   loss: 7.1127 -> 4.5357  accuracy: 30.00% -> 50.00%      
client [88] (testset)   loss: 8.2456 -> 5.6720  accuracy: 22.91% -> 44.69%      
client [98] (testset)   loss: 7.8433 -> 6.2816  accuracy: 33.10% -> 36.62%      
client [79] (testset)   loss: 5.7704 -> 3.9875  accuracy: 36.31% -> 51.96%      
client [21] (testset)   loss: 7.2701 -> 4.5115  accuracy: 27.21% -> 40.82%      
client [92] (testset)   loss: 7.1930 -> 5.5965  accuracy: 29.59% -> 44.90%      
client [56] (testset)   loss: 7.4932 -> 6.3118  accuracy: 30.95% -> 38.10%      
client [5]  (testset)   loss: 7.6911 -> 6.0076  accuracy: 23.31% -> 37.42%      
client [52] (testset)   loss: 7.2786 -> 5.0132  accuracy: 29.10% -> 47.01%      
---------------------------- TRAINING EPOCH: 210 ----------------------------   
client [67] (testset)   loss: 7.9526 -> 5.2679  accuracy: 31.32% -> 45.60%      
client [54] (testset)   loss: 8.6507 -> 7.6001  accuracy: 24.17% -> 30.83%      
client [14] (testset)   loss: 7.8936 -> 6.9156  accuracy: 24.68% -> 40.26%      
client [99] (testset)   loss: 8.2620 -> 7.1253  accuracy: 22.63% -> 27.74%      
client [36] (testset)   loss: 7.3846 -> 6.5599  accuracy: 28.32% -> 30.97%      
client [30] (testset)   loss: 7.6446 -> 6.5451  accuracy: 31.49% -> 39.23%      
client [38] (testset)   loss: 8.3059 -> 5.0326  accuracy: 19.55% -> 45.25%      
client [15] (testset)   loss: 7.7690 -> 5.3883  accuracy: 29.93% -> 41.61%      
client [6]  (testset)   loss: 7.4272 -> 6.7556  accuracy: 34.33% -> 37.31%      
client [53] (testset)   loss: 6.8781 -> 6.0827  accuracy: 31.21% -> 37.59%      
---------------------------- TRAINING EPOCH: 220 ----------------------------   
client [99] (testset)   loss: 9.1549 -> 7.7719  accuracy: 20.44% -> 25.55%      
client [6]  (testset)   loss: 7.7527 -> 7.0878  accuracy: 32.84% -> 37.31%      
client [83] (testset)   loss: 8.1282 -> 5.7389  accuracy: 27.63% -> 40.79%      
client [42] (testset)   loss: 6.7644 -> 5.5379  accuracy: 35.62% -> 42.47%      
client [34] (testset)   loss: 8.6348 -> 6.2448  accuracy: 22.10% -> 32.60%      
client [15] (testset)   loss: 8.1240 -> 6.0009  accuracy: 24.09% -> 40.15%      
client [47] (testset)   loss: 9.1087 -> 6.9052  accuracy: 21.74% -> 32.17%      
client [55] (testset)   loss: 7.0349 -> 5.7895  accuracy: 29.71% -> 40.58%      
client [51] (testset)   loss: 7.0856 -> 4.9272  accuracy: 25.00% -> 42.57%      
client [95] (testset)   loss: 7.7550 -> 6.4082  accuracy: 26.51% -> 34.94%      
---------------------------- TRAINING EPOCH: 230 ----------------------------   
client [71] (testset)   loss: 8.2409 -> 6.5910  accuracy: 22.90% -> 29.77%      
client [15] (testset)   loss: 7.4608 -> 5.6981  accuracy: 30.66% -> 43.80%      
client [33] (testset)   loss: 7.5517 -> 5.9019  accuracy: 23.85% -> 37.61%      
client [99] (testset)   loss: 8.1659 -> 7.1911  accuracy: 21.17% -> 29.93%      
client [90] (testset)   loss: 6.0541 -> 4.2734  accuracy: 39.71% -> 50.74%      
client [57] (testset)   loss: 6.6297 -> 5.2286  accuracy: 38.04% -> 49.08%      
client [27] (testset)   loss: 7.8317 -> 6.0005  accuracy: 29.38% -> 39.38%      
client [78] (testset)   loss: 7.6778 -> 5.7925  accuracy: 27.67% -> 41.51%      
client [36] (testset)   loss: 7.9774 -> 7.4070  accuracy: 27.43% -> 29.20%      
client [88] (testset)   loss: 7.6926 -> 5.8627  accuracy: 25.70% -> 43.02%      
---------------------------- TRAINING EPOCH: 240 ----------------------------   
client [70] (testset)   loss: 7.0172 -> 5.8361  accuracy: 30.43% -> 42.24%      
client [35] (testset)   loss: 9.7818 -> 6.1464  accuracy: 20.41% -> 38.27%      
client [16] (testset)   loss: 8.3205 -> 7.8422  accuracy: 35.54% -> 34.71%      
client [80] (testset)   loss: 8.5713 -> 5.1714  accuracy: 27.33% -> 53.42%      
client [38] (testset)   loss: 9.3417 -> 5.6467  accuracy: 17.32% -> 47.49%      
client [78] (testset)   loss: 6.8720 -> 5.9315  accuracy: 40.25% -> 44.65%      
client [68] (testset)   loss: 9.1303 -> 6.0463  accuracy: 22.69% -> 41.60%      
client [11] (testset)   loss: 9.2281 -> 5.6710  accuracy: 21.47% -> 41.24%      
client [64] (testset)   loss: 8.1871 -> 5.8566  accuracy: 18.24% -> 37.84%      
client [82] (testset)   loss: 8.5125 -> 7.3293  accuracy: 27.91% -> 31.40%      
---------------------------- TRAINING EPOCH: 250 ----------------------------   
client [30] (testset)   loss: 8.1717 -> 6.9435  accuracy: 32.60% -> 34.81%      
client [27] (testset)   loss: 8.2174 -> 6.3129  accuracy: 23.75% -> 41.88%      
client [74] (testset)   loss: 8.6464 -> 5.6438  accuracy: 21.43% -> 45.41%      
client [45] (testset)   loss: 7.9611 -> 5.5118  accuracy: 27.88% -> 48.67%      
client [6]  (testset)   loss: 7.9866 -> 6.9549  accuracy: 34.33% -> 38.81%      
client [36] (testset)   loss: 8.7609 -> 7.6681  accuracy: 28.32% -> 29.20%      
client [63] (testset)   loss: 7.5728 -> 5.9205  accuracy: 28.37% -> 40.87%      
client [76] (testset)   loss: 9.1719 -> 5.8754  accuracy: 19.55% -> 39.66%      
client [83] (testset)   loss: 9.9024 -> 6.8239  accuracy: 27.63% -> 36.84%      
client [86] (testset)   loss: 7.7576 -> 5.8087  accuracy: 26.27% -> 43.22%      
---------------------------- TRAINING EPOCH: 260 ----------------------------   
client [83] (testset)   loss: 9.9036 -> 6.9590  accuracy: 26.97% -> 38.16%      
client [99] (testset)   loss: 8.5991 -> 7.7423  accuracy: 29.20% -> 33.58%      
client [74] (testset)   loss: 8.0663 -> 6.3131  accuracy: 30.10% -> 43.37%      
client [73] (testset)   loss: 9.3672 -> 8.1485  accuracy: 33.09% -> 40.29%      
client [29] (testset)   loss: 9.1025 -> 6.7536  accuracy: 25.33% -> 44.00%      
client [92] (testset)   loss: 8.5379 -> 7.1270  accuracy: 32.65% -> 42.86%      
client [6]  (testset)   loss: 8.0927 -> 7.8020  accuracy: 37.31% -> 41.79%      
client [61] (testset)   loss: 10.4323 -> 8.5009 accuracy: 22.96% -> 28.15%      
client [21] (testset)   loss: 8.0331 -> 5.0146  accuracy: 23.81% -> 33.33%      
client [67] (testset)   loss: 7.9451 -> 5.7051  accuracy: 28.57% -> 46.70%      
---------------------------- TRAINING EPOCH: 270 ----------------------------   
client [83] (testset)   loss: 10.7518 -> 6.9353 accuracy: 18.42% -> 34.21%      
client [32] (testset)   loss: 8.9652 -> 7.5396  accuracy: 22.11% -> 27.37%      
client [95] (testset)   loss: 8.8030 -> 6.8543  accuracy: 27.11% -> 35.54%      
client [61] (testset)   loss: 10.4273 -> 9.1482 accuracy: 17.04% -> 22.96%      
client [27] (testset)   loss: 9.1396 -> 7.4912  accuracy: 23.75% -> 36.88%      
client [25] (testset)   loss: 7.9389 -> 6.2279  accuracy: 30.21% -> 42.71%      
client [68] (testset)   loss: 9.9861 -> 7.1469  accuracy: 22.69% -> 36.97%      
client [34] (testset)   loss: 9.0728 -> 6.4591  accuracy: 25.41% -> 38.12%      
client [71] (testset)   loss: 8.4121 -> 7.2826  accuracy: 22.14% -> 27.48%      
client [89] (testset)   loss: 8.5319 -> 7.7059  accuracy: 28.03% -> 33.12%      
---------------------------- TRAINING EPOCH: 280 ----------------------------   
client [78] (testset)   loss: 8.8072 -> 7.3979  accuracy: 28.30% -> 37.74%      
client [81] (testset)   loss: 8.8093 -> 7.3858  accuracy: 36.42% -> 40.40%      
client [51] (testset)   loss: 7.5695 -> 5.9505  accuracy: 26.35% -> 39.86%      
client [54] (testset)   loss: 8.6231 -> 7.7132  accuracy: 28.33% -> 34.17%      
client [65] (testset)   loss: 8.9965 -> 8.1387  accuracy: 28.18% -> 28.18%      
client [41] (testset)   loss: 9.4036 -> 8.5045  accuracy: 18.55% -> 22.58%      
client [11] (testset)   loss: 7.4129 -> 6.3545  accuracy: 37.29% -> 45.20%      
client [85] (testset)   loss: 8.4533 -> 6.8351  accuracy: 27.61% -> 35.07%      
client [12] (testset)   loss: 6.0873 -> 5.1018  accuracy: 36.36% -> 42.42%      
client [23] (testset)   loss: 7.9647 -> 6.0190  accuracy: 28.18% -> 41.82%      
---------------------------- TRAINING EPOCH: 290 ----------------------------   
client [16] (testset)   loss: 9.0752 -> 7.9580  accuracy: 26.45% -> 33.06%      
client [65] (testset)   loss: 8.6877 -> 8.3858  accuracy: 31.82% -> 34.55%      
client [53] (testset)   loss: 7.8070 -> 7.0515  accuracy: 26.24% -> 34.75%      
client [58] (testset)   loss: 8.5449 -> 8.1526  accuracy: 29.23% -> 30.00%      
client [72] (testset)   loss: 9.1843 -> 8.8181  accuracy: 25.37% -> 26.12%      
client [7]  (testset)   loss: 7.8973 -> 7.2507  accuracy: 29.82% -> 34.21%      
client [71] (testset)   loss: 8.4413 -> 7.5648  accuracy: 25.19% -> 27.48%      
client [59] (testset)   loss: 8.6049 -> 7.0433  accuracy: 27.47% -> 37.34%      
client [86] (testset)   loss: 7.6934 -> 6.6158  accuracy: 27.12% -> 36.44%      
client [39] (testset)   loss: 8.5009 -> 7.2513  accuracy: 30.54% -> 37.72%      
---------------------------- TRAINING EPOCH: 300 ----------------------------   
client [99] (testset)   loss: 9.8383 -> 8.1454  accuracy: 23.36% -> 29.20%      
client [7]  (testset)   loss: 9.1560 -> 7.2075  accuracy: 28.51% -> 35.09%      
client [17] (testset)   loss: 10.0711 -> 9.2443 accuracy: 18.05% -> 27.82%      
client [64] (testset)   loss: 9.4791 -> 7.6790  accuracy: 16.22% -> 31.76%      
client [37] (testset)   loss: 9.2578 -> 8.4290  accuracy: 25.96% -> 29.81%      
client [29] (testset)   loss: 9.2872 -> 8.3872  accuracy: 26.00% -> 32.00%      
client [93] (testset)   loss: 9.2906 -> 7.8563  accuracy: 26.40% -> 28.80%      
client [73] (testset)   loss: 10.5191 -> 9.5812 accuracy: 28.78% -> 33.09%      
client [40] (testset)   loss: 6.7360 -> 6.6515  accuracy: 37.18% -> 43.59%      
client [76] (testset)   loss: 9.4100 -> 6.6766  accuracy: 25.14% -> 41.34%      
---------------------------- TRAINING EPOCH: 310 ----------------------------   
client [31] (testset)   loss: 9.9213 -> 8.1053  accuracy: 32.11% -> 36.32%      
client [89] (testset)   loss: 8.7933 -> 8.1140  accuracy: 26.75% -> 30.57%      
client [77] (testset)   loss: 10.1534 -> 7.2863 accuracy: 16.85% -> 35.39%      
client [90] (testset)   loss: 7.8049 -> 5.9995  accuracy: 27.94% -> 45.59%      
client [26] (testset)   loss: 9.1642 -> 8.1888  accuracy: 23.89% -> 29.20%      
client [50] (testset)   loss: 7.8115 -> 6.6519  accuracy: 33.00% -> 43.00%      
client [30] (testset)   loss: 8.2442 -> 7.9230  accuracy: 35.91% -> 34.81%      
client [70] (testset)   loss: 8.1782 -> 6.6375  accuracy: 26.71% -> 37.27%      
client [41] (testset)   loss: 10.1135 -> 9.3615 accuracy: 24.19% -> 22.58%      
client [99] (testset)   loss: 9.3389 -> 8.3822  accuracy: 24.09% -> 28.47%      
---------------------------- TRAINING EPOCH: 320 ----------------------------   
client [68] (testset)   loss: 10.3229 -> 8.3701 accuracy: 23.53% -> 35.71%      
client [70] (testset)   loss: 7.6342 -> 6.7524  accuracy: 32.92% -> 39.13%      
client [52] (testset)   loss: 8.1788 -> 7.5616  accuracy: 34.33% -> 39.55%      
client [1]  (testset)   loss: 6.9825 -> 6.0508  accuracy: 35.91% -> 47.51%      
client [2]  (testset)   loss: 8.8940 -> 8.3717  accuracy: 28.57% -> 32.14%      
client [67] (testset)   loss: 8.8801 -> 7.1499  accuracy: 33.52% -> 40.11%      
client [92] (testset)   loss: 8.0018 -> 7.6546  accuracy: 37.76% -> 40.82%      
client [35] (testset)   loss: 9.9121 -> 7.6830  accuracy: 21.94% -> 35.71%      
client [36] (testset)   loss: 8.6727 -> 7.9680  accuracy: 30.97% -> 30.97%      
client [64] (testset)   loss: 9.0339 -> 7.9276  accuracy: 22.30% -> 31.76%      
---------------------------- TRAINING EPOCH: 330 ----------------------------   
client [44] (testset)   loss: 8.2680 -> 7.2642  accuracy: 30.07% -> 35.29%      
client [6]  (testset)   loss: 8.6387 -> 8.6392  accuracy: 38.81% -> 40.30%      
client [12] (testset)   loss: 6.5867 -> 5.8265  accuracy: 34.85% -> 43.18%      
client [55] (testset)   loss: 8.5406 -> 7.5536  accuracy: 26.81% -> 37.68%      
client [29] (testset)   loss: 9.0633 -> 8.3387  accuracy: 26.67% -> 33.33%      
client [9]  (testset)   loss: 8.0965 -> 7.1987  accuracy: 29.53% -> 35.57%      
client [43] (testset)   loss: 9.5201 -> 7.8238  accuracy: 25.19% -> 36.30%      
client [77] (testset)   loss: 10.2409 -> 7.4531 accuracy: 20.79% -> 39.33%      
client [98] (testset)   loss: 9.0480 -> 7.7597  accuracy: 29.58% -> 34.51%      
client [78] (testset)   loss: 8.7415 -> 7.6561  accuracy: 33.96% -> 38.36%      
---------------------------- TRAINING EPOCH: 340 ----------------------------   
client [92] (testset)   loss: 8.5653 -> 8.4270  accuracy: 37.76% -> 37.76%      
client [80] (testset)   loss: 8.7800 -> 5.7167  accuracy: 32.30% -> 52.17%      
client [63] (testset)   loss: 8.7691 -> 7.1262  accuracy: 29.33% -> 39.42%      
client [76] (testset)   loss: 10.0934 -> 7.4839 accuracy: 26.26% -> 35.75%      
client [78] (testset)   loss: 8.8977 -> 7.8589  accuracy: 35.85% -> 38.99%      
client [25] (testset)   loss: 8.5838 -> 7.0886  accuracy: 29.17% -> 40.62%      
client [58] (testset)   loss: 9.8704 -> 8.6136  accuracy: 28.46% -> 33.85%      
client [13] (testset)   loss: 8.6777 -> 7.7248  accuracy: 32.16% -> 40.35%      
client [17] (testset)   loss: 11.1667 -> 9.9963 accuracy: 18.80% -> 25.56%      
client [38] (testset)   loss: 9.8042 -> 7.9559  accuracy: 24.02% -> 32.40%      
---------------------------- TRAINING EPOCH: 350 ----------------------------   
client [72] (testset)   loss: 10.1454 -> 9.7033 accuracy: 29.10% -> 31.34%      
client [82] (testset)   loss: 7.7855 -> 7.7297  accuracy: 32.56% -> 32.56%      
client [86] (testset)   loss: 8.1619 -> 7.4129  accuracy: 27.12% -> 31.36%      
client [51] (testset)   loss: 8.6650 -> 7.2126  accuracy: 22.30% -> 33.78%      
client [96] (testset)   loss: 9.5532 -> 7.4686  accuracy: 24.86% -> 31.21%      
client [42] (testset)   loss: 7.8887 -> 7.3039  accuracy: 36.30% -> 39.73%      
client [55] (testset)   loss: 8.5934 -> 7.6469  accuracy: 27.54% -> 37.68%      
client [13] (testset)   loss: 8.1527 -> 7.6649  accuracy: 36.26% -> 39.18%      
client [1]  (testset)   loss: 7.3102 -> 6.5002  accuracy: 30.39% -> 46.96%      
client [12] (testset)   loss: 6.8060 -> 5.5193  accuracy: 40.91% -> 46.21%      
---------------------------- TRAINING EPOCH: 360 ----------------------------   
client [68] (testset)   loss: 11.3915 -> 9.3977 accuracy: 24.79% -> 36.13%      
client [23] (testset)   loss: 8.9118 -> 7.5899  accuracy: 30.00% -> 38.18%      
client [46] (testset)   loss: 10.2087 -> 7.8280 accuracy: 25.71% -> 42.86%      
client [41] (testset)   loss: 10.4022 -> 9.1565 accuracy: 20.97% -> 25.00%      
client [25] (testset)   loss: 9.0933 -> 7.8075  accuracy: 30.21% -> 38.54%      
client [58] (testset)   loss: 9.9265 -> 8.3851  accuracy: 26.15% -> 31.54%      
client [14] (testset)   loss: 10.4063 -> 9.7714 accuracy: 23.38% -> 28.57%      
client [33] (testset)   loss: 8.6589 -> 7.8852  accuracy: 25.69% -> 31.19%      
client [85] (testset)   loss: 9.5452 -> 7.7273  accuracy: 26.12% -> 35.82%      
client [62] (testset)   loss: 8.7470 -> 7.1138  accuracy: 28.64% -> 43.20%      
---------------------------- TRAINING EPOCH: 370 ----------------------------   
client [98] (testset)   loss: 8.2558 -> 8.2332  accuracy: 37.32% -> 38.03%      
client [63] (testset)   loss: 9.7736 -> 8.1154  accuracy: 26.92% -> 36.06%      
client [70] (testset)   loss: 8.9896 -> 7.7966  accuracy: 28.57% -> 36.65%      
client [65] (testset)   loss: 10.3350 -> 9.8915 accuracy: 26.36% -> 27.27%      
client [14] (testset)   loss: 10.4008 -> 9.9768 accuracy: 20.78% -> 20.78%      
client [73] (testset)   loss: 10.6914 -> 10.1761    accuracy: 29.50% -> 33.09%  
client [34] (testset)   loss: 10.4870 -> 8.8081 accuracy: 23.20% -> 31.49%      
client [99] (testset)   loss: 10.1875 -> 9.6386 accuracy: 24.09% -> 26.28%      
client [69] (testset)   loss: 9.4152 -> 7.0977  accuracy: 31.05% -> 38.99%      
client [46] (testset)   loss: 9.6829 -> 8.5267  accuracy: 29.52% -> 36.19%      
---------------------------- TRAINING EPOCH: 380 ----------------------------   
client [99] (testset)   loss: 10.9809 -> 10.2910    accuracy: 24.09% -> 25.55%  
client [93] (testset)   loss: 9.7914 -> 8.4098  accuracy: 25.60% -> 33.60%      
client [11] (testset)   loss: 8.8846 -> 7.7294  accuracy: 30.51% -> 40.11%      
client [58] (testset)   loss: 9.5869 -> 9.2981  accuracy: 26.15% -> 27.69%      
client [81] (testset)   loss: 10.2793 -> 9.0587 accuracy: 29.14% -> 32.45%      
client [85] (testset)   loss: 9.6241 -> 8.2772  accuracy: 27.61% -> 34.33%      
client [89] (testset)   loss: 9.5661 -> 9.1195  accuracy: 27.39% -> 27.39%      
client [45] (testset)   loss: 8.6652 -> 7.2158  accuracy: 30.09% -> 43.81%      
client [8]  (testset)   loss: 9.9881 -> 8.0644  accuracy: 33.67% -> 44.72%      
client [68] (testset)   loss: 11.8237 -> 10.2709    accuracy: 23.11% -> 28.15%  
---------------------------- TRAINING EPOCH: 390 ----------------------------   
client [67] (testset)   loss: 9.1124 -> 7.5577  accuracy: 34.07% -> 42.31%      
client [72] (testset)   loss: 10.2974 -> 9.9808 accuracy: 30.60% -> 32.09%      
client [1]  (testset)   loss: 7.8456 -> 7.0346  accuracy: 30.39% -> 43.65%      
client [78] (testset)   loss: 9.4535 -> 8.9062  accuracy: 35.22% -> 35.85%      
client [83] (testset)   loss: 11.0828 -> 9.7970 accuracy: 23.03% -> 28.95%      
client [21] (testset)   loss: 9.8923 -> 8.7763  accuracy: 26.53% -> 27.89%      
client [56] (testset)   loss: 10.2720 -> 10.1026    accuracy: 41.67% -> 41.67%  
client [44] (testset)   loss: 9.2526 -> 8.7342  accuracy: 28.76% -> 31.37%      
client [92] (testset)   loss: 8.7643 -> 8.7021  accuracy: 39.80% -> 39.80%      
client [27] (testset)   loss: 9.8725 -> 9.1600  accuracy: 28.12% -> 29.38%      
---------------------------- TRAINING EPOCH: 400 ----------------------------   
client [10] (testset)   loss: 9.2186 -> 8.8625  accuracy: 26.92% -> 25.96%      
client [39] (testset)   loss: 9.1341 -> 8.3506  accuracy: 33.53% -> 37.72%      
client [65] (testset)   loss: 11.2073 -> 10.3157    accuracy: 28.18% -> 28.18%  
client [26] (testset)   loss: 9.5216 -> 9.2710  accuracy: 30.97% -> 30.97%      
client [19] (testset)   loss: 10.5430 -> 9.8705 accuracy: 21.34% -> 25.61%      
client [68] (testset)   loss: 11.0049 -> 10.2596    accuracy: 25.21% -> 30.25%  
client [41] (testset)   loss: 11.1780 -> 10.6440    accuracy: 20.16% -> 21.77%  
client [50] (testset)   loss: 8.4084 -> 8.0139  accuracy: 35.00% -> 38.00%      
client [75] (testset)   loss: 8.6975 -> 7.2698  accuracy: 28.77% -> 42.92%      
client [81] (testset)   loss: 9.7632 -> 9.5840  accuracy: 34.44% -> 34.44%      
Training... ━━━━━━━━━━━━━━━━━━━━━━━━━━━━━━━━━━━━━━━━ 100% 0:25:14
FedDpa's average time taken by each global epoch: 0 min 3.53 sec.               
FedDpa's total running time: 0 h 25 m 14 s.                                     
==================== FedDpa Experiment Results: ====================            
Display format: (before local fine-tuning) -> (after local fine-tuning)         
 So if finetune_epoch = 0, x.xx% -> 0.00% is normal.                            
 Centralized testing ONLY happens after model aggregation, so the stats between 
'->' are the same.                                                              
{                                                                               
    "100": {                                                                    
        "all_clients": {                                                        
            "test": {                                                           
                "loss": "5.9966 -> 0.0000",                                     
                "accuracy": "24.98% -> 0.00%"                                   
            }                                                                   
        }                                                                       
    },                                                                          
    "200": {                                                                    
        "all_clients": {                                                        
            "test": {                                                           
                "loss": "7.2802 -> 0.0000",                                     
                "accuracy": "27.82% -> 0.00%"                                   
            }                                                                   
        }                                                                       
    },                                                                          
    "300": {                                                                    
        "all_clients": {                                                        
            "test": {                                                           
                "loss": "9.0786 -> 0.0000",                                     
                "accuracy": "28.60% -> 0.00%"                                   
            }                                                                   
        }                                                                       
    },                                                                          
    "400": {                                                                    
        "all_clients": {                                                        
            "test": {                                                           
                "loss": "9.4649 -> 0.0000",                                     
                "accuracy": "29.66% -> 0.00%"                                   
            }                                                                   
        }                                                                       
    }                                                                           
}                                                                               
==================== FedDpa Max Accuracy ====================                   
all_clients:                                                                    
(test) before fine-tuning: 29.66% at epoch 400                                  
(test) after fine-tuning: 0.00% at epoch 100                                    
