==================== PSFL ====================                                  
Experiment Arguments:                                                           
{
│   'method': 'psfl',
│   'dataset': {
│   │   'name': 'svhn',
│   │   'client_num': 100,
│   │   'test_ratio': 0.25,
│   │   'val_ratio': 0.0,
│   │   'seed': 42,
│   │   'split': 'sample',
│   │   'IID_ratio': 0.0,
│   │   'monitor_window_name_suffix': 'svhn-100clients-0%IID-Dir(0.1)-seed42',
│   │   'alpha': 0.1,
│   │   'min_samples_per_client': 10
│   },
│   'model': {
│   │   'name': 'avgcnn',
│   │   'use_torchvision_pretrained_weights': True,
│   │   'external_model_weights_path': None
│   },
│   'optimizer': {
│   │   'lr': 0.01,
│   │   'dampening': 0,
│   │   'weight_decay': 0,
│   │   'momentum': 0,
│   │   'nesterov': False,
│   │   'name': 'sgd'
│   },
│   'mode': 'sequential',
│   'parallel': {
│   │   'ray_cluster_addr': None,
│   │   'num_cpus': None,
│   │   'num_gpus': None,
│   │   'num_workers': 2
│   },
│   'common': {
│   │   'seed': 42,
│   │   'join_ratio': 0.1,
│   │   'global_epoch': 400,
│   │   'local_epoch': 5,
│   │   'batch_size': 32,
│   │   'reset_optimizer_on_global_epoch': True,
│   │   'straggler_ratio': 0,
│   │   'straggler_min_local_epoch': 0,
│   │   'buffers': 'global',
│   │   'client_side_evaluation': True,
│   │   'test': {
│   │   │   'client': {
│   │   │   │   'interval': 100,
│   │   │   │   'finetune_epoch': 0,
│   │   │   │   'train': False,
│   │   │   │   'val': False,
│   │   │   │   'test': True
│   │   │   },
│   │   │   'server': {
│   │   │   │   'interval': -1,
│   │   │   │   'train': False,
│   │   │   │   'val': False,
│   │   │   │   'test': False,
│   │   │   │   'model_in_train_mode': False
│   │   │   }
│   │   },
│   │   'verbose_gap': 10,
│   │   'monitor': None,
│   │   'use_cuda': True,
│   │   'save_log': True,
│   │   'save_model': False,
│   │   'save_learning_curve_plot': False,
│   │   'save_metrics': True,
│   │   'delete_useless_run': True
│   },
│   'psfl': {
│   │   'alpha': 0.0,
│   │   'CLS': False,
│   │   'ig_ratio': 0.9993,
│   │   'track': False,
│   │   'score': 'obp'
│   }
}
---------------------------- TRAINING EPOCH: 10 ----------------------------    
client [77] (testset)   loss: 1.0152 -> 0.3924  accuracy: 73.12% -> 86.92%      
client [81] (testset)   loss: 2.1430 -> 0.3500  accuracy: 38.71% -> 87.10%      
client [21] (testset)   loss: 1.0642 -> 0.8925  accuracy: 75.00% -> 80.56%      
client [68] (testset)   loss: 0.6131 -> 0.0248  accuracy: 81.25% -> 100.00%     
client [93] (testset)   loss: 1.5296 -> 0.5398  accuracy: 49.68% -> 86.45%      
client [31] (testset)   loss: 0.6097 -> 0.4054  accuracy: 82.86% -> 85.71%      
client [20] (testset)   loss: 1.1043 -> 0.2715  accuracy: 68.75% -> 90.62%      
client [59] (testset)   loss: 2.2342 -> 0.4089  accuracy: 37.05% -> 85.23%      
client [48] (testset)   loss: 1.0956 -> 0.6185  accuracy: 69.70% -> 78.79%      
client [34] (testset)   loss: 0.9685 -> 0.3575  accuracy: 72.73% -> 81.82%      
---------------------------- TRAINING EPOCH: 20 ----------------------------    
client [69] (testset)   loss: 1.4431 -> 0.4783  accuracy: 61.59% -> 90.73%      
client [99] (testset)   loss: 0.7865 -> 0.2085  accuracy: 78.10% -> 94.29%      
client [67] (testset)   loss: 0.3203 -> 0.1423  accuracy: 91.30% -> 95.26%      
client [0]  (testset)   loss: 0.8338 -> 0.2901  accuracy: 76.32% -> 89.91%      
client [76] (testset)   loss: 0.1556 -> 0.0165  accuracy: 94.87% -> 100.00%     
client [41] (testset)   loss: 0.9442 -> 0.3547  accuracy: 75.74% -> 90.06%      
client [62] (testset)   loss: 1.0411 -> 0.2657  accuracy: 69.43% -> 91.92%      
client [2]  (testset)   loss: 0.6822 -> 0.0193  accuracy: 78.04% -> 99.31%      
client [14] (testset)   loss: 0.8684 -> 0.1225  accuracy: 73.21% -> 95.83%      
client [46] (testset)   loss: 1.0064 -> 0.4474  accuracy: 78.95% -> 92.11%      
---------------------------- TRAINING EPOCH: 30 ----------------------------    
client [24] (testset)   loss: 0.1918 -> 0.2080  accuracy: 95.03% -> 95.34%      
client [68] (testset)   loss: 0.0380 -> 0.0080  accuracy: 97.92% -> 100.00%     
client [57] (testset)   loss: 0.7640 -> 0.1722  accuracy: 79.95% -> 93.92%      
client [17] (testset)   loss: 0.3219 -> 0.0696  accuracy: 92.13% -> 98.43%      
client [54] (testset)   loss: 0.1600 -> 0.0935  accuracy: 95.88% -> 95.88%      
client [23] (testset)   loss: 0.6395 -> 0.1909  accuracy: 78.50% -> 97.20%      
client [35] (testset)   loss: 0.1682 -> 0.1632  accuracy: 96.40% -> 96.40%      
client [59] (testset)   loss: 0.6558 -> 0.2541  accuracy: 81.35% -> 91.71%      
client [31] (testset)   loss: 0.4733 -> 0.4146  accuracy: 85.71% -> 88.57%      
client [9]  (testset)   loss: 0.6569 -> 0.3015  accuracy: 86.52% -> 92.91%      
---------------------------- TRAINING EPOCH: 40 ----------------------------    
client [64] (testset)   loss: 0.4572 -> 0.2010  accuracy: 85.19% -> 92.59%      
client [33] (testset)   loss: 0.1490 -> 0.1215  accuracy: 96.92% -> 97.23%      
client [16] (testset)   loss: 0.5223 -> 0.0365  accuracy: 88.89% -> 98.77%      
client [44] (testset)   loss: 0.6098 -> 0.1413  accuracy: 86.60% -> 95.88%      
client [8]  (testset)   loss: 0.7169 -> 0.0766  accuracy: 75.00% -> 100.00%     
client [31] (testset)   loss: 0.3426 -> 0.3832  accuracy: 91.43% -> 91.43%      
client [47] (testset)   loss: 0.2340 -> 0.1584  accuracy: 95.23% -> 96.42%      
client [36] (testset)   loss: 2.2065 -> 2.8831  accuracy: 80.00% -> 60.00%      
client [20] (testset)   loss: 0.4217 -> 0.3116  accuracy: 85.42% -> 90.10%      
client [56] (testset)   loss: 0.3095 -> 0.2435  accuracy: 92.40% -> 94.33%      
---------------------------- TRAINING EPOCH: 50 ----------------------------    
client [4]  (testset)   loss: 0.2814 -> 0.1308  accuracy: 94.12% -> 98.53%      
client [60] (testset)   loss: 0.0093 -> 0.0003  accuracy: 100.00% -> 100.00%    
client [28] (testset)   loss: 0.0817 -> 0.1298  accuracy: 96.23% -> 96.70%      
client [25] (testset)   loss: 0.4457 -> 0.4793  accuracy: 95.00% -> 95.00%      
client [58] (testset)   loss: 0.2836 -> 0.2504  accuracy: 93.10% -> 93.87%      
client [44] (testset)   loss: 0.1745 -> 0.1215  accuracy: 93.81% -> 95.88%      
client [39] (testset)   loss: 0.2290 -> 0.1642  accuracy: 95.12% -> 92.68%      
client [29] (testset)   loss: 0.3927 -> 0.4215  accuracy: 90.02% -> 89.55%      
client [3]  (testset)   loss: 0.2152 -> 0.1510  accuracy: 94.38% -> 96.39%      
client [84] (testset)   loss: 0.5450 -> 0.4434  accuracy: 89.14% -> 90.05%      
---------------------------- TRAINING EPOCH: 60 ----------------------------    
client [21] (testset)   loss: 1.1419 -> 0.5241  accuracy: 75.00% -> 86.11%      
client [84] (testset)   loss: 0.6553 -> 0.4071  accuracy: 87.33% -> 90.50%      
client [10] (testset)   loss: 0.2739 -> 0.1376  accuracy: 92.89% -> 96.86%      
client [36] (testset)   loss: 2.4583 -> 3.0059  accuracy: 80.00% -> 70.00%      
client [65] (testset)   loss: 0.1035 -> 0.1007  accuracy: 98.13% -> 98.13%      
client [81] (testset)   loss: 0.7401 -> 0.5916  accuracy: 80.65% -> 90.32%      
client [79] (testset)   loss: 0.2622 -> 0.0795  accuracy: 94.05% -> 97.45%      
client [42] (testset)   loss: 0.2190 -> 0.1432  accuracy: 92.65% -> 96.32%      
client [11] (testset)   loss: 0.1427 -> 0.1929  accuracy: 98.70% -> 94.81%      
client [96] (testset)   loss: 0.0509 -> 0.0579  accuracy: 98.21% -> 98.21%      
---------------------------- TRAINING EPOCH: 70 ----------------------------    
client [8]  (testset)   loss: 0.3571 -> 0.0805  accuracy: 87.50% -> 93.75%      
client [53] (testset)   loss: 0.0621 -> 0.1003  accuracy: 98.25% -> 97.82%      
client [52] (testset)   loss: 0.0965 -> 0.0685  accuracy: 96.61% -> 97.68%      
client [42] (testset)   loss: 0.1487 -> 0.1077  accuracy: 96.32% -> 96.32%      
client [69] (testset)   loss: 0.3669 -> 0.3540  accuracy: 92.72% -> 93.38%      
client [59] (testset)   loss: 0.3361 -> 0.3102  accuracy: 89.64% -> 90.16%      
client [7]  (testset)   loss: 0.2884 -> 0.1793  accuracy: 91.70% -> 94.58%      
client [26] (testset)   loss: 0.0219 -> 0.0481  accuracy: 98.73% -> 98.73%      
client [49] (testset)   loss: 0.0807 -> 0.0451  accuracy: 97.30% -> 99.46%      
client [98] (testset)   loss: 0.3008 -> 0.3011  accuracy: 96.43% -> 96.03%      
---------------------------- TRAINING EPOCH: 80 ----------------------------    
client [98] (testset)   loss: 0.2741 -> 0.2767  accuracy: 96.43% -> 96.43%      
client [47] (testset)   loss: 0.2298 -> 0.2206  accuracy: 96.29% -> 96.16%      
client [21] (testset)   loss: 0.5249 -> 0.5590  accuracy: 80.56% -> 86.11%      
client [77] (testset)   loss: 0.5015 -> 0.4627  accuracy: 90.80% -> 91.53%      
client [95] (testset)   loss: 0.3765 -> 0.3568  accuracy: 92.55% -> 93.62%      
client [91] (testset)   loss: 0.5097 -> 0.3877  accuracy: 86.62% -> 89.81%      
client [14] (testset)   loss: 0.1407 -> 0.1393  accuracy: 97.62% -> 97.62%      
client [99] (testset)   loss: 0.2165 -> 0.1960  accuracy: 94.76% -> 95.24%      
client [20] (testset)   loss: 0.3295 -> 0.3362  accuracy: 92.71% -> 91.15%      
client [39] (testset)   loss: 0.2057 -> 0.1671  accuracy: 95.12% -> 97.56%      
---------------------------- TRAINING EPOCH: 90 ----------------------------    
client [52] (testset)   loss: 0.0849 -> 0.0985  accuracy: 97.50% -> 97.68%      
client [62] (testset)   loss: 0.4035 -> 0.3713  accuracy: 93.01% -> 94.98%      
client [71] (testset)   loss: 0.3907 -> 0.3995  accuracy: 93.44% -> 93.44%      
client [97] (testset)   loss: 0.1642 -> 0.1616  accuracy: 97.45% -> 95.97%      
client [30] (testset)   loss: 0.0079 -> 0.0033  accuracy: 100.00% -> 100.00%    
client [88] (testset)   loss: 0.1455 -> 0.1445  accuracy: 97.38% -> 97.38%      
client [60] (testset)   loss: 0.0004 -> 0.0001  accuracy: 100.00% -> 100.00%    
client [82] (testset)   loss: 1.9674 -> 1.1466  accuracy: 84.21% -> 89.47%      
client [91] (testset)   loss: 0.5850 -> 0.4907  accuracy: 87.90% -> 90.45%      
client [57] (testset)   loss: 0.1813 -> 0.1748  accuracy: 95.95% -> 94.82%      
---------------------------- TRAINING EPOCH: 100 ----------------------------   
client [31] (testset)   loss: 0.4654 -> 0.5692  accuracy: 91.43% -> 91.43%      
client [15] (testset)   loss: 0.2154 -> 0.2122  accuracy: 95.38% -> 95.38%      
client [71] (testset)   loss: 0.3370 -> 0.3774  accuracy: 95.08% -> 93.44%      
client [97] (testset)   loss: 0.1715 -> 0.1787  accuracy: 97.24% -> 96.60%      
client [53] (testset)   loss: 0.1172 -> 0.1347  accuracy: 97.82% -> 97.82%      
client [77] (testset)   loss: 0.5734 -> 0.4873  accuracy: 89.83% -> 92.25%      
client [76] (testset)   loss: 0.0945 -> 0.0254  accuracy: 97.44% -> 99.36%      
client [79] (testset)   loss: 0.1040 -> 0.0665  accuracy: 96.94% -> 98.30%      
client [28] (testset)   loss: 0.1327 -> 0.1443  accuracy: 97.17% -> 96.70%      
client [99] (testset)   loss: 0.2390 -> 0.2179  accuracy: 95.24% -> 95.95%      
---------------------------- TRAINING EPOCH: 110 ----------------------------   
client [97] (testset)   loss: 0.2250 -> 0.2003  accuracy: 96.82% -> 96.60%      
client [86] (testset)   loss: 0.3934 -> 0.4049  accuracy: 95.70% -> 95.70%      
client [34] (testset)   loss: 0.2867 -> 0.3765  accuracy: 90.91% -> 90.91%      
client [73] (testset)   loss: 0.0957 -> 0.0905  accuracy: 98.70% -> 98.70%      
client [5]  (testset)   loss: 0.1197 -> 0.1196  accuracy: 92.19% -> 92.19%      
client [96] (testset)   loss: 0.0283 -> 0.0726  accuracy: 98.21% -> 98.21%      
client [22] (testset)   loss: 0.9181 -> 0.8946  accuracy: 87.50% -> 84.38%      
client [60] (testset)   loss: 0.0009 -> 0.0005  accuracy: 100.00% -> 100.00%    
client [66] (testset)   loss: 0.2199 -> 0.2955  accuracy: 94.81% -> 93.33%      
client [83] (testset)   loss: 0.0117 -> 0.0112  accuracy: 100.00% -> 100.00%    
---------------------------- TRAINING EPOCH: 120 ----------------------------   
client [76] (testset)   loss: 0.0025 -> 0.0066  accuracy: 100.00% -> 99.36%     
client [65] (testset)   loss: 0.1297 -> 0.1204  accuracy: 98.40% -> 98.26%      
client [95] (testset)   loss: 0.4630 -> 0.4336  accuracy: 93.62% -> 93.62%      
client [17] (testset)   loss: 0.1760 -> 0.1270  accuracy: 97.64% -> 99.21%      
client [8]  (testset)   loss: 0.0322 -> 0.0278  accuracy: 100.00% -> 100.00%    
client [35] (testset)   loss: 0.1782 -> 0.1757  accuracy: 96.94% -> 96.94%      
client [98] (testset)   loss: 0.3535 -> 0.3661  accuracy: 96.43% -> 96.43%      
client [53] (testset)   loss: 0.1134 -> 0.1314  accuracy: 97.82% -> 97.82%      
client [43] (testset)   loss: 0.2910 -> 0.3080  accuracy: 93.66% -> 93.66%      
client [64] (testset)   loss: 0.2704 -> 0.1971  accuracy: 92.59% -> 93.33%      
---------------------------- TRAINING EPOCH: 130 ----------------------------   
client [21] (testset)   loss: 0.4224 -> 0.4257  accuracy: 88.89% -> 91.67%      
client [88] (testset)   loss: 0.2221 -> 0.1928  accuracy: 97.70% -> 98.03%      
client [38] (testset)   loss: 0.2792 -> 0.2737  accuracy: 97.99% -> 97.99%      
client [3]  (testset)   loss: 0.2170 -> 0.2144  accuracy: 97.19% -> 97.59%      
client [5]  (testset)   loss: 0.2046 -> 0.1925  accuracy: 95.31% -> 96.88%      
client [41] (testset)   loss: 0.5710 -> 0.5569  accuracy: 90.18% -> 91.83%      
client [7]  (testset)   loss: 0.2943 -> 0.2869  accuracy: 94.58% -> 94.95%      
client [37] (testset)   loss: 0.0452 -> 0.0436  accuracy: 98.86% -> 98.86%      
client [45] (testset)   loss: 0.1440 -> 0.0819  accuracy: 95.83% -> 96.88%      
client [47] (testset)   loss: 0.2794 -> 0.2461  accuracy: 96.16% -> 96.16%      
---------------------------- TRAINING EPOCH: 140 ----------------------------   
client [16] (testset)   loss: 0.1856 -> 0.0857  accuracy: 97.53% -> 98.77%      
client [11] (testset)   loss: 0.1056 -> 0.1392  accuracy: 96.10% -> 96.10%      
client [37] (testset)   loss: 0.0441 -> 0.0340  accuracy: 99.15% -> 99.15%      
client [41] (testset)   loss: 0.5462 -> 0.5356  accuracy: 89.94% -> 91.72%      
client [95] (testset)   loss: 0.4703 -> 0.4831  accuracy: 92.55% -> 91.49%      
client [53] (testset)   loss: 0.1555 -> 0.1590  accuracy: 97.38% -> 97.38%      
client [22] (testset)   loss: 1.2372 -> 1.1040  accuracy: 87.50% -> 87.50%      
client [25] (testset)   loss: 0.6247 -> 0.6814  accuracy: 95.00% -> 95.00%      
client [69] (testset)   loss: 0.5643 -> 0.5044  accuracy: 92.72% -> 94.04%      
client [46] (testset)   loss: 0.7741 -> 0.7938  accuracy: 84.21% -> 84.21%      
---------------------------- TRAINING EPOCH: 150 ----------------------------   
client [47] (testset)   loss: 0.2792 -> 0.2952  accuracy: 95.89% -> 95.76%      
client [69] (testset)   loss: 0.5808 -> 0.5328  accuracy: 94.04% -> 93.38%      
client [82] (testset)   loss: 1.6884 -> 1.5511  accuracy: 84.21% -> 84.21%      
client [45] (testset)   loss: 0.1395 -> 0.1171  accuracy: 94.79% -> 95.83%      
client [7]  (testset)   loss: 0.2746 -> 0.2482  accuracy: 93.86% -> 96.03%      
client [50] (testset)   loss: 0.0148 -> 0.0134  accuracy: 100.00% -> 100.00%    
client [35] (testset)   loss: 0.2105 -> 0.2054  accuracy: 96.94% -> 96.94%      
client [24] (testset)   loss: 0.3717 -> 0.3411  accuracy: 95.03% -> 95.96%      
client [15] (testset)   loss: 0.2291 -> 0.2354  accuracy: 95.52% -> 95.80%      
client [58] (testset)   loss: 0.3699 -> 0.3514  accuracy: 93.49% -> 93.49%      
---------------------------- TRAINING EPOCH: 160 ----------------------------   
client [48] (testset)   loss: 1.0647 -> 1.0496  accuracy: 87.88% -> 90.91%      
client [76] (testset)   loss: 0.0040 -> 0.0019  accuracy: 100.00% -> 100.00%    
client [67] (testset)   loss: 0.1650 -> 0.1499  accuracy: 95.26% -> 95.65%      
client [37] (testset)   loss: 0.0431 -> 0.0424  accuracy: 98.86% -> 98.86%      
client [58] (testset)   loss: 0.3958 -> 0.3600  accuracy: 93.49% -> 93.87%      
client [64] (testset)   loss: 0.2416 -> 0.2432  accuracy: 96.30% -> 94.81%      
client [77] (testset)   loss: 0.6305 -> 0.5873  accuracy: 91.53% -> 92.74%      
client [55] (testset)   loss: 0.4006 -> 0.4425  accuracy: 92.60% -> 91.84%      
client [12] (testset)   loss: 0.7814 -> 0.7773  accuracy: 90.91% -> 90.91%      
client [89] (testset)   loss: 0.2785 -> 0.2582  accuracy: 95.59% -> 95.59%      
---------------------------- TRAINING EPOCH: 170 ----------------------------   
client [84] (testset)   loss: 0.5015 -> 0.5066  accuracy: 91.86% -> 92.31%      
client [51] (testset)   loss: 0.3290 -> 0.3237  accuracy: 97.34% -> 97.34%      
client [8]  (testset)   loss: 0.0102 -> 0.0102  accuracy: 100.00% -> 100.00%    
client [18] (testset)   loss: 0.2013 -> 0.2057  accuracy: 96.51% -> 96.12%      
client [94] (testset)   loss: 0.1229 -> 0.1424  accuracy: 97.55% -> 97.55%      
client [81] (testset)   loss: 0.8559 -> 0.8135  accuracy: 87.10% -> 87.10%      
client [3]  (testset)   loss: 0.2236 -> 0.2373  accuracy: 97.59% -> 97.99%      
client [11] (testset)   loss: 0.2306 -> 0.2452  accuracy: 96.10% -> 96.10%      
client [95] (testset)   loss: 0.5477 -> 0.5631  accuracy: 92.55% -> 92.55%      
client [67] (testset)   loss: 0.1526 -> 0.1637  accuracy: 95.26% -> 95.26%      
---------------------------- TRAINING EPOCH: 180 ----------------------------   
client [21] (testset)   loss: 0.3969 -> 0.4574  accuracy: 86.11% -> 91.67%      
client [79] (testset)   loss: 0.1100 -> 0.0971  accuracy: 97.96% -> 98.13%      
client [58] (testset)   loss: 0.3154 -> 0.3125  accuracy: 94.64% -> 94.64%      
client [88] (testset)   loss: 0.2488 -> 0.2371  accuracy: 97.38% -> 97.70%      
client [46] (testset)   loss: 1.1784 -> 1.1393  accuracy: 84.21% -> 86.84%      
client [11] (testset)   loss: 0.2437 -> 0.2538  accuracy: 96.10% -> 96.10%      
client [55] (testset)   loss: 0.4943 -> 0.4989  accuracy: 92.35% -> 92.60%      
client [13] (testset)   loss: 0.3405 -> 0.3311  accuracy: 95.50% -> 95.50%      
client [31] (testset)   loss: 0.7437 -> 0.7510  accuracy: 91.43% -> 91.43%      
client [75] (testset)   loss: 0.2325 -> 0.2319  accuracy: 93.75% -> 94.44%      
---------------------------- TRAINING EPOCH: 190 ----------------------------   
client [19] (testset)   loss: 0.2894 -> 0.3093  accuracy: 93.15% -> 93.15%      
client [7]  (testset)   loss: 0.2866 -> 0.2916  accuracy: 94.58% -> 94.58%      
client [57] (testset)   loss: 0.2158 -> 0.2002  accuracy: 95.27% -> 95.27%      
client [13] (testset)   loss: 0.3246 -> 0.3244  accuracy: 96.00% -> 96.00%      
client [43] (testset)   loss: 0.3360 -> 0.3458  accuracy: 95.15% -> 95.15%      
client [91] (testset)   loss: 0.6089 -> 0.5619  accuracy: 88.54% -> 89.81%      
client [10] (testset)   loss: 0.2679 -> 0.2391  accuracy: 95.61% -> 95.82%      
client [64] (testset)   loss: 0.2924 -> 0.2729  accuracy: 94.07% -> 94.81%      
client [82] (testset)   loss: 2.4112 -> 2.3733  accuracy: 89.47% -> 89.47%      
client [22] (testset)   loss: 1.1417 -> 1.1578  accuracy: 87.50% -> 87.50%      
---------------------------- TRAINING EPOCH: 200 ----------------------------   
client [20] (testset)   loss: 0.4207 -> 0.4867  accuracy: 91.67% -> 91.67%      
client [23] (testset)   loss: 0.3241 -> 0.3228  accuracy: 96.26% -> 95.33%      
client [88] (testset)   loss: 0.2253 -> 0.2205  accuracy: 97.70% -> 98.03%      
client [98] (testset)   loss: 0.5104 -> 0.5040  accuracy: 96.43% -> 96.43%      
client [79] (testset)   loss: 0.1195 -> 0.1161  accuracy: 98.13% -> 98.13%      
client [21] (testset)   loss: 0.3384 -> 0.3664  accuracy: 88.89% -> 91.67%      
client [92] (testset)   loss: 0.5983 -> 0.6010  accuracy: 93.92% -> 93.92%      
client [56] (testset)   loss: 0.4160 -> 0.4103  accuracy: 94.56% -> 94.56%      
client [5]  (testset)   loss: 0.1824 -> 0.1723  accuracy: 93.75% -> 93.75%      
client [52] (testset)   loss: 0.0791 -> 0.0834  accuracy: 98.04% -> 97.86%      
---------------------------- TRAINING EPOCH: 210 ----------------------------   
client [67] (testset)   loss: 0.1935 -> 0.1784  accuracy: 95.26% -> 95.26%      
client [54] (testset)   loss: 0.2958 -> 0.2935  accuracy: 95.88% -> 95.88%      
client [14] (testset)   loss: 0.1794 -> 0.1803  accuracy: 98.21% -> 98.21%      
client [99] (testset)   loss: 0.2813 -> 0.2861  accuracy: 95.71% -> 95.48%      
client [36] (testset)   loss: 6.3558 -> 6.3392  accuracy: 60.00% -> 60.00%      
client [30] (testset)   loss: 0.0007 -> 0.0006  accuracy: 100.00% -> 100.00%    
client [38] (testset)   loss: 0.3041 -> 0.3026  accuracy: 98.24% -> 97.99%      
client [15] (testset)   loss: 0.2648 -> 0.2662  accuracy: 95.52% -> 95.10%      
client [6]  (testset)   loss: 0.1864 -> 0.1946  accuracy: 95.62% -> 95.62%      
client [53] (testset)   loss: 0.1763 -> 0.1690  accuracy: 97.82% -> 97.82%      
---------------------------- TRAINING EPOCH: 220 ----------------------------   
client [99] (testset)   loss: 0.2921 -> 0.2898  accuracy: 95.48% -> 95.71%      
client [6]  (testset)   loss: 0.1946 -> 0.1879  accuracy: 95.22% -> 95.62%      
client [83] (testset)   loss: 0.0296 -> 0.0300  accuracy: 100.00% -> 100.00%    
client [42] (testset)   loss: 0.2262 -> 0.2270  accuracy: 95.59% -> 95.59%      
client [34] (testset)   loss: 0.3763 -> 0.3786  accuracy: 95.45% -> 95.45%      
client [15] (testset)   loss: 0.2767 -> 0.2717  accuracy: 95.80% -> 95.52%      
client [47] (testset)   loss: 0.3482 -> 0.3555  accuracy: 96.03% -> 95.76%      
client [55] (testset)   loss: 0.4999 -> 0.5268  accuracy: 92.60% -> 92.35%      
client [51] (testset)   loss: 0.3789 -> 0.3741  accuracy: 96.96% -> 96.96%      
client [95] (testset)   loss: 0.6172 -> 0.6188  accuracy: 91.49% -> 92.55%      
---------------------------- TRAINING EPOCH: 230 ----------------------------   
client [71] (testset)   loss: 0.7209 -> 0.6185  accuracy: 93.44% -> 93.44%      
client [15] (testset)   loss: 0.2846 -> 0.2718  accuracy: 95.38% -> 95.66%      
client [33] (testset)   loss: 0.1723 -> 0.1737  accuracy: 97.85% -> 97.85%      
client [99] (testset)   loss: 0.2827 -> 0.2813  accuracy: 95.48% -> 95.24%      
client [90] (testset)   loss: 0.3660 -> 0.3521  accuracy: 92.59% -> 92.59%      
client [57] (testset)   loss: 0.2048 -> 0.2043  accuracy: 97.07% -> 97.07%      
client [27] (testset)   loss: 0.6088 -> 0.5986  accuracy: 93.00% -> 93.00%      
client [78] (testset)   loss: 0.2152 -> 0.2020  accuracy: 96.58% -> 96.58%      
client [36] (testset)   loss: 6.5429 -> 6.4640  accuracy: 60.00% -> 70.00%      
client [88] (testset)   loss: 0.2273 -> 0.2274  accuracy: 97.70% -> 97.70%      
---------------------------- TRAINING EPOCH: 240 ----------------------------   
client [70] (testset)   loss: 0.5182 -> 0.5197  accuracy: 93.40% -> 93.58%      
client [35] (testset)   loss: 0.2650 -> 0.2664  accuracy: 96.76% -> 96.58%      
client [16] (testset)   loss: 0.2199 -> 0.2190  accuracy: 97.53% -> 97.53%      
client [80] (testset)   loss: 1.1714 -> 1.1928  accuracy: 89.86% -> 89.86%      
client [38] (testset)   loss: 0.3144 -> 0.3158  accuracy: 97.99% -> 97.99%      
client [78] (testset)   loss: 0.2208 -> 0.2027  accuracy: 96.58% -> 96.58%      
client [68] (testset)   loss: 0.0022 -> 0.0021  accuracy: 100.00% -> 100.00%    
client [11] (testset)   loss: 0.2331 -> 0.2531  accuracy: 96.10% -> 96.10%      
client [64] (testset)   loss: 0.3370 -> 0.3187  accuracy: 91.85% -> 91.85%      
client [82] (testset)   loss: 2.3277 -> 2.3170  accuracy: 89.47% -> 89.47%      
---------------------------- TRAINING EPOCH: 250 ----------------------------   
client [30] (testset)   loss: 0.0007 -> 0.0009  accuracy: 100.00% -> 100.00%    
client [27] (testset)   loss: 0.6239 -> 0.6265  accuracy: 93.00% -> 93.00%      
client [74] (testset)   loss: 0.6901 -> 0.7030  accuracy: 88.74% -> 88.08%      
client [45] (testset)   loss: 0.1071 -> 0.1100  accuracy: 96.88% -> 96.88%      
client [6]  (testset)   loss: 0.1972 -> 0.1914  accuracy: 95.62% -> 96.02%      
client [36] (testset)   loss: 6.6175 -> 6.5195  accuracy: 60.00% -> 60.00%      
client [63] (testset)   loss: 1.2704 -> 1.2213  accuracy: 86.36% -> 86.36%      
client [76] (testset)   loss: 0.0042 -> 0.0039  accuracy: 100.00% -> 100.00%    
client [83] (testset)   loss: 0.0375 -> 0.0379  accuracy: 100.00% -> 100.00%    
client [86] (testset)   loss: 0.4811 -> 0.4722  accuracy: 95.16% -> 95.16%      
---------------------------- TRAINING EPOCH: 260 ----------------------------   
client [83] (testset)   loss: 0.0161 -> 0.0162  accuracy: 100.00% -> 100.00%    
client [99] (testset)   loss: 0.2987 -> 0.3044  accuracy: 95.24% -> 95.48%      
client [74] (testset)   loss: 0.7364 -> 0.7325  accuracy: 87.42% -> 87.42%      
client [73] (testset)   loss: 0.1296 -> 0.1299  accuracy: 99.13% -> 99.13%      
client [29] (testset)   loss: 0.9102 -> 0.8889  accuracy: 88.84% -> 89.79%      
client [92] (testset)   loss: 0.6182 -> 0.6187  accuracy: 93.92% -> 93.92%      
client [6]  (testset)   loss: 0.2044 -> 0.1971  accuracy: 95.22% -> 95.62%      
client [61] (testset)   loss: 0.8734 -> 0.8392  accuracy: 90.76% -> 91.16%      
client [21] (testset)   loss: 0.4281 -> 0.4546  accuracy: 91.67% -> 91.67%      
client [67] (testset)   loss: 0.1770 -> 0.1826  accuracy: 95.26% -> 95.26%      
---------------------------- TRAINING EPOCH: 270 ----------------------------   
client [83] (testset)   loss: 0.0222 -> 0.0229  accuracy: 100.00% -> 100.00%    
client [32] (testset)   loss: 0.7949 -> 0.7892  accuracy: 92.81% -> 92.81%      
client [95] (testset)   loss: 0.6514 -> 0.6517  accuracy: 93.62% -> 93.62%      
client [61] (testset)   loss: 0.8850 -> 0.8505  accuracy: 90.76% -> 90.76%      
client [27] (testset)   loss: 0.6555 -> 0.6426  accuracy: 92.50% -> 93.00%      
client [25] (testset)   loss: 1.3746 -> 1.3739  accuracy: 95.00% -> 95.00%      
client [68] (testset)   loss: 0.0018 -> 0.0018  accuracy: 100.00% -> 100.00%    
client [34] (testset)   loss: 0.4033 -> 0.4006  accuracy: 95.45% -> 95.45%      
client [71] (testset)   loss: 0.6652 -> 0.6670  accuracy: 93.44% -> 93.99%      
client [89] (testset)   loss: 0.3957 -> 0.3695  accuracy: 95.10% -> 95.10%      
---------------------------- TRAINING EPOCH: 280 ----------------------------   
client [78] (testset)   loss: 0.1976 -> 0.1832  accuracy: 96.58% -> 96.58%      
client [81] (testset)   loss: 0.9500 -> 0.9472  accuracy: 90.32% -> 90.32%      
client [51] (testset)   loss: 0.3697 -> 0.3732  accuracy: 97.34% -> 96.96%      
client [54] (testset)   loss: 0.3538 -> 0.3470  accuracy: 95.88% -> 95.88%      
client [65] (testset)   loss: 0.1920 -> 0.1873  accuracy: 98.26% -> 98.40%      
client [41] (testset)   loss: 0.7617 -> 0.7449  accuracy: 91.83% -> 91.83%      
client [11] (testset)   loss: 0.2832 -> 0.2870  accuracy: 96.10% -> 96.10%      
client [85] (testset)   loss: 0.2054 -> 0.1983  accuracy: 93.75% -> 93.75%      
client [12] (testset)   loss: 0.7283 -> 0.7280  accuracy: 90.91% -> 90.91%      
client [23] (testset)   loss: 0.3426 -> 0.3417  accuracy: 96.26% -> 96.26%      
---------------------------- TRAINING EPOCH: 290 ----------------------------   
client [16] (testset)   loss: 0.2005 -> 0.1963  accuracy: 97.53% -> 98.77%      
client [65] (testset)   loss: 0.1900 -> 0.1885  accuracy: 98.40% -> 98.40%      
client [53] (testset)   loss: 0.1872 -> 0.1820  accuracy: 97.82% -> 97.82%      
client [58] (testset)   loss: 0.4163 -> 0.4136  accuracy: 94.64% -> 94.64%      
client [72] (testset)   loss: 0.6489 -> 0.6466  accuracy: 93.57% -> 93.57%      
client [7]  (testset)   loss: 0.3371 -> 0.3390  accuracy: 94.58% -> 94.58%      
client [71] (testset)   loss: 0.6833 -> 0.6917  accuracy: 93.99% -> 93.44%      
client [59] (testset)   loss: 0.5082 -> 0.5055  accuracy: 90.93% -> 91.19%      
client [86] (testset)   loss: 0.4898 -> 0.4866  accuracy: 95.16% -> 95.16%      
client [39] (testset)   loss: 0.2817 -> 0.2794  accuracy: 97.56% -> 97.56%      
---------------------------- TRAINING EPOCH: 300 ----------------------------   
client [99] (testset)   loss: 0.3280 -> 0.3290  accuracy: 95.00% -> 95.24%      
client [7]  (testset)   loss: 0.3398 -> 0.3413  accuracy: 94.58% -> 94.58%      
client [17] (testset)   loss: 0.2106 -> 0.2109  accuracy: 99.21% -> 99.21%      
client [64] (testset)   loss: 0.3811 -> 0.3718  accuracy: 92.59% -> 91.85%      
client [37] (testset)   loss: 0.0530 -> 0.0530  accuracy: 98.86% -> 98.86%      
client [29] (testset)   loss: 0.9533 -> 0.9488  accuracy: 89.55% -> 89.79%      
client [93] (testset)   loss: 0.5490 -> 0.5427  accuracy: 89.68% -> 89.68%      
client [73] (testset)   loss: 0.1307 -> 0.1312  accuracy: 99.13% -> 99.13%      
client [40] (testset)   loss: 0.7826 -> 0.7720  accuracy: 83.05% -> 83.05%      
client [76] (testset)   loss: 0.0026 -> 0.0024  accuracy: 100.00% -> 100.00%    
---------------------------- TRAINING EPOCH: 310 ----------------------------   
client [31] (testset)   loss: 1.0734 -> 1.0693  accuracy: 91.43% -> 91.43%      
client [89] (testset)   loss: 0.4018 -> 0.3822  accuracy: 95.10% -> 95.10%      
client [77] (testset)   loss: 0.7829 -> 0.7784  accuracy: 92.49% -> 92.25%      
client [90] (testset)   loss: 0.3666 -> 0.3660  accuracy: 95.06% -> 95.06%      
client [26] (testset)   loss: 0.1122 -> 0.1125  accuracy: 99.36% -> 99.36%      
client [50] (testset)   loss: 0.0029 -> 0.0027  accuracy: 100.00% -> 100.00%    
client [30] (testset)   loss: 0.0002 -> 0.0002  accuracy: 100.00% -> 100.00%    
client [70] (testset)   loss: 0.5772 -> 0.5722  accuracy: 93.40% -> 93.40%      
client [41] (testset)   loss: 0.7635 -> 0.7639  accuracy: 91.36% -> 91.72%      
client [99] (testset)   loss: 0.3297 -> 0.3321  accuracy: 95.24% -> 95.48%      
---------------------------- TRAINING EPOCH: 320 ----------------------------   
client [68] (testset)   loss: 0.0014 -> 0.0014  accuracy: 100.00% -> 100.00%    
client [70] (testset)   loss: 0.5747 -> 0.5705  accuracy: 93.58% -> 93.58%      
client [52] (testset)   loss: 0.1028 -> 0.1051  accuracy: 97.33% -> 97.50%      
client [1]  (testset)   loss: 0.0800 -> 0.0770  accuracy: 98.89% -> 98.89%      
client [2]  (testset)   loss: 0.0638 -> 0.0635  accuracy: 99.54% -> 99.46%      
client [67] (testset)   loss: 0.2439 -> 0.2333  accuracy: 95.26% -> 95.26%      
client [92] (testset)   loss: 0.6433 -> 0.6463  accuracy: 94.48% -> 94.48%      
client [35] (testset)   loss: 0.2851 -> 0.2878  accuracy: 96.40% -> 96.40%      
client [36] (testset)   loss: 7.2375 -> 7.1997  accuracy: 60.00% -> 60.00%      
client [64] (testset)   loss: 0.4070 -> 0.3870  accuracy: 91.85% -> 91.85%      
---------------------------- TRAINING EPOCH: 330 ----------------------------   
client [44] (testset)   loss: 0.2240 -> 0.2288  accuracy: 96.91% -> 96.91%      
client [6]  (testset)   loss: 0.2010 -> 0.2036  accuracy: 96.02% -> 96.02%      
client [12] (testset)   loss: 0.8847 -> 0.8833  accuracy: 90.91% -> 90.91%      
client [55] (testset)   loss: 0.5668 -> 0.5721  accuracy: 92.86% -> 93.11%      
client [29] (testset)   loss: 0.9654 -> 0.9653  accuracy: 89.55% -> 89.79%      
client [9]  (testset)   loss: 0.7680 -> 0.7730  accuracy: 93.62% -> 92.91%      
client [43] (testset)   loss: 0.4264 -> 0.4070  accuracy: 94.40% -> 94.40%      
client [77] (testset)   loss: 0.7832 -> 0.7798  accuracy: 92.01% -> 92.01%      
client [98] (testset)   loss: 0.5868 -> 0.5833  accuracy: 96.43% -> 96.43%      
client [78] (testset)   loss: 0.2286 -> 0.2158  accuracy: 96.58% -> 96.58%      
---------------------------- TRAINING EPOCH: 340 ----------------------------   
client [92] (testset)   loss: 0.6569 -> 0.6556  accuracy: 94.48% -> 94.48%      
client [80] (testset)   loss: 1.3531 -> 1.3608  accuracy: 88.41% -> 89.86%      
client [63] (testset)   loss: 1.2985 -> 1.2811  accuracy: 86.36% -> 86.36%      
client [76] (testset)   loss: 0.0034 -> 0.0032  accuracy: 100.00% -> 100.00%    
client [78] (testset)   loss: 0.2315 -> 0.2162  accuracy: 96.58% -> 96.58%      
client [25] (testset)   loss: 1.4425 -> 1.4547  accuracy: 95.00% -> 95.00%      
client [58] (testset)   loss: 0.4157 -> 0.4165  accuracy: 93.87% -> 93.87%      
client [13] (testset)   loss: 0.4224 -> 0.4184  accuracy: 95.50% -> 95.50%      
client [17] (testset)   loss: 0.2261 -> 0.2253  accuracy: 99.21% -> 99.21%      
client [38] (testset)   loss: 0.3478 -> 0.3490  accuracy: 97.99% -> 97.99%      
---------------------------- TRAINING EPOCH: 350 ----------------------------   
client [72] (testset)   loss: 0.6931 -> 0.6843  accuracy: 93.57% -> 93.57%      
client [82] (testset)   loss: 3.1168 -> 3.1056  accuracy: 89.47% -> 89.47%      
client [86] (testset)   loss: 0.5130 -> 0.5102  accuracy: 95.16% -> 95.16%      
client [51] (testset)   loss: 0.3911 -> 0.3966  accuracy: 97.34% -> 96.96%      
client [96] (testset)   loss: 0.0430 -> 0.0489  accuracy: 98.21% -> 98.21%      
client [42] (testset)   loss: 0.2758 -> 0.2747  accuracy: 96.32% -> 96.32%      
client [55] (testset)   loss: 0.5640 -> 0.5722  accuracy: 92.86% -> 93.11%      
client [13] (testset)   loss: 0.4162 -> 0.4148  accuracy: 95.50% -> 95.50%      
client [1]  (testset)   loss: 0.0772 -> 0.0761  accuracy: 98.89% -> 99.16%      
client [12] (testset)   loss: 0.9206 -> 0.9191  accuracy: 90.91% -> 90.91%      
---------------------------- TRAINING EPOCH: 360 ----------------------------   
client [68] (testset)   loss: 0.0014 -> 0.0014  accuracy: 100.00% -> 100.00%    
client [23] (testset)   loss: 0.3646 -> 0.3653  accuracy: 97.20% -> 97.20%      
client [46] (testset)   loss: 1.5186 -> 1.5189  accuracy: 86.84% -> 86.84%      
client [41] (testset)   loss: 0.8077 -> 0.7979  accuracy: 91.72% -> 91.95%      
client [25] (testset)   loss: 1.4717 -> 1.4757  accuracy: 95.00% -> 95.00%      
client [58] (testset)   loss: 0.4243 -> 0.4237  accuracy: 94.25% -> 94.25%      
client [14] (testset)   loss: 0.2330 -> 0.2345  accuracy: 97.62% -> 97.62%      
client [33] (testset)   loss: 0.2104 -> 0.2105  accuracy: 98.15% -> 97.54%      
client [85] (testset)   loss: 0.2036 -> 0.2001  accuracy: 93.75% -> 93.75%      
client [62] (testset)   loss: 0.5727 -> 0.5714  accuracy: 95.63% -> 95.20%      
---------------------------- TRAINING EPOCH: 370 ----------------------------   
client [98] (testset)   loss: 0.6009 -> 0.5995  accuracy: 96.43% -> 96.43%      
client [63] (testset)   loss: 1.3375 -> 1.3407  accuracy: 86.36% -> 86.36%      
client [70] (testset)   loss: 0.5913 -> 0.5850  accuracy: 93.23% -> 93.23%      
client [65] (testset)   loss: 0.1979 -> 0.1972  accuracy: 98.26% -> 98.26%      
client [14] (testset)   loss: 0.2361 -> 0.2368  accuracy: 97.62% -> 97.62%      
client [73] (testset)   loss: 0.1457 -> 0.1458  accuracy: 99.13% -> 99.13%      
client [34] (testset)   loss: 0.4374 -> 0.4415  accuracy: 95.45% -> 95.45%      
client [99] (testset)   loss: 0.3503 -> 0.3483  accuracy: 95.24% -> 95.48%      
client [69] (testset)   loss: 0.7298 -> 0.7285  accuracy: 94.04% -> 94.04%      
client [46] (testset)   loss: 1.5551 -> 1.5464  accuracy: 84.21% -> 84.21%      
---------------------------- TRAINING EPOCH: 380 ----------------------------   
client [99] (testset)   loss: 0.3502 -> 0.3481  accuracy: 95.48% -> 95.00%      
client [93] (testset)   loss: 0.5915 -> 0.5760  accuracy: 90.97% -> 90.32%      
client [11] (testset)   loss: 0.3452 -> 0.3416  accuracy: 96.10% -> 96.10%      
client [58] (testset)   loss: 0.4442 -> 0.4385  accuracy: 93.49% -> 93.87%      
client [81] (testset)   loss: 1.1615 -> 1.1591  accuracy: 90.32% -> 90.32%      
client [85] (testset)   loss: 0.2127 -> 0.2061  accuracy: 93.75% -> 93.75%      
client [89] (testset)   loss: 0.4198 -> 0.4178  accuracy: 95.10% -> 95.10%      
client [45] (testset)   loss: 0.1534 -> 0.1443  accuracy: 95.83% -> 95.83%      
client [8]  (testset)   loss: 0.0100 -> 0.0099  accuracy: 100.00% -> 100.00%    
client [68] (testset)   loss: 0.0010 -> 0.0010  accuracy: 100.00% -> 100.00%    
---------------------------- TRAINING EPOCH: 390 ----------------------------   
client [67] (testset)   loss: 0.2230 -> 0.2345  accuracy: 95.26% -> 95.26%      
client [72] (testset)   loss: 0.7106 -> 0.7038  accuracy: 93.06% -> 93.57%      
client [1]  (testset)   loss: 0.0795 -> 0.0778  accuracy: 98.89% -> 98.89%      
client [78] (testset)   loss: 0.2269 -> 0.2162  accuracy: 96.58% -> 96.58%      
client [83] (testset)   loss: 0.0106 -> 0.0108  accuracy: 100.00% -> 100.00%    
client [21] (testset)   loss: 0.6436 -> 0.6361  accuracy: 91.67% -> 91.67%      
client [56] (testset)   loss: 0.4808 -> 0.4804  accuracy: 94.56% -> 94.67%      
client [44] (testset)   loss: 0.2421 -> 0.2430  accuracy: 96.91% -> 96.91%      
client [92] (testset)   loss: 0.6765 -> 0.6728  accuracy: 94.48% -> 94.48%      
client [27] (testset)   loss: 0.7071 -> 0.7045  accuracy: 92.50% -> 93.00%      
---------------------------- TRAINING EPOCH: 400 ----------------------------   
client [10] (testset)   loss: 0.2959 -> 0.2940  accuracy: 96.03% -> 96.03%      
client [39] (testset)   loss: 0.3132 -> 0.3053  accuracy: 97.56% -> 97.56%      
client [65] (testset)   loss: 0.2028 -> 0.2029  accuracy: 98.26% -> 98.26%      
client [26] (testset)   loss: 0.1228 -> 0.1233  accuracy: 99.36% -> 99.36%      
client [19] (testset)   loss: 0.3748 -> 0.3811  accuracy: 92.69% -> 92.69%      
client [68] (testset)   loss: 0.0012 -> 0.0012  accuracy: 100.00% -> 100.00%    
client [41] (testset)   loss: 0.8204 -> 0.8157  accuracy: 91.83% -> 91.83%      
client [50] (testset)   loss: 0.0024 -> 0.0019  accuracy: 100.00% -> 100.00%    
client [75] (testset)   loss: 0.2796 -> 0.2808  accuracy: 94.44% -> 94.44%      
client [81] (testset)   loss: 1.1529 -> 1.1524  accuracy: 90.32% -> 90.32%      
PSFL's average time taken by each global epoch: 0 min 1.59 sec.                 
PSFL's total running time: 0 h 10 m 39 s.                                       
==================== PSFL Experiment Results: ====================              
Display format: (before local fine-tuning) -> (after local fine-tuning)         
 So if finetune_epoch = 0, x.xx% -> 0.00% is normal.                            
 Centralized testing ONLY happens after model aggregation, so the stats between 
'->' are the same.                                                              
{                                                                               
    "100": {                                                                    
        "all_clients": {                                                        
            "test": {                                                           
                "loss": "0.2589 -> 0.0000",                                     
                "accuracy": "95.06% -> 0.00%"                                   
            }                                                                   
        }                                                                       
    },                                                                          
    "200": {                                                                    
        "all_clients": {                                                        
            "test": {                                                           
                "loss": "0.3413 -> 0.0000",                                     
                "accuracy": "95.43% -> 0.00%"                                   
            }                                                                   
        }                                                                       
    },                                                                          
    "300": {                                                                    
        "all_clients": {                                                        
            "test": {                                                           
                "loss": "0.3955 -> 0.0000",                                     
                "accuracy": "95.48% -> 0.00%"                                   
            }                                                                   
        }                                                                       
    },                                                                          
    "400": {                                                                    
        "all_clients": {                                                        
            "test": {                                                           
                "loss": "0.4236 -> 0.0000",                                     
                "accuracy": "95.47% -> 0.00%"                                   
            }                                                                   
        }                                                                       
    }                                                                           
}                                                                               
==================== PSFL Max Accuracy ====================                     
all_clients:                                                                    
(test) before fine-tuning: 95.48% at epoch 300                                  
(test) after fine-tuning: 0.00% at epoch 100                                    
