Files already downloaded and verified
Files already downloaded and verified
==================== PSFL ====================                                  
Experiment Arguments:                                                           
{
│   'method': 'psfl',
│   'dataset': {
│   │   'name': 'cifar100',
│   │   'client_num': 100,
│   │   'test_ratio': 0.25,
│   │   'val_ratio': 0.0,
│   │   'seed': 42,
│   │   'split': 'sample',
│   │   'IID_ratio': 0.0,
│   │   'monitor_window_name_suffix': 'cifar100-100clients-0%IID-use20superclasses-Dir(0.1)-seed42',
│   │   'super_class': False,
│   │   'alpha': 0.1,
│   │   'min_samples_per_client': 10
│   },
│   'model': {
│   │   'name': 'avgcnn',
│   │   'use_torchvision_pretrained_weights': True,
│   │   'external_model_weights_path': None
│   },
│   'optimizer': {
│   │   'lr': 0.01,
│   │   'dampening': 0,
│   │   'weight_decay': 0,
│   │   'momentum': 0,
│   │   'nesterov': False,
│   │   'name': 'sgd'
│   },
│   'mode': 'sequential',
│   'parallel': {
│   │   'ray_cluster_addr': None,
│   │   'num_cpus': None,
│   │   'num_gpus': None,
│   │   'num_workers': 2
│   },
│   'common': {
│   │   'seed': 42,
│   │   'join_ratio': 0.1,
│   │   'global_epoch': 400,
│   │   'local_epoch': 5,
│   │   'batch_size': 32,
│   │   'reset_optimizer_on_global_epoch': True,
│   │   'straggler_ratio': 0,
│   │   'straggler_min_local_epoch': 0,
│   │   'buffers': 'global',
│   │   'client_side_evaluation': True,
│   │   'test': {
│   │   │   'client': {
│   │   │   │   'interval': 100,
│   │   │   │   'finetune_epoch': 0,
│   │   │   │   'train': False,
│   │   │   │   'val': False,
│   │   │   │   'test': True
│   │   │   },
│   │   │   'server': {
│   │   │   │   'interval': -1,
│   │   │   │   'train': False,
│   │   │   │   'val': False,
│   │   │   │   'test': False,
│   │   │   │   'model_in_train_mode': False
│   │   │   }
│   │   },
│   │   'verbose_gap': 10,
│   │   'monitor': None,
│   │   'use_cuda': True,
│   │   'save_log': True,
│   │   'save_model': False,
│   │   'save_learning_curve_plot': False,
│   │   'save_metrics': True,
│   │   'delete_useless_run': True
│   },
│   'psfl': {
│   │   'alpha': 0.0,
│   │   'CLS': False,
│   │   'ig_ratio': 0.9998,
│   │   'track': False,
│   │   'score': 'obp'
│   }
}
---------------------------- TRAINING EPOCH: 10 ----------------------------    
client [77] (testset)   loss: 6.3597 -> 1.7817  accuracy: 4.49% -> 48.88%       
client [81] (testset)   loss: 5.4692 -> 2.2214  accuracy: 10.60% -> 51.66%      
client [21] (testset)   loss: 6.3107 -> 1.9153  accuracy: 8.84% -> 45.58%       
client [68] (testset)   loss: 4.5853 -> 2.1049  accuracy: 16.81% -> 47.90%      
client [93] (testset)   loss: 6.1507 -> 2.4591  accuracy: 7.20% -> 41.60%       
client [31] (testset)   loss: 6.6257 -> 1.9817  accuracy: 2.63% -> 47.89%       
client [20] (testset)   loss: 5.4233 -> 1.6838  accuracy: 16.83% -> 59.90%      
client [59] (testset)   loss: 5.2321 -> 2.1247  accuracy: 15.45% -> 42.92%      
client [48] (testset)   loss: 6.5100 -> 2.3837  accuracy: 8.48% -> 44.24%       
client [34] (testset)   loss: 5.1724 -> 2.5865  accuracy: 13.26% -> 44.20%      
---------------------------- TRAINING EPOCH: 20 ----------------------------    
client [69] (testset)   loss: 4.5707 -> 1.7406  accuracy: 19.86% -> 58.48%      
client [99] (testset)   loss: 7.5561 -> 3.2047  accuracy: 8.76% -> 37.23%       
client [67] (testset)   loss: 5.3873 -> 2.1726  accuracy: 13.74% -> 53.85%      
client [0]  (testset)   loss: 5.3869 -> 2.3414  accuracy: 19.61% -> 58.82%      
client [76] (testset)   loss: 6.5942 -> 2.6642  accuracy: 4.47% -> 39.66%       
client [41] (testset)   loss: 6.7641 -> 2.5350  accuracy: 11.29% -> 45.16%      
client [62] (testset)   loss: 5.2218 -> 2.2268  accuracy: 19.90% -> 47.09%      
client [2]  (testset)   loss: 5.3561 -> 2.7745  accuracy: 9.82% -> 44.64%       
client [14] (testset)   loss: 5.9074 -> 2.6635  accuracy: 10.39% -> 49.35%      
client [46] (testset)   loss: 5.8654 -> 2.4945  accuracy: 10.48% -> 59.05%      
---------------------------- TRAINING EPOCH: 30 ----------------------------    
client [24] (testset)   loss: 2.8150 -> 2.9145  accuracy: 41.38% -> 43.10%      
client [68] (testset)   loss: 6.1314 -> 2.7387  accuracy: 23.11% -> 48.32%      
client [57] (testset)   loss: 4.9626 -> 2.0557  accuracy: 30.06% -> 61.96%      
client [17] (testset)   loss: 5.4215 -> 3.1577  accuracy: 18.05% -> 38.35%      
client [54] (testset)   loss: 5.9905 -> 3.2692  accuracy: 17.50% -> 47.50%      
client [23] (testset)   loss: 5.8930 -> 2.1904  accuracy: 15.45% -> 50.00%      
client [35] (testset)   loss: 6.8559 -> 2.6035  accuracy: 11.73% -> 49.49%      
client [59] (testset)   loss: 6.3377 -> 2.8342  accuracy: 15.02% -> 42.06%      
client [31] (testset)   loss: 5.6483 -> 2.5360  accuracy: 21.58% -> 49.47%      
client [9]  (testset)   loss: 5.8285 -> 2.5861  accuracy: 18.79% -> 48.99%      
---------------------------- TRAINING EPOCH: 40 ----------------------------    
client [64] (testset)   loss: 5.6964 -> 2.4052  accuracy: 18.92% -> 54.05%      
client [33] (testset)   loss: 5.8462 -> 2.9279  accuracy: 19.27% -> 47.71%      
client [16] (testset)   loss: 6.0580 -> 3.2460  accuracy: 17.36% -> 43.80%      
client [44] (testset)   loss: 5.3597 -> 2.4142  accuracy: 17.65% -> 48.37%      
client [8]  (testset)   loss: 6.2322 -> 3.1276  accuracy: 23.62% -> 51.26%      
client [31] (testset)   loss: 5.4010 -> 2.4627  accuracy: 24.21% -> 50.00%      
client [47] (testset)   loss: 6.1712 -> 2.7939  accuracy: 14.78% -> 45.22%      
client [36] (testset)   loss: 6.1595 -> 2.6815  accuracy: 14.16% -> 44.25%      
client [20] (testset)   loss: 4.1703 -> 1.8941  accuracy: 23.27% -> 61.39%      
client [56] (testset)   loss: 5.1050 -> 2.0204  accuracy: 19.05% -> 63.10%      
---------------------------- TRAINING EPOCH: 50 ----------------------------    
client [4]  (testset)   loss: 5.8583 -> 2.1203  accuracy: 25.00% -> 61.49%      
client [60] (testset)   loss: 6.7813 -> 3.2196  accuracy: 9.09% -> 42.42%       
client [28] (testset)   loss: 5.2980 -> 2.2807  accuracy: 27.42% -> 57.26%      
client [25] (testset)   loss: 5.2950 -> 2.3673  accuracy: 19.79% -> 56.25%      
client [58] (testset)   loss: 6.6024 -> 3.0952  accuracy: 10.77% -> 46.92%      
client [44] (testset)   loss: 4.6019 -> 2.3986  accuracy: 30.07% -> 47.71%      
client [39] (testset)   loss: 6.2539 -> 2.6019  accuracy: 14.97% -> 49.10%      
client [29] (testset)   loss: 4.3688 -> 2.5027  accuracy: 30.67% -> 50.00%      
client [3]  (testset)   loss: 4.7361 -> 2.2235  accuracy: 30.47% -> 59.38%      
client [84] (testset)   loss: 5.7345 -> 3.2038  accuracy: 22.46% -> 44.07%      
---------------------------- TRAINING EPOCH: 60 ----------------------------    
client [21] (testset)   loss: 5.4597 -> 2.4884  accuracy: 19.05% -> 48.98%      
client [84] (testset)   loss: 5.5611 -> 3.3602  accuracy: 25.42% -> 45.34%      
client [10] (testset)   loss: 5.6837 -> 3.0833  accuracy: 25.00% -> 53.85%      
client [36] (testset)   loss: 5.9101 -> 2.9985  accuracy: 18.58% -> 45.13%      
client [65] (testset)   loss: 5.7452 -> 3.3058  accuracy: 23.64% -> 50.91%      
client [81] (testset)   loss: 5.3432 -> 3.1147  accuracy: 23.84% -> 50.33%      
client [79] (testset)   loss: 4.6665 -> 1.8233  accuracy: 31.28% -> 66.48%      
client [42] (testset)   loss: 4.9742 -> 2.5375  accuracy: 28.08% -> 58.90%      
client [11] (testset)   loss: 4.4924 -> 2.7479  accuracy: 29.38% -> 55.37%      
client [96] (testset)   loss: 4.5034 -> 2.5940  accuracy: 26.59% -> 54.91%      
---------------------------- TRAINING EPOCH: 70 ----------------------------    
client [8]  (testset)   loss: 4.8448 -> 3.3929  accuracy: 34.67% -> 53.27%      
client [53] (testset)   loss: 5.5615 -> 2.7063  accuracy: 26.24% -> 53.19%      
client [52] (testset)   loss: 5.3713 -> 3.1173  accuracy: 27.61% -> 50.75%      
client [42] (testset)   loss: 4.2691 -> 2.4967  accuracy: 38.36% -> 57.53%      
client [69] (testset)   loss: 4.1731 -> 2.2834  accuracy: 30.32% -> 59.93%      
client [59] (testset)   loss: 6.1850 -> 3.3224  accuracy: 26.18% -> 47.64%      
client [7]  (testset)   loss: 6.5415 -> 3.3572  accuracy: 20.61% -> 50.00%      
client [26] (testset)   loss: 5.5388 -> 2.6832  accuracy: 12.39% -> 55.75%      
client [49] (testset)   loss: 4.6342 -> 2.4596  accuracy: 33.95% -> 61.11%      
client [98] (testset)   loss: 4.7504 -> 2.8155  accuracy: 25.35% -> 50.70%      
---------------------------- TRAINING EPOCH: 80 ----------------------------    
client [98] (testset)   loss: 4.8686 -> 3.0988  accuracy: 34.51% -> 45.07%      
client [47] (testset)   loss: 6.4931 -> 3.1779  accuracy: 15.65% -> 46.96%      
client [21] (testset)   loss: 4.9707 -> 2.7993  accuracy: 23.13% -> 49.66%      
client [77] (testset)   loss: 6.3354 -> 2.7183  accuracy: 17.98% -> 52.81%      
client [95] (testset)   loss: 6.3694 -> 3.5675  accuracy: 25.30% -> 45.18%      
client [91] (testset)   loss: 5.5384 -> 2.5186  accuracy: 25.00% -> 51.32%      
client [14] (testset)   loss: 6.1807 -> 3.5703  accuracy: 11.69% -> 41.56%      
client [99] (testset)   loss: 5.3525 -> 4.0844  accuracy: 17.52% -> 37.23%      
client [20] (testset)   loss: 4.3103 -> 2.3055  accuracy: 30.69% -> 58.91%      
client [39] (testset)   loss: 5.2760 -> 2.9841  accuracy: 23.95% -> 47.90%      
---------------------------- TRAINING EPOCH: 90 ----------------------------    
client [52] (testset)   loss: 4.5247 -> 3.3023  accuracy: 36.57% -> 53.73%      
client [62] (testset)   loss: 5.0803 -> 3.2863  accuracy: 29.13% -> 50.00%      
client [71] (testset)   loss: 5.1978 -> 3.6322  accuracy: 25.95% -> 47.33%      
client [97] (testset)   loss: 4.4765 -> 2.8004  accuracy: 32.38% -> 54.29%      
client [30] (testset)   loss: 5.0716 -> 4.2402  accuracy: 29.28% -> 37.02%      
client [88] (testset)   loss: 5.6435 -> 3.2084  accuracy: 29.05% -> 53.63%      
client [60] (testset)   loss: 6.8888 -> 3.6642  accuracy: 16.67% -> 40.91%      
client [82] (testset)   loss: 5.0053 -> 3.5873  accuracy: 31.40% -> 52.33%      
client [91] (testset)   loss: 4.6819 -> 2.6897  accuracy: 30.92% -> 51.32%      
client [57] (testset)   loss: 4.1306 -> 2.8540  accuracy: 42.33% -> 54.60%      
---------------------------- TRAINING EPOCH: 100 ----------------------------   
client [31] (testset)   loss: 4.9842 -> 3.3657  accuracy: 35.26% -> 50.53%      
client [15] (testset)   loss: 5.0197 -> 3.3831  accuracy: 33.58% -> 50.36%      
client [71] (testset)   loss: 5.2328 -> 3.7809  accuracy: 28.24% -> 45.80%      
client [97] (testset)   loss: 4.6919 -> 3.2587  accuracy: 34.29% -> 47.62%      
client [53] (testset)   loss: 5.0698 -> 3.4648  accuracy: 36.17% -> 53.19%      
client [77] (testset)   loss: 5.6504 -> 2.9231  accuracy: 25.84% -> 51.12%      
client [76] (testset)   loss: 5.9146 -> 3.3806  accuracy: 25.14% -> 46.37%      
client [79] (testset)   loss: 3.5112 -> 2.0712  accuracy: 50.84% -> 69.83%      
client [28] (testset)   loss: 5.1619 -> 3.3895  accuracy: 37.10% -> 53.23%      
client [99] (testset)   loss: 5.4228 -> 4.0950  accuracy: 25.55% -> 36.50%      
---------------------------- TRAINING EPOCH: 110 ----------------------------   
client [97] (testset)   loss: 5.7777 -> 3.0723  accuracy: 34.29% -> 48.57%      
client [86] (testset)   loss: 3.7085 -> 2.9810  accuracy: 40.68% -> 50.85%      
client [34] (testset)   loss: 5.1601 -> 4.0294  accuracy: 32.04% -> 46.96%      
client [73] (testset)   loss: 5.1998 -> 4.1950  accuracy: 37.41% -> 43.88%      
client [5]  (testset)   loss: 5.1081 -> 4.0800  accuracy: 34.97% -> 49.08%      
client [96] (testset)   loss: 4.5454 -> 3.2742  accuracy: 40.46% -> 56.07%      
client [22] (testset)   loss: 5.6826 -> 3.8442  accuracy: 27.63% -> 43.42%      
client [60] (testset)   loss: 5.5229 -> 4.7060  accuracy: 36.36% -> 46.97%      
client [66] (testset)   loss: 4.5632 -> 3.0421  accuracy: 38.35% -> 59.22%      
client [83] (testset)   loss: 5.1023 -> 3.3992  accuracy: 33.55% -> 49.34%      
---------------------------- TRAINING EPOCH: 120 ----------------------------   
client [76] (testset)   loss: 4.0845 -> 3.3483  accuracy: 36.31% -> 45.81%      
client [65] (testset)   loss: 5.4956 -> 3.9772  accuracy: 39.09% -> 51.82%      
client [95] (testset)   loss: 5.7858 -> 4.1087  accuracy: 31.93% -> 45.78%      
client [17] (testset)   loss: 6.6779 -> 4.7181  accuracy: 20.30% -> 39.10%      
client [8]  (testset)   loss: 6.0429 -> 3.8525  accuracy: 34.67% -> 53.77%      
client [35] (testset)   loss: 5.4749 -> 3.6117  accuracy: 29.59% -> 43.88%      
client [98] (testset)   loss: 5.2583 -> 3.8075  accuracy: 35.92% -> 42.96%      
client [53] (testset)   loss: 5.0634 -> 3.8342  accuracy: 39.72% -> 51.06%      
client [43] (testset)   loss: 6.4511 -> 4.1850  accuracy: 25.19% -> 35.56%      
client [64] (testset)   loss: 4.5897 -> 2.8263  accuracy: 33.11% -> 56.08%      
---------------------------- TRAINING EPOCH: 130 ----------------------------   
client [21] (testset)   loss: 5.2294 -> 3.1031  accuracy: 25.85% -> 48.98%      
client [88] (testset)   loss: 5.0394 -> 3.8984  accuracy: 36.31% -> 53.63%      
client [38] (testset)   loss: 3.8306 -> 3.2839  accuracy: 45.25% -> 55.87%      
client [3]  (testset)   loss: 4.2208 -> 3.2480  accuracy: 46.88% -> 62.50%      
client [5]  (testset)   loss: 5.1896 -> 4.1868  accuracy: 43.56% -> 47.85%      
client [41] (testset)   loss: 6.0004 -> 4.4915  accuracy: 29.03% -> 41.94%      
client [7]  (testset)   loss: 5.9199 -> 4.3182  accuracy: 28.95% -> 44.74%      
client [37] (testset)   loss: 5.0290 -> 3.1566  accuracy: 30.77% -> 50.00%      
client [45] (testset)   loss: 4.9309 -> 2.9940  accuracy: 30.53% -> 58.85%      
client [47] (testset)   loss: 7.3508 -> 3.9592  accuracy: 27.83% -> 45.22%      
---------------------------- TRAINING EPOCH: 140 ----------------------------   
client [16] (testset)   loss: 5.1312 -> 4.2419  accuracy: 36.36% -> 47.11%      
client [11] (testset)   loss: 5.3286 -> 3.4405  accuracy: 35.59% -> 54.24%      
client [37] (testset)   loss: 4.4340 -> 3.9201  accuracy: 39.42% -> 49.04%      
client [41] (testset)   loss: 5.3963 -> 4.3131  accuracy: 36.29% -> 45.16%      
client [95] (testset)   loss: 6.0072 -> 4.7984  accuracy: 34.34% -> 40.36%      
client [53] (testset)   loss: 5.0064 -> 4.2167  accuracy: 41.13% -> 54.61%      
client [22] (testset)   loss: 5.6627 -> 4.2188  accuracy: 38.82% -> 49.34%      
client [25] (testset)   loss: 5.4929 -> 3.7553  accuracy: 35.42% -> 54.17%      
client [69] (testset)   loss: 3.3842 -> 2.6982  accuracy: 58.12% -> 62.45%      
client [46] (testset)   loss: 5.7509 -> 3.9085  accuracy: 32.38% -> 61.90%      
---------------------------- TRAINING EPOCH: 150 ----------------------------   
client [47] (testset)   loss: 6.4991 -> 5.1120  accuracy: 33.91% -> 41.74%      
client [69] (testset)   loss: 3.8198 -> 3.3594  accuracy: 56.32% -> 59.93%      
client [82] (testset)   loss: 4.9203 -> 4.4077  accuracy: 46.51% -> 47.67%      
client [45] (testset)   loss: 4.4460 -> 3.8953  accuracy: 46.90% -> 55.75%      
client [7]  (testset)   loss: 6.6983 -> 5.0602  accuracy: 35.09% -> 46.49%      
client [50] (testset)   loss: 4.4009 -> 3.2336  accuracy: 46.00% -> 62.00%      
client [35] (testset)   loss: 4.6677 -> 4.1212  accuracy: 35.20% -> 46.43%      
client [24] (testset)   loss: 6.5518 -> 4.7761  accuracy: 32.76% -> 48.28%      
client [15] (testset)   loss: 5.8357 -> 4.2525  accuracy: 31.39% -> 48.18%      
client [58] (testset)   loss: 5.9599 -> 5.3994  accuracy: 37.69% -> 40.00%      
---------------------------- TRAINING EPOCH: 160 ----------------------------   
client [48] (testset)   loss: 4.7848 -> 4.3578  accuracy: 41.21% -> 46.06%      
client [76] (testset)   loss: 4.2501 -> 4.1826  accuracy: 44.69% -> 46.93%      
client [67] (testset)   loss: 4.3922 -> 3.7837  accuracy: 46.15% -> 54.95%      
client [37] (testset)   loss: 4.8507 -> 4.1341  accuracy: 38.46% -> 45.19%      
client [58] (testset)   loss: 5.3181 -> 5.1029  accuracy: 45.38% -> 43.85%      
client [64] (testset)   loss: 4.8993 -> 3.5349  accuracy: 40.54% -> 52.03%      
client [77] (testset)   loss: 5.2708 -> 4.0735  accuracy: 44.94% -> 52.25%      
client [55] (testset)   loss: 4.9928 -> 3.6793  accuracy: 44.20% -> 55.07%      
client [12] (testset)   loss: 4.9024 -> 3.8867  accuracy: 41.67% -> 56.82%      
client [89] (testset)   loss: 6.4176 -> 5.7420  accuracy: 33.12% -> 38.85%      
---------------------------- TRAINING EPOCH: 170 ----------------------------   
client [84] (testset)   loss: 5.6921 -> 5.4311  accuracy: 41.53% -> 44.49%      
client [51] (testset)   loss: 5.3499 -> 4.8219  accuracy: 39.19% -> 45.95%      
client [8]  (testset)   loss: 6.0175 -> 5.2186  accuracy: 48.74% -> 50.25%      
client [18] (testset)   loss: 3.4049 -> 3.2936  accuracy: 53.91% -> 57.03%      
client [94] (testset)   loss: 5.7674 -> 4.9233  accuracy: 42.31% -> 47.69%      
client [81] (testset)   loss: 5.8870 -> 5.1768  accuracy: 38.41% -> 45.70%      
client [3]  (testset)   loss: 4.2837 -> 3.5332  accuracy: 52.34% -> 59.38%      
client [11] (testset)   loss: 4.8895 -> 4.1346  accuracy: 48.02% -> 53.67%      
client [95] (testset)   loss: 5.7237 -> 5.2579  accuracy: 35.54% -> 40.36%      
client [67] (testset)   loss: 4.4229 -> 3.9564  accuracy: 47.80% -> 54.95%      
---------------------------- TRAINING EPOCH: 180 ----------------------------   
client [21] (testset)   loss: 4.9592 -> 3.9577  accuracy: 37.41% -> 48.98%      
client [79] (testset)   loss: 3.6544 -> 3.2818  accuracy: 60.34% -> 64.25%      
client [58] (testset)   loss: 5.6707 -> 5.5818  accuracy: 39.23% -> 40.00%      
client [88] (testset)   loss: 5.3325 -> 4.8188  accuracy: 46.93% -> 50.84%      
client [46] (testset)   loss: 6.2921 -> 4.9369  accuracy: 39.05% -> 59.05%      
client [11] (testset)   loss: 5.3748 -> 4.6667  accuracy: 48.59% -> 51.98%      
client [55] (testset)   loss: 4.9310 -> 4.3061  accuracy: 45.65% -> 47.83%      
client [13] (testset)   loss: 4.2945 -> 4.1507  accuracy: 47.95% -> 49.12%      
client [31] (testset)   loss: 5.8621 -> 4.8523  accuracy: 39.47% -> 44.74%      
client [75] (testset)   loss: 4.2008 -> 3.6490  accuracy: 49.06% -> 55.66%      
---------------------------- TRAINING EPOCH: 190 ----------------------------   
client [19] (testset)   loss: 5.9894 -> 5.7904  accuracy: 41.46% -> 41.46%      
client [7]  (testset)   loss: 6.6499 -> 6.0046  accuracy: 37.72% -> 43.42%      
client [57] (testset)   loss: 4.1208 -> 3.9917  accuracy: 56.44% -> 56.44%      
client [13] (testset)   loss: 4.7262 -> 4.4912  accuracy: 48.54% -> 49.12%      
client [43] (testset)   loss: 7.9687 -> 5.9396  accuracy: 32.59% -> 37.04%      
client [91] (testset)   loss: 4.9986 -> 4.3411  accuracy: 40.13% -> 49.34%      
client [10] (testset)   loss: 4.9724 -> 4.2857  accuracy: 50.96% -> 56.73%      
client [64] (testset)   loss: 4.5596 -> 4.1961  accuracy: 47.30% -> 48.65%      
client [82] (testset)   loss: 4.9230 -> 4.8618  accuracy: 51.16% -> 53.49%      
client [22] (testset)   loss: 5.8784 -> 5.1507  accuracy: 41.45% -> 47.37%      
---------------------------- TRAINING EPOCH: 200 ----------------------------   
client [20] (testset)   loss: 5.0118 -> 3.7995  accuracy: 47.03% -> 59.90%      
client [23] (testset)   loss: 5.3877 -> 4.1158  accuracy: 41.82% -> 50.91%      
client [88] (testset)   loss: 6.0838 -> 5.3953  accuracy: 48.04% -> 51.40%      
client [98] (testset)   loss: 6.3069 -> 5.8361  accuracy: 37.32% -> 42.25%      
client [79] (testset)   loss: 4.2530 -> 3.6942  accuracy: 60.34% -> 62.01%      
client [21] (testset)   loss: 4.9972 -> 4.5247  accuracy: 44.22% -> 50.34%      
client [92] (testset)   loss: 6.0290 -> 5.5492  accuracy: 48.98% -> 52.04%      
client [56] (testset)   loss: 4.9281 -> 4.5312  accuracy: 48.81% -> 50.00%      
client [5]  (testset)   loss: 6.0564 -> 5.7387  accuracy: 38.65% -> 46.01%      
client [52] (testset)   loss: 5.8913 -> 5.0730  accuracy: 49.25% -> 52.24%      
---------------------------- TRAINING EPOCH: 210 ----------------------------   
client [67] (testset)   loss: 5.0423 -> 4.8648  accuracy: 52.20% -> 54.40%      
client [54] (testset)   loss: 6.3539 -> 6.1764  accuracy: 45.00% -> 46.67%      
client [14] (testset)   loss: 5.2895 -> 5.1887  accuracy: 46.75% -> 46.75%      
client [99] (testset)   loss: 6.9741 -> 6.5213  accuracy: 27.74% -> 30.66%      
client [36] (testset)   loss: 6.1053 -> 5.6996  accuracy: 37.17% -> 45.13%      
client [30] (testset)   loss: 6.6386 -> 6.3997  accuracy: 38.67% -> 39.78%      
client [38] (testset)   loss: 4.7365 -> 4.4373  accuracy: 50.84% -> 52.51%      
client [15] (testset)   loss: 5.4328 -> 4.7007  accuracy: 46.72% -> 50.36%      
client [6]  (testset)   loss: 5.4953 -> 5.3612  accuracy: 50.75% -> 50.75%      
client [53] (testset)   loss: 5.6383 -> 5.1971  accuracy: 49.65% -> 51.06%      
---------------------------- TRAINING EPOCH: 220 ----------------------------   
client [99] (testset)   loss: 6.9520 -> 6.7642  accuracy: 31.39% -> 32.85%      
client [6]  (testset)   loss: 5.4263 -> 5.3479  accuracy: 52.24% -> 53.73%      
client [83] (testset)   loss: 5.2625 -> 4.9833  accuracy: 46.05% -> 48.03%      
client [42] (testset)   loss: 4.9165 -> 4.8432  accuracy: 51.37% -> 50.00%      
client [34] (testset)   loss: 6.3606 -> 6.0146  accuracy: 39.23% -> 44.75%      
client [15] (testset)   loss: 6.1561 -> 5.1100  accuracy: 37.23% -> 48.91%      
client [47] (testset)   loss: 7.1541 -> 6.6600  accuracy: 36.52% -> 40.87%      
client [55] (testset)   loss: 5.6619 -> 5.0729  accuracy: 41.30% -> 43.48%      
client [51] (testset)   loss: 5.7639 -> 5.4175  accuracy: 43.92% -> 47.30%      
client [95] (testset)   loss: 6.6541 -> 6.4096  accuracy: 41.57% -> 41.57%      
---------------------------- TRAINING EPOCH: 230 ----------------------------   
client [71] (testset)   loss: 6.1393 -> 5.9881  accuracy: 41.98% -> 41.98%      
client [15] (testset)   loss: 5.8758 -> 5.1791  accuracy: 42.34% -> 45.26%      
client [33] (testset)   loss: 6.5829 -> 5.8004  accuracy: 36.70% -> 43.12%      
client [99] (testset)   loss: 7.2353 -> 6.8412  accuracy: 33.58% -> 34.31%      
client [90] (testset)   loss: 4.5038 -> 3.6847  accuracy: 52.21% -> 61.03%      
client [57] (testset)   loss: 4.7668 -> 4.5685  accuracy: 53.37% -> 57.67%      
client [27] (testset)   loss: 5.9769 -> 5.2716  accuracy: 44.38% -> 46.88%      
client [78] (testset)   loss: 4.9291 -> 4.6319  accuracy: 52.20% -> 56.60%      
client [36] (testset)   loss: 6.1814 -> 5.9038  accuracy: 43.36% -> 46.90%      
client [88] (testset)   loss: 5.7064 -> 5.6218  accuracy: 53.63% -> 53.63%      
---------------------------- TRAINING EPOCH: 240 ----------------------------   
client [70] (testset)   loss: 5.7233 -> 5.5605  accuracy: 53.42% -> 52.80%      
client [35] (testset)   loss: 5.3499 -> 5.1838  accuracy: 44.90% -> 50.00%      
client [16] (testset)   loss: 6.4691 -> 6.4022  accuracy: 44.63% -> 45.45%      
client [80] (testset)   loss: 4.6183 -> 3.6880  accuracy: 56.52% -> 63.98%      
client [38] (testset)   loss: 5.0829 -> 4.8531  accuracy: 51.96% -> 52.51%      
client [78] (testset)   loss: 5.0556 -> 4.6538  accuracy: 52.20% -> 54.09%      
client [68] (testset)   loss: 5.9973 -> 5.8604  accuracy: 45.38% -> 48.32%      
client [11] (testset)   loss: 5.6961 -> 5.3675  accuracy: 50.28% -> 51.41%      
client [64] (testset)   loss: 4.2601 -> 4.1378  accuracy: 50.00% -> 53.38%      
client [82] (testset)   loss: 6.0884 -> 5.8945  accuracy: 51.16% -> 51.16%      
---------------------------- TRAINING EPOCH: 250 ----------------------------   
client [30] (testset)   loss: 7.4164 -> 6.6865  accuracy: 38.12% -> 40.88%      
client [27] (testset)   loss: 5.8690 -> 5.5714  accuracy: 41.88% -> 47.50%      
client [74] (testset)   loss: 4.9054 -> 4.5159  accuracy: 51.53% -> 54.59%      
client [45] (testset)   loss: 5.2670 -> 5.1348  accuracy: 53.98% -> 55.75%      
client [6]  (testset)   loss: 6.1176 -> 6.2669  accuracy: 47.76% -> 47.76%      
client [36] (testset)   loss: 7.0597 -> 6.9521  accuracy: 38.05% -> 44.25%      
client [63] (testset)   loss: 6.8607 -> 6.7661  accuracy: 44.71% -> 46.15%      
client [76] (testset)   loss: 5.3812 -> 5.1399  accuracy: 44.69% -> 47.49%      
client [83] (testset)   loss: 5.9336 -> 5.6858  accuracy: 48.03% -> 48.03%      
client [86] (testset)   loss: 5.4863 -> 5.1230  accuracy: 49.15% -> 50.00%      
---------------------------- TRAINING EPOCH: 260 ----------------------------   
client [83] (testset)   loss: 5.6993 -> 5.5541  accuracy: 46.05% -> 46.71%      
client [99] (testset)   loss: 7.0443 -> 6.7301  accuracy: 35.04% -> 32.85%      
client [74] (testset)   loss: 5.2376 -> 4.8261  accuracy: 49.49% -> 53.06%      
client [73] (testset)   loss: 6.3166 -> 6.0003  accuracy: 49.64% -> 49.64%      
client [29] (testset)   loss: 6.4353 -> 6.3216  accuracy: 43.33% -> 49.33%      
client [92] (testset)   loss: 6.2599 -> 6.1759  accuracy: 48.98% -> 48.98%      
client [6]  (testset)   loss: 5.9949 -> 5.9351  accuracy: 47.76% -> 47.76%      
client [61] (testset)   loss: 6.5070 -> 6.3915  accuracy: 41.48% -> 42.96%      
client [21] (testset)   loss: 5.4432 -> 5.1449  accuracy: 44.22% -> 43.54%      
client [67] (testset)   loss: 5.4236 -> 5.0567  accuracy: 53.85% -> 53.30%      
---------------------------- TRAINING EPOCH: 270 ----------------------------   
client [83] (testset)   loss: 5.8578 -> 4.9730  accuracy: 43.42% -> 49.34%      
client [32] (testset)   loss: 6.4963 -> 5.9203  accuracy: 41.05% -> 44.21%      
client [95] (testset)   loss: 6.9023 -> 6.5678  accuracy: 38.55% -> 39.76%      
client [61] (testset)   loss: 6.8256 -> 6.7123  accuracy: 39.26% -> 40.74%      
client [27] (testset)   loss: 6.3245 -> 5.6461  accuracy: 43.75% -> 46.88%      
client [25] (testset)   loss: 5.7513 -> 5.4303  accuracy: 42.71% -> 45.83%      
client [68] (testset)   loss: 5.5649 -> 5.5145  accuracy: 42.86% -> 47.90%      
client [34] (testset)   loss: 6.9517 -> 6.5778  accuracy: 41.99% -> 45.30%      
client [71] (testset)   loss: 6.7345 -> 6.2829  accuracy: 39.69% -> 43.51%      
client [89] (testset)   loss: 7.5180 -> 7.1955  accuracy: 33.76% -> 35.67%      
---------------------------- TRAINING EPOCH: 280 ----------------------------   
client [78] (testset)   loss: 5.5938 -> 5.1980  accuracy: 49.69% -> 52.83%      
client [81] (testset)   loss: 7.6242 -> 6.9852  accuracy: 38.41% -> 43.05%      
client [51] (testset)   loss: 6.4951 -> 5.8905  accuracy: 41.22% -> 43.24%      
client [54] (testset)   loss: 7.5935 -> 7.3498  accuracy: 40.83% -> 45.83%      
client [65] (testset)   loss: 6.9803 -> 6.3637  accuracy: 53.64% -> 50.91%      
client [41] (testset)   loss: 7.7237 -> 6.6312  accuracy: 41.13% -> 41.13%      
client [11] (testset)   loss: 5.9475 -> 5.8022  accuracy: 50.28% -> 50.28%      
client [85] (testset)   loss: 6.1966 -> 5.7977  accuracy: 44.03% -> 43.28%      
client [12] (testset)   loss: 4.7996 -> 4.5257  accuracy: 53.03% -> 57.58%      
client [23] (testset)   loss: 5.2786 -> 4.9918  accuracy: 45.45% -> 44.55%      
---------------------------- TRAINING EPOCH: 290 ----------------------------   
client [16] (testset)   loss: 7.3739 -> 6.7225  accuracy: 42.15% -> 44.63%      
client [65] (testset)   loss: 6.3870 -> 6.2702  accuracy: 55.45% -> 56.36%      
client [53] (testset)   loss: 6.3154 -> 6.1794  accuracy: 51.06% -> 51.77%      
client [58] (testset)   loss: 7.1451 -> 7.0397  accuracy: 41.54% -> 42.31%      
client [72] (testset)   loss: 6.7245 -> 6.6324  accuracy: 44.03% -> 44.03%      
client [7]  (testset)   loss: 7.6742 -> 7.4960  accuracy: 42.54% -> 42.54%      
client [71] (testset)   loss: 6.8485 -> 6.5536  accuracy: 40.46% -> 42.75%      
client [59] (testset)   loss: 6.7521 -> 6.4527  accuracy: 41.63% -> 45.06%      
client [86] (testset)   loss: 5.2962 -> 5.2571  accuracy: 51.69% -> 52.54%      
client [39] (testset)   loss: 6.0594 -> 5.9914  accuracy: 47.31% -> 46.71%      
---------------------------- TRAINING EPOCH: 300 ----------------------------   
client [99] (testset)   loss: 7.6256 -> 7.4349  accuracy: 32.12% -> 34.31%      
client [7]  (testset)   loss: 7.9339 -> 7.5222  accuracy: 41.23% -> 42.11%      
client [17] (testset)   loss: 7.5543 -> 7.4311  accuracy: 32.33% -> 33.83%      
client [64] (testset)   loss: 4.9575 -> 4.8332  accuracy: 47.30% -> 50.68%      
client [37] (testset)   loss: 5.8098 -> 5.7115  accuracy: 45.19% -> 47.12%      
client [29] (testset)   loss: 6.7058 -> 6.6013  accuracy: 44.00% -> 45.33%      
client [93] (testset)   loss: 7.2335 -> 6.9321  accuracy: 39.20% -> 41.60%      
client [73] (testset)   loss: 6.2776 -> 6.1741  accuracy: 49.64% -> 49.64%      
client [40] (testset)   loss: 5.5266 -> 5.2900  accuracy: 38.46% -> 39.74%      
client [76] (testset)   loss: 5.7166 -> 5.6023  accuracy: 46.93% -> 46.93%      
---------------------------- TRAINING EPOCH: 310 ----------------------------   
client [31] (testset)   loss: 7.4050 -> 7.1770  accuracy: 43.16% -> 44.21%      
client [89] (testset)   loss: 7.8826 -> 7.8125  accuracy: 38.22% -> 36.94%      
client [77] (testset)   loss: 5.6336 -> 5.5333  accuracy: 51.69% -> 53.93%      
client [90] (testset)   loss: 4.1556 -> 4.1199  accuracy: 55.88% -> 55.88%      
client [26] (testset)   loss: 5.9074 -> 5.7617  accuracy: 52.21% -> 52.21%      
client [50] (testset)   loss: 4.9939 -> 4.8245  accuracy: 54.00% -> 54.00%      
client [30] (testset)   loss: 8.0690 -> 7.8024  accuracy: 39.23% -> 39.78%      
client [70] (testset)   loss: 6.1157 -> 6.0292  accuracy: 55.90% -> 57.76%      
client [41] (testset)   loss: 7.4033 -> 7.3346  accuracy: 38.71% -> 37.90%      
client [99] (testset)   loss: 7.7122 -> 7.4271  accuracy: 30.66% -> 33.58%      
---------------------------- TRAINING EPOCH: 320 ----------------------------   
client [68] (testset)   loss: 6.3966 -> 6.3057  accuracy: 48.32% -> 49.16%      
client [70] (testset)   loss: 6.2527 -> 6.2155  accuracy: 55.28% -> 55.90%      
client [52] (testset)   loss: 6.4405 -> 6.0796  accuracy: 54.48% -> 52.24%      
client [1]  (testset)   loss: 5.6537 -> 5.5626  accuracy: 45.86% -> 47.51%      
client [2]  (testset)   loss: 7.5162 -> 7.4353  accuracy: 36.61% -> 36.61%      
client [67] (testset)   loss: 5.7924 -> 5.7680  accuracy: 52.20% -> 52.75%      
client [92] (testset)   loss: 6.5665 -> 6.5669  accuracy: 51.02% -> 51.02%      
client [35] (testset)   loss: 5.7294 -> 5.6026  accuracy: 48.47% -> 49.49%      
client [36] (testset)   loss: 7.1053 -> 7.0525  accuracy: 43.36% -> 43.36%      
client [64] (testset)   loss: 5.0312 -> 4.9902  accuracy: 47.97% -> 47.97%      
---------------------------- TRAINING EPOCH: 330 ----------------------------   
client [44] (testset)   loss: 5.7353 -> 5.6512  accuracy: 49.67% -> 49.67%      
client [6]  (testset)   loss: 6.3290 -> 6.3245  accuracy: 52.24% -> 52.24%      
client [12] (testset)   loss: 5.1899 -> 5.1334  accuracy: 52.27% -> 52.27%      
client [55] (testset)   loss: 6.1429 -> 5.8618  accuracy: 46.38% -> 46.38%      
client [29] (testset)   loss: 7.3281 -> 7.2939  accuracy: 44.00% -> 44.67%      
client [9]  (testset)   loss: 7.0587 -> 7.0381  accuracy: 44.97% -> 44.97%      
client [43] (testset)   loss: 8.5964 -> 8.2372  accuracy: 35.56% -> 39.26%      
client [77] (testset)   loss: 5.8318 -> 5.7588  accuracy: 54.49% -> 54.49%      
client [98] (testset)   loss: 7.1996 -> 7.1115  accuracy: 41.55% -> 42.25%      
client [78] (testset)   loss: 5.9889 -> 5.9034  accuracy: 52.83% -> 53.46%      
---------------------------- TRAINING EPOCH: 340 ----------------------------   
client [92] (testset)   loss: 6.8442 -> 6.8379  accuracy: 47.96% -> 47.96%      
client [80] (testset)   loss: 4.1577 -> 3.9581  accuracy: 60.87% -> 62.11%      
client [63] (testset)   loss: 7.5345 -> 7.4962  accuracy: 44.71% -> 44.71%      
client [76] (testset)   loss: 6.1402 -> 6.2117  accuracy: 46.37% -> 46.93%      
client [78] (testset)   loss: 6.0284 -> 5.9554  accuracy: 49.69% -> 50.94%      
client [25] (testset)   loss: 5.7963 -> 5.6959  accuracy: 48.96% -> 48.96%      
client [58] (testset)   loss: 7.5417 -> 7.5499  accuracy: 40.00% -> 40.00%      
client [13] (testset)   loss: 6.2186 -> 6.1712  accuracy: 49.71% -> 50.88%      
client [17] (testset)   loss: 8.2743 -> 8.1821  accuracy: 33.83% -> 34.59%      
client [38] (testset)   loss: 5.6977 -> 5.6853  accuracy: 52.51% -> 52.51%      
---------------------------- TRAINING EPOCH: 350 ----------------------------   
client [72] (testset)   loss: 7.5051 -> 7.4859  accuracy: 41.79% -> 42.54%      
client [82] (testset)   loss: 6.3615 -> 6.3567  accuracy: 48.84% -> 48.84%      
client [86] (testset)   loss: 6.1036 -> 6.0151  accuracy: 46.61% -> 47.46%      
client [51] (testset)   loss: 6.6217 -> 6.5789  accuracy: 43.24% -> 43.24%      
client [96] (testset)   loss: 5.3194 -> 5.2936  accuracy: 57.23% -> 57.80%      
client [42] (testset)   loss: 6.2550 -> 6.2527  accuracy: 52.05% -> 52.05%      
client [55] (testset)   loss: 6.2667 -> 6.2167  accuracy: 44.93% -> 45.65%      
client [13] (testset)   loss: 6.3393 -> 6.3132  accuracy: 49.12% -> 48.54%      
client [1]  (testset)   loss: 5.8517 -> 5.8214  accuracy: 49.72% -> 50.28%      
client [12] (testset)   loss: 5.3424 -> 5.2995  accuracy: 53.79% -> 56.06%      
---------------------------- TRAINING EPOCH: 360 ----------------------------   
client [68] (testset)   loss: 6.6045 -> 6.6066  accuracy: 45.38% -> 45.38%      
client [23] (testset)   loss: 5.7431 -> 5.7039  accuracy: 45.45% -> 45.45%      
client [46] (testset)   loss: 6.6676 -> 6.6582  accuracy: 55.24% -> 55.24%      
client [41] (testset)   loss: 7.6295 -> 7.6183  accuracy: 41.13% -> 41.13%      
client [25] (testset)   loss: 5.9029 -> 5.8788  accuracy: 51.04% -> 51.04%      
client [58] (testset)   loss: 7.7559 -> 7.7519  accuracy: 41.54% -> 40.77%      
client [14] (testset)   loss: 6.9423 -> 6.9172  accuracy: 41.56% -> 41.56%      
client [33] (testset)   loss: 7.1247 -> 7.0534  accuracy: 41.28% -> 41.28%      
client [85] (testset)   loss: 6.7510 -> 6.6794  accuracy: 47.01% -> 47.01%      
client [62] (testset)   loss: 6.6061 -> 6.5645  accuracy: 49.03% -> 48.54%      
---------------------------- TRAINING EPOCH: 370 ----------------------------   
client [98] (testset)   loss: 7.5163 -> 7.5002  accuracy: 41.55% -> 41.55%      
client [63] (testset)   loss: 7.9264 -> 7.8611  accuracy: 44.23% -> 44.23%      
client [70] (testset)   loss: 6.6961 -> 6.6853  accuracy: 55.90% -> 55.28%      
client [65] (testset)   loss: 7.2007 -> 7.2016  accuracy: 53.64% -> 53.64%      
client [14] (testset)   loss: 7.1084 -> 7.0733  accuracy: 42.86% -> 42.86%      
client [73] (testset)   loss: 6.8741 -> 6.8507  accuracy: 48.20% -> 48.92%      
client [34] (testset)   loss: 7.8326 -> 7.7845  accuracy: 44.75% -> 44.75%      
client [99] (testset)   loss: 8.4004 -> 8.3618  accuracy: 33.58% -> 33.58%      
client [69] (testset)   loss: 4.4318 -> 4.4215  accuracy: 61.01% -> 60.29%      
client [46] (testset)   loss: 6.8941 -> 6.8815  accuracy: 55.24% -> 55.24%      
---------------------------- TRAINING EPOCH: 380 ----------------------------   
client [99] (testset)   loss: 8.5897 -> 8.5388  accuracy: 32.12% -> 32.85%      
client [93] (testset)   loss: 8.2517 -> 8.0003  accuracy: 40.00% -> 40.00%      
client [11] (testset)   loss: 6.5541 -> 6.5121  accuracy: 50.28% -> 50.28%      
client [58] (testset)   loss: 7.9518 -> 7.9439  accuracy: 40.77% -> 40.77%      
client [81] (testset)   loss: 8.0093 -> 7.9864  accuracy: 40.40% -> 40.40%      
client [85] (testset)   loss: 6.8744 -> 6.8323  accuracy: 47.01% -> 47.76%      
client [89] (testset)   loss: 8.5303 -> 8.5168  accuracy: 36.31% -> 36.94%      
client [45] (testset)   loss: 5.9636 -> 5.9456  accuracy: 54.87% -> 55.75%      
client [8]  (testset)   loss: 6.7800 -> 6.7600  accuracy: 50.75% -> 50.75%      
client [68] (testset)   loss: 6.6919 -> 6.6983  accuracy: 46.22% -> 45.80%      
---------------------------- TRAINING EPOCH: 390 ----------------------------   
client [67] (testset)   loss: 6.3565 -> 6.3191  accuracy: 52.75% -> 52.75%      
client [72] (testset)   loss: 7.7024 -> 7.6880  accuracy: 43.28% -> 43.28%      
client [1]  (testset)   loss: 6.0980 -> 6.0728  accuracy: 47.51% -> 46.96%      
client [78] (testset)   loss: 6.3129 -> 6.2692  accuracy: 52.20% -> 52.20%      
client [83] (testset)   loss: 6.3116 -> 6.3161  accuracy: 47.37% -> 47.37%      
client [21] (testset)   loss: 6.4190 -> 6.3677  accuracy: 41.50% -> 41.50%      
client [56] (testset)   loss: 5.3257 -> 5.3199  accuracy: 51.19% -> 51.19%      
client [44] (testset)   loss: 5.8768 -> 5.8423  accuracy: 48.37% -> 48.37%      
client [92] (testset)   loss: 6.9894 -> 6.9836  accuracy: 53.06% -> 53.06%      
client [27] (testset)   loss: 7.1786 -> 7.1646  accuracy: 43.75% -> 43.75%      
---------------------------- TRAINING EPOCH: 400 ----------------------------   
client [10] (testset)   loss: 6.2794 -> 6.2700  accuracy: 62.50% -> 62.50%      
client [39] (testset)   loss: 7.2409 -> 7.2221  accuracy: 43.11% -> 43.11%      
client [65] (testset)   loss: 7.7581 -> 7.7287  accuracy: 51.82% -> 51.82%      
client [26] (testset)   loss: 6.8580 -> 6.8012  accuracy: 46.02% -> 46.02%      
client [19] (testset)   loss: 7.8972 -> 7.8895  accuracy: 39.02% -> 39.02%      
client [68] (testset)   loss: 6.8214 -> 6.8184  accuracy: 45.80% -> 45.80%      
client [41] (testset)   loss: 7.8897 -> 7.8696  accuracy: 43.55% -> 43.55%      
client [50] (testset)   loss: 5.7123 -> 5.6436  accuracy: 52.00% -> 53.00%      
client [75] (testset)   loss: 5.6671 -> 5.5105  accuracy: 53.77% -> 53.77%      
client [81] (testset)   loss: 8.0821 -> 8.0669  accuracy: 41.06% -> 41.06%      
Training... ━━━━━━━━━━━━━━━━━━━━━━━━━━━━━━━━━━━━━━━━ 100% 0:06:03
PSFL's average time taken by each global epoch: 0 min 0.90 sec.                 
PSFL's total running time: 0 h 6 m 3 s.                                         
==================== PSFL Experiment Results: ====================              
Display format: (before local fine-tuning) -> (after local fine-tuning)         
 So if finetune_epoch = 0, x.xx% -> 0.00% is normal.                            
 Centralized testing ONLY happens after model aggregation, so the stats between 
'->' are the same.                                                              
{                                                                               
    "100": {                                                                    
        "all_clients": {                                                        
            "test": {                                                           
                "loss": "5.0699 -> 0.0000",                                     
                "accuracy": "32.78% -> 0.00%"                                   
            }                                                                   
        }                                                                       
    },                                                                          
    "200": {                                                                    
        "all_clients": {                                                        
            "test": {                                                           
                "loss": "5.5002 -> 0.0000",                                     
                "accuracy": "43.92% -> 0.00%"                                   
            }                                                                   
        }                                                                       
    },                                                                          
    "300": {                                                                    
        "all_clients": {                                                        
            "test": {                                                           
                "loss": "6.1869 -> 0.0000",                                     
                "accuracy": "47.63% -> 0.00%"                                   
            }                                                                   
        }                                                                       
    },                                                                          
    "400": {                                                                    
        "all_clients": {                                                        
            "test": {                                                           
                "loss": "6.8634 -> 0.0000",                                     
                "accuracy": "48.14% -> 0.00%"                                   
            }                                                                   
        }                                                                       
    }                                                                           
}                                                                               
==================== PSFL Max Accuracy ====================                     
all_clients:                                                                    
(test) before fine-tuning: 48.14% at epoch 400                                  
(test) after fine-tuning: 0.00% at epoch 100                                    
