==================== FedDpa ====================                                
Experiment Arguments:                                                           
{
│   'method': 'feddpa',
│   'dataset': {
│   │   'name': 'emnist',
│   │   'client_num': 100,
│   │   'test_ratio': 0.25,
│   │   'val_ratio': 0.0,
│   │   'seed': 42,
│   │   'split': 'sample',
│   │   'IID_ratio': 0.0,
│   │   'monitor_window_name_suffix': 'emnist-100clients-0%IID-Dir(0.1)-seed42',
│   │   'emnist_split': 'byclass',
│   │   'alpha': 0.1,
│   │   'min_samples_per_client': 10
│   },
│   'model': {
│   │   'name': 'avgcnn',
│   │   'use_torchvision_pretrained_weights': True,
│   │   'external_model_weights_path': None
│   },
│   'optimizer': {
│   │   'lr': 0.01,
│   │   'dampening': 0,
│   │   'weight_decay': 0,
│   │   'momentum': 0,
│   │   'nesterov': False,
│   │   'name': 'sgd'
│   },
│   'mode': 'sequential',
│   'parallel': {
│   │   'ray_cluster_addr': None,
│   │   'num_cpus': None,
│   │   'num_gpus': None,
│   │   'num_workers': 2
│   },
│   'common': {
│   │   'seed': 42,
│   │   'join_ratio': 0.1,
│   │   'global_epoch': 400,
│   │   'local_epoch': 5,
│   │   'batch_size': 32,
│   │   'reset_optimizer_on_global_epoch': True,
│   │   'straggler_ratio': 0,
│   │   'straggler_min_local_epoch': 0,
│   │   'buffers': 'global',
│   │   'client_side_evaluation': True,
│   │   'test': {
│   │   │   'client': {
│   │   │   │   'interval': 100,
│   │   │   │   'finetune_epoch': 0,
│   │   │   │   'train': False,
│   │   │   │   'val': False,
│   │   │   │   'test': True
│   │   │   },
│   │   │   'server': {
│   │   │   │   'interval': -1,
│   │   │   │   'train': False,
│   │   │   │   'val': False,
│   │   │   │   'test': False,
│   │   │   │   'model_in_train_mode': False
│   │   │   }
│   │   },
│   │   'verbose_gap': 10,
│   │   'monitor': None,
│   │   'use_cuda': True,
│   │   'save_log': True,
│   │   'save_model': False,
│   │   'save_learning_curve_plot': False,
│   │   'save_metrics': True,
│   │   'delete_useless_run': True
│   },
│   'feddpa': {
│   │   'fisher_threshold': 0.2
│   }
}
---------------------------- TRAINING EPOCH: 10 ----------------------------    
client [77] (testset)   loss: 0.3358 -> 0.3496  accuracy: 91.00% -> 90.87%      
client [81] (testset)   loss: 0.3567 -> 0.3566  accuracy: 86.45% -> 85.30%      
client [21] (testset)   loss: 4.0896 -> 0.6739  accuracy: 0.18% -> 81.76%       
client [68] (testset)   loss: 0.6292 -> 0.4326  accuracy: 83.28% -> 88.25%      
client [93] (testset)   loss: 0.2798 -> 0.2101  accuracy: 91.97% -> 93.42%      
client [31] (testset)   loss: 0.3843 -> 0.2790  accuracy: 87.46% -> 91.12%      
client [20] (testset)   loss: 0.3485 -> 0.2700  accuracy: 90.42% -> 92.32%      
client [59] (testset)   loss: 4.1201 -> 0.4313  accuracy: 0.65% -> 85.89%       
client [48] (testset)   loss: 0.7163 -> 0.7932  accuracy: 77.33% -> 73.45%      
client [34] (testset)   loss: 0.2861 -> 0.2100  accuracy: 91.90% -> 93.96%      
---------------------------- TRAINING EPOCH: 20 ----------------------------    
client [69] (testset)   loss: 0.5504 -> 0.4624  accuracy: 84.59% -> 86.61%      
client [99] (testset)   loss: 0.2882 -> 0.2155  accuracy: 92.61% -> 94.40%      
client [67] (testset)   loss: 1.2286 -> 0.4263  accuracy: 59.19% -> 88.05%      
client [0]  (testset)   loss: 0.2919 -> 0.2676  accuracy: 92.57% -> 93.47%      
client [76] (testset)   loss: 0.3363 -> 0.2832  accuracy: 91.28% -> 92.08%      
client [41] (testset)   loss: 0.6305 -> 0.3889  accuracy: 74.92% -> 86.77%      
client [62] (testset)   loss: 4.1474 -> 0.3706  accuracy: 0.00% -> 90.48%       
client [2]  (testset)   loss: 4.1357 -> 0.3287  accuracy: 0.20% -> 90.73%       
client [14] (testset)   loss: 0.3736 -> 0.2938  accuracy: 89.55% -> 91.96%      
client [46] (testset)   loss: 0.1476 -> 0.1248  accuracy: 96.05% -> 96.79%      
---------------------------- TRAINING EPOCH: 30 ----------------------------    
client [24] (testset)   loss: 0.2129 -> 0.2334  accuracy: 93.02% -> 92.86%      
client [68] (testset)   loss: 0.3468 -> 0.3466  accuracy: 90.48% -> 91.64%      
client [57] (testset)   loss: 0.2400 -> 0.1693  accuracy: 93.24% -> 95.17%      
client [17] (testset)   loss: 0.3166 -> 0.2975  accuracy: 91.25% -> 91.90%      
client [54] (testset)   loss: 0.3318 -> 0.7995  accuracy: 90.67% -> 79.98%      
client [23] (testset)   loss: 4.0828 -> 0.5056  accuracy: 0.87% -> 79.16%       
client [35] (testset)   loss: 0.1499 -> 0.1395  accuracy: 96.33% -> 96.47%      
client [59] (testset)   loss: 0.3183 -> 0.2953  accuracy: 88.94% -> 90.14%      
client [31] (testset)   loss: 0.2580 -> 0.2246  accuracy: 90.66% -> 92.90%      
client [9]  (testset)   loss: 0.5765 -> 0.2374  accuracy: 85.00% -> 93.34%      
---------------------------- TRAINING EPOCH: 40 ----------------------------    
client [64] (testset)   loss: 0.5316 -> 0.5266  accuracy: 86.91% -> 87.10%      
client [33] (testset)   loss: 0.1449 -> 0.1530  accuracy: 97.04% -> 96.81%      
client [16] (testset)   loss: 0.4416 -> 0.3776  accuracy: 87.92% -> 90.43%      
client [44] (testset)   loss: 1.0459 -> 0.5347  accuracy: 69.15% -> 83.62%      
client [8]  (testset)   loss: 0.3543 -> 0.3560  accuracy: 89.43% -> 90.60%      
client [31] (testset)   loss: 0.2337 -> 0.2385  accuracy: 92.53% -> 93.07%      
client [47] (testset)   loss: 0.3522 -> 0.2994  accuracy: 89.15% -> 91.11%      
client [36] (testset)   loss: 0.4032 -> 0.2458  accuracy: 88.65% -> 93.12%      
client [20] (testset)   loss: 0.2847 -> 0.2865  accuracy: 92.45% -> 92.23%      
client [56] (testset)   loss: 0.1904 -> 0.1897  accuracy: 95.19% -> 95.23%      
---------------------------- TRAINING EPOCH: 50 ----------------------------    
client [4]  (testset)   loss: 0.4441 -> 9.7755  accuracy: 84.45% -> 27.04%      
client [60] (testset)   loss: 0.2185 -> 0.2008  accuracy: 93.28% -> 94.21%      
client [28] (testset)   loss: 0.1537 -> 0.1501  accuracy: 94.26% -> 94.36%      
client [25] (testset)   loss: 0.2475 -> 0.2586  accuracy: 93.63% -> 92.54%      
client [58] (testset)   loss: 0.1099 -> 0.1136  accuracy: 97.71% -> 97.78%      
client [44] (testset)   loss: 0.5247 -> 0.4687  accuracy: 84.47% -> 85.21%      
client [39] (testset)   loss: 0.2443 -> 0.2006  accuracy: 93.95% -> 94.74%      
client [29] (testset)   loss: 0.2675 -> 0.2480  accuracy: 91.80% -> 92.79%      
client [3]  (testset)   loss: 0.1568 -> 0.1599  accuracy: 95.82% -> 95.84%      
client [84] (testset)   loss: 0.2856 -> 0.2793  accuracy: 92.07% -> 92.61%      
---------------------------- TRAINING EPOCH: 60 ----------------------------    
client [21] (testset)   loss: 0.2640 -> 0.2267  accuracy: 92.44% -> 93.50%      
client [84] (testset)   loss: 0.2812 -> 0.3110  accuracy: 92.48% -> 92.75%      
client [10] (testset)   loss: 0.8892 -> 0.3777  accuracy: 84.62% -> 87.69%      
client [36] (testset)   loss: 0.2149 -> 0.1941  accuracy: 94.21% -> 94.61%      
client [65] (testset)   loss: 0.4349 -> 0.5416  accuracy: 84.40% -> 85.64%      
client [81] (testset)   loss: 0.3565 -> 0.3566  accuracy: 86.77% -> 85.96%      
client [79] (testset)   loss: 0.4629 -> 0.4581  accuracy: 87.58% -> 88.00%      
client [42] (testset)   loss: 0.2931 -> 0.3014  accuracy: 92.19% -> 92.13%      
client [11] (testset)   loss: 0.2836 -> 0.2648  accuracy: 92.55% -> 93.59%      
client [96] (testset)   loss: 0.2539 -> 0.2316  accuracy: 93.45% -> 94.34%      
---------------------------- TRAINING EPOCH: 70 ----------------------------    
client [8]  (testset)   loss: 0.3808 -> 0.4024  accuracy: 89.55% -> 90.02%      
client [53] (testset)   loss: 0.1928 -> 0.1883  accuracy: 95.52% -> 95.62%      
client [52] (testset)   loss: 0.4662 -> 0.4904  accuracy: 86.70% -> 85.81%      
client [42] (testset)   loss: 0.3295 -> 0.3049  accuracy: 92.00% -> 92.61%      
client [69] (testset)   loss: 0.3927 -> 0.4042  accuracy: 90.78% -> 91.68%      
client [59] (testset)   loss: 0.3050 -> 0.3022  accuracy: 91.01% -> 90.09%      
client [7]  (testset)   loss: 0.2841 -> 0.2792  accuracy: 92.69% -> 93.35%      
client [26] (testset)   loss: 0.2733 -> 0.2545  accuracy: 92.97% -> 93.02%      
client [49] (testset)   loss: 0.1323 -> 0.1359  accuracy: 96.61% -> 96.56%      
client [98] (testset)   loss: 0.1938 -> 0.1795  accuracy: 95.44% -> 95.54%      
---------------------------- TRAINING EPOCH: 80 ----------------------------    
client [98] (testset)   loss: 0.1794 -> 0.1923  accuracy: 95.49% -> 95.28%      
client [47] (testset)   loss: 0.2885 -> 0.2889  accuracy: 92.31% -> 91.79%      
client [21] (testset)   loss: 0.2191 -> 0.2179  accuracy: 93.82% -> 93.53%      
client [77] (testset)   loss: 0.3167 -> 0.2957  accuracy: 93.85% -> 94.30%      
client [95] (testset)   loss: 0.1940 -> 0.4592  accuracy: 94.69% -> 91.49%      
client [91] (testset)   loss: 0.1658 -> 0.1652  accuracy: 96.36% -> 96.58%      
client [14] (testset)   loss: 0.3149 -> 0.3227  accuracy: 93.05% -> 93.41%      
client [99] (testset)   loss: 0.2148 -> 0.2095  accuracy: 95.18% -> 95.29%      
client [20] (testset)   loss: 0.3358 -> 0.3065  accuracy: 91.78% -> 92.50%      
client [39] (testset)   loss: 0.1971 -> 0.2139  accuracy: 95.28% -> 94.92%      
---------------------------- TRAINING EPOCH: 90 ----------------------------    
client [52] (testset)   loss: 0.4932 -> 0.6004  accuracy: 85.47% -> 85.92%      
client [62] (testset)   loss: 0.3240 -> 0.3346  accuracy: 93.87% -> 93.87%      
client [71] (testset)   loss: 0.1241 -> 0.1275  accuracy: 96.80% -> 96.80%      
client [97] (testset)   loss: 0.1705 -> 0.1741  accuracy: 96.62% -> 96.86%      
client [30] (testset)   loss: 0.3650 -> 0.3822  accuracy: 91.97% -> 90.99%      
client [88] (testset)   loss: 0.3238 -> 0.2994  accuracy: 86.55% -> 90.65%      
client [60] (testset)   loss: 0.1857 -> 0.1886  accuracy: 95.75% -> 95.68%      
client [82] (testset)   loss: 0.4612 -> 0.4542  accuracy: 80.50% -> 79.58%      
client [91] (testset)   loss: 0.1650 -> 0.1674  accuracy: 96.58% -> 96.74%      
client [57] (testset)   loss: 0.1377 -> 0.1457  accuracy: 96.35% -> 95.82%      
---------------------------- TRAINING EPOCH: 100 ----------------------------   
client [31] (testset)   loss: 0.3251 -> 0.3433  accuracy: 92.24% -> 93.11%      
client [15] (testset)   loss: 0.1916 -> 0.2184  accuracy: 93.40% -> 93.25%      
client [71] (testset)   loss: 0.1269 -> 0.1369  accuracy: 96.86% -> 96.47%      
client [97] (testset)   loss: 0.4016 -> 0.1897  accuracy: 92.43% -> 96.84%      
client [53] (testset)   loss: 0.1962 -> 0.2073  accuracy: 95.57% -> 96.15%      
client [77] (testset)   loss: 0.3130 -> 0.2537  accuracy: 93.72% -> 93.98%      
client [76] (testset)   loss: 0.2715 -> 0.2639  accuracy: 93.84% -> 93.62%      
client [79] (testset)   loss: 0.4823 -> 0.6003  accuracy: 88.00% -> 88.74%      
client [28] (testset)   loss: 0.1608 -> 0.1642  accuracy: 94.12% -> 93.91%      
client [99] (testset)   loss: 0.2174 -> 0.2204  accuracy: 94.92% -> 95.35%      
---------------------------- TRAINING EPOCH: 110 ----------------------------   
client [97] (testset)   loss: 0.1922 -> 0.1925  accuracy: 96.70% -> 97.00%      
client [86] (testset)   loss: 0.6330 -> 0.6458  accuracy: 87.96% -> 87.75%      
client [34] (testset)   loss: 0.1897 -> 0.1866  accuracy: 95.49% -> 95.73%      
client [73] (testset)   loss: 0.3533 -> 0.3381  accuracy: 91.21% -> 91.21%      
client [5]  (testset)   loss: 0.2328 -> 0.2407  accuracy: 94.08% -> 93.93%      
client [96] (testset)   loss: 0.2896 -> 0.2889  accuracy: 94.52% -> 94.34%      
client [22] (testset)   loss: 0.3474 -> 0.2595  accuracy: 92.34% -> 93.09%      
client [60] (testset)   loss: 0.2086 -> 0.2016  accuracy: 95.68% -> 95.91%      
client [66] (testset)   loss: 0.3691 -> 0.3016  accuracy: 91.68% -> 94.64%      
client [83] (testset)   loss: 0.3047 -> 0.3207  accuracy: 93.98% -> 93.29%      
---------------------------- TRAINING EPOCH: 120 ----------------------------   
client [76] (testset)   loss: 0.2794 -> 0.2808  accuracy: 93.77% -> 93.18%      
client [65] (testset)   loss: 0.9890 -> 0.3677  accuracy: 81.41% -> 89.74%      
client [95] (testset)   loss: 0.2000 -> 0.2096  accuracy: 95.08% -> 94.98%      
client [17] (testset)   loss: 0.3189 -> 0.3320  accuracy: 92.28% -> 91.71%      
client [8]  (testset)   loss: 0.4450 -> 0.4566  accuracy: 90.72% -> 89.43%      
client [35] (testset)   loss: 0.1797 -> 0.1846  accuracy: 96.74% -> 96.80%      
client [98] (testset)   loss: 0.2141 -> 0.2106  accuracy: 95.44% -> 95.69%      
client [53] (testset)   loss: 0.2308 -> 0.2210  accuracy: 95.62% -> 96.00%      
client [43] (testset)   loss: 0.3634 -> 0.3925  accuracy: 89.91% -> 86.84%      
client [64] (testset)   loss: 0.5388 -> 0.7620  accuracy: 87.86% -> 76.66%      
---------------------------- TRAINING EPOCH: 130 ----------------------------   
client [21] (testset)   loss: 0.2593 -> 0.2382  accuracy: 92.73% -> 93.50%      
client [88] (testset)   loss: 0.3421 -> 0.3215  accuracy: 90.00% -> 91.01%      
client [38] (testset)   loss: 0.4057 -> 0.3771  accuracy: 92.72% -> 93.13%      
client [3]  (testset)   loss: 0.1838 -> 0.1999  accuracy: 96.11% -> 95.74%      
client [5]  (testset)   loss: 0.2343 -> 0.2551  accuracy: 94.34% -> 93.97%      
client [41] (testset)   loss: 0.4107 -> 0.3886  accuracy: 88.53% -> 91.54%      
client [7]  (testset)   loss: 0.3012 -> 0.2935  accuracy: 93.48% -> 93.41%      
client [37] (testset)   loss: 0.3184 -> 0.3190  accuracy: 91.59% -> 91.66%      
client [45] (testset)   loss: 0.4578 -> 0.4332  accuracy: 85.45% -> 87.02%      
client [47] (testset)   loss: 0.3170 -> 0.3211  accuracy: 91.62% -> 91.88%      
---------------------------- TRAINING EPOCH: 140 ----------------------------   
client [16] (testset)   loss: 0.4999 -> 0.3905  accuracy: 82.08% -> 91.73%      
client [11] (testset)   loss: 0.2993 -> 0.3106  accuracy: 94.07% -> 93.52%      
client [37] (testset)   loss: 0.3394 -> 0.3337  accuracy: 90.87% -> 90.98%      
client [41] (testset)   loss: 0.3813 -> 0.3795  accuracy: 91.60% -> 91.54%      
client [95] (testset)   loss: 0.2214 -> 0.2285  accuracy: 95.27% -> 94.93%      
client [53] (testset)   loss: 0.2275 -> 0.2268  accuracy: 95.71% -> 96.24%      
client [22] (testset)   loss: 0.2547 -> 0.3112  accuracy: 93.24% -> 92.53%      
client [25] (testset)   loss: 0.2719 -> 0.2496  accuracy: 93.74% -> 94.51%      
client [69] (testset)   loss: 0.4889 -> 0.4959  accuracy: 91.00% -> 90.89%      
client [46] (testset)   loss: 0.1300 -> 0.1404  accuracy: 96.91% -> 97.27%      
---------------------------- TRAINING EPOCH: 150 ----------------------------   
client [47] (testset)   loss: 0.3566 -> 0.3705  accuracy: 91.20% -> 91.37%      
client [69] (testset)   loss: 0.5152 -> 0.5129  accuracy: 91.00% -> 90.78%      
client [82] (testset)   loss: 0.4855 -> 0.4602  accuracy: 80.28% -> 81.27%      
client [45] (testset)   loss: 0.4805 -> 0.4902  accuracy: 85.63% -> 87.14%      
client [7]  (testset)   loss: 0.2932 -> 0.3137  accuracy: 93.22% -> 93.35%      
client [50] (testset)   loss: 0.0971 -> 0.1135  accuracy: 97.44% -> 97.50%      
client [35] (testset)   loss: 0.1907 -> 0.1950  accuracy: 96.94% -> 96.80%      
client [24] (testset)   loss: 0.2445 -> 0.2602  accuracy: 94.35% -> 94.27%      
client [15] (testset)   loss: 0.2230 -> 0.2497  accuracy: 91.58% -> 92.57%      
client [58] (testset)   loss: 0.1490 -> 0.1555  accuracy: 97.61% -> 97.71%      
---------------------------- TRAINING EPOCH: 160 ----------------------------   
client [48] (testset)   loss: 0.9319 -> 0.7638  accuracy: 71.51% -> 79.65%      
client [76] (testset)   loss: 0.2963 -> 0.3034  accuracy: 93.40% -> 93.84%      
client [67] (testset)   loss: 0.3507 -> 0.3291  accuracy: 90.26% -> 91.36%      
client [37] (testset)   loss: 0.3314 -> 0.3542  accuracy: 91.62% -> 91.37%      
client [58] (testset)   loss: 0.1549 -> 0.1655  accuracy: 97.64% -> 97.78%      
client [64] (testset)   loss: 0.5902 -> 0.5836  accuracy: 88.61% -> 85.58%      
client [77] (testset)   loss: 0.3283 -> 0.3337  accuracy: 94.24% -> 94.56%      
client [55] (testset)   loss: 0.3743 -> 0.4843  accuracy: 90.84% -> 87.25%      
client [12] (testset)   loss: 0.5846 -> 0.5960  accuracy: 91.78% -> 91.91%      
client [89] (testset)   loss: 0.4759 -> 0.4945  accuracy: 88.90% -> 88.86%      
---------------------------- TRAINING EPOCH: 170 ----------------------------   
client [84] (testset)   loss: 0.3095 -> 0.3157  accuracy: 93.84% -> 93.57%      
client [51] (testset)   loss: 0.3665 -> 0.3739  accuracy: 92.03% -> 93.24%      
client [8]  (testset)   loss: 0.4664 -> 0.4867  accuracy: 90.90% -> 90.60%      
client [18] (testset)   loss: 0.2568 -> 0.2593  accuracy: 93.87% -> 94.38%      
client [94] (testset)   loss: 0.1852 -> 0.1942  accuracy: 95.82% -> 95.76%      
client [81] (testset)   loss: 0.5287 -> 0.5495  accuracy: 86.94% -> 87.36%      
client [3]  (testset)   loss: 0.2203 -> 0.2254  accuracy: 96.07% -> 95.87%      
client [11] (testset)   loss: 0.3560 -> 0.3337  accuracy: 93.59% -> 93.72%      
client [95] (testset)   loss: 0.2481 -> 0.2440  accuracy: 95.32% -> 95.22%      
client [67] (testset)   loss: 0.3282 -> 0.4019  accuracy: 91.36% -> 92.10%      
---------------------------- TRAINING EPOCH: 180 ----------------------------   
client [21] (testset)   loss: 0.2537 -> 0.2630  accuracy: 93.86% -> 94.11%      
client [79] (testset)   loss: 0.6257 -> 0.6063  accuracy: 88.63% -> 88.32%      
client [58] (testset)   loss: 0.1630 -> 0.1646  accuracy: 97.59% -> 97.71%      
client [88] (testset)   loss: 0.3400 -> 0.3552  accuracy: 89.93% -> 90.65%      
client [46] (testset)   loss: 0.1469 -> 0.1489  accuracy: 97.31% -> 97.19%      
client [11] (testset)   loss: 0.3325 -> 0.3426  accuracy: 93.52% -> 93.52%      
client [55] (testset)   loss: 0.4187 -> 0.4126  accuracy: 90.73% -> 90.73%      
client [13] (testset)   loss: 0.2494 -> 0.2496  accuracy: 96.00% -> 96.44%      
client [31] (testset)   loss: 0.3797 -> 0.3752  accuracy: 92.65% -> 93.07%      
client [75] (testset)   loss: 0.5247 -> 0.5363  accuracy: 90.82% -> 90.82%      
---------------------------- TRAINING EPOCH: 190 ----------------------------   
client [19] (testset)   loss: 0.3332 -> 0.3370  accuracy: 94.57% -> 94.22%      
client [7]  (testset)   loss: 0.3363 -> 0.3477  accuracy: 93.15% -> 92.50%      
client [57] (testset)   loss: 0.1667 -> 0.1632  accuracy: 96.14% -> 96.35%      
client [13] (testset)   loss: 0.2512 -> 0.2540  accuracy: 96.25% -> 96.19%      
client [43] (testset)   loss: 0.4968 -> 0.4246  accuracy: 90.04% -> 88.93%      
client [91] (testset)   loss: 0.1702 -> 0.1795  accuracy: 96.96% -> 96.63%      
client [10] (testset)   loss: 0.3850 -> 0.3765  accuracy: 88.11% -> 88.53%      
client [64] (testset)   loss: 0.6398 -> 0.6413  accuracy: 86.72% -> 86.53%      
client [82] (testset)   loss: 0.5078 -> 0.5870  accuracy: 80.65% -> 80.43%      
client [22] (testset)   loss: 0.3152 -> 0.3268  accuracy: 92.86% -> 92.76%      
---------------------------- TRAINING EPOCH: 200 ----------------------------   
client [20] (testset)   loss: 0.3460 -> 0.3547  accuracy: 92.18% -> 91.96%      
client [23] (testset)   loss: 0.4613 -> 0.4607  accuracy: 82.51% -> 83.89%      
client [88] (testset)   loss: 0.3529 -> 0.3650  accuracy: 90.86% -> 90.86%      
client [98] (testset)   loss: 0.2544 -> 0.2531  accuracy: 95.59% -> 95.64%      
client [79] (testset)   loss: 0.6691 -> 0.6878  accuracy: 88.42% -> 88.74%      
client [21] (testset)   loss: 0.2963 -> 0.2554  accuracy: 93.46% -> 94.22%      
client [92] (testset)   loss: 0.4186 -> 0.4465  accuracy: 92.05% -> 92.58%      
client [56] (testset)   loss: 0.2234 -> 0.2243  accuracy: 96.47% -> 96.40%      
client [5]  (testset)   loss: 0.2901 -> 0.2917  accuracy: 93.93% -> 94.01%      
client [52] (testset)   loss: 0.7293 -> 0.7393  accuracy: 85.14% -> 85.14%      
---------------------------- TRAINING EPOCH: 210 ----------------------------   
client [67] (testset)   loss: 0.3981 -> 1.2461  accuracy: 91.73% -> 82.90%      
client [54] (testset)   loss: 0.3719 -> 0.3825  accuracy: 92.66% -> 92.29%      
client [14] (testset)   loss: 0.4098 -> 0.4202  accuracy: 92.87% -> 93.05%      
client [99] (testset)   loss: 0.2642 -> 0.2775  accuracy: 95.12% -> 95.24%      
client [36] (testset)   loss: 0.2638 -> 0.2735  accuracy: 95.36% -> 95.18%      
client [30] (testset)   loss: 0.5035 -> 0.5157  accuracy: 90.44% -> 91.05%      
client [38] (testset)   loss: 0.4160 -> 0.4247  accuracy: 92.82% -> 92.92%      
client [15] (testset)   loss: 0.2829 -> 0.2997  accuracy: 92.17% -> 91.82%      
client [6]  (testset)   loss: 0.3995 -> 0.4233  accuracy: 93.33% -> 93.19%      
client [53] (testset)   loss: 0.2596 -> 0.2651  accuracy: 96.00% -> 96.10%      
---------------------------- TRAINING EPOCH: 220 ----------------------------   
client [99] (testset)   loss: 0.2902 -> 0.2792  accuracy: 95.18% -> 94.95%      
client [6]  (testset)   loss: 0.4212 -> 0.4183  accuracy: 93.40% -> 93.47%      
client [83] (testset)   loss: 0.3552 -> 0.3549  accuracy: 94.30% -> 94.34%      
client [42] (testset)   loss: 0.3864 -> 0.4063  accuracy: 92.13% -> 92.07%      
client [34] (testset)   loss: 0.2358 -> 0.2378  accuracy: 95.49% -> 95.58%      
client [15] (testset)   loss: 0.2932 -> 0.3121  accuracy: 91.66% -> 91.50%      
client [47] (testset)   loss: 0.5273 -> 0.4901  accuracy: 89.40% -> 91.28%      
client [55] (testset)   loss: 0.4664 -> 0.4415  accuracy: 86.97% -> 90.67%      
client [51] (testset)   loss: 0.3865 -> 0.3880  accuracy: 93.24% -> 92.51%      
client [95] (testset)   loss: 0.2523 -> 0.2545  accuracy: 95.27% -> 95.36%      
---------------------------- TRAINING EPOCH: 230 ----------------------------   
client [71] (testset)   loss: 0.1697 -> 0.1642  accuracy: 96.84% -> 96.74%      
client [15] (testset)   loss: 0.3119 -> 0.3234  accuracy: 91.50% -> 91.93%      
client [33] (testset)   loss: 0.1905 -> 0.1992  accuracy: 96.77% -> 96.86%      
client [99] (testset)   loss: 0.2948 -> 0.2865  accuracy: 93.68% -> 95.06%      
client [90] (testset)   loss: 0.4451 -> 0.4320  accuracy: 91.14% -> 91.26%      
client [57] (testset)   loss: 0.1737 -> 0.1767  accuracy: 96.24% -> 96.24%      
client [27] (testset)   loss: 0.2375 -> 0.2364  accuracy: 95.16% -> 95.16%      
client [78] (testset)   loss: 0.3595 -> 0.3973  accuracy: 90.85% -> 90.92%      
client [36] (testset)   loss: 0.2732 -> 0.2725  accuracy: 94.72% -> 95.64%      
client [88] (testset)   loss: 0.4054 -> 0.4003  accuracy: 89.06% -> 90.43%      
---------------------------- TRAINING EPOCH: 240 ----------------------------   
client [70] (testset)   loss: 0.6642 -> 0.6801  accuracy: 87.93% -> 88.19%      
client [35] (testset)   loss: 0.2067 -> 0.2061  accuracy: 96.88% -> 96.88%      
client [16] (testset)   loss: 0.4515 -> 0.4510  accuracy: 90.43% -> 91.48%      
client [80] (testset)   loss: 0.2500 -> 0.2539  accuracy: 95.67% -> 95.76%      
client [38] (testset)   loss: 0.4315 -> 0.4396  accuracy: 93.23% -> 93.23%      
client [78] (testset)   loss: 0.4294 -> 0.4269  accuracy: 89.60% -> 91.16%      
client [68] (testset)   loss: 0.5168 -> 0.4489  accuracy: 89.63% -> 92.06%      
client [11] (testset)   loss: 0.3615 -> 0.3679  accuracy: 93.86% -> 93.59%      
client [64] (testset)   loss: 0.7032 -> 0.7066  accuracy: 87.10% -> 87.29%      
client [82] (testset)   loss: 0.6310 -> 0.6594  accuracy: 80.65% -> 80.17%      
---------------------------- TRAINING EPOCH: 250 ----------------------------   
client [30] (testset)   loss: 0.5492 -> 0.5709  accuracy: 91.30% -> 91.24%      
client [27] (testset)   loss: 0.2323 -> 0.2382  accuracy: 95.20% -> 95.20%      
client [74] (testset)   loss: 0.3612 -> 0.3488  accuracy: 93.44% -> 94.05%      
client [45] (testset)   loss: 0.6055 -> 0.6555  accuracy: 86.47% -> 85.75%      
client [6]  (testset)   loss: 0.4247 -> 0.4231  accuracy: 93.54% -> 93.40%      
client [36] (testset)   loss: 0.2864 -> 0.2844  accuracy: 94.67% -> 95.36%      
client [63] (testset)   loss: 0.2285 -> 0.2272  accuracy: 96.18% -> 96.24%      
client [76] (testset)   loss: 0.3292 -> 0.3354  accuracy: 93.18% -> 93.11%      
client [83] (testset)   loss: 0.3718 -> 0.3766  accuracy: 94.11% -> 94.11%      
client [86] (testset)   loss: 0.8123 -> 0.8250  accuracy: 88.59% -> 88.27%      
---------------------------- TRAINING EPOCH: 260 ----------------------------   
client [83] (testset)   loss: 0.3766 -> 0.3794  accuracy: 94.11% -> 94.07%      
client [99] (testset)   loss: 0.2963 -> 0.3051  accuracy: 95.09% -> 95.00%      
client [74] (testset)   loss: 0.3520 -> 0.3564  accuracy: 94.10% -> 94.05%      
client [73] (testset)   loss: 0.4846 -> 0.5071  accuracy: 90.84% -> 90.97%      
client [29] (testset)   loss: 0.3191 -> 0.3173  accuracy: 92.27% -> 92.12%      
client [92] (testset)   loss: 0.4841 -> 0.4651  accuracy: 92.30% -> 92.88%      
client [6]  (testset)   loss: 0.4353 -> 0.4433  accuracy: 93.33% -> 93.40%      
client [61] (testset)   loss: 0.6418 -> 0.6554  accuracy: 86.34% -> 86.15%      
client [21] (testset)   loss: 0.2801 -> 0.2911  accuracy: 93.64% -> 93.46%      
client [67] (testset)   loss: 0.3860 -> 0.4421  accuracy: 91.73% -> 91.54%      
---------------------------- TRAINING EPOCH: 270 ----------------------------   
client [83] (testset)   loss: 0.3777 -> 0.3862  accuracy: 94.02% -> 94.02%      
client [32] (testset)   loss: 0.3643 -> 0.3634  accuracy: 92.56% -> 92.79%      
client [95] (testset)   loss: 0.2582 -> 0.2570  accuracy: 95.32% -> 95.32%      
client [61] (testset)   loss: 0.8237 -> 0.8099  accuracy: 85.27% -> 85.54%      
client [27] (testset)   loss: 0.2372 -> 0.2412  accuracy: 95.33% -> 95.29%      
client [25] (testset)   loss: 0.2369 -> 0.2578  accuracy: 93.96% -> 94.40%      
client [68] (testset)   loss: 0.4624 -> 0.4748  accuracy: 91.85% -> 91.85%      
client [34] (testset)   loss: 0.2464 -> 0.2479  accuracy: 95.53% -> 95.44%      
client [71] (testset)   loss: 0.1819 -> 0.1841  accuracy: 96.82% -> 96.74%      
client [89] (testset)   loss: 0.5941 -> 0.6178  accuracy: 88.02% -> 88.10%      
---------------------------- TRAINING EPOCH: 280 ----------------------------   
client [78] (testset)   loss: 0.4769 -> 0.4822  accuracy: 91.39% -> 91.16%      
client [81] (testset)   loss: 0.7037 -> 0.7351  accuracy: 87.36% -> 86.98%      
client [51] (testset)   loss: 0.4203 -> 0.4450  accuracy: 92.81% -> 92.93%      
client [54] (testset)   loss: 0.3813 -> 0.3811  accuracy: 92.66% -> 92.41%      
client [65] (testset)   loss: 0.5351 -> 0.5703  accuracy: 88.70% -> 89.60%      
client [41] (testset)   loss: 0.5521 -> 0.5597  accuracy: 91.16% -> 91.22%      
client [11] (testset)   loss: 0.3763 -> 0.3778  accuracy: 93.72% -> 93.72%      
client [85] (testset)   loss: 0.4774 -> 0.4975  accuracy: 93.36% -> 93.45%      
client [12] (testset)   loss: 0.6523 -> 0.6597  accuracy: 92.15% -> 92.28%      
client [23] (testset)   loss: 0.5700 -> 0.6015  accuracy: 83.05% -> 83.26%      
---------------------------- TRAINING EPOCH: 290 ----------------------------   
client [16] (testset)   loss: 0.4854 -> 0.4898  accuracy: 91.65% -> 91.73%      
client [65] (testset)   loss: 0.6039 -> 0.6235  accuracy: 89.53% -> 89.74%      
client [53] (testset)   loss: 0.2766 -> 0.2809  accuracy: 96.00% -> 96.15%      
client [58] (testset)   loss: 0.1784 -> 0.1768  accuracy: 97.51% -> 97.66%      
client [72] (testset)   loss: 0.8004 -> 0.8019  accuracy: 88.74% -> 89.19%      
client [7]  (testset)   loss: 0.3848 -> 0.3982  accuracy: 93.35% -> 92.17%      
client [71] (testset)   loss: 0.1889 -> 0.1849  accuracy: 96.65% -> 96.90%      
client [59] (testset)   loss: 0.4797 -> 0.4899  accuracy: 90.09% -> 90.36%      
client [86] (testset)   loss: 0.8439 -> 0.8468  accuracy: 88.38% -> 88.27%      
client [39] (testset)   loss: 0.2929 -> 0.3044  accuracy: 95.04% -> 95.22%      
---------------------------- TRAINING EPOCH: 300 ----------------------------   
client [99] (testset)   loss: 0.3227 -> 0.3202  accuracy: 94.80% -> 94.74%      
client [7]  (testset)   loss: 0.3864 -> 0.3878  accuracy: 93.22% -> 93.28%      
client [17] (testset)   loss: 0.5404 -> 0.5622  accuracy: 90.87% -> 91.29%      
client [64] (testset)   loss: 0.7856 -> 0.8305  accuracy: 86.91% -> 84.82%      
client [37] (testset)   loss: 0.4728 -> 0.4619  accuracy: 90.91% -> 90.98%      
client [29] (testset)   loss: 0.3406 -> 0.3434  accuracy: 91.39% -> 91.70%      
client [93] (testset)   loss: 0.3411 -> 0.3476  accuracy: 94.35% -> 94.28%      
client [73] (testset)   loss: 0.5295 -> 0.5276  accuracy: 90.78% -> 91.03%      
client [40] (testset)   loss: 0.3678 -> 0.3681  accuracy: 94.91% -> 94.84%      
client [76] (testset)   loss: 0.3395 -> 0.3424  accuracy: 93.48% -> 93.77%      
---------------------------- TRAINING EPOCH: 310 ----------------------------   
client [31] (testset)   loss: 0.4441 -> 0.4457  accuracy: 92.90% -> 92.86%      
client [89] (testset)   loss: 0.6205 -> 0.6696  accuracy: 88.94% -> 88.72%      
client [77] (testset)   loss: 0.4023 -> 0.4040  accuracy: 94.11% -> 94.24%      
client [90] (testset)   loss: 0.5336 -> 0.5403  accuracy: 90.85% -> 90.93%      
client [26] (testset)   loss: 0.3808 -> 0.3747  accuracy: 92.71% -> 92.97%      
client [50] (testset)   loss: 0.1479 -> 0.1463  accuracy: 97.26% -> 97.07%      
client [30] (testset)   loss: 0.5670 -> 0.5717  accuracy: 91.05% -> 90.99%      
client [70] (testset)   loss: 0.6919 -> 0.7124  accuracy: 88.19% -> 88.19%      
client [41] (testset)   loss: 0.5632 -> 0.5742  accuracy: 90.85% -> 91.35%      
client [99] (testset)   loss: 0.3181 -> 0.3265  accuracy: 94.80% -> 94.98%      
---------------------------- TRAINING EPOCH: 320 ----------------------------   
client [68] (testset)   loss: 0.5212 -> 0.5148  accuracy: 91.75% -> 92.06%      
client [70] (testset)   loss: 0.7345 -> 0.7254  accuracy: 88.19% -> 88.45%      
client [52] (testset)   loss: 0.8576 -> 0.8700  accuracy: 85.47% -> 85.81%      
client [1]  (testset)   loss: 0.3913 -> 0.3993  accuracy: 92.69% -> 92.97%      
client [2]  (testset)   loss: 0.2269 -> 0.2220  accuracy: 96.06% -> 95.96%      
client [67] (testset)   loss: 0.4146 -> 0.4154  accuracy: 91.54% -> 91.36%      
client [92] (testset)   loss: 0.5828 -> 0.5846  accuracy: 92.35% -> 92.43%      
client [35] (testset)   loss: 0.2136 -> 0.2164  accuracy: 96.83% -> 96.74%      
client [36] (testset)   loss: 0.2935 -> 0.2971  accuracy: 95.36% -> 95.30%      
client [64] (testset)   loss: 0.8284 -> 0.8307  accuracy: 85.96% -> 85.77%      
---------------------------- TRAINING EPOCH: 330 ----------------------------   
client [44] (testset)   loss: 0.6014 -> 0.6047  accuracy: 89.26% -> 89.47%      
client [6]  (testset)   loss: 0.4438 -> 0.4487  accuracy: 93.47% -> 93.61%      
client [12] (testset)   loss: 0.6742 -> 0.6776  accuracy: 92.15% -> 91.91%      
client [55] (testset)   loss: 0.4748 -> 0.4822  accuracy: 88.54% -> 90.39%      
client [29] (testset)   loss: 0.3589 -> 0.3755  accuracy: 92.12% -> 91.96%      
client [9]  (testset)   loss: 0.3435 -> 0.3465  accuracy: 94.18% -> 94.25%      
client [43] (testset)   loss: 0.5797 -> 0.7223  accuracy: 89.42% -> 82.78%      
client [77] (testset)   loss: 0.4045 -> 0.4070  accuracy: 94.24% -> 94.17%      
client [98] (testset)   loss: 0.2845 -> 0.2854  accuracy: 95.39% -> 95.44%      
client [78] (testset)   loss: 0.4974 -> 0.5089  accuracy: 91.39% -> 91.31%      
---------------------------- TRAINING EPOCH: 340 ----------------------------   
client [92] (testset)   loss: 0.5952 -> 0.5938  accuracy: 92.45% -> 92.45%      
client [80] (testset)   loss: 0.2707 -> 0.2691  accuracy: 95.76% -> 95.76%      
client [63] (testset)   loss: 0.2672 -> 0.3144  accuracy: 96.01% -> 96.27%      
client [76] (testset)   loss: 0.3457 -> 0.3489  accuracy: 93.26% -> 93.26%      
client [78] (testset)   loss: 0.5144 -> 0.4968  accuracy: 91.23% -> 90.92%      
client [25] (testset)   loss: 0.2437 -> 0.2696  accuracy: 95.17% -> 94.18%      
client [58] (testset)   loss: 0.1776 -> 0.1755  accuracy: 97.64% -> 97.54%      
client [13] (testset)   loss: 0.2651 -> 0.2698  accuracy: 96.25% -> 96.44%      
client [17] (testset)   loss: 0.6608 -> 0.6568  accuracy: 91.48% -> 90.76%      
client [38] (testset)   loss: 0.4815 -> 0.4881  accuracy: 93.13% -> 92.92%      
---------------------------- TRAINING EPOCH: 350 ----------------------------   
client [72] (testset)   loss: 0.9030 -> 0.8874  accuracy: 89.64% -> 88.89%      
client [82] (testset)   loss: 0.9556 -> 1.0292  accuracy: 77.82% -> 78.30%      
client [86] (testset)   loss: 0.8883 -> 0.8858  accuracy: 87.96% -> 88.06%      
client [51] (testset)   loss: 0.4900 -> 0.5208  accuracy: 93.06% -> 92.93%      
client [96] (testset)   loss: 0.4189 -> 0.4214  accuracy: 94.90% -> 94.90%      
client [42] (testset)   loss: 0.4853 -> 0.4860  accuracy: 91.88% -> 91.94%      
client [55] (testset)   loss: 0.5321 -> 0.5770  accuracy: 90.21% -> 90.56%      
client [13] (testset)   loss: 0.2686 -> 0.2704  accuracy: 96.38% -> 96.38%      
client [1]  (testset)   loss: 0.4091 -> 0.4129  accuracy: 93.02% -> 92.83%      
client [12] (testset)   loss: 0.6778 -> 0.6898  accuracy: 91.78% -> 91.78%      
---------------------------- TRAINING EPOCH: 360 ----------------------------   
client [68] (testset)   loss: 0.5371 -> 0.5326  accuracy: 91.64% -> 91.75%      
client [23] (testset)   loss: 0.7062 -> 0.7384  accuracy: 81.96% -> 82.10%      
client [46] (testset)   loss: 0.1952 -> 0.1958  accuracy: 97.19% -> 97.27%      
client [41] (testset)   loss: 0.5945 -> 0.5959  accuracy: 91.10% -> 91.16%      
client [25] (testset)   loss: 0.2835 -> 0.2600  accuracy: 93.74% -> 94.84%      
client [58] (testset)   loss: 0.1804 -> 0.1797  accuracy: 97.59% -> 97.64%      
client [14] (testset)   loss: 0.4548 -> 0.4714  accuracy: 92.63% -> 92.75%      
client [33] (testset)   loss: 0.2154 -> 0.2163  accuracy: 96.54% -> 96.72%      
client [85] (testset)   loss: 0.5411 -> 0.5505  accuracy: 93.10% -> 93.21%      
client [62] (testset)   loss: 0.4027 -> 0.4072  accuracy: 93.82% -> 93.87%      
---------------------------- TRAINING EPOCH: 370 ----------------------------   
client [98] (testset)   loss: 0.2953 -> 0.2925  accuracy: 95.39% -> 95.33%      
client [63] (testset)   loss: 0.3006 -> 0.3090  accuracy: 96.24% -> 96.13%      
client [70] (testset)   loss: 0.7533 -> 0.7572  accuracy: 88.58% -> 88.58%      
client [65] (testset)   loss: 0.6503 -> 0.6797  accuracy: 89.53% -> 89.74%      
client [14] (testset)   loss: 0.4846 -> 0.4838  accuracy: 92.99% -> 92.87%      
client [73] (testset)   loss: 0.5525 -> 0.5589  accuracy: 90.35% -> 90.66%      
client [34] (testset)   loss: 0.2713 -> 0.2681  accuracy: 95.39% -> 95.39%      
client [99] (testset)   loss: 0.3456 -> 0.3515  accuracy: 94.86% -> 94.86%      
client [69] (testset)   loss: 0.5842 -> 0.5928  accuracy: 90.55% -> 90.78%      
client [46] (testset)   loss: 0.1958 -> 0.1957  accuracy: 97.27% -> 97.19%      
---------------------------- TRAINING EPOCH: 380 ----------------------------   
client [99] (testset)   loss: 0.3578 -> 0.3583  accuracy: 95.03% -> 93.73%      
client [93] (testset)   loss: 0.3562 -> 0.3594  accuracy: 94.31% -> 94.38%      
client [11] (testset)   loss: 0.3978 -> 0.4004  accuracy: 93.66% -> 93.66%      
client [58] (testset)   loss: 0.1801 -> 0.1823  accuracy: 97.66% -> 97.64%      
client [81] (testset)   loss: 0.8074 -> 0.8525  accuracy: 86.52% -> 86.80%      
client [85] (testset)   loss: 0.5503 -> 0.5589  accuracy: 93.19% -> 93.26%      
client [89] (testset)   loss: 0.7749 -> 0.7958  accuracy: 87.62% -> 88.24%      
client [45] (testset)   loss: 0.7479 -> 0.7566  accuracy: 85.75% -> 86.11%      
client [8]  (testset)   loss: 0.5538 -> 0.5754  accuracy: 91.02% -> 90.60%      
client [68] (testset)   loss: 0.5375 -> 0.5427  accuracy: 91.75% -> 91.64%      
---------------------------- TRAINING EPOCH: 390 ----------------------------   
client [67] (testset)   loss: 0.4426 -> 0.4509  accuracy: 91.18% -> 91.36%      
client [72] (testset)   loss: 0.8974 -> 0.9192  accuracy: 89.04% -> 88.89%      
client [1]  (testset)   loss: 0.4152 -> 0.4229  accuracy: 92.97% -> 92.73%      
client [78] (testset)   loss: 0.5304 -> 0.5399  accuracy: 91.31% -> 91.62%      
client [83] (testset)   loss: 0.4534 -> 0.4965  accuracy: 93.89% -> 93.84%      
client [21] (testset)   loss: 3.1874 -> 0.3291  accuracy: 75.69% -> 93.79%      
client [56] (testset)   loss: 0.2433 -> 0.2452  accuracy: 96.40% -> 96.47%      
client [44] (testset)   loss: 0.6371 -> 0.6476  accuracy: 89.47% -> 89.36%      
client [92] (testset)   loss: 0.6054 -> 0.6068  accuracy: 92.50% -> 92.48%      
client [27] (testset)   loss: 0.2695 -> 0.2712  accuracy: 95.20% -> 95.16%      
---------------------------- TRAINING EPOCH: 400 ----------------------------   
client [10] (testset)   loss: 0.4859 -> 0.5083  accuracy: 87.13% -> 87.83%      
client [39] (testset)   loss: 0.3108 -> 0.3115  accuracy: 95.04% -> 94.98%      
client [65] (testset)   loss: 0.7200 -> 0.7128  accuracy: 89.74% -> 89.81%      
client [26] (testset)   loss: 0.5086 -> 0.4672  accuracy: 92.97% -> 91.92%      
client [19] (testset)   loss: 0.4078 -> 0.4104  accuracy: 94.41% -> 94.53%      
client [68] (testset)   loss: 0.4131 -> 0.4493  accuracy: 91.85% -> 92.17%      
client [41] (testset)   loss: 0.6080 -> 0.6135  accuracy: 91.29% -> 91.29%      
client [50] (testset)   loss: 0.1684 -> 0.1632  accuracy: 97.32% -> 97.44%      
client [75] (testset)   loss: 0.6063 -> 0.6127  accuracy: 91.06% -> 90.94%      
client [81] (testset)   loss: 0.8873 -> 0.9063  accuracy: 85.79% -> 86.63%      
Training... ━━━━━━━━━━━━━━━━━━━━━━━━━━━━━━━━━━━━━━━━ 100% 3:17:39
FedDpa's average time taken by each global epoch: 0 min 27.80 sec.              
FedDpa's total running time: 3 h 17 m 39 s.                                     
==================== FedDpa Experiment Results: ====================            
Display format: (before local fine-tuning) -> (after local fine-tuning)         
 So if finetune_epoch = 0, x.xx% -> 0.00% is normal.                            
 Centralized testing ONLY happens after model aggregation, so the stats between 
'->' are the same.                                                              
{                                                                               
    "100": {                                                                    
        "all_clients": {                                                        
            "test": {                                                           
                "loss": "0.2797 -> 0.0000",                                     
                "accuracy": "92.78% -> 0.00%"                                   
            }                                                                   
        }                                                                       
    },                                                                          
    "200": {                                                                    
        "all_clients": {                                                        
            "test": {                                                           
                "loss": "0.3305 -> 0.0000",                                     
                "accuracy": "93.16% -> 0.00%"                                   
            }                                                                   
        }                                                                       
    },                                                                          
    "300": {                                                                    
        "all_clients": {                                                        
            "test": {                                                           
                "loss": "0.3919 -> 0.0000",                                     
                "accuracy": "92.93% -> 0.00%"                                   
            }                                                                   
        }                                                                       
    },                                                                          
    "400": {                                                                    
        "all_clients": {                                                        
            "test": {                                                           
                "loss": "0.4435 -> 0.0000",                                     
                "accuracy": "92.97% -> 0.00%"                                   
            }                                                                   
        }                                                                       
    }                                                                           
}                                                                               
==================== FedDpa Max Accuracy ====================                   
all_clients:                                                                    
(test) before fine-tuning: 93.16% at epoch 200                                  
(test) after fine-tuning: 0.00% at epoch 100                                    
