==================== PSFL ====================                                  
Experiment Arguments:                                                           
{
│   'method': 'psfl',
│   'dataset': {
│   │   'name': 'fmnist',
│   │   'client_num': 100,
│   │   'test_ratio': 0.25,
│   │   'val_ratio': 0.0,
│   │   'seed': 42,
│   │   'split': 'sample',
│   │   'IID_ratio': 0.0,
│   │   'monitor_window_name_suffix': 'fmnist-100clients-0%IID-Dir(0.1)-seed42',
│   │   'alpha': 0.1,
│   │   'min_samples_per_client': 10
│   },
│   'model': {
│   │   'name': 'avgcnn',
│   │   'use_torchvision_pretrained_weights': True,
│   │   'external_model_weights_path': None
│   },
│   'optimizer': {
│   │   'lr': 0.01,
│   │   'dampening': 0,
│   │   'weight_decay': 0,
│   │   'momentum': 0,
│   │   'nesterov': False,
│   │   'name': 'sgd'
│   },
│   'mode': 'sequential',
│   'parallel': {
│   │   'ray_cluster_addr': None,
│   │   'num_cpus': None,
│   │   'num_gpus': None,
│   │   'num_workers': 2
│   },
│   'common': {
│   │   'seed': 42,
│   │   'join_ratio': 0.1,
│   │   'global_epoch': 400,
│   │   'local_epoch': 5,
│   │   'batch_size': 32,
│   │   'reset_optimizer_on_global_epoch': True,
│   │   'straggler_ratio': 0,
│   │   'straggler_min_local_epoch': 0,
│   │   'buffers': 'global',
│   │   'client_side_evaluation': True,
│   │   'test': {
│   │   │   'client': {
│   │   │   │   'interval': 100,
│   │   │   │   'finetune_epoch': 0,
│   │   │   │   'train': False,
│   │   │   │   'val': False,
│   │   │   │   'test': True
│   │   │   },
│   │   │   'server': {
│   │   │   │   'interval': -1,
│   │   │   │   'train': False,
│   │   │   │   'val': False,
│   │   │   │   'test': False,
│   │   │   │   'model_in_train_mode': False
│   │   │   }
│   │   },
│   │   'verbose_gap': 10,
│   │   'monitor': None,
│   │   'use_cuda': True,
│   │   'save_log': True,
│   │   'save_model': False,
│   │   'save_learning_curve_plot': False,
│   │   'save_metrics': True,
│   │   'delete_useless_run': True
│   },
│   'psfl': {
│   │   'alpha': 0.0,
│   │   'CLS': False,
│   │   'ig_ratio': 0.9997,
│   │   'track': False,
│   │   'score': 'obp'
│   }
}
---------------------------- TRAINING EPOCH: 10 ----------------------------    
client [77] (testset)   loss: 0.1730 -> 0.0405  accuracy: 92.75% -> 98.45%      
client [81] (testset)   loss: 0.1894 -> 0.0238  accuracy: 94.44% -> 100.00%     
client [21] (testset)   loss: 0.3823 -> 0.1996  accuracy: 85.71% -> 93.79%      
client [68] (testset)   loss: 0.2809 -> 0.1604  accuracy: 85.45% -> 94.55%      
client [93] (testset)   loss: 1.1500 -> 0.0164  accuracy: 44.07% -> 100.00%     
client [31] (testset)   loss: 0.6952 -> 0.2107  accuracy: 75.38% -> 90.77%      
client [20] (testset)   loss: 0.1000 -> 0.0450  accuracy: 96.51% -> 98.39%      
client [59] (testset)   loss: 0.5754 -> 0.3577  accuracy: 87.59% -> 89.78%      
client [48] (testset)   loss: 0.0978 -> 0.0062  accuracy: 97.47% -> 100.00%     
client [34] (testset)   loss: 0.2826 -> 0.2263  accuracy: 88.46% -> 96.15%      
---------------------------- TRAINING EPOCH: 20 ----------------------------    
client [69] (testset)   loss: 0.2950 -> 0.1243  accuracy: 88.27% -> 95.68%      
client [99] (testset)   loss: 1.0108 -> 0.0563  accuracy: 63.95% -> 98.42%      
client [67] (testset)   loss: 0.9390 -> 0.1286  accuracy: 58.42% -> 96.56%      
client [0]  (testset)   loss: 0.6403 -> 0.2971  accuracy: 79.59% -> 87.76%      
client [76] (testset)   loss: 0.5821 -> 0.1879  accuracy: 86.67% -> 86.67%      
client [41] (testset)   loss: 0.3210 -> 0.2327  accuracy: 92.74% -> 91.94%      
client [62] (testset)   loss: 0.4697 -> 0.3056  accuracy: 85.00% -> 95.00%      
client [2]  (testset)   loss: 1.4975 -> 0.0096  accuracy: 50.33% -> 99.56%      
client [14] (testset)   loss: 0.7593 -> 0.3582  accuracy: 79.05% -> 87.38%      
client [46] (testset)   loss: 0.4511 -> 0.2449  accuracy: 87.50% -> 90.62%      
---------------------------- TRAINING EPOCH: 30 ----------------------------    
client [24] (testset)   loss: 0.4824 -> 0.3062  accuracy: 86.29% -> 89.14%      
client [68] (testset)   loss: 0.6395 -> 0.1053  accuracy: 74.55% -> 95.45%      
client [57] (testset)   loss: 0.0974 -> 0.0260  accuracy: 96.35% -> 99.64%      
client [17] (testset)   loss: 0.7440 -> 0.1209  accuracy: 67.38% -> 95.72%      
client [54] (testset)   loss: 0.4417 -> 0.1808  accuracy: 83.12% -> 93.51%      
client [23] (testset)   loss: 0.3958 -> 0.0900  accuracy: 83.84% -> 96.97%      
client [35] (testset)   loss: 0.0411 -> 0.0202  accuracy: 98.65% -> 98.65%      
client [59] (testset)   loss: 0.4224 -> 0.2936  accuracy: 88.32% -> 90.51%      
client [31] (testset)   loss: 0.2822 -> 0.1538  accuracy: 90.77% -> 92.31%      
client [9]  (testset)   loss: 0.2793 -> 0.1017  accuracy: 92.01% -> 96.53%      
---------------------------- TRAINING EPOCH: 40 ----------------------------    
client [64] (testset)   loss: 0.1944 -> 0.1255  accuracy: 93.98% -> 94.74%      
client [33] (testset)   loss: 0.1631 -> 0.0345  accuracy: 96.49% -> 98.25%      
client [16] (testset)   loss: 0.0458 -> 0.0213  accuracy: 98.33% -> 99.17%      
client [44] (testset)   loss: 0.1749 -> 0.0320  accuracy: 93.40% -> 99.06%      
client [8]  (testset)   loss: 0.4876 -> 0.1795  accuracy: 84.23% -> 93.15%      
client [31] (testset)   loss: 0.1176 -> 0.1732  accuracy: 95.38% -> 92.31%      
client [47] (testset)   loss: 0.1786 -> 0.0886  accuracy: 93.48% -> 96.74%      
client [36] (testset)   loss: 0.4867 -> 0.1481  accuracy: 81.44% -> 95.07%      
client [20] (testset)   loss: 0.0603 -> 0.0308  accuracy: 97.58% -> 98.92%      
client [56] (testset)   loss: 0.4530 -> 0.3699  accuracy: 82.35% -> 84.03%      
---------------------------- TRAINING EPOCH: 50 ----------------------------    
client [4]  (testset)   loss: 0.0892 -> 0.0729  accuracy: 97.69% -> 98.46%      
client [60] (testset)   loss: 0.5066 -> 0.1285  accuracy: 83.03% -> 96.68%      
client [28] (testset)   loss: 0.0033 -> 0.0031  accuracy: 100.00% -> 100.00%    
client [25] (testset)   loss: 0.0683 -> 0.0284  accuracy: 98.08% -> 99.04%      
client [58] (testset)   loss: 0.0620 -> 0.0429  accuracy: 97.96% -> 99.49%      
client [44] (testset)   loss: 0.2287 -> 0.0655  accuracy: 92.45% -> 98.11%      
client [39] (testset)   loss: 0.1887 -> 0.0069  accuracy: 93.33% -> 100.00%     
client [29] (testset)   loss: 0.1675 -> 0.2479  accuracy: 92.41% -> 88.61%      
client [3]  (testset)   loss: 0.3512 -> 0.1168  accuracy: 87.94% -> 96.11%      
client [84] (testset)   loss: 0.1261 -> 0.0039  accuracy: 93.83% -> 100.00%     
---------------------------- TRAINING EPOCH: 60 ----------------------------    
client [21] (testset)   loss: 0.2782 -> 0.1489  accuracy: 87.58% -> 95.65%      
client [84] (testset)   loss: 0.0249 -> 0.0028  accuracy: 98.77% -> 100.00%     
client [10] (testset)   loss: 0.0741 -> 0.0125  accuracy: 97.06% -> 100.00%     
client [36] (testset)   loss: 0.1616 -> 0.1300  accuracy: 95.73% -> 95.57%      
client [65] (testset)   loss: 0.4461 -> 0.2367  accuracy: 90.62% -> 93.75%      
client [81] (testset)   loss: 0.0150 -> 0.1218  accuracy: 100.00% -> 94.44%     
client [79] (testset)   loss: 0.1688 -> 0.1843  accuracy: 93.60% -> 90.64%      
client [42] (testset)   loss: 0.0860 -> 0.0499  accuracy: 96.73% -> 98.91%      
client [11] (testset)   loss: 0.4058 -> 0.3223  accuracy: 86.10% -> 87.89%      
client [96] (testset)   loss: 0.2834 -> 0.1563  accuracy: 89.05% -> 94.89%      
---------------------------- TRAINING EPOCH: 70 ----------------------------    
client [8]  (testset)   loss: 0.2496 -> 0.1772  accuracy: 92.26% -> 94.35%      
client [53] (testset)   loss: 0.0299 -> 0.0070  accuracy: 99.40% -> 99.70%      
client [52] (testset)   loss: 0.0882 -> 0.0634  accuracy: 98.31% -> 98.31%      
client [42] (testset)   loss: 0.0805 -> 0.0485  accuracy: 97.45% -> 99.03%      
client [69] (testset)   loss: 0.0819 -> 0.0833  accuracy: 96.91% -> 96.30%      
client [59] (testset)   loss: 0.3101 -> 0.2643  accuracy: 91.97% -> 91.97%      
client [7]  (testset)   loss: 0.0390 -> 0.0249  accuracy: 98.69% -> 99.13%      
client [26] (testset)   loss: 0.0864 -> 0.0441  accuracy: 97.46% -> 98.25%      
client [49] (testset)   loss: 0.0229 -> 0.0222  accuracy: 99.57% -> 99.57%      
client [98] (testset)   loss: 0.4366 -> 1.1773  accuracy: 89.36% -> 61.70%      
---------------------------- TRAINING EPOCH: 80 ----------------------------    
client [98] (testset)   loss: 0.4632 -> 0.4009  accuracy: 85.11% -> 93.62%      
client [47] (testset)   loss: 0.0898 -> 0.0890  accuracy: 96.74% -> 96.74%      
client [21] (testset)   loss: 0.3133 -> 0.1387  accuracy: 90.06% -> 95.65%      
client [77] (testset)   loss: 0.0698 -> 0.0243  accuracy: 97.93% -> 99.48%      
client [95] (testset)   loss: 0.2023 -> 0.1600  accuracy: 92.59% -> 96.30%      
client [91] (testset)   loss: 0.0053 -> 0.0048  accuracy: 100.00% -> 100.00%    
client [14] (testset)   loss: 0.3635 -> 0.2861  accuracy: 88.10% -> 90.00%      
client [99] (testset)   loss: 0.0278 -> 0.0289  accuracy: 99.21% -> 99.21%      
client [20] (testset)   loss: 0.0684 -> 0.0326  accuracy: 98.66% -> 98.92%      
client [39] (testset)   loss: 0.0313 -> 0.0049  accuracy: 100.00% -> 100.00%    
---------------------------- TRAINING EPOCH: 90 ----------------------------    
client [52] (testset)   loss: 0.1048 -> 0.0677  accuracy: 98.31% -> 98.31%      
client [62] (testset)   loss: 0.0640 -> 0.0503  accuracy: 95.00% -> 100.00%     
client [71] (testset)   loss: 0.0649 -> 0.0628  accuracy: 97.83% -> 97.83%      
client [97] (testset)   loss: 0.0473 -> 0.0372  accuracy: 98.70% -> 99.57%      
client [30] (testset)   loss: 0.2571 -> 0.1752  accuracy: 94.23% -> 97.12%      
client [88] (testset)   loss: 0.8085 -> 0.3126  accuracy: 64.63% -> 91.46%      
client [60] (testset)   loss: 0.2124 -> 0.1217  accuracy: 91.88% -> 95.94%      
client [82] (testset)   loss: 0.0558 -> 0.0864  accuracy: 99.32% -> 98.97%      
client [91] (testset)   loss: 0.0088 -> 0.0053  accuracy: 100.00% -> 100.00%    
client [57] (testset)   loss: 0.0472 -> 0.0306  accuracy: 99.27% -> 99.64%      
---------------------------- TRAINING EPOCH: 100 ----------------------------   
client [31] (testset)   loss: 0.2531 -> 0.1596  accuracy: 90.77% -> 95.38%      
client [15] (testset)   loss: 0.1437 -> 0.1480  accuracy: 95.00% -> 95.00%      
client [71] (testset)   loss: 0.0464 -> 0.0510  accuracy: 97.83% -> 97.28%      
client [97] (testset)   loss: 0.0414 -> 0.0324  accuracy: 97.84% -> 99.57%      
client [53] (testset)   loss: 0.0245 -> 0.0097  accuracy: 99.10% -> 99.40%      
client [77] (testset)   loss: 0.0247 -> 0.0124  accuracy: 98.96% -> 99.48%      
client [76] (testset)   loss: 0.4326 -> 0.4430  accuracy: 86.67% -> 86.67%      
client [79] (testset)   loss: 0.1715 -> 0.1477  accuracy: 93.10% -> 94.09%      
client [28] (testset)   loss: 0.0028 -> 0.0005  accuracy: 100.00% -> 100.00%    
client [99] (testset)   loss: 0.0569 -> 0.0301  accuracy: 97.63% -> 99.47%      
---------------------------- TRAINING EPOCH: 110 ----------------------------   
client [97] (testset)   loss: 0.0618 -> 0.0310  accuracy: 98.27% -> 99.13%      
client [86] (testset)   loss: 0.0056 -> 0.0064  accuracy: 100.00% -> 100.00%    
client [34] (testset)   loss: 0.1745 -> 0.0972  accuracy: 92.31% -> 96.15%      
client [73] (testset)   loss: 0.0420 -> 0.0130  accuracy: 97.71% -> 100.00%     
client [5]  (testset)   loss: 0.1159 -> 0.0976  accuracy: 96.67% -> 97.62%      
client [96] (testset)   loss: 0.1779 -> 0.1604  accuracy: 95.62% -> 96.35%      
client [22] (testset)   loss: 0.0130 -> 0.0032  accuracy: 100.00% -> 100.00%    
client [60] (testset)   loss: 0.1414 -> 0.1250  accuracy: 95.94% -> 96.68%      
client [66] (testset)   loss: 0.0944 -> 0.1118  accuracy: 96.41% -> 96.41%      
client [83] (testset)   loss: 0.0231 -> 0.0092  accuracy: 98.73% -> 99.36%      
---------------------------- TRAINING EPOCH: 120 ----------------------------   
client [76] (testset)   loss: 0.5221 -> 0.5636  accuracy: 86.67% -> 86.67%      
client [65] (testset)   loss: 0.4259 -> 0.4257  accuracy: 93.75% -> 93.75%      
client [95] (testset)   loss: 0.3150 -> 0.2227  accuracy: 88.89% -> 94.44%      
client [17] (testset)   loss: 0.2265 -> 0.1573  accuracy: 91.44% -> 91.98%      
client [8]  (testset)   loss: 0.3462 -> 0.1587  accuracy: 88.10% -> 94.05%      
client [35] (testset)   loss: 0.0184 -> 0.0060  accuracy: 98.65% -> 100.00%     
client [98] (testset)   loss: 0.4589 -> 0.4367  accuracy: 85.11% -> 89.36%      
client [53] (testset)   loss: 0.0168 -> 0.0075  accuracy: 99.40% -> 99.70%      
client [43] (testset)   loss: 0.0816 -> 0.0751  accuracy: 96.92% -> 96.92%      
client [64] (testset)   loss: 0.0580 -> 0.0861  accuracy: 97.74% -> 96.99%      
---------------------------- TRAINING EPOCH: 130 ----------------------------   
client [21] (testset)   loss: 0.2313 -> 0.1688  accuracy: 95.03% -> 95.65%      
client [88] (testset)   loss: 0.2568 -> 0.2870  accuracy: 90.24% -> 91.46%      
client [38] (testset)   loss: 0.2661 -> 0.2962  accuracy: 92.21% -> 94.81%      
client [3]  (testset)   loss: 0.1580 -> 0.1138  accuracy: 94.94% -> 96.11%      
client [5]  (testset)   loss: 0.1308 -> 0.1052  accuracy: 95.71% -> 97.62%      
client [41] (testset)   loss: 0.1660 -> 0.1287  accuracy: 94.76% -> 95.56%      
client [7]  (testset)   loss: 0.0500 -> 0.0288  accuracy: 98.69% -> 98.69%      
client [37] (testset)   loss: 0.1745 -> 0.1659  accuracy: 96.74% -> 95.65%      
client [45] (testset)   loss: 0.4282 -> 0.4161  accuracy: 91.89% -> 89.19%      
client [47] (testset)   loss: 0.5260 -> 0.1799  accuracy: 88.48% -> 94.35%      
---------------------------- TRAINING EPOCH: 140 ----------------------------   
client [16] (testset)   loss: 0.0590 -> 0.0073  accuracy: 99.17% -> 100.00%     
client [11] (testset)   loss: 0.2771 -> 0.2846  accuracy: 90.58% -> 90.58%      
client [37] (testset)   loss: 0.1988 -> 0.1877  accuracy: 94.57% -> 95.65%      
client [41] (testset)   loss: 0.1589 -> 0.1347  accuracy: 93.95% -> 95.56%      
client [95] (testset)   loss: 0.2219 -> 0.2168  accuracy: 94.44% -> 94.44%      
client [53] (testset)   loss: 0.0183 -> 0.0054  accuracy: 99.40% -> 99.70%      
client [22] (testset)   loss: 0.0152 -> 0.0101  accuracy: 98.97% -> 98.97%      
client [25] (testset)   loss: 0.0064 -> 0.0045  accuracy: 100.00% -> 100.00%    
client [69] (testset)   loss: 0.0675 -> 0.0776  accuracy: 97.53% -> 96.30%      
client [46] (testset)   loss: 0.1838 -> 0.1501  accuracy: 90.62% -> 91.67%      
---------------------------- TRAINING EPOCH: 150 ----------------------------   
client [47] (testset)   loss: 0.1150 -> 0.1073  accuracy: 96.30% -> 96.30%      
client [69] (testset)   loss: 0.0872 -> 0.0752  accuracy: 97.53% -> 96.91%      
client [82] (testset)   loss: 0.1045 -> 0.1177  accuracy: 98.97% -> 98.97%      
client [45] (testset)   loss: 0.5574 -> 0.5227  accuracy: 89.19% -> 89.19%      
client [7]  (testset)   loss: 0.0280 -> 0.0256  accuracy: 98.25% -> 98.69%      
client [50] (testset)   loss: 0.0726 -> 0.0247  accuracy: 98.29% -> 99.15%      
client [35] (testset)   loss: 0.0063 -> 0.0032  accuracy: 100.00% -> 100.00%    
client [24] (testset)   loss: 0.3651 -> 0.3051  accuracy: 89.71% -> 93.14%      
client [15] (testset)   loss: 0.1633 -> 0.1632  accuracy: 95.31% -> 95.00%      
client [58] (testset)   loss: 0.0760 -> 0.0416  accuracy: 98.47% -> 98.47%      
---------------------------- TRAINING EPOCH: 160 ----------------------------   
client [48] (testset)   loss: 0.0033 -> 0.0014  accuracy: 100.00% -> 100.00%    
client [76] (testset)   loss: 0.7020 -> 0.7136  accuracy: 86.67% -> 86.67%      
client [67] (testset)   loss: 0.2094 -> 0.1711  accuracy: 95.19% -> 96.22%      
client [37] (testset)   loss: 0.1984 -> 0.1878  accuracy: 95.65% -> 95.65%      
client [58] (testset)   loss: 0.0457 -> 0.0363  accuracy: 98.98% -> 99.49%      
client [64] (testset)   loss: 0.1050 -> 0.0841  accuracy: 95.49% -> 97.74%      
client [77] (testset)   loss: 0.0388 -> 0.0260  accuracy: 98.45% -> 98.96%      
client [55] (testset)   loss: 0.0001 -> 0.0000  accuracy: 100.00% -> 100.00%    
client [12] (testset)   loss: 0.1924 -> 0.1590  accuracy: 95.26% -> 96.68%      
client [89] (testset)   loss: 0.3097 -> 0.3110  accuracy: 94.74% -> 94.74%      
---------------------------- TRAINING EPOCH: 170 ----------------------------   
client [84] (testset)   loss: 0.0010 -> 0.0012  accuracy: 100.00% -> 100.00%    
client [51] (testset)   loss: 0.0109 -> 0.0071  accuracy: 99.51% -> 99.51%      
client [8]  (testset)   loss: 0.1770 -> 0.1583  accuracy: 94.64% -> 95.24%      
client [18] (testset)   loss: 0.0278 -> 0.0173  accuracy: 99.00% -> 99.00%      
client [94] (testset)   loss: 0.2311 -> 0.1027  accuracy: 91.60% -> 96.95%      
client [81] (testset)   loss: 0.0007 -> 0.0004  accuracy: 100.00% -> 100.00%    
client [3]  (testset)   loss: 0.1367 -> 0.1636  accuracy: 96.50% -> 95.72%      
client [11] (testset)   loss: 0.2782 -> 0.3016  accuracy: 91.93% -> 90.58%      
client [95] (testset)   loss: 0.2052 -> 0.2090  accuracy: 94.44% -> 96.30%      
client [67] (testset)   loss: 0.1870 -> 0.1771  accuracy: 96.22% -> 96.22%      
---------------------------- TRAINING EPOCH: 180 ----------------------------   
client [21] (testset)   loss: 0.2563 -> 0.2539  accuracy: 95.03% -> 91.30%      
client [79] (testset)   loss: 0.2089 -> 0.1634  accuracy: 93.10% -> 95.07%      
client [58] (testset)   loss: 0.1337 -> 0.0374  accuracy: 95.41% -> 98.98%      
client [88] (testset)   loss: 0.2917 -> 0.3361  accuracy: 90.24% -> 91.46%      
client [46] (testset)   loss: 0.1464 -> 0.1580  accuracy: 93.75% -> 92.71%      
client [11] (testset)   loss: 0.5079 -> 0.2685  accuracy: 87.00% -> 91.48%      
client [55] (testset)   loss: 0.0002 -> 0.0001  accuracy: 100.00% -> 100.00%    
client [13] (testset)   loss: 0.3945 -> 0.3757  accuracy: 89.74% -> 91.35%      
client [31] (testset)   loss: 0.2983 -> 0.2460  accuracy: 92.31% -> 93.85%      
client [75] (testset)   loss: 0.4857 -> 0.3500  accuracy: 89.95% -> 91.39%      
---------------------------- TRAINING EPOCH: 190 ----------------------------   
client [19] (testset)   loss: 0.2211 -> 0.2038  accuracy: 93.22% -> 94.92%      
client [7]  (testset)   loss: 0.0219 -> 0.0224  accuracy: 99.13% -> 99.13%      
client [57] (testset)   loss: 0.0626 -> 0.0389  accuracy: 98.91% -> 99.64%      
client [13] (testset)   loss: 0.4507 -> 0.4379  accuracy: 89.10% -> 90.71%      
client [43] (testset)   loss: 0.0665 -> 0.0627  accuracy: 98.46% -> 98.46%      
client [91] (testset)   loss: 0.0003 -> 0.0003  accuracy: 100.00% -> 100.00%    
client [10] (testset)   loss: 0.0005 -> 0.0003  accuracy: 100.00% -> 100.00%    
client [64] (testset)   loss: 0.0980 -> 0.0981  accuracy: 97.74% -> 97.74%      
client [82] (testset)   loss: 0.1083 -> 0.1141  accuracy: 98.97% -> 98.97%      
client [22] (testset)   loss: 0.0062 -> 0.0052  accuracy: 100.00% -> 100.00%    
---------------------------- TRAINING EPOCH: 200 ----------------------------   
client [20] (testset)   loss: 0.0419 -> 0.0343  accuracy: 99.19% -> 99.19%      
client [23] (testset)   loss: 0.1530 -> 0.1700  accuracy: 95.96% -> 96.97%      
client [88] (testset)   loss: 0.3346 -> 0.3649  accuracy: 90.24% -> 90.24%      
client [98] (testset)   loss: 0.5266 -> 0.5066  accuracy: 87.23% -> 87.23%      
client [79] (testset)   loss: 0.1595 -> 0.1646  accuracy: 95.07% -> 95.57%      
client [21] (testset)   loss: 0.2708 -> 0.2450  accuracy: 96.27% -> 95.03%      
client [92] (testset)   loss: 0.0441 -> 0.0490  accuracy: 97.81% -> 98.54%      
client [56] (testset)   loss: 0.4984 -> 0.4113  accuracy: 84.87% -> 87.39%      
client [5]  (testset)   loss: 0.1819 -> 0.1206  accuracy: 95.71% -> 97.14%      
client [52] (testset)   loss: 0.1299 -> 0.1035  accuracy: 96.61% -> 96.61%      
---------------------------- TRAINING EPOCH: 210 ----------------------------   
client [67] (testset)   loss: 0.2119 -> 0.1906  accuracy: 96.91% -> 96.56%      
client [54] (testset)   loss: 0.0907 -> 0.1117  accuracy: 97.40% -> 97.40%      
client [14] (testset)   loss: 0.3423 -> 0.3037  accuracy: 90.48% -> 92.38%      
client [99] (testset)   loss: 0.0301 -> 0.0367  accuracy: 99.74% -> 99.47%      
client [36] (testset)   loss: 0.2300 -> 0.2140  accuracy: 95.07% -> 95.40%      
client [30] (testset)   loss: 0.2133 -> 0.1930  accuracy: 96.15% -> 97.12%      
client [38] (testset)   loss: 0.4584 -> 0.4220  accuracy: 93.51% -> 94.81%      
client [15] (testset)   loss: 0.1811 -> 0.1972  accuracy: 95.62% -> 95.62%      
client [6]  (testset)   loss: 0.0025 -> 0.0027  accuracy: 100.00% -> 100.00%    
client [53] (testset)   loss: 0.0256 -> 0.0077  accuracy: 99.40% -> 99.40%      
---------------------------- TRAINING EPOCH: 220 ----------------------------   
client [99] (testset)   loss: 0.0349 -> 0.0395  accuracy: 99.47% -> 99.47%      
client [6]  (testset)   loss: 0.0032 -> 0.0025  accuracy: 100.00% -> 100.00%    
client [83] (testset)   loss: 0.0427 -> 0.0347  accuracy: 98.73% -> 98.73%      
client [42] (testset)   loss: 0.0807 -> 0.0796  accuracy: 98.55% -> 98.79%      
client [34] (testset)   loss: 0.0362 -> 0.0410  accuracy: 96.15% -> 96.15%      
client [15] (testset)   loss: 0.1881 -> 0.1892  accuracy: 95.31% -> 95.94%      
client [47] (testset)   loss: 0.1895 -> 0.1496  accuracy: 96.09% -> 95.87%      
client [55] (testset)   loss: 0.0000 -> 0.0000  accuracy: 100.00% -> 100.00%    
client [51] (testset)   loss: 0.0079 -> 0.0088  accuracy: 99.51% -> 99.51%      
client [95] (testset)   loss: 0.5030 -> 0.3868  accuracy: 87.04% -> 88.89%      
---------------------------- TRAINING EPOCH: 230 ----------------------------   
client [71] (testset)   loss: 0.0697 -> 0.0659  accuracy: 97.28% -> 97.83%      
client [15] (testset)   loss: 0.2954 -> 0.2029  accuracy: 94.69% -> 95.62%      
client [33] (testset)   loss: 0.0725 -> 0.0460  accuracy: 97.08% -> 97.08%      
client [99] (testset)   loss: 0.0401 -> 0.0418  accuracy: 99.21% -> 99.47%      
client [90] (testset)   loss: 0.1059 -> 0.0948  accuracy: 97.97% -> 97.97%      
client [57] (testset)   loss: 0.0505 -> 0.0396  accuracy: 99.27% -> 99.64%      
client [27] (testset)   loss: 0.0013 -> 0.0017  accuracy: 100.00% -> 100.00%    
client [78] (testset)   loss: 0.0379 -> 0.0305  accuracy: 99.21% -> 99.21%      
client [36] (testset)   loss: 0.2373 -> 0.2257  accuracy: 95.07% -> 95.07%      
client [88] (testset)   loss: 0.4063 -> 0.3847  accuracy: 89.02% -> 90.24%      
---------------------------- TRAINING EPOCH: 240 ----------------------------   
client [70] (testset)   loss: 0.0605 -> 0.0556  accuracy: 97.30% -> 97.30%      
client [35] (testset)   loss: 0.0247 -> 0.0137  accuracy: 98.65% -> 98.65%      
client [16] (testset)   loss: 0.0027 -> 0.0011  accuracy: 100.00% -> 100.00%    
client [80] (testset)   loss: 0.0020 -> 0.0011  accuracy: 100.00% -> 100.00%    
client [38] (testset)   loss: 0.4453 -> 0.4681  accuracy: 93.51% -> 94.81%      
client [78] (testset)   loss: 0.0200 -> 0.0202  accuracy: 99.21% -> 99.21%      
client [68] (testset)   loss: 0.0342 -> 0.0495  accuracy: 99.09% -> 98.18%      
client [11] (testset)   loss: 0.3148 -> 0.3249  accuracy: 93.27% -> 92.38%      
client [64] (testset)   loss: 0.1062 -> 0.1025  accuracy: 97.74% -> 97.74%      
client [82] (testset)   loss: 0.1204 -> 0.1246  accuracy: 98.97% -> 98.97%      
---------------------------- TRAINING EPOCH: 250 ----------------------------   
client [30] (testset)   loss: 0.2599 -> 0.2317  accuracy: 96.15% -> 98.08%      
client [27] (testset)   loss: 0.0020 -> 0.0016  accuracy: 100.00% -> 100.00%    
client [74] (testset)   loss: 0.0073 -> 0.0562  accuracy: 100.00% -> 96.30%     
client [45] (testset)   loss: 0.6897 -> 0.6456  accuracy: 89.19% -> 86.49%      
client [6]  (testset)   loss: 0.0007 -> 0.0010  accuracy: 100.00% -> 100.00%    
client [36] (testset)   loss: 0.2616 -> 0.2369  accuracy: 94.91% -> 95.24%      
client [63] (testset)   loss: 0.0277 -> 0.0280  accuracy: 98.97% -> 98.97%      
client [76] (testset)   loss: 0.9971 -> 1.0128  accuracy: 86.67% -> 86.67%      
client [83] (testset)   loss: 0.0426 -> 0.0382  accuracy: 98.73% -> 98.73%      
client [86] (testset)   loss: 0.0000 -> 0.0000  accuracy: 100.00% -> 100.00%    
---------------------------- TRAINING EPOCH: 260 ----------------------------   
client [83] (testset)   loss: 0.0572 -> 0.0470  accuracy: 98.73% -> 98.73%      
client [99] (testset)   loss: 0.0414 -> 0.0445  accuracy: 99.74% -> 99.47%      
client [74] (testset)   loss: 0.0224 -> 0.0273  accuracy: 100.00% -> 100.00%    
client [73] (testset)   loss: 0.0020 -> 0.0013  accuracy: 100.00% -> 100.00%    
client [29] (testset)   loss: 0.3730 -> 0.3811  accuracy: 88.61% -> 86.08%      
client [92] (testset)   loss: 0.0338 -> 0.0300  accuracy: 99.27% -> 99.27%      
client [6]  (testset)   loss: 0.0009 -> 0.0011  accuracy: 100.00% -> 100.00%    
client [61] (testset)   loss: 0.0120 -> 0.0149  accuracy: 100.00% -> 98.78%     
client [21] (testset)   loss: 0.3307 -> 0.3243  accuracy: 94.41% -> 93.79%      
client [67] (testset)   loss: 0.2243 -> 0.2183  accuracy: 95.88% -> 96.22%      
---------------------------- TRAINING EPOCH: 270 ----------------------------   
client [83] (testset)   loss: 0.0508 -> 0.0418  accuracy: 98.73% -> 98.73%      
client [32] (testset)   loss: 0.3244 -> 0.3048  accuracy: 92.50% -> 92.22%      
client [95] (testset)   loss: 0.3504 -> 0.3220  accuracy: 90.74% -> 92.59%      
client [61] (testset)   loss: 0.0111 -> 0.0104  accuracy: 100.00% -> 98.78%     
client [27] (testset)   loss: 0.0009 -> 0.0013  accuracy: 100.00% -> 100.00%    
client [25] (testset)   loss: 0.0141 -> 0.0094  accuracy: 99.04% -> 99.04%      
client [68] (testset)   loss: 0.0461 -> 0.0584  accuracy: 98.18% -> 98.18%      
client [34] (testset)   loss: 0.0398 -> 0.0409  accuracy: 96.15% -> 96.15%      
client [71] (testset)   loss: 0.0879 -> 0.0798  accuracy: 97.83% -> 97.28%      
client [89] (testset)   loss: 0.5536 -> 0.5533  accuracy: 94.74% -> 94.74%      
---------------------------- TRAINING EPOCH: 280 ----------------------------   
client [78] (testset)   loss: 0.0429 -> 0.0405  accuracy: 99.21% -> 99.21%      
client [81] (testset)   loss: 0.0003 -> 0.0006  accuracy: 100.00% -> 100.00%    
client [51] (testset)   loss: 0.0069 -> 0.0101  accuracy: 99.51% -> 99.51%      
client [54] (testset)   loss: 0.1061 -> 0.0916  accuracy: 97.40% -> 97.40%      
client [65] (testset)   loss: 0.7221 -> 0.6062  accuracy: 93.75% -> 93.75%      
client [41] (testset)   loss: 0.2137 -> 0.1971  accuracy: 95.16% -> 95.56%      
client [11] (testset)   loss: 0.3805 -> 0.3303  accuracy: 91.93% -> 91.93%      
client [85] (testset)   loss: 0.0747 -> 0.0746  accuracy: 98.25% -> 98.25%      
client [12] (testset)   loss: 0.2256 -> 0.2018  accuracy: 96.09% -> 96.80%      
client [23] (testset)   loss: 0.2114 -> 0.2377  accuracy: 94.95% -> 95.96%      
---------------------------- TRAINING EPOCH: 290 ----------------------------   
client [16] (testset)   loss: 0.0016 -> 0.0007  accuracy: 100.00% -> 100.00%    
client [65] (testset)   loss: 0.4742 -> 0.4832  accuracy: 93.75% -> 93.75%      
client [53] (testset)   loss: 0.0157 -> 0.0092  accuracy: 99.70% -> 99.70%      
client [58] (testset)   loss: 0.0542 -> 0.0521  accuracy: 98.98% -> 98.98%      
client [72] (testset)   loss: 0.0165 -> 0.0116  accuracy: 100.00% -> 100.00%    
client [7]  (testset)   loss: 0.0215 -> 0.0183  accuracy: 98.69% -> 99.13%      
client [71] (testset)   loss: 0.0800 -> 0.0819  accuracy: 98.37% -> 97.28%      
client [59] (testset)   loss: 0.4392 -> 0.4331  accuracy: 93.43% -> 93.43%      
client [86] (testset)   loss: 0.0000 -> 0.0000  accuracy: 100.00% -> 100.00%    
client [39] (testset)   loss: 0.0008 -> 0.0002  accuracy: 100.00% -> 100.00%    
---------------------------- TRAINING EPOCH: 300 ----------------------------   
client [99] (testset)   loss: 0.0490 -> 0.0486  accuracy: 99.21% -> 99.47%      
client [7]  (testset)   loss: 0.0095 -> 0.0140  accuracy: 99.56% -> 99.13%      
client [17] (testset)   loss: 0.1425 -> 0.1369  accuracy: 97.33% -> 98.40%      
client [64] (testset)   loss: 0.1159 -> 0.1166  accuracy: 97.74% -> 97.74%      
client [37] (testset)   loss: 0.2510 -> 0.2486  accuracy: 95.65% -> 95.65%      
client [29] (testset)   loss: 0.3680 -> 0.3729  accuracy: 88.61% -> 86.08%      
client [93] (testset)   loss: 0.0004 -> 0.0002  accuracy: 100.00% -> 100.00%    
client [73] (testset)   loss: 0.0014 -> 0.0011  accuracy: 100.00% -> 100.00%    
client [40] (testset)   loss: 0.2038 -> 0.2209  accuracy: 96.67% -> 96.67%      
client [76] (testset)   loss: 0.9945 -> 0.9891  accuracy: 93.33% -> 86.67%      
---------------------------- TRAINING EPOCH: 310 ----------------------------   
client [31] (testset)   loss: 0.4781 -> 0.4669  accuracy: 93.85% -> 92.31%      
client [89] (testset)   loss: 0.4348 -> 0.4397  accuracy: 94.74% -> 94.74%      
client [77] (testset)   loss: 0.0437 -> 0.0348  accuracy: 98.45% -> 98.96%      
client [90] (testset)   loss: 0.1992 -> 0.1342  accuracy: 96.62% -> 97.97%      
client [26] (testset)   loss: 0.0609 -> 0.0599  accuracy: 98.57% -> 98.57%      
client [50] (testset)   loss: 0.0470 -> 0.0360  accuracy: 98.58% -> 98.58%      
client [30] (testset)   loss: 0.2343 -> 0.2344  accuracy: 96.15% -> 98.08%      
client [70] (testset)   loss: 0.0512 -> 0.0481  accuracy: 97.30% -> 97.30%      
client [41] (testset)   loss: 0.2203 -> 0.2210  accuracy: 95.97% -> 95.97%      
client [99] (testset)   loss: 0.0463 -> 0.0470  accuracy: 99.21% -> 99.47%      
---------------------------- TRAINING EPOCH: 320 ----------------------------   
client [68] (testset)   loss: 0.0708 -> 0.0797  accuracy: 98.18% -> 98.18%      
client [70] (testset)   loss: 0.0867 -> 0.0770  accuracy: 94.59% -> 94.59%      
client [52] (testset)   loss: 0.1260 -> 0.1192  accuracy: 96.61% -> 96.61%      
client [1]  (testset)   loss: 0.3009 -> 0.3073  accuracy: 96.83% -> 96.83%      
client [2]  (testset)   loss: 0.0150 -> 0.0128  accuracy: 99.78% -> 99.78%      
client [67] (testset)   loss: 0.2291 -> 0.2334  accuracy: 95.19% -> 95.88%      
client [92] (testset)   loss: 0.0359 -> 0.0356  accuracy: 98.54% -> 98.54%      
client [35] (testset)   loss: 0.0103 -> 0.0063  accuracy: 100.00% -> 100.00%    
client [36] (testset)   loss: 0.2718 -> 0.2675  accuracy: 95.57% -> 95.24%      
client [64] (testset)   loss: 0.1383 -> 0.1298  accuracy: 97.74% -> 97.74%      
---------------------------- TRAINING EPOCH: 330 ----------------------------   
client [44] (testset)   loss: 0.0704 -> 0.0620  accuracy: 98.11% -> 98.11%      
client [6]  (testset)   loss: 0.0005 -> 0.0008  accuracy: 100.00% -> 100.00%    
client [12] (testset)   loss: 0.2390 -> 0.2225  accuracy: 96.09% -> 96.80%      
client [55] (testset)   loss: 0.0000 -> 0.0000  accuracy: 100.00% -> 100.00%    
client [29] (testset)   loss: 0.2993 -> 0.3398  accuracy: 88.61% -> 86.08%      
client [9]  (testset)   loss: 0.1484 -> 0.1534  accuracy: 96.53% -> 95.83%      
client [43] (testset)   loss: 0.1549 -> 0.1583  accuracy: 96.92% -> 96.92%      
client [77] (testset)   loss: 0.0507 -> 0.0426  accuracy: 98.45% -> 98.45%      
client [98] (testset)   loss: 0.6265 -> 0.6199  accuracy: 80.85% -> 87.23%      
client [78] (testset)   loss: 0.0353 -> 0.0339  accuracy: 99.21% -> 99.21%      
---------------------------- TRAINING EPOCH: 340 ----------------------------   
client [92] (testset)   loss: 0.0392 -> 0.0394  accuracy: 98.54% -> 98.54%      
client [80] (testset)   loss: 0.0006 -> 0.0008  accuracy: 100.00% -> 100.00%    
client [63] (testset)   loss: 0.0364 -> 0.0365  accuracy: 98.97% -> 98.97%      
client [76] (testset)   loss: 1.0793 -> 1.0844  accuracy: 86.67% -> 86.67%      
client [78] (testset)   loss: 0.0321 -> 0.0306  accuracy: 99.21% -> 99.21%      
client [25] (testset)   loss: 0.0123 -> 0.0108  accuracy: 99.04% -> 99.04%      
client [58] (testset)   loss: 0.0607 -> 0.0564  accuracy: 98.47% -> 98.98%      
client [13] (testset)   loss: 0.6509 -> 0.5729  accuracy: 90.06% -> 91.03%      
client [17] (testset)   loss: 0.1485 -> 0.1416  accuracy: 97.33% -> 97.33%      
client [38] (testset)   loss: 0.5548 -> 0.5618  accuracy: 93.51% -> 93.51%      
---------------------------- TRAINING EPOCH: 350 ----------------------------   
client [72] (testset)   loss: 0.0185 -> 0.0156  accuracy: 100.00% -> 100.00%    
client [82] (testset)   loss: 0.1509 -> 0.1521  accuracy: 98.97% -> 98.97%      
client [86] (testset)   loss: 0.0000 -> 0.0000  accuracy: 100.00% -> 100.00%    
client [51] (testset)   loss: 0.0091 -> 0.0057  accuracy: 99.51% -> 99.51%      
client [96] (testset)   loss: 0.2588 -> 0.2347  accuracy: 95.62% -> 94.89%      
client [42] (testset)   loss: 0.0995 -> 0.0980  accuracy: 99.03% -> 99.03%      
client [55] (testset)   loss: 0.0000 -> 0.0000  accuracy: 100.00% -> 100.00%    
client [13] (testset)   loss: 0.5915 -> 0.5860  accuracy: 91.03% -> 90.38%      
client [1]  (testset)   loss: 0.3289 -> 0.3328  accuracy: 96.83% -> 96.83%      
client [12] (testset)   loss: 0.2365 -> 0.2310  accuracy: 96.80% -> 96.80%      
---------------------------- TRAINING EPOCH: 360 ----------------------------   
client [68] (testset)   loss: 0.0501 -> 0.0584  accuracy: 99.09% -> 98.18%      
client [23] (testset)   loss: 0.2496 -> 0.2531  accuracy: 94.95% -> 95.96%      
client [46] (testset)   loss: 0.1789 -> 0.1789  accuracy: 92.71% -> 94.79%      
client [41] (testset)   loss: 0.2213 -> 0.2250  accuracy: 95.16% -> 95.56%      
client [25] (testset)   loss: 0.0195 -> 0.0155  accuracy: 99.04% -> 99.04%      
client [58] (testset)   loss: 0.0504 -> 0.0486  accuracy: 98.47% -> 99.49%      
client [14] (testset)   loss: 0.4285 -> 0.4283  accuracy: 92.14% -> 93.10%      
client [33] (testset)   loss: 0.0407 -> 0.0325  accuracy: 98.25% -> 98.25%      
client [85] (testset)   loss: 0.0897 -> 0.0905  accuracy: 98.25% -> 98.25%      
client [62] (testset)   loss: 0.0453 -> 0.0437  accuracy: 100.00% -> 100.00%    
---------------------------- TRAINING EPOCH: 370 ----------------------------   
client [98] (testset)   loss: 0.6558 -> 0.6678  accuracy: 87.23% -> 87.23%      
client [63] (testset)   loss: 0.0153 -> 0.0145  accuracy: 98.97% -> 98.97%      
client [70] (testset)   loss: 0.0783 -> 0.0749  accuracy: 97.30% -> 97.30%      
client [65] (testset)   loss: 0.5453 -> 0.5297  accuracy: 93.75% -> 93.75%      
client [14] (testset)   loss: 0.4310 -> 0.4257  accuracy: 93.10% -> 93.33%      
client [73] (testset)   loss: 0.0017 -> 0.0021  accuracy: 100.00% -> 100.00%    
client [34] (testset)   loss: 0.0757 -> 0.0785  accuracy: 96.15% -> 96.15%      
client [99] (testset)   loss: 0.0532 -> 0.0547  accuracy: 99.47% -> 99.21%      
client [69] (testset)   loss: 0.0867 -> 0.0907  accuracy: 96.91% -> 96.91%      
client [46] (testset)   loss: 0.1708 -> 0.1822  accuracy: 93.75% -> 92.71%      
---------------------------- TRAINING EPOCH: 380 ----------------------------   
client [99] (testset)   loss: 0.0557 -> 0.0576  accuracy: 99.47% -> 99.47%      
client [93] (testset)   loss: 0.0003 -> 0.0001  accuracy: 100.00% -> 100.00%    
client [11] (testset)   loss: 0.4508 -> 0.4042  accuracy: 92.38% -> 91.93%      
client [58] (testset)   loss: 0.0726 -> 0.0687  accuracy: 98.47% -> 98.47%      
client [81] (testset)   loss: 0.0001 -> 0.0001  accuracy: 100.00% -> 100.00%    
client [85] (testset)   loss: 0.0762 -> 0.0764  accuracy: 98.25% -> 98.25%      
client [89] (testset)   loss: 0.7228 -> 0.7196  accuracy: 94.74% -> 94.74%      
client [45] (testset)   loss: 0.6752 -> 0.6684  accuracy: 86.49% -> 86.49%      
client [8]  (testset)   loss: 0.2331 -> 0.2438  accuracy: 95.54% -> 95.54%      
client [68] (testset)   loss: 0.0610 -> 0.0625  accuracy: 98.18% -> 98.18%      
---------------------------- TRAINING EPOCH: 390 ----------------------------   
client [67] (testset)   loss: 0.2437 -> 0.2486  accuracy: 95.88% -> 95.88%      
client [72] (testset)   loss: 0.0043 -> 0.0039  accuracy: 100.00% -> 100.00%    
client [1]  (testset)   loss: 0.3689 -> 0.3740  accuracy: 96.83% -> 96.83%      
client [78] (testset)   loss: 0.0320 -> 0.0300  accuracy: 99.21% -> 99.21%      
client [83] (testset)   loss: 0.0601 -> 0.0573  accuracy: 98.73% -> 98.73%      
client [21] (testset)   loss: 0.3865 -> 0.3842  accuracy: 93.79% -> 93.79%      
client [56] (testset)   loss: 0.5928 -> 0.5649  accuracy: 86.55% -> 87.39%      
client [44] (testset)   loss: 0.0779 -> 0.0711  accuracy: 98.11% -> 98.11%      
client [92] (testset)   loss: 0.0370 -> 0.0367  accuracy: 97.81% -> 98.54%      
client [27] (testset)   loss: 0.0006 -> 0.0006  accuracy: 100.00% -> 100.00%    
---------------------------- TRAINING EPOCH: 400 ----------------------------   
client [10] (testset)   loss: 0.0000 -> 0.0000  accuracy: 100.00% -> 100.00%    
client [39] (testset)   loss: 0.0001 -> 0.0000  accuracy: 100.00% -> 100.00%    
client [65] (testset)   loss: 0.6741 -> 0.6486  accuracy: 93.75% -> 93.75%      
client [26] (testset)   loss: 0.0634 -> 0.0648  accuracy: 98.73% -> 98.57%      
client [19] (testset)   loss: 0.2522 -> 0.2571  accuracy: 96.61% -> 94.92%      
client [68] (testset)   loss: 0.0799 -> 0.0802  accuracy: 98.18% -> 98.18%      
client [41] (testset)   loss: 0.2432 -> 0.2450  accuracy: 96.37% -> 95.56%      
client [50] (testset)   loss: 0.0394 -> 0.0414  accuracy: 98.58% -> 98.86%      
client [75] (testset)   loss: 0.5494 -> 0.4744  accuracy: 90.91% -> 90.43%      
client [81] (testset)   loss: 0.0002 -> 0.0002  accuracy: 100.00% -> 100.00%    
Training... ━━━━━━━━━━━━━━━━━━━━━━━━━━━━━━━━━━━━━━━━ 100% 0:07:05
PSFL's average time taken by each global epoch: 0 min 1.05 sec.                 
PSFL's total running time: 0 h 7 m 5 s.                                         
==================== PSFL Experiment Results: ====================              
Display format: (before local fine-tuning) -> (after local fine-tuning)         
 So if finetune_epoch = 0, x.xx% -> 0.00% is normal.                            
 Centralized testing ONLY happens after model aggregation, so the stats between 
'->' are the same.                                                              
{                                                                               
    "100": {                                                                    
        "all_clients": {                                                        
            "test": {                                                           
                "loss": "0.1519 -> 0.0000",                                     
                "accuracy": "95.20% -> 0.00%"                                   
            }                                                                   
        }                                                                       
    },                                                                          
    "200": {                                                                    
        "all_clients": {                                                        
            "test": {                                                           
                "loss": "0.1295 -> 0.0000",                                     
                "accuracy": "96.70% -> 0.00%"                                   
            }                                                                   
        }                                                                       
    },                                                                          
    "300": {                                                                    
        "all_clients": {                                                        
            "test": {                                                           
                "loss": "0.1572 -> 0.0000",                                     
                "accuracy": "96.96% -> 0.00%"                                   
            }                                                                   
        }                                                                       
    },                                                                          
    "400": {                                                                    
        "all_clients": {                                                        
            "test": {                                                           
                "loss": "0.1764 -> 0.0000",                                     
                "accuracy": "97.04% -> 0.00%"                                   
            }                                                                   
        }                                                                       
    }                                                                           
}                                                                               
==================== PSFL Max Accuracy ====================                     
all_clients:                                                                    
(test) before fine-tuning: 97.04% at epoch 400                                  
(test) after fine-tuning: 0.00% at epoch 100                                    
