==================== PSFL ====================                                  
Experiment Arguments:                                                           
{
│   'method': 'psfl',
│   'dataset': {
│   │   'name': 'fmnist',
│   │   'client_num': 100,
│   │   'test_ratio': 0.25,
│   │   'val_ratio': 0.0,
│   │   'seed': 42,
│   │   'split': 'sample',
│   │   'IID_ratio': 0.0,
│   │   'monitor_window_name_suffix': 'fmnist-100clients-0%IID-Dir(0.1)-seed42',
│   │   'alpha': 0.1,
│   │   'min_samples_per_client': 10
│   },
│   'model': {
│   │   'name': 'avgcnn',
│   │   'use_torchvision_pretrained_weights': True,
│   │   'external_model_weights_path': None
│   },
│   'optimizer': {
│   │   'lr': 0.01,
│   │   'dampening': 0,
│   │   'weight_decay': 0,
│   │   'momentum': 0,
│   │   'nesterov': False,
│   │   'name': 'sgd'
│   },
│   'mode': 'sequential',
│   'parallel': {
│   │   'ray_cluster_addr': None,
│   │   'num_cpus': None,
│   │   'num_gpus': None,
│   │   'num_workers': 2
│   },
│   'common': {
│   │   'seed': 42,
│   │   'join_ratio': 0.1,
│   │   'global_epoch': 400,
│   │   'local_epoch': 5,
│   │   'batch_size': 32,
│   │   'reset_optimizer_on_global_epoch': True,
│   │   'straggler_ratio': 0,
│   │   'straggler_min_local_epoch': 0,
│   │   'buffers': 'global',
│   │   'client_side_evaluation': True,
│   │   'test': {
│   │   │   'client': {
│   │   │   │   'interval': 100,
│   │   │   │   'finetune_epoch': 0,
│   │   │   │   'train': False,
│   │   │   │   'val': False,
│   │   │   │   'test': True
│   │   │   },
│   │   │   'server': {
│   │   │   │   'interval': -1,
│   │   │   │   'train': False,
│   │   │   │   'val': False,
│   │   │   │   'test': False,
│   │   │   │   'model_in_train_mode': False
│   │   │   }
│   │   },
│   │   'verbose_gap': 10,
│   │   'monitor': None,
│   │   'use_cuda': True,
│   │   'save_log': True,
│   │   'save_model': False,
│   │   'save_learning_curve_plot': False,
│   │   'save_metrics': True,
│   │   'delete_useless_run': True
│   },
│   'psfl': {
│   │   'alpha': 0.0,
│   │   'CLS': False,
│   │   'ig_ratio': 0.4,
│   │   'track': False,
│   │   'score': 'obp'
│   }
}
---------------------------- TRAINING EPOCH: 10 ----------------------------    
client [77] (testset)   loss: 0.1825 -> 0.1445  accuracy: 94.82% -> 96.37%      
client [81] (testset)   loss: 1.2314 -> 0.4621  accuracy: 37.04% -> 88.89%      
client [21] (testset)   loss: 2.3202 -> 0.5737  accuracy: 0.00% -> 78.88%       
client [68] (testset)   loss: 0.4480 -> 0.3427  accuracy: 84.55% -> 87.27%      
client [93] (testset)   loss: 0.1576 -> 0.0549  accuracy: 96.61% -> 100.00%     
client [31] (testset)   loss: 1.0695 -> 0.8052  accuracy: 40.00% -> 50.77%      
client [20] (testset)   loss: 0.1340 -> 0.1001  accuracy: 96.24% -> 96.77%      
client [59] (testset)   loss: 2.2753 -> 0.6563  accuracy: 0.00% -> 83.21%       
client [48] (testset)   loss: 0.1401 -> 0.1358  accuracy: 98.73% -> 98.73%      
client [34] (testset)   loss: 0.8771 -> 0.5578  accuracy: 57.69% -> 92.31%      
---------------------------- TRAINING EPOCH: 20 ----------------------------    
client [69] (testset)   loss: 0.3070 -> 0.2708  accuracy: 92.59% -> 93.83%      
client [99] (testset)   loss: 0.1459 -> 0.1089  accuracy: 97.63% -> 98.16%      
client [67] (testset)   loss: 0.4063 -> 0.3310  accuracy: 90.03% -> 91.75%      
client [0]  (testset)   loss: 0.9645 -> 0.7810  accuracy: 71.43% -> 81.63%      
client [76] (testset)   loss: 1.7265 -> 1.4909  accuracy: 60.00% -> 60.00%      
client [41] (testset)   loss: 0.4336 -> 0.3653  accuracy: 85.08% -> 87.10%      
client [62] (testset)   loss: 2.3023 -> 1.1708  accuracy: 0.00% -> 55.00%       
client [2]  (testset)   loss: 2.3364 -> 0.0601  accuracy: 0.00% -> 98.03%       
client [14] (testset)   loss: 0.5822 -> 0.4393  accuracy: 77.86% -> 84.76%      
client [46] (testset)   loss: 0.3932 -> 0.3697  accuracy: 90.62% -> 90.62%      
---------------------------- TRAINING EPOCH: 30 ----------------------------    
client [24] (testset)   loss: 0.8684 -> 0.5828  accuracy: 73.14% -> 82.29%      
client [68] (testset)   loss: 0.2584 -> 0.2326  accuracy: 91.82% -> 92.73%      
client [57] (testset)   loss: 0.0982 -> 0.0926  accuracy: 97.08% -> 97.81%      
client [17] (testset)   loss: 0.3199 -> 0.2438  accuracy: 86.10% -> 91.44%      
client [54] (testset)   loss: 0.3587 -> 0.3618  accuracy: 81.82% -> 83.12%      
client [23] (testset)   loss: 2.2598 -> 0.3836  accuracy: 32.32% -> 91.92%      
client [35] (testset)   loss: 0.1056 -> 0.0846  accuracy: 97.30% -> 97.30%      
client [59] (testset)   loss: 0.4920 -> 0.4845  accuracy: 84.67% -> 84.67%      
client [31] (testset)   loss: 0.3725 -> 0.3099  accuracy: 84.62% -> 86.15%      
client [9]  (testset)   loss: 0.2179 -> 0.1648  accuracy: 92.01% -> 94.79%      
---------------------------- TRAINING EPOCH: 40 ----------------------------    
client [64] (testset)   loss: 0.2307 -> 0.2236  accuracy: 93.98% -> 91.73%      
client [33] (testset)   loss: 0.1657 -> 0.1586  accuracy: 95.32% -> 96.49%      
client [16] (testset)   loss: 0.0986 -> 0.0571  accuracy: 96.67% -> 98.33%      
client [44] (testset)   loss: 0.5870 -> 0.3229  accuracy: 85.85% -> 89.62%      
client [8]  (testset)   loss: 0.4602 -> 0.4507  accuracy: 88.39% -> 88.69%      
client [31] (testset)   loss: 0.3307 -> 0.3439  accuracy: 89.23% -> 87.69%      
client [47] (testset)   loss: 0.1777 -> 0.1925  accuracy: 93.48% -> 92.39%      
client [36] (testset)   loss: 0.3316 -> 0.2526  accuracy: 90.48% -> 92.78%      
client [20] (testset)   loss: 0.0719 -> 0.0706  accuracy: 98.12% -> 98.12%      
client [56] (testset)   loss: 0.6381 -> 0.6137  accuracy: 83.19% -> 79.83%      
---------------------------- TRAINING EPOCH: 50 ----------------------------    
client [4]  (testset)   loss: 0.1997 -> 0.1718  accuracy: 93.08% -> 96.15%      
client [60] (testset)   loss: 0.3243 -> 0.2699  accuracy: 90.04% -> 92.62%      
client [28] (testset)   loss: 0.1792 -> 0.1736  accuracy: 96.43% -> 94.64%      
client [25] (testset)   loss: 0.2098 -> 0.2004  accuracy: 95.19% -> 93.27%      
client [58] (testset)   loss: 0.2106 -> 0.2398  accuracy: 92.86% -> 92.35%      
client [44] (testset)   loss: 0.3216 -> 0.2072  accuracy: 89.62% -> 95.28%      
client [39] (testset)   loss: 0.3429 -> 0.2513  accuracy: 100.00% -> 100.00%    
client [29] (testset)   loss: 0.3216 -> 0.3047  accuracy: 89.87% -> 88.61%      
client [3]  (testset)   loss: 0.2557 -> 0.2951  accuracy: 90.27% -> 89.11%      
client [84] (testset)   loss: 0.0188 -> 0.0166  accuracy: 100.00% -> 100.00%    
---------------------------- TRAINING EPOCH: 60 ----------------------------    
client [21] (testset)   loss: 0.3963 -> 0.3740  accuracy: 83.23% -> 87.58%      
client [84] (testset)   loss: 0.0149 -> 0.0138  accuracy: 100.00% -> 100.00%    
client [10] (testset)   loss: 0.1245 -> 0.1163  accuracy: 94.12% -> 94.12%      
client [36] (testset)   loss: 0.2191 -> 0.2078  accuracy: 92.78% -> 93.43%      
client [65] (testset)   loss: 0.9834 -> 0.9385  accuracy: 81.25% -> 81.25%      
client [81] (testset)   loss: 0.2023 -> 0.7565  accuracy: 94.44% -> 50.00%      
client [79] (testset)   loss: 0.3732 -> 0.4010  accuracy: 86.70% -> 86.21%      
client [42] (testset)   loss: 0.0779 -> 0.0771  accuracy: 98.06% -> 98.30%      
client [11] (testset)   loss: 0.4084 -> 0.4168  accuracy: 86.55% -> 82.06%      
client [96] (testset)   loss: 0.4489 -> 0.4400  accuracy: 85.40% -> 84.67%      
---------------------------- TRAINING EPOCH: 70 ----------------------------    
client [8]  (testset)   loss: 0.4441 -> 0.4633  accuracy: 88.69% -> 89.58%      
client [53] (testset)   loss: 0.0454 -> 0.0434  accuracy: 98.80% -> 98.80%      
client [52] (testset)   loss: 0.3212 -> 0.2934  accuracy: 86.44% -> 86.44%      
client [42] (testset)   loss: 0.0749 -> 0.0743  accuracy: 98.30% -> 98.18%      
client [69] (testset)   loss: 0.2041 -> 0.2389  accuracy: 95.06% -> 94.44%      
client [59] (testset)   loss: 0.4873 -> 0.5031  accuracy: 85.40% -> 86.86%      
client [7]  (testset)   loss: 0.1040 -> 0.0983  accuracy: 96.94% -> 96.94%      
client [26] (testset)   loss: 0.0880 -> 0.1238  accuracy: 96.66% -> 95.23%      
client [49] (testset)   loss: 0.0616 -> 0.0548  accuracy: 99.57% -> 99.14%      
client [98] (testset)   loss: 0.8944 -> 0.7768  accuracy: 42.55% -> 51.06%      
---------------------------- TRAINING EPOCH: 80 ----------------------------    
client [98] (testset)   loss: 0.7877 -> 0.6581  accuracy: 48.94% -> 61.70%      
client [47] (testset)   loss: 0.1538 -> 0.1355  accuracy: 94.35% -> 94.57%      
client [21] (testset)   loss: 0.3380 -> 0.4726  accuracy: 85.71% -> 83.23%      
client [77] (testset)   loss: 0.0826 -> 0.0776  accuracy: 95.85% -> 95.85%      
client [95] (testset)   loss: 0.2672 -> 0.2383  accuracy: 92.59% -> 94.44%      
client [91] (testset)   loss: 0.7233 -> 0.7440  accuracy: 92.31% -> 92.31%      
client [14] (testset)   loss: 0.3370 -> 0.3334  accuracy: 87.62% -> 88.57%      
client [99] (testset)   loss: 0.1006 -> 0.0988  accuracy: 98.16% -> 98.16%      
client [20] (testset)   loss: 0.0638 -> 0.0663  accuracy: 98.66% -> 98.39%      
client [39] (testset)   loss: 0.1727 -> 0.1554  accuracy: 100.00% -> 100.00%    
---------------------------- TRAINING EPOCH: 90 ----------------------------    
client [52] (testset)   loss: 0.2937 -> 0.3203  accuracy: 86.44% -> 86.44%      
client [62] (testset)   loss: 0.3864 -> 0.3979  accuracy: 90.00% -> 90.00%      
client [71] (testset)   loss: 0.0883 -> 0.0798  accuracy: 94.57% -> 94.57%      
client [97] (testset)   loss: 0.0600 -> 0.0667  accuracy: 98.27% -> 98.27%      
client [30] (testset)   loss: 0.2927 -> 0.3107  accuracy: 96.15% -> 96.15%      
client [88] (testset)   loss: 0.6053 -> 0.6329  accuracy: 76.83% -> 74.39%      
client [60] (testset)   loss: 0.2070 -> 0.1928  accuracy: 93.73% -> 94.83%      
client [82] (testset)   loss: 0.1194 -> 0.1202  accuracy: 98.29% -> 98.29%      
client [91] (testset)   loss: 0.7541 -> 0.7715  accuracy: 92.31% -> 92.31%      
client [57] (testset)   loss: 0.0604 -> 0.0539  accuracy: 98.54% -> 98.18%      
---------------------------- TRAINING EPOCH: 100 ----------------------------   
client [31] (testset)   loss: 0.2750 -> 0.2885  accuracy: 89.23% -> 89.23%      
client [15] (testset)   loss: 0.3159 -> 0.2653  accuracy: 87.50% -> 90.62%      
client [71] (testset)   loss: 0.0799 -> 0.0873  accuracy: 94.57% -> 95.11%      
client [97] (testset)   loss: 0.0638 -> 0.0604  accuracy: 98.27% -> 97.84%      
client [53] (testset)   loss: 0.0476 -> 0.0462  accuracy: 98.80% -> 98.80%      
client [77] (testset)   loss: 0.0779 -> 0.0728  accuracy: 95.85% -> 95.85%      
client [76] (testset)   loss: 0.7023 -> 0.7061  accuracy: 73.33% -> 60.00%      
client [79] (testset)   loss: 0.3176 -> 0.3067  accuracy: 88.18% -> 87.68%      
client [28] (testset)   loss: 0.1350 -> 0.1257  accuracy: 94.64% -> 94.64%      
client [99] (testset)   loss: 0.1026 -> 0.1005  accuracy: 98.16% -> 97.89%      
---------------------------- TRAINING EPOCH: 110 ----------------------------   
client [97] (testset)   loss: 0.0642 -> 0.0588  accuracy: 97.84% -> 98.27%      
client [86] (testset)   loss: 0.5226 -> 0.4925  accuracy: 82.35% -> 82.35%      
client [34] (testset)   loss: 0.3981 -> 0.4141  accuracy: 92.31% -> 96.15%      
client [73] (testset)   loss: 0.0680 -> 0.0579  accuracy: 98.47% -> 98.47%      
client [5]  (testset)   loss: 0.2043 -> 0.1874  accuracy: 92.86% -> 93.33%      
client [96] (testset)   loss: 0.3626 -> 0.3259  accuracy: 89.78% -> 91.24%      
client [22] (testset)   loss: 0.0954 -> 0.0926  accuracy: 96.91% -> 96.91%      
client [60] (testset)   loss: 0.1918 -> 0.1871  accuracy: 94.83% -> 95.57%      
client [66] (testset)   loss: 0.2592 -> 0.1852  accuracy: 90.04% -> 92.83%      
client [83] (testset)   loss: 0.0612 -> 0.0602  accuracy: 98.09% -> 98.09%      
---------------------------- TRAINING EPOCH: 120 ----------------------------   
client [76] (testset)   loss: 0.5190 -> 0.5102  accuracy: 86.67% -> 80.00%      
client [65] (testset)   loss: 0.8270 -> 0.8075  accuracy: 84.38% -> 84.38%      
client [95] (testset)   loss: 0.4266 -> 0.2202  accuracy: 81.48% -> 90.74%      
client [17] (testset)   loss: 0.2014 -> 0.1894  accuracy: 92.51% -> 94.65%      
client [8]  (testset)   loss: 0.4232 -> 0.4308  accuracy: 89.58% -> 89.58%      
client [35] (testset)   loss: 0.0430 -> 0.0401  accuracy: 100.00% -> 100.00%    
client [98] (testset)   loss: 0.6664 -> 0.6515  accuracy: 61.70% -> 61.70%      
client [53] (testset)   loss: 0.0436 -> 0.0491  accuracy: 98.80% -> 98.49%      
client [43] (testset)   loss: 0.2724 -> 0.2279  accuracy: 87.69% -> 92.31%      
client [64] (testset)   loss: 0.1937 -> 0.1842  accuracy: 93.98% -> 93.98%      
---------------------------- TRAINING EPOCH: 130 ----------------------------   
client [21] (testset)   loss: 0.9661 -> 0.2973  accuracy: 64.60% -> 88.82%      
client [88] (testset)   loss: 0.4466 -> 0.4396  accuracy: 80.49% -> 81.71%      
client [38] (testset)   loss: 0.5481 -> 0.5945  accuracy: 80.52% -> 81.82%      
client [3]  (testset)   loss: 0.2588 -> 0.1531  accuracy: 90.66% -> 94.16%      
client [5]  (testset)   loss: 0.1741 -> 0.1740  accuracy: 93.33% -> 94.29%      
client [41] (testset)   loss: 0.2606 -> 0.3737  accuracy: 91.53% -> 87.10%      
client [7]  (testset)   loss: 0.0917 -> 0.0924  accuracy: 96.94% -> 96.51%      
client [37] (testset)   loss: 0.2332 -> 0.2341  accuracy: 91.30% -> 90.22%      
client [45] (testset)   loss: 0.4685 -> 0.4237  accuracy: 78.38% -> 78.38%      
client [47] (testset)   loss: 0.5110 -> 0.1264  accuracy: 80.22% -> 95.22%      
---------------------------- TRAINING EPOCH: 140 ----------------------------   
client [16] (testset)   loss: 0.0386 -> 0.0416  accuracy: 99.17% -> 99.17%      
client [11] (testset)   loss: 0.3257 -> 0.3260  accuracy: 86.55% -> 87.89%      
client [37] (testset)   loss: 0.2077 -> 0.1900  accuracy: 92.39% -> 92.39%      
client [41] (testset)   loss: 0.3590 -> 0.2671  accuracy: 87.50% -> 90.73%      
client [95] (testset)   loss: 0.2073 -> 0.1796  accuracy: 90.74% -> 92.59%      
client [53] (testset)   loss: 0.0489 -> 0.0440  accuracy: 98.49% -> 98.80%      
client [22] (testset)   loss: 0.0857 -> 0.0843  accuracy: 96.91% -> 96.91%      
client [25] (testset)   loss: 0.1910 -> 0.1725  accuracy: 96.15% -> 94.23%      
client [69] (testset)   loss: 0.2234 -> 0.3923  accuracy: 95.68% -> 87.04%      
client [46] (testset)   loss: 0.3535 -> 0.7012  accuracy: 90.62% -> 59.38%      
---------------------------- TRAINING EPOCH: 150 ----------------------------   
client [47] (testset)   loss: 0.1080 -> 0.1520  accuracy: 96.30% -> 95.00%      
client [69] (testset)   loss: 0.2208 -> 0.2418  accuracy: 96.30% -> 95.68%      
client [82] (testset)   loss: 0.1254 -> 0.1283  accuracy: 98.29% -> 98.29%      
client [45] (testset)   loss: 0.3767 -> 0.3746  accuracy: 81.08% -> 81.08%      
client [7]  (testset)   loss: 0.0927 -> 0.0865  accuracy: 96.51% -> 96.51%      
client [50] (testset)   loss: 0.0599 -> 0.0545  accuracy: 98.58% -> 98.29%      
client [35] (testset)   loss: 0.0392 -> 0.0409  accuracy: 100.00% -> 100.00%    
client [24] (testset)   loss: 0.4699 -> 0.5391  accuracy: 84.57% -> 80.57%      
client [15] (testset)   loss: 0.2728 -> 0.2495  accuracy: 91.25% -> 90.31%      
client [58] (testset)   loss: 0.1922 -> 0.2322  accuracy: 94.90% -> 91.33%      
---------------------------- TRAINING EPOCH: 160 ----------------------------   
client [48] (testset)   loss: 0.1097 -> 0.1087  accuracy: 98.73% -> 98.73%      
client [76] (testset)   loss: 0.4903 -> 0.4219  accuracy: 80.00% -> 86.67%      
client [67] (testset)   loss: 0.1995 -> 0.2057  accuracy: 94.85% -> 94.85%      
client [37] (testset)   loss: 0.1847 -> 0.2050  accuracy: 93.48% -> 92.39%      
client [58] (testset)   loss: 0.1917 -> 0.1903  accuracy: 93.88% -> 94.90%      
client [64] (testset)   loss: 0.2459 -> 0.2228  accuracy: 90.98% -> 92.48%      
client [77] (testset)   loss: 0.0653 -> 0.0661  accuracy: 96.89% -> 96.89%      
client [55] (testset)   loss: 0.0050 -> 0.0053  accuracy: 100.00% -> 100.00%    
client [12] (testset)   loss: 0.1593 -> 0.1561  accuracy: 94.55% -> 94.67%      
client [89] (testset)   loss: 0.5813 -> 0.5440  accuracy: 78.95% -> 78.95%      
---------------------------- TRAINING EPOCH: 170 ----------------------------   
client [84] (testset)   loss: 0.0055 -> 0.0051  accuracy: 100.00% -> 100.00%    
client [51] (testset)   loss: 0.0828 -> 0.0845  accuracy: 97.55% -> 97.55%      
client [8]  (testset)   loss: 0.4297 -> 0.4542  accuracy: 90.18% -> 88.99%      
client [18] (testset)   loss: 0.0563 -> 0.0534  accuracy: 97.01% -> 97.01%      
client [94] (testset)   loss: 0.2395 -> 0.2525  accuracy: 92.37% -> 93.13%      
client [81] (testset)   loss: 0.0733 -> 0.0594  accuracy: 98.15% -> 98.15%      
client [3]  (testset)   loss: 0.1805 -> 0.2001  accuracy: 93.00% -> 94.16%      
client [11] (testset)   loss: 0.3263 -> 0.3245  accuracy: 87.89% -> 88.34%      
client [95] (testset)   loss: 0.1854 -> 0.1904  accuracy: 90.74% -> 90.74%      
client [67] (testset)   loss: 0.2055 -> 0.2018  accuracy: 94.85% -> 94.50%      
---------------------------- TRAINING EPOCH: 180 ----------------------------   
client [21] (testset)   loss: 0.3834 -> 0.6305  accuracy: 86.96% -> 78.26%      
client [79] (testset)   loss: 1.3580 -> 0.3323  accuracy: 57.14% -> 89.16%      
client [58] (testset)   loss: 0.1935 -> 0.1976  accuracy: 94.39% -> 94.90%      
client [88] (testset)   loss: 0.4100 -> 0.4893  accuracy: 86.59% -> 82.93%      
client [46] (testset)   loss: 0.3460 -> 0.3535  accuracy: 90.62% -> 90.62%      
client [11] (testset)   loss: 0.3233 -> 0.3455  accuracy: 88.34% -> 87.44%      
client [55] (testset)   loss: 0.0057 -> 0.0031  accuracy: 100.00% -> 100.00%    
client [13] (testset)   loss: 0.4799 -> 0.4368  accuracy: 87.82% -> 87.18%      
client [31] (testset)   loss: 0.4295 -> 0.3270  accuracy: 84.62% -> 84.62%      
client [75] (testset)   loss: 0.3032 -> 0.3309  accuracy: 89.47% -> 88.52%      
---------------------------- TRAINING EPOCH: 190 ----------------------------   
client [19] (testset)   loss: 0.3550 -> 0.2696  accuracy: 84.75% -> 84.75%      
client [7]  (testset)   loss: 0.0781 -> 0.0874  accuracy: 96.94% -> 96.51%      
client [57] (testset)   loss: 0.0429 -> 0.0424  accuracy: 99.27% -> 98.54%      
client [13] (testset)   loss: 0.5330 -> 0.4836  accuracy: 87.18% -> 87.82%      
client [43] (testset)   loss: 0.2239 -> 0.1946  accuracy: 89.23% -> 93.85%      
client [91] (testset)   loss: 0.8079 -> 0.8111  accuracy: 92.31% -> 92.31%      
client [10] (testset)   loss: 0.0422 -> 0.0417  accuracy: 100.00% -> 98.53%     
client [64] (testset)   loss: 0.1848 -> 0.1908  accuracy: 93.98% -> 93.23%      
client [82] (testset)   loss: 0.1365 -> 0.1401  accuracy: 98.29% -> 98.63%      
client [22] (testset)   loss: 0.1361 -> 0.0689  accuracy: 93.81% -> 98.97%      
---------------------------- TRAINING EPOCH: 200 ----------------------------   
client [20] (testset)   loss: 0.0648 -> 0.0631  accuracy: 98.12% -> 98.39%      
client [23] (testset)   loss: 0.1571 -> 0.1591  accuracy: 93.94% -> 93.94%      
client [88] (testset)   loss: 0.4878 -> 0.3938  accuracy: 81.71% -> 86.59%      
client [98] (testset)   loss: 0.5710 -> 0.4017  accuracy: 72.34% -> 93.62%      
client [79] (testset)   loss: 0.3178 -> 0.4115  accuracy: 89.66% -> 88.18%      
client [21] (testset)   loss: 0.3230 -> 0.3255  accuracy: 90.68% -> 90.68%      
client [92] (testset)   loss: 0.2375 -> 0.2386  accuracy: 94.89% -> 94.89%      
client [56] (testset)   loss: 0.8399 -> 0.4647  accuracy: 61.34% -> 81.51%      
client [5]  (testset)   loss: 0.1713 -> 0.1831  accuracy: 94.76% -> 95.71%      
client [52] (testset)   loss: 0.2444 -> 0.2485  accuracy: 89.83% -> 89.83%      
---------------------------- TRAINING EPOCH: 210 ----------------------------   
client [67] (testset)   loss: 0.2218 -> 0.2208  accuracy: 95.88% -> 95.53%      
client [54] (testset)   loss: 0.3232 -> 0.3204  accuracy: 85.71% -> 85.71%      
client [14] (testset)   loss: 0.3359 -> 0.3594  accuracy: 89.76% -> 90.48%      
client [99] (testset)   loss: 0.1020 -> 0.0975  accuracy: 98.16% -> 98.16%      
client [36] (testset)   loss: 0.2656 -> 0.2684  accuracy: 93.76% -> 94.42%      
client [30] (testset)   loss: 0.3132 -> 0.3221  accuracy: 96.15% -> 96.15%      
client [38] (testset)   loss: 0.5339 -> 0.6533  accuracy: 79.22% -> 80.52%      
client [15] (testset)   loss: 0.2413 -> 0.2394  accuracy: 90.31% -> 90.94%      
client [6]  (testset)   loss: 0.1416 -> 0.1397  accuracy: 95.45% -> 94.81%      
client [53] (testset)   loss: 0.0436 -> 0.0431  accuracy: 98.80% -> 98.80%      
---------------------------- TRAINING EPOCH: 220 ----------------------------   
client [99] (testset)   loss: 0.0967 -> 0.1058  accuracy: 98.42% -> 97.89%      
client [6]  (testset)   loss: 0.1402 -> 0.1482  accuracy: 94.81% -> 95.45%      
client [83] (testset)   loss: 0.0512 -> 0.0486  accuracy: 98.09% -> 98.09%      
client [42] (testset)   loss: 0.0818 -> 0.0752  accuracy: 98.55% -> 98.55%      
client [34] (testset)   loss: 0.4865 -> 0.4393  accuracy: 88.46% -> 92.31%      
client [15] (testset)   loss: 0.2396 -> 0.2373  accuracy: 90.62% -> 90.94%      
client [47] (testset)   loss: 0.2151 -> 0.1593  accuracy: 93.48% -> 95.65%      
client [55] (testset)   loss: 0.0054 -> 0.0039  accuracy: 100.00% -> 100.00%    
client [51] (testset)   loss: 0.0856 -> 0.0816  accuracy: 97.55% -> 97.55%      
client [95] (testset)   loss: 0.1939 -> 0.2446  accuracy: 90.74% -> 88.89%      
---------------------------- TRAINING EPOCH: 230 ----------------------------   
client [71] (testset)   loss: 0.0881 -> 0.1701  accuracy: 95.11% -> 90.22%      
client [15] (testset)   loss: 0.2367 -> 0.2383  accuracy: 90.94% -> 90.62%      
client [33] (testset)   loss: 0.1661 -> 0.1636  accuracy: 94.74% -> 94.74%      
client [99] (testset)   loss: 0.1055 -> 0.1105  accuracy: 98.16% -> 97.89%      
client [90] (testset)   loss: 0.1032 -> 0.0977  accuracy: 95.27% -> 95.95%      
client [57] (testset)   loss: 0.0441 -> 0.0454  accuracy: 98.54% -> 98.54%      
client [27] (testset)   loss: 0.0606 -> 0.0514  accuracy: 95.35% -> 97.67%      
client [78] (testset)   loss: 0.0426 -> 0.0407  accuracy: 99.21% -> 99.21%      
client [36] (testset)   loss: 0.2467 -> 0.2676  accuracy: 94.09% -> 93.76%      
client [88] (testset)   loss: 0.3872 -> 0.3903  accuracy: 86.59% -> 86.59%      
---------------------------- TRAINING EPOCH: 240 ----------------------------   
client [70] (testset)   loss: 0.4194 -> 0.4265  accuracy: 91.89% -> 91.89%      
client [35] (testset)   loss: 0.0293 -> 0.0285  accuracy: 100.00% -> 100.00%    
client [16] (testset)   loss: 0.0473 -> 0.0605  accuracy: 98.33% -> 98.33%      
client [80] (testset)   loss: 0.0497 -> 0.0505  accuracy: 98.08% -> 98.08%      
client [38] (testset)   loss: 0.5722 -> 0.5733  accuracy: 80.52% -> 80.52%      
client [78] (testset)   loss: 0.0394 -> 0.0377  accuracy: 99.21% -> 99.21%      
client [68] (testset)   loss: 0.2169 -> 0.1779  accuracy: 91.82% -> 94.55%      
client [11] (testset)   loss: 0.3253 -> 0.3275  accuracy: 89.24% -> 88.34%      
client [64] (testset)   loss: 0.1814 -> 0.1743  accuracy: 93.23% -> 93.98%      
client [82] (testset)   loss: 0.1492 -> 0.1494  accuracy: 98.63% -> 98.63%      
---------------------------- TRAINING EPOCH: 250 ----------------------------   
client [30] (testset)   loss: 0.3264 -> 0.3265  accuracy: 97.12% -> 96.15%      
client [27] (testset)   loss: 0.0517 -> 0.0476  accuracy: 97.67% -> 97.67%      
client [74] (testset)   loss: 0.3424 -> 0.1710  accuracy: 88.89% -> 88.89%      
client [45] (testset)   loss: 0.3381 -> 0.3207  accuracy: 86.49% -> 86.49%      
client [6]  (testset)   loss: 0.1465 -> 0.1484  accuracy: 95.45% -> 95.45%      
client [36] (testset)   loss: 0.2495 -> 0.2909  accuracy: 94.42% -> 93.76%      
client [63] (testset)   loss: 0.0786 -> 0.0649  accuracy: 96.91% -> 97.94%      
client [76] (testset)   loss: 0.3749 -> 0.3649  accuracy: 86.67% -> 86.67%      
client [83] (testset)   loss: 0.0484 -> 0.0515  accuracy: 98.09% -> 98.09%      
client [86] (testset)   loss: 0.3215 -> 0.3316  accuracy: 88.24% -> 88.24%      
---------------------------- TRAINING EPOCH: 260 ----------------------------   
client [83] (testset)   loss: 0.0517 -> 0.0482  accuracy: 98.09% -> 98.09%      
client [99] (testset)   loss: 0.1011 -> 0.1023  accuracy: 98.16% -> 98.16%      
client [74] (testset)   loss: 0.4897 -> 0.4299  accuracy: 81.48% -> 85.19%      
client [73] (testset)   loss: 0.0595 -> 0.0601  accuracy: 98.47% -> 98.47%      
client [29] (testset)   loss: 0.2781 -> 0.3372  accuracy: 92.41% -> 89.87%      
client [92] (testset)   loss: 0.2385 -> 0.2369  accuracy: 95.62% -> 95.62%      
client [6]  (testset)   loss: 0.1485 -> 0.1510  accuracy: 94.81% -> 94.81%      
client [61] (testset)   loss: 0.0763 -> 0.0792  accuracy: 97.56% -> 98.78%      
client [21] (testset)   loss: 0.3242 -> 0.3641  accuracy: 88.82% -> 88.82%      
client [67] (testset)   loss: 0.2364 -> 0.2369  accuracy: 95.53% -> 95.88%      
---------------------------- TRAINING EPOCH: 270 ----------------------------   
client [83] (testset)   loss: 0.0484 -> 0.0498  accuracy: 98.09% -> 98.09%      
client [32] (testset)   loss: 0.2928 -> 0.3777  accuracy: 90.56% -> 88.89%      
client [95] (testset)   loss: 0.1750 -> 0.1881  accuracy: 90.74% -> 90.74%      
client [61] (testset)   loss: 0.0847 -> 0.0725  accuracy: 97.56% -> 97.56%      
client [27] (testset)   loss: 0.0477 -> 0.0494  accuracy: 97.67% -> 97.67%      
client [25] (testset)   loss: 0.1829 -> 0.1787  accuracy: 93.27% -> 95.19%      
client [68] (testset)   loss: 0.1778 -> 0.1878  accuracy: 94.55% -> 94.55%      
client [34] (testset)   loss: 0.4055 -> 0.4872  accuracy: 96.15% -> 88.46%      
client [71] (testset)   loss: 0.0968 -> 0.0856  accuracy: 95.65% -> 96.20%      
client [89] (testset)   loss: 0.5808 -> 0.5582  accuracy: 78.95% -> 78.95%      
---------------------------- TRAINING EPOCH: 280 ----------------------------   
client [78] (testset)   loss: 0.0300 -> 0.0286  accuracy: 99.21% -> 99.21%      
client [81] (testset)   loss: 0.0642 -> 0.0684  accuracy: 98.15% -> 98.15%      
client [51] (testset)   loss: 0.0853 -> 0.0851  accuracy: 97.55% -> 97.55%      
client [54] (testset)   loss: 0.3865 -> 0.3742  accuracy: 85.71% -> 88.31%      
client [65] (testset)   loss: 0.7911 -> 0.7656  accuracy: 84.38% -> 87.50%      
client [41] (testset)   loss: 0.2721 -> 0.2875  accuracy: 92.34% -> 91.94%      
client [11] (testset)   loss: 0.3434 -> 0.3333  accuracy: 88.34% -> 88.34%      
client [85] (testset)   loss: 0.2474 -> 0.2425  accuracy: 96.49% -> 96.49%      
client [12] (testset)   loss: 0.1795 -> 0.2121  accuracy: 95.14% -> 94.08%      
client [23] (testset)   loss: 0.1313 -> 0.1911  accuracy: 94.95% -> 93.94%      
---------------------------- TRAINING EPOCH: 290 ----------------------------   
client [16] (testset)   loss: 0.0567 -> 0.0565  accuracy: 98.33% -> 98.33%      
client [65] (testset)   loss: 0.8076 -> 0.8020  accuracy: 84.38% -> 84.38%      
client [53] (testset)   loss: 0.0496 -> 0.0464  accuracy: 99.10% -> 98.80%      
client [58] (testset)   loss: 0.2193 -> 0.2081  accuracy: 93.37% -> 94.39%      
client [72] (testset)   loss: 0.0688 -> 0.0741  accuracy: 98.25% -> 98.25%      
client [7]  (testset)   loss: 0.0728 -> 0.0701  accuracy: 96.94% -> 97.38%      
client [71] (testset)   loss: 0.0858 -> 0.0914  accuracy: 96.20% -> 95.65%      
client [59] (testset)   loss: 0.6954 -> 0.6749  accuracy: 86.13% -> 88.32%      
client [86] (testset)   loss: 0.3164 -> 0.3279  accuracy: 88.24% -> 88.24%      
client [39] (testset)   loss: 0.1138 -> 0.0653  accuracy: 100.00% -> 100.00%    
---------------------------- TRAINING EPOCH: 300 ----------------------------   
client [99] (testset)   loss: 0.1001 -> 0.1129  accuracy: 98.68% -> 97.89%      
client [7]  (testset)   loss: 0.0697 -> 0.0700  accuracy: 96.94% -> 97.38%      
client [17] (testset)   loss: 0.2287 -> 0.2169  accuracy: 94.12% -> 94.12%      
client [64] (testset)   loss: 0.1779 -> 0.1775  accuracy: 93.98% -> 93.98%      
client [37] (testset)   loss: 0.1876 -> 0.1797  accuracy: 92.39% -> 91.30%      
client [29] (testset)   loss: 0.2563 -> 0.3872  accuracy: 89.87% -> 89.87%      
client [93] (testset)   loss: 0.0213 -> 0.0221  accuracy: 100.00% -> 100.00%    
client [73] (testset)   loss: 0.0633 -> 0.0608  accuracy: 98.47% -> 98.47%      
client [40] (testset)   loss: 0.1962 -> 0.3375  accuracy: 93.33% -> 90.00%      
client [76] (testset)   loss: 0.3898 -> 0.4301  accuracy: 86.67% -> 86.67%      
---------------------------- TRAINING EPOCH: 310 ----------------------------   
client [31] (testset)   loss: 0.3088 -> 1.0976  accuracy: 89.23% -> 66.15%      
client [89] (testset)   loss: 0.5694 -> 0.5370  accuracy: 78.95% -> 78.95%      
client [77] (testset)   loss: 0.0477 -> 0.0472  accuracy: 97.93% -> 97.93%      
client [90] (testset)   loss: 0.1092 -> 0.1065  accuracy: 96.62% -> 96.62%      
client [26] (testset)   loss: 0.0666 -> 0.0767  accuracy: 98.09% -> 97.93%      
client [50] (testset)   loss: 0.0553 -> 0.0529  accuracy: 98.86% -> 98.58%      
client [30] (testset)   loss: 0.3425 -> 0.3404  accuracy: 96.15% -> 97.12%      
client [70] (testset)   loss: 0.4438 -> 0.4523  accuracy: 91.89% -> 91.89%      
client [41] (testset)   loss: 0.2860 -> 0.3963  accuracy: 94.35% -> 90.32%      
client [99] (testset)   loss: 0.1119 -> 0.1102  accuracy: 97.89% -> 97.89%      
---------------------------- TRAINING EPOCH: 320 ----------------------------   
client [68] (testset)   loss: 0.1873 -> 0.1911  accuracy: 94.55% -> 94.55%      
client [70] (testset)   loss: 0.4595 -> 0.4639  accuracy: 91.89% -> 91.89%      
client [52] (testset)   loss: 0.2488 -> 0.2852  accuracy: 88.14% -> 89.83%      
client [1]  (testset)   loss: 0.6232 -> 0.6281  accuracy: 92.06% -> 92.06%      
client [2]  (testset)   loss: 0.0271 -> 0.0273  accuracy: 99.12% -> 99.12%      
client [67] (testset)   loss: 0.2636 -> 0.2675  accuracy: 95.88% -> 95.88%      
client [92] (testset)   loss: 0.2609 -> 0.2622  accuracy: 95.62% -> 95.62%      
client [35] (testset)   loss: 0.0225 -> 0.0215  accuracy: 100.00% -> 100.00%    
client [36] (testset)   loss: 0.3049 -> 0.3266  accuracy: 93.92% -> 93.92%      
client [64] (testset)   loss: 0.1940 -> 0.1834  accuracy: 93.23% -> 93.23%      
---------------------------- TRAINING EPOCH: 330 ----------------------------   
client [44] (testset)   loss: 0.1233 -> 0.1291  accuracy: 96.23% -> 97.17%      
client [6]  (testset)   loss: 0.1629 -> 0.1616  accuracy: 95.45% -> 94.81%      
client [12] (testset)   loss: 0.1887 -> 0.1909  accuracy: 95.14% -> 94.91%      
client [55] (testset)   loss: 0.0027 -> 0.0029  accuracy: 100.00% -> 100.00%    
client [29] (testset)   loss: 0.3443 -> 0.2708  accuracy: 91.14% -> 89.87%      
client [9]  (testset)   loss: 0.1510 -> 0.1490  accuracy: 95.49% -> 95.49%      
client [43] (testset)   loss: 0.1725 -> 0.2483  accuracy: 93.85% -> 90.77%      
client [77] (testset)   loss: 0.0475 -> 0.0476  accuracy: 97.93% -> 98.45%      
client [98] (testset)   loss: 0.5276 -> 0.5056  accuracy: 89.36% -> 89.36%      
client [78] (testset)   loss: 0.0253 -> 0.0255  accuracy: 99.21% -> 99.21%      
---------------------------- TRAINING EPOCH: 340 ----------------------------   
client [92] (testset)   loss: 0.2729 -> 0.2698  accuracy: 95.62% -> 95.62%      
client [80] (testset)   loss: 0.0468 -> 0.0457  accuracy: 98.08% -> 98.08%      
client [63] (testset)   loss: 0.0704 -> 0.0687  accuracy: 96.91% -> 96.91%      
client [76] (testset)   loss: 0.4296 -> 0.3565  accuracy: 86.67% -> 86.67%      
client [78] (testset)   loss: 0.0254 -> 0.0240  accuracy: 99.21% -> 99.21%      
client [25] (testset)   loss: 0.1766 -> 0.1937  accuracy: 96.15% -> 95.19%      
client [58] (testset)   loss: 0.2223 -> 0.2172  accuracy: 94.90% -> 94.39%      
client [13] (testset)   loss: 0.5849 -> 0.5635  accuracy: 87.18% -> 86.22%      
client [17] (testset)   loss: 0.2328 -> 0.2329  accuracy: 94.12% -> 93.58%      
client [38] (testset)   loss: 0.6011 -> 0.5432  accuracy: 85.71% -> 85.71%      
---------------------------- TRAINING EPOCH: 350 ----------------------------   
client [72] (testset)   loss: 0.0670 -> 0.0731  accuracy: 98.25% -> 98.25%      
client [82] (testset)   loss: 0.1645 -> 0.1683  accuracy: 98.63% -> 98.63%      
client [86] (testset)   loss: 0.3045 -> 0.3101  accuracy: 88.24% -> 88.24%      
client [51] (testset)   loss: 0.0865 -> 0.0893  accuracy: 97.55% -> 97.55%      
client [96] (testset)   loss: 0.3875 -> 0.3719  accuracy: 89.05% -> 89.78%      
client [42] (testset)   loss: 0.0926 -> 0.0942  accuracy: 98.67% -> 98.67%      
client [55] (testset)   loss: 0.0022 -> 0.0023  accuracy: 100.00% -> 100.00%    
client [13] (testset)   loss: 0.6475 -> 0.6145  accuracy: 87.18% -> 87.18%      
client [1]  (testset)   loss: 0.6380 -> 0.6437  accuracy: 92.06% -> 93.65%      
client [12] (testset)   loss: 0.1906 -> 0.1938  accuracy: 95.02% -> 94.55%      
---------------------------- TRAINING EPOCH: 360 ----------------------------   
client [68] (testset)   loss: 0.1879 -> 0.1752  accuracy: 94.55% -> 94.55%      
client [23] (testset)   loss: 0.2038 -> 0.1806  accuracy: 93.94% -> 94.95%      
client [46] (testset)   loss: 0.3382 -> 0.3860  accuracy: 93.75% -> 91.67%      
client [41] (testset)   loss: 0.2935 -> 0.3224  accuracy: 93.55% -> 91.13%      
client [25] (testset)   loss: 0.1958 -> 0.1886  accuracy: 96.15% -> 96.15%      
client [58] (testset)   loss: 0.2273 -> 0.2403  accuracy: 94.39% -> 94.90%      
client [14] (testset)   loss: 0.4311 -> 0.4286  accuracy: 90.48% -> 90.00%      
client [33] (testset)   loss: 0.1628 -> 0.1550  accuracy: 94.74% -> 95.32%      
client [85] (testset)   loss: 0.2486 -> 0.2490  accuracy: 98.25% -> 98.25%      
client [62] (testset)   loss: 0.5743 -> 0.5893  accuracy: 90.00% -> 90.00%      
---------------------------- TRAINING EPOCH: 370 ----------------------------   
client [98] (testset)   loss: 0.5816 -> 0.7234  accuracy: 87.23% -> 76.60%      
client [63] (testset)   loss: 0.0636 -> 0.0685  accuracy: 97.94% -> 96.91%      
client [70] (testset)   loss: 0.4859 -> 0.4888  accuracy: 91.89% -> 91.89%      
client [65] (testset)   loss: 0.7919 -> 0.7732  accuracy: 87.50% -> 84.38%      
client [14] (testset)   loss: 0.4465 -> 0.4360  accuracy: 89.29% -> 89.29%      
client [73] (testset)   loss: 0.0615 -> 0.0678  accuracy: 98.47% -> 98.47%      
client [34] (testset)   loss: 0.4131 -> 0.4138  accuracy: 96.15% -> 96.15%      
client [99] (testset)   loss: 0.1138 -> 0.1109  accuracy: 97.89% -> 98.16%      
client [69] (testset)   loss: 0.2739 -> 0.2990  accuracy: 96.30% -> 95.06%      
client [46] (testset)   loss: 0.3821 -> 0.3698  accuracy: 92.71% -> 93.75%      
---------------------------- TRAINING EPOCH: 380 ----------------------------   
client [99] (testset)   loss: 0.1113 -> 0.1042  accuracy: 98.16% -> 98.68%      
client [93] (testset)   loss: 0.0243 -> 0.0260  accuracy: 98.31% -> 98.31%      
client [11] (testset)   loss: 0.3742 -> 0.3644  accuracy: 88.34% -> 88.79%      
client [58] (testset)   loss: 0.2367 -> 0.2531  accuracy: 93.88% -> 94.39%      
client [81] (testset)   loss: 0.0644 -> 0.0683  accuracy: 98.15% -> 98.15%      
client [85] (testset)   loss: 0.2493 -> 0.2592  accuracy: 98.25% -> 98.25%      
client [89] (testset)   loss: 0.5346 -> 0.5422  accuracy: 78.95% -> 78.95%      
client [45] (testset)   loss: 0.3501 -> 0.3818  accuracy: 86.49% -> 86.49%      
client [8]  (testset)   loss: 0.5833 -> 0.5329  accuracy: 90.77% -> 91.07%      
client [68] (testset)   loss: 0.1993 -> 0.1814  accuracy: 94.55% -> 94.55%      
---------------------------- TRAINING EPOCH: 390 ----------------------------   
client [67] (testset)   loss: 0.2733 -> 0.2779  accuracy: 95.88% -> 95.88%      
client [72] (testset)   loss: 0.0739 -> 0.0851  accuracy: 98.25% -> 96.49%      
client [1]  (testset)   loss: 0.6563 -> 0.6604  accuracy: 93.65% -> 92.06%      
client [78] (testset)   loss: 0.0188 -> 0.0188  accuracy: 99.21% -> 99.21%      
client [83] (testset)   loss: 0.0461 -> 0.0504  accuracy: 98.09% -> 98.09%      
client [21] (testset)   loss: 0.3537 -> 0.3579  accuracy: 89.44% -> 88.82%      
client [56] (testset)   loss: 0.5264 -> 0.5926  accuracy: 84.87% -> 87.39%      
client [44] (testset)   loss: 0.1264 -> 0.1270  accuracy: 97.17% -> 97.17%      
client [92] (testset)   loss: 0.2734 -> 0.2764  accuracy: 95.62% -> 95.62%      
client [27] (testset)   loss: 0.0429 -> 0.0363  accuracy: 97.67% -> 97.67%      
---------------------------- TRAINING EPOCH: 400 ----------------------------   
client [10] (testset)   loss: 0.0220 -> 0.0221  accuracy: 100.00% -> 100.00%    
client [39] (testset)   loss: 0.0575 -> 0.0815  accuracy: 100.00% -> 100.00%    
client [65] (testset)   loss: 0.8088 -> 0.8129  accuracy: 87.50% -> 87.50%      
client [26] (testset)   loss: 0.0720 -> 0.0763  accuracy: 97.93% -> 97.93%      
client [19] (testset)   loss: 0.4834 -> 0.3500  accuracy: 83.05% -> 84.75%      
client [68] (testset)   loss: 0.2039 -> 0.1909  accuracy: 94.55% -> 93.64%      
client [41] (testset)   loss: 0.3023 -> 0.3142  accuracy: 93.15% -> 92.74%      
client [50] (testset)   loss: 0.0566 -> 0.0591  accuracy: 98.86% -> 98.86%      
client [75] (testset)   loss: 0.4689 -> 0.3814  accuracy: 89.00% -> 90.91%      
client [81] (testset)   loss: 0.0806 -> 0.0674  accuracy: 98.15% -> 98.15%      
Training... ━━━━━━━━━━━━━━━━━━━━━━━━━━━━━━━━━━━━━━━━ 100% 0:07:38
PSFL's average time taken by each global epoch: 0 min 1.13 sec.                 
PSFL's total running time: 0 h 7 m 38 s.                                        
==================== PSFL Experiment Results: ====================              
Display format: (before local fine-tuning) -> (after local fine-tuning)         
 So if finetune_epoch = 0, x.xx% -> 0.00% is normal.                            
 Centralized testing ONLY happens after model aggregation, so the stats between 
'->' are the same.                                                              
{                                                                               
    "100": {                                                                    
        "all_clients": {                                                        
            "test": {                                                           
                "loss": "0.2020 -> 0.0000",                                     
                "accuracy": "93.45% -> 0.00%"                                   
            }                                                                   
        }                                                                       
    },                                                                          
    "200": {                                                                    
        "all_clients": {                                                        
            "test": {                                                           
                "loss": "0.1857 -> 0.0000",                                     
                "accuracy": "94.66% -> 0.00%"                                   
            }                                                                   
        }                                                                       
    },                                                                          
    "300": {                                                                    
        "all_clients": {                                                        
            "test": {                                                           
                "loss": "0.1965 -> 0.0000",                                     
                "accuracy": "94.79% -> 0.00%"                                   
            }                                                                   
        }                                                                       
    },                                                                          
    "400": {                                                                    
        "all_clients": {                                                        
            "test": {                                                           
                "loss": "0.2139 -> 0.0000",                                     
                "accuracy": "94.81% -> 0.00%"                                   
            }                                                                   
        }                                                                       
    }                                                                           
}                                                                               
==================== PSFL Max Accuracy ====================                     
all_clients:                                                                    
(test) before fine-tuning: 94.81% at epoch 400                                  
(test) after fine-tuning: 0.00% at epoch 100                                    
