==================== FedDpa ====================                                
Experiment Arguments:                                                           
{
│   'method': 'feddpa',
│   'dataset': {
│   │   'name': 'mnist',
│   │   'client_num': 100,
│   │   'test_ratio': 0.25,
│   │   'val_ratio': 0.0,
│   │   'seed': 42,
│   │   'split': 'sample',
│   │   'IID_ratio': 0.0,
│   │   'monitor_window_name_suffix': 'mnist-100clients-0%IID-Dir(0.1)-seed42',
│   │   'alpha': 0.1,
│   │   'min_samples_per_client': 10
│   },
│   'model': {
│   │   'name': 'avgcnn',
│   │   'use_torchvision_pretrained_weights': True,
│   │   'external_model_weights_path': None
│   },
│   'optimizer': {
│   │   'lr': 0.01,
│   │   'dampening': 0,
│   │   'weight_decay': 0,
│   │   'momentum': 0,
│   │   'nesterov': False,
│   │   'name': 'sgd'
│   },
│   'mode': 'sequential',
│   'parallel': {
│   │   'ray_cluster_addr': None,
│   │   'num_cpus': None,
│   │   'num_gpus': None,
│   │   'num_workers': 2
│   },
│   'common': {
│   │   'seed': 42,
│   │   'join_ratio': 0.1,
│   │   'global_epoch': 400,
│   │   'local_epoch': 5,
│   │   'batch_size': 32,
│   │   'reset_optimizer_on_global_epoch': True,
│   │   'straggler_ratio': 0,
│   │   'straggler_min_local_epoch': 0,
│   │   'buffers': 'global',
│   │   'client_side_evaluation': True,
│   │   'test': {
│   │   │   'client': {
│   │   │   │   'interval': 100,
│   │   │   │   'finetune_epoch': 0,
│   │   │   │   'train': False,
│   │   │   │   'val': False,
│   │   │   │   'test': True
│   │   │   },
│   │   │   'server': {
│   │   │   │   'interval': -1,
│   │   │   │   'train': False,
│   │   │   │   'val': False,
│   │   │   │   'test': False,
│   │   │   │   'model_in_train_mode': False
│   │   │   }
│   │   },
│   │   'verbose_gap': 10,
│   │   'monitor': None,
│   │   'use_cuda': True,
│   │   'save_log': True,
│   │   'save_model': False,
│   │   'save_learning_curve_plot': False,
│   │   'save_metrics': True,
│   │   'delete_useless_run': True
│   },
│   'feddpa': {
│   │   'fisher_threshold': 0.9991
│   }
}
---------------------------- TRAINING EPOCH: 10 ----------------------------    
client [77] (testset)   loss: 0.2237 -> 0.0526  accuracy: 93.15% -> 97.95%      
client [81] (testset)   loss: 0.3242 -> 0.0061  accuracy: 92.59% -> 100.00%     
client [21] (testset)   loss: 0.2715 -> 0.0276  accuracy: 90.20% -> 99.02%      
client [68] (testset)   loss: 0.0519 -> 0.0698  accuracy: 98.31% -> 98.31%      
client [93] (testset)   loss: 0.1992 -> 0.0394  accuracy: 96.77% -> 96.77%      
client [31] (testset)   loss: 0.6963 -> 0.1626  accuracy: 85.71% -> 100.00%     
client [20] (testset)   loss: 0.1710 -> 0.1053  accuracy: 95.02% -> 96.38%      
client [59] (testset)   loss: 0.1479 -> 0.0286  accuracy: 87.50% -> 100.00%     
client [48] (testset)   loss: 0.7327 -> 0.0027  accuracy: 76.70% -> 100.00%     
client [34] (testset)   loss: 0.1468 -> 0.3927  accuracy: 94.44% -> 94.44%      
---------------------------- TRAINING EPOCH: 20 ----------------------------    
client [69] (testset)   loss: 0.0377 -> 0.0142  accuracy: 98.54% -> 99.45%      
client [99] (testset)   loss: 0.4091 -> 0.1212  accuracy: 85.71% -> 95.24%      
client [67] (testset)   loss: 0.3777 -> 0.0001  accuracy: 81.08% -> 100.00%     
client [0]  (testset)   loss: 0.0700 -> 0.0144  accuracy: 96.23% -> 99.06%      
client [76] (testset)   loss: 0.0213 -> 0.0454  accuracy: 98.70% -> 98.70%      
client [41] (testset)   loss: 0.0335 -> 0.0023  accuracy: 100.00% -> 100.00%    
client [62] (testset)   loss: 0.0933 -> 0.0038  accuracy: 96.69% -> 100.00%     
client [2]  (testset)   loss: 0.0472 -> 0.0044  accuracy: 98.48% -> 100.00%     
client [14] (testset)   loss: 0.0086 -> 0.0181  accuracy: 100.00% -> 99.31%     
client [46] (testset)   loss: 0.1093 -> 0.0278  accuracy: 96.40% -> 99.10%      
---------------------------- TRAINING EPOCH: 30 ----------------------------    
client [24] (testset)   loss: 0.0797 -> 0.0889  accuracy: 97.30% -> 97.30%      
client [68] (testset)   loss: 0.0393 -> 0.0399  accuracy: 98.31% -> 98.31%      
client [57] (testset)   loss: 0.0224 -> 0.0036  accuracy: 99.52% -> 100.00%     
client [17] (testset)   loss: 0.1550 -> 0.0133  accuracy: 93.77% -> 99.22%      
client [54] (testset)   loss: 0.0087 -> 0.0125  accuracy: 100.00% -> 100.00%    
client [23] (testset)   loss: 0.0843 -> 0.0017  accuracy: 94.29% -> 100.00%     
client [35] (testset)   loss: 0.1116 -> 0.0102  accuracy: 97.06% -> 100.00%     
client [59] (testset)   loss: 0.0154 -> 0.0156  accuracy: 100.00% -> 100.00%    
client [31] (testset)   loss: 0.2751 -> 0.2426  accuracy: 85.71% -> 85.71%      
client [9]  (testset)   loss: 0.0399 -> 0.0274  accuracy: 98.53% -> 98.70%      
---------------------------- TRAINING EPOCH: 40 ----------------------------    
client [64] (testset)   loss: 0.0415 -> 0.0138  accuracy: 98.89% -> 99.17%      
client [33] (testset)   loss: 0.1625 -> 0.0543  accuracy: 96.08% -> 99.51%      
client [16] (testset)   loss: 0.0191 -> 0.0016  accuracy: 100.00% -> 100.00%    
client [44] (testset)   loss: 0.0628 -> 0.0260  accuracy: 97.91% -> 99.10%      
client [8]  (testset)   loss: 0.9075 -> 0.0059  accuracy: 80.95% -> 100.00%     
client [31] (testset)   loss: 0.0068 -> 0.0315  accuracy: 100.00% -> 100.00%    
client [47] (testset)   loss: 0.4375 -> 0.0006  accuracy: 85.23% -> 100.00%     
client [36] (testset)   loss: 0.5002 -> 0.0230  accuracy: 86.80% -> 98.98%      
client [20] (testset)   loss: 0.2015 -> 0.0676  accuracy: 94.12% -> 97.74%      
client [56] (testset)   loss: 0.0241 -> 0.0007  accuracy: 100.00% -> 100.00%    
---------------------------- TRAINING EPOCH: 50 ----------------------------    
client [4]  (testset)   loss: 0.0350 -> 0.0027  accuracy: 98.53% -> 100.00%     
client [60] (testset)   loss: 0.1371 -> 0.0499  accuracy: 97.00% -> 99.00%      
client [28] (testset)   loss: 0.0215 -> 0.0003  accuracy: 100.00% -> 100.00%    
client [25] (testset)   loss: 0.0257 -> 0.0001  accuracy: 98.85% -> 100.00%     
client [58] (testset)   loss: 0.0139 -> 0.0090  accuracy: 99.29% -> 99.29%      
client [44] (testset)   loss: 0.1006 -> 0.0274  accuracy: 98.21% -> 99.40%      
client [39] (testset)   loss: 0.0843 -> 0.0020  accuracy: 97.30% -> 100.00%     
client [29] (testset)   loss: 0.3949 -> 0.0432  accuracy: 88.19% -> 99.26%      
client [3]  (testset)   loss: 0.0486 -> 0.0097  accuracy: 98.11% -> 99.58%      
client [84] (testset)   loss: 0.0002 -> 0.0000  accuracy: 100.00% -> 100.00%    
---------------------------- TRAINING EPOCH: 60 ----------------------------    
client [21] (testset)   loss: 0.0473 -> 0.0049  accuracy: 98.04% -> 100.00%     
client [84] (testset)   loss: 0.0001 -> 0.0001  accuracy: 100.00% -> 100.00%    
client [10] (testset)   loss: 0.0092 -> 0.0001  accuracy: 99.01% -> 100.00%     
client [36] (testset)   loss: 0.0943 -> 0.0348  accuracy: 97.97% -> 98.48%      
client [65] (testset)   loss: 0.0943 -> 0.0489  accuracy: 98.32% -> 98.74%      
client [81] (testset)   loss: 0.0350 -> 0.0110  accuracy: 98.77% -> 99.38%      
client [79] (testset)   loss: 0.0039 -> 0.0006  accuracy: 100.00% -> 100.00%    
client [42] (testset)   loss: 0.1358 -> 0.1164  accuracy: 97.27% -> 98.91%      
client [11] (testset)   loss: 0.0000 -> 0.0000  accuracy: 100.00% -> 100.00%    
client [96] (testset)   loss: 0.0749 -> 0.0204  accuracy: 98.04% -> 99.02%      
---------------------------- TRAINING EPOCH: 70 ----------------------------    
client [8]  (testset)   loss: 0.0492 -> 0.0280  accuracy: 97.62% -> 97.62%      
client [53] (testset)   loss: 0.1546 -> 0.0978  accuracy: 92.00% -> 92.00%      
client [52] (testset)   loss: 0.0223 -> 0.0000  accuracy: 100.00% -> 100.00%    
client [42] (testset)   loss: 0.1318 -> 0.1116  accuracy: 97.81% -> 98.36%      
client [69] (testset)   loss: 0.0153 -> 0.0066  accuracy: 99.45% -> 99.82%      
client [59] (testset)   loss: 0.0033 -> 0.0028  accuracy: 100.00% -> 100.00%    
client [7]  (testset)   loss: 0.0604 -> 0.0173  accuracy: 100.00% -> 100.00%    
client [26] (testset)   loss: 0.0166 -> 0.0203  accuracy: 100.00% -> 100.00%    
client [49] (testset)   loss: 0.0096 -> 0.0018  accuracy: 99.55% -> 100.00%     
client [98] (testset)   loss: 0.0925 -> 0.0527  accuracy: 94.12% -> 97.06%      
---------------------------- TRAINING EPOCH: 80 ----------------------------    
client [98] (testset)   loss: 0.0050 -> 0.0053  accuracy: 100.00% -> 100.00%    
client [47] (testset)   loss: 0.1381 -> 0.0136  accuracy: 96.59% -> 98.86%      
client [21] (testset)   loss: 0.0097 -> 0.0021  accuracy: 100.00% -> 100.00%    
client [77] (testset)   loss: 0.0443 -> 0.0288  accuracy: 98.63% -> 99.32%      
client [95] (testset)   loss: 0.0052 -> 0.0010  accuracy: 99.64% -> 100.00%     
client [91] (testset)   loss: 0.0223 -> 0.0092  accuracy: 99.50% -> 99.83%      
client [14] (testset)   loss: 0.0514 -> 0.0417  accuracy: 97.22% -> 98.61%      
client [99] (testset)   loss: 0.1762 -> 0.0620  accuracy: 95.24% -> 95.24%      
client [20] (testset)   loss: 0.0747 -> 0.0504  accuracy: 97.74% -> 98.19%      
client [39] (testset)   loss: 0.0030 -> 0.0020  accuracy: 100.00% -> 100.00%    
---------------------------- TRAINING EPOCH: 90 ----------------------------    
client [52] (testset)   loss: 0.0002 -> 0.0000  accuracy: 100.00% -> 100.00%    
client [62] (testset)   loss: 0.0075 -> 0.0002  accuracy: 99.45% -> 100.00%     
client [71] (testset)   loss: 0.0072 -> 0.0028  accuracy: 99.77% -> 99.77%      
client [97] (testset)   loss: 0.0020 -> 0.0012  accuracy: 100.00% -> 100.00%    
client [30] (testset)   loss: 0.0181 -> 0.0136  accuracy: 100.00% -> 100.00%    
client [88] (testset)   loss: 0.2509 -> 0.0605  accuracy: 97.06% -> 97.06%      
client [60] (testset)   loss: 0.0690 -> 0.0097  accuracy: 96.00% -> 100.00%     
client [82] (testset)   loss: 0.0241 -> 0.0040  accuracy: 98.59% -> 100.00%     
client [91] (testset)   loss: 0.0128 -> 0.0078  accuracy: 99.67% -> 99.83%      
client [57] (testset)   loss: 0.0119 -> 0.0037  accuracy: 99.52% -> 99.52%      
---------------------------- TRAINING EPOCH: 100 ----------------------------   
client [31] (testset)   loss: 0.0330 -> 0.0253  accuracy: 100.00% -> 100.00%    
client [15] (testset)   loss: 0.0579 -> 0.0516  accuracy: 99.08% -> 99.08%      
client [71] (testset)   loss: 0.0074 -> 0.0027  accuracy: 99.77% -> 99.77%      
client [97] (testset)   loss: 0.0010 -> 0.0009  accuracy: 100.00% -> 100.00%    
client [53] (testset)   loss: 0.0021 -> 0.0028  accuracy: 100.00% -> 100.00%    
client [77] (testset)   loss: 0.0385 -> 0.0383  accuracy: 98.63% -> 99.32%      
client [76] (testset)   loss: 0.0042 -> 0.0173  accuracy: 100.00% -> 98.70%     
client [79] (testset)   loss: 0.0007 -> 0.0001  accuracy: 100.00% -> 100.00%    
client [28] (testset)   loss: 0.0005 -> 0.0002  accuracy: 100.00% -> 100.00%    
client [99] (testset)   loss: 0.0771 -> 0.0876  accuracy: 95.24% -> 95.24%      
---------------------------- TRAINING EPOCH: 110 ----------------------------   
client [97] (testset)   loss: 0.0060 -> 0.0010  accuracy: 99.67% -> 100.00%     
client [86] (testset)   loss: 0.0477 -> 0.0044  accuracy: 98.36% -> 99.73%      
client [34] (testset)   loss: 0.1481 -> 0.1496  accuracy: 94.44% -> 94.44%      
client [73] (testset)   loss: 0.0038 -> 0.0068  accuracy: 100.00% -> 100.00%    
client [5]  (testset)   loss: 0.0274 -> 0.0132  accuracy: 98.62% -> 99.31%      
client [96] (testset)   loss: 0.0329 -> 0.0166  accuracy: 98.04% -> 98.04%      
client [22] (testset)   loss: 0.0001 -> 0.0000  accuracy: 100.00% -> 100.00%    
client [60] (testset)   loss: 0.0295 -> 0.0343  accuracy: 99.00% -> 99.00%      
client [66] (testset)   loss: 0.0167 -> 0.0039  accuracy: 99.12% -> 100.00%     
client [83] (testset)   loss: 0.1379 -> 0.0808  accuracy: 97.15% -> 98.58%      
---------------------------- TRAINING EPOCH: 120 ----------------------------   
client [76] (testset)   loss: 0.0184 -> 0.0113  accuracy: 98.70% -> 98.70%      
client [65] (testset)   loss: 0.0841 -> 0.0505  accuracy: 98.32% -> 98.74%      
client [95] (testset)   loss: 0.0004 -> 0.0002  accuracy: 100.00% -> 100.00%    
client [17] (testset)   loss: 0.0310 -> 0.0041  accuracy: 98.44% -> 99.61%      
client [8]  (testset)   loss: 0.0612 -> 0.0608  accuracy: 97.62% -> 97.62%      
client [35] (testset)   loss: 0.0246 -> 0.0102  accuracy: 99.02% -> 99.02%      
client [98] (testset)   loss: 0.0610 -> 0.0482  accuracy: 97.06% -> 97.06%      
client [53] (testset)   loss: 0.0355 -> 0.0286  accuracy: 96.00% -> 96.00%      
client [43] (testset)   loss: 0.0881 -> 0.0588  accuracy: 98.40% -> 98.40%      
client [64] (testset)   loss: 0.0359 -> 0.0264  accuracy: 99.17% -> 99.17%      
---------------------------- TRAINING EPOCH: 130 ----------------------------   
client [21] (testset)   loss: 0.0501 -> 0.0153  accuracy: 99.02% -> 99.02%      
client [88] (testset)   loss: 0.0866 -> 0.0595  accuracy: 98.53% -> 98.53%      
client [38] (testset)   loss: 0.1180 -> 0.1103  accuracy: 98.25% -> 98.25%      
client [3]  (testset)   loss: 0.0082 -> 0.0070  accuracy: 99.79% -> 99.58%      
client [5]  (testset)   loss: 0.0145 -> 0.0146  accuracy: 99.31% -> 99.31%      
client [41] (testset)   loss: 0.0011 -> 0.0006  accuracy: 100.00% -> 100.00%    
client [7]  (testset)   loss: 0.0000 -> 0.0000  accuracy: 100.00% -> 100.00%    
client [37] (testset)   loss: 0.1232 -> 0.1019  accuracy: 97.40% -> 97.84%      
client [45] (testset)   loss: 0.0435 -> 0.0312  accuracy: 99.08% -> 99.39%      
client [47] (testset)   loss: 0.0373 -> 0.0019  accuracy: 98.86% -> 100.00%     
---------------------------- TRAINING EPOCH: 140 ----------------------------   
client [16] (testset)   loss: 0.0313 -> 0.0008  accuracy: 98.57% -> 100.00%     
client [11] (testset)   loss: 0.0000 -> 0.0000  accuracy: 100.00% -> 100.00%    
client [37] (testset)   loss: 0.1910 -> 0.1123  accuracy: 96.97% -> 97.40%      
client [41] (testset)   loss: 0.0014 -> 0.0003  accuracy: 100.00% -> 100.00%    
client [95] (testset)   loss: 0.0070 -> 0.0032  accuracy: 99.64% -> 99.64%      
client [53] (testset)   loss: 0.0957 -> 0.0701  accuracy: 96.00% -> 96.00%      
client [22] (testset)   loss: 0.0004 -> 0.0002  accuracy: 100.00% -> 100.00%    
client [25] (testset)   loss: 0.0002 -> 0.0000  accuracy: 100.00% -> 100.00%    
client [69] (testset)   loss: 0.0025 -> 0.0021  accuracy: 99.82% -> 100.00%     
client [46] (testset)   loss: 0.0523 -> 0.0256  accuracy: 98.65% -> 99.32%      
---------------------------- TRAINING EPOCH: 150 ----------------------------   
client [47] (testset)   loss: 0.0026 -> 0.0022  accuracy: 100.00% -> 100.00%    
client [69] (testset)   loss: 0.0066 -> 0.0051  accuracy: 99.45% -> 99.64%      
client [82] (testset)   loss: 0.0042 -> 0.0041  accuracy: 100.00% -> 100.00%    
client [45] (testset)   loss: 0.0502 -> 0.0378  accuracy: 98.47% -> 99.69%      
client [7]  (testset)   loss: 0.0230 -> 0.0118  accuracy: 100.00% -> 100.00%    
client [50] (testset)   loss: 0.0547 -> 0.0024  accuracy: 98.97% -> 100.00%     
client [35] (testset)   loss: 0.0269 -> 0.0194  accuracy: 98.04% -> 99.02%      
client [24] (testset)   loss: 0.0672 -> 0.0681  accuracy: 97.30% -> 97.30%      
client [15] (testset)   loss: 0.0564 -> 0.0495  accuracy: 99.08% -> 99.08%      
client [58] (testset)   loss: 0.0190 -> 0.0091  accuracy: 99.29% -> 99.29%      
---------------------------- TRAINING EPOCH: 160 ----------------------------   
client [48] (testset)   loss: 0.0012 -> 0.0011  accuracy: 100.00% -> 100.00%    
client [76] (testset)   loss: 0.0010 -> 0.0130  accuracy: 100.00% -> 98.70%     
client [67] (testset)   loss: 0.0000 -> 0.0000  accuracy: 100.00% -> 100.00%    
client [37] (testset)   loss: 0.1558 -> 0.1140  accuracy: 96.97% -> 97.84%      
client [58] (testset)   loss: 0.0275 -> 0.0102  accuracy: 99.29% -> 99.29%      
client [64] (testset)   loss: 0.0068 -> 0.0133  accuracy: 99.44% -> 99.72%      
client [77] (testset)   loss: 0.0485 -> 0.0471  accuracy: 99.32% -> 99.32%      
client [55] (testset)   loss: 0.0142 -> 0.0155  accuracy: 99.74% -> 99.74%      
client [12] (testset)   loss: 0.0332 -> 0.0260  accuracy: 99.50% -> 99.50%      
client [89] (testset)   loss: 0.0012 -> 0.0009  accuracy: 100.00% -> 100.00%    
---------------------------- TRAINING EPOCH: 170 ----------------------------   
client [84] (testset)   loss: 0.0001 -> 0.0001  accuracy: 100.00% -> 100.00%    
client [51] (testset)   loss: 0.0053 -> 0.0000  accuracy: 100.00% -> 100.00%    
client [8]  (testset)   loss: 0.0409 -> 0.0390  accuracy: 97.62% -> 97.62%      
client [18] (testset)   loss: 0.0071 -> 0.0061  accuracy: 100.00% -> 100.00%    
client [94] (testset)   loss: 0.0000 -> 0.0000  accuracy: 100.00% -> 100.00%    
client [81] (testset)   loss: 0.0022 -> 0.0018  accuracy: 100.00% -> 100.00%    
client [3]  (testset)   loss: 0.0053 -> 0.0043  accuracy: 99.79% -> 99.58%      
client [11] (testset)   loss: 0.0000 -> 0.0000  accuracy: 100.00% -> 100.00%    
client [95] (testset)   loss: 0.0011 -> 0.0007  accuracy: 100.00% -> 100.00%    
client [67] (testset)   loss: 0.0000 -> 0.0000  accuracy: 100.00% -> 100.00%    
---------------------------- TRAINING EPOCH: 180 ----------------------------   
client [21] (testset)   loss: 0.0039 -> 0.0004  accuracy: 100.00% -> 100.00%    
client [79] (testset)   loss: 0.0006 -> 0.0001  accuracy: 100.00% -> 100.00%    
client [58] (testset)   loss: 0.0016 -> 0.0016  accuracy: 100.00% -> 100.00%    
client [88] (testset)   loss: 0.0829 -> 0.0632  accuracy: 98.53% -> 98.53%      
client [46] (testset)   loss: 0.0399 -> 0.0181  accuracy: 99.10% -> 99.32%      
client [11] (testset)   loss: 0.0000 -> 0.0000  accuracy: 100.00% -> 100.00%    
client [55] (testset)   loss: 0.0320 -> 0.0165  accuracy: 99.49% -> 99.74%      
client [13] (testset)   loss: 0.0008 -> 0.0006  accuracy: 100.00% -> 100.00%    
client [31] (testset)   loss: 0.0356 -> 0.0234  accuracy: 100.00% -> 100.00%    
client [75] (testset)   loss: 0.0445 -> 0.0407  accuracy: 99.38% -> 99.38%      
---------------------------- TRAINING EPOCH: 190 ----------------------------   
client [19] (testset)   loss: 0.0605 -> 0.0390  accuracy: 96.30% -> 96.30%      
client [7]  (testset)   loss: 0.0000 -> 0.0000  accuracy: 100.00% -> 100.00%    
client [57] (testset)   loss: 0.0004 -> 0.0001  accuracy: 100.00% -> 100.00%    
client [13] (testset)   loss: 0.0020 -> 0.0009  accuracy: 100.00% -> 100.00%    
client [43] (testset)   loss: 0.0602 -> 0.0743  accuracy: 97.86% -> 98.93%      
client [91] (testset)   loss: 0.0253 -> 0.0070  accuracy: 99.34% -> 99.83%      
client [10] (testset)   loss: 0.0074 -> 0.0037  accuracy: 99.01% -> 100.00%     
client [64] (testset)   loss: 0.0483 -> 0.0330  accuracy: 99.17% -> 99.17%      
client [82] (testset)   loss: 0.0339 -> 0.0071  accuracy: 98.59% -> 100.00%     
client [22] (testset)   loss: 0.0000 -> 0.0000  accuracy: 100.00% -> 100.00%    
---------------------------- TRAINING EPOCH: 200 ----------------------------   
client [20] (testset)   loss: 0.0648 -> 0.0449  accuracy: 98.19% -> 98.19%      
client [23] (testset)   loss: 0.0000 -> 0.0000  accuracy: 100.00% -> 100.00%    
client [88] (testset)   loss: 0.0957 -> 0.0783  accuracy: 98.53% -> 98.53%      
client [98] (testset)   loss: 0.0178 -> 0.0121  accuracy: 100.00% -> 100.00%    
client [79] (testset)   loss: 0.0002 -> 0.0001  accuracy: 100.00% -> 100.00%    
client [21] (testset)   loss: 0.0058 -> 0.0013  accuracy: 100.00% -> 100.00%    
client [92] (testset)   loss: 0.0000 -> 0.0000  accuracy: 100.00% -> 100.00%    
client [56] (testset)   loss: 0.0002 -> 0.0000  accuracy: 100.00% -> 100.00%    
client [5]  (testset)   loss: 0.0038 -> 0.0060  accuracy: 100.00% -> 100.00%    
client [52] (testset)   loss: 0.0000 -> 0.0000  accuracy: 100.00% -> 100.00%    
---------------------------- TRAINING EPOCH: 210 ----------------------------   
client [67] (testset)   loss: 0.0000 -> 0.0000  accuracy: 100.00% -> 100.00%    
client [54] (testset)   loss: 0.0033 -> 0.0063  accuracy: 100.00% -> 100.00%    
client [14] (testset)   loss: 0.0113 -> 0.0158  accuracy: 99.31% -> 99.31%      
client [99] (testset)   loss: 0.0073 -> 0.0072  accuracy: 100.00% -> 100.00%    
client [36] (testset)   loss: 0.0436 -> 0.0398  accuracy: 97.97% -> 98.48%      
client [30] (testset)   loss: 0.0022 -> 0.0014  accuracy: 100.00% -> 100.00%    
client [38] (testset)   loss: 0.1043 -> 0.1036  accuracy: 98.25% -> 98.25%      
client [15] (testset)   loss: 0.0612 -> 0.0607  accuracy: 99.08% -> 99.08%      
client [6]  (testset)   loss: 0.0051 -> 0.0054  accuracy: 99.74% -> 99.74%      
client [53] (testset)   loss: 0.0132 -> 0.0208  accuracy: 100.00% -> 100.00%    
---------------------------- TRAINING EPOCH: 220 ----------------------------   
client [99] (testset)   loss: 0.1794 -> 0.1795  accuracy: 95.24% -> 95.24%      
client [6]  (testset)   loss: 0.0089 -> 0.0049  accuracy: 99.48% -> 99.74%      
client [83] (testset)   loss: 0.0873 -> 0.0926  accuracy: 98.58% -> 98.58%      
client [42] (testset)   loss: 0.1501 -> 0.1443  accuracy: 97.81% -> 98.91%      
client [34] (testset)   loss: 0.3043 -> 0.2958  accuracy: 94.44% -> 94.44%      
client [15] (testset)   loss: 0.0420 -> 0.0420  accuracy: 99.08% -> 99.08%      
client [47] (testset)   loss: 0.0171 -> 0.0114  accuracy: 97.73% -> 100.00%     
client [55] (testset)   loss: 0.0409 -> 0.0356  accuracy: 99.74% -> 99.74%      
client [51] (testset)   loss: 0.0004 -> 0.0001  accuracy: 100.00% -> 100.00%    
client [95] (testset)   loss: 0.0001 -> 0.0001  accuracy: 100.00% -> 100.00%    
---------------------------- TRAINING EPOCH: 230 ----------------------------   
client [71] (testset)   loss: 0.0095 -> 0.0054  accuracy: 99.77% -> 99.77%      
client [15] (testset)   loss: 0.0827 -> 0.0819  accuracy: 99.08% -> 99.08%      
client [33] (testset)   loss: 0.1111 -> 0.0916  accuracy: 98.53% -> 99.18%      
client [99] (testset)   loss: 0.0044 -> 0.0060  accuracy: 100.00% -> 100.00%    
client [90] (testset)   loss: 0.0923 -> 0.0740  accuracy: 98.54% -> 98.91%      
client [57] (testset)   loss: 0.0021 -> 0.0003  accuracy: 100.00% -> 100.00%    
client [27] (testset)   loss: 0.0006 -> 0.0005  accuracy: 100.00% -> 100.00%    
client [78] (testset)   loss: 0.0592 -> 0.0394  accuracy: 98.73% -> 98.73%      
client [36] (testset)   loss: 0.0561 -> 0.0558  accuracy: 98.48% -> 98.48%      
client [88] (testset)   loss: 0.0768 -> 0.0652  accuracy: 98.53% -> 98.53%      
---------------------------- TRAINING EPOCH: 240 ----------------------------   
client [70] (testset)   loss: 0.0191 -> 0.0086  accuracy: 99.27% -> 99.63%      
client [35] (testset)   loss: 0.0026 -> 0.0026  accuracy: 100.00% -> 100.00%    
client [16] (testset)   loss: 0.0041 -> 0.0018  accuracy: 100.00% -> 100.00%    
client [80] (testset)   loss: 0.0000 -> 0.0000  accuracy: 100.00% -> 100.00%    
client [38] (testset)   loss: 0.1144 -> 0.1083  accuracy: 98.25% -> 98.25%      
client [78] (testset)   loss: 0.0397 -> 0.0388  accuracy: 99.36% -> 99.36%      
client [68] (testset)   loss: 0.0087 -> 0.0083  accuracy: 100.00% -> 100.00%    
client [11] (testset)   loss: 0.0000 -> 0.0000  accuracy: 100.00% -> 100.00%    
client [64] (testset)   loss: 0.0317 -> 0.0155  accuracy: 99.17% -> 99.44%      
client [82] (testset)   loss: 0.0016 -> 0.0016  accuracy: 100.00% -> 100.00%    
---------------------------- TRAINING EPOCH: 250 ----------------------------   
client [30] (testset)   loss: 0.0007 -> 0.0008  accuracy: 100.00% -> 100.00%    
client [27] (testset)   loss: 0.0035 -> 0.0023  accuracy: 100.00% -> 100.00%    
client [74] (testset)   loss: 0.1689 -> 0.1428  accuracy: 98.46% -> 98.77%      
client [45] (testset)   loss: 0.0206 -> 0.0433  accuracy: 99.69% -> 99.39%      
client [6]  (testset)   loss: 0.0182 -> 0.0083  accuracy: 99.22% -> 99.74%      
client [36] (testset)   loss: 0.0318 -> 0.0312  accuracy: 98.98% -> 98.48%      
client [63] (testset)   loss: 0.0373 -> 0.0305  accuracy: 98.54% -> 98.54%      
client [76] (testset)   loss: 0.0020 -> 0.0045  accuracy: 100.00% -> 100.00%    
client [83] (testset)   loss: 0.0952 -> 0.0969  accuracy: 97.51% -> 98.22%      
client [86] (testset)   loss: 0.0024 -> 0.0012  accuracy: 99.73% -> 100.00%     
---------------------------- TRAINING EPOCH: 260 ----------------------------   
client [83] (testset)   loss: 0.0816 -> 0.0878  accuracy: 97.86% -> 98.58%      
client [99] (testset)   loss: 0.0101 -> 0.0120  accuracy: 100.00% -> 100.00%    
client [74] (testset)   loss: 0.1864 -> 0.1549  accuracy: 98.46% -> 98.77%      
client [73] (testset)   loss: 0.0157 -> 0.0209  accuracy: 100.00% -> 97.06%     
client [29] (testset)   loss: 0.0460 -> 0.0474  accuracy: 99.26% -> 99.26%      
client [92] (testset)   loss: 0.0000 -> 0.0000  accuracy: 100.00% -> 100.00%    
client [6]  (testset)   loss: 0.0119 -> 0.0046  accuracy: 99.48% -> 99.74%      
client [61] (testset)   loss: 0.0049 -> 0.0003  accuracy: 100.00% -> 100.00%    
client [21] (testset)   loss: 0.0004 -> 0.0003  accuracy: 100.00% -> 100.00%    
client [67] (testset)   loss: 0.0000 -> 0.0000  accuracy: 100.00% -> 100.00%    
---------------------------- TRAINING EPOCH: 270 ----------------------------   
client [83] (testset)   loss: 0.1469 -> 0.1103  accuracy: 97.51% -> 97.86%      
client [32] (testset)   loss: 0.1169 -> 0.1098  accuracy: 98.41% -> 98.41%      
client [95] (testset)   loss: 0.0001 -> 0.0001  accuracy: 100.00% -> 100.00%    
client [61] (testset)   loss: 0.0032 -> 0.0001  accuracy: 99.71% -> 100.00%     
client [27] (testset)   loss: 0.0027 -> 0.0053  accuracy: 100.00% -> 99.47%     
client [25] (testset)   loss: 0.0000 -> 0.0000  accuracy: 100.00% -> 100.00%    
client [68] (testset)   loss: 0.0011 -> 0.0013  accuracy: 100.00% -> 100.00%    
client [34] (testset)   loss: 0.1511 -> 0.1516  accuracy: 94.44% -> 94.44%      
client [71] (testset)   loss: 0.0154 -> 0.0134  accuracy: 99.77% -> 99.77%      
client [89] (testset)   loss: 0.0001 -> 0.0000  accuracy: 100.00% -> 100.00%    
---------------------------- TRAINING EPOCH: 280 ----------------------------   
client [78] (testset)   loss: 0.0439 -> 0.0434  accuracy: 99.36% -> 99.36%      
client [81] (testset)   loss: 0.0188 -> 0.0179  accuracy: 99.38% -> 99.38%      
client [51] (testset)   loss: 0.0000 -> 0.0000  accuracy: 100.00% -> 100.00%    
client [54] (testset)   loss: 0.0012 -> 0.0013  accuracy: 100.00% -> 100.00%    
client [65] (testset)   loss: 0.0996 -> 0.0863  accuracy: 98.32% -> 98.32%      
client [41] (testset)   loss: 0.0001 -> 0.0001  accuracy: 100.00% -> 100.00%    
client [11] (testset)   loss: 0.0000 -> 0.0000  accuracy: 100.00% -> 100.00%    
client [85] (testset)   loss: 0.0238 -> 0.0250  accuracy: 98.96% -> 98.96%      
client [12] (testset)   loss: 0.0282 -> 0.0319  accuracy: 99.50% -> 99.50%      
client [23] (testset)   loss: 0.0000 -> 0.0000  accuracy: 100.00% -> 100.00%    
---------------------------- TRAINING EPOCH: 290 ----------------------------   
client [16] (testset)   loss: 0.0001 -> 0.0000  accuracy: 100.00% -> 100.00%    
client [65] (testset)   loss: 0.0731 -> 0.0642  accuracy: 98.32% -> 98.32%      
client [53] (testset)   loss: 0.0207 -> 0.0237  accuracy: 100.00% -> 100.00%    
client [58] (testset)   loss: 0.0166 -> 0.0147  accuracy: 99.29% -> 99.29%      
client [72] (testset)   loss: 0.0046 -> 0.0029  accuracy: 100.00% -> 100.00%    
client [7]  (testset)   loss: 0.0000 -> 0.0000  accuracy: 100.00% -> 100.00%    
client [71] (testset)   loss: 0.0159 -> 0.0117  accuracy: 99.77% -> 99.77%      
client [59] (testset)   loss: 0.0000 -> 0.0000  accuracy: 100.00% -> 100.00%    
client [86] (testset)   loss: 0.0018 -> 0.0017  accuracy: 100.00% -> 100.00%    
client [39] (testset)   loss: 0.0010 -> 0.0026  accuracy: 100.00% -> 99.75%     
---------------------------- TRAINING EPOCH: 300 ----------------------------   
client [99] (testset)   loss: 0.0006 -> 0.0104  accuracy: 100.00% -> 100.00%    
client [7]  (testset)   loss: 0.0000 -> 0.0000  accuracy: 100.00% -> 100.00%    
client [17] (testset)   loss: 0.0052 -> 0.0047  accuracy: 99.61% -> 99.61%      
client [64] (testset)   loss: 0.0367 -> 0.0293  accuracy: 99.17% -> 99.17%      
client [37] (testset)   loss: 0.1343 -> 0.1237  accuracy: 97.40% -> 97.84%      
client [29] (testset)   loss: 0.0604 -> 0.0506  accuracy: 98.52% -> 99.63%      
client [93] (testset)   loss: 0.0049 -> 0.0038  accuracy: 100.00% -> 100.00%    
client [73] (testset)   loss: 0.0883 -> 0.0884  accuracy: 97.06% -> 97.06%      
client [40] (testset)   loss: 0.0000 -> 0.0000  accuracy: 100.00% -> 100.00%    
client [76] (testset)   loss: 0.0000 -> 0.0002  accuracy: 100.00% -> 100.00%    
---------------------------- TRAINING EPOCH: 310 ----------------------------   
client [31] (testset)   loss: 1.0409 -> 1.0397  accuracy: 71.43% -> 71.43%      
client [89] (testset)   loss: 0.0000 -> 0.0000  accuracy: 100.00% -> 100.00%    
client [77] (testset)   loss: 0.0851 -> 0.0717  accuracy: 99.32% -> 99.32%      
client [90] (testset)   loss: 0.0848 -> 0.0784  accuracy: 98.91% -> 98.91%      
client [26] (testset)   loss: 0.0372 -> 0.0370  accuracy: 100.00% -> 100.00%    
client [50] (testset)   loss: 0.0056 -> 0.0032  accuracy: 100.00% -> 100.00%    
client [30] (testset)   loss: 0.0001 -> 0.0001  accuracy: 100.00% -> 100.00%    
client [70] (testset)   loss: 0.0109 -> 0.0080  accuracy: 99.63% -> 99.82%      
client [41] (testset)   loss: 0.0000 -> 0.0000  accuracy: 100.00% -> 100.00%    
client [99] (testset)   loss: 0.0145 -> 0.0146  accuracy: 100.00% -> 100.00%    
---------------------------- TRAINING EPOCH: 320 ----------------------------   
client [68] (testset)   loss: 0.0013 -> 0.0018  accuracy: 100.00% -> 100.00%    
client [70] (testset)   loss: 0.0127 -> 0.0116  accuracy: 99.45% -> 99.63%      
client [52] (testset)   loss: 0.0000 -> 0.0000  accuracy: 100.00% -> 100.00%    
client [1]  (testset)   loss: 0.0435 -> 0.0413  accuracy: 98.33% -> 98.33%      
client [2]  (testset)   loss: 0.0321 -> 0.0320  accuracy: 99.43% -> 99.24%      
client [67] (testset)   loss: 0.0000 -> 0.0000  accuracy: 100.00% -> 100.00%    
client [92] (testset)   loss: 0.0000 -> 0.0000  accuracy: 100.00% -> 100.00%    
client [35] (testset)   loss: 0.0066 -> 0.0060  accuracy: 100.00% -> 100.00%    
client [36] (testset)   loss: 0.0596 -> 0.0465  accuracy: 98.98% -> 98.98%      
client [64] (testset)   loss: 0.0246 -> 0.0239  accuracy: 99.44% -> 99.44%      
---------------------------- TRAINING EPOCH: 330 ----------------------------   
client [44] (testset)   loss: 0.0489 -> 0.0450  accuracy: 98.51% -> 99.40%      
client [6]  (testset)   loss: 0.0047 -> 0.0052  accuracy: 99.74% -> 99.74%      
client [12] (testset)   loss: 0.0476 -> 0.0368  accuracy: 99.01% -> 99.50%      
client [55] (testset)   loss: 0.0269 -> 0.0270  accuracy: 99.74% -> 99.74%      
client [29] (testset)   loss: 0.0536 -> 0.0530  accuracy: 99.26% -> 99.26%      
client [9]  (testset)   loss: 0.0233 -> 0.0204  accuracy: 99.35% -> 99.19%      
client [43] (testset)   loss: 0.1005 -> 0.0748  accuracy: 98.40% -> 98.40%      
client [77] (testset)   loss: 0.0584 -> 0.0565  accuracy: 99.32% -> 99.32%      
client [98] (testset)   loss: 0.0020 -> 0.0018  accuracy: 100.00% -> 100.00%    
client [78] (testset)   loss: 0.0446 -> 0.0429  accuracy: 98.73% -> 99.36%      
---------------------------- TRAINING EPOCH: 340 ----------------------------   
client [92] (testset)   loss: 0.0000 -> 0.0000  accuracy: 100.00% -> 100.00%    
client [80] (testset)   loss: 0.0000 -> 0.0000  accuracy: 100.00% -> 100.00%    
client [63] (testset)   loss: 0.0631 -> 0.0567  accuracy: 99.27% -> 99.27%      
client [76] (testset)   loss: 0.0003 -> 0.0004  accuracy: 100.00% -> 100.00%    
client [78] (testset)   loss: 0.0613 -> 0.0606  accuracy: 98.73% -> 98.73%      
client [25] (testset)   loss: 0.0000 -> 0.0000  accuracy: 100.00% -> 100.00%    
client [58] (testset)   loss: 0.0464 -> 0.0259  accuracy: 98.58% -> 99.29%      
client [13] (testset)   loss: 0.0010 -> 0.0008  accuracy: 100.00% -> 100.00%    
client [17] (testset)   loss: 0.0134 -> 0.0075  accuracy: 99.61% -> 99.61%      
client [38] (testset)   loss: 0.1917 -> 0.1883  accuracy: 98.25% -> 98.25%      
---------------------------- TRAINING EPOCH: 350 ----------------------------   
client [72] (testset)   loss: 0.0374 -> 0.0087  accuracy: 98.18% -> 99.09%      
client [82] (testset)   loss: 0.0011 -> 0.0010  accuracy: 100.00% -> 100.00%    
client [86] (testset)   loss: 0.0003 -> 0.0004  accuracy: 100.00% -> 100.00%    
client [51] (testset)   loss: 0.0000 -> 0.0000  accuracy: 100.00% -> 100.00%    
client [96] (testset)   loss: 0.0490 -> 0.0358  accuracy: 99.02% -> 99.02%      
client [42] (testset)   loss: 0.2037 -> 0.1746  accuracy: 96.72% -> 97.27%      
client [55] (testset)   loss: 0.0274 -> 0.0276  accuracy: 99.74% -> 99.74%      
client [13] (testset)   loss: 0.0004 -> 0.0004  accuracy: 100.00% -> 100.00%    
client [1]  (testset)   loss: 0.0966 -> 0.0685  accuracy: 96.67% -> 96.67%      
client [12] (testset)   loss: 0.0380 -> 0.0428  accuracy: 99.50% -> 99.50%      
---------------------------- TRAINING EPOCH: 360 ----------------------------   
client [68] (testset)   loss: 0.0020 -> 0.0021  accuracy: 100.00% -> 100.00%    
client [23] (testset)   loss: 0.0002 -> 0.0002  accuracy: 100.00% -> 100.00%    
client [46] (testset)   loss: 0.0303 -> 0.0278  accuracy: 99.10% -> 99.32%      
client [41] (testset)   loss: 0.0000 -> 0.0000  accuracy: 100.00% -> 100.00%    
client [25] (testset)   loss: 0.0000 -> 0.0000  accuracy: 100.00% -> 100.00%    
client [58] (testset)   loss: 0.0373 -> 0.0186  accuracy: 98.58% -> 98.58%      
client [14] (testset)   loss: 0.0141 -> 0.0156  accuracy: 99.31% -> 99.31%      
client [33] (testset)   loss: 0.1139 -> 0.1083  accuracy: 99.18% -> 99.18%      
client [85] (testset)   loss: 0.0558 -> 0.0559  accuracy: 98.96% -> 98.96%      
client [62] (testset)   loss: 0.0002 -> 0.0001  accuracy: 100.00% -> 100.00%    
---------------------------- TRAINING EPOCH: 370 ----------------------------   
client [98] (testset)   loss: 0.0099 -> 0.0097  accuracy: 100.00% -> 100.00%    
client [63] (testset)   loss: 0.0273 -> 0.0246  accuracy: 99.27% -> 99.27%      
client [70] (testset)   loss: 0.0099 -> 0.0087  accuracy: 99.82% -> 99.82%      
client [65] (testset)   loss: 0.1571 -> 0.1335  accuracy: 98.32% -> 98.32%      
client [14] (testset)   loss: 0.0046 -> 0.0102  accuracy: 100.00% -> 99.31%     
client [73] (testset)   loss: 0.0891 -> 0.0837  accuracy: 97.06% -> 97.06%      
client [34] (testset)   loss: 0.1983 -> 0.2024  accuracy: 94.44% -> 94.44%      
client [99] (testset)   loss: 0.0193 -> 0.0193  accuracy: 100.00% -> 100.00%    
client [69] (testset)   loss: 0.0013 -> 0.0013  accuracy: 100.00% -> 100.00%    
client [46] (testset)   loss: 0.0290 -> 0.0261  accuracy: 99.55% -> 99.32%      
---------------------------- TRAINING EPOCH: 380 ----------------------------   
client [99] (testset)   loss: 0.0018 -> 0.0018  accuracy: 100.00% -> 100.00%    
client [93] (testset)   loss: 0.0015 -> 0.0013  accuracy: 100.00% -> 100.00%    
client [11] (testset)   loss: 0.0000 -> 0.0000  accuracy: 100.00% -> 100.00%    
client [58] (testset)   loss: 0.0317 -> 0.0242  accuracy: 99.29% -> 99.29%      
client [81] (testset)   loss: 0.0265 -> 0.0252  accuracy: 99.38% -> 99.38%      
client [85] (testset)   loss: 0.0031 -> 0.0039  accuracy: 100.00% -> 100.00%    
client [89] (testset)   loss: 0.0002 -> 0.0001  accuracy: 100.00% -> 100.00%    
client [45] (testset)   loss: 0.0314 -> 0.0314  accuracy: 99.69% -> 99.69%      
client [8]  (testset)   loss: 0.0240 -> 0.0238  accuracy: 97.62% -> 97.62%      
client [68] (testset)   loss: 0.0192 -> 0.0270  accuracy: 98.31% -> 98.31%      
---------------------------- TRAINING EPOCH: 390 ----------------------------   
client [67] (testset)   loss: 0.0000 -> 0.0000  accuracy: 100.00% -> 100.00%    
client [72] (testset)   loss: 0.0083 -> 0.0062  accuracy: 99.09% -> 100.00%     
client [1]  (testset)   loss: 0.0968 -> 0.0785  accuracy: 96.67% -> 96.67%      
client [78] (testset)   loss: 0.0523 -> 0.0509  accuracy: 98.09% -> 98.73%      
client [83] (testset)   loss: 0.1007 -> 0.1000  accuracy: 98.22% -> 98.22%      
client [21] (testset)   loss: 0.0017 -> 0.0016  accuracy: 100.00% -> 100.00%    
client [56] (testset)   loss: 0.0000 -> 0.0000  accuracy: 100.00% -> 100.00%    
client [44] (testset)   loss: 0.0706 -> 0.0675  accuracy: 98.81% -> 98.81%      
client [92] (testset)   loss: 0.0000 -> 0.0000  accuracy: 100.00% -> 100.00%    
client [27] (testset)   loss: 0.0043 -> 0.0020  accuracy: 100.00% -> 100.00%    
---------------------------- TRAINING EPOCH: 400 ----------------------------   
client [10] (testset)   loss: 0.0002 -> 0.0002  accuracy: 100.00% -> 100.00%    
client [39] (testset)   loss: 0.0028 -> 0.0013  accuracy: 99.75% -> 100.00%     
client [65] (testset)   loss: 0.1090 -> 0.0824  accuracy: 98.32% -> 98.32%      
client [26] (testset)   loss: 0.0081 -> 0.0081  accuracy: 100.00% -> 100.00%    
client [19] (testset)   loss: 0.0223 -> 0.0155  accuracy: 98.15% -> 98.15%      
client [68] (testset)   loss: 0.0015 -> 0.0016  accuracy: 100.00% -> 100.00%    
client [41] (testset)   loss: 0.0001 -> 0.0000  accuracy: 100.00% -> 100.00%    
client [50] (testset)   loss: 0.0244 -> 0.0112  accuracy: 98.97% -> 99.49%      
client [75] (testset)   loss: 0.0670 -> 0.0540  accuracy: 99.07% -> 99.38%      
client [81] (testset)   loss: 0.0182 -> 0.0164  accuracy: 99.38% -> 99.38%      
Training... ━━━━━━━━━━━━━━━━━━━━━━━━━━━━━━━━━━━━━━━━ 100% 0:25:27
FedDpa's average time taken by each global epoch: 0 min 3.56 sec.               
FedDpa's total running time: 0 h 25 m 27 s.                                     
==================== FedDpa Experiment Results: ====================            
Display format: (before local fine-tuning) -> (after local fine-tuning)         
 So if finetune_epoch = 0, x.xx% -> 0.00% is normal.                            
 Centralized testing ONLY happens after model aggregation, so the stats between 
'->' are the same.                                                              
{                                                                               
    "100": {                                                                    
        "all_clients": {                                                        
            "test": {                                                           
                "loss": "0.0354 -> 0.0000",                                     
                "accuracy": "99.11% -> 0.00%"                                   
            }                                                                   
        }                                                                       
    },                                                                          
    "200": {                                                                    
        "all_clients": {                                                        
            "test": {                                                           
                "loss": "0.0391 -> 0.0000",                                     
                "accuracy": "99.23% -> 0.00%"                                   
            }                                                                   
        }                                                                       
    },                                                                          
    "300": {                                                                    
        "all_clients": {                                                        
            "test": {                                                           
                "loss": "0.0346 -> 0.0000",                                     
                "accuracy": "99.33% -> 0.00%"                                   
            }                                                                   
        }                                                                       
    },                                                                          
    "400": {                                                                    
        "all_clients": {                                                        
            "test": {                                                           
                "loss": "0.0424 -> 0.0000",                                     
                "accuracy": "99.21% -> 0.00%"                                   
            }                                                                   
        }                                                                       
    }                                                                           
}                                                                               
==================== FedDpa Max Accuracy ====================                   
all_clients:                                                                    
(test) before fine-tuning: 99.33% at epoch 300                                  
(test) after fine-tuning: 0.00% at epoch 100                                    
