==================== FedDpa ====================                                
Experiment Arguments:                                                           
{
│   'method': 'feddpa',
│   'dataset': {
│   │   'name': 'fmnist',
│   │   'client_num': 100,
│   │   'test_ratio': 0.25,
│   │   'val_ratio': 0.0,
│   │   'seed': 42,
│   │   'split': 'sample',
│   │   'IID_ratio': 0.0,
│   │   'monitor_window_name_suffix': 'fmnist-100clients-0%IID-Dir(0.1)-seed42',
│   │   'alpha': 0.1,
│   │   'min_samples_per_client': 10
│   },
│   'model': {
│   │   'name': 'avgcnn',
│   │   'use_torchvision_pretrained_weights': True,
│   │   'external_model_weights_path': None
│   },
│   'optimizer': {
│   │   'lr': 0.01,
│   │   'dampening': 0,
│   │   'weight_decay': 0,
│   │   'momentum': 0,
│   │   'nesterov': False,
│   │   'name': 'sgd'
│   },
│   'mode': 'sequential',
│   'parallel': {
│   │   'ray_cluster_addr': None,
│   │   'num_cpus': None,
│   │   'num_gpus': None,
│   │   'num_workers': 2
│   },
│   'common': {
│   │   'seed': 42,
│   │   'join_ratio': 0.1,
│   │   'global_epoch': 400,
│   │   'local_epoch': 5,
│   │   'batch_size': 32,
│   │   'reset_optimizer_on_global_epoch': True,
│   │   'straggler_ratio': 0,
│   │   'straggler_min_local_epoch': 0,
│   │   'buffers': 'global',
│   │   'client_side_evaluation': True,
│   │   'test': {
│   │   │   'client': {
│   │   │   │   'interval': 100,
│   │   │   │   'finetune_epoch': 0,
│   │   │   │   'train': False,
│   │   │   │   'val': False,
│   │   │   │   'test': True
│   │   │   },
│   │   │   'server': {
│   │   │   │   'interval': -1,
│   │   │   │   'train': False,
│   │   │   │   'val': False,
│   │   │   │   'test': False,
│   │   │   │   'model_in_train_mode': False
│   │   │   }
│   │   },
│   │   'verbose_gap': 10,
│   │   'monitor': None,
│   │   'use_cuda': True,
│   │   'save_log': True,
│   │   'save_model': False,
│   │   'save_learning_curve_plot': False,
│   │   'save_metrics': True,
│   │   'delete_useless_run': True
│   },
│   'feddpa': {
│   │   'fisher_threshold': 0.99999
│   }
}
---------------------------- TRAINING EPOCH: 10 ----------------------------    
client [77] (testset)   loss: 0.1305 -> 0.0375  accuracy: 95.85% -> 98.45%      
client [81] (testset)   loss: 0.2959 -> 0.0131  accuracy: 87.04% -> 100.00%     
client [21] (testset)   loss: 0.3430 -> 0.1920  accuracy: 86.96% -> 93.17%      
client [68] (testset)   loss: 0.5141 -> 0.1515  accuracy: 83.64% -> 94.55%      
client [93] (testset)   loss: 1.7650 -> 0.0251  accuracy: 44.07% -> 100.00%     
client [31] (testset)   loss: 0.6855 -> 0.3166  accuracy: 75.38% -> 83.08%      
client [20] (testset)   loss: 0.4181 -> 0.0539  accuracy: 80.65% -> 97.85%      
client [59] (testset)   loss: 0.6434 -> 0.3619  accuracy: 88.32% -> 88.32%      
client [48] (testset)   loss: 0.2352 -> 0.0204  accuracy: 94.94% -> 98.73%      
client [34] (testset)   loss: 0.3133 -> 0.3077  accuracy: 92.31% -> 88.46%      
---------------------------- TRAINING EPOCH: 20 ----------------------------    
client [69] (testset)   loss: 0.2511 -> 0.1233  accuracy: 91.98% -> 95.68%      
client [99] (testset)   loss: 1.8831 -> 0.0410  accuracy: 37.11% -> 98.42%      
client [67] (testset)   loss: 2.5101 -> 0.1197  accuracy: 15.81% -> 96.22%      
client [0]  (testset)   loss: 2.8696 -> 0.1839  accuracy: 16.33% -> 91.84%      
client [76] (testset)   loss: 0.7538 -> 0.2870  accuracy: 86.67% -> 93.33%      
client [41] (testset)   loss: 0.3791 -> 0.1806  accuracy: 92.34% -> 93.15%      
client [62] (testset)   loss: 0.6351 -> 0.2811  accuracy: 80.00% -> 95.00%      
client [2]  (testset)   loss: 2.1225 -> 0.0077  accuracy: 38.51% -> 99.56%      
client [14] (testset)   loss: 1.2967 -> 0.3057  accuracy: 68.10% -> 90.48%      
client [46] (testset)   loss: 0.6047 -> 0.2360  accuracy: 85.42% -> 91.67%      
---------------------------- TRAINING EPOCH: 30 ----------------------------    
client [24] (testset)   loss: 0.2803 -> 0.3034  accuracy: 88.00% -> 88.00%      
client [68] (testset)   loss: 0.8072 -> 0.1486  accuracy: 74.55% -> 96.36%      
client [57] (testset)   loss: 0.1962 -> 0.0185  accuracy: 94.53% -> 99.64%      
client [17] (testset)   loss: 2.1998 -> 0.1106  accuracy: 41.71% -> 97.33%      
client [54] (testset)   loss: 0.9089 -> 0.1367  accuracy: 81.82% -> 93.51%      
client [23] (testset)   loss: 0.8130 -> 0.1125  accuracy: 66.67% -> 96.97%      
client [35] (testset)   loss: 0.0460 -> 0.0089  accuracy: 98.65% -> 100.00%     
client [59] (testset)   loss: 1.1445 -> 0.3092  accuracy: 60.58% -> 92.70%      
client [31] (testset)   loss: 0.5443 -> 0.1679  accuracy: 84.62% -> 92.31%      
client [9]  (testset)   loss: 0.6076 -> 0.1050  accuracy: 84.72% -> 95.49%      
---------------------------- TRAINING EPOCH: 40 ----------------------------    
client [64] (testset)   loss: 0.3736 -> 0.1078  accuracy: 85.71% -> 96.24%      
client [33] (testset)   loss: 0.3473 -> 0.0411  accuracy: 90.06% -> 98.25%      
client [16] (testset)   loss: 0.8782 -> 0.0223  accuracy: 69.17% -> 99.17%      
client [44] (testset)   loss: 0.4588 -> 0.0210  accuracy: 84.91% -> 99.06%      
client [8]  (testset)   loss: 1.5970 -> 0.1485  accuracy: 62.20% -> 94.35%      
client [31] (testset)   loss: 0.9733 -> 0.1463  accuracy: 66.15% -> 93.85%      
client [47] (testset)   loss: 0.3654 -> 0.0846  accuracy: 88.48% -> 96.30%      
client [36] (testset)   loss: 0.3447 -> 0.1377  accuracy: 87.52% -> 95.24%      
client [20] (testset)   loss: 0.3360 -> 0.0261  accuracy: 87.10% -> 99.19%      
client [56] (testset)   loss: 0.8682 -> 0.2986  accuracy: 77.31% -> 87.39%      
---------------------------- TRAINING EPOCH: 50 ----------------------------    
client [4]  (testset)   loss: 0.0945 -> 0.0495  accuracy: 98.46% -> 96.92%      
client [60] (testset)   loss: 1.3839 -> 0.1305  accuracy: 54.24% -> 94.83%      
client [28] (testset)   loss: 0.0167 -> 0.0012  accuracy: 100.00% -> 100.00%    
client [25] (testset)   loss: 0.4651 -> 0.0135  accuracy: 85.58% -> 99.04%      
client [58] (testset)   loss: 0.1248 -> 0.0471  accuracy: 94.90% -> 98.47%      
client [44] (testset)   loss: 0.4501 -> 0.0280  accuracy: 82.08% -> 99.06%      
client [39] (testset)   loss: 0.1952 -> 0.0231  accuracy: 93.33% -> 100.00%     
client [29] (testset)   loss: 0.5465 -> 0.2322  accuracy: 82.28% -> 91.14%      
client [3]  (testset)   loss: 0.3053 -> 0.1267  accuracy: 90.66% -> 96.50%      
client [84] (testset)   loss: 0.4031 -> 0.0058  accuracy: 86.42% -> 100.00%     
---------------------------- TRAINING EPOCH: 60 ----------------------------    
client [21] (testset)   loss: 0.3578 -> 0.1759  accuracy: 89.44% -> 92.55%      
client [84] (testset)   loss: 0.1284 -> 0.0167  accuracy: 96.30% -> 98.77%      
client [10] (testset)   loss: 0.1494 -> 0.0170  accuracy: 92.65% -> 100.00%     
client [36] (testset)   loss: 0.2411 -> 0.1365  accuracy: 92.12% -> 95.89%      
client [65] (testset)   loss: 0.4479 -> 0.2935  accuracy: 90.62% -> 87.50%      
client [81] (testset)   loss: 0.1421 -> 0.0040  accuracy: 94.44% -> 100.00%     
client [79] (testset)   loss: 0.2266 -> 0.1373  accuracy: 92.61% -> 94.58%      
client [42] (testset)   loss: 0.2600 -> 0.0486  accuracy: 92.48% -> 98.91%      
client [11] (testset)   loss: 1.1924 -> 0.3098  accuracy: 65.47% -> 88.79%      
client [96] (testset)   loss: 0.7699 -> 0.1441  accuracy: 75.91% -> 96.35%      
---------------------------- TRAINING EPOCH: 70 ----------------------------    
client [8]  (testset)   loss: 0.4056 -> 0.1663  accuracy: 85.71% -> 95.24%      
client [53] (testset)   loss: 0.0626 -> 0.0072  accuracy: 97.59% -> 99.70%      
client [52] (testset)   loss: 0.2994 -> 0.0864  accuracy: 91.53% -> 98.31%      
client [42] (testset)   loss: 0.4677 -> 0.0492  accuracy: 86.06% -> 98.91%      
client [69] (testset)   loss: 0.1835 -> 0.0553  accuracy: 93.83% -> 98.15%      
client [59] (testset)   loss: 0.6242 -> 0.2898  accuracy: 86.13% -> 90.51%      
client [7]  (testset)   loss: 0.1660 -> 0.0178  accuracy: 94.76% -> 99.56%      
client [26] (testset)   loss: 0.0671 -> 0.0366  accuracy: 97.77% -> 98.73%      
client [49] (testset)   loss: 0.9554 -> 0.0289  accuracy: 71.55% -> 99.57%      
client [98] (testset)   loss: 2.3349 -> 0.4304  accuracy: 68.09% -> 93.62%      
---------------------------- TRAINING EPOCH: 80 ----------------------------    
client [98] (testset)   loss: 0.4104 -> 0.3546  accuracy: 89.36% -> 91.49%      
client [47] (testset)   loss: 0.1578 -> 0.1285  accuracy: 94.57% -> 95.43%      
client [21] (testset)   loss: 0.4318 -> 0.1400  accuracy: 89.44% -> 96.27%      
client [77] (testset)   loss: 0.1573 -> 0.0180  accuracy: 96.37% -> 99.48%      
client [95] (testset)   loss: 0.2863 -> 0.1758  accuracy: 87.04% -> 96.30%      
client [91] (testset)   loss: 0.0336 -> 0.0103  accuracy: 100.00% -> 100.00%    
client [14] (testset)   loss: 0.7189 -> 0.2908  accuracy: 80.24% -> 90.71%      
client [99] (testset)   loss: 0.0348 -> 0.0181  accuracy: 98.68% -> 99.74%      
client [20] (testset)   loss: 1.8093 -> 0.0333  accuracy: 50.54% -> 99.19%      
client [39] (testset)   loss: 0.0055 -> 0.0031  accuracy: 100.00% -> 100.00%    
---------------------------- TRAINING EPOCH: 90 ----------------------------    
client [52] (testset)   loss: 0.3703 -> 0.0916  accuracy: 91.53% -> 98.31%      
client [62] (testset)   loss: 0.5063 -> 0.0391  accuracy: 75.00% -> 100.00%     
client [71] (testset)   loss: 0.1329 -> 0.0851  accuracy: 95.65% -> 96.74%      
client [97] (testset)   loss: 0.3921 -> 0.0428  accuracy: 86.58% -> 98.70%      
client [30] (testset)   loss: 0.3055 -> 0.1885  accuracy: 96.15% -> 97.12%      
client [88] (testset)   loss: 2.8740 -> 0.3256  accuracy: 29.27% -> 90.24%      
client [60] (testset)   loss: 2.0878 -> 0.1475  accuracy: 46.49% -> 95.20%      
client [82] (testset)   loss: 0.5763 -> 0.0653  accuracy: 80.14% -> 98.97%      
client [91] (testset)   loss: 1.9643 -> 0.2657  accuracy: 76.92% -> 92.31%      
client [57] (testset)   loss: 0.1898 -> 0.0347  accuracy: 92.70% -> 99.27%      
---------------------------- TRAINING EPOCH: 100 ----------------------------   
client [31] (testset)   loss: 0.6348 -> 0.3327  accuracy: 84.62% -> 86.15%      
client [15] (testset)   loss: 0.6589 -> 0.1457  accuracy: 83.44% -> 95.31%      
client [71] (testset)   loss: 0.1916 -> 0.0530  accuracy: 93.48% -> 98.37%      
client [97] (testset)   loss: 0.3695 -> 0.0350  accuracy: 87.88% -> 99.13%      
client [53] (testset)   loss: 0.0441 -> 0.0089  accuracy: 98.49% -> 99.70%      
client [77] (testset)   loss: 0.0150 -> 0.0089  accuracy: 100.00% -> 99.48%     
client [76] (testset)   loss: 0.6185 -> 0.3319  accuracy: 73.33% -> 86.67%      
client [79] (testset)   loss: 0.7067 -> 0.1262  accuracy: 77.83% -> 96.55%      
client [28] (testset)   loss: 0.7774 -> 0.0007  accuracy: 75.00% -> 100.00%     
client [99] (testset)   loss: 0.8434 -> 0.0279  accuracy: 74.74% -> 99.47%      
---------------------------- TRAINING EPOCH: 110 ----------------------------   
client [97] (testset)   loss: 0.1894 -> 0.0458  accuracy: 96.54% -> 98.70%      
client [86] (testset)   loss: 0.0015 -> 0.0007  accuracy: 100.00% -> 100.00%    
client [34] (testset)   loss: 1.2679 -> 0.0415  accuracy: 65.38% -> 100.00%     
client [73] (testset)   loss: 0.8687 -> 0.0142  accuracy: 80.15% -> 99.24%      
client [5]  (testset)   loss: 0.9522 -> 0.0494  accuracy: 70.95% -> 97.62%      
client [96] (testset)   loss: 0.6106 -> 0.1412  accuracy: 81.75% -> 94.16%      
client [22] (testset)   loss: 0.5545 -> 0.0112  accuracy: 81.44% -> 98.97%      
client [60] (testset)   loss: 0.3115 -> 0.1502  accuracy: 91.88% -> 95.57%      
client [66] (testset)   loss: 0.4718 -> 0.0975  accuracy: 88.84% -> 96.02%      
client [83] (testset)   loss: 0.2077 -> 0.0656  accuracy: 96.18% -> 98.09%      
---------------------------- TRAINING EPOCH: 120 ----------------------------   
client [76] (testset)   loss: 0.4556 -> 0.2539  accuracy: 80.00% -> 86.67%      
client [65] (testset)   loss: 0.8276 -> 0.3156  accuracy: 78.12% -> 93.75%      
client [95] (testset)   loss: 0.7295 -> 0.2365  accuracy: 79.63% -> 92.59%      
client [17] (testset)   loss: 1.5348 -> 0.1224  accuracy: 67.91% -> 96.79%      
client [8]  (testset)   loss: 0.4148 -> 0.1931  accuracy: 88.99% -> 94.64%      
client [35] (testset)   loss: 0.0450 -> 0.0095  accuracy: 98.65% -> 100.00%     
client [98] (testset)   loss: 0.7631 -> 0.3938  accuracy: 82.98% -> 93.62%      
client [53] (testset)   loss: 0.1579 -> 0.0116  accuracy: 93.98% -> 99.40%      
client [43] (testset)   loss: 1.1630 -> 0.1382  accuracy: 69.23% -> 96.92%      
client [64] (testset)   loss: 0.3647 -> 0.0630  accuracy: 85.71% -> 98.50%      
---------------------------- TRAINING EPOCH: 130 ----------------------------   
client [21] (testset)   loss: 0.5051 -> 0.1779  accuracy: 86.34% -> 95.03%      
client [88] (testset)   loss: 0.4797 -> 0.3876  accuracy: 86.59% -> 90.24%      
client [38] (testset)   loss: 0.4450 -> 0.3799  accuracy: 89.61% -> 90.91%      
client [3]  (testset)   loss: 0.2432 -> 0.1040  accuracy: 93.39% -> 96.89%      
client [5]  (testset)   loss: 0.3643 -> 0.0681  accuracy: 89.05% -> 98.10%      
client [41] (testset)   loss: 0.5758 -> 0.1596  accuracy: 88.71% -> 95.56%      
client [7]  (testset)   loss: 0.3266 -> 0.0400  accuracy: 92.14% -> 98.69%      
client [37] (testset)   loss: 1.0555 -> 0.1179  accuracy: 71.74% -> 95.65%      
client [45] (testset)   loss: 1.5378 -> 0.7195  accuracy: 75.68% -> 89.19%      
client [47] (testset)   loss: 0.5419 -> 0.1121  accuracy: 88.91% -> 96.74%      
---------------------------- TRAINING EPOCH: 140 ----------------------------   
client [16] (testset)   loss: 1.2879 -> 0.0202  accuracy: 61.67% -> 99.17%      
client [11] (testset)   loss: 2.9700 -> 0.2221  accuracy: 48.88% -> 93.72%      
client [37] (testset)   loss: 0.4479 -> 0.1433  accuracy: 90.22% -> 96.74%      
client [41] (testset)   loss: 0.3372 -> 0.1372  accuracy: 94.35% -> 95.56%      
client [95] (testset)   loss: 0.3910 -> 0.2642  accuracy: 88.89% -> 94.44%      
client [53] (testset)   loss: 0.2067 -> 0.0070  accuracy: 93.67% -> 99.70%      
client [22] (testset)   loss: 0.4130 -> 0.0493  accuracy: 90.72% -> 97.94%      
client [25] (testset)   loss: 0.2370 -> 0.0033  accuracy: 89.42% -> 100.00%     
client [69] (testset)   loss: 0.1414 -> 0.0690  accuracy: 96.91% -> 96.91%      
client [46] (testset)   loss: 1.1408 -> 0.1803  accuracy: 63.54% -> 95.83%      
---------------------------- TRAINING EPOCH: 150 ----------------------------   
client [47] (testset)   loss: 0.2689 -> 0.1109  accuracy: 93.91% -> 97.17%      
client [69] (testset)   loss: 0.5183 -> 0.0628  accuracy: 86.42% -> 97.53%      
client [82] (testset)   loss: 0.3445 -> 0.0636  accuracy: 90.41% -> 98.97%      
client [45] (testset)   loss: 0.5034 -> 0.5285  accuracy: 89.19% -> 86.49%      
client [7]  (testset)   loss: 0.1526 -> 0.0410  accuracy: 95.20% -> 99.13%      
client [50] (testset)   loss: 0.6534 -> 0.0249  accuracy: 84.33% -> 99.15%      
client [35] (testset)   loss: 0.0588 -> 0.0040  accuracy: 98.65% -> 100.00%     
client [24] (testset)   loss: 0.7082 -> 0.2388  accuracy: 81.71% -> 91.43%      
client [15] (testset)   loss: 0.7542 -> 0.1844  accuracy: 79.38% -> 95.62%      
client [58] (testset)   loss: 0.2201 -> 0.1077  accuracy: 95.92% -> 96.94%      
---------------------------- TRAINING EPOCH: 160 ----------------------------   
client [48] (testset)   loss: 0.4073 -> 0.0046  accuracy: 88.61% -> 100.00%     
client [76] (testset)   loss: 0.2823 -> 0.2400  accuracy: 93.33% -> 93.33%      
client [67] (testset)   loss: 2.5394 -> 0.1580  accuracy: 45.02% -> 96.22%      
client [37] (testset)   loss: 1.9005 -> 0.0789  accuracy: 43.48% -> 96.74%      
client [58] (testset)   loss: 0.1159 -> 0.0434  accuracy: 96.43% -> 98.47%      
client [64] (testset)   loss: 0.0405 -> 0.0280  accuracy: 97.74% -> 98.50%      
client [77] (testset)   loss: 0.0595 -> 0.0213  accuracy: 98.96% -> 99.48%      
client [55] (testset)   loss: 0.0441 -> 0.0015  accuracy: 99.01% -> 100.00%     
client [12] (testset)   loss: 1.0603 -> 0.1416  accuracy: 84.00% -> 96.80%      
client [89] (testset)   loss: 0.4004 -> 0.0653  accuracy: 84.21% -> 94.74%      
---------------------------- TRAINING EPOCH: 170 ----------------------------   
client [84] (testset)   loss: 0.5757 -> 0.0313  accuracy: 81.48% -> 98.77%      
client [51] (testset)   loss: 1.3338 -> 0.0096  accuracy: 68.63% -> 99.51%      
client [8]  (testset)   loss: 1.0330 -> 0.2282  accuracy: 74.70% -> 95.24%      
client [18] (testset)   loss: 0.1505 -> 0.0421  accuracy: 95.52% -> 98.51%      
client [94] (testset)   loss: 1.3448 -> 0.1537  accuracy: 65.65% -> 96.95%      
client [81] (testset)   loss: 1.2459 -> 0.0029  accuracy: 70.37% -> 100.00%     
client [3]  (testset)   loss: 0.1270 -> 0.1096  accuracy: 95.72% -> 96.50%      
client [11] (testset)   loss: 0.3143 -> 0.2804  accuracy: 91.93% -> 92.38%      
client [95] (testset)   loss: 0.4337 -> 0.3638  accuracy: 94.44% -> 94.44%      
client [67] (testset)   loss: 3.8488 -> 0.1751  accuracy: 35.05% -> 96.56%      
---------------------------- TRAINING EPOCH: 180 ----------------------------   
client [21] (testset)   loss: 0.3209 -> 0.1978  accuracy: 94.41% -> 94.41%      
client [79] (testset)   loss: 0.2344 -> 0.1045  accuracy: 91.63% -> 96.55%      
client [58] (testset)   loss: 0.3970 -> 0.1357  accuracy: 91.33% -> 96.43%      
client [88] (testset)   loss: 0.6696 -> 0.3904  accuracy: 82.93% -> 89.02%      
client [46] (testset)   loss: 0.3834 -> 0.1186  accuracy: 90.62% -> 96.88%      
client [11] (testset)   loss: 3.1016 -> 0.2761  accuracy: 45.74% -> 92.38%      
client [55] (testset)   loss: 0.0789 -> 0.0021  accuracy: 97.68% -> 100.00%     
client [13] (testset)   loss: 0.8723 -> 0.4002  accuracy: 82.37% -> 89.10%      
client [31] (testset)   loss: 0.7056 -> 0.2607  accuracy: 84.62% -> 90.77%      
client [75] (testset)   loss: 1.0448 -> 0.3266  accuracy: 80.86% -> 93.30%      
---------------------------- TRAINING EPOCH: 190 ----------------------------   
client [19] (testset)   loss: 1.3159 -> 0.2814  accuracy: 77.97% -> 93.22%      
client [7]  (testset)   loss: 0.2698 -> 0.0428  accuracy: 92.58% -> 99.13%      
client [57] (testset)   loss: 0.3244 -> 0.0499  accuracy: 87.96% -> 98.91%      
client [13] (testset)   loss: 2.4104 -> 0.3907  accuracy: 57.37% -> 89.10%      
client [43] (testset)   loss: 0.9002 -> 0.1375  accuracy: 73.85% -> 96.92%      
client [91] (testset)   loss: 0.2388 -> 0.2362  accuracy: 92.31% -> 92.31%      
client [10] (testset)   loss: 0.1882 -> 0.0458  accuracy: 95.59% -> 98.53%      
client [64] (testset)   loss: 0.3802 -> 0.0426  accuracy: 88.72% -> 98.50%      
client [82] (testset)   loss: 0.9114 -> 0.0587  accuracy: 74.32% -> 98.63%      
client [22] (testset)   loss: 3.7346 -> 0.0383  accuracy: 42.27% -> 97.94%      
---------------------------- TRAINING EPOCH: 200 ----------------------------   
client [20] (testset)   loss: 0.2764 -> 0.0433  accuracy: 92.20% -> 99.46%      
client [23] (testset)   loss: 0.3679 -> 0.2294  accuracy: 91.92% -> 95.96%      
client [88] (testset)   loss: 0.5716 -> 0.4021  accuracy: 85.37% -> 89.02%      
client [98] (testset)   loss: 2.7543 -> 0.4855  accuracy: 48.94% -> 89.36%      
client [79] (testset)   loss: 0.3905 -> 0.1066  accuracy: 88.18% -> 97.04%      
client [21] (testset)   loss: 0.3967 -> 0.2071  accuracy: 91.30% -> 95.65%      
client [92] (testset)   loss: 0.8713 -> 0.0549  accuracy: 84.67% -> 97.81%      
client [56] (testset)   loss: 1.6267 -> 0.4534  accuracy: 63.87% -> 86.55%      
client [5]  (testset)   loss: 0.1979 -> 0.0634  accuracy: 94.76% -> 96.67%      
client [52] (testset)   loss: 0.2055 -> 0.0481  accuracy: 94.92% -> 96.61%      
---------------------------- TRAINING EPOCH: 210 ----------------------------   
client [67] (testset)   loss: 0.3059 -> 0.1591  accuracy: 91.41% -> 96.91%      
client [54] (testset)   loss: 1.4355 -> 0.0903  accuracy: 71.43% -> 96.10%      
client [14] (testset)   loss: 1.8486 -> 0.2486  accuracy: 55.48% -> 91.90%      
client [99] (testset)   loss: 0.0479 -> 0.0317  accuracy: 98.95% -> 99.47%      
client [36] (testset)   loss: 0.5525 -> 0.1496  accuracy: 88.01% -> 96.88%      
client [30] (testset)   loss: 0.8785 -> 0.1625  accuracy: 78.85% -> 94.23%      
client [38] (testset)   loss: 0.4443 -> 0.3402  accuracy: 84.42% -> 94.81%      
client [15] (testset)   loss: 0.6940 -> 0.1790  accuracy: 84.38% -> 96.88%      
client [6]  (testset)   loss: 1.0256 -> 0.0680  accuracy: 81.17% -> 97.40%      
client [53] (testset)   loss: 0.2109 -> 0.0379  accuracy: 94.58% -> 99.40%      
---------------------------- TRAINING EPOCH: 220 ----------------------------   
client [99] (testset)   loss: 0.3513 -> 0.0314  accuracy: 89.47% -> 99.47%      
client [6]  (testset)   loss: 0.7266 -> 0.0434  accuracy: 83.12% -> 98.70%      
client [83] (testset)   loss: 0.5576 -> 0.0153  accuracy: 90.45% -> 99.36%      
client [42] (testset)   loss: 0.4876 -> 0.0693  accuracy: 88.97% -> 98.30%      
client [34] (testset)   loss: 0.9186 -> 0.0457  accuracy: 76.92% -> 96.15%      
client [15] (testset)   loss: 0.5001 -> 0.1900  accuracy: 87.50% -> 96.56%      
client [47] (testset)   loss: 0.1596 -> 0.1205  accuracy: 95.87% -> 96.52%      
client [55] (testset)   loss: 0.0688 -> 0.0045  accuracy: 96.69% -> 100.00%     
client [51] (testset)   loss: 0.0551 -> 0.0008  accuracy: 98.04% -> 100.00%     
client [95] (testset)   loss: 0.8947 -> 0.4020  accuracy: 81.48% -> 90.74%      
---------------------------- TRAINING EPOCH: 230 ----------------------------   
client [71] (testset)   loss: 0.1346 -> 0.0303  accuracy: 96.74% -> 97.83%      
client [15] (testset)   loss: 0.8605 -> 0.2107  accuracy: 86.56% -> 96.88%      
client [33] (testset)   loss: 0.2506 -> 0.1101  accuracy: 94.15% -> 98.25%      
client [99] (testset)   loss: 0.1669 -> 0.0345  accuracy: 95.79% -> 99.21%      
client [90] (testset)   loss: 0.0791 -> 0.0671  accuracy: 97.97% -> 98.65%      
client [57] (testset)   loss: 0.5861 -> 0.0428  accuracy: 82.48% -> 98.91%      
client [27] (testset)   loss: 0.5689 -> 0.0007  accuracy: 86.05% -> 100.00%     
client [78] (testset)   loss: 0.4036 -> 0.0246  accuracy: 85.04% -> 99.21%      
client [36] (testset)   loss: 0.2218 -> 0.1683  accuracy: 96.06% -> 96.88%      
client [88] (testset)   loss: 0.7344 -> 0.3970  accuracy: 82.93% -> 90.24%      
---------------------------- TRAINING EPOCH: 240 ----------------------------   
client [70] (testset)   loss: 0.4411 -> 0.3931  accuracy: 89.19% -> 89.19%      
client [35] (testset)   loss: 0.3157 -> 0.0837  accuracy: 90.54% -> 97.30%      
client [16] (testset)   loss: 0.4759 -> 0.0517  accuracy: 85.00% -> 98.33%      
client [80] (testset)   loss: 1.2338 -> 0.0445  accuracy: 75.00% -> 96.15%      
client [38] (testset)   loss: 0.8576 -> 0.3787  accuracy: 72.73% -> 90.91%      
client [78] (testset)   loss: 0.0219 -> 0.0149  accuracy: 99.21% -> 99.21%      
client [68] (testset)   loss: 0.3432 -> 0.0770  accuracy: 86.36% -> 98.18%      
client [11] (testset)   loss: 0.9280 -> 0.2328  accuracy: 76.68% -> 94.62%      
client [64] (testset)   loss: 0.4443 -> 0.0962  accuracy: 84.96% -> 97.74%      
client [82] (testset)   loss: 2.3969 -> 0.0344  accuracy: 48.63% -> 99.32%      
---------------------------- TRAINING EPOCH: 250 ----------------------------   
client [30] (testset)   loss: 0.4456 -> 0.1725  accuracy: 88.46% -> 96.15%      
client [27] (testset)   loss: 0.0288 -> 0.0022  accuracy: 97.67% -> 100.00%     
client [74] (testset)   loss: 0.0424 -> 0.0579  accuracy: 100.00% -> 96.30%     
client [45] (testset)   loss: 1.0177 -> 0.8147  accuracy: 86.49% -> 86.49%      
client [6]  (testset)   loss: 0.2625 -> 0.0612  accuracy: 92.86% -> 98.05%      
client [36] (testset)   loss: 0.2534 -> 0.1731  accuracy: 95.40% -> 96.88%      
client [63] (testset)   loss: 0.0530 -> 0.0063  accuracy: 98.97% -> 100.00%     
client [76] (testset)   loss: 0.2104 -> 0.1644  accuracy: 93.33% -> 93.33%      
client [83] (testset)   loss: 0.1464 -> 0.0465  accuracy: 96.18% -> 98.73%      
client [86] (testset)   loss: 0.0002 -> 0.0002  accuracy: 100.00% -> 100.00%    
---------------------------- TRAINING EPOCH: 260 ----------------------------   
client [83] (testset)   loss: 0.7566 -> 0.0530  accuracy: 85.35% -> 98.73%      
client [99] (testset)   loss: 0.6695 -> 0.0356  accuracy: 83.16% -> 99.47%      
client [74] (testset)   loss: 0.4957 -> 0.1251  accuracy: 81.48% -> 92.59%      
client [73] (testset)   loss: 0.5241 -> 0.0835  accuracy: 87.02% -> 96.95%      
client [29] (testset)   loss: 0.7581 -> 0.4117  accuracy: 84.81% -> 91.14%      
client [92] (testset)   loss: 0.0356 -> 0.0244  accuracy: 98.54% -> 99.27%      
client [6]  (testset)   loss: 0.3880 -> 0.0395  accuracy: 92.86% -> 98.05%      
client [61] (testset)   loss: 0.1989 -> 0.0609  accuracy: 93.90% -> 98.78%      
client [21] (testset)   loss: 0.4105 -> 0.2661  accuracy: 90.68% -> 96.89%      
client [67] (testset)   loss: 0.4936 -> 0.1749  accuracy: 85.91% -> 97.25%      
---------------------------- TRAINING EPOCH: 270 ----------------------------   
client [83] (testset)   loss: 0.3381 -> 0.0511  accuracy: 91.72% -> 98.73%      
client [32] (testset)   loss: 1.0112 -> 0.3008  accuracy: 79.72% -> 91.39%      
client [95] (testset)   loss: 0.9713 -> 0.4437  accuracy: 83.33% -> 92.59%      
client [61] (testset)   loss: 0.2698 -> 0.1051  accuracy: 92.68% -> 97.56%      
client [27] (testset)   loss: 0.1455 -> 0.0045  accuracy: 95.35% -> 100.00%     
client [25] (testset)   loss: 0.0772 -> 0.0099  accuracy: 97.12% -> 100.00%     
client [68] (testset)   loss: 0.3730 -> 0.0244  accuracy: 89.09% -> 99.09%      
client [34] (testset)   loss: 0.2252 -> 0.1104  accuracy: 96.15% -> 92.31%      
client [71] (testset)   loss: 0.3368 -> 0.0857  accuracy: 93.48% -> 97.28%      
client [89] (testset)   loss: 0.2440 -> 0.0941  accuracy: 94.74% -> 94.74%      
---------------------------- TRAINING EPOCH: 280 ----------------------------   
client [78] (testset)   loss: 0.2707 -> 0.0571  accuracy: 92.13% -> 99.21%      
client [81] (testset)   loss: 0.0568 -> 0.0168  accuracy: 96.30% -> 100.00%     
client [51] (testset)   loss: 0.0059 -> 0.0010  accuracy: 100.00% -> 100.00%    
client [54] (testset)   loss: 1.0292 -> 0.1098  accuracy: 77.92% -> 96.10%      
client [65] (testset)   loss: 1.0927 -> 0.2317  accuracy: 75.00% -> 84.38%      
client [41] (testset)   loss: 0.6270 -> 0.2154  accuracy: 89.11% -> 95.56%      
client [11] (testset)   loss: 0.4936 -> 0.2495  accuracy: 87.00% -> 94.17%      
client [85] (testset)   loss: 0.2117 -> 0.1168  accuracy: 91.23% -> 98.25%      
client [12] (testset)   loss: 0.5127 -> 0.1485  accuracy: 87.68% -> 96.80%      
client [23] (testset)   loss: 0.4527 -> 0.1750  accuracy: 88.89% -> 95.96%      
---------------------------- TRAINING EPOCH: 290 ----------------------------   
client [16] (testset)   loss: 0.1700 -> 0.0301  accuracy: 95.00% -> 99.17%      
client [65] (testset)   loss: 1.5998 -> 0.0580  accuracy: 68.75% -> 96.88%      
client [53] (testset)   loss: 0.1790 -> 0.0486  accuracy: 95.48% -> 99.40%      
client [58] (testset)   loss: 0.1168 -> 0.0893  accuracy: 96.43% -> 97.45%      
client [72] (testset)   loss: 0.1494 -> 0.1514  accuracy: 98.25% -> 98.25%      
client [7]  (testset)   loss: 0.6840 -> 0.0545  accuracy: 84.28% -> 99.56%      
client [71] (testset)   loss: 0.7598 -> 0.0786  accuracy: 82.61% -> 97.83%      
client [59] (testset)   loss: 1.0076 -> 0.2873  accuracy: 75.18% -> 94.16%      
client [86] (testset)   loss: 0.0091 -> 0.0063  accuracy: 100.00% -> 100.00%    
client [39] (testset)   loss: 0.0547 -> 0.0150  accuracy: 93.33% -> 100.00%     
---------------------------- TRAINING EPOCH: 300 ----------------------------   
client [99] (testset)   loss: 0.4096 -> 0.0395  accuracy: 88.42% -> 99.47%      
client [7]  (testset)   loss: 0.2107 -> 0.0667  accuracy: 96.51% -> 98.25%      
client [17] (testset)   loss: 0.6972 -> 0.2157  accuracy: 87.17% -> 95.19%      
client [64] (testset)   loss: 0.1489 -> 0.1355  accuracy: 96.99% -> 96.99%      
client [37] (testset)   loss: 0.1396 -> 0.1352  accuracy: 96.74% -> 96.74%      
client [29] (testset)   loss: 1.2248 -> 0.5299  accuracy: 86.08% -> 88.61%      
client [93] (testset)   loss: 0.3712 -> 0.1495  accuracy: 93.22% -> 96.61%      
client [73] (testset)   loss: 0.3002 -> 0.0719  accuracy: 93.13% -> 96.18%      
client [40] (testset)   loss: 1.2606 -> 0.1855  accuracy: 70.83% -> 95.83%      
client [76] (testset)   loss: 0.4096 -> 0.3234  accuracy: 93.33% -> 93.33%      
---------------------------- TRAINING EPOCH: 310 ----------------------------   
client [31] (testset)   loss: 0.8620 -> 0.5416  accuracy: 89.23% -> 87.69%      
client [89] (testset)   loss: 0.5499 -> 0.1445  accuracy: 94.74% -> 94.74%      
client [77] (testset)   loss: 0.1072 -> 0.0222  accuracy: 97.93% -> 98.45%      
client [90] (testset)   loss: 0.2828 -> 0.1572  accuracy: 93.92% -> 97.30%      
client [26] (testset)   loss: 0.1299 -> 0.0555  accuracy: 96.82% -> 98.41%      
client [50] (testset)   loss: 0.8965 -> 0.0940  accuracy: 82.05% -> 98.29%      
client [30] (testset)   loss: 0.6389 -> 0.1766  accuracy: 84.62% -> 96.15%      
client [70] (testset)   loss: 0.6499 -> 0.6147  accuracy: 89.19% -> 89.19%      
client [41] (testset)   loss: 0.3143 -> 0.2204  accuracy: 93.95% -> 95.97%      
client [99] (testset)   loss: 0.2836 -> 0.0270  accuracy: 93.16% -> 99.21%      
---------------------------- TRAINING EPOCH: 320 ----------------------------   
client [68] (testset)   loss: 0.1424 -> 0.0985  accuracy: 97.27% -> 98.18%      
client [70] (testset)   loss: 0.8641 -> 0.7946  accuracy: 86.49% -> 86.49%      
client [52] (testset)   loss: 0.2999 -> 0.1748  accuracy: 91.53% -> 93.22%      
client [1]  (testset)   loss: 0.3172 -> 0.1732  accuracy: 90.48% -> 95.24%      
client [2]  (testset)   loss: 0.1418 -> 0.0158  accuracy: 95.84% -> 99.56%      
client [67] (testset)   loss: 1.6145 -> 0.1633  accuracy: 66.67% -> 97.25%      
client [92] (testset)   loss: 0.0711 -> 0.0380  accuracy: 97.08% -> 98.54%      
client [35] (testset)   loss: 2.6220 -> 0.0761  accuracy: 51.35% -> 97.30%      
client [36] (testset)   loss: 0.6333 -> 0.1943  accuracy: 89.66% -> 96.22%      
client [64] (testset)   loss: 1.1477 -> 0.0714  accuracy: 76.69% -> 97.74%      
---------------------------- TRAINING EPOCH: 330 ----------------------------   
client [44] (testset)   loss: 0.3745 -> 0.0960  accuracy: 89.62% -> 97.17%      
client [6]  (testset)   loss: 1.1502 -> 0.0774  accuracy: 82.47% -> 97.40%      
client [12] (testset)   loss: 0.2894 -> 0.1509  accuracy: 95.14% -> 96.68%      
client [55] (testset)   loss: 0.0361 -> 0.0260  accuracy: 99.34% -> 99.34%      
client [29] (testset)   loss: 0.4707 -> 0.3098  accuracy: 88.61% -> 92.41%      
client [9]  (testset)   loss: 0.2396 -> 0.1205  accuracy: 94.79% -> 95.49%      
client [43] (testset)   loss: 0.1499 -> 0.1743  accuracy: 96.92% -> 96.92%      
client [77] (testset)   loss: 0.1185 -> 0.0152  accuracy: 96.89% -> 99.48%      
client [98] (testset)   loss: 0.6365 -> 0.5606  accuracy: 85.11% -> 87.23%      
client [78] (testset)   loss: 0.1232 -> 0.0305  accuracy: 96.85% -> 99.21%      
---------------------------- TRAINING EPOCH: 340 ----------------------------   
client [92] (testset)   loss: 0.2693 -> 0.1453  accuracy: 92.70% -> 95.62%      
client [80] (testset)   loss: 0.6007 -> 0.0504  accuracy: 84.62% -> 98.08%      
client [63] (testset)   loss: 0.0733 -> 0.0633  accuracy: 98.97% -> 98.97%      
client [76] (testset)   loss: 0.0216 -> 0.0235  accuracy: 100.00% -> 100.00%    
client [78] (testset)   loss: 0.0693 -> 0.0331  accuracy: 98.43% -> 99.21%      
client [25] (testset)   loss: 0.0055 -> 0.0020  accuracy: 100.00% -> 100.00%    
client [58] (testset)   loss: 0.1472 -> 0.1208  accuracy: 96.94% -> 97.45%      
client [13] (testset)   loss: 0.7222 -> 0.5165  accuracy: 84.94% -> 88.78%      
client [17] (testset)   loss: 0.2290 -> 0.2088  accuracy: 95.72% -> 95.72%      
client [38] (testset)   loss: 0.4608 -> 0.5057  accuracy: 84.42% -> 89.61%      
---------------------------- TRAINING EPOCH: 350 ----------------------------   
client [72] (testset)   loss: 0.7463 -> 0.3238  accuracy: 84.21% -> 92.98%      
client [82] (testset)   loss: 0.0683 -> 0.0239  accuracy: 98.29% -> 99.32%      
client [86] (testset)   loss: 0.0082 -> 0.0060  accuracy: 100.00% -> 100.00%    
client [51] (testset)   loss: 0.3459 -> 0.0052  accuracy: 89.71% -> 99.51%      
client [96] (testset)   loss: 0.5875 -> 0.1984  accuracy: 86.86% -> 93.43%      
client [42] (testset)   loss: 0.2347 -> 0.0803  accuracy: 94.91% -> 98.42%      
client [55] (testset)   loss: 0.1526 -> 0.0305  accuracy: 96.69% -> 99.34%      
client [13] (testset)   loss: 0.6778 -> 0.5232  accuracy: 86.22% -> 87.50%      
client [1]  (testset)   loss: 0.2911 -> 0.1745  accuracy: 88.89% -> 96.83%      
client [12] (testset)   loss: 0.4490 -> 0.1607  accuracy: 89.45% -> 96.68%      
---------------------------- TRAINING EPOCH: 360 ----------------------------   
client [68] (testset)   loss: 0.1794 -> 0.0593  accuracy: 90.00% -> 97.27%      
client [23] (testset)   loss: 0.2888 -> 0.1528  accuracy: 87.88% -> 94.95%      
client [46] (testset)   loss: 0.6972 -> 0.1892  accuracy: 80.21% -> 92.71%      
client [41] (testset)   loss: 0.6833 -> 0.1841  accuracy: 87.90% -> 95.16%      
client [25] (testset)   loss: 0.0502 -> 0.0205  accuracy: 98.08% -> 99.04%      
client [58] (testset)   loss: 0.1656 -> 0.1486  accuracy: 97.45% -> 97.45%      
client [14] (testset)   loss: 0.5919 -> 0.3093  accuracy: 87.38% -> 92.62%      
client [33] (testset)   loss: 0.5503 -> 0.0947  accuracy: 88.89% -> 97.08%      
client [85] (testset)   loss: 0.8758 -> 0.2261  accuracy: 77.19% -> 94.74%      
client [62] (testset)   loss: 0.3707 -> 0.0308  accuracy: 80.00% -> 100.00%     
---------------------------- TRAINING EPOCH: 370 ----------------------------   
client [98] (testset)   loss: 0.5300 -> 0.5231  accuracy: 91.49% -> 91.49%      
client [63] (testset)   loss: 0.0156 -> 0.0147  accuracy: 98.97% -> 98.97%      
client [70] (testset)   loss: 0.5676 -> 0.4738  accuracy: 89.19% -> 91.89%      
client [65] (testset)   loss: 2.1211 -> 0.2862  accuracy: 68.75% -> 87.50%      
client [14] (testset)   loss: 0.8512 -> 0.3025  accuracy: 80.24% -> 93.33%      
client [73] (testset)   loss: 0.3125 -> 0.1107  accuracy: 91.60% -> 94.66%      
client [34] (testset)   loss: 1.4019 -> 0.3675  accuracy: 65.38% -> 88.46%      
client [99] (testset)   loss: 0.1905 -> 0.0484  accuracy: 94.47% -> 99.47%      
client [69] (testset)   loss: 0.5412 -> 0.0970  accuracy: 90.74% -> 97.53%      
client [46] (testset)   loss: 0.7528 -> 0.1913  accuracy: 78.12% -> 93.75%      
---------------------------- TRAINING EPOCH: 380 ----------------------------   
client [99] (testset)   loss: 0.3012 -> 0.0543  accuracy: 92.89% -> 99.21%      
client [93] (testset)   loss: 0.6968 -> 0.1989  accuracy: 91.53% -> 96.61%      
client [11] (testset)   loss: 0.3891 -> 0.2891  accuracy: 89.24% -> 94.17%      
client [58] (testset)   loss: 0.2310 -> 0.1814  accuracy: 95.92% -> 96.94%      
client [81] (testset)   loss: 0.0132 -> 0.0081  accuracy: 100.00% -> 100.00%    
client [85] (testset)   loss: 0.5138 -> 0.3382  accuracy: 89.47% -> 92.98%      
client [89] (testset)   loss: 0.6069 -> 0.2573  accuracy: 94.74% -> 94.74%      
client [45] (testset)   loss: 0.7866 -> 0.6663  accuracy: 89.19% -> 91.89%      
client [8]  (testset)   loss: 0.4645 -> 0.3002  accuracy: 91.07% -> 94.94%      
client [68] (testset)   loss: 0.2205 -> 0.0843  accuracy: 92.73% -> 98.18%      
---------------------------- TRAINING EPOCH: 390 ----------------------------   
client [67] (testset)   loss: 2.4605 -> 0.1867  accuracy: 56.01% -> 96.22%      
client [72] (testset)   loss: 0.8886 -> 0.3470  accuracy: 85.96% -> 91.23%      
client [1]  (testset)   loss: 1.6447 -> 0.3467  accuracy: 71.43% -> 92.06%      
client [78] (testset)   loss: 0.0545 -> 0.0456  accuracy: 99.21% -> 99.21%      
client [83] (testset)   loss: 0.1866 -> 0.0536  accuracy: 95.54% -> 98.73%      
client [21] (testset)   loss: 0.3191 -> 0.2226  accuracy: 93.79% -> 96.89%      
client [56] (testset)   loss: 1.4093 -> 0.6240  accuracy: 70.59% -> 86.55%      
client [44] (testset)   loss: 0.4146 -> 0.1238  accuracy: 90.57% -> 96.23%      
client [92] (testset)   loss: 0.0598 -> 0.0459  accuracy: 97.08% -> 97.81%      
client [27] (testset)   loss: 0.0630 -> 0.0007  accuracy: 95.35% -> 100.00%     
---------------------------- TRAINING EPOCH: 400 ----------------------------   
client [10] (testset)   loss: 0.0871 -> 0.0821  accuracy: 97.06% -> 97.06%      
client [39] (testset)   loss: 0.1846 -> 0.1442  accuracy: 93.33% -> 93.33%      
client [65] (testset)   loss: 1.8563 -> 0.7288  accuracy: 65.62% -> 78.12%      
client [26] (testset)   loss: 0.6795 -> 0.0464  accuracy: 82.51% -> 98.41%      
client [19] (testset)   loss: 0.4219 -> 0.1384  accuracy: 93.22% -> 96.61%      
client [68] (testset)   loss: 0.1201 -> 0.0886  accuracy: 97.27% -> 98.18%      
client [41] (testset)   loss: 0.3775 -> 0.2079  accuracy: 92.34% -> 95.16%      
client [50] (testset)   loss: 0.5089 -> 0.1034  accuracy: 89.74% -> 97.72%      
client [75] (testset)   loss: 0.6546 -> 0.3997  accuracy: 89.00% -> 91.87%      
client [81] (testset)   loss: 0.0032 -> 0.0029  accuracy: 100.00% -> 100.00%    
Training... ━━━━━━━━━━━━━━━━━━━━━━━━━━━━━━━━━━━━━━━━ 100% 0:26:16
FedDpa's average time taken by each global epoch: 0 min 3.69 sec.               
FedDpa's total running time: 0 h 26 m 16 s.                                     
==================== FedDpa Experiment Results: ====================            
Display format: (before local fine-tuning) -> (after local fine-tuning)         
 So if finetune_epoch = 0, x.xx% -> 0.00% is normal.                            
 Centralized testing ONLY happens after model aggregation, so the stats between 
'->' are the same.                                                              
{                                                                               
    "100": {                                                                    
        "all_clients": {                                                        
            "test": {                                                           
                "loss": "0.7816 -> 0.0000",                                     
                "accuracy": "79.60% -> 0.00%"                                   
            }                                                                   
        }                                                                       
    },                                                                          
    "200": {                                                                    
        "all_clients": {                                                        
            "test": {                                                           
                "loss": "0.5898 -> 0.0000",                                     
                "accuracy": "86.26% -> 0.00%"                                   
            }                                                                   
        }                                                                       
    },                                                                          
    "300": {                                                                    
        "all_clients": {                                                        
            "test": {                                                           
                "loss": "0.6680 -> 0.0000",                                     
                "accuracy": "87.33% -> 0.00%"                                   
            }                                                                   
        }                                                                       
    },                                                                          
    "400": {                                                                    
        "all_clients": {                                                        
            "test": {                                                           
                "loss": "0.5360 -> 0.0000",                                     
                "accuracy": "89.01% -> 0.00%"                                   
            }                                                                   
        }                                                                       
    }                                                                           
}                                                                               
==================== FedDpa Max Accuracy ====================                   
all_clients:                                                                    
(test) before fine-tuning: 89.01% at epoch 400                                  
(test) after fine-tuning: 0.00% at epoch 100                                    
