Files already downloaded and verified
Files already downloaded and verified
==================== PSFL ====================                                  
Experiment Arguments:                                                           
{
│   'method': 'psfl',
│   'dataset': {
│   │   'name': 'cifar100',
│   │   'client_num': 100,
│   │   'test_ratio': 0.25,
│   │   'val_ratio': 0.0,
│   │   'seed': 42,
│   │   'split': 'sample',
│   │   'IID_ratio': 0.0,
│   │   'monitor_window_name_suffix': 'cifar100-100clients-0%IID-use20superclasses-Dir(0.1)-seed42',
│   │   'super_class': False,
│   │   'alpha': 0.1,
│   │   'min_samples_per_client': 10
│   },
│   'model': {
│   │   'name': 'avgcnn',
│   │   'use_torchvision_pretrained_weights': True,
│   │   'external_model_weights_path': None
│   },
│   'optimizer': {
│   │   'lr': 0.01,
│   │   'dampening': 0,
│   │   'weight_decay': 0,
│   │   'momentum': 0,
│   │   'nesterov': False,
│   │   'name': 'sgd'
│   },
│   'mode': 'sequential',
│   'parallel': {
│   │   'ray_cluster_addr': None,
│   │   'num_cpus': None,
│   │   'num_gpus': None,
│   │   'num_workers': 2
│   },
│   'common': {
│   │   'seed': 42,
│   │   'join_ratio': 0.1,
│   │   'global_epoch': 400,
│   │   'local_epoch': 5,
│   │   'batch_size': 32,
│   │   'reset_optimizer_on_global_epoch': True,
│   │   'straggler_ratio': 0,
│   │   'straggler_min_local_epoch': 0,
│   │   'buffers': 'global',
│   │   'client_side_evaluation': True,
│   │   'test': {
│   │   │   'client': {
│   │   │   │   'interval': 100,
│   │   │   │   'finetune_epoch': 0,
│   │   │   │   'train': False,
│   │   │   │   'val': False,
│   │   │   │   'test': True
│   │   │   },
│   │   │   'server': {
│   │   │   │   'interval': -1,
│   │   │   │   'train': False,
│   │   │   │   'val': False,
│   │   │   │   'test': False,
│   │   │   │   'model_in_train_mode': False
│   │   │   }
│   │   },
│   │   'verbose_gap': 10,
│   │   'monitor': None,
│   │   'use_cuda': True,
│   │   'save_log': True,
│   │   'save_model': False,
│   │   'save_learning_curve_plot': False,
│   │   'save_metrics': True,
│   │   'delete_useless_run': True
│   },
│   'psfl': {
│   │   'alpha': 0.0,
│   │   'CLS': False,
│   │   'ig_ratio': 0.99,
│   │   'track': False,
│   │   'score': 'obp'
│   }
}
---------------------------- TRAINING EPOCH: 10 ----------------------------    
client [77] (testset)   loss: 2.3535 -> 1.7694  accuracy: 42.13% -> 50.00%      
client [81] (testset)   loss: 2.7154 -> 2.7875  accuracy: 33.11% -> 35.76%      
client [21] (testset)   loss: 4.3150 -> 2.0129  accuracy: 8.16% -> 38.10%       
client [68] (testset)   loss: 2.9224 -> 2.0797  accuracy: 24.37% -> 44.96%      
client [93] (testset)   loss: 3.3201 -> 2.3502  accuracy: 22.40% -> 42.40%      
client [31] (testset)   loss: 3.1241 -> 1.9744  accuracy: 20.00% -> 45.26%      
client [20] (testset)   loss: 2.4600 -> 1.8512  accuracy: 35.15% -> 53.96%      
client [59] (testset)   loss: 3.8714 -> 2.0780  accuracy: 10.73% -> 39.06%      
client [48] (testset)   loss: 3.1053 -> 2.4077  accuracy: 23.03% -> 38.79%      
client [34] (testset)   loss: 2.8018 -> 2.5120  accuracy: 30.39% -> 34.81%      
---------------------------- TRAINING EPOCH: 20 ----------------------------    
client [69] (testset)   loss: 1.8050 -> 1.5830  accuracy: 55.96% -> 58.84%      
client [99] (testset)   loss: 3.3682 -> 3.3406  accuracy: 21.17% -> 27.74%      
client [67] (testset)   loss: 2.6688 -> 2.5724  accuracy: 38.46% -> 36.81%      
client [0]  (testset)   loss: 2.4549 -> 2.1613  accuracy: 44.12% -> 50.00%      
client [76] (testset)   loss: 2.4326 -> 2.4837  accuracy: 35.75% -> 40.22%      
client [41] (testset)   loss: 3.1271 -> 2.3627  accuracy: 21.77% -> 37.90%      
client [62] (testset)   loss: 3.7804 -> 2.2254  accuracy: 16.99% -> 41.26%      
client [2]  (testset)   loss: 4.0661 -> 2.4510  accuracy: 9.82% -> 36.61%       
client [14] (testset)   loss: 2.9724 -> 3.5158  accuracy: 37.66% -> 27.27%      
client [46] (testset)   loss: 2.6653 -> 2.2411  accuracy: 40.95% -> 56.19%      
---------------------------- TRAINING EPOCH: 30 ----------------------------    
client [24] (testset)   loss: 2.3090 -> 2.6574  accuracy: 44.83% -> 45.69%      
client [68] (testset)   loss: 3.0662 -> 3.0009  accuracy: 42.86% -> 41.60%      
client [57] (testset)   loss: 2.3800 -> 2.1112  accuracy: 46.01% -> 50.31%      
client [17] (testset)   loss: 2.3634 -> 2.6188  accuracy: 42.86% -> 41.35%      
client [54] (testset)   loss: 3.8461 -> 3.8249  accuracy: 37.50% -> 44.17%      
client [23] (testset)   loss: 3.5034 -> 1.9419  accuracy: 19.09% -> 40.91%      
client [35] (testset)   loss: 2.8628 -> 3.0204  accuracy: 22.96% -> 33.16%      
client [59] (testset)   loss: 2.3776 -> 2.3491  accuracy: 39.48% -> 45.06%      
client [31] (testset)   loss: 2.7405 -> 2.6876  accuracy: 44.74% -> 48.42%      
client [9]  (testset)   loss: 2.3902 -> 2.5742  accuracy: 40.94% -> 41.61%      
---------------------------- TRAINING EPOCH: 40 ----------------------------    
client [64] (testset)   loss: 2.5316 -> 2.4191  accuracy: 41.22% -> 52.70%      
client [33] (testset)   loss: 3.2228 -> 3.1701  accuracy: 36.70% -> 37.61%      
client [16] (testset)   loss: 2.9968 -> 3.0715  accuracy: 40.50% -> 43.80%      
client [44] (testset)   loss: 2.8462 -> 2.8951  accuracy: 31.37% -> 39.87%      
client [8]  (testset)   loss: 3.6010 -> 3.2262  accuracy: 45.73% -> 51.26%      
client [31] (testset)   loss: 2.9971 -> 2.9222  accuracy: 46.84% -> 51.05%      
client [47] (testset)   loss: 2.5587 -> 3.1176  accuracy: 40.00% -> 41.74%      
client [36] (testset)   loss: 2.9737 -> 2.3730  accuracy: 29.20% -> 41.59%      
client [20] (testset)   loss: 2.2247 -> 1.9519  accuracy: 52.97% -> 57.43%      
client [56] (testset)   loss: 2.0485 -> 2.3193  accuracy: 48.81% -> 53.57%      
---------------------------- TRAINING EPOCH: 50 ----------------------------    
client [4]  (testset)   loss: 2.2118 -> 2.0796  accuracy: 50.00% -> 54.73%      
client [60] (testset)   loss: 2.6639 -> 2.7854  accuracy: 36.36% -> 42.42%      
client [28] (testset)   loss: 2.3484 -> 2.0630  accuracy: 49.19% -> 56.45%      
client [25] (testset)   loss: 1.9948 -> 2.0363  accuracy: 50.00% -> 55.21%      
client [58] (testset)   loss: 2.7283 -> 3.8105  accuracy: 46.92% -> 40.00%      
client [44] (testset)   loss: 2.4742 -> 2.7528  accuracy: 43.79% -> 41.83%      
client [39] (testset)   loss: 2.6692 -> 2.5566  accuracy: 39.52% -> 48.50%      
client [29] (testset)   loss: 2.7653 -> 2.5888  accuracy: 44.00% -> 46.00%      
client [3]  (testset)   loss: 1.9283 -> 1.9626  accuracy: 53.91% -> 57.81%      
client [84] (testset)   loss: 3.5906 -> 3.4803  accuracy: 39.83% -> 35.59%      
---------------------------- TRAINING EPOCH: 60 ----------------------------    
client [21] (testset)   loss: 2.7476 -> 2.3847  accuracy: 38.10% -> 43.54%      
client [84] (testset)   loss: 3.5359 -> 3.6871  accuracy: 36.44% -> 39.83%      
client [10] (testset)   loss: 2.5418 -> 2.8328  accuracy: 46.15% -> 44.23%      
client [36] (testset)   loss: 2.7269 -> 2.6392  accuracy: 39.82% -> 46.02%      
client [65] (testset)   loss: 3.2255 -> 3.3571  accuracy: 40.00% -> 40.00%      
client [81] (testset)   loss: 3.2848 -> 3.0209  accuracy: 43.05% -> 45.03%      
client [79] (testset)   loss: 2.1334 -> 2.4312  accuracy: 56.42% -> 59.22%      
client [42] (testset)   loss: 2.5950 -> 2.7133  accuracy: 57.53% -> 54.11%      
client [11] (testset)   loss: 2.6387 -> 2.5612  accuracy: 50.85% -> 55.93%      
client [96] (testset)   loss: 2.7942 -> 2.7100  accuracy: 51.45% -> 47.40%      
---------------------------- TRAINING EPOCH: 70 ----------------------------    
client [8]  (testset)   loss: 3.5760 -> 3.8808  accuracy: 50.25% -> 50.25%      
client [53] (testset)   loss: 2.7943 -> 3.0446  accuracy: 48.94% -> 53.19%      
client [52] (testset)   loss: 3.0223 -> 3.4526  accuracy: 48.51% -> 47.76%      
client [42] (testset)   loss: 3.0963 -> 3.1246  accuracy: 56.16% -> 56.16%      
client [69] (testset)   loss: 2.9578 -> 2.8984  accuracy: 55.60% -> 55.96%      
client [59] (testset)   loss: 3.4563 -> 3.7027  accuracy: 43.78% -> 42.06%      
client [7]  (testset)   loss: 4.0682 -> 3.9236  accuracy: 41.23% -> 41.23%      
client [26] (testset)   loss: 2.6574 -> 2.7722  accuracy: 45.13% -> 42.48%      
client [49] (testset)   loss: 2.5746 -> 2.6108  accuracy: 52.47% -> 54.94%      
client [98] (testset)   loss: 3.2214 -> 3.3348  accuracy: 44.37% -> 49.30%      
---------------------------- TRAINING EPOCH: 80 ----------------------------    
client [98] (testset)   loss: 3.4533 -> 3.5549  accuracy: 43.66% -> 44.37%      
client [47] (testset)   loss: 3.0703 -> 3.4392  accuracy: 44.35% -> 45.22%      
client [21] (testset)   loss: 2.7178 -> 2.6349  accuracy: 40.82% -> 43.54%      
client [77] (testset)   loss: 2.6085 -> 2.7757  accuracy: 52.81% -> 50.56%      
client [95] (testset)   loss: 4.3303 -> 4.4356  accuracy: 42.17% -> 42.17%      
client [91] (testset)   loss: 2.6739 -> 2.9758  accuracy: 46.71% -> 47.37%      
client [14] (testset)   loss: 3.7148 -> 3.8182  accuracy: 35.06% -> 36.36%      
client [99] (testset)   loss: 4.6028 -> 4.9649  accuracy: 31.39% -> 32.85%      
client [20] (testset)   loss: 2.4638 -> 2.4428  accuracy: 55.94% -> 59.90%      
client [39] (testset)   loss: 2.6705 -> 3.0102  accuracy: 49.70% -> 47.31%      
---------------------------- TRAINING EPOCH: 90 ----------------------------    
client [52] (testset)   loss: 3.1637 -> 3.5804  accuracy: 48.51% -> 44.78%      
client [62] (testset)   loss: 3.3763 -> 3.4321  accuracy: 45.15% -> 45.15%      
client [71] (testset)   loss: 3.7589 -> 3.6184  accuracy: 39.69% -> 41.98%      
client [97] (testset)   loss: 3.4004 -> 3.4168  accuracy: 36.19% -> 39.05%      
client [30] (testset)   loss: 4.2638 -> 4.4771  accuracy: 39.23% -> 36.46%      
client [88] (testset)   loss: 2.8631 -> 3.2281  accuracy: 49.72% -> 52.51%      
client [60] (testset)   loss: 3.2635 -> 3.9750  accuracy: 48.48% -> 43.94%      
client [82] (testset)   loss: 2.9551 -> 3.1448  accuracy: 51.16% -> 50.00%      
client [91] (testset)   loss: 3.0356 -> 3.2445  accuracy: 44.74% -> 44.08%      
client [57] (testset)   loss: 2.6907 -> 2.7567  accuracy: 52.15% -> 54.60%      
---------------------------- TRAINING EPOCH: 100 ----------------------------   
client [31] (testset)   loss: 4.4595 -> 4.5127  accuracy: 45.79% -> 48.95%      
client [15] (testset)   loss: 3.1424 -> 3.3479  accuracy: 43.80% -> 40.15%      
client [71] (testset)   loss: 3.9012 -> 4.0249  accuracy: 41.22% -> 39.69%      
client [97] (testset)   loss: 4.3290 -> 4.0286  accuracy: 34.29% -> 36.19%      
client [53] (testset)   loss: 3.5034 -> 3.7789  accuracy: 50.35% -> 50.35%      
client [77] (testset)   loss: 2.7501 -> 2.8433  accuracy: 53.37% -> 52.25%      
client [76] (testset)   loss: 3.6646 -> 3.9415  accuracy: 40.78% -> 41.90%      
client [79] (testset)   loss: 2.7643 -> 2.8683  accuracy: 58.10% -> 60.34%      
client [28] (testset)   loss: 2.9125 -> 2.9858  accuracy: 50.81% -> 50.81%      
client [99] (testset)   loss: 4.9969 -> 5.2976  accuracy: 30.66% -> 33.58%      
---------------------------- TRAINING EPOCH: 110 ----------------------------   
client [97] (testset)   loss: 4.7709 -> 4.3730  accuracy: 33.33% -> 40.00%      
client [86] (testset)   loss: 3.6082 -> 3.6604  accuracy: 51.69% -> 48.31%      
client [34] (testset)   loss: 4.5240 -> 4.8091  accuracy: 41.99% -> 38.67%      
client [73] (testset)   loss: 4.2553 -> 4.3652  accuracy: 44.60% -> 46.76%      
client [5]  (testset)   loss: 4.3151 -> 4.4050  accuracy: 49.08% -> 49.08%      
client [96] (testset)   loss: 4.3685 -> 3.9156  accuracy: 50.87% -> 50.29%      
client [22] (testset)   loss: 4.0775 -> 4.4716  accuracy: 37.50% -> 40.13%      
client [60] (testset)   loss: 4.5060 -> 4.6991  accuracy: 45.45% -> 46.97%      
client [66] (testset)   loss: 3.1432 -> 3.3875  accuracy: 52.43% -> 47.57%      
client [83] (testset)   loss: 3.9114 -> 4.1219  accuracy: 45.39% -> 48.68%      
---------------------------- TRAINING EPOCH: 120 ----------------------------   
client [76] (testset)   loss: 4.0825 -> 4.2432  accuracy: 40.22% -> 41.90%      
client [65] (testset)   loss: 3.8927 -> 4.0350  accuracy: 40.91% -> 41.82%      
client [95] (testset)   loss: 4.9264 -> 5.2672  accuracy: 40.36% -> 39.76%      
client [17] (testset)   loss: 3.7435 -> 3.9039  accuracy: 43.61% -> 42.11%      
client [8]  (testset)   loss: 4.2489 -> 4.5007  accuracy: 51.26% -> 50.75%      
client [35] (testset)   loss: 4.3208 -> 4.3736  accuracy: 46.43% -> 45.41%      
client [98] (testset)   loss: 3.9440 -> 4.1099  accuracy: 43.66% -> 45.07%      
client [53] (testset)   loss: 3.9017 -> 4.0720  accuracy: 48.23% -> 46.10%      
client [43] (testset)   loss: 4.6312 -> 4.6666  accuracy: 33.33% -> 35.56%      
client [64] (testset)   loss: 3.2877 -> 3.5435  accuracy: 43.92% -> 46.62%      
---------------------------- TRAINING EPOCH: 130 ----------------------------   
client [21] (testset)   loss: 2.7025 -> 2.8886  accuracy: 44.90% -> 47.62%      
client [88] (testset)   loss: 3.7975 -> 4.0996  accuracy: 50.84% -> 52.51%      
client [38] (testset)   loss: 3.5089 -> 3.6620  accuracy: 50.28% -> 50.28%      
client [3]  (testset)   loss: 2.8854 -> 2.9841  accuracy: 59.38% -> 56.25%      
client [5]  (testset)   loss: 4.5286 -> 4.6493  accuracy: 47.24% -> 48.47%      
client [41] (testset)   loss: 4.0073 -> 3.9182  accuracy: 35.48% -> 41.13%      
client [7]  (testset)   loss: 4.9027 -> 4.8459  accuracy: 39.91% -> 40.79%      
client [37] (testset)   loss: 3.3430 -> 3.6773  accuracy: 47.12% -> 48.08%      
client [45] (testset)   loss: 2.7491 -> 2.8663  accuracy: 52.65% -> 52.65%      
client [47] (testset)   loss: 3.5671 -> 4.1779  accuracy: 39.13% -> 43.48%      
---------------------------- TRAINING EPOCH: 140 ----------------------------   
client [16] (testset)   loss: 4.7570 -> 4.8712  accuracy: 44.63% -> 46.28%      
client [11] (testset)   loss: 3.6943 -> 4.1237  accuracy: 52.54% -> 51.98%      
client [37] (testset)   loss: 3.7977 -> 3.9632  accuracy: 45.19% -> 44.23%      
client [41] (testset)   loss: 3.9494 -> 3.9910  accuracy: 35.48% -> 38.71%      
client [95] (testset)   loss: 5.8697 -> 5.6530  accuracy: 42.77% -> 42.77%      
client [53] (testset)   loss: 4.3600 -> 4.4350  accuracy: 49.65% -> 48.94%      
client [22] (testset)   loss: 4.7019 -> 4.9396  accuracy: 41.45% -> 44.08%      
client [25] (testset)   loss: 3.1213 -> 3.2481  accuracy: 59.38% -> 58.33%      
client [69] (testset)   loss: 4.0848 -> 3.9944  accuracy: 53.43% -> 56.68%      
client [46] (testset)   loss: 3.2319 -> 3.3843  accuracy: 55.24% -> 57.14%      
---------------------------- TRAINING EPOCH: 150 ----------------------------   
client [47] (testset)   loss: 4.4105 -> 4.5673  accuracy: 42.61% -> 42.61%      
client [69] (testset)   loss: 3.8228 -> 3.9284  accuracy: 55.23% -> 55.96%      
client [82] (testset)   loss: 3.5128 -> 3.5017  accuracy: 52.33% -> 52.33%      
client [45] (testset)   loss: 3.3127 -> 3.4142  accuracy: 50.00% -> 52.65%      
client [7]  (testset)   loss: 5.0512 -> 5.1995  accuracy: 42.11% -> 42.98%      
client [50] (testset)   loss: 2.3535 -> 2.5974  accuracy: 57.00% -> 55.00%      
client [35] (testset)   loss: 4.9469 -> 4.8188  accuracy: 46.43% -> 46.43%      
client [24] (testset)   loss: 4.1880 -> 4.0848  accuracy: 47.41% -> 50.00%      
client [15] (testset)   loss: 3.9766 -> 3.8827  accuracy: 39.42% -> 44.53%      
client [58] (testset)   loss: 4.5835 -> 4.6896  accuracy: 47.69% -> 46.92%      
---------------------------- TRAINING EPOCH: 160 ----------------------------   
client [48] (testset)   loss: 4.5315 -> 4.7867  accuracy: 43.64% -> 42.42%      
client [76] (testset)   loss: 4.9220 -> 4.8915  accuracy: 40.78% -> 39.66%      
client [67] (testset)   loss: 4.0180 -> 4.0515  accuracy: 52.75% -> 51.10%      
client [37] (testset)   loss: 4.0838 -> 4.2037  accuracy: 45.19% -> 44.23%      
client [58] (testset)   loss: 4.9405 -> 5.0015  accuracy: 46.92% -> 46.92%      
client [64] (testset)   loss: 4.1670 -> 4.2998  accuracy: 44.59% -> 43.24%      
client [77] (testset)   loss: 3.6325 -> 3.6459  accuracy: 52.25% -> 51.69%      
client [55] (testset)   loss: 3.1440 -> 3.1463  accuracy: 56.52% -> 57.25%      
client [12] (testset)   loss: 3.5526 -> 3.6326  accuracy: 56.82% -> 56.06%      
client [89] (testset)   loss: 5.5184 -> 5.6541  accuracy: 38.85% -> 39.49%      
---------------------------- TRAINING EPOCH: 170 ----------------------------   
client [84] (testset)   loss: 6.2687 -> 6.2406  accuracy: 38.14% -> 38.14%      
client [51] (testset)   loss: 5.2023 -> 5.2550  accuracy: 45.27% -> 47.30%      
client [8]  (testset)   loss: 5.5835 -> 5.5420  accuracy: 49.25% -> 49.25%      
client [18] (testset)   loss: 3.8401 -> 3.8543  accuracy: 54.69% -> 54.69%      
client [94] (testset)   loss: 5.4687 -> 5.4825  accuracy: 41.54% -> 42.31%      
client [81] (testset)   loss: 5.1287 -> 5.0606  accuracy: 47.02% -> 47.02%      
client [3]  (testset)   loss: 3.5675 -> 3.6234  accuracy: 59.38% -> 59.38%      
client [11] (testset)   loss: 4.5641 -> 4.6077  accuracy: 54.80% -> 53.11%      
client [95] (testset)   loss: 6.2201 -> 6.3098  accuracy: 42.17% -> 42.77%      
client [67] (testset)   loss: 4.2386 -> 4.2897  accuracy: 49.45% -> 49.45%      
---------------------------- TRAINING EPOCH: 180 ----------------------------   
client [21] (testset)   loss: 3.6248 -> 3.3582  accuracy: 45.58% -> 45.58%      
client [79] (testset)   loss: 3.5503 -> 3.6134  accuracy: 62.57% -> 61.45%      
client [58] (testset)   loss: 4.8880 -> 4.7447  accuracy: 45.38% -> 46.15%      
client [88] (testset)   loss: 4.2952 -> 4.4562  accuracy: 51.40% -> 51.40%      
client [46] (testset)   loss: 3.7965 -> 3.8449  accuracy: 52.38% -> 54.29%      
client [11] (testset)   loss: 4.6521 -> 4.6637  accuracy: 54.24% -> 54.80%      
client [55] (testset)   loss: 3.2752 -> 3.3066  accuracy: 57.25% -> 58.70%      
client [13] (testset)   loss: 4.5405 -> 4.4442  accuracy: 49.12% -> 51.46%      
client [31] (testset)   loss: 5.3469 -> 5.6168  accuracy: 52.11% -> 51.05%      
client [75] (testset)   loss: 4.1469 -> 4.1926  accuracy: 50.47% -> 53.77%      
---------------------------- TRAINING EPOCH: 190 ----------------------------   
client [19] (testset)   loss: 4.9756 -> 4.9756  accuracy: 45.73% -> 46.34%      
client [7]  (testset)   loss: 6.2725 -> 6.2914  accuracy: 41.23% -> 40.35%      
client [57] (testset)   loss: 4.0783 -> 4.1328  accuracy: 52.76% -> 53.99%      
client [13] (testset)   loss: 4.4462 -> 4.5375  accuracy: 48.54% -> 50.88%      
client [43] (testset)   loss: 5.7901 -> 5.8278  accuracy: 37.04% -> 35.56%      
client [91] (testset)   loss: 4.1566 -> 4.2019  accuracy: 51.32% -> 48.03%      
client [10] (testset)   loss: 4.7314 -> 4.7634  accuracy: 48.08% -> 47.12%      
client [64] (testset)   loss: 4.6523 -> 4.7033  accuracy: 45.27% -> 45.27%      
client [82] (testset)   loss: 4.7121 -> 4.5820  accuracy: 56.98% -> 55.81%      
client [22] (testset)   loss: 5.6328 -> 5.6177  accuracy: 44.74% -> 42.11%      
---------------------------- TRAINING EPOCH: 200 ----------------------------   
client [20] (testset)   loss: 3.6795 -> 3.7207  accuracy: 56.93% -> 57.43%      
client [23] (testset)   loss: 4.0027 -> 3.9033  accuracy: 45.45% -> 49.09%      
client [88] (testset)   loss: 5.0184 -> 5.0573  accuracy: 51.96% -> 51.40%      
client [98] (testset)   loss: 5.3324 -> 5.3096  accuracy: 45.77% -> 47.18%      
client [79] (testset)   loss: 4.0405 -> 4.0429  accuracy: 60.34% -> 58.66%      
client [21] (testset)   loss: 3.8026 -> 3.9365  accuracy: 47.62% -> 45.58%      
client [92] (testset)   loss: 5.3484 -> 5.3342  accuracy: 43.88% -> 45.92%      
client [56] (testset)   loss: 4.0303 -> 4.0246  accuracy: 60.71% -> 61.90%      
client [5]  (testset)   loss: 5.8575 -> 5.8744  accuracy: 47.85% -> 47.24%      
client [52] (testset)   loss: 5.4464 -> 5.4308  accuracy: 49.25% -> 48.51%      
---------------------------- TRAINING EPOCH: 210 ----------------------------   
client [67] (testset)   loss: 4.9287 -> 4.9346  accuracy: 52.20% -> 50.55%      
client [54] (testset)   loss: 8.4259 -> 8.5094  accuracy: 42.50% -> 41.67%      
client [14] (testset)   loss: 5.7595 -> 5.7535  accuracy: 41.56% -> 40.26%      
client [99] (testset)   loss: 7.6655 -> 7.6929  accuracy: 36.50% -> 35.04%      
client [36] (testset)   loss: 5.0664 -> 5.0569  accuracy: 44.25% -> 44.25%      
client [30] (testset)   loss: 6.8209 -> 6.8392  accuracy: 41.44% -> 41.44%      
client [38] (testset)   loss: 4.9700 -> 4.9298  accuracy: 50.28% -> 49.72%      
client [15] (testset)   loss: 4.6297 -> 4.6340  accuracy: 44.53% -> 43.80%      
client [6]  (testset)   loss: 6.5607 -> 6.5255  accuracy: 35.82% -> 35.82%      
client [53] (testset)   loss: 5.3862 -> 5.3973  accuracy: 49.65% -> 49.65%      
---------------------------- TRAINING EPOCH: 220 ----------------------------   
client [99] (testset)   loss: 7.9750 -> 7.9946  accuracy: 32.85% -> 35.04%      
client [6]  (testset)   loss: 6.7060 -> 6.7070  accuracy: 35.82% -> 35.82%      
client [83] (testset)   loss: 5.8412 -> 5.7913  accuracy: 48.03% -> 48.03%      
client [42] (testset)   loss: 5.2122 -> 5.2149  accuracy: 55.48% -> 56.85%      
client [34] (testset)   loss: 6.5936 -> 6.7056  accuracy: 44.20% -> 42.54%      
client [15] (testset)   loss: 4.8110 -> 4.7330  accuracy: 43.07% -> 43.80%      
client [47] (testset)   loss: 6.0084 -> 6.0541  accuracy: 43.48% -> 41.74%      
client [55] (testset)   loss: 3.8293 -> 3.7994  accuracy: 57.97% -> 58.70%      
client [51] (testset)   loss: 6.1834 -> 6.1736  accuracy: 45.95% -> 46.62%      
client [95] (testset)   loss: 7.4008 -> 7.3753  accuracy: 42.77% -> 42.77%      
---------------------------- TRAINING EPOCH: 230 ----------------------------   
client [71] (testset)   loss: 5.7280 -> 5.7660  accuracy: 47.33% -> 44.27%      
client [15] (testset)   loss: 4.7848 -> 4.7469  accuracy: 43.80% -> 45.26%      
client [33] (testset)   loss: 5.4522 -> 5.5034  accuracy: 43.12% -> 41.28%      
client [99] (testset)   loss: 8.0814 -> 8.1555  accuracy: 35.04% -> 33.58%      
client [90] (testset)   loss: 4.2292 -> 4.1682  accuracy: 48.53% -> 49.26%      
client [57] (testset)   loss: 4.8137 -> 4.8190  accuracy: 52.15% -> 52.76%      
client [27] (testset)   loss: 5.0710 -> 5.0126  accuracy: 50.62% -> 53.12%      
client [78] (testset)   loss: 5.0487 -> 5.0145  accuracy: 50.31% -> 49.69%      
client [36] (testset)   loss: 5.2824 -> 5.2737  accuracy: 44.25% -> 43.36%      
client [88] (testset)   loss: 5.5639 -> 5.5472  accuracy: 49.16% -> 49.72%      
---------------------------- TRAINING EPOCH: 240 ----------------------------   
client [70] (testset)   loss: 5.7783 -> 5.7395  accuracy: 54.66% -> 54.66%      
client [35] (testset)   loss: 6.2967 -> 6.2427  accuracy: 47.96% -> 47.96%      
client [16] (testset)   loss: 7.0605 -> 7.0236  accuracy: 45.45% -> 45.45%      
client [80] (testset)   loss: 3.3058 -> 3.3139  accuracy: 67.08% -> 67.70%      
client [38] (testset)   loss: 5.2324 -> 5.2740  accuracy: 50.28% -> 50.84%      
client [78] (testset)   loss: 5.0798 -> 5.0894  accuracy: 52.20% -> 50.94%      
client [68] (testset)   loss: 6.2397 -> 6.2608  accuracy: 46.64% -> 48.32%      
client [11] (testset)   loss: 5.6732 -> 5.6640  accuracy: 55.37% -> 55.93%      
client [64] (testset)   loss: 5.2938 -> 5.3509  accuracy: 44.59% -> 45.27%      
client [82] (testset)   loss: 5.1422 -> 5.1366  accuracy: 55.81% -> 54.65%      
---------------------------- TRAINING EPOCH: 250 ----------------------------   
client [30] (testset)   loss: 6.7579 -> 6.7640  accuracy: 40.88% -> 40.88%      
client [27] (testset)   loss: 4.7281 -> 4.6978  accuracy: 53.12% -> 53.12%      
client [74] (testset)   loss: 5.2082 -> 5.1947  accuracy: 54.08% -> 56.12%      
client [45] (testset)   loss: 4.3476 -> 4.3081  accuracy: 50.88% -> 52.21%      
client [6]  (testset)   loss: 6.7011 -> 6.7353  accuracy: 37.31% -> 35.82%      
client [36] (testset)   loss: 5.1678 -> 5.1192  accuracy: 45.13% -> 45.13%      
client [63] (testset)   loss: 5.2347 -> 5.2483  accuracy: 42.79% -> 42.79%      
client [76] (testset)   loss: 5.8594 -> 5.9881  accuracy: 37.99% -> 36.87%      
client [83] (testset)   loss: 5.5918 -> 5.6745  accuracy: 46.71% -> 47.37%      
client [86] (testset)   loss: 4.9402 -> 4.9634  accuracy: 50.85% -> 50.85%      
---------------------------- TRAINING EPOCH: 260 ----------------------------   
client [83] (testset)   loss: 5.5033 -> 5.3856  accuracy: 49.34% -> 49.34%      
client [99] (testset)   loss: 7.9219 -> 7.9992  accuracy: 30.66% -> 32.12%      
client [74] (testset)   loss: 5.1267 -> 5.1640  accuracy: 54.08% -> 54.08%      
client [73] (testset)   loss: 5.9395 -> 5.9650  accuracy: 43.17% -> 42.45%      
client [29] (testset)   loss: 4.9656 -> 4.8856  accuracy: 46.67% -> 46.00%      
client [92] (testset)   loss: 5.6246 -> 5.6502  accuracy: 41.84% -> 41.84%      
client [6]  (testset)   loss: 6.7477 -> 6.7605  accuracy: 38.81% -> 37.31%      
client [61] (testset)   loss: 6.4706 -> 6.4692  accuracy: 34.81% -> 35.56%      
client [21] (testset)   loss: 4.1469 -> 4.2297  accuracy: 42.86% -> 46.26%      
client [67] (testset)   loss: 4.9212 -> 4.9694  accuracy: 50.55% -> 50.55%      
---------------------------- TRAINING EPOCH: 270 ----------------------------   
client [83] (testset)   loss: 5.7817 -> 5.7574  accuracy: 48.03% -> 47.37%      
client [32] (testset)   loss: 5.1997 -> 5.1728  accuracy: 49.47% -> 49.47%      
client [95] (testset)   loss: 7.4775 -> 7.5024  accuracy: 43.98% -> 43.98%      
client [61] (testset)   loss: 6.9886 -> 6.9869  accuracy: 35.56% -> 35.56%      
client [27] (testset)   loss: 4.9698 -> 4.9688  accuracy: 51.88% -> 51.88%      
client [25] (testset)   loss: 4.3771 -> 4.4013  accuracy: 57.29% -> 55.21%      
client [68] (testset)   loss: 6.1612 -> 6.1904  accuracy: 48.74% -> 50.00%      
client [34] (testset)   loss: 6.9459 -> 6.9920  accuracy: 43.65% -> 43.65%      
client [71] (testset)   loss: 6.0536 -> 6.0555  accuracy: 43.51% -> 43.51%      
client [89] (testset)   loss: 6.6923 -> 6.6365  accuracy: 41.40% -> 41.40%      
---------------------------- TRAINING EPOCH: 280 ----------------------------   
client [78] (testset)   loss: 5.1432 -> 5.1508  accuracy: 50.94% -> 51.57%      
client [81] (testset)   loss: 6.3189 -> 6.3020  accuracy: 44.37% -> 45.03%      
client [51] (testset)   loss: 6.5915 -> 6.5694  accuracy: 45.27% -> 45.95%      
client [54] (testset)   loss: 9.0772 -> 9.1151  accuracy: 41.67% -> 42.50%      
client [65] (testset)   loss: 5.7105 -> 5.7366  accuracy: 47.27% -> 47.27%      
client [41] (testset)   loss: 5.4670 -> 5.4705  accuracy: 37.90% -> 38.71%      
client [11] (testset)   loss: 5.6418 -> 5.6150  accuracy: 55.37% -> 54.24%      
client [85] (testset)   loss: 6.4246 -> 6.4527  accuracy: 49.25% -> 50.00%      
client [12] (testset)   loss: 4.5299 -> 4.5611  accuracy: 59.85% -> 59.85%      
client [23] (testset)   loss: 4.5520 -> 4.6310  accuracy: 50.91% -> 50.00%      
---------------------------- TRAINING EPOCH: 290 ----------------------------   
client [16] (testset)   loss: 6.9488 -> 6.9188  accuracy: 47.11% -> 46.28%      
client [65] (testset)   loss: 5.9041 -> 5.9228  accuracy: 47.27% -> 47.27%      
client [53] (testset)   loss: 5.8303 -> 5.8215  accuracy: 48.94% -> 48.94%      
client [58] (testset)   loss: 6.2437 -> 6.2531  accuracy: 47.69% -> 47.69%      
client [72] (testset)   loss: 7.1034 -> 7.0943  accuracy: 35.82% -> 35.82%      
client [7]  (testset)   loss: 7.5478 -> 7.5543  accuracy: 42.11% -> 41.67%      
client [71] (testset)   loss: 6.1524 -> 6.1747  accuracy: 44.27% -> 43.51%      
client [59] (testset)   loss: 7.3138 -> 7.2911  accuracy: 44.21% -> 44.64%      
client [86] (testset)   loss: 5.4593 -> 5.4395  accuracy: 48.31% -> 47.46%      
client [39] (testset)   loss: 4.9568 -> 4.9621  accuracy: 50.90% -> 50.90%      
---------------------------- TRAINING EPOCH: 300 ----------------------------   
client [99] (testset)   loss: 8.6189 -> 8.6592  accuracy: 34.31% -> 33.58%      
client [7]  (testset)   loss: 7.6485 -> 7.6625  accuracy: 42.11% -> 42.54%      
client [17] (testset)   loss: 6.2593 -> 6.2679  accuracy: 43.61% -> 42.86%      
client [64] (testset)   loss: 5.4076 -> 5.4315  accuracy: 48.65% -> 47.97%      
client [37] (testset)   loss: 5.3319 -> 5.3576  accuracy: 42.31% -> 42.31%      
client [29] (testset)   loss: 5.4924 -> 5.4824  accuracy: 44.00% -> 44.67%      
client [93] (testset)   loss: 5.7333 -> 5.7536  accuracy: 45.60% -> 46.40%      
client [73] (testset)   loss: 6.6478 -> 6.6334  accuracy: 41.01% -> 42.45%      
client [40] (testset)   loss: 4.9419 -> 4.9217  accuracy: 48.72% -> 47.44%      
client [76] (testset)   loss: 6.6096 -> 6.6436  accuracy: 39.66% -> 40.78%      
---------------------------- TRAINING EPOCH: 310 ----------------------------   
client [31] (testset)   loss: 7.0066 -> 7.0049  accuracy: 48.95% -> 48.95%      
client [89] (testset)   loss: 7.1780 -> 7.1261  accuracy: 42.04% -> 42.68%      
client [77] (testset)   loss: 4.8370 -> 4.8181  accuracy: 52.81% -> 52.25%      
client [90] (testset)   loss: 4.4432 -> 4.4796  accuracy: 52.94% -> 52.21%      
client [26] (testset)   loss: 4.9362 -> 4.9307  accuracy: 44.25% -> 43.36%      
client [50] (testset)   loss: 3.6965 -> 3.6805  accuracy: 56.00% -> 54.00%      
client [30] (testset)   loss: 7.6037 -> 7.6010  accuracy: 41.44% -> 41.44%      
client [70] (testset)   loss: 6.0373 -> 6.0496  accuracy: 54.66% -> 54.66%      
client [41] (testset)   loss: 5.7160 -> 5.7162  accuracy: 39.52% -> 38.71%      
client [99] (testset)   loss: 8.7762 -> 8.8002  accuracy: 32.85% -> 33.58%      
---------------------------- TRAINING EPOCH: 320 ----------------------------   
client [68] (testset)   loss: 6.7428 -> 6.7339  accuracy: 47.90% -> 47.90%      
client [70] (testset)   loss: 6.1638 -> 6.1561  accuracy: 54.66% -> 54.66%      
client [52] (testset)   loss: 6.4385 -> 6.4252  accuracy: 47.01% -> 47.01%      
client [1]  (testset)   loss: 5.3494 -> 5.3874  accuracy: 51.93% -> 52.49%      
client [2]  (testset)   loss: 7.2058 -> 7.2824  accuracy: 45.54% -> 45.54%      
client [67] (testset)   loss: 5.5967 -> 5.6276  accuracy: 50.55% -> 49.45%      
client [92] (testset)   loss: 6.2463 -> 6.2602  accuracy: 39.80% -> 39.80%      
client [35] (testset)   loss: 6.5306 -> 6.5115  accuracy: 46.94% -> 47.96%      
client [36] (testset)   loss: 5.7272 -> 5.7014  accuracy: 47.79% -> 47.79%      
client [64] (testset)   loss: 5.5473 -> 5.5736  accuracy: 47.97% -> 48.65%      
---------------------------- TRAINING EPOCH: 330 ----------------------------   
client [44] (testset)   loss: 6.4310 -> 6.4470  accuracy: 45.10% -> 45.10%      
client [6]  (testset)   loss: 7.6803 -> 7.6702  accuracy: 38.81% -> 38.81%      
client [12] (testset)   loss: 4.8900 -> 4.9267  accuracy: 60.61% -> 59.85%      
client [55] (testset)   loss: 4.3639 -> 4.3409  accuracy: 57.97% -> 57.97%      
client [29] (testset)   loss: 5.7274 -> 5.7145  accuracy: 44.67% -> 44.67%      
client [9]  (testset)   loss: 6.2592 -> 6.2754  accuracy: 45.64% -> 45.64%      
client [43] (testset)   loss: 7.1524 -> 7.1791  accuracy: 36.30% -> 36.30%      
client [77] (testset)   loss: 4.9683 -> 4.9436  accuracy: 53.37% -> 53.37%      
client [98] (testset)   loss: 6.1372 -> 6.1618  accuracy: 49.30% -> 49.30%      
client [78] (testset)   loss: 5.5297 -> 5.4973  accuracy: 50.94% -> 50.94%      
---------------------------- TRAINING EPOCH: 340 ----------------------------   
client [92] (testset)   loss: 6.3732 -> 6.3817  accuracy: 41.84% -> 41.84%      
client [80] (testset)   loss: 3.5345 -> 3.5318  accuracy: 66.46% -> 66.46%      
client [63] (testset)   loss: 6.1301 -> 6.1029  accuracy: 41.83% -> 41.35%      
client [76] (testset)   loss: 6.8045 -> 6.8571  accuracy: 41.90% -> 40.78%      
client [78] (testset)   loss: 5.6029 -> 5.5681  accuracy: 50.94% -> 50.94%      
client [25] (testset)   loss: 4.7243 -> 4.7678  accuracy: 57.29% -> 57.29%      
client [58] (testset)   loss: 6.6608 -> 6.6700  accuracy: 48.46% -> 48.46%      
client [13] (testset)   loss: 5.7380 -> 5.7388  accuracy: 50.29% -> 50.29%      
client [17] (testset)   loss: 6.5009 -> 6.5308  accuracy: 45.86% -> 45.11%      
client [38] (testset)   loss: 5.7349 -> 5.7371  accuracy: 52.51% -> 53.07%      
---------------------------- TRAINING EPOCH: 350 ----------------------------   
client [72] (testset)   loss: 7.5807 -> 7.5790  accuracy: 38.81% -> 38.81%      
client [82] (testset)   loss: 5.4959 -> 5.5071  accuracy: 53.49% -> 53.49%      
client [86] (testset)   loss: 5.7486 -> 5.7736  accuracy: 50.85% -> 50.00%      
client [51] (testset)   loss: 7.2386 -> 7.2155  accuracy: 44.59% -> 45.27%      
client [96] (testset)   loss: 6.4557 -> 6.4509  accuracy: 49.71% -> 50.87%      
client [42] (testset)   loss: 5.7659 -> 5.7838  accuracy: 56.85% -> 56.85%      
client [55] (testset)   loss: 4.4635 -> 4.4416  accuracy: 57.97% -> 57.97%      
client [13] (testset)   loss: 5.7946 -> 5.8074  accuracy: 50.88% -> 50.88%      
client [1]  (testset)   loss: 5.5304 -> 5.5688  accuracy: 50.83% -> 51.38%      
client [12] (testset)   loss: 5.0259 -> 5.0141  accuracy: 59.85% -> 59.85%      
---------------------------- TRAINING EPOCH: 360 ----------------------------   
client [68] (testset)   loss: 6.9265 -> 6.9294  accuracy: 47.90% -> 48.74%      
client [23] (testset)   loss: 5.1388 -> 5.1474  accuracy: 49.09% -> 50.00%      
client [46] (testset)   loss: 5.5197 -> 5.4756  accuracy: 56.19% -> 56.19%      
client [41] (testset)   loss: 5.9081 -> 5.9145  accuracy: 37.90% -> 38.71%      
client [25] (testset)   loss: 4.9494 -> 4.9436  accuracy: 59.38% -> 58.33%      
client [58] (testset)   loss: 6.8070 -> 6.7956  accuracy: 46.92% -> 46.92%      
client [14] (testset)   loss: 6.8037 -> 6.8018  accuracy: 42.86% -> 45.45%      
client [33] (testset)   loss: 6.3398 -> 6.3550  accuracy: 44.04% -> 44.04%      
client [85] (testset)   loss: 7.1833 -> 7.1851  accuracy: 48.51% -> 49.25%      
client [62] (testset)   loss: 6.2136 -> 6.2142  accuracy: 48.54% -> 47.57%      
---------------------------- TRAINING EPOCH: 370 ----------------------------   
client [98] (testset)   loss: 6.3489 -> 6.3541  accuracy: 48.59% -> 49.30%      
client [63] (testset)   loss: 6.2401 -> 6.2159  accuracy: 41.83% -> 41.35%      
client [70] (testset)   loss: 6.3727 -> 6.3625  accuracy: 55.28% -> 55.28%      
client [65] (testset)   loss: 6.4061 -> 6.4216  accuracy: 47.27% -> 47.27%      
client [14] (testset)   loss: 6.8435 -> 6.8403  accuracy: 44.16% -> 44.16%      
client [73] (testset)   loss: 7.0064 -> 7.0091  accuracy: 41.01% -> 41.73%      
client [34] (testset)   loss: 7.7373 -> 7.7771  accuracy: 41.99% -> 41.99%      
client [99] (testset)   loss: 9.2724 -> 9.2990  accuracy: 32.85% -> 32.85%      
client [69] (testset)   loss: 5.6026 -> 5.5901  accuracy: 58.12% -> 58.48%      
client [46] (testset)   loss: 5.4948 -> 5.4831  accuracy: 56.19% -> 56.19%      
---------------------------- TRAINING EPOCH: 380 ----------------------------   
client [99] (testset)   loss: 9.3390 -> 9.3646  accuracy: 33.58% -> 32.85%      
client [93] (testset)   loss: 6.2224 -> 6.2214  accuracy: 47.20% -> 47.20%      
client [11] (testset)   loss: 6.1797 -> 6.1922  accuracy: 54.24% -> 54.24%      
client [58] (testset)   loss: 6.8841 -> 6.8953  accuracy: 48.46% -> 47.69%      
client [81] (testset)   loss: 7.1918 -> 7.1740  accuracy: 44.37% -> 44.37%      
client [85] (testset)   loss: 7.2764 -> 7.2706  accuracy: 50.00% -> 50.00%      
client [89] (testset)   loss: 7.5041 -> 7.4923  accuracy: 42.68% -> 42.68%      
client [45] (testset)   loss: 4.9875 -> 5.0026  accuracy: 52.21% -> 52.21%      
client [8]  (testset)   loss: 7.6462 -> 7.6229  accuracy: 50.25% -> 50.75%      
client [68] (testset)   loss: 7.0608 -> 7.0503  accuracy: 48.32% -> 48.32%      
---------------------------- TRAINING EPOCH: 390 ----------------------------   
client [67] (testset)   loss: 5.8788 -> 5.9000  accuracy: 50.55% -> 49.45%      
client [72] (testset)   loss: 7.7702 -> 7.7768  accuracy: 37.31% -> 38.06%      
client [1]  (testset)   loss: 5.6581 -> 5.7091  accuracy: 50.83% -> 50.83%      
client [78] (testset)   loss: 5.6810 -> 5.7103  accuracy: 50.31% -> 49.69%      
client [83] (testset)   loss: 6.7124 -> 6.7076  accuracy: 48.68% -> 48.68%      
client [21] (testset)   loss: 5.1003 -> 5.1139  accuracy: 47.62% -> 47.62%      
client [56] (testset)   loss: 5.0398 -> 5.0409  accuracy: 58.33% -> 59.52%      
client [44] (testset)   loss: 6.8120 -> 6.7996  accuracy: 46.41% -> 46.41%      
client [92] (testset)   loss: 6.6687 -> 6.6674  accuracy: 40.82% -> 39.80%      
client [27] (testset)   loss: 5.8926 -> 5.8924  accuracy: 53.12% -> 52.50%      
---------------------------- TRAINING EPOCH: 400 ----------------------------   
client [10] (testset)   loss: 6.2567 -> 6.2716  accuracy: 46.15% -> 46.15%      
client [39] (testset)   loss: 5.4212 -> 5.4223  accuracy: 49.10% -> 49.70%      
client [65] (testset)   loss: 6.4901 -> 6.5327  accuracy: 48.18% -> 48.18%      
client [26] (testset)   loss: 5.4337 -> 5.4274  accuracy: 46.02% -> 46.02%      
client [19] (testset)   loss: 6.4750 -> 6.4977  accuracy: 43.90% -> 44.51%      
client [68] (testset)   loss: 7.1735 -> 7.1748  accuracy: 48.32% -> 48.32%      
client [41] (testset)   loss: 6.1147 -> 6.1039  accuracy: 38.71% -> 38.71%      
client [50] (testset)   loss: 4.0659 -> 4.0800  accuracy: 53.00% -> 53.00%      
client [75] (testset)   loss: 5.8895 -> 5.8845  accuracy: 50.00% -> 50.00%      
client [81] (testset)   loss: 7.2808 -> 7.2668  accuracy: 43.71% -> 43.71%      
Training... ━━━━━━━━━━━━━━━━━━━━━━━━━━━━━━━━━━━━━━━━ 100% 0:06:38
PSFL's average time taken by each global epoch: 0 min 0.99 sec.                 
PSFL's total running time: 0 h 6 m 38 s.                                        
==================== PSFL Experiment Results: ====================              
Display format: (before local fine-tuning) -> (after local fine-tuning)         
 So if finetune_epoch = 0, x.xx% -> 0.00% is normal.                            
 Centralized testing ONLY happens after model aggregation, so the stats between 
'->' are the same.                                                              
{                                                                               
    "100": {                                                                    
        "all_clients": {                                                        
            "test": {                                                           
                "loss": "3.6652 -> 0.0000",                                     
                "accuracy": "47.09% -> 0.00%"                                   
            }                                                                   
        }                                                                       
    },                                                                          
    "200": {                                                                    
        "all_clients": {                                                        
            "test": {                                                           
                "loss": "5.1373 -> 0.0000",                                     
                "accuracy": "48.25% -> 0.00%"                                   
            }                                                                   
        }                                                                       
    },                                                                          
    "300": {                                                                    
        "all_clients": {                                                        
            "test": {                                                           
                "loss": "5.9656 -> 0.0000",                                     
                "accuracy": "48.30% -> 0.00%"                                   
            }                                                                   
        }                                                                       
    },                                                                          
    "400": {                                                                    
        "all_clients": {                                                        
            "test": {                                                           
                "loss": "6.5113 -> 0.0000",                                     
                "accuracy": "48.41% -> 0.00%"                                   
            }                                                                   
        }                                                                       
    }                                                                           
}                                                                               
==================== PSFL Max Accuracy ====================                     
all_clients:                                                                    
(test) before fine-tuning: 48.41% at epoch 400                                  
(test) after fine-tuning: 0.00% at epoch 100                                    
