==================== PSFL ====================                                  
Experiment Arguments:                                                           
{
│   'method': 'psfl',
│   'dataset': {
│   │   'name': 'fmnist',
│   │   'client_num': 100,
│   │   'test_ratio': 0.25,
│   │   'val_ratio': 0.0,
│   │   'seed': 42,
│   │   'split': 'sample',
│   │   'IID_ratio': 0.0,
│   │   'monitor_window_name_suffix': 'fmnist-100clients-0%IID-Dir(0.1)-seed42',
│   │   'alpha': 0.1,
│   │   'min_samples_per_client': 10
│   },
│   'model': {
│   │   'name': 'avgcnn',
│   │   'use_torchvision_pretrained_weights': True,
│   │   'external_model_weights_path': None
│   },
│   'optimizer': {
│   │   'lr': 0.01,
│   │   'dampening': 0,
│   │   'weight_decay': 0,
│   │   'momentum': 0,
│   │   'nesterov': False,
│   │   'name': 'sgd'
│   },
│   'mode': 'sequential',
│   'parallel': {
│   │   'ray_cluster_addr': None,
│   │   'num_cpus': None,
│   │   'num_gpus': None,
│   │   'num_workers': 2
│   },
│   'common': {
│   │   'seed': 42,
│   │   'join_ratio': 0.1,
│   │   'global_epoch': 400,
│   │   'local_epoch': 5,
│   │   'batch_size': 32,
│   │   'reset_optimizer_on_global_epoch': True,
│   │   'straggler_ratio': 0,
│   │   'straggler_min_local_epoch': 0,
│   │   'buffers': 'global',
│   │   'client_side_evaluation': True,
│   │   'test': {
│   │   │   'client': {
│   │   │   │   'interval': 100,
│   │   │   │   'finetune_epoch': 0,
│   │   │   │   'train': False,
│   │   │   │   'val': False,
│   │   │   │   'test': True
│   │   │   },
│   │   │   'server': {
│   │   │   │   'interval': -1,
│   │   │   │   'train': False,
│   │   │   │   'val': False,
│   │   │   │   'test': False,
│   │   │   │   'model_in_train_mode': False
│   │   │   }
│   │   },
│   │   'verbose_gap': 10,
│   │   'monitor': None,
│   │   'use_cuda': True,
│   │   'save_log': True,
│   │   'save_model': False,
│   │   'save_learning_curve_plot': False,
│   │   'save_metrics': True,
│   │   'delete_useless_run': True
│   },
│   'psfl': {
│   │   'alpha': 0.0,
│   │   'CLS': False,
│   │   'ig_ratio': 0.1,
│   │   'track': False,
│   │   'score': 'diff'
│   }
}
---------------------------- TRAINING EPOCH: 10 ----------------------------    
client [77] (testset)   loss: 0.1818 -> 0.1445  accuracy: 94.82% -> 96.37%      
client [81] (testset)   loss: 1.2450 -> 0.4651  accuracy: 37.04% -> 88.89%      
client [21] (testset)   loss: 2.3239 -> 0.5762  accuracy: 0.00% -> 78.88%       
client [68] (testset)   loss: 0.4499 -> 0.3454  accuracy: 84.55% -> 87.27%      
client [93] (testset)   loss: 0.1602 -> 0.0569  accuracy: 94.92% -> 100.00%     
client [31] (testset)   loss: 1.0698 -> 0.7996  accuracy: 40.00% -> 50.77%      
client [20] (testset)   loss: 0.1337 -> 0.1005  accuracy: 96.24% -> 96.77%      
client [59] (testset)   loss: 2.2862 -> 0.6723  accuracy: 0.00% -> 82.48%       
client [48] (testset)   loss: 0.1404 -> 0.1365  accuracy: 98.73% -> 98.73%      
client [34] (testset)   loss: 0.8846 -> 0.5642  accuracy: 57.69% -> 92.31%      
---------------------------- TRAINING EPOCH: 20 ----------------------------    
client [69] (testset)   loss: 0.3075 -> 0.2714  accuracy: 92.59% -> 93.83%      
client [99] (testset)   loss: 0.1461 -> 0.1089  accuracy: 97.63% -> 98.16%      
client [67] (testset)   loss: 0.4071 -> 0.3327  accuracy: 89.69% -> 91.75%      
client [0]  (testset)   loss: 0.9736 -> 0.7924  accuracy: 69.39% -> 81.63%      
client [76] (testset)   loss: 1.7422 -> 1.5129  accuracy: 60.00% -> 60.00%      
client [41] (testset)   loss: 0.4318 -> 0.3653  accuracy: 85.08% -> 87.10%      
client [62] (testset)   loss: 2.3092 -> 1.2104  accuracy: 0.00% -> 55.00%       
client [2]  (testset)   loss: 2.3372 -> 0.0609  accuracy: 0.00% -> 98.03%       
client [14] (testset)   loss: 0.5862 -> 0.4384  accuracy: 77.38% -> 85.00%      
client [46] (testset)   loss: 0.3922 -> 0.3698  accuracy: 90.62% -> 90.62%      
---------------------------- TRAINING EPOCH: 30 ----------------------------    
client [24] (testset)   loss: 0.8670 -> 0.5833  accuracy: 73.14% -> 82.29%      
client [68] (testset)   loss: 0.2579 -> 0.2337  accuracy: 91.82% -> 91.82%      
client [57] (testset)   loss: 0.0966 -> 0.0922  accuracy: 97.08% -> 97.81%      
client [17] (testset)   loss: 0.3154 -> 0.2428  accuracy: 86.10% -> 91.98%      
client [54] (testset)   loss: 0.3597 -> 0.3617  accuracy: 81.82% -> 83.12%      
client [23] (testset)   loss: 2.2678 -> 0.3951  accuracy: 31.31% -> 91.92%      
client [35] (testset)   loss: 0.1058 -> 0.0851  accuracy: 97.30% -> 97.30%      
client [59] (testset)   loss: 0.4930 -> 0.4855  accuracy: 84.67% -> 85.40%      
client [31] (testset)   loss: 0.3725 -> 0.3105  accuracy: 84.62% -> 86.15%      
client [9]  (testset)   loss: 0.2138 -> 0.1647  accuracy: 92.01% -> 95.14%      
---------------------------- TRAINING EPOCH: 40 ----------------------------    
client [64] (testset)   loss: 0.2291 -> 0.2239  accuracy: 93.98% -> 91.73%      
client [33] (testset)   loss: 0.1672 -> 0.1566  accuracy: 95.32% -> 96.49%      
client [16] (testset)   loss: 0.1012 -> 0.0570  accuracy: 96.67% -> 98.33%      
client [44] (testset)   loss: 0.5907 -> 0.3286  accuracy: 85.85% -> 89.62%      
client [8]  (testset)   loss: 0.4594 -> 0.4503  accuracy: 88.39% -> 88.69%      
client [31] (testset)   loss: 0.3320 -> 0.3488  accuracy: 89.23% -> 86.15%      
client [47] (testset)   loss: 0.1762 -> 0.1912  accuracy: 93.91% -> 92.83%      
client [36] (testset)   loss: 0.3345 -> 0.2535  accuracy: 90.48% -> 92.78%      
client [20] (testset)   loss: 0.0706 -> 0.0696  accuracy: 98.12% -> 98.12%      
client [56] (testset)   loss: 0.6415 -> 0.6144  accuracy: 83.19% -> 79.83%      
---------------------------- TRAINING EPOCH: 50 ----------------------------    
client [4]  (testset)   loss: 0.1996 -> 0.1721  accuracy: 93.08% -> 95.38%      
client [60] (testset)   loss: 0.3238 -> 0.2698  accuracy: 90.04% -> 92.25%      
client [28] (testset)   loss: 0.1789 -> 0.1742  accuracy: 96.43% -> 94.64%      
client [25] (testset)   loss: 0.2075 -> 0.1995  accuracy: 95.19% -> 93.27%      
client [58] (testset)   loss: 0.2093 -> 0.2346  accuracy: 92.86% -> 92.35%      
client [44] (testset)   loss: 0.3286 -> 0.2085  accuracy: 89.62% -> 95.28%      
client [39] (testset)   loss: 0.3460 -> 0.2545  accuracy: 100.00% -> 100.00%    
client [29] (testset)   loss: 0.3215 -> 0.3022  accuracy: 89.87% -> 88.61%      
client [3]  (testset)   loss: 0.2509 -> 0.2910  accuracy: 89.49% -> 89.11%      
client [84] (testset)   loss: 0.0181 -> 0.0163  accuracy: 100.00% -> 100.00%    
---------------------------- TRAINING EPOCH: 60 ----------------------------    
client [21] (testset)   loss: 0.3971 -> 0.3733  accuracy: 83.23% -> 87.58%      
client [84] (testset)   loss: 0.0144 -> 0.0135  accuracy: 100.00% -> 100.00%    
client [10] (testset)   loss: 0.1230 -> 0.1156  accuracy: 94.12% -> 94.12%      
client [36] (testset)   loss: 0.2195 -> 0.2072  accuracy: 92.94% -> 93.43%      
client [65] (testset)   loss: 0.9895 -> 0.9419  accuracy: 81.25% -> 81.25%      
client [81] (testset)   loss: 0.1975 -> 0.7574  accuracy: 94.44% -> 50.00%      
client [79] (testset)   loss: 0.3705 -> 0.3985  accuracy: 86.70% -> 86.70%      
client [42] (testset)   loss: 0.0779 -> 0.0772  accuracy: 98.06% -> 98.30%      
client [11] (testset)   loss: 0.4072 -> 0.4150  accuracy: 87.00% -> 82.06%      
client [96] (testset)   loss: 0.4492 -> 0.4439  accuracy: 85.40% -> 84.67%      
---------------------------- TRAINING EPOCH: 70 ----------------------------    
client [8]  (testset)   loss: 0.4446 -> 0.4620  accuracy: 88.69% -> 89.58%      
client [53] (testset)   loss: 0.0452 -> 0.0438  accuracy: 98.80% -> 98.80%      
client [52] (testset)   loss: 0.3205 -> 0.2926  accuracy: 86.44% -> 86.44%      
client [42] (testset)   loss: 0.0750 -> 0.0745  accuracy: 98.30% -> 98.18%      
client [69] (testset)   loss: 0.2049 -> 0.2369  accuracy: 95.06% -> 95.06%      
client [59] (testset)   loss: 0.4915 -> 0.5064  accuracy: 85.40% -> 86.13%      
client [7]  (testset)   loss: 0.1033 -> 0.0981  accuracy: 96.94% -> 96.94%      
client [26] (testset)   loss: 0.0869 -> 0.1212  accuracy: 97.14% -> 95.55%      
client [49] (testset)   loss: 0.0621 -> 0.0552  accuracy: 99.57% -> 99.14%      
client [98] (testset)   loss: 0.9033 -> 0.7703  accuracy: 44.68% -> 51.06%      
---------------------------- TRAINING EPOCH: 80 ----------------------------    
client [98] (testset)   loss: 0.7703 -> 0.6577  accuracy: 51.06% -> 61.70%      
client [47] (testset)   loss: 0.1534 -> 0.1354  accuracy: 94.13% -> 94.35%      
client [21] (testset)   loss: 0.3383 -> 0.4613  accuracy: 85.71% -> 83.85%      
client [77] (testset)   loss: 0.0817 -> 0.0770  accuracy: 95.85% -> 95.85%      
client [95] (testset)   loss: 0.2679 -> 0.2349  accuracy: 92.59% -> 92.59%      
client [91] (testset)   loss: 0.7507 -> 0.7693  accuracy: 92.31% -> 92.31%      
client [14] (testset)   loss: 0.3366 -> 0.3297  accuracy: 87.62% -> 88.81%      
client [99] (testset)   loss: 0.1008 -> 0.0993  accuracy: 98.16% -> 98.16%      
client [20] (testset)   loss: 0.0640 -> 0.0665  accuracy: 98.66% -> 98.39%      
client [39] (testset)   loss: 0.1704 -> 0.1558  accuracy: 100.00% -> 100.00%    
---------------------------- TRAINING EPOCH: 90 ----------------------------    
client [52] (testset)   loss: 0.2926 -> 0.3187  accuracy: 86.44% -> 86.44%      
client [62] (testset)   loss: 0.3879 -> 0.4000  accuracy: 90.00% -> 90.00%      
client [71] (testset)   loss: 0.0888 -> 0.0796  accuracy: 94.57% -> 94.57%      
client [97] (testset)   loss: 0.0600 -> 0.0669  accuracy: 98.27% -> 98.27%      
client [30] (testset)   loss: 0.2966 -> 0.3140  accuracy: 96.15% -> 96.15%      
client [88] (testset)   loss: 0.6049 -> 0.6321  accuracy: 76.83% -> 74.39%      
client [60] (testset)   loss: 0.2046 -> 0.1920  accuracy: 93.73% -> 94.83%      
client [82] (testset)   loss: 0.1215 -> 0.1220  accuracy: 98.29% -> 98.29%      
client [91] (testset)   loss: 0.7808 -> 0.7989  accuracy: 92.31% -> 92.31%      
client [57] (testset)   loss: 0.0603 -> 0.0533  accuracy: 98.54% -> 98.54%      
---------------------------- TRAINING EPOCH: 100 ----------------------------   
client [31] (testset)   loss: 0.2786 -> 0.2921  accuracy: 89.23% -> 89.23%      
client [15] (testset)   loss: 0.3174 -> 0.2652  accuracy: 87.50% -> 90.62%      
client [71] (testset)   loss: 0.0796 -> 0.0876  accuracy: 94.57% -> 95.11%      
client [97] (testset)   loss: 0.0644 -> 0.0612  accuracy: 98.27% -> 97.84%      
client [53] (testset)   loss: 0.0479 -> 0.0467  accuracy: 98.80% -> 98.80%      
client [77] (testset)   loss: 0.0770 -> 0.0721  accuracy: 95.85% -> 96.37%      
client [76] (testset)   loss: 0.7141 -> 0.7204  accuracy: 60.00% -> 60.00%      
client [79] (testset)   loss: 0.3156 -> 0.3056  accuracy: 88.67% -> 88.67%      
client [28] (testset)   loss: 0.1344 -> 0.1263  accuracy: 94.64% -> 94.64%      
client [99] (testset)   loss: 0.1031 -> 0.1007  accuracy: 98.16% -> 97.89%      
---------------------------- TRAINING EPOCH: 110 ----------------------------   
client [97] (testset)   loss: 0.0646 -> 0.0596  accuracy: 97.84% -> 98.27%      
client [86] (testset)   loss: 0.5248 -> 0.4955  accuracy: 82.35% -> 82.35%      
client [34] (testset)   loss: 0.4021 -> 0.4172  accuracy: 96.15% -> 96.15%      
client [73] (testset)   loss: 0.0668 -> 0.0571  accuracy: 98.47% -> 98.47%      
client [5]  (testset)   loss: 0.2031 -> 0.1875  accuracy: 92.86% -> 93.33%      
client [96] (testset)   loss: 0.3644 -> 0.3286  accuracy: 89.78% -> 91.24%      
client [22] (testset)   loss: 0.0938 -> 0.0915  accuracy: 96.91% -> 96.91%      
client [60] (testset)   loss: 0.1900 -> 0.1858  accuracy: 94.46% -> 95.20%      
client [66] (testset)   loss: 0.2578 -> 0.1849  accuracy: 90.04% -> 92.83%      
client [83] (testset)   loss: 0.0609 -> 0.0600  accuracy: 98.09% -> 98.09%      
---------------------------- TRAINING EPOCH: 120 ----------------------------   
client [76] (testset)   loss: 0.5218 -> 0.5146  accuracy: 86.67% -> 80.00%      
client [65] (testset)   loss: 0.8303 -> 0.8109  accuracy: 84.38% -> 84.38%      
client [95] (testset)   loss: 0.4341 -> 0.2211  accuracy: 81.48% -> 90.74%      
client [17] (testset)   loss: 0.2005 -> 0.1893  accuracy: 92.51% -> 94.65%      
client [8]  (testset)   loss: 0.4244 -> 0.4327  accuracy: 89.58% -> 89.29%      
client [35] (testset)   loss: 0.0425 -> 0.0398  accuracy: 100.00% -> 100.00%    
client [98] (testset)   loss: 0.6756 -> 0.6503  accuracy: 61.70% -> 63.83%      
client [53] (testset)   loss: 0.0438 -> 0.0495  accuracy: 98.80% -> 98.49%      
client [43] (testset)   loss: 0.2723 -> 0.2259  accuracy: 87.69% -> 92.31%      
client [64] (testset)   loss: 0.1933 -> 0.1845  accuracy: 93.98% -> 93.98%      
---------------------------- TRAINING EPOCH: 130 ----------------------------   
client [21] (testset)   loss: 0.9568 -> 0.2972  accuracy: 65.84% -> 88.82%      
client [88] (testset)   loss: 0.4432 -> 0.4355  accuracy: 80.49% -> 82.93%      
client [38] (testset)   loss: 0.5499 -> 0.5945  accuracy: 80.52% -> 80.52%      
client [3]  (testset)   loss: 0.2695 -> 0.1542  accuracy: 90.66% -> 93.77%      
client [5]  (testset)   loss: 0.1735 -> 0.1736  accuracy: 92.86% -> 93.81%      
client [41] (testset)   loss: 0.2592 -> 0.3633  accuracy: 91.53% -> 87.50%      
client [7]  (testset)   loss: 0.0915 -> 0.0917  accuracy: 96.94% -> 96.51%      
client [37] (testset)   loss: 0.2320 -> 0.2330  accuracy: 91.30% -> 90.22%      
client [45] (testset)   loss: 0.4691 -> 0.4253  accuracy: 78.38% -> 78.38%      
client [47] (testset)   loss: 0.5876 -> 0.1254  accuracy: 78.04% -> 95.22%      
---------------------------- TRAINING EPOCH: 140 ----------------------------   
client [16] (testset)   loss: 0.0382 -> 0.0417  accuracy: 99.17% -> 99.17%      
client [11] (testset)   loss: 0.3273 -> 0.3281  accuracy: 87.00% -> 87.89%      
client [37] (testset)   loss: 0.2061 -> 0.1893  accuracy: 92.39% -> 92.39%      
client [41] (testset)   loss: 0.3633 -> 0.2640  accuracy: 87.50% -> 91.13%      
client [95] (testset)   loss: 0.2111 -> 0.1806  accuracy: 90.74% -> 92.59%      
client [53] (testset)   loss: 0.0495 -> 0.0446  accuracy: 98.49% -> 98.80%      
client [22] (testset)   loss: 0.0839 -> 0.0828  accuracy: 96.91% -> 96.91%      
client [25] (testset)   loss: 0.1905 -> 0.1729  accuracy: 96.15% -> 94.23%      
client [69] (testset)   loss: 0.2287 -> 0.3581  accuracy: 95.68% -> 88.27%      
client [46] (testset)   loss: 0.3538 -> 0.6853  accuracy: 90.62% -> 62.50%      
---------------------------- TRAINING EPOCH: 150 ----------------------------   
client [47] (testset)   loss: 0.1084 -> 0.1423  accuracy: 95.87% -> 95.00%      
client [69] (testset)   loss: 0.2261 -> 0.2469  accuracy: 96.30% -> 95.68%      
client [82] (testset)   loss: 0.1283 -> 0.1310  accuracy: 98.29% -> 98.29%      
client [45] (testset)   loss: 0.3780 -> 0.3773  accuracy: 81.08% -> 81.08%      
client [7]  (testset)   loss: 0.0917 -> 0.0864  accuracy: 96.51% -> 96.51%      
client [50] (testset)   loss: 0.0606 -> 0.0550  accuracy: 98.58% -> 98.29%      
client [35] (testset)   loss: 0.0387 -> 0.0399  accuracy: 100.00% -> 100.00%    
client [24] (testset)   loss: 0.4737 -> 0.5367  accuracy: 84.00% -> 80.57%      
client [15] (testset)   loss: 0.2753 -> 0.2480  accuracy: 90.94% -> 90.00%      
client [58] (testset)   loss: 0.1932 -> 0.2235  accuracy: 94.90% -> 91.33%      
---------------------------- TRAINING EPOCH: 160 ----------------------------   
client [48] (testset)   loss: 0.1095 -> 0.1080  accuracy: 98.73% -> 98.73%      
client [76] (testset)   loss: 0.4963 -> 0.4264  accuracy: 80.00% -> 86.67%      
client [67] (testset)   loss: 0.1996 -> 0.2065  accuracy: 95.19% -> 94.85%      
client [37] (testset)   loss: 0.1829 -> 0.2037  accuracy: 93.48% -> 92.39%      
client [58] (testset)   loss: 0.1932 -> 0.1920  accuracy: 94.90% -> 94.90%      
client [64] (testset)   loss: 0.2419 -> 0.2202  accuracy: 91.73% -> 92.48%      
client [77] (testset)   loss: 0.0648 -> 0.0656  accuracy: 96.89% -> 97.41%      
client [55] (testset)   loss: 0.0049 -> 0.0052  accuracy: 100.00% -> 100.00%    
client [12] (testset)   loss: 0.1606 -> 0.1577  accuracy: 94.67% -> 94.79%      
client [89] (testset)   loss: 0.5892 -> 0.5510  accuracy: 78.95% -> 78.95%      
---------------------------- TRAINING EPOCH: 170 ----------------------------   
client [84] (testset)   loss: 0.0051 -> 0.0047  accuracy: 100.00% -> 100.00%    
client [51] (testset)   loss: 0.0851 -> 0.0866  accuracy: 97.55% -> 97.55%      
client [8]  (testset)   loss: 0.4401 -> 0.4604  accuracy: 90.18% -> 89.29%      
client [18] (testset)   loss: 0.0567 -> 0.0541  accuracy: 97.01% -> 97.01%      
client [94] (testset)   loss: 0.2410 -> 0.2500  accuracy: 92.37% -> 93.13%      
client [81] (testset)   loss: 0.0737 -> 0.0612  accuracy: 98.15% -> 98.15%      
client [3]  (testset)   loss: 0.1966 -> 0.1968  accuracy: 93.00% -> 93.77%      
client [11] (testset)   loss: 0.3308 -> 0.3307  accuracy: 88.34% -> 87.89%      
client [95] (testset)   loss: 0.1900 -> 0.1941  accuracy: 90.74% -> 90.74%      
client [67] (testset)   loss: 0.2065 -> 0.2022  accuracy: 94.85% -> 94.85%      
---------------------------- TRAINING EPOCH: 180 ----------------------------   
client [21] (testset)   loss: 0.3911 -> 0.5910  accuracy: 86.96% -> 80.75%      
client [79] (testset)   loss: 1.1499 -> 0.3341  accuracy: 65.02% -> 89.16%      
client [58] (testset)   loss: 0.1953 -> 0.2013  accuracy: 94.90% -> 94.90%      
client [88] (testset)   loss: 0.4083 -> 0.4788  accuracy: 86.59% -> 81.71%      
client [46] (testset)   loss: 0.3461 -> 0.3544  accuracy: 90.62% -> 90.62%      
client [11] (testset)   loss: 0.3307 -> 0.3498  accuracy: 87.89% -> 86.55%      
client [55] (testset)   loss: 0.0056 -> 0.0029  accuracy: 100.00% -> 100.00%    
client [13] (testset)   loss: 0.4841 -> 0.4492  accuracy: 87.18% -> 86.54%      
client [31] (testset)   loss: 0.4467 -> 0.3300  accuracy: 86.15% -> 86.15%      
client [75] (testset)   loss: 0.3034 -> 0.3326  accuracy: 90.43% -> 89.00%      
---------------------------- TRAINING EPOCH: 190 ----------------------------   
client [19] (testset)   loss: 0.3649 -> 0.2744  accuracy: 84.75% -> 84.75%      
client [7]  (testset)   loss: 0.0777 -> 0.0871  accuracy: 96.94% -> 96.51%      
client [57] (testset)   loss: 0.0422 -> 0.0423  accuracy: 98.91% -> 98.54%      
client [13] (testset)   loss: 0.5482 -> 0.5011  accuracy: 86.54% -> 87.50%      
client [43] (testset)   loss: 0.2216 -> 0.1936  accuracy: 90.77% -> 93.85%      
client [91] (testset)   loss: 0.8428 -> 0.8458  accuracy: 92.31% -> 92.31%      
client [10] (testset)   loss: 0.0404 -> 0.0396  accuracy: 100.00% -> 98.53%     
client [64] (testset)   loss: 0.1849 -> 0.1903  accuracy: 93.23% -> 93.23%      
client [82] (testset)   loss: 0.1398 -> 0.1436  accuracy: 98.29% -> 98.63%      
client [22] (testset)   loss: 0.1304 -> 0.0672  accuracy: 93.81% -> 97.94%      
---------------------------- TRAINING EPOCH: 200 ----------------------------   
client [20] (testset)   loss: 0.0669 -> 0.0650  accuracy: 98.39% -> 98.39%      
client [23] (testset)   loss: 0.1562 -> 0.1607  accuracy: 93.94% -> 93.94%      
client [88] (testset)   loss: 0.4788 -> 0.3912  accuracy: 81.71% -> 86.59%      
client [98] (testset)   loss: 0.5579 -> 0.3988  accuracy: 76.60% -> 93.62%      
client [79] (testset)   loss: 0.3233 -> 0.4055  accuracy: 90.15% -> 88.67%      
client [21] (testset)   loss: 0.3214 -> 0.3254  accuracy: 90.68% -> 90.68%      
client [92] (testset)   loss: 0.2459 -> 0.2451  accuracy: 94.89% -> 95.62%      
client [56] (testset)   loss: 0.8990 -> 0.4648  accuracy: 58.82% -> 81.51%      
client [5]  (testset)   loss: 0.1714 -> 0.1819  accuracy: 94.76% -> 95.24%      
client [52] (testset)   loss: 0.2446 -> 0.2475  accuracy: 89.83% -> 89.83%      
---------------------------- TRAINING EPOCH: 210 ----------------------------   
client [67] (testset)   loss: 0.2252 -> 0.2241  accuracy: 95.88% -> 95.88%      
client [54] (testset)   loss: 0.3289 -> 0.3262  accuracy: 85.71% -> 85.71%      
client [14] (testset)   loss: 0.3556 -> 0.3736  accuracy: 89.76% -> 90.24%      
client [99] (testset)   loss: 0.1030 -> 0.0985  accuracy: 98.16% -> 98.16%      
client [36] (testset)   loss: 0.2811 -> 0.2816  accuracy: 93.76% -> 94.09%      
client [30] (testset)   loss: 0.3238 -> 0.3318  accuracy: 96.15% -> 95.19%      
client [38] (testset)   loss: 0.5363 -> 0.6520  accuracy: 79.22% -> 80.52%      
client [15] (testset)   loss: 0.2400 -> 0.2399  accuracy: 90.00% -> 91.25%      
client [6]  (testset)   loss: 0.1472 -> 0.1450  accuracy: 94.81% -> 94.81%      
client [53] (testset)   loss: 0.0448 -> 0.0444  accuracy: 98.80% -> 98.80%      
---------------------------- TRAINING EPOCH: 220 ----------------------------   
client [99] (testset)   loss: 0.0979 -> 0.1070  accuracy: 98.42% -> 97.89%      
client [6]  (testset)   loss: 0.1450 -> 0.1535  accuracy: 94.81% -> 94.81%      
client [83] (testset)   loss: 0.0505 -> 0.0479  accuracy: 98.09% -> 98.09%      
client [42] (testset)   loss: 0.0837 -> 0.0774  accuracy: 98.55% -> 98.55%      
client [34] (testset)   loss: 0.5032 -> 0.4438  accuracy: 88.46% -> 92.31%      
client [15] (testset)   loss: 0.2399 -> 0.2375  accuracy: 91.25% -> 91.25%      
client [47] (testset)   loss: 0.1996 -> 0.1600  accuracy: 94.35% -> 95.43%      
client [55] (testset)   loss: 0.0052 -> 0.0037  accuracy: 100.00% -> 100.00%    
client [51] (testset)   loss: 0.0879 -> 0.0843  accuracy: 97.55% -> 97.55%      
client [95] (testset)   loss: 0.2000 -> 0.2465  accuracy: 90.74% -> 88.89%      
---------------------------- TRAINING EPOCH: 230 ----------------------------   
client [71] (testset)   loss: 0.0888 -> 0.1735  accuracy: 95.11% -> 90.22%      
client [15] (testset)   loss: 0.2375 -> 0.2398  accuracy: 91.25% -> 90.94%      
client [33] (testset)   loss: 0.1676 -> 0.1675  accuracy: 94.74% -> 94.74%      
client [99] (testset)   loss: 0.1078 -> 0.1120  accuracy: 98.16% -> 97.89%      
client [90] (testset)   loss: 0.1039 -> 0.0987  accuracy: 95.27% -> 95.95%      
client [57] (testset)   loss: 0.0448 -> 0.0457  accuracy: 98.54% -> 98.54%      
client [27] (testset)   loss: 0.0590 -> 0.0505  accuracy: 95.35% -> 97.67%      
client [78] (testset)   loss: 0.0415 -> 0.0398  accuracy: 99.21% -> 99.21%      
client [36] (testset)   loss: 0.2579 -> 0.2811  accuracy: 94.42% -> 93.76%      
client [88] (testset)   loss: 0.3839 -> 0.3860  accuracy: 89.02% -> 86.59%      
---------------------------- TRAINING EPOCH: 240 ----------------------------   
client [70] (testset)   loss: 0.4354 -> 0.4422  accuracy: 91.89% -> 91.89%      
client [35] (testset)   loss: 0.0285 -> 0.0272  accuracy: 100.00% -> 100.00%    
client [16] (testset)   loss: 0.0494 -> 0.0609  accuracy: 98.33% -> 98.33%      
client [80] (testset)   loss: 0.0491 -> 0.0503  accuracy: 98.08% -> 98.08%      
client [38] (testset)   loss: 0.5792 -> 0.5744  accuracy: 80.52% -> 80.52%      
client [78] (testset)   loss: 0.0382 -> 0.0368  accuracy: 99.21% -> 99.21%      
client [68] (testset)   loss: 0.2179 -> 0.1772  accuracy: 91.82% -> 94.55%      
client [11] (testset)   loss: 0.3394 -> 0.3456  accuracy: 89.24% -> 88.79%      
client [64] (testset)   loss: 0.1818 -> 0.1767  accuracy: 93.23% -> 93.98%      
client [82] (testset)   loss: 0.1539 -> 0.1543  accuracy: 98.63% -> 98.63%      
---------------------------- TRAINING EPOCH: 250 ----------------------------   
client [30] (testset)   loss: 0.3361 -> 0.3399  accuracy: 97.12% -> 96.15%      
client [27] (testset)   loss: 0.0505 -> 0.0466  accuracy: 97.67% -> 97.67%      
client [74] (testset)   loss: 0.3546 -> 0.1760  accuracy: 88.89% -> 88.89%      
client [45] (testset)   loss: 0.3452 -> 0.3281  accuracy: 86.49% -> 86.49%      
client [6]  (testset)   loss: 0.1522 -> 0.1538  accuracy: 94.81% -> 94.81%      
client [36] (testset)   loss: 0.2647 -> 0.3027  accuracy: 94.25% -> 93.76%      
client [63] (testset)   loss: 0.0755 -> 0.0645  accuracy: 96.91% -> 97.94%      
client [76] (testset)   loss: 0.3802 -> 0.3754  accuracy: 86.67% -> 86.67%      
client [83] (testset)   loss: 0.0475 -> 0.0508  accuracy: 98.09% -> 98.09%      
client [86] (testset)   loss: 0.3216 -> 0.3300  accuracy: 88.24% -> 88.24%      
---------------------------- TRAINING EPOCH: 260 ----------------------------   
client [83] (testset)   loss: 0.0508 -> 0.0474  accuracy: 98.09% -> 98.09%      
client [99] (testset)   loss: 0.1020 -> 0.1043  accuracy: 98.42% -> 98.16%      
client [74] (testset)   loss: 0.4920 -> 0.4316  accuracy: 81.48% -> 81.48%      
client [73] (testset)   loss: 0.0605 -> 0.0608  accuracy: 98.47% -> 98.47%      
client [29] (testset)   loss: 0.2789 -> 0.3424  accuracy: 92.41% -> 89.87%      
client [92] (testset)   loss: 0.2485 -> 0.2475  accuracy: 95.62% -> 95.62%      
client [6]  (testset)   loss: 0.1547 -> 0.1565  accuracy: 94.81% -> 94.81%      
client [61] (testset)   loss: 0.0754 -> 0.0783  accuracy: 97.56% -> 98.78%      
client [21] (testset)   loss: 0.3303 -> 0.3565  accuracy: 88.82% -> 88.82%      
client [67] (testset)   loss: 0.2400 -> 0.2410  accuracy: 95.88% -> 95.88%      
---------------------------- TRAINING EPOCH: 270 ----------------------------   
client [83] (testset)   loss: 0.0474 -> 0.0490  accuracy: 98.09% -> 98.09%      
client [32] (testset)   loss: 0.3021 -> 0.3674  accuracy: 91.11% -> 89.72%      
client [95] (testset)   loss: 0.1843 -> 0.1957  accuracy: 90.74% -> 90.74%      
client [61] (testset)   loss: 0.0837 -> 0.0719  accuracy: 97.56% -> 97.56%      
client [27] (testset)   loss: 0.0466 -> 0.0486  accuracy: 97.67% -> 97.67%      
client [25] (testset)   loss: 0.1849 -> 0.1803  accuracy: 94.23% -> 95.19%      
client [68] (testset)   loss: 0.1777 -> 0.1874  accuracy: 94.55% -> 94.55%      
client [34] (testset)   loss: 0.4112 -> 0.4993  accuracy: 96.15% -> 88.46%      
client [71] (testset)   loss: 0.0973 -> 0.0859  accuracy: 95.65% -> 96.74%      
client [89] (testset)   loss: 0.5843 -> 0.5716  accuracy: 78.95% -> 78.95%      
---------------------------- TRAINING EPOCH: 280 ----------------------------   
client [78] (testset)   loss: 0.0289 -> 0.0275  accuracy: 99.21% -> 99.21%      
client [81] (testset)   loss: 0.0663 -> 0.0703  accuracy: 98.15% -> 98.15%      
client [51] (testset)   loss: 0.0897 -> 0.0891  accuracy: 98.04% -> 98.04%      
client [54] (testset)   loss: 0.4000 -> 0.3712  accuracy: 85.71% -> 87.01%      
client [65] (testset)   loss: 0.8044 -> 0.7827  accuracy: 84.38% -> 87.50%      
client [41] (testset)   loss: 0.2739 -> 0.2862  accuracy: 93.15% -> 91.94%      
client [11] (testset)   loss: 0.3600 -> 0.3499  accuracy: 89.24% -> 89.24%      
client [85] (testset)   loss: 0.2553 -> 0.2524  accuracy: 96.49% -> 98.25%      
client [12] (testset)   loss: 0.1848 -> 0.2065  accuracy: 94.79% -> 94.31%      
client [23] (testset)   loss: 0.1338 -> 0.1889  accuracy: 94.95% -> 93.94%      
---------------------------- TRAINING EPOCH: 290 ----------------------------   
client [16] (testset)   loss: 0.0588 -> 0.0580  accuracy: 98.33% -> 98.33%      
client [65] (testset)   loss: 0.8248 -> 0.8199  accuracy: 84.38% -> 84.38%      
client [53] (testset)   loss: 0.0512 -> 0.0481  accuracy: 99.10% -> 98.80%      
client [58] (testset)   loss: 0.2252 -> 0.2156  accuracy: 93.88% -> 93.88%      
client [72] (testset)   loss: 0.0692 -> 0.0750  accuracy: 98.25% -> 98.25%      
client [7]  (testset)   loss: 0.0728 -> 0.0702  accuracy: 96.94% -> 97.38%      
client [71] (testset)   loss: 0.0859 -> 0.0914  accuracy: 96.74% -> 96.20%      
client [59] (testset)   loss: 0.7220 -> 0.7063  accuracy: 86.13% -> 88.32%      
client [86] (testset)   loss: 0.3144 -> 0.3264  accuracy: 88.24% -> 88.24%      
client [39] (testset)   loss: 0.1142 -> 0.0679  accuracy: 100.00% -> 100.00%    
---------------------------- TRAINING EPOCH: 300 ----------------------------   
client [99] (testset)   loss: 0.1028 -> 0.1153  accuracy: 98.42% -> 97.89%      
client [7]  (testset)   loss: 0.0697 -> 0.0700  accuracy: 96.94% -> 97.82%      
client [17] (testset)   loss: 0.2337 -> 0.2243  accuracy: 94.12% -> 94.12%      
client [64] (testset)   loss: 0.1848 -> 0.1832  accuracy: 93.23% -> 93.23%      
client [37] (testset)   loss: 0.1910 -> 0.1825  accuracy: 92.39% -> 92.39%      
client [29] (testset)   loss: 0.2592 -> 0.3838  accuracy: 89.87% -> 89.87%      
client [93] (testset)   loss: 0.0220 -> 0.0226  accuracy: 98.31% -> 98.31%      
client [73] (testset)   loss: 0.0639 -> 0.0623  accuracy: 98.47% -> 98.47%      
client [40] (testset)   loss: 0.2051 -> 0.3120  accuracy: 94.17% -> 91.67%      
client [76] (testset)   loss: 0.4004 -> 0.4461  accuracy: 86.67% -> 86.67%      
---------------------------- TRAINING EPOCH: 310 ----------------------------   
client [31] (testset)   loss: 0.3245 -> 0.9352  accuracy: 87.69% -> 67.69%      
client [89] (testset)   loss: 0.5810 -> 0.5524  accuracy: 78.95% -> 78.95%      
client [77] (testset)   loss: 0.0482 -> 0.0480  accuracy: 97.93% -> 97.93%      
client [90] (testset)   loss: 0.1135 -> 0.1101  accuracy: 96.62% -> 96.62%      
client [26] (testset)   loss: 0.0675 -> 0.0779  accuracy: 98.25% -> 98.09%      
client [50] (testset)   loss: 0.0573 -> 0.0550  accuracy: 98.86% -> 98.58%      
client [30] (testset)   loss: 0.3580 -> 0.3558  accuracy: 96.15% -> 97.12%      
client [70] (testset)   loss: 0.4613 -> 0.4704  accuracy: 91.89% -> 91.89%      
client [41] (testset)   loss: 0.2960 -> 0.3950  accuracy: 93.95% -> 90.32%      
client [99] (testset)   loss: 0.1153 -> 0.1130  accuracy: 97.89% -> 98.16%      
---------------------------- TRAINING EPOCH: 320 ----------------------------   
client [68] (testset)   loss: 0.1876 -> 0.1921  accuracy: 94.55% -> 94.55%      
client [70] (testset)   loss: 0.4783 -> 0.4824  accuracy: 91.89% -> 91.89%      
client [52] (testset)   loss: 0.2424 -> 0.2844  accuracy: 91.53% -> 89.83%      
client [1]  (testset)   loss: 0.6504 -> 0.6556  accuracy: 92.06% -> 92.06%      
client [2]  (testset)   loss: 0.0270 -> 0.0271  accuracy: 99.12% -> 99.12%      
client [67] (testset)   loss: 0.2698 -> 0.2736  accuracy: 95.88% -> 95.88%      
client [92] (testset)   loss: 0.2767 -> 0.2788  accuracy: 95.62% -> 95.62%      
client [35] (testset)   loss: 0.0214 -> 0.0203  accuracy: 100.00% -> 100.00%    
client [36] (testset)   loss: 0.3269 -> 0.3443  accuracy: 93.92% -> 93.92%      
client [64] (testset)   loss: 0.1959 -> 0.1885  accuracy: 93.23% -> 93.23%      
---------------------------- TRAINING EPOCH: 330 ----------------------------   
client [44] (testset)   loss: 0.1285 -> 0.1330  accuracy: 97.17% -> 97.17%      
client [6]  (testset)   loss: 0.1694 -> 0.1685  accuracy: 94.81% -> 94.81%      
client [12] (testset)   loss: 0.1962 -> 0.1978  accuracy: 94.43% -> 94.91%      
client [55] (testset)   loss: 0.0026 -> 0.0026  accuracy: 100.00% -> 100.00%    
client [29] (testset)   loss: 0.3538 -> 0.2745  accuracy: 91.14% -> 89.87%      
client [9]  (testset)   loss: 0.1589 -> 0.1578  accuracy: 95.49% -> 95.49%      
client [43] (testset)   loss: 0.1735 -> 0.2532  accuracy: 93.85% -> 90.77%      
client [77] (testset)   loss: 0.0480 -> 0.0478  accuracy: 97.93% -> 98.45%      
client [98] (testset)   loss: 0.5377 -> 0.5166  accuracy: 89.36% -> 87.23%      
client [78] (testset)   loss: 0.0240 -> 0.0243  accuracy: 99.21% -> 99.21%      
---------------------------- TRAINING EPOCH: 340 ----------------------------   
client [92] (testset)   loss: 0.2882 -> 0.2861  accuracy: 95.62% -> 95.62%      
client [80] (testset)   loss: 0.0461 -> 0.0456  accuracy: 98.08% -> 98.08%      
client [63] (testset)   loss: 0.0691 -> 0.0680  accuracy: 96.91% -> 96.91%      
client [76] (testset)   loss: 0.4456 -> 0.3735  accuracy: 86.67% -> 86.67%      
client [78] (testset)   loss: 0.0243 -> 0.0230  accuracy: 99.21% -> 99.21%      
client [25] (testset)   loss: 0.1808 -> 0.1969  accuracy: 96.15% -> 95.19%      
client [58] (testset)   loss: 0.2291 -> 0.2251  accuracy: 94.39% -> 94.90%      
client [13] (testset)   loss: 0.6401 -> 0.6155  accuracy: 86.54% -> 86.22%      
client [17] (testset)   loss: 0.2475 -> 0.2418  accuracy: 93.58% -> 93.58%      
client [38] (testset)   loss: 0.6374 -> 0.5838  accuracy: 87.01% -> 85.71%      
---------------------------- TRAINING EPOCH: 350 ----------------------------   
client [72] (testset)   loss: 0.0671 -> 0.0736  accuracy: 98.25% -> 98.25%      
client [82] (testset)   loss: 0.1704 -> 0.1741  accuracy: 98.63% -> 98.63%      
client [86] (testset)   loss: 0.3040 -> 0.3092  accuracy: 88.24% -> 88.24%      
client [51] (testset)   loss: 0.0903 -> 0.0929  accuracy: 97.55% -> 98.04%      
client [96] (testset)   loss: 0.4087 -> 0.3950  accuracy: 89.05% -> 89.78%      
client [42] (testset)   loss: 0.0975 -> 0.0992  accuracy: 98.67% -> 98.67%      
client [55] (testset)   loss: 0.0020 -> 0.0021  accuracy: 100.00% -> 100.00%    
client [13] (testset)   loss: 0.7048 -> 0.6705  accuracy: 86.86% -> 86.54%      
client [1]  (testset)   loss: 0.6688 -> 0.6748  accuracy: 92.06% -> 93.65%      
client [12] (testset)   loss: 0.1978 -> 0.2009  accuracy: 94.91% -> 94.31%      
---------------------------- TRAINING EPOCH: 360 ----------------------------   
client [68] (testset)   loss: 0.1909 -> 0.1785  accuracy: 94.55% -> 94.55%      
client [23] (testset)   loss: 0.2033 -> 0.1817  accuracy: 93.94% -> 94.95%      
client [46] (testset)   loss: 0.3532 -> 0.4035  accuracy: 93.75% -> 92.71%      
client [41] (testset)   loss: 0.3029 -> 0.3225  accuracy: 93.15% -> 91.94%      
client [25] (testset)   loss: 0.1996 -> 0.1929  accuracy: 96.15% -> 96.15%      
client [58] (testset)   loss: 0.2337 -> 0.2441  accuracy: 94.39% -> 94.90%      
client [14] (testset)   loss: 0.4649 -> 0.4559  accuracy: 90.24% -> 89.52%      
client [33] (testset)   loss: 0.1711 -> 0.1632  accuracy: 94.74% -> 94.74%      
client [85] (testset)   loss: 0.2606 -> 0.2612  accuracy: 98.25% -> 98.25%      
client [62] (testset)   loss: 0.5892 -> 0.6030  accuracy: 90.00% -> 90.00%      
---------------------------- TRAINING EPOCH: 370 ----------------------------   
client [98] (testset)   loss: 0.5815 -> 0.6796  accuracy: 87.23% -> 78.72%      
client [63] (testset)   loss: 0.0633 -> 0.0678  accuracy: 97.94% -> 96.91%      
client [70] (testset)   loss: 0.5051 -> 0.5074  accuracy: 91.89% -> 91.89%      
client [65] (testset)   loss: 0.8131 -> 0.7957  accuracy: 87.50% -> 84.38%      
client [14] (testset)   loss: 0.4727 -> 0.4629  accuracy: 89.05% -> 89.76%      
client [73] (testset)   loss: 0.0632 -> 0.0678  accuracy: 98.47% -> 98.47%      
client [34] (testset)   loss: 0.4214 -> 0.4239  accuracy: 96.15% -> 96.15%      
client [99] (testset)   loss: 0.1172 -> 0.1142  accuracy: 97.89% -> 98.16%      
client [69] (testset)   loss: 0.2855 -> 0.3054  accuracy: 96.30% -> 95.06%      
client [46] (testset)   loss: 0.4035 -> 0.3837  accuracy: 92.71% -> 93.75%      
---------------------------- TRAINING EPOCH: 380 ----------------------------   
client [99] (testset)   loss: 0.1144 -> 0.1075  accuracy: 98.16% -> 98.42%      
client [93] (testset)   loss: 0.0251 -> 0.0269  accuracy: 98.31% -> 98.31%      
client [11] (testset)   loss: 0.3998 -> 0.3873  accuracy: 88.34% -> 88.34%      
client [58] (testset)   loss: 0.2424 -> 0.2560  accuracy: 94.90% -> 94.39%      
client [81] (testset)   loss: 0.0672 -> 0.0706  accuracy: 98.15% -> 98.15%      
client [85] (testset)   loss: 0.2612 -> 0.2708  accuracy: 98.25% -> 98.25%      
client [89] (testset)   loss: 0.5552 -> 0.5629  accuracy: 78.95% -> 78.95%      
client [45] (testset)   loss: 0.3673 -> 0.4008  accuracy: 86.49% -> 86.49%      
client [8]  (testset)   loss: 0.6110 -> 0.5705  accuracy: 91.07% -> 91.37%      
client [68] (testset)   loss: 0.2032 -> 0.1859  accuracy: 94.55% -> 94.55%      
---------------------------- TRAINING EPOCH: 390 ----------------------------   
client [67] (testset)   loss: 0.2813 -> 0.2854  accuracy: 95.88% -> 95.88%      
client [72] (testset)   loss: 0.0742 -> 0.0866  accuracy: 98.25% -> 96.49%      
client [1]  (testset)   loss: 0.6878 -> 0.6919  accuracy: 93.65% -> 92.06%      
client [78] (testset)   loss: 0.0179 -> 0.0179  accuracy: 99.21% -> 99.21%      
client [83] (testset)   loss: 0.0461 -> 0.0505  accuracy: 98.09% -> 98.09%      
client [21] (testset)   loss: 0.3624 -> 0.3689  accuracy: 89.44% -> 88.82%      
client [56] (testset)   loss: 0.5617 -> 0.6266  accuracy: 84.03% -> 87.39%      
client [44] (testset)   loss: 0.1305 -> 0.1316  accuracy: 97.17% -> 97.17%      
client [92] (testset)   loss: 0.2907 -> 0.2944  accuracy: 95.62% -> 95.62%      
client [27] (testset)   loss: 0.0421 -> 0.0354  accuracy: 97.67% -> 97.67%      
---------------------------- TRAINING EPOCH: 400 ----------------------------   
client [10] (testset)   loss: 0.0212 -> 0.0213  accuracy: 100.00% -> 100.00%    
client [39] (testset)   loss: 0.0600 -> 0.0852  accuracy: 100.00% -> 100.00%    
client [65] (testset)   loss: 0.8343 -> 0.8402  accuracy: 87.50% -> 87.50%      
client [26] (testset)   loss: 0.0749 -> 0.0783  accuracy: 98.09% -> 97.93%      
client [19] (testset)   loss: 0.4970 -> 0.3774  accuracy: 83.05% -> 84.75%      
client [68] (testset)   loss: 0.2072 -> 0.1940  accuracy: 94.55% -> 93.64%      
client [41] (testset)   loss: 0.3092 -> 0.3187  accuracy: 93.55% -> 93.15%      
client [50] (testset)   loss: 0.0601 -> 0.0625  accuracy: 98.86% -> 98.86%      
client [75] (testset)   loss: 0.4580 -> 0.4041  accuracy: 88.52% -> 90.91%      
client [81] (testset)   loss: 0.0813 -> 0.0713  accuracy: 98.15% -> 98.15%      
Training... ━━━━━━━━━━━━━━━━━━━━━━━━━━━━━━━━━━━━━━━━ 100% 0:09:42
PSFL's average time taken by each global epoch: 0 min 1.44 sec.                 
PSFL's total running time: 0 h 9 m 42 s.                                        
==================== PSFL Experiment Results: ====================              
Display format: (before local fine-tuning) -> (after local fine-tuning)         
 So if finetune_epoch = 0, x.xx% -> 0.00% is normal.                            
 Centralized testing ONLY happens after model aggregation, so the stats between 
'->' are the same.                                                              
{                                                                               
    "100": {                                                                    
        "all_clients": {                                                        
            "test": {                                                           
                "loss": "0.2042 -> 0.0000",                                     
                "accuracy": "93.43% -> 0.00%"                                   
            }                                                                   
        }                                                                       
    },                                                                          
    "200": {                                                                    
        "all_clients": {                                                        
            "test": {                                                           
                "loss": "0.1889 -> 0.0000",                                     
                "accuracy": "94.64% -> 0.00%"                                   
            }                                                                   
        }                                                                       
    },                                                                          
    "300": {                                                                    
        "all_clients": {                                                        
            "test": {                                                           
                "loss": "0.2033 -> 0.0000",                                     
                "accuracy": "94.81% -> 0.00%"                                   
            }                                                                   
        }                                                                       
    },                                                                          
    "400": {                                                                    
        "all_clients": {                                                        
            "test": {                                                           
                "loss": "0.2249 -> 0.0000",                                     
                "accuracy": "94.87% -> 0.00%"                                   
            }                                                                   
        }                                                                       
    }                                                                           
}                                                                               
==================== PSFL Max Accuracy ====================                     
all_clients:                                                                    
(test) before fine-tuning: 94.87% at epoch 400                                  
(test) after fine-tuning: 0.00% at epoch 100                                    
