==================== PSFL ====================                                  
Experiment Arguments:                                                           
{
│   'method': 'psfl',
│   'dataset': {
│   │   'name': 'svhn',
│   │   'client_num': 100,
│   │   'test_ratio': 0.25,
│   │   'val_ratio': 0.0,
│   │   'seed': 42,
│   │   'split': 'sample',
│   │   'IID_ratio': 0.0,
│   │   'monitor_window_name_suffix': 'svhn-100clients-0%IID-Dir(0.1)-seed42',
│   │   'alpha': 0.1,
│   │   'min_samples_per_client': 10
│   },
│   'model': {
│   │   'name': 'avgcnn',
│   │   'use_torchvision_pretrained_weights': True,
│   │   'external_model_weights_path': None
│   },
│   'optimizer': {
│   │   'lr': 0.01,
│   │   'dampening': 0,
│   │   'weight_decay': 0,
│   │   'momentum': 0,
│   │   'nesterov': False,
│   │   'name': 'sgd'
│   },
│   'mode': 'sequential',
│   'parallel': {
│   │   'ray_cluster_addr': None,
│   │   'num_cpus': None,
│   │   'num_gpus': None,
│   │   'num_workers': 2
│   },
│   'common': {
│   │   'seed': 42,
│   │   'join_ratio': 0.1,
│   │   'global_epoch': 400,
│   │   'local_epoch': 5,
│   │   'batch_size': 32,
│   │   'reset_optimizer_on_global_epoch': True,
│   │   'straggler_ratio': 0,
│   │   'straggler_min_local_epoch': 0,
│   │   'buffers': 'global',
│   │   'client_side_evaluation': True,
│   │   'test': {
│   │   │   'client': {
│   │   │   │   'interval': 100,
│   │   │   │   'finetune_epoch': 0,
│   │   │   │   'train': False,
│   │   │   │   'val': False,
│   │   │   │   'test': True
│   │   │   },
│   │   │   'server': {
│   │   │   │   'interval': -1,
│   │   │   │   'train': False,
│   │   │   │   'val': False,
│   │   │   │   'test': False,
│   │   │   │   'model_in_train_mode': False
│   │   │   }
│   │   },
│   │   'verbose_gap': 10,
│   │   'monitor': None,
│   │   'use_cuda': True,
│   │   'save_log': True,
│   │   'save_model': False,
│   │   'save_learning_curve_plot': False,
│   │   'save_metrics': True,
│   │   'delete_useless_run': True
│   },
│   'psfl': {
│   │   'alpha': 0.0,
│   │   'CLS': False,
│   │   'ig_ratio': 0.9991,
│   │   'track': False,
│   │   'score': 'obp'
│   }
}
---------------------------- TRAINING EPOCH: 10 ----------------------------    
client [77] (testset)   loss: 0.9889 -> 0.4208  accuracy: 74.09% -> 86.92%      
client [81] (testset)   loss: 1.6590 -> 0.3598  accuracy: 48.39% -> 87.10%      
client [21] (testset)   loss: 1.0431 -> 0.8600  accuracy: 75.00% -> 80.56%      
client [68] (testset)   loss: 0.5967 -> 0.0240  accuracy: 81.25% -> 100.00%     
client [93] (testset)   loss: 1.7102 -> 0.5404  accuracy: 45.16% -> 85.16%      
client [31] (testset)   loss: 0.5722 -> 0.3939  accuracy: 82.86% -> 85.71%      
client [20] (testset)   loss: 0.9780 -> 0.2725  accuracy: 69.27% -> 90.62%      
client [59] (testset)   loss: 2.0350 -> 0.4153  accuracy: 39.12% -> 83.94%      
client [48] (testset)   loss: 1.0083 -> 0.5908  accuracy: 72.73% -> 78.79%      
client [34] (testset)   loss: 0.9690 -> 0.3925  accuracy: 72.73% -> 77.27%      
---------------------------- TRAINING EPOCH: 20 ----------------------------    
client [69] (testset)   loss: 1.0624 -> 0.4814  accuracy: 70.86% -> 89.40%      
client [99] (testset)   loss: 0.8144 -> 0.2181  accuracy: 76.19% -> 93.57%      
client [67] (testset)   loss: 0.3827 -> 0.1603  accuracy: 86.96% -> 93.68%      
client [0]  (testset)   loss: 0.6403 -> 0.3117  accuracy: 78.07% -> 90.35%      
client [76] (testset)   loss: 0.0953 -> 0.0133  accuracy: 97.44% -> 100.00%     
client [41] (testset)   loss: 0.6689 -> 0.3610  accuracy: 80.24% -> 91.01%      
client [62] (testset)   loss: 1.0667 -> 0.2735  accuracy: 68.56% -> 91.70%      
client [2]  (testset)   loss: 0.8460 -> 0.0196  accuracy: 72.15% -> 99.39%      
client [14] (testset)   loss: 0.8478 -> 0.1253  accuracy: 73.21% -> 95.83%      
client [46] (testset)   loss: 1.0147 -> 0.4818  accuracy: 78.95% -> 89.47%      
---------------------------- TRAINING EPOCH: 30 ----------------------------    
client [24] (testset)   loss: 0.1792 -> 0.1934  accuracy: 95.34% -> 95.65%      
client [68] (testset)   loss: 0.0446 -> 0.0136  accuracy: 97.92% -> 100.00%     
client [57] (testset)   loss: 0.7391 -> 0.1827  accuracy: 79.95% -> 92.79%      
client [17] (testset)   loss: 0.3516 -> 0.0711  accuracy: 91.34% -> 97.64%      
client [54] (testset)   loss: 0.1563 -> 0.1059  accuracy: 95.88% -> 95.88%      
client [23] (testset)   loss: 0.7777 -> 0.1791  accuracy: 77.57% -> 97.20%      
client [35] (testset)   loss: 0.2143 -> 0.1503  accuracy: 93.88% -> 96.58%      
client [59] (testset)   loss: 0.5948 -> 0.2751  accuracy: 83.42% -> 91.71%      
client [31] (testset)   loss: 0.3380 -> 0.3263  accuracy: 91.43% -> 91.43%      
client [9]  (testset)   loss: 0.4875 -> 0.2708  accuracy: 87.23% -> 92.91%      
---------------------------- TRAINING EPOCH: 40 ----------------------------    
client [64] (testset)   loss: 0.3624 -> 0.1760  accuracy: 87.41% -> 92.59%      
client [33] (testset)   loss: 0.1413 -> 0.1252  accuracy: 96.92% -> 98.15%      
client [16] (testset)   loss: 0.2396 -> 0.0287  accuracy: 95.06% -> 97.53%      
client [44] (testset)   loss: 0.4000 -> 0.1492  accuracy: 88.66% -> 93.81%      
client [8]  (testset)   loss: 0.7276 -> 0.1211  accuracy: 75.00% -> 100.00%     
client [31] (testset)   loss: 0.2723 -> 0.2770  accuracy: 94.29% -> 91.43%      
client [47] (testset)   loss: 0.2178 -> 0.1684  accuracy: 95.36% -> 96.03%      
client [36] (testset)   loss: 1.9989 -> 2.6651  accuracy: 80.00% -> 60.00%      
client [20] (testset)   loss: 0.3622 -> 0.2905  accuracy: 89.06% -> 91.15%      
client [56] (testset)   loss: 0.4709 -> 0.2311  accuracy: 87.98% -> 94.22%      
---------------------------- TRAINING EPOCH: 50 ----------------------------    
client [4]  (testset)   loss: 0.2152 -> 0.1659  accuracy: 98.53% -> 98.53%      
client [60] (testset)   loss: 0.0159 -> 0.0002  accuracy: 100.00% -> 100.00%    
client [28] (testset)   loss: 0.1248 -> 0.1691  accuracy: 97.17% -> 96.23%      
client [25] (testset)   loss: 0.3475 -> 0.4214  accuracy: 97.50% -> 95.00%      
client [58] (testset)   loss: 0.2341 -> 0.2368  accuracy: 94.64% -> 94.25%      
client [44] (testset)   loss: 0.1626 -> 0.1119  accuracy: 95.88% -> 96.91%      
client [39] (testset)   loss: 0.1586 -> 0.1314  accuracy: 92.68% -> 95.12%      
client [29] (testset)   loss: 0.3421 -> 0.3837  accuracy: 90.02% -> 91.21%      
client [3]  (testset)   loss: 0.1994 -> 0.1452  accuracy: 95.58% -> 97.19%      
client [84] (testset)   loss: 0.6317 -> 0.4365  accuracy: 86.43% -> 89.59%      
---------------------------- TRAINING EPOCH: 60 ----------------------------    
client [21] (testset)   loss: 0.8013 -> 0.4127  accuracy: 75.00% -> 86.11%      
client [84] (testset)   loss: 0.6865 -> 0.4316  accuracy: 86.88% -> 90.05%      
client [10] (testset)   loss: 0.2050 -> 0.1383  accuracy: 94.98% -> 96.03%      
client [36] (testset)   loss: 2.5108 -> 2.8832  accuracy: 70.00% -> 50.00%      
client [65] (testset)   loss: 0.0905 -> 0.0834  accuracy: 98.40% -> 98.26%      
client [81] (testset)   loss: 0.8718 -> 0.7941  accuracy: 83.87% -> 87.10%      
client [79] (testset)   loss: 0.1455 -> 0.0748  accuracy: 96.60% -> 97.45%      
client [42] (testset)   loss: 0.2126 -> 0.1400  accuracy: 95.59% -> 95.59%      
client [11] (testset)   loss: 0.1531 -> 0.2001  accuracy: 98.70% -> 93.51%      
client [96] (testset)   loss: 0.0598 -> 0.0602  accuracy: 98.21% -> 98.21%      
---------------------------- TRAINING EPOCH: 70 ----------------------------    
client [8]  (testset)   loss: 0.3792 -> 0.0355  accuracy: 93.75% -> 100.00%     
client [53] (testset)   loss: 0.1121 -> 0.1198  accuracy: 95.63% -> 97.38%      
client [52] (testset)   loss: 0.1028 -> 0.0681  accuracy: 96.43% -> 97.86%      
client [42] (testset)   loss: 0.2073 -> 0.1488  accuracy: 95.59% -> 96.32%      
client [69] (testset)   loss: 0.4670 -> 0.3936  accuracy: 90.73% -> 92.05%      
client [59] (testset)   loss: 0.3815 -> 0.3038  accuracy: 89.90% -> 90.67%      
client [7]  (testset)   loss: 0.2534 -> 0.1637  accuracy: 91.34% -> 94.22%      
client [26] (testset)   loss: 0.0178 -> 0.0295  accuracy: 100.00% -> 99.36%     
client [49] (testset)   loss: 0.0836 -> 0.0537  accuracy: 97.84% -> 98.38%      
client [98] (testset)   loss: 0.2708 -> 0.2854  accuracy: 96.43% -> 96.03%      
---------------------------- TRAINING EPOCH: 80 ----------------------------    
client [98] (testset)   loss: 0.2947 -> 0.2938  accuracy: 95.63% -> 95.63%      
client [47] (testset)   loss: 0.2950 -> 0.2114  accuracy: 95.36% -> 96.29%      
client [21] (testset)   loss: 0.8475 -> 0.6208  accuracy: 72.22% -> 83.33%      
client [77] (testset)   loss: 0.5505 -> 0.4751  accuracy: 90.07% -> 91.28%      
client [95] (testset)   loss: 0.4304 -> 0.3853  accuracy: 94.68% -> 95.74%      
client [91] (testset)   loss: 0.3904 -> 0.4325  accuracy: 90.45% -> 89.17%      
client [14] (testset)   loss: 0.1181 -> 0.1221  accuracy: 97.62% -> 98.81%      
client [99] (testset)   loss: 0.2295 -> 0.2265  accuracy: 95.00% -> 95.00%      
client [20] (testset)   loss: 0.2708 -> 0.2982  accuracy: 91.67% -> 91.67%      
client [39] (testset)   loss: 0.1277 -> 0.1198  accuracy: 95.12% -> 97.56%      
---------------------------- TRAINING EPOCH: 90 ----------------------------    
client [52] (testset)   loss: 0.1154 -> 0.0841  accuracy: 96.97% -> 97.86%      
client [62] (testset)   loss: 0.4256 -> 0.3717  accuracy: 91.92% -> 94.32%      
client [71] (testset)   loss: 0.2996 -> 0.2940  accuracy: 93.44% -> 92.90%      
client [97] (testset)   loss: 0.1711 -> 0.1889  accuracy: 96.60% -> 96.18%      
client [30] (testset)   loss: 0.0186 -> 0.0053  accuracy: 100.00% -> 100.00%    
client [88] (testset)   loss: 0.1409 -> 0.1496  accuracy: 97.05% -> 96.72%      
client [60] (testset)   loss: 0.0021 -> 0.0007  accuracy: 100.00% -> 100.00%    
client [82] (testset)   loss: 1.4050 -> 0.6944  accuracy: 84.21% -> 89.47%      
client [91] (testset)   loss: 0.4386 -> 0.3921  accuracy: 89.81% -> 89.81%      
client [57] (testset)   loss: 0.1870 -> 0.1555  accuracy: 95.05% -> 95.95%      
---------------------------- TRAINING EPOCH: 100 ----------------------------   
client [31] (testset)   loss: 0.4495 -> 0.5070  accuracy: 91.43% -> 91.43%      
client [15] (testset)   loss: 0.2313 -> 0.2131  accuracy: 95.66% -> 95.66%      
client [71] (testset)   loss: 0.3635 -> 0.3999  accuracy: 92.35% -> 93.44%      
client [97] (testset)   loss: 0.1815 -> 0.2176  accuracy: 96.82% -> 95.97%      
client [53] (testset)   loss: 0.1567 -> 0.1526  accuracy: 97.38% -> 97.38%      
client [77] (testset)   loss: 0.5920 -> 0.5610  accuracy: 90.80% -> 89.83%      
client [76] (testset)   loss: 0.0055 -> 0.0029  accuracy: 100.00% -> 100.00%    
client [79] (testset)   loss: 0.1030 -> 0.0847  accuracy: 97.11% -> 98.30%      
client [28] (testset)   loss: 0.1879 -> 0.1814  accuracy: 96.70% -> 97.64%      
client [99] (testset)   loss: 0.2182 -> 0.2300  accuracy: 94.76% -> 95.00%      
---------------------------- TRAINING EPOCH: 110 ----------------------------   
client [97] (testset)   loss: 0.2259 -> 0.2283  accuracy: 96.39% -> 96.18%      
client [86] (testset)   loss: 0.3800 -> 0.4249  accuracy: 94.09% -> 95.16%      
client [34] (testset)   loss: 0.2438 -> 0.2353  accuracy: 90.91% -> 90.91%      
client [73] (testset)   loss: 0.1188 -> 0.1064  accuracy: 98.26% -> 98.70%      
client [5]  (testset)   loss: 0.1203 -> 0.0626  accuracy: 96.88% -> 98.44%      
client [96] (testset)   loss: 0.0252 -> 0.0478  accuracy: 98.21% -> 98.21%      
client [22] (testset)   loss: 1.0071 -> 1.0228  accuracy: 87.50% -> 87.50%      
client [60] (testset)   loss: 0.0014 -> 0.0008  accuracy: 100.00% -> 100.00%    
client [66] (testset)   loss: 0.2225 -> 0.2570  accuracy: 94.07% -> 93.33%      
client [83] (testset)   loss: 0.0130 -> 0.0075  accuracy: 100.00% -> 100.00%    
---------------------------- TRAINING EPOCH: 120 ----------------------------   
client [76] (testset)   loss: 0.0012 -> 0.0018  accuracy: 100.00% -> 100.00%    
client [65] (testset)   loss: 0.1065 -> 0.1050  accuracy: 98.40% -> 98.26%      
client [95] (testset)   loss: 0.4929 -> 0.4910  accuracy: 95.74% -> 95.74%      
client [17] (testset)   loss: 0.2276 -> 0.1193  accuracy: 96.85% -> 97.64%      
client [8]  (testset)   loss: 0.0072 -> 0.0055  accuracy: 100.00% -> 100.00%    
client [35] (testset)   loss: 0.1981 -> 0.2056  accuracy: 97.12% -> 96.94%      
client [98] (testset)   loss: 0.3427 -> 0.3546  accuracy: 96.43% -> 96.03%      
client [53] (testset)   loss: 0.1541 -> 0.1517  accuracy: 97.38% -> 96.94%      
client [43] (testset)   loss: 0.3152 -> 0.2623  accuracy: 92.16% -> 93.28%      
client [64] (testset)   loss: 0.3179 -> 0.1829  accuracy: 92.59% -> 94.07%      
---------------------------- TRAINING EPOCH: 130 ----------------------------   
client [21] (testset)   loss: 0.3223 -> 0.4164  accuracy: 83.33% -> 83.33%      
client [88] (testset)   loss: 0.1556 -> 0.1590  accuracy: 97.38% -> 97.38%      
client [38] (testset)   loss: 0.3558 -> 0.2915  accuracy: 97.24% -> 97.74%      
client [3]  (testset)   loss: 0.2776 -> 0.1885  accuracy: 95.18% -> 96.39%      
client [5]  (testset)   loss: 0.1259 -> 0.1003  accuracy: 95.31% -> 95.31%      
client [41] (testset)   loss: 0.5081 -> 0.4972  accuracy: 91.48% -> 91.72%      
client [7]  (testset)   loss: 0.2457 -> 0.2445  accuracy: 94.95% -> 94.58%      
client [37] (testset)   loss: 0.0247 -> 0.0252  accuracy: 99.15% -> 99.15%      
client [45] (testset)   loss: 0.1992 -> 0.1054  accuracy: 94.79% -> 97.92%      
client [47] (testset)   loss: 0.3692 -> 0.2556  accuracy: 95.36% -> 96.03%      
---------------------------- TRAINING EPOCH: 140 ----------------------------   
client [16] (testset)   loss: 0.3784 -> 0.1504  accuracy: 95.06% -> 96.30%      
client [11] (testset)   loss: 0.1651 -> 0.1382  accuracy: 92.21% -> 97.40%      
client [37] (testset)   loss: 0.0395 -> 0.0197  accuracy: 99.15% -> 99.43%      
client [41] (testset)   loss: 0.4992 -> 0.4964  accuracy: 89.94% -> 91.12%      
client [95] (testset)   loss: 0.6987 -> 0.6491  accuracy: 93.62% -> 93.62%      
client [53] (testset)   loss: 0.1509 -> 0.1792  accuracy: 96.94% -> 96.94%      
client [22] (testset)   loss: 1.1050 -> 1.0977  accuracy: 84.38% -> 87.50%      
client [25] (testset)   loss: 0.5469 -> 0.5928  accuracy: 97.50% -> 97.50%      
client [69] (testset)   loss: 0.6069 -> 0.5543  accuracy: 91.39% -> 92.05%      
client [46] (testset)   loss: 0.9076 -> 1.1486  accuracy: 89.47% -> 89.47%      
---------------------------- TRAINING EPOCH: 150 ----------------------------   
client [47] (testset)   loss: 0.3287 -> 0.3031  accuracy: 96.16% -> 96.16%      
client [69] (testset)   loss: 0.6247 -> 0.5723  accuracy: 90.73% -> 92.05%      
client [82] (testset)   loss: 0.8356 -> 0.7822  accuracy: 89.47% -> 89.47%      
client [45] (testset)   loss: 0.1704 -> 0.1639  accuracy: 95.83% -> 96.88%      
client [7]  (testset)   loss: 0.2156 -> 0.2557  accuracy: 94.95% -> 94.95%      
client [50] (testset)   loss: 0.3697 -> 0.1912  accuracy: 92.86% -> 95.24%      
client [35] (testset)   loss: 0.2134 -> 0.2222  accuracy: 96.76% -> 96.58%      
client [24] (testset)   loss: 0.3442 -> 0.3450  accuracy: 95.03% -> 95.34%      
client [15] (testset)   loss: 0.2579 -> 0.2730  accuracy: 94.96% -> 95.66%      
client [58] (testset)   loss: 0.3161 -> 0.3142  accuracy: 94.25% -> 94.25%      
---------------------------- TRAINING EPOCH: 160 ----------------------------   
client [48] (testset)   loss: 0.9225 -> 1.0729  accuracy: 84.85% -> 81.82%      
client [76] (testset)   loss: 0.0012 -> 0.0011  accuracy: 100.00% -> 100.00%    
client [67] (testset)   loss: 0.1980 -> 0.1721  accuracy: 95.26% -> 95.26%      
client [37] (testset)   loss: 0.0403 -> 0.0405  accuracy: 99.43% -> 99.43%      
client [58] (testset)   loss: 0.3671 -> 0.3648  accuracy: 93.87% -> 95.02%      
client [64] (testset)   loss: 0.2712 -> 0.2541  accuracy: 91.85% -> 92.59%      
client [77] (testset)   loss: 0.5980 -> 0.5876  accuracy: 91.04% -> 91.28%      
client [55] (testset)   loss: 0.3947 -> 0.4329  accuracy: 91.84% -> 91.84%      
client [12] (testset)   loss: 0.7367 -> 0.7105  accuracy: 90.91% -> 90.91%      
client [89] (testset)   loss: 0.1548 -> 0.1594  accuracy: 96.57% -> 97.06%      
---------------------------- TRAINING EPOCH: 170 ----------------------------   
client [84] (testset)   loss: 0.5669 -> 0.5497  accuracy: 92.76% -> 91.40%      
client [51] (testset)   loss: 0.3023 -> 0.3023  accuracy: 96.96% -> 96.96%      
client [8]  (testset)   loss: 0.0056 -> 0.0056  accuracy: 100.00% -> 100.00%    
client [18] (testset)   loss: 0.2017 -> 0.2007  accuracy: 93.80% -> 93.80%      
client [94] (testset)   loss: 0.1541 -> 0.1546  accuracy: 97.55% -> 97.55%      
client [81] (testset)   loss: 0.9029 -> 0.8860  accuracy: 87.10% -> 90.32%      
client [3]  (testset)   loss: 0.2212 -> 0.2220  accuracy: 96.39% -> 96.39%      
client [11] (testset)   loss: 0.3380 -> 0.2794  accuracy: 96.10% -> 96.10%      
client [95] (testset)   loss: 0.5500 -> 0.5678  accuracy: 95.74% -> 95.74%      
client [67] (testset)   loss: 0.1896 -> 0.1733  accuracy: 94.07% -> 94.07%      
---------------------------- TRAINING EPOCH: 180 ----------------------------   
client [21] (testset)   loss: 0.4274 -> 0.4707  accuracy: 86.11% -> 86.11%      
client [79] (testset)   loss: 0.1044 -> 0.1000  accuracy: 97.79% -> 97.79%      
client [58] (testset)   loss: 0.3463 -> 0.3643  accuracy: 95.02% -> 95.40%      
client [88] (testset)   loss: 0.1720 -> 0.1762  accuracy: 97.70% -> 97.38%      
client [46] (testset)   loss: 0.9859 -> 0.9701  accuracy: 89.47% -> 89.47%      
client [11] (testset)   loss: 0.2161 -> 0.2018  accuracy: 96.10% -> 96.10%      
client [55] (testset)   loss: 0.4698 -> 0.4703  accuracy: 92.09% -> 92.60%      
client [13] (testset)   loss: 0.3522 -> 0.2734  accuracy: 95.00% -> 96.00%      
client [31] (testset)   loss: 0.7252 -> 0.7114  accuracy: 91.43% -> 91.43%      
client [75] (testset)   loss: 0.2494 -> 0.2334  accuracy: 93.06% -> 93.06%      
---------------------------- TRAINING EPOCH: 190 ----------------------------   
client [19] (testset)   loss: 0.3050 -> 0.3084  accuracy: 93.61% -> 94.06%      
client [7]  (testset)   loss: 0.2593 -> 0.2527  accuracy: 94.95% -> 94.58%      
client [57] (testset)   loss: 0.2509 -> 0.2519  accuracy: 95.72% -> 95.72%      
client [13] (testset)   loss: 0.3006 -> 0.2902  accuracy: 96.00% -> 96.00%      
client [43] (testset)   loss: 0.2889 -> 0.2939  accuracy: 93.66% -> 93.66%      
client [91] (testset)   loss: 0.6026 -> 0.5127  accuracy: 89.17% -> 89.81%      
client [10] (testset)   loss: 0.2139 -> 0.1912  accuracy: 95.61% -> 95.61%      
client [64] (testset)   loss: 0.2925 -> 0.2652  accuracy: 92.59% -> 92.59%      
client [82] (testset)   loss: 1.0409 -> 1.0297  accuracy: 89.47% -> 89.47%      
client [22] (testset)   loss: 1.2978 -> 1.2722  accuracy: 87.50% -> 87.50%      
---------------------------- TRAINING EPOCH: 200 ----------------------------   
client [20] (testset)   loss: 0.4302 -> 0.4450  accuracy: 92.19% -> 92.19%      
client [23] (testset)   loss: 0.3866 -> 0.3802  accuracy: 98.13% -> 98.13%      
client [88] (testset)   loss: 0.1676 -> 0.1734  accuracy: 97.70% -> 97.70%      
client [98] (testset)   loss: 0.4717 -> 0.4723  accuracy: 95.63% -> 95.63%      
client [79] (testset)   loss: 0.1043 -> 0.0981  accuracy: 97.45% -> 97.79%      
client [21] (testset)   loss: 0.5064 -> 0.4899  accuracy: 86.11% -> 86.11%      
client [92] (testset)   loss: 0.4964 -> 0.4883  accuracy: 94.48% -> 95.03%      
client [56] (testset)   loss: 0.3925 -> 0.3865  accuracy: 94.67% -> 95.01%      
client [5]  (testset)   loss: 0.0632 -> 0.0656  accuracy: 98.44% -> 98.44%      
client [52] (testset)   loss: 0.0850 -> 0.0887  accuracy: 97.68% -> 97.68%      
---------------------------- TRAINING EPOCH: 210 ----------------------------   
client [67] (testset)   loss: 0.2414 -> 0.2155  accuracy: 94.47% -> 94.86%      
client [54] (testset)   loss: 0.4017 -> 0.3836  accuracy: 95.88% -> 95.88%      
client [14] (testset)   loss: 0.1679 -> 0.1686  accuracy: 98.21% -> 98.21%      
client [99] (testset)   loss: 0.3527 -> 0.3495  accuracy: 95.71% -> 95.71%      
client [36] (testset)   loss: 6.4959 -> 6.5378  accuracy: 60.00% -> 60.00%      
client [30] (testset)   loss: 0.0001 -> 0.0001  accuracy: 100.00% -> 100.00%    
client [38] (testset)   loss: 0.3295 -> 0.3412  accuracy: 97.99% -> 97.49%      
client [15] (testset)   loss: 0.3109 -> 0.3144  accuracy: 95.52% -> 95.38%      
client [6]  (testset)   loss: 0.1410 -> 0.1455  accuracy: 96.41% -> 96.02%      
client [53] (testset)   loss: 0.1984 -> 0.1921  accuracy: 97.38% -> 97.38%      
---------------------------- TRAINING EPOCH: 220 ----------------------------   
client [99] (testset)   loss: 0.3448 -> 0.3446  accuracy: 95.48% -> 95.24%      
client [6]  (testset)   loss: 0.1789 -> 0.1533  accuracy: 95.62% -> 96.02%      
client [83] (testset)   loss: 0.0014 -> 0.0014  accuracy: 100.00% -> 100.00%    
client [42] (testset)   loss: 0.2271 -> 0.2272  accuracy: 96.32% -> 96.32%      
client [34] (testset)   loss: 0.3463 -> 0.3591  accuracy: 95.45% -> 95.45%      
client [15] (testset)   loss: 0.3212 -> 0.3148  accuracy: 95.38% -> 95.38%      
client [47] (testset)   loss: 0.3733 -> 0.3786  accuracy: 96.03% -> 96.16%      
client [55] (testset)   loss: 0.5090 -> 0.5317  accuracy: 91.84% -> 91.84%      
client [51] (testset)   loss: 0.3736 -> 0.3657  accuracy: 97.34% -> 96.96%      
client [95] (testset)   loss: 0.6467 -> 0.6297  accuracy: 95.74% -> 95.74%      
---------------------------- TRAINING EPOCH: 230 ----------------------------   
client [71] (testset)   loss: 0.6371 -> 0.6098  accuracy: 94.54% -> 93.44%      
client [15] (testset)   loss: 0.3249 -> 0.3232  accuracy: 95.24% -> 95.24%      
client [33] (testset)   loss: 0.1826 -> 0.1713  accuracy: 97.85% -> 97.85%      
client [99] (testset)   loss: 0.3437 -> 0.3570  accuracy: 95.24% -> 95.71%      
client [90] (testset)   loss: 0.1321 -> 0.1769  accuracy: 95.06% -> 93.83%      
client [57] (testset)   loss: 0.2633 -> 0.2641  accuracy: 95.95% -> 95.95%      
client [27] (testset)   loss: 0.5497 -> 0.5404  accuracy: 92.00% -> 92.00%      
client [78] (testset)   loss: 0.2637 -> 0.2640  accuracy: 97.44% -> 96.58%      
client [36] (testset)   loss: 6.9687 -> 6.9249  accuracy: 60.00% -> 60.00%      
client [88] (testset)   loss: 0.1751 -> 0.1794  accuracy: 97.70% -> 98.03%      
---------------------------- TRAINING EPOCH: 240 ----------------------------   
client [70] (testset)   loss: 0.5261 -> 0.5205  accuracy: 94.10% -> 94.10%      
client [35] (testset)   loss: 0.3064 -> 0.3034  accuracy: 96.94% -> 97.12%      
client [16] (testset)   loss: 0.0802 -> 0.0843  accuracy: 98.77% -> 98.77%      
client [80] (testset)   loss: 1.3579 -> 1.3789  accuracy: 89.86% -> 89.86%      
client [38] (testset)   loss: 0.3722 -> 0.3732  accuracy: 97.24% -> 97.24%      
client [78] (testset)   loss: 0.2600 -> 0.2586  accuracy: 96.58% -> 96.58%      
client [68] (testset)   loss: 0.0012 -> 0.0012  accuracy: 100.00% -> 100.00%    
client [11] (testset)   loss: 0.2689 -> 0.2699  accuracy: 96.10% -> 96.10%      
client [64] (testset)   loss: 0.3324 -> 0.2980  accuracy: 91.85% -> 91.85%      
client [82] (testset)   loss: 1.4472 -> 1.4380  accuracy: 89.47% -> 89.47%      
---------------------------- TRAINING EPOCH: 250 ----------------------------   
client [30] (testset)   loss: 0.0001 -> 0.0001  accuracy: 100.00% -> 100.00%    
client [27] (testset)   loss: 0.5595 -> 0.5534  accuracy: 91.50% -> 91.50%      
client [74] (testset)   loss: 0.7092 -> 0.6995  accuracy: 86.09% -> 86.75%      
client [45] (testset)   loss: 0.1944 -> 0.1812  accuracy: 94.79% -> 94.79%      
client [6]  (testset)   loss: 0.1552 -> 0.1535  accuracy: 96.41% -> 96.02%      
client [36] (testset)   loss: 7.2310 -> 7.1511  accuracy: 60.00% -> 60.00%      
client [63] (testset)   loss: 0.5508 -> 0.5471  accuracy: 95.45% -> 95.45%      
client [76] (testset)   loss: 0.0001 -> 0.0002  accuracy: 100.00% -> 100.00%    
client [83] (testset)   loss: 0.0013 -> 0.0015  accuracy: 100.00% -> 100.00%    
client [86] (testset)   loss: 0.5339 -> 0.5313  accuracy: 94.62% -> 94.62%      
---------------------------- TRAINING EPOCH: 260 ----------------------------   
client [83] (testset)   loss: 0.0008 -> 0.0008  accuracy: 100.00% -> 100.00%    
client [99] (testset)   loss: 0.3699 -> 0.3639  accuracy: 95.71% -> 95.95%      
client [74] (testset)   loss: 0.7130 -> 0.7104  accuracy: 86.75% -> 86.75%      
client [73] (testset)   loss: 0.1343 -> 0.1336  accuracy: 99.13% -> 99.13%      
client [29] (testset)   loss: 0.7283 -> 0.7255  accuracy: 90.26% -> 90.26%      
client [92] (testset)   loss: 0.5898 -> 0.5562  accuracy: 93.37% -> 94.48%      
client [6]  (testset)   loss: 0.1546 -> 0.1547  accuracy: 96.02% -> 96.02%      
client [61] (testset)   loss: 0.7510 -> 0.7773  accuracy: 90.76% -> 91.57%      
client [21] (testset)   loss: 0.4108 -> 0.4004  accuracy: 86.11% -> 86.11%      
client [67] (testset)   loss: 0.1766 -> 0.1909  accuracy: 96.05% -> 95.26%      
---------------------------- TRAINING EPOCH: 270 ----------------------------   
client [83] (testset)   loss: 0.0009 -> 0.0010  accuracy: 100.00% -> 100.00%    
client [32] (testset)   loss: 0.7998 -> 0.8143  accuracy: 91.37% -> 91.37%      
client [95] (testset)   loss: 0.6680 -> 0.6652  accuracy: 95.74% -> 95.74%      
client [61] (testset)   loss: 0.7733 -> 0.7868  accuracy: 89.96% -> 90.36%      
client [27] (testset)   loss: 0.5665 -> 0.5663  accuracy: 91.00% -> 91.00%      
client [25] (testset)   loss: 1.2595 -> 1.2447  accuracy: 95.00% -> 95.00%      
client [68] (testset)   loss: 0.0019 -> 0.0018  accuracy: 100.00% -> 100.00%    
client [34] (testset)   loss: 0.4167 -> 0.4224  accuracy: 90.91% -> 90.91%      
client [71] (testset)   loss: 0.6271 -> 0.6182  accuracy: 94.54% -> 93.44%      
client [89] (testset)   loss: 0.2814 -> 0.2498  accuracy: 96.08% -> 95.59%      
---------------------------- TRAINING EPOCH: 280 ----------------------------   
client [78] (testset)   loss: 0.2728 -> 0.2663  accuracy: 96.58% -> 96.58%      
client [81] (testset)   loss: 1.3394 -> 1.3299  accuracy: 87.10% -> 87.10%      
client [51] (testset)   loss: 0.3893 -> 0.3897  accuracy: 96.96% -> 96.96%      
client [54] (testset)   loss: 0.4370 -> 0.4309  accuracy: 95.88% -> 95.88%      
client [65] (testset)   loss: 0.1688 -> 0.1693  accuracy: 98.13% -> 98.13%      
client [41] (testset)   loss: 0.7191 -> 0.7150  accuracy: 91.48% -> 91.60%      
client [11] (testset)   loss: 0.2572 -> 0.2530  accuracy: 96.10% -> 96.10%      
client [85] (testset)   loss: 0.1483 -> 0.1485  accuracy: 93.75% -> 93.75%      
client [12] (testset)   loss: 0.6969 -> 0.6947  accuracy: 90.91% -> 90.91%      
client [23] (testset)   loss: 0.4234 -> 0.4158  accuracy: 97.20% -> 97.20%      
---------------------------- TRAINING EPOCH: 290 ----------------------------   
client [16] (testset)   loss: 0.0920 -> 0.0898  accuracy: 98.77% -> 98.77%      
client [65] (testset)   loss: 0.1674 -> 0.1677  accuracy: 98.13% -> 98.13%      
client [53] (testset)   loss: 0.2005 -> 0.1932  accuracy: 97.82% -> 97.38%      
client [58] (testset)   loss: 0.4113 -> 0.4109  accuracy: 94.64% -> 94.64%      
client [72] (testset)   loss: 0.6745 -> 0.6697  accuracy: 93.57% -> 93.57%      
client [7]  (testset)   loss: 0.2805 -> 0.2778  accuracy: 94.58% -> 94.58%      
client [71] (testset)   loss: 0.6513 -> 0.6411  accuracy: 93.99% -> 93.44%      
client [59] (testset)   loss: 0.4732 -> 0.4722  accuracy: 91.71% -> 91.97%      
client [86] (testset)   loss: 0.5350 -> 0.5382  accuracy: 94.62% -> 95.16%      
client [39] (testset)   loss: 0.3323 -> 0.3281  accuracy: 95.12% -> 95.12%      
---------------------------- TRAINING EPOCH: 300 ----------------------------   
client [99] (testset)   loss: 0.3969 -> 0.3822  accuracy: 95.24% -> 95.48%      
client [7]  (testset)   loss: 0.2874 -> 0.2782  accuracy: 94.95% -> 94.22%      
client [17] (testset)   loss: 0.1953 -> 0.1950  accuracy: 97.64% -> 97.64%      
client [64] (testset)   loss: 0.3588 -> 0.3361  accuracy: 91.85% -> 91.85%      
client [37] (testset)   loss: 0.0354 -> 0.0353  accuracy: 99.43% -> 99.43%      
client [29] (testset)   loss: 0.7707 -> 0.7701  accuracy: 90.50% -> 90.02%      
client [93] (testset)   loss: 0.5453 -> 0.5361  accuracy: 90.97% -> 91.61%      
client [73] (testset)   loss: 0.1321 -> 0.1318  accuracy: 99.13% -> 99.13%      
client [40] (testset)   loss: 0.9200 -> 0.8879  accuracy: 79.66% -> 79.66%      
client [76] (testset)   loss: 0.0001 -> 0.0001  accuracy: 100.00% -> 100.00%    
---------------------------- TRAINING EPOCH: 310 ----------------------------   
client [31] (testset)   loss: 0.8321 -> 0.8292  accuracy: 91.43% -> 91.43%      
client [89] (testset)   loss: 0.3038 -> 0.2601  accuracy: 96.08% -> 96.08%      
client [77] (testset)   loss: 0.8262 -> 0.8232  accuracy: 91.04% -> 90.56%      
client [90] (testset)   loss: 0.1766 -> 0.1972  accuracy: 93.83% -> 93.83%      
client [26] (testset)   loss: 0.0763 -> 0.0811  accuracy: 99.36% -> 99.36%      
client [50] (testset)   loss: 0.1849 -> 0.1621  accuracy: 95.24% -> 95.24%      
client [30] (testset)   loss: 0.0000 -> 0.0000  accuracy: 100.00% -> 100.00%    
client [70] (testset)   loss: 0.5579 -> 0.5511  accuracy: 94.10% -> 94.10%      
client [41] (testset)   loss: 0.7594 -> 0.7308  accuracy: 91.60% -> 92.07%      
client [99] (testset)   loss: 0.3924 -> 0.3802  accuracy: 95.48% -> 95.71%      
---------------------------- TRAINING EPOCH: 320 ----------------------------   
client [68] (testset)   loss: 0.0021 -> 0.0021  accuracy: 100.00% -> 100.00%    
client [70] (testset)   loss: 0.5458 -> 0.5448  accuracy: 93.92% -> 93.92%      
client [52] (testset)   loss: 0.1019 -> 0.1018  accuracy: 97.68% -> 97.68%      
client [1]  (testset)   loss: 0.1359 -> 0.1385  accuracy: 98.05% -> 98.05%      
client [2]  (testset)   loss: 0.0590 -> 0.0589  accuracy: 99.46% -> 99.46%      
client [67] (testset)   loss: 0.2289 -> 0.2205  accuracy: 95.26% -> 95.65%      
client [92] (testset)   loss: 0.6434 -> 0.6249  accuracy: 93.37% -> 93.37%      
client [35] (testset)   loss: 0.3371 -> 0.3335  accuracy: 97.12% -> 97.12%      
client [36] (testset)   loss: 7.4140 -> 7.4156  accuracy: 70.00% -> 70.00%      
client [64] (testset)   loss: 0.3730 -> 0.3419  accuracy: 91.85% -> 91.85%      
---------------------------- TRAINING EPOCH: 330 ----------------------------   
client [44] (testset)   loss: 0.1861 -> 0.1844  accuracy: 96.91% -> 96.91%      
client [6]  (testset)   loss: 0.1645 -> 0.1601  accuracy: 96.41% -> 96.41%      
client [12] (testset)   loss: 0.5512 -> 0.5499  accuracy: 90.91% -> 90.91%      
client [55] (testset)   loss: 0.5557 -> 0.5738  accuracy: 91.58% -> 91.84%      
client [29] (testset)   loss: 0.7800 -> 0.7831  accuracy: 90.02% -> 89.55%      
client [9]  (testset)   loss: 0.8103 -> 0.8196  accuracy: 92.20% -> 92.20%      
client [43] (testset)   loss: 0.3523 -> 0.3391  accuracy: 94.40% -> 94.40%      
client [77] (testset)   loss: 0.8141 -> 0.8184  accuracy: 90.80% -> 90.80%      
client [98] (testset)   loss: 0.5252 -> 0.5231  accuracy: 95.63% -> 95.63%      
client [78] (testset)   loss: 0.2801 -> 0.2786  accuracy: 96.58% -> 96.58%      
---------------------------- TRAINING EPOCH: 340 ----------------------------   
client [92] (testset)   loss: 0.6613 -> 0.6398  accuracy: 93.37% -> 92.82%      
client [80] (testset)   loss: 1.4942 -> 1.5061  accuracy: 89.86% -> 89.86%      
client [63] (testset)   loss: 0.5083 -> 0.4988  accuracy: 95.45% -> 95.45%      
client [76] (testset)   loss: 0.0001 -> 0.0001  accuracy: 100.00% -> 100.00%    
client [78] (testset)   loss: 0.2859 -> 0.2820  accuracy: 96.58% -> 96.58%      
client [25] (testset)   loss: 1.2676 -> 1.2775  accuracy: 95.00% -> 95.00%      
client [58] (testset)   loss: 0.4198 -> 0.4229  accuracy: 95.02% -> 94.64%      
client [13] (testset)   loss: 0.3552 -> 0.3514  accuracy: 95.50% -> 96.00%      
client [17] (testset)   loss: 0.2032 -> 0.2025  accuracy: 97.64% -> 97.64%      
client [38] (testset)   loss: 0.4281 -> 0.4273  accuracy: 97.24% -> 97.24%      
---------------------------- TRAINING EPOCH: 350 ----------------------------   
client [72] (testset)   loss: 0.7079 -> 0.7042  accuracy: 93.40% -> 93.40%      
client [82] (testset)   loss: 1.7059 -> 1.6973  accuracy: 89.47% -> 89.47%      
client [86] (testset)   loss: 0.5621 -> 0.5626  accuracy: 95.16% -> 95.16%      
client [51] (testset)   loss: 0.4054 -> 0.4098  accuracy: 96.96% -> 96.96%      
client [96] (testset)   loss: 0.0693 -> 0.0726  accuracy: 98.21% -> 98.21%      
client [42] (testset)   loss: 0.2755 -> 0.2712  accuracy: 96.32% -> 96.32%      
client [55] (testset)   loss: 0.5678 -> 0.5728  accuracy: 91.33% -> 91.58%      
client [13] (testset)   loss: 0.3575 -> 0.3546  accuracy: 95.50% -> 95.50%      
client [1]  (testset)   loss: 0.1372 -> 0.1385  accuracy: 98.33% -> 98.05%      
client [12] (testset)   loss: 0.6545 -> 0.6496  accuracy: 90.91% -> 90.91%      
---------------------------- TRAINING EPOCH: 360 ----------------------------   
client [68] (testset)   loss: 0.0019 -> 0.0018  accuracy: 100.00% -> 100.00%    
client [23] (testset)   loss: 0.4422 -> 0.4424  accuracy: 97.20% -> 97.20%      
client [46] (testset)   loss: 1.2064 -> 1.2082  accuracy: 89.47% -> 89.47%      
client [41] (testset)   loss: 0.7633 -> 0.7590  accuracy: 91.72% -> 91.72%      
client [25] (testset)   loss: 1.3276 -> 1.3213  accuracy: 95.00% -> 95.00%      
client [58] (testset)   loss: 0.4214 -> 0.4284  accuracy: 95.02% -> 94.64%      
client [14] (testset)   loss: 0.2089 -> 0.2105  accuracy: 98.21% -> 98.21%      
client [33] (testset)   loss: 0.1904 -> 0.1950  accuracy: 97.85% -> 97.85%      
client [85] (testset)   loss: 0.1455 -> 0.1447  accuracy: 93.75% -> 93.75%      
client [62] (testset)   loss: 0.5330 -> 0.5356  accuracy: 95.41% -> 95.20%      
---------------------------- TRAINING EPOCH: 370 ----------------------------   
client [98] (testset)   loss: 0.5366 -> 0.5368  accuracy: 96.03% -> 96.03%      
client [63] (testset)   loss: 0.5054 -> 0.5066  accuracy: 95.45% -> 95.45%      
client [70] (testset)   loss: 0.5783 -> 0.5704  accuracy: 94.10% -> 93.92%      
client [65] (testset)   loss: 0.1841 -> 0.1825  accuracy: 98.00% -> 98.13%      
client [14] (testset)   loss: 0.2041 -> 0.2058  accuracy: 97.62% -> 97.62%      
client [73] (testset)   loss: 0.1366 -> 0.1365  accuracy: 99.13% -> 99.13%      
client [34] (testset)   loss: 0.4243 -> 0.4343  accuracy: 95.45% -> 95.45%      
client [99] (testset)   loss: 0.3964 -> 0.3946  accuracy: 95.48% -> 95.48%      
client [69] (testset)   loss: 0.7240 -> 0.7139  accuracy: 92.05% -> 92.72%      
client [46] (testset)   loss: 1.1556 -> 1.1563  accuracy: 89.47% -> 89.47%      
---------------------------- TRAINING EPOCH: 380 ----------------------------   
client [99] (testset)   loss: 0.4006 -> 0.3977  accuracy: 95.71% -> 95.48%      
client [93] (testset)   loss: 0.5379 -> 0.5341  accuracy: 91.61% -> 92.26%      
client [11] (testset)   loss: 0.3070 -> 0.2964  accuracy: 96.10% -> 96.10%      
client [58] (testset)   loss: 0.4333 -> 0.4355  accuracy: 95.02% -> 94.64%      
client [81] (testset)   loss: 1.3808 -> 1.3776  accuracy: 87.10% -> 87.10%      
client [85] (testset)   loss: 0.1005 -> 0.1001  accuracy: 93.75% -> 93.75%      
client [89] (testset)   loss: 0.2852 -> 0.2877  accuracy: 96.57% -> 96.57%      
client [45] (testset)   loss: 0.2091 -> 0.2119  accuracy: 94.79% -> 94.79%      
client [8]  (testset)   loss: 0.0010 -> 0.0010  accuracy: 100.00% -> 100.00%    
client [68] (testset)   loss: 0.0011 -> 0.0011  accuracy: 100.00% -> 100.00%    
---------------------------- TRAINING EPOCH: 390 ----------------------------   
client [67] (testset)   loss: 0.2475 -> 0.2331  accuracy: 94.86% -> 95.65%      
client [72] (testset)   loss: 0.7247 -> 0.7189  accuracy: 93.40% -> 93.40%      
client [1]  (testset)   loss: 0.1589 -> 0.1566  accuracy: 98.33% -> 98.33%      
client [78] (testset)   loss: 0.2908 -> 0.2881  accuracy: 96.58% -> 96.58%      
client [83] (testset)   loss: 0.0002 -> 0.0002  accuracy: 100.00% -> 100.00%    
client [21] (testset)   loss: 0.5010 -> 0.4997  accuracy: 86.11% -> 86.11%      
client [56] (testset)   loss: 0.4684 -> 0.4557  accuracy: 94.78% -> 95.01%      
client [44] (testset)   loss: 0.2024 -> 0.1957  accuracy: 96.91% -> 96.91%      
client [92] (testset)   loss: 0.6433 -> 0.6375  accuracy: 92.82% -> 93.37%      
client [27] (testset)   loss: 0.6365 -> 0.6331  accuracy: 92.00% -> 92.00%      
---------------------------- TRAINING EPOCH: 400 ----------------------------   
client [10] (testset)   loss: 0.2371 -> 0.2372  accuracy: 95.61% -> 95.61%      
client [39] (testset)   loss: 0.3536 -> 0.3529  accuracy: 95.12% -> 95.12%      
client [65] (testset)   loss: 0.1926 -> 0.1878  accuracy: 98.00% -> 98.00%      
client [26] (testset)   loss: 0.0919 -> 0.0942  accuracy: 99.36% -> 99.36%      
client [19] (testset)   loss: 0.3909 -> 0.3837  accuracy: 94.06% -> 93.15%      
client [68] (testset)   loss: 0.0009 -> 0.0009  accuracy: 100.00% -> 100.00%    
client [41] (testset)   loss: 0.7531 -> 0.7653  accuracy: 91.72% -> 91.72%      
client [50] (testset)   loss: 0.2180 -> 0.1848  accuracy: 95.24% -> 95.24%      
client [75] (testset)   loss: 0.3352 -> 0.3341  accuracy: 93.06% -> 94.44%      
client [81] (testset)   loss: 1.3774 -> 1.3745  accuracy: 87.10% -> 87.10%      
PSFL's average time taken by each global epoch: 0 min 1.57 sec.                 
PSFL's total running time: 0 h 10 m 34 s.                                       
==================== PSFL Experiment Results: ====================              
Display format: (before local fine-tuning) -> (after local fine-tuning)         
 So if finetune_epoch = 0, x.xx% -> 0.00% is normal.                            
 Centralized testing ONLY happens after model aggregation, so the stats between 
'->' are the same.                                                              
{                                                                               
    "100": {                                                                    
        "all_clients": {                                                        
            "test": {                                                           
                "loss": "0.2646 -> 0.0000",                                     
                "accuracy": "94.85% -> 0.00%"                                   
            }                                                                   
        }                                                                       
    },                                                                          
    "200": {                                                                    
        "all_clients": {                                                        
            "test": {                                                           
                "loss": "0.3402 -> 0.0000",                                     
                "accuracy": "95.36% -> 0.00%"                                   
            }                                                                   
        }                                                                       
    },                                                                          
    "300": {                                                                    
        "all_clients": {                                                        
            "test": {                                                           
                "loss": "0.3884 -> 0.0000",                                     
                "accuracy": "95.30% -> 0.00%"                                   
            }                                                                   
        }                                                                       
    },                                                                          
    "400": {                                                                    
        "all_clients": {                                                        
            "test": {                                                           
                "loss": "0.4114 -> 0.0000",                                     
                "accuracy": "95.26% -> 0.00%"                                   
            }                                                                   
        }                                                                       
    }                                                                           
}                                                                               
==================== PSFL Max Accuracy ====================                     
all_clients:                                                                    
(test) before fine-tuning: 95.36% at epoch 200                                  
(test) after fine-tuning: 0.00% at epoch 100                                    
