==================== SFL ====================                                   
Experiment Arguments:                                                           
{
│   'method': 'sfl',
│   'dataset': {
│   │   'name': 'medmnistC',
│   │   'client_num': 100,
│   │   'test_ratio': 0.25,
│   │   'val_ratio': 0.0,
│   │   'seed': 42,
│   │   'split': 'sample',
│   │   'IID_ratio': 0.0,
│   │   'monitor_window_name_suffix': 'medmnistC-100clients-0%IID-Dir(0.5)-seed42',
│   │   'alpha': 0.5,
│   │   'min_samples_per_client': 10
│   },
│   'model': {
│   │   'name': 'lenet5',
│   │   'use_torchvision_pretrained_weights': True,
│   │   'external_model_weights_path': None
│   },
│   'optimizer': {
│   │   'lr': 0.01,
│   │   'dampening': 0,
│   │   'weight_decay': 0,
│   │   'momentum': 0,
│   │   'nesterov': False,
│   │   'name': 'sgd'
│   },
│   'mode': 'sequential',
│   'parallel': {
│   │   'ray_cluster_addr': None,
│   │   'num_cpus': None,
│   │   'num_gpus': None,
│   │   'num_workers': 2
│   },
│   'common': {
│   │   'seed': 42,
│   │   'join_ratio': 0.1,
│   │   'global_epoch': 400,
│   │   'local_epoch': 5,
│   │   'batch_size': 32,
│   │   'reset_optimizer_on_global_epoch': True,
│   │   'straggler_ratio': 0,
│   │   'straggler_min_local_epoch': 0,
│   │   'buffers': 'global',
│   │   'client_side_evaluation': True,
│   │   'test': {
│   │   │   'client': {
│   │   │   │   'interval': 100,
│   │   │   │   'finetune_epoch': 0,
│   │   │   │   'train': False,
│   │   │   │   'val': False,
│   │   │   │   'test': True
│   │   │   },
│   │   │   'server': {
│   │   │   │   'interval': -1,
│   │   │   │   'train': False,
│   │   │   │   'val': False,
│   │   │   │   'test': False,
│   │   │   │   'model_in_train_mode': False
│   │   │   }
│   │   },
│   │   'verbose_gap': 10,
│   │   'monitor': None,
│   │   'use_cuda': True,
│   │   'save_log': True,
│   │   'save_model': False,
│   │   'save_learning_curve_plot': False,
│   │   'save_metrics': True,
│   │   'delete_useless_run': True
│   }
}
---------------------------- TRAINING EPOCH: 10 ----------------------------    
client [77] (testset)   loss: 2.8831 -> 2.3849  accuracy: 0.00% -> 19.57%       
client [81] (testset)   loss: 2.4670 -> 2.4053  accuracy: 8.33% -> 8.33%        
client [21] (testset)   loss: 2.3280 -> 1.3440  accuracy: 0.00% -> 58.02%       
client [68] (testset)   loss: 2.8714 -> 2.0279  accuracy: 14.63% -> 17.07%      
client [93] (testset)   loss: 2.6137 -> 2.1528  accuracy: 35.29% -> 35.29%      
client [31] (testset)   loss: 2.6364 -> 2.1411  accuracy: 6.00% -> 40.00%       
client [20] (testset)   loss: 2.0383 -> 1.3502  accuracy: 15.15% -> 61.62%      
client [59] (testset)   loss: 1.9065 -> 1.8029  accuracy: 43.55% -> 43.55%      
client [48] (testset)   loss: 1.5675 -> 1.1721  accuracy: 61.22% -> 61.22%      
client [34] (testset)   loss: 3.9777 -> 2.4060  accuracy: 0.00% -> 0.00%        
---------------------------- TRAINING EPOCH: 20 ----------------------------    
client [69] (testset)   loss: 2.9257 -> 1.8499  accuracy: 33.33% -> 33.33%      
client [99] (testset)   loss: 2.5290 -> 2.0686  accuracy: 18.18% -> 18.18%      
client [67] (testset)   loss: 2.3935 -> 1.5749  accuracy: 0.00% -> 41.18%       
client [0]  (testset)   loss: 3.1921 -> 1.5984  accuracy: 1.23% -> 34.57%       
client [76] (testset)   loss: 2.5028 -> 1.8460  accuracy: 16.07% -> 25.00%      
client [41] (testset)   loss: 2.7584 -> 1.6721  accuracy: 0.00% -> 33.33%       
client [62] (testset)   loss: 2.2311 -> 1.5223  accuracy: 0.00% -> 56.72%       
client [2]  (testset)   loss: 2.6332 -> 1.4718  accuracy: 0.00% -> 58.14%       
client [14] (testset)   loss: 3.8326 -> 2.2787  accuracy: 15.79% -> 15.79%      
client [46] (testset)   loss: 2.2441 -> 1.7060  accuracy: 42.02% -> 42.02%      
---------------------------- TRAINING EPOCH: 30 ----------------------------    
client [24] (testset)   loss: 2.4318 -> 2.3425  accuracy: 1.96% -> 1.96%        
client [68] (testset)   loss: 2.5203 -> 2.4778  accuracy: 17.07% -> 17.07%      
client [57] (testset)   loss: 2.3578 -> 2.2128  accuracy: 7.27% -> 7.27%        
client [17] (testset)   loss: 2.2810 -> 1.8726  accuracy: 0.00% -> 56.32%       
client [54] (testset)   loss: 2.6274 -> 2.3758  accuracy: 1.75% -> 1.75%        
client [23] (testset)   loss: 2.5093 -> 2.1863  accuracy: 7.69% -> 25.00%       
client [35] (testset)   loss: 2.3361 -> 2.1840  accuracy: 12.20% -> 31.71%      
client [59] (testset)   loss: 2.6833 -> 2.1015  accuracy: 4.84% -> 43.55%       
client [31] (testset)   loss: 2.4343 -> 2.1877  accuracy: 6.00% -> 40.00%       
client [9]  (testset)   loss: 2.4862 -> 2.3745  accuracy: 9.52% -> 9.52%        
---------------------------- TRAINING EPOCH: 40 ----------------------------    
client [64] (testset)   loss: 2.4719 -> 2.2507  accuracy: 17.24% -> 17.24%      
client [33] (testset)   loss: 2.4045 -> 2.3350  accuracy: 11.25% -> 11.25%      
client [16] (testset)   loss: 2.2425 -> 1.9637  accuracy: 35.38% -> 35.38%      
client [44] (testset)   loss: 2.9247 -> 1.5231  accuracy: 20.51% -> 58.97%      
client [8]  (testset)   loss: 4.0199 -> 2.1017  accuracy: 1.25% -> 31.25%       
client [31] (testset)   loss: 2.4337 -> 2.1930  accuracy: 6.00% -> 6.00%        
client [47] (testset)   loss: 2.1530 -> 2.0677  accuracy: 44.44% -> 44.44%      
client [36] (testset)   loss: 1.8505 -> 1.3060  accuracy: 66.67% -> 66.67%      
client [20] (testset)   loss: 1.4587 -> 1.3612  accuracy: 61.62% -> 61.62%      
client [56] (testset)   loss: 3.6074 -> 1.6418  accuracy: 0.00% -> 38.00%       
---------------------------- TRAINING EPOCH: 50 ----------------------------    
client [4]  (testset)   loss: 2.2335 -> 1.5953  accuracy: 28.41% -> 30.68%      
client [60] (testset)   loss: 2.9573 -> 2.3898  accuracy: 8.11% -> 24.32%       
client [28] (testset)   loss: 3.1732 -> 2.5102  accuracy: 0.00% -> 0.00%        
client [25] (testset)   loss: 2.2757 -> 1.8641  accuracy: 2.27% -> 31.82%       
client [58] (testset)   loss: 2.5988 -> 2.1821  accuracy: 7.14% -> 25.00%       
client [44] (testset)   loss: 2.6894 -> 1.4469  accuracy: 5.98% -> 58.97%       
client [39] (testset)   loss: 3.3940 -> 1.8934  accuracy: 0.00% -> 43.00%       
client [29] (testset)   loss: 2.7327 -> 1.8593  accuracy: 2.33% -> 34.88%       
client [3]  (testset)   loss: 2.3946 -> 1.6509  accuracy: 2.96% -> 51.11%       
client [84] (testset)   loss: 3.7614 -> 2.3002  accuracy: 3.23% -> 3.23%        
---------------------------- TRAINING EPOCH: 60 ----------------------------    
client [21] (testset)   loss: 3.2497 -> 1.2966  accuracy: 2.47% -> 58.02%       
client [84] (testset)   loss: 4.3379 -> 2.3346  accuracy: 3.23% -> 3.23%        
client [10] (testset)   loss: 2.4338 -> 2.3683  accuracy: 0.00% -> 0.00%        
client [36] (testset)   loss: 2.1023 -> 2.0064  accuracy: 66.67% -> 66.67%      
client [65] (testset)   loss: 2.3133 -> 2.2187  accuracy: 40.58% -> 40.58%      
client [81] (testset)   loss: 2.3179 -> 2.3066  accuracy: 18.75% -> 18.75%      
client [79] (testset)   loss: 2.2453 -> 1.9617  accuracy: 37.04% -> 37.04%      
client [42] (testset)   loss: 3.0519 -> 2.4384  accuracy: 0.00% -> 0.00%        
client [11] (testset)   loss: 2.3984 -> 2.3896  accuracy: 15.62% -> 15.62%      
client [96] (testset)   loss: 1.8054 -> 0.8849  accuracy: 80.65% -> 80.65%      
---------------------------- TRAINING EPOCH: 70 ----------------------------    
client [8]  (testset)   loss: 2.3406 -> 2.0886  accuracy: 31.25% -> 31.25%      
client [53] (testset)   loss: 2.5275 -> 1.9734  accuracy: 0.00% -> 18.67%       
client [52] (testset)   loss: 2.9090 -> 2.0337  accuracy: 1.41% -> 23.94%       
client [42] (testset)   loss: 3.1892 -> 2.2211  accuracy: 8.62% -> 22.41%       
client [69] (testset)   loss: 2.7017 -> 2.2101  accuracy: 0.00% -> 33.33%       
client [59] (testset)   loss: 2.1901 -> 2.1134  accuracy: 43.55% -> 43.55%      
client [7]  (testset)   loss: 2.2326 -> 2.1290  accuracy: 25.00% -> 25.00%      
client [26] (testset)   loss: 2.1053 -> 1.8403  accuracy: 44.00% -> 44.00%      
client [49] (testset)   loss: 1.9996 -> 1.8556  accuracy: 50.55% -> 50.55%      
client [98] (testset)   loss: 2.8891 -> 1.8438  accuracy: 0.00% -> 64.00%       
---------------------------- TRAINING EPOCH: 80 ----------------------------    
client [98] (testset)   loss: 2.3861 -> 2.2804  accuracy: 0.00% -> 0.00%        
client [47] (testset)   loss: 2.1502 -> 2.1279  accuracy: 44.44% -> 44.44%      
client [21] (testset)   loss: 2.2901 -> 2.0845  accuracy: 23.46% -> 23.46%      
client [77] (testset)   loss: 2.6802 -> 2.5960  accuracy: 0.00% -> 0.00%        
client [95] (testset)   loss: 2.2519 -> 1.9347  accuracy: 32.71% -> 32.71%      
client [91] (testset)   loss: 2.8264 -> 2.1046  accuracy: 1.49% -> 1.49%        
client [14] (testset)   loss: 2.3211 -> 2.1956  accuracy: 15.79% -> 15.79%      
client [99] (testset)   loss: 2.6070 -> 2.3653  accuracy: 18.18% -> 18.18%      
client [20] (testset)   loss: 1.9395 -> 1.3528  accuracy: 61.62% -> 61.62%      
client [39] (testset)   loss: 2.9066 -> 1.9417  accuracy: 18.00% -> 43.00%      
---------------------------- TRAINING EPOCH: 90 ----------------------------    
client [52] (testset)   loss: 2.4994 -> 2.0058  accuracy: 9.86% -> 30.99%       
client [62] (testset)   loss: 3.4385 -> 1.7155  accuracy: 1.49% -> 56.72%       
client [71] (testset)   loss: 3.2477 -> 1.7380  accuracy: 0.00% -> 64.58%       
client [97] (testset)   loss: 2.7716 -> 2.2777  accuracy: 0.00% -> 0.00%        
client [30] (testset)   loss: 2.8142 -> 2.2012  accuracy: 0.00% -> 9.09%        
client [88] (testset)   loss: 2.5216 -> 1.8669  accuracy: 3.45% -> 31.03%       
client [60] (testset)   loss: 2.4829 -> 2.3219  accuracy: 8.11% -> 24.32%       
client [82] (testset)   loss: 2.2116 -> 1.7266  accuracy: 11.86% -> 47.46%      
client [91] (testset)   loss: 1.4473 -> 1.4050  accuracy: 62.69% -> 62.69%      
client [57] (testset)   loss: 3.4391 -> 1.7514  accuracy: 1.82% -> 47.27%       
---------------------------- TRAINING EPOCH: 100 ----------------------------   
client [31] (testset)   loss: 2.2718 -> 1.8324  accuracy: 6.00% -> 40.00%       
client [15] (testset)   loss: 2.4433 -> 1.7678  accuracy: 15.38% -> 15.38%      
client [71] (testset)   loss: 2.9881 -> 1.3782  accuracy: 0.00% -> 64.58%       
client [97] (testset)   loss: 3.3789 -> 2.1853  accuracy: 0.00% -> 0.00%        
client [53] (testset)   loss: 2.4754 -> 1.8137  accuracy: 6.67% -> 36.00%       
client [77] (testset)   loss: 3.5775 -> 1.8474  accuracy: 0.00% -> 19.57%       
client [76] (testset)   loss: 2.5803 -> 1.8772  accuracy: 33.93% -> 25.00%      
client [79] (testset)   loss: 2.8514 -> 1.8603  accuracy: 9.63% -> 37.04%       
client [28] (testset)   loss: 3.2451 -> 2.1660  accuracy: 0.00% -> 0.00%        
client [99] (testset)   loss: 2.5336 -> 2.2100  accuracy: 18.18% -> 18.18%      
---------------------------- TRAINING EPOCH: 110 ----------------------------   
client [97] (testset)   loss: 3.5853 -> 2.4235  accuracy: 0.00% -> 0.00%        
client [86] (testset)   loss: 1.7692 -> 0.9672  accuracy: 80.95% -> 80.95%      
client [34] (testset)   loss: 3.9332 -> 2.4762  accuracy: 0.00% -> 0.00%        
client [73] (testset)   loss: 2.3558 -> 2.2635  accuracy: 8.00% -> 8.00%        
client [5]  (testset)   loss: 2.1742 -> 1.9994  accuracy: 32.43% -> 32.43%      
client [96] (testset)   loss: 1.5380 -> 0.9023  accuracy: 80.65% -> 80.65%      
client [22] (testset)   loss: 4.3712 -> 2.4126  accuracy: 6.25% -> 6.25%        
client [60] (testset)   loss: 2.5070 -> 2.3506  accuracy: 8.11% -> 8.11%        
client [66] (testset)   loss: 2.5797 -> 2.3236  accuracy: 0.00% -> 0.00%        
client [83] (testset)   loss: 2.4809 -> 1.5888  accuracy: 20.48% -> 51.81%      
---------------------------- TRAINING EPOCH: 120 ----------------------------   
client [76] (testset)   loss: 2.4244 -> 2.3494  accuracy: 0.00% -> 0.00%        
client [65] (testset)   loss: 2.3046 -> 2.2243  accuracy: 40.58% -> 40.58%      
client [95] (testset)   loss: 2.1819 -> 2.0588  accuracy: 32.71% -> 32.71%      
client [17] (testset)   loss: 2.5066 -> 1.8661  accuracy: 0.00% -> 56.32%       
client [8]  (testset)   loss: 2.2512 -> 1.9612  accuracy: 21.25% -> 31.25%      
client [35] (testset)   loss: 2.7426 -> 2.3020  accuracy: 4.88% -> 4.88%        
client [98] (testset)   loss: 2.2834 -> 1.3842  accuracy: 0.00% -> 64.00%       
client [53] (testset)   loss: 2.8842 -> 1.8081  accuracy: 0.00% -> 36.00%       
client [43] (testset)   loss: 3.1201 -> 2.0072  accuracy: 20.00% -> 23.33%      
client [64] (testset)   loss: 3.4283 -> 1.8941  accuracy: 0.00% -> 39.66%       
---------------------------- TRAINING EPOCH: 130 ----------------------------   
client [21] (testset)   loss: 2.7083 -> 1.3458  accuracy: 7.41% -> 58.02%       
client [88] (testset)   loss: 2.7818 -> 1.8425  accuracy: 20.69% -> 31.03%      
client [38] (testset)   loss: 2.9259 -> 2.0171  accuracy: 4.55% -> 36.36%       
client [3]  (testset)   loss: 2.1181 -> 1.6056  accuracy: 51.11% -> 51.11%      
client [5]  (testset)   loss: 2.6914 -> 2.0487  accuracy: 32.43% -> 32.43%      
client [41] (testset)   loss: 2.5377 -> 2.0521  accuracy: 0.00% -> 33.33%       
client [7]  (testset)   loss: 2.0800 -> 1.8026  accuracy: 0.00% -> 39.29%       
client [37] (testset)   loss: 2.7875 -> 1.5555  accuracy: 0.00% -> 46.81%       
client [45] (testset)   loss: 3.2845 -> 1.9211  accuracy: 15.49% -> 33.80%      
client [47] (testset)   loss: 1.7393 -> 1.7674  accuracy: 44.44% -> 44.44%      
---------------------------- TRAINING EPOCH: 140 ----------------------------   
client [16] (testset)   loss: 2.1785 -> 2.0998  accuracy: 35.38% -> 35.38%      
client [11] (testset)   loss: 2.4396 -> 2.4240  accuracy: 15.62% -> 15.62%      
client [37] (testset)   loss: 2.3250 -> 1.9946  accuracy: 22.70% -> 22.70%      
client [41] (testset)   loss: 2.3777 -> 2.2424  accuracy: 0.00% -> 33.33%       
client [95] (testset)   loss: 2.3022 -> 2.1339  accuracy: 3.74% -> 32.71%       
client [53] (testset)   loss: 2.4378 -> 2.3129  accuracy: 0.00% -> 0.00%        
client [22] (testset)   loss: 2.6883 -> 2.5977  accuracy: 6.25% -> 6.25%        
client [25] (testset)   loss: 2.1701 -> 2.1272  accuracy: 9.09% -> 27.27%       
client [69] (testset)   loss: 2.1860 -> 2.1300  accuracy: 12.82% -> 33.33%      
client [46] (testset)   loss: 2.0995 -> 1.9598  accuracy: 42.02% -> 42.02%      
---------------------------- TRAINING EPOCH: 150 ----------------------------   
client [47] (testset)   loss: 2.0296 -> 1.9773  accuracy: 44.44% -> 44.44%      
client [69] (testset)   loss: 2.0614 -> 1.9676  accuracy: 33.33% -> 33.33%      
client [82] (testset)   loss: 2.7383 -> 2.3001  accuracy: 1.69% -> 1.69%        
client [45] (testset)   loss: 2.2285 -> 1.9699  accuracy: 33.80% -> 33.80%      
client [7]  (testset)   loss: 2.7183 -> 2.1260  accuracy: 25.00% -> 25.00%      
client [50] (testset)   loss: 2.2671 -> 2.0432  accuracy: 21.11% -> 21.11%      
client [35] (testset)   loss: 2.7032 -> 2.2886  accuracy: 4.88% -> 31.71%       
client [24] (testset)   loss: 2.3503 -> 1.8889  accuracy: 37.25% -> 37.25%      
client [15] (testset)   loss: 3.1130 -> 2.1377  accuracy: 0.00% -> 15.38%       
client [58] (testset)   loss: 2.7668 -> 2.3659  accuracy: 8.93% -> 7.14%        
---------------------------- TRAINING EPOCH: 160 ----------------------------   
client [48] (testset)   loss: 4.0207 -> 1.8001  accuracy: 0.00% -> 61.22%       
client [76] (testset)   loss: 2.5901 -> 2.4873  accuracy: 0.00% -> 0.00%        
client [67] (testset)   loss: 2.3039 -> 1.9917  accuracy: 0.00% -> 41.18%       
client [37] (testset)   loss: 2.3463 -> 1.5771  accuracy: 0.00% -> 46.81%       
client [58] (testset)   loss: 2.8548 -> 2.1358  accuracy: 17.86% -> 25.00%      
client [64] (testset)   loss: 2.5367 -> 2.0028  accuracy: 0.00% -> 39.66%       
client [77] (testset)   loss: 2.8087 -> 1.7057  accuracy: 0.00% -> 19.57%       
client [55] (testset)   loss: 2.8138 -> 2.2639  accuracy: 8.70% -> 13.04%       
client [12] (testset)   loss: 2.7077 -> 2.3674  accuracy: 5.66% -> 15.09%       
client [89] (testset)   loss: 2.6134 -> 2.1994  accuracy: 0.00% -> 28.12%       
---------------------------- TRAINING EPOCH: 170 ----------------------------   
client [84] (testset)   loss: 2.3753 -> 2.2225  accuracy: 1.61% -> 46.77%       
client [51] (testset)   loss: 2.4490 -> 2.2727  accuracy: 0.00% -> 0.00%        
client [8]  (testset)   loss: 2.2952 -> 2.2021  accuracy: 21.25% -> 31.25%      
client [18] (testset)   loss: 2.3072 -> 2.2672  accuracy: 11.11% -> 11.11%      
client [94] (testset)   loss: 2.6992 -> 2.3126  accuracy: 4.35% -> 4.35%        
client [81] (testset)   loss: 2.3318 -> 2.3169  accuracy: 18.75% -> 18.75%      
client [3]  (testset)   loss: 2.1972 -> 1.8540  accuracy: 51.11% -> 51.11%      
client [11] (testset)   loss: 2.4840 -> 2.4525  accuracy: 15.62% -> 15.62%      
client [95] (testset)   loss: 2.0018 -> 1.6864  accuracy: 32.71% -> 32.71%      
client [67] (testset)   loss: 3.2184 -> 1.9383  accuracy: 0.00% -> 23.53%       
---------------------------- TRAINING EPOCH: 180 ----------------------------   
client [21] (testset)   loss: 1.9185 -> 1.4125  accuracy: 58.02% -> 58.02%      
client [79] (testset)   loss: 2.8031 -> 1.8274  accuracy: 2.96% -> 37.04%       
client [58] (testset)   loss: 2.9165 -> 2.1074  accuracy: 14.29% -> 25.00%      
client [88] (testset)   loss: 2.7743 -> 1.7946  accuracy: 0.00% -> 31.03%       
client [46] (testset)   loss: 3.5962 -> 1.7020  accuracy: 0.84% -> 42.02%       
client [11] (testset)   loss: 3.0076 -> 2.3317  accuracy: 15.62% -> 15.62%      
client [55] (testset)   loss: 2.5325 -> 2.3398  accuracy: 4.35% -> 13.04%       
client [13] (testset)   loss: 2.2904 -> 2.1074  accuracy: 25.00% -> 21.88%      
client [31] (testset)   loss: 2.2700 -> 1.7442  accuracy: 8.00% -> 40.00%       
client [75] (testset)   loss: 3.5213 -> 2.1000  accuracy: 0.00% -> 47.83%       
---------------------------- TRAINING EPOCH: 190 ----------------------------   
client [19] (testset)   loss: 2.3804 -> 2.1962  accuracy: 9.76% -> 9.76%        
client [7]  (testset)   loss: 2.1846 -> 2.0734  accuracy: 0.00% -> 25.00%       
client [57] (testset)   loss: 2.0907 -> 1.9511  accuracy: 7.27% -> 47.27%       
client [13] (testset)   loss: 2.5159 -> 2.4182  accuracy: 18.75% -> 18.75%      
client [43] (testset)   loss: 2.6542 -> 2.4280  accuracy: 1.67% -> 1.67%        
client [91] (testset)   loss: 2.6029 -> 1.4282  accuracy: 2.99% -> 62.69%       
client [10] (testset)   loss: 2.9875 -> 2.0448  accuracy: 0.00% -> 34.00%       
client [64] (testset)   loss: 2.9446 -> 1.8748  accuracy: 0.00% -> 39.66%       
client [82] (testset)   loss: 3.3306 -> 1.7253  accuracy: 10.17% -> 47.46%      
client [22] (testset)   loss: 3.1456 -> 1.8992  accuracy: 2.08% -> 29.17%       
---------------------------- TRAINING EPOCH: 200 ----------------------------   
client [20] (testset)   loss: 1.6119 -> 1.3528  accuracy: 61.62% -> 61.62%      
client [23] (testset)   loss: 4.1205 -> 2.4307  accuracy: 0.00% -> 0.00%        
client [88] (testset)   loss: 2.4169 -> 1.9779  accuracy: 1.72% -> 31.03%       
client [98] (testset)   loss: 2.5670 -> 1.4734  accuracy: 12.00% -> 64.00%      
client [79] (testset)   loss: 2.7760 -> 1.8145  accuracy: 14.07% -> 37.04%      
client [21] (testset)   loss: 3.5016 -> 1.3517  accuracy: 23.46% -> 58.02%      
client [92] (testset)   loss: 2.8082 -> 1.9129  accuracy: 0.00% -> 46.67%       
client [56] (testset)   loss: 2.9978 -> 1.6402  accuracy: 0.00% -> 38.00%       
client [5]  (testset)   loss: 3.3698 -> 2.1661  accuracy: 24.32% -> 32.43%      
client [52] (testset)   loss: 2.5593 -> 2.0547  accuracy: 9.86% -> 23.94%       
---------------------------- TRAINING EPOCH: 210 ----------------------------   
client [67] (testset)   loss: 2.3476 -> 2.1731  accuracy: 0.00% -> 0.00%        
client [54] (testset)   loss: 2.4342 -> 2.3780  accuracy: 14.04% -> 14.04%      
client [14] (testset)   loss: 2.4145 -> 2.3474  accuracy: 15.79% -> 15.79%      
client [99] (testset)   loss: 2.3265 -> 2.2677  accuracy: 18.18% -> 18.18%      
client [36] (testset)   loss: 1.9906 -> 1.8417  accuracy: 66.67% -> 66.67%      
client [30] (testset)   loss: 2.6854 -> 2.5698  accuracy: 0.00% -> 0.00%        
client [38] (testset)   loss: 2.3362 -> 2.2614  accuracy: 36.36% -> 36.36%      
client [15] (testset)   loss: 2.3344 -> 2.2883  accuracy: 0.00% -> 0.00%        
client [6]  (testset)   loss: 2.4482 -> 2.2461  accuracy: 3.12% -> 3.12%        
client [53] (testset)   loss: 2.4427 -> 2.3094  accuracy: 0.00% -> 18.67%       
---------------------------- TRAINING EPOCH: 220 ----------------------------   
client [99] (testset)   loss: 2.6221 -> 2.5209  accuracy: 18.18% -> 18.18%      
client [6]  (testset)   loss: 2.4360 -> 2.2062  accuracy: 3.12% -> 3.12%        
client [83] (testset)   loss: 2.2758 -> 1.9856  accuracy: 20.48% -> 20.48%      
client [42] (testset)   loss: 2.5342 -> 2.3853  accuracy: 0.00% -> 0.00%        
client [34] (testset)   loss: 2.3042 -> 2.2756  accuracy: 0.00% -> 0.00%        
client [15] (testset)   loss: 2.6213 -> 2.5520  accuracy: 0.00% -> 0.00%        
client [47] (testset)   loss: 2.0608 -> 2.0225  accuracy: 44.44% -> 44.44%      
client [55] (testset)   loss: 2.7465 -> 2.6572  accuracy: 4.35% -> 4.35%        
client [51] (testset)   loss: 2.2187 -> 2.0533  accuracy: 5.13% -> 64.10%       
client [95] (testset)   loss: 2.2186 -> 1.9871  accuracy: 3.74% -> 32.71%       
---------------------------- TRAINING EPOCH: 230 ----------------------------   
client [71] (testset)   loss: 2.4067 -> 2.0651  accuracy: 4.17% -> 4.17%        
client [15] (testset)   loss: 2.7813 -> 2.7010  accuracy: 0.00% -> 0.00%        
client [33] (testset)   loss: 2.5245 -> 2.4312  accuracy: 11.25% -> 11.25%      
client [99] (testset)   loss: 2.6194 -> 2.5185  accuracy: 18.18% -> 18.18%      
client [90] (testset)   loss: 1.7800 -> 1.0963  accuracy: 79.11% -> 79.11%      
client [57] (testset)   loss: 2.9740 -> 2.3326  accuracy: 7.27% -> 7.27%        
client [27] (testset)   loss: 2.6105 -> 2.4854  accuracy: 13.16% -> 13.16%      
client [78] (testset)   loss: 1.9861 -> 1.9366  accuracy: 45.00% -> 45.00%      
client [36] (testset)   loss: 1.6010 -> 1.5083  accuracy: 66.67% -> 66.67%      
client [88] (testset)   loss: 2.8247 -> 2.5408  accuracy: 1.72% -> 1.72%        
---------------------------- TRAINING EPOCH: 240 ----------------------------   
client [70] (testset)   loss: 2.3437 -> 2.1001  accuracy: 12.12% -> 12.12%      
client [35] (testset)   loss: 2.5286 -> 2.4636  accuracy: 4.88% -> 4.88%        
client [16] (testset)   loss: 2.1744 -> 2.0910  accuracy: 35.38% -> 35.38%      
client [80] (testset)   loss: 2.0146 -> 1.8024  accuracy: 3.03% -> 72.73%       
client [38] (testset)   loss: 2.4038 -> 2.3166  accuracy: 0.00% -> 36.36%       
client [78] (testset)   loss: 2.1859 -> 2.0975  accuracy: 45.00% -> 45.00%      
client [68] (testset)   loss: 2.5500 -> 2.5022  accuracy: 17.07% -> 17.07%      
client [11] (testset)   loss: 2.4630 -> 2.4400  accuracy: 15.62% -> 15.62%      
client [64] (testset)   loss: 2.0847 -> 2.0310  accuracy: 17.24% -> 17.24%      
client [82] (testset)   loss: 2.6298 -> 2.3983  accuracy: 1.69% -> 1.69%        
---------------------------- TRAINING EPOCH: 250 ----------------------------   
client [30] (testset)   loss: 2.3901 -> 2.3124  accuracy: 0.00% -> 0.00%        
client [27] (testset)   loss: 2.4682 -> 2.3967  accuracy: 13.16% -> 13.16%      
client [74] (testset)   loss: 2.7221 -> 2.5622  accuracy: 1.41% -> 1.41%        
client [45] (testset)   loss: 2.2379 -> 2.1614  accuracy: 33.80% -> 33.80%      
client [6]  (testset)   loss: 2.3156 -> 2.1653  accuracy: 3.12% -> 45.31%       
client [36] (testset)   loss: 2.0428 -> 1.8901  accuracy: 6.06% -> 66.67%       
client [63] (testset)   loss: 2.1146 -> 2.0641  accuracy: 40.48% -> 40.48%      
client [76] (testset)   loss: 2.6846 -> 2.5305  accuracy: 0.00% -> 0.00%        
client [83] (testset)   loss: 2.2944 -> 2.0308  accuracy: 20.48% -> 20.48%      
client [86] (testset)   loss: 1.7820 -> 1.5407  accuracy: 80.95% -> 80.95%      
---------------------------- TRAINING EPOCH: 260 ----------------------------   
client [83] (testset)   loss: 2.3467 -> 2.0727  accuracy: 20.48% -> 20.48%      
client [99] (testset)   loss: 2.5481 -> 2.4712  accuracy: 18.18% -> 18.18%      
client [74] (testset)   loss: 2.7251 -> 2.5575  accuracy: 1.41% -> 1.41%        
client [73] (testset)   loss: 2.5214 -> 2.4016  accuracy: 8.00% -> 8.00%        
client [29] (testset)   loss: 2.2971 -> 2.2213  accuracy: 20.93% -> 20.93%      
client [92] (testset)   loss: 2.1760 -> 2.1017  accuracy: 46.67% -> 46.67%      
client [6]  (testset)   loss: 2.3986 -> 2.2288  accuracy: 3.12% -> 3.12%        
client [61] (testset)   loss: 2.3436 -> 2.2958  accuracy: 0.00% -> 0.00%        
client [21] (testset)   loss: 2.0325 -> 1.8028  accuracy: 23.46% -> 58.02%      
client [67] (testset)   loss: 2.4424 -> 2.2600  accuracy: 22.06% -> 22.06%      
---------------------------- TRAINING EPOCH: 270 ----------------------------   
client [83] (testset)   loss: 2.1690 -> 1.9246  accuracy: 20.48% -> 20.48%      
client [32] (testset)   loss: 2.4924 -> 2.4029  accuracy: 0.00% -> 31.43%       
client [95] (testset)   loss: 2.0241 -> 1.8637  accuracy: 33.64% -> 32.71%      
client [61] (testset)   loss: 2.4157 -> 2.3396  accuracy: 0.00% -> 16.22%       
client [27] (testset)   loss: 2.5704 -> 2.4552  accuracy: 0.00% -> 13.16%       
client [25] (testset)   loss: 2.2038 -> 2.1428  accuracy: 9.09% -> 9.09%        
client [68] (testset)   loss: 2.6209 -> 2.5611  accuracy: 17.07% -> 17.07%      
client [34] (testset)   loss: 2.3319 -> 2.2975  accuracy: 0.00% -> 0.00%        
client [71] (testset)   loss: 2.2229 -> 1.9299  accuracy: 4.17% -> 64.58%       
client [89] (testset)   loss: 2.7788 -> 2.6263  accuracy: 6.25% -> 6.25%        
---------------------------- TRAINING EPOCH: 280 ----------------------------   
client [78] (testset)   loss: 2.1247 -> 2.0545  accuracy: 45.00% -> 45.00%      
client [81] (testset)   loss: 2.4389 -> 2.4111  accuracy: 18.75% -> 18.75%      
client [51] (testset)   loss: 2.2398 -> 2.0809  accuracy: 5.13% -> 5.13%        
client [54] (testset)   loss: 2.4717 -> 2.3982  accuracy: 14.04% -> 14.04%      
client [65] (testset)   loss: 2.2324 -> 2.1449  accuracy: 40.58% -> 40.58%      
client [41] (testset)   loss: 2.4936 -> 2.3013  accuracy: 0.00% -> 0.00%        
client [11] (testset)   loss: 2.3427 -> 2.3284  accuracy: 15.62% -> 15.62%      
client [85] (testset)   loss: 2.5260 -> 2.4399  accuracy: 12.77% -> 12.77%      
client [12] (testset)   loss: 2.4878 -> 2.4442  accuracy: 16.98% -> 16.98%      
client [23] (testset)   loss: 2.4124 -> 2.3624  accuracy: 0.00% -> 25.00%       
---------------------------- TRAINING EPOCH: 290 ----------------------------   
client [16] (testset)   loss: 2.1483 -> 2.0687  accuracy: 35.38% -> 35.38%      
client [65] (testset)   loss: 2.3090 -> 2.2178  accuracy: 40.58% -> 40.58%      
client [53] (testset)   loss: 2.5640 -> 2.4175  accuracy: 0.00% -> 0.00%        
client [58] (testset)   loss: 2.3957 -> 2.3451  accuracy: 14.29% -> 14.29%      
client [72] (testset)   loss: 2.4818 -> 2.4592  accuracy: 5.88% -> 5.88%        
client [7]  (testset)   loss: 2.2023 -> 2.1349  accuracy: 25.00% -> 25.00%      
client [71] (testset)   loss: 2.6153 -> 2.3764  accuracy: 4.17% -> 4.17%        
client [59] (testset)   loss: 2.2289 -> 2.1527  accuracy: 43.55% -> 43.55%      
client [86] (testset)   loss: 1.7864 -> 1.5532  accuracy: 80.95% -> 80.95%      
client [39] (testset)   loss: 2.5131 -> 2.3441  accuracy: 18.00% -> 18.00%      
---------------------------- TRAINING EPOCH: 300 ----------------------------   
client [99] (testset)   loss: 2.6653 -> 2.5477  accuracy: 18.18% -> 18.18%      
client [7]  (testset)   loss: 2.2592 -> 2.1435  accuracy: 25.00% -> 25.00%      
client [17] (testset)   loss: 2.4012 -> 2.0355  accuracy: 0.00% -> 0.00%        
client [64] (testset)   loss: 2.2409 -> 2.1763  accuracy: 17.24% -> 17.24%      
client [37] (testset)   loss: 2.2843 -> 1.9907  accuracy: 22.70% -> 46.81%      
client [29] (testset)   loss: 2.0636 -> 2.0114  accuracy: 34.88% -> 34.88%      
client [93] (testset)   loss: 2.4646 -> 2.3687  accuracy: 2.35% -> 35.29%       
client [73] (testset)   loss: 2.4617 -> 2.3624  accuracy: 8.00% -> 8.00%        
client [40] (testset)   loss: 2.3026 -> 2.2834  accuracy: 10.53% -> 27.63%      
client [76] (testset)   loss: 2.6026 -> 2.4846  accuracy: 1.79% -> 1.79%        
---------------------------- TRAINING EPOCH: 310 ----------------------------   
client [31] (testset)   loss: 2.7803 -> 2.5142  accuracy: 6.00% -> 6.00%        
client [89] (testset)   loss: 2.8701 -> 2.7241  accuracy: 3.12% -> 3.12%        
client [77] (testset)   loss: 2.8593 -> 2.7178  accuracy: 0.00% -> 0.00%        
client [90] (testset)   loss: 1.8295 -> 1.0554  accuracy: 79.11% -> 79.11%      
client [26] (testset)   loss: 2.0055 -> 1.8985  accuracy: 44.00% -> 44.00%      
client [50] (testset)   loss: 2.4978 -> 2.2520  accuracy: 21.11% -> 21.11%      
client [30] (testset)   loss: 2.5057 -> 2.3763  accuracy: 0.00% -> 0.00%        
client [70] (testset)   loss: 2.5004 -> 2.1948  accuracy: 12.12% -> 12.12%      
client [41] (testset)   loss: 2.3110 -> 2.1602  accuracy: 0.00% -> 33.33%       
client [99] (testset)   loss: 2.5220 -> 2.4544  accuracy: 0.00% -> 18.18%       
---------------------------- TRAINING EPOCH: 320 ----------------------------   
client [68] (testset)   loss: 2.6174 -> 2.5797  accuracy: 17.07% -> 17.07%      
client [70] (testset)   loss: 2.1291 -> 1.9978  accuracy: 12.12% -> 50.00%      
client [52] (testset)   loss: 2.5086 -> 2.4195  accuracy: 2.82% -> 9.86%        
client [1]  (testset)   loss: 2.4693 -> 2.4073  accuracy: 15.62% -> 15.62%      
client [2]  (testset)   loss: 2.0327 -> 1.8770  accuracy: 58.14% -> 58.14%      
client [67] (testset)   loss: 2.3465 -> 2.1823  accuracy: 0.00% -> 0.00%        
client [92] (testset)   loss: 2.2392 -> 2.1654  accuracy: 46.67% -> 46.67%      
client [35] (testset)   loss: 2.5114 -> 2.4604  accuracy: 4.88% -> 4.88%        
client [36] (testset)   loss: 1.8231 -> 1.7072  accuracy: 66.67% -> 66.67%      
client [64] (testset)   loss: 2.2582 -> 2.1921  accuracy: 17.24% -> 17.24%      
---------------------------- TRAINING EPOCH: 330 ----------------------------   
client [44] (testset)   loss: 2.0116 -> 1.7416  accuracy: 20.51% -> 20.51%      
client [6]  (testset)   loss: 2.4977 -> 2.2896  accuracy: 3.12% -> 3.12%        
client [12] (testset)   loss: 2.5971 -> 2.5436  accuracy: 16.98% -> 16.98%      
client [55] (testset)   loss: 2.7550 -> 2.6805  accuracy: 4.35% -> 6.52%        
client [29] (testset)   loss: 2.3063 -> 2.2383  accuracy: 0.00% -> 20.93%       
client [9]  (testset)   loss: 2.2177 -> 2.1995  accuracy: 9.52% -> 33.33%       
client [43] (testset)   loss: 2.7667 -> 2.6546  accuracy: 0.00% -> 0.00%        
client [77] (testset)   loss: 2.9180 -> 2.8158  accuracy: 0.00% -> 0.00%        
client [98] (testset)   loss: 2.5177 -> 2.4229  accuracy: 0.00% -> 0.00%        
client [78] (testset)   loss: 2.2907 -> 2.2207  accuracy: 0.00% -> 45.00%       
---------------------------- TRAINING EPOCH: 340 ----------------------------   
client [92] (testset)   loss: 2.3169 -> 2.2508  accuracy: 46.67% -> 46.67%      
client [80] (testset)   loss: 2.2042 -> 2.0299  accuracy: 3.03% -> 3.03%        
client [63] (testset)   loss: 2.0716 -> 2.0288  accuracy: 40.48% -> 40.48%      
client [76] (testset)   loss: 2.6025 -> 2.4974  accuracy: 0.00% -> 0.00%        
client [78] (testset)   loss: 2.3138 -> 2.2370  accuracy: 45.00% -> 45.00%      
client [25] (testset)   loss: 2.1640 -> 2.1311  accuracy: 9.09% -> 9.09%        
client [58] (testset)   loss: 2.4596 -> 2.3981  accuracy: 14.29% -> 14.29%      
client [13] (testset)   loss: 2.5635 -> 2.5071  accuracy: 3.12% -> 3.12%        
client [17] (testset)   loss: 2.4042 -> 2.1356  accuracy: 0.00% -> 56.32%       
client [38] (testset)   loss: 2.3101 -> 2.2622  accuracy: 0.00% -> 36.36%       
---------------------------- TRAINING EPOCH: 350 ----------------------------   
client [72] (testset)   loss: 2.5697 -> 2.5462  accuracy: 5.88% -> 5.88%        
client [82] (testset)   loss: 2.3679 -> 2.2681  accuracy: 1.69% -> 1.69%        
client [86] (testset)   loss: 2.0272 -> 1.8339  accuracy: 80.95% -> 80.95%      
client [51] (testset)   loss: 2.2549 -> 2.1519  accuracy: 5.13% -> 5.13%        
client [96] (testset)   loss: 1.8457 -> 1.4143  accuracy: 80.65% -> 80.65%      
client [42] (testset)   loss: 2.7322 -> 2.5648  accuracy: 0.00% -> 0.00%        
client [55] (testset)   loss: 2.7282 -> 2.6532  accuracy: 4.35% -> 4.35%        
client [13] (testset)   loss: 2.6544 -> 2.5928  accuracy: 3.12% -> 3.12%        
client [1]  (testset)   loss: 2.3400 -> 2.2985  accuracy: 15.62% -> 15.62%      
client [12] (testset)   loss: 2.4997 -> 2.4691  accuracy: 16.98% -> 16.98%      
---------------------------- TRAINING EPOCH: 360 ----------------------------   
client [68] (testset)   loss: 2.5537 -> 2.5208  accuracy: 17.07% -> 17.07%      
client [23] (testset)   loss: 2.6498 -> 2.5680  accuracy: 0.00% -> 0.00%        
client [46] (testset)   loss: 2.0538 -> 1.9530  accuracy: 42.02% -> 42.02%      
client [41] (testset)   loss: 2.4589 -> 2.3134  accuracy: 0.00% -> 0.00%        
client [25] (testset)   loss: 2.3012 -> 2.2522  accuracy: 9.09% -> 9.09%        
client [58] (testset)   loss: 2.4880 -> 2.4304  accuracy: 14.29% -> 14.29%      
client [14] (testset)   loss: 2.5259 -> 2.4745  accuracy: 15.79% -> 15.79%      
client [33] (testset)   loss: 2.5047 -> 2.4629  accuracy: 11.25% -> 11.25%      
client [85] (testset)   loss: 2.3381 -> 2.2970  accuracy: 12.77% -> 12.77%      
client [62] (testset)   loss: 2.3255 -> 2.1409  accuracy: 11.94% -> 11.94%      
---------------------------- TRAINING EPOCH: 370 ----------------------------   
client [98] (testset)   loss: 2.7235 -> 2.5847  accuracy: 0.00% -> 0.00%        
client [63] (testset)   loss: 2.1443 -> 2.1042  accuracy: 40.48% -> 40.48%      
client [70] (testset)   loss: 2.3186 -> 2.1764  accuracy: 12.12% -> 12.12%      
client [65] (testset)   loss: 2.3229 -> 2.2557  accuracy: 40.58% -> 40.58%      
client [14] (testset)   loss: 2.4590 -> 2.4102  accuracy: 15.79% -> 15.79%      
client [73] (testset)   loss: 2.5266 -> 2.4515  accuracy: 8.00% -> 8.00%        
client [34] (testset)   loss: 2.4832 -> 2.4560  accuracy: 0.00% -> 0.00%        
client [99] (testset)   loss: 2.3841 -> 2.3525  accuracy: 18.18% -> 18.18%      
client [69] (testset)   loss: 2.1038 -> 2.0784  accuracy: 33.33% -> 33.33%      
client [46] (testset)   loss: 2.1435 -> 2.0272  accuracy: 42.02% -> 42.02%      
---------------------------- TRAINING EPOCH: 380 ----------------------------   
client [99] (testset)   loss: 2.4363 -> 2.4058  accuracy: 24.24% -> 24.24%      
client [93] (testset)   loss: 2.4310 -> 2.3721  accuracy: 0.00% -> 35.29%       
client [11] (testset)   loss: 2.3626 -> 2.3559  accuracy: 15.62% -> 15.62%      
client [58] (testset)   loss: 2.4183 -> 2.3875  accuracy: 14.29% -> 14.29%      
client [81] (testset)   loss: 2.3111 -> 2.3053  accuracy: 18.75% -> 18.75%      
client [85] (testset)   loss: 2.4739 -> 2.4344  accuracy: 12.77% -> 12.77%      
client [89] (testset)   loss: 2.5009 -> 2.4622  accuracy: 3.12% -> 3.12%        
client [45] (testset)   loss: 2.3677 -> 2.2982  accuracy: 33.80% -> 33.80%      
client [8]  (testset)   loss: 2.2522 -> 2.2113  accuracy: 31.25% -> 31.25%      
client [68] (testset)   loss: 2.5295 -> 2.4993  accuracy: 17.07% -> 17.07%      
---------------------------- TRAINING EPOCH: 390 ----------------------------   
client [67] (testset)   loss: 2.5619 -> 2.3444  accuracy: 0.00% -> 0.00%        
client [72] (testset)   loss: 2.6320 -> 2.6078  accuracy: 5.88% -> 5.88%        
client [1]  (testset)   loss: 2.3975 -> 2.3599  accuracy: 15.62% -> 15.62%      
client [78] (testset)   loss: 2.0939 -> 2.0546  accuracy: 45.00% -> 45.00%      
client [83] (testset)   loss: 2.2791 -> 2.0992  accuracy: 20.48% -> 20.48%      
client [21] (testset)   loss: 2.2341 -> 2.0107  accuracy: 23.46% -> 23.46%      
client [56] (testset)   loss: 2.4528 -> 2.2710  accuracy: 0.00% -> 0.00%        
client [44] (testset)   loss: 2.3572 -> 2.0488  accuracy: 20.51% -> 20.51%      
client [92] (testset)   loss: 2.1938 -> 2.1387  accuracy: 46.67% -> 46.67%      
client [27] (testset)   loss: 2.4799 -> 2.4234  accuracy: 13.16% -> 13.16%      
---------------------------- TRAINING EPOCH: 400 ----------------------------   
client [10] (testset)   loss: 2.4933 -> 2.4233  accuracy: 0.00% -> 0.00%        
client [39] (testset)   loss: 2.3634 -> 2.2522  accuracy: 18.00% -> 18.00%      
client [65] (testset)   loss: 2.3224 -> 2.2358  accuracy: 40.58% -> 40.58%      
client [26] (testset)   loss: 1.9632 -> 1.8709  accuracy: 44.00% -> 44.00%      
client [19] (testset)   loss: 1.9481 -> 1.9151  accuracy: 43.90% -> 43.90%      
client [68] (testset)   loss: 2.5244 -> 2.4809  accuracy: 17.07% -> 17.07%      
client [41] (testset)   loss: 2.5399 -> 2.3489  accuracy: 0.00% -> 0.00%        
client [50] (testset)   loss: 2.2872 -> 2.2415  accuracy: 21.11% -> 21.11%      
client [75] (testset)   loss: 2.0551 -> 2.0342  accuracy: 47.83% -> 47.83%      
client [81] (testset)   loss: 2.3582 -> 2.3454  accuracy: 18.75% -> 18.75%      
Training... ━━━━━━━━━━━━━━━━━━━━━━━━━━━━━━━━━━━━━━━━ 100% 0:03:40
SFL's average time taken by each global epoch: 0 min 0.54 sec.                  
SFL's total running time: 0 h 3 m 40 s.                                         
==================== SFL Experiment Results: ====================               
Display format: (before local fine-tuning) -> (after local fine-tuning)         
 So if finetune_epoch = 0, x.xx% -> 0.00% is normal.                            
 Centralized testing ONLY happens after model aggregation, so the stats between 
'->' are the same.                                                              
{                                                                               
    "100": {                                                                    
        "all_clients": {                                                        
            "test": {                                                           
                "loss": "2.3471 -> 0.0000",                                     
                "accuracy": "22.27% -> 0.00%"                                   
            }                                                                   
        }                                                                       
    },                                                                          
    "200": {                                                                    
        "all_clients": {                                                        
            "test": {                                                           
                "loss": "2.6500 -> 0.0000",                                     
                "accuracy": "8.53% -> 0.00%"                                    
            }                                                                   
        }                                                                       
    },                                                                          
    "300": {                                                                    
        "all_clients": {                                                        
            "test": {                                                           
                "loss": "2.3308 -> 0.0000",                                     
                "accuracy": "11.53% -> 0.00%"                                   
            }                                                                   
        }                                                                       
    },                                                                          
    "400": {                                                                    
        "all_clients": {                                                        
            "test": {                                                           
                "loss": "2.3163 -> 0.0000",                                     
                "accuracy": "22.27% -> 0.00%"                                   
            }                                                                   
        }                                                                       
    }                                                                           
}                                                                               
==================== SFL Max Accuracy ====================                      
all_clients:                                                                    
(test) before fine-tuning: 22.27% at epoch 100                                  
(test) after fine-tuning: 0.00% at epoch 100                                    
