==================== PSFL ====================                                  
Experiment Arguments:                                                           
{
│   'method': 'psfl',
│   'dataset': {
│   │   'name': 'mnist',
│   │   'client_num': 100,
│   │   'test_ratio': 0.25,
│   │   'val_ratio': 0.0,
│   │   'seed': 42,
│   │   'split': 'sample',
│   │   'IID_ratio': 0.0,
│   │   'monitor_window_name_suffix': 'mnist-100clients-0%IID-Dir(0.1)-seed42',
│   │   'alpha': 0.1,
│   │   'min_samples_per_client': 10
│   },
│   'model': {
│   │   'name': 'avgcnn',
│   │   'use_torchvision_pretrained_weights': True,
│   │   'external_model_weights_path': None
│   },
│   'optimizer': {
│   │   'lr': 0.01,
│   │   'dampening': 0,
│   │   'weight_decay': 0,
│   │   'momentum': 0,
│   │   'nesterov': False,
│   │   'name': 'sgd'
│   },
│   'mode': 'sequential',
│   'parallel': {
│   │   'ray_cluster_addr': None,
│   │   'num_cpus': None,
│   │   'num_gpus': None,
│   │   'num_workers': 2
│   },
│   'common': {
│   │   'seed': 42,
│   │   'join_ratio': 0.1,
│   │   'global_epoch': 400,
│   │   'local_epoch': 5,
│   │   'batch_size': 32,
│   │   'reset_optimizer_on_global_epoch': True,
│   │   'straggler_ratio': 0,
│   │   'straggler_min_local_epoch': 0,
│   │   'buffers': 'global',
│   │   'client_side_evaluation': True,
│   │   'test': {
│   │   │   'client': {
│   │   │   │   'interval': 100,
│   │   │   │   'finetune_epoch': 0,
│   │   │   │   'train': False,
│   │   │   │   'val': False,
│   │   │   │   'test': True
│   │   │   },
│   │   │   'server': {
│   │   │   │   'interval': -1,
│   │   │   │   'train': False,
│   │   │   │   'val': False,
│   │   │   │   'test': False,
│   │   │   │   'model_in_train_mode': False
│   │   │   }
│   │   },
│   │   'verbose_gap': 10,
│   │   'monitor': None,
│   │   'use_cuda': True,
│   │   'save_log': True,
│   │   'save_model': False,
│   │   'save_learning_curve_plot': False,
│   │   'save_metrics': True,
│   │   'delete_useless_run': True
│   },
│   'psfl': {
│   │   'alpha': 0.0,
│   │   'CLS': False,
│   │   'ig_ratio': 0.4,
│   │   'track': False,
│   │   'score': 'diff'
│   }
}
---------------------------- TRAINING EPOCH: 10 ----------------------------    
client [77] (testset)   loss: 0.2305 -> 0.2236  accuracy: 95.89% -> 91.10%      
client [81] (testset)   loss: 0.1679 -> 0.1031  accuracy: 97.53% -> 98.77%      
client [21] (testset)   loss: 2.3389 -> 0.8351  accuracy: 0.00% -> 82.35%       
client [68] (testset)   loss: 0.6253 -> 0.3970  accuracy: 76.27% -> 89.83%      
client [93] (testset)   loss: 1.3173 -> 1.0820  accuracy: 70.97% -> 80.65%      
client [31] (testset)   loss: 1.7471 -> 1.4160  accuracy: 57.14% -> 57.14%      
client [20] (testset)   loss: 0.4333 -> 0.3491  accuracy: 84.16% -> 91.40%      
client [59] (testset)   loss: 2.3336 -> 2.0189  accuracy: 0.00% -> 62.50%       
client [48] (testset)   loss: 0.1810 -> 0.1509  accuracy: 96.12% -> 96.12%      
client [34] (testset)   loss: 1.3786 -> 1.3306  accuracy: 66.67% -> 66.67%      
---------------------------- TRAINING EPOCH: 20 ----------------------------    
client [69] (testset)   loss: 0.1123 -> 0.2359  accuracy: 97.81% -> 91.80%      
client [99] (testset)   loss: 1.5033 -> 1.4344  accuracy: 52.38% -> 52.38%      
client [67] (testset)   loss: 0.3768 -> 0.3109  accuracy: 91.89% -> 91.89%      
client [0]  (testset)   loss: 0.2749 -> 0.1878  accuracy: 93.40% -> 93.40%      
client [76] (testset)   loss: 0.5067 -> 0.4487  accuracy: 88.31% -> 94.81%      
client [41] (testset)   loss: 0.3943 -> 0.2527  accuracy: 86.32% -> 86.32%      
client [62] (testset)   loss: 2.3218 -> 0.4476  accuracy: 1.10% -> 90.06%       
client [2]  (testset)   loss: 2.3249 -> 0.1276  accuracy: 0.00% -> 97.91%       
client [14] (testset)   loss: 0.1733 -> 0.1364  accuracy: 95.83% -> 94.44%      
client [46] (testset)   loss: 0.1133 -> 0.0932  accuracy: 96.40% -> 96.85%      
---------------------------- TRAINING EPOCH: 30 ----------------------------    
client [24] (testset)   loss: 0.2825 -> 0.2719  accuracy: 94.59% -> 94.59%      
client [68] (testset)   loss: 0.2682 -> 0.2632  accuracy: 93.22% -> 93.22%      
client [57] (testset)   loss: 0.1304 -> 0.1112  accuracy: 97.10% -> 98.55%      
client [17] (testset)   loss: 0.1626 -> 0.1463  accuracy: 96.50% -> 96.50%      
client [54] (testset)   loss: 0.8271 -> 0.6968  accuracy: 83.72% -> 83.72%      
client [23] (testset)   loss: 2.3358 -> 0.7218  accuracy: 0.00% -> 94.29%       
client [35] (testset)   loss: 0.2468 -> 0.2445  accuracy: 95.10% -> 95.10%      
client [59] (testset)   loss: 1.5062 -> 1.3934  accuracy: 50.00% -> 75.00%      
client [31] (testset)   loss: 1.1245 -> 1.0596  accuracy: 57.14% -> 57.14%      
client [9]  (testset)   loss: 0.1028 -> 0.0939  accuracy: 96.42% -> 96.74%      
---------------------------- TRAINING EPOCH: 40 ----------------------------    
client [64] (testset)   loss: 0.0833 -> 0.0813  accuracy: 97.78% -> 97.50%      
client [33] (testset)   loss: 0.0658 -> 0.0620  accuracy: 98.37% -> 99.02%      
client [16] (testset)   loss: 0.3157 -> 0.2531  accuracy: 91.43% -> 94.29%      
client [44] (testset)   loss: 0.3247 -> 0.2211  accuracy: 92.24% -> 94.63%      
client [8]  (testset)   loss: 0.0121 -> 0.0089  accuracy: 100.00% -> 100.00%    
client [31] (testset)   loss: 0.9942 -> 0.9294  accuracy: 57.14% -> 57.14%      
client [47] (testset)   loss: 0.1872 -> 0.1837  accuracy: 94.32% -> 95.45%      
client [36] (testset)   loss: 0.4202 -> 0.1693  accuracy: 89.85% -> 93.40%      
client [20] (testset)   loss: 0.2805 -> 0.2447  accuracy: 91.40% -> 91.86%      
client [56] (testset)   loss: 0.2792 -> 0.1879  accuracy: 91.40% -> 95.70%      
---------------------------- TRAINING EPOCH: 50 ----------------------------    
client [4]  (testset)   loss: 0.1622 -> 0.1599  accuracy: 96.70% -> 96.70%      
client [60] (testset)   loss: 0.3908 -> 0.2768  accuracy: 89.00% -> 93.00%      
client [28] (testset)   loss: 0.0488 -> 0.0458  accuracy: 99.33% -> 99.33%      
client [25] (testset)   loss: 0.1778 -> 0.1509  accuracy: 96.55% -> 96.55%      
client [58] (testset)   loss: 0.1755 -> 0.1763  accuracy: 93.62% -> 94.33%      
client [44] (testset)   loss: 0.2212 -> 0.1848  accuracy: 94.63% -> 95.22%      
client [39] (testset)   loss: 0.0633 -> 0.0449  accuracy: 98.28% -> 98.28%      
client [29] (testset)   loss: 0.0764 -> 0.0809  accuracy: 97.42% -> 97.05%      
client [3]  (testset)   loss: 0.0672 -> 0.0660  accuracy: 97.90% -> 97.90%      
client [84] (testset)   loss: 0.2366 -> 0.1984  accuracy: 83.33% -> 100.00%     
---------------------------- TRAINING EPOCH: 60 ----------------------------    
client [21] (testset)   loss: 0.3675 -> 0.2373  accuracy: 86.27% -> 91.18%      
client [84] (testset)   loss: 0.1671 -> 0.1417  accuracy: 100.00% -> 100.00%    
client [10] (testset)   loss: 0.1006 -> 0.0968  accuracy: 97.03% -> 98.02%      
client [36] (testset)   loss: 0.0956 -> 0.1358  accuracy: 96.95% -> 95.94%      
client [65] (testset)   loss: 0.0543 -> 0.0509  accuracy: 98.74% -> 98.32%      
client [81] (testset)   loss: 0.0766 -> 0.0713  accuracy: 98.77% -> 98.77%      
client [79] (testset)   loss: 0.1278 -> 0.0956  accuracy: 93.85% -> 96.92%      
client [42] (testset)   loss: 0.2490 -> 0.2649  accuracy: 91.80% -> 91.26%      
client [11] (testset)   loss: 1.2001 -> 1.1232  accuracy: 66.67% -> 66.67%      
client [96] (testset)   loss: 0.0762 -> 0.0784  accuracy: 97.06% -> 96.08%      
---------------------------- TRAINING EPOCH: 70 ----------------------------    
client [8]  (testset)   loss: 0.0060 -> 0.0050  accuracy: 100.00% -> 100.00%    
client [53] (testset)   loss: 0.1905 -> 0.1561  accuracy: 96.00% -> 96.00%      
client [52] (testset)   loss: 0.0302 -> 0.0255  accuracy: 100.00% -> 100.00%    
client [42] (testset)   loss: 0.2501 -> 0.2738  accuracy: 92.90% -> 91.80%      
client [69] (testset)   loss: 0.0343 -> 0.0336  accuracy: 99.09% -> 99.09%      
client [59] (testset)   loss: 1.1385 -> 1.0564  accuracy: 75.00% -> 75.00%      
client [7]  (testset)   loss: 0.5015 -> 0.4749  accuracy: 87.50% -> 87.50%      
client [26] (testset)   loss: 1.1652 -> 1.0311  accuracy: 62.50% -> 70.83%      
client [49] (testset)   loss: 0.0145 -> 0.0117  accuracy: 100.00% -> 100.00%    
client [98] (testset)   loss: 0.2072 -> 0.2207  accuracy: 97.06% -> 94.12%      
---------------------------- TRAINING EPOCH: 80 ----------------------------    
client [98] (testset)   loss: 0.2208 -> 0.1993  accuracy: 94.12% -> 97.06%      
client [47] (testset)   loss: 0.1542 -> 0.1479  accuracy: 97.73% -> 98.86%      
client [21] (testset)   loss: 0.2139 -> 0.1614  accuracy: 92.16% -> 95.10%      
client [77] (testset)   loss: 0.1375 -> 0.1381  accuracy: 96.58% -> 97.26%      
client [95] (testset)   loss: 0.0276 -> 0.0258  accuracy: 98.56% -> 98.56%      
client [91] (testset)   loss: 0.0673 -> 0.0674  accuracy: 98.68% -> 98.68%      
client [14] (testset)   loss: 0.0890 -> 0.0851  accuracy: 97.92% -> 97.92%      
client [99] (testset)   loss: 1.2232 -> 1.3971  accuracy: 76.19% -> 61.90%      
client [20] (testset)   loss: 0.2586 -> 0.2688  accuracy: 94.12% -> 92.76%      
client [39] (testset)   loss: 0.0448 -> 0.0196  accuracy: 98.28% -> 99.75%      
---------------------------- TRAINING EPOCH: 90 ----------------------------    
client [52] (testset)   loss: 0.0256 -> 0.0215  accuracy: 100.00% -> 100.00%    
client [62] (testset)   loss: 0.1527 -> 0.1488  accuracy: 95.58% -> 96.13%      
client [71] (testset)   loss: 0.0837 -> 0.0842  accuracy: 97.68% -> 97.68%      
client [97] (testset)   loss: 0.0477 -> 0.0457  accuracy: 98.66% -> 97.99%      
client [30] (testset)   loss: 0.3917 -> 0.3972  accuracy: 95.00% -> 95.00%      
client [88] (testset)   loss: 0.1362 -> 0.1365  accuracy: 98.53% -> 98.53%      
client [60] (testset)   loss: 0.2141 -> 0.2014  accuracy: 95.00% -> 96.00%      
client [82] (testset)   loss: 0.2279 -> 0.2372  accuracy: 94.37% -> 94.37%      
client [91] (testset)   loss: 0.0610 -> 0.0650  accuracy: 98.51% -> 98.51%      
client [57] (testset)   loss: 0.1215 -> 0.1146  accuracy: 98.07% -> 98.55%      
---------------------------- TRAINING EPOCH: 100 ----------------------------   
client [31] (testset)   loss: 0.5017 -> 0.4906  accuracy: 85.71% -> 85.71%      
client [15] (testset)   loss: 0.0879 -> 0.0798  accuracy: 98.17% -> 98.17%      
client [71] (testset)   loss: 0.0841 -> 0.0797  accuracy: 97.68% -> 97.91%      
client [97] (testset)   loss: 0.0430 -> 0.0393  accuracy: 97.99% -> 97.99%      
client [53] (testset)   loss: 0.1547 -> 0.1561  accuracy: 96.00% -> 96.00%      
client [77] (testset)   loss: 0.1381 -> 0.1451  accuracy: 97.26% -> 95.89%      
client [76] (testset)   loss: 0.4592 -> 0.4638  accuracy: 94.81% -> 94.81%      
client [79] (testset)   loss: 0.0701 -> 0.0613  accuracy: 98.46% -> 98.46%      
client [28] (testset)   loss: 0.0397 -> 0.0386  accuracy: 99.33% -> 99.33%      
client [99] (testset)   loss: 1.1382 -> 1.1584  accuracy: 80.95% -> 80.95%      
---------------------------- TRAINING EPOCH: 110 ----------------------------   
client [97] (testset)   loss: 0.0460 -> 0.0374  accuracy: 97.66% -> 97.99%      
client [86] (testset)   loss: 0.0779 -> 0.0683  accuracy: 97.81% -> 97.81%      
client [34] (testset)   loss: 0.9659 -> 0.9701  accuracy: 66.67% -> 66.67%      
client [73] (testset)   loss: 0.3438 -> 0.3440  accuracy: 85.29% -> 82.35%      
client [5]  (testset)   loss: 0.1615 -> 0.1537  accuracy: 93.79% -> 95.17%      
client [96] (testset)   loss: 0.0563 -> 0.0555  accuracy: 98.04% -> 98.04%      
client [22] (testset)   loss: 0.1513 -> 0.1367  accuracy: 95.74% -> 95.74%      
client [60] (testset)   loss: 0.2241 -> 0.2077  accuracy: 96.00% -> 96.00%      
client [66] (testset)   loss: 0.1921 -> 0.2032  accuracy: 92.92% -> 92.92%      
client [83] (testset)   loss: 0.2187 -> 0.2158  accuracy: 93.95% -> 93.59%      
---------------------------- TRAINING EPOCH: 120 ----------------------------   
client [76] (testset)   loss: 0.4812 -> 0.4870  accuracy: 94.81% -> 94.81%      
client [65] (testset)   loss: 0.0461 -> 0.0455  accuracy: 98.74% -> 98.32%      
client [95] (testset)   loss: 0.0208 -> 0.0204  accuracy: 98.56% -> 98.56%      
client [17] (testset)   loss: 0.1263 -> 0.1047  accuracy: 96.50% -> 97.67%      
client [8]  (testset)   loss: 0.0033 -> 0.0029  accuracy: 100.00% -> 100.00%    
client [35] (testset)   loss: 0.1701 -> 0.1617  accuracy: 95.10% -> 95.10%      
client [98] (testset)   loss: 0.1787 -> 0.1965  accuracy: 97.06% -> 97.06%      
client [53] (testset)   loss: 0.1606 -> 0.1655  accuracy: 96.00% -> 96.00%      
client [43] (testset)   loss: 0.2519 -> 0.2608  accuracy: 90.37% -> 90.37%      
client [64] (testset)   loss: 0.0627 -> 0.0642  accuracy: 98.33% -> 98.06%      
---------------------------- TRAINING EPOCH: 130 ----------------------------   
client [21] (testset)   loss: 0.1473 -> 0.1896  accuracy: 94.12% -> 92.16%      
client [88] (testset)   loss: 0.1349 -> 0.1374  accuracy: 98.53% -> 98.53%      
client [38] (testset)   loss: 0.2327 -> 0.2461  accuracy: 96.49% -> 96.49%      
client [3]  (testset)   loss: 0.0429 -> 0.0440  accuracy: 98.32% -> 98.32%      
client [5]  (testset)   loss: 0.1686 -> 0.1658  accuracy: 93.79% -> 93.79%      
client [41] (testset)   loss: 0.0520 -> 0.0517  accuracy: 97.89% -> 97.89%      
client [7]  (testset)   loss: 0.4204 -> 0.3934  accuracy: 87.50% -> 87.50%      
client [37] (testset)   loss: 0.2522 -> 0.2771  accuracy: 95.67% -> 95.24%      
client [45] (testset)   loss: 0.0534 -> 0.0738  accuracy: 98.16% -> 97.24%      
client [47] (testset)   loss: 0.1511 -> 0.1468  accuracy: 97.73% -> 98.86%      
---------------------------- TRAINING EPOCH: 140 ----------------------------   
client [16] (testset)   loss: 0.1332 -> 0.1318  accuracy: 98.57% -> 98.57%      
client [11] (testset)   loss: 0.9300 -> 0.9317  accuracy: 66.67% -> 66.67%      
client [37] (testset)   loss: 0.2789 -> 0.3055  accuracy: 95.67% -> 95.67%      
client [41] (testset)   loss: 0.0517 -> 0.0520  accuracy: 97.89% -> 97.89%      
client [95] (testset)   loss: 0.0182 -> 0.0180  accuracy: 98.92% -> 98.92%      
client [53] (testset)   loss: 0.1653 -> 0.1648  accuracy: 96.00% -> 96.00%      
client [22] (testset)   loss: 0.1324 -> 0.1329  accuracy: 95.74% -> 95.74%      
client [25] (testset)   loss: 0.0757 -> 0.0724  accuracy: 96.55% -> 96.55%      
client [69] (testset)   loss: 0.0338 -> 0.0338  accuracy: 99.09% -> 99.09%      
client [46] (testset)   loss: 0.0674 -> 0.0748  accuracy: 97.75% -> 97.75%      
---------------------------- TRAINING EPOCH: 150 ----------------------------   
client [47] (testset)   loss: 0.1494 -> 0.1521  accuracy: 98.86% -> 98.86%      
client [69] (testset)   loss: 0.0342 -> 0.0341  accuracy: 99.09% -> 99.09%      
client [82] (testset)   loss: 0.2152 -> 0.2206  accuracy: 94.37% -> 94.37%      
client [45] (testset)   loss: 0.0556 -> 0.0514  accuracy: 98.16% -> 98.16%      
client [7]  (testset)   loss: 0.3936 -> 0.3683  accuracy: 87.50% -> 87.50%      
client [50] (testset)   loss: 0.2195 -> 0.2179  accuracy: 93.85% -> 93.33%      
client [35] (testset)   loss: 0.1595 -> 0.1632  accuracy: 95.10% -> 95.10%      
client [24] (testset)   loss: 0.2249 -> 0.2336  accuracy: 95.95% -> 95.95%      
client [15] (testset)   loss: 0.0842 -> 0.0822  accuracy: 97.25% -> 97.25%      
client [58] (testset)   loss: 0.1772 -> 0.1722  accuracy: 93.62% -> 95.74%      
---------------------------- TRAINING EPOCH: 160 ----------------------------   
client [48] (testset)   loss: 0.1336 -> 0.1269  accuracy: 98.06% -> 98.06%      
client [76] (testset)   loss: 0.5130 -> 0.5030  accuracy: 94.81% -> 94.81%      
client [67] (testset)   loss: 0.0743 -> 0.0678  accuracy: 94.59% -> 94.59%      
client [37] (testset)   loss: 0.2956 -> 0.2901  accuracy: 95.67% -> 95.67%      
client [58] (testset)   loss: 0.1719 -> 0.1631  accuracy: 95.04% -> 95.74%      
client [64] (testset)   loss: 0.0632 -> 0.0648  accuracy: 98.06% -> 98.33%      
client [77] (testset)   loss: 0.1538 -> 0.1570  accuracy: 95.89% -> 96.58%      
client [55] (testset)   loss: 0.0815 -> 0.0883  accuracy: 98.21% -> 97.96%      
client [12] (testset)   loss: 0.0591 -> 0.0590  accuracy: 97.52% -> 97.52%      
client [89] (testset)   loss: 0.2875 -> 0.2777  accuracy: 90.91% -> 90.91%      
---------------------------- TRAINING EPOCH: 170 ----------------------------   
client [84] (testset)   loss: 0.0328 -> 0.0312  accuracy: 100.00% -> 100.00%    
client [51] (testset)   loss: 0.1926 -> 0.2059  accuracy: 91.43% -> 91.43%      
client [8]  (testset)   loss: 0.0017 -> 0.0015  accuracy: 100.00% -> 100.00%    
client [18] (testset)   loss: 0.1858 -> 0.1708  accuracy: 95.52% -> 95.17%      
client [94] (testset)   loss: 0.0054 -> 0.0056  accuracy: 100.00% -> 100.00%    
client [81] (testset)   loss: 0.0691 -> 0.0724  accuracy: 98.77% -> 98.77%      
client [3]  (testset)   loss: 0.0436 -> 0.0425  accuracy: 98.32% -> 98.74%      
client [11] (testset)   loss: 0.9524 -> 0.9622  accuracy: 66.67% -> 66.67%      
client [95] (testset)   loss: 0.0163 -> 0.0155  accuracy: 98.92% -> 99.28%      
client [67] (testset)   loss: 0.0679 -> 0.0636  accuracy: 94.59% -> 97.30%      
---------------------------- TRAINING EPOCH: 180 ----------------------------   
client [21] (testset)   loss: 0.1572 -> 0.1439  accuracy: 96.08% -> 95.10%      
client [79] (testset)   loss: 0.0793 -> 0.0778  accuracy: 98.46% -> 98.46%      
client [58] (testset)   loss: 0.1751 -> 0.1771  accuracy: 95.74% -> 95.74%      
client [88] (testset)   loss: 0.1381 -> 0.1392  accuracy: 98.53% -> 98.53%      
client [46] (testset)   loss: 0.0717 -> 0.0732  accuracy: 97.75% -> 97.97%      
client [11] (testset)   loss: 0.9628 -> 0.9710  accuracy: 66.67% -> 66.67%      
client [55] (testset)   loss: 0.0885 -> 0.0930  accuracy: 97.96% -> 97.96%      
client [13] (testset)   loss: 0.6785 -> 0.6319  accuracy: 75.00% -> 70.83%      
client [31] (testset)   loss: 0.4685 -> 0.4639  accuracy: 85.71% -> 85.71%      
client [75] (testset)   loss: 0.0471 -> 0.0457  accuracy: 98.76% -> 98.76%      
---------------------------- TRAINING EPOCH: 190 ----------------------------   
client [19] (testset)   loss: 0.0528 -> 0.0455  accuracy: 98.15% -> 96.30%      
client [7]  (testset)   loss: 0.2689 -> 0.2544  accuracy: 87.50% -> 87.50%      
client [57] (testset)   loss: 0.1219 -> 0.1283  accuracy: 99.03% -> 99.03%      
client [13] (testset)   loss: 0.7837 -> 0.7806  accuracy: 75.00% -> 75.00%      
client [43] (testset)   loss: 0.2583 -> 0.2661  accuracy: 93.05% -> 90.91%      
client [91] (testset)   loss: 0.0695 -> 0.0689  accuracy: 98.68% -> 98.51%      
client [10] (testset)   loss: 0.0510 -> 0.0556  accuracy: 99.01% -> 99.01%      
client [64] (testset)   loss: 0.0660 -> 0.0658  accuracy: 98.06% -> 98.06%      
client [82] (testset)   loss: 0.2379 -> 0.2366  accuracy: 94.37% -> 92.96%      
client [22] (testset)   loss: 0.1053 -> 0.0945  accuracy: 97.87% -> 97.87%      
---------------------------- TRAINING EPOCH: 200 ----------------------------   
client [20] (testset)   loss: 0.2863 -> 0.2858  accuracy: 93.21% -> 93.21%      
client [23] (testset)   loss: 0.1263 -> 0.1388  accuracy: 97.14% -> 97.14%      
client [88] (testset)   loss: 0.1391 -> 0.1403  accuracy: 98.53% -> 98.53%      
client [98] (testset)   loss: 0.1834 -> 0.1436  accuracy: 97.06% -> 94.12%      
client [79] (testset)   loss: 0.0770 -> 0.0763  accuracy: 98.46% -> 98.46%      
client [21] (testset)   loss: 0.1388 -> 0.1237  accuracy: 97.06% -> 96.08%      
client [92] (testset)   loss: 0.0698 -> 0.0640  accuracy: 100.00% -> 100.00%    
client [56] (testset)   loss: 0.0975 -> 0.0967  accuracy: 96.77% -> 96.77%      
client [5]  (testset)   loss: 0.1885 -> 0.1934  accuracy: 93.79% -> 94.48%      
client [52] (testset)   loss: 0.0089 -> 0.0082  accuracy: 100.00% -> 100.00%    
---------------------------- TRAINING EPOCH: 210 ----------------------------   
client [67] (testset)   loss: 0.0481 -> 0.0478  accuracy: 97.30% -> 97.30%      
client [54] (testset)   loss: 0.7349 -> 0.7407  accuracy: 90.70% -> 90.70%      
client [14] (testset)   loss: 0.0905 -> 0.0895  accuracy: 98.61% -> 98.61%      
client [99] (testset)   loss: 1.2673 -> 1.3268  accuracy: 71.43% -> 71.43%      
client [36] (testset)   loss: 0.0705 -> 0.0709  accuracy: 97.97% -> 97.97%      
client [30] (testset)   loss: 0.5354 -> 0.5435  accuracy: 95.00% -> 95.00%      
client [38] (testset)   loss: 0.2198 -> 0.2114  accuracy: 96.49% -> 96.49%      
client [15] (testset)   loss: 0.0793 -> 0.0789  accuracy: 98.17% -> 98.17%      
client [6]  (testset)   loss: 0.0241 -> 0.0268  accuracy: 99.22% -> 99.22%      
client [53] (testset)   loss: 0.1917 -> 0.2026  accuracy: 96.00% -> 96.00%      
---------------------------- TRAINING EPOCH: 220 ----------------------------   
client [99] (testset)   loss: 1.3358 -> 1.4243  accuracy: 71.43% -> 71.43%      
client [6]  (testset)   loss: 0.0267 -> 0.0275  accuracy: 99.22% -> 98.96%      
client [83] (testset)   loss: 0.2480 -> 0.2459  accuracy: 93.59% -> 93.24%      
client [42] (testset)   loss: 0.2850 -> 0.2903  accuracy: 95.08% -> 95.08%      
client [34] (testset)   loss: 0.9442 -> 0.9260  accuracy: 77.78% -> 83.33%      
client [15] (testset)   loss: 0.0790 -> 0.0826  accuracy: 98.17% -> 97.25%      
client [47] (testset)   loss: 0.1589 -> 0.1656  accuracy: 98.86% -> 98.86%      
client [55] (testset)   loss: 0.0932 -> 0.0922  accuracy: 97.96% -> 97.96%      
client [51] (testset)   loss: 0.1937 -> 0.1822  accuracy: 91.43% -> 91.43%      
client [95] (testset)   loss: 0.0146 -> 0.0145  accuracy: 99.28% -> 99.28%      
---------------------------- TRAINING EPOCH: 230 ----------------------------   
client [71] (testset)   loss: 0.0986 -> 0.0992  accuracy: 97.91% -> 97.91%      
client [15] (testset)   loss: 0.0826 -> 0.0803  accuracy: 97.25% -> 98.17%      
client [33] (testset)   loss: 0.0757 -> 0.0754  accuracy: 99.02% -> 99.18%      
client [99] (testset)   loss: 1.4363 -> 1.4505  accuracy: 71.43% -> 71.43%      
client [90] (testset)   loss: 0.1457 -> 0.1479  accuracy: 95.99% -> 95.99%      
client [57] (testset)   loss: 0.1324 -> 0.1336  accuracy: 99.03% -> 99.03%      
client [27] (testset)   loss: 0.1869 -> 0.1938  accuracy: 97.86% -> 97.86%      
client [78] (testset)   loss: 0.0588 -> 0.0536  accuracy: 99.36% -> 98.73%      
client [36] (testset)   loss: 0.0714 -> 0.0718  accuracy: 97.97% -> 98.48%      
client [88] (testset)   loss: 0.1431 -> 0.1428  accuracy: 98.53% -> 98.53%      
---------------------------- TRAINING EPOCH: 240 ----------------------------   
client [70] (testset)   loss: 0.1775 -> 0.1754  accuracy: 97.98% -> 97.98%      
client [35] (testset)   loss: 0.1690 -> 0.1893  accuracy: 95.10% -> 95.10%      
client [16] (testset)   loss: 0.1411 -> 0.1398  accuracy: 98.57% -> 98.57%      
client [80] (testset)   loss: 0.0164 -> 0.0148  accuracy: 100.00% -> 100.00%    
client [38] (testset)   loss: 0.2132 -> 0.2185  accuracy: 96.49% -> 96.49%      
client [78] (testset)   loss: 0.0536 -> 0.0543  accuracy: 99.36% -> 99.36%      
client [68] (testset)   loss: 0.2157 -> 0.2164  accuracy: 94.92% -> 94.92%      
client [11] (testset)   loss: 1.0178 -> 1.0272  accuracy: 33.33% -> 33.33%      
client [64] (testset)   loss: 0.0678 -> 0.0680  accuracy: 98.06% -> 98.06%      
client [82] (testset)   loss: 0.2429 -> 0.2447  accuracy: 92.96% -> 92.96%      
---------------------------- TRAINING EPOCH: 250 ----------------------------   
client [30] (testset)   loss: 0.5713 -> 0.5792  accuracy: 95.00% -> 95.00%      
client [27] (testset)   loss: 0.1937 -> 0.1955  accuracy: 97.86% -> 97.86%      
client [74] (testset)   loss: 0.1660 -> 0.1618  accuracy: 96.00% -> 96.31%      
client [45] (testset)   loss: 0.0563 -> 0.0558  accuracy: 98.47% -> 98.16%      
client [6]  (testset)   loss: 0.0264 -> 0.0238  accuracy: 99.22% -> 99.48%      
client [36] (testset)   loss: 0.0723 -> 0.0731  accuracy: 97.97% -> 97.97%      
client [63] (testset)   loss: 0.1852 -> 0.1842  accuracy: 97.08% -> 97.08%      
client [76] (testset)   loss: 0.5398 -> 0.5487  accuracy: 94.81% -> 94.81%      
client [83] (testset)   loss: 0.2492 -> 0.2531  accuracy: 93.95% -> 93.24%      
client [86] (testset)   loss: 0.0777 -> 0.0784  accuracy: 98.36% -> 98.36%      
---------------------------- TRAINING EPOCH: 260 ----------------------------   
client [83] (testset)   loss: 0.2527 -> 0.2523  accuracy: 93.24% -> 93.59%      
client [99] (testset)   loss: 1.4634 -> 1.4743  accuracy: 71.43% -> 71.43%      
client [74] (testset)   loss: 0.1679 -> 0.1737  accuracy: 96.00% -> 96.31%      
client [73] (testset)   loss: 0.2895 -> 0.2992  accuracy: 88.24% -> 88.24%      
client [29] (testset)   loss: 0.0480 -> 0.0456  accuracy: 97.79% -> 98.15%      
client [92] (testset)   loss: 0.0437 -> 0.0409  accuracy: 100.00% -> 100.00%    
client [6]  (testset)   loss: 0.0243 -> 0.0241  accuracy: 99.22% -> 99.22%      
client [61] (testset)   loss: 0.0507 -> 0.0527  accuracy: 99.41% -> 99.12%      
client [21] (testset)   loss: 0.1215 -> 0.1252  accuracy: 96.08% -> 96.08%      
client [67] (testset)   loss: 0.0460 -> 0.0456  accuracy: 97.30% -> 97.30%      
---------------------------- TRAINING EPOCH: 270 ----------------------------   
client [83] (testset)   loss: 0.2523 -> 0.2556  accuracy: 93.59% -> 93.24%      
client [32] (testset)   loss: 0.2446 -> 0.2488  accuracy: 96.83% -> 96.83%      
client [95] (testset)   loss: 0.0145 -> 0.0127  accuracy: 99.28% -> 99.64%      
client [61] (testset)   loss: 0.0513 -> 0.0522  accuracy: 99.41% -> 99.41%      
client [27] (testset)   loss: 0.1953 -> 0.1944  accuracy: 97.86% -> 97.86%      
client [25] (testset)   loss: 0.0497 -> 0.0511  accuracy: 97.70% -> 96.55%      
client [68] (testset)   loss: 0.2167 -> 0.2195  accuracy: 96.61% -> 96.61%      
client [34] (testset)   loss: 0.9678 -> 0.9499  accuracy: 83.33% -> 83.33%      
client [71] (testset)   loss: 0.1048 -> 0.1065  accuracy: 97.91% -> 97.91%      
client [89] (testset)   loss: 0.2731 -> 0.3083  accuracy: 90.91% -> 90.91%      
---------------------------- TRAINING EPOCH: 280 ----------------------------   
client [78] (testset)   loss: 0.0535 -> 0.0530  accuracy: 99.36% -> 99.36%      
client [81] (testset)   loss: 0.0755 -> 0.0793  accuracy: 98.77% -> 98.77%      
client [51] (testset)   loss: 0.1889 -> 0.1831  accuracy: 91.43% -> 91.43%      
client [54] (testset)   loss: 0.7429 -> 0.7588  accuracy: 90.70% -> 90.70%      
client [65] (testset)   loss: 0.0501 -> 0.0515  accuracy: 98.74% -> 98.74%      
client [41] (testset)   loss: 0.0517 -> 0.0519  accuracy: 97.89% -> 97.89%      
client [11] (testset)   loss: 1.0451 -> 1.0534  accuracy: 33.33% -> 33.33%      
client [85] (testset)   loss: 0.2376 -> 0.2382  accuracy: 96.89% -> 96.89%      
client [12] (testset)   loss: 0.0584 -> 0.0565  accuracy: 97.52% -> 97.52%      
client [23] (testset)   loss: 0.1096 -> 0.1109  accuracy: 97.14% -> 97.14%      
---------------------------- TRAINING EPOCH: 290 ----------------------------   
client [16] (testset)   loss: 0.1428 -> 0.1426  accuracy: 98.57% -> 98.57%      
client [65] (testset)   loss: 0.0519 -> 0.0518  accuracy: 98.74% -> 98.74%      
client [53] (testset)   loss: 0.2160 -> 0.2216  accuracy: 96.00% -> 96.00%      
client [58] (testset)   loss: 0.1798 -> 0.1796  accuracy: 95.74% -> 95.74%      
client [72] (testset)   loss: 0.1405 -> 0.1395  accuracy: 95.45% -> 95.45%      
client [7]  (testset)   loss: 0.1883 -> 0.1834  accuracy: 87.50% -> 87.50%      
client [71] (testset)   loss: 0.1065 -> 0.1060  accuracy: 97.91% -> 97.91%      
client [59] (testset)   loss: 0.4747 -> 0.4708  accuracy: 75.00% -> 75.00%      
client [86] (testset)   loss: 0.0800 -> 0.0791  accuracy: 98.36% -> 98.36%      
client [39] (testset)   loss: 0.0080 -> 0.0079  accuracy: 99.75% -> 99.75%      
---------------------------- TRAINING EPOCH: 300 ----------------------------   
client [99] (testset)   loss: 1.5119 -> 1.5617  accuracy: 71.43% -> 71.43%      
client [7]  (testset)   loss: 0.1795 -> 0.1757  accuracy: 87.50% -> 87.50%      
client [17] (testset)   loss: 0.1117 -> 0.1132  accuracy: 97.67% -> 97.67%      
client [64] (testset)   loss: 0.0700 -> 0.0703  accuracy: 98.06% -> 98.06%      
client [37] (testset)   loss: 0.3428 -> 0.3457  accuracy: 95.67% -> 95.24%      
client [29] (testset)   loss: 0.0458 -> 0.0454  accuracy: 98.52% -> 98.15%      
client [93] (testset)   loss: 0.0684 -> 0.0667  accuracy: 96.77% -> 96.77%      
client [73] (testset)   loss: 0.2960 -> 0.2962  accuracy: 88.24% -> 85.29%      
client [40] (testset)   loss: 0.1413 -> 0.1449  accuracy: 97.10% -> 97.10%      
client [76] (testset)   loss: 0.5541 -> 0.5569  accuracy: 94.81% -> 94.81%      
---------------------------- TRAINING EPOCH: 310 ----------------------------   
client [31] (testset)   loss: 0.4453 -> 0.4453  accuracy: 85.71% -> 85.71%      
client [89] (testset)   loss: 0.3151 -> 0.2963  accuracy: 90.91% -> 90.91%      
client [77] (testset)   loss: 0.1997 -> 0.2015  accuracy: 95.89% -> 95.89%      
client [90] (testset)   loss: 0.1548 -> 0.1563  accuracy: 95.99% -> 95.99%      
client [26] (testset)   loss: 0.8020 -> 0.8046  accuracy: 83.33% -> 83.33%      
client [50] (testset)   loss: 0.2511 -> 0.2541  accuracy: 93.85% -> 93.85%      
client [30] (testset)   loss: 0.6038 -> 0.6050  accuracy: 95.00% -> 95.00%      
client [70] (testset)   loss: 0.1767 -> 0.1795  accuracy: 97.98% -> 97.98%      
client [41] (testset)   loss: 0.0518 -> 0.0523  accuracy: 97.89% -> 97.89%      
client [99] (testset)   loss: 1.5613 -> 1.5819  accuracy: 71.43% -> 71.43%      
---------------------------- TRAINING EPOCH: 320 ----------------------------   
client [68] (testset)   loss: 0.2216 -> 0.2249  accuracy: 96.61% -> 96.61%      
client [70] (testset)   loss: 0.1822 -> 0.1790  accuracy: 97.80% -> 97.98%      
client [52] (testset)   loss: 0.0055 -> 0.0068  accuracy: 100.00% -> 100.00%    
client [1]  (testset)   loss: 0.0412 -> 0.0449  accuracy: 96.67% -> 96.67%      
client [2]  (testset)   loss: 0.1049 -> 0.1072  accuracy: 99.24% -> 99.24%      
client [67] (testset)   loss: 0.0387 -> 0.0385  accuracy: 97.30% -> 97.30%      
client [92] (testset)   loss: 0.0202 -> 0.0195  accuracy: 100.00% -> 100.00%    
client [35] (testset)   loss: 0.1907 -> 0.1878  accuracy: 95.10% -> 95.10%      
client [36] (testset)   loss: 0.0767 -> 0.0767  accuracy: 98.48% -> 98.48%      
client [64] (testset)   loss: 0.0703 -> 0.0706  accuracy: 98.06% -> 98.06%      
---------------------------- TRAINING EPOCH: 330 ----------------------------   
client [44] (testset)   loss: 0.1186 -> 0.1194  accuracy: 97.61% -> 97.61%      
client [6]  (testset)   loss: 0.0258 -> 0.0266  accuracy: 99.22% -> 98.96%      
client [12] (testset)   loss: 0.0581 -> 0.0569  accuracy: 97.52% -> 97.52%      
client [55] (testset)   loss: 0.0954 -> 0.0974  accuracy: 97.96% -> 97.96%      
client [29] (testset)   loss: 0.0452 -> 0.0448  accuracy: 98.52% -> 98.52%      
client [9]  (testset)   loss: 0.1392 -> 0.1426  accuracy: 96.91% -> 96.74%      
client [43] (testset)   loss: 0.2739 -> 0.2807  accuracy: 93.05% -> 91.44%      
client [77] (testset)   loss: 0.2015 -> 0.2016  accuracy: 95.89% -> 95.89%      
client [98] (testset)   loss: 0.2109 -> 0.2174  accuracy: 97.06% -> 97.06%      
client [78] (testset)   loss: 0.0515 -> 0.0519  accuracy: 99.36% -> 99.36%      
---------------------------- TRAINING EPOCH: 340 ----------------------------   
client [92] (testset)   loss: 0.0181 -> 0.0175  accuracy: 100.00% -> 100.00%    
client [80] (testset)   loss: 0.0091 -> 0.0083  accuracy: 100.00% -> 100.00%    
client [63] (testset)   loss: 0.1879 -> 0.1875  accuracy: 97.08% -> 97.08%      
client [76] (testset)   loss: 0.5626 -> 0.5649  accuracy: 94.81% -> 94.81%      
client [78] (testset)   loss: 0.0519 -> 0.0520  accuracy: 99.36% -> 99.36%      
client [25] (testset)   loss: 0.0460 -> 0.0445  accuracy: 98.85% -> 98.85%      
client [58] (testset)   loss: 0.1816 -> 0.1820  accuracy: 95.74% -> 95.74%      
client [13] (testset)   loss: 0.7902 -> 0.8094  accuracy: 75.00% -> 75.00%      
client [17] (testset)   loss: 0.1141 -> 0.1122  accuracy: 97.67% -> 98.05%      
client [38] (testset)   loss: 0.2187 -> 0.2245  accuracy: 94.74% -> 94.74%      
---------------------------- TRAINING EPOCH: 350 ----------------------------   
client [72] (testset)   loss: 0.1452 -> 0.1428  accuracy: 95.45% -> 96.36%      
client [82] (testset)   loss: 0.2581 -> 0.2561  accuracy: 92.96% -> 92.96%      
client [86] (testset)   loss: 0.0828 -> 0.0824  accuracy: 98.36% -> 98.36%      
client [51] (testset)   loss: 0.1915 -> 0.1921  accuracy: 91.43% -> 91.43%      
client [96] (testset)   loss: 0.0630 -> 0.0628  accuracy: 97.06% -> 97.06%      
client [42] (testset)   loss: 0.3164 -> 0.3110  accuracy: 95.08% -> 95.08%      
client [55] (testset)   loss: 0.0970 -> 0.0983  accuracy: 97.96% -> 97.96%      
client [13] (testset)   loss: 0.8201 -> 0.7681  accuracy: 75.00% -> 75.00%      
client [1]  (testset)   loss: 0.0420 -> 0.0440  accuracy: 96.67% -> 96.67%      
client [12] (testset)   loss: 0.0569 -> 0.0566  accuracy: 97.52% -> 97.52%      
---------------------------- TRAINING EPOCH: 360 ----------------------------   
client [68] (testset)   loss: 0.2300 -> 0.2293  accuracy: 96.61% -> 96.61%      
client [23] (testset)   loss: 0.0941 -> 0.0969  accuracy: 97.14% -> 97.14%      
client [46] (testset)   loss: 0.0812 -> 0.0815  accuracy: 97.97% -> 97.97%      
client [41] (testset)   loss: 0.0524 -> 0.0523  accuracy: 97.89% -> 97.89%      
client [25] (testset)   loss: 0.0415 -> 0.0391  accuracy: 98.85% -> 98.85%      
client [58] (testset)   loss: 0.1834 -> 0.1822  accuracy: 95.74% -> 95.74%      
client [14] (testset)   loss: 0.0956 -> 0.0967  accuracy: 98.61% -> 98.61%      
client [33] (testset)   loss: 0.0807 -> 0.0816  accuracy: 99.18% -> 99.18%      
client [85] (testset)   loss: 0.2440 -> 0.2400  accuracy: 96.89% -> 96.89%      
client [62] (testset)   loss: 0.1482 -> 0.1492  accuracy: 97.24% -> 97.24%      
---------------------------- TRAINING EPOCH: 370 ----------------------------   
client [98] (testset)   loss: 0.2098 -> 0.2172  accuracy: 97.06% -> 97.06%      
client [63] (testset)   loss: 0.1912 -> 0.1927  accuracy: 97.08% -> 97.08%      
client [70] (testset)   loss: 0.1848 -> 0.1893  accuracy: 97.98% -> 97.80%      
client [65] (testset)   loss: 0.0524 -> 0.0528  accuracy: 98.74% -> 98.74%      
client [14] (testset)   loss: 0.0985 -> 0.0974  accuracy: 98.61% -> 98.61%      
client [73] (testset)   loss: 0.2964 -> 0.2989  accuracy: 85.29% -> 85.29%      
client [34] (testset)   loss: 1.0275 -> 1.0259  accuracy: 83.33% -> 83.33%      
client [99] (testset)   loss: 1.6317 -> 1.6645  accuracy: 71.43% -> 71.43%      
client [69] (testset)   loss: 0.0354 -> 0.0355  accuracy: 99.09% -> 99.09%      
client [46] (testset)   loss: 0.0814 -> 0.0811  accuracy: 97.97% -> 97.97%      
---------------------------- TRAINING EPOCH: 380 ----------------------------   
client [99] (testset)   loss: 1.6747 -> 1.6827  accuracy: 71.43% -> 71.43%      
client [93] (testset)   loss: 0.0600 -> 0.0586  accuracy: 96.77% -> 96.77%      
client [11] (testset)   loss: 1.1124 -> 1.1191  accuracy: 33.33% -> 33.33%      
client [58] (testset)   loss: 0.1838 -> 0.1839  accuracy: 95.74% -> 95.74%      
client [81] (testset)   loss: 0.0881 -> 0.0821  accuracy: 98.77% -> 98.77%      
client [85] (testset)   loss: 0.2402 -> 0.2474  accuracy: 96.89% -> 96.89%      
client [89] (testset)   loss: 0.2982 -> 0.3061  accuracy: 90.91% -> 90.91%      
client [45] (testset)   loss: 0.0598 -> 0.0595  accuracy: 98.16% -> 98.16%      
client [8]  (testset)   loss: 0.0006 -> 0.0006  accuracy: 100.00% -> 100.00%    
client [68] (testset)   loss: 0.2305 -> 0.2305  accuracy: 96.61% -> 96.61%      
---------------------------- TRAINING EPOCH: 390 ----------------------------   
client [67] (testset)   loss: 0.0384 -> 0.0377  accuracy: 97.30% -> 97.30%      
client [72] (testset)   loss: 0.1474 -> 0.1470  accuracy: 95.45% -> 95.45%      
client [1]  (testset)   loss: 0.0467 -> 0.0437  accuracy: 96.67% -> 96.67%      
client [78] (testset)   loss: 0.0512 -> 0.0522  accuracy: 99.36% -> 99.36%      
client [83] (testset)   loss: 0.2717 -> 0.2725  accuracy: 93.24% -> 93.24%      
client [21] (testset)   loss: 0.1196 -> 0.1228  accuracy: 96.08% -> 96.08%      
client [56] (testset)   loss: 0.1096 -> 0.1129  accuracy: 96.77% -> 96.77%      
client [44] (testset)   loss: 0.1243 -> 0.1249  accuracy: 97.61% -> 97.61%      
client [92] (testset)   loss: 0.0160 -> 0.0156  accuracy: 100.00% -> 100.00%    
client [27] (testset)   loss: 0.2093 -> 0.2102  accuracy: 97.86% -> 97.86%      
---------------------------- TRAINING EPOCH: 400 ----------------------------   
client [10] (testset)   loss: 0.0519 -> 0.0493  accuracy: 99.01% -> 99.01%      
client [39] (testset)   loss: 0.0078 -> 0.0078  accuracy: 99.75% -> 99.75%      
client [65] (testset)   loss: 0.0542 -> 0.0540  accuracy: 98.74% -> 98.74%      
client [26] (testset)   loss: 0.8579 -> 0.8611  accuracy: 83.33% -> 83.33%      
client [19] (testset)   loss: 0.0441 -> 0.0433  accuracy: 98.15% -> 98.15%      
client [68] (testset)   loss: 0.2314 -> 0.2315  accuracy: 96.61% -> 96.61%      
client [41] (testset)   loss: 0.0525 -> 0.0525  accuracy: 97.89% -> 97.89%      
client [50] (testset)   loss: 0.2700 -> 0.2725  accuracy: 94.36% -> 94.36%      
client [75] (testset)   loss: 0.0485 -> 0.0493  accuracy: 98.45% -> 98.45%      
client [81] (testset)   loss: 0.0859 -> 0.0845  accuracy: 98.77% -> 98.77%      
PSFL's average time taken by each global epoch: 0 min 1.46 sec.                 
PSFL's total running time: 0 h 9 m 51 s.                                        
==================== PSFL Experiment Results: ====================              
Display format: (before local fine-tuning) -> (after local fine-tuning)         
 So if finetune_epoch = 0, x.xx% -> 0.00% is normal.                            
 Centralized testing ONLY happens after model aggregation, so the stats between 
'->' are the same.                                                              
{                                                                               
    "100": {                                                                    
        "all_clients": {                                                        
            "test": {                                                           
                "loss": "0.1180 -> 0.0000",                                     
                "accuracy": "97.00% -> 0.00%"                                   
            }                                                                   
        }                                                                       
    },                                                                          
    "200": {                                                                    
        "all_clients": {                                                        
            "test": {                                                           
                "loss": "0.1186 -> 0.0000",                                     
                "accuracy": "97.35% -> 0.00%"                                   
            }                                                                   
        }                                                                       
    },                                                                          
    "300": {                                                                    
        "all_clients": {                                                        
            "test": {                                                           
                "loss": "0.1246 -> 0.0000",                                     
                "accuracy": "97.41% -> 0.00%"                                   
            }                                                                   
        }                                                                       
    },                                                                          
    "400": {                                                                    
        "all_clients": {                                                        
            "test": {                                                           
                "loss": "0.1301 -> 0.0000",                                     
                "accuracy": "97.46% -> 0.00%"                                   
            }                                                                   
        }                                                                       
    }                                                                           
}                                                                               
==================== PSFL Max Accuracy ====================                     
all_clients:                                                                    
(test) before fine-tuning: 97.46% at epoch 400                                  
(test) after fine-tuning: 0.00% at epoch 100                                    
