==================== PSFL ====================                                  
Experiment Arguments:                                                           
{
│   'method': 'psfl',
│   'dataset': {
│   │   'name': 'emnist',
│   │   'client_num': 100,
│   │   'test_ratio': 0.25,
│   │   'val_ratio': 0.0,
│   │   'seed': 42,
│   │   'split': 'sample',
│   │   'IID_ratio': 0.0,
│   │   'monitor_window_name_suffix': 'emnist-100clients-0%IID-Dir(0.1)-seed42',
│   │   'emnist_split': 'byclass',
│   │   'alpha': 0.1,
│   │   'min_samples_per_client': 10
│   },
│   'model': {
│   │   'name': 'avgcnn',
│   │   'use_torchvision_pretrained_weights': True,
│   │   'external_model_weights_path': None
│   },
│   'optimizer': {
│   │   'lr': 0.01,
│   │   'dampening': 0,
│   │   'weight_decay': 0,
│   │   'momentum': 0,
│   │   'nesterov': False,
│   │   'name': 'sgd'
│   },
│   'mode': 'sequential',
│   'parallel': {
│   │   'ray_cluster_addr': None,
│   │   'num_cpus': None,
│   │   'num_gpus': None,
│   │   'num_workers': 2
│   },
│   'common': {
│   │   'seed': 42,
│   │   'join_ratio': 0.1,
│   │   'global_epoch': 400,
│   │   'local_epoch': 5,
│   │   'batch_size': 32,
│   │   'reset_optimizer_on_global_epoch': True,
│   │   'straggler_ratio': 0,
│   │   'straggler_min_local_epoch': 0,
│   │   'buffers': 'global',
│   │   'client_side_evaluation': True,
│   │   'test': {
│   │   │   'client': {
│   │   │   │   'interval': 100,
│   │   │   │   'finetune_epoch': 0,
│   │   │   │   'train': False,
│   │   │   │   'val': False,
│   │   │   │   'test': True
│   │   │   },
│   │   │   'server': {
│   │   │   │   'interval': -1,
│   │   │   │   'train': False,
│   │   │   │   'val': False,
│   │   │   │   'test': False,
│   │   │   │   'model_in_train_mode': False
│   │   │   }
│   │   },
│   │   'verbose_gap': 10,
│   │   'monitor': None,
│   │   'use_cuda': True,
│   │   'save_log': True,
│   │   'save_model': False,
│   │   'save_learning_curve_plot': False,
│   │   'save_metrics': True,
│   │   'delete_useless_run': True
│   },
│   'psfl': {
│   │   'alpha': 0.0,
│   │   'CLS': False,
│   │   'ig_ratio': 0.999999,
│   │   'track': False,
│   │   'score': 'obp'
│   }
}
---------------------------- TRAINING EPOCH: 10 ----------------------------    
client [77] (testset)   loss: 0.7809 -> 0.1365  accuracy: 79.27% -> 96.89%      
client [81] (testset)   loss: 1.8318 -> 0.2760  accuracy: 58.52% -> 89.04%      
client [21] (testset)   loss: 1.1754 -> 0.1478  accuracy: 73.40% -> 95.68%      
client [68] (testset)   loss: 0.8287 -> 0.1401  accuracy: 78.52% -> 96.51%      
client [93] (testset)   loss: 0.6762 -> 0.1212  accuracy: 85.42% -> 95.81%      
client [31] (testset)   loss: 0.9340 -> 0.1571  accuracy: 75.18% -> 94.73%      
client [20] (testset)   loss: 0.8124 -> 0.1755  accuracy: 75.37% -> 94.58%      
client [59] (testset)   loss: 1.0274 -> 0.3589  accuracy: 74.18% -> 90.47%      
client [48] (testset)   loss: 2.2807 -> 0.3651  accuracy: 37.21% -> 85.47%      
client [34] (testset)   loss: 0.8265 -> 0.1015  accuracy: 67.47% -> 97.50%      
---------------------------- TRAINING EPOCH: 20 ----------------------------    
client [69] (testset)   loss: 1.7047 -> 0.2247  accuracy: 68.28% -> 93.70%      
client [99] (testset)   loss: 0.7035 -> 0.1105  accuracy: 83.16% -> 97.00%      
client [67] (testset)   loss: 1.3995 -> 0.1346  accuracy: 70.77% -> 95.59%      
client [0]  (testset)   loss: 0.4899 -> 0.1244  accuracy: 87.95% -> 96.84%      
client [76] (testset)   loss: 2.2434 -> 0.1171  accuracy: 49.49% -> 96.11%      
client [41] (testset)   loss: 1.0685 -> 0.2447  accuracy: 71.79% -> 92.29%      
client [62] (testset)   loss: 0.8707 -> 0.1565  accuracy: 80.20% -> 96.42%      
client [2]  (testset)   loss: 1.2383 -> 0.0895  accuracy: 69.43% -> 97.34%      
client [14] (testset)   loss: 1.4380 -> 0.1487  accuracy: 70.09% -> 96.50%      
client [46] (testset)   loss: 4.0893 -> 0.0732  accuracy: 20.06% -> 98.66%      
---------------------------- TRAINING EPOCH: 30 ----------------------------    
client [24] (testset)   loss: 0.1254 -> 0.1203  accuracy: 96.26% -> 96.51%      
client [68] (testset)   loss: 0.7540 -> 0.1441  accuracy: 80.95% -> 96.08%      
client [57] (testset)   loss: 3.3714 -> 0.0556  accuracy: 33.48% -> 98.71%      
client [17] (testset)   loss: 2.4196 -> 0.2439  accuracy: 43.70% -> 94.13%      
client [54] (testset)   loss: 1.8449 -> 0.1228  accuracy: 63.93% -> 96.02%      
client [23] (testset)   loss: 2.2156 -> 0.3367  accuracy: 61.00% -> 85.59%      
client [35] (testset)   loss: 1.1632 -> 0.0725  accuracy: 67.81% -> 98.09%      
client [59] (testset)   loss: 1.2186 -> 0.1938  accuracy: 68.03% -> 93.95%      
client [31] (testset)   loss: 0.6706 -> 0.1675  accuracy: 84.60% -> 94.89%      
client [9]  (testset)   loss: 0.3902 -> 0.0973  accuracy: 90.82% -> 97.67%      
---------------------------- TRAINING EPOCH: 40 ----------------------------    
client [64] (testset)   loss: 1.2198 -> 0.2998  accuracy: 77.80% -> 91.27%      
client [33] (testset)   loss: 2.1569 -> 0.0800  accuracy: 65.45% -> 98.27%      
client [16] (testset)   loss: 1.8253 -> 0.2123  accuracy: 54.34% -> 94.57%      
client [44] (testset)   loss: 2.5124 -> 0.2451  accuracy: 58.30% -> 93.51%      
client [8]  (testset)   loss: 1.9337 -> 0.2383  accuracy: 60.36% -> 93.13%      
client [31] (testset)   loss: 1.8465 -> 0.1763  accuracy: 67.04% -> 94.23%      
client [47] (testset)   loss: 1.1719 -> 0.1950  accuracy: 71.97% -> 93.50%      
client [36] (testset)   loss: 2.1811 -> 0.1230  accuracy: 50.92% -> 96.73%      
client [20] (testset)   loss: 0.6381 -> 0.1780  accuracy: 84.09% -> 95.07%      
client [56] (testset)   loss: 1.0475 -> 0.0800  accuracy: 78.83% -> 98.25%      
---------------------------- TRAINING EPOCH: 50 ----------------------------    
client [4]  (testset)   loss: 1.8437 -> 0.3181  accuracy: 60.56% -> 89.17%      
client [60] (testset)   loss: 0.5626 -> 0.0496  accuracy: 85.02% -> 98.76%      
client [28] (testset)   loss: 1.2396 -> 0.1056  accuracy: 72.97% -> 95.61%      
client [25] (testset)   loss: 1.0032 -> 0.0845  accuracy: 79.91% -> 97.26%      
client [58] (testset)   loss: 0.7203 -> 0.0706  accuracy: 78.72% -> 98.53%      
client [44] (testset)   loss: 3.0547 -> 0.2357  accuracy: 52.87% -> 93.83%      
client [39] (testset)   loss: 3.1260 -> 0.1072  accuracy: 43.19% -> 96.85%      
client [29] (testset)   loss: 1.3984 -> 0.1700  accuracy: 69.35% -> 94.71%      
client [3]  (testset)   loss: 0.7791 -> 0.1449  accuracy: 75.44% -> 95.74%      
client [84] (testset)   loss: 0.7406 -> 0.1252  accuracy: 86.73% -> 96.72%      
---------------------------- TRAINING EPOCH: 60 ----------------------------    
client [21] (testset)   loss: 1.1977 -> 0.1543  accuracy: 79.69% -> 95.82%      
client [84] (testset)   loss: 1.4677 -> 0.1737  accuracy: 71.00% -> 94.53%      
client [10] (testset)   loss: 1.4893 -> 0.1908  accuracy: 59.86% -> 92.87%      
client [36] (testset)   loss: 0.8842 -> 0.1324  accuracy: 77.41% -> 97.13%      
client [65] (testset)   loss: 2.6641 -> 0.3389  accuracy: 45.28% -> 91.61%      
client [81] (testset)   loss: 1.3509 -> 0.3219  accuracy: 76.85% -> 89.00%      
client [79] (testset)   loss: 1.8088 -> 0.3138  accuracy: 65.89% -> 93.26%      
client [42] (testset)   loss: 3.4895 -> 0.1964  accuracy: 39.25% -> 94.97%      
client [11] (testset)   loss: 0.9934 -> 0.1346  accuracy: 79.45% -> 96.62%      
client [96] (testset)   loss: 1.5109 -> 0.1740  accuracy: 54.68% -> 96.35%      
---------------------------- TRAINING EPOCH: 70 ----------------------------    
client [8]  (testset)   loss: 2.5204 -> 0.2738  accuracy: 62.07% -> 92.95%      
client [53] (testset)   loss: 0.5312 -> 0.1462  accuracy: 89.84% -> 97.06%      
client [52] (testset)   loss: 1.7835 -> 0.2863  accuracy: 67.37% -> 92.29%      
client [42] (testset)   loss: 0.5914 -> 0.1927  accuracy: 85.52% -> 95.09%      
client [69] (testset)   loss: 0.8887 -> 0.2843  accuracy: 84.14% -> 94.15%      
client [59] (testset)   loss: 0.9921 -> 0.2309  accuracy: 77.78% -> 93.14%      
client [7]  (testset)   loss: 1.2594 -> 0.1882  accuracy: 60.80% -> 96.02%      
client [26] (testset)   loss: 0.8780 -> 0.2806  accuracy: 81.16% -> 94.12%      
client [49] (testset)   loss: 0.5376 -> 0.0862  accuracy: 86.66% -> 98.02%      
client [98] (testset)   loss: 1.5052 -> 0.1130  accuracy: 59.13% -> 96.86%      
---------------------------- TRAINING EPOCH: 80 ----------------------------    
client [98] (testset)   loss: 1.2844 -> 0.1211  accuracy: 74.34% -> 96.70%      
client [47] (testset)   loss: 1.1875 -> 0.2210  accuracy: 81.45% -> 94.19%      
client [21] (testset)   loss: 1.2071 -> 0.1533  accuracy: 80.81% -> 95.97%      
client [77] (testset)   loss: 0.5192 -> 0.1587  accuracy: 88.73% -> 96.83%      
client [95] (testset)   loss: 2.0969 -> 0.1569  accuracy: 58.51% -> 96.75%      
client [91] (testset)   loss: 1.5765 -> 0.0657  accuracy: 72.17% -> 98.37%      
client [14] (testset)   loss: 2.1481 -> 0.1958  accuracy: 62.11% -> 95.83%      
client [99] (testset)   loss: 0.9539 -> 0.1309  accuracy: 83.68% -> 96.62%      
client [20] (testset)   loss: 4.2882 -> 0.2220  accuracy: 40.76% -> 94.31%      
client [39] (testset)   loss: 1.3929 -> 0.1169  accuracy: 70.96% -> 97.16%      
---------------------------- TRAINING EPOCH: 90 ----------------------------    
client [52] (testset)   loss: 2.4523 -> 0.3104  accuracy: 61.90% -> 92.51%      
client [62] (testset)   loss: 1.0824 -> 0.1738  accuracy: 83.88% -> 96.65%      
client [71] (testset)   loss: 0.5173 -> 0.1039  accuracy: 88.72% -> 97.61%      
client [97] (testset)   loss: 1.1796 -> 0.0974  accuracy: 76.93% -> 98.19%      
client [30] (testset)   loss: 1.6247 -> 0.2143  accuracy: 77.78% -> 95.07%      
client [88] (testset)   loss: 1.3455 -> 0.2901  accuracy: 71.44% -> 92.16%      
client [60] (testset)   loss: 0.9635 -> 0.0738  accuracy: 83.86% -> 98.15%      
client [82] (testset)   loss: 3.1636 -> 0.4407  accuracy: 32.28% -> 82.34%      
client [91] (testset)   loss: 1.5270 -> 0.0783  accuracy: 68.32% -> 98.48%      
client [57] (testset)   loss: 2.4095 -> 0.0826  accuracy: 43.88% -> 98.71%      
---------------------------- TRAINING EPOCH: 100 ----------------------------   
client [31] (testset)   loss: 1.4987 -> 0.2256  accuracy: 78.37% -> 94.15%      
client [15] (testset)   loss: 2.1969 -> 0.2432  accuracy: 65.12% -> 93.80%      
client [71] (testset)   loss: 0.4983 -> 0.1112  accuracy: 90.68% -> 97.69%      
client [97] (testset)   loss: 0.8424 -> 0.1075  accuracy: 84.34% -> 98.08%      
client [53] (testset)   loss: 0.5859 -> 0.1738  accuracy: 89.64% -> 96.97%      
client [77] (testset)   loss: 0.8203 -> 0.1812  accuracy: 83.74% -> 97.15%      
client [76] (testset)   loss: 1.9700 -> 0.1536  accuracy: 59.60% -> 95.97%      
client [79] (testset)   loss: 1.1560 -> 0.3467  accuracy: 75.26% -> 92.21%      
client [28] (testset)   loss: 0.9623 -> 0.1390  accuracy: 82.07% -> 94.92%      
client [99] (testset)   loss: 1.6919 -> 0.1334  accuracy: 69.07% -> 96.22%      
---------------------------- TRAINING EPOCH: 110 ----------------------------   
client [97] (testset)   loss: 0.3967 -> 0.1144  accuracy: 92.43% -> 97.84%      
client [86] (testset)   loss: 1.5551 -> 0.4123  accuracy: 69.01% -> 91.62%      
client [34] (testset)   loss: 2.5787 -> 0.1660  accuracy: 49.56% -> 96.91%      
client [73] (testset)   loss: 0.7222 -> 0.2477  accuracy: 86.32% -> 94.49%      
client [5]  (testset)   loss: 0.7196 -> 0.1894  accuracy: 87.06% -> 96.30%      
client [96] (testset)   loss: 1.2111 -> 0.2342  accuracy: 78.60% -> 95.88%      
client [22] (testset)   loss: 0.6225 -> 0.2668  accuracy: 90.11% -> 94.75%      
client [60] (testset)   loss: 1.4393 -> 0.0947  accuracy: 71.51% -> 97.84%      
client [66] (testset)   loss: 1.8979 -> 0.1829  accuracy: 68.88% -> 96.64%      
client [83] (testset)   loss: 1.3613 -> 0.2297  accuracy: 69.29% -> 95.86%      
---------------------------- TRAINING EPOCH: 120 ----------------------------   
client [76] (testset)   loss: 0.7024 -> 0.1731  accuracy: 83.14% -> 95.97%      
client [65] (testset)   loss: 2.2954 -> 0.3564  accuracy: 74.62% -> 91.89%      
client [95] (testset)   loss: 0.9978 -> 0.1970  accuracy: 79.97% -> 96.65%      
client [17] (testset)   loss: 1.7559 -> 0.3278  accuracy: 67.40% -> 93.64%      
client [8]  (testset)   loss: 1.9944 -> 0.3148  accuracy: 62.18% -> 92.78%      
client [35] (testset)   loss: 1.3774 -> 0.1017  accuracy: 71.90% -> 97.85%      
client [98] (testset)   loss: 0.8877 -> 0.1408  accuracy: 84.08% -> 96.50%      
client [53] (testset)   loss: 1.0560 -> 0.1889  accuracy: 80.64% -> 96.87%      
client [43] (testset)   loss: 1.1938 -> 0.3277  accuracy: 73.31% -> 92.87%      
client [64] (testset)   loss: 1.6677 -> 0.3855  accuracy: 61.10% -> 90.32%      
---------------------------- TRAINING EPOCH: 130 ----------------------------   
client [21] (testset)   loss: 1.1432 -> 0.1966  accuracy: 82.45% -> 95.86%      
client [88] (testset)   loss: 1.4850 -> 0.3675  accuracy: 74.89% -> 91.22%      
client [38] (testset)   loss: 2.1886 -> 0.1574  accuracy: 74.05% -> 96.82%      
client [3]  (testset)   loss: 0.3955 -> 0.1881  accuracy: 93.37% -> 96.56%      
client [5]  (testset)   loss: 1.3865 -> 0.1927  accuracy: 74.11% -> 96.08%      
client [41] (testset)   loss: 0.9535 -> 0.3073  accuracy: 81.82% -> 93.29%      
client [7]  (testset)   loss: 1.4533 -> 0.2539  accuracy: 66.86% -> 95.56%      
client [37] (testset)   loss: 1.7774 -> 0.3013  accuracy: 71.96% -> 92.45%      
client [45] (testset)   loss: 1.6106 -> 0.4076  accuracy: 76.39% -> 89.19%      
client [47] (testset)   loss: 1.2331 -> 0.3055  accuracy: 77.35% -> 93.16%      
---------------------------- TRAINING EPOCH: 140 ----------------------------   
client [16] (testset)   loss: 0.7689 -> 0.3093  accuracy: 78.43% -> 93.35%      
client [11] (testset)   loss: 0.6023 -> 0.1581  accuracy: 87.93% -> 96.83%      
client [37] (testset)   loss: 0.9962 -> 0.2948  accuracy: 78.40% -> 92.34%      
client [41] (testset)   loss: 2.6951 -> 0.3232  accuracy: 56.11% -> 92.79%      
client [95] (testset)   loss: 0.9727 -> 0.2000  accuracy: 84.46% -> 96.27%      
client [53] (testset)   loss: 0.6295 -> 0.1855  accuracy: 87.76% -> 96.72%      
client [22] (testset)   loss: 0.7682 -> 0.2737  accuracy: 85.48% -> 94.75%      
client [25] (testset)   loss: 0.7549 -> 0.1154  accuracy: 83.97% -> 97.15%      
client [69] (testset)   loss: 0.7959 -> 0.3083  accuracy: 86.39% -> 94.04%      
client [46] (testset)   loss: 2.7337 -> 0.1004  accuracy: 41.54% -> 98.29%      
---------------------------- TRAINING EPOCH: 150 ----------------------------   
client [47] (testset)   loss: 1.1202 -> 0.3620  accuracy: 78.80% -> 92.82%      
client [69] (testset)   loss: 1.1473 -> 0.3269  accuracy: 83.01% -> 93.14%      
client [82] (testset)   loss: 1.8535 -> 0.6157  accuracy: 65.99% -> 79.65%      
client [45] (testset)   loss: 2.1179 -> 0.4750  accuracy: 67.33% -> 88.41%      
client [7]  (testset)   loss: 2.6809 -> 0.2682  accuracy: 49.90% -> 95.24%      
client [50] (testset)   loss: 0.3295 -> 0.1151  accuracy: 93.17% -> 98.11%      
client [35] (testset)   loss: 0.3899 -> 0.1368  accuracy: 92.48% -> 97.44%      
client [24] (testset)   loss: 0.9889 -> 0.1868  accuracy: 82.81% -> 95.51%      
client [15] (testset)   loss: 2.7510 -> 0.3022  accuracy: 57.65% -> 92.65%      
client [58] (testset)   loss: 1.5281 -> 0.1344  accuracy: 78.09% -> 98.03%      
---------------------------- TRAINING EPOCH: 160 ----------------------------   
client [48] (testset)   loss: 4.6828 -> 0.6954  accuracy: 52.91% -> 83.33%      
client [76] (testset)   loss: 3.0003 -> 0.1988  accuracy: 62.90% -> 95.31%      
client [67] (testset)   loss: 0.7955 -> 0.2209  accuracy: 81.62% -> 94.67%      
client [37] (testset)   loss: 1.4238 -> 0.3220  accuracy: 75.05% -> 92.27%      
client [58] (testset)   loss: 1.3848 -> 0.1389  accuracy: 76.90% -> 98.03%      
client [64] (testset)   loss: 4.1752 -> 0.4080  accuracy: 54.46% -> 89.94%      
client [77] (testset)   loss: 0.5150 -> 0.2035  accuracy: 89.57% -> 96.50%      
client [55] (testset)   loss: 2.6492 -> 0.3782  accuracy: 57.47% -> 91.71%      
client [12] (testset)   loss: 0.8808 -> 0.2613  accuracy: 87.42% -> 95.27%      
client [89] (testset)   loss: 2.7120 -> 0.4902  accuracy: 58.50% -> 89.49%      
---------------------------- TRAINING EPOCH: 170 ----------------------------   
client [84] (testset)   loss: 1.7618 -> 0.2648  accuracy: 64.71% -> 93.71%      
client [51] (testset)   loss: 1.8803 -> 0.3660  accuracy: 61.11% -> 94.08%      
client [8]  (testset)   loss: 1.6749 -> 0.3825  accuracy: 70.87% -> 92.84%      
client [18] (testset)   loss: 2.3695 -> 0.2685  accuracy: 64.38% -> 94.92%      
client [94] (testset)   loss: 0.7768 -> 0.1868  accuracy: 89.12% -> 96.67%      
client [81] (testset)   loss: 1.8535 -> 0.5284  accuracy: 69.97% -> 87.60%      
client [3]  (testset)   loss: 1.1777 -> 0.2171  accuracy: 80.82% -> 96.74%      
client [11] (testset)   loss: 1.4342 -> 0.1958  accuracy: 78.34% -> 96.28%      
client [95] (testset)   loss: 1.5733 -> 0.2342  accuracy: 73.09% -> 95.94%      
client [67] (testset)   loss: 0.7801 -> 0.2119  accuracy: 82.17% -> 94.30%      
---------------------------- TRAINING EPOCH: 180 ----------------------------   
client [21] (testset)   loss: 0.6744 -> 0.2123  accuracy: 88.59% -> 95.68%      
client [79] (testset)   loss: 1.7037 -> 0.4400  accuracy: 72.74% -> 91.68%      
client [58] (testset)   loss: 1.3744 -> 0.1470  accuracy: 76.70% -> 98.01%      
client [88] (testset)   loss: 4.4538 -> 0.4211  accuracy: 48.63% -> 91.44%      
client [46] (testset)   loss: 0.3405 -> 0.1298  accuracy: 94.87% -> 97.93%      
client [11] (testset)   loss: 1.1075 -> 0.1819  accuracy: 83.17% -> 96.48%      
client [55] (testset)   loss: 2.4254 -> 0.4752  accuracy: 55.56% -> 91.12%      
client [13] (testset)   loss: 1.3513 -> 0.1135  accuracy: 75.67% -> 98.16%      
client [31] (testset)   loss: 1.0841 -> 0.2612  accuracy: 86.22% -> 94.48%      
client [75] (testset)   loss: 0.7849 -> 0.3558  accuracy: 88.59% -> 94.00%      
---------------------------- TRAINING EPOCH: 190 ----------------------------   
client [19] (testset)   loss: 1.0905 -> 0.3145  accuracy: 78.46% -> 95.03%      
client [7]  (testset)   loss: 2.4644 -> 0.3785  accuracy: 51.14% -> 94.13%      
client [57] (testset)   loss: 0.5592 -> 0.1460  accuracy: 89.70% -> 97.64%      
client [13] (testset)   loss: 0.5473 -> 0.1404  accuracy: 90.41% -> 97.71%      
client [43] (testset)   loss: 1.6081 -> 0.4442  accuracy: 72.45% -> 91.51%      
client [91] (testset)   loss: 1.2047 -> 0.1361  accuracy: 76.30% -> 98.04%      
client [10] (testset)   loss: 3.4882 -> 0.3525  accuracy: 52.45% -> 91.47%      
client [64] (testset)   loss: 4.1452 -> 0.4939  accuracy: 55.98% -> 90.89%      
client [82] (testset)   loss: 1.4893 -> 0.8286  accuracy: 71.76% -> 79.29%      
client [22] (testset)   loss: 0.8519 -> 0.3011  accuracy: 87.89% -> 94.89%      
---------------------------- TRAINING EPOCH: 200 ----------------------------   
client [20] (testset)   loss: 1.6150 -> 0.3175  accuracy: 64.30% -> 94.31%      
client [23] (testset)   loss: 2.0419 -> 0.6519  accuracy: 64.61% -> 82.68%      
client [88] (testset)   loss: 1.0297 -> 0.4163  accuracy: 78.56% -> 91.58%      
client [98] (testset)   loss: 0.5996 -> 0.1788  accuracy: 88.69% -> 96.40%      
client [79] (testset)   loss: 1.5344 -> 0.4724  accuracy: 71.47% -> 91.68%      
client [21] (testset)   loss: 0.8765 -> 0.2374  accuracy: 83.90% -> 95.28%      
client [92] (testset)   loss: 1.4308 -> 0.3732  accuracy: 79.55% -> 94.42%      
client [56] (testset)   loss: 2.0253 -> 0.1285  accuracy: 69.42% -> 98.12%      
client [5]  (testset)   loss: 1.4715 -> 0.2462  accuracy: 77.66% -> 95.78%      
client [52] (testset)   loss: 3.6512 -> 0.4778  accuracy: 48.94% -> 91.73%      
---------------------------- TRAINING EPOCH: 210 ----------------------------   
client [67] (testset)   loss: 1.2264 -> 0.2706  accuracy: 75.18% -> 93.93%      
client [54] (testset)   loss: 0.6360 -> 0.2105  accuracy: 87.44% -> 95.77%      
client [14] (testset)   loss: 1.2324 -> 0.2804  accuracy: 77.22% -> 95.59%      
client [99] (testset)   loss: 0.7913 -> 0.1997  accuracy: 85.76% -> 96.10%      
client [36] (testset)   loss: 2.0528 -> 0.2262  accuracy: 69.09% -> 96.73%      
client [30] (testset)   loss: 1.2367 -> 0.3380  accuracy: 79.61% -> 93.79%      
client [38] (testset)   loss: 2.1614 -> 0.2332  accuracy: 72.82% -> 95.59%      
client [15] (testset)   loss: 1.8387 -> 0.3316  accuracy: 69.73% -> 92.73%      
client [6]  (testset)   loss: 1.9590 -> 0.2849  accuracy: 69.62% -> 95.39%      
client [53] (testset)   loss: 0.8792 -> 0.2487  accuracy: 88.01% -> 96.63%      
---------------------------- TRAINING EPOCH: 220 ----------------------------   
client [99] (testset)   loss: 0.9402 -> 0.2079  accuracy: 81.98% -> 96.19%      
client [6]  (testset)   loss: 1.8254 -> 0.3055  accuracy: 69.69% -> 94.96%      
client [83] (testset)   loss: 0.5247 -> 0.3331  accuracy: 90.67% -> 95.36%      
client [42] (testset)   loss: 0.5619 -> 0.3591  accuracy: 92.00% -> 94.00%      
client [34] (testset)   loss: 0.7362 -> 0.2174  accuracy: 87.59% -> 96.61%      
client [15] (testset)   loss: 4.2464 -> 0.3390  accuracy: 55.11% -> 92.93%      
client [47] (testset)   loss: 1.3700 -> 0.4026  accuracy: 80.77% -> 93.16%      
client [55] (testset)   loss: 2.4090 -> 0.5340  accuracy: 57.78% -> 90.25%      
client [51] (testset)   loss: 6.0257 -> 0.3910  accuracy: 33.82% -> 94.87%      
client [95] (testset)   loss: 2.2034 -> 0.2772  accuracy: 75.33% -> 95.84%      
---------------------------- TRAINING EPOCH: 230 ----------------------------   
client [71] (testset)   loss: 1.2627 -> 0.1385  accuracy: 80.74% -> 97.49%      
client [15] (testset)   loss: 1.9519 -> 0.3274  accuracy: 76.00% -> 92.89%      
client [33] (testset)   loss: 2.5019 -> 0.1517  accuracy: 70.60% -> 97.54%      
client [99] (testset)   loss: 1.1364 -> 0.2182  accuracy: 82.47% -> 96.48%      
client [90] (testset)   loss: 2.6852 -> 0.4020  accuracy: 64.27% -> 93.13%      
client [57] (testset)   loss: 0.5784 -> 0.1538  accuracy: 90.56% -> 97.21%      
client [27] (testset)   loss: 0.5265 -> 0.1736  accuracy: 90.40% -> 96.77%      
client [78] (testset)   loss: 2.8327 -> 0.3760  accuracy: 56.48% -> 92.71%      
client [36] (testset)   loss: 1.1456 -> 0.2360  accuracy: 82.40% -> 96.10%      
client [88] (testset)   loss: 2.7550 -> 0.4880  accuracy: 52.37% -> 91.65%      
---------------------------- TRAINING EPOCH: 240 ----------------------------   
client [70] (testset)   loss: 2.7180 -> 0.5811  accuracy: 69.19% -> 89.86%      
client [35] (testset)   loss: 0.4976 -> 0.1488  accuracy: 89.56% -> 97.77%      
client [16] (testset)   loss: 0.9567 -> 0.5138  accuracy: 85.24% -> 93.03%      
client [80] (testset)   loss: 0.6103 -> 0.1600  accuracy: 90.84% -> 97.45%      
client [38] (testset)   loss: 2.6858 -> 0.2266  accuracy: 62.56% -> 95.79%      
client [78] (testset)   loss: 4.5809 -> 0.3987  accuracy: 52.29% -> 92.94%      
client [68] (testset)   loss: 1.3766 -> 0.2926  accuracy: 80.00% -> 95.03%      
client [11] (testset)   loss: 0.9168 -> 0.2186  accuracy: 86.00% -> 95.72%      
client [64] (testset)   loss: 2.0921 -> 0.5648  accuracy: 71.73% -> 91.08%      
client [82] (testset)   loss: 2.4953 -> 0.9440  accuracy: 57.22% -> 80.21%      
---------------------------- TRAINING EPOCH: 250 ----------------------------   
client [30] (testset)   loss: 1.0767 -> 0.3684  accuracy: 83.38% -> 93.43%      
client [27] (testset)   loss: 0.6221 -> 0.1739  accuracy: 89.18% -> 96.82%      
client [74] (testset)   loss: 1.6253 -> 0.2062  accuracy: 73.94% -> 96.03%      
client [45] (testset)   loss: 2.4752 -> 0.5809  accuracy: 65.88% -> 88.65%      
client [6]  (testset)   loss: 1.3055 -> 0.3206  accuracy: 77.86% -> 94.96%      
client [36] (testset)   loss: 1.1647 -> 0.2589  accuracy: 78.33% -> 95.81%      
client [63] (testset)   loss: 2.2924 -> 0.2228  accuracy: 64.25% -> 96.89%      
client [76] (testset)   loss: 3.0669 -> 0.2719  accuracy: 62.10% -> 95.38%      
client [83] (testset)   loss: 0.8682 -> 0.3404  accuracy: 85.24% -> 95.26%      
client [86] (testset)   loss: 1.4144 -> 0.5580  accuracy: 74.87% -> 89.95%      
---------------------------- TRAINING EPOCH: 260 ----------------------------   
client [83] (testset)   loss: 1.2195 -> 0.3359  accuracy: 75.82% -> 95.49%      
client [99] (testset)   loss: 0.6992 -> 0.2106  accuracy: 86.69% -> 96.39%      
client [74] (testset)   loss: 2.1640 -> 0.2265  accuracy: 69.81% -> 96.20%      
client [73] (testset)   loss: 1.5926 -> 0.3434  accuracy: 75.93% -> 93.69%      
client [29] (testset)   loss: 1.1384 -> 0.3267  accuracy: 83.25% -> 93.36%      
client [92] (testset)   loss: 1.0482 -> 0.3991  accuracy: 82.44% -> 93.84%      
client [6]  (testset)   loss: 1.3347 -> 0.3128  accuracy: 75.23% -> 94.61%      
client [61] (testset)   loss: 1.4269 -> 0.5856  accuracy: 77.94% -> 89.18%      
client [21] (testset)   loss: 0.7508 -> 0.2533  accuracy: 87.14% -> 95.49%      
client [67] (testset)   loss: 1.3779 -> 0.2789  accuracy: 80.51% -> 93.75%      
---------------------------- TRAINING EPOCH: 270 ----------------------------   
client [83] (testset)   loss: 1.5366 -> 0.3472  accuracy: 72.46% -> 96.05%      
client [32] (testset)   loss: 1.1505 -> 0.3050  accuracy: 81.08% -> 94.62%      
client [95] (testset)   loss: 0.8431 -> 0.2836  accuracy: 87.67% -> 96.03%      
client [61] (testset)   loss: 2.2792 -> 0.5848  accuracy: 77.75% -> 88.99%      
client [27] (testset)   loss: 0.5389 -> 0.1797  accuracy: 90.75% -> 97.16%      
client [25] (testset)   loss: 1.1764 -> 0.1803  accuracy: 80.13% -> 96.49%      
client [68] (testset)   loss: 2.3915 -> 0.3012  accuracy: 64.87% -> 94.39%      
client [34] (testset)   loss: 2.2235 -> 0.2280  accuracy: 56.08% -> 96.37%      
client [71] (testset)   loss: 0.5236 -> 0.1505  accuracy: 91.64% -> 97.63%      
client [89] (testset)   loss: 3.1698 -> 0.5985  accuracy: 59.52% -> 89.12%      
---------------------------- TRAINING EPOCH: 280 ----------------------------   
client [78] (testset)   loss: 1.9080 -> 0.4511  accuracy: 66.10% -> 92.16%      
client [81] (testset)   loss: 2.0428 -> 0.6201  accuracy: 73.15% -> 87.95%      
client [51] (testset)   loss: 1.8296 -> 0.4056  accuracy: 66.24% -> 94.02%      
client [54] (testset)   loss: 3.3989 -> 0.2359  accuracy: 59.20% -> 95.65%      
client [65] (testset)   loss: 1.8528 -> 0.4712  accuracy: 71.57% -> 90.29%      
client [41] (testset)   loss: 1.7130 -> 0.3838  accuracy: 79.00% -> 92.98%      
client [11] (testset)   loss: 0.8989 -> 0.2462  accuracy: 86.97% -> 95.93%      
client [85] (testset)   loss: 0.6288 -> 0.3507  accuracy: 88.13% -> 95.01%      
client [12] (testset)   loss: 0.8266 -> 0.3561  accuracy: 87.30% -> 94.89%      
client [23] (testset)   loss: 1.7198 -> 0.8176  accuracy: 73.59% -> 83.31%      
---------------------------- TRAINING EPOCH: 290 ----------------------------   
client [16] (testset)   loss: 1.0656 -> 0.5418  accuracy: 82.16% -> 92.86%      
client [65] (testset)   loss: 2.5339 -> 0.4884  accuracy: 72.95% -> 90.98%      
client [53] (testset)   loss: 0.7265 -> 0.2846  accuracy: 90.32% -> 96.29%      
client [58] (testset)   loss: 0.6593 -> 0.1932  accuracy: 87.98% -> 97.66%      
client [72] (testset)   loss: 1.1337 -> 0.4134  accuracy: 78.68% -> 93.54%      
client [7]  (testset)   loss: 0.9325 -> 0.3556  accuracy: 81.74% -> 94.78%      
client [71] (testset)   loss: 0.9505 -> 0.1478  accuracy: 91.09% -> 97.63%      
client [59] (testset)   loss: 1.5882 -> 0.3992  accuracy: 79.52% -> 92.65%      
client [86] (testset)   loss: 1.6846 -> 0.6144  accuracy: 71.41% -> 90.16%      
client [39] (testset)   loss: 2.1921 -> 0.2289  accuracy: 63.34% -> 95.34%      
---------------------------- TRAINING EPOCH: 300 ----------------------------   
client [99] (testset)   loss: 1.2537 -> 0.2193  accuracy: 81.09% -> 96.16%      
client [7]  (testset)   loss: 3.5330 -> 0.4125  accuracy: 53.56% -> 94.39%      
client [17] (testset)   loss: 3.8006 -> 0.5502  accuracy: 62.25% -> 92.31%      
client [64] (testset)   loss: 4.4093 -> 0.5823  accuracy: 59.77% -> 90.70%      
client [37] (testset)   loss: 1.6925 -> 0.4061  accuracy: 76.24% -> 92.06%      
client [29] (testset)   loss: 1.3868 -> 0.3460  accuracy: 79.41% -> 93.57%      
client [93] (testset)   loss: 0.5950 -> 0.2900  accuracy: 90.83% -> 94.95%      
client [73] (testset)   loss: 1.1751 -> 0.3816  accuracy: 82.80% -> 93.56%      
client [40] (testset)   loss: 0.7219 -> 0.2119  accuracy: 89.29% -> 96.02%      
client [76] (testset)   loss: 2.6710 -> 0.2988  accuracy: 57.18% -> 95.31%      
---------------------------- TRAINING EPOCH: 310 ----------------------------   
client [31] (testset)   loss: 1.3204 -> 0.3395  accuracy: 79.45% -> 94.56%      
client [89] (testset)   loss: 2.1139 -> 0.6529  accuracy: 63.81% -> 89.23%      
client [77] (testset)   loss: 0.8296 -> 0.3033  accuracy: 87.50% -> 95.92%      
client [90] (testset)   loss: 1.1491 -> 0.4773  accuracy: 82.48% -> 92.63%      
client [26] (testset)   loss: 3.6464 -> 0.4528  accuracy: 48.88% -> 92.97%      
client [50] (testset)   loss: 1.7178 -> 0.1676  accuracy: 63.07% -> 97.99%      
client [30] (testset)   loss: 1.3777 -> 0.4557  accuracy: 78.03% -> 92.94%      
client [70] (testset)   loss: 0.8444 -> 0.5695  accuracy: 87.80% -> 91.14%      
client [41] (testset)   loss: 0.9276 -> 0.4028  accuracy: 84.14% -> 92.66%      
client [99] (testset)   loss: 1.3234 -> 0.2356  accuracy: 80.33% -> 96.07%      
---------------------------- TRAINING EPOCH: 320 ----------------------------   
client [68] (testset)   loss: 1.1667 -> 0.4013  accuracy: 82.01% -> 93.12%      
client [70] (testset)   loss: 1.0869 -> 0.6423  accuracy: 87.80% -> 90.24%      
client [52] (testset)   loss: 1.5938 -> 0.6024  accuracy: 71.73% -> 90.50%      
client [1]  (testset)   loss: 0.7767 -> 0.3146  accuracy: 87.16% -> 95.04%      
client [2]  (testset)   loss: 0.5650 -> 0.2487  accuracy: 92.75% -> 96.06%      
client [67] (testset)   loss: 1.4516 -> 0.3294  accuracy: 77.21% -> 93.20%      
client [92] (testset)   loss: 2.4931 -> 0.4313  accuracy: 73.38% -> 94.16%      
client [35] (testset)   loss: 0.7073 -> 0.1699  accuracy: 88.51% -> 97.44%      
client [36] (testset)   loss: 1.8429 -> 0.3253  accuracy: 74.14% -> 95.93%      
client [64] (testset)   loss: 3.2760 -> 0.6511  accuracy: 56.55% -> 89.56%      
---------------------------- TRAINING EPOCH: 330 ----------------------------   
client [44] (testset)   loss: 2.9724 -> 0.4988  accuracy: 62.45% -> 92.45%      
client [6]  (testset)   loss: 1.9450 -> 0.3477  accuracy: 72.82% -> 93.90%      
client [12] (testset)   loss: 1.1433 -> 0.3886  accuracy: 83.44% -> 93.77%      
client [55] (testset)   loss: 1.6460 -> 0.5988  accuracy: 72.66% -> 90.49%      
client [29] (testset)   loss: 1.2823 -> 0.3691  accuracy: 82.16% -> 93.36%      
client [9]  (testset)   loss: 0.6818 -> 0.2534  accuracy: 89.27% -> 95.99%      
client [43] (testset)   loss: 1.6993 -> 0.4800  accuracy: 70.36% -> 91.14%      
client [77] (testset)   loss: 0.5647 -> 0.2894  accuracy: 93.78% -> 95.92%      
client [98] (testset)   loss: 0.7031 -> 0.2248  accuracy: 84.63% -> 95.69%      
client [78] (testset)   loss: 2.9413 -> 0.4333  accuracy: 54.69% -> 92.55%      
---------------------------- TRAINING EPOCH: 340 ----------------------------   
client [92] (testset)   loss: 1.8245 -> 0.4443  accuracy: 70.94% -> 93.99%      
client [80] (testset)   loss: 1.2169 -> 0.1830  accuracy: 83.20% -> 97.05%      
client [63] (testset)   loss: 1.2750 -> 0.2489  accuracy: 78.39% -> 96.46%      
client [76] (testset)   loss: 4.1271 -> 0.3168  accuracy: 52.93% -> 95.16%      
client [78] (testset)   loss: 2.0143 -> 0.4794  accuracy: 67.18% -> 92.40%      
client [25] (testset)   loss: 1.5153 -> 0.1821  accuracy: 83.75% -> 96.71%      
client [58] (testset)   loss: 0.8996 -> 0.1794  accuracy: 84.17% -> 97.83%      
client [13] (testset)   loss: 2.1513 -> 0.1575  accuracy: 78.97% -> 97.71%      
client [17] (testset)   loss: 3.8874 -> 0.5613  accuracy: 58.80% -> 91.67%      
client [38] (testset)   loss: 1.7210 -> 0.2646  accuracy: 76.00% -> 95.18%      
---------------------------- TRAINING EPOCH: 350 ----------------------------   
client [72] (testset)   loss: 1.1457 -> 0.5342  accuracy: 82.58% -> 93.09%      
client [82] (testset)   loss: 2.5564 -> 1.2001  accuracy: 69.23% -> 79.07%      
client [86] (testset)   loss: 2.0713 -> 0.6550  accuracy: 70.47% -> 89.84%      
client [51] (testset)   loss: 2.4528 -> 0.4230  accuracy: 60.81% -> 94.26%      
client [96] (testset)   loss: 0.9481 -> 0.3388  accuracy: 86.19% -> 95.41%      
client [42] (testset)   loss: 1.1047 -> 0.4327  accuracy: 85.77% -> 93.28%      
client [55] (testset)   loss: 1.8040 -> 0.6537  accuracy: 74.61% -> 89.93%      
client [13] (testset)   loss: 1.9243 -> 0.1771  accuracy: 76.87% -> 97.33%      
client [1]  (testset)   loss: 1.1950 -> 0.3155  accuracy: 83.15% -> 95.23%      
client [12] (testset)   loss: 1.8814 -> 0.4137  accuracy: 74.10% -> 94.15%      
---------------------------- TRAINING EPOCH: 360 ----------------------------   
client [68] (testset)   loss: 1.8174 -> 0.3999  accuracy: 73.02% -> 93.54%      
client [23] (testset)   loss: 1.3315 -> 0.8810  accuracy: 75.46% -> 83.08%      
client [46] (testset)   loss: 0.5696 -> 0.1782  accuracy: 90.48% -> 97.36%      
client [41] (testset)   loss: 1.4262 -> 0.4346  accuracy: 78.68% -> 92.23%      
client [25] (testset)   loss: 1.3759 -> 0.2252  accuracy: 84.08% -> 95.17%      
client [58] (testset)   loss: 0.9650 -> 0.1889  accuracy: 83.59% -> 97.78%      
client [14] (testset)   loss: 1.9352 -> 0.3830  accuracy: 71.24% -> 95.05%      
client [33] (testset)   loss: 0.8652 -> 0.2101  accuracy: 88.67% -> 97.13%      
client [85] (testset)   loss: 3.8543 -> 0.3535  accuracy: 65.07% -> 94.89%      
client [62] (testset)   loss: 1.1377 -> 0.3014  accuracy: 86.70% -> 95.62%      
---------------------------- TRAINING EPOCH: 370 ----------------------------   
client [98] (testset)   loss: 0.2349 -> 0.2334  accuracy: 95.94% -> 95.94%      
client [63] (testset)   loss: 0.7004 -> 0.2603  accuracy: 86.74% -> 96.49%      
client [70] (testset)   loss: 1.8849 -> 0.6617  accuracy: 74.33% -> 89.99%      
client [65] (testset)   loss: 1.9317 -> 0.5067  accuracy: 66.78% -> 90.78%      
client [14] (testset)   loss: 0.7684 -> 0.3949  accuracy: 86.83% -> 94.38%      
client [73] (testset)   loss: 1.3216 -> 0.4212  accuracy: 84.03% -> 93.07%      
client [34] (testset)   loss: 0.5082 -> 0.2702  accuracy: 91.36% -> 95.88%      
client [99] (testset)   loss: 1.5756 -> 0.2729  accuracy: 80.05% -> 95.96%      
client [69] (testset)   loss: 1.1360 -> 0.4101  accuracy: 83.46% -> 93.03%      
client [46] (testset)   loss: 0.6371 -> 0.2142  accuracy: 91.29% -> 97.03%      
---------------------------- TRAINING EPOCH: 380 ----------------------------   
client [99] (testset)   loss: 1.2935 -> 0.2755  accuracy: 81.75% -> 95.47%      
client [93] (testset)   loss: 0.7886 -> 0.2980  accuracy: 87.84% -> 95.20%      
client [11] (testset)   loss: 0.6845 -> 0.2840  accuracy: 91.10% -> 95.38%      
client [58] (testset)   loss: 0.9287 -> 0.2315  accuracy: 86.48% -> 97.29%      
client [81] (testset)   loss: 1.7344 -> 0.6968  accuracy: 74.23% -> 87.85%      
client [85] (testset)   loss: 1.5492 -> 0.3798  accuracy: 75.86% -> 94.82%      
client [89] (testset)   loss: 1.9304 -> 0.7240  accuracy: 66.85% -> 88.42%      
client [45] (testset)   loss: 2.1652 -> 0.7244  accuracy: 76.33% -> 88.41%      
client [8]  (testset)   loss: 1.7170 -> 0.5052  accuracy: 76.45% -> 92.01%      
client [68] (testset)   loss: 1.5737 -> 0.4312  accuracy: 78.41% -> 92.59%      
---------------------------- TRAINING EPOCH: 390 ----------------------------   
client [67] (testset)   loss: 1.8877 -> 0.2946  accuracy: 73.53% -> 93.38%      
client [72] (testset)   loss: 0.9508 -> 0.4900  accuracy: 85.29% -> 93.84%      
client [1]  (testset)   loss: 1.0128 -> 0.3468  accuracy: 86.46% -> 94.76%      
client [78] (testset)   loss: 2.3454 -> 0.5075  accuracy: 66.80% -> 91.47%      
client [83] (testset)   loss: 1.5087 -> 0.4459  accuracy: 75.59% -> 94.48%      
client [21] (testset)   loss: 1.3280 -> 0.3372  accuracy: 84.99% -> 95.20%      
client [56] (testset)   loss: 0.8171 -> 0.2105  accuracy: 86.59% -> 97.41%      
client [44] (testset)   loss: 1.3220 -> 0.5518  accuracy: 81.91% -> 91.70%      
client [92] (testset)   loss: 0.9118 -> 0.4624  accuracy: 88.48% -> 94.09%      
client [27] (testset)   loss: 0.6733 -> 0.1914  accuracy: 90.01% -> 96.95%      
---------------------------- TRAINING EPOCH: 400 ----------------------------   
client [10] (testset)   loss: 1.2671 -> 0.5960  accuracy: 76.64% -> 89.51%      
client [39] (testset)   loss: 1.1075 -> 0.3303  accuracy: 83.73% -> 94.98%      
client [65] (testset)   loss: 3.6188 -> 0.5500  accuracy: 59.71% -> 90.08%      
client [26] (testset)   loss: 1.6332 -> 0.5117  accuracy: 74.35% -> 92.18%      
client [19] (testset)   loss: 1.5268 -> 0.3745  accuracy: 77.49% -> 94.57%      
client [68] (testset)   loss: 3.3391 -> 0.5090  accuracy: 58.20% -> 92.17%      
client [41] (testset)   loss: 1.5934 -> 0.4352  accuracy: 78.87% -> 92.16%      
client [50] (testset)   loss: 0.3569 -> 0.1812  accuracy: 94.39% -> 98.17%      
client [75] (testset)   loss: 1.0325 -> 0.4737  accuracy: 84.35% -> 92.94%      
client [81] (testset)   loss: 1.4155 -> 0.7069  accuracy: 73.01% -> 87.47%      
Training... ━━━━━━━━━━━━━━━━━━━━━━━━━━━━━━━━━━━━━━━━ 100% 1:23:18
PSFL's average time taken by each global epoch: 0 min 12.42 sec.                
PSFL's total running time: 1 h 23 m 18 s.                                       
==================== PSFL Experiment Results: ====================              
Display format: (before local fine-tuning) -> (after local fine-tuning)         
 So if finetune_epoch = 0, x.xx% -> 0.00% is normal.                            
 Centralized testing ONLY happens after model aggregation, so the stats between 
'->' are the same.                                                              
{                                                                               
    "100": {                                                                    
        "all_clients": {                                                        
            "test": {                                                           
                "loss": "1.5785 -> 0.0000",                                     
                "accuracy": "73.00% -> 0.00%"                                   
            }                                                                   
        }                                                                       
    },                                                                          
    "200": {                                                                    
        "all_clients": {                                                        
            "test": {                                                           
                "loss": "1.2336 -> 0.0000",                                     
                "accuracy": "80.64% -> 0.00%"                                   
            }                                                                   
        }                                                                       
    },                                                                          
    "300": {                                                                    
        "all_clients": {                                                        
            "test": {                                                           
                "loss": "1.7761 -> 0.0000",                                     
                "accuracy": "78.66% -> 0.00%"                                   
            }                                                                   
        }                                                                       
    },                                                                          
    "400": {                                                                    
        "all_clients": {                                                        
            "test": {                                                           
                "loss": "1.4638 -> 0.0000",                                     
                "accuracy": "80.32% -> 0.00%"                                   
            }                                                                   
        }                                                                       
    }                                                                           
}                                                                               
==================== PSFL Max Accuracy ====================                     
all_clients:                                                                    
(test) before fine-tuning: 80.64% at epoch 200                                  
(test) after fine-tuning: 0.00% at epoch 100                                    
