==================== FedRoD ====================                                
Experiment Arguments:                                                           
{
│   'method': 'fedrod',
│   'dataset': {
│   │   'name': 'mnist',
│   │   'client_num': 100,
│   │   'test_ratio': 0.25,
│   │   'val_ratio': 0.0,
│   │   'seed': 42,
│   │   'split': 'sample',
│   │   'IID_ratio': 0.0,
│   │   'monitor_window_name_suffix': 'mnist-100clients-0%IID-Dir(0.1)-seed42',
│   │   'alpha': 0.1,
│   │   'min_samples_per_client': 10
│   },
│   'model': {
│   │   'name': 'avgcnn',
│   │   'use_torchvision_pretrained_weights': True,
│   │   'external_model_weights_path': None
│   },
│   'optimizer': {
│   │   'lr': 0.01,
│   │   'dampening': 0,
│   │   'weight_decay': 0,
│   │   'momentum': 0,
│   │   'nesterov': False,
│   │   'name': 'sgd'
│   },
│   'mode': 'serial',
│   'parallel': {
│   │   'ray_cluster_addr': None,
│   │   'num_cpus': None,
│   │   'num_gpus': None,
│   │   'num_workers': 2
│   },
│   'common': {
│   │   'seed': 42,
│   │   'join_ratio': 0.1,
│   │   'global_epoch': 400,
│   │   'local_epoch': 5,
│   │   'batch_size': 32,
│   │   'reset_optimizer_on_global_epoch': True,
│   │   'straggler_ratio': 0,
│   │   'straggler_min_local_epoch': 0,
│   │   'buffers': 'global',
│   │   'client_side_evaluation': True,
│   │   'test': {
│   │   │   'client': {
│   │   │   │   'interval': 100,
│   │   │   │   'finetune_epoch': 0,
│   │   │   │   'train': False,
│   │   │   │   'val': False,
│   │   │   │   'test': True
│   │   │   },
│   │   │   'server': {
│   │   │   │   'interval': -1,
│   │   │   │   'train': False,
│   │   │   │   'val': False,
│   │   │   │   'test': False,
│   │   │   │   'model_in_train_mode': False
│   │   │   }
│   │   },
│   │   'verbose_gap': 10,
│   │   'monitor': None,
│   │   'use_cuda': True,
│   │   'save_log': True,
│   │   'save_model': False,
│   │   'save_learning_curve_plot': False,
│   │   'save_metrics': True,
│   │   'delete_useless_run': True
│   },
│   'fedrod': {
│   │   'gamma': 1,
│   │   'hyper': 0,
│   │   'hyper_lr': 0.1,
│   │   'hyper_hidden_dim': 32,
│   │   'eval_per': 1
│   }
}
---------------------------- TRAINING EPOCH: 10 ----------------------------    
client [77] (testset)   loss: 0.0758 -> 0.0596  accuracy: 97.95% -> 97.95%      
client [81] (testset)   loss: 0.0269 -> 0.0316  accuracy: 98.77% -> 99.38%      
client [21] (testset)   loss: 1.1071 -> 0.0331  accuracy: 63.73% -> 100.00%     
client [68] (testset)   loss: 0.1144 -> 0.0595  accuracy: 96.61% -> 98.31%      
client [93] (testset)   loss: 0.1474 -> 0.0217  accuracy: 96.77% -> 100.00%     
client [31] (testset)   loss: 0.4059 -> 0.1905  accuracy: 85.71% -> 85.71%      
client [20] (testset)   loss: 0.1161 -> 0.0970  accuracy: 96.38% -> 97.74%      
client [59] (testset)   loss: 0.0427 -> 0.0180  accuracy: 100.00% -> 100.00%    
client [48] (testset)   loss: 0.0034 -> 0.0027  accuracy: 100.00% -> 100.00%    
client [34] (testset)   loss: 0.2551 -> 0.3704  accuracy: 94.44% -> 94.44%      
---------------------------- TRAINING EPOCH: 20 ----------------------------    
client [69] (testset)   loss: 0.0041 -> 0.0076  accuracy: 99.82% -> 99.64%      
client [99] (testset)   loss: 0.0259 -> 0.0277  accuracy: 100.00% -> 100.00%    
client [67] (testset)   loss: 0.0660 -> 0.0001  accuracy: 97.30% -> 100.00%     
client [0]  (testset)   loss: 0.0159 -> 0.0061  accuracy: 99.06% -> 100.00%     
client [76] (testset)   loss: 0.0496 -> 0.0536  accuracy: 98.70% -> 98.70%      
client [41] (testset)   loss: 0.0079 -> 0.0022  accuracy: 100.00% -> 100.00%    
client [62] (testset)   loss: 0.0874 -> 0.0020  accuracy: 97.24% -> 100.00%     
client [2]  (testset)   loss: 0.0433 -> 0.0065  accuracy: 98.48% -> 99.81%      
client [14] (testset)   loss: 0.0200 -> 0.0214  accuracy: 98.61% -> 98.61%      
client [46] (testset)   loss: 0.0150 -> 0.0235  accuracy: 99.55% -> 99.10%      
---------------------------- TRAINING EPOCH: 30 ----------------------------    
client [24] (testset)   loss: 0.0235 -> 0.0309  accuracy: 98.65% -> 98.65%      
client [68] (testset)   loss: 0.0299 -> 0.0218  accuracy: 98.31% -> 98.31%      
client [57] (testset)   loss: 0.0165 -> 0.0132  accuracy: 99.52% -> 99.52%      
client [17] (testset)   loss: 0.0668 -> 0.0217  accuracy: 99.22% -> 99.61%      
client [54] (testset)   loss: 0.0116 -> 0.0251  accuracy: 100.00% -> 100.00%    
client [23] (testset)   loss: 0.0284 -> 0.0007  accuracy: 100.00% -> 100.00%    
client [35] (testset)   loss: 0.0121 -> 0.0085  accuracy: 100.00% -> 100.00%    
client [59] (testset)   loss: 0.0023 -> 0.0021  accuracy: 100.00% -> 100.00%    
client [31] (testset)   loss: 0.0209 -> 0.0202  accuracy: 100.00% -> 100.00%    
client [9]  (testset)   loss: 0.0255 -> 0.0306  accuracy: 99.19% -> 99.02%      
---------------------------- TRAINING EPOCH: 40 ----------------------------    
client [64] (testset)   loss: 0.0059 -> 0.0061  accuracy: 99.72% -> 99.72%      
client [33] (testset)   loss: 0.0629 -> 0.0626  accuracy: 99.35% -> 99.35%      
client [16] (testset)   loss: 0.0026 -> 0.0015  accuracy: 100.00% -> 100.00%    
client [44] (testset)   loss: 0.0394 -> 0.0342  accuracy: 98.81% -> 99.10%      
client [8]  (testset)   loss: 0.0045 -> 0.0035  accuracy: 100.00% -> 100.00%    
client [31] (testset)   loss: 0.1005 -> 0.0983  accuracy: 85.71% -> 100.00%     
client [47] (testset)   loss: 0.0124 -> 0.0085  accuracy: 100.00% -> 100.00%    
client [36] (testset)   loss: 0.0746 -> 0.0417  accuracy: 97.46% -> 97.97%      
client [20] (testset)   loss: 0.0632 -> 0.0517  accuracy: 96.83% -> 97.74%      
client [56] (testset)   loss: 0.0029 -> 0.0016  accuracy: 100.00% -> 100.00%    
---------------------------- TRAINING EPOCH: 50 ----------------------------    
client [4]  (testset)   loss: 0.0215 -> 0.0129  accuracy: 98.90% -> 99.27%      
client [60] (testset)   loss: 0.0596 -> 0.0529  accuracy: 98.00% -> 98.00%      
client [28] (testset)   loss: 0.0001 -> 0.0001  accuracy: 100.00% -> 100.00%    
client [25] (testset)   loss: 0.0004 -> 0.0000  accuracy: 100.00% -> 100.00%    
client [58] (testset)   loss: 0.0292 -> 0.0265  accuracy: 99.29% -> 99.29%      
client [44] (testset)   loss: 0.0399 -> 0.0276  accuracy: 99.10% -> 99.40%      
client [39] (testset)   loss: 0.0048 -> 0.0014  accuracy: 99.75% -> 100.00%     
client [29] (testset)   loss: 0.0420 -> 0.0509  accuracy: 98.89% -> 99.26%      
client [3]  (testset)   loss: 0.0061 -> 0.0072  accuracy: 99.79% -> 99.79%      
client [84] (testset)   loss: 0.0000 -> 0.0000  accuracy: 100.00% -> 100.00%    
---------------------------- TRAINING EPOCH: 60 ----------------------------    
client [21] (testset)   loss: 0.0062 -> 0.0073  accuracy: 100.00% -> 100.00%    
client [84] (testset)   loss: 0.0000 -> 0.0000  accuracy: 100.00% -> 100.00%    
client [10] (testset)   loss: 0.0000 -> 0.0000  accuracy: 100.00% -> 100.00%    
client [36] (testset)   loss: 0.0948 -> 0.0730  accuracy: 97.97% -> 97.97%      
client [65] (testset)   loss: 0.0318 -> 0.0269  accuracy: 98.74% -> 99.16%      
client [81] (testset)   loss: 0.0021 -> 0.0041  accuracy: 100.00% -> 100.00%    
client [79] (testset)   loss: 0.0013 -> 0.0011  accuracy: 100.00% -> 100.00%    
client [42] (testset)   loss: 0.1443 -> 0.1378  accuracy: 98.36% -> 97.81%      
client [11] (testset)   loss: 0.0000 -> 0.0000  accuracy: 100.00% -> 100.00%    
client [96] (testset)   loss: 0.0276 -> 0.0282  accuracy: 99.02% -> 99.02%      
---------------------------- TRAINING EPOCH: 70 ----------------------------    
client [8]  (testset)   loss: 0.0069 -> 0.0066  accuracy: 100.00% -> 100.00%    
client [53] (testset)   loss: 0.0001 -> 0.0001  accuracy: 100.00% -> 100.00%    
client [52] (testset)   loss: 0.0000 -> 0.0000  accuracy: 100.00% -> 100.00%    
client [42] (testset)   loss: 0.1416 -> 0.1403  accuracy: 98.36% -> 98.36%      
client [69] (testset)   loss: 0.0045 -> 0.0047  accuracy: 99.82% -> 99.82%      
client [59] (testset)   loss: 0.0015 -> 0.0014  accuracy: 100.00% -> 100.00%    
client [7]  (testset)   loss: 0.0000 -> 0.0000  accuracy: 100.00% -> 100.00%    
client [26] (testset)   loss: 0.1534 -> 0.1506  accuracy: 95.83% -> 95.83%      
client [49] (testset)   loss: 0.0052 -> 0.0039  accuracy: 99.55% -> 99.55%      
client [98] (testset)   loss: 0.0011 -> 0.0011  accuracy: 100.00% -> 100.00%    
---------------------------- TRAINING EPOCH: 80 ----------------------------    
client [98] (testset)   loss: 0.0006 -> 0.0006  accuracy: 100.00% -> 100.00%    
client [47] (testset)   loss: 0.0064 -> 0.0059  accuracy: 100.00% -> 100.00%    
client [21] (testset)   loss: 0.0087 -> 0.0070  accuracy: 100.00% -> 100.00%    
client [77] (testset)   loss: 0.0368 -> 0.0381  accuracy: 97.95% -> 97.95%      
client [95] (testset)   loss: 0.0003 -> 0.0004  accuracy: 100.00% -> 100.00%    
client [91] (testset)   loss: 0.0153 -> 0.0153  accuracy: 99.67% -> 99.67%      
client [14] (testset)   loss: 0.0493 -> 0.0494  accuracy: 98.61% -> 98.61%      
client [99] (testset)   loss: 0.0120 -> 0.0123  accuracy: 100.00% -> 100.00%    
client [20] (testset)   loss: 0.0576 -> 0.0565  accuracy: 97.29% -> 97.29%      
client [39] (testset)   loss: 0.0011 -> 0.0010  accuracy: 100.00% -> 100.00%    
---------------------------- TRAINING EPOCH: 90 ----------------------------    
client [52] (testset)   loss: 0.0000 -> 0.0000  accuracy: 100.00% -> 100.00%    
client [62] (testset)   loss: 0.0001 -> 0.0001  accuracy: 100.00% -> 100.00%    
client [71] (testset)   loss: 0.0009 -> 0.0020  accuracy: 100.00% -> 100.00%    
client [97] (testset)   loss: 0.0009 -> 0.0022  accuracy: 100.00% -> 100.00%    
client [30] (testset)   loss: 0.0468 -> 0.0501  accuracy: 97.50% -> 97.50%      
client [88] (testset)   loss: 0.0110 -> 0.0105  accuracy: 100.00% -> 100.00%    
client [60] (testset)   loss: 0.0148 -> 0.0119  accuracy: 99.00% -> 100.00%     
client [82] (testset)   loss: 0.0367 -> 0.0375  accuracy: 98.59% -> 98.59%      
client [91] (testset)   loss: 0.0140 -> 0.0158  accuracy: 99.67% -> 99.50%      
client [57] (testset)   loss: 0.0214 -> 0.0206  accuracy: 99.52% -> 99.52%      
---------------------------- TRAINING EPOCH: 100 ----------------------------   
client [31] (testset)   loss: 0.0078 -> 0.0079  accuracy: 100.00% -> 100.00%    
client [15] (testset)   loss: 0.0393 -> 0.0400  accuracy: 99.08% -> 99.08%      
client [71] (testset)   loss: 0.0006 -> 0.0016  accuracy: 100.00% -> 100.00%    
client [97] (testset)   loss: 0.0015 -> 0.0032  accuracy: 100.00% -> 99.67%     
client [53] (testset)   loss: 0.0001 -> 0.0001  accuracy: 100.00% -> 100.00%    
client [77] (testset)   loss: 0.0470 -> 0.0450  accuracy: 97.95% -> 97.95%      
client [76] (testset)   loss: 0.0548 -> 0.0587  accuracy: 98.70% -> 98.70%      
client [79] (testset)   loss: 0.0007 -> 0.0008  accuracy: 100.00% -> 100.00%    
client [28] (testset)   loss: 0.0000 -> 0.0000  accuracy: 100.00% -> 100.00%    
client [99] (testset)   loss: 0.0107 -> 0.0128  accuracy: 100.00% -> 100.00%    
---------------------------- TRAINING EPOCH: 110 ----------------------------   
client [97] (testset)   loss: 0.0010 -> 0.0024  accuracy: 100.00% -> 100.00%    
client [86] (testset)   loss: 0.0010 -> 0.0019  accuracy: 100.00% -> 100.00%    
client [34] (testset)   loss: 0.3382 -> 0.3321  accuracy: 94.44% -> 94.44%      
client [73] (testset)   loss: 0.0243 -> 0.0278  accuracy: 100.00% -> 100.00%    
client [5]  (testset)   loss: 0.0833 -> 0.0765  accuracy: 98.62% -> 98.62%      
client [96] (testset)   loss: 0.0172 -> 0.0191  accuracy: 99.02% -> 99.02%      
client [22] (testset)   loss: 0.0001 -> 0.0001  accuracy: 100.00% -> 100.00%    
client [60] (testset)   loss: 0.0165 -> 0.0175  accuracy: 99.00% -> 99.00%      
client [66] (testset)   loss: 0.0023 -> 0.0049  accuracy: 100.00% -> 100.00%    
client [83] (testset)   loss: 0.0899 -> 0.0995  accuracy: 98.22% -> 98.22%      
---------------------------- TRAINING EPOCH: 120 ----------------------------   
client [76] (testset)   loss: 0.0718 -> 0.0728  accuracy: 98.70% -> 98.70%      
client [65] (testset)   loss: 0.0335 -> 0.0302  accuracy: 99.16% -> 99.16%      
client [95] (testset)   loss: 0.0003 -> 0.0003  accuracy: 100.00% -> 100.00%    
client [17] (testset)   loss: 0.0197 -> 0.0234  accuracy: 99.61% -> 99.61%      
client [8]  (testset)   loss: 0.0006 -> 0.0005  accuracy: 100.00% -> 100.00%    
client [35] (testset)   loss: 0.0036 -> 0.0022  accuracy: 100.00% -> 100.00%    
client [98] (testset)   loss: 0.0010 -> 0.0010  accuracy: 100.00% -> 100.00%    
client [53] (testset)   loss: 0.0000 -> 0.0000  accuracy: 100.00% -> 100.00%    
client [43] (testset)   loss: 0.0431 -> 0.0542  accuracy: 98.40% -> 98.40%      
client [64] (testset)   loss: 0.0023 -> 0.0020  accuracy: 100.00% -> 100.00%    
---------------------------- TRAINING EPOCH: 130 ----------------------------   
client [21] (testset)   loss: 0.0042 -> 0.0057  accuracy: 100.00% -> 100.00%    
client [88] (testset)   loss: 0.0133 -> 0.0133  accuracy: 98.53% -> 98.53%      
client [38] (testset)   loss: 0.0506 -> 0.0482  accuracy: 98.25% -> 98.25%      
client [3]  (testset)   loss: 0.0054 -> 0.0059  accuracy: 99.58% -> 99.79%      
client [5]  (testset)   loss: 0.0885 -> 0.0810  accuracy: 98.62% -> 98.62%      
client [41] (testset)   loss: 0.0002 -> 0.0002  accuracy: 100.00% -> 100.00%    
client [7]  (testset)   loss: 0.0000 -> 0.0000  accuracy: 100.00% -> 100.00%    
client [37] (testset)   loss: 0.1195 -> 0.1183  accuracy: 97.40% -> 97.40%      
client [45] (testset)   loss: 0.0184 -> 0.0233  accuracy: 99.69% -> 99.69%      
client [47] (testset)   loss: 0.0024 -> 0.0023  accuracy: 100.00% -> 100.00%    
---------------------------- TRAINING EPOCH: 140 ----------------------------   
client [16] (testset)   loss: 0.0002 -> 0.0003  accuracy: 100.00% -> 100.00%    
client [11] (testset)   loss: 0.0000 -> 0.0000  accuracy: 100.00% -> 100.00%    
client [37] (testset)   loss: 0.1239 -> 0.1185  accuracy: 96.97% -> 96.97%      
client [41] (testset)   loss: 0.0002 -> 0.0002  accuracy: 100.00% -> 100.00%    
client [95] (testset)   loss: 0.0006 -> 0.0004  accuracy: 100.00% -> 100.00%    
client [53] (testset)   loss: 0.0001 -> 0.0001  accuracy: 100.00% -> 100.00%    
client [22] (testset)   loss: 0.0001 -> 0.0001  accuracy: 100.00% -> 100.00%    
client [25] (testset)   loss: 0.0001 -> 0.0000  accuracy: 100.00% -> 100.00%    
client [69] (testset)   loss: 0.0020 -> 0.0026  accuracy: 99.82% -> 99.82%      
client [46] (testset)   loss: 0.0331 -> 0.0271  accuracy: 99.55% -> 99.55%      
---------------------------- TRAINING EPOCH: 150 ----------------------------   
client [47] (testset)   loss: 0.0027 -> 0.0026  accuracy: 100.00% -> 100.00%    
client [69] (testset)   loss: 0.0018 -> 0.0023  accuracy: 99.82% -> 99.82%      
client [82] (testset)   loss: 0.0384 -> 0.0385  accuracy: 98.59% -> 98.59%      
client [45] (testset)   loss: 0.0128 -> 0.0182  accuracy: 99.69% -> 99.69%      
client [7]  (testset)   loss: 0.0000 -> 0.0000  accuracy: 100.00% -> 100.00%    
client [50] (testset)   loss: 0.0157 -> 0.0114  accuracy: 99.49% -> 99.49%      
client [35] (testset)   loss: 0.0022 -> 0.0021  accuracy: 100.00% -> 100.00%    
client [24] (testset)   loss: 0.0814 -> 0.0806  accuracy: 97.30% -> 97.30%      
client [15] (testset)   loss: 0.0577 -> 0.0562  accuracy: 99.08% -> 99.08%      
client [58] (testset)   loss: 0.0388 -> 0.0412  accuracy: 98.58% -> 98.58%      
---------------------------- TRAINING EPOCH: 160 ----------------------------   
client [48] (testset)   loss: 0.0000 -> 0.0000  accuracy: 100.00% -> 100.00%    
client [76] (testset)   loss: 0.1008 -> 0.0996  accuracy: 98.70% -> 98.70%      
client [67] (testset)   loss: 0.0000 -> 0.0000  accuracy: 100.00% -> 100.00%    
client [37] (testset)   loss: 0.1204 -> 0.1182  accuracy: 96.97% -> 97.40%      
client [58] (testset)   loss: 0.0303 -> 0.0369  accuracy: 98.58% -> 98.58%      
client [64] (testset)   loss: 0.0026 -> 0.0025  accuracy: 100.00% -> 100.00%    
client [77] (testset)   loss: 0.0434 -> 0.0412  accuracy: 98.63% -> 98.63%      
client [55] (testset)   loss: 0.0117 -> 0.0077  accuracy: 99.74% -> 99.74%      
client [12] (testset)   loss: 0.0300 -> 0.0273  accuracy: 99.50% -> 99.50%      
client [89] (testset)   loss: 0.0001 -> 0.0001  accuracy: 100.00% -> 100.00%    
---------------------------- TRAINING EPOCH: 170 ----------------------------   
client [84] (testset)   loss: 0.0000 -> 0.0000  accuracy: 100.00% -> 100.00%    
client [51] (testset)   loss: 0.0000 -> 0.0000  accuracy: 100.00% -> 100.00%    
client [8]  (testset)   loss: 0.0002 -> 0.0002  accuracy: 100.00% -> 100.00%    
client [18] (testset)   loss: 0.0322 -> 0.0328  accuracy: 98.97% -> 98.97%      
client [94] (testset)   loss: 0.0000 -> 0.0000  accuracy: 100.00% -> 100.00%    
client [81] (testset)   loss: 0.0067 -> 0.0075  accuracy: 99.38% -> 99.38%      
client [3]  (testset)   loss: 0.0039 -> 0.0036  accuracy: 100.00% -> 99.79%     
client [11] (testset)   loss: 0.0000 -> 0.0000  accuracy: 100.00% -> 100.00%    
client [95] (testset)   loss: 0.0002 -> 0.0002  accuracy: 100.00% -> 100.00%    
client [67] (testset)   loss: 0.0000 -> 0.0000  accuracy: 100.00% -> 100.00%    
---------------------------- TRAINING EPOCH: 180 ----------------------------   
client [21] (testset)   loss: 0.0019 -> 0.0024  accuracy: 100.00% -> 100.00%    
client [79] (testset)   loss: 0.0002 -> 0.0001  accuracy: 100.00% -> 100.00%    
client [58] (testset)   loss: 0.0499 -> 0.0497  accuracy: 98.58% -> 98.58%      
client [88] (testset)   loss: 0.0134 -> 0.0132  accuracy: 98.53% -> 98.53%      
client [46] (testset)   loss: 0.0261 -> 0.0277  accuracy: 99.55% -> 99.32%      
client [11] (testset)   loss: 0.0000 -> 0.0000  accuracy: 100.00% -> 100.00%    
client [55] (testset)   loss: 0.0116 -> 0.0085  accuracy: 99.74% -> 99.74%      
client [13] (testset)   loss: 0.0046 -> 0.0036  accuracy: 100.00% -> 100.00%    
client [31] (testset)   loss: 0.0098 -> 0.0097  accuracy: 100.00% -> 100.00%    
client [75] (testset)   loss: 0.0139 -> 0.0174  accuracy: 99.38% -> 99.38%      
---------------------------- TRAINING EPOCH: 190 ----------------------------   
client [19] (testset)   loss: 0.0581 -> 0.0594  accuracy: 98.15% -> 98.15%      
client [7]  (testset)   loss: 0.0000 -> 0.0000  accuracy: 100.00% -> 100.00%    
client [57] (testset)   loss: 0.0225 -> 0.0226  accuracy: 99.52% -> 99.52%      
client [13] (testset)   loss: 0.0062 -> 0.0066  accuracy: 100.00% -> 100.00%    
client [43] (testset)   loss: 0.0549 -> 0.0535  accuracy: 98.93% -> 98.93%      
client [91] (testset)   loss: 0.0196 -> 0.0208  accuracy: 99.34% -> 99.50%      
client [10] (testset)   loss: 0.0000 -> 0.0000  accuracy: 100.00% -> 100.00%    
client [64] (testset)   loss: 0.0020 -> 0.0022  accuracy: 100.00% -> 100.00%    
client [82] (testset)   loss: 0.0379 -> 0.0381  accuracy: 98.59% -> 98.59%      
client [22] (testset)   loss: 0.0001 -> 0.0001  accuracy: 100.00% -> 100.00%    
---------------------------- TRAINING EPOCH: 200 ----------------------------   
client [20] (testset)   loss: 0.0753 -> 0.0657  accuracy: 97.74% -> 96.83%      
client [23] (testset)   loss: 0.0000 -> 0.0000  accuracy: 100.00% -> 100.00%    
client [88] (testset)   loss: 0.0193 -> 0.0174  accuracy: 98.53% -> 98.53%      
client [98] (testset)   loss: 0.0008 -> 0.0008  accuracy: 100.00% -> 100.00%    
client [79] (testset)   loss: 0.0001 -> 0.0001  accuracy: 100.00% -> 100.00%    
client [21] (testset)   loss: 0.0068 -> 0.0056  accuracy: 100.00% -> 100.00%    
client [92] (testset)   loss: 0.0000 -> 0.0000  accuracy: 100.00% -> 100.00%    
client [56] (testset)   loss: 0.0002 -> 0.0002  accuracy: 100.00% -> 100.00%    
client [5]  (testset)   loss: 0.0700 -> 0.0706  accuracy: 98.62% -> 98.62%      
client [52] (testset)   loss: 0.0000 -> 0.0000  accuracy: 100.00% -> 100.00%    
---------------------------- TRAINING EPOCH: 210 ----------------------------   
client [67] (testset)   loss: 0.0000 -> 0.0000  accuracy: 100.00% -> 100.00%    
client [54] (testset)   loss: 0.0386 -> 0.0362  accuracy: 97.67% -> 97.67%      
client [14] (testset)   loss: 0.0646 -> 0.0653  accuracy: 98.61% -> 98.61%      
client [99] (testset)   loss: 0.0059 -> 0.0057  accuracy: 100.00% -> 100.00%    
client [36] (testset)   loss: 0.0736 -> 0.0692  accuracy: 98.48% -> 97.97%      
client [30] (testset)   loss: 0.0158 -> 0.0207  accuracy: 100.00% -> 97.50%     
client [38] (testset)   loss: 0.0661 -> 0.0660  accuracy: 98.25% -> 98.25%      
client [15] (testset)   loss: 0.0382 -> 0.0379  accuracy: 99.08% -> 99.08%      
client [6]  (testset)   loss: 0.0099 -> 0.0088  accuracy: 99.74% -> 99.74%      
client [53] (testset)   loss: 0.0000 -> 0.0000  accuracy: 100.00% -> 100.00%    
---------------------------- TRAINING EPOCH: 220 ----------------------------   
client [99] (testset)   loss: 0.0060 -> 0.0063  accuracy: 100.00% -> 100.00%    
client [6]  (testset)   loss: 0.0078 -> 0.0078  accuracy: 99.74% -> 99.74%      
client [83] (testset)   loss: 0.0962 -> 0.0997  accuracy: 98.22% -> 98.22%      
client [42] (testset)   loss: 0.1476 -> 0.1515  accuracy: 98.36% -> 98.36%      
client [34] (testset)   loss: 0.3075 -> 0.3078  accuracy: 94.44% -> 94.44%      
client [15] (testset)   loss: 0.0340 -> 0.0352  accuracy: 99.08% -> 99.08%      
client [47] (testset)   loss: 0.0013 -> 0.0013  accuracy: 100.00% -> 100.00%    
client [55] (testset)   loss: 0.0091 -> 0.0083  accuracy: 99.74% -> 99.74%      
client [51] (testset)   loss: 0.0000 -> 0.0000  accuracy: 100.00% -> 100.00%    
client [95] (testset)   loss: 0.0006 -> 0.0004  accuracy: 100.00% -> 100.00%    
---------------------------- TRAINING EPOCH: 230 ----------------------------   
client [71] (testset)   loss: 0.0005 -> 0.0013  accuracy: 100.00% -> 100.00%    
client [15] (testset)   loss: 0.0325 -> 0.0329  accuracy: 99.08% -> 99.08%      
client [33] (testset)   loss: 0.0780 -> 0.0774  accuracy: 99.51% -> 99.51%      
client [99] (testset)   loss: 0.0032 -> 0.0037  accuracy: 100.00% -> 100.00%    
client [90] (testset)   loss: 0.0374 -> 0.0367  accuracy: 98.91% -> 98.91%      
client [57] (testset)   loss: 0.0241 -> 0.0242  accuracy: 99.52% -> 99.52%      
client [27] (testset)   loss: 0.0034 -> 0.0033  accuracy: 100.00% -> 100.00%    
client [78] (testset)   loss: 0.0134 -> 0.0135  accuracy: 99.36% -> 99.36%      
client [36] (testset)   loss: 0.0695 -> 0.0692  accuracy: 97.97% -> 97.97%      
client [88] (testset)   loss: 0.0132 -> 0.0124  accuracy: 98.53% -> 98.53%      
---------------------------- TRAINING EPOCH: 240 ----------------------------   
client [70] (testset)   loss: 0.0155 -> 0.0154  accuracy: 99.45% -> 99.45%      
client [35] (testset)   loss: 0.0011 -> 0.0010  accuracy: 100.00% -> 100.00%    
client [16] (testset)   loss: 0.0001 -> 0.0001  accuracy: 100.00% -> 100.00%    
client [80] (testset)   loss: 0.0000 -> 0.0000  accuracy: 100.00% -> 100.00%    
client [38] (testset)   loss: 0.0422 -> 0.0425  accuracy: 98.25% -> 98.25%      
client [78] (testset)   loss: 0.0070 -> 0.0070  accuracy: 99.36% -> 99.36%      
client [68] (testset)   loss: 0.0549 -> 0.0563  accuracy: 98.31% -> 98.31%      
client [11] (testset)   loss: 0.0000 -> 0.0000  accuracy: 100.00% -> 100.00%    
client [64] (testset)   loss: 0.0019 -> 0.0020  accuracy: 100.00% -> 100.00%    
client [82] (testset)   loss: 0.0151 -> 0.0152  accuracy: 98.59% -> 98.59%      
---------------------------- TRAINING EPOCH: 250 ----------------------------   
client [30] (testset)   loss: 0.0230 -> 0.0261  accuracy: 97.50% -> 97.50%      
client [27] (testset)   loss: 0.0041 -> 0.0041  accuracy: 100.00% -> 100.00%    
client [74] (testset)   loss: 0.1029 -> 0.1190  accuracy: 98.77% -> 98.77%      
client [45] (testset)   loss: 0.0149 -> 0.0181  accuracy: 99.69% -> 99.69%      
client [6]  (testset)   loss: 0.0129 -> 0.0108  accuracy: 99.74% -> 99.74%      
client [36] (testset)   loss: 0.0650 -> 0.0652  accuracy: 98.48% -> 98.48%      
client [63] (testset)   loss: 0.0009 -> 0.0008  accuracy: 100.00% -> 100.00%    
client [76] (testset)   loss: 0.0840 -> 0.0849  accuracy: 98.70% -> 98.70%      
client [83] (testset)   loss: 0.0973 -> 0.1050  accuracy: 98.22% -> 98.22%      
client [86] (testset)   loss: 0.0011 -> 0.0014  accuracy: 100.00% -> 100.00%    
---------------------------- TRAINING EPOCH: 260 ----------------------------   
client [83] (testset)   loss: 0.1014 -> 0.1077  accuracy: 98.22% -> 98.22%      
client [99] (testset)   loss: 0.0046 -> 0.0050  accuracy: 100.00% -> 100.00%    
client [74] (testset)   loss: 0.1109 -> 0.1188  accuracy: 98.77% -> 98.77%      
client [73] (testset)   loss: 0.0346 -> 0.0364  accuracy: 100.00% -> 100.00%    
client [29] (testset)   loss: 0.0463 -> 0.0474  accuracy: 99.26% -> 99.26%      
client [92] (testset)   loss: 0.0000 -> 0.0000  accuracy: 100.00% -> 100.00%    
client [6]  (testset)   loss: 0.0141 -> 0.0098  accuracy: 99.74% -> 99.74%      
client [61] (testset)   loss: 0.0000 -> 0.0000  accuracy: 100.00% -> 100.00%    
client [21] (testset)   loss: 0.0028 -> 0.0026  accuracy: 100.00% -> 100.00%    
client [67] (testset)   loss: 0.0000 -> 0.0000  accuracy: 100.00% -> 100.00%    
---------------------------- TRAINING EPOCH: 270 ----------------------------   
client [83] (testset)   loss: 0.1041 -> 0.1086  accuracy: 98.22% -> 98.22%      
client [32] (testset)   loss: 0.0506 -> 0.0511  accuracy: 99.21% -> 99.21%      
client [95] (testset)   loss: 0.0003 -> 0.0003  accuracy: 100.00% -> 100.00%    
client [61] (testset)   loss: 0.0001 -> 0.0001  accuracy: 100.00% -> 100.00%    
client [27] (testset)   loss: 0.0026 -> 0.0027  accuracy: 100.00% -> 100.00%    
client [25] (testset)   loss: 0.0001 -> 0.0000  accuracy: 100.00% -> 100.00%    
client [68] (testset)   loss: 0.0674 -> 0.0678  accuracy: 98.31% -> 98.31%      
client [34] (testset)   loss: 0.3678 -> 0.3677  accuracy: 94.44% -> 94.44%      
client [71] (testset)   loss: 0.0020 -> 0.0021  accuracy: 100.00% -> 100.00%    
client [89] (testset)   loss: 0.0001 -> 0.0001  accuracy: 100.00% -> 100.00%    
---------------------------- TRAINING EPOCH: 280 ----------------------------   
client [78] (testset)   loss: 0.0104 -> 0.0105  accuracy: 99.36% -> 99.36%      
client [81] (testset)   loss: 0.0066 -> 0.0079  accuracy: 99.38% -> 99.38%      
client [51] (testset)   loss: 0.0000 -> 0.0000  accuracy: 100.00% -> 100.00%    
client [54] (testset)   loss: 0.0484 -> 0.0467  accuracy: 97.67% -> 97.67%      
client [65] (testset)   loss: 0.0339 -> 0.0322  accuracy: 99.16% -> 99.16%      
client [41] (testset)   loss: 0.0002 -> 0.0002  accuracy: 100.00% -> 100.00%    
client [11] (testset)   loss: 0.0000 -> 0.0000  accuracy: 100.00% -> 100.00%    
client [85] (testset)   loss: 0.0172 -> 0.0186  accuracy: 98.96% -> 98.96%      
client [12] (testset)   loss: 0.0226 -> 0.0242  accuracy: 99.50% -> 99.50%      
client [23] (testset)   loss: 0.0000 -> 0.0000  accuracy: 100.00% -> 100.00%    
---------------------------- TRAINING EPOCH: 290 ----------------------------   
client [16] (testset)   loss: 0.0001 -> 0.0001  accuracy: 100.00% -> 100.00%    
client [65] (testset)   loss: 0.0312 -> 0.0308  accuracy: 99.16% -> 99.16%      
client [53] (testset)   loss: 0.0000 -> 0.0000  accuracy: 100.00% -> 100.00%    
client [58] (testset)   loss: 0.0506 -> 0.0509  accuracy: 98.58% -> 98.58%      
client [72] (testset)   loss: 0.0001 -> 0.0001  accuracy: 100.00% -> 100.00%    
client [7]  (testset)   loss: 0.0000 -> 0.0000  accuracy: 100.00% -> 100.00%    
client [71] (testset)   loss: 0.0007 -> 0.0013  accuracy: 100.00% -> 100.00%    
client [59] (testset)   loss: 0.0000 -> 0.0000  accuracy: 100.00% -> 100.00%    
client [86] (testset)   loss: 0.0008 -> 0.0010  accuracy: 100.00% -> 100.00%    
client [39] (testset)   loss: 0.0002 -> 0.0002  accuracy: 100.00% -> 100.00%    
---------------------------- TRAINING EPOCH: 300 ----------------------------   
client [99] (testset)   loss: 0.0058 -> 0.0058  accuracy: 100.00% -> 100.00%    
client [7]  (testset)   loss: 0.0000 -> 0.0000  accuracy: 100.00% -> 100.00%    
client [17] (testset)   loss: 0.0239 -> 0.0233  accuracy: 99.61% -> 99.61%      
client [64] (testset)   loss: 0.0030 -> 0.0028  accuracy: 100.00% -> 100.00%    
client [37] (testset)   loss: 0.1329 -> 0.1318  accuracy: 97.40% -> 97.40%      
client [29] (testset)   loss: 0.0496 -> 0.0501  accuracy: 99.26% -> 99.26%      
client [93] (testset)   loss: 0.0000 -> 0.0000  accuracy: 100.00% -> 100.00%    
client [73] (testset)   loss: 0.0206 -> 0.0215  accuracy: 100.00% -> 100.00%    
client [40] (testset)   loss: 0.0001 -> 0.0001  accuracy: 100.00% -> 100.00%    
client [76] (testset)   loss: 0.0893 -> 0.0906  accuracy: 98.70% -> 98.70%      
---------------------------- TRAINING EPOCH: 310 ----------------------------   
client [31] (testset)   loss: 0.0096 -> 0.0096  accuracy: 100.00% -> 100.00%    
client [89] (testset)   loss: 0.0001 -> 0.0001  accuracy: 100.00% -> 100.00%    
client [77] (testset)   loss: 0.0385 -> 0.0387  accuracy: 98.63% -> 98.63%      
client [90] (testset)   loss: 0.0381 -> 0.0372  accuracy: 98.91% -> 98.91%      
client [26] (testset)   loss: 0.1649 -> 0.1649  accuracy: 91.67% -> 91.67%      
client [50] (testset)   loss: 0.0051 -> 0.0049  accuracy: 99.49% -> 99.49%      
client [30] (testset)   loss: 0.0151 -> 0.0167  accuracy: 100.00% -> 100.00%    
client [70] (testset)   loss: 0.0149 -> 0.0151  accuracy: 99.27% -> 99.27%      
client [41] (testset)   loss: 0.0001 -> 0.0001  accuracy: 100.00% -> 100.00%    
client [99] (testset)   loss: 0.0033 -> 0.0034  accuracy: 100.00% -> 100.00%    
---------------------------- TRAINING EPOCH: 320 ----------------------------   
client [68] (testset)   loss: 0.0726 -> 0.0718  accuracy: 98.31% -> 98.31%      
client [70] (testset)   loss: 0.0143 -> 0.0146  accuracy: 99.27% -> 99.27%      
client [52] (testset)   loss: 0.0000 -> 0.0000  accuracy: 100.00% -> 100.00%    
client [1]  (testset)   loss: 0.0009 -> 0.0009  accuracy: 100.00% -> 100.00%    
client [2]  (testset)   loss: 0.0036 -> 0.0046  accuracy: 99.81% -> 99.81%      
client [67] (testset)   loss: 0.0000 -> 0.0000  accuracy: 100.00% -> 100.00%    
client [92] (testset)   loss: 0.0000 -> 0.0000  accuracy: 100.00% -> 100.00%    
client [35] (testset)   loss: 0.0005 -> 0.0005  accuracy: 100.00% -> 100.00%    
client [36] (testset)   loss: 0.0802 -> 0.0784  accuracy: 97.97% -> 97.97%      
client [64] (testset)   loss: 0.0033 -> 0.0033  accuracy: 100.00% -> 100.00%    
---------------------------- TRAINING EPOCH: 330 ----------------------------   
client [44] (testset)   loss: 0.0311 -> 0.0310  accuracy: 99.40% -> 99.70%      
client [6]  (testset)   loss: 0.0109 -> 0.0093  accuracy: 99.74% -> 99.74%      
client [12] (testset)   loss: 0.0281 -> 0.0280  accuracy: 99.50% -> 99.50%      
client [55] (testset)   loss: 0.0127 -> 0.0100  accuracy: 99.74% -> 99.74%      
client [29] (testset)   loss: 0.0530 -> 0.0479  accuracy: 98.89% -> 99.26%      
client [9]  (testset)   loss: 0.0333 -> 0.0340  accuracy: 99.19% -> 99.02%      
client [43] (testset)   loss: 0.0541 -> 0.0537  accuracy: 98.93% -> 98.93%      
client [77] (testset)   loss: 0.0451 -> 0.0450  accuracy: 98.63% -> 98.63%      
client [98] (testset)   loss: 0.0001 -> 0.0001  accuracy: 100.00% -> 100.00%    
client [78] (testset)   loss: 0.0091 -> 0.0091  accuracy: 99.36% -> 99.36%      
---------------------------- TRAINING EPOCH: 340 ----------------------------   
client [92] (testset)   loss: 0.0000 -> 0.0000  accuracy: 100.00% -> 100.00%    
client [80] (testset)   loss: 0.0000 -> 0.0000  accuracy: 100.00% -> 100.00%    
client [63] (testset)   loss: 0.0005 -> 0.0005  accuracy: 100.00% -> 100.00%    
client [76] (testset)   loss: 0.0966 -> 0.0974  accuracy: 98.70% -> 98.70%      
client [78] (testset)   loss: 0.0063 -> 0.0064  accuracy: 99.36% -> 99.36%      
client [25] (testset)   loss: 0.0001 -> 0.0000  accuracy: 100.00% -> 100.00%    
client [58] (testset)   loss: 0.0504 -> 0.0505  accuracy: 98.58% -> 98.58%      
client [13] (testset)   loss: 0.0035 -> 0.0036  accuracy: 100.00% -> 100.00%    
client [17] (testset)   loss: 0.0195 -> 0.0223  accuracy: 99.61% -> 99.61%      
client [38] (testset)   loss: 0.0480 -> 0.0475  accuracy: 98.25% -> 98.25%      
---------------------------- TRAINING EPOCH: 350 ----------------------------   
client [72] (testset)   loss: 0.0000 -> 0.0000  accuracy: 100.00% -> 100.00%    
client [82] (testset)   loss: 0.0227 -> 0.0228  accuracy: 98.59% -> 98.59%      
client [86] (testset)   loss: 0.0010 -> 0.0012  accuracy: 100.00% -> 100.00%    
client [51] (testset)   loss: 0.0000 -> 0.0000  accuracy: 100.00% -> 100.00%    
client [96] (testset)   loss: 0.0076 -> 0.0084  accuracy: 99.02% -> 99.02%      
client [42] (testset)   loss: 0.1615 -> 0.1672  accuracy: 98.36% -> 98.36%      
client [55] (testset)   loss: 0.0104 -> 0.0094  accuracy: 99.74% -> 99.74%      
client [13] (testset)   loss: 0.0062 -> 0.0057  accuracy: 100.00% -> 100.00%    
client [1]  (testset)   loss: 0.0011 -> 0.0011  accuracy: 100.00% -> 100.00%    
client [12] (testset)   loss: 0.0301 -> 0.0301  accuracy: 99.50% -> 99.50%      
---------------------------- TRAINING EPOCH: 360 ----------------------------   
client [68] (testset)   loss: 0.0786 -> 0.0777  accuracy: 98.31% -> 98.31%      
client [23] (testset)   loss: 0.0000 -> 0.0000  accuracy: 100.00% -> 100.00%    
client [46] (testset)   loss: 0.0265 -> 0.0253  accuracy: 99.55% -> 99.55%      
client [41] (testset)   loss: 0.0002 -> 0.0002  accuracy: 100.00% -> 100.00%    
client [25] (testset)   loss: 0.0000 -> 0.0000  accuracy: 100.00% -> 100.00%    
client [58] (testset)   loss: 0.0511 -> 0.0513  accuracy: 98.58% -> 98.58%      
client [14] (testset)   loss: 0.0815 -> 0.0779  accuracy: 98.61% -> 98.61%      
client [33] (testset)   loss: 0.0842 -> 0.0843  accuracy: 99.51% -> 99.51%      
client [85] (testset)   loss: 0.0270 -> 0.0270  accuracy: 98.96% -> 98.96%      
client [62] (testset)   loss: 0.0001 -> 0.0001  accuracy: 100.00% -> 100.00%    
---------------------------- TRAINING EPOCH: 370 ----------------------------   
client [98] (testset)   loss: 0.0002 -> 0.0002  accuracy: 100.00% -> 100.00%    
client [63] (testset)   loss: 0.0004 -> 0.0004  accuracy: 100.00% -> 100.00%    
client [70] (testset)   loss: 0.0159 -> 0.0156  accuracy: 99.45% -> 99.27%      
client [65] (testset)   loss: 0.0391 -> 0.0379  accuracy: 99.16% -> 99.16%      
client [14] (testset)   loss: 0.0760 -> 0.0764  accuracy: 98.61% -> 98.61%      
client [73] (testset)   loss: 0.0230 -> 0.0243  accuracy: 100.00% -> 100.00%    
client [34] (testset)   loss: 0.3845 -> 0.3846  accuracy: 94.44% -> 94.44%      
client [99] (testset)   loss: 0.0036 -> 0.0035  accuracy: 100.00% -> 100.00%    
client [69] (testset)   loss: 0.0030 -> 0.0033  accuracy: 99.82% -> 99.82%      
client [46] (testset)   loss: 0.0252 -> 0.0261  accuracy: 99.55% -> 99.55%      
---------------------------- TRAINING EPOCH: 380 ----------------------------   
client [99] (testset)   loss: 0.0028 -> 0.0028  accuracy: 100.00% -> 100.00%    
client [93] (testset)   loss: 0.0000 -> 0.0000  accuracy: 100.00% -> 100.00%    
client [11] (testset)   loss: 0.0000 -> 0.0000  accuracy: 100.00% -> 100.00%    
client [58] (testset)   loss: 0.0458 -> 0.0468  accuracy: 98.58% -> 98.58%      
client [81] (testset)   loss: 0.0064 -> 0.0069  accuracy: 99.38% -> 99.38%      
client [85] (testset)   loss: 0.0195 -> 0.0203  accuracy: 98.96% -> 98.96%      
client [89] (testset)   loss: 0.0001 -> 0.0001  accuracy: 100.00% -> 100.00%    
client [45] (testset)   loss: 0.0156 -> 0.0181  accuracy: 99.69% -> 99.69%      
client [8]  (testset)   loss: 0.0001 -> 0.0001  accuracy: 100.00% -> 100.00%    
client [68] (testset)   loss: 0.0770 -> 0.0770  accuracy: 98.31% -> 98.31%      
---------------------------- TRAINING EPOCH: 390 ----------------------------   
client [67] (testset)   loss: 0.0000 -> 0.0000  accuracy: 100.00% -> 100.00%    
client [72] (testset)   loss: 0.0000 -> 0.0000  accuracy: 100.00% -> 100.00%    
client [1]  (testset)   loss: 0.0010 -> 0.0010  accuracy: 100.00% -> 100.00%    
client [78] (testset)   loss: 0.0079 -> 0.0080  accuracy: 99.36% -> 99.36%      
client [83] (testset)   loss: 0.1164 -> 0.1166  accuracy: 97.86% -> 97.86%      
client [21] (testset)   loss: 0.0016 -> 0.0016  accuracy: 100.00% -> 100.00%    
client [56] (testset)   loss: 0.0000 -> 0.0000  accuracy: 100.00% -> 100.00%    
client [44] (testset)   loss: 0.0320 -> 0.0316  accuracy: 99.40% -> 99.70%      
client [92] (testset)   loss: 0.0000 -> 0.0000  accuracy: 100.00% -> 100.00%    
client [27] (testset)   loss: 0.0021 -> 0.0022  accuracy: 100.00% -> 100.00%    
---------------------------- TRAINING EPOCH: 400 ----------------------------   
client [10] (testset)   loss: 0.0000 -> 0.0000  accuracy: 100.00% -> 100.00%    
client [39] (testset)   loss: 0.0002 -> 0.0001  accuracy: 100.00% -> 100.00%    
client [65] (testset)   loss: 0.0358 -> 0.0351  accuracy: 99.16% -> 99.16%      
client [26] (testset)   loss: 0.1523 -> 0.1521  accuracy: 91.67% -> 91.67%      
client [19] (testset)   loss: 0.0601 -> 0.0598  accuracy: 98.15% -> 98.15%      
client [68] (testset)   loss: 0.0724 -> 0.0731  accuracy: 98.31% -> 98.31%      
client [41] (testset)   loss: 0.0001 -> 0.0001  accuracy: 100.00% -> 100.00%    
client [50] (testset)   loss: 0.0057 -> 0.0055  accuracy: 99.49% -> 99.49%      
client [75] (testset)   loss: 0.0104 -> 0.0121  accuracy: 99.38% -> 99.38%      
client [81] (testset)   loss: 0.0056 -> 0.0067  accuracy: 99.38% -> 99.38%      
FedRoD's average time taken by each global epoch: 0 min 1.00 sec.               
FedRoD's total running time: 0 h 6 m 43 s.                                      
==================== FedRoD Experiment Results: ====================            
Display format: (before local fine-tuning) -> (after local fine-tuning)         
 So if finetune_epoch = 0, x.xx% -> 0.00% is normal.                            
 Centralized testing ONLY happens after model aggregation, so the stats between 
'->' are the same.                                                              
{                                                                               
    "100": {                                                                    
        "all_clients": {                                                        
            "test": {                                                           
                "loss": "0.0245 -> 0.0000",                                     
                "accuracy": "99.34% -> 0.00%"                                   
            }                                                                   
        }                                                                       
    },                                                                          
    "200": {                                                                    
        "all_clients": {                                                        
            "test": {                                                           
                "loss": "0.0241 -> 0.0000",                                     
                "accuracy": "99.42% -> 0.00%"                                   
            }                                                                   
        }                                                                       
    },                                                                          
    "300": {                                                                    
        "all_clients": {                                                        
            "test": {                                                           
                "loss": "0.0259 -> 0.0000",                                     
                "accuracy": "99.43% -> 0.00%"                                   
            }                                                                   
        }                                                                       
    },                                                                          
    "400": {                                                                    
        "all_clients": {                                                        
            "test": {                                                           
                "loss": "0.0276 -> 0.0000",                                     
                "accuracy": "99.42% -> 0.00%"                                   
            }                                                                   
        }                                                                       
    }                                                                           
}                                                                               
==================== FedRoD Max Accuracy ====================                   
all_clients:                                                                    
(test) before fine-tuning: 99.43% at epoch 300                                  
(test) after fine-tuning: 0.00% at epoch 100                                    
