==================== PSFL ====================                                  
Experiment Arguments:                                                           
{
│   'method': 'psfl',
│   'dataset': {
│   │   'name': 'svhn',
│   │   'client_num': 100,
│   │   'test_ratio': 0.25,
│   │   'val_ratio': 0.0,
│   │   'seed': 42,
│   │   'split': 'sample',
│   │   'IID_ratio': 0.0,
│   │   'monitor_window_name_suffix': 'svhn-100clients-0%IID-Dir(0.1)-seed42',
│   │   'alpha': 0.1,
│   │   'min_samples_per_client': 10
│   },
│   'model': {
│   │   'name': 'avgcnn',
│   │   'use_torchvision_pretrained_weights': True,
│   │   'external_model_weights_path': None
│   },
│   'optimizer': {
│   │   'lr': 0.01,
│   │   'dampening': 0,
│   │   'weight_decay': 0,
│   │   'momentum': 0,
│   │   'nesterov': False,
│   │   'name': 'sgd'
│   },
│   'mode': 'sequential',
│   'parallel': {
│   │   'ray_cluster_addr': None,
│   │   'num_cpus': None,
│   │   'num_gpus': None,
│   │   'num_workers': 2
│   },
│   'common': {
│   │   'seed': 42,
│   │   'join_ratio': 0.1,
│   │   'global_epoch': 400,
│   │   'local_epoch': 5,
│   │   'batch_size': 32,
│   │   'reset_optimizer_on_global_epoch': True,
│   │   'straggler_ratio': 0,
│   │   'straggler_min_local_epoch': 0,
│   │   'buffers': 'global',
│   │   'client_side_evaluation': True,
│   │   'test': {
│   │   │   'client': {
│   │   │   │   'interval': 100,
│   │   │   │   'finetune_epoch': 0,
│   │   │   │   'train': False,
│   │   │   │   'val': False,
│   │   │   │   'test': True
│   │   │   },
│   │   │   'server': {
│   │   │   │   'interval': -1,
│   │   │   │   'train': False,
│   │   │   │   'val': False,
│   │   │   │   'test': False,
│   │   │   │   'model_in_train_mode': False
│   │   │   }
│   │   },
│   │   'verbose_gap': 10,
│   │   'monitor': None,
│   │   'use_cuda': True,
│   │   'save_log': True,
│   │   'save_model': False,
│   │   'save_learning_curve_plot': False,
│   │   'save_metrics': True,
│   │   'delete_useless_run': True
│   },
│   'psfl': {
│   │   'alpha': 0.0,
│   │   'CLS': False,
│   │   'ig_ratio': 0.9993,
│   │   'track': False,
│   │   'score': 'diff'
│   }
}
---------------------------- TRAINING EPOCH: 10 ----------------------------    
client [77] (testset)   loss: 0.9547 -> 0.4310  accuracy: 73.85% -> 87.65%      
client [81] (testset)   loss: 1.1713 -> 0.3393  accuracy: 58.06% -> 87.10%      
client [21] (testset)   loss: 1.0311 -> 0.8866  accuracy: 72.22% -> 80.56%      
client [68] (testset)   loss: 0.5159 -> 0.0240  accuracy: 81.25% -> 100.00%     
client [93] (testset)   loss: 1.5304 -> 0.5753  accuracy: 43.87% -> 83.23%      
client [31] (testset)   loss: 0.4363 -> 0.4433  accuracy: 82.86% -> 85.71%      
client [20] (testset)   loss: 0.9373 -> 0.2984  accuracy: 70.83% -> 90.10%      
client [59] (testset)   loss: 2.4012 -> 0.4115  accuracy: 30.57% -> 84.46%      
client [48] (testset)   loss: 1.0989 -> 0.6028  accuracy: 66.67% -> 78.79%      
client [34] (testset)   loss: 0.9284 -> 0.4033  accuracy: 63.64% -> 81.82%      
---------------------------- TRAINING EPOCH: 20 ----------------------------    
client [69] (testset)   loss: 0.7653 -> 0.6134  accuracy: 79.47% -> 87.42%      
client [99] (testset)   loss: 1.0745 -> 0.2139  accuracy: 70.00% -> 93.81%      
client [67] (testset)   loss: 0.5530 -> 0.1821  accuracy: 81.82% -> 94.07%      
client [0]  (testset)   loss: 0.7291 -> 0.3426  accuracy: 77.19% -> 89.04%      
client [76] (testset)   loss: 0.4499 -> 0.0150  accuracy: 85.26% -> 100.00%     
client [41] (testset)   loss: 0.9960 -> 0.3866  accuracy: 72.07% -> 87.81%      
client [62] (testset)   loss: 1.1038 -> 0.2705  accuracy: 64.41% -> 92.36%      
client [2]  (testset)   loss: 0.8007 -> 0.0198  accuracy: 75.52% -> 99.46%      
client [14] (testset)   loss: 1.3452 -> 0.1280  accuracy: 61.90% -> 94.05%      
client [46] (testset)   loss: 1.3030 -> 0.4376  accuracy: 71.05% -> 86.84%      
---------------------------- TRAINING EPOCH: 30 ----------------------------    
client [24] (testset)   loss: 0.1739 -> 0.2012  accuracy: 94.72% -> 95.03%      
client [68] (testset)   loss: 0.0606 -> 0.0281  accuracy: 97.92% -> 100.00%     
client [57] (testset)   loss: 0.5767 -> 0.2186  accuracy: 84.68% -> 92.57%      
client [17] (testset)   loss: 0.4865 -> 0.0572  accuracy: 89.76% -> 98.43%      
client [54] (testset)   loss: 0.0911 -> 0.0694  accuracy: 98.97% -> 97.94%      
client [23] (testset)   loss: 0.7050 -> 0.1606  accuracy: 77.57% -> 97.20%      
client [35] (testset)   loss: 0.2645 -> 0.1375  accuracy: 91.55% -> 96.04%      
client [59] (testset)   loss: 0.4270 -> 0.3695  accuracy: 85.23% -> 87.05%      
client [31] (testset)   loss: 0.5279 -> 0.3463  accuracy: 77.14% -> 85.71%      
client [9]  (testset)   loss: 0.4100 -> 0.3187  accuracy: 90.07% -> 91.49%      
---------------------------- TRAINING EPOCH: 40 ----------------------------    
client [64] (testset)   loss: 0.2781 -> 0.2064  accuracy: 89.63% -> 91.85%      
client [33] (testset)   loss: 0.1578 -> 0.1426  accuracy: 97.54% -> 97.23%      
client [16] (testset)   loss: 0.2103 -> 0.0456  accuracy: 93.83% -> 97.53%      
client [44] (testset)   loss: 0.6066 -> 0.1682  accuracy: 84.54% -> 93.81%      
client [8]  (testset)   loss: 0.5999 -> 0.2880  accuracy: 75.00% -> 87.50%      
client [31] (testset)   loss: 0.3527 -> 0.3752  accuracy: 85.71% -> 85.71%      
client [47] (testset)   loss: 0.2101 -> 0.1722  accuracy: 95.10% -> 95.36%      
client [36] (testset)   loss: 2.0240 -> 2.5498  accuracy: 70.00% -> 60.00%      
client [20] (testset)   loss: 0.4841 -> 0.3133  accuracy: 81.25% -> 90.62%      
client [56] (testset)   loss: 0.6219 -> 0.2521  accuracy: 81.29% -> 92.97%      
---------------------------- TRAINING EPOCH: 50 ----------------------------    
client [4]  (testset)   loss: 0.1921 -> 0.1278  accuracy: 98.53% -> 98.53%      
client [60] (testset)   loss: 0.0031 -> 0.0006  accuracy: 100.00% -> 100.00%    
client [28] (testset)   loss: 0.0808 -> 0.0983  accuracy: 98.11% -> 97.17%      
client [25] (testset)   loss: 0.5116 -> 0.4506  accuracy: 92.50% -> 95.00%      
client [58] (testset)   loss: 0.3228 -> 0.2603  accuracy: 91.19% -> 93.10%      
client [44] (testset)   loss: 0.1680 -> 0.1184  accuracy: 94.85% -> 96.91%      
client [39] (testset)   loss: 0.2488 -> 0.1113  accuracy: 92.68% -> 97.56%      
client [29] (testset)   loss: 0.5194 -> 0.4586  accuracy: 86.94% -> 88.60%      
client [3]  (testset)   loss: 0.1873 -> 0.1375  accuracy: 93.17% -> 95.58%      
client [84] (testset)   loss: 0.4484 -> 0.3993  accuracy: 88.24% -> 89.14%      
---------------------------- TRAINING EPOCH: 60 ----------------------------    
client [21] (testset)   loss: 1.0535 -> 0.6145  accuracy: 69.44% -> 86.11%      
client [84] (testset)   loss: 0.8153 -> 0.4646  accuracy: 84.16% -> 89.14%      
client [10] (testset)   loss: 0.1878 -> 0.1598  accuracy: 94.77% -> 96.65%      
client [36] (testset)   loss: 2.1607 -> 2.6300  accuracy: 80.00% -> 60.00%      
client [65] (testset)   loss: 0.0723 -> 0.0779  accuracy: 97.86% -> 98.26%      
client [81] (testset)   loss: 0.4567 -> 0.4585  accuracy: 83.87% -> 90.32%      
client [79] (testset)   loss: 0.0894 -> 0.0708  accuracy: 97.62% -> 96.94%      
client [42] (testset)   loss: 0.1724 -> 0.1317  accuracy: 95.59% -> 97.06%      
client [11] (testset)   loss: 0.1375 -> 0.1945  accuracy: 96.10% -> 93.51%      
client [96] (testset)   loss: 0.0152 -> 0.0277  accuracy: 100.00% -> 98.21%     
---------------------------- TRAINING EPOCH: 70 ----------------------------    
client [8]  (testset)   loss: 0.3550 -> 0.1380  accuracy: 93.75% -> 93.75%      
client [53] (testset)   loss: 0.1190 -> 0.1525  accuracy: 95.63% -> 96.94%      
client [52] (testset)   loss: 0.1231 -> 0.0602  accuracy: 95.19% -> 97.33%      
client [42] (testset)   loss: 0.1209 -> 0.1164  accuracy: 97.79% -> 96.32%      
client [69] (testset)   loss: 0.3733 -> 0.4039  accuracy: 92.72% -> 92.05%      
client [59] (testset)   loss: 0.3523 -> 0.2926  accuracy: 90.16% -> 90.41%      
client [7]  (testset)   loss: 0.4492 -> 0.1614  accuracy: 88.45% -> 94.95%      
client [26] (testset)   loss: 0.0440 -> 0.0307  accuracy: 98.73% -> 98.73%      
client [49] (testset)   loss: 0.0682 -> 0.0550  accuracy: 97.30% -> 97.84%      
client [98] (testset)   loss: 0.2687 -> 0.2746  accuracy: 95.24% -> 95.63%      
---------------------------- TRAINING EPOCH: 80 ----------------------------    
client [98] (testset)   loss: 0.2523 -> 0.2473  accuracy: 95.24% -> 96.83%      
client [47] (testset)   loss: 0.2415 -> 0.2088  accuracy: 95.10% -> 95.76%      
client [21] (testset)   loss: 1.2192 -> 0.8053  accuracy: 72.22% -> 83.33%      
client [77] (testset)   loss: 0.5668 -> 0.4664  accuracy: 89.10% -> 91.04%      
client [95] (testset)   loss: 0.3085 -> 0.3409  accuracy: 93.62% -> 94.68%      
client [91] (testset)   loss: 0.5177 -> 0.4257  accuracy: 88.54% -> 90.45%      
client [14] (testset)   loss: 0.1703 -> 0.1318  accuracy: 95.24% -> 97.02%      
client [99] (testset)   loss: 0.2284 -> 0.2133  accuracy: 95.00% -> 95.24%      
client [20] (testset)   loss: 0.3090 -> 0.3824  accuracy: 91.67% -> 90.10%      
client [39] (testset)   loss: 0.2027 -> 0.1644  accuracy: 95.12% -> 97.56%      
---------------------------- TRAINING EPOCH: 90 ----------------------------    
client [52] (testset)   loss: 0.0943 -> 0.0893  accuracy: 96.08% -> 96.97%      
client [62] (testset)   loss: 0.3406 -> 0.3268  accuracy: 91.92% -> 93.67%      
client [71] (testset)   loss: 0.4251 -> 0.4137  accuracy: 91.26% -> 92.90%      
client [97] (testset)   loss: 0.1494 -> 0.1907  accuracy: 96.82% -> 95.97%      
client [30] (testset)   loss: 0.0034 -> 0.0013  accuracy: 100.00% -> 100.00%    
client [88] (testset)   loss: 0.1199 -> 0.1134  accuracy: 97.05% -> 97.38%      
client [60] (testset)   loss: 0.0006 -> 0.0002  accuracy: 100.00% -> 100.00%    
client [82] (testset)   loss: 0.7504 -> 0.5747  accuracy: 94.74% -> 94.74%      
client [91] (testset)   loss: 0.5677 -> 0.4089  accuracy: 87.90% -> 91.08%      
client [57] (testset)   loss: 0.1853 -> 0.1890  accuracy: 94.82% -> 93.69%      
---------------------------- TRAINING EPOCH: 100 ----------------------------   
client [31] (testset)   loss: 0.3547 -> 0.3990  accuracy: 94.29% -> 91.43%      
client [15] (testset)   loss: 0.2233 -> 0.2316  accuracy: 95.24% -> 95.80%      
client [71] (testset)   loss: 0.3601 -> 0.3999  accuracy: 92.90% -> 92.90%      
client [97] (testset)   loss: 0.1709 -> 0.2046  accuracy: 96.60% -> 96.39%      
client [53] (testset)   loss: 0.1208 -> 0.1429  accuracy: 96.07% -> 97.38%      
client [77] (testset)   loss: 0.5828 -> 0.5034  accuracy: 91.77% -> 91.28%      
client [76] (testset)   loss: 0.1203 -> 0.0124  accuracy: 96.79% -> 99.36%      
client [79] (testset)   loss: 0.1001 -> 0.0647  accuracy: 97.45% -> 97.96%      
client [28] (testset)   loss: 0.1983 -> 0.2195  accuracy: 96.70% -> 97.64%      
client [99] (testset)   loss: 0.2536 -> 0.2506  accuracy: 95.00% -> 95.24%      
---------------------------- TRAINING EPOCH: 110 ----------------------------   
client [97] (testset)   loss: 0.2210 -> 0.1765  accuracy: 97.24% -> 96.60%      
client [86] (testset)   loss: 0.4555 -> 0.4790  accuracy: 94.62% -> 94.62%      
client [34] (testset)   loss: 0.1830 -> 0.2745  accuracy: 90.91% -> 86.36%      
client [73] (testset)   loss: 0.1002 -> 0.0798  accuracy: 98.26% -> 98.70%      
client [5]  (testset)   loss: 0.2032 -> 0.0732  accuracy: 93.75% -> 96.88%      
client [96] (testset)   loss: 0.0009 -> 0.0038  accuracy: 100.00% -> 100.00%    
client [22] (testset)   loss: 0.8580 -> 1.1057  accuracy: 84.38% -> 81.25%      
client [60] (testset)   loss: 0.0002 -> 0.0002  accuracy: 100.00% -> 100.00%    
client [66] (testset)   loss: 0.2541 -> 0.2574  accuracy: 94.81% -> 94.81%      
client [83] (testset)   loss: 0.0467 -> 0.0387  accuracy: 100.00% -> 100.00%    
---------------------------- TRAINING EPOCH: 120 ----------------------------   
client [76] (testset)   loss: 0.0138 -> 0.0034  accuracy: 98.72% -> 100.00%     
client [65] (testset)   loss: 0.1039 -> 0.0917  accuracy: 97.86% -> 98.53%      
client [95] (testset)   loss: 0.3904 -> 0.3761  accuracy: 92.55% -> 92.55%      
client [17] (testset)   loss: 0.1234 -> 0.0523  accuracy: 97.64% -> 99.21%      
client [8]  (testset)   loss: 0.0021 -> 0.0019  accuracy: 100.00% -> 100.00%    
client [35] (testset)   loss: 0.1659 -> 0.1737  accuracy: 96.40% -> 96.40%      
client [98] (testset)   loss: 0.3050 -> 0.3083  accuracy: 97.22% -> 96.83%      
client [53] (testset)   loss: 0.0751 -> 0.0967  accuracy: 97.38% -> 97.38%      
client [43] (testset)   loss: 0.3382 -> 0.2822  accuracy: 93.28% -> 94.03%      
client [64] (testset)   loss: 0.3185 -> 0.2169  accuracy: 90.37% -> 93.33%      
---------------------------- TRAINING EPOCH: 130 ----------------------------   
client [21] (testset)   loss: 0.8167 -> 0.7611  accuracy: 86.11% -> 86.11%      
client [88] (testset)   loss: 0.1295 -> 0.1449  accuracy: 97.70% -> 98.03%      
client [38] (testset)   loss: 0.2682 -> 0.2952  accuracy: 97.24% -> 97.24%      
client [3]  (testset)   loss: 0.2374 -> 0.2421  accuracy: 95.98% -> 95.58%      
client [5]  (testset)   loss: 0.1019 -> 0.0947  accuracy: 95.31% -> 95.31%      
client [41] (testset)   loss: 0.5780 -> 0.5134  accuracy: 90.65% -> 91.36%      
client [7]  (testset)   loss: 0.3500 -> 0.2993  accuracy: 92.42% -> 93.50%      
client [37] (testset)   loss: 0.0445 -> 0.0248  accuracy: 98.86% -> 99.15%      
client [45] (testset)   loss: 0.2256 -> 0.0670  accuracy: 93.75% -> 96.88%      
client [47] (testset)   loss: 0.2745 -> 0.2623  accuracy: 95.76% -> 95.89%      
---------------------------- TRAINING EPOCH: 140 ----------------------------   
client [16] (testset)   loss: 0.1614 -> 0.1333  accuracy: 97.53% -> 97.53%      
client [11] (testset)   loss: 0.1131 -> 0.1360  accuracy: 97.40% -> 94.81%      
client [37] (testset)   loss: 0.0221 -> 0.0207  accuracy: 99.72% -> 99.72%      
client [41] (testset)   loss: 0.5677 -> 0.5329  accuracy: 91.12% -> 91.36%      
client [95] (testset)   loss: 0.4900 -> 0.4977  accuracy: 95.74% -> 94.68%      
client [53] (testset)   loss: 0.1150 -> 0.1843  accuracy: 96.51% -> 96.51%      
client [22] (testset)   loss: 2.0706 -> 2.1795  accuracy: 81.25% -> 78.12%      
client [25] (testset)   loss: 0.6160 -> 0.6865  accuracy: 97.50% -> 97.50%      
client [69] (testset)   loss: 0.4346 -> 0.4324  accuracy: 94.04% -> 92.72%      
client [46] (testset)   loss: 1.0083 -> 0.9231  accuracy: 92.11% -> 92.11%      
---------------------------- TRAINING EPOCH: 150 ----------------------------   
client [47] (testset)   loss: 0.2976 -> 0.3087  accuracy: 95.50% -> 96.16%      
client [69] (testset)   loss: 0.5527 -> 0.5116  accuracy: 92.05% -> 94.04%      
client [82] (testset)   loss: 1.2549 -> 1.1712  accuracy: 84.21% -> 84.21%      
client [45] (testset)   loss: 0.1607 -> 0.1212  accuracy: 97.92% -> 97.92%      
client [7]  (testset)   loss: 0.2522 -> 0.2603  accuracy: 93.50% -> 94.22%      
client [50] (testset)   loss: 0.2122 -> 0.1733  accuracy: 92.86% -> 95.24%      
client [35] (testset)   loss: 0.1963 -> 0.2096  accuracy: 96.94% -> 96.40%      
client [24] (testset)   loss: 0.4022 -> 0.3880  accuracy: 94.72% -> 95.03%      
client [15] (testset)   loss: 0.3134 -> 0.3032  accuracy: 95.10% -> 94.68%      
client [58] (testset)   loss: 0.3740 -> 0.3780  accuracy: 93.49% -> 92.72%      
---------------------------- TRAINING EPOCH: 160 ----------------------------   
client [48] (testset)   loss: 1.3025 -> 1.0783  accuracy: 78.79% -> 78.79%      
client [76] (testset)   loss: 0.0038 -> 0.0019  accuracy: 100.00% -> 100.00%    
client [67] (testset)   loss: 0.1768 -> 0.1775  accuracy: 95.65% -> 95.65%      
client [37] (testset)   loss: 0.0433 -> 0.0300  accuracy: 99.43% -> 99.72%      
client [58] (testset)   loss: 0.5402 -> 0.4075  accuracy: 93.10% -> 93.49%      
client [64] (testset)   loss: 0.3856 -> 0.3619  accuracy: 91.85% -> 91.11%      
client [77] (testset)   loss: 0.6034 -> 0.6318  accuracy: 92.25% -> 92.25%      
client [55] (testset)   loss: 0.4557 -> 0.3541  accuracy: 93.37% -> 91.84%      
client [12] (testset)   loss: 0.8387 -> 0.5794  accuracy: 90.91% -> 90.91%      
client [89] (testset)   loss: 0.3531 -> 0.2827  accuracy: 91.67% -> 94.61%      
---------------------------- TRAINING EPOCH: 170 ----------------------------   
client [84] (testset)   loss: 0.7209 -> 0.6983  accuracy: 90.05% -> 90.50%      
client [51] (testset)   loss: 0.3693 -> 0.3772  accuracy: 95.06% -> 95.44%      
client [8]  (testset)   loss: 0.0016 -> 0.0016  accuracy: 100.00% -> 100.00%    
client [18] (testset)   loss: 0.2103 -> 0.1899  accuracy: 95.35% -> 96.51%      
client [94] (testset)   loss: 0.1627 -> 0.1351  accuracy: 97.85% -> 97.55%      
client [81] (testset)   loss: 0.7224 -> 0.7039  accuracy: 90.32% -> 90.32%      
client [3]  (testset)   loss: 0.2621 -> 0.2537  accuracy: 97.19% -> 96.79%      
client [11] (testset)   loss: 0.2301 -> 0.1761  accuracy: 94.81% -> 94.81%      
client [95] (testset)   loss: 0.4801 -> 0.5360  accuracy: 94.68% -> 94.68%      
client [67] (testset)   loss: 0.2331 -> 0.2197  accuracy: 95.26% -> 95.65%      
---------------------------- TRAINING EPOCH: 180 ----------------------------   
client [21] (testset)   loss: 0.9217 -> 1.0538  accuracy: 88.89% -> 91.67%      
client [79] (testset)   loss: 0.0854 -> 0.0831  accuracy: 98.47% -> 98.47%      
client [58] (testset)   loss: 0.3717 -> 0.3715  accuracy: 93.10% -> 93.10%      
client [88] (testset)   loss: 0.1623 -> 0.1661  accuracy: 97.70% -> 98.03%      
client [46] (testset)   loss: 1.5093 -> 1.3604  accuracy: 89.47% -> 89.47%      
client [11] (testset)   loss: 0.2082 -> 0.2110  accuracy: 96.10% -> 96.10%      
client [55] (testset)   loss: 0.4254 -> 0.4250  accuracy: 91.58% -> 91.58%      
client [13] (testset)   loss: 0.3972 -> 0.3303  accuracy: 95.00% -> 94.50%      
client [31] (testset)   loss: 0.6371 -> 0.6458  accuracy: 91.43% -> 91.43%      
client [75] (testset)   loss: 0.3195 -> 0.2932  accuracy: 94.44% -> 95.14%      
---------------------------- TRAINING EPOCH: 190 ----------------------------   
client [19] (testset)   loss: 0.4783 -> 0.4882  accuracy: 91.32% -> 91.78%      
client [7]  (testset)   loss: 0.3036 -> 0.2937  accuracy: 94.58% -> 94.58%      
client [57] (testset)   loss: 0.3167 -> 0.2735  accuracy: 94.14% -> 95.27%      
client [13] (testset)   loss: 0.2767 -> 0.2890  accuracy: 95.00% -> 94.50%      
client [43] (testset)   loss: 0.3434 -> 0.3366  accuracy: 94.78% -> 94.78%      
client [91] (testset)   loss: 0.5915 -> 0.6666  accuracy: 89.17% -> 89.81%      
client [10] (testset)   loss: 0.2853 -> 0.2694  accuracy: 95.82% -> 95.82%      
client [64] (testset)   loss: 0.3579 -> 0.3198  accuracy: 91.11% -> 90.37%      
client [82] (testset)   loss: 1.1475 -> 1.1229  accuracy: 84.21% -> 84.21%      
client [22] (testset)   loss: 1.6520 -> 1.7455  accuracy: 81.25% -> 81.25%      
---------------------------- TRAINING EPOCH: 200 ----------------------------   
client [20] (testset)   loss: 0.5708 -> 0.5673  accuracy: 90.10% -> 91.67%      
client [23] (testset)   loss: 0.2805 -> 0.5284  accuracy: 98.13% -> 98.13%      
client [88] (testset)   loss: 0.1096 -> 0.1303  accuracy: 98.03% -> 98.03%      
client [98] (testset)   loss: 0.3512 -> 0.3857  accuracy: 96.03% -> 96.03%      
client [79] (testset)   loss: 0.1298 -> 0.0911  accuracy: 97.79% -> 98.13%      
client [21] (testset)   loss: 0.9978 -> 0.9241  accuracy: 83.33% -> 83.33%      
client [92] (testset)   loss: 0.6147 -> 0.5868  accuracy: 92.82% -> 93.37%      
client [56] (testset)   loss: 0.3832 -> 0.3821  accuracy: 93.99% -> 94.33%      
client [5]  (testset)   loss: 0.1399 -> 0.1328  accuracy: 93.75% -> 93.75%      
client [52] (testset)   loss: 0.0836 -> 0.1013  accuracy: 97.50% -> 97.68%      
---------------------------- TRAINING EPOCH: 210 ----------------------------   
client [67] (testset)   loss: 0.2626 -> 0.2614  accuracy: 94.86% -> 95.26%      
client [54] (testset)   loss: 0.3082 -> 0.2967  accuracy: 95.88% -> 95.88%      
client [14] (testset)   loss: 0.1414 -> 0.1415  accuracy: 98.21% -> 98.81%      
client [99] (testset)   loss: 0.3689 -> 0.3759  accuracy: 95.71% -> 95.48%      
client [36] (testset)   loss: 6.6736 -> 6.8721  accuracy: 70.00% -> 70.00%      
client [30] (testset)   loss: 0.0006 -> 0.0010  accuracy: 100.00% -> 100.00%    
client [38] (testset)   loss: 0.4609 -> 0.3931  accuracy: 96.48% -> 96.48%      
client [15] (testset)   loss: 0.3386 -> 0.3636  accuracy: 94.82% -> 94.68%      
client [6]  (testset)   loss: 0.1573 -> 0.1547  accuracy: 97.61% -> 96.81%      
client [53] (testset)   loss: 0.1934 -> 0.1758  accuracy: 97.38% -> 97.38%      
---------------------------- TRAINING EPOCH: 220 ----------------------------   
client [99] (testset)   loss: 0.4064 -> 0.3846  accuracy: 95.24% -> 95.24%      
client [6]  (testset)   loss: 0.1436 -> 0.1485  accuracy: 96.41% -> 96.41%      
client [83] (testset)   loss: 0.0192 -> 0.0186  accuracy: 100.00% -> 100.00%    
client [42] (testset)   loss: 0.2404 -> 0.2414  accuracy: 95.59% -> 96.32%      
client [34] (testset)   loss: 0.5478 -> 0.5163  accuracy: 86.36% -> 86.36%      
client [15] (testset)   loss: 0.3588 -> 0.3648  accuracy: 95.24% -> 94.96%      
client [47] (testset)   loss: 0.4020 -> 0.4074  accuracy: 96.29% -> 95.89%      
client [55] (testset)   loss: 0.4944 -> 0.5121  accuracy: 92.60% -> 92.60%      
client [51] (testset)   loss: 0.4761 -> 0.4544  accuracy: 95.44% -> 96.20%      
client [95] (testset)   loss: 0.6234 -> 0.6244  accuracy: 93.62% -> 93.62%      
---------------------------- TRAINING EPOCH: 230 ----------------------------   
client [71] (testset)   loss: 0.4924 -> 0.5124  accuracy: 95.08% -> 94.54%      
client [15] (testset)   loss: 0.3346 -> 0.3412  accuracy: 95.10% -> 95.52%      
client [33] (testset)   loss: 0.2406 -> 0.2317  accuracy: 98.15% -> 98.46%      
client [99] (testset)   loss: 0.3268 -> 0.3303  accuracy: 95.48% -> 95.95%      
client [90] (testset)   loss: 0.1011 -> 0.1081  accuracy: 96.30% -> 93.83%      
client [57] (testset)   loss: 0.2655 -> 0.2535  accuracy: 94.59% -> 94.82%      
client [27] (testset)   loss: 0.6185 -> 0.5247  accuracy: 90.50% -> 91.50%      
client [78] (testset)   loss: 0.2887 -> 0.2766  accuracy: 96.58% -> 96.58%      
client [36] (testset)   loss: 7.4261 -> 7.4028  accuracy: 70.00% -> 70.00%      
client [88] (testset)   loss: 0.1690 -> 0.1731  accuracy: 98.03% -> 97.38%      
---------------------------- TRAINING EPOCH: 240 ----------------------------   
client [70] (testset)   loss: 0.5807 -> 0.5745  accuracy: 93.06% -> 93.06%      
client [35] (testset)   loss: 0.2311 -> 0.2541  accuracy: 96.40% -> 96.04%      
client [16] (testset)   loss: 0.0460 -> 0.0424  accuracy: 98.77% -> 98.77%      
client [80] (testset)   loss: 1.0882 -> 1.0909  accuracy: 91.30% -> 91.30%      
client [38] (testset)   loss: 0.4159 -> 0.3943  accuracy: 96.73% -> 97.49%      
client [78] (testset)   loss: 0.2907 -> 0.2912  accuracy: 97.44% -> 96.58%      
client [68] (testset)   loss: 0.0002 -> 0.0003  accuracy: 100.00% -> 100.00%    
client [11] (testset)   loss: 0.2216 -> 0.2163  accuracy: 96.10% -> 96.10%      
client [64] (testset)   loss: 0.4231 -> 0.4210  accuracy: 90.37% -> 90.37%      
client [82] (testset)   loss: 1.6065 -> 1.5982  accuracy: 84.21% -> 84.21%      
---------------------------- TRAINING EPOCH: 250 ----------------------------   
client [30] (testset)   loss: 0.0015 -> 0.0019  accuracy: 100.00% -> 100.00%    
client [27] (testset)   loss: 0.6152 -> 0.5697  accuracy: 91.50% -> 92.00%      
client [74] (testset)   loss: 0.8391 -> 0.8073  accuracy: 87.42% -> 87.42%      
client [45] (testset)   loss: 0.2682 -> 0.2631  accuracy: 96.88% -> 96.88%      
client [6]  (testset)   loss: 0.1828 -> 0.1681  accuracy: 96.81% -> 96.02%      
client [36] (testset)   loss: 8.1247 -> 8.9486  accuracy: 70.00% -> 60.00%      
client [63] (testset)   loss: 0.9344 -> 0.9188  accuracy: 90.91% -> 90.91%      
client [76] (testset)   loss: 0.0027 -> 0.0018  accuracy: 100.00% -> 100.00%    
client [83] (testset)   loss: 0.0030 -> 0.0030  accuracy: 100.00% -> 100.00%    
client [86] (testset)   loss: 0.6312 -> 0.5810  accuracy: 95.16% -> 95.16%      
---------------------------- TRAINING EPOCH: 260 ----------------------------   
client [83] (testset)   loss: 0.0056 -> 0.0055  accuracy: 100.00% -> 100.00%    
client [99] (testset)   loss: 0.4076 -> 0.3980  accuracy: 95.24% -> 95.24%      
client [74] (testset)   loss: 0.7140 -> 0.7096  accuracy: 85.43% -> 86.09%      
client [73] (testset)   loss: 0.1626 -> 0.1616  accuracy: 98.70% -> 98.70%      
client [29] (testset)   loss: 1.1271 -> 1.0980  accuracy: 89.79% -> 89.07%      
client [92] (testset)   loss: 0.6752 -> 0.6555  accuracy: 92.27% -> 93.37%      
client [6]  (testset)   loss: 0.2018 -> 0.2052  accuracy: 96.41% -> 96.41%      
client [61] (testset)   loss: 0.5167 -> 0.5367  accuracy: 93.98% -> 93.98%      
client [21] (testset)   loss: 1.3747 -> 1.3681  accuracy: 83.33% -> 83.33%      
client [67] (testset)   loss: 0.2910 -> 0.2836  accuracy: 94.86% -> 95.26%      
---------------------------- TRAINING EPOCH: 270 ----------------------------   
client [83] (testset)   loss: 0.0766 -> 0.0760  accuracy: 92.31% -> 92.31%      
client [32] (testset)   loss: 0.8319 -> 0.8069  accuracy: 90.65% -> 90.65%      
client [95] (testset)   loss: 0.6154 -> 0.6118  accuracy: 95.74% -> 95.74%      
client [61] (testset)   loss: 0.5651 -> 0.5886  accuracy: 91.97% -> 92.77%      
client [27] (testset)   loss: 0.6186 -> 0.5907  accuracy: 90.00% -> 92.00%      
client [25] (testset)   loss: 0.9437 -> 0.9490  accuracy: 95.00% -> 95.00%      
client [68] (testset)   loss: 0.0010 -> 0.0009  accuracy: 100.00% -> 100.00%    
client [34] (testset)   loss: 0.3992 -> 0.3740  accuracy: 90.91% -> 90.91%      
client [71] (testset)   loss: 0.5513 -> 0.5572  accuracy: 94.54% -> 95.08%      
client [89] (testset)   loss: 0.3700 -> 0.3475  accuracy: 95.59% -> 96.08%      
---------------------------- TRAINING EPOCH: 280 ----------------------------   
client [78] (testset)   loss: 0.1957 -> 0.2029  accuracy: 97.44% -> 97.44%      
client [81] (testset)   loss: 0.8321 -> 0.8318  accuracy: 83.87% -> 83.87%      
client [51] (testset)   loss: 0.4362 -> 0.4407  accuracy: 96.20% -> 95.82%      
client [54] (testset)   loss: 0.3089 -> 0.2804  accuracy: 95.88% -> 95.88%      
client [65] (testset)   loss: 0.1506 -> 0.1554  accuracy: 98.00% -> 98.00%      
client [41] (testset)   loss: 0.7171 -> 0.6615  accuracy: 90.89% -> 91.36%      
client [11] (testset)   loss: 0.3917 -> 0.3599  accuracy: 94.81% -> 94.81%      
client [85] (testset)   loss: 0.0458 -> 0.0389  accuracy: 100.00% -> 100.00%    
client [12] (testset)   loss: 0.9181 -> 0.9135  accuracy: 90.91% -> 90.91%      
client [23] (testset)   loss: 0.3739 -> 0.3502  accuracy: 98.13% -> 97.20%      
---------------------------- TRAINING EPOCH: 290 ----------------------------   
client [16] (testset)   loss: 0.0628 -> 0.0659  accuracy: 98.77% -> 98.77%      
client [65] (testset)   loss: 0.1732 -> 0.1720  accuracy: 98.00% -> 98.13%      
client [53] (testset)   loss: 0.1314 -> 0.1380  accuracy: 97.82% -> 97.82%      
client [58] (testset)   loss: 0.4269 -> 0.4404  accuracy: 94.25% -> 93.87%      
client [72] (testset)   loss: 0.7609 -> 0.6990  accuracy: 92.39% -> 92.55%      
client [7]  (testset)   loss: 0.3915 -> 0.3774  accuracy: 94.58% -> 94.22%      
client [71] (testset)   loss: 0.5493 -> 0.5787  accuracy: 93.99% -> 94.54%      
client [59] (testset)   loss: 0.5059 -> 0.4885  accuracy: 90.93% -> 90.67%      
client [86] (testset)   loss: 0.4689 -> 0.4876  accuracy: 96.24% -> 95.70%      
client [39] (testset)   loss: 0.2300 -> 0.2355  accuracy: 97.56% -> 97.56%      
---------------------------- TRAINING EPOCH: 300 ----------------------------   
client [99] (testset)   loss: 0.3848 -> 0.3800  accuracy: 95.48% -> 95.48%      
client [7]  (testset)   loss: 0.4001 -> 0.4028  accuracy: 95.31% -> 94.95%      
client [17] (testset)   loss: 0.1272 -> 0.1270  accuracy: 98.43% -> 98.43%      
client [64] (testset)   loss: 0.5891 -> 0.5073  accuracy: 88.15% -> 88.15%      
client [37] (testset)   loss: 0.0501 -> 0.0496  accuracy: 99.43% -> 99.43%      
client [29] (testset)   loss: 1.1352 -> 1.1227  accuracy: 88.60% -> 88.84%      
client [93] (testset)   loss: 0.5053 -> 0.4897  accuracy: 92.90% -> 91.61%      
client [73] (testset)   loss: 0.1464 -> 0.1467  accuracy: 99.13% -> 99.13%      
client [40] (testset)   loss: 0.6192 -> 0.5556  accuracy: 84.75% -> 88.14%      
client [76] (testset)   loss: 0.0002 -> 0.0002  accuracy: 100.00% -> 100.00%    
---------------------------- TRAINING EPOCH: 310 ----------------------------   
client [31] (testset)   loss: 1.1364 -> 1.1369  accuracy: 88.57% -> 88.57%      
client [89] (testset)   loss: 0.4799 -> 0.4256  accuracy: 95.59% -> 95.10%      
client [77] (testset)   loss: 0.8694 -> 0.8637  accuracy: 92.01% -> 92.25%      
client [90] (testset)   loss: 0.1390 -> 0.1479  accuracy: 96.30% -> 96.30%      
client [26] (testset)   loss: 0.0420 -> 0.0443  accuracy: 99.36% -> 99.36%      
client [50] (testset)   loss: 0.0422 -> 0.0349  accuracy: 97.62% -> 97.62%      
client [30] (testset)   loss: 0.0000 -> 0.0000  accuracy: 100.00% -> 100.00%    
client [70] (testset)   loss: 0.6228 -> 0.6210  accuracy: 93.40% -> 93.58%      
client [41] (testset)   loss: 0.7057 -> 0.7053  accuracy: 91.48% -> 91.36%      
client [99] (testset)   loss: 0.4500 -> 0.4365  accuracy: 94.76% -> 95.24%      
---------------------------- TRAINING EPOCH: 320 ----------------------------   
client [68] (testset)   loss: 0.0000 -> 0.0000  accuracy: 100.00% -> 100.00%    
client [70] (testset)   loss: 0.6424 -> 0.6347  accuracy: 93.23% -> 93.23%      
client [52] (testset)   loss: 0.0853 -> 0.0880  accuracy: 98.22% -> 98.22%      
client [1]  (testset)   loss: 0.1106 -> 0.1109  accuracy: 98.61% -> 98.61%      
client [2]  (testset)   loss: 0.0667 -> 0.0665  accuracy: 99.46% -> 99.39%      
client [67] (testset)   loss: 0.3709 -> 0.3578  accuracy: 94.86% -> 95.26%      
client [92] (testset)   loss: 0.6801 -> 0.6739  accuracy: 93.92% -> 93.37%      
client [35] (testset)   loss: 0.2762 -> 0.2829  accuracy: 96.94% -> 97.12%      
client [36] (testset)   loss: 8.4547 -> 8.5248  accuracy: 70.00% -> 70.00%      
client [64] (testset)   loss: 0.5100 -> 0.4761  accuracy: 88.89% -> 88.89%      
---------------------------- TRAINING EPOCH: 330 ----------------------------   
client [44] (testset)   loss: 0.1730 -> 0.1670  accuracy: 95.88% -> 95.88%      
client [6]  (testset)   loss: 0.1761 -> 0.1759  accuracy: 96.41% -> 96.41%      
client [12] (testset)   loss: 1.3050 -> 1.2980  accuracy: 90.91% -> 90.91%      
client [55] (testset)   loss: 0.5787 -> 0.5850  accuracy: 92.35% -> 92.86%      
client [29] (testset)   loss: 1.2387 -> 1.2239  accuracy: 89.07% -> 89.07%      
client [9]  (testset)   loss: 0.8739 -> 0.8677  accuracy: 90.78% -> 90.78%      
client [43] (testset)   loss: 0.4214 -> 0.4205  accuracy: 95.15% -> 95.15%      
client [77] (testset)   loss: 0.9199 -> 0.8981  accuracy: 91.53% -> 92.01%      
client [98] (testset)   loss: 0.4554 -> 0.4424  accuracy: 96.43% -> 96.43%      
client [78] (testset)   loss: 0.2435 -> 0.2453  accuracy: 97.44% -> 97.44%      
---------------------------- TRAINING EPOCH: 340 ----------------------------   
client [92] (testset)   loss: 0.7112 -> 0.6993  accuracy: 93.37% -> 92.82%      
client [80] (testset)   loss: 1.1618 -> 1.1468  accuracy: 89.86% -> 89.86%      
client [63] (testset)   loss: 1.1143 -> 1.1052  accuracy: 90.91% -> 90.91%      
client [76] (testset)   loss: 0.0001 -> 0.0001  accuracy: 100.00% -> 100.00%    
client [78] (testset)   loss: 0.2291 -> 0.2264  accuracy: 97.44% -> 97.44%      
client [25] (testset)   loss: 1.2191 -> 1.2199  accuracy: 92.50% -> 92.50%      
client [58] (testset)   loss: 0.4923 -> 0.5057  accuracy: 94.25% -> 93.87%      
client [13] (testset)   loss: 0.4736 -> 0.4687  accuracy: 94.00% -> 94.00%      
client [17] (testset)   loss: 0.1933 -> 0.1912  accuracy: 98.43% -> 98.43%      
client [38] (testset)   loss: 0.4754 -> 0.4761  accuracy: 96.98% -> 96.98%      
---------------------------- TRAINING EPOCH: 350 ----------------------------   
client [72] (testset)   loss: 0.7850 -> 0.7772  accuracy: 92.89% -> 93.23%      
client [82] (testset)   loss: 2.2988 -> 2.2948  accuracy: 84.21% -> 84.21%      
client [86] (testset)   loss: 0.6022 -> 0.6068  accuracy: 95.70% -> 96.24%      
client [51] (testset)   loss: 0.5590 -> 0.5568  accuracy: 96.20% -> 96.20%      
client [96] (testset)   loss: 0.0003 -> 0.0004  accuracy: 100.00% -> 100.00%    
client [42] (testset)   loss: 0.3419 -> 0.3414  accuracy: 96.32% -> 96.32%      
client [55] (testset)   loss: 0.6184 -> 0.6146  accuracy: 92.09% -> 92.35%      
client [13] (testset)   loss: 0.4824 -> 0.4798  accuracy: 94.00% -> 94.00%      
client [1]  (testset)   loss: 0.1124 -> 0.1175  accuracy: 98.61% -> 98.61%      
client [12] (testset)   loss: 1.3297 -> 1.3203  accuracy: 90.91% -> 90.91%      
---------------------------- TRAINING EPOCH: 360 ----------------------------   
client [68] (testset)   loss: 0.0000 -> 0.0000  accuracy: 100.00% -> 100.00%    
client [23] (testset)   loss: 0.4918 -> 0.4841  accuracy: 98.13% -> 98.13%      
client [46] (testset)   loss: 1.9025 -> 1.8661  accuracy: 89.47% -> 89.47%      
client [41] (testset)   loss: 0.7819 -> 0.7750  accuracy: 91.36% -> 91.36%      
client [25] (testset)   loss: 1.3197 -> 1.3097  accuracy: 95.00% -> 95.00%      
client [58] (testset)   loss: 0.4983 -> 0.5201  accuracy: 93.87% -> 93.87%      
client [14] (testset)   loss: 0.1776 -> 0.1769  accuracy: 97.62% -> 97.62%      
client [33] (testset)   loss: 0.3025 -> 0.2855  accuracy: 97.85% -> 97.85%      
client [85] (testset)   loss: 0.0169 -> 0.0173  accuracy: 100.00% -> 100.00%    
client [62] (testset)   loss: 0.6244 -> 0.6252  accuracy: 94.76% -> 94.98%      
---------------------------- TRAINING EPOCH: 370 ----------------------------   
client [98] (testset)   loss: 0.4729 -> 0.4735  accuracy: 96.03% -> 96.03%      
client [63] (testset)   loss: 1.2256 -> 1.2187  accuracy: 90.91% -> 90.91%      
client [70] (testset)   loss: 0.6466 -> 0.6518  accuracy: 93.06% -> 93.40%      
client [65] (testset)   loss: 0.1908 -> 0.1910  accuracy: 98.26% -> 98.26%      
client [14] (testset)   loss: 0.1611 -> 0.1607  accuracy: 98.81% -> 98.81%      
client [73] (testset)   loss: 0.1605 -> 0.1609  accuracy: 99.13% -> 99.13%      
client [34] (testset)   loss: 0.2644 -> 0.2634  accuracy: 95.45% -> 95.45%      
client [99] (testset)   loss: 0.4929 -> 0.4887  accuracy: 95.95% -> 95.71%      
client [69] (testset)   loss: 0.8270 -> 0.8247  accuracy: 93.38% -> 93.38%      
client [46] (testset)   loss: 2.0008 -> 1.9525  accuracy: 89.47% -> 89.47%      
---------------------------- TRAINING EPOCH: 380 ----------------------------   
client [99] (testset)   loss: 0.4781 -> 0.4785  accuracy: 95.00% -> 95.00%      
client [93] (testset)   loss: 0.5051 -> 0.5027  accuracy: 92.26% -> 92.26%      
client [11] (testset)   loss: 0.3473 -> 0.3375  accuracy: 94.81% -> 94.81%      
client [58] (testset)   loss: 0.5451 -> 0.5441  accuracy: 93.49% -> 93.49%      
client [81] (testset)   loss: 1.0747 -> 1.0755  accuracy: 90.32% -> 90.32%      
client [85] (testset)   loss: 0.0111 -> 0.0113  accuracy: 100.00% -> 100.00%    
client [89] (testset)   loss: 0.4861 -> 0.4922  accuracy: 94.12% -> 94.12%      
client [45] (testset)   loss: 0.2691 -> 0.2628  accuracy: 97.92% -> 97.92%      
client [8]  (testset)   loss: 0.0001 -> 0.0001  accuracy: 100.00% -> 100.00%    
client [68] (testset)   loss: 0.0000 -> 0.0000  accuracy: 100.00% -> 100.00%    
---------------------------- TRAINING EPOCH: 390 ----------------------------   
client [67] (testset)   loss: 0.3541 -> 0.3597  accuracy: 95.26% -> 95.26%      
client [72] (testset)   loss: 0.8019 -> 0.7982  accuracy: 93.23% -> 93.23%      
client [1]  (testset)   loss: 0.1416 -> 0.1341  accuracy: 98.61% -> 98.61%      
client [78] (testset)   loss: 0.2792 -> 0.2792  accuracy: 97.44% -> 97.44%      
client [83] (testset)   loss: 0.0005 -> 0.0005  accuracy: 100.00% -> 100.00%    
client [21] (testset)   loss: 1.1831 -> 1.1859  accuracy: 88.89% -> 88.89%      
client [56] (testset)   loss: 0.5193 -> 0.5238  accuracy: 94.78% -> 95.01%      
client [44] (testset)   loss: 0.2126 -> 0.1994  accuracy: 95.88% -> 95.88%      
client [92] (testset)   loss: 0.7625 -> 0.7461  accuracy: 92.82% -> 92.82%      
client [27] (testset)   loss: 0.7190 -> 0.7133  accuracy: 91.50% -> 91.50%      
---------------------------- TRAINING EPOCH: 400 ----------------------------   
client [10] (testset)   loss: 0.3284 -> 0.3301  accuracy: 95.82% -> 95.82%      
client [39] (testset)   loss: 0.2861 -> 0.2822  accuracy: 95.12% -> 95.12%      
client [65] (testset)   loss: 0.1981 -> 0.1976  accuracy: 98.26% -> 98.13%      
client [26] (testset)   loss: 0.0515 -> 0.0518  accuracy: 99.36% -> 99.36%      
client [19] (testset)   loss: 0.7120 -> 0.6871  accuracy: 90.87% -> 92.24%      
client [68] (testset)   loss: 0.0000 -> 0.0000  accuracy: 100.00% -> 100.00%    
client [41] (testset)   loss: 0.8005 -> 0.7954  accuracy: 91.24% -> 91.48%      
client [50] (testset)   loss: 0.0800 -> 0.0324  accuracy: 95.24% -> 97.62%      
client [75] (testset)   loss: 0.3542 -> 0.3500  accuracy: 93.75% -> 95.14%      
client [81] (testset)   loss: 1.1144 -> 1.1152  accuracy: 90.32% -> 90.32%      
PSFL's average time taken by each global epoch: 0 min 1.57 sec.                 
PSFL's total running time: 0 h 10 m 33 s.                                       
==================== PSFL Experiment Results: ====================              
Display format: (before local fine-tuning) -> (after local fine-tuning)         
 So if finetune_epoch = 0, x.xx% -> 0.00% is normal.                            
 Centralized testing ONLY happens after model aggregation, so the stats between 
'->' are the same.                                                              
{                                                                               
    "100": {                                                                    
        "all_clients": {                                                        
            "test": {                                                           
                "loss": "0.2585 -> 0.0000",                                     
                "accuracy": "94.73% -> 0.00%"                                   
            }                                                                   
        }                                                                       
    },                                                                          
    "200": {                                                                    
        "all_clients": {                                                        
            "test": {                                                           
                "loss": "0.3604 -> 0.0000",                                     
                "accuracy": "94.98% -> 0.00%"                                   
            }                                                                   
        }                                                                       
    },                                                                          
    "300": {                                                                    
        "all_clients": {                                                        
            "test": {                                                           
                "loss": "0.4211 -> 0.0000",                                     
                "accuracy": "95.13% -> 0.00%"                                   
            }                                                                   
        }                                                                       
    },                                                                          
    "400": {                                                                    
        "all_clients": {                                                        
            "test": {                                                           
                "loss": "0.4826 -> 0.0000",                                     
                "accuracy": "95.22% -> 0.00%"                                   
            }                                                                   
        }                                                                       
    }                                                                           
}                                                                               
==================== PSFL Max Accuracy ====================                     
all_clients:                                                                    
(test) before fine-tuning: 95.22% at epoch 400                                  
(test) after fine-tuning: 0.00% at epoch 100                                    
