Files already downloaded and verified
Files already downloaded and verified
==================== PSFL ====================                                  
Experiment Arguments:                                                           
{
│   'method': 'psfl',
│   'dataset': {
│   │   'name': 'cifar100',
│   │   'client_num': 100,
│   │   'test_ratio': 0.25,
│   │   'val_ratio': 0.0,
│   │   'seed': 42,
│   │   'split': 'sample',
│   │   'IID_ratio': 0.0,
│   │   'monitor_window_name_suffix': 'cifar100-100clients-0%IID-use20superclasses-Dir(0.1)-seed42',
│   │   'super_class': False,
│   │   'alpha': 0.1,
│   │   'min_samples_per_client': 10
│   },
│   'model': {
│   │   'name': 'avgcnn',
│   │   'use_torchvision_pretrained_weights': True,
│   │   'external_model_weights_path': None
│   },
│   'optimizer': {
│   │   'lr': 0.01,
│   │   'dampening': 0,
│   │   'weight_decay': 0,
│   │   'momentum': 0,
│   │   'nesterov': False,
│   │   'name': 'sgd'
│   },
│   'mode': 'sequential',
│   'parallel': {
│   │   'ray_cluster_addr': None,
│   │   'num_cpus': None,
│   │   'num_gpus': None,
│   │   'num_workers': 2
│   },
│   'common': {
│   │   'seed': 42,
│   │   'join_ratio': 0.1,
│   │   'global_epoch': 400,
│   │   'local_epoch': 5,
│   │   'batch_size': 32,
│   │   'reset_optimizer_on_global_epoch': True,
│   │   'straggler_ratio': 0,
│   │   'straggler_min_local_epoch': 0,
│   │   'buffers': 'global',
│   │   'client_side_evaluation': True,
│   │   'test': {
│   │   │   'client': {
│   │   │   │   'interval': 100,
│   │   │   │   'finetune_epoch': 0,
│   │   │   │   'train': False,
│   │   │   │   'val': False,
│   │   │   │   'test': True
│   │   │   },
│   │   │   'server': {
│   │   │   │   'interval': -1,
│   │   │   │   'train': False,
│   │   │   │   'val': False,
│   │   │   │   'test': False,
│   │   │   │   'model_in_train_mode': False
│   │   │   }
│   │   },
│   │   'verbose_gap': 10,
│   │   'monitor': None,
│   │   'use_cuda': True,
│   │   'save_log': True,
│   │   'save_model': False,
│   │   'save_learning_curve_plot': False,
│   │   'save_metrics': True,
│   │   'delete_useless_run': True
│   },
│   'psfl': {
│   │   'alpha': 0.0,
│   │   'CLS': False,
│   │   'ig_ratio': 0.9998,
│   │   'track': False,
│   │   'score': 'diff'
│   }
}
---------------------------- TRAINING EPOCH: 10 ----------------------------    
client [77] (testset)   loss: 5.7849 -> 1.8309  accuracy: 5.06% -> 51.12%       
client [81] (testset)   loss: 5.0956 -> 2.2858  accuracy: 7.95% -> 51.66%       
client [21] (testset)   loss: 6.0882 -> 1.9341  accuracy: 8.84% -> 43.54%       
client [68] (testset)   loss: 4.7598 -> 2.0554  accuracy: 16.81% -> 51.68%      
client [93] (testset)   loss: 6.0095 -> 2.4643  accuracy: 7.20% -> 43.20%       
client [31] (testset)   loss: 6.3282 -> 2.0318  accuracy: 4.21% -> 47.89%       
client [20] (testset)   loss: 4.9693 -> 1.7155  accuracy: 14.36% -> 56.93%      
client [59] (testset)   loss: 5.0337 -> 2.1474  accuracy: 14.59% -> 44.64%      
client [48] (testset)   loss: 6.3313 -> 2.4883  accuracy: 12.12% -> 42.42%      
client [34] (testset)   loss: 4.6127 -> 2.5114  accuracy: 16.57% -> 42.54%      
---------------------------- TRAINING EPOCH: 20 ----------------------------    
client [69] (testset)   loss: 4.4852 -> 1.8163  accuracy: 22.74% -> 58.48%      
client [99] (testset)   loss: 7.0930 -> 3.1269  accuracy: 9.49% -> 37.23%       
client [67] (testset)   loss: 5.2132 -> 2.3012  accuracy: 10.99% -> 50.55%      
client [0]  (testset)   loss: 5.5153 -> 2.3445  accuracy: 16.67% -> 55.88%      
client [76] (testset)   loss: 6.8647 -> 2.5985  accuracy: 2.79% -> 44.13%       
client [41] (testset)   loss: 6.5369 -> 2.4940  accuracy: 11.29% -> 40.32%      
client [62] (testset)   loss: 5.1264 -> 2.2082  accuracy: 12.14% -> 46.60%      
client [2]  (testset)   loss: 5.4645 -> 2.6418  accuracy: 8.93% -> 44.64%       
client [14] (testset)   loss: 5.2692 -> 2.6303  accuracy: 15.58% -> 49.35%      
client [46] (testset)   loss: 5.3935 -> 2.2908  accuracy: 13.33% -> 59.05%      
---------------------------- TRAINING EPOCH: 30 ----------------------------    
client [24] (testset)   loss: 2.6658 -> 2.7745  accuracy: 48.28% -> 49.14%      
client [68] (testset)   loss: 6.1542 -> 2.6907  accuracy: 20.59% -> 49.58%      
client [57] (testset)   loss: 5.5606 -> 2.1713  accuracy: 25.15% -> 60.12%      
client [17] (testset)   loss: 4.9442 -> 2.9855  accuracy: 16.54% -> 45.11%      
client [54] (testset)   loss: 5.3750 -> 3.4595  accuracy: 20.83% -> 50.00%      
client [23] (testset)   loss: 6.3821 -> 2.2880  accuracy: 10.00% -> 47.27%      
client [35] (testset)   loss: 6.6432 -> 2.3299  accuracy: 12.24% -> 50.51%      
client [59] (testset)   loss: 6.3604 -> 2.5473  accuracy: 10.73% -> 47.64%      
client [31] (testset)   loss: 5.6122 -> 2.4936  accuracy: 17.89% -> 50.53%      
client [9]  (testset)   loss: 5.9134 -> 2.2745  accuracy: 18.12% -> 52.35%      
---------------------------- TRAINING EPOCH: 40 ----------------------------    
client [64] (testset)   loss: 5.9512 -> 2.1656  accuracy: 16.89% -> 55.41%      
client [33] (testset)   loss: 5.3122 -> 2.6731  accuracy: 21.10% -> 45.87%      
client [16] (testset)   loss: 5.6983 -> 2.9378  accuracy: 19.01% -> 47.11%      
client [44] (testset)   loss: 5.4100 -> 2.3019  accuracy: 15.03% -> 46.41%      
client [8]  (testset)   loss: 5.7460 -> 2.8154  accuracy: 23.12% -> 53.27%      
client [31] (testset)   loss: 5.5600 -> 2.6967  accuracy: 23.68% -> 53.16%      
client [47] (testset)   loss: 6.3728 -> 2.7927  accuracy: 13.04% -> 46.09%      
client [36] (testset)   loss: 6.7081 -> 2.4207  accuracy: 7.08% -> 43.36%       
client [20] (testset)   loss: 4.6204 -> 2.1170  accuracy: 26.24% -> 58.91%      
client [56] (testset)   loss: 5.3485 -> 1.9741  accuracy: 13.10% -> 58.33%      
---------------------------- TRAINING EPOCH: 50 ----------------------------    
client [4]  (testset)   loss: 5.9981 -> 2.2130  accuracy: 18.92% -> 58.11%      
client [60] (testset)   loss: 7.9753 -> 3.3720  accuracy: 4.55% -> 40.91%       
client [28] (testset)   loss: 4.9012 -> 2.4604  accuracy: 20.97% -> 54.03%      
client [25] (testset)   loss: 5.3984 -> 2.6976  accuracy: 20.83% -> 55.21%      
client [58] (testset)   loss: 6.3081 -> 3.1654  accuracy: 8.46% -> 47.69%       
client [44] (testset)   loss: 4.5034 -> 2.3181  accuracy: 28.10% -> 52.94%      
client [39] (testset)   loss: 5.6460 -> 2.4344  accuracy: 13.77% -> 49.10%      
client [29] (testset)   loss: 4.5363 -> 2.6305  accuracy: 24.67% -> 46.67%      
client [3]  (testset)   loss: 4.7018 -> 2.3175  accuracy: 31.25% -> 60.16%      
client [84] (testset)   loss: 5.7200 -> 2.9905  accuracy: 21.61% -> 44.07%      
---------------------------- TRAINING EPOCH: 60 ----------------------------    
client [21] (testset)   loss: 5.3702 -> 2.5245  accuracy: 23.13% -> 51.70%      
client [84] (testset)   loss: 5.9991 -> 3.2552  accuracy: 21.19% -> 42.80%      
client [10] (testset)   loss: 6.1633 -> 2.9562  accuracy: 18.27% -> 48.08%      
client [36] (testset)   loss: 5.5125 -> 2.7719  accuracy: 15.04% -> 46.90%      
client [65] (testset)   loss: 5.8449 -> 3.1506  accuracy: 16.36% -> 46.36%      
client [81] (testset)   loss: 5.0127 -> 2.9764  accuracy: 28.48% -> 47.68%      
client [79] (testset)   loss: 5.3900 -> 1.7045  accuracy: 22.35% -> 63.13%      
client [42] (testset)   loss: 5.7870 -> 2.5151  accuracy: 19.18% -> 56.85%      
client [11] (testset)   loss: 4.9210 -> 2.5276  accuracy: 28.81% -> 51.98%      
client [96] (testset)   loss: 5.7856 -> 2.5336  accuracy: 16.18% -> 56.07%      
---------------------------- TRAINING EPOCH: 70 ----------------------------    
client [8]  (testset)   loss: 4.9101 -> 3.1831  accuracy: 32.16% -> 53.77%      
client [53] (testset)   loss: 6.0267 -> 2.9098  accuracy: 26.95% -> 48.23%      
client [52] (testset)   loss: 6.2340 -> 3.0642  accuracy: 17.16% -> 43.28%      
client [42] (testset)   loss: 5.1194 -> 2.7539  accuracy: 23.97% -> 54.11%      
client [69] (testset)   loss: 4.8368 -> 2.2866  accuracy: 25.27% -> 60.29%      
client [59] (testset)   loss: 7.3943 -> 2.9704  accuracy: 24.03% -> 48.50%      
client [7]  (testset)   loss: 7.0913 -> 3.2113  accuracy: 17.54% -> 46.93%      
client [26] (testset)   loss: 5.7655 -> 3.0730  accuracy: 15.93% -> 43.36%      
client [49] (testset)   loss: 4.7199 -> 2.6188  accuracy: 34.57% -> 58.02%      
client [98] (testset)   loss: 5.8302 -> 3.2204  accuracy: 20.42% -> 44.37%      
---------------------------- TRAINING EPOCH: 80 ----------------------------    
client [98] (testset)   loss: 5.7321 -> 3.5417  accuracy: 30.99% -> 45.07%      
client [47] (testset)   loss: 6.5348 -> 2.9467  accuracy: 14.78% -> 49.57%      
client [21] (testset)   loss: 5.4989 -> 2.6900  accuracy: 20.41% -> 51.02%      
client [77] (testset)   loss: 6.6258 -> 2.8854  accuracy: 12.36% -> 51.69%      
client [95] (testset)   loss: 7.3252 -> 3.8800  accuracy: 18.07% -> 45.78%      
client [91] (testset)   loss: 6.3659 -> 2.5829  accuracy: 19.74% -> 52.63%      
client [14] (testset)   loss: 5.0439 -> 3.0916  accuracy: 18.18% -> 53.25%      
client [99] (testset)   loss: 6.1501 -> 4.3170  accuracy: 20.44% -> 35.04%      
client [20] (testset)   loss: 4.6789 -> 2.4500  accuracy: 33.66% -> 59.41%      
client [39] (testset)   loss: 5.8540 -> 2.7578  accuracy: 23.95% -> 52.10%      
---------------------------- TRAINING EPOCH: 90 ----------------------------    
client [52] (testset)   loss: 5.2594 -> 2.8625  accuracy: 24.63% -> 50.00%      
client [62] (testset)   loss: 5.4747 -> 3.2412  accuracy: 25.73% -> 47.09%      
client [71] (testset)   loss: 5.5959 -> 3.7833  accuracy: 27.48% -> 39.69%      
client [97] (testset)   loss: 5.7147 -> 3.0731  accuracy: 22.86% -> 45.71%      
client [30] (testset)   loss: 5.2909 -> 3.7479  accuracy: 25.97% -> 41.44%      
client [88] (testset)   loss: 7.1051 -> 3.4288  accuracy: 15.64% -> 49.16%      
client [60] (testset)   loss: 8.7538 -> 3.7174  accuracy: 10.61% -> 36.36%      
client [82] (testset)   loss: 5.6720 -> 3.4423  accuracy: 25.58% -> 50.00%      
client [91] (testset)   loss: 4.9897 -> 2.7343  accuracy: 26.97% -> 55.26%      
client [57] (testset)   loss: 4.7965 -> 2.5025  accuracy: 34.36% -> 57.67%      
---------------------------- TRAINING EPOCH: 100 ----------------------------   
client [31] (testset)   loss: 5.8977 -> 3.2386  accuracy: 27.89% -> 50.53%      
client [15] (testset)   loss: 6.6256 -> 3.6067  accuracy: 17.52% -> 45.26%      
client [71] (testset)   loss: 6.0841 -> 3.8509  accuracy: 19.85% -> 40.46%      
client [97] (testset)   loss: 5.6706 -> 3.6638  accuracy: 27.62% -> 44.76%      
client [53] (testset)   loss: 6.0379 -> 3.9328  accuracy: 20.57% -> 44.68%      
client [77] (testset)   loss: 6.2815 -> 2.9310  accuracy: 20.22% -> 51.12%      
client [76] (testset)   loss: 7.3847 -> 3.2490  accuracy: 21.23% -> 48.04%      
client [79] (testset)   loss: 5.3729 -> 2.2534  accuracy: 29.05% -> 65.36%      
client [28] (testset)   loss: 6.3251 -> 3.1177  accuracy: 25.00% -> 50.81%      
client [99] (testset)   loss: 6.2647 -> 4.4432  accuracy: 22.63% -> 40.15%      
---------------------------- TRAINING EPOCH: 110 ----------------------------   
client [97] (testset)   loss: 6.1517 -> 3.7708  accuracy: 32.38% -> 44.76%      
client [86] (testset)   loss: 4.2045 -> 3.0215  accuracy: 32.20% -> 49.15%      
client [34] (testset)   loss: 6.1141 -> 4.1413  accuracy: 22.10% -> 41.44%      
client [73] (testset)   loss: 5.7224 -> 4.0550  accuracy: 31.65% -> 42.45%      
client [5]  (testset)   loss: 5.7922 -> 3.8882  accuracy: 26.99% -> 51.53%      
client [96] (testset)   loss: 6.6374 -> 3.3269  accuracy: 26.59% -> 54.34%      
client [22] (testset)   loss: 6.4149 -> 3.9024  accuracy: 24.34% -> 47.37%      
client [60] (testset)   loss: 7.6033 -> 4.1785  accuracy: 9.09% -> 36.36%       
client [66] (testset)   loss: 4.9608 -> 2.6305  accuracy: 28.16% -> 60.68%      
client [83] (testset)   loss: 6.2384 -> 3.1309  accuracy: 26.32% -> 50.00%      
---------------------------- TRAINING EPOCH: 120 ----------------------------   
client [76] (testset)   loss: 5.5612 -> 3.5487  accuracy: 27.93% -> 48.60%      
client [65] (testset)   loss: 7.0299 -> 3.6145  accuracy: 23.64% -> 48.18%      
client [95] (testset)   loss: 6.7846 -> 4.2457  accuracy: 18.07% -> 48.19%      
client [17] (testset)   loss: 7.7238 -> 4.6217  accuracy: 16.54% -> 40.60%      
client [8]  (testset)   loss: 6.4637 -> 3.6477  accuracy: 31.66% -> 53.27%      
client [35] (testset)   loss: 7.4782 -> 3.9337  accuracy: 17.86% -> 45.41%      
client [98] (testset)   loss: 6.4203 -> 3.9796  accuracy: 25.35% -> 42.25%      
client [53] (testset)   loss: 6.4124 -> 4.1688  accuracy: 29.08% -> 39.72%      
client [43] (testset)   loss: 7.6064 -> 4.1915  accuracy: 21.48% -> 38.52%      
client [64] (testset)   loss: 5.4045 -> 2.8852  accuracy: 25.00% -> 53.38%      
---------------------------- TRAINING EPOCH: 130 ----------------------------   
client [21] (testset)   loss: 5.1692 -> 2.9721  accuracy: 29.93% -> 52.38%      
client [88] (testset)   loss: 7.1633 -> 3.9934  accuracy: 20.11% -> 46.37%      
client [38] (testset)   loss: 7.2393 -> 3.3659  accuracy: 18.99% -> 54.19%      
client [3]  (testset)   loss: 4.8476 -> 2.8032  accuracy: 32.03% -> 64.06%      
client [5]  (testset)   loss: 6.5544 -> 3.9984  accuracy: 22.70% -> 48.47%      
client [41] (testset)   loss: 7.9978 -> 4.8387  accuracy: 16.13% -> 37.10%      
client [7]  (testset)   loss: 6.7967 -> 4.2703  accuracy: 22.37% -> 42.54%      
client [37] (testset)   loss: 7.5663 -> 4.1471  accuracy: 18.27% -> 49.04%      
client [45] (testset)   loss: 6.1801 -> 3.0439  accuracy: 26.55% -> 53.10%      
client [47] (testset)   loss: 6.9973 -> 3.5581  accuracy: 20.00% -> 48.70%      
---------------------------- TRAINING EPOCH: 140 ----------------------------   
client [16] (testset)   loss: 6.4133 -> 4.0968  accuracy: 27.27% -> 48.76%      
client [11] (testset)   loss: 6.8810 -> 3.4695  accuracy: 23.73% -> 49.15%      
client [37] (testset)   loss: 6.0099 -> 4.6273  accuracy: 25.00% -> 41.35%      
client [41] (testset)   loss: 7.3278 -> 5.0549  accuracy: 25.81% -> 39.52%      
client [95] (testset)   loss: 7.0531 -> 4.7209  accuracy: 18.07% -> 41.57%      
client [53] (testset)   loss: 6.5947 -> 4.5344  accuracy: 26.95% -> 42.55%      
client [22] (testset)   loss: 7.0545 -> 4.4525  accuracy: 25.66% -> 44.08%      
client [25] (testset)   loss: 5.4131 -> 3.8339  accuracy: 27.08% -> 47.92%      
client [69] (testset)   loss: 4.9324 -> 2.9880  accuracy: 33.94% -> 61.01%      
client [46] (testset)   loss: 7.4715 -> 3.8181  accuracy: 20.95% -> 60.95%      
---------------------------- TRAINING EPOCH: 150 ----------------------------   
client [47] (testset)   loss: 7.1045 -> 4.6370  accuracy: 20.87% -> 41.74%      
client [69] (testset)   loss: 5.3626 -> 3.3679  accuracy: 36.82% -> 57.04%      
client [82] (testset)   loss: 6.1416 -> 4.4379  accuracy: 41.86% -> 46.51%      
client [45] (testset)   loss: 6.3479 -> 3.6879  accuracy: 25.66% -> 53.54%      
client [7]  (testset)   loss: 7.4796 -> 4.3196  accuracy: 25.88% -> 46.05%      
client [50] (testset)   loss: 6.1910 -> 2.9260  accuracy: 26.00% -> 56.00%      
client [35] (testset)   loss: 7.9574 -> 4.5114  accuracy: 22.45% -> 45.92%      
client [24] (testset)   loss: 7.8521 -> 4.9663  accuracy: 18.97% -> 41.38%      
client [15] (testset)   loss: 6.0161 -> 4.0640  accuracy: 32.12% -> 48.18%      
client [58] (testset)   loss: 7.2189 -> 5.3192  accuracy: 27.69% -> 42.31%      
---------------------------- TRAINING EPOCH: 160 ----------------------------   
client [48] (testset)   loss: 4.6817 -> 4.0485  accuracy: 44.85% -> 49.70%      
client [76] (testset)   loss: 6.0540 -> 4.2025  accuracy: 32.96% -> 46.93%      
client [67] (testset)   loss: 6.8295 -> 4.0407  accuracy: 26.92% -> 49.45%      
client [37] (testset)   loss: 7.9441 -> 5.2552  accuracy: 14.42% -> 43.27%      
client [58] (testset)   loss: 6.0261 -> 4.6988  accuracy: 29.23% -> 43.08%      
client [64] (testset)   loss: 5.7377 -> 3.4580  accuracy: 33.78% -> 50.68%      
client [77] (testset)   loss: 6.3070 -> 3.4471  accuracy: 28.65% -> 53.37%      
client [55] (testset)   loss: 4.9367 -> 3.4639  accuracy: 37.68% -> 57.25%      
client [12] (testset)   loss: 5.5947 -> 3.3953  accuracy: 25.76% -> 53.79%      
client [89] (testset)   loss: 7.0791 -> 5.1495  accuracy: 24.84% -> 43.31%      
---------------------------- TRAINING EPOCH: 170 ----------------------------   
client [84] (testset)   loss: 6.7430 -> 5.1371  accuracy: 27.97% -> 39.83%      
client [51] (testset)   loss: 6.2729 -> 4.3302  accuracy: 29.73% -> 45.95%      
client [8]  (testset)   loss: 6.0542 -> 4.6668  accuracy: 40.70% -> 50.25%      
client [18] (testset)   loss: 4.6816 -> 3.7478  accuracy: 36.72% -> 49.22%      
client [94] (testset)   loss: 6.8127 -> 5.0850  accuracy: 30.00% -> 46.15%      
client [81] (testset)   loss: 5.8181 -> 5.1667  accuracy: 35.76% -> 47.68%      
client [3]  (testset)   loss: 4.6536 -> 3.4813  accuracy: 35.16% -> 59.38%      
client [11] (testset)   loss: 6.8677 -> 4.2871  accuracy: 30.51% -> 53.11%      
client [95] (testset)   loss: 6.9437 -> 5.3558  accuracy: 27.71% -> 36.14%      
client [67] (testset)   loss: 6.2738 -> 4.1483  accuracy: 29.12% -> 51.10%      
---------------------------- TRAINING EPOCH: 180 ----------------------------   
client [21] (testset)   loss: 6.2585 -> 3.6640  accuracy: 23.13% -> 46.94%      
client [79] (testset)   loss: 5.9240 -> 3.0261  accuracy: 34.64% -> 60.34%      
client [58] (testset)   loss: 6.2294 -> 5.5091  accuracy: 32.31% -> 39.23%      
client [88] (testset)   loss: 7.3740 -> 4.4880  accuracy: 23.46% -> 49.16%      
client [46] (testset)   loss: 7.0291 -> 4.7036  accuracy: 32.38% -> 58.10%      
client [11] (testset)   loss: 6.5252 -> 4.6107  accuracy: 34.46% -> 48.59%      
client [55] (testset)   loss: 5.6216 -> 4.3834  accuracy: 39.86% -> 47.10%      
client [13] (testset)   loss: 5.0993 -> 4.1533  accuracy: 33.92% -> 44.44%      
client [31] (testset)   loss: 6.5830 -> 4.0954  accuracy: 32.11% -> 51.05%      
client [75] (testset)   loss: 6.1238 -> 4.2823  accuracy: 32.08% -> 46.23%      
---------------------------- TRAINING EPOCH: 190 ----------------------------   
client [19] (testset)   loss: 5.5581 -> 5.0114  accuracy: 32.32% -> 39.02%      
client [7]  (testset)   loss: 7.7817 -> 5.2466  accuracy: 25.00% -> 41.67%      
client [57] (testset)   loss: 5.3083 -> 3.9123  accuracy: 40.49% -> 53.37%      
client [13] (testset)   loss: 5.5901 -> 4.5066  accuracy: 34.50% -> 44.44%      
client [43] (testset)   loss: 8.4855 -> 5.6235  accuracy: 20.74% -> 36.30%      
client [91] (testset)   loss: 5.5101 -> 3.5343  accuracy: 34.87% -> 50.00%      
client [10] (testset)   loss: 6.3858 -> 4.8341  accuracy: 28.85% -> 39.42%      
client [64] (testset)   loss: 5.8136 -> 4.4618  accuracy: 33.11% -> 40.54%      
client [82] (testset)   loss: 5.6990 -> 5.1758  accuracy: 40.70% -> 45.35%      
client [22] (testset)   loss: 6.6695 -> 5.1015  accuracy: 32.24% -> 44.74%      
---------------------------- TRAINING EPOCH: 200 ----------------------------   
client [20] (testset)   loss: 5.4945 -> 4.0540  accuracy: 42.08% -> 56.93%      
client [23] (testset)   loss: 6.9234 -> 4.4660  accuracy: 25.45% -> 48.18%      
client [88] (testset)   loss: 7.9026 -> 5.1233  accuracy: 23.46% -> 44.69%      
client [98] (testset)   loss: 7.6794 -> 5.9228  accuracy: 28.17% -> 39.44%      
client [79] (testset)   loss: 4.7661 -> 3.3822  accuracy: 41.90% -> 58.10%      
client [21] (testset)   loss: 7.2411 -> 4.2039  accuracy: 27.21% -> 45.58%      
client [92] (testset)   loss: 6.5213 -> 4.7459  accuracy: 33.67% -> 45.92%      
client [56] (testset)   loss: 6.3852 -> 4.3337  accuracy: 30.95% -> 46.43%      
client [5]  (testset)   loss: 7.2913 -> 5.4319  accuracy: 25.77% -> 44.17%      
client [52] (testset)   loss: 6.9710 -> 4.8539  accuracy: 33.58% -> 46.27%      
---------------------------- TRAINING EPOCH: 210 ----------------------------   
client [67] (testset)   loss: 6.5545 -> 4.7758  accuracy: 28.57% -> 46.70%      
client [54] (testset)   loss: 7.6382 -> 6.5399  accuracy: 24.17% -> 32.50%      
client [14] (testset)   loss: 5.5888 -> 4.7451  accuracy: 42.86% -> 49.35%      
client [99] (testset)   loss: 8.4387 -> 6.7782  accuracy: 20.44% -> 32.12%      
client [36] (testset)   loss: 7.0753 -> 6.0485  accuracy: 30.09% -> 40.71%      
client [30] (testset)   loss: 7.7377 -> 6.5120  accuracy: 30.39% -> 37.57%      
client [38] (testset)   loss: 7.9422 -> 4.3400  accuracy: 24.02% -> 48.60%      
client [15] (testset)   loss: 7.9116 -> 4.4557  accuracy: 27.74% -> 45.26%      
client [6]  (testset)   loss: 6.7192 -> 5.9403  accuracy: 29.85% -> 38.81%      
client [53] (testset)   loss: 7.3438 -> 5.8210  accuracy: 31.91% -> 43.97%      
---------------------------- TRAINING EPOCH: 220 ----------------------------   
client [99] (testset)   loss: 7.9871 -> 7.1451  accuracy: 26.28% -> 32.12%      
client [6]  (testset)   loss: 6.7446 -> 6.0473  accuracy: 40.30% -> 44.78%      
client [83] (testset)   loss: 7.4460 -> 5.1040  accuracy: 25.00% -> 42.76%      
client [42] (testset)   loss: 6.0570 -> 4.7753  accuracy: 45.21% -> 51.37%      
client [34] (testset)   loss: 8.0177 -> 6.3446  accuracy: 25.41% -> 37.02%      
client [15] (testset)   loss: 7.5373 -> 4.7638  accuracy: 24.09% -> 44.53%      
client [47] (testset)   loss: 8.1226 -> 5.8881  accuracy: 26.96% -> 43.48%      
client [55] (testset)   loss: 5.8062 -> 4.4355  accuracy: 39.86% -> 54.35%      
client [51] (testset)   loss: 6.8057 -> 4.8371  accuracy: 24.32% -> 49.32%      
client [95] (testset)   loss: 7.8156 -> 6.0125  accuracy: 27.71% -> 39.16%      
---------------------------- TRAINING EPOCH: 230 ----------------------------   
client [71] (testset)   loss: 7.8736 -> 6.2465  accuracy: 29.01% -> 37.40%      
client [15] (testset)   loss: 7.6665 -> 5.2820  accuracy: 25.55% -> 39.42%      
client [33] (testset)   loss: 7.3560 -> 4.9359  accuracy: 28.44% -> 43.12%      
client [99] (testset)   loss: 7.9439 -> 6.9197  accuracy: 24.09% -> 35.04%      
client [90] (testset)   loss: 6.0968 -> 3.8905  accuracy: 39.71% -> 50.74%      
client [57] (testset)   loss: 6.5616 -> 4.8114  accuracy: 39.26% -> 52.76%      
client [27] (testset)   loss: 7.3542 -> 5.2783  accuracy: 33.12% -> 44.38%      
client [78] (testset)   loss: 7.9868 -> 5.5281  accuracy: 26.42% -> 45.28%      
client [36] (testset)   loss: 7.9739 -> 6.3658  accuracy: 30.97% -> 39.82%      
client [88] (testset)   loss: 7.8287 -> 5.1485  accuracy: 24.58% -> 46.37%      
---------------------------- TRAINING EPOCH: 240 ----------------------------   
client [70] (testset)   loss: 5.5503 -> 5.0008  accuracy: 39.75% -> 47.20%      
client [35] (testset)   loss: 8.8556 -> 6.1174  accuracy: 21.94% -> 37.76%      
client [16] (testset)   loss: 7.7546 -> 6.7319  accuracy: 28.93% -> 35.54%      
client [80] (testset)   loss: 7.2422 -> 4.0032  accuracy: 34.16% -> 60.87%      
client [38] (testset)   loss: 8.3165 -> 5.1703  accuracy: 23.46% -> 48.60%      
client [78] (testset)   loss: 7.0377 -> 5.7727  accuracy: 36.48% -> 44.65%      
client [68] (testset)   loss: 7.3241 -> 4.6698  accuracy: 32.77% -> 50.42%      
client [11] (testset)   loss: 8.0480 -> 5.4192  accuracy: 31.07% -> 49.15%      
client [64] (testset)   loss: 7.1911 -> 4.7434  accuracy: 29.05% -> 46.62%      
client [82] (testset)   loss: 6.6402 -> 6.0435  accuracy: 43.02% -> 45.35%      
---------------------------- TRAINING EPOCH: 250 ----------------------------   
client [30] (testset)   loss: 8.9227 -> 6.9483  accuracy: 26.52% -> 35.36%      
client [27] (testset)   loss: 7.7233 -> 5.7532  accuracy: 25.62% -> 43.12%      
client [74] (testset)   loss: 6.1836 -> 4.3917  accuracy: 35.71% -> 52.55%      
client [45] (testset)   loss: 7.2310 -> 4.9207  accuracy: 33.63% -> 46.90%      
client [6]  (testset)   loss: 7.9005 -> 6.6789  accuracy: 29.85% -> 38.81%      
client [36] (testset)   loss: 8.0426 -> 6.7530  accuracy: 31.86% -> 37.17%      
client [63] (testset)   loss: 7.6891 -> 5.4819  accuracy: 25.48% -> 42.31%      
client [76] (testset)   loss: 7.4238 -> 5.5372  accuracy: 30.17% -> 40.78%      
client [83] (testset)   loss: 8.0868 -> 5.1510  accuracy: 22.37% -> 43.42%      
client [86] (testset)   loss: 6.6599 -> 4.9872  accuracy: 34.75% -> 44.07%      
---------------------------- TRAINING EPOCH: 260 ----------------------------   
client [83] (testset)   loss: 8.0369 -> 5.5167  accuracy: 21.05% -> 45.39%      
client [99] (testset)   loss: 8.1995 -> 7.1134  accuracy: 27.01% -> 29.20%      
client [74] (testset)   loss: 5.4712 -> 4.5829  accuracy: 40.31% -> 50.51%      
client [73] (testset)   loss: 7.9374 -> 6.3507  accuracy: 29.50% -> 42.45%      
client [29] (testset)   loss: 7.7449 -> 6.2970  accuracy: 33.33% -> 41.33%      
client [92] (testset)   loss: 6.5978 -> 5.6288  accuracy: 37.76% -> 44.90%      
client [6]  (testset)   loss: 7.7836 -> 6.3282  accuracy: 37.31% -> 41.79%      
client [61] (testset)   loss: 8.6233 -> 6.5385  accuracy: 24.44% -> 35.56%      
client [21] (testset)   loss: 7.9843 -> 4.5813  accuracy: 25.17% -> 44.22%      
client [67] (testset)   loss: 7.0482 -> 5.0377  accuracy: 31.32% -> 44.51%      
---------------------------- TRAINING EPOCH: 270 ----------------------------   
client [83] (testset)   loss: 8.6891 -> 5.9663  accuracy: 21.05% -> 40.79%      
client [32] (testset)   loss: 8.1858 -> 6.6386  accuracy: 22.11% -> 35.79%      
client [95] (testset)   loss: 9.4821 -> 6.7305  accuracy: 26.51% -> 37.35%      
client [61] (testset)   loss: 9.9317 -> 7.2747  accuracy: 20.00% -> 32.59%      
client [27] (testset)   loss: 8.1888 -> 6.1213  accuracy: 28.75% -> 43.75%      
client [25] (testset)   loss: 7.4202 -> 5.2797  accuracy: 31.25% -> 48.96%      
client [68] (testset)   loss: 8.1260 -> 6.1113  accuracy: 27.31% -> 39.92%      
client [34] (testset)   loss: 8.3323 -> 6.5742  accuracy: 28.18% -> 38.12%      
client [71] (testset)   loss: 8.6009 -> 7.3272  accuracy: 27.48% -> 34.35%      
client [89] (testset)   loss: 8.4584 -> 7.5447  accuracy: 26.11% -> 35.03%      
---------------------------- TRAINING EPOCH: 280 ----------------------------   
client [78] (testset)   loss: 8.1295 -> 5.7909  accuracy: 27.04% -> 45.28%      
client [81] (testset)   loss: 7.0164 -> 6.2858  accuracy: 41.06% -> 45.03%      
client [51] (testset)   loss: 6.5646 -> 5.5518  accuracy: 35.81% -> 41.22%      
client [54] (testset)   loss: 9.6164 -> 8.1396  accuracy: 24.17% -> 35.00%      
client [65] (testset)   loss: 8.3331 -> 6.3001  accuracy: 34.55% -> 41.82%      
client [41] (testset)   loss: 9.5376 -> 8.1412  accuracy: 28.23% -> 36.29%      
client [11] (testset)   loss: 7.0867 -> 5.9811  accuracy: 37.85% -> 49.15%      
client [85] (testset)   loss: 7.3845 -> 5.1118  accuracy: 29.10% -> 48.51%      
client [12] (testset)   loss: 5.7209 -> 4.3479  accuracy: 36.36% -> 53.79%      
client [23] (testset)   loss: 7.8012 -> 5.8087  accuracy: 32.73% -> 43.64%      
---------------------------- TRAINING EPOCH: 290 ----------------------------   
client [16] (testset)   loss: 9.1131 -> 7.3092  accuracy: 28.10% -> 35.54%      
client [65] (testset)   loss: 8.6349 -> 7.5271  accuracy: 31.82% -> 33.64%      
client [53] (testset)   loss: 8.4707 -> 7.4057  accuracy: 28.37% -> 34.75%      
client [58] (testset)   loss: 7.7145 -> 7.1685  accuracy: 36.15% -> 39.23%      
client [72] (testset)   loss: 8.8084 -> 7.6333  accuracy: 25.37% -> 30.60%      
client [7]  (testset)   loss: 7.9503 -> 6.8976  accuracy: 32.89% -> 38.60%      
client [71] (testset)   loss: 8.5766 -> 7.3941  accuracy: 22.90% -> 34.35%      
client [59] (testset)   loss: 8.6287 -> 6.9387  accuracy: 30.04% -> 41.20%      
client [86] (testset)   loss: 7.1587 -> 5.9411  accuracy: 30.51% -> 38.14%      
client [39] (testset)   loss: 7.8067 -> 6.3921  accuracy: 29.34% -> 38.32%      
---------------------------- TRAINING EPOCH: 300 ----------------------------   
client [99] (testset)   loss: 9.6055 -> 7.8948  accuracy: 21.90% -> 31.39%      
client [7]  (testset)   loss: 9.1185 -> 7.0099  accuracy: 29.82% -> 42.11%      
client [17] (testset)   loss: 9.9932 -> 8.8019  accuracy: 21.05% -> 31.58%      
client [64] (testset)   loss: 7.3741 -> 5.9195  accuracy: 34.46% -> 44.59%      
client [37] (testset)   loss: 8.5796 -> 7.5624  accuracy: 29.81% -> 37.50%      
client [29] (testset)   loss: 8.3361 -> 7.4478  accuracy: 34.00% -> 40.00%      
client [93] (testset)   loss: 8.1516 -> 6.9779  accuracy: 36.80% -> 44.00%      
client [73] (testset)   loss: 8.0322 -> 7.3214  accuracy: 30.94% -> 35.25%      
client [40] (testset)   loss: 6.4747 -> 5.5202  accuracy: 38.46% -> 39.74%      
client [76] (testset)   loss: 8.4953 -> 6.5617  accuracy: 34.08% -> 40.78%      
---------------------------- TRAINING EPOCH: 310 ----------------------------   
client [31] (testset)   loss: 7.8271 -> 5.9293  accuracy: 32.63% -> 43.68%      
client [89] (testset)   loss: 8.6072 -> 8.0746  accuracy: 28.66% -> 31.21%      
client [77] (testset)   loss: 7.4428 -> 5.9268  accuracy: 30.34% -> 44.38%      
client [90] (testset)   loss: 6.0891 -> 5.1124  accuracy: 41.91% -> 47.79%      
client [26] (testset)   loss: 9.6975 -> 7.4377  accuracy: 15.04% -> 29.20%      
client [50] (testset)   loss: 6.1032 -> 4.3503  accuracy: 37.00% -> 52.00%      
client [30] (testset)   loss: 8.6905 -> 7.7038  accuracy: 29.28% -> 33.70%      
client [70] (testset)   loss: 6.3609 -> 5.3319  accuracy: 34.78% -> 47.83%      
client [41] (testset)   loss: 10.4369 -> 9.2880 accuracy: 30.65% -> 33.87%      
client [99] (testset)   loss: 8.7512 -> 8.1748  accuracy: 27.01% -> 30.66%      
---------------------------- TRAINING EPOCH: 320 ----------------------------   
client [68] (testset)   loss: 8.1913 -> 6.8407  accuracy: 34.03% -> 44.12%      
client [70] (testset)   loss: 5.9522 -> 5.3915  accuracy: 46.58% -> 49.07%      
client [52] (testset)   loss: 7.6707 -> 6.5561  accuracy: 36.57% -> 39.55%      
client [1]  (testset)   loss: 6.3575 -> 5.7433  accuracy: 37.02% -> 45.86%      
client [2]  (testset)   loss: 9.0262 -> 8.0880  accuracy: 23.21% -> 32.14%      
client [67] (testset)   loss: 7.6554 -> 5.9811  accuracy: 33.52% -> 46.15%      
client [92] (testset)   loss: 7.0095 -> 6.6525  accuracy: 38.78% -> 39.80%      
client [35] (testset)   loss: 9.0307 -> 6.7324  accuracy: 30.61% -> 40.82%      
client [36] (testset)   loss: 8.7688 -> 8.0146  accuracy: 35.40% -> 37.17%      
client [64] (testset)   loss: 7.2541 -> 5.7211  accuracy: 35.81% -> 44.59%      
---------------------------- TRAINING EPOCH: 330 ----------------------------   
client [44] (testset)   loss: 7.0187 -> 5.5828  accuracy: 31.37% -> 36.60%      
client [6]  (testset)   loss: 8.4883 -> 7.9684  accuracy: 40.30% -> 43.28%      
client [12] (testset)   loss: 6.4947 -> 5.5665  accuracy: 36.36% -> 45.45%      
client [55] (testset)   loss: 6.9500 -> 5.7539  accuracy: 40.58% -> 48.55%      
client [29] (testset)   loss: 7.8341 -> 7.5570  accuracy: 37.33% -> 39.33%      
client [9]  (testset)   loss: 8.1869 -> 7.4730  accuracy: 36.91% -> 42.28%      
client [43] (testset)   loss: 9.6297 -> 8.2569  accuracy: 29.63% -> 38.52%      
client [77] (testset)   loss: 8.1522 -> 6.0416  accuracy: 26.40% -> 42.70%      
client [98] (testset)   loss: 9.3635 -> 7.7865  accuracy: 28.17% -> 35.92%      
client [78] (testset)   loss: 8.7495 -> 6.3674  accuracy: 25.16% -> 46.54%      
---------------------------- TRAINING EPOCH: 340 ----------------------------   
client [92] (testset)   loss: 7.0606 -> 6.6651  accuracy: 38.78% -> 42.86%      
client [80] (testset)   loss: 7.4118 -> 4.5831  accuracy: 35.40% -> 56.52%      
client [63] (testset)   loss: 8.9433 -> 7.1680  accuracy: 25.48% -> 37.02%      
client [76] (testset)   loss: 8.7745 -> 6.6361  accuracy: 28.49% -> 40.78%      
client [78] (testset)   loss: 9.2183 -> 6.8412  accuracy: 31.45% -> 42.14%      
client [25] (testset)   loss: 7.7735 -> 5.9938  accuracy: 29.17% -> 43.75%      
client [58] (testset)   loss: 7.8952 -> 7.2182  accuracy: 35.38% -> 40.00%      
client [13] (testset)   loss: 6.7470 -> 5.9967  accuracy: 39.77% -> 43.27%      
client [17] (testset)   loss: 10.0397 -> 9.6528 accuracy: 24.81% -> 31.58%      
client [38] (testset)   loss: 7.8781 -> 6.3557  accuracy: 30.73% -> 47.49%      
---------------------------- TRAINING EPOCH: 350 ----------------------------   
client [72] (testset)   loss: 10.7445 -> 9.1863 accuracy: 19.40% -> 28.36%      
client [82] (testset)   loss: 7.3149 -> 7.0961  accuracy: 39.53% -> 41.86%      
client [86] (testset)   loss: 7.3106 -> 6.5254  accuracy: 34.75% -> 38.98%      
client [51] (testset)   loss: 8.0186 -> 6.8441  accuracy: 30.41% -> 41.22%      
client [96] (testset)   loss: 8.4378 -> 6.4128  accuracy: 31.21% -> 42.77%      
client [42] (testset)   loss: 6.7308 -> 5.6820  accuracy: 44.52% -> 52.74%      
client [55] (testset)   loss: 6.8725 -> 5.6277  accuracy: 35.51% -> 48.55%      
client [13] (testset)   loss: 6.7541 -> 6.3609  accuracy: 41.52% -> 42.69%      
client [1]  (testset)   loss: 6.5831 -> 6.2322  accuracy: 38.67% -> 46.41%      
client [12] (testset)   loss: 5.9706 -> 4.9779  accuracy: 41.67% -> 54.55%      
---------------------------- TRAINING EPOCH: 360 ----------------------------   
client [68] (testset)   loss: 9.0037 -> 6.7766  accuracy: 30.67% -> 44.12%      
client [23] (testset)   loss: 9.0533 -> 6.9861  accuracy: 29.09% -> 38.18%      
client [46] (testset)   loss: 8.0767 -> 7.1378  accuracy: 38.10% -> 46.67%      
client [41] (testset)   loss: 10.2630 -> 9.2116 accuracy: 33.06% -> 35.48%      
client [25] (testset)   loss: 7.5642 -> 6.4387  accuracy: 32.29% -> 41.67%      
client [58] (testset)   loss: 7.9989 -> 7.2152  accuracy: 33.85% -> 39.23%      
client [14] (testset)   loss: 6.9505 -> 6.4363  accuracy: 35.06% -> 44.16%      
client [33] (testset)   loss: 7.8813 -> 7.0587  accuracy: 30.28% -> 34.86%      
client [85] (testset)   loss: 7.8544 -> 6.2628  accuracy: 29.85% -> 43.28%      
client [62] (testset)   loss: 8.0204 -> 6.1002  accuracy: 31.55% -> 44.66%      
---------------------------- TRAINING EPOCH: 370 ----------------------------   
client [98] (testset)   loss: 7.7651 -> 7.7237  accuracy: 36.62% -> 36.62%      
client [63] (testset)   loss: 8.7128 -> 7.0606  accuracy: 27.40% -> 35.58%      
client [70] (testset)   loss: 7.2208 -> 6.3058  accuracy: 35.40% -> 45.96%      
client [65] (testset)   loss: 9.7737 -> 8.4932  accuracy: 27.27% -> 32.73%      
client [14] (testset)   loss: 7.1846 -> 7.0176  accuracy: 42.86% -> 42.86%      
client [73] (testset)   loss: 8.5319 -> 7.9093  accuracy: 33.81% -> 38.13%      
client [34] (testset)   loss: 9.0781 -> 8.3284  accuracy: 28.18% -> 35.91%      
client [99] (testset)   loss: 9.2232 -> 8.8069  accuracy: 31.39% -> 33.58%      
client [69] (testset)   loss: 7.3629 -> 5.8273  accuracy: 42.24% -> 51.26%      
client [46] (testset)   loss: 8.7742 -> 7.2081  accuracy: 34.29% -> 52.38%      
---------------------------- TRAINING EPOCH: 380 ----------------------------   
client [99] (testset)   loss: 9.6035 -> 8.7610  accuracy: 23.36% -> 32.12%      
client [93] (testset)   loss: 8.5895 -> 7.3327  accuracy: 36.00% -> 40.00%      
client [11] (testset)   loss: 9.3443 -> 7.4020  accuracy: 33.33% -> 42.37%      
client [58] (testset)   loss: 8.4351 -> 8.1915  accuracy: 38.46% -> 37.69%      
client [81] (testset)   loss: 8.5633 -> 8.1796  accuracy: 38.41% -> 39.74%      
client [85] (testset)   loss: 8.6816 -> 7.3013  accuracy: 32.84% -> 38.06%      
client [89] (testset)   loss: 9.8782 -> 9.1084  accuracy: 26.11% -> 33.76%      
client [45] (testset)   loss: 8.1662 -> 6.6068  accuracy: 32.30% -> 42.48%      
client [8]  (testset)   loss: 8.4346 -> 7.0799  accuracy: 41.71% -> 48.74%      
client [68] (testset)   loss: 8.6509 -> 7.5376  accuracy: 34.03% -> 41.18%      
---------------------------- TRAINING EPOCH: 390 ----------------------------   
client [67] (testset)   loss: 7.4030 -> 6.4207  accuracy: 39.01% -> 47.25%      
client [72] (testset)   loss: 9.7037 -> 9.0951  accuracy: 22.39% -> 23.88%      
client [1]  (testset)   loss: 7.2607 -> 6.7273  accuracy: 37.02% -> 43.09%      
client [78] (testset)   loss: 8.5267 -> 6.7164  accuracy: 30.19% -> 44.03%      
client [83] (testset)   loss: 9.4538 -> 7.7416  accuracy: 25.00% -> 34.87%      
client [21] (testset)   loss: 8.5632 -> 7.2365  accuracy: 31.97% -> 37.41%      
client [56] (testset)   loss: 7.3493 -> 7.0091  accuracy: 39.29% -> 40.48%      
client [44] (testset)   loss: 7.0891 -> 6.2578  accuracy: 33.99% -> 40.52%      
client [92] (testset)   loss: 7.8766 -> 7.2866  accuracy: 40.82% -> 41.84%      
client [27] (testset)   loss: 9.1328 -> 7.5901  accuracy: 31.25% -> 36.25%      
---------------------------- TRAINING EPOCH: 400 ----------------------------   
client [10] (testset)   loss: 7.6640 -> 7.4290  accuracy: 34.62% -> 36.54%      
client [39] (testset)   loss: 8.9933 -> 7.8233  accuracy: 27.54% -> 32.34%      
client [65] (testset)   loss: 10.4953 -> 9.1923 accuracy: 30.00% -> 33.64%      
client [26] (testset)   loss: 9.6114 -> 7.9172  accuracy: 23.89% -> 32.74%      
client [19] (testset)   loss: 9.1723 -> 8.4066  accuracy: 34.15% -> 36.59%      
client [68] (testset)   loss: 8.2909 -> 7.7563  accuracy: 37.82% -> 40.34%      
client [41] (testset)   loss: 11.9147 -> 10.5519    accuracy: 31.45% -> 33.87%  
client [50] (testset)   loss: 6.4465 -> 5.6107  accuracy: 39.00% -> 49.00%      
client [75] (testset)   loss: 7.4651 -> 6.7207  accuracy: 37.26% -> 40.57%      
client [81] (testset)   loss: 8.3972 -> 7.9952  accuracy: 43.05% -> 45.03%      
Training... ━━━━━━━━━━━━━━━━━━━━━━━━━━━━━━━━━━━━━━━━ 100% 0:06:01
PSFL's average time taken by each global epoch: 0 min 0.90 sec.                 
PSFL's total running time: 0 h 6 m 1 s.                                         
==================== PSFL Experiment Results: ====================              
Display format: (before local fine-tuning) -> (after local fine-tuning)         
 So if finetune_epoch = 0, x.xx% -> 0.00% is normal.                            
 Centralized testing ONLY happens after model aggregation, so the stats between 
'->' are the same.                                                              
{                                                                               
    "100": {                                                                    
        "all_clients": {                                                        
            "test": {                                                           
                "loss": "5.7422 -> 0.0000",                                     
                "accuracy": "26.73% -> 0.00%"                                   
            }                                                                   
        }                                                                       
    },                                                                          
    "200": {                                                                    
        "all_clients": {                                                        
            "test": {                                                           
                "loss": "6.7261 -> 0.0000",                                     
                "accuracy": "29.65% -> 0.00%"                                   
            }                                                                   
        }                                                                       
    },                                                                          
    "300": {                                                                    
        "all_clients": {                                                        
            "test": {                                                           
                "loss": "7.7376 -> 0.0000",                                     
                "accuracy": "33.06% -> 0.00%"                                   
            }                                                                   
        }                                                                       
    },                                                                          
    "400": {                                                                    
        "all_clients": {                                                        
            "test": {                                                           
                "loss": "8.6251 -> 0.0000",                                     
                "accuracy": "34.39% -> 0.00%"                                   
            }                                                                   
        }                                                                       
    }                                                                           
}                                                                               
==================== PSFL Max Accuracy ====================                     
all_clients:                                                                    
(test) before fine-tuning: 34.39% at epoch 400                                  
(test) after fine-tuning: 0.00% at epoch 100                                    
