==================== PSFL ====================                                  
Experiment Arguments:                                                           
{
│   'method': 'psfl',
│   'dataset': {
│   │   'name': 'emnist',
│   │   'client_num': 100,
│   │   'test_ratio': 0.25,
│   │   'val_ratio': 0.0,
│   │   'seed': 42,
│   │   'split': 'sample',
│   │   'IID_ratio': 0.0,
│   │   'monitor_window_name_suffix': 'emnist-100clients-0%IID-Dir(0.1)-seed42',
│   │   'emnist_split': 'byclass',
│   │   'alpha': 0.1,
│   │   'min_samples_per_client': 10
│   },
│   'model': {
│   │   'name': 'avgcnn',
│   │   'use_torchvision_pretrained_weights': True,
│   │   'external_model_weights_path': None
│   },
│   'optimizer': {
│   │   'lr': 0.01,
│   │   'dampening': 0,
│   │   'weight_decay': 0,
│   │   'momentum': 0,
│   │   'nesterov': False,
│   │   'name': 'sgd'
│   },
│   'mode': 'sequential',
│   'parallel': {
│   │   'ray_cluster_addr': None,
│   │   'num_cpus': None,
│   │   'num_gpus': None,
│   │   'num_workers': 2
│   },
│   'common': {
│   │   'seed': 42,
│   │   'join_ratio': 0.1,
│   │   'global_epoch': 400,
│   │   'local_epoch': 5,
│   │   'batch_size': 32,
│   │   'reset_optimizer_on_global_epoch': True,
│   │   'straggler_ratio': 0,
│   │   'straggler_min_local_epoch': 0,
│   │   'buffers': 'global',
│   │   'client_side_evaluation': True,
│   │   'test': {
│   │   │   'client': {
│   │   │   │   'interval': 100,
│   │   │   │   'finetune_epoch': 0,
│   │   │   │   'train': False,
│   │   │   │   'val': False,
│   │   │   │   'test': True
│   │   │   },
│   │   │   'server': {
│   │   │   │   'interval': -1,
│   │   │   │   'train': False,
│   │   │   │   'val': False,
│   │   │   │   'test': False,
│   │   │   │   'model_in_train_mode': False
│   │   │   }
│   │   },
│   │   'verbose_gap': 10,
│   │   'monitor': None,
│   │   'use_cuda': True,
│   │   'save_log': True,
│   │   'save_model': False,
│   │   'save_learning_curve_plot': False,
│   │   'save_metrics': True,
│   │   'delete_useless_run': True
│   },
│   'psfl': {
│   │   'alpha': 0.0,
│   │   'CLS': False,
│   │   'ig_ratio': 0.9998,
│   │   'track': False,
│   │   'score': 'obp'
│   }
}
---------------------------- TRAINING EPOCH: 10 ----------------------------    
client [77] (testset)   loss: 0.7578 -> 0.1270  accuracy: 79.86% -> 96.70%      
client [81] (testset)   loss: 2.0077 -> 0.2817  accuracy: 58.38% -> 88.37%      
client [21] (testset)   loss: 1.0720 -> 0.1452  accuracy: 72.17% -> 95.35%      
client [68] (testset)   loss: 0.7337 -> 0.1290  accuracy: 78.20% -> 96.30%      
client [93] (testset)   loss: 0.5573 -> 0.1215  accuracy: 86.53% -> 95.66%      
client [31] (testset)   loss: 0.8792 -> 0.1655  accuracy: 74.64% -> 94.44%      
client [20] (testset)   loss: 0.7827 -> 0.1768  accuracy: 77.36% -> 94.44%      
client [59] (testset)   loss: 0.8201 -> 0.3616  accuracy: 76.20% -> 90.58%      
client [48] (testset)   loss: 1.6855 -> 0.3391  accuracy: 40.70% -> 85.66%      
client [34] (testset)   loss: 0.7084 -> 0.1008  accuracy: 70.36% -> 97.45%      
---------------------------- TRAINING EPOCH: 20 ----------------------------    
client [69] (testset)   loss: 1.0926 -> 0.1967  accuracy: 71.43% -> 94.38%      
client [99] (testset)   loss: 0.4943 -> 0.1121  accuracy: 86.63% -> 96.79%      
client [67] (testset)   loss: 0.7331 -> 0.1402  accuracy: 74.63% -> 96.14%      
client [0]  (testset)   loss: 0.3692 -> 0.1161  accuracy: 89.55% -> 96.89%      
client [76] (testset)   loss: 1.2080 -> 0.1074  accuracy: 63.86% -> 96.55%      
client [41] (testset)   loss: 0.8179 -> 0.2399  accuracy: 77.18% -> 92.23%      
client [62] (testset)   loss: 0.7715 -> 0.1269  accuracy: 79.82% -> 96.65%      
client [2]  (testset)   loss: 1.0861 -> 0.0826  accuracy: 70.76% -> 97.39%      
client [14] (testset)   loss: 0.9044 -> 0.1437  accuracy: 73.53% -> 96.44%      
client [46] (testset)   loss: 1.5377 -> 0.0653  accuracy: 34.50% -> 98.74%      
---------------------------- TRAINING EPOCH: 30 ----------------------------    
client [24] (testset)   loss: 0.1117 -> 0.1082  accuracy: 96.51% -> 96.84%      
client [68] (testset)   loss: 0.5403 -> 0.1286  accuracy: 85.40% -> 96.83%      
client [57] (testset)   loss: 0.7137 -> 0.0491  accuracy: 68.67% -> 98.82%      
client [17] (testset)   loss: 1.8338 -> 0.2441  accuracy: 54.49% -> 93.87%      
client [54] (testset)   loss: 0.8931 -> 0.1251  accuracy: 72.76% -> 96.64%      
client [23] (testset)   loss: 1.7170 -> 0.3291  accuracy: 55.77% -> 85.94%      
client [35] (testset)   loss: 0.8444 -> 0.0759  accuracy: 77.01% -> 98.06%      
client [59] (testset)   loss: 0.7208 -> 0.1855  accuracy: 77.56% -> 93.90%      
client [31] (testset)   loss: 0.3476 -> 0.1761  accuracy: 89.79% -> 94.60%      
client [9]  (testset)   loss: 0.3271 -> 0.0936  accuracy: 91.53% -> 97.61%      
---------------------------- TRAINING EPOCH: 40 ----------------------------    
client [64] (testset)   loss: 0.8455 -> 0.2714  accuracy: 74.19% -> 91.84%      
client [33] (testset)   loss: 0.7491 -> 0.0679  accuracy: 74.60% -> 98.54%      
client [16] (testset)   loss: 0.6883 -> 0.2339  accuracy: 79.32% -> 94.32%      
client [44] (testset)   loss: 1.2370 -> 0.2161  accuracy: 63.51% -> 93.83%      
client [8]  (testset)   loss: 0.8103 -> 0.2158  accuracy: 77.92% -> 93.31%      
client [31] (testset)   loss: 0.9111 -> 0.1724  accuracy: 71.61% -> 93.98%      
client [47] (testset)   loss: 0.6173 -> 0.1849  accuracy: 79.23% -> 94.10%      
client [36] (testset)   loss: 0.9959 -> 0.1186  accuracy: 71.56% -> 96.56%      
client [20] (testset)   loss: 0.4232 -> 0.1733  accuracy: 87.89% -> 94.98%      
client [56] (testset)   loss: 0.4484 -> 0.0781  accuracy: 88.41% -> 98.35%      
---------------------------- TRAINING EPOCH: 50 ----------------------------    
client [4]  (testset)   loss: 1.6048 -> 0.3307  accuracy: 61.34% -> 89.53%      
client [60] (testset)   loss: 0.3035 -> 0.0638  accuracy: 89.73% -> 98.76%      
client [28] (testset)   loss: 0.3996 -> 0.1085  accuracy: 86.97% -> 94.96%      
client [25] (testset)   loss: 0.8473 -> 0.0722  accuracy: 77.83% -> 97.04%      
client [58] (testset)   loss: 0.3208 -> 0.0629  accuracy: 90.91% -> 98.88%      
client [44] (testset)   loss: 1.7357 -> 0.1928  accuracy: 62.23% -> 94.04%      
client [39] (testset)   loss: 1.7347 -> 0.1128  accuracy: 54.08% -> 97.46%      
client [29] (testset)   loss: 0.6388 -> 0.1567  accuracy: 82.73% -> 94.40%      
client [3]  (testset)   loss: 0.4575 -> 0.1140  accuracy: 87.62% -> 96.89%      
client [84] (testset)   loss: 0.2975 -> 0.1243  accuracy: 90.29% -> 96.17%      
---------------------------- TRAINING EPOCH: 60 ----------------------------    
client [21] (testset)   loss: 0.5683 -> 0.1481  accuracy: 84.41% -> 96.37%      
client [84] (testset)   loss: 0.7713 -> 0.1404  accuracy: 80.44% -> 95.35%      
client [10] (testset)   loss: 0.5359 -> 0.1694  accuracy: 85.73% -> 92.87%      
client [36] (testset)   loss: 0.6471 -> 0.1448  accuracy: 83.26% -> 96.39%      
client [65] (testset)   loss: 1.2582 -> 0.3092  accuracy: 64.29% -> 91.96%      
client [81] (testset)   loss: 0.4798 -> 0.2933  accuracy: 85.58% -> 89.00%      
client [79] (testset)   loss: 0.8700 -> 0.2881  accuracy: 79.47% -> 93.47%      
client [42] (testset)   loss: 0.5271 -> 0.1912  accuracy: 86.43% -> 94.91%      
client [11] (testset)   loss: 0.5669 -> 0.1391  accuracy: 84.90% -> 95.86%      
client [96] (testset)   loss: 0.2764 -> 0.1500  accuracy: 90.96% -> 96.44%      
---------------------------- TRAINING EPOCH: 70 ----------------------------    
client [8]  (testset)   loss: 0.6425 -> 0.2496  accuracy: 84.09% -> 93.01%      
client [53] (testset)   loss: 0.3142 -> 0.1343  accuracy: 93.11% -> 97.45%      
client [52] (testset)   loss: 0.6356 -> 0.3040  accuracy: 83.80% -> 91.96%      
client [42] (testset)   loss: 0.2536 -> 0.1831  accuracy: 92.97% -> 94.91%      
client [69] (testset)   loss: 0.4464 -> 0.2307  accuracy: 89.65% -> 94.60%      
client [59] (testset)   loss: 0.4755 -> 0.2489  accuracy: 87.20% -> 92.92%      
client [7]  (testset)   loss: 0.3882 -> 0.1732  accuracy: 89.04% -> 95.96%      
client [26] (testset)   loss: 0.3325 -> 0.2628  accuracy: 91.96% -> 94.33%      
client [49] (testset)   loss: 0.1946 -> 0.0689  accuracy: 95.18% -> 98.19%      
client [98] (testset)   loss: 0.3261 -> 0.1103  accuracy: 91.38% -> 97.16%      
---------------------------- TRAINING EPOCH: 80 ----------------------------    
client [98] (testset)   loss: 0.2750 -> 0.1205  accuracy: 93.56% -> 96.96%      
client [47] (testset)   loss: 0.3808 -> 0.2082  accuracy: 90.09% -> 93.93%      
client [21] (testset)   loss: 0.5159 -> 0.1571  accuracy: 87.86% -> 96.29%      
client [77] (testset)   loss: 0.3071 -> 0.1432  accuracy: 92.81% -> 96.76%      
client [95] (testset)   loss: 0.3796 -> 0.1646  accuracy: 92.26% -> 96.46%      
client [91] (testset)   loss: 0.4155 -> 0.0737  accuracy: 89.57% -> 98.26%      
client [14] (testset)   loss: 0.3563 -> 0.2042  accuracy: 92.99% -> 95.71%      
client [99] (testset)   loss: 0.1646 -> 0.1171  accuracy: 95.76% -> 96.71%      
client [20] (testset)   loss: 0.4084 -> 0.2013  accuracy: 88.39% -> 94.80%      
client [39] (testset)   loss: 0.3114 -> 0.1229  accuracy: 91.89% -> 96.98%      
---------------------------- TRAINING EPOCH: 90 ----------------------------    
client [52] (testset)   loss: 0.7992 -> 0.3385  accuracy: 80.00% -> 92.29%      
client [62] (testset)   loss: 0.4953 -> 0.1725  accuracy: 90.05% -> 96.51%      
client [71] (testset)   loss: 0.3311 -> 0.1000  accuracy: 92.53% -> 97.98%      
client [97] (testset)   loss: 0.3741 -> 0.0945  accuracy: 91.81% -> 98.22%      
client [30] (testset)   loss: 0.5691 -> 0.2427  accuracy: 89.17% -> 94.46%      
client [88] (testset)   loss: 0.5107 -> 0.2634  accuracy: 86.62% -> 92.16%      
client [60] (testset)   loss: 0.1848 -> 0.0906  accuracy: 95.91% -> 98.30%      
client [82] (testset)   loss: 0.6259 -> 0.4178  accuracy: 76.83% -> 82.74%      
client [91] (testset)   loss: 0.1410 -> 0.0867  accuracy: 96.96% -> 98.37%      
client [57] (testset)   loss: 0.2842 -> 0.0829  accuracy: 92.38% -> 98.61%      
---------------------------- TRAINING EPOCH: 100 ----------------------------   
client [31] (testset)   loss: 0.3709 -> 0.2535  accuracy: 92.44% -> 94.44%      
client [15] (testset)   loss: 0.3879 -> 0.2270  accuracy: 88.88% -> 93.56%      
client [71] (testset)   loss: 0.1874 -> 0.1054  accuracy: 95.19% -> 97.80%      
client [97] (testset)   loss: 0.2059 -> 0.0992  accuracy: 95.62% -> 98.19%      
client [53] (testset)   loss: 0.3538 -> 0.1757  accuracy: 94.46% -> 97.59%      
client [77] (testset)   loss: 0.5326 -> 0.1639  accuracy: 88.34% -> 96.76%      
client [76] (testset)   loss: 0.3748 -> 0.1634  accuracy: 90.91% -> 96.48%      
client [79] (testset)   loss: 0.4960 -> 0.3347  accuracy: 89.37% -> 92.84%      
client [28] (testset)   loss: 0.2149 -> 0.1286  accuracy: 93.91% -> 95.51%      
client [99] (testset)   loss: 0.2082 -> 0.1302  accuracy: 94.77% -> 96.56%      
---------------------------- TRAINING EPOCH: 110 ----------------------------   
client [97] (testset)   loss: 0.1240 -> 0.0995  accuracy: 97.38% -> 98.05%      
client [86] (testset)   loss: 0.5586 -> 0.3695  accuracy: 88.69% -> 91.94%      
client [34] (testset)   loss: 0.2764 -> 0.1593  accuracy: 94.80% -> 97.20%      
client [73] (testset)   loss: 0.3844 -> 0.2649  accuracy: 92.39% -> 94.06%      
client [5]  (testset)   loss: 0.3195 -> 0.1950  accuracy: 93.75% -> 96.04%      
client [96] (testset)   loss: 0.3452 -> 0.2329  accuracy: 94.71% -> 96.25%      
client [22] (testset)   loss: 0.3570 -> 0.2619  accuracy: 94.09% -> 95.22%      
client [60] (testset)   loss: 0.1804 -> 0.0999  accuracy: 96.53% -> 97.99%      
client [66] (testset)   loss: 0.3669 -> 0.1784  accuracy: 92.80% -> 97.60%      
client [83] (testset)   loss: 0.7688 -> 0.2052  accuracy: 83.31% -> 96.32%      
---------------------------- TRAINING EPOCH: 120 ----------------------------   
client [76] (testset)   loss: 0.2074 -> 0.1752  accuracy: 95.97% -> 96.04%      
client [65] (testset)   loss: 0.8068 -> 0.3467  accuracy: 81.76% -> 92.44%      
client [95] (testset)   loss: 0.3188 -> 0.1918  accuracy: 93.83% -> 96.37%      
client [17] (testset)   loss: 0.5940 -> 0.3023  accuracy: 89.17% -> 94.02%      
client [8]  (testset)   loss: 0.5307 -> 0.2771  accuracy: 88.08% -> 93.01%      
client [35] (testset)   loss: 0.2275 -> 0.1194  accuracy: 95.41% -> 98.21%      
client [98] (testset)   loss: 0.2671 -> 0.1434  accuracy: 95.44% -> 96.86%      
client [53] (testset)   loss: 0.5327 -> 0.1918  accuracy: 90.66% -> 97.01%      
client [43] (testset)   loss: 0.3513 -> 0.3263  accuracy: 90.28% -> 91.51%      
client [64] (testset)   loss: 0.6211 -> 0.3594  accuracy: 83.49% -> 92.22%      
---------------------------- TRAINING EPOCH: 130 ----------------------------   
client [21] (testset)   loss: 0.3057 -> 0.2058  accuracy: 93.53% -> 95.97%      
client [88] (testset)   loss: 0.4300 -> 0.3119  accuracy: 89.57% -> 91.94%      
client [38] (testset)   loss: 0.1910 -> 0.1727  accuracy: 95.69% -> 96.51%      
client [3]  (testset)   loss: 0.2262 -> 0.1840  accuracy: 96.23% -> 96.79%      
client [5]  (testset)   loss: 0.4120 -> 0.2114  accuracy: 91.90% -> 96.01%      
client [41] (testset)   loss: 0.4871 -> 0.3457  accuracy: 89.59% -> 92.66%      
client [7]  (testset)   loss: 0.2729 -> 0.1997  accuracy: 94.00% -> 96.02%      
client [37] (testset)   loss: 0.5299 -> 0.2838  accuracy: 86.52% -> 93.17%      
client [45] (testset)   loss: 0.6591 -> 0.4244  accuracy: 84.06% -> 89.13%      
client [47] (testset)   loss: 0.4295 -> 0.2529  accuracy: 89.57% -> 94.27%      
---------------------------- TRAINING EPOCH: 140 ----------------------------   
client [16] (testset)   loss: 0.4347 -> 0.3415  accuracy: 89.62% -> 94.24%      
client [11] (testset)   loss: 0.2494 -> 0.1452  accuracy: 94.34% -> 97.38%      
client [37] (testset)   loss: 0.4030 -> 0.2911  accuracy: 89.50% -> 92.34%      
client [41] (testset)   loss: 0.5601 -> 0.3511  accuracy: 88.03% -> 92.92%      
client [95] (testset)   loss: 0.3315 -> 0.2099  accuracy: 94.60% -> 96.75%      
client [53] (testset)   loss: 0.3247 -> 0.1977  accuracy: 94.75% -> 97.11%      
client [22] (testset)   loss: 0.3446 -> 0.2917  accuracy: 93.28% -> 94.84%      
client [25] (testset)   loss: 0.1286 -> 0.0718  accuracy: 95.39% -> 97.37%      
client [69] (testset)   loss: 0.3381 -> 0.2558  accuracy: 94.04% -> 94.94%      
client [46] (testset)   loss: 0.2212 -> 0.1162  accuracy: 96.42% -> 98.25%      
---------------------------- TRAINING EPOCH: 150 ----------------------------   
client [47] (testset)   loss: 0.4940 -> 0.3342  accuracy: 90.26% -> 93.08%      
client [69] (testset)   loss: 0.4158 -> 0.2689  accuracy: 93.48% -> 94.94%      
client [82] (testset)   loss: 0.7196 -> 0.5137  accuracy: 79.65% -> 81.34%      
client [45] (testset)   loss: 0.6366 -> 0.4749  accuracy: 85.39% -> 89.37%      
client [7]  (testset)   loss: 0.5116 -> 0.2341  accuracy: 87.48% -> 95.69%      
client [50] (testset)   loss: 0.1713 -> 0.1053  accuracy: 97.62% -> 98.48%      
client [35] (testset)   loss: 0.2258 -> 0.1446  accuracy: 96.97% -> 98.00%      
client [24] (testset)   loss: 0.2781 -> 0.2115  accuracy: 95.10% -> 95.93%      
client [15] (testset)   loss: 0.6392 -> 0.2981  accuracy: 87.80% -> 93.17%      
client [58] (testset)   loss: 0.1913 -> 0.1237  accuracy: 96.79% -> 98.68%      
---------------------------- TRAINING EPOCH: 160 ----------------------------   
client [48] (testset)   loss: 0.9390 -> 0.7886  accuracy: 82.56% -> 85.08%      
client [76] (testset)   loss: 0.2818 -> 0.2140  accuracy: 95.60% -> 96.77%      
client [67] (testset)   loss: 0.2427 -> 0.1789  accuracy: 93.57% -> 95.96%      
client [37] (testset)   loss: 0.3805 -> 0.3323  accuracy: 90.26% -> 92.38%      
client [58] (testset)   loss: 0.2584 -> 0.1182  accuracy: 95.57% -> 98.85%      
client [64] (testset)   loss: 0.4862 -> 0.4044  accuracy: 86.53% -> 93.36%      
client [77] (testset)   loss: 0.2717 -> 0.2145  accuracy: 95.66% -> 96.96%      
client [55] (testset)   loss: 0.4880 -> 0.3436  accuracy: 89.03% -> 92.20%      
client [12] (testset)   loss: 0.4075 -> 0.2628  accuracy: 93.03% -> 96.14%      
client [89] (testset)   loss: 0.4895 -> 0.4742  accuracy: 87.69% -> 89.49%      
---------------------------- TRAINING EPOCH: 170 ----------------------------   
client [84] (testset)   loss: 0.3504 -> 0.1709  accuracy: 92.75% -> 95.76%      
client [51] (testset)   loss: 0.5315 -> 0.3677  accuracy: 93.54% -> 94.81%      
client [8]  (testset)   loss: 0.4758 -> 0.4007  accuracy: 92.07% -> 92.60%      
client [18] (testset)   loss: 0.2913 -> 0.2293  accuracy: 94.72% -> 95.67%      
client [94] (testset)   loss: 0.2508 -> 0.1937  accuracy: 95.39% -> 96.68%      
client [81] (testset)   loss: 0.5981 -> 0.5402  accuracy: 86.49% -> 88.55%      
client [3]  (testset)   loss: 0.2750 -> 0.2055  accuracy: 95.05% -> 96.79%      
client [11] (testset)   loss: 0.3598 -> 0.1865  accuracy: 93.72% -> 96.48%      
client [95] (testset)   loss: 0.3511 -> 0.2728  accuracy: 95.12% -> 96.70%      
client [67] (testset)   loss: 0.1430 -> 0.1500  accuracy: 95.40% -> 95.59%      
---------------------------- TRAINING EPOCH: 180 ----------------------------   
client [21] (testset)   loss: 0.3266 -> 0.2249  accuracy: 93.28% -> 95.93%      
client [79] (testset)   loss: 0.6151 -> 0.4671  accuracy: 89.68% -> 92.84%      
client [58] (testset)   loss: 0.2105 -> 0.1370  accuracy: 97.09% -> 98.66%      
client [88] (testset)   loss: 0.4924 -> 0.3893  accuracy: 89.42% -> 92.09%      
client [46] (testset)   loss: 0.2031 -> 0.1373  accuracy: 97.44% -> 98.29%      
client [11] (testset)   loss: 0.2915 -> 0.1977  accuracy: 95.10% -> 96.62%      
client [55] (testset)   loss: 0.4325 -> 0.4077  accuracy: 90.00% -> 91.85%      
client [13] (testset)   loss: 0.1489 -> 0.1159  accuracy: 97.65% -> 98.54%      
client [31] (testset)   loss: 0.5016 -> 0.3164  accuracy: 90.70% -> 94.65%      
client [75] (testset)   loss: 0.4279 -> 0.2761  accuracy: 93.06% -> 95.29%      
---------------------------- TRAINING EPOCH: 190 ----------------------------   
client [19] (testset)   loss: 0.3796 -> 0.2911  accuracy: 94.02% -> 95.77%      
client [7]  (testset)   loss: 0.3660 -> 0.3010  accuracy: 93.15% -> 94.85%      
client [57] (testset)   loss: 0.2464 -> 0.1777  accuracy: 97.00% -> 98.07%      
client [13] (testset)   loss: 0.1634 -> 0.1312  accuracy: 98.03% -> 98.54%      
client [43] (testset)   loss: 0.4251 -> 0.4856  accuracy: 89.91% -> 92.13%      
client [91] (testset)   loss: 0.1804 -> 0.1208  accuracy: 97.17% -> 98.10%      
client [10] (testset)   loss: 0.2850 -> 0.2847  accuracy: 90.35% -> 92.31%      
client [64] (testset)   loss: 0.5920 -> 0.4749  accuracy: 89.18% -> 92.22%      
client [82] (testset)   loss: 0.9719 -> 0.7008  accuracy: 80.87% -> 80.43%      
client [22] (testset)   loss: 0.4165 -> 0.3727  accuracy: 94.37% -> 94.99%      
---------------------------- TRAINING EPOCH: 200 ----------------------------   
client [20] (testset)   loss: 0.4106 -> 0.3193  accuracy: 93.36% -> 94.71%      
client [23] (testset)   loss: 0.6913 -> 0.5645  accuracy: 82.62% -> 83.34%      
client [88] (testset)   loss: 0.5386 -> 0.4202  accuracy: 89.50% -> 92.37%      
client [98] (testset)   loss: 0.2299 -> 0.2104  accuracy: 96.55% -> 96.50%      
client [79] (testset)   loss: 0.6623 -> 0.5126  accuracy: 90.21% -> 92.74%      
client [21] (testset)   loss: 0.4179 -> 0.2703  accuracy: 92.48% -> 95.53%      
client [92] (testset)   loss: 0.4403 -> 0.3853  accuracy: 92.60% -> 94.77%      
client [56] (testset)   loss: 0.1920 -> 0.1553  accuracy: 97.58% -> 98.15%      
client [5]  (testset)   loss: 0.3638 -> 0.2792  accuracy: 94.12% -> 95.53%      
client [52] (testset)   loss: 0.7430 -> 0.5062  accuracy: 86.15% -> 92.18%      
---------------------------- TRAINING EPOCH: 210 ----------------------------   
client [67] (testset)   loss: 0.2431 -> 0.2107  accuracy: 93.38% -> 95.59%      
client [54] (testset)   loss: 0.2937 -> 0.2206  accuracy: 95.40% -> 96.14%      
client [14] (testset)   loss: 0.4025 -> 0.3639  accuracy: 93.66% -> 95.89%      
client [99] (testset)   loss: 0.2524 -> 0.1956  accuracy: 95.15% -> 96.22%      
client [36] (testset)   loss: 0.3316 -> 0.2587  accuracy: 94.95% -> 95.87%      
client [30] (testset)   loss: 0.4156 -> 0.3986  accuracy: 93.12% -> 94.10%      
client [38] (testset)   loss: 0.2460 -> 0.2332  accuracy: 95.79% -> 96.72%      
client [15] (testset)   loss: 0.6044 -> 0.3608  accuracy: 89.23% -> 93.17%      
client [6]  (testset)   loss: 0.4253 -> 0.3198  accuracy: 93.26% -> 95.74%      
client [53] (testset)   loss: 0.3519 -> 0.2672  accuracy: 95.52% -> 97.06%      
---------------------------- TRAINING EPOCH: 220 ----------------------------   
client [99] (testset)   loss: 0.2734 -> 0.2306  accuracy: 95.12% -> 96.27%      
client [6]  (testset)   loss: 0.3329 -> 0.3068  accuracy: 94.04% -> 95.74%      
client [83] (testset)   loss: 0.3902 -> 0.3450  accuracy: 94.76% -> 96.18%      
client [42] (testset)   loss: 0.5073 -> 0.3766  accuracy: 93.16% -> 94.37%      
client [34] (testset)   loss: 0.3295 -> 0.2140  accuracy: 95.09% -> 97.25%      
client [15] (testset)   loss: 0.4884 -> 0.3919  accuracy: 90.66% -> 93.09%      
client [47] (testset)   loss: 0.5334 -> 0.4371  accuracy: 92.82% -> 93.76%      
client [55] (testset)   loss: 0.5739 -> 0.4785  accuracy: 88.51% -> 90.77%      
client [51] (testset)   loss: 0.5647 -> 0.4066  accuracy: 92.63% -> 94.81%      
client [95] (testset)   loss: 0.4160 -> 0.3302  accuracy: 94.02% -> 96.18%      
---------------------------- TRAINING EPOCH: 230 ----------------------------   
client [71] (testset)   loss: 0.3542 -> 0.1672  accuracy: 93.72% -> 97.57%      
client [15] (testset)   loss: 0.5199 -> 0.3957  accuracy: 89.39% -> 93.05%      
client [33] (testset)   loss: 0.2779 -> 0.1717  accuracy: 94.72% -> 98.00%      
client [99] (testset)   loss: 0.3156 -> 0.2238  accuracy: 94.08% -> 96.10%      
client [90] (testset)   loss: 0.4783 -> 0.3816  accuracy: 90.93% -> 93.08%      
client [57] (testset)   loss: 0.2157 -> 0.1517  accuracy: 97.42% -> 98.18%      
client [27] (testset)   loss: 0.2155 -> 0.1821  accuracy: 96.68% -> 96.99%      
client [78] (testset)   loss: 0.5822 -> 0.4246  accuracy: 92.63% -> 93.33%      
client [36] (testset)   loss: 0.3786 -> 0.2362  accuracy: 95.18% -> 96.10%      
client [88] (testset)   loss: 0.5355 -> 0.4574  accuracy: 89.71% -> 92.66%      
---------------------------- TRAINING EPOCH: 240 ----------------------------   
client [70] (testset)   loss: 0.9010 -> 0.5619  accuracy: 85.88% -> 91.78%      
client [35] (testset)   loss: 0.2228 -> 0.1975  accuracy: 97.53% -> 97.97%      
client [16] (testset)   loss: 0.5652 -> 0.5620  accuracy: 91.97% -> 92.94%      
client [80] (testset)   loss: 0.2155 -> 0.1996  accuracy: 97.01% -> 97.45%      
client [38] (testset)   loss: 0.3199 -> 0.2571  accuracy: 95.08% -> 96.51%      
client [78] (testset)   loss: 0.8709 -> 0.4488  accuracy: 91.78% -> 93.33%      
client [68] (testset)   loss: 0.3942 -> 0.2766  accuracy: 93.97% -> 96.51%      
client [11] (testset)   loss: 0.3015 -> 0.2123  accuracy: 95.24% -> 96.62%      
client [64] (testset)   loss: 0.6810 -> 0.5521  accuracy: 90.13% -> 92.79%      
client [82] (testset)   loss: 0.9601 -> 0.9060  accuracy: 80.02% -> 80.32%      
---------------------------- TRAINING EPOCH: 250 ----------------------------   
client [30] (testset)   loss: 0.5135 -> 0.4355  accuracy: 93.37% -> 94.04%      
client [27] (testset)   loss: 0.2637 -> 0.2046  accuracy: 95.59% -> 97.16%      
client [74] (testset)   loss: 0.3911 -> 0.3022  accuracy: 94.71% -> 96.42%      
client [45] (testset)   loss: 0.7308 -> 0.6608  accuracy: 88.10% -> 88.83%      
client [6]  (testset)   loss: 0.4333 -> 0.3402  accuracy: 93.75% -> 95.32%      
client [36] (testset)   loss: 0.3507 -> 0.2570  accuracy: 95.41% -> 96.33%      
client [63] (testset)   loss: 0.2710 -> 0.2631  accuracy: 95.96% -> 96.92%      
client [76] (testset)   loss: 0.3829 -> 0.3070  accuracy: 95.60% -> 96.41%      
client [83] (testset)   loss: 0.3816 -> 0.3610  accuracy: 95.17% -> 96.14%      
client [86] (testset)   loss: 0.6431 -> 0.5411  accuracy: 90.16% -> 92.15%      
---------------------------- TRAINING EPOCH: 260 ----------------------------   
client [83] (testset)   loss: 0.3764 -> 0.3279  accuracy: 93.98% -> 96.05%      
client [99] (testset)   loss: 0.2955 -> 0.2228  accuracy: 95.55% -> 96.22%      
client [74] (testset)   loss: 0.3632 -> 0.3038  accuracy: 95.65% -> 96.69%      
client [73] (testset)   loss: 0.5728 -> 0.4488  accuracy: 90.90% -> 93.63%      
client [29] (testset)   loss: 0.3833 -> 0.3107  accuracy: 92.43% -> 94.04%      
client [92] (testset)   loss: 0.5581 -> 0.4589  accuracy: 93.53% -> 94.79%      
client [6]  (testset)   loss: 0.4394 -> 0.3434  accuracy: 94.54% -> 95.88%      
client [61] (testset)   loss: 0.7718 -> 0.6366  accuracy: 88.19% -> 88.88%      
client [21] (testset)   loss: 0.3828 -> 0.2937  accuracy: 94.48% -> 95.46%      
client [67] (testset)   loss: 0.2866 -> 0.2504  accuracy: 95.22% -> 95.40%      
---------------------------- TRAINING EPOCH: 270 ----------------------------   
client [83] (testset)   loss: 0.4758 -> 0.3752  accuracy: 93.79% -> 95.86%      
client [32] (testset)   loss: 0.3737 -> 0.2902  accuracy: 95.17% -> 95.57%      
client [95] (testset)   loss: 0.4375 -> 0.3405  accuracy: 95.36% -> 96.13%      
client [61] (testset)   loss: 0.8428 -> 0.7078  accuracy: 86.96% -> 88.95%      
client [27] (testset)   loss: 0.2881 -> 0.2222  accuracy: 96.07% -> 97.25%      
client [25] (testset)   loss: 0.1926 -> 0.1544  accuracy: 95.94% -> 97.37%      
client [68] (testset)   loss: 0.3454 -> 0.3174  accuracy: 95.34% -> 96.08%      
client [34] (testset)   loss: 0.2860 -> 0.2484  accuracy: 96.61% -> 97.11%      
client [71] (testset)   loss: 0.2645 -> 0.1953  accuracy: 96.88% -> 97.25%      
client [89] (testset)   loss: 0.7618 -> 0.7013  accuracy: 87.91% -> 89.49%      
---------------------------- TRAINING EPOCH: 280 ----------------------------   
client [78] (testset)   loss: 0.4830 -> 0.4387  accuracy: 93.41% -> 93.41%      
client [81] (testset)   loss: 0.7567 -> 0.7311  accuracy: 86.80% -> 87.99%      
client [51] (testset)   loss: 0.5314 -> 0.4963  accuracy: 93.54% -> 94.57%      
client [54] (testset)   loss: 0.3784 -> 0.2695  accuracy: 94.40% -> 96.64%      
client [65] (testset)   loss: 0.6744 -> 0.6143  accuracy: 88.63% -> 91.68%      
client [41] (testset)   loss: 0.6619 -> 0.5520  accuracy: 90.22% -> 92.48%      
client [11] (testset)   loss: 0.2902 -> 0.2205  accuracy: 95.66% -> 96.83%      
client [85] (testset)   loss: 0.5058 -> 0.4409  accuracy: 93.64% -> 94.89%      
client [12] (testset)   loss: 0.5406 -> 0.3723  accuracy: 93.03% -> 95.39%      
client [23] (testset)   loss: 1.0011 -> 0.8087  accuracy: 81.78% -> 84.06%      
---------------------------- TRAINING EPOCH: 290 ----------------------------   
client [16] (testset)   loss: 0.5901 -> 0.5699  accuracy: 92.30% -> 93.43%      
client [65] (testset)   loss: 0.6466 -> 0.6054  accuracy: 88.97% -> 90.92%      
client [53] (testset)   loss: 0.4637 -> 0.3563  accuracy: 95.28% -> 96.77%      
client [58] (testset)   loss: 0.2263 -> 0.1987  accuracy: 97.81% -> 98.43%      
client [72] (testset)   loss: 0.5265 -> 0.5202  accuracy: 93.54% -> 93.39%      
client [7]  (testset)   loss: 0.4185 -> 0.4106  accuracy: 94.13% -> 94.26%      
client [71] (testset)   loss: 0.2313 -> 0.2027  accuracy: 97.14% -> 97.53%      
client [59] (testset)   loss: 0.5321 -> 0.5400  accuracy: 92.37% -> 92.43%      
client [86] (testset)   loss: 0.7420 -> 0.6306  accuracy: 90.05% -> 91.41%      
client [39] (testset)   loss: 0.2954 -> 0.2725  accuracy: 96.55% -> 97.04%      
---------------------------- TRAINING EPOCH: 300 ----------------------------   
client [99] (testset)   loss: 0.2945 -> 0.2437  accuracy: 94.31% -> 95.96%      
client [7]  (testset)   loss: 0.5458 -> 0.4401  accuracy: 93.22% -> 94.32%      
client [17] (testset)   loss: 0.6528 -> 0.5914  accuracy: 91.93% -> 93.03%      
client [64] (testset)   loss: 0.6849 -> 0.6946  accuracy: 91.27% -> 92.41%      
client [37] (testset)   loss: 0.6205 -> 0.4830  accuracy: 90.76% -> 92.45%      
client [29] (testset)   loss: 0.4663 -> 0.3723  accuracy: 92.58% -> 94.24%      
client [93] (testset)   loss: 0.4398 -> 0.3595  accuracy: 94.92% -> 95.31%      
client [73] (testset)   loss: 0.5237 -> 0.4849  accuracy: 92.76% -> 93.63%      
client [40] (testset)   loss: 0.3287 -> 0.2434  accuracy: 94.91% -> 97.06%      
client [76] (testset)   loss: 0.3964 -> 0.3380  accuracy: 95.38% -> 96.19%      
---------------------------- TRAINING EPOCH: 310 ----------------------------   
client [31] (testset)   loss: 0.4880 -> 0.4558  accuracy: 93.81% -> 94.48%      
client [89] (testset)   loss: 0.8055 -> 0.8026  accuracy: 87.25% -> 89.38%      
client [77] (testset)   loss: 0.4537 -> 0.3478  accuracy: 94.75% -> 96.05%      
client [90] (testset)   loss: 0.5195 -> 0.4755  accuracy: 91.51% -> 93.21%      
client [26] (testset)   loss: 0.9544 -> 0.6013  accuracy: 84.41% -> 93.15%      
client [50] (testset)   loss: 0.2131 -> 0.1836  accuracy: 98.23% -> 98.54%      
client [30] (testset)   loss: 0.5931 -> 0.5201  accuracy: 93.73% -> 94.40%      
client [70] (testset)   loss: 0.6590 -> 0.5469  accuracy: 92.43% -> 93.07%      
client [41] (testset)   loss: 0.6447 -> 0.5898  accuracy: 90.41% -> 92.23%      
client [99] (testset)   loss: 0.2945 -> 0.2674  accuracy: 95.29% -> 95.76%      
---------------------------- TRAINING EPOCH: 320 ----------------------------   
client [68] (testset)   loss: 0.4426 -> 0.3775  accuracy: 95.77% -> 96.19%      
client [70] (testset)   loss: 0.8158 -> 0.6537  accuracy: 92.81% -> 92.55%      
client [52] (testset)   loss: 0.9027 -> 0.7198  accuracy: 90.39% -> 91.84%      
client [1]  (testset)   loss: 0.4404 -> 0.3721  accuracy: 93.72% -> 95.23%      
client [2]  (testset)   loss: 0.3510 -> 0.2977  accuracy: 95.81% -> 96.50%      
client [67] (testset)   loss: 0.3275 -> 0.2804  accuracy: 93.57% -> 95.04%      
client [92] (testset)   loss: 0.5740 -> 0.5411  accuracy: 93.84% -> 94.44%      
client [35] (testset)   loss: 0.2726 -> 0.2457  accuracy: 97.35% -> 97.91%      
client [36] (testset)   loss: 0.4233 -> 0.3426  accuracy: 95.47% -> 95.58%      
client [64] (testset)   loss: 0.6773 -> 0.6905  accuracy: 89.75% -> 91.27%      
---------------------------- TRAINING EPOCH: 330 ----------------------------   
client [44] (testset)   loss: 0.6735 -> 0.5967  accuracy: 92.13% -> 93.19%      
client [6]  (testset)   loss: 0.5066 -> 0.3958  accuracy: 94.11% -> 95.10%      
client [12] (testset)   loss: 0.4952 -> 0.4107  accuracy: 94.15% -> 94.89%      
client [55] (testset)   loss: 0.6803 -> 0.6344  accuracy: 89.62% -> 91.08%      
client [29] (testset)   loss: 0.4820 -> 0.4040  accuracy: 92.69% -> 93.98%      
client [9]  (testset)   loss: 0.2603 -> 0.2335  accuracy: 96.25% -> 96.64%      
client [43] (testset)   loss: 0.7841 -> 0.7329  accuracy: 88.44% -> 90.16%      
client [77] (testset)   loss: 0.3884 -> 0.3653  accuracy: 95.27% -> 96.05%      
client [98] (testset)   loss: 0.2816 -> 0.2650  accuracy: 96.96% -> 96.91%      
client [78] (testset)   loss: 0.7946 -> 0.5817  accuracy: 91.78% -> 93.25%      
---------------------------- TRAINING EPOCH: 340 ----------------------------   
client [92] (testset)   loss: 0.5812 -> 0.5296  accuracy: 92.55% -> 94.57%      
client [80] (testset)   loss: 0.2664 -> 0.2355  accuracy: 96.96% -> 97.36%      
client [63] (testset)   loss: 0.3273 -> 0.3095  accuracy: 96.01% -> 97.00%      
client [76] (testset)   loss: 0.3879 -> 0.3382  accuracy: 95.53% -> 96.41%      
client [78] (testset)   loss: 0.7889 -> 0.5835  accuracy: 92.40% -> 93.25%      
client [25] (testset)   loss: 0.1745 -> 0.1450  accuracy: 96.49% -> 97.48%      
client [58] (testset)   loss: 0.2967 -> 0.2059  accuracy: 97.01% -> 98.26%      
client [13] (testset)   loss: 0.2048 -> 0.1815  accuracy: 97.59% -> 98.28%      
client [17] (testset)   loss: 0.7243 -> 0.6665  accuracy: 90.53% -> 92.96%      
client [38] (testset)   loss: 0.3378 -> 0.3086  accuracy: 95.59% -> 96.10%      
---------------------------- TRAINING EPOCH: 350 ----------------------------   
client [72] (testset)   loss: 0.6911 -> 0.6139  accuracy: 92.49% -> 93.24%      
client [82] (testset)   loss: 1.1709 -> 1.1953  accuracy: 79.43% -> 79.80%      
client [86] (testset)   loss: 0.8528 -> 0.7015  accuracy: 89.21% -> 91.10%      
client [51] (testset)   loss: 0.5989 -> 0.5740  accuracy: 92.69% -> 93.90%      
client [96] (testset)   loss: 0.4616 -> 0.4560  accuracy: 95.46% -> 96.07%      
client [42] (testset)   loss: 0.6026 -> 0.4726  accuracy: 93.34% -> 94.79%      
client [55] (testset)   loss: 0.7328 -> 0.6874  accuracy: 90.42% -> 90.84%      
client [13] (testset)   loss: 0.2162 -> 0.2013  accuracy: 97.84% -> 98.09%      
client [1]  (testset)   loss: 0.5098 -> 0.4315  accuracy: 94.01% -> 94.86%      
client [12] (testset)   loss: 0.5983 -> 0.4573  accuracy: 93.52% -> 94.77%      
---------------------------- TRAINING EPOCH: 360 ----------------------------   
client [68] (testset)   loss: 0.3868 -> 0.3652  accuracy: 95.45% -> 96.08%      
client [23] (testset)   loss: 1.0444 -> 0.9491  accuracy: 83.89% -> 84.58%      
client [46] (testset)   loss: 0.2294 -> 0.2174  accuracy: 97.44% -> 98.17%      
client [41] (testset)   loss: 0.7338 -> 0.6461  accuracy: 91.16% -> 92.48%      
client [25] (testset)   loss: 0.1843 -> 0.1863  accuracy: 96.82% -> 97.26%      
client [58] (testset)   loss: 0.2866 -> 0.2333  accuracy: 97.49% -> 98.31%      
client [14] (testset)   loss: 0.4937 -> 0.5127  accuracy: 94.26% -> 95.29%      
client [33] (testset)   loss: 0.2410 -> 0.2190  accuracy: 97.77% -> 98.13%      
client [85] (testset)   loss: 0.5665 -> 0.5103  accuracy: 93.33% -> 94.35%      
client [62] (testset)   loss: 0.4567 -> 0.4069  accuracy: 96.18% -> 96.65%      
---------------------------- TRAINING EPOCH: 370 ----------------------------   
client [98] (testset)   loss: 0.2613 -> 0.2615  accuracy: 96.96% -> 96.91%      
client [63] (testset)   loss: 0.3710 -> 0.3340  accuracy: 95.64% -> 96.89%      
client [70] (testset)   loss: 0.7104 -> 0.6401  accuracy: 90.63% -> 92.04%      
client [65] (testset)   loss: 0.8339 -> 0.7602  accuracy: 90.36% -> 90.71%      
client [14] (testset)   loss: 0.5190 -> 0.4850  accuracy: 94.98% -> 95.59%      
client [73] (testset)   loss: 0.6216 -> 0.5893  accuracy: 92.88% -> 93.69%      
client [34] (testset)   loss: 0.3077 -> 0.2788  accuracy: 97.06% -> 97.25%      
client [99] (testset)   loss: 0.3508 -> 0.3177  accuracy: 95.26% -> 95.78%      
client [69] (testset)   loss: 0.4617 -> 0.4595  accuracy: 94.94% -> 95.16%      
client [46] (testset)   loss: 0.2099 -> 0.2017  accuracy: 97.64% -> 98.25%      
---------------------------- TRAINING EPOCH: 380 ----------------------------   
client [99] (testset)   loss: 0.3642 -> 0.3062  accuracy: 95.21% -> 96.13%      
client [93] (testset)   loss: 0.4507 -> 0.3791  accuracy: 95.13% -> 95.84%      
client [11] (testset)   loss: 0.3691 -> 0.2744  accuracy: 95.72% -> 96.41%      
client [58] (testset)   loss: 0.2673 -> 0.2404  accuracy: 97.96% -> 98.26%      
client [81] (testset)   loss: 0.9789 -> 0.9155  accuracy: 86.63% -> 88.37%      
client [85] (testset)   loss: 0.6732 -> 0.5314  accuracy: 91.32% -> 94.70%      
client [89] (testset)   loss: 0.8972 -> 0.9149  accuracy: 87.25% -> 88.61%      
client [45] (testset)   loss: 0.9530 -> 0.9054  accuracy: 87.44% -> 89.07%      
client [8]  (testset)   loss: 0.8074 -> 0.6727  accuracy: 91.72% -> 91.72%      
client [68] (testset)   loss: 0.4147 -> 0.3932  accuracy: 95.77% -> 95.87%      
---------------------------- TRAINING EPOCH: 390 ----------------------------   
client [67] (testset)   loss: 0.3089 -> 0.3084  accuracy: 95.22% -> 95.59%      
client [72] (testset)   loss: 0.6446 -> 0.6158  accuracy: 93.54% -> 93.99%      
client [1]  (testset)   loss: 0.5226 -> 0.4588  accuracy: 93.82% -> 94.43%      
client [78] (testset)   loss: 0.6528 -> 0.6327  accuracy: 92.63% -> 93.17%      
client [83] (testset)   loss: 0.4995 -> 0.4805  accuracy: 95.08% -> 95.82%      
client [21] (testset)   loss: 0.4273 -> 0.4016  accuracy: 94.99% -> 94.99%      
client [56] (testset)   loss: 0.2715 -> 0.2614  accuracy: 97.82% -> 97.88%      
client [44] (testset)   loss: 0.7296 -> 0.6713  accuracy: 91.49% -> 92.87%      
client [92] (testset)   loss: 0.6314 -> 0.5973  accuracy: 94.14% -> 94.31%      
client [27] (testset)   loss: 0.2960 -> 0.2922  accuracy: 96.68% -> 97.12%      
---------------------------- TRAINING EPOCH: 400 ----------------------------   
client [10] (testset)   loss: 0.4775 -> 0.5132  accuracy: 91.47% -> 91.19%      
client [39] (testset)   loss: 0.4216 -> 0.3330  accuracy: 95.52% -> 96.49%      
client [65] (testset)   loss: 0.8182 -> 0.7621  accuracy: 89.18% -> 90.64%      
client [26] (testset)   loss: 0.6996 -> 0.6833  accuracy: 91.79% -> 93.06%      
client [19] (testset)   loss: 0.5554 -> 0.4903  accuracy: 94.45% -> 94.80%      
client [68] (testset)   loss: 0.4501 -> 0.4039  accuracy: 95.77% -> 96.19%      
client [41] (testset)   loss: 0.8373 -> 0.7116  accuracy: 90.72% -> 92.29%      
client [50] (testset)   loss: 0.2143 -> 0.2061  accuracy: 98.29% -> 98.42%      
client [75] (testset)   loss: 0.5947 -> 0.5200  accuracy: 93.76% -> 94.35%      
client [81] (testset)   loss: 0.9825 -> 0.9600  accuracy: 88.06% -> 88.20%      
Training... ━━━━━━━━━━━━━━━━━━━━━━━━━━━━━━━━━━━━━━━━ 100% 1:18:01
PSFL's average time taken by each global epoch: 0 min 11.63 sec.                
PSFL's total running time: 1 h 18 m 1 s.                                        
==================== PSFL Experiment Results: ====================              
Display format: (before local fine-tuning) -> (after local fine-tuning)         
 So if finetune_epoch = 0, x.xx% -> 0.00% is normal.                            
 Centralized testing ONLY happens after model aggregation, so the stats between 
'->' are the same.                                                              
{                                                                               
    "100": {                                                                    
        "all_clients": {                                                        
            "test": {                                                           
                "loss": "0.3621 -> 0.0000",                                     
                "accuracy": "91.01% -> 0.00%"                                   
            }                                                                   
        }                                                                       
    },                                                                          
    "200": {                                                                    
        "all_clients": {                                                        
            "test": {                                                           
                "loss": "0.3725 -> 0.0000",                                     
                "accuracy": "93.40% -> 0.00%"                                   
            }                                                                   
        }                                                                       
    },                                                                          
    "300": {                                                                    
        "all_clients": {                                                        
            "test": {                                                           
                "loss": "0.4535 -> 0.0000",                                     
                "accuracy": "93.74% -> 0.00%"                                   
            }                                                                   
        }                                                                       
    },                                                                          
    "400": {                                                                    
        "all_clients": {                                                        
            "test": {                                                           
                "loss": "0.5131 -> 0.0000",                                     
                "accuracy": "94.16% -> 0.00%"                                   
            }                                                                   
        }                                                                       
    }                                                                           
}                                                                               
==================== PSFL Max Accuracy ====================                     
all_clients:                                                                    
(test) before fine-tuning: 94.16% at epoch 400                                  
(test) after fine-tuning: 0.00% at epoch 100                                    
