==================== FedDpa ====================                               
Experiment Arguments:                                                          
{
    'method': 'feddpa',
    'dataset': {
        'name': 'svhn',
        'client_num': 100,
        'test_ratio': 0.25,
        'val_ratio': 0.0,
        'seed': 42,
        'split': 'sample',
        'IID_ratio': 0.0,
        'monitor_window_name_suffix': 'svhn-100clients-0%IID-Dir(0.5)-seed42',
        'alpha': 0.5,
        'min_samples_per_client': 10
    },
    'model': {
        'name': 'avgcnn',
        'use_torchvision_pretrained_weights': True,
        'external_model_weights_path': None
    },
    'optimizer': {
        'lr': 0.01,
        'dampening': 0,
        'weight_decay': 0,
        'momentum': 0,
        'nesterov': False,
        'name': 'sgd'
    },
    'mode': 'sequential',
    'parallel': {
        'ray_cluster_addr': None,
        'num_cpus': None,
        'num_gpus': None,
        'num_workers': 2
    },
    'common': {
        'seed': 42,
        'join_ratio': 0.1,
        'global_epoch': 400,
        'local_epoch': 5,
        'batch_size': 32,
        'reset_optimizer_on_global_epoch': True,
        'straggler_ratio': 0,
        'straggler_min_local_epoch': 0,
        'buffers': 'global',
        'client_side_evaluation': True,
        'test': {
            'client': {
                'interval': 100,
                'finetune_epoch': 0,
                'train': False,
                'val': False,
                'test': True
            },
            'server': {
                'interval': -1,
                'train': False,
                'val': False,
                'test': False,
                'model_in_train_mode': False
            }
        },
        'verbose_gap': 10,
        'monitor': None,
        'use_cuda': True,
        'save_log': True,
        'save_model': False,
        'save_learning_curve_plot': False,
        'save_metrics': True,
        'delete_useless_run': True
    },
    'feddpa': {
        'fisher_threshold': 0.99
    }
}
---------------------------- TRAINING EPOCH: 10 ----------------------------   
client [77] (testset)   loss: 0.6148 -> 0.4144  accuracy: 84.91% -> 88.79%     
client [81] (testset)   loss: 0.7082 -> 0.5541  accuracy: 83.08% -> 86.67%     
client [21] (testset)   loss: 0.8522 -> 0.3521  accuracy: 78.18% -> 89.82%     
client [68] (testset)   loss: 0.5864 -> 0.3599  accuracy: 83.73% -> 90.96%     
client [93] (testset)   loss: 1.1643 -> 0.4296  accuracy: 71.29% -> 90.75%     
client [31] (testset)   loss: 1.0699 -> 0.3291  accuracy: 75.23% -> 92.27%     
client [20] (testset)   loss: 0.7119 -> 0.4292  accuracy: 84.02% -> 91.24%     
client [59] (testset)   loss: 0.5342 -> 0.3313  accuracy: 86.43% -> 89.95%     
client [48] (testset)   loss: 0.6469 -> 0.4734  accuracy: 86.84% -> 89.47%     
client [34] (testset)   loss: 1.0519 -> 0.6947  accuracy: 71.05% -> 81.58%     
---------------------------- TRAINING EPOCH: 20 ----------------------------   
client [69] (testset)   loss: 0.7307 -> 0.4482  accuracy: 83.81% -> 88.57%     
client [99] (testset)   loss: 0.4198 -> 0.3644  accuracy: 90.20% -> 93.73%     
client [67] (testset)   loss: 0.6075 -> 0.1975  accuracy: 83.33% -> 91.67%     
client [0]  (testset)   loss: 0.9949 -> 0.5434  accuracy: 77.66% -> 88.30%     
client [76] (testset)   loss: 0.3623 -> 0.3289  accuracy: 91.41% -> 92.02%     
client [41] (testset)   loss: 0.5801 -> 0.2666  accuracy: 85.77% -> 90.88%     
client [62] (testset)   loss: 0.6034 -> 0.3923  accuracy: 83.61% -> 88.96%     
client [2]  (testset)   loss: 0.5259 -> 0.2621  accuracy: 85.57% -> 93.62%     
client [14] (testset)   loss: 0.5321 -> 0.4207  accuracy: 89.60% -> 93.60%     
client [46] (testset)   loss: 0.7842 -> 0.4009  accuracy: 77.89% -> 88.95%     
---------------------------- TRAINING EPOCH: 30 ----------------------------   
client [24] (testset)   loss: 0.3036 -> 0.3193  accuracy: 92.96% -> 92.96%     
client [68] (testset)   loss: 0.4391 -> 0.3600  accuracy: 92.35% -> 93.46%     
client [57] (testset)   loss: 0.7161 -> 0.6372  accuracy: 88.92% -> 87.78%     
client [17] (testset)   loss: 0.4114 -> 0.2546  accuracy: 87.92% -> 93.96%     
client [54] (testset)   loss: 0.4046 -> 0.3362  accuracy: 89.13% -> 91.30%     
client [23] (testset)   loss: 0.9962 -> 0.5187  accuracy: 75.65% -> 88.26%     
client [35] (testset)   loss: 0.5254 -> 0.3959  accuracy: 87.65% -> 90.12%     
client [59] (testset)   loss: 0.4068 -> 0.2530  accuracy: 88.94% -> 93.47%     
client [31] (testset)   loss: 0.8075 -> 0.3302  accuracy: 82.27% -> 93.41%     
client [9]  (testset)   loss: 0.6167 -> 0.4379  accuracy: 87.80% -> 88.29%     
---------------------------- TRAINING EPOCH: 40 ----------------------------   
client [64] (testset)   loss: 0.3678 -> 0.4060  accuracy: 91.88% -> 90.60%     
client [33] (testset)   loss: 0.4621 -> 0.4825  accuracy: 91.25% -> 90.00%     
client [16] (testset)   loss: 0.3552 -> 0.3384  accuracy: 91.29% -> 92.13%     
client [44] (testset)   loss: 0.5581 -> 0.3937  accuracy: 88.30% -> 91.17%     
client [8]  (testset)   loss: 0.3981 -> 0.2642  accuracy: 93.85% -> 95.90%     
client [31] (testset)   loss: 0.3580 -> 0.3069  accuracy: 92.05% -> 93.64%     
client [47] (testset)   loss: 0.3569 -> 0.2299  accuracy: 93.18% -> 94.51%     
client [36] (testset)   loss: 0.6050 -> 0.5532  accuracy: 88.24% -> 90.20%     
client [20] (testset)   loss: 0.5317 -> 0.3640  accuracy: 90.21% -> 92.78%     
client [56] (testset)   loss: 0.5913 -> 0.4964  accuracy: 85.57% -> 86.07%     
---------------------------- TRAINING EPOCH: 50 ----------------------------   
client [4]  (testset)   loss: 0.4474 -> 0.3365  accuracy: 90.87% -> 93.15%     
client [60] (testset)   loss: 0.3545 -> 0.4043  accuracy: 88.79% -> 90.58%     
client [28] (testset)   loss: 0.3846 -> 0.3460  accuracy: 88.81% -> 91.79%     
client [25] (testset)   loss: 0.5090 -> 0.5366  accuracy: 88.10% -> 91.27%     
client [58] (testset)   loss: 0.4621 -> 0.3906  accuracy: 89.39% -> 91.52%     
client [44] (testset)   loss: 0.3563 -> 0.3439  accuracy: 91.58% -> 92.81%     
client [39] (testset)   loss: 0.4934 -> 0.4366  accuracy: 88.71% -> 89.78%     
client [29] (testset)   loss: 0.5097 -> 0.3714  accuracy: 90.48% -> 93.33%     
client [3]  (testset)   loss: 0.6091 -> 0.4314  accuracy: 89.54% -> 95.42%     
client [84] (testset)   loss: 0.4075 -> 0.4216  accuracy: 92.13% -> 93.00%     
---------------------------- TRAINING EPOCH: 60 ----------------------------   
client [21] (testset)   loss: 0.4859 -> 0.4034  accuracy: 89.82% -> 91.27%     
client [84] (testset)   loss: 0.3816 -> 0.4324  accuracy: 92.71% -> 92.71%     
client [10] (testset)   loss: 0.3436 -> 0.3484  accuracy: 92.23% -> 92.75%     
client [36] (testset)   loss: 0.6782 -> 0.4931  accuracy: 86.27% -> 90.20%     
client [65] (testset)   loss: 0.3705 -> 0.3513  accuracy: 89.47% -> 90.98%     
client [81] (testset)   loss: 0.5084 -> 0.5359  accuracy: 91.28% -> 89.74%     
client [79] (testset)   loss: 0.5353 -> 0.5246  accuracy: 90.23% -> 90.80%     
client [42] (testset)   loss: 0.4088 -> 0.3495  accuracy: 92.70% -> 93.02%     
client [11] (testset)   loss: 0.3502 -> 0.3553  accuracy: 92.13% -> 89.84%     
client [96] (testset)   loss: 0.2576 -> 0.2645  accuracy: 93.55% -> 93.55%     
---------------------------- TRAINING EPOCH: 70 ----------------------------   
client [8]  (testset)   loss: 0.3463 -> 0.3640  accuracy: 94.36% -> 94.87%     
client [53] (testset)   loss: 0.3988 -> 0.4348  accuracy: 94.35% -> 94.92%     
client [52] (testset)   loss: 0.5229 -> 0.4920  accuracy: 88.57% -> 91.11%     
client [42] (testset)   loss: 0.3443 -> 0.3493  accuracy: 91.75% -> 92.06%     
client [69] (testset)   loss: 0.6784 -> 0.6305  accuracy: 89.52% -> 88.57%     
client [59] (testset)   loss: 0.4066 -> 0.3483  accuracy: 93.97% -> 93.47%     
client [7]  (testset)   loss: 0.3749 -> 0.4226  accuracy: 92.50% -> 92.00%     
client [26] (testset)   loss: 0.3559 -> 0.2829  accuracy: 92.98% -> 94.04%     
client [49] (testset)   loss: 0.2300 -> 0.1760  accuracy: 94.80% -> 96.53%     
client [98] (testset)   loss: 0.2894 -> 0.2849  accuracy: 94.47% -> 93.19%     
---------------------------- TRAINING EPOCH: 80 ----------------------------   
client [98] (testset)   loss: 0.2858 -> 0.2809  accuracy: 91.06% -> 91.91%     
client [47] (testset)   loss: 0.3423 -> 0.3379  accuracy: 94.70% -> 93.18%     
client [21] (testset)   loss: 0.4135 -> 0.3589  accuracy: 92.00% -> 92.73%     
client [77] (testset)   loss: 0.5439 -> 0.5439  accuracy: 87.50% -> 90.52%     
client [95] (testset)   loss: 0.3121 -> 0.3347  accuracy: 94.66% -> 94.96%     
client [91] (testset)   loss: 0.5197 -> 0.5283  accuracy: 87.21% -> 87.21%     
client [14] (testset)   loss: 0.5327 -> 0.5297  accuracy: 93.33% -> 93.33%     
client [99] (testset)   loss: 0.3420 -> 0.3350  accuracy: 95.69% -> 96.08%     
client [20] (testset)   loss: 0.4973 -> 0.4500  accuracy: 91.75% -> 93.81%     
client [39] (testset)   loss: 0.4747 -> 0.3750  accuracy: 87.63% -> 91.94%     
---------------------------- TRAINING EPOCH: 90 ----------------------------   
client [52] (testset)   loss: 0.5305 -> 0.4804  accuracy: 92.38% -> 91.75%     
client [62] (testset)   loss: 0.5039 -> 0.4923  accuracy: 89.97% -> 91.30%     
client [71] (testset)   loss: 0.7092 -> 0.7044  accuracy: 86.83% -> 88.02%     
client [97] (testset)   loss: 0.6528 -> 0.6826  accuracy: 88.70% -> 87.83%     
client [30] (testset)   loss: 0.5077 -> 0.4252  accuracy: 92.83% -> 94.79%     
client [88] (testset)   loss: 0.5015 -> 0.4833  accuracy: 92.50% -> 93.57%     
client [60] (testset)   loss: 0.3172 -> 0.3512  accuracy: 91.93% -> 92.38%     
client [82] (testset)   loss: 0.5801 -> 0.5099  accuracy: 87.31% -> 88.06%     
client [91] (testset)   loss: 0.5921 -> 0.5617  accuracy: 90.12% -> 88.95%     
client [57] (testset)   loss: 0.5762 -> 0.6117  accuracy: 91.48% -> 89.77%     
---------------------------- TRAINING EPOCH: 100 ----------------------------  
client [31] (testset)   loss: 0.3101 -> 0.3460  accuracy: 93.86% -> 94.77%     
client [15] (testset)   loss: 0.6763 -> 0.5950  accuracy: 90.84% -> 91.11%     
client [71] (testset)   loss: 0.8194 -> 0.8457  accuracy: 88.62% -> 88.62%     
client [97] (testset)   loss: 0.6590 -> 0.6477  accuracy: 89.13% -> 89.13%     
client [53] (testset)   loss: 0.4322 -> 0.4395  accuracy: 94.92% -> 94.92%     
client [77] (testset)   loss: 0.6874 -> 0.6325  accuracy: 91.38% -> 88.79%     
client [76] (testset)   loss: 0.3304 -> 0.3821  accuracy: 92.64% -> 92.64%     
client [79] (testset)   loss: 0.6048 -> 0.6861  accuracy: 91.38% -> 90.80%     
client [28] (testset)   loss: 0.4173 -> 0.4493  accuracy: 91.79% -> 91.04%     
client [99] (testset)   loss: 0.4016 -> 0.3944  accuracy: 95.29% -> 96.08%     
---------------------------- TRAINING EPOCH: 110 ----------------------------  
client [97] (testset)   loss: 0.6007 -> 0.5907  accuracy: 89.13% -> 89.57%     
client [86] (testset)   loss: 0.3828 -> 0.4008  accuracy: 93.13% -> 93.13%     
client [34] (testset)   loss: 0.8626 -> 0.8910  accuracy: 86.84% -> 86.84%     
client [73] (testset)   loss: 0.2593 -> 0.2533  accuracy: 95.61% -> 95.27%     
client [5]  (testset)   loss: 0.6565 -> 0.6513  accuracy: 93.24% -> 91.89%     
client [96] (testset)   loss: 0.3133 -> 0.2793  accuracy: 93.55% -> 94.35%     
client [22] (testset)   loss: 0.3977 -> 0.4157  accuracy: 91.82% -> 92.73%     
client [60] (testset)   loss: 0.3179 -> 0.3387  accuracy: 91.93% -> 94.17%     
client [66] (testset)   loss: 0.3134 -> 0.3226  accuracy: 94.03% -> 94.53%     
client [83] (testset)   loss: 0.2215 -> 0.2189  accuracy: 94.50% -> 95.00%     
---------------------------- TRAINING EPOCH: 120 ----------------------------  
client [76] (testset)   loss: 0.2979 -> 0.3435  accuracy: 94.48% -> 94.79%     
client [65] (testset)   loss: 0.4082 -> 0.3709  accuracy: 91.73% -> 92.11%     
client [95] (testset)   loss: 0.3402 -> 0.3536  accuracy: 94.66% -> 94.66%     
client [17] (testset)   loss: 0.2359 -> 0.2375  accuracy: 93.96% -> 94.63%     
client [8]  (testset)   loss: 0.3731 -> 0.3794  accuracy: 94.87% -> 94.87%     
client [35] (testset)   loss: 0.4587 -> 0.4838  accuracy: 91.36% -> 90.74%     
client [98] (testset)   loss: 0.3551 -> 0.3211  accuracy: 90.64% -> 91.49%     
client [53] (testset)   loss: 0.4527 -> 0.4642  accuracy: 94.35% -> 94.35%     
client [43] (testset)   loss: 1.0600 -> 1.0388  accuracy: 89.19% -> 90.54%     
client [64] (testset)   loss: 0.3334 -> 0.3151  accuracy: 94.02% -> 93.16%     
---------------------------- TRAINING EPOCH: 130 ----------------------------  
client [21] (testset)   loss: 0.4807 -> 0.4350  accuracy: 92.36% -> 92.73%     
client [88] (testset)   loss: 0.5625 -> 0.5518  accuracy: 92.50% -> 92.14%     
client [38] (testset)   loss: 0.5350 -> 0.5415  accuracy: 90.43% -> 91.12%     
client [3]  (testset)   loss: 0.4982 -> 0.5238  accuracy: 94.12% -> 94.12%     
client [5]  (testset)   loss: 0.7064 -> 0.6948  accuracy: 91.89% -> 90.54%     
client [41] (testset)   loss: 0.4217 -> 0.3568  accuracy: 93.43% -> 93.07%     
client [7]  (testset)   loss: 0.4865 -> 0.3915  accuracy: 92.00% -> 90.00%     
client [37] (testset)   loss: 0.5873 -> 0.6676  accuracy: 89.01% -> 90.05%     
client [45] (testset)   loss: 0.8101 -> 0.8033  accuracy: 88.80% -> 89.63%     
client [47] (testset)   loss: 0.3851 -> 0.3457  accuracy: 93.56% -> 93.18%     
---------------------------- TRAINING EPOCH: 140 ----------------------------  
client [16] (testset)   loss: 0.5466 -> 0.4829  accuracy: 92.70% -> 93.26%     
client [11] (testset)   loss: 0.3577 -> 0.3319  accuracy: 91.80% -> 92.46%     
client [37] (testset)   loss: 0.6459 -> 0.6643  accuracy: 89.53% -> 91.10%     
client [41] (testset)   loss: 0.3812 -> 0.3466  accuracy: 93.80% -> 93.43%     
client [95] (testset)   loss: 0.3312 -> 0.3203  accuracy: 95.85% -> 95.25%     
client [53] (testset)   loss: 0.5713 -> 0.5734  accuracy: 94.35% -> 94.35%     
client [22] (testset)   loss: 0.4451 -> 0.4401  accuracy: 94.09% -> 93.64%     
client [25] (testset)   loss: 0.6059 -> 0.6243  accuracy: 92.46% -> 92.46%     
client [69] (testset)   loss: 0.7254 -> 0.7119  accuracy: 86.67% -> 86.67%     
client [46] (testset)   loss: 0.3643 -> 0.3910  accuracy: 90.53% -> 90.00%     
---------------------------- TRAINING EPOCH: 150 ----------------------------  
client [47] (testset)   loss: 0.4082 -> 0.3843  accuracy: 92.99% -> 93.37%     
client [69] (testset)   loss: 1.0188 -> 0.9881  accuracy: 84.76% -> 84.76%     
client [82] (testset)   loss: 0.5885 -> 0.6101  accuracy: 90.30% -> 90.30%     
client [45] (testset)   loss: 0.9162 -> 0.8851  accuracy: 89.63% -> 90.04%     
client [7]  (testset)   loss: 0.4987 -> 0.3744  accuracy: 92.50% -> 94.00%     
client [50] (testset)   loss: 0.4953 -> 0.4650  accuracy: 90.91% -> 91.56%     
client [35] (testset)   loss: 0.5400 -> 0.5243  accuracy: 90.12% -> 90.12%     
client [24] (testset)   loss: 0.3342 -> 0.3229  accuracy: 96.30% -> 95.93%     
client [15] (testset)   loss: 0.6286 -> 0.6338  accuracy: 91.37% -> 90.57%     
client [58] (testset)   loss: 0.5744 -> 0.5951  accuracy: 91.21% -> 90.91%     
---------------------------- TRAINING EPOCH: 160 ----------------------------  
client [48] (testset)   loss: 0.5755 -> 0.5821  accuracy: 92.86% -> 93.23%     
client [76] (testset)   loss: 0.4274 -> 0.4365  accuracy: 92.94% -> 92.94%     
client [67] (testset)   loss: 0.2579 -> 0.2572  accuracy: 94.61% -> 94.61%     
client [37] (testset)   loss: 0.6586 -> 0.6787  accuracy: 91.10% -> 92.15%     
client [58] (testset)   loss: 0.5512 -> 0.5648  accuracy: 90.61% -> 90.91%     
client [64] (testset)   loss: 0.2921 -> 0.2972  accuracy: 94.02% -> 94.02%     
client [77] (testset)   loss: 0.7975 -> 0.7588  accuracy: 89.66% -> 89.66%     
client [55] (testset)   loss: 0.4315 -> 0.4069  accuracy: 94.15% -> 93.17%     
client [12] (testset)   loss: 0.3811 -> 0.3618  accuracy: 95.82% -> 96.26%     
client [89] (testset)   loss: 0.3550 -> 0.3338  accuracy: 93.62% -> 94.33%     
---------------------------- TRAINING EPOCH: 170 ----------------------------  
client [84] (testset)   loss: 0.5375 -> 0.5907  accuracy: 93.29% -> 92.42%     
client [51] (testset)   loss: 0.2649 -> 0.2661  accuracy: 92.00% -> 93.33%     
client [8]  (testset)   loss: 0.4246 -> 0.4505  accuracy: 94.87% -> 94.87%     
client [18] (testset)   loss: 1.3806 -> 1.3913  accuracy: 87.13% -> 87.62%     
client [94] (testset)   loss: 0.2748 -> 0.2600  accuracy: 94.61% -> 94.91%     
client [81] (testset)   loss: 0.7797 -> 0.7570  accuracy: 90.26% -> 90.77%     
client [3]  (testset)   loss: 0.6413 -> 0.6264  accuracy: 93.46% -> 94.12%     
client [11] (testset)   loss: 0.4050 -> 0.4041  accuracy: 93.77% -> 93.11%     
client [95] (testset)   loss: 0.3662 -> 0.3718  accuracy: 95.25% -> 95.25%     
client [67] (testset)   loss: 0.2184 -> 0.2123  accuracy: 95.59% -> 95.59%     
---------------------------- TRAINING EPOCH: 180 ----------------------------  
client [21] (testset)   loss: 0.5272 -> 0.5262  accuracy: 92.73% -> 92.73%     
client [79] (testset)   loss: 0.6542 -> 0.6278  accuracy: 90.80% -> 91.95%     
client [58] (testset)   loss: 0.5858 -> 0.5494  accuracy: 90.30% -> 90.30%     
client [88] (testset)   loss: 0.6011 -> 0.6096  accuracy: 92.86% -> 92.86%     
client [46] (testset)   loss: 0.3738 -> 0.3886  accuracy: 91.58% -> 92.11%     
client [11] (testset)   loss: 0.4364 -> 0.4385  accuracy: 93.44% -> 92.79%     
client [55] (testset)   loss: 0.4522 -> 0.4323  accuracy: 94.15% -> 94.15%     
client [13] (testset)   loss: 0.3826 -> 0.3884  accuracy: 93.19% -> 94.24%     
client [31] (testset)   loss: 0.4105 -> 0.4175  accuracy: 93.64% -> 93.64%     
client [75] (testset)   loss: 0.8834 -> 0.8702  accuracy: 87.08% -> 88.75%     
---------------------------- TRAINING EPOCH: 190 ----------------------------  
client [19] (testset)   loss: 0.2818 -> 0.2851  accuracy: 94.84% -> 95.24%     
client [7]  (testset)   loss: 0.4995 -> 0.4865  accuracy: 93.00% -> 92.50%     
client [57] (testset)   loss: 0.7821 -> 0.7878  accuracy: 92.05% -> 91.48%     
client [13] (testset)   loss: 0.4802 -> 0.4642  accuracy: 93.72% -> 93.19%     
client [43] (testset)   loss: 1.1913 -> 1.1817  accuracy: 89.86% -> 89.86%     
client [91] (testset)   loss: 0.8103 -> 0.7771  accuracy: 89.53% -> 89.53%     
client [10] (testset)   loss: 0.5996 -> 0.5835  accuracy: 93.26% -> 93.26%     
client [64] (testset)   loss: 0.3068 -> 0.3052  accuracy: 93.59% -> 93.59%     
client [82] (testset)   loss: 0.6398 -> 0.6054  accuracy: 90.30% -> 90.30%     
client [22] (testset)   loss: 0.5173 -> 0.5251  accuracy: 94.09% -> 94.09%     
---------------------------- TRAINING EPOCH: 200 ----------------------------  
client [20] (testset)   loss: 0.6920 -> 0.6863  accuracy: 91.75% -> 91.75%     
client [23] (testset)   loss: 0.8715 -> 0.8591  accuracy: 90.00% -> 90.00%     
client [88] (testset)   loss: 0.7037 -> 0.6991  accuracy: 93.57% -> 93.57%     
client [98] (testset)   loss: 0.2956 -> 0.2996  accuracy: 93.19% -> 93.19%     
client [79] (testset)   loss: 0.7510 -> 0.7504  accuracy: 91.38% -> 91.38%     
client [21] (testset)   loss: 0.5085 -> 0.5052  accuracy: 92.36% -> 92.36%     
client [92] (testset)   loss: 1.1147 -> 1.1095  accuracy: 93.79% -> 93.79%     
client [56] (testset)   loss: 0.8094 -> 0.8145  accuracy: 87.56% -> 86.57%     
client [5]  (testset)   loss: 0.7413 -> 0.7387  accuracy: 91.89% -> 91.89%     
client [52] (testset)   loss: 0.6101 -> 0.6169  accuracy: 91.75% -> 91.75%     
---------------------------- TRAINING EPOCH: 210 ----------------------------  
client [67] (testset)   loss: 0.2466 -> 0.2434  accuracy: 95.10% -> 95.10%     
client [54] (testset)   loss: 0.5092 -> 0.4694  accuracy: 91.30% -> 91.85%     
client [14] (testset)   loss: 0.7537 -> 0.7498  accuracy: 92.80% -> 92.80%     
client [99] (testset)   loss: 0.5515 -> 0.5508  accuracy: 96.47% -> 96.47%     
client [36] (testset)   loss: 1.0371 -> 0.9813  accuracy: 86.27% -> 86.27%     
client [30] (testset)   loss: 0.5284 -> 0.5217  accuracy: 94.14% -> 95.11%     
client [38] (testset)   loss: 0.6361 -> 0.6182  accuracy: 91.57% -> 91.57%     
client [15] (testset)   loss: 0.8373 -> 0.7849  accuracy: 91.91% -> 91.37%     
client [6]  (testset)   loss: 1.2291 -> 1.2252  accuracy: 87.38% -> 87.38%     
client [53] (testset)   loss: 0.7114 -> 0.7105  accuracy: 94.92% -> 94.35%     
---------------------------- TRAINING EPOCH: 220 ----------------------------  
client [99] (testset)   loss: 0.5454 -> 0.5328  accuracy: 94.90% -> 95.69%     
client [6]  (testset)   loss: 1.3741 -> 1.3306  accuracy: 87.38% -> 87.38%     
client [83] (testset)   loss: 0.3523 -> 0.3523  accuracy: 95.00% -> 95.00%     
client [42] (testset)   loss: 0.4885 -> 0.4838  accuracy: 92.70% -> 93.33%     
client [34] (testset)   loss: 1.0873 -> 1.0997  accuracy: 84.21% -> 84.21%     
client [15] (testset)   loss: 0.8327 -> 0.7970  accuracy: 91.11% -> 91.11%     
client [47] (testset)   loss: 0.4166 -> 0.4219  accuracy: 94.51% -> 94.32%     
client [55] (testset)   loss: 0.5576 -> 0.5309  accuracy: 94.63% -> 94.63%     
client [51] (testset)   loss: 0.1511 -> 0.1476  accuracy: 94.67% -> 94.67%     
client [95] (testset)   loss: 0.4164 -> 0.4119  accuracy: 94.96% -> 94.66%     
---------------------------- TRAINING EPOCH: 230 ----------------------------  
client [71] (testset)   loss: 0.9669 -> 0.9790  accuracy: 87.43% -> 86.83%     
client [15] (testset)   loss: 0.8374 -> 0.8094  accuracy: 91.37% -> 91.37%     
client [33] (testset)   loss: 0.7870 -> 0.7998  accuracy: 92.50% -> 92.50%     
client [99] (testset)   loss: 0.5574 -> 0.5401  accuracy: 95.69% -> 96.47%     
client [90] (testset)   loss: 0.8046 -> 0.7896  accuracy: 91.04% -> 91.94%     
client [57] (testset)   loss: 0.8660 -> 0.8647  accuracy: 90.91% -> 91.19%     
client [27] (testset)   loss: 0.4216 -> 0.4192  accuracy: 94.58% -> 94.58%     
client [78] (testset)   loss: 0.7767 -> 0.7569  accuracy: 91.48% -> 92.33%     
client [36] (testset)   loss: 0.9520 -> 0.8873  accuracy: 88.24% -> 88.24%     
client [88] (testset)   loss: 0.7546 -> 0.7449  accuracy: 92.86% -> 93.21%     
---------------------------- TRAINING EPOCH: 240 ----------------------------  
client [70] (testset)   loss: 0.4714 -> 0.4673  accuracy: 96.08% -> 96.08%     
client [35] (testset)   loss: 0.6759 -> 0.6687  accuracy: 90.74% -> 90.74%     
client [16] (testset)   loss: 0.5907 -> 0.5938  accuracy: 94.38% -> 94.38%     
client [80] (testset)   loss: 0.7485 -> 0.7404  accuracy: 91.75% -> 91.75%     
client [38] (testset)   loss: 0.6498 -> 0.6495  accuracy: 92.03% -> 91.80%     
client [78] (testset)   loss: 0.7947 -> 0.7867  accuracy: 91.76% -> 92.05%     
client [68] (testset)   loss: 0.5041 -> 0.5209  accuracy: 94.30% -> 94.44%     
client [11] (testset)   loss: 0.5615 -> 0.5458  accuracy: 92.13% -> 92.46%     
client [64] (testset)   loss: 0.4309 -> 0.4384  accuracy: 92.31% -> 92.31%     
client [82] (testset)   loss: 0.7351 -> 0.7326  accuracy: 91.79% -> 91.79%     
---------------------------- TRAINING EPOCH: 250 ----------------------------  
client [30] (testset)   loss: 0.5792 -> 0.5847  accuracy: 94.46% -> 94.46%     
client [27] (testset)   loss: 0.4082 -> 0.4043  accuracy: 94.58% -> 94.58%     
client [74] (testset)   loss: 0.7915 -> 0.7934  accuracy: 95.18% -> 94.78%     
client [45] (testset)   loss: 1.0822 -> 1.0730  accuracy: 89.21% -> 89.21%     
client [6]  (testset)   loss: 1.4159 -> 1.3791  accuracy: 87.38% -> 87.38%     
client [36] (testset)   loss: 0.8311 -> 0.8208  accuracy: 88.24% -> 88.24%     
client [63] (testset)   loss: 0.6928 -> 0.6933  accuracy: 94.02% -> 94.02%     
client [76] (testset)   loss: 0.5360 -> 0.4919  accuracy: 92.94% -> 92.94%     
client [83] (testset)   loss: 0.3639 -> 0.3633  accuracy: 95.00% -> 95.00%     
client [86] (testset)   loss: 0.3983 -> 0.4047  accuracy: 94.27% -> 94.27%     
---------------------------- TRAINING EPOCH: 260 ----------------------------  
client [83] (testset)   loss: 0.4021 -> 0.3898  accuracy: 94.00% -> 94.00%     
client [99] (testset)   loss: 0.5599 -> 0.5509  accuracy: 95.69% -> 95.69%     
client [74] (testset)   loss: 0.7766 -> 0.7786  accuracy: 94.38% -> 94.38%     
client [73] (testset)   loss: 0.3770 -> 0.3818  accuracy: 94.93% -> 94.59%     
client [29] (testset)   loss: 0.6997 -> 0.6807  accuracy: 88.57% -> 88.57%     
client [92] (testset)   loss: 1.1534 -> 1.1562  accuracy: 91.72% -> 92.41%     
client [6]  (testset)   loss: 1.3654 -> 1.3605  accuracy: 86.45% -> 86.45%     
client [61] (testset)   loss: 0.6200 -> 0.5935  accuracy: 90.71% -> 90.27%     
client [21] (testset)   loss: 0.5829 -> 0.5823  accuracy: 93.09% -> 93.82%     
client [67] (testset)   loss: 0.2520 -> 0.2511  accuracy: 94.61% -> 94.61%     
---------------------------- TRAINING EPOCH: 270 ----------------------------  
client [83] (testset)   loss: 0.3880 -> 0.3822  accuracy: 93.50% -> 94.00%     
client [32] (testset)   loss: 0.7818 -> 0.7727  accuracy: 94.12% -> 94.12%     
client [95] (testset)   loss: 0.4617 -> 0.4620  accuracy: 94.96% -> 94.96%     
client [61] (testset)   loss: 0.5990 -> 0.5912  accuracy: 90.71% -> 90.71%     
client [27] (testset)   loss: 0.4072 -> 0.4035  accuracy: 94.09% -> 94.09%     
client [25] (testset)   loss: 0.8986 -> 0.8646  accuracy: 92.86% -> 93.25%     
client [68] (testset)   loss: 0.5121 -> 0.5254  accuracy: 94.58% -> 94.58%     
client [34] (testset)   loss: 1.1908 -> 1.1912  accuracy: 85.96% -> 87.72%     
client [71] (testset)   loss: 0.9711 -> 0.9622  accuracy: 89.82% -> 89.22%     
client [89] (testset)   loss: 0.4394 -> 0.4124  accuracy: 94.33% -> 94.33%     
---------------------------- TRAINING EPOCH: 280 ----------------------------  
client [78] (testset)   loss: 0.8126 -> 0.8074  accuracy: 92.61% -> 92.61%     
client [81] (testset)   loss: 0.8938 -> 0.8886  accuracy: 93.33% -> 92.82%     
client [51] (testset)   loss: 0.3462 -> 0.3090  accuracy: 94.67% -> 94.67%     
client [54] (testset)   loss: 0.5137 -> 0.4678  accuracy: 91.85% -> 92.93%     
client [65] (testset)   loss: 0.4819 -> 0.4670  accuracy: 90.98% -> 92.11%     
client [41] (testset)   loss: 0.3639 -> 0.3615  accuracy: 93.80% -> 93.80%     
client [11] (testset)   loss: 0.5624 -> 0.5424  accuracy: 91.48% -> 92.13%     
client [85] (testset)   loss: 0.4841 -> 0.5024  accuracy: 93.36% -> 92.95%     
client [12] (testset)   loss: 0.4440 -> 0.4439  accuracy: 95.82% -> 95.60%     
client [23] (testset)   loss: 0.9265 -> 0.9321  accuracy: 89.57% -> 89.57%     
---------------------------- TRAINING EPOCH: 290 ----------------------------  
client [16] (testset)   loss: 0.6036 -> 0.6023  accuracy: 94.66% -> 94.66%     
client [65] (testset)   loss: 0.4617 -> 0.4537  accuracy: 92.11% -> 92.48%     
client [53] (testset)   loss: 0.8119 -> 0.8155  accuracy: 93.79% -> 93.79%     
client [58] (testset)   loss: 0.6239 -> 0.6267  accuracy: 91.82% -> 91.82%     
client [72] (testset)   loss: 0.5458 -> 0.5326  accuracy: 93.66% -> 92.91%     
client [7]  (testset)   loss: 0.5633 -> 0.5538  accuracy: 92.50% -> 92.00%     
client [71] (testset)   loss: 1.0236 -> 1.0139  accuracy: 89.22% -> 89.22%     
client [59] (testset)   loss: 0.6702 -> 0.6667  accuracy: 94.47% -> 93.97%     
client [86] (testset)   loss: 0.4209 -> 0.4240  accuracy: 93.89% -> 94.27%     
client [39] (testset)   loss: 0.5715 -> 0.5528  accuracy: 89.78% -> 89.78%     
---------------------------- TRAINING EPOCH: 300 ----------------------------  
client [99] (testset)   loss: 0.5231 -> 0.5426  accuracy: 94.90% -> 95.29%     
client [7]  (testset)   loss: 0.5746 -> 0.6204  accuracy: 92.00% -> 93.00%     
client [17] (testset)   loss: 0.4321 -> 0.3809  accuracy: 92.62% -> 93.29%     
client [64] (testset)   loss: 0.4150 -> 0.4903  accuracy: 91.88% -> 91.88%     
client [37] (testset)   loss: 0.5998 -> 0.6557  accuracy: 91.10% -> 90.05%     
client [29] (testset)   loss: 0.6676 -> 0.5963  accuracy: 91.43% -> 92.38%     
client [93] (testset)   loss: 0.6108 -> 0.4581  accuracy: 92.21% -> 92.94%     
client [73] (testset)   loss: 0.3881 -> 0.3774  accuracy: 94.26% -> 94.59%     
client [40] (testset)   loss: 0.6702 -> 0.6604  accuracy: 92.23% -> 92.49%     
client [76] (testset)   loss: 0.4091 -> 0.4070  accuracy: 92.94% -> 92.94%     
---------------------------- TRAINING EPOCH: 310 ----------------------------  
client [31] (testset)   loss: 0.4879 -> 0.4819  accuracy: 94.09% -> 94.09%     
client [89] (testset)   loss: 0.2811 -> 0.2858  accuracy: 95.04% -> 95.04%     
client [77] (testset)   loss: 0.6889 -> 0.6965  accuracy: 90.95% -> 91.38%     
client [90] (testset)   loss: 0.7964 -> 0.7858  accuracy: 90.15% -> 90.75%     
client [26] (testset)   loss: 0.4027 -> 0.3811  accuracy: 93.33% -> 94.04%     
client [50] (testset)   loss: 0.4130 -> 0.4300  accuracy: 93.51% -> 93.51%     
client [30] (testset)   loss: 0.5647 -> 0.5773  accuracy: 94.79% -> 94.79%     
client [70] (testset)   loss: 0.4293 -> 0.4281  accuracy: 96.08% -> 95.59%     
client [41] (testset)   loss: 0.4050 -> 0.3718  accuracy: 93.80% -> 93.80%     
client [99] (testset)   loss: 0.5273 -> 0.5321  accuracy: 95.69% -> 96.08%     
---------------------------- TRAINING EPOCH: 320 ----------------------------  
client [68] (testset)   loss: 0.4925 -> 0.4604  accuracy: 93.88% -> 94.30%     
client [70] (testset)   loss: 0.3579 -> 0.3603  accuracy: 96.57% -> 96.57%     
client [52] (testset)   loss: 0.6146 -> 0.6012  accuracy: 89.84% -> 90.48%     
client [1]  (testset)   loss: 0.6975 -> 0.6956  accuracy: 90.97% -> 90.97%     
client [2]  (testset)   loss: 0.4367 -> 0.4373  accuracy: 94.30% -> 94.30%     
client [67] (testset)   loss: 0.2494 -> 0.2487  accuracy: 95.59% -> 95.59%     
client [92] (testset)   loss: 1.0911 -> 1.0831  accuracy: 90.34% -> 91.72%     
client [35] (testset)   loss: 0.5685 -> 0.5662  accuracy: 93.21% -> 93.21%     
client [36] (testset)   loss: 0.6531 -> 0.6121  accuracy: 90.20% -> 90.20%     
client [64] (testset)   loss: 0.4293 -> 0.4185  accuracy: 93.16% -> 93.16%     
---------------------------- TRAINING EPOCH: 330 ----------------------------  
client [44] (testset)   loss: 0.5942 -> 0.5717  accuracy: 92.20% -> 92.81%     
client [6]  (testset)   loss: 1.3271 -> 1.3059  accuracy: 87.85% -> 87.85%     
client [12] (testset)   loss: 0.4442 -> 0.4362  accuracy: 95.60% -> 95.38%     
client [55] (testset)   loss: 0.4859 -> 0.4898  accuracy: 93.66% -> 93.66%     
client [29] (testset)   loss: 0.6521 -> 0.6462  accuracy: 89.52% -> 90.48%     
client [9]  (testset)   loss: 0.7269 -> 0.7050  accuracy: 91.22% -> 91.71%     
client [43] (testset)   loss: 1.2617 -> 1.2442  accuracy: 90.54% -> 90.54%     
client [77] (testset)   loss: 0.6973 -> 0.6883  accuracy: 90.09% -> 90.09%     
client [98] (testset)   loss: 0.2548 -> 0.2530  accuracy: 92.34% -> 92.77%     
client [78] (testset)   loss: 0.7948 -> 0.8053  accuracy: 92.61% -> 93.47%     
---------------------------- TRAINING EPOCH: 340 ----------------------------  
client [92] (testset)   loss: 1.0709 -> 1.1146  accuracy: 92.41% -> 92.41%     
client [80] (testset)   loss: 0.9130 -> 0.9086  accuracy: 90.21% -> 90.21%     
client [63] (testset)   loss: 0.6706 -> 0.6854  accuracy: 93.63% -> 93.63%     
client [76] (testset)   loss: 0.4466 -> 0.4180  accuracy: 92.64% -> 93.56%     
client [78] (testset)   loss: 0.7089 -> 0.7362  accuracy: 93.18% -> 93.18%     
client [25] (testset)   loss: 0.7841 -> 0.7587  accuracy: 91.67% -> 90.87%     
client [58] (testset)   loss: 0.6074 -> 0.6694  accuracy: 90.61% -> 91.52%     
client [13] (testset)   loss: 0.5912 -> 0.5693  accuracy: 92.67% -> 92.67%     
client [17] (testset)   loss: 0.4132 -> 0.3567  accuracy: 91.95% -> 91.95%     
client [38] (testset)   loss: 0.6380 -> 0.6462  accuracy: 90.66% -> 91.12%     
---------------------------- TRAINING EPOCH: 350 ----------------------------  
client [72] (testset)   loss: 0.5398 -> 0.4889  accuracy: 92.91% -> 92.16%     
client [82] (testset)   loss: 0.6210 -> 0.6166  accuracy: 91.04% -> 91.79%     
client [86] (testset)   loss: 0.4347 -> 0.4351  accuracy: 94.66% -> 93.89%     
client [51] (testset)   loss: 0.3341 -> 0.3228  accuracy: 90.67% -> 92.00%     
client [96] (testset)   loss: 0.3581 -> 0.3681  accuracy: 94.35% -> 93.95%     
client [42] (testset)   loss: 0.4592 -> 0.4687  accuracy: 93.65% -> 93.65%     
client [55] (testset)   loss: 0.4785 -> 0.4770  accuracy: 94.15% -> 94.15%     
client [13] (testset)   loss: 0.5152 -> 0.5156  accuracy: 92.67% -> 92.67%     
client [1]  (testset)   loss: 0.7725 -> 0.7505  accuracy: 90.97% -> 91.67%     
client [12] (testset)   loss: 0.4465 -> 0.4431  accuracy: 94.73% -> 94.95%     
---------------------------- TRAINING EPOCH: 360 ----------------------------  
client [68] (testset)   loss: 0.4827 -> 0.4896  accuracy: 95.13% -> 94.99%     
client [23] (testset)   loss: 0.8920 -> 0.9045  accuracy: 87.83% -> 88.26%     
client [46] (testset)   loss: 0.3933 -> 0.4008  accuracy: 91.58% -> 91.05%     
client [41] (testset)   loss: 0.3714 -> 0.3703  accuracy: 94.16% -> 93.80%     
client [25] (testset)   loss: 0.8889 -> 0.8657  accuracy: 92.46% -> 92.46%     
client [58] (testset)   loss: 0.6961 -> 0.6744  accuracy: 91.52% -> 92.12%     
client [14] (testset)   loss: 0.8755 -> 0.8685  accuracy: 93.60% -> 93.60%     
client [33] (testset)   loss: 0.7051 -> 0.7264  accuracy: 90.00% -> 90.00%     
client [85] (testset)   loss: 0.3747 -> 0.3918  accuracy: 92.95% -> 92.53%     
client [62] (testset)   loss: 0.7388 -> 0.7358  accuracy: 90.30% -> 90.47%     
---------------------------- TRAINING EPOCH: 370 ----------------------------  
client [98] (testset)   loss: 0.2764 -> 0.2726  accuracy: 92.77% -> 93.19%     
client [63] (testset)   loss: 0.6449 -> 0.6509  accuracy: 93.63% -> 93.63%     
client [70] (testset)   loss: 0.3702 -> 0.3743  accuracy: 97.06% -> 97.06%     
client [65] (testset)   loss: 0.4604 -> 0.4554  accuracy: 91.73% -> 92.11%     
client [14] (testset)   loss: 0.8632 -> 0.8653  accuracy: 92.53% -> 92.53%     
client [73] (testset)   loss: 0.4443 -> 0.4456  accuracy: 94.59% -> 94.26%     
client [34] (testset)   loss: 0.9870 -> 0.9858  accuracy: 89.47% -> 89.47%     
client [99] (testset)   loss: 0.5663 -> 0.5545  accuracy: 96.86% -> 96.86%     
client [69] (testset)   loss: 1.0131 -> 0.9985  accuracy: 86.67% -> 86.67%     
client [46] (testset)   loss: 0.5342 -> 0.4916  accuracy: 90.00% -> 90.00%     
---------------------------- TRAINING EPOCH: 380 ----------------------------  
client [99] (testset)   loss: 0.5770 -> 0.5569  accuracy: 94.90% -> 96.08%     
client [93] (testset)   loss: 0.5477 -> 0.5381  accuracy: 94.16% -> 93.67%     
client [11] (testset)   loss: 0.5888 -> 0.5682  accuracy: 92.46% -> 92.79%     
client [58] (testset)   loss: 0.6829 -> 0.6829  accuracy: 90.61% -> 90.61%     
client [81] (testset)   loss: 0.9724 -> 0.9649  accuracy: 91.28% -> 91.79%     
client [85] (testset)   loss: 0.4581 -> 0.4557  accuracy: 92.53% -> 92.53%     
client [89] (testset)   loss: 0.3468 -> 0.3335  accuracy: 94.33% -> 94.33%     
client [45] (testset)   loss: 1.1024 -> 1.0815  accuracy: 90.46% -> 90.46%     
client [8]  (testset)   loss: 0.4460 -> 0.4410  accuracy: 94.87% -> 94.87%     
client [68] (testset)   loss: 0.5774 -> 0.5637  accuracy: 94.16% -> 94.44%     
---------------------------- TRAINING EPOCH: 390 ----------------------------  
client [67] (testset)   loss: 0.3158 -> 0.3153  accuracy: 93.63% -> 93.63%     
client [72] (testset)   loss: 0.5461 -> 0.5400  accuracy: 92.91% -> 92.91%     
client [1]  (testset)   loss: 0.7212 -> 0.7182  accuracy: 91.67% -> 91.67%     
client [78] (testset)   loss: 0.8388 -> 0.8222  accuracy: 92.33% -> 92.05%     
client [83] (testset)   loss: 0.4273 -> 0.4025  accuracy: 94.00% -> 95.00%     
client [21] (testset)   loss: 0.6901 -> 0.6822  accuracy: 92.36% -> 92.36%     
client [56] (testset)   loss: 0.8304 -> 0.8236  accuracy: 85.07% -> 86.57%     
client [44] (testset)   loss: 0.6163 -> 0.6054  accuracy: 92.61% -> 92.40%     
client [92] (testset)   loss: 1.1801 -> 1.1830  accuracy: 92.41% -> 91.72%     
client [27] (testset)   loss: 0.4175 -> 0.4186  accuracy: 94.58% -> 94.58%     
---------------------------- TRAINING EPOCH: 400 ----------------------------  
client [10] (testset)   loss: 0.6720 -> 0.6670  accuracy: 93.26% -> 93.26%     
client [39] (testset)   loss: 0.9024 -> 0.7851  accuracy: 89.78% -> 90.86%     
client [65] (testset)   loss: 0.4677 -> 0.4568  accuracy: 93.23% -> 93.23%     
client [26] (testset)   loss: 0.3605 -> 0.3670  accuracy: 94.39% -> 94.74%     
client [19] (testset)   loss: 0.4698 -> 0.4564  accuracy: 94.05% -> 94.05%     
client [68] (testset)   loss: 0.5433 -> 0.5425  accuracy: 95.13% -> 95.13%     
client [41] (testset)   loss: 0.3938 -> 0.3884  accuracy: 94.53% -> 94.89%     
client [50] (testset)   loss: 0.4994 -> 0.4690  accuracy: 92.86% -> 93.51%     
client [75] (testset)   loss: 1.1031 -> 1.0874  accuracy: 87.50% -> 87.92%     
client [81] (testset)   loss: 1.0433 -> 1.0322  accuracy: 91.79% -> 92.31%     
FedDpa's average time taken by each global epoch: 0 min 14.83 sec.             
FedDpa's total running time: 1 h 46 m 1 s.                                     
==================== FedDpa Experiment Results: ====================           
Display format: (before local fine-tuning) -> (after local fine-tuning)        
 So if finetune_epoch = 0, x.xx% -> 0.00% is normal.                           
 Centralized testing ONLY happens after model aggregation, so the stats between
'->' are the same.                                                             
{                                                                              
    "100": {                                                                   
        "all_clients": {                                                       
            "test": {                                                          
                "loss": "0.4907 -> 0.0000",                                    
                "accuracy": "92.00% -> 0.00%"                                  
            }                                                                  
        }                                                                      
    },                                                                         
    "200": {                                                                   
        "all_clients": {                                                       
            "test": {                                                          
                "loss": "0.6291 -> 0.0000",                                    
                "accuracy": "92.12% -> 0.00%"                                  
            }                                                                  
        }                                                                      
    },                                                                         
    "300": {                                                                   
        "all_clients": {                                                       
            "test": {                                                          
                "loss": "0.5964 -> 0.0000",                                    
                "accuracy": "92.09% -> 0.00%"                                  
            }                                                                  
        }                                                                      
    },                                                                         
    "400": {                                                                   
        "all_clients": {                                                       
            "test": {                                                          
                "loss": "0.7113 -> 0.0000",                                    
                "accuracy": "92.31% -> 0.00%"                                  
            }                                                                  
        }                                                                      
    }                                                                          
}                                                                              
==================== FedDpa Max Accuracy ====================                  
all_clients:                                                                   
(test) before fine-tuning: 92.31% at epoch 400                                 
(test) after fine-tuning: 0.00% at epoch 100                                   
