Files already downloaded and verified
Files already downloaded and verified
==================== FedDpa ====================                                
Experiment Arguments:                                                           
{
│   'method': 'feddpa',
│   'dataset': {
│   │   'name': 'cifar10',
│   │   'client_num': 100,
│   │   'test_ratio': 0.25,
│   │   'val_ratio': 0.0,
│   │   'seed': 42,
│   │   'split': 'sample',
│   │   'IID_ratio': 0.0,
│   │   'monitor_window_name_suffix': 'cifar10-100clients-0%IID-Dir(0.1)-seed42',
│   │   'alpha': 0.1,
│   │   'min_samples_per_client': 10
│   },
│   'model': {
│   │   'name': 'avgcnn',
│   │   'use_torchvision_pretrained_weights': True,
│   │   'external_model_weights_path': None
│   },
│   'optimizer': {
│   │   'lr': 0.01,
│   │   'dampening': 0,
│   │   'weight_decay': 0,
│   │   'momentum': 0,
│   │   'nesterov': False,
│   │   'name': 'sgd'
│   },
│   'mode': 'sequential',
│   'parallel': {
│   │   'ray_cluster_addr': None,
│   │   'num_cpus': None,
│   │   'num_gpus': None,
│   │   'num_workers': 2
│   },
│   'common': {
│   │   'seed': 42,
│   │   'join_ratio': 0.1,
│   │   'global_epoch': 400,
│   │   'local_epoch': 5,
│   │   'batch_size': 32,
│   │   'reset_optimizer_on_global_epoch': True,
│   │   'straggler_ratio': 0,
│   │   'straggler_min_local_epoch': 0,
│   │   'buffers': 'global',
│   │   'client_side_evaluation': True,
│   │   'test': {
│   │   │   'client': {
│   │   │   │   'interval': 100,
│   │   │   │   'finetune_epoch': 0,
│   │   │   │   'train': False,
│   │   │   │   'val': False,
│   │   │   │   'test': True
│   │   │   },
│   │   │   'server': {
│   │   │   │   'interval': -1,
│   │   │   │   'train': False,
│   │   │   │   'val': False,
│   │   │   │   'test': False,
│   │   │   │   'model_in_train_mode': False
│   │   │   }
│   │   },
│   │   'verbose_gap': 10,
│   │   'monitor': None,
│   │   'use_cuda': True,
│   │   'save_log': True,
│   │   'save_model': False,
│   │   'save_learning_curve_plot': False,
│   │   'save_metrics': True,
│   │   'delete_useless_run': True
│   },
│   'feddpa': {
│   │   'fisher_threshold': 0.9996
│   }
}
---------------------------- TRAINING EPOCH: 10 ----------------------------    
client [77] (testset)   loss: 5.1172 -> 0.3761  accuracy: 4.24% -> 87.99%       
client [81] (testset)   loss: 0.1786 -> 0.0279  accuracy: 93.75% -> 98.21%      
client [21] (testset)   loss: 4.2152 -> 0.7949  accuracy: 8.70% -> 65.22%       
client [68] (testset)   loss: 4.5770 -> 0.2104  accuracy: 1.13% -> 93.79%       
client [93] (testset)   loss: 1.9240 -> 0.8545  accuracy: 36.84% -> 78.95%      
client [31] (testset)   loss: 2.9426 -> 0.1427  accuracy: 13.82% -> 95.85%      
client [20] (testset)   loss: 5.0689 -> 0.4966  accuracy: 1.42% -> 83.81%       
client [59] (testset)   loss: 0.1050 -> 0.0096  accuracy: 100.00% -> 100.00%    
client [48] (testset)   loss: 4.8048 -> 0.8825  accuracy: 0.00% -> 76.92%       
client [34] (testset)   loss: 1.7504 -> 0.7429  accuracy: 41.94% -> 74.19%      
---------------------------- TRAINING EPOCH: 20 ----------------------------    
client [69] (testset)   loss: 3.4218 -> 0.8340  accuracy: 50.00% -> 67.27%      
client [99] (testset)   loss: 1.0342 -> 0.0239  accuracy: 60.76% -> 100.00%     
client [67] (testset)   loss: 1.4639 -> 0.2046  accuracy: 63.23% -> 92.90%      
client [0]  (testset)   loss: 0.4026 -> 0.1141  accuracy: 90.42% -> 96.41%      
client [76] (testset)   loss: 0.8068 -> 0.2694  accuracy: 73.51% -> 88.74%      
client [41] (testset)   loss: 2.0567 -> 0.6854  accuracy: 42.86% -> 73.02%      
client [62] (testset)   loss: 2.0954 -> 0.1701  accuracy: 41.18% -> 94.12%      
client [2]  (testset)   loss: 2.5774 -> 0.4707  accuracy: 32.85% -> 85.40%      
client [14] (testset)   loss: 3.7947 -> 0.5113  accuracy: 13.79% -> 79.80%      
client [46] (testset)   loss: 2.3631 -> 0.6163  accuracy: 38.76% -> 79.84%      
---------------------------- TRAINING EPOCH: 30 ----------------------------    
client [24] (testset)   loss: 0.1937 -> 0.2065  accuracy: 91.67% -> 91.67%      
client [68] (testset)   loss: 1.2030 -> 0.1370  accuracy: 60.45% -> 94.92%      
client [57] (testset)   loss: 0.5413 -> 0.1551  accuracy: 81.01% -> 96.20%      
client [17] (testset)   loss: 1.7100 -> 0.8337  accuracy: 47.62% -> 79.76%      
client [54] (testset)   loss: 0.9679 -> 0.6351  accuracy: 70.00% -> 85.00%      
client [23] (testset)   loss: 2.0058 -> 0.1102  accuracy: 42.86% -> 96.43%      
client [35] (testset)   loss: 1.8046 -> 1.2539  accuracy: 50.00% -> 66.67%      
client [59] (testset)   loss: 0.0042 -> 0.0083  accuracy: 100.00% -> 100.00%    
client [31] (testset)   loss: 0.3423 -> 0.1523  accuracy: 89.40% -> 95.85%      
client [9]  (testset)   loss: 1.0572 -> 0.3895  accuracy: 67.95% -> 89.74%      
---------------------------- TRAINING EPOCH: 40 ----------------------------    
client [64] (testset)   loss: 0.3741 -> 0.1697  accuracy: 91.28% -> 94.95%      
client [33] (testset)   loss: 0.8093 -> 0.2820  accuracy: 78.12% -> 94.79%      
client [16] (testset)   loss: 2.2268 -> 0.7534  accuracy: 57.23% -> 81.33%      
client [44] (testset)   loss: 1.6760 -> 0.2640  accuracy: 60.20% -> 93.88%      
client [8]  (testset)   loss: 1.0563 -> 0.3908  accuracy: 70.97% -> 93.55%      
client [31] (testset)   loss: 0.4509 -> 0.1260  accuracy: 89.86% -> 95.85%      
client [47] (testset)   loss: 1.6584 -> 1.4002  accuracy: 68.75% -> 68.75%      
client [36] (testset)   loss: 1.3849 -> 0.7336  accuracy: 68.09% -> 85.11%      
client [20] (testset)   loss: 1.2108 -> 0.6228  accuracy: 71.63% -> 86.92%      
client [56] (testset)   loss: 1.1564 -> 0.3440  accuracy: 76.92% -> 89.23%      
---------------------------- TRAINING EPOCH: 50 ----------------------------    
client [4]  (testset)   loss: 0.4072 -> 0.0871  accuracy: 87.32% -> 95.77%      
client [60] (testset)   loss: 0.4579 -> 0.3141  accuracy: 85.77% -> 91.39%      
client [28] (testset)   loss: 0.4868 -> 0.1526  accuracy: 92.00% -> 92.00%      
client [25] (testset)   loss: 1.4303 -> 0.6306  accuracy: 60.42% -> 83.04%      
client [58] (testset)   loss: 1.2351 -> 0.2207  accuracy: 76.19% -> 94.44%      
client [44] (testset)   loss: 0.5748 -> 0.2418  accuracy: 83.67% -> 93.88%      
client [39] (testset)   loss: 1.7189 -> 0.6342  accuracy: 56.85% -> 86.99%      
client [29] (testset)   loss: 0.9039 -> 0.1204  accuracy: 71.93% -> 95.91%      
client [3]  (testset)   loss: 1.6530 -> 0.6692  accuracy: 56.15% -> 84.49%      
client [84] (testset)   loss: 0.8765 -> 0.4788  accuracy: 78.12% -> 84.38%      
---------------------------- TRAINING EPOCH: 60 ----------------------------    
client [21] (testset)   loss: 3.7862 -> 1.1021  accuracy: 30.43% -> 60.87%      
client [84] (testset)   loss: 1.0397 -> 0.5891  accuracy: 73.44% -> 82.81%      
client [10] (testset)   loss: 0.3408 -> 0.0905  accuracy: 88.15% -> 96.24%      
client [36] (testset)   loss: 1.6094 -> 0.9727  accuracy: 68.09% -> 82.98%      
client [65] (testset)   loss: 1.2512 -> 0.9517  accuracy: 75.00% -> 78.57%      
client [81] (testset)   loss: 0.0410 -> 0.0131  accuracy: 99.11% -> 99.11%      
client [79] (testset)   loss: 0.8693 -> 0.2434  accuracy: 78.21% -> 93.30%      
client [42] (testset)   loss: 0.2680 -> 0.2587  accuracy: 91.77% -> 93.42%      
client [11] (testset)   loss: 0.7871 -> 0.5512  accuracy: 81.82% -> 86.36%      
client [96] (testset)   loss: 2.4083 -> 1.5997  accuracy: 56.82% -> 70.45%      
---------------------------- TRAINING EPOCH: 70 ----------------------------    
client [8]  (testset)   loss: 1.8907 -> 0.5898  accuracy: 70.97% -> 80.65%      
client [53] (testset)   loss: 0.9302 -> 0.5843  accuracy: 75.51% -> 83.67%      
client [52] (testset)   loss: 0.3016 -> 0.1801  accuracy: 93.14% -> 97.06%      
client [42] (testset)   loss: 0.4299 -> 0.2880  accuracy: 89.71% -> 93.83%      
client [69] (testset)   loss: 1.3836 -> 1.1985  accuracy: 67.88% -> 68.79%      
client [59] (testset)   loss: 0.2556 -> 0.0029  accuracy: 100.00% -> 100.00%    
client [7]  (testset)   loss: 1.4415 -> 0.6024  accuracy: 73.43% -> 86.96%      
client [26] (testset)   loss: 0.6509 -> 0.7359  accuracy: 84.62% -> 92.31%      
client [49] (testset)   loss: 1.7834 -> 0.6224  accuracy: 56.83% -> 83.17%      
client [98] (testset)   loss: 1.5097 -> 0.9454  accuracy: 71.56% -> 81.52%      
---------------------------- TRAINING EPOCH: 80 ----------------------------    
client [98] (testset)   loss: 1.3943 -> 1.0603  accuracy: 79.62% -> 81.52%      
client [47] (testset)   loss: 3.1420 -> 2.9362  accuracy: 62.50% -> 68.75%      
client [21] (testset)   loss: 1.2681 -> 1.1003  accuracy: 56.52% -> 60.87%      
client [77] (testset)   loss: 1.0137 -> 0.4469  accuracy: 83.39% -> 89.40%      
client [95] (testset)   loss: 2.0261 -> 1.3921  accuracy: 63.22% -> 71.26%      
client [91] (testset)   loss: 0.8261 -> 0.7822  accuracy: 85.29% -> 89.71%      
client [14] (testset)   loss: 1.2318 -> 0.9077  accuracy: 77.83% -> 78.82%      
client [99] (testset)   loss: 0.2400 -> 0.0546  accuracy: 93.67% -> 97.47%      
client [20] (testset)   loss: 1.6514 -> 0.6688  accuracy: 67.62% -> 86.14%      
client [39] (testset)   loss: 2.0000 -> 0.7605  accuracy: 65.07% -> 83.56%      
---------------------------- TRAINING EPOCH: 90 ----------------------------    
client [52] (testset)   loss: 0.5272 -> 0.1678  accuracy: 89.22% -> 94.12%      
client [62] (testset)   loss: 0.1125 -> 0.0978  accuracy: 94.12% -> 94.12%      
client [71] (testset)   loss: 1.0008 -> 0.7363  accuracy: 80.11% -> 82.80%      
client [97] (testset)   loss: 1.3196 -> 0.9506  accuracy: 82.93% -> 86.59%      
client [30] (testset)   loss: 1.3872 -> 1.2043  accuracy: 73.12% -> 75.27%      
client [88] (testset)   loss: 0.5662 -> 0.3901  accuracy: 90.53% -> 92.37%      
client [60] (testset)   loss: 0.5819 -> 0.3789  accuracy: 91.39% -> 91.76%      
client [82] (testset)   loss: 0.2653 -> 0.3163  accuracy: 96.59% -> 97.73%      
client [91] (testset)   loss: 0.6463 -> 0.6283  accuracy: 89.71% -> 91.18%      
client [57] (testset)   loss: 1.3277 -> 0.1695  accuracy: 74.26% -> 97.05%      
---------------------------- TRAINING EPOCH: 100 ----------------------------   
client [31] (testset)   loss: 0.3534 -> 0.1725  accuracy: 91.24% -> 95.39%      
client [15] (testset)   loss: 1.1990 -> 0.7148  accuracy: 82.81% -> 87.50%      
client [71] (testset)   loss: 1.4613 -> 0.7395  accuracy: 75.81% -> 84.95%      
client [97] (testset)   loss: 1.2867 -> 0.9440  accuracy: 87.80% -> 86.59%      
client [53] (testset)   loss: 1.4248 -> 0.6948  accuracy: 72.45% -> 81.63%      
client [77] (testset)   loss: 0.6810 -> 0.4384  accuracy: 84.45% -> 89.75%      
client [76] (testset)   loss: 0.9718 -> 0.3811  accuracy: 77.48% -> 92.72%      
client [79] (testset)   loss: 0.6093 -> 0.2762  accuracy: 84.08% -> 94.69%      
client [28] (testset)   loss: 3.9736 -> 0.6726  accuracy: 52.00% -> 84.00%      
client [99] (testset)   loss: 0.3036 -> 0.0260  accuracy: 89.87% -> 98.73%      
---------------------------- TRAINING EPOCH: 110 ----------------------------   
client [97] (testset)   loss: 2.0356 -> 1.2135  accuracy: 73.17% -> 85.37%      
client [86] (testset)   loss: 0.8304 -> 0.5098  accuracy: 76.32% -> 88.16%      
client [34] (testset)   loss: 1.9752 -> 1.2466  accuracy: 68.39% -> 76.13%      
client [73] (testset)   loss: 1.1710 -> 1.0806  accuracy: 75.76% -> 75.76%      
client [5]  (testset)   loss: 1.9473 -> 0.7153  accuracy: 71.13% -> 86.86%      
client [96] (testset)   loss: 4.4832 -> 2.1895  accuracy: 38.64% -> 70.45%      
client [22] (testset)   loss: 1.0519 -> 0.7276  accuracy: 82.71% -> 90.98%      
client [60] (testset)   loss: 0.6786 -> 0.3079  accuracy: 86.14% -> 92.13%      
client [66] (testset)   loss: 1.2224 -> 0.8168  accuracy: 79.41% -> 89.71%      
client [83] (testset)   loss: 1.0896 -> 0.6549  accuracy: 81.79% -> 85.71%      
---------------------------- TRAINING EPOCH: 120 ----------------------------   
client [76] (testset)   loss: 0.8939 -> 0.4889  accuracy: 77.48% -> 92.05%      
client [65] (testset)   loss: 1.6399 -> 0.8658  accuracy: 71.43% -> 89.29%      
client [95] (testset)   loss: 1.8096 -> 1.5026  accuracy: 62.07% -> 71.26%      
client [17] (testset)   loss: 0.9620 -> 1.0171  accuracy: 77.38% -> 79.17%      
client [8]  (testset)   loss: 1.7261 -> 0.6702  accuracy: 70.97% -> 83.87%      
client [35] (testset)   loss: 1.5009 -> 1.4819  accuracy: 50.00% -> 50.00%      
client [98] (testset)   loss: 1.4036 -> 1.0277  accuracy: 78.20% -> 81.99%      
client [53] (testset)   loss: 1.7121 -> 0.7639  accuracy: 66.33% -> 82.14%      
client [43] (testset)   loss: 1.9429 -> 0.3942  accuracy: 72.73% -> 90.91%      
client [64] (testset)   loss: 0.3868 -> 0.2302  accuracy: 93.58% -> 95.87%      
---------------------------- TRAINING EPOCH: 130 ----------------------------   
client [21] (testset)   loss: 1.9783 -> 1.3921  accuracy: 47.83% -> 65.22%      
client [88] (testset)   loss: 1.1843 -> 0.4544  accuracy: 82.89% -> 92.37%      
client [38] (testset)   loss: 0.9679 -> 0.1172  accuracy: 81.73% -> 98.08%      
client [3]  (testset)   loss: 1.6634 -> 0.8826  accuracy: 70.59% -> 83.96%      
client [5]  (testset)   loss: 1.6891 -> 0.7428  accuracy: 68.81% -> 84.28%      
client [41] (testset)   loss: 3.6898 -> 0.6942  accuracy: 52.38% -> 82.54%      
client [7]  (testset)   loss: 1.1738 -> 0.6902  accuracy: 79.71% -> 87.44%      
client [37] (testset)   loss: 0.0023 -> 0.0027  accuracy: 100.00% -> 100.00%    
client [45] (testset)   loss: 3.6601 -> 2.5609  accuracy: 45.45% -> 72.73%      
client [47] (testset)   loss: 2.5349 -> 2.2807  accuracy: 62.50% -> 62.50%      
---------------------------- TRAINING EPOCH: 140 ----------------------------   
client [16] (testset)   loss: 1.5160 -> 0.6774  accuracy: 69.88% -> 82.53%      
client [11] (testset)   loss: 2.5717 -> 0.0699  accuracy: 63.64% -> 95.45%      
client [37] (testset)   loss: 0.0002 -> 0.0004  accuracy: 100.00% -> 100.00%    
client [41] (testset)   loss: 3.8617 -> 1.0495  accuracy: 41.27% -> 79.37%      
client [95] (testset)   loss: 1.7251 -> 1.5509  accuracy: 66.67% -> 73.56%      
client [53] (testset)   loss: 1.5846 -> 0.9187  accuracy: 69.39% -> 80.61%      
client [22] (testset)   loss: 1.8558 -> 0.6165  accuracy: 75.94% -> 90.23%      
client [25] (testset)   loss: 1.8657 -> 0.9250  accuracy: 79.15% -> 84.45%      
client [69] (testset)   loss: 2.3319 -> 1.5681  accuracy: 61.52% -> 66.97%      
client [46] (testset)   loss: 1.0929 -> 0.8491  accuracy: 83.72% -> 86.82%      
---------------------------- TRAINING EPOCH: 150 ----------------------------   
client [47] (testset)   loss: 4.0553 -> 3.3354  accuracy: 56.25% -> 62.50%      
client [69] (testset)   loss: 2.0556 -> 1.5887  accuracy: 60.91% -> 67.58%      
client [82] (testset)   loss: 0.7458 -> 0.3031  accuracy: 87.50% -> 97.73%      
client [45] (testset)   loss: 2.2960 -> 2.1704  accuracy: 72.73% -> 72.73%      
client [7]  (testset)   loss: 1.2126 -> 0.7057  accuracy: 83.09% -> 88.41%      
client [50] (testset)   loss: 2.7673 -> 1.1357  accuracy: 28.57% -> 71.43%      
client [35] (testset)   loss: 2.2702 -> 2.2644  accuracy: 66.67% -> 66.67%      
client [24] (testset)   loss: 0.6851 -> 0.5918  accuracy: 88.89% -> 88.89%      
client [15] (testset)   loss: 1.2835 -> 0.8624  accuracy: 81.25% -> 87.89%      
client [58] (testset)   loss: 0.6942 -> 0.3291  accuracy: 86.90% -> 94.44%      
---------------------------- TRAINING EPOCH: 160 ----------------------------   
client [48] (testset)   loss: 2.4675 -> 2.4183  accuracy: 69.23% -> 69.23%      
client [76] (testset)   loss: 0.8224 -> 0.6253  accuracy: 88.08% -> 90.07%      
client [67] (testset)   loss: 0.4258 -> 0.2855  accuracy: 94.19% -> 94.84%      
client [37] (testset)   loss: 0.1518 -> 0.1493  accuracy: 83.33% -> 83.33%      
client [58] (testset)   loss: 0.4370 -> 0.3575  accuracy: 93.25% -> 95.63%      
client [64] (testset)   loss: 0.5830 -> 0.3464  accuracy: 92.66% -> 94.95%      
client [77] (testset)   loss: 0.6244 -> 0.5204  accuracy: 88.34% -> 90.46%      
client [55] (testset)   loss: 2.3112 -> 0.5871  accuracy: 69.21% -> 88.63%      
client [12] (testset)   loss: 0.8733 -> 0.6831  accuracy: 84.67% -> 87.80%      
client [89] (testset)   loss: 1.7141 -> 0.6137  accuracy: 70.59% -> 96.08%      
---------------------------- TRAINING EPOCH: 170 ----------------------------   
client [84] (testset)   loss: 1.7278 -> 1.2776  accuracy: 64.06% -> 70.31%      
client [51] (testset)   loss: 0.0728 -> 0.0678  accuracy: 100.00% -> 100.00%    
client [8]  (testset)   loss: 2.1067 -> 1.2592  accuracy: 74.19% -> 80.65%      
client [18] (testset)   loss: 1.0951 -> 1.0445  accuracy: 84.43% -> 85.63%      
client [94] (testset)   loss: 1.2938 -> 0.8684  accuracy: 72.31% -> 84.62%      
client [81] (testset)   loss: 0.0954 -> 0.0491  accuracy: 97.32% -> 99.11%      
client [3]  (testset)   loss: 2.0086 -> 0.9681  accuracy: 71.12% -> 80.75%      
client [11] (testset)   loss: 3.5795 -> 0.6237  accuracy: 45.45% -> 86.36%      
client [95] (testset)   loss: 1.9060 -> 1.7045  accuracy: 65.52% -> 71.26%      
client [67] (testset)   loss: 0.4986 -> 0.3253  accuracy: 89.68% -> 95.48%      
---------------------------- TRAINING EPOCH: 180 ----------------------------   
client [21] (testset)   loss: 1.8489 -> 0.8189  accuracy: 65.22% -> 69.57%      
client [79] (testset)   loss: 0.6272 -> 0.2970  accuracy: 84.92% -> 94.13%      
client [58] (testset)   loss: 0.6279 -> 0.3445  accuracy: 92.46% -> 94.84%      
client [88] (testset)   loss: 0.8000 -> 0.4467  accuracy: 87.89% -> 91.84%      
client [46] (testset)   loss: 1.2813 -> 0.8328  accuracy: 80.62% -> 83.72%      
client [11] (testset)   loss: 0.8732 -> 0.6534  accuracy: 77.27% -> 81.82%      
client [55] (testset)   loss: 1.8423 -> 0.5799  accuracy: 70.04% -> 88.90%      
client [13] (testset)   loss: 1.6234 -> 0.6932  accuracy: 74.44% -> 87.78%      
client [31] (testset)   loss: 0.4749 -> 0.1850  accuracy: 88.94% -> 97.24%      
client [75] (testset)   loss: 1.4120 -> 0.6080  accuracy: 82.66% -> 91.54%      
---------------------------- TRAINING EPOCH: 190 ----------------------------   
client [19] (testset)   loss: 0.6565 -> 0.6757  accuracy: 94.69% -> 94.69%      
client [7]  (testset)   loss: 1.1893 -> 0.8241  accuracy: 80.68% -> 86.47%      
client [57] (testset)   loss: 0.4370 -> 0.2006  accuracy: 91.14% -> 97.47%      
client [13] (testset)   loss: 0.8666 -> 0.7916  accuracy: 82.22% -> 82.78%      
client [43] (testset)   loss: 0.8025 -> 0.4976  accuracy: 81.82% -> 90.91%      
client [91] (testset)   loss: 1.0744 -> 0.9889  accuracy: 86.76% -> 91.18%      
client [10] (testset)   loss: 0.3947 -> 0.2419  accuracy: 94.80% -> 96.53%      
client [64] (testset)   loss: 0.4735 -> 0.3116  accuracy: 93.12% -> 94.50%      
client [82] (testset)   loss: 0.3135 -> 0.3179  accuracy: 96.59% -> 96.59%      
client [22] (testset)   loss: 0.8648 -> 0.7586  accuracy: 87.22% -> 87.97%      
---------------------------- TRAINING EPOCH: 200 ----------------------------   
client [20] (testset)   loss: 0.9110 -> 0.7283  accuracy: 85.62% -> 87.31%      
client [23] (testset)   loss: 0.2857 -> 0.1219  accuracy: 85.71% -> 92.86%      
client [88] (testset)   loss: 0.8578 -> 0.5338  accuracy: 87.37% -> 91.84%      
client [98] (testset)   loss: 1.4015 -> 1.3372  accuracy: 81.99% -> 84.83%      
client [79] (testset)   loss: 0.6286 -> 0.3363  accuracy: 89.11% -> 94.41%      
client [21] (testset)   loss: 1.0477 -> 1.0385  accuracy: 69.57% -> 69.57%      
client [92] (testset)   loss: 0.3526 -> 0.3091  accuracy: 92.61% -> 95.07%      
client [56] (testset)   loss: 0.3912 -> 0.3634  accuracy: 90.77% -> 92.31%      
client [5]  (testset)   loss: 1.7163 -> 0.9318  accuracy: 72.68% -> 84.28%      
client [52] (testset)   loss: 0.4526 -> 0.2560  accuracy: 92.16% -> 96.08%      
---------------------------- TRAINING EPOCH: 210 ----------------------------   
client [67] (testset)   loss: 0.4675 -> 0.3534  accuracy: 90.32% -> 93.55%      
client [54] (testset)   loss: 1.9446 -> 1.3127  accuracy: 80.00% -> 83.75%      
client [14] (testset)   loss: 1.8085 -> 1.1428  accuracy: 74.38% -> 80.30%      
client [99] (testset)   loss: 0.0720 -> 0.0443  accuracy: 97.47% -> 98.73%      
client [36] (testset)   loss: 1.0935 -> 1.0537  accuracy: 82.98% -> 82.98%      
client [30] (testset)   loss: 1.9121 -> 1.4963  accuracy: 64.52% -> 70.97%      
client [38] (testset)   loss: 0.4164 -> 0.1404  accuracy: 92.31% -> 96.15%      
client [15] (testset)   loss: 1.2440 -> 0.9240  accuracy: 85.55% -> 88.67%      
client [6]  (testset)   loss: 1.3822 -> 0.9932  accuracy: 80.61% -> 86.69%      
client [53] (testset)   loss: 1.5899 -> 0.9752  accuracy: 65.31% -> 79.08%      
---------------------------- TRAINING EPOCH: 220 ----------------------------   
client [99] (testset)   loss: 0.0718 -> 0.0582  accuracy: 98.73% -> 98.73%      
client [6]  (testset)   loss: 0.9494 -> 0.9261  accuracy: 86.69% -> 88.21%      
client [83] (testset)   loss: 1.2720 -> 0.8891  accuracy: 79.55% -> 84.87%      
client [42] (testset)   loss: 0.5467 -> 0.3530  accuracy: 90.12% -> 94.24%      
client [34] (testset)   loss: 2.1443 -> 1.6070  accuracy: 73.55% -> 75.48%      
client [15] (testset)   loss: 1.2067 -> 0.9750  accuracy: 81.25% -> 86.72%      
client [47] (testset)   loss: 4.2047 -> 4.0997  accuracy: 62.50% -> 62.50%      
client [55] (testset)   loss: 1.4871 -> 0.6423  accuracy: 74.06% -> 87.66%      
client [51] (testset)   loss: 0.3373 -> 0.0015  accuracy: 87.50% -> 100.00%     
client [95] (testset)   loss: 2.9851 -> 1.9305  accuracy: 59.77% -> 66.67%      
---------------------------- TRAINING EPOCH: 230 ----------------------------   
client [71] (testset)   loss: 1.1753 -> 1.0644  accuracy: 80.65% -> 83.33%      
client [15] (testset)   loss: 1.5222 -> 0.9937  accuracy: 81.25% -> 85.55%      
client [33] (testset)   loss: 0.8156 -> 0.4149  accuracy: 87.50% -> 90.62%      
client [99] (testset)   loss: 0.0334 -> 0.0266  accuracy: 98.73% -> 98.73%      
client [90] (testset)   loss: 0.0605 -> 0.0035  accuracy: 93.33% -> 100.00%     
client [57] (testset)   loss: 0.5024 -> 0.2285  accuracy: 90.72% -> 95.36%      
client [27] (testset)   loss: 3.5056 -> 3.3870  accuracy: 61.90% -> 61.90%      
client [78] (testset)   loss: 1.2781 -> 1.0773  accuracy: 81.14% -> 82.89%      
client [36] (testset)   loss: 1.4496 -> 1.1167  accuracy: 82.98% -> 85.11%      
client [88] (testset)   loss: 1.0315 -> 0.6082  accuracy: 88.68% -> 91.58%      
---------------------------- TRAINING EPOCH: 240 ----------------------------   
client [70] (testset)   loss: 0.1767 -> 0.1481  accuracy: 92.19% -> 95.31%      
client [35] (testset)   loss: 1.8762 -> 1.8520  accuracy: 66.67% -> 66.67%      
client [16] (testset)   loss: 4.7372 -> 1.0840  accuracy: 40.36% -> 76.51%      
client [80] (testset)   loss: 1.3369 -> 0.6013  accuracy: 81.70% -> 93.46%      
client [38] (testset)   loss: 0.2758 -> 0.1895  accuracy: 93.27% -> 95.19%      
client [78] (testset)   loss: 2.0062 -> 1.0533  accuracy: 66.23% -> 84.21%      
client [68] (testset)   loss: 0.3349 -> 0.3084  accuracy: 93.22% -> 95.48%      
client [11] (testset)   loss: 0.5641 -> 0.4109  accuracy: 86.36% -> 90.91%      
client [64] (testset)   loss: 0.5241 -> 0.4596  accuracy: 93.58% -> 94.04%      
client [82] (testset)   loss: 0.4455 -> 0.4206  accuracy: 96.59% -> 96.59%      
---------------------------- TRAINING EPOCH: 250 ----------------------------   
client [30] (testset)   loss: 1.3490 -> 1.3683  accuracy: 70.97% -> 75.27%      
client [27] (testset)   loss: 2.1201 -> 2.0950  accuracy: 66.67% -> 66.67%      
client [74] (testset)   loss: 0.7944 -> 0.7726  accuracy: 81.58% -> 84.21%      
client [45] (testset)   loss: 2.6896 -> 2.6732  accuracy: 72.73% -> 72.73%      
client [6]  (testset)   loss: 1.0901 -> 1.0571  accuracy: 87.45% -> 87.83%      
client [36] (testset)   loss: 1.4572 -> 1.3692  accuracy: 80.85% -> 80.85%      
client [63] (testset)   loss: 1.3997 -> 1.2723  accuracy: 76.27% -> 82.20%      
client [76] (testset)   loss: 0.7080 -> 0.6363  accuracy: 85.43% -> 86.09%      
client [83] (testset)   loss: 1.0819 -> 0.9160  accuracy: 81.79% -> 84.03%      
client [86] (testset)   loss: 1.3563 -> 0.9060  accuracy: 80.26% -> 82.89%      
---------------------------- TRAINING EPOCH: 260 ----------------------------   
client [83] (testset)   loss: 1.2944 -> 0.8354  accuracy: 78.43% -> 85.71%      
client [99] (testset)   loss: 0.0003 -> 0.0011  accuracy: 100.00% -> 100.00%    
client [74] (testset)   loss: 0.6145 -> 0.5098  accuracy: 84.21% -> 84.21%      
client [73] (testset)   loss: 3.4028 -> 1.3271  accuracy: 57.58% -> 78.79%      
client [29] (testset)   loss: 0.1258 -> 0.1442  accuracy: 97.66% -> 97.66%      
client [92] (testset)   loss: 0.5169 -> 0.3999  accuracy: 93.10% -> 94.09%      
client [6]  (testset)   loss: 0.9454 -> 1.0123  accuracy: 87.07% -> 88.97%      
client [61] (testset)   loss: 1.9546 -> 1.3271  accuracy: 66.37% -> 78.76%      
client [21] (testset)   loss: 4.9338 -> 2.2429  accuracy: 43.48% -> 56.52%      
client [67] (testset)   loss: 0.6275 -> 0.3677  accuracy: 90.32% -> 94.19%      
---------------------------- TRAINING EPOCH: 270 ----------------------------   
client [83] (testset)   loss: 1.1838 -> 0.8204  accuracy: 81.23% -> 84.87%      
client [32] (testset)   loss: 2.8603 -> 2.3724  accuracy: 59.42% -> 57.97%      
client [95] (testset)   loss: 2.4146 -> 2.2163  accuracy: 63.22% -> 67.82%      
client [61] (testset)   loss: 1.6372 -> 1.3928  accuracy: 72.57% -> 77.88%      
client [27] (testset)   loss: 2.0521 -> 2.0314  accuracy: 66.67% -> 66.67%      
client [25] (testset)   loss: 2.2490 -> 1.2699  accuracy: 75.97% -> 82.33%      
client [68] (testset)   loss: 0.4030 -> 0.2994  accuracy: 93.79% -> 96.05%      
client [34] (testset)   loss: 2.6205 -> 1.4837  accuracy: 72.26% -> 76.13%      
client [71] (testset)   loss: 3.8938 -> 1.1344  accuracy: 63.98% -> 83.87%      
client [89] (testset)   loss: 0.4589 -> 0.4861  accuracy: 96.08% -> 96.08%      
---------------------------- TRAINING EPOCH: 280 ----------------------------   
client [78] (testset)   loss: 2.0655 -> 1.1827  accuracy: 79.39% -> 82.89%      
client [81] (testset)   loss: 0.1091 -> 0.0651  accuracy: 95.54% -> 99.11%      
client [51] (testset)   loss: 0.7216 -> 0.4451  accuracy: 87.50% -> 87.50%      
client [54] (testset)   loss: 2.9975 -> 1.8161  accuracy: 71.25% -> 78.75%      
client [65] (testset)   loss: 3.4617 -> 2.8592  accuracy: 64.29% -> 67.86%      
client [41] (testset)   loss: 2.4189 -> 1.4728  accuracy: 61.90% -> 71.43%      
client [11] (testset)   loss: 1.1943 -> 1.0121  accuracy: 72.73% -> 77.27%      
client [85] (testset)   loss: 0.8685 -> 0.5505  accuracy: 87.32% -> 91.71%      
client [12] (testset)   loss: 1.1114 -> 0.8214  accuracy: 84.67% -> 87.46%      
client [23] (testset)   loss: 0.0012 -> 0.0012  accuracy: 100.00% -> 100.00%    
---------------------------- TRAINING EPOCH: 290 ----------------------------   
client [16] (testset)   loss: 3.7438 -> 0.9658  accuracy: 50.60% -> 78.92%      
client [65] (testset)   loss: 1.8767 -> 1.8556  accuracy: 71.43% -> 71.43%      
client [53] (testset)   loss: 2.8749 -> 1.0980  accuracy: 52.04% -> 80.61%      
client [58] (testset)   loss: 0.5958 -> 0.4433  accuracy: 91.27% -> 94.84%      
client [72] (testset)   loss: 3.3659 -> 0.2849  accuracy: 66.67% -> 90.91%      
client [7]  (testset)   loss: 1.0506 -> 0.7947  accuracy: 77.29% -> 87.92%      
client [71] (testset)   loss: 2.4647 -> 1.0015  accuracy: 63.44% -> 86.56%      
client [59] (testset)   loss: 1.0806 -> 1.0771  accuracy: 66.67% -> 66.67%      
client [86] (testset)   loss: 2.2645 -> 0.8756  accuracy: 63.16% -> 86.84%      
client [39] (testset)   loss: 1.4423 -> 1.0746  accuracy: 76.71% -> 81.51%      
---------------------------- TRAINING EPOCH: 300 ----------------------------   
client [99] (testset)   loss: 0.0131 -> 0.0129  accuracy: 100.00% -> 100.00%    
client [7]  (testset)   loss: 1.6124 -> 0.9788  accuracy: 80.68% -> 85.51%      
client [17] (testset)   loss: 1.8457 -> 1.7756  accuracy: 73.21% -> 77.38%      
client [64] (testset)   loss: 0.3709 -> 0.3674  accuracy: 94.95% -> 94.95%      
client [37] (testset)   loss: 0.8724 -> 0.7928  accuracy: 66.67% -> 83.33%      
client [29] (testset)   loss: 1.1375 -> 0.2842  accuracy: 90.06% -> 96.49%      
client [93] (testset)   loss: 0.6052 -> 0.6095  accuracy: 89.47% -> 89.47%      
client [73] (testset)   loss: 2.6698 -> 1.7203  accuracy: 66.67% -> 72.73%      
client [40] (testset)   loss: 0.6529 -> 0.4869  accuracy: 88.89% -> 88.89%      
client [76] (testset)   loss: 0.8903 -> 0.6573  accuracy: 82.12% -> 88.74%      
---------------------------- TRAINING EPOCH: 310 ----------------------------   
client [31] (testset)   loss: 0.6021 -> 0.5241  accuracy: 91.71% -> 92.63%      
client [89] (testset)   loss: 0.9684 -> 0.9702  accuracy: 96.08% -> 96.08%      
client [77] (testset)   loss: 0.9645 -> 0.7792  accuracy: 87.99% -> 90.11%      
client [90] (testset)   loss: 0.0023 -> 0.0019  accuracy: 100.00% -> 100.00%    
client [26] (testset)   loss: 0.5049 -> 0.5092  accuracy: 92.31% -> 92.31%      
client [50] (testset)   loss: 1.0614 -> 1.0475  accuracy: 71.43% -> 71.43%      
client [30] (testset)   loss: 1.8264 -> 1.7256  accuracy: 72.04% -> 75.27%      
client [70] (testset)   loss: 0.2964 -> 0.1366  accuracy: 92.71% -> 95.83%      
client [41] (testset)   loss: 1.9223 -> 1.0630  accuracy: 74.60% -> 77.78%      
client [99] (testset)   loss: 0.1006 -> 0.0973  accuracy: 97.47% -> 97.47%      
---------------------------- TRAINING EPOCH: 320 ----------------------------   
client [68] (testset)   loss: 0.2974 -> 0.2879  accuracy: 94.92% -> 96.05%      
client [70] (testset)   loss: 0.1193 -> 0.1171  accuracy: 97.40% -> 97.40%      
client [52] (testset)   loss: 0.3990 -> 0.3789  accuracy: 96.08% -> 96.08%      
client [1]  (testset)   loss: 0.5174 -> 0.4985  accuracy: 92.16% -> 94.12%      
client [2]  (testset)   loss: 1.2667 -> 1.0700  accuracy: 81.75% -> 82.48%      
client [67] (testset)   loss: 0.4396 -> 0.3892  accuracy: 91.61% -> 92.90%      
client [92] (testset)   loss: 0.3666 -> 0.3648  accuracy: 94.09% -> 94.58%      
client [35] (testset)   loss: 4.0799 -> 4.0801  accuracy: 83.33% -> 83.33%      
client [36] (testset)   loss: 1.4326 -> 1.3956  accuracy: 82.98% -> 80.85%      
client [64] (testset)   loss: 0.6500 -> 0.5295  accuracy: 93.12% -> 93.58%      
---------------------------- TRAINING EPOCH: 330 ----------------------------   
client [44] (testset)   loss: 0.5546 -> 0.5328  accuracy: 90.82% -> 90.82%      
client [6]  (testset)   loss: 2.2127 -> 0.9829  accuracy: 75.29% -> 85.93%      
client [12] (testset)   loss: 0.8374 -> 0.7390  accuracy: 86.41% -> 87.46%      
client [55] (testset)   loss: 1.0384 -> 0.7387  accuracy: 82.11% -> 87.79%      
client [29] (testset)   loss: 1.0764 -> 0.3753  accuracy: 91.23% -> 95.32%      
client [9]  (testset)   loss: 1.1735 -> 0.5511  accuracy: 73.93% -> 88.89%      
client [43] (testset)   loss: 0.3955 -> 0.3983  accuracy: 90.91% -> 90.91%      
client [77] (testset)   loss: 1.3116 -> 0.7903  accuracy: 86.93% -> 89.05%      
client [98] (testset)   loss: 1.7971 -> 1.5254  accuracy: 81.04% -> 82.46%      
client [78] (testset)   loss: 1.7945 -> 1.1823  accuracy: 77.19% -> 82.89%      
---------------------------- TRAINING EPOCH: 340 ----------------------------   
client [92] (testset)   loss: 0.4377 -> 0.3723  accuracy: 92.12% -> 94.58%      
client [80] (testset)   loss: 2.0753 -> 0.7287  accuracy: 80.39% -> 94.12%      
client [63] (testset)   loss: 1.6848 -> 1.3509  accuracy: 78.81% -> 82.20%      
client [76] (testset)   loss: 0.6699 -> 0.6355  accuracy: 88.08% -> 88.74%      
client [78] (testset)   loss: 1.6868 -> 1.1652  accuracy: 78.07% -> 83.77%      
client [25] (testset)   loss: 2.0395 -> 1.3677  accuracy: 77.03% -> 83.39%      
client [58] (testset)   loss: 0.7478 -> 0.5086  accuracy: 90.87% -> 94.44%      
client [13] (testset)   loss: 2.3726 -> 1.0961  accuracy: 72.22% -> 84.44%      
client [17] (testset)   loss: 1.5581 -> 1.2394  accuracy: 78.57% -> 84.52%      
client [38] (testset)   loss: 0.3061 -> 0.2389  accuracy: 92.31% -> 94.23%      
---------------------------- TRAINING EPOCH: 350 ----------------------------   
client [72] (testset)   loss: 2.5335 -> 0.2315  accuracy: 63.64% -> 93.94%      
client [82] (testset)   loss: 0.4101 -> 0.3294  accuracy: 95.45% -> 95.45%      
client [86] (testset)   loss: 1.3294 -> 0.8741  accuracy: 76.32% -> 82.89%      
client [51] (testset)   loss: 1.7248 -> 1.4630  accuracy: 62.50% -> 62.50%      
client [96] (testset)   loss: 2.9897 -> 2.9759  accuracy: 70.45% -> 70.45%      
client [42] (testset)   loss: 0.3755 -> 0.2772  accuracy: 93.00% -> 94.65%      
client [55] (testset)   loss: 1.2275 -> 0.6636  accuracy: 80.86% -> 87.38%      
client [13] (testset)   loss: 1.2823 -> 1.1539  accuracy: 83.89% -> 83.89%      
client [1]  (testset)   loss: 1.1456 -> 1.0089  accuracy: 86.27% -> 88.24%      
client [12] (testset)   loss: 1.0370 -> 0.7686  accuracy: 82.23% -> 86.76%      
---------------------------- TRAINING EPOCH: 360 ----------------------------   
client [68] (testset)   loss: 0.3272 -> 0.2760  accuracy: 96.05% -> 96.61%      
client [23] (testset)   loss: 0.0102 -> 0.0099  accuracy: 100.00% -> 100.00%    
client [46] (testset)   loss: 0.7892 -> 0.8613  accuracy: 89.92% -> 89.15%      
client [41] (testset)   loss: 1.2267 -> 1.0405  accuracy: 76.19% -> 77.78%      
client [25] (testset)   loss: 1.7954 -> 1.4250  accuracy: 78.45% -> 81.98%      
client [58] (testset)   loss: 0.5883 -> 0.4710  accuracy: 92.86% -> 94.44%      
client [14] (testset)   loss: 2.0493 -> 1.5385  accuracy: 76.35% -> 81.28%      
client [33] (testset)   loss: 0.5338 -> 0.3814  accuracy: 93.75% -> 91.67%      
client [85] (testset)   loss: 0.7025 -> 0.4805  accuracy: 88.78% -> 91.22%      
client [62] (testset)   loss: 0.2846 -> 0.2806  accuracy: 94.12% -> 94.12%      
---------------------------- TRAINING EPOCH: 370 ----------------------------   
client [98] (testset)   loss: 1.7436 -> 1.7188  accuracy: 82.46% -> 82.46%      
client [63] (testset)   loss: 1.7419 -> 1.6601  accuracy: 78.81% -> 78.81%      
client [70] (testset)   loss: 0.1773 -> 0.1435  accuracy: 94.79% -> 96.35%      
client [65] (testset)   loss: 1.8760 -> 1.8469  accuracy: 75.00% -> 75.00%      
client [14] (testset)   loss: 2.0323 -> 1.7182  accuracy: 77.34% -> 79.80%      
client [73] (testset)   loss: 1.8376 -> 1.8012  accuracy: 63.64% -> 66.67%      
client [34] (testset)   loss: 2.9708 -> 2.0314  accuracy: 71.61% -> 74.84%      
client [99] (testset)   loss: 0.0660 -> 0.0625  accuracy: 98.73% -> 98.73%      
client [69] (testset)   loss: 2.0501 -> 1.9682  accuracy: 66.06% -> 67.27%      
client [46] (testset)   loss: 0.9656 -> 0.9041  accuracy: 87.60% -> 89.92%      
---------------------------- TRAINING EPOCH: 380 ----------------------------   
client [99] (testset)   loss: 0.0368 -> 0.0367  accuracy: 98.73% -> 98.73%      
client [93] (testset)   loss: 2.0888 -> 2.0909  accuracy: 84.21% -> 84.21%      
client [11] (testset)   loss: 0.7718 -> 0.7485  accuracy: 86.36% -> 86.36%      
client [58] (testset)   loss: 0.5208 -> 0.5108  accuracy: 94.05% -> 94.05%      
client [81] (testset)   loss: 0.1236 -> 0.1238  accuracy: 98.21% -> 98.21%      
client [85] (testset)   loss: 0.6759 -> 0.6236  accuracy: 90.24% -> 89.76%      
client [89] (testset)   loss: 0.3660 -> 0.4327  accuracy: 96.08% -> 96.08%      
client [45] (testset)   loss: 2.6445 -> 2.6403  accuracy: 72.73% -> 72.73%      
client [8]  (testset)   loss: 1.6807 -> 1.6687  accuracy: 80.65% -> 80.65%      
client [68] (testset)   loss: 0.3006 -> 0.3037  accuracy: 95.48% -> 94.92%      
---------------------------- TRAINING EPOCH: 390 ----------------------------   
client [67] (testset)   loss: 0.5519 -> 0.3677  accuracy: 88.39% -> 90.97%      
client [72] (testset)   loss: 2.0105 -> 1.5955  accuracy: 72.73% -> 78.79%      
client [1]  (testset)   loss: 0.3286 -> 0.3261  accuracy: 96.08% -> 96.08%      
client [78] (testset)   loss: 1.7663 -> 1.3421  accuracy: 77.63% -> 82.89%      
client [83] (testset)   loss: 0.9371 -> 0.9064  accuracy: 84.59% -> 84.31%      
client [21] (testset)   loss: 2.8561 -> 2.6562  accuracy: 43.48% -> 56.52%      
client [56] (testset)   loss: 0.5919 -> 0.5211  accuracy: 90.77% -> 93.85%      
client [44] (testset)   loss: 0.6008 -> 0.5996  accuracy: 89.80% -> 90.82%      
client [92] (testset)   loss: 0.4188 -> 0.4111  accuracy: 94.09% -> 94.09%      
client [27] (testset)   loss: 2.5728 -> 2.5675  accuracy: 66.67% -> 66.67%      
---------------------------- TRAINING EPOCH: 400 ----------------------------   
client [10] (testset)   loss: 0.8469 -> 0.6228  accuracy: 91.91% -> 94.22%      
client [39] (testset)   loss: 1.3218 -> 1.3271  accuracy: 82.88% -> 83.56%      
client [65] (testset)   loss: 2.4614 -> 2.3518  accuracy: 67.86% -> 71.43%      
client [26] (testset)   loss: 0.0002 -> 0.0002  accuracy: 100.00% -> 100.00%    
client [19] (testset)   loss: 0.7087 -> 0.7208  accuracy: 92.92% -> 92.92%      
client [68] (testset)   loss: 0.4037 -> 0.4021  accuracy: 96.05% -> 96.05%      
client [41] (testset)   loss: 1.2676 -> 1.2443  accuracy: 74.60% -> 77.78%      
client [50] (testset)   loss: 1.7963 -> 1.7963  accuracy: 85.71% -> 85.71%      
client [75] (testset)   loss: 0.8567 -> 0.6989  accuracy: 87.95% -> 90.49%      
client [81] (testset)   loss: 0.2330 -> 0.2139  accuracy: 98.21% -> 98.21%      
Training... ━━━━━━━━━━━━━━━━━━━━━━━━━━━━━━━━━━━━━━━━ 100% 0:17:30
FedDpa's average time taken by each global epoch: 0 min 2.46 sec.               
FedDpa's total running time: 0 h 17 m 30 s.                                     
==================== FedDpa Experiment Results: ====================            
Display format: (before local fine-tuning) -> (after local fine-tuning)         
 So if finetune_epoch = 0, x.xx% -> 0.00% is normal.                            
 Centralized testing ONLY happens after model aggregation, so the stats between 
'->' are the same.                                                              
{                                                                               
    "100": {                                                                    
        "all_clients": {                                                        
            "test": {                                                           
                "loss": "1.7685 -> 0.0000",                                     
                "accuracy": "70.22% -> 0.00%"                                   
            }                                                                   
        }                                                                       
    },                                                                          
    "200": {                                                                    
        "all_clients": {                                                        
            "test": {                                                           
                "loss": "1.4945 -> 0.0000",                                     
                "accuracy": "79.34% -> 0.00%"                                   
            }                                                                   
        }                                                                       
    },                                                                          
    "300": {                                                                    
        "all_clients": {                                                        
            "test": {                                                           
                "loss": "1.4038 -> 0.0000",                                     
                "accuracy": "80.53% -> 0.00%"                                   
            }                                                                   
        }                                                                       
    },                                                                          
    "400": {                                                                    
        "all_clients": {                                                        
            "test": {                                                           
                "loss": "2.0808 -> 0.0000",                                     
                "accuracy": "76.31% -> 0.00%"                                   
            }                                                                   
        }                                                                       
    }                                                                           
}                                                                               
==================== FedDpa Max Accuracy ====================                   
all_clients:                                                                    
(test) before fine-tuning: 80.53% at epoch 300                                  
(test) after fine-tuning: 0.00% at epoch 100                                    
