==================== FedDpa ====================                                
Experiment Arguments:                                                           
{
│   'method': 'feddpa',
│   'dataset': {
│   │   'name': 'mnist',
│   │   'client_num': 100,
│   │   'test_ratio': 0.25,
│   │   'val_ratio': 0.0,
│   │   'seed': 42,
│   │   'split': 'sample',
│   │   'IID_ratio': 0.0,
│   │   'monitor_window_name_suffix': 'mnist-100clients-0%IID-Dir(0.1)-seed42',
│   │   'alpha': 0.1,
│   │   'min_samples_per_client': 10
│   },
│   'model': {
│   │   'name': 'avgcnn',
│   │   'use_torchvision_pretrained_weights': True,
│   │   'external_model_weights_path': None
│   },
│   'optimizer': {
│   │   'lr': 0.01,
│   │   'dampening': 0,
│   │   'weight_decay': 0,
│   │   'momentum': 0,
│   │   'nesterov': False,
│   │   'name': 'sgd'
│   },
│   'mode': 'sequential',
│   'parallel': {
│   │   'ray_cluster_addr': None,
│   │   'num_cpus': None,
│   │   'num_gpus': None,
│   │   'num_workers': 2
│   },
│   'common': {
│   │   'seed': 42,
│   │   'join_ratio': 0.1,
│   │   'global_epoch': 400,
│   │   'local_epoch': 5,
│   │   'batch_size': 32,
│   │   'reset_optimizer_on_global_epoch': True,
│   │   'straggler_ratio': 0,
│   │   'straggler_min_local_epoch': 0,
│   │   'buffers': 'global',
│   │   'client_side_evaluation': True,
│   │   'test': {
│   │   │   'client': {
│   │   │   │   'interval': 100,
│   │   │   │   'finetune_epoch': 0,
│   │   │   │   'train': False,
│   │   │   │   'val': False,
│   │   │   │   'test': True
│   │   │   },
│   │   │   'server': {
│   │   │   │   'interval': -1,
│   │   │   │   'train': False,
│   │   │   │   'val': False,
│   │   │   │   'test': False,
│   │   │   │   'model_in_train_mode': False
│   │   │   }
│   │   },
│   │   'verbose_gap': 10,
│   │   'monitor': None,
│   │   'use_cuda': True,
│   │   'save_log': True,
│   │   'save_model': False,
│   │   'save_learning_curve_plot': False,
│   │   'save_metrics': True,
│   │   'delete_useless_run': True
│   },
│   'feddpa': {
│   │   'fisher_threshold': 0.9
│   }
}
---------------------------- TRAINING EPOCH: 10 ----------------------------    
client [77] (testset)   loss: 0.1055 -> 0.0732  accuracy: 97.95% -> 98.63%      
client [81] (testset)   loss: 0.0696 -> 0.0251  accuracy: 98.15% -> 99.38%      
client [21] (testset)   loss: 0.5006 -> 0.0740  accuracy: 82.35% -> 98.04%      
client [68] (testset)   loss: 0.0968 -> 0.0923  accuracy: 98.31% -> 96.61%      
client [93] (testset)   loss: 0.1003 -> 0.0607  accuracy: 96.77% -> 100.00%     
client [31] (testset)   loss: 0.2659 -> 0.2982  accuracy: 85.71% -> 71.43%      
client [20] (testset)   loss: 0.2079 -> 0.1758  accuracy: 93.21% -> 95.48%      
client [59] (testset)   loss: 0.3681 -> 0.1164  accuracy: 87.50% -> 100.00%     
client [48] (testset)   loss: 0.0543 -> 0.0444  accuracy: 99.03% -> 99.03%      
client [34] (testset)   loss: 0.1310 -> 0.2092  accuracy: 100.00% -> 94.44%     
---------------------------- TRAINING EPOCH: 20 ----------------------------    
client [69] (testset)   loss: 0.0151 -> 0.0125  accuracy: 99.82% -> 99.64%      
client [99] (testset)   loss: 0.2466 -> 0.1089  accuracy: 90.48% -> 95.24%      
client [67] (testset)   loss: 0.0801 -> 0.0029  accuracy: 97.30% -> 100.00%     
client [0]  (testset)   loss: 0.0511 -> 0.0206  accuracy: 99.06% -> 100.00%     
client [76] (testset)   loss: 0.0452 -> 0.0730  accuracy: 98.70% -> 98.70%      
client [41] (testset)   loss: 0.0262 -> 0.0134  accuracy: 100.00% -> 100.00%    
client [62] (testset)   loss: 0.3542 -> 0.0357  accuracy: 95.58% -> 99.45%      
client [2]  (testset)   loss: 0.1895 -> 0.0177  accuracy: 95.25% -> 99.43%      
client [14] (testset)   loss: 0.0384 -> 0.0180  accuracy: 98.61% -> 99.31%      
client [46] (testset)   loss: 0.0773 -> 0.0383  accuracy: 97.75% -> 99.10%      
---------------------------- TRAINING EPOCH: 30 ----------------------------    
client [24] (testset)   loss: 0.0942 -> 0.1119  accuracy: 95.95% -> 95.95%      
client [68] (testset)   loss: 0.0502 -> 0.0684  accuracy: 98.31% -> 98.31%      
client [57] (testset)   loss: 0.0199 -> 0.0180  accuracy: 99.52% -> 99.03%      
client [17] (testset)   loss: 0.0362 -> 0.0295  accuracy: 98.44% -> 98.44%      
client [54] (testset)   loss: 0.1120 -> 0.1687  accuracy: 95.35% -> 93.02%      
client [23] (testset)   loss: 0.1614 -> 0.0063  accuracy: 91.43% -> 100.00%     
client [35] (testset)   loss: 0.0544 -> 0.0427  accuracy: 98.04% -> 98.04%      
client [59] (testset)   loss: 0.0751 -> 0.0697  accuracy: 100.00% -> 100.00%    
client [31] (testset)   loss: 0.4095 -> 0.3745  accuracy: 85.71% -> 85.71%      
client [9]  (testset)   loss: 0.0599 -> 0.0425  accuracy: 98.21% -> 98.53%      
---------------------------- TRAINING EPOCH: 40 ----------------------------    
client [64] (testset)   loss: 0.0169 -> 0.0099  accuracy: 99.17% -> 99.72%      
client [33] (testset)   loss: 0.0707 -> 0.0565  accuracy: 98.69% -> 99.35%      
client [16] (testset)   loss: 0.0197 -> 0.0022  accuracy: 100.00% -> 100.00%    
client [44] (testset)   loss: 0.0630 -> 0.0507  accuracy: 98.21% -> 98.81%      
client [8]  (testset)   loss: 0.0062 -> 0.0019  accuracy: 100.00% -> 100.00%    
client [31] (testset)   loss: 0.3143 -> 0.2533  accuracy: 85.71% -> 85.71%      
client [47] (testset)   loss: 0.0100 -> 0.0024  accuracy: 100.00% -> 100.00%    
client [36] (testset)   loss: 0.0559 -> 0.0440  accuracy: 98.48% -> 98.98%      
client [20] (testset)   loss: 0.1394 -> 0.0987  accuracy: 95.93% -> 96.83%      
client [56] (testset)   loss: 0.0140 -> 0.0095  accuracy: 100.00% -> 100.00%    
---------------------------- TRAINING EPOCH: 50 ----------------------------    
client [4]  (testset)   loss: 0.0187 -> 0.0114  accuracy: 99.27% -> 99.63%      
client [60] (testset)   loss: 0.0475 -> 0.0272  accuracy: 99.00% -> 99.00%      
client [28] (testset)   loss: 0.0018 -> 0.0005  accuracy: 100.00% -> 100.00%    
client [25] (testset)   loss: 0.0046 -> 0.0010  accuracy: 100.00% -> 100.00%    
client [58] (testset)   loss: 0.0701 -> 0.0661  accuracy: 97.16% -> 97.87%      
client [44] (testset)   loss: 0.0533 -> 0.0528  accuracy: 98.51% -> 98.51%      
client [39] (testset)   loss: 0.0159 -> 0.0084  accuracy: 99.51% -> 99.51%      
client [29] (testset)   loss: 0.0769 -> 0.0470  accuracy: 98.89% -> 98.89%      
client [3]  (testset)   loss: 0.0366 -> 0.0249  accuracy: 98.95% -> 99.16%      
client [84] (testset)   loss: 0.0069 -> 0.0038  accuracy: 100.00% -> 100.00%    
---------------------------- TRAINING EPOCH: 60 ----------------------------    
client [21] (testset)   loss: 0.0541 -> 0.0223  accuracy: 98.04% -> 100.00%     
client [84] (testset)   loss: 0.0008 -> 0.0007  accuracy: 100.00% -> 100.00%    
client [10] (testset)   loss: 0.0024 -> 0.0007  accuracy: 100.00% -> 100.00%    
client [36] (testset)   loss: 0.0309 -> 0.0361  accuracy: 98.98% -> 98.98%      
client [65] (testset)   loss: 0.0388 -> 0.0262  accuracy: 99.16% -> 99.58%      
client [81] (testset)   loss: 0.0267 -> 0.0094  accuracy: 98.77% -> 99.38%      
client [79] (testset)   loss: 0.0214 -> 0.0095  accuracy: 98.46% -> 100.00%     
client [42] (testset)   loss: 0.1494 -> 0.1428  accuracy: 96.72% -> 97.81%      
client [11] (testset)   loss: 0.0009 -> 0.0008  accuracy: 100.00% -> 100.00%    
client [96] (testset)   loss: 0.0311 -> 0.0148  accuracy: 99.02% -> 99.02%      
---------------------------- TRAINING EPOCH: 70 ----------------------------    
client [8]  (testset)   loss: 0.0004 -> 0.0005  accuracy: 100.00% -> 100.00%    
client [53] (testset)   loss: 0.0694 -> 0.0456  accuracy: 96.00% -> 100.00%     
client [52] (testset)   loss: 0.0080 -> 0.0005  accuracy: 100.00% -> 100.00%    
client [42] (testset)   loss: 0.1396 -> 0.1973  accuracy: 97.81% -> 95.63%      
client [69] (testset)   loss: 0.0126 -> 0.0120  accuracy: 99.27% -> 99.45%      
client [59] (testset)   loss: 0.0321 -> 0.0244  accuracy: 100.00% -> 100.00%    
client [7]  (testset)   loss: 0.0045 -> 0.0027  accuracy: 100.00% -> 100.00%    
client [26] (testset)   loss: 0.1387 -> 0.1112  accuracy: 91.67% -> 91.67%      
client [49] (testset)   loss: 0.0021 -> 0.0022  accuracy: 100.00% -> 100.00%    
client [98] (testset)   loss: 0.0694 -> 0.0488  accuracy: 97.06% -> 97.06%      
---------------------------- TRAINING EPOCH: 80 ----------------------------    
client [98] (testset)   loss: 0.0193 -> 0.0151  accuracy: 100.00% -> 100.00%    
client [47] (testset)   loss: 0.0042 -> 0.0011  accuracy: 100.00% -> 100.00%    
client [21] (testset)   loss: 0.0209 -> 0.0124  accuracy: 99.02% -> 100.00%     
client [77] (testset)   loss: 0.0386 -> 0.0348  accuracy: 98.63% -> 99.32%      
client [95] (testset)   loss: 0.0029 -> 0.0031  accuracy: 100.00% -> 100.00%    
client [91] (testset)   loss: 0.0116 -> 0.0131  accuracy: 99.83% -> 99.34%      
client [14] (testset)   loss: 0.0181 -> 0.0180  accuracy: 99.31% -> 99.31%      
client [99] (testset)   loss: 0.0232 -> 0.0290  accuracy: 100.00% -> 100.00%    
client [20] (testset)   loss: 0.0901 -> 0.0810  accuracy: 97.29% -> 97.74%      
client [39] (testset)   loss: 0.0066 -> 0.0063  accuracy: 99.75% -> 99.75%      
---------------------------- TRAINING EPOCH: 90 ----------------------------    
client [52] (testset)   loss: 0.0003 -> 0.0001  accuracy: 100.00% -> 100.00%    
client [62] (testset)   loss: 0.0139 -> 0.0081  accuracy: 99.45% -> 99.45%      
client [71] (testset)   loss: 0.0074 -> 0.0067  accuracy: 99.77% -> 99.77%      
client [97] (testset)   loss: 0.0068 -> 0.0028  accuracy: 99.67% -> 100.00%     
client [30] (testset)   loss: 0.0949 -> 0.0891  accuracy: 95.00% -> 95.00%      
client [88] (testset)   loss: 0.0115 -> 0.0018  accuracy: 100.00% -> 100.00%    
client [60] (testset)   loss: 0.0393 -> 0.0331  accuracy: 98.00% -> 99.00%      
client [82] (testset)   loss: 0.1032 -> 0.0867  accuracy: 97.18% -> 97.18%      
client [91] (testset)   loss: 0.0108 -> 0.0135  accuracy: 99.67% -> 99.50%      
client [57] (testset)   loss: 0.0099 -> 0.0093  accuracy: 99.03% -> 99.52%      
---------------------------- TRAINING EPOCH: 100 ----------------------------   
client [31] (testset)   loss: 0.2565 -> 0.1962  accuracy: 85.71% -> 85.71%      
client [15] (testset)   loss: 0.0509 -> 0.0336  accuracy: 99.08% -> 99.08%      
client [71] (testset)   loss: 0.0045 -> 0.0035  accuracy: 100.00% -> 100.00%    
client [97] (testset)   loss: 0.0055 -> 0.0025  accuracy: 100.00% -> 100.00%    
client [53] (testset)   loss: 0.0606 -> 0.0497  accuracy: 96.00% -> 100.00%     
client [77] (testset)   loss: 0.0420 -> 0.0361  accuracy: 98.63% -> 99.32%      
client [76] (testset)   loss: 0.0444 -> 0.0751  accuracy: 98.70% -> 98.70%      
client [79] (testset)   loss: 0.0017 -> 0.0018  accuracy: 100.00% -> 100.00%    
client [28] (testset)   loss: 0.0002 -> 0.0001  accuracy: 100.00% -> 100.00%    
client [99] (testset)   loss: 0.0640 -> 0.0507  accuracy: 95.24% -> 95.24%      
---------------------------- TRAINING EPOCH: 110 ----------------------------   
client [97] (testset)   loss: 0.0154 -> 0.0030  accuracy: 99.33% -> 100.00%     
client [86] (testset)   loss: 0.0074 -> 0.0046  accuracy: 100.00% -> 100.00%    
client [34] (testset)   loss: 0.2325 -> 0.2472  accuracy: 94.44% -> 94.44%      
client [73] (testset)   loss: 0.0694 -> 0.0809  accuracy: 97.06% -> 94.12%      
client [5]  (testset)   loss: 0.0168 -> 0.0299  accuracy: 99.31% -> 98.62%      
client [96] (testset)   loss: 0.0094 -> 0.0072  accuracy: 100.00% -> 100.00%    
client [22] (testset)   loss: 0.0006 -> 0.0005  accuracy: 100.00% -> 100.00%    
client [60] (testset)   loss: 0.0244 -> 0.0257  accuracy: 99.00% -> 99.00%      
client [66] (testset)   loss: 0.0402 -> 0.0315  accuracy: 97.35% -> 99.12%      
client [83] (testset)   loss: 0.0993 -> 0.0976  accuracy: 96.80% -> 97.86%      
---------------------------- TRAINING EPOCH: 120 ----------------------------   
client [76] (testset)   loss: 0.0512 -> 0.0710  accuracy: 98.70% -> 98.70%      
client [65] (testset)   loss: 0.0380 -> 0.0299  accuracy: 99.16% -> 99.16%      
client [95] (testset)   loss: 0.0020 -> 0.0020  accuracy: 100.00% -> 100.00%    
client [17] (testset)   loss: 0.0279 -> 0.0431  accuracy: 98.44% -> 99.22%      
client [8]  (testset)   loss: 0.0154 -> 0.0134  accuracy: 100.00% -> 100.00%    
client [35] (testset)   loss: 0.0363 -> 0.0234  accuracy: 98.04% -> 99.02%      
client [98] (testset)   loss: 0.1165 -> 0.0771  accuracy: 97.06% -> 97.06%      
client [53] (testset)   loss: 0.0658 -> 0.0661  accuracy: 96.00% -> 96.00%      
client [43] (testset)   loss: 0.1042 -> 0.0662  accuracy: 96.79% -> 97.33%      
client [64] (testset)   loss: 0.0161 -> 0.0112  accuracy: 99.44% -> 99.44%      
---------------------------- TRAINING EPOCH: 130 ----------------------------   
client [21] (testset)   loss: 0.0286 -> 0.0064  accuracy: 99.02% -> 100.00%     
client [88] (testset)   loss: 0.0012 -> 0.0008  accuracy: 100.00% -> 100.00%    
client [38] (testset)   loss: 0.1071 -> 0.0837  accuracy: 98.25% -> 98.25%      
client [3]  (testset)   loss: 0.0426 -> 0.0210  accuracy: 98.95% -> 99.58%      
client [5]  (testset)   loss: 0.0432 -> 0.0343  accuracy: 98.62% -> 98.62%      
client [41] (testset)   loss: 0.0018 -> 0.0014  accuracy: 100.00% -> 100.00%    
client [7]  (testset)   loss: 0.0007 -> 0.0006  accuracy: 100.00% -> 100.00%    
client [37] (testset)   loss: 0.1427 -> 0.1222  accuracy: 96.54% -> 96.97%      
client [45] (testset)   loss: 0.0245 -> 0.0293  accuracy: 99.69% -> 99.39%      
client [47] (testset)   loss: 0.0005 -> 0.0004  accuracy: 100.00% -> 100.00%    
---------------------------- TRAINING EPOCH: 140 ----------------------------   
client [16] (testset)   loss: 0.0074 -> 0.0020  accuracy: 100.00% -> 100.00%    
client [11] (testset)   loss: 0.0000 -> 0.0000  accuracy: 100.00% -> 100.00%    
client [37] (testset)   loss: 0.1089 -> 0.1036  accuracy: 97.40% -> 97.40%      
client [41] (testset)   loss: 0.0027 -> 0.0022  accuracy: 100.00% -> 100.00%    
client [95] (testset)   loss: 0.0008 -> 0.0010  accuracy: 100.00% -> 100.00%    
client [53] (testset)   loss: 0.0901 -> 0.0595  accuracy: 96.00% -> 96.00%      
client [22] (testset)   loss: 0.0044 -> 0.0020  accuracy: 100.00% -> 100.00%    
client [25] (testset)   loss: 0.0014 -> 0.0012  accuracy: 100.00% -> 100.00%    
client [69] (testset)   loss: 0.0072 -> 0.0071  accuracy: 99.82% -> 99.64%      
client [46] (testset)   loss: 0.0335 -> 0.0281  accuracy: 98.87% -> 98.87%      
---------------------------- TRAINING EPOCH: 150 ----------------------------   
client [47] (testset)   loss: 0.0002 -> 0.0002  accuracy: 100.00% -> 100.00%    
client [69] (testset)   loss: 0.0076 -> 0.0092  accuracy: 99.64% -> 99.64%      
client [82] (testset)   loss: 0.0299 -> 0.0353  accuracy: 98.59% -> 98.59%      
client [45] (testset)   loss: 0.0297 -> 0.0319  accuracy: 99.69% -> 99.39%      
client [7]  (testset)   loss: 0.0129 -> 0.0082  accuracy: 100.00% -> 100.00%    
client [50] (testset)   loss: 0.0243 -> 0.0195  accuracy: 98.97% -> 98.97%      
client [35] (testset)   loss: 0.0155 -> 0.0132  accuracy: 99.02% -> 100.00%     
client [24] (testset)   loss: 0.0869 -> 0.1018  accuracy: 97.30% -> 97.30%      
client [15] (testset)   loss: 0.0469 -> 0.0445  accuracy: 99.08% -> 99.08%      
client [58] (testset)   loss: 0.0351 -> 0.0375  accuracy: 97.87% -> 97.87%      
---------------------------- TRAINING EPOCH: 160 ----------------------------   
client [48] (testset)   loss: 0.0072 -> 0.0031  accuracy: 100.00% -> 100.00%    
client [76] (testset)   loss: 0.0188 -> 0.0478  accuracy: 98.70% -> 98.70%      
client [67] (testset)   loss: 0.0001 -> 0.0000  accuracy: 100.00% -> 100.00%    
client [37] (testset)   loss: 0.1149 -> 0.0975  accuracy: 97.40% -> 97.84%      
client [58] (testset)   loss: 0.0307 -> 0.0343  accuracy: 97.87% -> 98.58%      
client [64] (testset)   loss: 0.0149 -> 0.0095  accuracy: 99.44% -> 99.72%      
client [77] (testset)   loss: 0.0413 -> 0.0365  accuracy: 98.63% -> 98.63%      
client [55] (testset)   loss: 0.0144 -> 0.0141  accuracy: 99.49% -> 99.23%      
client [12] (testset)   loss: 0.0322 -> 0.0197  accuracy: 98.51% -> 99.50%      
client [89] (testset)   loss: 0.0173 -> 0.0106  accuracy: 100.00% -> 100.00%    
---------------------------- TRAINING EPOCH: 170 ----------------------------   
client [84] (testset)   loss: 0.0007 -> 0.0005  accuracy: 100.00% -> 100.00%    
client [51] (testset)   loss: 0.0011 -> 0.0018  accuracy: 100.00% -> 100.00%    
client [8]  (testset)   loss: 0.0083 -> 0.0062  accuracy: 100.00% -> 100.00%    
client [18] (testset)   loss: 0.0288 -> 0.0259  accuracy: 98.62% -> 98.62%      
client [94] (testset)   loss: 0.0000 -> 0.0000  accuracy: 100.00% -> 100.00%    
client [81] (testset)   loss: 0.0095 -> 0.0059  accuracy: 99.38% -> 99.38%      
client [3]  (testset)   loss: 0.0196 -> 0.0151  accuracy: 99.37% -> 99.58%      
client [11] (testset)   loss: 0.0000 -> 0.0000  accuracy: 100.00% -> 100.00%    
client [95] (testset)   loss: 0.0014 -> 0.0011  accuracy: 100.00% -> 100.00%    
client [67] (testset)   loss: 0.0000 -> 0.0000  accuracy: 100.00% -> 100.00%    
---------------------------- TRAINING EPOCH: 180 ----------------------------   
client [21] (testset)   loss: 0.0233 -> 0.0069  accuracy: 98.04% -> 100.00%     
client [79] (testset)   loss: 0.0009 -> 0.0010  accuracy: 100.00% -> 100.00%    
client [58] (testset)   loss: 0.0191 -> 0.0240  accuracy: 99.29% -> 97.87%      
client [88] (testset)   loss: 0.0002 -> 0.0002  accuracy: 100.00% -> 100.00%    
client [46] (testset)   loss: 0.0203 -> 0.0193  accuracy: 99.32% -> 99.55%      
client [11] (testset)   loss: 0.0000 -> 0.0000  accuracy: 100.00% -> 100.00%    
client [55] (testset)   loss: 0.0177 -> 0.0157  accuracy: 99.49% -> 99.23%      
client [13] (testset)   loss: 0.0208 -> 0.0209  accuracy: 100.00% -> 100.00%    
client [31] (testset)   loss: 0.0747 -> 0.0680  accuracy: 100.00% -> 100.00%    
client [75] (testset)   loss: 0.0242 -> 0.0323  accuracy: 99.38% -> 99.38%      
---------------------------- TRAINING EPOCH: 190 ----------------------------   
client [19] (testset)   loss: 0.0901 -> 0.0687  accuracy: 96.30% -> 96.30%      
client [7]  (testset)   loss: 0.0008 -> 0.0006  accuracy: 100.00% -> 100.00%    
client [57] (testset)   loss: 0.0023 -> 0.0047  accuracy: 100.00% -> 99.52%     
client [13] (testset)   loss: 0.0197 -> 0.0169  accuracy: 100.00% -> 100.00%    
client [43] (testset)   loss: 0.0790 -> 0.0632  accuracy: 97.33% -> 97.86%      
client [91] (testset)   loss: 0.0109 -> 0.0107  accuracy: 99.50% -> 99.83%      
client [10] (testset)   loss: 0.0018 -> 0.0005  accuracy: 100.00% -> 100.00%    
client [64] (testset)   loss: 0.0171 -> 0.0141  accuracy: 99.72% -> 99.72%      
client [82] (testset)   loss: 0.0745 -> 0.0695  accuracy: 97.18% -> 97.18%      
client [22] (testset)   loss: 0.0024 -> 0.0012  accuracy: 100.00% -> 100.00%    
---------------------------- TRAINING EPOCH: 200 ----------------------------   
client [20] (testset)   loss: 0.0782 -> 0.0700  accuracy: 97.74% -> 97.74%      
client [23] (testset)   loss: 0.0001 -> 0.0001  accuracy: 100.00% -> 100.00%    
client [88] (testset)   loss: 0.0047 -> 0.0039  accuracy: 100.00% -> 100.00%    
client [98] (testset)   loss: 0.0042 -> 0.0034  accuracy: 100.00% -> 100.00%    
client [79] (testset)   loss: 0.0010 -> 0.0009  accuracy: 100.00% -> 100.00%    
client [21] (testset)   loss: 0.0121 -> 0.0081  accuracy: 99.02% -> 100.00%     
client [92] (testset)   loss: 0.0010 -> 0.0007  accuracy: 100.00% -> 100.00%    
client [56] (testset)   loss: 0.0087 -> 0.0076  accuracy: 100.00% -> 100.00%    
client [5]  (testset)   loss: 0.0248 -> 0.0226  accuracy: 99.31% -> 99.31%      
client [52] (testset)   loss: 0.0001 -> 0.0000  accuracy: 100.00% -> 100.00%    
---------------------------- TRAINING EPOCH: 210 ----------------------------   
client [67] (testset)   loss: 0.0000 -> 0.0000  accuracy: 100.00% -> 100.00%    
client [54] (testset)   loss: 0.0489 -> 0.0418  accuracy: 97.67% -> 97.67%      
client [14] (testset)   loss: 0.0196 -> 0.0199  accuracy: 99.31% -> 99.31%      
client [99] (testset)   loss: 0.0533 -> 0.0532  accuracy: 95.24% -> 95.24%      
client [36] (testset)   loss: 0.0297 -> 0.0297  accuracy: 98.48% -> 98.48%      
client [30] (testset)   loss: 0.0132 -> 0.0189  accuracy: 100.00% -> 100.00%    
client [38] (testset)   loss: 0.0897 -> 0.0435  accuracy: 98.25% -> 98.25%      
client [15] (testset)   loss: 0.0550 -> 0.0425  accuracy: 99.08% -> 99.08%      
client [6]  (testset)   loss: 0.0106 -> 0.0064  accuracy: 99.48% -> 100.00%     
client [53] (testset)   loss: 0.0309 -> 0.0356  accuracy: 96.00% -> 96.00%      
---------------------------- TRAINING EPOCH: 220 ----------------------------   
client [99] (testset)   loss: 0.0823 -> 0.0806  accuracy: 95.24% -> 95.24%      
client [6]  (testset)   loss: 0.0085 -> 0.0065  accuracy: 99.74% -> 99.74%      
client [83] (testset)   loss: 0.1010 -> 0.1068  accuracy: 97.51% -> 98.22%      
client [42] (testset)   loss: 0.1887 -> 0.1759  accuracy: 97.81% -> 98.36%      
client [34] (testset)   loss: 0.2183 -> 0.2239  accuracy: 94.44% -> 94.44%      
client [15] (testset)   loss: 0.0560 -> 0.0403  accuracy: 99.08% -> 99.08%      
client [47] (testset)   loss: 0.0002 -> 0.0002  accuracy: 100.00% -> 100.00%    
client [55] (testset)   loss: 0.0219 -> 0.0178  accuracy: 99.49% -> 98.98%      
client [51] (testset)   loss: 0.0115 -> 0.0041  accuracy: 100.00% -> 100.00%    
client [95] (testset)   loss: 0.0013 -> 0.0011  accuracy: 100.00% -> 100.00%    
---------------------------- TRAINING EPOCH: 230 ----------------------------   
client [71] (testset)   loss: 0.0034 -> 0.0039  accuracy: 100.00% -> 99.77%     
client [15] (testset)   loss: 0.0850 -> 0.0686  accuracy: 99.08% -> 99.08%      
client [33] (testset)   loss: 0.0662 -> 0.0689  accuracy: 99.35% -> 99.51%      
client [99] (testset)   loss: 0.0121 -> 0.0169  accuracy: 100.00% -> 100.00%    
client [90] (testset)   loss: 0.0452 -> 0.0482  accuracy: 98.54% -> 98.54%      
client [57] (testset)   loss: 0.0009 -> 0.0014  accuracy: 100.00% -> 100.00%    
client [27] (testset)   loss: 0.0047 -> 0.0061  accuracy: 100.00% -> 99.47%     
client [78] (testset)   loss: 0.0339 -> 0.0280  accuracy: 99.36% -> 99.36%      
client [36] (testset)   loss: 0.0239 -> 0.0258  accuracy: 98.98% -> 98.98%      
client [88] (testset)   loss: 0.0055 -> 0.0043  accuracy: 100.00% -> 100.00%    
---------------------------- TRAINING EPOCH: 240 ----------------------------   
client [70] (testset)   loss: 0.0334 -> 0.0274  accuracy: 98.90% -> 99.08%      
client [35] (testset)   loss: 0.0242 -> 0.0126  accuracy: 99.02% -> 100.00%     
client [16] (testset)   loss: 0.0051 -> 0.0032  accuracy: 100.00% -> 100.00%    
client [80] (testset)   loss: 0.0015 -> 0.0004  accuracy: 100.00% -> 100.00%    
client [38] (testset)   loss: 0.0788 -> 0.0758  accuracy: 98.25% -> 98.25%      
client [78] (testset)   loss: 0.0183 -> 0.0107  accuracy: 99.36% -> 99.36%      
client [68] (testset)   loss: 0.1976 -> 0.0183  accuracy: 94.92% -> 100.00%     
client [11] (testset)   loss: 0.0003 -> 0.0003  accuracy: 100.00% -> 100.00%    
client [64] (testset)   loss: 0.0154 -> 0.0153  accuracy: 99.44% -> 99.44%      
client [82] (testset)   loss: 0.1326 -> 0.0350  accuracy: 91.55% -> 97.18%      
---------------------------- TRAINING EPOCH: 250 ----------------------------   
client [30] (testset)   loss: 0.0372 -> 0.0298  accuracy: 97.50% -> 97.50%      
client [27] (testset)   loss: 0.0057 -> 0.0047  accuracy: 100.00% -> 100.00%    
client [74] (testset)   loss: 0.1095 -> 0.1149  accuracy: 98.15% -> 97.54%      
client [45] (testset)   loss: 0.0325 -> 0.0254  accuracy: 99.39% -> 99.39%      
client [6]  (testset)   loss: 0.0062 -> 0.0055  accuracy: 99.74% -> 99.74%      
client [36] (testset)   loss: 0.0339 -> 0.0187  accuracy: 98.48% -> 98.98%      
client [63] (testset)   loss: 0.0476 -> 0.0474  accuracy: 97.81% -> 98.54%      
client [76] (testset)   loss: 0.0243 -> 0.0551  accuracy: 98.70% -> 98.70%      
client [83] (testset)   loss: 0.1061 -> 0.0943  accuracy: 97.51% -> 97.86%      
client [86] (testset)   loss: 0.0112 -> 0.0044  accuracy: 99.73% -> 100.00%     
---------------------------- TRAINING EPOCH: 260 ----------------------------   
client [83] (testset)   loss: 0.1000 -> 0.0937  accuracy: 97.86% -> 98.22%      
client [99] (testset)   loss: 0.1284 -> 0.1029  accuracy: 95.24% -> 95.24%      
client [74] (testset)   loss: 0.1129 -> 0.1127  accuracy: 97.54% -> 97.54%      
client [73] (testset)   loss: 0.1010 -> 0.0944  accuracy: 94.12% -> 97.06%      
client [29] (testset)   loss: 0.0457 -> 0.0462  accuracy: 98.52% -> 98.89%      
client [92] (testset)   loss: 0.0046 -> 0.0040  accuracy: 100.00% -> 100.00%    
client [6]  (testset)   loss: 0.0072 -> 0.0071  accuracy: 99.74% -> 99.48%      
client [61] (testset)   loss: 0.0055 -> 0.0026  accuracy: 99.71% -> 100.00%     
client [21] (testset)   loss: 0.0089 -> 0.0074  accuracy: 100.00% -> 100.00%    
client [67] (testset)   loss: 0.0001 -> 0.0000  accuracy: 100.00% -> 100.00%    
---------------------------- TRAINING EPOCH: 270 ----------------------------   
client [83] (testset)   loss: 0.1012 -> 0.1024  accuracy: 98.22% -> 97.86%      
client [32] (testset)   loss: 0.0446 -> 0.0510  accuracy: 99.21% -> 98.41%      
client [95] (testset)   loss: 0.0029 -> 0.0027  accuracy: 100.00% -> 100.00%    
client [61] (testset)   loss: 0.0030 -> 0.0026  accuracy: 100.00% -> 100.00%    
client [27] (testset)   loss: 0.0049 -> 0.0069  accuracy: 100.00% -> 99.47%     
client [25] (testset)   loss: 0.0008 -> 0.0003  accuracy: 100.00% -> 100.00%    
client [68] (testset)   loss: 0.0131 -> 0.0138  accuracy: 100.00% -> 98.31%     
client [34] (testset)   loss: 0.1492 -> 0.1546  accuracy: 94.44% -> 94.44%      
client [71] (testset)   loss: 0.0016 -> 0.0016  accuracy: 100.00% -> 100.00%    
client [89] (testset)   loss: 0.0134 -> 0.0153  accuracy: 100.00% -> 100.00%    
---------------------------- TRAINING EPOCH: 280 ----------------------------   
client [78] (testset)   loss: 0.0398 -> 0.0305  accuracy: 98.73% -> 98.73%      
client [81] (testset)   loss: 0.0046 -> 0.0039  accuracy: 100.00% -> 100.00%    
client [51] (testset)   loss: 0.0012 -> 0.0064  accuracy: 100.00% -> 100.00%    
client [54] (testset)   loss: 0.0124 -> 0.0122  accuracy: 100.00% -> 100.00%    
client [65] (testset)   loss: 0.0523 -> 0.0495  accuracy: 99.16% -> 99.16%      
client [41] (testset)   loss: 0.0024 -> 0.0034  accuracy: 100.00% -> 100.00%    
client [11] (testset)   loss: 0.0001 -> 0.0001  accuracy: 100.00% -> 100.00%    
client [85] (testset)   loss: 0.0739 -> 0.0672  accuracy: 97.41% -> 97.41%      
client [12] (testset)   loss: 0.0177 -> 0.0188  accuracy: 99.50% -> 99.50%      
client [23] (testset)   loss: 0.0014 -> 0.0012  accuracy: 100.00% -> 100.00%    
---------------------------- TRAINING EPOCH: 290 ----------------------------   
client [16] (testset)   loss: 0.0013 -> 0.0014  accuracy: 100.00% -> 100.00%    
client [65] (testset)   loss: 0.0620 -> 0.0563  accuracy: 98.74% -> 99.16%      
client [53] (testset)   loss: 0.0319 -> 0.0300  accuracy: 100.00% -> 100.00%    
client [58] (testset)   loss: 0.0484 -> 0.0513  accuracy: 98.58% -> 97.87%      
client [72] (testset)   loss: 0.0009 -> 0.0007  accuracy: 100.00% -> 100.00%    
client [7]  (testset)   loss: 0.0001 -> 0.0001  accuracy: 100.00% -> 100.00%    
client [71] (testset)   loss: 0.0017 -> 0.0017  accuracy: 100.00% -> 100.00%    
client [59] (testset)   loss: 0.0075 -> 0.0074  accuracy: 100.00% -> 100.00%    
client [86] (testset)   loss: 0.0034 -> 0.0032  accuracy: 100.00% -> 100.00%    
client [39] (testset)   loss: 0.0044 -> 0.0044  accuracy: 100.00% -> 100.00%    
---------------------------- TRAINING EPOCH: 300 ----------------------------   
client [99] (testset)   loss: 0.0636 -> 0.0697  accuracy: 95.24% -> 95.24%      
client [7]  (testset)   loss: 0.0001 -> 0.0001  accuracy: 100.00% -> 100.00%    
client [17] (testset)   loss: 0.0221 -> 0.0260  accuracy: 99.22% -> 99.22%      
client [64] (testset)   loss: 0.0142 -> 0.0137  accuracy: 99.72% -> 99.72%      
client [37] (testset)   loss: 0.0937 -> 0.0932  accuracy: 97.40% -> 97.84%      
client [29] (testset)   loss: 0.0469 -> 0.0456  accuracy: 99.26% -> 99.26%      
client [93] (testset)   loss: 0.0011 -> 0.0014  accuracy: 100.00% -> 100.00%    
client [73] (testset)   loss: 0.0200 -> 0.0514  accuracy: 100.00% -> 97.06%     
client [40] (testset)   loss: 0.0000 -> 0.0000  accuracy: 100.00% -> 100.00%    
client [76] (testset)   loss: 0.0265 -> 0.0481  accuracy: 98.70% -> 98.70%      
---------------------------- TRAINING EPOCH: 310 ----------------------------   
client [31] (testset)   loss: 0.1823 -> 0.1833  accuracy: 100.00% -> 100.00%    
client [89] (testset)   loss: 0.0066 -> 0.0046  accuracy: 100.00% -> 100.00%    
client [77] (testset)   loss: 0.0522 -> 0.0510  accuracy: 99.32% -> 99.32%      
client [90] (testset)   loss: 0.0595 -> 0.0563  accuracy: 98.54% -> 98.54%      
client [26] (testset)   loss: 0.1237 -> 0.1383  accuracy: 95.83% -> 95.83%      
client [50] (testset)   loss: 0.0174 -> 0.0112  accuracy: 99.49% -> 100.00%     
client [30] (testset)   loss: 0.0286 -> 0.0205  accuracy: 97.50% -> 97.50%      
client [70] (testset)   loss: 0.0269 -> 0.0220  accuracy: 98.90% -> 99.08%      
client [41] (testset)   loss: 0.0024 -> 0.0031  accuracy: 100.00% -> 100.00%    
client [99] (testset)   loss: 0.0396 -> 0.0325  accuracy: 100.00% -> 100.00%    
---------------------------- TRAINING EPOCH: 320 ----------------------------   
client [68] (testset)   loss: 0.0261 -> 0.0276  accuracy: 98.31% -> 98.31%      
client [70] (testset)   loss: 0.0289 -> 0.0250  accuracy: 98.90% -> 98.90%      
client [52] (testset)   loss: 0.0001 -> 0.0001  accuracy: 100.00% -> 100.00%    
client [1]  (testset)   loss: 0.0411 -> 0.0413  accuracy: 98.33% -> 98.33%      
client [2]  (testset)   loss: 0.0033 -> 0.0027  accuracy: 100.00% -> 100.00%    
client [67] (testset)   loss: 0.0000 -> 0.0000  accuracy: 100.00% -> 100.00%    
client [92] (testset)   loss: 0.0008 -> 0.0008  accuracy: 100.00% -> 100.00%    
client [35] (testset)   loss: 0.0219 -> 0.0191  accuracy: 99.02% -> 99.02%      
client [36] (testset)   loss: 0.0277 -> 0.0288  accuracy: 98.98% -> 98.98%      
client [64] (testset)   loss: 0.0074 -> 0.0134  accuracy: 99.72% -> 99.72%      
---------------------------- TRAINING EPOCH: 330 ----------------------------   
client [44] (testset)   loss: 0.0303 -> 0.0221  accuracy: 98.81% -> 99.40%      
client [6]  (testset)   loss: 0.0100 -> 0.0079  accuracy: 99.22% -> 99.48%      
client [12] (testset)   loss: 0.0249 -> 0.0229  accuracy: 99.50% -> 99.50%      
client [55] (testset)   loss: 0.0202 -> 0.0152  accuracy: 99.23% -> 99.23%      
client [29] (testset)   loss: 0.0444 -> 0.0453  accuracy: 99.26% -> 98.89%      
client [9]  (testset)   loss: 0.0358 -> 0.0351  accuracy: 98.70% -> 98.86%      
client [43] (testset)   loss: 0.0512 -> 0.0546  accuracy: 97.86% -> 97.86%      
client [77] (testset)   loss: 0.0499 -> 0.0492  accuracy: 99.32% -> 99.32%      
client [98] (testset)   loss: 0.0086 -> 0.0060  accuracy: 100.00% -> 100.00%    
client [78] (testset)   loss: 0.0253 -> 0.0199  accuracy: 99.36% -> 99.36%      
---------------------------- TRAINING EPOCH: 340 ----------------------------   
client [92] (testset)   loss: 0.0010 -> 0.0010  accuracy: 100.00% -> 100.00%    
client [80] (testset)   loss: 0.0000 -> 0.0000  accuracy: 100.00% -> 100.00%    
client [63] (testset)   loss: 0.0467 -> 0.0431  accuracy: 98.54% -> 98.54%      
client [76] (testset)   loss: 0.0391 -> 0.0475  accuracy: 98.70% -> 98.70%      
client [78] (testset)   loss: 0.0247 -> 0.0215  accuracy: 99.36% -> 99.36%      
client [25] (testset)   loss: 0.0001 -> 0.0001  accuracy: 100.00% -> 100.00%    
client [58] (testset)   loss: 0.0569 -> 0.0614  accuracy: 97.87% -> 97.87%      
client [13] (testset)   loss: 0.0769 -> 0.0778  accuracy: 95.83% -> 95.83%      
client [17] (testset)   loss: 0.0298 -> 0.0252  accuracy: 99.22% -> 99.22%      
client [38] (testset)   loss: 0.0604 -> 0.0505  accuracy: 98.25% -> 98.25%      
---------------------------- TRAINING EPOCH: 350 ----------------------------   
client [72] (testset)   loss: 0.0015 -> 0.0014  accuracy: 100.00% -> 100.00%    
client [82] (testset)   loss: 0.0072 -> 0.0096  accuracy: 100.00% -> 100.00%    
client [86] (testset)   loss: 0.0091 -> 0.0034  accuracy: 99.45% -> 100.00%     
client [51] (testset)   loss: 0.0027 -> 0.0022  accuracy: 100.00% -> 100.00%    
client [96] (testset)   loss: 0.0127 -> 0.0096  accuracy: 99.02% -> 99.02%      
client [42] (testset)   loss: 0.1794 -> 0.1877  accuracy: 98.36% -> 97.81%      
client [55] (testset)   loss: 0.0144 -> 0.0107  accuracy: 99.23% -> 99.23%      
client [13] (testset)   loss: 0.0123 -> 0.0127  accuracy: 100.00% -> 100.00%    
client [1]  (testset)   loss: 0.0456 -> 0.0420  accuracy: 98.33% -> 98.33%      
client [12] (testset)   loss: 0.0273 -> 0.0258  accuracy: 99.50% -> 99.50%      
---------------------------- TRAINING EPOCH: 360 ----------------------------   
client [68] (testset)   loss: 0.0160 -> 0.0166  accuracy: 98.31% -> 98.31%      
client [23] (testset)   loss: 0.0002 -> 0.0002  accuracy: 100.00% -> 100.00%    
client [46] (testset)   loss: 0.0280 -> 0.0252  accuracy: 99.32% -> 99.32%      
client [41] (testset)   loss: 0.0006 -> 0.0021  accuracy: 100.00% -> 100.00%    
client [25] (testset)   loss: 0.0001 -> 0.0001  accuracy: 100.00% -> 100.00%    
client [58] (testset)   loss: 0.0437 -> 0.0519  accuracy: 97.87% -> 97.87%      
client [14] (testset)   loss: 0.0171 -> 0.0125  accuracy: 99.31% -> 99.31%      
client [33] (testset)   loss: 0.0721 -> 0.0717  accuracy: 99.18% -> 99.51%      
client [85] (testset)   loss: 0.0770 -> 0.0573  accuracy: 96.89% -> 97.93%      
client [62] (testset)   loss: 0.0032 -> 0.0038  accuracy: 100.00% -> 100.00%    
---------------------------- TRAINING EPOCH: 370 ----------------------------   
client [98] (testset)   loss: 0.0494 -> 0.0495  accuracy: 97.06% -> 97.06%      
client [63] (testset)   loss: 0.0297 -> 0.0296  accuracy: 98.54% -> 98.54%      
client [70] (testset)   loss: 0.0326 -> 0.0254  accuracy: 99.08% -> 99.08%      
client [65] (testset)   loss: 0.0751 -> 0.0721  accuracy: 98.74% -> 98.74%      
client [14] (testset)   loss: 0.0070 -> 0.0092  accuracy: 99.31% -> 99.31%      
client [73] (testset)   loss: 0.1038 -> 0.0699  accuracy: 91.18% -> 97.06%      
client [34] (testset)   loss: 0.1133 -> 0.1082  accuracy: 94.44% -> 94.44%      
client [99] (testset)   loss: 0.0152 -> 0.0176  accuracy: 100.00% -> 100.00%    
client [69] (testset)   loss: 0.0097 -> 0.0085  accuracy: 99.64% -> 99.64%      
client [46] (testset)   loss: 0.0282 -> 0.0270  accuracy: 99.10% -> 99.32%      
---------------------------- TRAINING EPOCH: 380 ----------------------------   
client [99] (testset)   loss: 0.0078 -> 0.0093  accuracy: 100.00% -> 100.00%    
client [93] (testset)   loss: 0.0025 -> 0.0023  accuracy: 100.00% -> 100.00%    
client [11] (testset)   loss: 0.0000 -> 0.0000  accuracy: 100.00% -> 100.00%    
client [58] (testset)   loss: 0.0504 -> 0.0546  accuracy: 98.58% -> 97.87%      
client [81] (testset)   loss: 0.0045 -> 0.0041  accuracy: 100.00% -> 100.00%    
client [85] (testset)   loss: 0.0622 -> 0.0567  accuracy: 97.93% -> 98.45%      
client [89] (testset)   loss: 0.0037 -> 0.0035  accuracy: 100.00% -> 100.00%    
client [45] (testset)   loss: 0.0315 -> 0.0334  accuracy: 99.69% -> 99.69%      
client [8]  (testset)   loss: 0.0171 -> 0.0155  accuracy: 97.62% -> 100.00%     
client [68] (testset)   loss: 0.0052 -> 0.0070  accuracy: 100.00% -> 100.00%    
---------------------------- TRAINING EPOCH: 390 ----------------------------   
client [67] (testset)   loss: 0.0000 -> 0.0000  accuracy: 100.00% -> 100.00%    
client [72] (testset)   loss: 0.0007 -> 0.0007  accuracy: 100.00% -> 100.00%    
client [1]  (testset)   loss: 0.0282 -> 0.0271  accuracy: 98.33% -> 98.33%      
client [78] (testset)   loss: 0.0160 -> 0.0138  accuracy: 99.36% -> 99.36%      
client [83] (testset)   loss: 0.1321 -> 0.1155  accuracy: 97.86% -> 97.86%      
client [21] (testset)   loss: 0.0108 -> 0.0078  accuracy: 100.00% -> 100.00%    
client [56] (testset)   loss: 0.0045 -> 0.0069  accuracy: 100.00% -> 100.00%    
client [44] (testset)   loss: 0.0326 -> 0.0259  accuracy: 98.51% -> 99.40%      
client [92] (testset)   loss: 0.0007 -> 0.0003  accuracy: 100.00% -> 100.00%    
client [27] (testset)   loss: 0.0055 -> 0.0050  accuracy: 99.47% -> 99.47%      
---------------------------- TRAINING EPOCH: 400 ----------------------------   
client [10] (testset)   loss: 0.0001 -> 0.0001  accuracy: 100.00% -> 100.00%    
client [39] (testset)   loss: 0.0055 -> 0.0047  accuracy: 99.75% -> 99.75%      
client [65] (testset)   loss: 0.0548 -> 0.0526  accuracy: 99.16% -> 99.16%      
client [26] (testset)   loss: 0.0969 -> 0.1066  accuracy: 95.83% -> 95.83%      
client [19] (testset)   loss: 0.0281 -> 0.0314  accuracy: 98.15% -> 98.15%      
client [68] (testset)   loss: 0.0231 -> 0.0230  accuracy: 98.31% -> 98.31%      
client [41] (testset)   loss: 0.0035 -> 0.0049  accuracy: 100.00% -> 100.00%    
client [50] (testset)   loss: 0.0106 -> 0.0067  accuracy: 99.49% -> 100.00%     
client [75] (testset)   loss: 0.0338 -> 0.0228  accuracy: 99.38% -> 99.38%      
client [81] (testset)   loss: 0.0141 -> 0.0127  accuracy: 98.77% -> 98.77%      
Training... ━━━━━━━━━━━━━━━━━━━━━━━━━━━━━━━━━━━━━━━━ 100% 0:35:12
FedDpa's average time taken by each global epoch: 0 min 4.91 sec.               
FedDpa's total running time: 0 h 35 m 12 s.                                     
==================== FedDpa Experiment Results: ====================            
Display format: (before local fine-tuning) -> (after local fine-tuning)         
 So if finetune_epoch = 0, x.xx% -> 0.00% is normal.                            
 Centralized testing ONLY happens after model aggregation, so the stats between 
'->' are the same.                                                              
{                                                                               
    "100": {                                                                    
        "all_clients": {                                                        
            "test": {                                                           
                "loss": "0.0377 -> 0.0000",                                     
                "accuracy": "98.87% -> 0.00%"                                   
            }                                                                   
        }                                                                       
    },                                                                          
    "200": {                                                                    
        "all_clients": {                                                        
            "test": {                                                           
                "loss": "0.0332 -> 0.0000",                                     
                "accuracy": "99.13% -> 0.00%"                                   
            }                                                                   
        }                                                                       
    },                                                                          
    "300": {                                                                    
        "all_clients": {                                                        
            "test": {                                                           
                "loss": "0.0342 -> 0.0000",                                     
                "accuracy": "99.11% -> 0.00%"                                   
            }                                                                   
        }                                                                       
    },                                                                          
    "400": {                                                                    
        "all_clients": {                                                        
            "test": {                                                           
                "loss": "0.0297 -> 0.0000",                                     
                "accuracy": "99.25% -> 0.00%"                                   
            }                                                                   
        }                                                                       
    }                                                                           
}                                                                               
==================== FedDpa Max Accuracy ====================                   
all_clients:                                                                    
(test) before fine-tuning: 99.25% at epoch 400                                  
(test) after fine-tuning: 0.00% at epoch 100                                    
