Files already downloaded and verified
Files already downloaded and verified
==================== PSFL ====================                                  
Experiment Arguments:                                                           
{
│   'method': 'psfl',
│   'dataset': {
│   │   'name': 'cifar10',
│   │   'client_num': 100,
│   │   'test_ratio': 0.25,
│   │   'val_ratio': 0.0,
│   │   'seed': 42,
│   │   'split': 'sample',
│   │   'IID_ratio': 0.0,
│   │   'monitor_window_name_suffix': 'cifar10-100clients-0%IID-Dir(0.1)-seed42',
│   │   'alpha': 0.1,
│   │   'min_samples_per_client': 10
│   },
│   'model': {
│   │   'name': 'avgcnn',
│   │   'use_torchvision_pretrained_weights': True,
│   │   'external_model_weights_path': None
│   },
│   'optimizer': {
│   │   'lr': 0.01,
│   │   'dampening': 0,
│   │   'weight_decay': 0,
│   │   'momentum': 0,
│   │   'nesterov': False,
│   │   'name': 'sgd'
│   },
│   'mode': 'sequential',
│   'parallel': {
│   │   'ray_cluster_addr': None,
│   │   'num_cpus': None,
│   │   'num_gpus': None,
│   │   'num_workers': 2
│   },
│   'common': {
│   │   'seed': 42,
│   │   'join_ratio': 0.1,
│   │   'global_epoch': 400,
│   │   'local_epoch': 5,
│   │   'batch_size': 32,
│   │   'reset_optimizer_on_global_epoch': True,
│   │   'straggler_ratio': 0,
│   │   'straggler_min_local_epoch': 0,
│   │   'buffers': 'global',
│   │   'client_side_evaluation': True,
│   │   'test': {
│   │   │   'client': {
│   │   │   │   'interval': 100,
│   │   │   │   'finetune_epoch': 0,
│   │   │   │   'train': False,
│   │   │   │   'val': False,
│   │   │   │   'test': True
│   │   │   },
│   │   │   'server': {
│   │   │   │   'interval': -1,
│   │   │   │   'train': False,
│   │   │   │   'val': False,
│   │   │   │   'test': False,
│   │   │   │   'model_in_train_mode': False
│   │   │   }
│   │   },
│   │   'verbose_gap': 10,
│   │   'monitor': None,
│   │   'use_cuda': True,
│   │   'save_log': True,
│   │   'save_model': False,
│   │   'save_learning_curve_plot': False,
│   │   'save_metrics': True,
│   │   'delete_useless_run': True
│   },
│   'psfl': {
│   │   'alpha': 0.0,
│   │   'CLS': False,
│   │   'ig_ratio': 0.5,
│   │   'track': False,
│   │   'score': 'diff'
│   }
}
---------------------------- TRAINING EPOCH: 10 ----------------------------    
client [77] (testset)   loss: 0.5805 -> 0.5047  accuracy: 81.98% -> 83.39%      
client [81] (testset)   loss: 0.0814 -> 0.0840  accuracy: 97.32% -> 97.32%      
client [21] (testset)   loss: 2.3990 -> 0.9561  accuracy: 0.00% -> 60.87%       
client [68] (testset)   loss: 0.3588 -> 0.3812  accuracy: 93.79% -> 93.79%      
client [93] (testset)   loss: 1.1645 -> 1.0389  accuracy: 73.68% -> 73.68%      
client [31] (testset)   loss: 0.3482 -> 0.3151  accuracy: 88.94% -> 89.86%      
client [20] (testset)   loss: 0.5724 -> 0.6590  accuracy: 80.57% -> 77.46%      
client [59] (testset)   loss: 2.2777 -> 0.8218  accuracy: 0.00% -> 100.00%      
client [48] (testset)   loss: 0.4654 -> 0.4626  accuracy: 84.62% -> 84.62%      
client [34] (testset)   loss: 0.9387 -> 0.8401  accuracy: 68.39% -> 69.68%      
---------------------------- TRAINING EPOCH: 20 ----------------------------    
client [69] (testset)   loss: 1.0890 -> 1.0663  accuracy: 54.24% -> 54.85%      
client [99] (testset)   loss: 0.0792 -> 0.0929  accuracy: 100.00% -> 100.00%    
client [67] (testset)   loss: 0.6984 -> 0.6221  accuracy: 72.90% -> 74.19%      
client [0]  (testset)   loss: 0.4569 -> 0.3225  accuracy: 82.04% -> 89.82%      
client [76] (testset)   loss: 0.8490 -> 0.5817  accuracy: 64.90% -> 78.81%      
client [41] (testset)   loss: 1.4695 -> 1.4100  accuracy: 57.14% -> 58.73%      
client [62] (testset)   loss: 2.3763 -> 0.5377  accuracy: 0.00% -> 94.12%       
client [2]  (testset)   loss: 2.3167 -> 0.8564  accuracy: 0.73% -> 60.58%       
client [14] (testset)   loss: 1.2522 -> 0.7926  accuracy: 36.95% -> 69.95%      
client [46] (testset)   loss: 0.6833 -> 0.8592  accuracy: 72.87% -> 61.24%      
---------------------------- TRAINING EPOCH: 30 ----------------------------    
client [24] (testset)   loss: 0.7511 -> 0.7324  accuracy: 72.22% -> 72.22%      
client [68] (testset)   loss: 0.3535 -> 0.3651  accuracy: 93.79% -> 93.79%      
client [57] (testset)   loss: 0.6719 -> 0.3741  accuracy: 73.42% -> 87.34%      
client [17] (testset)   loss: 1.2180 -> 1.2419  accuracy: 72.62% -> 72.62%      
client [54] (testset)   loss: 0.6283 -> 0.6363  accuracy: 83.75% -> 85.00%      
client [23] (testset)   loss: 2.2796 -> 0.0519  accuracy: 0.00% -> 100.00%      
client [35] (testset)   loss: 1.0306 -> 0.9734  accuracy: 83.33% -> 66.67%      
client [59] (testset)   loss: 0.2589 -> 0.2451  accuracy: 100.00% -> 100.00%    
client [31] (testset)   loss: 0.2454 -> 0.2643  accuracy: 92.17% -> 91.24%      
client [9]  (testset)   loss: 0.7332 -> 0.6878  accuracy: 76.92% -> 75.64%      
---------------------------- TRAINING EPOCH: 40 ----------------------------    
client [64] (testset)   loss: 0.3514 -> 0.3638  accuracy: 89.91% -> 90.83%      
client [33] (testset)   loss: 1.1613 -> 0.4683  accuracy: 64.58% -> 86.46%      
client [16] (testset)   loss: 1.0773 -> 1.2143  accuracy: 61.45% -> 51.81%      
client [44] (testset)   loss: 0.6490 -> 0.6065  accuracy: 82.65% -> 83.67%      
client [8]  (testset)   loss: 1.0038 -> 0.9500  accuracy: 54.84% -> 51.61%      
client [31] (testset)   loss: 0.2174 -> 0.2125  accuracy: 93.09% -> 94.01%      
client [47] (testset)   loss: 1.1981 -> 1.6405  accuracy: 56.25% -> 37.50%      
client [36] (testset)   loss: 0.6778 -> 0.6597  accuracy: 82.98% -> 82.98%      
client [20] (testset)   loss: 0.6422 -> 0.6423  accuracy: 80.57% -> 83.03%      
client [56] (testset)   loss: 1.2565 -> 1.1655  accuracy: 23.08% -> 41.54%      
---------------------------- TRAINING EPOCH: 50 ----------------------------    
client [4]  (testset)   loss: 0.3211 -> 0.2812  accuracy: 91.55% -> 91.55%      
client [60] (testset)   loss: 0.4578 -> 0.4236  accuracy: 91.01% -> 91.39%      
client [28] (testset)   loss: 1.3957 -> 1.0861  accuracy: 56.00% -> 56.00%      
client [25] (testset)   loss: 0.5926 -> 0.5732  accuracy: 79.51% -> 79.86%      
client [58] (testset)   loss: 0.5701 -> 0.2783  accuracy: 82.94% -> 94.05%      
client [44] (testset)   loss: 0.6074 -> 0.5926  accuracy: 84.69% -> 82.65%      
client [39] (testset)   loss: 0.7663 -> 0.7806  accuracy: 67.12% -> 67.81%      
client [29] (testset)   loss: 0.3989 -> 0.7895  accuracy: 86.55% -> 76.61%      
client [3]  (testset)   loss: 0.8795 -> 0.8197  accuracy: 65.78% -> 70.59%      
client [84] (testset)   loss: 0.7648 -> 0.7639  accuracy: 70.31% -> 70.31%      
---------------------------- TRAINING EPOCH: 60 ----------------------------    
client [21] (testset)   loss: 0.9369 -> 0.8628  accuracy: 43.48% -> 56.52%      
client [84] (testset)   loss: 0.7964 -> 0.7177  accuracy: 70.31% -> 75.00%      
client [10] (testset)   loss: 0.1801 -> 0.1505  accuracy: 95.66% -> 96.53%      
client [36] (testset)   loss: 0.6954 -> 0.8065  accuracy: 82.98% -> 65.96%      
client [65] (testset)   loss: 0.8671 -> 0.8404  accuracy: 67.86% -> 64.29%      
client [81] (testset)   loss: 0.0721 -> 0.0729  accuracy: 97.32% -> 97.32%      
client [79] (testset)   loss: 0.2337 -> 0.2325  accuracy: 91.06% -> 92.46%      
client [42] (testset)   loss: 0.6092 -> 0.4429  accuracy: 76.95% -> 87.24%      
client [11] (testset)   loss: 0.4169 -> 0.7014  accuracy: 81.82% -> 68.18%      
client [96] (testset)   loss: 1.4775 -> 2.2613  accuracy: 34.09% -> 18.18%      
---------------------------- TRAINING EPOCH: 70 ----------------------------    
client [8]  (testset)   loss: 1.1093 -> 0.9847  accuracy: 51.61% -> 48.39%      
client [53] (testset)   loss: 0.8014 -> 0.8171  accuracy: 70.41% -> 63.27%      
client [52] (testset)   loss: 0.3752 -> 0.3786  accuracy: 94.12% -> 94.12%      
client [42] (testset)   loss: 0.4621 -> 0.4439  accuracy: 89.30% -> 89.30%      
client [69] (testset)   loss: 1.0542 -> 1.1690  accuracy: 60.91% -> 60.00%      
client [59] (testset)   loss: 0.2049 -> 0.1847  accuracy: 100.00% -> 100.00%    
client [7]  (testset)   loss: 0.5787 -> 0.5044  accuracy: 81.16% -> 79.71%      
client [26] (testset)   loss: 0.5725 -> 0.5963  accuracy: 92.31% -> 92.31%      
client [49] (testset)   loss: 0.9212 -> 0.8235  accuracy: 65.40% -> 66.98%      
client [98] (testset)   loss: 0.7912 -> 1.4863  accuracy: 79.62% -> 47.87%      
---------------------------- TRAINING EPOCH: 80 ----------------------------    
client [98] (testset)   loss: 1.4674 -> 0.8768  accuracy: 48.34% -> 79.62%      
client [47] (testset)   loss: 1.2859 -> 1.4662  accuracy: 56.25% -> 56.25%      
client [21] (testset)   loss: 0.7954 -> 0.7017  accuracy: 47.83% -> 65.22%      
client [77] (testset)   loss: 0.4687 -> 0.4926  accuracy: 83.75% -> 84.45%      
client [95] (testset)   loss: 1.3505 -> 2.2893  accuracy: 54.02% -> 25.29%      
client [91] (testset)   loss: 0.6233 -> 0.5494  accuracy: 85.29% -> 86.76%      
client [14] (testset)   loss: 0.8117 -> 0.7090  accuracy: 72.91% -> 72.91%      
client [99] (testset)   loss: 0.0674 -> 0.0584  accuracy: 100.00% -> 100.00%    
client [20] (testset)   loss: 0.9312 -> 0.9542  accuracy: 83.94% -> 83.03%      
client [39] (testset)   loss: 0.9032 -> 0.6481  accuracy: 68.49% -> 76.03%      
---------------------------- TRAINING EPOCH: 90 ----------------------------    
client [52] (testset)   loss: 0.3774 -> 0.4082  accuracy: 94.12% -> 94.12%      
client [62] (testset)   loss: 0.6054 -> 0.6067  accuracy: 94.12% -> 94.12%      
client [71] (testset)   loss: 0.6354 -> 0.8816  accuracy: 80.11% -> 78.49%      
client [97] (testset)   loss: 1.0404 -> 1.0580  accuracy: 71.95% -> 64.63%      
client [30] (testset)   loss: 1.4900 -> 1.3532  accuracy: 45.16% -> 55.91%      
client [88] (testset)   loss: 0.4254 -> 0.4326  accuracy: 85.53% -> 85.79%      
client [60] (testset)   loss: 0.3581 -> 0.3713  accuracy: 89.89% -> 89.89%      
client [82] (testset)   loss: 0.3170 -> 0.3159  accuracy: 96.59% -> 96.59%      
client [91] (testset)   loss: 0.9535 -> 0.5147  accuracy: 64.71% -> 88.24%      
client [57] (testset)   loss: 0.5901 -> 0.3408  accuracy: 80.59% -> 88.61%      
---------------------------- TRAINING EPOCH: 100 ----------------------------   
client [31] (testset)   loss: 0.2601 -> 0.2586  accuracy: 93.55% -> 94.01%      
client [15] (testset)   loss: 0.5569 -> 1.3392  accuracy: 84.38% -> 42.97%      
client [71] (testset)   loss: 0.8798 -> 0.6227  accuracy: 78.49% -> 81.72%      
client [97] (testset)   loss: 0.8406 -> 0.8889  accuracy: 70.73% -> 69.51%      
client [53] (testset)   loss: 0.7918 -> 0.9547  accuracy: 66.84% -> 60.71%      
client [77] (testset)   loss: 0.4926 -> 0.5843  accuracy: 83.75% -> 85.51%      
client [76] (testset)   loss: 0.5241 -> 0.4875  accuracy: 80.13% -> 81.46%      
client [79] (testset)   loss: 0.4087 -> 0.2423  accuracy: 86.31% -> 92.18%      
client [28] (testset)   loss: 1.3630 -> 1.3477  accuracy: 56.00% -> 60.00%      
client [99] (testset)   loss: 0.0849 -> 0.0814  accuracy: 100.00% -> 100.00%    
---------------------------- TRAINING EPOCH: 110 ----------------------------   
client [97] (testset)   loss: 0.9541 -> 0.9066  accuracy: 73.17% -> 73.17%      
client [86] (testset)   loss: 0.7050 -> 0.8779  accuracy: 76.32% -> 73.68%      
client [34] (testset)   loss: 1.2566 -> 0.9350  accuracy: 56.77% -> 67.10%      
client [73] (testset)   loss: 1.5322 -> 1.5207  accuracy: 39.39% -> 51.52%      
client [5]  (testset)   loss: 0.7156 -> 0.7256  accuracy: 77.84% -> 77.84%      
client [96] (testset)   loss: 1.1703 -> 1.2003  accuracy: 56.82% -> 56.82%      
client [22] (testset)   loss: 0.6350 -> 0.7210  accuracy: 80.45% -> 78.95%      
client [60] (testset)   loss: 0.3959 -> 0.4133  accuracy: 90.26% -> 88.39%      
client [66] (testset)   loss: 0.6602 -> 0.6910  accuracy: 79.41% -> 77.94%      
client [83] (testset)   loss: 0.8324 -> 0.9043  accuracy: 75.63% -> 77.59%      
---------------------------- TRAINING EPOCH: 120 ----------------------------   
client [76] (testset)   loss: 0.6235 -> 0.4607  accuracy: 82.12% -> 84.11%      
client [65] (testset)   loss: 0.9084 -> 1.0703  accuracy: 64.29% -> 53.57%      
client [95] (testset)   loss: 1.8246 -> 1.9497  accuracy: 47.13% -> 47.13%      
client [17] (testset)   loss: 1.0204 -> 1.1371  accuracy: 68.45% -> 70.24%      
client [8]  (testset)   loss: 1.1479 -> 1.1481  accuracy: 48.39% -> 41.94%      
client [35] (testset)   loss: 1.2716 -> 1.3134  accuracy: 33.33% -> 33.33%      
client [98] (testset)   loss: 0.9449 -> 0.9422  accuracy: 81.04% -> 80.09%      
client [53] (testset)   loss: 0.7463 -> 0.8295  accuracy: 71.94% -> 70.92%      
client [43] (testset)   loss: 0.9781 -> 0.9983  accuracy: 81.82% -> 81.82%      
client [64] (testset)   loss: 0.3753 -> 0.3560  accuracy: 91.28% -> 92.20%      
---------------------------- TRAINING EPOCH: 130 ----------------------------   
client [21] (testset)   loss: 0.7088 -> 0.6697  accuracy: 73.91% -> 73.91%      
client [88] (testset)   loss: 0.4966 -> 0.4732  accuracy: 86.58% -> 87.63%      
client [38] (testset)   loss: 0.2593 -> 0.2538  accuracy: 91.35% -> 92.31%      
client [3]  (testset)   loss: 1.2407 -> 1.2937  accuracy: 66.31% -> 65.78%      
client [5]  (testset)   loss: 0.7874 -> 0.8513  accuracy: 77.58% -> 77.06%      
client [41] (testset)   loss: 1.1630 -> 1.1952  accuracy: 57.14% -> 58.73%      
client [7]  (testset)   loss: 0.5104 -> 0.5426  accuracy: 78.74% -> 79.23%      
client [37] (testset)   loss: 1.5581 -> 3.0954  accuracy: 83.33% -> 0.00%       
client [45] (testset)   loss: 0.7847 -> 0.5845  accuracy: 63.64% -> 81.82%      
client [47] (testset)   loss: 1.4822 -> 1.8245  accuracy: 50.00% -> 50.00%      
---------------------------- TRAINING EPOCH: 140 ----------------------------   
client [16] (testset)   loss: 1.2254 -> 1.2976  accuracy: 63.86% -> 65.66%      
client [11] (testset)   loss: 0.2311 -> 0.3266  accuracy: 90.91% -> 81.82%      
client [37] (testset)   loss: 2.2770 -> 1.4856  accuracy: 0.00% -> 83.33%       
client [41] (testset)   loss: 1.1941 -> 1.2068  accuracy: 58.73% -> 58.73%      
client [95] (testset)   loss: 2.1152 -> 2.0099  accuracy: 43.68% -> 49.43%      
client [53] (testset)   loss: 0.8252 -> 1.0804  accuracy: 70.92% -> 66.84%      
client [22] (testset)   loss: 0.6889 -> 0.7296  accuracy: 80.45% -> 80.45%      
client [25] (testset)   loss: 0.6768 -> 0.6095  accuracy: 79.15% -> 79.86%      
client [69] (testset)   loss: 1.8868 -> 1.9485  accuracy: 57.88% -> 58.79%      
client [46] (testset)   loss: 0.6033 -> 0.7223  accuracy: 78.29% -> 75.97%      
---------------------------- TRAINING EPOCH: 150 ----------------------------   
client [47] (testset)   loss: 1.8949 -> 2.0345  accuracy: 50.00% -> 50.00%      
client [69] (testset)   loss: 1.9864 -> 2.0263  accuracy: 58.79% -> 59.09%      
client [82] (testset)   loss: 0.3165 -> 0.3174  accuracy: 96.59% -> 96.59%      
client [45] (testset)   loss: 0.8349 -> 0.5930  accuracy: 63.64% -> 72.73%      
client [7]  (testset)   loss: 0.5423 -> 0.5273  accuracy: 79.23% -> 81.16%      
client [50] (testset)   loss: 1.0251 -> 1.0653  accuracy: 71.43% -> 71.43%      
client [35] (testset)   loss: 1.4125 -> 1.4388  accuracy: 33.33% -> 33.33%      
client [24] (testset)   loss: 0.8541 -> 0.8129  accuracy: 77.78% -> 66.67%      
client [15] (testset)   loss: 0.6272 -> 0.7601  accuracy: 83.59% -> 82.81%      
client [58] (testset)   loss: 0.3564 -> 0.3544  accuracy: 92.46% -> 92.86%      
---------------------------- TRAINING EPOCH: 160 ----------------------------   
client [48] (testset)   loss: 0.6764 -> 0.7928  accuracy: 76.92% -> 61.54%      
client [76] (testset)   loss: 0.6948 -> 0.6099  accuracy: 76.16% -> 80.79%      
client [67] (testset)   loss: 0.5431 -> 0.5315  accuracy: 78.71% -> 81.94%      
client [37] (testset)   loss: 2.5310 -> 1.5397  accuracy: 0.00% -> 83.33%       
client [58] (testset)   loss: 0.3714 -> 0.3944  accuracy: 92.46% -> 92.46%      
client [64] (testset)   loss: 0.2936 -> 0.3057  accuracy: 90.83% -> 89.91%      
client [77] (testset)   loss: 0.6454 -> 0.6609  accuracy: 84.45% -> 84.81%      
client [55] (testset)   loss: 0.7072 -> 0.7504  accuracy: 81.83% -> 82.25%      
client [12] (testset)   loss: 0.9453 -> 0.9697  accuracy: 77.70% -> 79.09%      
client [89] (testset)   loss: 0.5969 -> 0.6603  accuracy: 88.24% -> 88.24%      
---------------------------- TRAINING EPOCH: 170 ----------------------------   
client [84] (testset)   loss: 0.9562 -> 0.9925  accuracy: 71.88% -> 73.44%      
client [51] (testset)   loss: 2.1198 -> 1.6048  accuracy: 50.00% -> 50.00%      
client [8]  (testset)   loss: 1.5530 -> 1.4862  accuracy: 45.16% -> 45.16%      
client [18] (testset)   loss: 1.0529 -> 1.1922  accuracy: 77.25% -> 73.65%      
client [94] (testset)   loss: 0.5025 -> 0.5690  accuracy: 83.08% -> 81.54%      
client [81] (testset)   loss: 0.0806 -> 0.0757  accuracy: 96.43% -> 97.32%      
client [3]  (testset)   loss: 1.5969 -> 1.5515  accuracy: 66.84% -> 65.24%      
client [11] (testset)   loss: 0.2293 -> 0.3207  accuracy: 90.91% -> 86.36%      
client [95] (testset)   loss: 2.8195 -> 2.9246  accuracy: 48.28% -> 43.68%      
client [67] (testset)   loss: 0.5284 -> 0.5381  accuracy: 81.94% -> 85.81%      
---------------------------- TRAINING EPOCH: 180 ----------------------------   
client [21] (testset)   loss: 0.7372 -> 1.1093  accuracy: 73.91% -> 56.52%      
client [79] (testset)   loss: 0.3840 -> 0.3919  accuracy: 91.34% -> 91.62%      
client [58] (testset)   loss: 0.3956 -> 0.4026  accuracy: 92.46% -> 92.86%      
client [88] (testset)   loss: 0.5598 -> 0.6040  accuracy: 86.58% -> 87.11%      
client [46] (testset)   loss: 0.7227 -> 0.6909  accuracy: 76.74% -> 78.29%      
client [11] (testset)   loss: 0.3182 -> 0.3348  accuracy: 86.36% -> 81.82%      
client [55] (testset)   loss: 0.8053 -> 0.8271  accuracy: 82.39% -> 82.39%      
client [13] (testset)   loss: 0.9096 -> 0.9361  accuracy: 78.33% -> 77.78%      
client [31] (testset)   loss: 0.2814 -> 0.2760  accuracy: 93.55% -> 93.55%      
client [75] (testset)   loss: 0.6575 -> 0.6672  accuracy: 87.95% -> 87.74%      
---------------------------- TRAINING EPOCH: 190 ----------------------------   
client [19] (testset)   loss: 0.4873 -> 0.5110  accuracy: 92.92% -> 92.92%      
client [7]  (testset)   loss: 0.6126 -> 0.6633  accuracy: 80.68% -> 82.13%      
client [57] (testset)   loss: 0.3831 -> 0.3333  accuracy: 89.03% -> 89.45%      
client [13] (testset)   loss: 0.9588 -> 0.9886  accuracy: 78.33% -> 78.33%      
client [43] (testset)   loss: 0.9954 -> 1.0090  accuracy: 81.82% -> 81.82%      
client [91] (testset)   loss: 0.5575 -> 0.6078  accuracy: 88.24% -> 83.82%      
client [10] (testset)   loss: 0.2839 -> 0.2733  accuracy: 95.66% -> 95.95%      
client [64] (testset)   loss: 0.4059 -> 0.4150  accuracy: 91.74% -> 91.74%      
client [82] (testset)   loss: 0.3252 -> 0.2999  accuracy: 96.59% -> 96.59%      
client [22] (testset)   loss: 0.9132 -> 0.9485  accuracy: 78.95% -> 81.20%      
---------------------------- TRAINING EPOCH: 200 ----------------------------   
client [20] (testset)   loss: 1.1818 -> 1.2098  accuracy: 81.48% -> 81.87%      
client [23] (testset)   loss: 0.0169 -> 0.0171  accuracy: 100.00% -> 100.00%    
client [88] (testset)   loss: 0.6032 -> 0.6019  accuracy: 87.11% -> 87.37%      
client [98] (testset)   loss: 1.3611 -> 1.4118  accuracy: 79.15% -> 80.09%      
client [79] (testset)   loss: 0.4136 -> 0.4214  accuracy: 91.62% -> 91.34%      
client [21] (testset)   loss: 0.9154 -> 0.7149  accuracy: 60.87% -> 65.22%      
client [92] (testset)   loss: 0.2912 -> 3.9271  accuracy: 90.64% -> 5.91%       
client [56] (testset)   loss: 0.8177 -> 0.8439  accuracy: 78.46% -> 78.46%      
client [5]  (testset)   loss: 1.0788 -> 1.1049  accuracy: 78.87% -> 78.61%      
client [52] (testset)   loss: 0.5633 -> 0.5738  accuracy: 94.12% -> 94.12%      
---------------------------- TRAINING EPOCH: 210 ----------------------------   
client [67] (testset)   loss: 0.6093 -> 0.6349  accuracy: 83.87% -> 83.23%      
client [54] (testset)   loss: 1.0797 -> 1.1434  accuracy: 76.25% -> 78.75%      
client [14] (testset)   loss: 1.2524 -> 1.3435  accuracy: 72.41% -> 70.94%      
client [99] (testset)   loss: 0.0517 -> 0.0363  accuracy: 100.00% -> 100.00%    
client [36] (testset)   loss: 1.2775 -> 1.3490  accuracy: 70.21% -> 68.09%      
client [30] (testset)   loss: 1.8693 -> 1.9020  accuracy: 55.91% -> 55.91%      
client [38] (testset)   loss: 0.3211 -> 0.3304  accuracy: 92.31% -> 92.31%      
client [15] (testset)   loss: 0.7724 -> 1.2755  accuracy: 83.59% -> 83.98%      
client [6]  (testset)   loss: 1.3704 -> 1.3774  accuracy: 71.86% -> 73.38%      
client [53] (testset)   loss: 1.3063 -> 1.3913  accuracy: 72.45% -> 70.41%      
---------------------------- TRAINING EPOCH: 220 ----------------------------   
client [99] (testset)   loss: 0.0236 -> 0.0261  accuracy: 100.00% -> 100.00%    
client [6]  (testset)   loss: 1.3817 -> 1.4088  accuracy: 73.00% -> 72.62%      
client [83] (testset)   loss: 1.3256 -> 1.3687  accuracy: 74.79% -> 75.07%      
client [42] (testset)   loss: 0.7022 -> 0.7362  accuracy: 88.07% -> 88.07%      
client [34] (testset)   loss: 1.4058 -> 1.5292  accuracy: 68.39% -> 63.87%      
client [15] (testset)   loss: 1.2606 -> 0.8953  accuracy: 83.98% -> 83.98%      
client [47] (testset)   loss: 2.6074 -> 2.8390  accuracy: 62.50% -> 56.25%      
client [55] (testset)   loss: 0.8308 -> 0.8498  accuracy: 82.25% -> 82.52%      
client [51] (testset)   loss: 1.6439 -> 2.0724  accuracy: 50.00% -> 50.00%      
client [95] (testset)   loss: 3.1730 -> 3.2071  accuracy: 43.68% -> 44.83%      
---------------------------- TRAINING EPOCH: 230 ----------------------------   
client [71] (testset)   loss: 1.0217 -> 1.0171  accuracy: 80.65% -> 81.18%      
client [15] (testset)   loss: 0.8941 -> 0.8962  accuracy: 83.98% -> 83.59%      
client [33] (testset)   loss: 0.6245 -> 0.5437  accuracy: 85.42% -> 89.58%      
client [99] (testset)   loss: 0.0279 -> 0.0328  accuracy: 100.00% -> 100.00%    
client [90] (testset)   loss: 0.2229 -> 0.2343  accuracy: 93.33% -> 93.33%      
client [57] (testset)   loss: 0.3882 -> 0.3995  accuracy: 89.87% -> 89.87%      
client [27] (testset)   loss: 1.8123 -> 1.7279  accuracy: 47.62% -> 52.38%      
client [78] (testset)   loss: 0.9443 -> 0.8984  accuracy: 77.19% -> 79.39%      
client [36] (testset)   loss: 1.3704 -> 1.3763  accuracy: 68.09% -> 68.09%      
client [88] (testset)   loss: 0.6392 -> 0.6449  accuracy: 87.89% -> 87.63%      
---------------------------- TRAINING EPOCH: 240 ----------------------------   
client [70] (testset)   loss: 0.9373 -> 0.9485  accuracy: 88.02% -> 88.02%      
client [35] (testset)   loss: 1.6296 -> 1.6396  accuracy: 16.67% -> 16.67%      
client [16] (testset)   loss: 1.9222 -> 1.9647  accuracy: 65.06% -> 64.46%      
client [80] (testset)   loss: 0.5886 -> 0.6407  accuracy: 88.89% -> 87.58%      
client [38] (testset)   loss: 0.3150 -> 0.2979  accuracy: 93.27% -> 92.31%      
client [78] (testset)   loss: 0.9546 -> 1.0026  accuracy: 78.07% -> 78.51%      
client [68] (testset)   loss: 0.4587 -> 0.4556  accuracy: 93.79% -> 93.79%      
client [11] (testset)   loss: 0.3689 -> 0.2534  accuracy: 86.36% -> 90.91%      
client [64] (testset)   loss: 0.4153 -> 0.4170  accuracy: 92.66% -> 90.83%      
client [82] (testset)   loss: 0.3259 -> 0.3345  accuracy: 96.59% -> 96.59%      
---------------------------- TRAINING EPOCH: 250 ----------------------------   
client [30] (testset)   loss: 2.1280 -> 2.1398  accuracy: 55.91% -> 55.91%      
client [27] (testset)   loss: 1.7246 -> 1.8817  accuracy: 52.38% -> 42.86%      
client [74] (testset)   loss: 0.7612 -> 0.7008  accuracy: 78.95% -> 78.95%      
client [45] (testset)   loss: 1.7923 -> 0.7815  accuracy: 36.36% -> 72.73%      
client [6]  (testset)   loss: 1.4261 -> 1.4422  accuracy: 72.62% -> 72.24%      
client [36] (testset)   loss: 1.3988 -> 1.4233  accuracy: 74.47% -> 72.34%      
client [63] (testset)   loss: 1.0739 -> 1.0971  accuracy: 72.03% -> 67.80%      
client [76] (testset)   loss: 0.6312 -> 0.6363  accuracy: 86.75% -> 84.77%      
client [83] (testset)   loss: 1.3955 -> 1.4269  accuracy: 74.51% -> 75.35%      
client [86] (testset)   loss: 1.0041 -> 1.0169  accuracy: 73.68% -> 72.37%      
---------------------------- TRAINING EPOCH: 260 ----------------------------   
client [83] (testset)   loss: 1.4257 -> 1.4380  accuracy: 75.35% -> 74.51%      
client [99] (testset)   loss: 0.0235 -> 0.0322  accuracy: 100.00% -> 100.00%    
client [74] (testset)   loss: 0.6943 -> 0.7363  accuracy: 76.32% -> 78.95%      
client [73] (testset)   loss: 1.2251 -> 1.2792  accuracy: 54.55% -> 57.58%      
client [29] (testset)   loss: 0.2350 -> 0.2402  accuracy: 92.40% -> 92.40%      
client [92] (testset)   loss: 0.3155 -> 0.3299  accuracy: 89.16% -> 90.15%      
client [6]  (testset)   loss: 1.4791 -> 1.5013  accuracy: 73.00% -> 73.00%      
client [61] (testset)   loss: 1.2371 -> 1.3716  accuracy: 72.57% -> 68.14%      
client [21] (testset)   loss: 1.0445 -> 1.2293  accuracy: 47.83% -> 56.52%      
client [67] (testset)   loss: 0.6865 -> 0.6985  accuracy: 83.87% -> 83.87%      
---------------------------- TRAINING EPOCH: 270 ----------------------------   
client [83] (testset)   loss: 1.4361 -> 1.4608  accuracy: 74.79% -> 74.79%      
client [32] (testset)   loss: 2.4074 -> 2.4607  accuracy: 61.59% -> 60.14%      
client [95] (testset)   loss: 3.1548 -> 3.2799  accuracy: 44.83% -> 44.83%      
client [61] (testset)   loss: 1.5418 -> 1.5677  accuracy: 72.57% -> 70.80%      
client [27] (testset)   loss: 1.8837 -> 1.8765  accuracy: 42.86% -> 47.62%      
client [25] (testset)   loss: 0.9161 -> 0.8644  accuracy: 80.57% -> 79.51%      
client [68] (testset)   loss: 0.4832 -> 0.5064  accuracy: 93.22% -> 93.22%      
client [34] (testset)   loss: 1.5526 -> 1.5807  accuracy: 69.03% -> 68.39%      
client [71] (testset)   loss: 1.1874 -> 1.2152  accuracy: 81.18% -> 80.65%      
client [89] (testset)   loss: 0.8530 -> 0.9182  accuracy: 86.27% -> 86.27%      
---------------------------- TRAINING EPOCH: 280 ----------------------------   
client [78] (testset)   loss: 1.1574 -> 1.1776  accuracy: 78.51% -> 77.63%      
client [81] (testset)   loss: 0.0936 -> 0.0951  accuracy: 97.32% -> 97.32%      
client [51] (testset)   loss: 1.7933 -> 1.9216  accuracy: 62.50% -> 62.50%      
client [54] (testset)   loss: 1.2329 -> 1.3010  accuracy: 78.75% -> 81.25%      
client [65] (testset)   loss: 0.9853 -> 1.0655  accuracy: 64.29% -> 57.14%      
client [41] (testset)   loss: 1.8286 -> 1.8471  accuracy: 65.08% -> 65.08%      
client [11] (testset)   loss: 0.3305 -> 0.4466  accuracy: 90.91% -> 81.82%      
client [85] (testset)   loss: 0.5776 -> 0.6091  accuracy: 89.76% -> 87.80%      
client [12] (testset)   loss: 1.1906 -> 1.2131  accuracy: 77.70% -> 77.35%      
client [23] (testset)   loss: 0.0149 -> 0.0157  accuracy: 100.00% -> 100.00%    
---------------------------- TRAINING EPOCH: 290 ----------------------------   
client [16] (testset)   loss: 1.9866 -> 2.0127  accuracy: 63.25% -> 63.25%      
client [65] (testset)   loss: 1.0542 -> 1.0696  accuracy: 60.71% -> 64.29%      
client [53] (testset)   loss: 1.6175 -> 1.6325  accuracy: 69.90% -> 69.39%      
client [58] (testset)   loss: 0.4639 -> 0.4655  accuracy: 92.86% -> 92.06%      
client [72] (testset)   loss: 0.5987 -> 0.5024  accuracy: 84.85% -> 84.85%      
client [7]  (testset)   loss: 0.8661 -> 0.8213  accuracy: 82.13% -> 80.19%      
client [71] (testset)   loss: 1.2125 -> 1.2264  accuracy: 80.65% -> 81.18%      
client [59] (testset)   loss: 0.0556 -> 0.0534  accuracy: 100.00% -> 100.00%    
client [86] (testset)   loss: 1.0872 -> 1.0847  accuracy: 73.68% -> 77.63%      
client [39] (testset)   loss: 1.2732 -> 1.2799  accuracy: 77.40% -> 77.40%      
---------------------------- TRAINING EPOCH: 300 ----------------------------   
client [99] (testset)   loss: 0.0177 -> 0.0190  accuracy: 100.00% -> 100.00%    
client [7]  (testset)   loss: 0.8595 -> 0.8775  accuracy: 81.64% -> 81.16%      
client [17] (testset)   loss: 2.4507 -> 2.4720  accuracy: 67.86% -> 67.26%      
client [64] (testset)   loss: 0.5043 -> 0.4854  accuracy: 91.28% -> 92.20%      
client [37] (testset)   loss: 2.0979 -> 2.1367  accuracy: 50.00% -> 50.00%      
client [29] (testset)   loss: 0.2621 -> 0.2590  accuracy: 91.81% -> 92.40%      
client [93] (testset)   loss: 0.6807 -> 0.7831  accuracy: 78.95% -> 78.95%      
client [73] (testset)   loss: 1.3071 -> 1.3128  accuracy: 54.55% -> 54.55%      
client [40] (testset)   loss: 0.1798 -> 0.1738  accuracy: 100.00% -> 100.00%    
client [76] (testset)   loss: 0.6846 -> 0.6831  accuracy: 86.09% -> 86.75%      
---------------------------- TRAINING EPOCH: 310 ----------------------------   
client [31] (testset)   loss: 0.3222 -> 0.3251  accuracy: 94.01% -> 94.01%      
client [89] (testset)   loss: 0.9142 -> 0.9130  accuracy: 86.27% -> 86.27%      
client [77] (testset)   loss: 0.9784 -> 0.9859  accuracy: 84.45% -> 84.81%      
client [90] (testset)   loss: 0.2066 -> 0.3094  accuracy: 93.33% -> 80.00%      
client [26] (testset)   loss: 0.7107 -> 0.7179  accuracy: 92.31% -> 92.31%      
client [50] (testset)   loss: 1.7789 -> 1.8308  accuracy: 71.43% -> 71.43%      
client [30] (testset)   loss: 2.2525 -> 2.3060  accuracy: 55.91% -> 55.91%      
client [70] (testset)   loss: 0.9969 -> 1.0035  accuracy: 88.02% -> 88.02%      
client [41] (testset)   loss: 1.9626 -> 2.0029  accuracy: 65.08% -> 65.08%      
client [99] (testset)   loss: 0.0189 -> 0.0148  accuracy: 100.00% -> 100.00%    
---------------------------- TRAINING EPOCH: 320 ----------------------------   
client [68] (testset)   loss: 0.6035 -> 0.6179  accuracy: 92.09% -> 92.09%      
client [70] (testset)   loss: 1.0183 -> 1.0267  accuracy: 87.50% -> 88.02%      
client [52] (testset)   loss: 0.7103 -> 0.7144  accuracy: 94.12% -> 94.12%      
client [1]  (testset)   loss: 0.3647 -> 0.3664  accuracy: 96.08% -> 96.08%      
client [2]  (testset)   loss: 0.7332 -> 0.7368  accuracy: 81.75% -> 81.75%      
client [67] (testset)   loss: 0.7804 -> 0.7993  accuracy: 83.87% -> 83.87%      
client [92] (testset)   loss: 0.4062 -> 0.3883  accuracy: 88.67% -> 88.18%      
client [35] (testset)   loss: 1.7501 -> 1.7676  accuracy: 33.33% -> 16.67%      
client [36] (testset)   loss: 1.6093 -> 1.6384  accuracy: 70.21% -> 68.09%      
client [64] (testset)   loss: 0.4994 -> 0.5377  accuracy: 91.74% -> 92.66%      
---------------------------- TRAINING EPOCH: 330 ----------------------------   
client [44] (testset)   loss: 0.8615 -> 0.9232  accuracy: 82.65% -> 83.67%      
client [6]  (testset)   loss: 1.6126 -> 1.6099  accuracy: 72.24% -> 73.38%      
client [12] (testset)   loss: 1.2635 -> 1.2748  accuracy: 77.70% -> 77.70%      
client [55] (testset)   loss: 0.9017 -> 0.9036  accuracy: 82.25% -> 82.25%      
client [29] (testset)   loss: 0.2669 -> 0.2773  accuracy: 92.40% -> 91.23%      
client [9]  (testset)   loss: 1.3807 -> 1.3914  accuracy: 80.77% -> 80.34%      
client [43] (testset)   loss: 1.1427 -> 1.1564  accuracy: 81.82% -> 81.82%      
client [77] (testset)   loss: 0.9873 -> 0.9964  accuracy: 84.45% -> 84.10%      
client [98] (testset)   loss: 1.6773 -> 1.6938  accuracy: 79.62% -> 79.62%      
client [78] (testset)   loss: 1.2250 -> 1.2390  accuracy: 77.63% -> 78.51%      
---------------------------- TRAINING EPOCH: 340 ----------------------------   
client [92] (testset)   loss: 0.4291 -> 0.4548  accuracy: 88.67% -> 90.15%      
client [80] (testset)   loss: 0.7181 -> 0.7417  accuracy: 88.24% -> 88.24%      
client [63] (testset)   loss: 1.2738 -> 1.2989  accuracy: 66.10% -> 66.10%      
client [76] (testset)   loss: 0.7003 -> 0.6954  accuracy: 86.75% -> 86.75%      
client [78] (testset)   loss: 1.2415 -> 1.2471  accuracy: 77.63% -> 78.51%      
client [25] (testset)   loss: 0.9450 -> 0.9836  accuracy: 79.86% -> 79.51%      
client [58] (testset)   loss: 0.4715 -> 0.4865  accuracy: 92.86% -> 92.06%      
client [13] (testset)   loss: 1.1792 -> 1.1941  accuracy: 76.67% -> 76.67%      
client [17] (testset)   loss: 2.6612 -> 2.7204  accuracy: 67.86% -> 67.26%      
client [38] (testset)   loss: 0.4060 -> 0.4028  accuracy: 93.27% -> 93.27%      
---------------------------- TRAINING EPOCH: 350 ----------------------------   
client [72] (testset)   loss: 0.6265 -> 0.6091  accuracy: 84.85% -> 84.85%      
client [82] (testset)   loss: 0.4397 -> 0.4432  accuracy: 96.59% -> 96.59%      
client [86] (testset)   loss: 1.1704 -> 1.1754  accuracy: 72.37% -> 73.68%      
client [51] (testset)   loss: 1.8984 -> 1.9163  accuracy: 62.50% -> 62.50%      
client [96] (testset)   loss: 1.6673 -> 1.7067  accuracy: 61.36% -> 59.09%      
client [42] (testset)   loss: 0.8615 -> 0.8677  accuracy: 87.24% -> 87.24%      
client [55] (testset)   loss: 0.9341 -> 0.9421  accuracy: 82.11% -> 82.25%      
client [13] (testset)   loss: 1.2071 -> 1.2169  accuracy: 77.22% -> 76.67%      
client [1]  (testset)   loss: 0.3918 -> 0.4014  accuracy: 96.08% -> 96.08%      
client [12] (testset)   loss: 1.2740 -> 1.2954  accuracy: 77.70% -> 77.35%      
---------------------------- TRAINING EPOCH: 360 ----------------------------   
client [68] (testset)   loss: 0.6370 -> 0.6403  accuracy: 92.09% -> 92.09%      
client [23] (testset)   loss: 0.0132 -> 0.0131  accuracy: 100.00% -> 100.00%    
client [46] (testset)   loss: 1.1774 -> 1.1842  accuracy: 79.07% -> 79.07%      
client [41] (testset)   loss: 2.0890 -> 2.0974  accuracy: 65.08% -> 65.08%      
client [25] (testset)   loss: 1.0902 -> 1.1590  accuracy: 79.51% -> 80.21%      
client [58] (testset)   loss: 0.4819 -> 0.4861  accuracy: 92.46% -> 92.46%      
client [14] (testset)   loss: 1.4422 -> 1.4497  accuracy: 71.92% -> 71.43%      
client [33] (testset)   loss: 0.6395 -> 0.6421  accuracy: 88.54% -> 88.54%      
client [85] (testset)   loss: 0.6430 -> 0.6486  accuracy: 88.29% -> 88.29%      
client [62] (testset)   loss: 0.9487 -> 0.9545  accuracy: 94.12% -> 94.12%      
---------------------------- TRAINING EPOCH: 370 ----------------------------   
client [98] (testset)   loss: 1.7488 -> 1.7588  accuracy: 79.62% -> 79.62%      
client [63] (testset)   loss: 1.3156 -> 1.3226  accuracy: 66.10% -> 67.80%      
client [70] (testset)   loss: 1.0618 -> 1.0671  accuracy: 88.02% -> 87.50%      
client [65] (testset)   loss: 1.1352 -> 1.1530  accuracy: 64.29% -> 64.29%      
client [14] (testset)   loss: 1.4760 -> 1.4873  accuracy: 71.92% -> 71.43%      
client [73] (testset)   loss: 1.3445 -> 1.4163  accuracy: 60.61% -> 54.55%      
client [34] (testset)   loss: 1.8680 -> 1.8921  accuracy: 69.68% -> 69.03%      
client [99] (testset)   loss: 0.0192 -> 0.0168  accuracy: 100.00% -> 100.00%    
client [69] (testset)   loss: 2.4476 -> 2.4560  accuracy: 57.88% -> 57.88%      
client [46] (testset)   loss: 1.1812 -> 1.1767  accuracy: 79.07% -> 79.07%      
---------------------------- TRAINING EPOCH: 380 ----------------------------   
client [99] (testset)   loss: 0.0157 -> 0.0161  accuracy: 100.00% -> 100.00%    
client [93] (testset)   loss: 0.8283 -> 0.7829  accuracy: 78.95% -> 78.95%      
client [11] (testset)   loss: 0.4208 -> 0.4588  accuracy: 90.91% -> 86.36%      
client [58] (testset)   loss: 0.4949 -> 0.5012  accuracy: 92.46% -> 92.46%      
client [81] (testset)   loss: 0.0986 -> 0.0989  accuracy: 97.32% -> 97.32%      
client [85] (testset)   loss: 0.6478 -> 0.6464  accuracy: 88.29% -> 89.27%      
client [89] (testset)   loss: 0.9893 -> 0.9678  accuracy: 86.27% -> 88.24%      
client [45] (testset)   loss: 0.9680 -> 1.0162  accuracy: 72.73% -> 72.73%      
client [8]  (testset)   loss: 2.1201 -> 2.1695  accuracy: 45.16% -> 45.16%      
client [68] (testset)   loss: 0.6710 -> 0.6762  accuracy: 92.09% -> 92.09%      
---------------------------- TRAINING EPOCH: 390 ----------------------------   
client [67] (testset)   loss: 0.8200 -> 0.8231  accuracy: 84.52% -> 84.52%      
client [72] (testset)   loss: 0.6001 -> 0.6378  accuracy: 81.82% -> 81.82%      
client [1]  (testset)   loss: 0.4100 -> 0.4252  accuracy: 96.08% -> 96.08%      
client [78] (testset)   loss: 1.3143 -> 1.3212  accuracy: 78.51% -> 78.07%      
client [83] (testset)   loss: 1.6213 -> 1.6307  accuracy: 74.79% -> 74.23%      
client [21] (testset)   loss: 1.0343 -> 1.0850  accuracy: 73.91% -> 69.57%      
client [56] (testset)   loss: 1.1280 -> 1.1708  accuracy: 80.00% -> 78.46%      
client [44] (testset)   loss: 1.0153 -> 1.0124  accuracy: 83.67% -> 82.65%      
client [92] (testset)   loss: 0.4520 -> 0.4441  accuracy: 89.66% -> 89.16%      
client [27] (testset)   loss: 2.3441 -> 2.3302  accuracy: 52.38% -> 47.62%      
---------------------------- TRAINING EPOCH: 400 ----------------------------   
client [10] (testset)   loss: 0.3507 -> 0.3461  accuracy: 95.66% -> 95.95%      
client [39] (testset)   loss: 1.3363 -> 1.3796  accuracy: 77.40% -> 78.08%      
client [65] (testset)   loss: 1.2315 -> 1.2218  accuracy: 60.71% -> 64.29%      
client [26] (testset)   loss: 0.7596 -> 0.7659  accuracy: 92.31% -> 92.31%      
client [19] (testset)   loss: 0.6970 -> 0.6980  accuracy: 92.04% -> 92.04%      
client [68] (testset)   loss: 0.6795 -> 0.6891  accuracy: 92.09% -> 92.09%      
client [41] (testset)   loss: 2.1862 -> 2.2069  accuracy: 65.08% -> 65.08%      
client [50] (testset)   loss: 2.4203 -> 2.4632  accuracy: 71.43% -> 71.43%      
client [75] (testset)   loss: 0.8131 -> 0.8188  accuracy: 88.37% -> 88.16%      
client [81] (testset)   loss: 0.1001 -> 0.1027  accuracy: 97.32% -> 98.21%      
Training... ━━━━━━━━━━━━━━━━━━━━━━━━━━━━━━━━━━━━━━━━ 100% 0:09:13
PSFL's average time taken by each global epoch: 0 min 1.36 sec.                 
PSFL's total running time: 0 h 9 m 13 s.                                        
==================== PSFL Experiment Results: ====================              
Display format: (before local fine-tuning) -> (after local fine-tuning)         
 So if finetune_epoch = 0, x.xx% -> 0.00% is normal.                            
 Centralized testing ONLY happens after model aggregation, so the stats between 
'->' are the same.                                                              
{                                                                               
    "100": {                                                                    
        "all_clients": {                                                        
            "test": {                                                           
                "loss": "0.7003 -> 0.0000",                                     
                "accuracy": "78.49% -> 0.00%"                                   
            }                                                                   
        }                                                                       
    },                                                                          
    "200": {                                                                    
        "all_clients": {                                                        
            "test": {                                                           
                "loss": "0.9513 -> 0.0000",                                     
                "accuracy": "79.50% -> 0.00%"                                   
            }                                                                   
        }                                                                       
    },                                                                          
    "300": {                                                                    
        "all_clients": {                                                        
            "test": {                                                           
                "loss": "1.0869 -> 0.0000",                                     
                "accuracy": "80.87% -> 0.00%"                                   
            }                                                                   
        }                                                                       
    },                                                                          
    "400": {                                                                    
        "all_clients": {                                                        
            "test": {                                                           
                "loss": "1.1903 -> 0.0000",                                     
                "accuracy": "80.83% -> 0.00%"                                   
            }                                                                   
        }                                                                       
    }                                                                           
}                                                                               
==================== PSFL Max Accuracy ====================                     
all_clients:                                                                    
(test) before fine-tuning: 80.87% at epoch 300                                  
(test) after fine-tuning: 0.00% at epoch 100                                    
