Files already downloaded and verified
Files already downloaded and verified
==================== PSFL ====================                                  
Experiment Arguments:                                                           
{
│   'method': 'psfl',
│   'dataset': {
│   │   'name': 'cifar100',
│   │   'client_num': 100,
│   │   'test_ratio': 0.25,
│   │   'val_ratio': 0.0,
│   │   'seed': 42,
│   │   'split': 'sample',
│   │   'IID_ratio': 0.0,
│   │   'monitor_window_name_suffix': 'cifar100-100clients-0%IID-use20superclasses-Dir(0.1)-seed42',
│   │   'super_class': False,
│   │   'alpha': 0.1,
│   │   'min_samples_per_client': 10
│   },
│   'model': {
│   │   'name': 'avgcnn',
│   │   'use_torchvision_pretrained_weights': True,
│   │   'external_model_weights_path': None
│   },
│   'optimizer': {
│   │   'lr': 0.01,
│   │   'dampening': 0,
│   │   'weight_decay': 0,
│   │   'momentum': 0,
│   │   'nesterov': False,
│   │   'name': 'sgd'
│   },
│   'mode': 'sequential',
│   'parallel': {
│   │   'ray_cluster_addr': None,
│   │   'num_cpus': None,
│   │   'num_gpus': None,
│   │   'num_workers': 2
│   },
│   'common': {
│   │   'seed': 42,
│   │   'join_ratio': 0.1,
│   │   'global_epoch': 400,
│   │   'local_epoch': 5,
│   │   'batch_size': 32,
│   │   'reset_optimizer_on_global_epoch': True,
│   │   'straggler_ratio': 0,
│   │   'straggler_min_local_epoch': 0,
│   │   'buffers': 'global',
│   │   'client_side_evaluation': True,
│   │   'test': {
│   │   │   'client': {
│   │   │   │   'interval': 100,
│   │   │   │   'finetune_epoch': 0,
│   │   │   │   'train': False,
│   │   │   │   'val': False,
│   │   │   │   'test': True
│   │   │   },
│   │   │   'server': {
│   │   │   │   'interval': -1,
│   │   │   │   'train': False,
│   │   │   │   'val': False,
│   │   │   │   'test': False,
│   │   │   │   'model_in_train_mode': False
│   │   │   }
│   │   },
│   │   'verbose_gap': 10,
│   │   'monitor': None,
│   │   'use_cuda': True,
│   │   'save_log': True,
│   │   'save_model': False,
│   │   'save_learning_curve_plot': False,
│   │   'save_metrics': True,
│   │   'delete_useless_run': True
│   },
│   'psfl': {
│   │   'alpha': 0.0,
│   │   'CLS': False,
│   │   'ig_ratio': 0.8,
│   │   'track': False,
│   │   'score': 'obp'
│   }
}
---------------------------- TRAINING EPOCH: 10 ----------------------------    
client [77] (testset)   loss: 2.2527 -> 2.1910  accuracy: 41.01% -> 40.45%      
client [81] (testset)   loss: 3.0723 -> 4.2776  accuracy: 26.49% -> 22.52%      
client [21] (testset)   loss: 4.6103 -> 2.6066  accuracy: 4.76% -> 28.57%       
client [68] (testset)   loss: 2.8417 -> 2.3223  accuracy: 21.43% -> 39.08%      
client [93] (testset)   loss: 3.1494 -> 2.6604  accuracy: 21.60% -> 36.00%      
client [31] (testset)   loss: 2.9046 -> 2.2893  accuracy: 20.00% -> 38.42%      
client [20] (testset)   loss: 2.3721 -> 2.1736  accuracy: 36.14% -> 45.05%      
client [59] (testset)   loss: 4.4973 -> 2.5406  accuracy: 2.15% -> 32.62%       
client [48] (testset)   loss: 2.8164 -> 2.9036  accuracy: 24.85% -> 21.21%      
client [34] (testset)   loss: 2.8881 -> 2.7948  accuracy: 26.52% -> 23.76%      
---------------------------- TRAINING EPOCH: 20 ----------------------------    
client [69] (testset)   loss: 2.1038 -> 1.9363  accuracy: 41.52% -> 47.65%      
client [99] (testset)   loss: 3.4502 -> 3.4495  accuracy: 22.63% -> 18.25%      
client [67] (testset)   loss: 2.9826 -> 2.9899  accuracy: 17.03% -> 25.27%      
client [0]  (testset)   loss: 2.2607 -> 2.2432  accuracy: 43.14% -> 40.20%      
client [76] (testset)   loss: 2.3928 -> 2.4587  accuracy: 33.52% -> 33.52%      
client [41] (testset)   loss: 2.9873 -> 2.7925  accuracy: 20.97% -> 21.77%      
client [62] (testset)   loss: 4.4683 -> 2.5222  accuracy: 3.40% -> 33.98%       
client [2]  (testset)   loss: 4.5714 -> 2.8877  accuracy: 0.00% -> 17.86%       
client [14] (testset)   loss: 2.8804 -> 3.1754  accuracy: 28.57% -> 28.57%      
client [46] (testset)   loss: 2.3218 -> 2.1476  accuracy: 43.81% -> 50.48%      
---------------------------- TRAINING EPOCH: 30 ----------------------------    
client [24] (testset)   loss: 2.4103 -> 2.2970  accuracy: 29.31% -> 40.52%      
client [68] (testset)   loss: 2.3000 -> 2.5870  accuracy: 39.08% -> 38.66%      
client [57] (testset)   loss: 2.1616 -> 2.2133  accuracy: 37.42% -> 39.88%      
client [17] (testset)   loss: 2.6605 -> 2.7774  accuracy: 29.32% -> 33.83%      
client [54] (testset)   loss: 3.3965 -> 3.7076  accuracy: 30.00% -> 29.17%      
client [23] (testset)   loss: 4.5943 -> 2.5274  accuracy: 0.91% -> 35.45%       
client [35] (testset)   loss: 2.3805 -> 2.7542  accuracy: 33.67% -> 28.06%      
client [59] (testset)   loss: 2.3897 -> 2.2686  accuracy: 31.76% -> 36.05%      
client [31] (testset)   loss: 2.2838 -> 2.4379  accuracy: 39.47% -> 42.63%      
client [9]  (testset)   loss: 2.4692 -> 2.4891  accuracy: 32.89% -> 38.26%      
---------------------------- TRAINING EPOCH: 40 ----------------------------    
client [64] (testset)   loss: 2.2226 -> 2.1650  accuracy: 41.89% -> 44.59%      
client [33] (testset)   loss: 2.7651 -> 3.0114  accuracy: 30.28% -> 25.69%      
client [16] (testset)   loss: 3.0584 -> 2.8794  accuracy: 19.83% -> 27.27%      
client [44] (testset)   loss: 2.8099 -> 2.8693  accuracy: 22.88% -> 20.26%      
client [8]  (testset)   loss: 2.6135 -> 2.8441  accuracy: 40.70% -> 35.68%      
client [31] (testset)   loss: 2.4749 -> 2.3469  accuracy: 44.21% -> 44.21%      
client [47] (testset)   loss: 2.7120 -> 2.7166  accuracy: 35.65% -> 39.13%      
client [36] (testset)   loss: 2.9988 -> 2.6940  accuracy: 16.81% -> 27.43%      
client [20] (testset)   loss: 2.2612 -> 1.9361  accuracy: 41.09% -> 50.00%      
client [56] (testset)   loss: 2.4392 -> 2.6965  accuracy: 36.90% -> 22.62%      
---------------------------- TRAINING EPOCH: 50 ----------------------------    
client [4]  (testset)   loss: 2.0434 -> 1.9491  accuracy: 45.95% -> 46.62%      
client [60] (testset)   loss: 2.5194 -> 2.7294  accuracy: 33.33% -> 30.30%      
client [28] (testset)   loss: 2.3807 -> 2.4153  accuracy: 41.13% -> 39.52%      
client [25] (testset)   loss: 2.2032 -> 2.2804  accuracy: 43.75% -> 44.79%      
client [58] (testset)   loss: 3.3199 -> 3.2599  accuracy: 24.62% -> 34.62%      
client [44] (testset)   loss: 2.7633 -> 2.9190  accuracy: 20.26% -> 23.53%      
client [39] (testset)   loss: 2.4963 -> 2.6776  accuracy: 28.74% -> 35.93%      
client [29] (testset)   loss: 3.9851 -> 3.0481  accuracy: 23.33% -> 28.67%      
client [3]  (testset)   loss: 2.4316 -> 2.1792  accuracy: 37.50% -> 45.31%      
client [84] (testset)   loss: 4.4105 -> 5.2865  accuracy: 15.68% -> 16.53%      
---------------------------- TRAINING EPOCH: 60 ----------------------------    
client [21] (testset)   loss: 2.3463 -> 2.1546  accuracy: 25.85% -> 36.73%      
client [84] (testset)   loss: 2.9790 -> 3.0053  accuracy: 35.59% -> 35.17%      
client [10] (testset)   loss: 2.5641 -> 2.7376  accuracy: 28.85% -> 37.50%      
client [36] (testset)   loss: 2.7316 -> 2.7404  accuracy: 25.66% -> 28.32%      
client [65] (testset)   loss: 2.7037 -> 3.0748  accuracy: 27.27% -> 28.18%      
client [81] (testset)   loss: 2.6121 -> 3.4720  accuracy: 42.38% -> 30.46%      
client [79] (testset)   loss: 1.7011 -> 1.8329  accuracy: 57.54% -> 48.60%      
client [42] (testset)   loss: 2.2291 -> 2.5475  accuracy: 53.42% -> 40.41%      
client [11] (testset)   loss: 2.0096 -> 2.1707  accuracy: 44.63% -> 41.81%      
client [96] (testset)   loss: 2.9565 -> 2.5620  accuracy: 28.90% -> 35.84%      
---------------------------- TRAINING EPOCH: 70 ----------------------------    
client [8]  (testset)   loss: 2.8146 -> 3.5389  accuracy: 40.20% -> 29.65%      
client [53] (testset)   loss: 2.7399 -> 4.0780  accuracy: 31.21% -> 24.82%      
client [52] (testset)   loss: 2.5183 -> 2.9492  accuracy: 41.04% -> 35.07%      
client [42] (testset)   loss: 2.2476 -> 2.3803  accuracy: 47.95% -> 47.95%      
client [69] (testset)   loss: 2.0612 -> 2.1893  accuracy: 51.99% -> 51.62%      
client [59] (testset)   loss: 2.2724 -> 2.9292  accuracy: 39.06% -> 27.90%      
client [7]  (testset)   loss: 2.6735 -> 4.5786  accuracy: 34.65% -> 21.05%      
client [26] (testset)   loss: 2.7221 -> 2.7840  accuracy: 30.09% -> 32.74%      
client [49] (testset)   loss: 2.3472 -> 2.3231  accuracy: 43.83% -> 41.36%      
client [98] (testset)   loss: 3.1128 -> 3.5915  accuracy: 27.46% -> 31.69%      
---------------------------- TRAINING EPOCH: 80 ----------------------------    
client [98] (testset)   loss: 3.1407 -> 3.1871  accuracy: 33.80% -> 29.58%      
client [47] (testset)   loss: 2.5155 -> 2.5256  accuracy: 42.61% -> 42.61%      
client [21] (testset)   loss: 2.1489 -> 2.1650  accuracy: 34.69% -> 38.78%      
client [77] (testset)   loss: 1.8287 -> 2.0776  accuracy: 51.12% -> 44.94%      
client [95] (testset)   loss: 3.0693 -> 3.3038  accuracy: 38.55% -> 36.75%      
client [91] (testset)   loss: 3.0300 -> 2.7880  accuracy: 30.92% -> 30.26%      
client [14] (testset)   loss: 3.9597 -> 5.2312  accuracy: 31.17% -> 22.08%      
client [99] (testset)   loss: 3.6047 -> 4.0086  accuracy: 22.63% -> 16.06%      
client [20] (testset)   loss: 2.2416 -> 2.2972  accuracy: 45.54% -> 50.50%      
client [39] (testset)   loss: 2.3505 -> 2.4350  accuracy: 33.53% -> 40.72%      
---------------------------- TRAINING EPOCH: 90 ----------------------------    
client [52] (testset)   loss: 2.5735 -> 3.2303  accuracy: 43.28% -> 29.10%      
client [62] (testset)   loss: 2.7779 -> 3.2147  accuracy: 44.17% -> 36.89%      
client [71] (testset)   loss: 3.3920 -> 4.0999  accuracy: 22.14% -> 21.37%      
client [97] (testset)   loss: 2.7657 -> 3.0703  accuracy: 32.38% -> 28.57%      
client [30] (testset)   loss: 4.1911 -> 4.7671  accuracy: 19.34% -> 18.23%      
client [88] (testset)   loss: 2.2702 -> 2.5781  accuracy: 36.87% -> 39.11%      
client [60] (testset)   loss: 2.9697 -> 2.9195  accuracy: 40.91% -> 34.85%      
client [82] (testset)   loss: 2.8347 -> 4.7060  accuracy: 31.40% -> 18.60%      
client [91] (testset)   loss: 2.7173 -> 3.5256  accuracy: 28.95% -> 23.68%      
client [57] (testset)   loss: 2.0628 -> 2.3825  accuracy: 44.17% -> 43.56%      
---------------------------- TRAINING EPOCH: 100 ----------------------------   
client [31] (testset)   loss: 3.3268 -> 3.3328  accuracy: 45.26% -> 44.21%      
client [15] (testset)   loss: 2.5809 -> 3.0766  accuracy: 35.04% -> 35.77%      
client [71] (testset)   loss: 3.8004 -> 5.3708  accuracy: 21.37% -> 16.03%      
client [97] (testset)   loss: 3.4987 -> 3.1899  accuracy: 23.81% -> 24.76%      
client [53] (testset)   loss: 2.9007 -> 3.5206  accuracy: 32.62% -> 37.59%      
client [77] (testset)   loss: 1.9379 -> 2.4071  accuracy: 46.63% -> 37.08%      
client [76] (testset)   loss: 2.5804 -> 2.7160  accuracy: 32.96% -> 37.99%      
client [79] (testset)   loss: 2.1509 -> 1.9651  accuracy: 42.46% -> 55.87%      
client [28] (testset)   loss: 2.5190 -> 2.6849  accuracy: 44.35% -> 43.55%      
client [99] (testset)   loss: 3.8123 -> 4.3580  accuracy: 23.36% -> 24.09%      
---------------------------- TRAINING EPOCH: 110 ----------------------------   
client [97] (testset)   loss: 3.2486 -> 4.1918  accuracy: 28.57% -> 20.95%      
client [86] (testset)   loss: 4.2993 -> 2.9232  accuracy: 24.58% -> 46.61%      
client [34] (testset)   loss: 3.2981 -> 3.5995  accuracy: 30.94% -> 33.15%      
client [73] (testset)   loss: 4.3255 -> 5.1366  accuracy: 17.99% -> 21.58%      
client [5]  (testset)   loss: 2.8441 -> 5.1891  accuracy: 45.40% -> 32.52%      
client [96] (testset)   loss: 3.2767 -> 3.3355  accuracy: 39.88% -> 42.77%      
client [22] (testset)   loss: 2.8757 -> 3.7654  accuracy: 33.55% -> 21.05%      
client [60] (testset)   loss: 2.9678 -> 3.3314  accuracy: 34.85% -> 33.33%      
client [66] (testset)   loss: 2.5896 -> 2.8356  accuracy: 40.78% -> 39.81%      
client [83] (testset)   loss: 2.7397 -> 3.4015  accuracy: 34.87% -> 41.45%      
---------------------------- TRAINING EPOCH: 120 ----------------------------   
client [76] (testset)   loss: 3.0804 -> 3.2976  accuracy: 35.20% -> 35.75%      
client [65] (testset)   loss: 2.6566 -> 3.8384  accuracy: 30.91% -> 25.45%      
client [95] (testset)   loss: 3.8177 -> 4.2420  accuracy: 36.14% -> 33.73%      
client [17] (testset)   loss: 2.9597 -> 3.5378  accuracy: 34.59% -> 32.33%      
client [8]  (testset)   loss: 3.4096 -> 3.5552  accuracy: 43.72% -> 44.22%      
client [35] (testset)   loss: 3.4362 -> 3.5365  accuracy: 37.24% -> 36.73%      
client [98] (testset)   loss: 3.1225 -> 3.6969  accuracy: 35.92% -> 30.99%      
client [53] (testset)   loss: 3.0156 -> 3.7008  accuracy: 36.17% -> 34.75%      
client [43] (testset)   loss: 3.3730 -> 3.3786  accuracy: 25.19% -> 36.30%      
client [64] (testset)   loss: 2.5345 -> 2.7401  accuracy: 39.86% -> 41.89%      
---------------------------- TRAINING EPOCH: 130 ----------------------------   
client [21] (testset)   loss: 2.1306 -> 2.2967  accuracy: 38.10% -> 42.18%      
client [88] (testset)   loss: 2.8063 -> 3.1907  accuracy: 40.22% -> 41.34%      
client [38] (testset)   loss: 2.7194 -> 2.8898  accuracy: 46.37% -> 47.49%      
client [3]  (testset)   loss: 2.3945 -> 2.3579  accuracy: 48.44% -> 45.31%      
client [5]  (testset)   loss: 3.0335 -> 3.4727  accuracy: 40.49% -> 41.72%      
client [41] (testset)   loss: 3.0094 -> 3.3921  accuracy: 28.23% -> 25.00%      
client [7]  (testset)   loss: 3.2604 -> 3.5868  accuracy: 34.21% -> 28.95%      
client [37] (testset)   loss: 3.3133 -> 3.1770  accuracy: 22.12% -> 31.73%      
client [45] (testset)   loss: 2.1582 -> 2.1493  accuracy: 41.15% -> 50.00%      
client [47] (testset)   loss: 2.5975 -> 3.1172  accuracy: 43.48% -> 38.26%      
---------------------------- TRAINING EPOCH: 140 ----------------------------   
client [16] (testset)   loss: 3.2327 -> 3.4015  accuracy: 36.36% -> 34.71%      
client [11] (testset)   loss: 2.4775 -> 2.8293  accuracy: 46.33% -> 45.20%      
client [37] (testset)   loss: 3.2943 -> 3.6018  accuracy: 32.69% -> 36.54%      
client [41] (testset)   loss: 3.2110 -> 3.5607  accuracy: 28.23% -> 29.84%      
client [95] (testset)   loss: 4.5076 -> 4.2207  accuracy: 33.13% -> 33.13%      
client [53] (testset)   loss: 3.3108 -> 3.7148  accuracy: 38.30% -> 41.84%      
client [22] (testset)   loss: 3.5754 -> 3.9526  accuracy: 29.61% -> 24.34%      
client [25] (testset)   loss: 2.7634 -> 2.9701  accuracy: 37.50% -> 37.50%      
client [69] (testset)   loss: 2.7719 -> 3.0172  accuracy: 54.87% -> 53.43%      
client [46] (testset)   loss: 2.2010 -> 2.6823  accuracy: 49.52% -> 40.95%      
---------------------------- TRAINING EPOCH: 150 ----------------------------   
client [47] (testset)   loss: 3.0213 -> 3.3046  accuracy: 46.96% -> 44.35%      
client [69] (testset)   loss: 3.1537 -> 3.3215  accuracy: 51.26% -> 51.62%      
client [82] (testset)   loss: 3.5124 -> 3.5568  accuracy: 31.40% -> 33.72%      
client [45] (testset)   loss: 2.1436 -> 2.3176  accuracy: 44.69% -> 46.02%      
client [7]  (testset)   loss: 3.2758 -> 3.3577  accuracy: 29.82% -> 35.09%      
client [50] (testset)   loss: 2.8006 -> 2.4240  accuracy: 32.00% -> 45.00%      
client [35] (testset)   loss: 3.7067 -> 3.7357  accuracy: 38.27% -> 40.31%      
client [24] (testset)   loss: 2.9576 -> 3.1840  accuracy: 39.66% -> 34.48%      
client [15] (testset)   loss: 3.0101 -> 3.4723  accuracy: 40.88% -> 34.31%      
client [58] (testset)   loss: 3.8703 -> 4.2957  accuracy: 36.15% -> 36.15%      
---------------------------- TRAINING EPOCH: 160 ----------------------------   
client [48] (testset)   loss: 4.0197 -> 4.2655  accuracy: 37.58% -> 38.79%      
client [76] (testset)   loss: 3.5459 -> 3.6912  accuracy: 32.96% -> 34.64%      
client [67] (testset)   loss: 3.1466 -> 3.3790  accuracy: 36.81% -> 35.16%      
client [37] (testset)   loss: 3.7454 -> 3.9367  accuracy: 30.77% -> 27.88%      
client [58] (testset)   loss: 3.2977 -> 3.8236  accuracy: 33.08% -> 34.62%      
client [64] (testset)   loss: 3.1426 -> 3.2586  accuracy: 40.54% -> 42.57%      
client [77] (testset)   loss: 2.2733 -> 2.4552  accuracy: 49.44% -> 50.00%      
client [55] (testset)   loss: 2.4566 -> 2.5854  accuracy: 49.28% -> 50.72%      
client [12] (testset)   loss: 2.7186 -> 2.8127  accuracy: 46.21% -> 47.73%      
client [89] (testset)   loss: 4.7458 -> 5.0504  accuracy: 30.57% -> 32.48%      
---------------------------- TRAINING EPOCH: 170 ----------------------------   
client [84] (testset)   loss: 4.4688 -> 4.7989  accuracy: 35.17% -> 34.75%      
client [51] (testset)   loss: 3.3898 -> 3.3574  accuracy: 40.54% -> 38.51%      
client [8]  (testset)   loss: 4.2393 -> 3.7682  accuracy: 42.71% -> 47.24%      
client [18] (testset)   loss: 2.6756 -> 2.9748  accuracy: 47.66% -> 50.00%      
client [94] (testset)   loss: 3.5129 -> 3.8988  accuracy: 41.54% -> 40.77%      
client [81] (testset)   loss: 3.2502 -> 3.3440  accuracy: 45.70% -> 40.40%      
client [3]  (testset)   loss: 2.8294 -> 3.0833  accuracy: 43.75% -> 42.97%      
client [11] (testset)   loss: 2.9250 -> 3.0764  accuracy: 44.07% -> 46.33%      
client [95] (testset)   loss: 5.4891 -> 5.7083  accuracy: 35.54% -> 34.94%      
client [67] (testset)   loss: 3.2901 -> 3.3817  accuracy: 36.26% -> 40.11%      
---------------------------- TRAINING EPOCH: 180 ----------------------------   
client [21] (testset)   loss: 2.3174 -> 2.3949  accuracy: 39.46% -> 38.78%      
client [79] (testset)   loss: 2.7754 -> 2.9277  accuracy: 55.87% -> 58.10%      
client [58] (testset)   loss: 4.3762 -> 4.5764  accuracy: 38.46% -> 36.15%      
client [88] (testset)   loss: 3.6233 -> 3.7108  accuracy: 43.02% -> 40.78%      
client [46] (testset)   loss: 2.5300 -> 2.6183  accuracy: 55.24% -> 54.29%      
client [11] (testset)   loss: 3.0102 -> 3.2619  accuracy: 44.07% -> 44.63%      
client [55] (testset)   loss: 2.9105 -> 2.9918  accuracy: 47.83% -> 48.55%      
client [13] (testset)   loss: 3.6943 -> 3.7777  accuracy: 30.99% -> 35.09%      
client [31] (testset)   loss: 3.8776 -> 3.4703  accuracy: 46.84% -> 45.26%      
client [75] (testset)   loss: 3.4001 -> 3.8278  accuracy: 42.45% -> 42.92%      
---------------------------- TRAINING EPOCH: 190 ----------------------------   
client [19] (testset)   loss: 4.1381 -> 4.2682  accuracy: 39.02% -> 39.63%      
client [7]  (testset)   loss: 4.2227 -> 4.3429  accuracy: 36.40% -> 33.33%      
client [57] (testset)   loss: 2.9344 -> 3.0463  accuracy: 51.53% -> 47.85%      
client [13] (testset)   loss: 3.6782 -> 4.2260  accuracy: 38.01% -> 35.67%      
client [43] (testset)   loss: 4.0529 -> 4.3861  accuracy: 29.63% -> 35.56%      
client [91] (testset)   loss: 3.0909 -> 3.6342  accuracy: 35.53% -> 36.18%      
client [10] (testset)   loss: 3.2749 -> 3.5876  accuracy: 36.54% -> 42.31%      
client [64] (testset)   loss: 3.4691 -> 3.6804  accuracy: 39.86% -> 39.86%      
client [82] (testset)   loss: 4.2763 -> 4.4756  accuracy: 33.72% -> 34.88%      
client [22] (testset)   loss: 4.7535 -> 4.3051  accuracy: 30.26% -> 32.89%      
---------------------------- TRAINING EPOCH: 200 ----------------------------   
client [20] (testset)   loss: 2.7025 -> 2.9384  accuracy: 51.49% -> 50.99%      
client [23] (testset)   loss: 2.9343 -> 3.1260  accuracy: 36.36% -> 33.64%      
client [88] (testset)   loss: 3.6165 -> 3.7683  accuracy: 43.02% -> 43.02%      
client [98] (testset)   loss: 4.4083 -> 4.5485  accuracy: 33.10% -> 34.51%      
client [79] (testset)   loss: 3.0982 -> 3.2245  accuracy: 56.98% -> 56.42%      
client [21] (testset)   loss: 2.7905 -> 2.7449  accuracy: 34.69% -> 37.41%      
client [92] (testset)   loss: 4.2191 -> 4.5445  accuracy: 35.71% -> 35.71%      
client [56] (testset)   loss: 3.5569 -> 3.7436  accuracy: 44.05% -> 42.86%      
client [5]  (testset)   loss: 3.9209 -> 4.2023  accuracy: 41.72% -> 41.72%      
client [52] (testset)   loss: 4.0581 -> 4.2561  accuracy: 42.54% -> 39.55%      
---------------------------- TRAINING EPOCH: 210 ----------------------------   
client [67] (testset)   loss: 3.9461 -> 3.2204  accuracy: 37.91% -> 35.71%      
client [54] (testset)   loss: 5.0708 -> 5.3797  accuracy: 37.50% -> 35.83%      
client [14] (testset)   loss: 4.6754 -> 5.0800  accuracy: 32.47% -> 27.27%      
client [99] (testset)   loss: 5.0922 -> 5.8624  accuracy: 27.01% -> 24.82%      
client [36] (testset)   loss: 3.5770 -> 3.7033  accuracy: 36.28% -> 36.28%      
client [30] (testset)   loss: 5.0133 -> 5.3256  accuracy: 24.86% -> 23.76%      
client [38] (testset)   loss: 3.4847 -> 3.6588  accuracy: 44.69% -> 43.58%      
client [15] (testset)   loss: 3.7889 -> 3.8417  accuracy: 34.31% -> 36.50%      
client [6]  (testset)   loss: 5.3532 -> 5.5760  accuracy: 25.37% -> 26.87%      
client [53] (testset)   loss: 4.5104 -> 4.6600  accuracy: 42.55% -> 40.43%      
---------------------------- TRAINING EPOCH: 220 ----------------------------   
client [99] (testset)   loss: 6.0309 -> 6.4169  accuracy: 24.82% -> 25.55%      
client [6]  (testset)   loss: 5.3728 -> 5.6018  accuracy: 23.88% -> 23.88%      
client [83] (testset)   loss: 3.2492 -> 3.5164  accuracy: 42.11% -> 41.45%      
client [42] (testset)   loss: 3.5130 -> 3.6194  accuracy: 51.37% -> 49.32%      
client [34] (testset)   loss: 4.6298 -> 4.4559  accuracy: 35.91% -> 36.46%      
client [15] (testset)   loss: 3.8390 -> 4.0285  accuracy: 35.77% -> 35.77%      
client [47] (testset)   loss: 3.9802 -> 4.0790  accuracy: 44.35% -> 46.96%      
client [55] (testset)   loss: 3.0361 -> 3.1731  accuracy: 50.72% -> 49.28%      
client [51] (testset)   loss: 3.7753 -> 3.3547  accuracy: 39.86% -> 36.49%      
client [95] (testset)   loss: 5.6398 -> 5.9568  accuracy: 36.14% -> 36.75%      
---------------------------- TRAINING EPOCH: 230 ----------------------------   
client [71] (testset)   loss: 4.8507 -> 5.0253  accuracy: 31.30% -> 30.53%      
client [15] (testset)   loss: 3.9213 -> 3.6631  accuracy: 35.04% -> 34.31%      
client [33] (testset)   loss: 3.9962 -> 3.9840  accuracy: 27.52% -> 23.85%      
client [99] (testset)   loss: 6.0587 -> 5.5727  accuracy: 25.55% -> 24.82%      
client [90] (testset)   loss: 3.3187 -> 3.6124  accuracy: 43.38% -> 47.06%      
client [57] (testset)   loss: 3.3400 -> 3.5498  accuracy: 50.92% -> 50.31%      
client [27] (testset)   loss: 3.7491 -> 4.0700  accuracy: 41.88% -> 43.75%      
client [78] (testset)   loss: 2.9841 -> 3.3315  accuracy: 44.03% -> 43.40%      
client [36] (testset)   loss: 3.8287 -> 3.8426  accuracy: 37.17% -> 35.40%      
client [88] (testset)   loss: 3.7404 -> 3.9855  accuracy: 43.02% -> 40.78%      
---------------------------- TRAINING EPOCH: 240 ----------------------------   
client [70] (testset)   loss: 3.7444 -> 3.9764  accuracy: 47.83% -> 46.58%      
client [35] (testset)   loss: 4.3355 -> 4.4041  accuracy: 35.20% -> 36.73%      
client [16] (testset)   loss: 5.1285 -> 5.1416  accuracy: 36.36% -> 38.02%      
client [80] (testset)   loss: 2.0460 -> 2.2073  accuracy: 59.63% -> 60.87%      
client [38] (testset)   loss: 3.8100 -> 3.9454  accuracy: 45.81% -> 45.25%      
client [78] (testset)   loss: 3.3055 -> 2.8995  accuracy: 45.91% -> 44.65%      
client [68] (testset)   loss: 3.3793 -> 3.6569  accuracy: 46.64% -> 47.48%      
client [11] (testset)   loss: 3.5521 -> 3.6380  accuracy: 42.94% -> 42.94%      
client [64] (testset)   loss: 3.6774 -> 3.8915  accuracy: 41.22% -> 39.86%      
client [82] (testset)   loss: 4.7252 -> 5.0874  accuracy: 33.72% -> 36.05%      
---------------------------- TRAINING EPOCH: 250 ----------------------------   
client [30] (testset)   loss: 5.2755 -> 5.4632  accuracy: 25.41% -> 25.41%      
client [27] (testset)   loss: 4.1552 -> 9.6918  accuracy: 42.50% -> 22.50%      
client [74] (testset)   loss: 4.0069 -> 4.1574  accuracy: 42.86% -> 45.41%      
client [45] (testset)   loss: 2.9032 -> 2.6696  accuracy: 47.79% -> 47.79%      
client [6]  (testset)   loss: 5.5281 -> 5.6725  accuracy: 20.90% -> 17.91%      
client [36] (testset)   loss: 4.0463 -> 3.9513  accuracy: 36.28% -> 36.28%      
client [63] (testset)   loss: 4.6395 -> 4.7982  accuracy: 34.62% -> 34.13%      
client [76] (testset)   loss: 4.5488 -> 4.6061  accuracy: 36.87% -> 37.99%      
client [83] (testset)   loss: 3.8354 -> 3.9031  accuracy: 44.08% -> 41.45%      
client [86] (testset)   loss: 4.2407 -> 4.3642  accuracy: 48.31% -> 42.37%      
---------------------------- TRAINING EPOCH: 260 ----------------------------   
client [83] (testset)   loss: 3.8237 -> 3.8890  accuracy: 42.76% -> 41.45%      
client [99] (testset)   loss: 6.2595 -> 6.5023  accuracy: 25.55% -> 24.09%      
client [74] (testset)   loss: 4.2537 -> 4.4877  accuracy: 46.43% -> 44.39%      
client [73] (testset)   loss: 4.2239 -> 4.4555  accuracy: 35.97% -> 35.25%      
client [29] (testset)   loss: 3.4185 -> 4.8160  accuracy: 40.67% -> 24.00%      
client [92] (testset)   loss: 4.8898 -> 5.0941  accuracy: 37.76% -> 39.80%      
client [6]  (testset)   loss: 5.6663 -> 5.7708  accuracy: 23.88% -> 22.39%      
client [61] (testset)   loss: 4.3841 -> 4.7333  accuracy: 32.59% -> 33.33%      
client [21] (testset)   loss: 2.9049 -> 3.0672  accuracy: 44.22% -> 42.86%      
client [67] (testset)   loss: 4.0805 -> 4.1722  accuracy: 35.16% -> 37.91%      
---------------------------- TRAINING EPOCH: 270 ----------------------------   
client [83] (testset)   loss: 4.0124 -> 4.0467  accuracy: 43.42% -> 42.11%      
client [32] (testset)   loss: 5.0391 -> 5.1638  accuracy: 40.00% -> 36.84%      
client [95] (testset)   loss: 6.4620 -> 6.4278  accuracy: 35.54% -> 35.54%      
client [61] (testset)   loss: 4.9302 -> 5.1428  accuracy: 33.33% -> 32.59%      
client [27] (testset)   loss: 6.4587 -> 4.4160  accuracy: 31.25% -> 41.88%      
client [25] (testset)   loss: 3.1495 -> 3.0402  accuracy: 50.00% -> 47.92%      
client [68] (testset)   loss: 4.0418 -> 4.0815  accuracy: 46.22% -> 44.96%      
client [34] (testset)   loss: 4.8512 -> 5.0230  accuracy: 35.36% -> 35.91%      
client [71] (testset)   loss: 5.4601 -> 5.6019  accuracy: 30.53% -> 34.35%      
client [89] (testset)   loss: 6.0356 -> 6.1325  accuracy: 30.57% -> 29.94%      
---------------------------- TRAINING EPOCH: 280 ----------------------------   
client [78] (testset)   loss: 3.5944 -> 3.6489  accuracy: 44.03% -> 45.28%      
client [81] (testset)   loss: 4.4734 -> 4.3934  accuracy: 46.36% -> 47.02%      
client [51] (testset)   loss: 4.4112 -> 4.4760  accuracy: 39.86% -> 39.19%      
client [54] (testset)   loss: 6.1959 -> 6.2851  accuracy: 36.67% -> 35.00%      
client [65] (testset)   loss: 4.3333 -> 4.4379  accuracy: 34.55% -> 33.64%      
client [41] (testset)   loss: 4.8115 -> 4.8747  accuracy: 33.87% -> 36.29%      
client [11] (testset)   loss: 3.8697 -> 3.9282  accuracy: 44.07% -> 44.07%      
client [85] (testset)   loss: 4.6068 -> 4.7747  accuracy: 43.28% -> 43.28%      
client [12] (testset)   loss: 3.5263 -> 3.7028  accuracy: 50.76% -> 53.03%      
client [23] (testset)   loss: 3.7067 -> 3.8962  accuracy: 43.64% -> 40.91%      
---------------------------- TRAINING EPOCH: 290 ----------------------------   
client [16] (testset)   loss: 5.3595 -> 5.4145  accuracy: 38.02% -> 38.02%      
client [65] (testset)   loss: 4.5465 -> 4.5532  accuracy: 33.64% -> 33.64%      
client [53] (testset)   loss: 5.3625 -> 5.4135  accuracy: 39.72% -> 38.30%      
client [58] (testset)   loss: 5.4531 -> 5.5232  accuracy: 36.92% -> 36.15%      
client [72] (testset)   loss: 5.2897 -> 5.2777  accuracy: 29.85% -> 30.60%      
client [7]  (testset)   loss: 5.1207 -> 5.1823  accuracy: 33.33% -> 34.65%      
client [71] (testset)   loss: 5.6610 -> 5.7546  accuracy: 28.24% -> 29.77%      
client [59] (testset)   loss: 4.8327 -> 4.9295  accuracy: 36.91% -> 36.48%      
client [86] (testset)   loss: 4.5338 -> 4.9418  accuracy: 45.76% -> 40.68%      
client [39] (testset)   loss: 4.6989 -> 4.7720  accuracy: 41.32% -> 43.11%      
---------------------------- TRAINING EPOCH: 300 ----------------------------   
client [99] (testset)   loss: 7.0142 -> 7.0776  accuracy: 29.20% -> 25.55%      
client [7]  (testset)   loss: 5.2448 -> 5.3029  accuracy: 34.21% -> 33.77%      
client [17] (testset)   loss: 5.9817 -> 6.1416  accuracy: 36.84% -> 36.84%      
client [64] (testset)   loss: 4.3775 -> 4.4799  accuracy: 43.92% -> 41.89%      
client [37] (testset)   loss: 5.7545 -> 5.8414  accuracy: 31.73% -> 31.73%      
client [29] (testset)   loss: 3.8206 -> 3.9110  accuracy: 42.00% -> 42.67%      
client [93] (testset)   loss: 4.7388 -> 4.8795  accuracy: 42.40% -> 40.00%      
client [73] (testset)   loss: 4.8698 -> 4.9854  accuracy: 37.41% -> 37.41%      
client [40] (testset)   loss: 4.8618 -> 4.8813  accuracy: 28.21% -> 30.77%      
client [76] (testset)   loss: 4.9357 -> 4.9635  accuracy: 34.64% -> 35.20%      
---------------------------- TRAINING EPOCH: 310 ----------------------------   
client [31] (testset)   loss: 4.5832 -> 4.6397  accuracy: 46.32% -> 45.79%      
client [89] (testset)   loss: 6.3613 -> 6.4664  accuracy: 30.57% -> 29.94%      
client [77] (testset)   loss: 3.8434 -> 3.8450  accuracy: 48.31% -> 49.44%      
client [90] (testset)   loss: 4.4207 -> 4.5036  accuracy: 46.32% -> 44.85%      
client [26] (testset)   loss: 3.4154 -> 3.7366  accuracy: 42.48% -> 39.82%      
client [50] (testset)   loss: 3.5719 -> 3.5953  accuracy: 48.00% -> 48.00%      
client [30] (testset)   loss: 6.2154 -> 6.3482  accuracy: 24.86% -> 25.41%      
client [70] (testset)   loss: 4.5133 -> 4.5756  accuracy: 45.34% -> 45.96%      
client [41] (testset)   loss: 5.0797 -> 5.1402  accuracy: 34.68% -> 35.48%      
client [99] (testset)   loss: 7.1834 -> 7.2921  accuracy: 26.28% -> 24.82%      
---------------------------- TRAINING EPOCH: 320 ----------------------------   
client [68] (testset)   loss: 4.5763 -> 4.6091  accuracy: 44.96% -> 45.38%      
client [70] (testset)   loss: 4.6187 -> 4.4858  accuracy: 45.96% -> 44.72%      
client [52] (testset)   loss: 4.9216 -> 5.0038  accuracy: 41.79% -> 38.81%      
client [1]  (testset)   loss: 4.3126 -> 4.5748  accuracy: 41.99% -> 41.44%      
client [2]  (testset)   loss: 5.1836 -> 5.3449  accuracy: 33.04% -> 32.14%      
client [67] (testset)   loss: 4.7923 -> 4.8077  accuracy: 38.46% -> 37.91%      
client [92] (testset)   loss: 6.0842 -> 6.1017  accuracy: 35.71% -> 35.71%      
client [35] (testset)   loss: 4.9402 -> 5.0501  accuracy: 37.24% -> 35.20%      
client [36] (testset)   loss: 4.4040 -> 4.4342  accuracy: 36.28% -> 35.40%      
client [64] (testset)   loss: 4.4940 -> 4.5314  accuracy: 40.54% -> 40.54%      
---------------------------- TRAINING EPOCH: 330 ----------------------------   
client [44] (testset)   loss: 5.4136 -> 5.5020  accuracy: 32.03% -> 32.68%      
client [6]  (testset)   loss: 6.4636 -> 6.4651  accuracy: 23.88% -> 22.39%      
client [12] (testset)   loss: 3.9982 -> 4.0088  accuracy: 52.27% -> 51.52%      
client [55] (testset)   loss: 3.4883 -> 3.5439  accuracy: 49.28% -> 47.83%      
client [29] (testset)   loss: 4.1569 -> 4.2319  accuracy: 43.33% -> 42.67%      
client [9]  (testset)   loss: 4.8538 -> 4.8748  accuracy: 38.93% -> 39.60%      
client [43] (testset)   loss: 5.3642 -> 5.4601  accuracy: 32.59% -> 29.63%      
client [77] (testset)   loss: 3.8738 -> 3.8966  accuracy: 48.88% -> 48.88%      
client [98] (testset)   loss: 5.6097 -> 5.6407  accuracy: 33.10% -> 35.21%      
client [78] (testset)   loss: 3.7754 -> 3.8388  accuracy: 44.65% -> 44.65%      
---------------------------- TRAINING EPOCH: 340 ----------------------------   
client [92] (testset)   loss: 6.1660 -> 6.2039  accuracy: 36.73% -> 35.71%      
client [80] (testset)   loss: 2.5194 -> 2.1707  accuracy: 61.49% -> 61.49%      
client [63] (testset)   loss: 4.6446 -> 4.0995  accuracy: 33.65% -> 35.10%      
client [76] (testset)   loss: 4.6778 -> 4.0345  accuracy: 34.08% -> 34.64%      
client [78] (testset)   loss: 3.3802 -> 3.3228  accuracy: 41.51% -> 44.03%      
client [25] (testset)   loss: 2.9661 -> 3.2575  accuracy: 48.96% -> 50.00%      
client [58] (testset)   loss: 5.2071 -> 5.3838  accuracy: 34.62% -> 36.92%      
client [13] (testset)   loss: 4.0327 -> 4.2154  accuracy: 38.01% -> 37.43%      
client [17] (testset)   loss: 5.8922 -> 6.1004  accuracy: 36.84% -> 36.09%      
client [38] (testset)   loss: 4.6596 -> 4.8319  accuracy: 42.46% -> 44.13%      
---------------------------- TRAINING EPOCH: 350 ----------------------------   
client [72] (testset)   loss: 5.5973 -> 5.6803  accuracy: 32.09% -> 30.60%      
client [82] (testset)   loss: 4.7601 -> 4.8798  accuracy: 37.21% -> 38.37%      
client [86] (testset)   loss: 4.9272 -> 5.0326  accuracy: 44.92% -> 45.76%      
client [51] (testset)   loss: 4.8224 -> 4.8700  accuracy: 40.54% -> 41.22%      
client [96] (testset)   loss: 5.3595 -> 5.3991  accuracy: 43.35% -> 43.35%      
client [42] (testset)   loss: 4.2807 -> 4.3265  accuracy: 50.00% -> 50.68%      
client [55] (testset)   loss: 3.6710 -> 3.7036  accuracy: 48.55% -> 48.55%      
client [13] (testset)   loss: 5.5863 -> 4.6321  accuracy: 32.75% -> 38.60%      
client [1]  (testset)   loss: 3.8821 -> 4.4038  accuracy: 41.44% -> 39.78%      
client [12] (testset)   loss: 3.9748 -> 4.0738  accuracy: 52.27% -> 53.79%      
---------------------------- TRAINING EPOCH: 360 ----------------------------   
client [68] (testset)   loss: 4.7318 -> 4.7498  accuracy: 45.80% -> 46.22%      
client [23] (testset)   loss: 4.3123 -> 4.3657  accuracy: 40.91% -> 40.91%      
client [46] (testset)   loss: 3.9999 -> 4.0476  accuracy: 58.10% -> 58.10%      
client [41] (testset)   loss: 5.3291 -> 5.3394  accuracy: 33.06% -> 33.87%      
client [25] (testset)   loss: 3.9111 -> 3.9261  accuracy: 50.00% -> 47.92%      
client [58] (testset)   loss: 5.9386 -> 5.9160  accuracy: 36.92% -> 37.69%      
client [14] (testset)   loss: 5.6180 -> 5.7309  accuracy: 31.17% -> 32.47%      
client [33] (testset)   loss: 4.9063 -> 5.0088  accuracy: 26.61% -> 25.69%      
client [85] (testset)   loss: 5.4102 -> 5.4595  accuracy: 43.28% -> 41.79%      
client [62] (testset)   loss: 5.2015 -> 5.3009  accuracy: 42.23% -> 42.72%      
---------------------------- TRAINING EPOCH: 370 ----------------------------   
client [98] (testset)   loss: 5.8826 -> 5.8945  accuracy: 33.80% -> 35.21%      
client [63] (testset)   loss: 4.9765 -> 5.0901  accuracy: 34.13% -> 34.13%      
client [70] (testset)   loss: 4.7294 -> 4.7961  accuracy: 47.83% -> 44.10%      
client [65] (testset)   loss: 4.8846 -> 5.0020  accuracy: 34.55% -> 33.64%      
client [14] (testset)   loss: 5.7668 -> 5.8914  accuracy: 32.47% -> 32.47%      
client [73] (testset)   loss: 5.2401 -> 5.2245  accuracy: 34.53% -> 34.53%      
client [34] (testset)   loss: 5.8345 -> 5.8194  accuracy: 37.02% -> 37.02%      
client [99] (testset)   loss: 7.5859 -> 7.6976  accuracy: 26.28% -> 24.82%      
client [69] (testset)   loss: 4.3741 -> 4.3823  accuracy: 52.35% -> 53.07%      
client [46] (testset)   loss: 3.9843 -> 4.0514  accuracy: 59.05% -> 59.05%      
---------------------------- TRAINING EPOCH: 380 ----------------------------   
client [99] (testset)   loss: 7.7225 -> 7.8267  accuracy: 25.55% -> 24.09%      
client [93] (testset)   loss: 5.2124 -> 5.1937  accuracy: 41.60% -> 40.80%      
client [11] (testset)   loss: 4.3088 -> 4.3660  accuracy: 42.94% -> 41.81%      
client [58] (testset)   loss: 5.9934 -> 6.0280  accuracy: 36.15% -> 36.15%      
client [81] (testset)   loss: 4.9452 -> 5.0069  accuracy: 45.03% -> 45.03%      
client [85] (testset)   loss: 5.4930 -> 5.5483  accuracy: 43.28% -> 41.79%      
client [89] (testset)   loss: 6.8150 -> 6.8465  accuracy: 29.94% -> 29.30%      
client [45] (testset)   loss: 3.5043 -> 3.5785  accuracy: 45.58% -> 45.58%      
client [8]  (testset)   loss: 5.5702 -> 5.6234  accuracy: 44.22% -> 45.23%      
client [68] (testset)   loss: 4.8830 -> 4.9116  accuracy: 45.80% -> 45.80%      
---------------------------- TRAINING EPOCH: 390 ----------------------------   
client [67] (testset)   loss: 5.0006 -> 5.0411  accuracy: 36.81% -> 36.81%      
client [72] (testset)   loss: 6.0332 -> 5.9456  accuracy: 30.60% -> 29.85%      
client [1]  (testset)   loss: 4.5964 -> 4.8027  accuracy: 40.88% -> 40.88%      
client [78] (testset)   loss: 3.9603 -> 4.0079  accuracy: 44.65% -> 44.65%      
client [83] (testset)   loss: 4.7571 -> 4.7437  accuracy: 42.76% -> 42.11%      
client [21] (testset)   loss: 3.7510 -> 3.8239  accuracy: 41.50% -> 40.14%      
client [56] (testset)   loss: 4.9861 -> 5.0209  accuracy: 44.05% -> 46.43%      
client [44] (testset)   loss: 5.9030 -> 5.9117  accuracy: 33.99% -> 32.03%      
client [92] (testset)   loss: 6.3658 -> 6.4266  accuracy: 36.73% -> 35.71%      
client [27] (testset)   loss: 4.3376 -> 4.5983  accuracy: 43.75% -> 43.75%      
---------------------------- TRAINING EPOCH: 400 ----------------------------   
client [10] (testset)   loss: 5.5246 -> 5.5411  accuracy: 41.35% -> 39.42%      
client [39] (testset)   loss: 5.1548 -> 5.1672  accuracy: 41.32% -> 41.32%      
client [65] (testset)   loss: 5.1171 -> 5.1583  accuracy: 34.55% -> 35.45%      
client [26] (testset)   loss: 4.3192 -> 4.3950  accuracy: 40.71% -> 40.71%      
client [19] (testset)   loss: 5.6520 -> 5.6542  accuracy: 39.02% -> 38.41%      
client [68] (testset)   loss: 4.9685 -> 4.9835  accuracy: 45.80% -> 46.22%      
client [41] (testset)   loss: 4.6306 -> 4.7451  accuracy: 34.68% -> 33.87%      
client [50] (testset)   loss: 3.9174 -> 3.9664  accuracy: 49.00% -> 49.00%      
client [75] (testset)   loss: 5.2329 -> 5.2861  accuracy: 44.81% -> 44.34%      
client [81] (testset)   loss: 5.0013 -> 4.9753  accuracy: 47.02% -> 45.03%      
Training... ━━━━━━━━━━━━━━━━━━━━━━━━━━━━━━━━━━━━━━━━ 100% 0:06:46
PSFL's average time taken by each global epoch: 0 min 1.01 sec.                 
PSFL's total running time: 0 h 6 m 46 s.                                        
==================== PSFL Experiment Results: ====================              
Display format: (before local fine-tuning) -> (after local fine-tuning)         
 So if finetune_epoch = 0, x.xx% -> 0.00% is normal.                            
 Centralized testing ONLY happens after model aggregation, so the stats between 
'->' are the same.                                                              
{                                                                               
    "100": {                                                                    
        "all_clients": {                                                        
            "test": {                                                           
                "loss": "2.9355 -> 0.0000",                                     
                "accuracy": "37.27% -> 0.00%"                                   
            }                                                                   
        }                                                                       
    },                                                                          
    "200": {                                                                    
        "all_clients": {                                                        
            "test": {                                                           
                "loss": "3.9061 -> 0.0000",                                     
                "accuracy": "40.07% -> 0.00%"                                   
            }                                                                   
        }                                                                       
    },                                                                          
    "300": {                                                                    
        "all_clients": {                                                        
            "test": {                                                           
                "loss": "4.7012 -> 0.0000",                                     
                "accuracy": "41.04% -> 0.00%"                                   
            }                                                                   
        }                                                                       
    },                                                                          
    "400": {                                                                    
        "all_clients": {                                                        
            "test": {                                                           
                "loss": "5.1503 -> 0.0000",                                     
                "accuracy": "40.82% -> 0.00%"                                   
            }                                                                   
        }                                                                       
    }                                                                           
}                                                                               
==================== PSFL Max Accuracy ====================                     
all_clients:                                                                    
(test) before fine-tuning: 41.04% at epoch 300                                  
(test) after fine-tuning: 0.00% at epoch 100                                    
