==================== FedDpa ====================                                
Experiment Arguments:                                                           
{
│   'method': 'feddpa',
│   'dataset': {
│   │   'name': 'emnist',
│   │   'client_num': 100,
│   │   'test_ratio': 0.25,
│   │   'val_ratio': 0.0,
│   │   'seed': 42,
│   │   'split': 'sample',
│   │   'IID_ratio': 0.0,
│   │   'monitor_window_name_suffix': 'emnist-100clients-0%IID-Dir(0.1)-seed42',
│   │   'emnist_split': 'byclass',
│   │   'alpha': 0.1,
│   │   'min_samples_per_client': 10
│   },
│   'model': {
│   │   'name': 'avgcnn',
│   │   'use_torchvision_pretrained_weights': True,
│   │   'external_model_weights_path': None
│   },
│   'optimizer': {
│   │   'lr': 0.01,
│   │   'dampening': 0,
│   │   'weight_decay': 0,
│   │   'momentum': 0,
│   │   'nesterov': False,
│   │   'name': 'sgd'
│   },
│   'mode': 'sequential',
│   'parallel': {
│   │   'ray_cluster_addr': None,
│   │   'num_cpus': None,
│   │   'num_gpus': None,
│   │   'num_workers': 2
│   },
│   'common': {
│   │   'seed': 42,
│   │   'join_ratio': 0.1,
│   │   'global_epoch': 400,
│   │   'local_epoch': 5,
│   │   'batch_size': 32,
│   │   'reset_optimizer_on_global_epoch': True,
│   │   'straggler_ratio': 0,
│   │   'straggler_min_local_epoch': 0,
│   │   'buffers': 'global',
│   │   'client_side_evaluation': True,
│   │   'test': {
│   │   │   'client': {
│   │   │   │   'interval': 100,
│   │   │   │   'finetune_epoch': 0,
│   │   │   │   'train': False,
│   │   │   │   'val': False,
│   │   │   │   'test': True
│   │   │   },
│   │   │   'server': {
│   │   │   │   'interval': -1,
│   │   │   │   'train': False,
│   │   │   │   'val': False,
│   │   │   │   'test': False,
│   │   │   │   'model_in_train_mode': False
│   │   │   }
│   │   },
│   │   'verbose_gap': 10,
│   │   'monitor': None,
│   │   'use_cuda': True,
│   │   'save_log': True,
│   │   'save_model': False,
│   │   'save_learning_curve_plot': False,
│   │   'save_metrics': True,
│   │   'delete_useless_run': True
│   },
│   'feddpa': {
│   │   'fisher_threshold': 0
│   }
}
---------------------------- TRAINING EPOCH: 10 ----------------------------    
client [77] (testset)   loss: 0.3317 -> 0.3379  accuracy: 91.52% -> 91.32%      
client [81] (testset)   loss: 0.3475 -> 0.3556  accuracy: 86.87% -> 85.30%      
client [21] (testset)   loss: 4.1021 -> 0.6134  accuracy: 0.04% -> 83.36%       
client [68] (testset)   loss: 0.6377 -> 0.4368  accuracy: 82.54% -> 87.83%      
client [93] (testset)   loss: 0.2802 -> 0.2129  accuracy: 91.75% -> 93.42%      
client [31] (testset)   loss: 0.3836 -> 0.2855  accuracy: 87.42% -> 91.03%      
client [20] (testset)   loss: 0.3517 -> 0.2714  accuracy: 90.28% -> 92.54%      
client [59] (testset)   loss: 4.1347 -> 0.4470  accuracy: 0.76% -> 85.89%       
client [48] (testset)   loss: 0.7215 -> 0.7906  accuracy: 76.36% -> 74.03%      
client [34] (testset)   loss: 0.2860 -> 0.2294  accuracy: 91.71% -> 93.52%      
---------------------------- TRAINING EPOCH: 20 ----------------------------    
client [69] (testset)   loss: 0.5306 -> 0.4863  accuracy: 85.38% -> 85.71%      
client [99] (testset)   loss: 0.2890 -> 0.2149  accuracy: 92.41% -> 94.31%      
client [67] (testset)   loss: 1.3442 -> 0.4437  accuracy: 56.43% -> 88.24%      
client [0]  (testset)   loss: 0.2798 -> 0.2677  accuracy: 93.12% -> 93.37%      
client [76] (testset)   loss: 0.3424 -> 0.2935  accuracy: 90.76% -> 91.42%      
client [41] (testset)   loss: 0.6283 -> 0.3898  accuracy: 75.42% -> 86.27%      
client [62] (testset)   loss: 4.1554 -> 0.3778  accuracy: 0.00% -> 90.33%       
client [2]  (testset)   loss: 4.1479 -> 0.3807  accuracy: 0.25% -> 88.71%       
client [14] (testset)   loss: 0.3726 -> 0.2828  accuracy: 89.43% -> 92.21%      
client [46] (testset)   loss: 0.1468 -> 0.1278  accuracy: 96.18% -> 96.70%      
---------------------------- TRAINING EPOCH: 30 ----------------------------    
client [24] (testset)   loss: 0.2178 -> 0.2382  accuracy: 93.27% -> 93.02%      
client [68] (testset)   loss: 0.3501 -> 0.3504  accuracy: 91.22% -> 91.32%      
client [57] (testset)   loss: 0.2283 -> 0.1748  accuracy: 93.78% -> 95.06%      
client [17] (testset)   loss: 0.3086 -> 0.2993  accuracy: 91.63% -> 91.90%      
client [54] (testset)   loss: 0.3625 -> 0.7929  accuracy: 90.42% -> 80.35%      
client [23] (testset)   loss: 4.0904 -> 0.5150  accuracy: 0.38% -> 78.75%       
client [35] (testset)   loss: 0.1474 -> 0.1411  accuracy: 96.21% -> 96.56%      
client [59] (testset)   loss: 0.3149 -> 0.2964  accuracy: 89.22% -> 90.20%      
client [31] (testset)   loss: 0.2492 -> 0.2330  accuracy: 91.53% -> 92.61%      
client [9]  (testset)   loss: 0.5125 -> 0.2383  accuracy: 86.23% -> 93.08%      
---------------------------- TRAINING EPOCH: 40 ----------------------------    
client [64] (testset)   loss: 0.5349 -> 0.5362  accuracy: 87.10% -> 87.48%      
client [33] (testset)   loss: 0.1478 -> 0.1553  accuracy: 97.04% -> 96.81%      
client [16] (testset)   loss: 0.4061 -> 0.3928  accuracy: 89.46% -> 89.62%      
client [44] (testset)   loss: 1.1409 -> 0.5252  accuracy: 67.23% -> 85.00%      
client [8]  (testset)   loss: 0.3726 -> 0.3716  accuracy: 89.96% -> 90.37%      
client [31] (testset)   loss: 0.2432 -> 0.2472  accuracy: 92.36% -> 93.11%      
client [47] (testset)   loss: 0.3489 -> 0.3063  accuracy: 89.49% -> 90.68%      
client [36] (testset)   loss: 0.4194 -> 0.2494  accuracy: 88.36% -> 93.29%      
client [20] (testset)   loss: 0.2798 -> 0.2942  accuracy: 93.00% -> 92.86%      
client [56] (testset)   loss: 0.1845 -> 0.3440  accuracy: 95.80% -> 90.96%      
---------------------------- TRAINING EPOCH: 50 ----------------------------    
client [4]  (testset)   loss: 0.4296 -> 7.1166  accuracy: 84.88% -> 34.06%      
client [60] (testset)   loss: 0.2190 -> 0.1990  accuracy: 93.28% -> 94.52%      
client [28] (testset)   loss: 0.1555 -> 0.1534  accuracy: 94.30% -> 94.41%      
client [25] (testset)   loss: 0.2454 -> 0.2582  accuracy: 93.85% -> 92.97%      
client [58] (testset)   loss: 0.1119 -> 0.1149  accuracy: 97.61% -> 97.56%      
client [44] (testset)   loss: 0.5251 -> 0.4562  accuracy: 85.11% -> 85.53%      
client [39] (testset)   loss: 0.2483 -> 0.2034  accuracy: 94.31% -> 94.98%      
client [29] (testset)   loss: 0.2667 -> 0.2475  accuracy: 92.38% -> 92.79%      
client [3]  (testset)   loss: 0.1411 -> 0.1655  accuracy: 96.13% -> 95.84%      
client [84] (testset)   loss: 0.2783 -> 0.2818  accuracy: 92.61% -> 92.61%      
---------------------------- TRAINING EPOCH: 60 ----------------------------    
client [21] (testset)   loss: 0.2461 -> 0.2250  accuracy: 93.17% -> 93.57%      
client [84] (testset)   loss: 0.2782 -> 0.3098  accuracy: 93.02% -> 92.89%      
client [10] (testset)   loss: 0.8379 -> 0.3797  accuracy: 85.17% -> 87.27%      
client [36] (testset)   loss: 0.2128 -> 0.1927  accuracy: 93.92% -> 94.61%      
client [65] (testset)   loss: 0.4216 -> 0.5317  accuracy: 85.71% -> 86.20%      
client [81] (testset)   loss: 0.3593 -> 0.3625  accuracy: 86.73% -> 85.54%      
client [79] (testset)   loss: 0.4691 -> 0.4568  accuracy: 87.68% -> 88.74%      
client [42] (testset)   loss: 0.2911 -> 0.3019  accuracy: 92.19% -> 92.37%      
client [11] (testset)   loss: 0.2888 -> 0.2702  accuracy: 92.07% -> 93.66%      
client [96] (testset)   loss: 0.2578 -> 0.2314  accuracy: 93.73% -> 94.62%      
---------------------------- TRAINING EPOCH: 70 ----------------------------    
client [8]  (testset)   loss: 0.4013 -> 0.4175  accuracy: 89.55% -> 90.08%      
client [53] (testset)   loss: 0.1928 -> 0.1861  accuracy: 95.04% -> 95.81%      
client [52] (testset)   loss: 0.4697 -> 0.4968  accuracy: 87.26% -> 86.03%      
client [42] (testset)   loss: 0.3281 -> 0.3143  accuracy: 91.76% -> 92.13%      
client [69] (testset)   loss: 0.4074 -> 0.4128  accuracy: 91.23% -> 91.34%      
client [59] (testset)   loss: 0.3143 -> 0.3057  accuracy: 90.52% -> 90.09%      
client [7]  (testset)   loss: 0.2874 -> 0.2864  accuracy: 93.09% -> 93.35%      
client [26] (testset)   loss: 0.2682 -> 0.2556  accuracy: 93.10% -> 92.80%      
client [49] (testset)   loss: 0.1340 -> 0.1383  accuracy: 96.44% -> 96.50%      
client [98] (testset)   loss: 0.1942 -> 0.1804  accuracy: 95.64% -> 95.49%      
---------------------------- TRAINING EPOCH: 80 ----------------------------    
client [98] (testset)   loss: 0.1812 -> 0.1930  accuracy: 95.54% -> 95.49%      
client [47] (testset)   loss: 0.2939 -> 0.2963  accuracy: 91.71% -> 91.54%      
client [21] (testset)   loss: 0.2211 -> 0.2180  accuracy: 93.97% -> 93.57%      
client [77] (testset)   loss: 0.3080 -> 0.2996  accuracy: 93.91% -> 93.98%      
client [95] (testset)   loss: 0.2063 -> 0.2862  accuracy: 94.74% -> 94.17%      
client [91] (testset)   loss: 0.1683 -> 0.1700  accuracy: 96.47% -> 96.63%      
client [14] (testset)   loss: 0.3186 -> 0.3294  accuracy: 93.17% -> 93.05%      
client [99] (testset)   loss: 0.2247 -> 0.2129  accuracy: 95.15% -> 95.03%      
client [20] (testset)   loss: 0.3240 -> 0.3147  accuracy: 91.96% -> 92.36%      
client [39] (testset)   loss: 0.2059 -> 0.2259  accuracy: 94.92% -> 94.86%      
---------------------------- TRAINING EPOCH: 90 ----------------------------    
client [52] (testset)   loss: 0.4974 -> 0.6158  accuracy: 86.15% -> 85.81%      
client [62] (testset)   loss: 0.3375 -> 0.3459  accuracy: 94.15% -> 93.73%      
client [71] (testset)   loss: 0.1255 -> 0.1316  accuracy: 96.96% -> 96.96%      
client [97] (testset)   loss: 0.1735 -> 0.1812  accuracy: 96.67% -> 96.73%      
client [30] (testset)   loss: 0.3755 -> 0.4036  accuracy: 91.97% -> 90.93%      
client [88] (testset)   loss: 0.3372 -> 0.3024  accuracy: 86.19% -> 90.65%      
client [60] (testset)   loss: 0.1868 -> 0.1916  accuracy: 95.60% -> 95.44%      
client [82] (testset)   loss: 0.4596 -> 0.4522  accuracy: 80.46% -> 79.73%      
client [91] (testset)   loss: 0.1720 -> 0.1777  accuracy: 96.74% -> 96.90%      
client [57] (testset)   loss: 0.1419 -> 0.1481  accuracy: 95.82% -> 95.60%      
---------------------------- TRAINING EPOCH: 100 ----------------------------   
client [31] (testset)   loss: 0.3625 -> 0.3550  accuracy: 92.36% -> 93.19%      
client [15] (testset)   loss: 0.1958 -> 0.2246  accuracy: 93.25% -> 92.97%      
client [71] (testset)   loss: 0.1315 -> 0.1396  accuracy: 96.86% -> 96.45%      
client [97] (testset)   loss: 0.3392 -> 0.1981  accuracy: 93.86% -> 96.86%      
client [53] (testset)   loss: 0.2056 -> 0.2097  accuracy: 95.57% -> 96.00%      
client [77] (testset)   loss: 0.3003 -> 0.2518  accuracy: 93.85% -> 94.11%      
client [76] (testset)   loss: 0.2745 -> 0.2735  accuracy: 93.62% -> 93.48%      
client [79] (testset)   loss: 0.4978 -> 0.5494  accuracy: 87.68% -> 88.95%      
client [28] (testset)   loss: 0.1616 -> 0.1650  accuracy: 94.22% -> 93.79%      
client [99] (testset)   loss: 0.2192 -> 0.2251  accuracy: 95.29% -> 95.35%      
---------------------------- TRAINING EPOCH: 110 ----------------------------   
client [97] (testset)   loss: 0.1987 -> 0.1977  accuracy: 96.70% -> 97.00%      
client [86] (testset)   loss: 0.6420 -> 0.6472  accuracy: 88.38% -> 88.06%      
client [34] (testset)   loss: 0.1972 -> 0.1919  accuracy: 95.49% -> 95.44%      
client [73] (testset)   loss: 0.3683 -> 0.3551  accuracy: 91.40% -> 91.03%      
client [5]  (testset)   loss: 0.2501 -> 0.2528  accuracy: 93.71% -> 93.71%      
client [96] (testset)   loss: 0.2934 -> 0.2943  accuracy: 94.90% -> 94.48%      
client [22] (testset)   loss: 0.3512 -> 0.2828  accuracy: 92.19% -> 93.09%      
client [60] (testset)   loss: 0.2076 -> 0.2062  accuracy: 95.75% -> 95.52%      
client [66] (testset)   loss: 0.3142 -> 0.3120  accuracy: 93.60% -> 94.72%      
client [83] (testset)   loss: 0.3217 -> 0.3233  accuracy: 93.33% -> 92.74%      
---------------------------- TRAINING EPOCH: 120 ----------------------------   
client [76] (testset)   loss: 0.2914 -> 0.2964  accuracy: 93.62% -> 93.18%      
client [65] (testset)   loss: 1.0355 -> 0.3793  accuracy: 81.21% -> 89.39%      
client [95] (testset)   loss: 0.2146 -> 0.2217  accuracy: 95.08% -> 95.36%      
client [17] (testset)   loss: 0.3199 -> 0.3380  accuracy: 92.50% -> 91.63%      
client [8]  (testset)   loss: 0.4476 -> 0.4464  accuracy: 90.72% -> 91.13%      
client [35] (testset)   loss: 0.1853 -> 0.1900  accuracy: 96.74% -> 96.83%      
client [98] (testset)   loss: 0.2102 -> 0.2157  accuracy: 95.44% -> 95.59%      
client [53] (testset)   loss: 0.2327 -> 0.2239  accuracy: 95.23% -> 96.05%      
client [43] (testset)   loss: 0.3575 -> 0.3985  accuracy: 89.54% -> 85.36%      
client [64] (testset)   loss: 0.5537 -> 0.7265  accuracy: 87.67% -> 78.56%      
---------------------------- TRAINING EPOCH: 130 ----------------------------   
client [21] (testset)   loss: 0.2728 -> 0.2418  accuracy: 92.62% -> 93.93%      
client [88] (testset)   loss: 0.3359 -> 0.3255  accuracy: 90.29% -> 90.72%      
client [38] (testset)   loss: 0.4338 -> 0.4009  accuracy: 92.62% -> 93.13%      
client [3]  (testset)   loss: 0.2011 -> 0.2087  accuracy: 96.15% -> 95.64%      
client [5]  (testset)   loss: 0.2500 -> 0.2618  accuracy: 94.08% -> 93.79%      
client [41] (testset)   loss: 0.3731 -> 0.3789  accuracy: 89.59% -> 91.54%      
client [7]  (testset)   loss: 0.3034 -> 0.3054  accuracy: 93.67% -> 93.41%      
client [37] (testset)   loss: 0.3186 -> 0.3230  accuracy: 91.16% -> 91.66%      
client [45] (testset)   loss: 0.4605 -> 0.4628  accuracy: 85.63% -> 86.71%      
client [47] (testset)   loss: 0.3242 -> 0.3345  accuracy: 91.37% -> 91.79%      
---------------------------- TRAINING EPOCH: 140 ----------------------------   
client [16] (testset)   loss: 0.4785 -> 0.4016  accuracy: 83.54% -> 91.65%      
client [11] (testset)   loss: 0.3115 -> 0.3156  accuracy: 94.14% -> 94.34%      
client [37] (testset)   loss: 0.3463 -> 0.3370  accuracy: 90.76% -> 91.05%      
client [41] (testset)   loss: 0.3809 -> 0.3886  accuracy: 91.54% -> 91.41%      
client [95] (testset)   loss: 0.2365 -> 0.2445  accuracy: 95.46% -> 95.08%      
client [53] (testset)   loss: 0.2191 -> 0.2274  accuracy: 95.95% -> 95.95%      
client [22] (testset)   loss: 0.2747 -> 0.3488  accuracy: 93.05% -> 92.81%      
client [25] (testset)   loss: 0.2608 -> 0.2573  accuracy: 94.29% -> 94.29%      
client [69] (testset)   loss: 0.4908 -> 0.4971  accuracy: 91.34% -> 91.34%      
client [46] (testset)   loss: 0.1265 -> 0.1377  accuracy: 97.11% -> 97.31%      
---------------------------- TRAINING EPOCH: 150 ----------------------------   
client [47] (testset)   loss: 0.3706 -> 0.3978  accuracy: 91.11% -> 91.20%      
client [69] (testset)   loss: 0.5031 -> 0.5076  accuracy: 91.34% -> 91.23%      
client [82] (testset)   loss: 0.4801 -> 0.4565  accuracy: 80.06% -> 81.05%      
client [45] (testset)   loss: 0.5012 -> 0.5066  accuracy: 85.21% -> 87.02%      
client [7]  (testset)   loss: 0.3064 -> 0.3229  accuracy: 93.35% -> 92.76%      
client [50] (testset)   loss: 0.1001 -> 0.1156  accuracy: 97.26% -> 97.44%      
client [35] (testset)   loss: 0.1901 -> 0.1953  accuracy: 96.77% -> 96.83%      
client [24] (testset)   loss: 0.2611 -> 0.2680  accuracy: 94.35% -> 94.52%      
client [15] (testset)   loss: 0.2300 -> 0.2514  accuracy: 91.78% -> 92.57%      
client [58] (testset)   loss: 0.1466 -> 0.1501  accuracy: 97.59% -> 97.73%      
---------------------------- TRAINING EPOCH: 160 ----------------------------   
client [48] (testset)   loss: 1.0339 -> 0.8104  accuracy: 71.71% -> 80.43%      
client [76] (testset)   loss: 0.3040 -> 0.3114  accuracy: 93.62% -> 93.91%      
client [67] (testset)   loss: 0.3780 -> 0.3611  accuracy: 89.71% -> 90.62%      
client [37] (testset)   loss: 0.3436 -> 0.3640  accuracy: 91.45% -> 91.59%      
client [58] (testset)   loss: 0.1515 -> 0.1569  accuracy: 97.59% -> 97.66%      
client [64] (testset)   loss: 0.5945 -> 0.5890  accuracy: 88.43% -> 87.10%      
client [77] (testset)   loss: 0.3206 -> 0.3284  accuracy: 94.30% -> 94.43%      
client [55] (testset)   loss: 0.3693 -> 0.4233  accuracy: 91.01% -> 89.66%      
client [12] (testset)   loss: 0.6131 -> 0.6315  accuracy: 91.78% -> 91.91%      
client [89] (testset)   loss: 0.4894 -> 0.5107  accuracy: 88.83% -> 88.68%      
---------------------------- TRAINING EPOCH: 170 ----------------------------   
client [84] (testset)   loss: 0.3133 -> 0.3171  accuracy: 93.71% -> 93.71%      
client [51] (testset)   loss: 0.3726 -> 0.3714  accuracy: 91.85% -> 92.69%      
client [8]  (testset)   loss: 0.5182 -> 0.5367  accuracy: 90.78% -> 90.14%      
client [18] (testset)   loss: 0.2668 -> 0.2717  accuracy: 93.97% -> 94.24%      
client [94] (testset)   loss: 0.1917 -> 0.1974  accuracy: 95.78% -> 95.79%      
client [81] (testset)   loss: 0.5563 -> 0.5742  accuracy: 86.77% -> 86.73%      
client [3]  (testset)   loss: 0.2253 -> 0.2358  accuracy: 96.11% -> 96.07%      
client [11] (testset)   loss: 0.3435 -> 0.3469  accuracy: 94.07% -> 94.28%      
client [95] (testset)   loss: 0.2594 -> 0.2619  accuracy: 95.17% -> 95.32%      
client [67] (testset)   loss: 0.3651 -> 0.4306  accuracy: 90.44% -> 91.54%      
---------------------------- TRAINING EPOCH: 180 ----------------------------   
client [21] (testset)   loss: 0.2598 -> 0.2696  accuracy: 93.86% -> 94.33%      
client [79] (testset)   loss: 0.6840 -> 0.6033  accuracy: 88.32% -> 88.21%      
client [58] (testset)   loss: 0.1594 -> 0.1608  accuracy: 97.56% -> 97.64%      
client [88] (testset)   loss: 0.3388 -> 0.3501  accuracy: 90.58% -> 90.50%      
client [46] (testset)   loss: 0.1416 -> 0.1493  accuracy: 96.91% -> 97.03%      
client [11] (testset)   loss: 0.3456 -> 0.3504  accuracy: 94.14% -> 94.07%      
client [55] (testset)   loss: 0.4102 -> 0.4030  accuracy: 90.87% -> 90.87%      
client [13] (testset)   loss: 0.2509 -> 0.2518  accuracy: 96.12% -> 96.32%      
client [31] (testset)   loss: 0.3734 -> 0.3842  accuracy: 93.07% -> 92.86%      
client [75] (testset)   loss: 0.5446 -> 0.5572  accuracy: 90.47% -> 90.35%      
---------------------------- TRAINING EPOCH: 190 ----------------------------   
client [19] (testset)   loss: 0.3263 -> 0.3331  accuracy: 94.33% -> 94.61%      
client [7]  (testset)   loss: 0.3431 -> 0.3490  accuracy: 93.67% -> 93.28%      
client [57] (testset)   loss: 0.1710 -> 0.1740  accuracy: 96.14% -> 96.14%      
client [13] (testset)   loss: 0.2589 -> 0.2576  accuracy: 96.32% -> 96.25%      
client [43] (testset)   loss: 0.4771 -> 0.4201  accuracy: 90.65% -> 89.30%      
client [91] (testset)   loss: 0.1915 -> 0.1935  accuracy: 96.52% -> 96.79%      
client [10] (testset)   loss: 0.3916 -> 0.3743  accuracy: 88.67% -> 88.67%      
client [64] (testset)   loss: 0.6343 -> 0.6534  accuracy: 87.10% -> 86.15%      
client [82] (testset)   loss: 0.5017 -> 0.5570  accuracy: 80.94% -> 80.54%      
client [22] (testset)   loss: 0.3407 -> 0.3356  accuracy: 92.72% -> 92.86%      
---------------------------- TRAINING EPOCH: 200 ----------------------------   
client [20] (testset)   loss: 0.3438 -> 0.3578  accuracy: 92.36% -> 92.14%      
client [23] (testset)   loss: 0.4564 -> 0.4681  accuracy: 83.26% -> 83.66%      
client [88] (testset)   loss: 0.3504 -> 0.3667  accuracy: 90.50% -> 91.15%      
client [98] (testset)   loss: 0.2527 -> 0.2519  accuracy: 95.54% -> 95.69%      
client [79] (testset)   loss: 0.6549 -> 0.6771  accuracy: 88.11% -> 88.53%      
client [21] (testset)   loss: 0.2785 -> 0.2654  accuracy: 94.11% -> 94.55%      
client [92] (testset)   loss: 0.4315 -> 0.4551  accuracy: 92.25% -> 92.88%      
client [56] (testset)   loss: 0.2344 -> 0.2370  accuracy: 96.44% -> 96.37%      
client [5]  (testset)   loss: 0.3071 -> 0.3060  accuracy: 94.16% -> 94.05%      
client [52] (testset)   loss: 0.7190 -> 0.7407  accuracy: 86.82% -> 86.82%      
---------------------------- TRAINING EPOCH: 210 ----------------------------   
client [67] (testset)   loss: 0.4197 -> 1.1695  accuracy: 90.99% -> 84.38%      
client [54] (testset)   loss: 0.3676 -> 0.3877  accuracy: 92.79% -> 92.79%      
client [14] (testset)   loss: 0.3987 -> 0.4168  accuracy: 92.93% -> 93.05%      
client [99] (testset)   loss: 0.2671 -> 0.2797  accuracy: 95.38% -> 95.38%      
client [36] (testset)   loss: 0.2682 -> 0.2717  accuracy: 94.61% -> 94.95%      
client [30] (testset)   loss: 0.4974 -> 0.5128  accuracy: 91.17% -> 91.17%      
client [38] (testset)   loss: 0.4261 -> 0.4371  accuracy: 93.03% -> 93.23%      
client [15] (testset)   loss: 0.2986 -> 0.3005  accuracy: 91.86% -> 92.45%      
client [6]  (testset)   loss: 0.4107 -> 0.4355  accuracy: 93.12% -> 93.19%      
client [53] (testset)   loss: 0.2549 -> 0.2607  accuracy: 96.10% -> 96.05%      
---------------------------- TRAINING EPOCH: 220 ----------------------------   
client [99] (testset)   loss: 0.2905 -> 0.2882  accuracy: 95.21% -> 95.18%      
client [6]  (testset)   loss: 0.4369 -> 0.4463  accuracy: 93.26% -> 93.40%      
client [83] (testset)   loss: 0.3637 -> 0.3580  accuracy: 94.16% -> 94.07%      
client [42] (testset)   loss: 0.3970 -> 0.4160  accuracy: 92.19% -> 92.19%      
client [34] (testset)   loss: 0.2280 -> 0.2315  accuracy: 95.68% -> 95.53%      
client [15] (testset)   loss: 0.3025 -> 0.3191  accuracy: 92.41% -> 91.58%      
client [47] (testset)   loss: 0.4927 -> 0.4984  accuracy: 90.77% -> 91.20%      
client [55] (testset)   loss: 0.4689 -> 0.4316  accuracy: 85.27% -> 90.80%      
client [51] (testset)   loss: 0.4071 -> 0.4109  accuracy: 92.87% -> 92.15%      
client [95] (testset)   loss: 0.2729 -> 0.2852  accuracy: 95.36% -> 95.32%      
---------------------------- TRAINING EPOCH: 230 ----------------------------   
client [71] (testset)   loss: 0.1680 -> 0.1681  accuracy: 97.02% -> 96.92%      
client [15] (testset)   loss: 0.3201 -> 0.3302  accuracy: 91.50% -> 91.97%      
client [33] (testset)   loss: 0.2015 -> 0.1984  accuracy: 96.68% -> 96.72%      
client [99] (testset)   loss: 0.2973 -> 0.2912  accuracy: 94.05% -> 95.21%      
client [90] (testset)   loss: 0.4413 -> 0.4331  accuracy: 91.26% -> 91.10%      
client [57] (testset)   loss: 0.1850 -> 0.1876  accuracy: 96.03% -> 96.24%      
client [27] (testset)   loss: 0.2477 -> 0.2403  accuracy: 95.07% -> 95.29%      
client [78] (testset)   loss: 0.3693 -> 0.3957  accuracy: 90.61% -> 91.00%      
client [36] (testset)   loss: 0.2654 -> 0.2667  accuracy: 94.55% -> 95.30%      
client [88] (testset)   loss: 0.4038 -> 0.3975  accuracy: 89.06% -> 90.36%      
---------------------------- TRAINING EPOCH: 240 ----------------------------   
client [70] (testset)   loss: 0.6577 -> 0.6706  accuracy: 88.45% -> 88.83%      
client [35] (testset)   loss: 0.2055 -> 0.2033  accuracy: 96.74% -> 96.83%      
client [16] (testset)   loss: 0.4621 -> 0.4670  accuracy: 90.51% -> 91.40%      
client [80] (testset)   loss: 0.2597 -> 0.2582  accuracy: 95.53% -> 95.84%      
client [38] (testset)   loss: 0.4419 -> 0.4509  accuracy: 93.13% -> 93.23%      
client [78] (testset)   loss: 0.4038 -> 0.4332  accuracy: 90.69% -> 90.92%      
client [68] (testset)   loss: 0.4937 -> 0.4549  accuracy: 90.05% -> 92.17%      
client [11] (testset)   loss: 0.3730 -> 0.3743  accuracy: 94.00% -> 94.00%      
client [64] (testset)   loss: 0.7225 -> 0.7340  accuracy: 87.10% -> 87.67%      
client [82] (testset)   loss: 0.6203 -> 0.6621  accuracy: 80.76% -> 80.24%      
---------------------------- TRAINING EPOCH: 250 ----------------------------   
client [30] (testset)   loss: 0.5375 -> 0.5517  accuracy: 91.48% -> 91.42%      
client [27] (testset)   loss: 0.2390 -> 0.2424  accuracy: 95.29% -> 95.33%      
client [74] (testset)   loss: 0.3600 -> 0.3617  accuracy: 93.50% -> 93.33%      
client [45] (testset)   loss: 0.5991 -> 0.6273  accuracy: 86.29% -> 85.63%      
client [6]  (testset)   loss: 0.4424 -> 0.4374  accuracy: 93.19% -> 93.19%      
client [36] (testset)   loss: 0.2745 -> 0.2794  accuracy: 94.72% -> 95.18%      
client [63] (testset)   loss: 0.2328 -> 0.2446  accuracy: 95.98% -> 96.55%      
client [76] (testset)   loss: 0.3376 -> 0.3375  accuracy: 93.18% -> 93.48%      
client [83] (testset)   loss: 0.3773 -> 0.3773  accuracy: 93.75% -> 93.98%      
client [86] (testset)   loss: 0.8075 -> 0.8241  accuracy: 88.69% -> 87.85%      
---------------------------- TRAINING EPOCH: 260 ----------------------------   
client [83] (testset)   loss: 0.3795 -> 0.3767  accuracy: 94.02% -> 93.61%      
client [99] (testset)   loss: 0.3021 -> 0.3094  accuracy: 95.21% -> 95.38%      
client [74] (testset)   loss: 0.3625 -> 0.3678  accuracy: 93.50% -> 93.44%      
client [73] (testset)   loss: 0.4952 -> 0.5127  accuracy: 90.84% -> 91.03%      
client [29] (testset)   loss: 0.3301 -> 0.3129  accuracy: 92.12% -> 92.32%      
client [92] (testset)   loss: 0.4817 -> 0.4957  accuracy: 92.83% -> 92.86%      
client [6]  (testset)   loss: 0.4426 -> 0.4533  accuracy: 93.40% -> 93.19%      
client [61] (testset)   loss: 0.6895 -> 0.6884  accuracy: 85.77% -> 86.46%      
client [21] (testset)   loss: 0.2892 -> 0.3020  accuracy: 94.19% -> 93.93%      
client [67] (testset)   loss: 0.4033 -> 0.4561  accuracy: 91.36% -> 91.18%      
---------------------------- TRAINING EPOCH: 270 ----------------------------   
client [83] (testset)   loss: 0.3748 -> 0.3821  accuracy: 93.75% -> 94.11%      
client [32] (testset)   loss: 0.3833 -> 0.3823  accuracy: 92.24% -> 92.32%      
client [95] (testset)   loss: 0.2773 -> 0.2794  accuracy: 95.46% -> 95.32%      
client [61] (testset)   loss: 0.7977 -> 0.8081  accuracy: 85.39% -> 86.54%      
client [27] (testset)   loss: 0.2423 -> 0.2454  accuracy: 95.33% -> 95.38%      
client [25] (testset)   loss: 0.2482 -> 0.2702  accuracy: 93.85% -> 93.74%      
client [68] (testset)   loss: 0.4804 -> 0.4785  accuracy: 91.64% -> 92.17%      
client [34] (testset)   loss: 0.2370 -> 0.2354  accuracy: 95.29% -> 95.49%      
client [71] (testset)   loss: 0.1879 -> 0.1895  accuracy: 97.00% -> 96.88%      
client [89] (testset)   loss: 0.5749 -> 0.5831  accuracy: 88.35% -> 88.24%      
---------------------------- TRAINING EPOCH: 280 ----------------------------   
client [78] (testset)   loss: 0.4780 -> 0.4834  accuracy: 91.16% -> 90.92%      
client [81] (testset)   loss: 0.7108 -> 0.7535  accuracy: 86.56% -> 86.77%      
client [51] (testset)   loss: 0.4588 -> 0.4821  accuracy: 92.63% -> 92.57%      
client [54] (testset)   loss: 0.3809 -> 0.3807  accuracy: 92.91% -> 92.79%      
client [65] (testset)   loss: 0.5670 -> 0.5887  accuracy: 89.39% -> 89.39%      
client [41] (testset)   loss: 0.5312 -> 0.5372  accuracy: 90.85% -> 90.91%      
client [11] (testset)   loss: 0.3917 -> 0.3883  accuracy: 93.45% -> 94.00%      
client [85] (testset)   loss: 0.4875 -> 0.5060  accuracy: 93.40% -> 93.38%      
client [12] (testset)   loss: 0.6857 -> 0.6949  accuracy: 91.66% -> 91.53%      
client [23] (testset)   loss: 0.5717 -> 0.6029  accuracy: 82.48% -> 83.03%      
---------------------------- TRAINING EPOCH: 290 ----------------------------   
client [16] (testset)   loss: 0.4921 -> 0.4977  accuracy: 91.48% -> 91.24%      
client [65] (testset)   loss: 0.6152 -> 0.6416  accuracy: 89.81% -> 89.39%      
client [53] (testset)   loss: 0.2746 -> 0.2750  accuracy: 95.81% -> 96.00%      
client [58] (testset)   loss: 0.1689 -> 0.1687  accuracy: 97.64% -> 97.64%      
client [72] (testset)   loss: 0.8256 -> 0.8508  accuracy: 88.74% -> 88.89%      
client [7]  (testset)   loss: 0.3978 -> 0.4013  accuracy: 93.41% -> 92.56%      
client [71] (testset)   loss: 0.1944 -> 0.1906  accuracy: 96.88% -> 96.88%      
client [59] (testset)   loss: 0.4782 -> 0.4850  accuracy: 90.31% -> 89.76%      
client [86] (testset)   loss: 0.8127 -> 0.8201  accuracy: 88.17% -> 88.59%      
client [39] (testset)   loss: 0.2983 -> 0.3096  accuracy: 95.34% -> 95.46%      
---------------------------- TRAINING EPOCH: 300 ----------------------------   
client [99] (testset)   loss: 0.3189 -> 0.3257  accuracy: 94.92% -> 94.83%      
client [7]  (testset)   loss: 0.3968 -> 0.3945  accuracy: 93.48% -> 93.41%      
client [17] (testset)   loss: 0.5766 -> 0.5729  accuracy: 91.40% -> 91.44%      
client [64] (testset)   loss: 0.8346 -> 0.8883  accuracy: 86.53% -> 84.44%      
client [37] (testset)   loss: 0.4860 -> 0.4702  accuracy: 90.22% -> 91.09%      
client [29] (testset)   loss: 0.3361 -> 0.3456  accuracy: 91.86% -> 91.91%      
client [93] (testset)   loss: 0.3474 -> 0.3511  accuracy: 94.24% -> 93.99%      
client [73] (testset)   loss: 0.5434 -> 0.5474  accuracy: 91.03% -> 90.84%      
client [40] (testset)   loss: 0.3730 -> 0.3676  accuracy: 94.71% -> 94.97%      
client [76] (testset)   loss: 0.3576 -> 0.3578  accuracy: 93.70% -> 93.48%      
---------------------------- TRAINING EPOCH: 310 ----------------------------   
client [31] (testset)   loss: 0.3839 -> 0.3905  accuracy: 93.23% -> 93.07%      
client [89] (testset)   loss: 0.6423 -> 0.7617  accuracy: 88.21% -> 85.20%      
client [77] (testset)   loss: 0.3905 -> 0.3922  accuracy: 93.91% -> 94.17%      
client [90] (testset)   loss: 0.5076 -> 0.5050  accuracy: 91.43% -> 91.59%      
client [26] (testset)   loss: 0.3864 -> 0.3795  accuracy: 92.84% -> 93.24%      
client [50] (testset)   loss: 0.1481 -> 0.1466  accuracy: 97.44% -> 97.44%      
client [30] (testset)   loss: 0.5760 -> 0.5745  accuracy: 91.54% -> 91.78%      
client [70] (testset)   loss: 0.7012 -> 0.6991  accuracy: 88.70% -> 89.35%      
client [41] (testset)   loss: 0.5357 -> 0.5469  accuracy: 90.97% -> 91.16%      
client [99] (testset)   loss: 0.3241 -> 0.3431  accuracy: 95.03% -> 95.29%      
---------------------------- TRAINING EPOCH: 320 ----------------------------   
client [68] (testset)   loss: 0.5450 -> 0.5320  accuracy: 91.22% -> 91.64%      
client [70] (testset)   loss: 0.7251 -> 0.7105  accuracy: 89.22% -> 89.35%      
client [52] (testset)   loss: 0.8331 -> 0.8464  accuracy: 86.48% -> 86.70%      
client [1]  (testset)   loss: 0.3850 -> 0.3931  accuracy: 92.73% -> 92.83%      
client [2]  (testset)   loss: 0.2314 -> 0.2275  accuracy: 96.06% -> 96.15%      
client [67] (testset)   loss: 0.4112 -> 0.4161  accuracy: 90.99% -> 90.99%      
client [92] (testset)   loss: 0.5881 -> 0.5903  accuracy: 92.78% -> 92.75%      
client [35] (testset)   loss: 0.2075 -> 0.2103  accuracy: 96.85% -> 96.77%      
client [36] (testset)   loss: 0.2946 -> 0.2972  accuracy: 95.18% -> 95.24%      
client [64] (testset)   loss: 0.8694 -> 0.8670  accuracy: 86.34% -> 85.96%      
---------------------------- TRAINING EPOCH: 330 ----------------------------   
client [44] (testset)   loss: 0.5879 -> 0.5943  accuracy: 90.11% -> 90.53%      
client [6]  (testset)   loss: 0.4687 -> 0.4695  accuracy: 93.12% -> 92.90%      
client [12] (testset)   loss: 0.7121 -> 0.7161  accuracy: 91.66% -> 91.66%      
client [55] (testset)   loss: 0.4620 -> 0.4768  accuracy: 89.66% -> 90.46%      
client [29] (testset)   loss: 0.3625 -> 0.3763  accuracy: 91.70% -> 91.91%      
client [9]  (testset)   loss: 0.3451 -> 0.3480  accuracy: 93.92% -> 93.86%      
client [43] (testset)   loss: 0.5465 -> 0.7339  accuracy: 89.67% -> 80.81%      
client [77] (testset)   loss: 0.3903 -> 0.3936  accuracy: 94.24% -> 94.24%      
client [98] (testset)   loss: 0.2757 -> 0.2794  accuracy: 95.54% -> 95.49%      
client [78] (testset)   loss: 0.4937 -> 0.5052  accuracy: 91.00% -> 90.85%      
---------------------------- TRAINING EPOCH: 340 ----------------------------   
client [92] (testset)   loss: 0.5947 -> 0.6007  accuracy: 92.86% -> 92.86%      
client [80] (testset)   loss: 0.2698 -> 0.2727  accuracy: 95.84% -> 95.76%      
client [63] (testset)   loss: 0.2763 -> 0.2981  accuracy: 96.04% -> 96.27%      
client [76] (testset)   loss: 0.3691 -> 0.3646  accuracy: 93.04% -> 93.11%      
client [78] (testset)   loss: 0.5050 -> 0.5033  accuracy: 90.77% -> 91.08%      
client [25] (testset)   loss: 0.2498 -> 0.2746  accuracy: 94.73% -> 93.74%      
client [58] (testset)   loss: 0.1729 -> 0.1715  accuracy: 97.76% -> 97.73%      
client [13] (testset)   loss: 0.2686 -> 0.2719  accuracy: 96.25% -> 96.32%      
client [17] (testset)   loss: 0.6448 -> 0.6436  accuracy: 91.67% -> 91.48%      
client [38] (testset)   loss: 0.4927 -> 0.5011  accuracy: 93.54% -> 93.54%      
---------------------------- TRAINING EPOCH: 350 ----------------------------   
client [72] (testset)   loss: 0.9219 -> 0.9074  accuracy: 89.04% -> 88.74%      
client [82] (testset)   loss: 0.9552 -> 0.9288  accuracy: 78.15% -> 78.59%      
client [86] (testset)   loss: 0.8582 -> 0.8657  accuracy: 88.17% -> 88.06%      
client [51] (testset)   loss: 0.5076 -> 0.5132  accuracy: 92.81% -> 92.69%      
client [96] (testset)   loss: 0.4264 -> 0.4299  accuracy: 94.85% -> 95.18%      
client [42] (testset)   loss: 0.5025 -> 0.5024  accuracy: 92.25% -> 92.31%      
client [55] (testset)   loss: 0.5331 -> 0.5587  accuracy: 90.60% -> 90.94%      
client [13] (testset)   loss: 0.2709 -> 0.2723  accuracy: 96.25% -> 96.19%      
client [1]  (testset)   loss: 0.3963 -> 0.4008  accuracy: 92.92% -> 92.87%      
client [12] (testset)   loss: 0.7125 -> 0.7212  accuracy: 91.16% -> 91.41%      
---------------------------- TRAINING EPOCH: 360 ----------------------------   
client [68] (testset)   loss: 0.5513 -> 0.5413  accuracy: 91.43% -> 91.75%      
client [23] (testset)   loss: 0.7371 -> 0.7418  accuracy: 82.59% -> 82.42%      
client [46] (testset)   loss: 0.1901 -> 0.1918  accuracy: 97.07% -> 97.07%      
client [41] (testset)   loss: 0.5632 -> 0.5614  accuracy: 91.22% -> 90.91%      
client [25] (testset)   loss: 0.2707 -> 0.2741  accuracy: 93.19% -> 94.07%      
client [58] (testset)   loss: 0.1770 -> 0.1727  accuracy: 97.66% -> 97.71%      
client [14] (testset)   loss: 0.4375 -> 0.4533  accuracy: 92.63% -> 92.81%      
client [33] (testset)   loss: 0.2148 -> 0.2163  accuracy: 96.77% -> 96.77%      
client [85] (testset)   loss: 0.5075 -> 0.4637  accuracy: 93.14% -> 93.12%      
client [62] (testset)   loss: 0.3966 -> 0.3961  accuracy: 93.54% -> 93.64%      
---------------------------- TRAINING EPOCH: 370 ----------------------------   
client [98] (testset)   loss: 0.2838 -> 0.2820  accuracy: 95.59% -> 95.59%      
client [63] (testset)   loss: 0.3133 -> 0.3211  accuracy: 96.13% -> 96.13%      
client [70] (testset)   loss: 0.7293 -> 0.7385  accuracy: 89.99% -> 89.47%      
client [65] (testset)   loss: 0.6691 -> 0.7002  accuracy: 89.25% -> 88.97%      
client [14] (testset)   loss: 0.4774 -> 0.4636  accuracy: 92.69% -> 92.69%      
client [73] (testset)   loss: 0.5714 -> 0.5766  accuracy: 90.72% -> 90.84%      
client [34] (testset)   loss: 0.2647 -> 0.2594  accuracy: 95.49% -> 95.53%      
client [99] (testset)   loss: 0.3568 -> 0.3566  accuracy: 94.80% -> 94.95%      
client [69] (testset)   loss: 0.5722 -> 0.5822  accuracy: 90.78% -> 90.55%      
client [46] (testset)   loss: 0.1930 -> 0.1916  accuracy: 97.11% -> 97.03%      
---------------------------- TRAINING EPOCH: 380 ----------------------------   
client [99] (testset)   loss: 0.3696 -> 0.3687  accuracy: 94.83% -> 94.40%      
client [93] (testset)   loss: 0.3639 -> 0.3627  accuracy: 93.99% -> 93.99%      
client [11] (testset)   loss: 0.3946 -> 0.3947  accuracy: 93.72% -> 93.52%      
client [58] (testset)   loss: 0.1763 -> 0.1758  accuracy: 97.66% -> 97.68%      
client [81] (testset)   loss: 0.6989 -> 0.7621  accuracy: 85.96% -> 86.17%      
client [85] (testset)   loss: 0.4614 -> 0.4943  accuracy: 93.17% -> 93.54%      
client [89] (testset)   loss: 0.7836 -> 0.7666  accuracy: 87.55% -> 87.99%      
client [45] (testset)   loss: 0.7268 -> 0.6992  accuracy: 85.14% -> 86.71%      
client [8]  (testset)   loss: 0.6291 -> 0.6430  accuracy: 90.66% -> 90.25%      
client [68] (testset)   loss: 0.5592 -> 0.5628  accuracy: 91.85% -> 91.96%      
---------------------------- TRAINING EPOCH: 390 ----------------------------   
client [67] (testset)   loss: 0.4399 -> 0.4461  accuracy: 91.54% -> 91.36%      
client [72] (testset)   loss: 0.9165 -> 0.9323  accuracy: 88.89% -> 88.59%      
client [1]  (testset)   loss: 0.4099 -> 0.4143  accuracy: 92.92% -> 92.64%      
client [78] (testset)   loss: 0.5193 -> 0.5319  accuracy: 91.00% -> 91.00%      
client [83] (testset)   loss: 0.4443 -> 0.4660  accuracy: 93.89% -> 93.89%      
client [21] (testset)   loss: 2.9802 -> 0.3445  accuracy: 72.71% -> 93.64%      
client [56] (testset)   loss: 0.2530 -> 0.2552  accuracy: 96.37% -> 96.40%      
client [44] (testset)   loss: 0.6416 -> 0.6237  accuracy: 89.89% -> 89.79%      
client [92] (testset)   loss: 0.5902 -> 0.5922  accuracy: 92.86% -> 92.70%      
client [27] (testset)   loss: 0.2686 -> 0.2664  accuracy: 95.16% -> 95.38%      
---------------------------- TRAINING EPOCH: 400 ----------------------------   
client [10] (testset)   loss: 0.4551 -> 0.4988  accuracy: 87.69% -> 87.55%      
client [39] (testset)   loss: 0.3043 -> 0.3060  accuracy: 95.16% -> 95.16%      
client [65] (testset)   loss: 0.7303 -> 0.7125  accuracy: 88.97% -> 89.81%      
client [26] (testset)   loss: 0.4724 -> 0.5838  accuracy: 92.67% -> 92.71%      
client [19] (testset)   loss: 0.3909 -> 0.4111  accuracy: 94.22% -> 93.48%      
client [68] (testset)   loss: 0.3786 -> 0.4232  accuracy: 92.17% -> 91.96%      
client [41] (testset)   loss: 0.5886 -> 0.5409  accuracy: 90.41% -> 91.16%      
client [50] (testset)   loss: 0.1593 -> 0.1594  accuracy: 97.62% -> 97.62%      
client [75] (testset)   loss: 0.5953 -> 0.6001  accuracy: 90.24% -> 90.24%      
client [81] (testset)   loss: 0.8179 -> 0.8395  accuracy: 86.07% -> 86.66%      
Training... ━━━━━━━━━━━━━━━━━━━━━━━━━━━━━━━━━━━━━━━━ 100% 3:17:55
FedDpa's average time taken by each global epoch: 0 min 27.83 sec.              
FedDpa's total running time: 3 h 17 m 55 s.                                     
==================== FedDpa Experiment Results: ====================            
Display format: (before local fine-tuning) -> (after local fine-tuning)         
 So if finetune_epoch = 0, x.xx% -> 0.00% is normal.                            
 Centralized testing ONLY happens after model aggregation, so the stats between 
'->' are the same.                                                              
{                                                                               
    "100": {                                                                    
        "all_clients": {                                                        
            "test": {                                                           
                "loss": "0.2835 -> 0.0000",                                     
                "accuracy": "92.85% -> 0.00%"                                   
            }                                                                   
        }                                                                       
    },                                                                          
    "200": {                                                                    
        "all_clients": {                                                        
            "test": {                                                           
                "loss": "0.3392 -> 0.0000",                                     
                "accuracy": "93.11% -> 0.00%"                                   
            }                                                                   
        }                                                                       
    },                                                                          
    "300": {                                                                    
        "all_clients": {                                                        
            "test": {                                                           
                "loss": "0.3953 -> 0.0000",                                     
                "accuracy": "92.90% -> 0.00%"                                   
            }                                                                   
        }                                                                       
    },                                                                          
    "400": {                                                                    
        "all_clients": {                                                        
            "test": {                                                           
                "loss": "0.4318 -> 0.0000",                                     
                "accuracy": "92.86% -> 0.00%"                                   
            }                                                                   
        }                                                                       
    }                                                                           
}                                                                               
==================== FedDpa Max Accuracy ====================                   
all_clients:                                                                    
(test) before fine-tuning: 93.11% at epoch 200                                  
(test) after fine-tuning: 0.00% at epoch 100                                    
