Files already downloaded and verified
Files already downloaded and verified
==================== PSFL ====================                                  
Experiment Arguments:                                                           
{
│   'method': 'psfl',
│   'dataset': {
│   │   'name': 'cifar10',
│   │   'client_num': 100,
│   │   'test_ratio': 0.25,
│   │   'val_ratio': 0.0,
│   │   'seed': 42,
│   │   'split': 'sample',
│   │   'IID_ratio': 0.0,
│   │   'monitor_window_name_suffix': 'cifar10-100clients-0%IID-Dir(0.1)-seed42',
│   │   'alpha': 0.1,
│   │   'min_samples_per_client': 10
│   },
│   'model': {
│   │   'name': 'avgcnn',
│   │   'use_torchvision_pretrained_weights': True,
│   │   'external_model_weights_path': None
│   },
│   'optimizer': {
│   │   'lr': 0.01,
│   │   'dampening': 0,
│   │   'weight_decay': 0,
│   │   'momentum': 0,
│   │   'nesterov': False,
│   │   'name': 'sgd'
│   },
│   'mode': 'sequential',
│   'parallel': {
│   │   'ray_cluster_addr': None,
│   │   'num_cpus': None,
│   │   'num_gpus': None,
│   │   'num_workers': 2
│   },
│   'common': {
│   │   'seed': 42,
│   │   'join_ratio': 0.1,
│   │   'global_epoch': 400,
│   │   'local_epoch': 5,
│   │   'batch_size': 32,
│   │   'reset_optimizer_on_global_epoch': True,
│   │   'straggler_ratio': 0,
│   │   'straggler_min_local_epoch': 0,
│   │   'buffers': 'global',
│   │   'client_side_evaluation': True,
│   │   'test': {
│   │   │   'client': {
│   │   │   │   'interval': 100,
│   │   │   │   'finetune_epoch': 0,
│   │   │   │   'train': False,
│   │   │   │   'val': False,
│   │   │   │   'test': True
│   │   │   },
│   │   │   'server': {
│   │   │   │   'interval': -1,
│   │   │   │   'train': False,
│   │   │   │   'val': False,
│   │   │   │   'test': False,
│   │   │   │   'model_in_train_mode': False
│   │   │   }
│   │   },
│   │   'verbose_gap': 10,
│   │   'monitor': None,
│   │   'use_cuda': True,
│   │   'save_log': True,
│   │   'save_model': False,
│   │   'save_learning_curve_plot': False,
│   │   'save_metrics': True,
│   │   'delete_useless_run': True
│   },
│   'psfl': {
│   │   'alpha': 0.0,
│   │   'CLS': False,
│   │   'ig_ratio': 0.99997,
│   │   'track': False,
│   │   'score': 'diff'
│   }
}
---------------------------- TRAINING EPOCH: 10 ----------------------------    
client [77] (testset)   loss: 1.7872 -> 0.3744  accuracy: 35.69% -> 87.28%      
client [81] (testset)   loss: 0.4013 -> 0.0340  accuracy: 89.29% -> 99.11%      
client [21] (testset)   loss: 2.9874 -> 0.7817  accuracy: 21.74% -> 78.26%      
client [68] (testset)   loss: 2.1130 -> 0.2335  accuracy: 33.33% -> 91.53%      
client [93] (testset)   loss: 0.6529 -> 0.5346  accuracy: 78.95% -> 78.95%      
client [31] (testset)   loss: 1.1934 -> 0.1258  accuracy: 62.21% -> 96.31%      
client [20] (testset)   loss: 0.5913 -> 0.6813  accuracy: 81.22% -> 76.94%      
client [59] (testset)   loss: 1.0049 -> 0.0321  accuracy: 66.67% -> 100.00%     
client [48] (testset)   loss: 1.2415 -> 0.7312  accuracy: 61.54% -> 76.92%      
client [34] (testset)   loss: 1.0717 -> 0.7051  accuracy: 67.74% -> 74.84%      
---------------------------- TRAINING EPOCH: 20 ----------------------------    
client [69] (testset)   loss: 1.1475 -> 0.8800  accuracy: 57.27% -> 62.73%      
client [99] (testset)   loss: 0.4164 -> 0.0197  accuracy: 88.61% -> 100.00%     
client [67] (testset)   loss: 0.8160 -> 0.2550  accuracy: 74.19% -> 90.32%      
client [0]  (testset)   loss: 0.5249 -> 0.1255  accuracy: 88.02% -> 97.01%      
client [76] (testset)   loss: 0.7578 -> 0.2588  accuracy: 74.17% -> 89.40%      
client [41] (testset)   loss: 1.3281 -> 0.6190  accuracy: 52.38% -> 76.19%      
client [62] (testset)   loss: 2.6568 -> 0.0839  accuracy: 11.76% -> 94.12%      
client [2]  (testset)   loss: 3.6548 -> 0.4291  accuracy: 16.06% -> 85.40%      
client [14] (testset)   loss: 2.6751 -> 0.6045  accuracy: 27.09% -> 78.82%      
client [46] (testset)   loss: 0.6385 -> 0.5674  accuracy: 81.40% -> 86.05%      
---------------------------- TRAINING EPOCH: 30 ----------------------------    
client [24] (testset)   loss: 0.2784 -> 0.2947  accuracy: 91.67% -> 91.67%      
client [68] (testset)   loss: 0.1499 -> 0.1610  accuracy: 94.35% -> 94.92%      
client [57] (testset)   loss: 0.3697 -> 0.1550  accuracy: 86.50% -> 95.78%      
client [17] (testset)   loss: 0.8707 -> 0.8655  accuracy: 69.64% -> 77.98%      
client [54] (testset)   loss: 0.5913 -> 0.6753  accuracy: 88.75% -> 81.25%      
client [23] (testset)   loss: 4.6662 -> 0.0024  accuracy: 14.29% -> 100.00%     
client [35] (testset)   loss: 2.2027 -> 0.1942  accuracy: 50.00% -> 100.00%     
client [59] (testset)   loss: 0.5455 -> 0.0086  accuracy: 66.67% -> 100.00%     
client [31] (testset)   loss: 0.5229 -> 0.1523  accuracy: 85.25% -> 95.39%      
client [9]  (testset)   loss: 0.5648 -> 0.4059  accuracy: 82.48% -> 88.03%      
---------------------------- TRAINING EPOCH: 40 ----------------------------    
client [64] (testset)   loss: 0.2726 -> 0.1718  accuracy: 94.50% -> 94.95%      
client [33] (testset)   loss: 0.2246 -> 0.2155  accuracy: 93.75% -> 93.75%      
client [16] (testset)   loss: 1.2128 -> 0.7789  accuracy: 67.47% -> 80.12%      
client [44] (testset)   loss: 1.5602 -> 0.1784  accuracy: 57.14% -> 94.90%      
client [8]  (testset)   loss: 0.5902 -> 0.4551  accuracy: 80.65% -> 83.87%      
client [31] (testset)   loss: 0.1315 -> 0.0882  accuracy: 95.39% -> 97.24%      
client [47] (testset)   loss: 1.7086 -> 1.0492  accuracy: 50.00% -> 68.75%      
client [36] (testset)   loss: 1.2329 -> 0.5940  accuracy: 63.83% -> 85.11%      
client [20] (testset)   loss: 0.8757 -> 0.6029  accuracy: 76.55% -> 85.36%      
client [56] (testset)   loss: 0.3451 -> 0.1784  accuracy: 87.69% -> 95.38%      
---------------------------- TRAINING EPOCH: 50 ----------------------------    
client [4]  (testset)   loss: 0.0551 -> 0.0591  accuracy: 97.18% -> 98.59%      
client [60] (testset)   loss: 1.1735 -> 0.3633  accuracy: 73.41% -> 92.88%      
client [28] (testset)   loss: 0.4505 -> 0.3378  accuracy: 88.00% -> 92.00%      
client [25] (testset)   loss: 1.2593 -> 0.7158  accuracy: 65.72% -> 81.27%      
client [58] (testset)   loss: 0.2810 -> 0.2248  accuracy: 92.46% -> 94.44%      
client [44] (testset)   loss: 0.2485 -> 0.1763  accuracy: 93.88% -> 94.90%      
client [39] (testset)   loss: 1.0690 -> 0.7816  accuracy: 69.86% -> 83.56%      
client [29] (testset)   loss: 0.3013 -> 0.2277  accuracy: 89.47% -> 94.15%      
client [3]  (testset)   loss: 1.4553 -> 0.7380  accuracy: 62.03% -> 81.28%      
client [84] (testset)   loss: 0.8075 -> 0.4001  accuracy: 79.69% -> 89.06%      
---------------------------- TRAINING EPOCH: 60 ----------------------------    
client [21] (testset)   loss: 0.8185 -> 0.9483  accuracy: 86.96% -> 78.26%      
client [84] (testset)   loss: 0.7330 -> 0.3956  accuracy: 79.69% -> 87.50%      
client [10] (testset)   loss: 0.0831 -> 0.1080  accuracy: 97.98% -> 96.82%      
client [36] (testset)   loss: 1.2251 -> 0.6968  accuracy: 82.98% -> 85.11%      
client [65] (testset)   loss: 1.0347 -> 0.7651  accuracy: 75.00% -> 82.14%      
client [81] (testset)   loss: 0.0137 -> 0.0003  accuracy: 100.00% -> 100.00%    
client [79] (testset)   loss: 0.3446 -> 0.2902  accuracy: 92.18% -> 93.85%      
client [42] (testset)   loss: 0.3634 -> 0.3288  accuracy: 90.95% -> 93.42%      
client [11] (testset)   loss: 1.0140 -> 0.4286  accuracy: 72.73% -> 86.36%      
client [96] (testset)   loss: 1.9186 -> 1.5232  accuracy: 70.45% -> 70.45%      
---------------------------- TRAINING EPOCH: 70 ----------------------------    
client [8]  (testset)   loss: 0.6072 -> 0.5602  accuracy: 83.87% -> 87.10%      
client [53] (testset)   loss: 1.1093 -> 0.6406  accuracy: 73.47% -> 83.67%      
client [52] (testset)   loss: 0.1974 -> 0.2030  accuracy: 97.06% -> 97.06%      
client [42] (testset)   loss: 0.3269 -> 0.3024  accuracy: 92.59% -> 93.83%      
client [69] (testset)   loss: 1.3787 -> 1.2449  accuracy: 66.67% -> 70.61%      
client [59] (testset)   loss: 0.0003 -> 0.0002  accuracy: 100.00% -> 100.00%    
client [7]  (testset)   loss: 0.7102 -> 0.5633  accuracy: 79.23% -> 85.51%      
client [26] (testset)   loss: 0.5732 -> 0.5971  accuracy: 84.62% -> 92.31%      
client [49] (testset)   loss: 0.7063 -> 0.6898  accuracy: 80.32% -> 82.54%      
client [98] (testset)   loss: 1.1130 -> 1.0140  accuracy: 77.73% -> 84.36%      
---------------------------- TRAINING EPOCH: 80 ----------------------------    
client [98] (testset)   loss: 1.3808 -> 1.1148  accuracy: 82.94% -> 82.46%      
client [47] (testset)   loss: 2.3216 -> 2.3223  accuracy: 62.50% -> 68.75%      
client [21] (testset)   loss: 0.9892 -> 0.5996  accuracy: 91.30% -> 86.96%      
client [77] (testset)   loss: 0.6767 -> 0.4878  accuracy: 87.99% -> 90.11%      
client [95] (testset)   loss: 2.0821 -> 1.5904  accuracy: 58.62% -> 64.37%      
client [91] (testset)   loss: 0.8811 -> 0.8682  accuracy: 88.24% -> 91.18%      
client [14] (testset)   loss: 0.7322 -> 0.6603  accuracy: 83.25% -> 82.76%      
client [99] (testset)   loss: 0.0644 -> 0.0527  accuracy: 98.73% -> 98.73%      
client [20] (testset)   loss: 0.7833 -> 0.7953  accuracy: 82.51% -> 86.27%      
client [39] (testset)   loss: 1.0672 -> 0.8881  accuracy: 77.40% -> 83.56%      
---------------------------- TRAINING EPOCH: 90 ----------------------------    
client [52] (testset)   loss: 0.3476 -> 0.1682  accuracy: 92.16% -> 97.06%      
client [62] (testset)   loss: 0.0065 -> 0.0067  accuracy: 100.00% -> 100.00%    
client [71] (testset)   loss: 0.8624 -> 0.9352  accuracy: 86.56% -> 86.02%      
client [97] (testset)   loss: 1.1301 -> 1.0609  accuracy: 85.37% -> 89.02%      
client [30] (testset)   loss: 1.9941 -> 1.6500  accuracy: 74.19% -> 74.19%      
client [88] (testset)   loss: 0.5463 -> 0.4227  accuracy: 91.58% -> 93.16%      
client [60] (testset)   loss: 0.3674 -> 0.3275  accuracy: 91.01% -> 92.13%      
client [82] (testset)   loss: 0.3976 -> 0.3733  accuracy: 96.59% -> 96.59%      
client [91] (testset)   loss: 1.0654 -> 0.8674  accuracy: 89.71% -> 89.71%      
client [57] (testset)   loss: 0.2747 -> 0.1773  accuracy: 91.98% -> 97.47%      
---------------------------- TRAINING EPOCH: 100 ----------------------------   
client [31] (testset)   loss: 0.1640 -> 0.1590  accuracy: 96.31% -> 96.31%      
client [15] (testset)   loss: 0.8946 -> 0.6968  accuracy: 82.81% -> 85.16%      
client [71] (testset)   loss: 1.1666 -> 0.9374  accuracy: 82.26% -> 84.95%      
client [97] (testset)   loss: 1.1375 -> 1.0601  accuracy: 85.37% -> 86.59%      
client [53] (testset)   loss: 0.8762 -> 0.8085  accuracy: 78.57% -> 81.12%      
client [77] (testset)   loss: 0.4990 -> 0.4178  accuracy: 90.46% -> 92.23%      
client [76] (testset)   loss: 0.4716 -> 0.4016  accuracy: 90.73% -> 91.39%      
client [79] (testset)   loss: 0.4314 -> 0.3768  accuracy: 92.46% -> 94.13%      
client [28] (testset)   loss: 1.4315 -> 0.3607  accuracy: 68.00% -> 88.00%      
client [99] (testset)   loss: 0.0093 -> 0.0116  accuracy: 100.00% -> 98.73%     
---------------------------- TRAINING EPOCH: 110 ----------------------------   
client [97] (testset)   loss: 1.0673 -> 1.1415  accuracy: 84.15% -> 85.37%      
client [86] (testset)   loss: 0.4545 -> 0.4971  accuracy: 93.42% -> 89.47%      
client [34] (testset)   loss: 1.5822 -> 1.3507  accuracy: 70.97% -> 72.26%      
client [73] (testset)   loss: 0.9463 -> 0.9617  accuracy: 78.79% -> 78.79%      
client [5]  (testset)   loss: 0.8337 -> 0.8288  accuracy: 82.22% -> 83.51%      
client [96] (testset)   loss: 1.8976 -> 1.9625  accuracy: 77.27% -> 72.73%      
client [22] (testset)   loss: 0.8845 -> 0.8758  accuracy: 89.47% -> 90.23%      
client [60] (testset)   loss: 0.4850 -> 0.4480  accuracy: 90.64% -> 92.13%      
client [66] (testset)   loss: 1.0291 -> 0.7761  accuracy: 87.50% -> 89.71%      
client [83] (testset)   loss: 0.9768 -> 0.8254  accuracy: 83.19% -> 84.87%      
---------------------------- TRAINING EPOCH: 120 ----------------------------   
client [76] (testset)   loss: 0.3628 -> 0.3270  accuracy: 92.05% -> 93.38%      
client [65] (testset)   loss: 1.0189 -> 0.8879  accuracy: 85.71% -> 82.14%      
client [95] (testset)   loss: 1.7587 -> 1.6142  accuracy: 62.07% -> 68.97%      
client [17] (testset)   loss: 1.3753 -> 1.1785  accuracy: 70.83% -> 74.40%      
client [8]  (testset)   loss: 1.1781 -> 0.4449  accuracy: 80.65% -> 80.65%      
client [35] (testset)   loss: 5.4536 -> 5.0342  accuracy: 16.67% -> 16.67%      
client [98] (testset)   loss: 1.3723 -> 1.2123  accuracy: 82.94% -> 82.94%      
client [53] (testset)   loss: 0.7702 -> 0.7842  accuracy: 82.14% -> 81.63%      
client [43] (testset)   loss: 0.7244 -> 0.6914  accuracy: 90.91% -> 90.91%      
client [64] (testset)   loss: 0.5915 -> 0.3741  accuracy: 94.04% -> 95.41%      
---------------------------- TRAINING EPOCH: 130 ----------------------------   
client [21] (testset)   loss: 0.9644 -> 0.8487  accuracy: 82.61% -> 82.61%      
client [88] (testset)   loss: 0.5001 -> 0.4969  accuracy: 91.32% -> 92.63%      
client [38] (testset)   loss: 0.1239 -> 0.0964  accuracy: 95.19% -> 96.15%      
client [3]  (testset)   loss: 1.6756 -> 1.0996  accuracy: 77.54% -> 81.82%      
client [5]  (testset)   loss: 0.8436 -> 0.8645  accuracy: 85.31% -> 85.57%      
client [41] (testset)   loss: 1.3042 -> 1.3093  accuracy: 77.78% -> 79.37%      
client [7]  (testset)   loss: 0.6558 -> 0.6619  accuracy: 86.47% -> 88.41%      
client [37] (testset)   loss: 0.2643 -> 0.2650  accuracy: 83.33% -> 83.33%      
client [45] (testset)   loss: 1.9812 -> 1.9899  accuracy: 81.82% -> 81.82%      
client [47] (testset)   loss: 1.7272 -> 1.9684  accuracy: 81.25% -> 75.00%      
---------------------------- TRAINING EPOCH: 140 ----------------------------   
client [16] (testset)   loss: 1.3039 -> 1.0095  accuracy: 75.30% -> 82.53%      
client [11] (testset)   loss: 1.0390 -> 0.5437  accuracy: 81.82% -> 86.36%      
client [37] (testset)   loss: 2.7351 -> 2.4357  accuracy: 66.67% -> 66.67%      
client [41] (testset)   loss: 2.5294 -> 1.3895  accuracy: 63.49% -> 74.60%      
client [95] (testset)   loss: 2.3793 -> 1.9753  accuracy: 62.07% -> 64.37%      
client [53] (testset)   loss: 0.9759 -> 0.9539  accuracy: 83.67% -> 83.16%      
client [22] (testset)   loss: 1.4241 -> 1.2735  accuracy: 87.97% -> 87.97%      
client [25] (testset)   loss: 1.2310 -> 1.2837  accuracy: 80.92% -> 81.27%      
client [69] (testset)   loss: 2.3795 -> 1.8295  accuracy: 64.55% -> 68.48%      
client [46] (testset)   loss: 0.9203 -> 0.8301  accuracy: 89.15% -> 86.82%      
---------------------------- TRAINING EPOCH: 150 ----------------------------   
client [47] (testset)   loss: 2.1207 -> 2.1833  accuracy: 75.00% -> 75.00%      
client [69] (testset)   loss: 2.2789 -> 1.8436  accuracy: 63.94% -> 68.18%      
client [82] (testset)   loss: 0.4700 -> 0.4667  accuracy: 96.59% -> 96.59%      
client [45] (testset)   loss: 2.0164 -> 2.0231  accuracy: 81.82% -> 81.82%      
client [7]  (testset)   loss: 0.6749 -> 0.7062  accuracy: 87.44% -> 87.92%      
client [50] (testset)   loss: 0.7695 -> 0.7338  accuracy: 71.43% -> 85.71%      
client [35] (testset)   loss: 5.3462 -> 5.3035  accuracy: 16.67% -> 16.67%      
client [24] (testset)   loss: 0.1993 -> 0.1952  accuracy: 94.44% -> 94.44%      
client [15] (testset)   loss: 0.9175 -> 0.8520  accuracy: 84.77% -> 86.72%      
client [58] (testset)   loss: 0.4496 -> 0.4443  accuracy: 94.44% -> 93.25%      
---------------------------- TRAINING EPOCH: 160 ----------------------------   
client [48] (testset)   loss: 2.2899 -> 2.0928  accuracy: 61.54% -> 61.54%      
client [76] (testset)   loss: 0.6765 -> 0.3792  accuracy: 86.09% -> 91.39%      
client [67] (testset)   loss: 0.4927 -> 0.2438  accuracy: 89.03% -> 94.84%      
client [37] (testset)   loss: 2.3059 -> 2.0423  accuracy: 50.00% -> 50.00%      
client [58] (testset)   loss: 0.4421 -> 0.4106  accuracy: 94.44% -> 93.65%      
client [64] (testset)   loss: 0.5592 -> 0.3990  accuracy: 94.95% -> 94.95%      
client [77] (testset)   loss: 0.9126 -> 0.5436  accuracy: 88.69% -> 91.52%      
client [55] (testset)   loss: 0.6713 -> 0.6360  accuracy: 88.21% -> 89.04%      
client [12] (testset)   loss: 1.0891 -> 0.8670  accuracy: 85.71% -> 87.11%      
client [89] (testset)   loss: 0.2479 -> 0.3214  accuracy: 96.08% -> 96.08%      
---------------------------- TRAINING EPOCH: 170 ----------------------------   
client [84] (testset)   loss: 0.8097 -> 0.7628  accuracy: 81.25% -> 85.94%      
client [51] (testset)   loss: 0.5851 -> 0.4712  accuracy: 87.50% -> 87.50%      
client [8]  (testset)   loss: 0.8478 -> 0.7787  accuracy: 83.87% -> 87.10%      
client [18] (testset)   loss: 0.8989 -> 0.8958  accuracy: 84.43% -> 84.43%      
client [94] (testset)   loss: 0.5873 -> 0.6138  accuracy: 86.15% -> 86.15%      
client [81] (testset)   loss: 0.0006 -> 0.0003  accuracy: 100.00% -> 100.00%    
client [3]  (testset)   loss: 1.7388 -> 1.1560  accuracy: 75.94% -> 80.21%      
client [11] (testset)   loss: 0.4016 -> 0.3482  accuracy: 77.27% -> 95.45%      
client [95] (testset)   loss: 3.6971 -> 1.7612  accuracy: 54.02% -> 70.11%      
client [67] (testset)   loss: 0.5374 -> 0.3174  accuracy: 88.39% -> 91.61%      
---------------------------- TRAINING EPOCH: 180 ----------------------------   
client [21] (testset)   loss: 0.9244 -> 0.7915  accuracy: 78.26% -> 82.61%      
client [79] (testset)   loss: 0.6548 -> 0.3906  accuracy: 91.34% -> 93.58%      
client [58] (testset)   loss: 0.5119 -> 0.4796  accuracy: 93.25% -> 94.44%      
client [88] (testset)   loss: 0.4852 -> 0.4835  accuracy: 92.37% -> 92.89%      
client [46] (testset)   loss: 0.8357 -> 0.9443  accuracy: 84.50% -> 85.27%      
client [11] (testset)   loss: 0.3442 -> 0.3437  accuracy: 86.36% -> 86.36%      
client [55] (testset)   loss: 0.7537 -> 0.6432  accuracy: 87.24% -> 89.32%      
client [13] (testset)   loss: 0.9413 -> 0.9490  accuracy: 85.56% -> 84.44%      
client [31] (testset)   loss: 0.3007 -> 0.2905  accuracy: 96.31% -> 96.31%      
client [75] (testset)   loss: 0.6282 -> 0.5478  accuracy: 91.12% -> 91.75%      
---------------------------- TRAINING EPOCH: 190 ----------------------------   
client [19] (testset)   loss: 0.9831 -> 0.9955  accuracy: 92.92% -> 92.92%      
client [7]  (testset)   loss: 0.6927 -> 0.7304  accuracy: 87.92% -> 88.89%      
client [57] (testset)   loss: 0.3177 -> 0.3121  accuracy: 95.78% -> 96.20%      
client [13] (testset)   loss: 1.0215 -> 0.9532  accuracy: 85.56% -> 86.11%      
client [43] (testset)   loss: 0.7285 -> 0.7316  accuracy: 90.91% -> 90.91%      
client [91] (testset)   loss: 1.4035 -> 1.3859  accuracy: 88.24% -> 88.24%      
client [10] (testset)   loss: 0.2483 -> 0.2371  accuracy: 97.40% -> 97.40%      
client [64] (testset)   loss: 0.5692 -> 0.5125  accuracy: 94.50% -> 94.50%      
client [82] (testset)   loss: 0.4320 -> 0.4230  accuracy: 96.59% -> 96.59%      
client [22] (testset)   loss: 1.1567 -> 1.1127  accuracy: 89.47% -> 89.47%      
---------------------------- TRAINING EPOCH: 200 ----------------------------   
client [20] (testset)   loss: 1.0267 -> 1.0227  accuracy: 85.23% -> 86.01%      
client [23] (testset)   loss: 0.0982 -> 0.0518  accuracy: 96.43% -> 96.43%      
client [88] (testset)   loss: 0.5626 -> 0.5079  accuracy: 87.89% -> 92.37%      
client [98] (testset)   loss: 1.7008 -> 1.6040  accuracy: 82.94% -> 82.46%      
client [79] (testset)   loss: 0.5147 -> 0.4467  accuracy: 92.74% -> 93.30%      
client [21] (testset)   loss: 1.0847 -> 0.6528  accuracy: 82.61% -> 91.30%      
client [92] (testset)   loss: 0.3213 -> 0.3149  accuracy: 94.58% -> 95.07%      
client [56] (testset)   loss: 0.5790 -> 0.5309  accuracy: 92.31% -> 92.31%      
client [5]  (testset)   loss: 1.1355 -> 1.0864  accuracy: 84.02% -> 84.02%      
client [52] (testset)   loss: 0.3201 -> 0.2770  accuracy: 96.08% -> 96.08%      
---------------------------- TRAINING EPOCH: 210 ----------------------------   
client [67] (testset)   loss: 0.3041 -> 0.2631  accuracy: 93.55% -> 94.84%      
client [54] (testset)   loss: 1.5260 -> 1.6451  accuracy: 86.25% -> 85.00%      
client [14] (testset)   loss: 1.0087 -> 0.9948  accuracy: 83.25% -> 84.24%      
client [99] (testset)   loss: 0.0051 -> 0.0074  accuracy: 100.00% -> 100.00%    
client [36] (testset)   loss: 1.0879 -> 1.0726  accuracy: 85.11% -> 85.11%      
client [30] (testset)   loss: 2.6006 -> 2.2048  accuracy: 67.74% -> 68.82%      
client [38] (testset)   loss: 0.0193 -> 0.0274  accuracy: 99.04% -> 98.08%      
client [15] (testset)   loss: 0.9059 -> 0.9069  accuracy: 86.72% -> 86.72%      
client [6]  (testset)   loss: 1.1147 -> 1.1256  accuracy: 83.27% -> 84.41%      
client [53] (testset)   loss: 1.0388 -> 1.0694  accuracy: 83.16% -> 82.14%      
---------------------------- TRAINING EPOCH: 220 ----------------------------   
client [99] (testset)   loss: 0.0022 -> 0.0020  accuracy: 100.00% -> 100.00%    
client [6]  (testset)   loss: 1.1423 -> 1.1503  accuracy: 85.93% -> 86.69%      
client [83] (testset)   loss: 1.0681 -> 1.0056  accuracy: 84.59% -> 85.99%      
client [42] (testset)   loss: 0.4662 -> 0.4840  accuracy: 94.24% -> 93.83%      
client [34] (testset)   loss: 1.9749 -> 2.0083  accuracy: 67.74% -> 70.32%      
client [15] (testset)   loss: 1.0746 -> 0.9311  accuracy: 86.33% -> 87.11%      
client [47] (testset)   loss: 2.1134 -> 2.1202  accuracy: 75.00% -> 75.00%      
client [55] (testset)   loss: 1.1052 -> 0.7393  accuracy: 83.08% -> 89.60%      
client [51] (testset)   loss: 0.3320 -> 0.3344  accuracy: 87.50% -> 87.50%      
client [95] (testset)   loss: 2.3885 -> 2.1311  accuracy: 64.37% -> 70.11%      
---------------------------- TRAINING EPOCH: 230 ----------------------------   
client [71] (testset)   loss: 1.2879 -> 1.1217  accuracy: 80.11% -> 84.41%      
client [15] (testset)   loss: 1.3251 -> 0.8889  accuracy: 74.61% -> 87.11%      
client [33] (testset)   loss: 0.5041 -> 0.4635  accuracy: 92.71% -> 94.79%      
client [99] (testset)   loss: 0.2190 -> 0.1142  accuracy: 94.94% -> 97.47%      
client [90] (testset)   loss: 0.5566 -> 0.3099  accuracy: 86.67% -> 93.33%      
client [57] (testset)   loss: 0.7940 -> 0.3142  accuracy: 89.03% -> 94.09%      
client [27] (testset)   loss: 1.3941 -> 1.4271  accuracy: 71.43% -> 71.43%      
client [78] (testset)   loss: 1.2533 -> 1.2319  accuracy: 81.14% -> 82.02%      
client [36] (testset)   loss: 1.4633 -> 1.0594  accuracy: 82.98% -> 82.98%      
client [88] (testset)   loss: 0.4935 -> 0.4945  accuracy: 92.37% -> 93.16%      
---------------------------- TRAINING EPOCH: 240 ----------------------------   
client [70] (testset)   loss: 0.2127 -> 0.2047  accuracy: 95.31% -> 95.31%      
client [35] (testset)   loss: 7.9496 -> 7.8136  accuracy: 33.33% -> 33.33%      
client [16] (testset)   loss: 1.1627 -> 1.1611  accuracy: 80.72% -> 81.33%      
client [80] (testset)   loss: 0.8085 -> 0.7961  accuracy: 94.77% -> 93.46%      
client [38] (testset)   loss: 0.0355 -> 0.0338  accuracy: 98.08% -> 98.08%      
client [78] (testset)   loss: 1.3051 -> 1.2987  accuracy: 83.77% -> 84.21%      
client [68] (testset)   loss: 0.1687 -> 0.1869  accuracy: 97.74% -> 97.18%      
client [11] (testset)   loss: 0.3229 -> 0.3274  accuracy: 90.91% -> 86.36%      
client [64] (testset)   loss: 0.5605 -> 0.5266  accuracy: 95.41% -> 95.41%      
client [82] (testset)   loss: 0.3645 -> 0.3773  accuracy: 97.73% -> 97.73%      
---------------------------- TRAINING EPOCH: 250 ----------------------------   
client [30] (testset)   loss: 2.1828 -> 2.1912  accuracy: 70.97% -> 70.97%      
client [27] (testset)   loss: 1.9775 -> 1.9769  accuracy: 66.67% -> 66.67%      
client [74] (testset)   loss: 1.2091 -> 1.2198  accuracy: 92.11% -> 89.47%      
client [45] (testset)   loss: 2.1876 -> 2.1969  accuracy: 81.82% -> 81.82%      
client [6]  (testset)   loss: 1.1059 -> 1.1565  accuracy: 84.41% -> 85.93%      
client [36] (testset)   loss: 1.0113 -> 1.1251  accuracy: 80.85% -> 82.98%      
client [63] (testset)   loss: 1.1195 -> 0.9994  accuracy: 81.36% -> 82.20%      
client [76] (testset)   loss: 0.6698 -> 0.5302  accuracy: 88.08% -> 91.39%      
client [83] (testset)   loss: 1.1248 -> 1.0846  accuracy: 84.31% -> 84.31%      
client [86] (testset)   loss: 0.8556 -> 0.8472  accuracy: 90.79% -> 90.79%      
---------------------------- TRAINING EPOCH: 260 ----------------------------   
client [83] (testset)   loss: 1.2068 -> 1.1092  accuracy: 84.59% -> 85.15%      
client [99] (testset)   loss: 0.0100 -> 0.0114  accuracy: 98.73% -> 98.73%      
client [74] (testset)   loss: 1.0739 -> 1.0709  accuracy: 92.11% -> 92.11%      
client [73] (testset)   loss: 1.8871 -> 1.6276  accuracy: 78.79% -> 81.82%      
client [29] (testset)   loss: 0.3404 -> 0.3422  accuracy: 95.91% -> 94.74%      
client [92] (testset)   loss: 0.4013 -> 0.3685  accuracy: 95.57% -> 95.57%      
client [6]  (testset)   loss: 1.1220 -> 1.1713  accuracy: 84.41% -> 86.31%      
client [61] (testset)   loss: 1.9097 -> 1.6499  accuracy: 72.57% -> 73.45%      
client [21] (testset)   loss: 0.8352 -> 0.8477  accuracy: 82.61% -> 82.61%      
client [67] (testset)   loss: 0.2024 -> 0.1915  accuracy: 95.48% -> 96.13%      
---------------------------- TRAINING EPOCH: 270 ----------------------------   
client [83] (testset)   loss: 1.0464 -> 1.0603  accuracy: 84.03% -> 84.59%      
client [32] (testset)   loss: 3.0855 -> 2.8606  accuracy: 54.35% -> 60.87%      
client [95] (testset)   loss: 2.5738 -> 2.5496  accuracy: 67.82% -> 67.82%      
client [61] (testset)   loss: 1.9204 -> 1.7959  accuracy: 73.45% -> 76.11%      
client [27] (testset)   loss: 1.9227 -> 1.9347  accuracy: 66.67% -> 66.67%      
client [25] (testset)   loss: 1.4167 -> 1.4127  accuracy: 80.92% -> 80.57%      
client [68] (testset)   loss: 0.3152 -> 0.3060  accuracy: 97.18% -> 97.18%      
client [34] (testset)   loss: 2.1252 -> 2.1095  accuracy: 68.39% -> 70.32%      
client [71] (testset)   loss: 1.3542 -> 1.2404  accuracy: 83.33% -> 86.56%      
client [89] (testset)   loss: 0.3566 -> 0.3788  accuracy: 98.04% -> 98.04%      
---------------------------- TRAINING EPOCH: 280 ----------------------------   
client [78] (testset)   loss: 1.4728 -> 1.4238  accuracy: 82.02% -> 82.89%      
client [81] (testset)   loss: 0.0000 -> 0.0000  accuracy: 100.00% -> 100.00%    
client [51] (testset)   loss: 0.0361 -> 0.0350  accuracy: 100.00% -> 100.00%    
client [54] (testset)   loss: 1.6073 -> 1.7184  accuracy: 85.00% -> 82.50%      
client [65] (testset)   loss: 1.2321 -> 1.2177  accuracy: 85.71% -> 85.71%      
client [41] (testset)   loss: 2.2175 -> 1.8754  accuracy: 68.25% -> 73.02%      
client [11] (testset)   loss: 0.2790 -> 0.2680  accuracy: 95.45% -> 95.45%      
client [85] (testset)   loss: 0.5423 -> 0.5642  accuracy: 94.63% -> 94.15%      
client [12] (testset)   loss: 1.2555 -> 0.9541  accuracy: 85.37% -> 87.46%      
client [23] (testset)   loss: 0.0582 -> 0.0559  accuracy: 96.43% -> 96.43%      
---------------------------- TRAINING EPOCH: 290 ----------------------------   
client [16] (testset)   loss: 1.2953 -> 1.2363  accuracy: 83.13% -> 83.73%      
client [65] (testset)   loss: 1.2283 -> 1.2075  accuracy: 85.71% -> 85.71%      
client [53] (testset)   loss: 1.1914 -> 1.1596  accuracy: 82.65% -> 83.16%      
client [58] (testset)   loss: 0.4956 -> 0.4967  accuracy: 94.44% -> 94.44%      
client [72] (testset)   loss: 0.1149 -> 0.1131  accuracy: 96.97% -> 96.97%      
client [7]  (testset)   loss: 0.8278 -> 0.8249  accuracy: 89.37% -> 89.37%      
client [71] (testset)   loss: 1.2317 -> 1.2321  accuracy: 84.95% -> 86.02%      
client [59] (testset)   loss: 0.2717 -> 0.2406  accuracy: 66.67% -> 66.67%      
client [86] (testset)   loss: 1.1585 -> 0.9235  accuracy: 85.53% -> 89.47%      
client [39] (testset)   loss: 2.0306 -> 1.3780  accuracy: 78.77% -> 82.19%      
---------------------------- TRAINING EPOCH: 300 ----------------------------   
client [99] (testset)   loss: 0.0330 -> 0.0123  accuracy: 98.73% -> 98.73%      
client [7]  (testset)   loss: 0.7577 -> 0.8077  accuracy: 88.89% -> 89.37%      
client [17] (testset)   loss: 1.7390 -> 1.7854  accuracy: 75.00% -> 76.79%      
client [64] (testset)   loss: 0.7524 -> 0.6921  accuracy: 95.41% -> 95.41%      
client [37] (testset)   loss: 0.0536 -> 0.0567  accuracy: 100.00% -> 100.00%    
client [29] (testset)   loss: 0.3573 -> 0.3836  accuracy: 93.57% -> 94.15%      
client [93] (testset)   loss: 2.6158 -> 2.6186  accuracy: 73.68% -> 73.68%      
client [73] (testset)   loss: 2.1443 -> 2.0716  accuracy: 75.76% -> 75.76%      
client [40] (testset)   loss: 1.5012 -> 1.4965  accuracy: 77.78% -> 77.78%      
client [76] (testset)   loss: 0.5479 -> 0.5475  accuracy: 91.39% -> 90.73%      
---------------------------- TRAINING EPOCH: 310 ----------------------------   
client [31] (testset)   loss: 0.3389 -> 0.3402  accuracy: 95.85% -> 95.85%      
client [89] (testset)   loss: 0.4855 -> 0.4755  accuracy: 94.12% -> 96.08%      
client [77] (testset)   loss: 0.7505 -> 0.7241  accuracy: 90.81% -> 90.81%      
client [90] (testset)   loss: 0.1104 -> 0.0614  accuracy: 93.33% -> 93.33%      
client [26] (testset)   loss: 0.3935 -> 0.3940  accuracy: 92.31% -> 92.31%      
client [50] (testset)   loss: 1.9515 -> 1.7931  accuracy: 57.14% -> 57.14%      
client [30] (testset)   loss: 2.4857 -> 2.3796  accuracy: 73.12% -> 73.12%      
client [70] (testset)   loss: 0.1675 -> 0.1745  accuracy: 96.35% -> 95.83%      
client [41] (testset)   loss: 2.0083 -> 1.8812  accuracy: 71.43% -> 69.84%      
client [99] (testset)   loss: 0.0481 -> 0.0315  accuracy: 97.47% -> 97.47%      
---------------------------- TRAINING EPOCH: 320 ----------------------------   
client [68] (testset)   loss: 0.3986 -> 0.3423  accuracy: 97.18% -> 97.18%      
client [70] (testset)   loss: 0.1906 -> 0.1881  accuracy: 96.35% -> 96.35%      
client [52] (testset)   loss: 0.4398 -> 0.3879  accuracy: 93.14% -> 95.10%      
client [1]  (testset)   loss: 0.4742 -> 0.4680  accuracy: 92.16% -> 92.16%      
client [2]  (testset)   loss: 0.7808 -> 0.7855  accuracy: 87.59% -> 88.32%      
client [67] (testset)   loss: 0.2015 -> 0.1995  accuracy: 94.84% -> 95.48%      
client [92] (testset)   loss: 0.4560 -> 0.4470  accuracy: 95.07% -> 95.07%      
client [35] (testset)   loss: 8.8694 -> 8.8590  accuracy: 16.67% -> 16.67%      
client [36] (testset)   loss: 0.8508 -> 0.8473  accuracy: 87.23% -> 87.23%      
client [64] (testset)   loss: 0.7858 -> 0.7421  accuracy: 94.50% -> 94.50%      
---------------------------- TRAINING EPOCH: 330 ----------------------------   
client [44] (testset)   loss: 0.3563 -> 0.3975  accuracy: 94.90% -> 94.90%      
client [6]  (testset)   loss: 1.1322 -> 1.1176  accuracy: 83.65% -> 85.17%      
client [12] (testset)   loss: 1.1611 -> 0.9056  accuracy: 84.32% -> 85.71%      
client [55] (testset)   loss: 0.7790 -> 0.7201  accuracy: 88.21% -> 88.63%      
client [29] (testset)   loss: 0.4485 -> 0.3447  accuracy: 91.81% -> 92.98%      
client [9]  (testset)   loss: 0.8067 -> 0.7627  accuracy: 86.75% -> 88.03%      
client [43] (testset)   loss: 1.4755 -> 1.4245  accuracy: 81.82% -> 81.82%      
client [77] (testset)   loss: 0.6270 -> 0.6133  accuracy: 90.11% -> 90.46%      
client [98] (testset)   loss: 1.9037 -> 1.6863  accuracy: 79.62% -> 82.94%      
client [78] (testset)   loss: 1.3612 -> 1.3167  accuracy: 82.02% -> 83.33%      
---------------------------- TRAINING EPOCH: 340 ----------------------------   
client [92] (testset)   loss: 0.3513 -> 0.3520  accuracy: 94.58% -> 94.58%      
client [80] (testset)   loss: 0.6101 -> 0.5722  accuracy: 94.77% -> 94.77%      
client [63] (testset)   loss: 1.1068 -> 1.0405  accuracy: 77.97% -> 78.81%      
client [76] (testset)   loss: 0.5172 -> 0.3845  accuracy: 87.42% -> 90.73%      
client [78] (testset)   loss: 1.1170 -> 1.1003  accuracy: 81.58% -> 82.89%      
client [25] (testset)   loss: 1.1660 -> 0.9934  accuracy: 75.27% -> 83.39%      
client [58] (testset)   loss: 0.4475 -> 0.4259  accuracy: 93.65% -> 93.65%      
client [13] (testset)   loss: 0.8843 -> 0.8448  accuracy: 84.44% -> 85.00%      
client [17] (testset)   loss: 1.5156 -> 1.2243  accuracy: 78.57% -> 77.98%      
client [38] (testset)   loss: 0.0881 -> 0.0737  accuracy: 97.12% -> 96.15%      
---------------------------- TRAINING EPOCH: 350 ----------------------------   
client [72] (testset)   loss: 0.0577 -> 0.0618  accuracy: 96.97% -> 96.97%      
client [82] (testset)   loss: 0.3690 -> 0.3731  accuracy: 96.59% -> 96.59%      
client [86] (testset)   loss: 1.0034 -> 0.8510  accuracy: 85.53% -> 88.16%      
client [51] (testset)   loss: 0.5025 -> 0.3941  accuracy: 87.50% -> 87.50%      
client [96] (testset)   loss: 2.9502 -> 2.6092  accuracy: 72.73% -> 77.27%      
client [42] (testset)   loss: 0.4313 -> 0.4548  accuracy: 93.83% -> 93.83%      
client [55] (testset)   loss: 0.7718 -> 0.6818  accuracy: 86.96% -> 88.21%      
client [13] (testset)   loss: 0.9600 -> 0.9075  accuracy: 86.11% -> 84.44%      
client [1]  (testset)   loss: 0.6199 -> 0.6026  accuracy: 92.16% -> 92.16%      
client [12] (testset)   loss: 0.9832 -> 0.8324  accuracy: 86.06% -> 87.11%      
---------------------------- TRAINING EPOCH: 360 ----------------------------   
client [68] (testset)   loss: 0.2195 -> 0.2280  accuracy: 96.61% -> 96.61%      
client [23] (testset)   loss: 0.0353 -> 0.0288  accuracy: 100.00% -> 100.00%    
client [46] (testset)   loss: 0.8656 -> 0.8962  accuracy: 85.27% -> 84.50%      
client [41] (testset)   loss: 1.6840 -> 1.5993  accuracy: 71.43% -> 74.60%      
client [25] (testset)   loss: 1.2479 -> 1.2624  accuracy: 78.09% -> 79.51%      
client [58] (testset)   loss: 0.4292 -> 0.4279  accuracy: 95.63% -> 94.05%      
client [14] (testset)   loss: 1.0149 -> 1.0394  accuracy: 83.74% -> 82.76%      
client [33] (testset)   loss: 0.3672 -> 0.3552  accuracy: 95.83% -> 95.83%      
client [85] (testset)   loss: 0.4293 -> 0.4311  accuracy: 93.66% -> 93.17%      
client [62] (testset)   loss: 0.0221 -> 0.0225  accuracy: 100.00% -> 100.00%    
---------------------------- TRAINING EPOCH: 370 ----------------------------   
client [98] (testset)   loss: 1.7308 -> 1.7202  accuracy: 80.57% -> 81.04%      
client [63] (testset)   loss: 1.6056 -> 1.2837  accuracy: 72.03% -> 79.66%      
client [70] (testset)   loss: 0.2321 -> 0.2193  accuracy: 92.71% -> 96.35%      
client [65] (testset)   loss: 1.1049 -> 1.0607  accuracy: 85.71% -> 85.71%      
client [14] (testset)   loss: 1.1235 -> 1.0972  accuracy: 82.76% -> 83.74%      
client [73] (testset)   loss: 2.0523 -> 1.9841  accuracy: 72.73% -> 72.73%      
client [34] (testset)   loss: 2.1920 -> 1.9631  accuracy: 70.97% -> 70.97%      
client [99] (testset)   loss: 0.0428 -> 0.0352  accuracy: 98.73% -> 98.73%      
client [69] (testset)   loss: 2.7255 -> 2.2266  accuracy: 66.36% -> 67.88%      
client [46] (testset)   loss: 0.9960 -> 0.9824  accuracy: 85.27% -> 85.27%      
---------------------------- TRAINING EPOCH: 380 ----------------------------   
client [99] (testset)   loss: 0.0140 -> 0.0139  accuracy: 98.73% -> 98.73%      
client [93] (testset)   loss: 2.5972 -> 2.6018  accuracy: 73.68% -> 73.68%      
client [11] (testset)   loss: 1.4559 -> 1.4382  accuracy: 81.82% -> 81.82%      
client [58] (testset)   loss: 0.4271 -> 0.4246  accuracy: 94.05% -> 94.84%      
client [81] (testset)   loss: 0.0000 -> 0.0000  accuracy: 100.00% -> 100.00%    
client [85] (testset)   loss: 0.4519 -> 0.4441  accuracy: 93.66% -> 94.15%      
client [89] (testset)   loss: 0.5239 -> 0.5297  accuracy: 96.08% -> 96.08%      
client [45] (testset)   loss: 2.1935 -> 2.1973  accuracy: 81.82% -> 81.82%      
client [8]  (testset)   loss: 1.0831 -> 0.9575  accuracy: 83.87% -> 87.10%      
client [68] (testset)   loss: 0.2714 -> 0.2719  accuracy: 96.61% -> 96.61%      
---------------------------- TRAINING EPOCH: 390 ----------------------------   
client [67] (testset)   loss: 0.2532 -> 0.2540  accuracy: 95.48% -> 94.19%      
client [72] (testset)   loss: 0.0503 -> 0.0549  accuracy: 96.97% -> 96.97%      
client [1]  (testset)   loss: 0.5184 -> 0.5076  accuracy: 92.16% -> 92.16%      
client [78] (testset)   loss: 1.3169 -> 1.3326  accuracy: 82.46% -> 83.33%      
client [83] (testset)   loss: 1.1570 -> 1.1215  accuracy: 84.87% -> 84.59%      
client [21] (testset)   loss: 1.2863 -> 1.2593  accuracy: 73.91% -> 73.91%      
client [56] (testset)   loss: 0.3855 -> 0.3405  accuracy: 90.77% -> 92.31%      
client [44] (testset)   loss: 0.6190 -> 0.6188  accuracy: 93.88% -> 92.86%      
client [92] (testset)   loss: 0.3924 -> 0.3808  accuracy: 95.07% -> 95.07%      
client [27] (testset)   loss: 1.4390 -> 1.4395  accuracy: 71.43% -> 71.43%      
---------------------------- TRAINING EPOCH: 400 ----------------------------   
client [10] (testset)   loss: 0.2393 -> 0.2352  accuracy: 97.98% -> 97.98%      
client [39] (testset)   loss: 1.3005 -> 1.2148  accuracy: 82.19% -> 83.56%      
client [65] (testset)   loss: 1.2373 -> 1.2155  accuracy: 92.86% -> 92.86%      
client [26] (testset)   loss: 0.2439 -> 0.2443  accuracy: 92.31% -> 92.31%      
client [19] (testset)   loss: 1.0525 -> 1.0538  accuracy: 92.04% -> 92.04%      
client [68] (testset)   loss: 0.2730 -> 0.2790  accuracy: 97.74% -> 97.18%      
client [41] (testset)   loss: 1.8481 -> 1.7722  accuracy: 74.60% -> 76.19%      
client [50] (testset)   loss: 0.0976 -> 0.0976  accuracy: 100.00% -> 100.00%    
client [75] (testset)   loss: 0.7453 -> 0.7562  accuracy: 90.27% -> 89.85%      
client [81] (testset)   loss: 0.0000 -> 0.0000  accuracy: 100.00% -> 100.00%    
Training... ━━━━━━━━━━━━━━━━━━━━━━━━━━━━━━━━━━━━━━━━ 100% 0:07:47
PSFL's average time taken by each global epoch: 0 min 1.16 sec.                 
PSFL's total running time: 0 h 7 m 47 s.                                        
==================== PSFL Experiment Results: ====================              
Display format: (before local fine-tuning) -> (after local fine-tuning)         
 So if finetune_epoch = 0, x.xx% -> 0.00% is normal.                            
 Centralized testing ONLY happens after model aggregation, so the stats between 
'->' are the same.                                                              
{                                                                               
    "100": {                                                                    
        "all_clients": {                                                        
            "test": {                                                           
                "loss": "0.7922 -> 0.0000",                                     
                "accuracy": "86.40% -> 0.00%"                                   
            }                                                                   
        }                                                                       
    },                                                                          
    "200": {                                                                    
        "all_clients": {                                                        
            "test": {                                                           
                "loss": "0.9342 -> 0.0000",                                     
                "accuracy": "86.67% -> 0.00%"                                   
            }                                                                   
        }                                                                       
    },                                                                          
    "300": {                                                                    
        "all_clients": {                                                        
            "test": {                                                           
                "loss": "1.0587 -> 0.0000",                                     
                "accuracy": "86.97% -> 0.00%"                                   
            }                                                                   
        }                                                                       
    },                                                                          
    "400": {                                                                    
        "all_clients": {                                                        
            "test": {                                                           
                "loss": "1.0482 -> 0.0000",                                     
                "accuracy": "86.85% -> 0.00%"                                   
            }                                                                   
        }                                                                       
    }                                                                           
}                                                                               
==================== PSFL Max Accuracy ====================                     
all_clients:                                                                    
(test) before fine-tuning: 86.97% at epoch 300                                  
(test) after fine-tuning: 0.00% at epoch 100                                    
