==================== pFedFDA ====================                              
Experiment Arguments:                                                          
{
    'method': 'pfedfda',
    'dataset': {
        'name': 'medmnistC',
        'client_num': 100,
        'test_ratio': 0.25,
        'val_ratio': 0.0,
        'seed': 42,
        'split': 'sample',
        'IID_ratio': 0.0,
        'monitor_window_name_suffix': 'medmnistC-100clients-0%IID-Dir(1.0)-seed42',
        'alpha': 1.0,
        'min_samples_per_client': 10
    },
    'model': {
        'name': 'lenet5',
        'use_torchvision_pretrained_weights': True,
        'external_model_weights_path': None
    },
    'optimizer': {
        'lr': 0.01,
        'dampening': 0,
        'weight_decay': 0,
        'momentum': 0,
        'nesterov': False,
        'name': 'sgd'
    },
    'mode': 'serial',
    'parallel': {
        'ray_cluster_addr': None,
        'num_cpus': None,
        'num_gpus': None,
        'num_workers': 2
    },
    'common': {
        'seed': 42,
        'join_ratio': 0.1,
        'global_epoch': 400,
        'local_epoch': 5,
        'batch_size': 32,
        'reset_optimizer_on_global_epoch': True,
        'straggler_ratio': 0,
        'straggler_min_local_epoch': 0,
        'buffers': 'global',
        'client_side_evaluation': True,
        'test': {
            'client': {
                'interval': 100,
                'finetune_epoch': 0,
                'train': False,
                'val': False,
                'test': True
            },
            'server': {
                'interval': -1,
                'train': False,
                'val': False,
                'test': False,
                'model_in_train_mode': False
            }
        },
        'verbose_gap': 10,
        'monitor': None,
        'use_cuda': True,
        'save_log': True,
        'save_model': False,
        'save_learning_curve_plot': False,
        'save_metrics': True,
        'delete_useless_run': True
    },
    'pfedfda': {
        'eps': 0.0001,
        'single_beta': False,
        'local_beta': False,
        'num_cv_folds': 2
    }
}
---------------------------- TRAINING EPOCH: 10 ----------------------------   
client [77] (testset)   loss: 2.4936 -> 1.9883  accuracy: 16.67% -> 30.00%     
client [81] (testset)   loss: 2.4830 -> 1.9954  accuracy: 4.05% -> 35.14%      
client [21] (testset)   loss: 2.3628 -> 2.0457  accuracy: 24.56% -> 26.32%     
client [68] (testset)   loss: 2.1763 -> 1.8074  accuracy: 31.11% -> 31.11%     
client [93] (testset)   loss: 1.9043 -> 1.7599  accuracy: 45.65% -> 23.91%     
client [31] (testset)   loss: 2.3442 -> 1.9725  accuracy: 22.22% -> 44.44%     
client [20] (testset)   loss: 2.3730 -> 2.1834  accuracy: 4.92% -> 18.03%      
client [59] (testset)   loss: 2.4675 -> 2.1554  accuracy: 24.14% -> 14.94%     
client [48] (testset)   loss: 2.5443 -> 2.3899  accuracy: 17.39% -> 17.39%     
client [34] (testset)   loss: 2.0718 -> 1.9119  accuracy: 31.15% -> 31.15%     
---------------------------- TRAINING EPOCH: 20 ----------------------------   
client [69] (testset)   loss: 2.4452 -> 2.0188  accuracy: 7.84% -> 29.41%      
client [99] (testset)   loss: 2.2753 -> 2.0447  accuracy: 20.51% -> 20.51%     
client [67] (testset)   loss: 2.2911 -> 2.1568  accuracy: 22.81% -> 17.54%     
client [0]  (testset)   loss: 2.3430 -> 1.7180  accuracy: 20.55% -> 24.66%     
client [76] (testset)   loss: 2.2537 -> 1.9085  accuracy: 27.78% -> 27.78%     
client [41] (testset)   loss: 2.4202 -> 2.0226  accuracy: 26.92% -> 26.92%     
client [62] (testset)   loss: 2.5179 -> 1.9068  accuracy: 3.45% -> 41.38%      
client [2]  (testset)   loss: 2.1899 -> 1.7675  accuracy: 49.40% -> 49.40%     
client [14] (testset)   loss: 2.2924 -> 2.0298  accuracy: 31.88% -> 31.88%     
client [46] (testset)   loss: 2.4752 -> 1.8195  accuracy: 2.13% -> 48.94%      
---------------------------- TRAINING EPOCH: 30 ----------------------------   
client [24] (testset)   loss: 2.9850 -> 2.1693  accuracy: 0.00% -> 12.00%      
client [68] (testset)   loss: 2.2321 -> 1.9079  accuracy: 31.11% -> 37.78%     
client [57] (testset)   loss: 2.2363 -> 2.0596  accuracy: 17.39% -> 34.78%     
client [17] (testset)   loss: 2.4484 -> 2.0111  accuracy: 20.00% -> 32.00%     
client [54] (testset)   loss: 2.5134 -> 2.3488  accuracy: 3.12% -> 18.75%      
client [23] (testset)   loss: 2.3694 -> 2.2222  accuracy: 20.59% -> 20.59%     
client [35] (testset)   loss: 2.4366 -> 2.0274  accuracy: 11.11% -> 11.11%     
client [59] (testset)   loss: 2.3394 -> 2.1410  accuracy: 24.14% -> 24.14%     
client [31] (testset)   loss: 2.6667 -> 1.8448  accuracy: 22.22% -> 44.44%     
client [9]  (testset)   loss: 2.6356 -> 2.3284  accuracy: 11.11% -> 13.33%     
---------------------------- TRAINING EPOCH: 40 ----------------------------   
client [64] (testset)   loss: 2.5186 -> 2.1965  accuracy: 20.00% -> 20.00%     
client [33] (testset)   loss: 2.1909 -> 1.7523  accuracy: 0.00% -> 44.44%      
client [16] (testset)   loss: 2.4205 -> 2.0300  accuracy: 6.67% -> 26.67%      
client [44] (testset)   loss: 2.3327 -> 2.1846  accuracy: 12.50% -> 23.21%     
client [8]  (testset)   loss: 2.2136 -> 1.9454  accuracy: 34.17% -> 17.50%     
client [31] (testset)   loss: 2.5481 -> 1.7930  accuracy: 22.22% -> 44.44%     
client [47] (testset)   loss: 2.2394 -> 1.8631  accuracy: 16.67% -> 16.67%     
client [36] (testset)   loss: 2.7177 -> 2.0797  accuracy: 4.08% -> 24.49%      
client [20] (testset)   loss: 2.4931 -> 2.1694  accuracy: 4.92% -> 18.03%      
client [56] (testset)   loss: 2.5607 -> 2.2444  accuracy: 32.73% -> 21.82%     
---------------------------- TRAINING EPOCH: 50 ----------------------------   
client [4]  (testset)   loss: 2.3256 -> 2.0331  accuracy: 30.19% -> 30.19%     
client [60] (testset)   loss: 2.4928 -> 2.2383  accuracy: 11.43% -> 28.57%     
client [28] (testset)   loss: 2.2635 -> 2.1685  accuracy: 31.51% -> 31.51%     
client [25] (testset)   loss: 2.4286 -> 2.4750  accuracy: 10.00% -> 12.00%     
client [58] (testset)   loss: 2.2348 -> 1.6704  accuracy: 42.47% -> 42.47%     
client [44] (testset)   loss: 2.3325 -> 2.1171  accuracy: 12.50% -> 19.64%     
client [39] (testset)   loss: 1.8883 -> 1.4047  accuracy: 53.77% -> 53.77%     
client [29] (testset)   loss: 2.2827 -> 1.8879  accuracy: 37.66% -> 37.66%     
client [3]  (testset)   loss: 2.5694 -> 2.3917  accuracy: 14.81% -> 14.81%     
client [84] (testset)   loss: 2.2463 -> 1.6768  accuracy: 38.53% -> 32.11%     
---------------------------- TRAINING EPOCH: 60 ----------------------------   
client [21] (testset)   loss: 2.2896 -> 1.9897  accuracy: 24.56% -> 26.32%     
client [84] (testset)   loss: 2.1076 -> 1.7279  accuracy: 38.53% -> 38.53%     
client [10] (testset)   loss: 2.9310 -> 2.0514  accuracy: 5.56% -> 38.89%      
client [36] (testset)   loss: 2.5652 -> 2.0727  accuracy: 4.08% -> 24.49%      
client [65] (testset)   loss: 2.5734 -> 2.0973  accuracy: 0.00% -> 37.74%      
client [81] (testset)   loss: 2.5999 -> 2.0286  accuracy: 4.05% -> 22.97%      
client [79] (testset)   loss: 2.3235 -> 2.2724  accuracy: 19.23% -> 21.15%     
client [42] (testset)   loss: 2.4858 -> 2.2935  accuracy: 5.36% -> 10.71%      
client [11] (testset)   loss: 2.3952 -> 1.9721  accuracy: 12.50% -> 30.36%     
client [96] (testset)   loss: 2.3120 -> 2.1318  accuracy: 30.36% -> 30.36%     
---------------------------- TRAINING EPOCH: 70 ----------------------------   
client [8]  (testset)   loss: 2.3408 -> 1.9826  accuracy: 34.17% -> 34.17%     
client [53] (testset)   loss: 2.3083 -> 2.1336  accuracy: 38.71% -> 38.71%     
client [52] (testset)   loss: 2.6066 -> 1.3660  accuracy: 7.14% -> 57.14%      
client [42] (testset)   loss: 2.4883 -> 2.2550  accuracy: 5.36% -> 17.86%      
client [69] (testset)   loss: 2.3554 -> 2.0285  accuracy: 7.84% -> 29.41%      
client [59] (testset)   loss: 2.3613 -> 2.1244  accuracy: 24.14% -> 24.14%     
client [7]  (testset)   loss: 2.2623 -> 2.0053  accuracy: 32.79% -> 32.79%     
client [26] (testset)   loss: 2.5214 -> 2.1895  accuracy: 3.51% -> 19.30%      
client [49] (testset)   loss: 2.3691 -> 1.8601  accuracy: 24.24% -> 30.30%     
client [98] (testset)   loss: 2.2694 -> 2.0632  accuracy: 37.74% -> 37.74%     
---------------------------- TRAINING EPOCH: 80 ----------------------------   
client [98] (testset)   loss: 2.2041 -> 2.0335  accuracy: 37.74% -> 37.74%     
client [47] (testset)   loss: 2.4452 -> 1.8356  accuracy: 16.67% -> 16.67%     
client [21] (testset)   loss: 2.2784 -> 2.0136  accuracy: 24.56% -> 26.32%     
client [77] (testset)   loss: 2.3574 -> 1.9912  accuracy: 16.67% -> 30.00%     
client [95] (testset)   loss: 2.2618 -> 2.0032  accuracy: 16.44% -> 34.25%     
client [91] (testset)   loss: 2.4243 -> 1.9517  accuracy: 10.34% -> 37.93%     
client [14] (testset)   loss: 2.1844 -> 2.0318  accuracy: 31.88% -> 31.88%     
client [99] (testset)   loss: 2.2779 -> 2.0721  accuracy: 20.51% -> 20.51%     
client [20] (testset)   loss: 2.5341 -> 2.1838  accuracy: 4.92% -> 18.03%      
client [39] (testset)   loss: 1.8410 -> 1.4076  accuracy: 53.77% -> 53.77%     
---------------------------- TRAINING EPOCH: 90 ----------------------------   
client [52] (testset)   loss: 2.8170 -> 1.4907  accuracy: 7.14% -> 25.00%      
client [62] (testset)   loss: 2.2868 -> 1.9269  accuracy: 3.45% -> 41.38%      
client [71] (testset)   loss: 2.2291 -> 2.0013  accuracy: 23.33% -> 23.33%     
client [97] (testset)   loss: 2.5695 -> 2.0233  accuracy: 12.12% -> 10.61%     
client [30] (testset)   loss: 2.5295 -> 2.4083  accuracy: 12.12% -> 15.15%     
client [88] (testset)   loss: 2.4638 -> 2.2072  accuracy: 14.04% -> 22.81%     
client [60] (testset)   loss: 2.5175 -> 2.3065  accuracy: 11.43% -> 5.71%      
client [82] (testset)   loss: 2.0547 -> 1.8883  accuracy: 40.30% -> 40.30%     
client [91] (testset)   loss: 2.4224 -> 1.9916  accuracy: 10.34% -> 37.93%     
client [57] (testset)   loss: 2.1954 -> 2.0608  accuracy: 17.39% -> 34.78%     
---------------------------- TRAINING EPOCH: 100 ----------------------------  
client [31] (testset)   loss: 2.4331 -> 1.8715  accuracy: 2.78% -> 44.44%      
client [15] (testset)   loss: 2.2229 -> 1.7533  accuracy: 3.90% -> 61.04%      
client [71] (testset)   loss: 2.5036 -> 2.0489  accuracy: 0.00% -> 23.33%      
client [97] (testset)   loss: 2.2369 -> 1.8528  accuracy: 9.09% -> 31.82%      
client [53] (testset)   loss: 2.2906 -> 2.1189  accuracy: 1.61% -> 38.71%      
client [77] (testset)   loss: 2.4752 -> 1.9879  accuracy: 15.00% -> 30.00%     
client [76] (testset)   loss: 2.1955 -> 1.9299  accuracy: 30.56% -> 27.78%     
client [79] (testset)   loss: 2.2662 -> 2.3240  accuracy: 17.31% -> 21.15%     
client [28] (testset)   loss: 2.3252 -> 2.2028  accuracy: 5.48% -> 12.33%      
client [99] (testset)   loss: 2.3775 -> 2.0770  accuracy: 20.51% -> 20.51%     
---------------------------- TRAINING EPOCH: 110 ----------------------------  
client [97] (testset)   loss: 2.4212 -> 2.0136  accuracy: 12.12% -> 25.76%     
client [86] (testset)   loss: 1.9079 -> 1.7072  accuracy: 48.44% -> 48.44%     
client [34] (testset)   loss: 2.3382 -> 1.9172  accuracy: 31.15% -> 24.59%     
client [73] (testset)   loss: 2.3754 -> 2.3615  accuracy: 12.28% -> 12.28%     
client [5]  (testset)   loss: 2.5687 -> 2.1642  accuracy: 2.17% -> 26.09%      
client [96] (testset)   loss: 2.2499 -> 2.0588  accuracy: 30.36% -> 30.36%     
client [22] (testset)   loss: 2.7347 -> 1.8535  accuracy: 4.00% -> 46.00%      
client [60] (testset)   loss: 2.4728 -> 2.1861  accuracy: 11.43% -> 28.57%     
client [66] (testset)   loss: 2.3422 -> 2.1919  accuracy: 19.05% -> 19.05%     
client [83] (testset)   loss: 2.6073 -> 2.1204  accuracy: 0.00% -> 19.57%      
---------------------------- TRAINING EPOCH: 120 ----------------------------  
client [76] (testset)   loss: 2.1913 -> 1.9368  accuracy: 27.78% -> 27.78%     
client [65] (testset)   loss: 2.6986 -> 2.1082  accuracy: 0.00% -> 37.74%      
client [95] (testset)   loss: 2.4447 -> 2.0264  accuracy: 16.44% -> 34.25%     
client [17] (testset)   loss: 2.4136 -> 1.9861  accuracy: 20.00% -> 32.00%     
client [8]  (testset)   loss: 2.1607 -> 1.9500  accuracy: 34.17% -> 34.17%     
client [35] (testset)   loss: 2.5575 -> 2.0078  accuracy: 11.11% -> 33.33%     
client [98] (testset)   loss: 2.1534 -> 2.0537  accuracy: 37.74% -> 37.74%     
client [53] (testset)   loss: 2.0705 -> 2.0586  accuracy: 38.71% -> 38.71%     
client [43] (testset)   loss: 1.9491 -> 1.4888  accuracy: 57.89% -> 57.89%     
client [64] (testset)   loss: 2.2891 -> 2.2169  accuracy: 20.00% -> 20.00%     
---------------------------- TRAINING EPOCH: 130 ----------------------------  
client [21] (testset)   loss: 2.4033 -> 1.9378  accuracy: 1.75% -> 24.56%      
client [88] (testset)   loss: 2.4514 -> 2.2185  accuracy: 3.51% -> 15.79%      
client [38] (testset)   loss: 2.3292 -> 2.2825  accuracy: 10.81% -> 18.92%     
client [3]  (testset)   loss: 2.4575 -> 2.7223  accuracy: 11.11% -> 9.26%      
client [5]  (testset)   loss: 2.2733 -> 2.2949  accuracy: 26.09% -> 26.09%     
client [41] (testset)   loss: 2.3847 -> 2.0182  accuracy: 3.85% -> 26.92%      
client [7]  (testset)   loss: 2.3327 -> 1.9933  accuracy: 6.56% -> 18.03%      
client [37] (testset)   loss: 2.3636 -> 1.9357  accuracy: 7.14% -> 40.48%      
client [45] (testset)   loss: 2.2021 -> 2.0548  accuracy: 6.52% -> 34.78%      
client [47] (testset)   loss: 2.1760 -> 1.6949  accuracy: 8.33% -> 47.22%      
---------------------------- TRAINING EPOCH: 140 ----------------------------  
client [16] (testset)   loss: 2.4070 -> 2.0130  accuracy: 6.67% -> 26.67%      
client [11] (testset)   loss: 2.2418 -> 1.9870  accuracy: 12.50% -> 30.36%     
client [37] (testset)   loss: 2.1996 -> 2.0104  accuracy: 9.52% -> 40.48%      
client [41] (testset)   loss: 2.2721 -> 2.0353  accuracy: 26.92% -> 17.31%     
client [95] (testset)   loss: 2.2101 -> 2.0496  accuracy: 16.44% -> 34.25%     
client [53] (testset)   loss: 2.1126 -> 2.1810  accuracy: 38.71% -> 38.71%     
client [22] (testset)   loss: 2.4853 -> 1.8352  accuracy: 4.00% -> 46.00%      
client [25] (testset)   loss: 2.4698 -> 2.5456  accuracy: 10.00% -> 12.00%     
client [69] (testset)   loss: 2.6929 -> 2.0198  accuracy: 7.84% -> 29.41%      
client [46] (testset)   loss: 2.1599 -> 1.8175  accuracy: 2.13% -> 48.94%      
---------------------------- TRAINING EPOCH: 150 ----------------------------  
client [47] (testset)   loss: 2.4068 -> 1.7035  accuracy: 16.67% -> 47.22%     
client [69] (testset)   loss: 2.6703 -> 2.0204  accuracy: 7.84% -> 29.41%      
client [82] (testset)   loss: 2.1336 -> 1.8710  accuracy: 40.30% -> 40.30%     
client [45] (testset)   loss: 2.3120 -> 2.0640  accuracy: 34.78% -> 34.78%     
client [7]  (testset)   loss: 2.1704 -> 2.0243  accuracy: 32.79% -> 32.79%     
client [50] (testset)   loss: 2.3763 -> 2.0926  accuracy: 29.87% -> 29.87%     
client [35] (testset)   loss: 2.4266 -> 1.9654  accuracy: 11.11% -> 33.33%     
client [24] (testset)   loss: 2.7833 -> 2.2087  accuracy: 0.00% -> 20.00%      
client [15] (testset)   loss: 2.0822 -> 1.5915  accuracy: 61.04% -> 61.04%     
client [58] (testset)   loss: 2.1071 -> 1.7097  accuracy: 42.47% -> 42.47%     
---------------------------- TRAINING EPOCH: 160 ----------------------------  
client [48] (testset)   loss: 2.3960 -> 2.2788  accuracy: 17.39% -> 17.39%     
client [76] (testset)   loss: 2.2240 -> 1.8833  accuracy: 27.78% -> 27.78%     
client [67] (testset)   loss: 2.2327 -> 2.0963  accuracy: 22.81% -> 22.81%     
client [37] (testset)   loss: 2.3378 -> 1.9281  accuracy: 9.52% -> 40.48%      
client [58] (testset)   loss: 2.1462 -> 1.6817  accuracy: 42.47% -> 42.47%     
client [64] (testset)   loss: 2.3863 -> 2.1900  accuracy: 20.00% -> 20.00%     
client [77] (testset)   loss: 2.3989 -> 1.9944  accuracy: 16.67% -> 30.00%     
client [55] (testset)   loss: 2.1148 -> 1.9009  accuracy: 42.62% -> 42.62%     
client [12] (testset)   loss: 2.5334 -> 1.9135  accuracy: 0.00% -> 22.03%      
client [89] (testset)   loss: 2.0681 -> 2.0700  accuracy: 46.88% -> 12.50%     
---------------------------- TRAINING EPOCH: 170 ----------------------------  
client [84] (testset)   loss: 2.2586 -> 1.7335  accuracy: 38.53% -> 38.53%     
client [51] (testset)   loss: 2.0131 -> 1.9278  accuracy: 47.42% -> 47.42%     
client [8]  (testset)   loss: 2.0164 -> 1.9197  accuracy: 34.17% -> 34.17%     
client [18] (testset)   loss: 2.4536 -> 2.3166  accuracy: 11.63% -> 6.98%      
client [94] (testset)   loss: 2.4975 -> 1.8068  accuracy: 19.51% -> 31.71%     
client [81] (testset)   loss: 2.8248 -> 2.0169  accuracy: 4.05% -> 22.97%      
client [3]  (testset)   loss: 2.6514 -> 2.5460  accuracy: 14.81% -> 12.96%     
client [11] (testset)   loss: 2.4622 -> 2.0164  accuracy: 12.50% -> 30.36%     
client [95] (testset)   loss: 2.2325 -> 2.0219  accuracy: 16.44% -> 34.25%     
client [67] (testset)   loss: 2.3310 -> 2.1093  accuracy: 22.81% -> 22.81%     
---------------------------- TRAINING EPOCH: 180 ----------------------------  
client [21] (testset)   loss: 2.4040 -> 1.9369  accuracy: 24.56% -> 40.35%     
client [79] (testset)   loss: 2.4326 -> 2.3226  accuracy: 19.23% -> 21.15%     
client [58] (testset)   loss: 2.2407 -> 1.6908  accuracy: 42.47% -> 42.47%     
client [88] (testset)   loss: 2.5258 -> 2.1910  accuracy: 14.04% -> 8.77%      
client [46] (testset)   loss: 2.3785 -> 1.8426  accuracy: 2.13% -> 48.94%      
client [11] (testset)   loss: 2.2343 -> 2.0189  accuracy: 12.50% -> 21.43%     
client [55] (testset)   loss: 2.1401 -> 1.9194  accuracy: 42.62% -> 42.62%     
client [13] (testset)   loss: 2.4949 -> 2.4400  accuracy: 19.44% -> 22.22%     
client [31] (testset)   loss: 2.5241 -> 1.8856  accuracy: 22.22% -> 44.44%     
client [75] (testset)   loss: 2.4937 -> 2.1678  accuracy: 1.85% -> 24.07%      
---------------------------- TRAINING EPOCH: 190 ----------------------------  
client [19] (testset)   loss: 2.6137 -> 2.1670  accuracy: 3.57% -> 23.21%      
client [7]  (testset)   loss: 2.2638 -> 1.9589  accuracy: 32.79% -> 32.79%     
client [57] (testset)   loss: 2.2226 -> 2.0810  accuracy: 17.39% -> 34.78%     
client [13] (testset)   loss: 2.4026 -> 2.4401  accuracy: 19.44% -> 22.22%     
client [43] (testset)   loss: 2.2110 -> 1.5059  accuracy: 57.89% -> 57.89%     
client [91] (testset)   loss: 2.3599 -> 2.0275  accuracy: 10.34% -> 37.93%     
client [10] (testset)   loss: 2.8740 -> 2.0657  accuracy: 5.56% -> 38.89%      
client [64] (testset)   loss: 2.3608 -> 2.1904  accuracy: 20.00% -> 20.00%     
client [82] (testset)   loss: 2.1413 -> 1.8835  accuracy: 40.30% -> 40.30%     
client [22] (testset)   loss: 2.5945 -> 1.8430  accuracy: 4.00% -> 46.00%      
---------------------------- TRAINING EPOCH: 200 ----------------------------  
client [20] (testset)   loss: 2.5938 -> 2.1696  accuracy: 4.92% -> 18.03%      
client [23] (testset)   loss: 2.3141 -> 2.1626  accuracy: 20.59% -> 20.59%     
client [88] (testset)   loss: 2.4419 -> 2.1402  accuracy: 14.04% -> 22.81%     
client [98] (testset)   loss: 2.0680 -> 2.0576  accuracy: 37.74% -> 37.74%     
client [79] (testset)   loss: 2.4753 -> 2.3125  accuracy: 19.23% -> 21.15%     
client [21] (testset)   loss: 2.3223 -> 2.0006  accuracy: 24.56% -> 26.32%     
client [92] (testset)   loss: 2.5926 -> 2.1041  accuracy: 7.35% -> 26.47%      
client [56] (testset)   loss: 2.2779 -> 2.7081  accuracy: 32.73% -> 7.27%      
client [5]  (testset)   loss: 2.6793 -> 2.2187  accuracy: 2.17% -> 26.09%      
client [52] (testset)   loss: 2.6958 -> 1.2786  accuracy: 7.14% -> 57.14%      
---------------------------- TRAINING EPOCH: 210 ----------------------------  
client [67] (testset)   loss: 2.2950 -> 2.0554  accuracy: 22.81% -> 19.30%     
client [54] (testset)   loss: 2.6114 -> 2.5395  accuracy: 3.12% -> 18.75%      
client [14] (testset)   loss: 2.2705 -> 2.0628  accuracy: 31.88% -> 31.88%     
client [99] (testset)   loss: 2.3845 -> 2.1204  accuracy: 20.51% -> 12.82%     
client [36] (testset)   loss: 2.6058 -> 2.0287  accuracy: 4.08% -> 30.61%      
client [30] (testset)   loss: 2.5045 -> 2.3240  accuracy: 12.12% -> 10.61%     
client [38] (testset)   loss: 2.3120 -> 2.2113  accuracy: 24.32% -> 18.92%     
client [15] (testset)   loss: 1.7489 -> 1.4830  accuracy: 61.04% -> 61.04%     
client [6]  (testset)   loss: 2.6484 -> 2.0662  accuracy: 1.54% -> 12.31%      
client [53] (testset)   loss: 2.0510 -> 2.0757  accuracy: 38.71% -> 38.71%     
---------------------------- TRAINING EPOCH: 220 ----------------------------  
client [99] (testset)   loss: 2.2462 -> 2.1106  accuracy: 20.51% -> 7.69%      
client [6]  (testset)   loss: 2.5145 -> 2.0644  accuracy: 1.54% -> 23.08%      
client [83] (testset)   loss: 2.6465 -> 2.1568  accuracy: 0.00% -> 19.57%      
client [42] (testset)   loss: 2.4743 -> 2.2841  accuracy: 5.36% -> 17.86%      
client [34] (testset)   loss: 2.2669 -> 1.9118  accuracy: 31.15% -> 24.59%     
client [15] (testset)   loss: 1.9351 -> 1.6021  accuracy: 61.04% -> 61.04%     
client [47] (testset)   loss: 2.5501 -> 1.7118  accuracy: 16.67% -> 47.22%     
client [55] (testset)   loss: 2.1464 -> 1.8872  accuracy: 42.62% -> 42.62%     
client [51] (testset)   loss: 1.9820 -> 1.9010  accuracy: 47.42% -> 47.42%     
client [95] (testset)   loss: 2.4333 -> 1.9846  accuracy: 16.44% -> 34.25%     
---------------------------- TRAINING EPOCH: 230 ----------------------------  
client [71] (testset)   loss: 2.4083 -> 2.0552  accuracy: 23.33% -> 23.33%     
client [15] (testset)   loss: 1.9087 -> 1.6116  accuracy: 61.04% -> 61.04%     
client [33] (testset)   loss: 2.3481 -> 2.0512  accuracy: 0.00% -> 22.22%      
client [99] (testset)   loss: 2.2942 -> 2.0670  accuracy: 20.51% -> 20.51%     
client [90] (testset)   loss: 2.6129 -> 2.0408  accuracy: 2.27% -> 25.00%      
client [57] (testset)   loss: 2.4172 -> 2.0957  accuracy: 17.39% -> 34.78%     
client [27] (testset)   loss: 2.1889 -> 1.9743  accuracy: 38.75% -> 38.75%     
client [78] (testset)   loss: 2.4854 -> 1.9667  accuracy: 24.24% -> 22.73%     
client [36] (testset)   loss: 2.6894 -> 2.0851  accuracy: 4.08% -> 24.49%      
client [88] (testset)   loss: 2.3430 -> 2.1915  accuracy: 14.04% -> 15.79%     
---------------------------- TRAINING EPOCH: 240 ----------------------------  
client [70] (testset)   loss: 2.4305 -> 2.3983  accuracy: 18.75% -> 12.50%     
client [35] (testset)   loss: 2.3234 -> 1.9984  accuracy: 11.11% -> 33.33%     
client [16] (testset)   loss: 2.4116 -> 2.0132  accuracy: 6.67% -> 26.67%      
client [80] (testset)   loss: 2.4058 -> 2.2932  accuracy: 3.64% -> 14.55%      
client [38] (testset)   loss: 2.3276 -> 2.2085  accuracy: 24.32% -> 18.92%     
client [78] (testset)   loss: 2.2340 -> 1.9190  accuracy: 24.24% -> 24.24%     
client [68] (testset)   loss: 2.2702 -> 1.7590  accuracy: 31.11% -> 37.78%     
client [11] (testset)   loss: 2.2432 -> 1.9595  accuracy: 12.50% -> 21.43%     
client [64] (testset)   loss: 2.4300 -> 2.1866  accuracy: 20.00% -> 20.00%     
client [82] (testset)   loss: 2.2039 -> 1.9099  accuracy: 40.30% -> 40.30%     
---------------------------- TRAINING EPOCH: 250 ----------------------------  
client [30] (testset)   loss: 2.5822 -> 2.3129  accuracy: 12.12% -> 15.15%     
client [27] (testset)   loss: 2.0384 -> 1.9826  accuracy: 38.75% -> 38.75%     
client [74] (testset)   loss: 2.2256 -> 2.0014  accuracy: 28.07% -> 19.30%     
client [45] (testset)   loss: 2.1146 -> 2.0841  accuracy: 34.78% -> 34.78%     
client [6]  (testset)   loss: 2.5446 -> 2.1305  accuracy: 1.54% -> 4.62%       
client [36] (testset)   loss: 2.6043 -> 2.1201  accuracy: 4.08% -> 24.49%      
client [63] (testset)   loss: 2.2188 -> 2.0543  accuracy: 31.67% -> 31.67%     
client [76] (testset)   loss: 2.1874 -> 1.9054  accuracy: 27.78% -> 27.78%     
client [83] (testset)   loss: 2.6334 -> 2.1763  accuracy: 0.00% -> 19.57%      
client [86] (testset)   loss: 1.8932 -> 1.7210  accuracy: 48.44% -> 48.44%     
---------------------------- TRAINING EPOCH: 260 ----------------------------  
client [83] (testset)   loss: 2.5277 -> 2.1756  accuracy: 0.00% -> 19.57%      
client [99] (testset)   loss: 2.2060 -> 2.1148  accuracy: 20.51% -> 20.51%     
client [74] (testset)   loss: 2.1980 -> 2.0309  accuracy: 28.07% -> 19.30%     
client [73] (testset)   loss: 2.3586 -> 2.3250  accuracy: 12.28% -> 12.28%     
client [29] (testset)   loss: 2.2760 -> 1.8152  accuracy: 37.66% -> 37.66%     
client [92] (testset)   loss: 2.3812 -> 2.1061  accuracy: 7.35% -> 26.47%      
client [6]  (testset)   loss: 2.4372 -> 2.0446  accuracy: 1.54% -> 18.46%      
client [61] (testset)   loss: 2.2509 -> 2.2392  accuracy: 26.67% -> 26.67%     
client [21] (testset)   loss: 2.2750 -> 1.9716  accuracy: 24.56% -> 26.32%     
client [67] (testset)   loss: 2.3361 -> 2.0796  accuracy: 22.81% -> 19.30%     
---------------------------- TRAINING EPOCH: 270 ----------------------------  
client [83] (testset)   loss: 2.3994 -> 2.1407  accuracy: 0.00% -> 19.57%      
client [32] (testset)   loss: 2.5287 -> 2.1763  accuracy: 17.39% -> 30.43%     
client [95] (testset)   loss: 2.1590 -> 1.9962  accuracy: 16.44% -> 34.25%     
client [61] (testset)   loss: 2.3537 -> 2.2005  accuracy: 26.67% -> 26.67%     
client [27] (testset)   loss: 2.0745 -> 1.9803  accuracy: 38.75% -> 38.75%     
client [25] (testset)   loss: 2.3812 -> 2.4488  accuracy: 10.00% -> 12.00%     
client [68] (testset)   loss: 2.1793 -> 1.7602  accuracy: 31.11% -> 37.78%     
client [34] (testset)   loss: 2.1043 -> 1.9494  accuracy: 31.15% -> 24.59%     
client [71] (testset)   loss: 2.2817 -> 2.0076  accuracy: 23.33% -> 23.33%     
client [89] (testset)   loss: 2.1030 -> 1.9922  accuracy: 46.88% -> 46.88%     
---------------------------- TRAINING EPOCH: 280 ----------------------------  
client [78] (testset)   loss: 2.3137 -> 1.9346  accuracy: 24.24% -> 24.24%     
client [81] (testset)   loss: 2.6705 -> 1.9861  accuracy: 4.05% -> 35.14%      
client [51] (testset)   loss: 1.9800 -> 1.8616  accuracy: 47.42% -> 47.42%     
client [54] (testset)   loss: 2.6344 -> 2.6423  accuracy: 3.12% -> 18.75%      
client [65] (testset)   loss: 2.6399 -> 2.0528  accuracy: 0.00% -> 37.74%      
client [41] (testset)   loss: 2.2438 -> 2.0149  accuracy: 26.92% -> 26.92%     
client [11] (testset)   loss: 2.4076 -> 2.0212  accuracy: 12.50% -> 33.93%     
client [85] (testset)   loss: 2.3559 -> 2.0695  accuracy: 18.67% -> 29.33%     
client [12] (testset)   loss: 2.6023 -> 1.8878  accuracy: 0.00% -> 23.73%      
client [23] (testset)   loss: 2.5737 -> 2.1959  accuracy: 20.59% -> 20.59%     
---------------------------- TRAINING EPOCH: 290 ----------------------------  
client [16] (testset)   loss: 2.5250 -> 2.0369  accuracy: 6.67% -> 26.67%      
client [65] (testset)   loss: 2.5245 -> 2.1516  accuracy: 0.00% -> 16.98%      
client [53] (testset)   loss: 2.2509 -> 2.1487  accuracy: 38.71% -> 38.71%     
client [58] (testset)   loss: 2.0752 -> 1.7167  accuracy: 42.47% -> 20.55%     
client [72] (testset)   loss: 2.7342 -> 1.7783  accuracy: 1.85% -> 53.70%      
client [7]  (testset)   loss: 2.2157 -> 1.9345  accuracy: 32.79% -> 32.79%     
client [71] (testset)   loss: 2.3919 -> 2.0599  accuracy: 23.33% -> 23.33%     
client [59] (testset)   loss: 2.3093 -> 2.1443  accuracy: 24.14% -> 24.14%     
client [86] (testset)   loss: 2.1501 -> 1.6910  accuracy: 48.44% -> 48.44%     
client [39] (testset)   loss: 2.0202 -> 1.4380  accuracy: 53.77% -> 53.77%     
---------------------------- TRAINING EPOCH: 300 ----------------------------  
client [99] (testset)   loss: 2.2984 -> 2.0784  accuracy: 20.51% -> 12.82%     
client [7]  (testset)   loss: 2.2869 -> 1.9681  accuracy: 32.79% -> 32.79%     
client [17] (testset)   loss: 2.5170 -> 1.9980  accuracy: 20.00% -> 32.00%     
client [64] (testset)   loss: 2.4684 -> 2.1883  accuracy: 20.00% -> 20.00%     
client [37] (testset)   loss: 2.5185 -> 1.9783  accuracy: 9.52% -> 40.48%      
client [29] (testset)   loss: 2.1713 -> 1.8157  accuracy: 37.66% -> 37.66%     
client [93] (testset)   loss: 2.1334 -> 1.6879  accuracy: 45.65% -> 45.65%     
client [73] (testset)   loss: 2.3873 -> 2.3330  accuracy: 12.28% -> 21.05%     
client [40] (testset)   loss: 2.3696 -> 2.1503  accuracy: 7.61% -> 21.74%      
client [76] (testset)   loss: 2.0934 -> 1.9885  accuracy: 27.78% -> 27.78%     
---------------------------- TRAINING EPOCH: 310 ----------------------------  
client [31] (testset)   loss: 2.3848 -> 1.8390  accuracy: 22.22% -> 44.44%     
client [89] (testset)   loss: 2.0709 -> 2.1896  accuracy: 46.88% -> 46.88%     
client [77] (testset)   loss: 2.6276 -> 2.0491  accuracy: 16.67% -> 16.67%     
client [90] (testset)   loss: 2.8377 -> 2.0771  accuracy: 2.27% -> 25.00%      
client [26] (testset)   loss: 2.5416 -> 2.1878  accuracy: 3.51% -> 22.81%      
client [50] (testset)   loss: 2.2697 -> 2.1026  accuracy: 29.87% -> 29.87%     
client [30] (testset)   loss: 2.6196 -> 2.3612  accuracy: 12.12% -> 15.15%     
client [70] (testset)   loss: 2.5172 -> 2.3320  accuracy: 18.75% -> 25.00%     
client [41] (testset)   loss: 2.3336 -> 2.0373  accuracy: 26.92% -> 26.92%     
client [99] (testset)   loss: 2.3917 -> 2.0839  accuracy: 20.51% -> 10.26%     
---------------------------- TRAINING EPOCH: 320 ----------------------------  
client [68] (testset)   loss: 2.0336 -> 1.7795  accuracy: 31.11% -> 31.11%     
client [70] (testset)   loss: 2.3850 -> 2.3237  accuracy: 18.75% -> 9.38%      
client [52] (testset)   loss: 3.0830 -> 1.3104  accuracy: 7.14% -> 57.14%      
client [1]  (testset)   loss: 2.2461 -> 2.4080  accuracy: 20.83% -> 12.50%     
client [2]  (testset)   loss: 2.0415 -> 1.7999  accuracy: 49.40% -> 49.40%     
client [67] (testset)   loss: 2.2558 -> 2.2000  accuracy: 22.81% -> 19.30%     
client [92] (testset)   loss: 2.4505 -> 2.1083  accuracy: 7.35% -> 26.47%      
client [35] (testset)   loss: 2.4587 -> 2.0381  accuracy: 11.11% -> 16.67%     
client [36] (testset)   loss: 2.6178 -> 2.0962  accuracy: 4.08% -> 24.49%      
client [64] (testset)   loss: 2.4202 -> 2.1759  accuracy: 20.00% -> 20.00%     
---------------------------- TRAINING EPOCH: 330 ----------------------------  
client [44] (testset)   loss: 2.4317 -> 2.3038  accuracy: 12.50% -> 23.21%     
client [6]  (testset)   loss: 2.3619 -> 2.0289  accuracy: 1.54% -> 21.54%      
client [12] (testset)   loss: 2.6658 -> 1.9063  accuracy: 0.00% -> 23.73%      
client [55] (testset)   loss: 2.1736 -> 1.8975  accuracy: 42.62% -> 42.62%     
client [29] (testset)   loss: 2.3074 -> 1.8349  accuracy: 37.66% -> 37.66%     
client [9]  (testset)   loss: 2.3538 -> 2.3016  accuracy: 11.11% -> 17.78%     
client [43] (testset)   loss: 2.1576 -> 1.5246  accuracy: 57.89% -> 57.89%     
client [77] (testset)   loss: 2.4603 -> 2.0119  accuracy: 16.67% -> 30.00%     
client [98] (testset)   loss: 2.2972 -> 2.0483  accuracy: 37.74% -> 37.74%     
client [78] (testset)   loss: 2.4903 -> 1.9232  accuracy: 24.24% -> 22.73%     
---------------------------- TRAINING EPOCH: 340 ----------------------------  
client [92] (testset)   loss: 2.4368 -> 2.1205  accuracy: 7.35% -> 26.47%      
client [80] (testset)   loss: 2.4778 -> 2.1773  accuracy: 3.64% -> 38.18%      
client [63] (testset)   loss: 2.2260 -> 1.9906  accuracy: 31.67% -> 31.67%     
client [76] (testset)   loss: 2.2272 -> 1.9205  accuracy: 27.78% -> 27.78%     
client [78] (testset)   loss: 2.3071 -> 2.0174  accuracy: 24.24% -> 22.73%     
client [25] (testset)   loss: 2.4214 -> 2.4778  accuracy: 10.00% -> 12.00%     
client [58] (testset)   loss: 2.0134 -> 1.6717  accuracy: 42.47% -> 42.47%     
client [13] (testset)   loss: 2.3691 -> 2.4460  accuracy: 19.44% -> 22.22%     
client [17] (testset)   loss: 2.6772 -> 1.9736  accuracy: 20.00% -> 32.00%     
client [38] (testset)   loss: 2.2726 -> 2.1736  accuracy: 24.32% -> 18.92%     
---------------------------- TRAINING EPOCH: 350 ----------------------------  
client [72] (testset)   loss: 2.8450 -> 1.7540  accuracy: 1.85% -> 53.70%      
client [82] (testset)   loss: 1.9641 -> 1.8749  accuracy: 40.30% -> 40.30%     
client [86] (testset)   loss: 2.0258 -> 1.6889  accuracy: 48.44% -> 48.44%     
client [51] (testset)   loss: 2.0712 -> 1.8088  accuracy: 47.42% -> 47.42%     
client [96] (testset)   loss: 2.3255 -> 2.1405  accuracy: 30.36% -> 30.36%     
client [42] (testset)   loss: 2.6457 -> 2.2103  accuracy: 5.36% -> 17.86%      
client [55] (testset)   loss: 2.1822 -> 1.9044  accuracy: 42.62% -> 42.62%     
client [13] (testset)   loss: 2.3881 -> 2.4727  accuracy: 19.44% -> 22.22%     
client [1]  (testset)   loss: 2.3400 -> 2.3615  accuracy: 20.83% -> 12.50%     
client [12] (testset)   loss: 2.6362 -> 1.8926  accuracy: 0.00% -> 23.73%      
---------------------------- TRAINING EPOCH: 360 ----------------------------  
client [68] (testset)   loss: 2.3202 -> 1.8168  accuracy: 31.11% -> 37.78%     
client [23] (testset)   loss: 2.3689 -> 2.1862  accuracy: 20.59% -> 5.88%      
client [46] (testset)   loss: 2.1886 -> 1.8213  accuracy: 2.13% -> 48.94%      
client [41] (testset)   loss: 2.2108 -> 2.0194  accuracy: 26.92% -> 26.92%     
client [25] (testset)   loss: 2.4242 -> 2.4745  accuracy: 10.00% -> 12.00%     
client [58] (testset)   loss: 2.2570 -> 1.6911  accuracy: 42.47% -> 42.47%     
client [14] (testset)   loss: 2.3812 -> 2.0961  accuracy: 31.88% -> 31.88%     
client [33] (testset)   loss: 2.6046 -> 1.9617  accuracy: 0.00% -> 2.22%       
client [85] (testset)   loss: 2.2242 -> 2.0410  accuracy: 18.67% -> 18.67%     
client [62] (testset)   loss: 2.3678 -> 1.8455  accuracy: 3.45% -> 41.38%      
---------------------------- TRAINING EPOCH: 370 ----------------------------  
client [98] (testset)   loss: 2.2771 -> 2.0764  accuracy: 37.74% -> 37.74%     
client [63] (testset)   loss: 2.1672 -> 2.0331  accuracy: 31.67% -> 31.67%     
client [70] (testset)   loss: 2.3980 -> 2.2187  accuracy: 18.75% -> 12.50%     
client [65] (testset)   loss: 2.4884 -> 2.0392  accuracy: 0.00% -> 37.74%      
client [14] (testset)   loss: 2.1763 -> 2.1181  accuracy: 31.88% -> 31.88%     
client [73] (testset)   loss: 2.4303 -> 2.3335  accuracy: 12.28% -> 12.28%     
client [34] (testset)   loss: 2.1820 -> 1.9115  accuracy: 31.15% -> 31.15%     
client [99] (testset)   loss: 2.2973 -> 2.0646  accuracy: 20.51% -> 20.51%     
client [69] (testset)   loss: 2.5168 -> 2.0265  accuracy: 7.84% -> 29.41%      
client [46] (testset)   loss: 2.3303 -> 1.9070  accuracy: 2.13% -> 48.94%      
---------------------------- TRAINING EPOCH: 380 ----------------------------  
client [99] (testset)   loss: 2.2683 -> 2.1323  accuracy: 20.51% -> 7.69%      
client [93] (testset)   loss: 2.0007 -> 1.7139  accuracy: 45.65% -> 45.65%     
client [11] (testset)   loss: 2.2761 -> 1.9651  accuracy: 12.50% -> 30.36%     
client [58] (testset)   loss: 2.0600 -> 1.6918  accuracy: 42.47% -> 42.47%     
client [81] (testset)   loss: 2.5407 -> 1.9926  accuracy: 4.05% -> 35.14%      
client [85] (testset)   loss: 2.2442 -> 2.1070  accuracy: 18.67% -> 29.33%     
client [89] (testset)   loss: 2.1083 -> 1.9038  accuracy: 46.88% -> 46.88%     
client [45] (testset)   loss: 2.1727 -> 2.1133  accuracy: 34.78% -> 34.78%     
client [8]  (testset)   loss: 2.0558 -> 1.8944  accuracy: 34.17% -> 34.17%     
client [68] (testset)   loss: 2.1662 -> 1.8127  accuracy: 31.11% -> 37.78%     
---------------------------- TRAINING EPOCH: 390 ----------------------------  
client [67] (testset)   loss: 2.2842 -> 2.1494  accuracy: 22.81% -> 19.30%     
client [72] (testset)   loss: 2.5901 -> 1.7749  accuracy: 1.85% -> 53.70%      
client [1]  (testset)   loss: 2.3064 -> 2.4336  accuracy: 20.83% -> 4.17%      
client [78] (testset)   loss: 2.3196 -> 2.0278  accuracy: 24.24% -> 22.73%     
client [83] (testset)   loss: 2.5430 -> 2.1936  accuracy: 0.00% -> 30.43%      
client [21] (testset)   loss: 2.4371 -> 2.0038  accuracy: 24.56% -> 12.28%     
client [56] (testset)   loss: 2.3446 -> 2.1725  accuracy: 32.73% -> 7.27%      
client [44] (testset)   loss: 2.3975 -> 2.2769  accuracy: 12.50% -> 23.21%     
client [92] (testset)   loss: 2.6768 -> 2.1031  accuracy: 7.35% -> 26.47%      
client [27] (testset)   loss: 2.0470 -> 1.9703  accuracy: 38.75% -> 38.75%     
---------------------------- TRAINING EPOCH: 400 ----------------------------  
client [10] (testset)   loss: 2.8032 -> 2.0766  accuracy: 5.56% -> 38.89%      
client [39] (testset)   loss: 1.8752 -> 1.4091  accuracy: 53.77% -> 53.77%     
client [65] (testset)   loss: 2.5076 -> 2.0072  accuracy: 0.00% -> 37.74%      
client [26] (testset)   loss: 2.7149 -> 2.1728  accuracy: 3.51% -> 19.30%      
client [19] (testset)   loss: 2.6710 -> 2.1442  accuracy: 3.57% -> 23.21%      
client [68] (testset)   loss: 1.9509 -> 1.7820  accuracy: 31.11% -> 37.78%     
client [41] (testset)   loss: 2.4146 -> 2.0141  accuracy: 26.92% -> 26.92%     
client [50] (testset)   loss: 2.1704 -> 2.1223  accuracy: 29.87% -> 29.87%     
client [75] (testset)   loss: 2.5569 -> 2.3602  accuracy: 1.85% -> 24.07%      
client [81] (testset)   loss: 2.2527 -> 1.9832  accuracy: 4.05% -> 35.14%      
pFedFDA's average time taken by each global epoch: 0 min 0.81 sec.             
pFedFDA's total running time: 0 h 5 m 39 s.                                    
==================== pFedFDA Experiment Results: ====================          
Display format: (before local fine-tuning) -> (after local fine-tuning)        
 So if finetune_epoch = 0, x.xx% -> 0.00% is normal.                           
 Centralized testing ONLY happens after model aggregation, so the stats between
'->' are the same.                                                             
{                                                                              
    "100": {                                                                   
        "all_clients": {                                                       
            "test": {                                                          
                "loss": "2.3799 -> 0.0000",                                    
                "accuracy": "31.46% -> 0.00%"                                  
            }                                                                  
        }                                                                      
    },                                                                         
    "200": {                                                                   
        "all_clients": {                                                       
            "test": {                                                          
                "loss": "2.3643 -> 0.0000",                                    
                "accuracy": "31.48% -> 0.00%"                                  
            }                                                                  
        }                                                                      
    },                                                                         
    "300": {                                                                   
        "all_clients": {                                                       
            "test": {                                                          
                "loss": "2.3490 -> 0.0000",                                    
                "accuracy": "31.48% -> 0.00%"                                  
            }                                                                  
        }                                                                      
    },                                                                         
    "400": {                                                                   
        "all_clients": {                                                       
            "test": {                                                          
                "loss": "2.2858 -> 0.0000",                                    
                "accuracy": "31.50% -> 0.00%"                                  
            }                                                                  
        }                                                                      
    }                                                                          
}                                                                              
==================== pFedFDA Max Accuracy ====================                 
all_clients:                                                                   
(test) before fine-tuning: 31.50% at epoch 400                                 
(test) after fine-tuning: 0.00% at epoch 100                                   
