==================== FedDpa ====================                                
Experiment Arguments:                                                           
{
│   'method': 'feddpa',
│   'dataset': {
│   │   'name': 'mnist',
│   │   'client_num': 100,
│   │   'test_ratio': 0.25,
│   │   'val_ratio': 0.0,
│   │   'seed': 42,
│   │   'split': 'sample',
│   │   'IID_ratio': 0.0,
│   │   'monitor_window_name_suffix': 'mnist-100clients-0%IID-Dir(0.1)-seed42',
│   │   'alpha': 0.1,
│   │   'min_samples_per_client': 10
│   },
│   'model': {
│   │   'name': 'avgcnn',
│   │   'use_torchvision_pretrained_weights': True,
│   │   'external_model_weights_path': None
│   },
│   'optimizer': {
│   │   'lr': 0.01,
│   │   'dampening': 0,
│   │   'weight_decay': 0,
│   │   'momentum': 0,
│   │   'nesterov': False,
│   │   'name': 'sgd'
│   },
│   'mode': 'sequential',
│   'parallel': {
│   │   'ray_cluster_addr': None,
│   │   'num_cpus': None,
│   │   'num_gpus': None,
│   │   'num_workers': 2
│   },
│   'common': {
│   │   'seed': 42,
│   │   'join_ratio': 0.1,
│   │   'global_epoch': 400,
│   │   'local_epoch': 5,
│   │   'batch_size': 32,
│   │   'reset_optimizer_on_global_epoch': True,
│   │   'straggler_ratio': 0,
│   │   'straggler_min_local_epoch': 0,
│   │   'buffers': 'global',
│   │   'client_side_evaluation': True,
│   │   'test': {
│   │   │   'client': {
│   │   │   │   'interval': 100,
│   │   │   │   'finetune_epoch': 0,
│   │   │   │   'train': False,
│   │   │   │   'val': False,
│   │   │   │   'test': True
│   │   │   },
│   │   │   'server': {
│   │   │   │   'interval': -1,
│   │   │   │   'train': False,
│   │   │   │   'val': False,
│   │   │   │   'test': False,
│   │   │   │   'model_in_train_mode': False
│   │   │   }
│   │   },
│   │   'verbose_gap': 10,
│   │   'monitor': None,
│   │   'use_cuda': True,
│   │   'save_log': True,
│   │   'save_model': False,
│   │   'save_learning_curve_plot': False,
│   │   'save_metrics': True,
│   │   'delete_useless_run': True
│   },
│   'feddpa': {
│   │   'fisher_threshold': 0.9995
│   }
}
---------------------------- TRAINING EPOCH: 10 ----------------------------    
client [77] (testset)   loss: 0.2167 -> 0.0548  accuracy: 93.84% -> 97.95%      
client [81] (testset)   loss: 0.3248 -> 0.0068  accuracy: 92.59% -> 100.00%     
client [21] (testset)   loss: 0.2593 -> 0.0267  accuracy: 91.18% -> 100.00%     
client [68] (testset)   loss: 0.0512 -> 0.0667  accuracy: 98.31% -> 98.31%      
client [93] (testset)   loss: 0.2007 -> 0.0429  accuracy: 96.77% -> 96.77%      
client [31] (testset)   loss: 0.7303 -> 0.2077  accuracy: 85.71% -> 85.71%      
client [20] (testset)   loss: 0.1664 -> 0.1016  accuracy: 94.57% -> 96.38%      
client [59] (testset)   loss: 0.1490 -> 0.0197  accuracy: 87.50% -> 100.00%     
client [48] (testset)   loss: 0.8022 -> 0.0022  accuracy: 75.73% -> 100.00%     
client [34] (testset)   loss: 0.1348 -> 0.4115  accuracy: 94.44% -> 94.44%      
---------------------------- TRAINING EPOCH: 20 ----------------------------    
client [69] (testset)   loss: 0.0493 -> 0.0153  accuracy: 98.18% -> 99.27%      
client [99] (testset)   loss: 0.3937 -> 0.1277  accuracy: 90.48% -> 95.24%      
client [67] (testset)   loss: 0.3943 -> 0.0001  accuracy: 86.49% -> 100.00%     
client [0]  (testset)   loss: 0.0790 -> 0.0126  accuracy: 96.23% -> 99.06%      
client [76] (testset)   loss: 0.0147 -> 0.0382  accuracy: 98.70% -> 98.70%      
client [41] (testset)   loss: 0.0342 -> 0.0018  accuracy: 98.95% -> 100.00%     
client [62] (testset)   loss: 0.0920 -> 0.0032  accuracy: 96.69% -> 100.00%     
client [2]  (testset)   loss: 0.0485 -> 0.0051  accuracy: 98.10% -> 99.81%      
client [14] (testset)   loss: 0.0078 -> 0.0209  accuracy: 100.00% -> 98.61%     
client [46] (testset)   loss: 0.1124 -> 0.0273  accuracy: 96.62% -> 99.10%      
---------------------------- TRAINING EPOCH: 30 ----------------------------    
client [24] (testset)   loss: 0.0783 -> 0.0872  accuracy: 97.30% -> 97.30%      
client [68] (testset)   loss: 0.0548 -> 0.0467  accuracy: 98.31% -> 98.31%      
client [57] (testset)   loss: 0.0229 -> 0.0036  accuracy: 99.52% -> 100.00%     
client [17] (testset)   loss: 0.1630 -> 0.0150  accuracy: 93.77% -> 99.22%      
client [54] (testset)   loss: 0.0098 -> 0.0126  accuracy: 100.00% -> 100.00%    
client [23] (testset)   loss: 0.1170 -> 0.0012  accuracy: 94.29% -> 100.00%     
client [35] (testset)   loss: 0.1385 -> 0.0100  accuracy: 95.10% -> 100.00%     
client [59] (testset)   loss: 0.0078 -> 0.0080  accuracy: 100.00% -> 100.00%    
client [31] (testset)   loss: 0.2546 -> 0.2312  accuracy: 85.71% -> 85.71%      
client [9]  (testset)   loss: 0.0433 -> 0.0285  accuracy: 98.53% -> 98.86%      
---------------------------- TRAINING EPOCH: 40 ----------------------------    
client [64] (testset)   loss: 0.0551 -> 0.0166  accuracy: 98.33% -> 99.17%      
client [33] (testset)   loss: 0.1784 -> 0.0543  accuracy: 95.92% -> 99.51%      
client [16] (testset)   loss: 0.0242 -> 0.0018  accuracy: 100.00% -> 100.00%    
client [44] (testset)   loss: 0.0602 -> 0.0265  accuracy: 98.21% -> 99.40%      
client [8]  (testset)   loss: 1.0130 -> 0.0033  accuracy: 80.95% -> 100.00%     
client [31] (testset)   loss: 0.0110 -> 0.0148  accuracy: 100.00% -> 100.00%    
client [47] (testset)   loss: 0.5017 -> 0.0007  accuracy: 84.09% -> 100.00%     
client [36] (testset)   loss: 0.4976 -> 0.0207  accuracy: 86.80% -> 98.98%      
client [20] (testset)   loss: 0.2356 -> 0.0705  accuracy: 94.12% -> 97.29%      
client [56] (testset)   loss: 0.0236 -> 0.0009  accuracy: 98.92% -> 100.00%     
---------------------------- TRAINING EPOCH: 50 ----------------------------    
client [4]  (testset)   loss: 0.0362 -> 0.0032  accuracy: 98.90% -> 100.00%     
client [60] (testset)   loss: 0.1295 -> 0.0442  accuracy: 97.00% -> 99.00%      
client [28] (testset)   loss: 0.0318 -> 0.0003  accuracy: 98.66% -> 100.00%     
client [25] (testset)   loss: 0.0206 -> 0.0001  accuracy: 98.85% -> 100.00%     
client [58] (testset)   loss: 0.0109 -> 0.0085  accuracy: 100.00% -> 99.29%     
client [44] (testset)   loss: 0.1074 -> 0.0292  accuracy: 97.91% -> 99.40%      
client [39] (testset)   loss: 0.0873 -> 0.0015  accuracy: 97.05% -> 100.00%     
client [29] (testset)   loss: 0.4163 -> 0.0418  accuracy: 87.08% -> 99.26%      
client [3]  (testset)   loss: 0.0888 -> 0.0067  accuracy: 96.02% -> 99.58%      
client [84] (testset)   loss: 0.0002 -> 0.0000  accuracy: 100.00% -> 100.00%    
---------------------------- TRAINING EPOCH: 60 ----------------------------    
client [21] (testset)   loss: 0.0836 -> 0.0046  accuracy: 95.10% -> 100.00%     
client [84] (testset)   loss: 0.0003 -> 0.0001  accuracy: 100.00% -> 100.00%    
client [10] (testset)   loss: 0.0120 -> 0.0001  accuracy: 99.01% -> 100.00%     
client [36] (testset)   loss: 0.0947 -> 0.0384  accuracy: 98.48% -> 98.98%      
client [65] (testset)   loss: 0.1195 -> 0.0547  accuracy: 97.90% -> 98.74%      
client [81] (testset)   loss: 0.0354 -> 0.0139  accuracy: 98.77% -> 99.38%      
client [79] (testset)   loss: 0.0071 -> 0.0006  accuracy: 100.00% -> 100.00%    
client [42] (testset)   loss: 0.1215 -> 0.1085  accuracy: 97.27% -> 98.91%      
client [11] (testset)   loss: 0.0000 -> 0.0000  accuracy: 100.00% -> 100.00%    
client [96] (testset)   loss: 0.0475 -> 0.0102  accuracy: 98.04% -> 99.02%      
---------------------------- TRAINING EPOCH: 70 ----------------------------    
client [8]  (testset)   loss: 0.0721 -> 0.0374  accuracy: 97.62% -> 97.62%      
client [53] (testset)   loss: 0.0709 -> 0.0458  accuracy: 96.00% -> 96.00%      
client [52] (testset)   loss: 0.0829 -> 0.0001  accuracy: 96.05% -> 100.00%     
client [42] (testset)   loss: 0.1579 -> 0.1096  accuracy: 96.17% -> 97.81%      
client [69] (testset)   loss: 0.0423 -> 0.0057  accuracy: 98.72% -> 99.82%      
client [59] (testset)   loss: 0.0003 -> 0.0003  accuracy: 100.00% -> 100.00%    
client [7]  (testset)   loss: 0.0387 -> 0.0098  accuracy: 100.00% -> 100.00%    
client [26] (testset)   loss: 0.0109 -> 0.0137  accuracy: 100.00% -> 100.00%    
client [49] (testset)   loss: 0.0104 -> 0.0024  accuracy: 99.55% -> 100.00%     
client [98] (testset)   loss: 0.0892 -> 0.0468  accuracy: 97.06% -> 97.06%      
---------------------------- TRAINING EPOCH: 80 ----------------------------    
client [98] (testset)   loss: 0.0155 -> 0.0139  accuracy: 100.00% -> 100.00%    
client [47] (testset)   loss: 0.1549 -> 0.0222  accuracy: 95.45% -> 98.86%      
client [21] (testset)   loss: 0.0045 -> 0.0011  accuracy: 100.00% -> 100.00%    
client [77] (testset)   loss: 0.0363 -> 0.0279  accuracy: 98.63% -> 99.32%      
client [95] (testset)   loss: 0.0067 -> 0.0011  accuracy: 99.64% -> 100.00%     
client [91] (testset)   loss: 0.0310 -> 0.0084  accuracy: 99.34% -> 99.83%      
client [14] (testset)   loss: 0.0368 -> 0.0503  accuracy: 97.92% -> 98.61%      
client [99] (testset)   loss: 0.1476 -> 0.1026  accuracy: 95.24% -> 95.24%      
client [20] (testset)   loss: 0.0842 -> 0.0523  accuracy: 97.29% -> 97.74%      
client [39] (testset)   loss: 0.0031 -> 0.0011  accuracy: 100.00% -> 100.00%    
---------------------------- TRAINING EPOCH: 90 ----------------------------    
client [52] (testset)   loss: 0.0003 -> 0.0000  accuracy: 100.00% -> 100.00%    
client [62] (testset)   loss: 0.0143 -> 0.0002  accuracy: 99.45% -> 100.00%     
client [71] (testset)   loss: 0.0104 -> 0.0019  accuracy: 99.54% -> 100.00%     
client [97] (testset)   loss: 0.0064 -> 0.0008  accuracy: 100.00% -> 100.00%    
client [30] (testset)   loss: 0.0120 -> 0.0097  accuracy: 100.00% -> 100.00%    
client [88] (testset)   loss: 0.2919 -> 0.0587  accuracy: 97.06% -> 97.06%      
client [60] (testset)   loss: 0.1575 -> 0.0132  accuracy: 94.00% -> 100.00%     
client [82] (testset)   loss: 0.0479 -> 0.0054  accuracy: 97.18% -> 100.00%     
client [91] (testset)   loss: 0.0272 -> 0.0095  accuracy: 99.34% -> 99.83%      
client [57] (testset)   loss: 0.0285 -> 0.0070  accuracy: 99.52% -> 99.52%      
---------------------------- TRAINING EPOCH: 100 ----------------------------   
client [31] (testset)   loss: 0.0758 -> 0.0710  accuracy: 100.00% -> 100.00%    
client [15] (testset)   loss: 0.0628 -> 0.0544  accuracy: 99.08% -> 99.08%      
client [71] (testset)   loss: 0.0093 -> 0.0023  accuracy: 99.77% -> 99.77%      
client [97] (testset)   loss: 0.0021 -> 0.0005  accuracy: 100.00% -> 100.00%    
client [53] (testset)   loss: 0.0004 -> 0.0006  accuracy: 100.00% -> 100.00%    
client [77] (testset)   loss: 0.0279 -> 0.0277  accuracy: 98.63% -> 99.32%      
client [76] (testset)   loss: 0.0012 -> 0.0013  accuracy: 100.00% -> 100.00%    
client [79] (testset)   loss: 0.0006 -> 0.0002  accuracy: 100.00% -> 100.00%    
client [28] (testset)   loss: 0.0010 -> 0.0001  accuracy: 100.00% -> 100.00%    
client [99] (testset)   loss: 0.0316 -> 0.0383  accuracy: 100.00% -> 95.24%     
---------------------------- TRAINING EPOCH: 110 ----------------------------   
client [97] (testset)   loss: 0.0045 -> 0.0008  accuracy: 100.00% -> 100.00%    
client [86] (testset)   loss: 0.0548 -> 0.0041  accuracy: 98.36% -> 99.73%      
client [34] (testset)   loss: 0.1579 -> 0.1554  accuracy: 94.44% -> 94.44%      
client [73] (testset)   loss: 0.0030 -> 0.0061  accuracy: 100.00% -> 100.00%    
client [5]  (testset)   loss: 0.0085 -> 0.0039  accuracy: 100.00% -> 100.00%    
client [96] (testset)   loss: 0.0054 -> 0.0086  accuracy: 100.00% -> 99.02%     
client [22] (testset)   loss: 0.0000 -> 0.0000  accuracy: 100.00% -> 100.00%    
client [60] (testset)   loss: 0.0381 -> 0.0287  accuracy: 98.00% -> 98.00%      
client [66] (testset)   loss: 0.0409 -> 0.0016  accuracy: 99.12% -> 100.00%     
client [83] (testset)   loss: 0.1473 -> 0.0859  accuracy: 97.51% -> 98.58%      
---------------------------- TRAINING EPOCH: 120 ----------------------------   
client [76] (testset)   loss: 0.0127 -> 0.0053  accuracy: 98.70% -> 100.00%     
client [65] (testset)   loss: 0.1586 -> 0.0813  accuracy: 98.32% -> 98.74%      
client [95] (testset)   loss: 0.0020 -> 0.0007  accuracy: 100.00% -> 100.00%    
client [17] (testset)   loss: 0.0431 -> 0.0043  accuracy: 97.67% -> 99.61%      
client [8]  (testset)   loss: 0.1258 -> 0.1252  accuracy: 97.62% -> 97.62%      
client [35] (testset)   loss: 0.0335 -> 0.0123  accuracy: 98.04% -> 100.00%     
client [98] (testset)   loss: 0.0990 -> 0.0710  accuracy: 97.06% -> 97.06%      
client [53] (testset)   loss: 0.0846 -> 0.0650  accuracy: 96.00% -> 96.00%      
client [43] (testset)   loss: 0.1098 -> 0.0745  accuracy: 97.33% -> 98.40%      
client [64] (testset)   loss: 0.0516 -> 0.0298  accuracy: 98.89% -> 98.89%      
---------------------------- TRAINING EPOCH: 130 ----------------------------   
client [21] (testset)   loss: 0.0204 -> 0.0085  accuracy: 99.02% -> 99.02%      
client [88] (testset)   loss: 0.0015 -> 0.0015  accuracy: 100.00% -> 100.00%    
client [38] (testset)   loss: 0.1216 -> 0.1131  accuracy: 98.25% -> 98.25%      
client [3]  (testset)   loss: 0.0207 -> 0.0073  accuracy: 99.16% -> 99.37%      
client [5]  (testset)   loss: 0.0463 -> 0.0092  accuracy: 97.93% -> 99.31%      
client [41] (testset)   loss: 0.0003 -> 0.0006  accuracy: 100.00% -> 100.00%    
client [7]  (testset)   loss: 0.0002 -> 0.0001  accuracy: 100.00% -> 100.00%    
client [37] (testset)   loss: 0.0799 -> 0.0758  accuracy: 97.84% -> 97.40%      
client [45] (testset)   loss: 0.0311 -> 0.0246  accuracy: 99.39% -> 99.69%      
client [47] (testset)   loss: 0.0211 -> 0.0000  accuracy: 98.86% -> 100.00%     
---------------------------- TRAINING EPOCH: 140 ----------------------------   
client [16] (testset)   loss: 0.0796 -> 0.0006  accuracy: 97.14% -> 100.00%     
client [11] (testset)   loss: 0.0000 -> 0.0000  accuracy: 100.00% -> 100.00%    
client [37] (testset)   loss: 0.1244 -> 0.0984  accuracy: 96.97% -> 97.40%      
client [41] (testset)   loss: 0.0005 -> 0.0004  accuracy: 100.00% -> 100.00%    
client [95] (testset)   loss: 0.0232 -> 0.0002  accuracy: 99.64% -> 100.00%     
client [53] (testset)   loss: 0.0313 -> 0.0279  accuracy: 96.00% -> 96.00%      
client [22] (testset)   loss: 0.0000 -> 0.0000  accuracy: 100.00% -> 100.00%    
client [25] (testset)   loss: 0.0002 -> 0.0001  accuracy: 100.00% -> 100.00%    
client [69] (testset)   loss: 0.0023 -> 0.0013  accuracy: 100.00% -> 100.00%    
client [46] (testset)   loss: 0.0616 -> 0.0241  accuracy: 98.42% -> 99.32%      
---------------------------- TRAINING EPOCH: 150 ----------------------------   
client [47] (testset)   loss: 0.0318 -> 0.0273  accuracy: 98.86% -> 98.86%      
client [69] (testset)   loss: 0.0096 -> 0.0044  accuracy: 99.45% -> 99.82%      
client [82] (testset)   loss: 0.0116 -> 0.0109  accuracy: 100.00% -> 100.00%    
client [45] (testset)   loss: 0.0174 -> 0.0219  accuracy: 99.08% -> 99.69%      
client [7]  (testset)   loss: 0.0110 -> 0.0060  accuracy: 100.00% -> 100.00%    
client [50] (testset)   loss: 0.0463 -> 0.0041  accuracy: 99.49% -> 100.00%     
client [35] (testset)   loss: 0.0277 -> 0.0267  accuracy: 99.02% -> 99.02%      
client [24] (testset)   loss: 0.1024 -> 0.1051  accuracy: 97.30% -> 97.30%      
client [15] (testset)   loss: 0.0808 -> 0.0742  accuracy: 99.08% -> 99.08%      
client [58] (testset)   loss: 0.0185 -> 0.0064  accuracy: 99.29% -> 99.29%      
---------------------------- TRAINING EPOCH: 160 ----------------------------   
client [48] (testset)   loss: 0.0005 -> 0.0004  accuracy: 100.00% -> 100.00%    
client [76] (testset)   loss: 0.0041 -> 0.0004  accuracy: 100.00% -> 100.00%    
client [67] (testset)   loss: 0.0000 -> 0.0000  accuracy: 100.00% -> 100.00%    
client [37] (testset)   loss: 0.0587 -> 0.0625  accuracy: 97.84% -> 97.84%      
client [58] (testset)   loss: 0.0290 -> 0.0130  accuracy: 99.29% -> 99.29%      
client [64] (testset)   loss: 0.0284 -> 0.0258  accuracy: 99.44% -> 99.44%      
client [77] (testset)   loss: 0.0406 -> 0.0309  accuracy: 99.32% -> 99.32%      
client [55] (testset)   loss: 0.0160 -> 0.0110  accuracy: 99.49% -> 99.74%      
client [12] (testset)   loss: 0.0385 -> 0.0287  accuracy: 98.51% -> 99.50%      
client [89] (testset)   loss: 0.0026 -> 0.0018  accuracy: 100.00% -> 100.00%    
---------------------------- TRAINING EPOCH: 170 ----------------------------   
client [84] (testset)   loss: 0.0005 -> 0.0004  accuracy: 100.00% -> 100.00%    
client [51] (testset)   loss: 0.0022 -> 0.0003  accuracy: 100.00% -> 100.00%    
client [8]  (testset)   loss: 0.0152 -> 0.0106  accuracy: 100.00% -> 100.00%    
client [18] (testset)   loss: 0.0174 -> 0.0095  accuracy: 99.31% -> 99.66%      
client [94] (testset)   loss: 0.0000 -> 0.0000  accuracy: 100.00% -> 100.00%    
client [81] (testset)   loss: 0.0016 -> 0.0005  accuracy: 100.00% -> 100.00%    
client [3]  (testset)   loss: 0.0057 -> 0.0032  accuracy: 99.79% -> 100.00%     
client [11] (testset)   loss: 0.0000 -> 0.0000  accuracy: 100.00% -> 100.00%    
client [95] (testset)   loss: 0.0010 -> 0.0008  accuracy: 100.00% -> 100.00%    
client [67] (testset)   loss: 0.0001 -> 0.0000  accuracy: 100.00% -> 100.00%    
---------------------------- TRAINING EPOCH: 180 ----------------------------   
client [21] (testset)   loss: 0.0103 -> 0.0067  accuracy: 99.02% -> 100.00%     
client [79] (testset)   loss: 0.0002 -> 0.0002  accuracy: 100.00% -> 100.00%    
client [58] (testset)   loss: 0.0128 -> 0.0094  accuracy: 99.29% -> 99.29%      
client [88] (testset)   loss: 0.0144 -> 0.0132  accuracy: 98.53% -> 98.53%      
client [46] (testset)   loss: 0.0292 -> 0.0149  accuracy: 99.10% -> 99.32%      
client [11] (testset)   loss: 0.0000 -> 0.0000  accuracy: 100.00% -> 100.00%    
client [55] (testset)   loss: 0.0752 -> 0.0181  accuracy: 98.47% -> 99.74%      
client [13] (testset)   loss: 0.0009 -> 0.0009  accuracy: 100.00% -> 100.00%    
client [31] (testset)   loss: 0.0093 -> 0.0092  accuracy: 100.00% -> 100.00%    
client [75] (testset)   loss: 0.0324 -> 0.0391  accuracy: 99.07% -> 99.38%      
---------------------------- TRAINING EPOCH: 190 ----------------------------   
client [19] (testset)   loss: 0.0958 -> 0.0615  accuracy: 96.30% -> 96.30%      
client [7]  (testset)   loss: 0.0000 -> 0.0000  accuracy: 100.00% -> 100.00%    
client [57] (testset)   loss: 0.0000 -> 0.0000  accuracy: 100.00% -> 100.00%    
client [13] (testset)   loss: 0.0005 -> 0.0006  accuracy: 100.00% -> 100.00%    
client [43] (testset)   loss: 0.0372 -> 0.0497  accuracy: 97.86% -> 98.93%      
client [91] (testset)   loss: 0.0228 -> 0.0090  accuracy: 99.67% -> 99.83%      
client [10] (testset)   loss: 0.0026 -> 0.0014  accuracy: 100.00% -> 100.00%    
client [64] (testset)   loss: 0.0443 -> 0.0281  accuracy: 98.89% -> 99.17%      
client [82] (testset)   loss: 0.0497 -> 0.0065  accuracy: 97.18% -> 100.00%     
client [22] (testset)   loss: 0.0001 -> 0.0001  accuracy: 100.00% -> 100.00%    
---------------------------- TRAINING EPOCH: 200 ----------------------------   
client [20] (testset)   loss: 0.0647 -> 0.0598  accuracy: 97.74% -> 97.74%      
client [23] (testset)   loss: 0.0004 -> 0.0002  accuracy: 100.00% -> 100.00%    
client [88] (testset)   loss: 0.0127 -> 0.0120  accuracy: 98.53% -> 98.53%      
client [98] (testset)   loss: 0.0043 -> 0.0042  accuracy: 100.00% -> 100.00%    
client [79] (testset)   loss: 0.0002 -> 0.0001  accuracy: 100.00% -> 100.00%    
client [21] (testset)   loss: 0.0005 -> 0.0002  accuracy: 100.00% -> 100.00%    
client [92] (testset)   loss: 0.0000 -> 0.0000  accuracy: 100.00% -> 100.00%    
client [56] (testset)   loss: 0.0006 -> 0.0001  accuracy: 100.00% -> 100.00%    
client [5]  (testset)   loss: 0.0024 -> 0.0025  accuracy: 100.00% -> 100.00%    
client [52] (testset)   loss: 0.0001 -> 0.0001  accuracy: 100.00% -> 100.00%    
---------------------------- TRAINING EPOCH: 210 ----------------------------   
client [67] (testset)   loss: 0.0000 -> 0.0000  accuracy: 100.00% -> 100.00%    
client [54] (testset)   loss: 0.0048 -> 0.0046  accuracy: 100.00% -> 100.00%    
client [14] (testset)   loss: 0.0430 -> 0.0375  accuracy: 97.92% -> 98.61%      
client [99] (testset)   loss: 0.0205 -> 0.0201  accuracy: 100.00% -> 100.00%    
client [36] (testset)   loss: 0.1021 -> 0.0764  accuracy: 98.48% -> 98.48%      
client [30] (testset)   loss: 0.0017 -> 0.0014  accuracy: 100.00% -> 100.00%    
client [38] (testset)   loss: 0.0974 -> 0.0947  accuracy: 98.25% -> 98.25%      
client [15] (testset)   loss: 0.1023 -> 0.0992  accuracy: 99.08% -> 99.08%      
client [6]  (testset)   loss: 0.0043 -> 0.0043  accuracy: 99.74% -> 99.74%      
client [53] (testset)   loss: 0.0117 -> 0.0155  accuracy: 100.00% -> 100.00%    
---------------------------- TRAINING EPOCH: 220 ----------------------------   
client [99] (testset)   loss: 0.0070 -> 0.0088  accuracy: 100.00% -> 100.00%    
client [6]  (testset)   loss: 0.0155 -> 0.0057  accuracy: 99.74% -> 99.48%      
client [83] (testset)   loss: 0.1118 -> 0.0924  accuracy: 98.22% -> 98.58%      
client [42] (testset)   loss: 0.1606 -> 0.1302  accuracy: 96.72% -> 98.91%      
client [34] (testset)   loss: 0.2367 -> 0.2369  accuracy: 94.44% -> 94.44%      
client [15] (testset)   loss: 0.0907 -> 0.0866  accuracy: 99.08% -> 99.08%      
client [47] (testset)   loss: 0.0046 -> 0.0037  accuracy: 100.00% -> 100.00%    
client [55] (testset)   loss: 0.0263 -> 0.0203  accuracy: 99.49% -> 99.74%      
client [51] (testset)   loss: 0.0006 -> 0.0002  accuracy: 100.00% -> 100.00%    
client [95] (testset)   loss: 0.0024 -> 0.0009  accuracy: 100.00% -> 100.00%    
---------------------------- TRAINING EPOCH: 230 ----------------------------   
client [71] (testset)   loss: 0.0151 -> 0.0154  accuracy: 99.77% -> 99.77%      
client [15] (testset)   loss: 0.1472 -> 0.0641  accuracy: 97.25% -> 99.08%      
client [33] (testset)   loss: 0.0975 -> 0.0914  accuracy: 99.02% -> 99.51%      
client [99] (testset)   loss: 0.0044 -> 0.0040  accuracy: 100.00% -> 100.00%    
client [90] (testset)   loss: 0.0482 -> 0.0250  accuracy: 98.54% -> 99.27%      
client [57] (testset)   loss: 0.0038 -> 0.0002  accuracy: 100.00% -> 100.00%    
client [27] (testset)   loss: 0.0042 -> 0.0023  accuracy: 100.00% -> 100.00%    
client [78] (testset)   loss: 0.0870 -> 0.0622  accuracy: 98.09% -> 98.09%      
client [36] (testset)   loss: 0.1078 -> 0.1037  accuracy: 98.48% -> 98.48%      
client [88] (testset)   loss: 0.0272 -> 0.0258  accuracy: 98.53% -> 98.53%      
---------------------------- TRAINING EPOCH: 240 ----------------------------   
client [70] (testset)   loss: 0.0243 -> 0.0106  accuracy: 99.45% -> 99.82%      
client [35] (testset)   loss: 0.0078 -> 0.0074  accuracy: 100.00% -> 100.00%    
client [16] (testset)   loss: 0.0107 -> 0.0070  accuracy: 98.57% -> 100.00%     
client [80] (testset)   loss: 0.0006 -> 0.0005  accuracy: 100.00% -> 100.00%    
client [38] (testset)   loss: 0.0602 -> 0.0551  accuracy: 98.25% -> 98.25%      
client [78] (testset)   loss: 0.0194 -> 0.0151  accuracy: 98.73% -> 99.36%      
client [68] (testset)   loss: 0.0012 -> 0.0014  accuracy: 100.00% -> 100.00%    
client [11] (testset)   loss: 0.0000 -> 0.0000  accuracy: 100.00% -> 100.00%    
client [64] (testset)   loss: 0.0228 -> 0.0227  accuracy: 99.44% -> 99.44%      
client [82] (testset)   loss: 0.0012 -> 0.0012  accuracy: 100.00% -> 100.00%    
---------------------------- TRAINING EPOCH: 250 ----------------------------   
client [30] (testset)   loss: 0.0002 -> 0.0004  accuracy: 100.00% -> 100.00%    
client [27] (testset)   loss: 0.0060 -> 0.0013  accuracy: 99.47% -> 100.00%     
client [74] (testset)   loss: 0.1648 -> 0.1201  accuracy: 97.85% -> 98.77%      
client [45] (testset)   loss: 0.0221 -> 0.0215  accuracy: 99.08% -> 99.69%      
client [6]  (testset)   loss: 0.0184 -> 0.0131  accuracy: 99.74% -> 99.48%      
client [36] (testset)   loss: 0.0562 -> 0.0605  accuracy: 98.98% -> 98.98%      
client [63] (testset)   loss: 0.0307 -> 0.0285  accuracy: 98.54% -> 98.54%      
client [76] (testset)   loss: 0.0003 -> 0.0017  accuracy: 100.00% -> 100.00%    
client [83] (testset)   loss: 0.0783 -> 0.0795  accuracy: 97.51% -> 98.93%      
client [86] (testset)   loss: 0.0012 -> 0.0005  accuracy: 100.00% -> 100.00%    
---------------------------- TRAINING EPOCH: 260 ----------------------------   
client [83] (testset)   loss: 0.1063 -> 0.0789  accuracy: 98.22% -> 98.93%      
client [99] (testset)   loss: 0.0116 -> 0.0124  accuracy: 100.00% -> 100.00%    
client [74] (testset)   loss: 0.1459 -> 0.1297  accuracy: 98.46% -> 98.77%      
client [73] (testset)   loss: 0.0023 -> 0.0025  accuracy: 100.00% -> 100.00%    
client [29] (testset)   loss: 0.0697 -> 0.0666  accuracy: 98.89% -> 98.89%      
client [92] (testset)   loss: 0.0000 -> 0.0000  accuracy: 100.00% -> 100.00%    
client [6]  (testset)   loss: 0.0083 -> 0.0057  accuracy: 99.74% -> 99.48%      
client [61] (testset)   loss: 0.0004 -> 0.0001  accuracy: 100.00% -> 100.00%    
client [21] (testset)   loss: 0.0252 -> 0.0159  accuracy: 98.04% -> 99.02%      
client [67] (testset)   loss: 0.0000 -> 0.0000  accuracy: 100.00% -> 100.00%    
---------------------------- TRAINING EPOCH: 270 ----------------------------   
client [83] (testset)   loss: 0.1362 -> 0.1121  accuracy: 98.22% -> 98.58%      
client [32] (testset)   loss: 0.2061 -> 0.1447  accuracy: 96.83% -> 97.62%      
client [95] (testset)   loss: 0.0118 -> 0.0027  accuracy: 99.64% -> 99.64%      
client [61] (testset)   loss: 0.0065 -> 0.0001  accuracy: 99.71% -> 100.00%     
client [27] (testset)   loss: 0.0288 -> 0.0028  accuracy: 98.93% -> 100.00%     
client [25] (testset)   loss: 0.0001 -> 0.0000  accuracy: 100.00% -> 100.00%    
client [68] (testset)   loss: 0.0005 -> 0.0008  accuracy: 100.00% -> 100.00%    
client [34] (testset)   loss: 0.1908 -> 0.1908  accuracy: 94.44% -> 94.44%      
client [71] (testset)   loss: 0.0252 -> 0.0117  accuracy: 99.54% -> 99.77%      
client [89] (testset)   loss: 0.0002 -> 0.0001  accuracy: 100.00% -> 100.00%    
---------------------------- TRAINING EPOCH: 280 ----------------------------   
client [78] (testset)   loss: 0.0447 -> 0.0384  accuracy: 98.73% -> 98.73%      
client [81] (testset)   loss: 0.0196 -> 0.0027  accuracy: 98.77% -> 100.00%     
client [51] (testset)   loss: 0.0000 -> 0.0000  accuracy: 100.00% -> 100.00%    
client [54] (testset)   loss: 0.0114 -> 0.0094  accuracy: 100.00% -> 100.00%    
client [65] (testset)   loss: 0.1122 -> 0.0917  accuracy: 98.32% -> 98.32%      
client [41] (testset)   loss: 0.0001 -> 0.0001  accuracy: 100.00% -> 100.00%    
client [11] (testset)   loss: 0.0000 -> 0.0000  accuracy: 100.00% -> 100.00%    
client [85] (testset)   loss: 0.0592 -> 0.0228  accuracy: 98.45% -> 98.96%      
client [12] (testset)   loss: 0.0281 -> 0.0184  accuracy: 98.51% -> 99.01%      
client [23] (testset)   loss: 0.0003 -> 0.0000  accuracy: 100.00% -> 100.00%    
---------------------------- TRAINING EPOCH: 290 ----------------------------   
client [16] (testset)   loss: 0.0000 -> 0.0000  accuracy: 100.00% -> 100.00%    
client [65] (testset)   loss: 0.1352 -> 0.1137  accuracy: 98.32% -> 98.32%      
client [53] (testset)   loss: 0.0013 -> 0.0011  accuracy: 100.00% -> 100.00%    
client [58] (testset)   loss: 0.0037 -> 0.0032  accuracy: 100.00% -> 100.00%    
client [72] (testset)   loss: 0.0008 -> 0.0008  accuracy: 100.00% -> 100.00%    
client [7]  (testset)   loss: 0.0002 -> 0.0002  accuracy: 100.00% -> 100.00%    
client [71] (testset)   loss: 0.0146 -> 0.0100  accuracy: 99.77% -> 99.77%      
client [59] (testset)   loss: 0.0000 -> 0.0000  accuracy: 100.00% -> 100.00%    
client [86] (testset)   loss: 0.0193 -> 0.0092  accuracy: 99.18% -> 99.45%      
client [39] (testset)   loss: 0.0071 -> 0.0033  accuracy: 99.51% -> 99.75%      
---------------------------- TRAINING EPOCH: 300 ----------------------------   
client [99] (testset)   loss: 0.0107 -> 0.0127  accuracy: 100.00% -> 100.00%    
client [7]  (testset)   loss: 0.0001 -> 0.0001  accuracy: 100.00% -> 100.00%    
client [17] (testset)   loss: 0.0023 -> 0.0041  accuracy: 100.00% -> 99.61%     
client [64] (testset)   loss: 0.0153 -> 0.0201  accuracy: 99.72% -> 99.44%      
client [37] (testset)   loss: 0.0769 -> 0.0800  accuracy: 97.40% -> 96.97%      
client [29] (testset)   loss: 0.0805 -> 0.0650  accuracy: 98.52% -> 99.26%      
client [93] (testset)   loss: 0.0004 -> 0.0003  accuracy: 100.00% -> 100.00%    
client [73] (testset)   loss: 0.0403 -> 0.0459  accuracy: 97.06% -> 97.06%      
client [40] (testset)   loss: 0.0000 -> 0.0000  accuracy: 100.00% -> 100.00%    
client [76] (testset)   loss: 0.0001 -> 0.0001  accuracy: 100.00% -> 100.00%    
---------------------------- TRAINING EPOCH: 310 ----------------------------   
client [31] (testset)   loss: 1.0332 -> 1.0302  accuracy: 71.43% -> 71.43%      
client [89] (testset)   loss: 0.0001 -> 0.0001  accuracy: 100.00% -> 100.00%    
client [77] (testset)   loss: 0.0627 -> 0.0579  accuracy: 99.32% -> 99.32%      
client [90] (testset)   loss: 0.0690 -> 0.0521  accuracy: 98.18% -> 98.54%      
client [26] (testset)   loss: 0.0014 -> 0.0016  accuracy: 100.00% -> 100.00%    
client [50] (testset)   loss: 0.0161 -> 0.0125  accuracy: 99.49% -> 99.49%      
client [30] (testset)   loss: 0.0001 -> 0.0001  accuracy: 100.00% -> 100.00%    
client [70] (testset)   loss: 0.0105 -> 0.0094  accuracy: 99.82% -> 99.82%      
client [41] (testset)   loss: 0.0002 -> 0.0002  accuracy: 100.00% -> 100.00%    
client [99] (testset)   loss: 0.0147 -> 0.0155  accuracy: 100.00% -> 100.00%    
---------------------------- TRAINING EPOCH: 320 ----------------------------   
client [68] (testset)   loss: 0.0115 -> 0.0118  accuracy: 100.00% -> 98.31%     
client [70] (testset)   loss: 0.0092 -> 0.0097  accuracy: 99.82% -> 99.82%      
client [52] (testset)   loss: 0.0002 -> 0.0001  accuracy: 100.00% -> 100.00%    
client [1]  (testset)   loss: 0.0095 -> 0.0108  accuracy: 100.00% -> 100.00%    
client [2]  (testset)   loss: 0.0402 -> 0.0390  accuracy: 99.43% -> 99.43%      
client [67] (testset)   loss: 0.0000 -> 0.0000  accuracy: 100.00% -> 100.00%    
client [92] (testset)   loss: 0.0000 -> 0.0000  accuracy: 100.00% -> 100.00%    
client [35] (testset)   loss: 0.0196 -> 0.0194  accuracy: 99.02% -> 99.02%      
client [36] (testset)   loss: 0.0732 -> 0.0714  accuracy: 98.48% -> 98.48%      
client [64] (testset)   loss: 0.0258 -> 0.0229  accuracy: 99.17% -> 99.17%      
---------------------------- TRAINING EPOCH: 330 ----------------------------   
client [44] (testset)   loss: 0.0338 -> 0.0238  accuracy: 98.51% -> 99.10%      
client [6]  (testset)   loss: 0.0241 -> 0.0103  accuracy: 98.96% -> 99.74%      
client [12] (testset)   loss: 0.0332 -> 0.0216  accuracy: 99.01% -> 99.50%      
client [55] (testset)   loss: 0.0297 -> 0.0191  accuracy: 99.49% -> 99.74%      
client [29] (testset)   loss: 0.0977 -> 0.0672  accuracy: 98.15% -> 98.89%      
client [9]  (testset)   loss: 0.0297 -> 0.0225  accuracy: 99.35% -> 99.35%      
client [43] (testset)   loss: 0.0781 -> 0.0645  accuracy: 98.40% -> 98.40%      
client [77] (testset)   loss: 0.0683 -> 0.0634  accuracy: 99.32% -> 99.32%      
client [98] (testset)   loss: 0.0001 -> 0.0001  accuracy: 100.00% -> 100.00%    
client [78] (testset)   loss: 0.0491 -> 0.0458  accuracy: 98.73% -> 99.36%      
---------------------------- TRAINING EPOCH: 340 ----------------------------   
client [92] (testset)   loss: 0.0000 -> 0.0000  accuracy: 100.00% -> 100.00%    
client [80] (testset)   loss: 0.0000 -> 0.0000  accuracy: 100.00% -> 100.00%    
client [63] (testset)   loss: 0.0134 -> 0.0077  accuracy: 99.27% -> 99.27%      
client [76] (testset)   loss: 0.0000 -> 0.0000  accuracy: 100.00% -> 100.00%    
client [78] (testset)   loss: 0.0312 -> 0.0291  accuracy: 98.73% -> 98.73%      
client [25] (testset)   loss: 0.0001 -> 0.0000  accuracy: 100.00% -> 100.00%    
client [58] (testset)   loss: 0.0336 -> 0.0133  accuracy: 99.29% -> 99.29%      
client [13] (testset)   loss: 0.0074 -> 0.0021  accuracy: 100.00% -> 100.00%    
client [17] (testset)   loss: 0.0007 -> 0.0020  accuracy: 100.00% -> 100.00%    
client [38] (testset)   loss: 0.1288 -> 0.1218  accuracy: 98.25% -> 98.25%      
---------------------------- TRAINING EPOCH: 350 ----------------------------   
client [72] (testset)   loss: 0.0293 -> 0.0074  accuracy: 98.18% -> 99.09%      
client [82] (testset)   loss: 0.0009 -> 0.0008  accuracy: 100.00% -> 100.00%    
client [86] (testset)   loss: 0.0021 -> 0.0019  accuracy: 100.00% -> 100.00%    
client [51] (testset)   loss: 0.0000 -> 0.0000  accuracy: 100.00% -> 100.00%    
client [96] (testset)   loss: 0.0462 -> 0.0303  accuracy: 99.02% -> 99.02%      
client [42] (testset)   loss: 0.1756 -> 0.1695  accuracy: 96.72% -> 97.27%      
client [55] (testset)   loss: 0.0278 -> 0.0158  accuracy: 99.49% -> 99.74%      
client [13] (testset)   loss: 0.0011 -> 0.0003  accuracy: 100.00% -> 100.00%    
client [1]  (testset)   loss: 0.0536 -> 0.0240  accuracy: 98.33% -> 98.33%      
client [12] (testset)   loss: 0.0267 -> 0.0316  accuracy: 99.50% -> 99.50%      
---------------------------- TRAINING EPOCH: 360 ----------------------------   
client [68] (testset)   loss: 0.0097 -> 0.0106  accuracy: 100.00% -> 100.00%    
client [23] (testset)   loss: 0.0002 -> 0.0001  accuracy: 100.00% -> 100.00%    
client [46] (testset)   loss: 0.0376 -> 0.0345  accuracy: 99.10% -> 99.32%      
client [41] (testset)   loss: 0.0001 -> 0.0001  accuracy: 100.00% -> 100.00%    
client [25] (testset)   loss: 0.0001 -> 0.0000  accuracy: 100.00% -> 100.00%    
client [58] (testset)   loss: 0.0023 -> 0.0018  accuracy: 100.00% -> 100.00%    
client [14] (testset)   loss: 0.0410 -> 0.0385  accuracy: 98.61% -> 98.61%      
client [33] (testset)   loss: 0.1010 -> 0.0964  accuracy: 99.02% -> 99.18%      
client [85] (testset)   loss: 0.0265 -> 0.0228  accuracy: 98.96% -> 98.45%      
client [62] (testset)   loss: 0.0001 -> 0.0000  accuracy: 100.00% -> 100.00%    
---------------------------- TRAINING EPOCH: 370 ----------------------------   
client [98] (testset)   loss: 0.0083 -> 0.0084  accuracy: 100.00% -> 100.00%    
client [63] (testset)   loss: 0.0264 -> 0.0213  accuracy: 99.27% -> 99.27%      
client [70] (testset)   loss: 0.0117 -> 0.0100  accuracy: 99.82% -> 99.82%      
client [65] (testset)   loss: 0.1384 -> 0.1177  accuracy: 98.32% -> 98.32%      
client [14] (testset)   loss: 0.1963 -> 0.0460  accuracy: 97.22% -> 98.61%      
client [73] (testset)   loss: 0.2750 -> 0.2179  accuracy: 91.18% -> 91.18%      
client [34] (testset)   loss: 0.1843 -> 0.1780  accuracy: 94.44% -> 94.44%      
client [99] (testset)   loss: 0.0035 -> 0.0035  accuracy: 100.00% -> 100.00%    
client [69] (testset)   loss: 0.0014 -> 0.0011  accuracy: 100.00% -> 100.00%    
client [46] (testset)   loss: 0.0367 -> 0.0333  accuracy: 99.55% -> 99.32%      
---------------------------- TRAINING EPOCH: 380 ----------------------------   
client [99] (testset)   loss: 0.0001 -> 0.0001  accuracy: 100.00% -> 100.00%    
client [93] (testset)   loss: 0.0012 -> 0.0009  accuracy: 100.00% -> 100.00%    
client [11] (testset)   loss: 0.0000 -> 0.0000  accuracy: 100.00% -> 100.00%    
client [58] (testset)   loss: 0.0328 -> 0.0157  accuracy: 99.29% -> 99.29%      
client [81] (testset)   loss: 0.0007 -> 0.0006  accuracy: 100.00% -> 100.00%    
client [85] (testset)   loss: 0.0079 -> 0.0094  accuracy: 100.00% -> 99.48%     
client [89] (testset)   loss: 0.0001 -> 0.0001  accuracy: 100.00% -> 100.00%    
client [45] (testset)   loss: 0.0360 -> 0.0312  accuracy: 99.39% -> 99.69%      
client [8]  (testset)   loss: 0.2121 -> 0.2056  accuracy: 97.62% -> 97.62%      
client [68] (testset)   loss: 0.0021 -> 0.0021  accuracy: 100.00% -> 100.00%    
---------------------------- TRAINING EPOCH: 390 ----------------------------   
client [67] (testset)   loss: 0.0000 -> 0.0000  accuracy: 100.00% -> 100.00%    
client [72] (testset)   loss: 0.0037 -> 0.0015  accuracy: 100.00% -> 100.00%    
client [1]  (testset)   loss: 0.0073 -> 0.0073  accuracy: 100.00% -> 100.00%    
client [78] (testset)   loss: 0.0708 -> 0.0628  accuracy: 98.09% -> 98.09%      
client [83] (testset)   loss: 0.0770 -> 0.0778  accuracy: 98.22% -> 98.22%      
client [21] (testset)   loss: 0.0241 -> 0.0244  accuracy: 99.02% -> 99.02%      
client [56] (testset)   loss: 0.0001 -> 0.0001  accuracy: 100.00% -> 100.00%    
client [44] (testset)   loss: 0.0784 -> 0.0582  accuracy: 98.21% -> 98.21%      
client [92] (testset)   loss: 0.0000 -> 0.0000  accuracy: 100.00% -> 100.00%    
client [27] (testset)   loss: 0.0758 -> 0.0002  accuracy: 96.79% -> 100.00%     
---------------------------- TRAINING EPOCH: 400 ----------------------------   
client [10] (testset)   loss: 0.0000 -> 0.0000  accuracy: 100.00% -> 100.00%    
client [39] (testset)   loss: 0.0021 -> 0.0018  accuracy: 100.00% -> 100.00%    
client [65] (testset)   loss: 0.1313 -> 0.0982  accuracy: 98.32% -> 98.32%      
client [26] (testset)   loss: 0.0065 -> 0.0065  accuracy: 100.00% -> 100.00%    
client [19] (testset)   loss: 0.0294 -> 0.0248  accuracy: 98.15% -> 98.15%      
client [68] (testset)   loss: 0.0972 -> 0.0965  accuracy: 98.31% -> 98.31%      
client [41] (testset)   loss: 0.0003 -> 0.0001  accuracy: 100.00% -> 100.00%    
client [50] (testset)   loss: 0.0286 -> 0.0243  accuracy: 98.97% -> 98.97%      
client [75] (testset)   loss: 0.0473 -> 0.0435  accuracy: 98.76% -> 99.07%      
client [81] (testset)   loss: 0.0476 -> 0.0270  accuracy: 99.38% -> 99.38%      
Training... ━━━━━━━━━━━━━━━━━━━━━━━━━━━━━━━━━━━━━━━━ 100% 0:33:46
FedDpa's average time taken by each global epoch: 0 min 4.71 sec.               
FedDpa's total running time: 0 h 33 m 46 s.                                     
==================== FedDpa Experiment Results: ====================            
Display format: (before local fine-tuning) -> (after local fine-tuning)         
 So if finetune_epoch = 0, x.xx% -> 0.00% is normal.                            
 Centralized testing ONLY happens after model aggregation, so the stats between 
'->' are the same.                                                              
{                                                                               
    "100": {                                                                    
        "all_clients": {                                                        
            "test": {                                                           
                "loss": "0.0425 -> 0.0000",                                     
                "accuracy": "98.93% -> 0.00%"                                   
            }                                                                   
        }                                                                       
    },                                                                          
    "200": {                                                                    
        "all_clients": {                                                        
            "test": {                                                           
                "loss": "0.0378 -> 0.0000",                                     
                "accuracy": "99.20% -> 0.00%"                                   
            }                                                                   
        }                                                                       
    },                                                                          
    "300": {                                                                    
        "all_clients": {                                                        
            "test": {                                                           
                "loss": "0.0360 -> 0.0000",                                     
                "accuracy": "99.26% -> 0.00%"                                   
            }                                                                   
        }                                                                       
    },                                                                          
    "400": {                                                                    
        "all_clients": {                                                        
            "test": {                                                           
                "loss": "0.0381 -> 0.0000",                                     
                "accuracy": "99.26% -> 0.00%"                                   
            }                                                                   
        }                                                                       
    }                                                                           
}                                                                               
==================== FedDpa Max Accuracy ====================                   
all_clients:                                                                    
(test) before fine-tuning: 99.26% at epoch 300                                  
(test) after fine-tuning: 0.00% at epoch 100                                    
