==================== FedRoD ====================                                
Experiment Arguments:                                                           
{
│   'method': 'fedrod',
│   'dataset': {
│   │   'name': 'medmnistA',
│   │   'client_num': 100,
│   │   'test_ratio': 0.25,
│   │   'val_ratio': 0.0,
│   │   'seed': 42,
│   │   'split': 'sample',
│   │   'IID_ratio': 0.0,
│   │   'monitor_window_name_suffix': 'medmnistA-100clients-0%IID-Dir(0.1)-seed42',
│   │   'alpha': 0.1,
│   │   'min_samples_per_client': 10
│   },
│   'model': {
│   │   'name': 'lenet5',
│   │   'use_torchvision_pretrained_weights': True,
│   │   'external_model_weights_path': None
│   },
│   'optimizer': {
│   │   'lr': 0.01,
│   │   'dampening': 0,
│   │   'weight_decay': 0,
│   │   'momentum': 0,
│   │   'nesterov': False,
│   │   'name': 'sgd'
│   },
│   'mode': 'serial',
│   'parallel': {
│   │   'ray_cluster_addr': None,
│   │   'num_cpus': None,
│   │   'num_gpus': None,
│   │   'num_workers': 2
│   },
│   'common': {
│   │   'seed': 42,
│   │   'join_ratio': 0.1,
│   │   'global_epoch': 400,
│   │   'local_epoch': 5,
│   │   'batch_size': 32,
│   │   'reset_optimizer_on_global_epoch': True,
│   │   'straggler_ratio': 0,
│   │   'straggler_min_local_epoch': 0,
│   │   'buffers': 'global',
│   │   'client_side_evaluation': True,
│   │   'test': {
│   │   │   'client': {
│   │   │   │   'interval': 100,
│   │   │   │   'finetune_epoch': 0,
│   │   │   │   'train': False,
│   │   │   │   'val': False,
│   │   │   │   'test': True
│   │   │   },
│   │   │   'server': {
│   │   │   │   'interval': -1,
│   │   │   │   'train': False,
│   │   │   │   'val': False,
│   │   │   │   'test': False,
│   │   │   │   'model_in_train_mode': False
│   │   │   }
│   │   },
│   │   'verbose_gap': 10,
│   │   'monitor': None,
│   │   'use_cuda': True,
│   │   'save_log': True,
│   │   'save_model': False,
│   │   'save_learning_curve_plot': False,
│   │   'save_metrics': True,
│   │   'delete_useless_run': True
│   },
│   'fedrod': {
│   │   'gamma': 1,
│   │   'hyper': 0,
│   │   'hyper_lr': 0.1,
│   │   'hyper_hidden_dim': 32,
│   │   'eval_per': 1
│   }
}
---------------------------- TRAINING EPOCH: 10 ----------------------------    
client [77] (testset)   loss: 2.0698 -> 16.8850 accuracy: 58.33% -> 36.90%      
client [81] (testset)   loss: 8.6767 -> 89.5688 accuracy: 13.74% -> 43.60%      
client [21] (testset)   loss: 140.5019 -> 19.6184   accuracy: 2.91% -> 42.06%   
client [68] (testset)   loss: 0.0000 -> 0.0001  accuracy: 100.00% -> 100.00%    
client [93] (testset)   loss: 0.8230 -> 7.6815  accuracy: 88.89% -> 27.78%      
client [31] (testset)   loss: 84.7522 -> 97.7305    accuracy: 0.00% -> 0.00%    
client [20] (testset)   loss: 9.9317 -> 9.2577  accuracy: 88.08% -> 88.08%      
client [59] (testset)   loss: 130.0945 -> 33.2075   accuracy: 0.00% -> 0.00%    
client [48] (testset)   loss: 11.3198 -> 41.6913    accuracy: 2.59% -> 23.28%   
client [34] (testset)   loss: 46.0871 -> 41.7352    accuracy: 14.81% -> 16.05%  
---------------------------- TRAINING EPOCH: 20 ----------------------------    
client [69] (testset)   loss: 49.1327 -> 13.8973    accuracy: 12.77% -> 63.83%  
client [99] (testset)   loss: 78.1525 -> 48.3471    accuracy: 16.47% -> 16.47%  
client [67] (testset)   loss: 41.4596 -> 6.2914 accuracy: 55.29% -> 55.89%      
client [0]  (testset)   loss: 3.1197 -> 8.5286  accuracy: 15.42% -> 37.00%      
client [76] (testset)   loss: 13.5425 -> 349.8653   accuracy: 8.53% -> 10.90%   
client [41] (testset)   loss: 191.1751 -> 13.2521   accuracy: 59.15% -> 36.62%  
client [62] (testset)   loss: 20.4101 -> 36.7262    accuracy: 0.00% -> 25.00%   
client [2]  (testset)   loss: 40.6730 -> 192.1758   accuracy: 5.71% -> 21.43%   
client [14] (testset)   loss: 11.8816 -> 50.4245    accuracy: 97.22% -> 1.39%   
client [46] (testset)   loss: 55.7344 -> 39.2781    accuracy: 0.00% -> 0.00%    
---------------------------- TRAINING EPOCH: 30 ----------------------------    
client [24] (testset)   loss: 2.3282 -> 1.0448  accuracy: 96.84% -> 90.53%      
client [68] (testset)   loss: 6.2087 -> 5.1197  accuracy: 14.94% -> 2.60%       
client [57] (testset)   loss: 16.9504 -> 6.3912 accuracy: 19.53% -> 79.69%      
client [17] (testset)   loss: 9.8809 -> 27.9910 accuracy: 53.85% -> 21.54%      
client [54] (testset)   loss: 47.4096 -> 68.6971    accuracy: 0.00% -> 0.00%    
client [23] (testset)   loss: 104.9179 -> 36.6608   accuracy: 0.00% -> 0.00%    
client [35] (testset)   loss: 12.2416 -> 6.0369 accuracy: 43.52% -> 44.44%      
client [59] (testset)   loss: 5.8043 -> 29.5194 accuracy: 0.00% -> 0.00%        
client [31] (testset)   loss: 22.6523 -> 56.7273    accuracy: 55.00% -> 55.00%  
client [9]  (testset)   loss: 71.7577 -> 0.9203 accuracy: 9.27% -> 83.44%       
---------------------------- TRAINING EPOCH: 40 ----------------------------    
client [64] (testset)   loss: 5.4758 -> 2.5229  accuracy: 0.00% -> 0.00%        
client [33] (testset)   loss: 0.4179 -> 1.3374  accuracy: 94.23% -> 73.08%      
client [16] (testset)   loss: 4.7106 -> 0.2352  accuracy: 27.43% -> 93.51%      
client [44] (testset)   loss: 0.5164 -> 52.8372 accuracy: 84.62% -> 61.54%      
client [8]  (testset)   loss: 397.1422 -> 333.6091  accuracy: 0.00% -> 0.00%    
client [31] (testset)   loss: 137.4153 -> 96.2710   accuracy: 0.00% -> 20.00%   
client [47] (testset)   loss: 19.2692 -> 26.4830    accuracy: 65.06% -> 48.19%  
client [36] (testset)   loss: 24.0604 -> 16.3525    accuracy: 5.23% -> 53.18%   
client [20] (testset)   loss: 8.6289 -> 30.0441 accuracy: 8.81% -> 88.08%       
client [56] (testset)   loss: 22.7483 -> 47.2722    accuracy: 44.26% -> 16.39%  
---------------------------- TRAINING EPOCH: 50 ----------------------------    
client [4]  (testset)   loss: 95.3172 -> 1.2130 accuracy: 1.16% -> 74.42%       
client [60] (testset)   loss: 0.7815 -> 57.8844 accuracy: 87.92% -> 0.00%       
client [28] (testset)   loss: 47.0419 -> 84.3586    accuracy: 4.89% -> 0.00%    
client [25] (testset)   loss: 30.8734 -> 6.2039 accuracy: 73.02% -> 73.02%      
client [58] (testset)   loss: 2.2563 -> 14.4298 accuracy: 33.96% -> 0.00%       
client [44] (testset)   loss: 44.1985 -> 12.3719    accuracy: 0.00% -> 61.54%   
client [39] (testset)   loss: 97.2394 -> 42.2261    accuracy: 18.87% -> 3.77%   
client [29] (testset)   loss: 67.2044 -> 2.6046 accuracy: 3.52% -> 34.17%       
client [3]  (testset)   loss: 0.8217 -> 5.8819  accuracy: 72.73% -> 36.36%      
client [84] (testset)   loss: 11.8285 -> 0.3439 accuracy: 40.51% -> 91.14%      
---------------------------- TRAINING EPOCH: 60 ----------------------------    
client [21] (testset)   loss: 71.4621 -> 1.7695 accuracy: 2.91% -> 53.44%       
client [84] (testset)   loss: 1.2804 -> 20.6475 accuracy: 50.63% -> 0.95%       
client [10] (testset)   loss: 9.8557 -> 15.4226 accuracy: 53.62% -> 53.62%      
client [36] (testset)   loss: 25.9975 -> 9.6273 accuracy: 0.00% -> 44.77%       
client [65] (testset)   loss: 4.8438 -> 18.2456 accuracy: 83.56% -> 83.56%      
client [81] (testset)   loss: 47.0254 -> 1.9165 accuracy: 54.74% -> 58.53%      
client [79] (testset)   loss: 1.8201 -> 34.0923 accuracy: 66.67% -> 7.41%       
client [42] (testset)   loss: 16.8879 -> 4.4925 accuracy: 58.33% -> 75.00%      
client [11] (testset)   loss: 21.9805 -> 5.0178 accuracy: 26.21% -> 42.73%      
client [96] (testset)   loss: 6.4388 -> 370.2723    accuracy: 56.68% -> 21.98%  
---------------------------- TRAINING EPOCH: 70 ----------------------------    
client [8]  (testset)   loss: 13.6716 -> 22.7864    accuracy: 25.00% -> 40.91%  
client [53] (testset)   loss: 9.1572 -> 1.2478  accuracy: 0.74% -> 94.85%       
client [52] (testset)   loss: 59.4560 -> 20.6361    accuracy: 0.88% -> 75.22%   
client [42] (testset)   loss: 22.7611 -> 59.4993    accuracy: 11.67% -> 1.67%   
client [69] (testset)   loss: 167.1842 -> 3.0412    accuracy: 19.15% -> 21.28%  
client [59] (testset)   loss: 6.3040 -> 49.1291 accuracy: 42.00% -> 6.00%       
client [7]  (testset)   loss: 26.3017 -> 0.0104 accuracy: 5.66% -> 99.65%       
client [26] (testset)   loss: 0.1741 -> 15.1645 accuracy: 95.79% -> 21.05%      
client [49] (testset)   loss: 31.7140 -> 3.5833 accuracy: 2.89% -> 72.83%       
client [98] (testset)   loss: 4.8014 -> 6.8078  accuracy: 74.05% -> 74.68%      
---------------------------- TRAINING EPOCH: 80 ----------------------------    
client [98] (testset)   loss: 0.9434 -> 20.9846 accuracy: 86.08% -> 14.56%      
client [47] (testset)   loss: 17.9110 -> 131.2350   accuracy: 37.35% -> 11.81%  
client [21] (testset)   loss: 26.5414 -> 59.0494    accuracy: 53.44% -> 42.06%  
client [77] (testset)   loss: 64.1049 -> 5.4835 accuracy: 58.33% -> 40.48%      
client [95] (testset)   loss: 5.0246 -> 0.5960  accuracy: 11.21% -> 95.69%      
client [91] (testset)   loss: 2.4288 -> 6.4207  accuracy: 88.24% -> 88.24%      
client [14] (testset)   loss: 1.7806 -> 0.0217  accuracy: 97.22% -> 98.61%      
client [99] (testset)   loss: 0.1169 -> 14.8005 accuracy: 96.86% -> 16.47%      
client [20] (testset)   loss: 8.5422 -> 203.0370    accuracy: 5.70% -> 2.59%    
client [39] (testset)   loss: 380.7501 -> 67.3136   accuracy: 43.40% -> 3.77%   
---------------------------- TRAINING EPOCH: 90 ----------------------------    
client [52] (testset)   loss: 15.8508 -> 13.6555    accuracy: 75.22% -> 75.22%  
client [62] (testset)   loss: 17.8283 -> 36.9612    accuracy: 0.00% -> 0.00%    
client [71] (testset)   loss: 47.7567 -> 3.5195 accuracy: 50.00% -> 45.83%      
client [97] (testset)   loss: 2.4664 -> 9.0642  accuracy: 77.18% -> 21.58%      
client [30] (testset)   loss: 6.9559 -> 26.0595 accuracy: 35.71% -> 54.29%      
client [88] (testset)   loss: 47.3142 -> 98.4588    accuracy: 8.11% -> 67.57%   
client [60] (testset)   loss: 213.6856 -> 0.1385    accuracy: 0.00% -> 96.62%   
client [82] (testset)   loss: 1.4101 -> 297.7465    accuracy: 67.44% -> 6.98%   
client [91] (testset)   loss: 76.2406 -> 19.9936    accuracy: 88.24% -> 88.24%  
client [57] (testset)   loss: 33.7848 -> 14.1433    accuracy: 79.69% -> 79.69%  
---------------------------- TRAINING EPOCH: 100 ----------------------------   
client [31] (testset)   loss: 0.6020 -> 6.3740  accuracy: 90.00% -> 70.00%      
client [15] (testset)   loss: 8.6769 -> 0.4696  accuracy: 1.96% -> 92.16%       
client [71] (testset)   loss: 3.6396 -> 2.9559  accuracy: 41.67% -> 37.50%      
client [97] (testset)   loss: 10.6420 -> 3.8145 accuracy: 13.69% -> 58.51%      
client [53] (testset)   loss: 0.9289 -> 0.9281  accuracy: 69.85% -> 94.85%      
client [77] (testset)   loss: 18.6041 -> 2.0685 accuracy: 58.33% -> 45.24%      
client [76] (testset)   loss: 7.3085 -> 31.3835 accuracy: 29.86% -> 52.13%      
client [79] (testset)   loss: 15.7105 -> 4.2194 accuracy: 3.70% -> 77.78%       
client [28] (testset)   loss: 4.5830 -> 70.0501 accuracy: 69.02% -> 5.43%       
client [99] (testset)   loss: 23.1959 -> 19.7798    accuracy: 24.31% -> 63.53%  
---------------------------- TRAINING EPOCH: 110 ----------------------------   
client [97] (testset)   loss: 252.0712 -> 5.6052    accuracy: 2.07% -> 53.53%   
client [86] (testset)   loss: 3.3770 -> 2.2995  accuracy: 84.66% -> 84.66%      
client [34] (testset)   loss: 9.8510 -> 30.2334 accuracy: 34.57% -> 18.52%      
client [73] (testset)   loss: 25.0440 -> 3.9215 accuracy: 58.95% -> 58.95%      
client [5]  (testset)   loss: 2.1174 -> 2.3283  accuracy: 64.84% -> 69.23%      
client [96] (testset)   loss: 6.5384 -> 1.9212  accuracy: 39.22% -> 69.40%      
client [22] (testset)   loss: 0.4113 -> 0.1379  accuracy: 84.47% -> 97.72%      
client [60] (testset)   loss: 0.0042 -> 0.0593  accuracy: 99.52% -> 99.03%      
client [66] (testset)   loss: 0.4643 -> 5.8071  accuracy: 86.33% -> 28.12%      
client [83] (testset)   loss: 10.2927 -> 0.8891 accuracy: 10.00% -> 95.00%      
---------------------------- TRAINING EPOCH: 120 ----------------------------   
client [76] (testset)   loss: 10.0881 -> 22.4764    accuracy: 52.61% -> 18.01%  
client [65] (testset)   loss: 6.6226 -> 7.2786  accuracy: 83.56% -> 56.16%      
client [95] (testset)   loss: 0.8382 -> 4.4713  accuracy: 94.83% -> 19.83%      
client [17] (testset)   loss: 9.3120 -> 1.5883  accuracy: 47.69% -> 67.69%      
client [8]  (testset)   loss: 2.3546 -> 91.9105 accuracy: 61.36% -> 6.82%       
client [35] (testset)   loss: 37.7495 -> 3.8625 accuracy: 46.30% -> 45.37%      
client [98] (testset)   loss: 4.1078 -> 1.8331  accuracy: 74.68% -> 68.99%      
client [53] (testset)   loss: 0.4148 -> 1.2546  accuracy: 94.85% -> 94.12%      
client [43] (testset)   loss: 11.2437 -> 10.5120    accuracy: 0.00% -> 1.79%    
client [64] (testset)   loss: 1.8353 -> 0.0279  accuracy: 66.67% -> 100.00%     
---------------------------- TRAINING EPOCH: 130 ----------------------------   
client [21] (testset)   loss: 41.7716 -> 0.6909 accuracy: 2.91% -> 84.92%       
client [88] (testset)   loss: 0.7872 -> 1.2373  accuracy: 81.08% -> 64.86%      
client [38] (testset)   loss: 12.6628 -> 7.6208 accuracy: 0.00% -> 47.62%       
client [3]  (testset)   loss: 1.2683 -> 16.4332 accuracy: 63.64% -> 36.36%      
client [5]  (testset)   loss: 25.3742 -> 6.6064 accuracy: 31.87% -> 52.75%      
client [41] (testset)   loss: 16.5209 -> 5.0137 accuracy: 4.23% -> 59.15%       
client [7]  (testset)   loss: 0.6175 -> 0.0006  accuracy: 90.09% -> 100.00%     
client [37] (testset)   loss: 0.0860 -> 0.1789  accuracy: 98.70% -> 95.67%      
client [45] (testset)   loss: 1.0048 -> 27.5243 accuracy: 70.00% -> 44.00%      
client [47] (testset)   loss: 32.8806 -> 3.2342 accuracy: 39.76% -> 41.93%      
---------------------------- TRAINING EPOCH: 140 ----------------------------   
client [16] (testset)   loss: 9.3946 -> 0.1470  accuracy: 5.90% -> 94.10%       
client [11] (testset)   loss: 3.2648 -> 0.0830  accuracy: 49.56% -> 97.58%      
client [37] (testset)   loss: 0.1948 -> 0.9065  accuracy: 95.24% -> 92.64%      
client [41] (testset)   loss: 4.1618 -> 6.0427  accuracy: 42.25% -> 59.15%      
client [95] (testset)   loss: 0.6057 -> 5.4120  accuracy: 81.90% -> 13.79%      
client [53] (testset)   loss: 1.5058 -> 2.3674  accuracy: 94.85% -> 22.06%      
client [22] (testset)   loss: 21.9319 -> 0.0056 accuracy: 0.00% -> 100.00%      
client [25] (testset)   loss: 0.3906 -> 2.3820  accuracy: 88.89% -> 55.56%      
client [69] (testset)   loss: 2.0716 -> 3.4922  accuracy: 51.06% -> 40.43%      
client [46] (testset)   loss: 7.5859 -> 0.1496  accuracy: 38.37% -> 94.77%      
---------------------------- TRAINING EPOCH: 150 ----------------------------   
client [47] (testset)   loss: 34.4378 -> 5.5158 accuracy: 48.19% -> 47.95%      
client [69] (testset)   loss: 1.4537 -> 7.2913  accuracy: 74.47% -> 14.89%      
client [82] (testset)   loss: 6.3356 -> 6.0676  accuracy: 44.19% -> 34.88%      
client [45] (testset)   loss: 7.9947 -> 9.1383  accuracy: 38.00% -> 60.00%      
client [7]  (testset)   loss: 2.0012 -> 0.2459  accuracy: 89.03% -> 96.46%      
client [50] (testset)   loss: 0.2626 -> 0.3857  accuracy: 91.46% -> 89.02%      
client [35] (testset)   loss: 1.8554 -> 0.1789  accuracy: 70.37% -> 94.91%      
client [24] (testset)   loss: 0.0430 -> 0.0456  accuracy: 98.95% -> 98.95%      
client [15] (testset)   loss: 0.3083 -> 4.0433  accuracy: 92.16% -> 70.59%      
client [58] (testset)   loss: 2.0937 -> 0.0117  accuracy: 94.34% -> 99.06%      
---------------------------- TRAINING EPOCH: 160 ----------------------------   
client [48] (testset)   loss: 10.9772 -> 3.1843 accuracy: 74.14% -> 54.31%      
client [76] (testset)   loss: 9.1656 -> 31.7792 accuracy: 54.03% -> 52.13%      
client [67] (testset)   loss: 10.0585 -> 11.3718    accuracy: 57.40% -> 11.48%  
client [37] (testset)   loss: 1.9741 -> 1.4749  accuracy: 43.29% -> 88.74%      
client [58] (testset)   loss: 0.5076 -> 1.1275  accuracy: 96.23% -> 94.34%      
client [64] (testset)   loss: 0.0014 -> 0.0009  accuracy: 100.00% -> 100.00%    
client [77] (testset)   loss: 0.6641 -> 4.5499  accuracy: 82.14% -> 60.71%      
client [55] (testset)   loss: 8.7147 -> 13.2031 accuracy: 25.00% -> 25.00%      
client [12] (testset)   loss: 2.7483 -> 0.6530  accuracy: 86.14% -> 82.81%      
client [89] (testset)   loss: 0.2651 -> 6.1587  accuracy: 87.50% -> 43.75%      
---------------------------- TRAINING EPOCH: 170 ----------------------------   
client [84] (testset)   loss: 11.6628 -> 0.3243 accuracy: 40.51% -> 92.41%      
client [51] (testset)   loss: 0.0070 -> 4.1793  accuracy: 100.00% -> 55.56%     
client [8]  (testset)   loss: 15.6972 -> 64.6117    accuracy: 6.82% -> 9.09%    
client [18] (testset)   loss: 43.3527 -> 3.6181 accuracy: 65.38% -> 33.85%      
client [94] (testset)   loss: 3.9625 -> 1.7759  accuracy: 54.69% -> 60.94%      
client [81] (testset)   loss: 2.0189 -> 15.8409 accuracy: 61.37% -> 43.60%      
client [3]  (testset)   loss: 2.7388 -> 0.3443  accuracy: 63.64% -> 81.82%      
client [11] (testset)   loss: 4.1950 -> 8.8432  accuracy: 60.79% -> 56.17%      
client [95] (testset)   loss: 10.3450 -> 0.1308 accuracy: 1.72% -> 97.41%       
client [67] (testset)   loss: 0.3016 -> 0.0694  accuracy: 91.54% -> 98.19%      
---------------------------- TRAINING EPOCH: 180 ----------------------------   
client [21] (testset)   loss: 1.6684 -> 21.3191 accuracy: 69.58% -> 2.91%       
client [79] (testset)   loss: 19.3224 -> 132.0335   accuracy: 0.00% -> 0.00%    
client [58] (testset)   loss: 18.2597 -> 0.1782 accuracy: 94.34% -> 92.45%      
client [88] (testset)   loss: 0.5301 -> 8.5176  accuracy: 75.68% -> 67.57%      
client [46] (testset)   loss: 1.8244 -> 1.0191  accuracy: 66.28% -> 90.12%      
client [11] (testset)   loss: 3.7675 -> 6.6915  accuracy: 68.06% -> 29.74%      
client [55] (testset)   loss: 2.2208 -> 2.3205  accuracy: 50.00% -> 62.50%      
client [13] (testset)   loss: 0.0025 -> 0.2382  accuracy: 100.00% -> 97.78%     
client [31] (testset)   loss: 1.5334 -> 17.8277 accuracy: 90.00% -> 0.00%       
client [75] (testset)   loss: 16.8428 -> 4.9612 accuracy: 29.15% -> 24.72%      
---------------------------- TRAINING EPOCH: 190 ----------------------------   
client [19] (testset)   loss: 0.3816 -> 6.1021  accuracy: 93.45% -> 42.26%      
client [7]  (testset)   loss: 0.3271 -> 0.0048  accuracy: 90.62% -> 99.82%      
client [57] (testset)   loss: 0.0779 -> 6.0956  accuracy: 97.66% -> 20.31%      
client [13] (testset)   loss: 0.2709 -> 0.1009  accuracy: 97.78% -> 97.78%      
client [43] (testset)   loss: 1.3380 -> 0.4254  accuracy: 59.06% -> 87.47%      
client [91] (testset)   loss: 0.2571 -> 109.4239    accuracy: 94.12% -> 5.88%   
client [10] (testset)   loss: 44.6863 -> 14.3160    accuracy: 53.62% -> 7.25%   
client [64] (testset)   loss: 0.0393 -> 0.0716  accuracy: 100.00% -> 100.00%    
client [82] (testset)   loss: 3.1184 -> 152.5287    accuracy: 58.14% -> 6.98%   
client [22] (testset)   loss: 15.1581 -> 0.0239 accuracy: 90.41% -> 98.63%      
---------------------------- TRAINING EPOCH: 200 ----------------------------   
client [20] (testset)   loss: 1.3693 -> 1.9780  accuracy: 89.64% -> 72.02%      
client [23] (testset)   loss: 10.3462 -> 1.2020 accuracy: 8.67% -> 61.33%       
client [88] (testset)   loss: 2.7404 -> 38.1805 accuracy: 72.97% -> 67.57%      
client [98] (testset)   loss: 87.1295 -> 29.7297    accuracy: 3.80% -> 3.80%    
client [79] (testset)   loss: 25.0474 -> 164.6409   accuracy: 0.00% -> 0.00%    
client [21] (testset)   loss: 148.2234 -> 25.8800   accuracy: 1.59% -> 2.91%    
client [92] (testset)   loss: 17.4075 -> 10.0219    accuracy: 63.64% -> 63.64%  
client [56] (testset)   loss: 9.9492 -> 6.3102  accuracy: 45.90% -> 49.18%      
client [5]  (testset)   loss: 19.9983 -> 10.2668    accuracy: 21.98% -> 31.87%  
client [52] (testset)   loss: 1.9981 -> 7.9060  accuracy: 79.65% -> 18.58%      
---------------------------- TRAINING EPOCH: 210 ----------------------------   
client [67] (testset)   loss: 0.0536 -> 1.8897  accuracy: 98.49% -> 72.81%      
client [54] (testset)   loss: 7.2919 -> 4.6006  accuracy: 20.00% -> 20.00%      
client [14] (testset)   loss: 0.1689 -> 0.0125  accuracy: 97.69% -> 99.54%      
client [99] (testset)   loss: 0.0797 -> 1.1058  accuracy: 96.86% -> 81.18%      
client [36] (testset)   loss: 3.0095 -> 9.5066  accuracy: 60.91% -> 37.73%      
client [30] (testset)   loss: 9.1233 -> 0.0816  accuracy: 35.00% -> 97.86%      
client [38] (testset)   loss: 0.1811 -> 21.2359 accuracy: 90.48% -> 0.00%       
client [15] (testset)   loss: 1.7490 -> 1.4891  accuracy: 74.51% -> 80.39%      
client [6]  (testset)   loss: 4.2855 -> 28.5934 accuracy: 63.49% -> 40.74%      
client [53] (testset)   loss: 3.1260 -> 0.6278  accuracy: 69.12% -> 94.85%      
---------------------------- TRAINING EPOCH: 220 ----------------------------   
client [99] (testset)   loss: 15.0579 -> 0.3478 accuracy: 58.82% -> 91.76%      
client [6]  (testset)   loss: 0.7674 -> 2.8775  accuracy: 86.77% -> 53.97%      
client [83] (testset)   loss: 1.1982 -> 1.4692  accuracy: 55.00% -> 45.00%      
client [42] (testset)   loss: 2.1441 -> 3.2730  accuracy: 45.00% -> 86.67%      
client [34] (testset)   loss: 19.6780 -> 11.8309    accuracy: 28.40% -> 34.57%  
client [15] (testset)   loss: 11.7105 -> 2.6572 accuracy: 76.47% -> 76.47%      
client [47] (testset)   loss: 4.0309 -> 10.9935 accuracy: 41.93% -> 48.43%      
client [55] (testset)   loss: 8.3773 -> 1.6555  accuracy: 25.00% -> 50.00%      
client [51] (testset)   loss: 1.3227 -> 3.0730  accuracy: 80.56% -> 47.22%      
client [95] (testset)   loss: 0.5577 -> 5.0423  accuracy: 87.07% -> 14.66%      
---------------------------- TRAINING EPOCH: 230 ----------------------------   
client [71] (testset)   loss: 2.0477 -> 33.1139 accuracy: 45.83% -> 0.00%       
client [15] (testset)   loss: 4.1226 -> 1.0780  accuracy: 54.90% -> 86.27%      
client [33] (testset)   loss: 2.9882 -> 71.1266 accuracy: 67.31% -> 0.00%       
client [99] (testset)   loss: 56.3928 -> 1.1803 accuracy: 63.53% -> 81.96%      
client [90] (testset)   loss: 3.9440 -> 43.2421 accuracy: 42.86% -> 28.57%      
client [57] (testset)   loss: 5.3406 -> 845.0485    accuracy: 79.69% -> 19.53%  
client [27] (testset)   loss: 121.3889 -> 1.1488    accuracy: 82.43% -> 80.24%  
client [78] (testset)   loss: 3.0150 -> 1.6636  accuracy: 44.19% -> 60.47%      
client [36] (testset)   loss: 2.3898 -> 4.8844  accuracy: 57.27% -> 51.36%      
client [88] (testset)   loss: 9.1991 -> 20.9571 accuracy: 16.22% -> 67.57%      
---------------------------- TRAINING EPOCH: 240 ----------------------------   
client [70] (testset)   loss: 0.5094 -> 0.6205  accuracy: 88.89% -> 83.33%      
client [35] (testset)   loss: 0.5318 -> 0.1696  accuracy: 86.11% -> 95.83%      
client [16] (testset)   loss: 0.0859 -> 0.0086  accuracy: 97.64% -> 99.71%      
client [80] (testset)   loss: 0.7453 -> 1.0522  accuracy: 81.25% -> 79.69%      
client [38] (testset)   loss: 0.1881 -> 7.3777  accuracy: 95.24% -> 66.67%      
client [78] (testset)   loss: 27.8763 -> 0.9014 accuracy: 9.63% -> 87.04%       
client [68] (testset)   loss: 0.0000 -> 0.0000  accuracy: 100.00% -> 100.00%    
client [11] (testset)   loss: 0.2477 -> 0.7658  accuracy: 92.51% -> 85.68%      
client [64] (testset)   loss: 0.2881 -> 0.2266  accuracy: 100.00% -> 100.00%    
client [82] (testset)   loss: 1.2795 -> 118.8526    accuracy: 76.74% -> 6.98%   
---------------------------- TRAINING EPOCH: 250 ----------------------------   
client [30] (testset)   loss: 0.5187 -> 0.3467  accuracy: 85.71% -> 88.57%      
client [27] (testset)   loss: 0.1816 -> 5.2522  accuracy: 95.27% -> 27.87%      
client [74] (testset)   loss: 3.1375 -> 32.2468 accuracy: 67.68% -> 0.00%       
client [45] (testset)   loss: 14.9297 -> 2.4278 accuracy: 16.00% -> 60.00%      
client [6]  (testset)   loss: 0.7502 -> 18.2454 accuracy: 84.66% -> 40.21%      
client [36] (testset)   loss: 47.1762 -> 2.5720 accuracy: 0.00% -> 66.82%       
client [63] (testset)   loss: 0.2606 -> 0.4947  accuracy: 96.00% -> 90.00%      
client [76] (testset)   loss: 1.9875 -> 6.8471  accuracy: 64.45% -> 45.97%      
client [83] (testset)   loss: 5.0148 -> 2.4728  accuracy: 5.00% -> 30.00%       
client [86] (testset)   loss: 1.1885 -> 1.2300  accuracy: 87.61% -> 75.81%      
---------------------------- TRAINING EPOCH: 260 ----------------------------   
client [83] (testset)   loss: 12.5683 -> 0.2582 accuracy: 5.00% -> 90.00%       
client [99] (testset)   loss: 1.4595 -> 4.8489  accuracy: 77.25% -> 21.96%      
client [74] (testset)   loss: 1.8502 -> 13.0989 accuracy: 53.54% -> 12.12%      
client [73] (testset)   loss: 26.5699 -> 89.4076    accuracy: 1.05% -> 1.05%    
client [29] (testset)   loss: 29.4064 -> 1.7030 accuracy: 73.87% -> 66.33%      
client [92] (testset)   loss: 0.2520 -> 0.0007  accuracy: 90.91% -> 100.00%     
client [6]  (testset)   loss: 0.0939 -> 15.6354 accuracy: 97.88% -> 33.33%      
client [61] (testset)   loss: 22.6850 -> 36.2507    accuracy: 15.38% -> 3.85%   
client [21] (testset)   loss: 60.9832 -> 5.6714 accuracy: 2.91% -> 35.98%       
client [67] (testset)   loss: 5.7920 -> 0.4363  accuracy: 35.65% -> 89.73%      
---------------------------- TRAINING EPOCH: 270 ----------------------------   
client [83] (testset)   loss: 4.3995 -> 0.4020  accuracy: 85.00% -> 95.00%      
client [32] (testset)   loss: 0.5441 -> 1.5977  accuracy: 88.89% -> 73.61%      
client [95] (testset)   loss: 0.3873 -> 0.6933  accuracy: 89.66% -> 88.79%      
client [61] (testset)   loss: 4.1767 -> 7.8995  accuracy: 61.54% -> 50.00%      
client [27] (testset)   loss: 3.0048 -> 22.6138 accuracy: 60.47% -> 3.21%       
client [25] (testset)   loss: 14.4285 -> 0.9637 accuracy: 73.02% -> 65.08%      
client [68] (testset)   loss: 0.0000 -> 0.0070  accuracy: 100.00% -> 99.35%     
client [34] (testset)   loss: 0.4982 -> 4.6915  accuracy: 86.42% -> 44.44%      
client [71] (testset)   loss: 7.5489 -> 32.7552 accuracy: 29.17% -> 50.00%      
client [89] (testset)   loss: 46.2006 -> 5.3033 accuracy: 18.75% -> 25.00%      
---------------------------- TRAINING EPOCH: 280 ----------------------------   
client [78] (testset)   loss: 0.0240 -> 0.0696  accuracy: 99.00% -> 98.01%      
client [81] (testset)   loss: 0.0998 -> 0.0343  accuracy: 96.21% -> 99.29%      
client [51] (testset)   loss: 0.0005 -> 0.0136  accuracy: 100.00% -> 100.00%    
client [54] (testset)   loss: 0.0036 -> 1.7349  accuracy: 100.00% -> 80.00%     
client [65] (testset)   loss: 0.6750 -> 2.4289  accuracy: 83.56% -> 73.97%      
client [41] (testset)   loss: 8.0328 -> 4.2356  accuracy: 45.07% -> 59.15%      
client [11] (testset)   loss: 5.6344 -> 0.0303  accuracy: 60.57% -> 99.34%      
client [85] (testset)   loss: 0.0096 -> 4.1594  accuracy: 100.00% -> 66.67%     
client [12] (testset)   loss: 0.5086 -> 0.1067  accuracy: 91.68% -> 97.60%      
client [23] (testset)   loss: 0.0097 -> 0.0022  accuracy: 100.00% -> 100.00%    
---------------------------- TRAINING EPOCH: 290 ----------------------------   
client [16] (testset)   loss: 0.1221 -> 0.0076  accuracy: 98.23% -> 99.41%      
client [65] (testset)   loss: 0.0521 -> 2.8328  accuracy: 98.63% -> 34.25%      
client [53] (testset)   loss: 1.7389 -> 0.1818  accuracy: 94.85% -> 95.59%      
client [58] (testset)   loss: 0.0752 -> 0.0002  accuracy: 98.11% -> 100.00%     
client [72] (testset)   loss: 0.6759 -> 26.2224 accuracy: 88.24% -> 35.29%      
client [7]  (testset)   loss: 7.3731 -> 0.0022  accuracy: 88.85% -> 99.82%      
client [71] (testset)   loss: 0.1543 -> 4.0156  accuracy: 95.83% -> 50.00%      
client [59] (testset)   loss: 7.5938 -> 14.9445 accuracy: 40.00% -> 8.00%       
client [86] (testset)   loss: 4.1648 -> 0.8894  accuracy: 84.66% -> 90.56%      
client [39] (testset)   loss: 0.9188 -> 32.3005 accuracy: 88.68% -> 11.32%      
---------------------------- TRAINING EPOCH: 300 ----------------------------   
client [99] (testset)   loss: 8.7513 -> 1.1904  accuracy: 25.10% -> 70.59%      
client [7]  (testset)   loss: 0.2526 -> 0.0053  accuracy: 89.91% -> 99.82%      
client [17] (testset)   loss: 0.0798 -> 9.6497  accuracy: 96.92% -> 27.69%      
client [64] (testset)   loss: 5.8527 -> 0.6183  accuracy: 66.67% -> 66.67%      
client [37] (testset)   loss: 0.3323 -> 0.0704  accuracy: 91.77% -> 97.84%      
client [29] (testset)   loss: 0.0936 -> 0.5251  accuracy: 97.49% -> 89.95%      
client [93] (testset)   loss: 0.0075 -> 3.4023  accuracy: 100.00% -> 88.89%     
client [73] (testset)   loss: 4.5592 -> 0.0503  accuracy: 47.37% -> 97.89%      
client [40] (testset)   loss: 0.3451 -> 23.9359 accuracy: 92.13% -> 16.85%      
client [76] (testset)   loss: 29.4829 -> 12.2305    accuracy: 3.79% -> 13.74%   
---------------------------- TRAINING EPOCH: 310 ----------------------------   
client [31] (testset)   loss: 8.2209 -> 7.4068  accuracy: 45.00% -> 20.00%      
client [89] (testset)   loss: 13.8838 -> 129.2580   accuracy: 31.25% -> 18.75%  
client [77] (testset)   loss: 77.7368 -> 0.0221 accuracy: 0.00% -> 100.00%      
client [90] (testset)   loss: 0.4755 -> 2.1699  accuracy: 85.71% -> 71.43%      
client [26] (testset)   loss: 3.2106 -> 11.5801 accuracy: 50.53% -> 51.58%      
client [50] (testset)   loss: 4.4446 -> 0.4399  accuracy: 21.95% -> 90.24%      
client [30] (testset)   loss: 1.0558 -> 2.0543  accuracy: 75.71% -> 67.14%      
client [70] (testset)   loss: 4.3114 -> 1.6469  accuracy: 66.67% -> 72.22%      
client [41] (testset)   loss: 4.3019 -> 1.3947  accuracy: 60.56% -> 78.87%      
client [99] (testset)   loss: 2.0498 -> 0.1157  accuracy: 53.33% -> 95.29%      
---------------------------- TRAINING EPOCH: 320 ----------------------------   
client [68] (testset)   loss: 0.0000 -> 0.0011  accuracy: 100.00% -> 100.00%    
client [70] (testset)   loss: 0.1861 -> 18.0475 accuracy: 88.89% -> 44.44%      
client [52] (testset)   loss: 13.0806 -> 12.6238    accuracy: 75.22% -> 75.22%  
client [1]  (testset)   loss: 18.3691 -> 0.1974 accuracy: 16.67% -> 93.14%      
client [2]  (testset)   loss: 3.0405 -> 188.2182    accuracy: 60.71% -> 13.57%  
client [67] (testset)   loss: 124.3483 -> 18.9355   accuracy: 11.18% -> 29.91%  
client [92] (testset)   loss: 11.1588 -> 9.3478 accuracy: 63.64% -> 63.64%      
client [35] (testset)   loss: 12.9291 -> 0.1111 accuracy: 46.30% -> 97.22%      
client [36] (testset)   loss: 0.1070 -> 0.8269  accuracy: 95.91% -> 81.14%      
client [64] (testset)   loss: 0.0272 -> 0.0075  accuracy: 100.00% -> 100.00%    
---------------------------- TRAINING EPOCH: 330 ----------------------------   
client [44] (testset)   loss: 0.0258 -> 0.0475  accuracy: 100.00% -> 100.00%    
client [6]  (testset)   loss: 0.2057 -> 3.1251  accuracy: 96.30% -> 48.15%      
client [12] (testset)   loss: 19.2956 -> 0.1578 accuracy: 11.28% -> 95.56%      
client [55] (testset)   loss: 0.1260 -> 0.0385  accuracy: 87.50% -> 100.00%     
client [29] (testset)   loss: 0.1711 -> 0.1089  accuracy: 94.97% -> 96.98%      
client [9]  (testset)   loss: 0.2146 -> 0.0318  accuracy: 96.03% -> 98.01%      
client [43] (testset)   loss: 0.1694 -> 0.0833  accuracy: 97.99% -> 98.43%      
client [77] (testset)   loss: 0.0464 -> 0.6741  accuracy: 97.62% -> 88.10%      
client [98] (testset)   loss: 1.8415 -> 0.5024  accuracy: 73.42% -> 93.04%      
client [78] (testset)   loss: 0.1208 -> 14.2693 accuracy: 97.67% -> 7.97%       
---------------------------- TRAINING EPOCH: 340 ----------------------------   
client [92] (testset)   loss: 1.0420 -> 0.3380  accuracy: 54.55% -> 90.91%      
client [80] (testset)   loss: 1.1379 -> 1.5819  accuracy: 67.19% -> 65.62%      
client [63] (testset)   loss: 0.6231 -> 9.5621  accuracy: 87.00% -> 5.00%       
client [76] (testset)   loss: 16.7572 -> 4.6429 accuracy: 23.22% -> 47.87%      
client [78] (testset)   loss: 0.4107 -> 0.1308  accuracy: 91.69% -> 97.01%      
client [25] (testset)   loss: 0.5500 -> 1.9777  accuracy: 84.13% -> 58.73%      
client [58] (testset)   loss: 0.6223 -> 0.1934  accuracy: 89.62% -> 98.11%      
client [13] (testset)   loss: 0.0000 -> 0.0025  accuracy: 100.00% -> 100.00%    
client [17] (testset)   loss: 0.6792 -> 0.4648  accuracy: 86.15% -> 86.15%      
client [38] (testset)   loss: 0.7626 -> 3.1934  accuracy: 85.71% -> 42.86%      
---------------------------- TRAINING EPOCH: 350 ----------------------------   
client [72] (testset)   loss: 2.6244 -> 2.6842  accuracy: 55.88% -> 52.94%      
client [82] (testset)   loss: 2.8180 -> 7.0210  accuracy: 53.49% -> 18.60%      
client [86] (testset)   loss: 15.3397 -> 1.3637 accuracy: 13.27% -> 80.83%      
client [51] (testset)   loss: 0.0195 -> 0.0044  accuracy: 100.00% -> 100.00%    
client [96] (testset)   loss: 2.6629 -> 0.7268  accuracy: 68.32% -> 88.79%      
client [42] (testset)   loss: 0.3754 -> 6.6096  accuracy: 90.00% -> 48.33%      
client [55] (testset)   loss: 4.8557 -> 2.1654  accuracy: 25.00% -> 62.50%      
client [13] (testset)   loss: 0.0895 -> 0.4033  accuracy: 97.78% -> 97.78%      
client [1]  (testset)   loss: 1.5398 -> 0.0321  accuracy: 71.57% -> 98.04%      
client [12] (testset)   loss: 0.1679 -> 0.1181  accuracy: 96.12% -> 96.86%      
---------------------------- TRAINING EPOCH: 360 ----------------------------   
client [68] (testset)   loss: 0.0000 -> 0.0000  accuracy: 100.00% -> 100.00%    
client [23] (testset)   loss: 0.0084 -> 0.0232  accuracy: 99.33% -> 99.33%      
client [46] (testset)   loss: 0.0401 -> 0.1393  accuracy: 98.84% -> 98.26%      
client [41] (testset)   loss: 0.0828 -> 4.8210  accuracy: 97.18% -> 59.15%      
client [25] (testset)   loss: 1.1352 -> 0.7392  accuracy: 76.19% -> 85.71%      
client [58] (testset)   loss: 0.3958 -> 0.0192  accuracy: 94.34% -> 99.06%      
client [14] (testset)   loss: 0.1059 -> 0.0053  accuracy: 97.69% -> 100.00%     
client [33] (testset)   loss: 0.0164 -> 71.1566 accuracy: 100.00% -> 0.00%      
client [85] (testset)   loss: 21.9496 -> 13.0761    accuracy: 66.67% -> 66.67%  
client [62] (testset)   loss: 4.9487 -> 7.2651  accuracy: 20.00% -> 65.00%      
---------------------------- TRAINING EPOCH: 370 ----------------------------   
client [98] (testset)   loss: 0.7015 -> 0.2641  accuracy: 89.87% -> 93.67%      
client [63] (testset)   loss: 0.5940 -> 2.7651  accuracy: 82.00% -> 46.00%      
client [70] (testset)   loss: 2.6065 -> 0.6538  accuracy: 55.56% -> 88.89%      
client [65] (testset)   loss: 0.0437 -> 28.6491 accuracy: 98.63% -> 5.48%       
client [14] (testset)   loss: 3.5395 -> 0.0448  accuracy: 17.13% -> 99.07%      
client [73] (testset)   loss: 0.3891 -> 0.7645  accuracy: 88.42% -> 76.84%      
client [34] (testset)   loss: 0.4912 -> 39.6049 accuracy: 81.48% -> 37.04%      
client [99] (testset)   loss: 33.0132 -> 0.4545 accuracy: 63.53% -> 85.49%      
client [69] (testset)   loss: 1.1011 -> 4.4713  accuracy: 78.72% -> 44.68%      
client [46] (testset)   loss: 0.7994 -> 5.1497  accuracy: 92.44% -> 63.95%      
---------------------------- TRAINING EPOCH: 380 ----------------------------   
client [99] (testset)   loss: 14.2454 -> 0.2450 accuracy: 24.71% -> 93.73%      
client [93] (testset)   loss: 0.0039 -> 2.8205  accuracy: 100.00% -> 88.89%     
client [11] (testset)   loss: 30.9324 -> 0.0401 accuracy: 26.43% -> 98.68%      
client [58] (testset)   loss: 0.0003 -> 0.0025  accuracy: 100.00% -> 100.00%    
client [81] (testset)   loss: 0.0837 -> 0.0367  accuracy: 98.34% -> 99.53%      
client [85] (testset)   loss: 0.0021 -> 1.0753  accuracy: 100.00% -> 33.33%     
client [89] (testset)   loss: 0.2841 -> 12.2462 accuracy: 93.75% -> 37.50%      
client [45] (testset)   loss: 19.2299 -> 20.7905    accuracy: 12.00% -> 22.00%  
client [8]  (testset)   loss: 40.5735 -> 396.9079   accuracy: 0.00% -> 11.36%   
client [68] (testset)   loss: 0.0000 -> 0.0000  accuracy: 100.00% -> 100.00%    
---------------------------- TRAINING EPOCH: 390 ----------------------------   
client [67] (testset)   loss: 12.5078 -> 0.3638 accuracy: 48.04% -> 90.63%      
client [72] (testset)   loss: 0.1143 -> 12.2055 accuracy: 97.06% -> 26.47%      
client [1]  (testset)   loss: 16.8910 -> 0.0982 accuracy: 0.00% -> 98.04%       
client [78] (testset)   loss: 0.2226 -> 0.0476  accuracy: 93.69% -> 98.34%      
client [83] (testset)   loss: 0.0009 -> 0.0001  accuracy: 100.00% -> 100.00%    
client [21] (testset)   loss: 0.0108 -> 0.0328  accuracy: 99.47% -> 98.41%      
client [56] (testset)   loss: 0.1693 -> 2.2742  accuracy: 96.72% -> 70.49%      
client [44] (testset)   loss: 1.4967 -> 0.1136  accuracy: 76.92% -> 92.31%      
client [92] (testset)   loss: 0.0328 -> 0.0007  accuracy: 100.00% -> 100.00%    
client [27] (testset)   loss: 0.0285 -> 5.4652  accuracy: 99.16% -> 35.30%      
---------------------------- TRAINING EPOCH: 400 ----------------------------   
client [10] (testset)   loss: 0.0120 -> 0.0104  accuracy: 99.52% -> 99.52%      
client [39] (testset)   loss: 0.5439 -> 33.4259 accuracy: 90.57% -> 20.75%      
client [65] (testset)   loss: 26.5556 -> 1.4354 accuracy: 2.74% -> 64.38%       
client [26] (testset)   loss: 2.9450 -> 0.4150  accuracy: 72.63% -> 91.58%      
client [19] (testset)   loss: 0.5407 -> 0.1918  accuracy: 86.31% -> 94.64%      
client [68] (testset)   loss: 0.0000 -> 0.0051  accuracy: 100.00% -> 99.35%     
client [41] (testset)   loss: 0.1518 -> 1.2453  accuracy: 94.37% -> 76.06%      
client [50] (testset)   loss: 1.0072 -> 0.3589  accuracy: 84.15% -> 84.15%      
client [75] (testset)   loss: 1.0996 -> 13.9266 accuracy: 81.55% -> 30.63%      
client [81] (testset)   loss: 8.6817 -> 0.0370  accuracy: 44.55% -> 99.53%      
FedRoD's average time taken by each global epoch: 0 min 1.09 sec.               
FedRoD's total running time: 0 h 7 m 20 s.                                      
==================== FedRoD Experiment Results: ====================            
Display format: (before local fine-tuning) -> (after local fine-tuning)         
 So if finetune_epoch = 0, x.xx% -> 0.00% is normal.                            
 Centralized testing ONLY happens after model aggregation, so the stats between 
'->' are the same.                                                              
{                                                                               
    "100": {                                                                    
        "all_clients": {                                                        
            "test": {                                                           
                "loss": "22.0623 -> 0.0000",                                    
                "accuracy": "34.98% -> 0.00%"                                   
            }                                                                   
        }                                                                       
    },                                                                          
    "200": {                                                                    
        "all_clients": {                                                        
            "test": {                                                           
                "loss": "8.7002 -> 0.0000",                                     
                "accuracy": "47.32% -> 0.00%"                                   
            }                                                                   
        }                                                                       
    },                                                                          
    "300": {                                                                    
        "all_clients": {                                                        
            "test": {                                                           
                "loss": "5.5132 -> 0.0000",                                     
                "accuracy": "53.40% -> 0.00%"                                   
            }                                                                   
        }                                                                       
    },                                                                          
    "400": {                                                                    
        "all_clients": {                                                        
            "test": {                                                           
                "loss": "0.0820 -> 0.0000",                                     
                "accuracy": "98.00% -> 0.00%"                                   
            }                                                                   
        }                                                                       
    }                                                                           
}                                                                               
==================== FedRoD Max Accuracy ====================                   
all_clients:                                                                    
(test) before fine-tuning: 98.00% at epoch 400                                  
(test) after fine-tuning: 0.00% at epoch 100                                    
