Using downloaded and verified file: /home/ubuntu/PSFL/PSFL/data/svhn/raw/train_32x32.mat
Using downloaded and verified file: /home/ubuntu/PSFL/PSFL/data/svhn/raw/test_32x32.mat
==================== PSFL ====================                                  
Experiment Arguments:                                                           
{
│   'method': 'psfl',
│   'dataset': {
│   │   'name': 'svhn',
│   │   'client_num': 100,
│   │   'test_ratio': 0.25,
│   │   'val_ratio': 0.0,
│   │   'seed': 42,
│   │   'split': 'sample',
│   │   'IID_ratio': 0.0,
│   │   'monitor_window_name_suffix': 'svhn-100clients-0%IID-Dir(0.1)-seed42',
│   │   'alpha': 0.1,
│   │   'min_samples_per_client': 10
│   },
│   'model': {
│   │   'name': 'avgcnn',
│   │   'use_torchvision_pretrained_weights': True,
│   │   'external_model_weights_path': None
│   },
│   'optimizer': {
│   │   'lr': 0.01,
│   │   'dampening': 0,
│   │   'weight_decay': 0,
│   │   'momentum': 0,
│   │   'nesterov': False,
│   │   'name': 'sgd'
│   },
│   'mode': 'sequential',
│   'parallel': {
│   │   'ray_cluster_addr': None,
│   │   'num_cpus': None,
│   │   'num_gpus': None,
│   │   'num_workers': 2
│   },
│   'common': {
│   │   'seed': 42,
│   │   'join_ratio': 0.1,
│   │   'global_epoch': 400,
│   │   'local_epoch': 5,
│   │   'batch_size': 32,
│   │   'reset_optimizer_on_global_epoch': True,
│   │   'straggler_ratio': 0,
│   │   'straggler_min_local_epoch': 0,
│   │   'buffers': 'global',
│   │   'client_side_evaluation': True,
│   │   'test': {
│   │   │   'client': {
│   │   │   │   'interval': 100,
│   │   │   │   'finetune_epoch': 0,
│   │   │   │   'train': False,
│   │   │   │   'val': False,
│   │   │   │   'test': True
│   │   │   },
│   │   │   'server': {
│   │   │   │   'interval': -1,
│   │   │   │   'train': False,
│   │   │   │   'val': False,
│   │   │   │   'test': False,
│   │   │   │   'model_in_train_mode': False
│   │   │   }
│   │   },
│   │   'verbose_gap': 10,
│   │   'monitor': None,
│   │   'use_cuda': True,
│   │   'save_log': True,
│   │   'save_model': False,
│   │   'save_learning_curve_plot': False,
│   │   'save_metrics': True,
│   │   'delete_useless_run': True
│   },
│   'psfl': {
│   │   'alpha': 0.0,
│   │   'CLS': False,
│   │   'ig_ratio': 0.4,
│   │   'track': False,
│   │   'score': 'diff'
│   }
}
---------------------------- TRAINING EPOCH: 10 ----------------------------    
client [77] (testset)   loss: 1.1116 -> 0.7166  accuracy: 52.54% -> 74.58%      
client [81] (testset)   loss: 0.8176 -> 0.7930  accuracy: 83.87% -> 83.87%      
client [21] (testset)   loss: 2.2422 -> 1.2676  accuracy: 11.11% -> 52.78%      
client [68] (testset)   loss: 0.2541 -> 0.2149  accuracy: 95.83% -> 95.83%      
client [93] (testset)   loss: 1.1480 -> 1.1852  accuracy: 54.19% -> 47.10%      
client [31] (testset)   loss: 0.9571 -> 0.8649  accuracy: 65.71% -> 74.29%      
client [20] (testset)   loss: 1.4616 -> 1.2385  accuracy: 46.35% -> 63.54%      
client [59] (testset)   loss: 2.2569 -> 1.3209  accuracy: 6.74% -> 49.74%       
client [48] (testset)   loss: 2.0831 -> 2.1431  accuracy: 24.24% -> 27.27%      
client [34] (testset)   loss: 1.5540 -> 1.5099  accuracy: 31.82% -> 36.36%      
---------------------------- TRAINING EPOCH: 20 ----------------------------    
client [69] (testset)   loss: 1.3592 -> 1.1958  accuracy: 49.01% -> 57.62%      
client [99] (testset)   loss: 1.4608 -> 0.5477  accuracy: 25.24% -> 84.76%      
client [67] (testset)   loss: 0.9113 -> 0.6357  accuracy: 72.73% -> 73.91%      
client [0]  (testset)   loss: 1.0298 -> 0.7530  accuracy: 58.33% -> 72.37%      
client [76] (testset)   loss: 0.0910 -> 0.0771  accuracy: 99.36% -> 99.36%      
client [41] (testset)   loss: 1.3805 -> 0.7869  accuracy: 48.88% -> 72.54%      
client [62] (testset)   loss: 2.2886 -> 1.2767  accuracy: 9.61% -> 52.18%       
client [2]  (testset)   loss: 2.2193 -> 0.1462  accuracy: 17.44% -> 96.25%      
client [14] (testset)   loss: 0.5834 -> 0.5767  accuracy: 89.88% -> 89.88%      
client [46] (testset)   loss: 1.5935 -> 1.4981  accuracy: 52.63% -> 55.26%      
---------------------------- TRAINING EPOCH: 30 ----------------------------    
client [24] (testset)   loss: 0.6126 -> 0.5222  accuracy: 82.30% -> 83.54%      
client [68] (testset)   loss: 0.1953 -> 0.2341  accuracy: 95.83% -> 95.83%      
client [57] (testset)   loss: 0.5944 -> 0.3583  accuracy: 79.05% -> 88.51%      
client [17] (testset)   loss: 0.1921 -> 0.2630  accuracy: 96.06% -> 95.28%      
client [54] (testset)   loss: 0.8087 -> 0.5069  accuracy: 75.26% -> 89.69%      
client [23] (testset)   loss: 2.4290 -> 0.6600  accuracy: 0.00% -> 85.05%       
client [35] (testset)   loss: 0.1985 -> 0.2797  accuracy: 95.14% -> 93.53%      
client [59] (testset)   loss: 0.8382 -> 0.8643  accuracy: 66.06% -> 65.80%      
client [31] (testset)   loss: 0.9452 -> 0.8264  accuracy: 42.86% -> 65.71%      
client [9]  (testset)   loss: 1.2720 -> 1.1957  accuracy: 40.43% -> 52.48%      
---------------------------- TRAINING EPOCH: 40 ----------------------------    
client [64] (testset)   loss: 0.9510 -> 0.8772  accuracy: 69.63% -> 68.15%      
client [33] (testset)   loss: 0.2570 -> 0.2590  accuracy: 94.15% -> 94.77%      
client [16] (testset)   loss: 0.6734 -> 0.7660  accuracy: 72.84% -> 67.90%      
client [44] (testset)   loss: 1.7985 -> 1.2350  accuracy: 42.27% -> 47.42%      
client [8]  (testset)   loss: 0.7688 -> 0.7902  accuracy: 81.25% -> 81.25%      
client [31] (testset)   loss: 1.0580 -> 0.6457  accuracy: 34.29% -> 71.43%      
client [47] (testset)   loss: 0.2109 -> 0.2019  accuracy: 93.11% -> 93.64%      
client [36] (testset)   loss: 1.6281 -> 1.1249  accuracy: 50.00% -> 40.00%      
client [20] (testset)   loss: 1.0204 -> 0.7710  accuracy: 64.06% -> 77.08%      
client [56] (testset)   loss: 0.4273 -> 0.3982  accuracy: 86.39% -> 89.00%      
---------------------------- TRAINING EPOCH: 50 ----------------------------    
client [4]  (testset)   loss: 0.0037 -> 0.0034  accuracy: 100.00% -> 100.00%    
client [60] (testset)   loss: 0.0049 -> 0.0019  accuracy: 100.00% -> 100.00%    
client [28] (testset)   loss: 0.2535 -> 0.2613  accuracy: 92.92% -> 94.34%      
client [25] (testset)   loss: 0.7955 -> 0.7909  accuracy: 87.50% -> 87.50%      
client [58] (testset)   loss: 0.5526 -> 0.4703  accuracy: 82.76% -> 88.89%      
client [44] (testset)   loss: 1.2351 -> 1.1355  accuracy: 47.42% -> 53.61%      
client [39] (testset)   loss: 0.8329 -> 0.7986  accuracy: 53.66% -> 63.41%      
client [29] (testset)   loss: 0.5788 -> 0.5936  accuracy: 83.14% -> 84.80%      
client [3]  (testset)   loss: 0.3750 -> 0.2719  accuracy: 87.15% -> 91.57%      
client [84] (testset)   loss: 1.0063 -> 0.9096  accuracy: 74.21% -> 75.11%      
---------------------------- TRAINING EPOCH: 60 ----------------------------    
client [21] (testset)   loss: 1.3052 -> 1.2792  accuracy: 55.56% -> 52.78%      
client [84] (testset)   loss: 0.9741 -> 0.9078  accuracy: 72.85% -> 76.92%      
client [10] (testset)   loss: 0.2594 -> 0.2597  accuracy: 91.63% -> 91.84%      
client [36] (testset)   loss: 1.1311 -> 1.1916  accuracy: 40.00% -> 50.00%      
client [65] (testset)   loss: 0.0775 -> 0.0809  accuracy: 97.60% -> 97.60%      
client [81] (testset)   loss: 0.7344 -> 0.7249  accuracy: 83.87% -> 83.87%      
client [79] (testset)   loss: 0.1651 -> 0.3052  accuracy: 95.75% -> 92.01%      
client [42] (testset)   loss: 0.5291 -> 0.6047  accuracy: 83.09% -> 80.15%      
client [11] (testset)   loss: 1.1662 -> 0.9984  accuracy: 63.64% -> 70.13%      
client [96] (testset)   loss: 0.2589 -> 0.2466  accuracy: 94.64% -> 94.64%      
---------------------------- TRAINING EPOCH: 70 ----------------------------    
client [8]  (testset)   loss: 1.0444 -> 0.7227  accuracy: 81.25% -> 87.50%      
client [53] (testset)   loss: 0.3263 -> 0.2418  accuracy: 92.58% -> 94.76%      
client [52] (testset)   loss: 0.1428 -> 0.1445  accuracy: 95.19% -> 95.54%      
client [42] (testset)   loss: 0.5428 -> 0.5120  accuracy: 83.82% -> 85.29%      
client [69] (testset)   loss: 1.0466 -> 0.8705  accuracy: 64.24% -> 74.83%      
client [59] (testset)   loss: 0.4592 -> 0.4758  accuracy: 83.16% -> 86.01%      
client [7]  (testset)   loss: 0.2000 -> 0.1877  accuracy: 93.14% -> 92.78%      
client [26] (testset)   loss: 0.3437 -> 0.4100  accuracy: 93.63% -> 93.63%      
client [49] (testset)   loss: 0.5675 -> 0.5380  accuracy: 83.78% -> 85.95%      
client [98] (testset)   loss: 1.0600 -> 0.7742  accuracy: 82.94% -> 82.94%      
---------------------------- TRAINING EPOCH: 80 ----------------------------    
client [98] (testset)   loss: 0.7736 -> 0.8061  accuracy: 82.94% -> 83.33%      
client [47] (testset)   loss: 0.1985 -> 0.2219  accuracy: 93.77% -> 94.17%      
client [21] (testset)   loss: 1.4282 -> 1.2575  accuracy: 36.11% -> 58.33%      
client [77] (testset)   loss: 0.7115 -> 0.7507  accuracy: 84.75% -> 84.50%      
client [95] (testset)   loss: 0.5111 -> 0.5230  accuracy: 79.79% -> 80.85%      
client [91] (testset)   loss: 0.8065 -> 0.7094  accuracy: 76.43% -> 80.89%      
client [14] (testset)   loss: 0.6279 -> 0.5558  accuracy: 89.88% -> 89.88%      
client [99] (testset)   loss: 0.4119 -> 0.4003  accuracy: 90.24% -> 87.86%      
client [20] (testset)   loss: 0.6979 -> 0.8106  accuracy: 79.17% -> 81.25%      
client [39] (testset)   loss: 0.7449 -> 0.6999  accuracy: 63.41% -> 65.85%      
---------------------------- TRAINING EPOCH: 90 ----------------------------    
client [52] (testset)   loss: 0.1447 -> 0.1656  accuracy: 95.54% -> 95.19%      
client [62] (testset)   loss: 0.6065 -> 0.6296  accuracy: 86.46% -> 87.12%      
client [71] (testset)   loss: 0.6193 -> 0.4853  accuracy: 84.15% -> 89.07%      
client [97] (testset)   loss: 0.4293 -> 0.2261  accuracy: 85.35% -> 94.48%      
client [30] (testset)   loss: 0.1641 -> 0.1549  accuracy: 96.83% -> 96.83%      
client [88] (testset)   loss: 0.2206 -> 0.2213  accuracy: 95.08% -> 95.08%      
client [60] (testset)   loss: 0.0003 -> 0.0003  accuracy: 100.00% -> 100.00%    
client [82] (testset)   loss: 1.1874 -> 1.4277  accuracy: 52.63% -> 47.37%      
client [91] (testset)   loss: 0.6791 -> 0.7158  accuracy: 80.89% -> 81.53%      
client [57] (testset)   loss: 0.3550 -> 0.4054  accuracy: 89.19% -> 86.49%      
---------------------------- TRAINING EPOCH: 100 ----------------------------   
client [31] (testset)   loss: 0.5495 -> 0.5004  accuracy: 80.00% -> 82.86%      
client [15] (testset)   loss: 0.4085 -> 0.4439  accuracy: 90.62% -> 91.88%      
client [71] (testset)   loss: 0.4835 -> 1.0837  accuracy: 89.07% -> 69.40%      
client [97] (testset)   loss: 0.2326 -> 0.2814  accuracy: 95.54% -> 92.36%      
client [53] (testset)   loss: 0.2332 -> 0.3189  accuracy: 94.76% -> 95.20%      
client [77] (testset)   loss: 0.7494 -> 0.7749  accuracy: 84.50% -> 84.99%      
client [76] (testset)   loss: 0.0590 -> 0.0568  accuracy: 99.36% -> 99.36%      
client [79] (testset)   loss: 0.1634 -> 0.1699  accuracy: 95.75% -> 95.58%      
client [28] (testset)   loss: 0.3461 -> 0.3479  accuracy: 93.40% -> 94.81%      
client [99] (testset)   loss: 0.3913 -> 0.5069  accuracy: 89.05% -> 89.52%      
---------------------------- TRAINING EPOCH: 110 ----------------------------   
client [97] (testset)   loss: 0.2617 -> 0.2572  accuracy: 93.63% -> 94.69%      
client [86] (testset)   loss: 0.4067 -> 0.3270  accuracy: 89.25% -> 90.32%      
client [34] (testset)   loss: 1.7311 -> 1.8375  accuracy: 36.36% -> 36.36%      
client [73] (testset)   loss: 0.0416 -> 0.0402  accuracy: 99.57% -> 99.57%      
client [5]  (testset)   loss: 0.8066 -> 0.7508  accuracy: 81.25% -> 81.25%      
client [96] (testset)   loss: 0.2190 -> 0.2326  accuracy: 94.64% -> 94.64%      
client [22] (testset)   loss: 1.5701 -> 1.6363  accuracy: 46.88% -> 46.88%      
client [60] (testset)   loss: 0.0002 -> 0.0001  accuracy: 100.00% -> 100.00%    
client [66] (testset)   loss: 0.5236 -> 0.4955  accuracy: 82.22% -> 82.96%      
client [83] (testset)   loss: 1.8224 -> 1.5375  accuracy: 30.77% -> 7.69%       
---------------------------- TRAINING EPOCH: 120 ----------------------------   
client [76] (testset)   loss: 0.0424 -> 0.0433  accuracy: 99.36% -> 99.36%      
client [65] (testset)   loss: 0.0740 -> 0.0788  accuracy: 98.00% -> 98.13%      
client [95] (testset)   loss: 0.5205 -> 0.5732  accuracy: 86.17% -> 86.17%      
client [17] (testset)   loss: 0.1512 -> 0.1438  accuracy: 96.06% -> 96.06%      
client [8]  (testset)   loss: 0.6959 -> 0.7205  accuracy: 81.25% -> 75.00%      
client [35] (testset)   loss: 0.3191 -> 0.2827  accuracy: 94.78% -> 95.14%      
client [98] (testset)   loss: 0.8753 -> 1.1181  accuracy: 82.94% -> 83.73%      
client [53] (testset)   loss: 0.2710 -> 0.3192  accuracy: 94.32% -> 94.76%      
client [43] (testset)   loss: 0.5258 -> 0.4680  accuracy: 89.18% -> 89.93%      
client [64] (testset)   loss: 0.5615 -> 0.5785  accuracy: 83.70% -> 84.44%      
---------------------------- TRAINING EPOCH: 130 ----------------------------   
client [21] (testset)   loss: 1.2961 -> 1.6601  accuracy: 41.67% -> 36.11%      
client [88] (testset)   loss: 0.2191 -> 0.2396  accuracy: 95.74% -> 92.46%      
client [38] (testset)   loss: 0.3194 -> 0.3713  accuracy: 94.22% -> 94.97%      
client [3]  (testset)   loss: 0.2596 -> 0.2954  accuracy: 92.77% -> 91.57%      
client [5]  (testset)   loss: 0.6385 -> 0.8710  accuracy: 78.12% -> 81.25%      
client [41] (testset)   loss: 0.7702 -> 0.7928  accuracy: 86.15% -> 86.63%      
client [7]  (testset)   loss: 0.1938 -> 0.1884  accuracy: 92.78% -> 92.78%      
client [37] (testset)   loss: 0.0940 -> 0.0869  accuracy: 98.58% -> 98.58%      
client [45] (testset)   loss: 0.3839 -> 0.3619  accuracy: 93.75% -> 93.75%      
client [47] (testset)   loss: 0.2470 -> 0.2711  accuracy: 94.30% -> 94.17%      
---------------------------- TRAINING EPOCH: 140 ----------------------------   
client [16] (testset)   loss: 0.3314 -> 0.2947  accuracy: 91.36% -> 95.06%      
client [11] (testset)   loss: 0.7689 -> 0.9081  accuracy: 79.22% -> 79.22%      
client [37] (testset)   loss: 0.0886 -> 0.0833  accuracy: 98.58% -> 98.58%      
client [41] (testset)   loss: 0.7920 -> 0.8164  accuracy: 86.63% -> 86.15%      
client [95] (testset)   loss: 0.6075 -> 0.6316  accuracy: 86.17% -> 86.17%      
client [53] (testset)   loss: 0.3185 -> 0.3035  accuracy: 94.76% -> 94.76%      
client [22] (testset)   loss: 1.5822 -> 1.6456  accuracy: 50.00% -> 50.00%      
client [25] (testset)   loss: 0.9156 -> 0.8868  accuracy: 87.50% -> 87.50%      
client [69] (testset)   loss: 0.9496 -> 0.9443  accuracy: 73.51% -> 75.50%      
client [46] (testset)   loss: 1.5744 -> 1.5878  accuracy: 57.89% -> 65.79%      
---------------------------- TRAINING EPOCH: 150 ----------------------------   
client [47] (testset)   loss: 0.3064 -> 0.3101  accuracy: 94.17% -> 94.44%      
client [69] (testset)   loss: 0.9722 -> 1.0082  accuracy: 72.85% -> 76.82%      
client [82] (testset)   loss: 1.1783 -> 1.2853  accuracy: 57.89% -> 42.11%      
client [45] (testset)   loss: 0.3959 -> 0.3595  accuracy: 93.75% -> 93.75%      
client [7]  (testset)   loss: 0.1884 -> 0.1952  accuracy: 92.78% -> 92.06%      
client [50] (testset)   loss: 0.8117 -> 0.8649  accuracy: 73.81% -> 73.81%      
client [35] (testset)   loss: 0.2905 -> 0.3048  accuracy: 95.14% -> 95.14%      
client [24] (testset)   loss: 0.4724 -> 0.4543  accuracy: 90.37% -> 89.13%      
client [15] (testset)   loss: 0.5202 -> 0.5387  accuracy: 91.74% -> 91.74%      
client [58] (testset)   loss: 0.7817 -> 0.7872  accuracy: 87.74% -> 87.36%      
---------------------------- TRAINING EPOCH: 160 ----------------------------   
client [48] (testset)   loss: 2.4960 -> 3.0081  accuracy: 33.33% -> 42.42%      
client [76] (testset)   loss: 0.0317 -> 0.0462  accuracy: 99.36% -> 99.36%      
client [67] (testset)   loss: 0.3115 -> 0.2902  accuracy: 90.12% -> 91.70%      
client [37] (testset)   loss: 0.0901 -> 0.0866  accuracy: 98.58% -> 98.58%      
client [58] (testset)   loss: 0.8174 -> 0.8239  accuracy: 87.36% -> 87.74%      
client [64] (testset)   loss: 0.5898 -> 0.6031  accuracy: 81.48% -> 84.44%      
client [77] (testset)   loss: 0.9115 -> 0.9129  accuracy: 83.78% -> 83.78%      
client [55] (testset)   loss: 0.7419 -> 0.7734  accuracy: 87.76% -> 88.01%      
client [12] (testset)   loss: 0.1828 -> 0.1600  accuracy: 100.00% -> 100.00%    
client [89] (testset)   loss: 0.5424 -> 0.3761  accuracy: 88.24% -> 87.75%      
---------------------------- TRAINING EPOCH: 170 ----------------------------   
client [84] (testset)   loss: 1.4235 -> 1.4286  accuracy: 76.47% -> 76.47%      
client [51] (testset)   loss: 0.4317 -> 0.4365  accuracy: 90.49% -> 90.11%      
client [8]  (testset)   loss: 1.5422 -> 0.7555  accuracy: 37.50% -> 81.25%      
client [18] (testset)   loss: 0.3848 -> 0.4111  accuracy: 89.92% -> 88.76%      
client [94] (testset)   loss: 0.3576 -> 0.3625  accuracy: 94.17% -> 94.17%      
client [81] (testset)   loss: 0.6900 -> 0.7119  accuracy: 80.65% -> 80.65%      
client [3]  (testset)   loss: 0.2892 -> 0.2852  accuracy: 93.57% -> 93.57%      
client [11] (testset)   loss: 0.9686 -> 0.8641  accuracy: 79.22% -> 76.62%      
client [95] (testset)   loss: 0.7195 -> 0.7215  accuracy: 87.23% -> 87.23%      
client [67] (testset)   loss: 0.2904 -> 0.2954  accuracy: 91.70% -> 90.91%      
---------------------------- TRAINING EPOCH: 180 ----------------------------   
client [21] (testset)   loss: 1.1490 -> 1.2891  accuracy: 63.89% -> 52.78%      
client [79] (testset)   loss: 0.2470 -> 0.2522  accuracy: 95.92% -> 95.75%      
client [58] (testset)   loss: 0.8416 -> 0.8532  accuracy: 87.74% -> 87.74%      
client [88] (testset)   loss: 0.2484 -> 0.2397  accuracy: 93.11% -> 95.08%      
client [46] (testset)   loss: 1.6960 -> 1.7319  accuracy: 68.42% -> 71.05%      
client [11] (testset)   loss: 0.8649 -> 1.0192  accuracy: 76.62% -> 80.52%      
client [55] (testset)   loss: 0.8988 -> 0.9215  accuracy: 88.27% -> 88.27%      
client [13] (testset)   loss: 0.5574 -> 0.5744  accuracy: 89.50% -> 90.00%      
client [31] (testset)   loss: 0.5793 -> 0.6484  accuracy: 77.14% -> 77.14%      
client [75] (testset)   loss: 0.5842 -> 0.6024  accuracy: 83.33% -> 83.33%      
---------------------------- TRAINING EPOCH: 190 ----------------------------   
client [19] (testset)   loss: 0.6376 -> 0.6391  accuracy: 83.11% -> 84.02%      
client [7]  (testset)   loss: 0.2591 -> 0.2628  accuracy: 93.50% -> 93.50%      
client [57] (testset)   loss: 0.5236 -> 0.5333  accuracy: 89.41% -> 89.41%      
client [13] (testset)   loss: 0.5833 -> 0.6159  accuracy: 90.00% -> 90.50%      
client [43] (testset)   loss: 0.5560 -> 0.5944  accuracy: 87.69% -> 89.93%      
client [91] (testset)   loss: 0.8426 -> 0.8535  accuracy: 80.89% -> 80.89%      
client [10] (testset)   loss: 0.3625 -> 0.3625  accuracy: 91.63% -> 91.63%      
client [64] (testset)   loss: 0.6741 -> 0.6841  accuracy: 84.44% -> 84.44%      
client [82] (testset)   loss: 1.4063 -> 1.4687  accuracy: 57.89% -> 57.89%      
client [22] (testset)   loss: 2.0275 -> 1.8125  accuracy: 50.00% -> 46.88%      
---------------------------- TRAINING EPOCH: 200 ----------------------------   
client [20] (testset)   loss: 1.0301 -> 1.0381  accuracy: 80.73% -> 79.69%      
client [23] (testset)   loss: 0.3867 -> 0.3867  accuracy: 91.59% -> 93.46%      
client [88] (testset)   loss: 0.2388 -> 0.2405  accuracy: 95.08% -> 95.41%      
client [98] (testset)   loss: 1.1201 -> 1.1657  accuracy: 83.33% -> 83.33%      
client [79] (testset)   loss: 0.2679 -> 0.2710  accuracy: 95.92% -> 95.92%      
client [21] (testset)   loss: 1.1327 -> 1.0791  accuracy: 72.22% -> 63.89%      
client [92] (testset)   loss: 0.6596 -> 0.7003  accuracy: 85.64% -> 86.19%      
client [56] (testset)   loss: 0.5964 -> 0.6042  accuracy: 89.68% -> 89.80%      
client [5]  (testset)   loss: 0.7194 -> 0.7358  accuracy: 84.38% -> 81.25%      
client [52] (testset)   loss: 0.2015 -> 0.2066  accuracy: 95.19% -> 95.19%      
---------------------------- TRAINING EPOCH: 210 ----------------------------   
client [67] (testset)   loss: 0.3746 -> 0.3837  accuracy: 91.30% -> 90.12%      
client [54] (testset)   loss: 0.7725 -> 0.7540  accuracy: 89.69% -> 89.69%      
client [14] (testset)   loss: 0.6077 -> 0.6127  accuracy: 91.67% -> 91.07%      
client [99] (testset)   loss: 0.5860 -> 0.5770  accuracy: 90.24% -> 90.00%      
client [36] (testset)   loss: 2.0568 -> 1.5701  accuracy: 40.00% -> 40.00%      
client [30] (testset)   loss: 0.1255 -> 0.1228  accuracy: 96.83% -> 96.83%      
client [38] (testset)   loss: 0.4255 -> 0.4294  accuracy: 94.72% -> 94.72%      
client [15] (testset)   loss: 0.5729 -> 0.5849  accuracy: 91.46% -> 91.60%      
client [6]  (testset)   loss: 0.6126 -> 0.6260  accuracy: 88.45% -> 88.45%      
client [53] (testset)   loss: 0.4093 -> 0.4319  accuracy: 94.32% -> 94.76%      
---------------------------- TRAINING EPOCH: 220 ----------------------------   
client [99] (testset)   loss: 0.6032 -> 0.6077  accuracy: 89.76% -> 90.71%      
client [6]  (testset)   loss: 0.6253 -> 0.6151  accuracy: 88.45% -> 88.45%      
client [83] (testset)   loss: 1.4871 -> 1.4749  accuracy: 46.15% -> 46.15%      
client [42] (testset)   loss: 0.7090 -> 0.7092  accuracy: 84.56% -> 85.29%      
client [34] (testset)   loss: 1.3497 -> 1.4699  accuracy: 54.55% -> 54.55%      
client [15] (testset)   loss: 0.5843 -> 0.5936  accuracy: 91.60% -> 91.60%      
client [47] (testset)   loss: 0.3751 -> 0.3765  accuracy: 93.91% -> 93.91%      
client [55] (testset)   loss: 0.9363 -> 0.9542  accuracy: 88.52% -> 88.52%      
client [51] (testset)   loss: 0.4552 -> 0.4785  accuracy: 90.49% -> 90.87%      
client [95] (testset)   loss: 0.7593 -> 0.7742  accuracy: 87.23% -> 87.23%      
---------------------------- TRAINING EPOCH: 230 ----------------------------   
client [71] (testset)   loss: 0.6480 -> 0.6649  accuracy: 90.16% -> 90.71%      
client [15] (testset)   loss: 0.5934 -> 0.5996  accuracy: 91.60% -> 91.60%      
client [33] (testset)   loss: 0.4167 -> 0.4267  accuracy: 92.92% -> 92.62%      
client [99] (testset)   loss: 0.6105 -> 0.6159  accuracy: 90.00% -> 90.00%      
client [90] (testset)   loss: 0.8780 -> 1.1029  accuracy: 80.25% -> 76.54%      
client [57] (testset)   loss: 0.5969 -> 0.6059  accuracy: 88.29% -> 88.29%      
client [27] (testset)   loss: 0.9166 -> 0.9259  accuracy: 82.00% -> 82.00%      
client [78] (testset)   loss: 1.2291 -> 1.2822  accuracy: 78.63% -> 77.78%      
client [36] (testset)   loss: 2.0124 -> 1.6245  accuracy: 40.00% -> 40.00%      
client [88] (testset)   loss: 0.2591 -> 0.2630  accuracy: 95.41% -> 95.41%      
---------------------------- TRAINING EPOCH: 240 ----------------------------   
client [70] (testset)   loss: 0.6925 -> 0.6910  accuracy: 90.45% -> 90.62%      
client [35] (testset)   loss: 0.3313 -> 0.3372  accuracy: 95.14% -> 95.14%      
client [16] (testset)   loss: 0.3272 -> 0.3261  accuracy: 95.06% -> 95.06%      
client [80] (testset)   loss: 0.9592 -> 0.9746  accuracy: 75.36% -> 75.36%      
client [38] (testset)   loss: 0.4637 -> 0.4731  accuracy: 94.47% -> 94.47%      
client [78] (testset)   loss: 1.4320 -> 1.3705  accuracy: 77.78% -> 78.63%      
client [68] (testset)   loss: 0.2032 -> 0.2021  accuracy: 95.83% -> 95.83%      
client [11] (testset)   loss: 0.9958 -> 0.9793  accuracy: 80.52% -> 77.92%      
client [64] (testset)   loss: 0.7253 -> 0.7486  accuracy: 83.70% -> 83.70%      
client [82] (testset)   loss: 1.6993 -> 1.7327  accuracy: 57.89% -> 57.89%      
---------------------------- TRAINING EPOCH: 250 ----------------------------   
client [30] (testset)   loss: 0.1262 -> 0.1249  accuracy: 96.83% -> 96.83%      
client [27] (testset)   loss: 0.9262 -> 0.9156  accuracy: 82.00% -> 82.00%      
client [74] (testset)   loss: 1.1821 -> 1.2121  accuracy: 77.48% -> 78.15%      
client [45] (testset)   loss: 0.3966 -> 0.4240  accuracy: 94.79% -> 94.79%      
client [6]  (testset)   loss: 0.6588 -> 0.6566  accuracy: 88.45% -> 88.45%      
client [36] (testset)   loss: 2.0732 -> 1.6456  accuracy: 40.00% -> 40.00%      
client [63] (testset)   loss: 0.9123 -> 0.9624  accuracy: 81.82% -> 81.82%      
client [76] (testset)   loss: 0.0119 -> 0.0184  accuracy: 99.36% -> 100.00%     
client [83] (testset)   loss: 1.6814 -> 1.6432  accuracy: 53.85% -> 38.46%      
client [86] (testset)   loss: 0.4999 -> 0.4854  accuracy: 91.94% -> 90.86%      
---------------------------- TRAINING EPOCH: 260 ----------------------------   
client [83] (testset)   loss: 1.6371 -> 1.7453  accuracy: 38.46% -> 46.15%      
client [99] (testset)   loss: 0.6277 -> 0.6493  accuracy: 90.48% -> 90.71%      
client [74] (testset)   loss: 1.2338 -> 1.2753  accuracy: 78.81% -> 78.81%      
client [73] (testset)   loss: 0.0450 -> 0.0467  accuracy: 99.57% -> 99.57%      
client [29] (testset)   loss: 1.0938 -> 1.0935  accuracy: 85.75% -> 85.99%      
client [92] (testset)   loss: 0.7362 -> 0.7476  accuracy: 85.64% -> 85.64%      
client [6]  (testset)   loss: 0.6578 -> 0.6699  accuracy: 88.45% -> 88.45%      
client [61] (testset)   loss: 0.8386 -> 0.8371  accuracy: 83.53% -> 83.94%      
client [21] (testset)   loss: 1.1215 -> 1.3617  accuracy: 66.67% -> 55.56%      
client [67] (testset)   loss: 0.3960 -> 0.3992  accuracy: 90.51% -> 90.91%      
---------------------------- TRAINING EPOCH: 270 ----------------------------   
client [83] (testset)   loss: 1.7381 -> 1.7466  accuracy: 46.15% -> 46.15%      
client [32] (testset)   loss: 1.2644 -> 1.3735  accuracy: 74.82% -> 75.54%      
client [95] (testset)   loss: 0.7824 -> 0.7848  accuracy: 86.17% -> 87.23%      
client [61] (testset)   loss: 0.8948 -> 0.9002  accuracy: 84.34% -> 84.34%      
client [27] (testset)   loss: 0.9160 -> 0.9341  accuracy: 81.50% -> 82.00%      
client [25] (testset)   loss: 1.0285 -> 1.0407  accuracy: 87.50% -> 87.50%      
client [68] (testset)   loss: 0.1829 -> 0.1881  accuracy: 95.83% -> 95.83%      
client [34] (testset)   loss: 1.6632 -> 1.6965  accuracy: 50.00% -> 54.55%      
client [71] (testset)   loss: 0.7323 -> 0.7344  accuracy: 90.71% -> 90.16%      
client [89] (testset)   loss: 0.5407 -> 0.5354  accuracy: 89.22% -> 89.22%      
---------------------------- TRAINING EPOCH: 280 ----------------------------   
client [78] (testset)   loss: 1.7393 -> 1.7998  accuracy: 78.63% -> 78.63%      
client [81] (testset)   loss: 0.7846 -> 0.7765  accuracy: 80.65% -> 80.65%      
client [51] (testset)   loss: 0.5157 -> 0.5125  accuracy: 90.49% -> 90.49%      
client [54] (testset)   loss: 0.8537 -> 0.8040  accuracy: 89.69% -> 89.69%      
client [65] (testset)   loss: 0.1095 -> 0.1091  accuracy: 97.73% -> 97.73%      
client [41] (testset)   loss: 1.0029 -> 1.0047  accuracy: 86.15% -> 86.39%      
client [11] (testset)   loss: 1.0675 -> 1.0186  accuracy: 77.92% -> 79.22%      
client [85] (testset)   loss: 2.1671 -> 2.2945  accuracy: 37.50% -> 37.50%      
client [12] (testset)   loss: 0.0384 -> 0.0175  accuracy: 100.00% -> 100.00%    
client [23] (testset)   loss: 0.5633 -> 0.5066  accuracy: 89.72% -> 93.46%      
---------------------------- TRAINING EPOCH: 290 ----------------------------   
client [16] (testset)   loss: 0.3374 -> 0.3399  accuracy: 93.83% -> 95.06%      
client [65] (testset)   loss: 0.1128 -> 0.1112  accuracy: 97.73% -> 97.73%      
client [53] (testset)   loss: 0.4550 -> 0.4599  accuracy: 94.32% -> 94.76%      
client [58] (testset)   loss: 0.9320 -> 0.9293  accuracy: 87.74% -> 87.74%      
client [72] (testset)   loss: 0.8611 -> 0.8683  accuracy: 88.49% -> 88.66%      
client [7]  (testset)   loss: 0.3004 -> 0.3196  accuracy: 93.50% -> 93.50%      
client [71] (testset)   loss: 0.7348 -> 0.7454  accuracy: 90.16% -> 90.71%      
client [59] (testset)   loss: 0.7724 -> 0.7724  accuracy: 83.94% -> 83.68%      
client [86] (testset)   loss: 0.5220 -> 0.5290  accuracy: 91.40% -> 91.40%      
client [39] (testset)   loss: 0.8005 -> 0.7585  accuracy: 70.73% -> 75.61%      
---------------------------- TRAINING EPOCH: 300 ----------------------------   
client [99] (testset)   loss: 0.6495 -> 0.6486  accuracy: 90.71% -> 90.48%      
client [7]  (testset)   loss: 0.3097 -> 0.3150  accuracy: 93.86% -> 93.86%      
client [17] (testset)   loss: 0.2069 -> 0.2050  accuracy: 95.28% -> 95.28%      
client [64] (testset)   loss: 0.8064 -> 0.8122  accuracy: 84.44% -> 84.44%      
client [37] (testset)   loss: 0.1160 -> 0.1123  accuracy: 98.58% -> 98.58%      
client [29] (testset)   loss: 1.1388 -> 1.1563  accuracy: 85.99% -> 85.99%      
client [93] (testset)   loss: 1.0467 -> 1.0734  accuracy: 77.42% -> 76.13%      
client [73] (testset)   loss: 0.0536 -> 0.0540  accuracy: 99.57% -> 99.57%      
client [40] (testset)   loss: 2.8849 -> 2.9898  accuracy: 55.93% -> 55.93%      
client [76] (testset)   loss: 0.0090 -> 0.0078  accuracy: 99.36% -> 100.00%     
---------------------------- TRAINING EPOCH: 310 ----------------------------   
client [31] (testset)   loss: 0.6821 -> 0.7557  accuracy: 80.00% -> 82.86%      
client [89] (testset)   loss: 0.5821 -> 0.5088  accuracy: 88.24% -> 89.22%      
client [77] (testset)   loss: 1.1484 -> 1.1525  accuracy: 83.78% -> 83.05%      
client [90] (testset)   loss: 1.1459 -> 1.2740  accuracy: 80.25% -> 75.31%      
client [26] (testset)   loss: 0.4313 -> 0.4364  accuracy: 93.63% -> 93.63%      
client [50] (testset)   loss: 0.7204 -> 0.7426  accuracy: 71.43% -> 80.95%      
client [30] (testset)   loss: 0.1239 -> 0.1286  accuracy: 96.83% -> 96.83%      
client [70] (testset)   loss: 0.7193 -> 0.7136  accuracy: 90.45% -> 90.62%      
client [41] (testset)   loss: 1.0260 -> 1.0257  accuracy: 86.39% -> 86.27%      
client [99] (testset)   loss: 0.6461 -> 0.6408  accuracy: 90.48% -> 90.00%      
---------------------------- TRAINING EPOCH: 320 ----------------------------   
client [68] (testset)   loss: 0.2199 -> 0.2401  accuracy: 95.83% -> 95.83%      
client [70] (testset)   loss: 0.7201 -> 0.7232  accuracy: 90.10% -> 90.62%      
client [52] (testset)   loss: 0.2303 -> 0.2332  accuracy: 95.01% -> 95.01%      
client [1]  (testset)   loss: 0.1687 -> 0.1657  accuracy: 96.38% -> 96.10%      
client [2]  (testset)   loss: 0.0895 -> 0.0912  accuracy: 98.55% -> 98.55%      
client [67] (testset)   loss: 0.4379 -> 0.4374  accuracy: 90.51% -> 91.30%      
client [92] (testset)   loss: 0.8333 -> 0.8411  accuracy: 86.19% -> 86.19%      
client [35] (testset)   loss: 0.3452 -> 0.3562  accuracy: 95.14% -> 95.14%      
client [36] (testset)   loss: 2.2212 -> 1.9009  accuracy: 40.00% -> 40.00%      
client [64] (testset)   loss: 0.8205 -> 0.8302  accuracy: 84.44% -> 84.44%      
---------------------------- TRAINING EPOCH: 330 ----------------------------   
client [44] (testset)   loss: 0.9952 -> 1.0177  accuracy: 82.47% -> 82.47%      
client [6]  (testset)   loss: 0.7128 -> 0.7113  accuracy: 88.45% -> 88.45%      
client [12] (testset)   loss: 0.0093 -> 0.0133  accuracy: 100.00% -> 100.00%    
client [55] (testset)   loss: 1.0370 -> 1.0502  accuracy: 88.52% -> 88.27%      
client [29] (testset)   loss: 1.1750 -> 1.1931  accuracy: 85.99% -> 85.99%      
client [9]  (testset)   loss: 0.8951 -> 0.8986  accuracy: 80.14% -> 80.14%      
client [43] (testset)   loss: 0.6728 -> 0.6844  accuracy: 89.93% -> 89.93%      
client [77] (testset)   loss: 1.1523 -> 1.1554  accuracy: 83.05% -> 83.05%      
client [98] (testset)   loss: 1.4204 -> 1.4284  accuracy: 84.13% -> 84.13%      
client [78] (testset)   loss: 1.8664 -> 1.8910  accuracy: 78.63% -> 78.63%      
---------------------------- TRAINING EPOCH: 340 ----------------------------   
client [92] (testset)   loss: 0.8435 -> 0.8511  accuracy: 86.19% -> 86.19%      
client [80] (testset)   loss: 1.0664 -> 1.0964  accuracy: 73.91% -> 73.91%      
client [63] (testset)   loss: 1.0213 -> 1.1478  accuracy: 86.36% -> 81.82%      
client [76] (testset)   loss: 0.0083 -> 0.0077  accuracy: 99.36% -> 99.36%      
client [78] (testset)   loss: 1.8923 -> 1.8979  accuracy: 78.63% -> 78.63%      
client [25] (testset)   loss: 1.1407 -> 1.1312  accuracy: 87.50% -> 87.50%      
client [58] (testset)   loss: 0.9479 -> 0.9474  accuracy: 87.74% -> 87.74%      
client [13] (testset)   loss: 0.7165 -> 0.7089  accuracy: 90.00% -> 89.00%      
client [17] (testset)   loss: 0.2202 -> 0.2212  accuracy: 95.28% -> 95.28%      
client [38] (testset)   loss: 0.5891 -> 0.5922  accuracy: 94.97% -> 94.97%      
---------------------------- TRAINING EPOCH: 350 ----------------------------   
client [72] (testset)   loss: 0.9211 -> 0.9279  accuracy: 88.66% -> 88.32%      
client [82] (testset)   loss: 2.1152 -> 2.1397  accuracy: 57.89% -> 57.89%      
client [86] (testset)   loss: 0.5530 -> 0.5623  accuracy: 91.40% -> 91.40%      
client [51] (testset)   loss: 0.5393 -> 0.5437  accuracy: 90.49% -> 90.49%      
client [96] (testset)   loss: 0.2687 -> 0.2776  accuracy: 94.64% -> 94.64%      
client [42] (testset)   loss: 0.8244 -> 0.8120  accuracy: 83.82% -> 83.82%      
client [55] (testset)   loss: 1.0852 -> 1.0935  accuracy: 88.52% -> 88.27%      
client [13] (testset)   loss: 0.7276 -> 0.7326  accuracy: 90.00% -> 90.00%      
client [1]  (testset)   loss: 0.1757 -> 0.1714  accuracy: 96.10% -> 95.82%      
client [12] (testset)   loss: 0.0134 -> 0.0110  accuracy: 100.00% -> 100.00%    
---------------------------- TRAINING EPOCH: 360 ----------------------------   
client [68] (testset)   loss: 0.2431 -> 0.2504  accuracy: 95.83% -> 95.83%      
client [23] (testset)   loss: 0.5785 -> 0.6025  accuracy: 92.52% -> 91.59%      
client [46] (testset)   loss: 3.2143 -> 3.2007  accuracy: 71.05% -> 73.68%      
client [41] (testset)   loss: 1.0540 -> 1.0527  accuracy: 86.27% -> 86.27%      
client [25] (testset)   loss: 1.1940 -> 1.2567  accuracy: 87.50% -> 87.50%      
client [58] (testset)   loss: 0.9557 -> 0.9550  accuracy: 87.74% -> 87.74%      
client [14] (testset)   loss: 0.6952 -> 0.7137  accuracy: 91.67% -> 91.67%      
client [33] (testset)   loss: 0.4715 -> 0.4809  accuracy: 92.92% -> 92.62%      
client [85] (testset)   loss: 2.5974 -> 2.6191  accuracy: 37.50% -> 37.50%      
client [62] (testset)   loss: 0.8430 -> 0.8507  accuracy: 86.24% -> 86.24%      
---------------------------- TRAINING EPOCH: 370 ----------------------------   
client [98] (testset)   loss: 1.4659 -> 1.4618  accuracy: 84.13% -> 84.13%      
client [63] (testset)   loss: 1.1915 -> 1.0803  accuracy: 81.82% -> 81.82%      
client [70] (testset)   loss: 0.7371 -> 0.7366  accuracy: 90.62% -> 90.62%      
client [65] (testset)   loss: 0.1178 -> 0.1180  accuracy: 97.86% -> 97.73%      
client [14] (testset)   loss: 0.6985 -> 0.7053  accuracy: 91.67% -> 91.67%      
client [73] (testset)   loss: 0.0587 -> 0.0619  accuracy: 99.57% -> 99.57%      
client [34] (testset)   loss: 1.9795 -> 2.0263  accuracy: 54.55% -> 54.55%      
client [99] (testset)   loss: 0.6545 -> 0.6600  accuracy: 90.00% -> 90.00%      
client [69] (testset)   loss: 1.1708 -> 1.1763  accuracy: 76.16% -> 76.16%      
client [46] (testset)   loss: 3.1953 -> 3.2183  accuracy: 73.68% -> 73.68%      
---------------------------- TRAINING EPOCH: 380 ----------------------------   
client [99] (testset)   loss: 0.6654 -> 0.6779  accuracy: 90.00% -> 90.00%      
client [93] (testset)   loss: 1.1017 -> 1.1184  accuracy: 76.77% -> 76.13%      
client [11] (testset)   loss: 1.1435 -> 1.1515  accuracy: 79.22% -> 79.22%      
client [58] (testset)   loss: 0.9760 -> 0.9737  accuracy: 87.74% -> 87.74%      
client [81] (testset)   loss: 0.9324 -> 0.9226  accuracy: 80.65% -> 80.65%      
client [85] (testset)   loss: 2.6215 -> 2.6442  accuracy: 37.50% -> 37.50%      
client [89] (testset)   loss: 0.5632 -> 0.5890  accuracy: 88.73% -> 88.73%      
client [45] (testset)   loss: 0.3761 -> 0.4403  accuracy: 94.79% -> 94.79%      
client [8]  (testset)   loss: 0.8839 -> 0.9013  accuracy: 75.00% -> 81.25%      
client [68] (testset)   loss: 0.2626 -> 0.2669  accuracy: 95.83% -> 95.83%      
---------------------------- TRAINING EPOCH: 390 ----------------------------   
client [67] (testset)   loss: 0.4534 -> 0.4585  accuracy: 90.51% -> 90.51%      
client [72] (testset)   loss: 0.9447 -> 0.9509  accuracy: 88.49% -> 88.16%      
client [1]  (testset)   loss: 0.1797 -> 0.1813  accuracy: 96.10% -> 96.10%      
client [78] (testset)   loss: 2.0461 -> 2.0819  accuracy: 78.63% -> 78.63%      
client [83] (testset)   loss: 2.1535 -> 2.1662  accuracy: 46.15% -> 38.46%      
client [21] (testset)   loss: 1.3537 -> 1.4777  accuracy: 69.44% -> 69.44%      
client [56] (testset)   loss: 0.6801 -> 0.6807  accuracy: 90.02% -> 89.91%      
client [44] (testset)   loss: 1.1259 -> 1.0778  accuracy: 82.47% -> 82.47%      
client [92] (testset)   loss: 0.8531 -> 0.8638  accuracy: 86.19% -> 86.19%      
client [27] (testset)   loss: 1.0145 -> 1.0189  accuracy: 81.50% -> 82.00%      
---------------------------- TRAINING EPOCH: 400 ----------------------------   
client [10] (testset)   loss: 0.4367 -> 0.4389  accuracy: 91.42% -> 91.42%      
client [39] (testset)   loss: 0.8267 -> 0.8561  accuracy: 75.61% -> 75.61%      
client [65] (testset)   loss: 0.1216 -> 0.1234  accuracy: 97.73% -> 97.86%      
client [26] (testset)   loss: 0.4847 -> 0.4887  accuracy: 93.63% -> 92.99%      
client [19] (testset)   loss: 0.7594 -> 0.7626  accuracy: 83.56% -> 84.02%      
client [68] (testset)   loss: 0.2678 -> 0.2783  accuracy: 95.83% -> 95.83%      
client [41] (testset)   loss: 1.0671 -> 1.0730  accuracy: 86.39% -> 86.39%      
client [50] (testset)   loss: 0.8993 -> 0.9079  accuracy: 76.19% -> 76.19%      
client [75] (testset)   loss: 0.7710 -> 0.7805  accuracy: 82.64% -> 82.64%      
client [81] (testset)   loss: 0.9707 -> 0.9868  accuracy: 80.65% -> 80.65%      
Training... ━━━━━━━━━━━━━━━━━━━━━━━━━━━━━━━━━━━━━━━━ 100% 0:14:21
PSFL's average time taken by each global epoch: 0 min 2.13 sec.                 
PSFL's total running time: 0 h 14 m 21 s.                                       
==================== PSFL Experiment Results: ====================              
Display format: (before local fine-tuning) -> (after local fine-tuning)         
 So if finetune_epoch = 0, x.xx% -> 0.00% is normal.                            
 Centralized testing ONLY happens after model aggregation, so the stats between 
'->' are the same.                                                              
{                                                                               
    "100": {                                                                    
        "all_clients": {                                                        
            "test": {                                                           
                "loss": "0.4504 -> 0.0000",                                     
                "accuracy": "88.99% -> 0.00%"                                   
            }                                                                   
        }                                                                       
    },                                                                          
    "200": {                                                                    
        "all_clients": {                                                        
            "test": {                                                           
                "loss": "0.5500 -> 0.0000",                                     
                "accuracy": "89.99% -> 0.00%"                                   
            }                                                                   
        }                                                                       
    },                                                                          
    "300": {                                                                    
        "all_clients": {                                                        
            "test": {                                                           
                "loss": "0.6262 -> 0.0000",                                     
                "accuracy": "90.04% -> 0.00%"                                   
            }                                                                   
        }                                                                       
    },                                                                          
    "400": {                                                                    
        "all_clients": {                                                        
            "test": {                                                           
                "loss": "0.6750 -> 0.0000",                                     
                "accuracy": "90.00% -> 0.00%"                                   
            }                                                                   
        }                                                                       
    }                                                                           
}                                                                               
==================== PSFL Max Accuracy ====================                     
all_clients:                                                                    
(test) before fine-tuning: 90.04% at epoch 300                                  
(test) after fine-tuning: 0.00% at epoch 100                                    
