==================== PSFL ====================                                  
Experiment Arguments:                                                           
{
│   'method': 'psfl',
│   'dataset': {
│   │   'name': 'emnist',
│   │   'client_num': 100,
│   │   'test_ratio': 0.25,
│   │   'val_ratio': 0.0,
│   │   'seed': 42,
│   │   'split': 'sample',
│   │   'IID_ratio': 0.0,
│   │   'monitor_window_name_suffix': 'emnist-100clients-0%IID-Dir(0.1)-seed42',
│   │   'emnist_split': 'byclass',
│   │   'alpha': 0.1,
│   │   'min_samples_per_client': 10
│   },
│   'model': {
│   │   'name': 'avgcnn',
│   │   'use_torchvision_pretrained_weights': True,
│   │   'external_model_weights_path': None
│   },
│   'optimizer': {
│   │   'lr': 0.01,
│   │   'dampening': 0,
│   │   'weight_decay': 0,
│   │   'momentum': 0,
│   │   'nesterov': False,
│   │   'name': 'sgd'
│   },
│   'mode': 'sequential',
│   'parallel': {
│   │   'ray_cluster_addr': None,
│   │   'num_cpus': None,
│   │   'num_gpus': None,
│   │   'num_workers': 2
│   },
│   'common': {
│   │   'seed': 42,
│   │   'join_ratio': 0.1,
│   │   'global_epoch': 400,
│   │   'local_epoch': 5,
│   │   'batch_size': 32,
│   │   'reset_optimizer_on_global_epoch': True,
│   │   'straggler_ratio': 0,
│   │   'straggler_min_local_epoch': 0,
│   │   'buffers': 'global',
│   │   'client_side_evaluation': True,
│   │   'test': {
│   │   │   'client': {
│   │   │   │   'interval': 100,
│   │   │   │   'finetune_epoch': 0,
│   │   │   │   'train': False,
│   │   │   │   'val': False,
│   │   │   │   'test': True
│   │   │   },
│   │   │   'server': {
│   │   │   │   'interval': -1,
│   │   │   │   'train': False,
│   │   │   │   'val': False,
│   │   │   │   'test': False,
│   │   │   │   'model_in_train_mode': False
│   │   │   }
│   │   },
│   │   'verbose_gap': 10,
│   │   'monitor': None,
│   │   'use_cuda': True,
│   │   'save_log': True,
│   │   'save_model': False,
│   │   'save_learning_curve_plot': False,
│   │   'save_metrics': True,
│   │   'delete_useless_run': True
│   },
│   'psfl': {
│   │   'alpha': 0.0,
│   │   'CLS': False,
│   │   'ig_ratio': 0.5,
│   │   'track': False,
│   │   'score': 'obp'
│   }
}
---------------------------- TRAINING EPOCH: 10 ----------------------------    
client [77] (testset)   loss: 0.3209 -> 0.2685  accuracy: 91.77% -> 93.39%      
client [81] (testset)   loss: 0.3522 -> 0.3887  accuracy: 86.49% -> 84.22%      
client [21] (testset)   loss: 4.0604 -> 0.3537  accuracy: 2.51% -> 89.61%       
client [68] (testset)   loss: 0.5941 -> 0.4619  accuracy: 84.97% -> 87.62%      
client [93] (testset)   loss: 0.2671 -> 0.2037  accuracy: 91.54% -> 93.46%      
client [31] (testset)   loss: 0.3677 -> 0.2768  accuracy: 89.54% -> 91.28%      
client [20] (testset)   loss: 0.3153 -> 0.3466  accuracy: 90.47% -> 89.61%      
client [59] (testset)   loss: 4.0165 -> 0.7449  accuracy: 7.08% -> 81.26%       
client [48] (testset)   loss: 0.7606 -> 0.6172  accuracy: 70.74% -> 77.13%      
client [34] (testset)   loss: 0.4949 -> 0.3717  accuracy: 86.02% -> 89.25%      
---------------------------- TRAINING EPOCH: 20 ----------------------------    
client [69] (testset)   loss: 0.4344 -> 0.3837  accuracy: 87.06% -> 88.30%      
client [99] (testset)   loss: 0.2789 -> 0.2174  accuracy: 92.98% -> 94.48%      
client [67] (testset)   loss: 0.6934 -> 0.3885  accuracy: 79.60% -> 89.71%      
client [0]  (testset)   loss: 0.3225 -> 0.2542  accuracy: 90.26% -> 93.92%      
client [76] (testset)   loss: 0.3194 -> 0.2818  accuracy: 91.86% -> 92.23%      
client [41] (testset)   loss: 0.7918 -> 0.3703  accuracy: 71.47% -> 87.02%      
client [62] (testset)   loss: 4.1037 -> 0.3391  accuracy: 0.05% -> 91.04%       
client [2]  (testset)   loss: 4.1007 -> 0.3862  accuracy: 0.59% -> 89.35%       
client [14] (testset)   loss: 0.3160 -> 0.3936  accuracy: 91.18% -> 90.57%      
client [46] (testset)   loss: 0.1332 -> 0.1195  accuracy: 96.34% -> 96.99%      
---------------------------- TRAINING EPOCH: 30 ----------------------------    
client [24] (testset)   loss: 0.2360 -> 0.2146  accuracy: 93.27% -> 93.44%      
client [68] (testset)   loss: 0.3507 -> 0.3191  accuracy: 90.37% -> 92.38%      
client [57] (testset)   loss: 0.1936 -> 0.1661  accuracy: 95.06% -> 95.60%      
client [17] (testset)   loss: 0.3251 -> 0.3198  accuracy: 91.93% -> 91.03%      
client [54] (testset)   loss: 0.3262 -> 0.2870  accuracy: 91.42% -> 92.04%      
client [23] (testset)   loss: 4.0030 -> 0.4800  accuracy: 11.03% -> 81.78%      
client [35] (testset)   loss: 0.1295 -> 0.1261  accuracy: 96.59% -> 96.74%      
client [59] (testset)   loss: 0.4693 -> 0.2904  accuracy: 86.60% -> 90.41%      
client [31] (testset)   loss: 0.2277 -> 0.2384  accuracy: 93.44% -> 93.44%      
client [9]  (testset)   loss: 0.2671 -> 0.2302  accuracy: 92.24% -> 93.41%      
---------------------------- TRAINING EPOCH: 40 ----------------------------    
client [64] (testset)   loss: 0.6016 -> 0.5113  accuracy: 82.16% -> 87.10%      
client [33] (testset)   loss: 0.1482 -> 0.1497  accuracy: 96.86% -> 96.77%      
client [16] (testset)   loss: 0.3741 -> 0.3997  accuracy: 89.86% -> 90.19%      
client [44] (testset)   loss: 1.0845 -> 0.8325  accuracy: 65.43% -> 75.53%      
client [8]  (testset)   loss: 0.3243 -> 0.3381  accuracy: 90.84% -> 90.78%      
client [31] (testset)   loss: 0.2409 -> 0.2647  accuracy: 93.57% -> 91.70%      
client [47] (testset)   loss: 0.3071 -> 0.3082  accuracy: 90.60% -> 90.60%      
client [36] (testset)   loss: 0.3384 -> 0.2363  accuracy: 89.28% -> 93.06%      
client [20] (testset)   loss: 0.2879 -> 0.2794  accuracy: 92.86% -> 93.27%      
client [56] (testset)   loss: 0.1705 -> 13.6273 accuracy: 95.67% -> 19.66%      
---------------------------- TRAINING EPOCH: 50 ----------------------------    
client [4]  (testset)   loss: 0.3752 -> 0.4175  accuracy: 87.11% -> 86.63%      
client [60] (testset)   loss: 0.3067 -> 0.3465  accuracy: 90.97% -> 89.50%      
client [28] (testset)   loss: 0.1449 -> 0.1498  accuracy: 94.41% -> 93.89%      
client [25] (testset)   loss: 0.2621 -> 0.2029  accuracy: 92.97% -> 94.95%      
client [58] (testset)   loss: 0.1023 -> 0.1027  accuracy: 97.91% -> 97.93%      
client [44] (testset)   loss: 0.7102 -> 0.4097  accuracy: 80.53% -> 88.72%      
client [39] (testset)   loss: 0.2178 -> 0.2043  accuracy: 94.49% -> 95.16%      
client [29] (testset)   loss: 0.2541 -> 0.2406  accuracy: 92.32% -> 92.17%      
client [3]  (testset)   loss: 0.1328 -> 0.1988  accuracy: 96.17% -> 94.45%      
client [84] (testset)   loss: 0.2597 -> 0.2569  accuracy: 92.34% -> 92.48%      
---------------------------- TRAINING EPOCH: 60 ----------------------------    
client [21] (testset)   loss: 0.2391 -> 0.2309  accuracy: 92.81% -> 93.13%      
client [84] (testset)   loss: 0.2536 -> 0.2705  accuracy: 92.89% -> 92.75%      
client [10] (testset)   loss: 1.6821 -> 0.4530  accuracy: 67.27% -> 83.92%      
client [36] (testset)   loss: 0.1907 -> 0.1901  accuracy: 93.98% -> 94.44%      
client [65] (testset)   loss: 0.3873 -> 0.3625  accuracy: 88.35% -> 89.74%      
client [81] (testset)   loss: 0.3421 -> 0.3529  accuracy: 86.35% -> 87.60%      
client [79] (testset)   loss: 0.4360 -> 1.3873  accuracy: 88.42% -> 70.74%      
client [42] (testset)   loss: 0.2939 -> 0.3087  accuracy: 92.19% -> 92.31%      
client [11] (testset)   loss: 0.2630 -> 0.2727  accuracy: 94.14% -> 93.10%      
client [96] (testset)   loss: 0.2563 -> 0.2220  accuracy: 92.88% -> 95.04%      
---------------------------- TRAINING EPOCH: 70 ----------------------------    
client [8]  (testset)   loss: 0.3607 -> 0.3929  accuracy: 90.55% -> 90.14%      
client [53] (testset)   loss: 0.1884 -> 0.1925  accuracy: 95.62% -> 95.66%      
client [52] (testset)   loss: 0.4485 -> 0.5038  accuracy: 86.82% -> 84.58%      
client [42] (testset)   loss: 0.3122 -> 0.2994  accuracy: 91.76% -> 92.55%      
client [69] (testset)   loss: 0.3621 -> 0.3862  accuracy: 91.56% -> 91.34%      
client [59] (testset)   loss: 0.3186 -> 0.3527  accuracy: 89.05% -> 88.34%      
client [7]  (testset)   loss: 0.2639 -> 0.2731  accuracy: 93.54% -> 93.87%      
client [26] (testset)   loss: 0.2494 -> 0.2723  accuracy: 93.19% -> 93.28%      
client [49] (testset)   loss: 0.1265 -> 0.1270  accuracy: 96.70% -> 96.67%      
client [98] (testset)   loss: 0.1797 -> 0.1919  accuracy: 95.33% -> 95.03%      
---------------------------- TRAINING EPOCH: 80 ----------------------------    
client [98] (testset)   loss: 0.1876 -> 0.1896  accuracy: 95.23% -> 95.59%      
client [47] (testset)   loss: 0.2861 -> 0.2963  accuracy: 91.97% -> 92.14%      
client [21] (testset)   loss: 0.2123 -> 0.2173  accuracy: 94.37% -> 93.97%      
client [77] (testset)   loss: 0.2767 -> 0.2787  accuracy: 94.24% -> 94.43%      
client [95] (testset)   loss: 0.1858 -> 0.1927  accuracy: 95.27% -> 95.32%      
client [91] (testset)   loss: 0.1547 -> 0.1637  accuracy: 96.68% -> 96.63%      
client [14] (testset)   loss: 0.3097 -> 0.3229  accuracy: 91.84% -> 92.51%      
client [99] (testset)   loss: 0.2123 -> 0.2109  accuracy: 95.06% -> 95.29%      
client [20] (testset)   loss: 0.3000 -> 0.3282  accuracy: 92.72% -> 92.63%      
client [39] (testset)   loss: 0.2020 -> 0.2126  accuracy: 95.10% -> 95.10%      
---------------------------- TRAINING EPOCH: 90 ----------------------------    
client [52] (testset)   loss: 0.4916 -> 0.5904  accuracy: 84.80% -> 86.37%      
client [62] (testset)   loss: 0.3155 -> 0.3248  accuracy: 93.92% -> 93.78%      
client [71] (testset)   loss: 0.1203 -> 0.1261  accuracy: 97.08% -> 97.16%      
client [97] (testset)   loss: 0.1584 -> 0.1681  accuracy: 96.54% -> 96.73%      
client [30] (testset)   loss: 0.3692 -> 0.3824  accuracy: 91.42% -> 91.17%      
client [88] (testset)   loss: 0.3645 -> 0.3375  accuracy: 84.82% -> 86.33%      
client [60] (testset)   loss: 0.1816 -> 0.1819  accuracy: 95.44% -> 95.68%      
client [82] (testset)   loss: 0.4425 -> 0.4411  accuracy: 80.76% -> 81.67%      
client [91] (testset)   loss: 0.1661 -> 0.1614  accuracy: 96.79% -> 96.74%      
client [57] (testset)   loss: 0.1409 -> 0.4276  accuracy: 96.14% -> 90.99%      
---------------------------- TRAINING EPOCH: 100 ----------------------------   
client [31] (testset)   loss: 0.3311 -> 0.3350  accuracy: 92.69% -> 92.78%      
client [15] (testset)   loss: 0.1942 -> 0.2049  accuracy: 91.66% -> 92.37%      
client [71] (testset)   loss: 0.1241 -> 0.1232  accuracy: 97.25% -> 96.88%      
client [97] (testset)   loss: 0.1777 -> 0.1803  accuracy: 96.94% -> 96.94%      
client [53] (testset)   loss: 0.1990 -> 0.2084  accuracy: 95.81% -> 95.57%      
client [77] (testset)   loss: 0.2781 -> 0.3255  accuracy: 94.37% -> 93.20%      
client [76] (testset)   loss: 0.2610 -> 0.2716  accuracy: 93.99% -> 93.26%      
client [79] (testset)   loss: 0.4759 -> 0.5092  accuracy: 89.16% -> 87.68%      
client [28] (testset)   loss: 0.1571 -> 0.1591  accuracy: 93.98% -> 94.43%      
client [99] (testset)   loss: 0.2142 -> 0.2166  accuracy: 95.50% -> 95.15%      
---------------------------- TRAINING EPOCH: 110 ----------------------------   
client [97] (testset)   loss: 0.1883 -> 0.2028  accuracy: 96.59% -> 96.46%      
client [86] (testset)   loss: 0.6038 -> 0.5909  accuracy: 86.70% -> 88.48%      
client [34] (testset)   loss: 0.3630 -> 0.1896  accuracy: 94.16% -> 95.83%      
client [73] (testset)   loss: 0.3444 -> 0.3746  accuracy: 91.40% -> 90.78%      
client [5]  (testset)   loss: 0.2297 -> 0.2193  accuracy: 93.79% -> 94.27%      
client [96] (testset)   loss: 0.2641 -> 0.4218  accuracy: 94.85% -> 92.13%      
client [22] (testset)   loss: 0.2335 -> 0.2499  accuracy: 93.57% -> 93.28%      
client [60] (testset)   loss: 0.1939 -> 0.1973  accuracy: 95.21% -> 95.52%      
client [66] (testset)   loss: 0.3370 -> 0.2990  accuracy: 92.96% -> 94.32%      
client [83] (testset)   loss: 0.2928 -> 0.2979  accuracy: 94.21% -> 94.07%      
---------------------------- TRAINING EPOCH: 120 ----------------------------   
client [76] (testset)   loss: 0.2634 -> 0.4561  accuracy: 93.18% -> 87.46%      
client [65] (testset)   loss: 0.3741 -> 0.3644  accuracy: 88.42% -> 89.60%      
client [95] (testset)   loss: 0.1983 -> 0.2527  accuracy: 95.41% -> 94.74%      
client [17] (testset)   loss: 0.3179 -> 0.3245  accuracy: 92.39% -> 92.62%      
client [8]  (testset)   loss: 0.4008 -> 0.4231  accuracy: 90.72% -> 90.60%      
client [35] (testset)   loss: 0.1746 -> 0.2033  accuracy: 96.97% -> 96.83%      
client [98] (testset)   loss: 0.2047 -> 0.2178  accuracy: 95.44% -> 94.98%      
client [53] (testset)   loss: 0.2114 -> 0.2266  accuracy: 96.34% -> 96.05%      
client [43] (testset)   loss: 0.3834 -> 0.3638  accuracy: 90.16% -> 90.28%      
client [64] (testset)   loss: 0.5317 -> 0.5405  accuracy: 88.80% -> 88.80%      
---------------------------- TRAINING EPOCH: 130 ----------------------------   
client [21] (testset)   loss: 0.2245 -> 0.2362  accuracy: 94.33% -> 94.26%      
client [88] (testset)   loss: 0.3134 -> 0.3137  accuracy: 90.36% -> 90.50%      
client [38] (testset)   loss: 0.3281 -> 0.3291  accuracy: 93.23% -> 93.74%      
client [3]  (testset)   loss: 0.1760 -> 0.1912  accuracy: 96.03% -> 96.15%      
client [5]  (testset)   loss: 0.2344 -> 0.2430  accuracy: 94.12% -> 93.68%      
client [41] (testset)   loss: 0.3700 -> 0.3396  accuracy: 90.16% -> 90.72%      
client [7]  (testset)   loss: 0.2929 -> 0.2851  accuracy: 93.80% -> 94.19%      
client [37] (testset)   loss: 0.3022 -> 0.3148  accuracy: 89.65% -> 91.52%      
client [45] (testset)   loss: 0.4688 -> 0.4301  accuracy: 85.51% -> 87.26%      
client [47] (testset)   loss: 0.2972 -> 0.3536  accuracy: 92.82% -> 91.37%      
---------------------------- TRAINING EPOCH: 140 ----------------------------   
client [16] (testset)   loss: 0.3511 -> 0.3681  accuracy: 91.73% -> 91.65%      
client [11] (testset)   loss: 0.2974 -> 0.3043  accuracy: 93.79% -> 93.66%      
client [37] (testset)   loss: 0.3178 -> 0.3320  accuracy: 91.23% -> 91.12%      
client [41] (testset)   loss: 0.3317 -> 0.3843  accuracy: 91.41% -> 89.09%      
client [95] (testset)   loss: 0.2117 -> 0.2164  accuracy: 95.17% -> 95.36%      
client [53] (testset)   loss: 0.2254 -> 0.2130  accuracy: 96.05% -> 96.53%      
client [22] (testset)   loss: 0.2660 -> 0.2539  accuracy: 93.28% -> 93.28%      
client [25] (testset)   loss: 0.1997 -> 0.1991  accuracy: 94.18% -> 94.95%      
client [69] (testset)   loss: 0.4387 -> 0.4528  accuracy: 91.11% -> 91.56%      
client [46] (testset)   loss: 0.1304 -> 0.1384  accuracy: 97.07% -> 96.83%      
---------------------------- TRAINING EPOCH: 150 ----------------------------   
client [47] (testset)   loss: 0.3438 -> 0.3810  accuracy: 91.97% -> 90.60%      
client [69] (testset)   loss: 0.4516 -> 0.4597  accuracy: 91.34% -> 91.45%      
client [82] (testset)   loss: 0.4737 -> 0.4465  accuracy: 80.79% -> 81.93%      
client [45] (testset)   loss: 0.4371 -> 0.5113  accuracy: 86.41% -> 86.78%      
client [7]  (testset)   loss: 0.2823 -> 0.2952  accuracy: 94.19% -> 93.48%      
client [50] (testset)   loss: 0.1166 -> 0.1119  accuracy: 96.77% -> 96.77%      
client [35] (testset)   loss: 0.1738 -> 0.1803  accuracy: 97.03% -> 97.12%      
client [24] (testset)   loss: 0.2427 -> 0.2628  accuracy: 94.60% -> 94.85%      
client [15] (testset)   loss: 0.2345 -> 0.2331  accuracy: 92.33% -> 92.29%      
client [58] (testset)   loss: 0.1330 -> 0.1344  accuracy: 97.73% -> 97.61%      
---------------------------- TRAINING EPOCH: 160 ----------------------------   
client [48] (testset)   loss: 0.7549 -> 0.7107  accuracy: 80.43% -> 81.01%      
client [76] (testset)   loss: 0.2817 -> 0.2905  accuracy: 93.48% -> 93.99%      
client [67] (testset)   loss: 0.2989 -> 0.2998  accuracy: 91.73% -> 91.36%      
client [37] (testset)   loss: 0.3271 -> 0.3512  accuracy: 91.16% -> 90.94%      
client [58] (testset)   loss: 0.1394 -> 0.1987  accuracy: 97.78% -> 94.92%      
client [64] (testset)   loss: 0.5225 -> 0.5458  accuracy: 87.29% -> 88.61%      
client [77] (testset)   loss: 0.3127 -> 0.3211  accuracy: 94.17% -> 94.30%      
client [55] (testset)   loss: 0.3612 -> 0.3986  accuracy: 91.47% -> 87.36%      
client [12] (testset)   loss: 0.5525 -> 0.5654  accuracy: 91.66% -> 91.28%      
client [89] (testset)   loss: 0.4342 -> 0.4484  accuracy: 89.52% -> 88.21%      
---------------------------- TRAINING EPOCH: 170 ----------------------------   
client [84] (testset)   loss: 0.2745 -> 0.3078  accuracy: 93.98% -> 93.57%      
client [51] (testset)   loss: 0.3476 -> 0.3547  accuracy: 93.54% -> 93.12%      
client [8]  (testset)   loss: 0.4559 -> 0.5003  accuracy: 90.49% -> 90.25%      
client [18] (testset)   loss: 0.2421 -> 0.2546  accuracy: 94.14% -> 94.07%      
client [94] (testset)   loss: 0.1849 -> 0.2022  accuracy: 95.64% -> 95.47%      
client [81] (testset)   loss: 0.4886 -> 0.5890  accuracy: 86.66% -> 84.43%      
client [3]  (testset)   loss: 0.1963 -> 0.2120  accuracy: 95.97% -> 96.11%      
client [11] (testset)   loss: 0.3158 -> 0.3186  accuracy: 93.86% -> 93.66%      
client [95] (testset)   loss: 0.2307 -> 0.2376  accuracy: 95.36% -> 95.36%      
client [67] (testset)   loss: 0.2968 -> 0.3314  accuracy: 91.73% -> 91.36%      
---------------------------- TRAINING EPOCH: 180 ----------------------------   
client [21] (testset)   loss: 0.2468 -> 0.2726  accuracy: 93.82% -> 93.75%      
client [79] (testset)   loss: 0.5943 -> 0.6270  accuracy: 89.16% -> 88.63%      
client [58] (testset)   loss: 0.1493 -> 0.1498  accuracy: 97.76% -> 97.83%      
client [88] (testset)   loss: 0.3175 -> 0.3439  accuracy: 90.22% -> 90.14%      
client [46] (testset)   loss: 0.1389 -> 0.1457  accuracy: 96.95% -> 97.11%      
client [11] (testset)   loss: 0.3191 -> 0.3229  accuracy: 93.86% -> 93.86%      
client [55] (testset)   loss: 0.3919 -> 0.3966  accuracy: 90.63% -> 90.73%      
client [13] (testset)   loss: 0.2480 -> 0.2510  accuracy: 96.38% -> 96.38%      
client [31] (testset)   loss: 0.3780 -> 0.3489  accuracy: 92.40% -> 92.82%      
client [75] (testset)   loss: 0.5115 -> 0.5267  accuracy: 90.94% -> 90.35%      
---------------------------- TRAINING EPOCH: 190 ----------------------------   
client [19] (testset)   loss: 0.2899 -> 0.3025  accuracy: 94.18% -> 93.99%      
client [7]  (testset)   loss: 0.3181 -> 0.3205  accuracy: 93.54% -> 94.00%      
client [57] (testset)   loss: 0.1559 -> 0.1605  accuracy: 96.46% -> 96.24%      
client [13] (testset)   loss: 0.2497 -> 0.2542  accuracy: 96.38% -> 96.38%      
client [43] (testset)   loss: 0.3937 -> 0.3929  accuracy: 90.53% -> 89.79%      
client [91] (testset)   loss: 0.1807 -> 0.1788  accuracy: 96.85% -> 96.96%      
client [10] (testset)   loss: 0.4055 -> 0.5817  accuracy: 85.03% -> 86.29%      
client [64] (testset)   loss: 0.5681 -> 0.6063  accuracy: 86.53% -> 85.96%      
client [82] (testset)   loss: 0.4876 -> 0.5541  accuracy: 81.86% -> 81.31%      
client [22] (testset)   loss: 0.3073 -> 0.3664  accuracy: 93.38% -> 93.19%      
---------------------------- TRAINING EPOCH: 200 ----------------------------   
client [20] (testset)   loss: 0.3269 -> 0.3368  accuracy: 93.09% -> 92.72%      
client [23] (testset)   loss: 0.4406 -> 0.4617  accuracy: 83.55% -> 82.79%      
client [88] (testset)   loss: 0.3336 -> 0.3364  accuracy: 90.65% -> 90.72%      
client [98] (testset)   loss: 0.2396 -> 0.2453  accuracy: 95.39% -> 95.39%      
client [79] (testset)   loss: 0.6430 -> 0.6516  accuracy: 88.21% -> 88.53%      
client [21] (testset)   loss: 0.2234 -> 0.2576  accuracy: 94.40% -> 94.30%      
client [92] (testset)   loss: 0.3758 -> 0.3888  accuracy: 92.65% -> 93.26%      
client [56] (testset)   loss: 0.2233 -> 0.2223  accuracy: 96.71% -> 96.84%      
client [5]  (testset)   loss: 0.2695 -> 0.3110  accuracy: 93.71% -> 93.16%      
client [52] (testset)   loss: 0.6602 -> 0.6742  accuracy: 86.48% -> 87.04%      
---------------------------- TRAINING EPOCH: 210 ----------------------------   
client [67] (testset)   loss: 0.3333 -> 0.3517  accuracy: 91.36% -> 91.36%      
client [54] (testset)   loss: 0.3328 -> 0.3456  accuracy: 93.16% -> 93.41%      
client [14] (testset)   loss: 0.3913 -> 0.3976  accuracy: 92.93% -> 92.57%      
client [99] (testset)   loss: 0.2519 -> 0.2502  accuracy: 95.38% -> 95.24%      
client [36] (testset)   loss: 0.2525 -> 0.2498  accuracy: 94.95% -> 95.01%      
client [30] (testset)   loss: 0.4802 -> 0.4915  accuracy: 91.42% -> 90.99%      
client [38] (testset)   loss: 0.3654 -> 0.3759  accuracy: 93.64% -> 93.64%      
client [15] (testset)   loss: 0.2726 -> 0.2849  accuracy: 92.61% -> 91.93%      
client [6]  (testset)   loss: 0.4078 -> 0.4214  accuracy: 92.97% -> 93.40%      
client [53] (testset)   loss: 0.2509 -> 0.2508  accuracy: 96.24% -> 96.34%      
---------------------------- TRAINING EPOCH: 220 ----------------------------   
client [99] (testset)   loss: 0.2565 -> 0.2618  accuracy: 95.00% -> 95.03%      
client [6]  (testset)   loss: 0.4230 -> 0.4277  accuracy: 93.26% -> 93.40%      
client [83] (testset)   loss: 0.3333 -> 0.3702  accuracy: 93.93% -> 93.79%      
client [42] (testset)   loss: 0.3692 -> 0.3712  accuracy: 92.85% -> 92.61%      
client [34] (testset)   loss: 0.2130 -> 0.2537  accuracy: 95.73% -> 94.60%      
client [15] (testset)   loss: 0.2839 -> 0.3030  accuracy: 91.97% -> 92.01%      
client [47] (testset)   loss: 0.4376 -> 0.4446  accuracy: 91.97% -> 91.62%      
client [55] (testset)   loss: 0.8746 -> 0.4017  accuracy: 83.14% -> 90.84%      
client [51] (testset)   loss: 0.3489 -> 0.4024  accuracy: 92.87% -> 89.61%      
client [95] (testset)   loss: 0.2502 -> 0.2513  accuracy: 95.41% -> 95.17%      
---------------------------- TRAINING EPOCH: 230 ----------------------------   
client [71] (testset)   loss: 0.1524 -> 0.1561  accuracy: 96.92% -> 96.94%      
client [15] (testset)   loss: 0.2950 -> 0.2974  accuracy: 91.82% -> 91.93%      
client [33] (testset)   loss: 0.1881 -> 0.1911  accuracy: 96.86% -> 96.90%      
client [99] (testset)   loss: 0.2680 -> 0.2694  accuracy: 95.29% -> 95.26%      
client [90] (testset)   loss: 0.4264 -> 0.4246  accuracy: 91.51% -> 91.64%      
client [57] (testset)   loss: 0.1688 -> 0.1708  accuracy: 96.24% -> 96.35%      
client [27] (testset)   loss: 0.2374 -> 0.2423  accuracy: 95.55% -> 95.42%      
client [78] (testset)   loss: 0.3497 -> 0.4144  accuracy: 91.47% -> 90.38%      
client [36] (testset)   loss: 0.2546 -> 0.2619  accuracy: 95.24% -> 95.01%      
client [88] (testset)   loss: 0.3485 -> 0.3666  accuracy: 91.08% -> 90.50%      
---------------------------- TRAINING EPOCH: 240 ----------------------------   
client [70] (testset)   loss: 0.6200 -> 0.6562  accuracy: 88.58% -> 88.58%      
client [35] (testset)   loss: 0.1947 -> 0.1974  accuracy: 96.97% -> 96.94%      
client [16] (testset)   loss: 0.4212 -> 0.4337  accuracy: 90.02% -> 90.84%      
client [80] (testset)   loss: 0.2504 -> 0.2488  accuracy: 95.80% -> 95.89%      
client [38] (testset)   loss: 0.3704 -> 0.3819  accuracy: 93.54% -> 93.54%      
client [78] (testset)   loss: 0.3767 -> 0.3789  accuracy: 91.47% -> 92.09%      
client [68] (testset)   loss: 0.4040 -> 0.4031  accuracy: 92.49% -> 92.38%      
client [11] (testset)   loss: 0.3524 -> 0.3580  accuracy: 94.07% -> 93.66%      
client [64] (testset)   loss: 0.6296 -> 0.6460  accuracy: 85.01% -> 87.48%      
client [82] (testset)   loss: 0.6602 -> 0.5376  accuracy: 76.68% -> 81.49%      
---------------------------- TRAINING EPOCH: 250 ----------------------------   
client [30] (testset)   loss: 0.5097 -> 0.5209  accuracy: 91.17% -> 91.11%      
client [27] (testset)   loss: 0.2404 -> 0.2460  accuracy: 95.38% -> 95.68%      
client [74] (testset)   loss: 0.3400 -> 0.3437  accuracy: 93.83% -> 94.10%      
client [45] (testset)   loss: 0.5629 -> 0.5771  accuracy: 85.87% -> 86.05%      
client [6]  (testset)   loss: 0.4176 -> 0.4288  accuracy: 92.97% -> 93.12%      
client [36] (testset)   loss: 0.2623 -> 0.2239  accuracy: 95.18% -> 94.61%      
client [63] (testset)   loss: 0.2063 -> 0.2150  accuracy: 96.41% -> 95.93%      
client [76] (testset)   loss: 0.3055 -> 0.3092  accuracy: 93.62% -> 93.40%      
client [83] (testset)   loss: 0.3407 -> 0.3631  accuracy: 94.02% -> 93.10%      
client [86] (testset)   loss: 0.7679 -> 0.7785  accuracy: 88.38% -> 88.17%      
---------------------------- TRAINING EPOCH: 260 ----------------------------   
client [83] (testset)   loss: 0.3564 -> 0.3573  accuracy: 93.20% -> 94.02%      
client [99] (testset)   loss: 0.2860 -> 0.2723  accuracy: 95.21% -> 95.26%      
client [74] (testset)   loss: 0.3544 -> 0.3471  accuracy: 93.66% -> 94.10%      
client [73] (testset)   loss: 0.4826 -> 0.4872  accuracy: 91.15% -> 91.15%      
client [29] (testset)   loss: 0.3001 -> 0.3044  accuracy: 92.17% -> 92.22%      
client [92] (testset)   loss: 0.4403 -> 0.4345  accuracy: 92.68% -> 93.03%      
client [6]  (testset)   loss: 0.4301 -> 0.4385  accuracy: 93.04% -> 93.33%      
client [61] (testset)   loss: 0.5610 -> 0.6799  accuracy: 87.46% -> 84.66%      
client [21] (testset)   loss: 0.2599 -> 0.2703  accuracy: 94.26% -> 93.82%      
client [67] (testset)   loss: 0.3569 -> 0.4268  accuracy: 91.36% -> 92.10%      
---------------------------- TRAINING EPOCH: 270 ----------------------------   
client [83] (testset)   loss: 0.3549 -> 0.3744  accuracy: 94.11% -> 93.84%      
client [32] (testset)   loss: 0.3580 -> 0.3658  accuracy: 92.95% -> 92.72%      
client [95] (testset)   loss: 0.2532 -> 0.2565  accuracy: 95.55% -> 95.32%      
client [61] (testset)   loss: 0.6809 -> 0.6759  accuracy: 85.73% -> 86.31%      
client [27] (testset)   loss: 0.2424 -> 0.2453  accuracy: 95.68% -> 95.38%      
client [25] (testset)   loss: 0.2320 -> 0.2277  accuracy: 93.63% -> 95.39%      
client [68] (testset)   loss: 0.4208 -> 0.4297  accuracy: 92.91% -> 92.28%      
client [34] (testset)   loss: 0.2233 -> 0.2276  accuracy: 95.78% -> 95.68%      
client [71] (testset)   loss: 0.1690 -> 0.1706  accuracy: 97.06% -> 97.00%      
client [89] (testset)   loss: 0.5213 -> 0.5173  accuracy: 87.88% -> 89.08%      
---------------------------- TRAINING EPOCH: 280 ----------------------------   
client [78] (testset)   loss: 0.4158 -> 0.4382  accuracy: 92.09% -> 91.62%      
client [81] (testset)   loss: 0.6519 -> 0.6839  accuracy: 86.80% -> 86.59%      
client [51] (testset)   loss: 0.4156 -> 0.4208  accuracy: 93.18% -> 91.97%      
client [54] (testset)   loss: 0.3463 -> 0.3473  accuracy: 93.41% -> 93.41%      
client [65] (testset)   loss: 0.4749 -> 0.5005  accuracy: 89.53% -> 89.46%      
client [41] (testset)   loss: 0.5219 -> 0.5209  accuracy: 90.72% -> 90.60%      
client [11] (testset)   loss: 0.3588 -> 0.3662  accuracy: 94.07% -> 93.79%      
client [85] (testset)   loss: 0.3938 -> 0.4198  accuracy: 93.31% -> 93.59%      
client [12] (testset)   loss: 0.6393 -> 0.6521  accuracy: 91.53% -> 91.91%      
client [23] (testset)   loss: 0.5364 -> 0.5514  accuracy: 83.78% -> 82.77%      
---------------------------- TRAINING EPOCH: 290 ----------------------------   
client [16] (testset)   loss: 0.4206 -> 0.4761  accuracy: 91.73% -> 86.94%      
client [65] (testset)   loss: 0.5382 -> 0.4951  accuracy: 89.32% -> 89.25%      
client [53] (testset)   loss: 0.2671 -> 0.2721  accuracy: 96.24% -> 96.19%      
client [58] (testset)   loss: 0.1587 -> 0.1631  accuracy: 97.76% -> 97.81%      
client [72] (testset)   loss: 0.7564 -> 0.7652  accuracy: 89.34% -> 89.19%      
client [7]  (testset)   loss: 0.3558 -> 0.3653  accuracy: 93.61% -> 93.22%      
client [71] (testset)   loss: 0.1690 -> 0.1728  accuracy: 97.06% -> 96.92%      
client [59] (testset)   loss: 0.3973 -> 0.4134  accuracy: 90.96% -> 90.52%      
client [86] (testset)   loss: 0.8062 -> 0.8096  accuracy: 88.27% -> 88.27%      
client [39] (testset)   loss: 0.2853 -> 0.2872  accuracy: 95.52% -> 95.58%      
---------------------------- TRAINING EPOCH: 300 ----------------------------   
client [99] (testset)   loss: 0.2843 -> 0.2840  accuracy: 95.15% -> 94.80%      
client [7]  (testset)   loss: 0.3606 -> 0.3811  accuracy: 93.54% -> 93.22%      
client [17] (testset)   loss: 0.4720 -> 0.5155  accuracy: 91.10% -> 89.02%      
client [64] (testset)   loss: 0.7413 -> 0.7267  accuracy: 87.29% -> 86.91%      
client [37] (testset)   loss: 0.4300 -> 0.4314  accuracy: 90.98% -> 90.76%      
client [29] (testset)   loss: 0.3153 -> 0.3197  accuracy: 92.17% -> 92.06%      
client [93] (testset)   loss: 0.3251 -> 0.3299  accuracy: 94.28% -> 94.31%      
client [73] (testset)   loss: 0.4853 -> 0.4899  accuracy: 91.15% -> 91.15%      
client [40] (testset)   loss: 0.3298 -> 0.3326  accuracy: 95.30% -> 95.30%      
client [76] (testset)   loss: 0.3227 -> 0.3233  accuracy: 93.18% -> 93.84%      
---------------------------- TRAINING EPOCH: 310 ----------------------------   
client [31] (testset)   loss: 0.4166 -> 0.4310  accuracy: 93.11% -> 92.78%      
client [89] (testset)   loss: 0.5710 -> 0.5615  accuracy: 87.66% -> 88.64%      
client [77] (testset)   loss: 0.3739 -> 0.3799  accuracy: 94.49% -> 94.37%      
client [90] (testset)   loss: 0.4916 -> 0.5183  accuracy: 91.10% -> 91.26%      
client [26] (testset)   loss: 0.3061 -> 0.3367  accuracy: 91.96% -> 92.40%      
client [50] (testset)   loss: 0.1388 -> 0.1430  accuracy: 97.56% -> 97.68%      
client [30] (testset)   loss: 0.5388 -> 0.5500  accuracy: 90.99% -> 91.17%      
client [70] (testset)   loss: 0.6496 -> 0.6656  accuracy: 88.19% -> 88.83%      
client [41] (testset)   loss: 0.5403 -> 0.5443  accuracy: 90.41% -> 90.78%      
client [99] (testset)   loss: 0.2816 -> 0.2980  accuracy: 94.92% -> 95.03%      
---------------------------- TRAINING EPOCH: 320 ----------------------------   
client [68] (testset)   loss: 0.4693 -> 0.4811  accuracy: 92.17% -> 92.06%      
client [70] (testset)   loss: 0.6681 -> 0.6785  accuracy: 87.93% -> 88.58%      
client [52] (testset)   loss: 0.7867 -> 0.8010  accuracy: 87.04% -> 87.04%      
client [1]  (testset)   loss: 0.3728 -> 0.3749  accuracy: 92.64% -> 92.45%      
client [2]  (testset)   loss: 0.2113 -> 0.2110  accuracy: 96.20% -> 96.15%      
client [67] (testset)   loss: 0.3736 -> 0.4010  accuracy: 91.36% -> 91.73%      
client [92] (testset)   loss: 0.5470 -> 0.5504  accuracy: 92.81% -> 92.65%      
client [35] (testset)   loss: 0.2047 -> 0.2077  accuracy: 96.97% -> 96.91%      
client [36] (testset)   loss: 0.2761 -> 0.2871  accuracy: 95.18% -> 94.95%      
client [64] (testset)   loss: 0.7332 -> 0.7553  accuracy: 87.67% -> 87.10%      
---------------------------- TRAINING EPOCH: 330 ----------------------------   
client [44] (testset)   loss: 0.5421 -> 0.5466  accuracy: 90.11% -> 90.11%      
client [6]  (testset)   loss: 0.4611 -> 0.4713  accuracy: 93.40% -> 92.97%      
client [12] (testset)   loss: 0.6689 -> 0.6727  accuracy: 91.53% -> 91.41%      
client [55] (testset)   loss: 0.4391 -> 0.4510  accuracy: 89.03% -> 91.22%      
client [29] (testset)   loss: 0.3324 -> 0.3441  accuracy: 92.01% -> 92.12%      
client [9]  (testset)   loss: 0.3503 -> 0.3452  accuracy: 93.92% -> 94.12%      
client [43] (testset)   loss: 0.5155 -> 0.6227  accuracy: 87.95% -> 82.16%      
client [77] (testset)   loss: 0.3776 -> 0.3826  accuracy: 94.43% -> 94.30%      
client [98] (testset)   loss: 0.2742 -> 0.2783  accuracy: 95.23% -> 95.28%      
client [78] (testset)   loss: 0.4386 -> 0.4468  accuracy: 91.47% -> 91.70%      
---------------------------- TRAINING EPOCH: 340 ----------------------------   
client [92] (testset)   loss: 0.5549 -> 0.5641  accuracy: 92.55% -> 92.68%      
client [80] (testset)   loss: 0.2613 -> 0.2557  accuracy: 95.84% -> 95.80%      
client [63] (testset)   loss: 0.2426 -> 0.2550  accuracy: 95.96% -> 95.90%      
client [76] (testset)   loss: 0.3347 -> 0.3385  accuracy: 93.40% -> 93.04%      
client [78] (testset)   loss: 0.4478 -> 0.4588  accuracy: 91.78% -> 91.85%      
client [25] (testset)   loss: 0.4858 -> 0.2365  accuracy: 90.89% -> 95.28%      
client [58] (testset)   loss: 0.1643 -> 0.1653  accuracy: 97.86% -> 97.78%      
client [13] (testset)   loss: 0.2709 -> 0.2731  accuracy: 96.25% -> 96.38%      
client [17] (testset)   loss: 0.5051 -> 0.5497  accuracy: 91.56% -> 91.63%      
client [38] (testset)   loss: 0.4288 -> 0.4318  accuracy: 93.64% -> 93.54%      
---------------------------- TRAINING EPOCH: 350 ----------------------------   
client [72] (testset)   loss: 0.8035 -> 0.8236  accuracy: 89.34% -> 89.34%      
client [82] (testset)   loss: 0.7994 -> 0.9434  accuracy: 79.65% -> 73.93%      
client [86] (testset)   loss: 0.8521 -> 0.8569  accuracy: 87.85% -> 88.27%      
client [51] (testset)   loss: 0.4479 -> 0.4629  accuracy: 92.27% -> 92.75%      
client [96] (testset)   loss: 0.4043 -> 0.4045  accuracy: 94.85% -> 94.76%      
client [42] (testset)   loss: 0.4288 -> 0.4426  accuracy: 92.31% -> 92.19%      
client [55] (testset)   loss: 0.9709 -> 0.4581  accuracy: 83.94% -> 90.14%      
client [13] (testset)   loss: 0.2795 -> 0.2778  accuracy: 96.19% -> 96.19%      
client [1]  (testset)   loss: 0.3779 -> 0.3866  accuracy: 93.20% -> 92.87%      
client [12] (testset)   loss: 0.6729 -> 0.6770  accuracy: 91.41% -> 91.66%      
---------------------------- TRAINING EPOCH: 360 ----------------------------   
client [68] (testset)   loss: 0.4903 -> 0.4881  accuracy: 92.28% -> 92.38%      
client [23] (testset)   loss: 0.6144 -> 0.6461  accuracy: 83.49% -> 83.57%      
client [46] (testset)   loss: 0.1807 -> 0.1806  accuracy: 96.99% -> 96.91%      
client [41] (testset)   loss: 0.5629 -> 0.5686  accuracy: 90.72% -> 90.60%      
client [25] (testset)   loss: 0.2366 -> 0.2342  accuracy: 94.95% -> 94.51%      
client [58] (testset)   loss: 0.1670 -> 0.1675  accuracy: 97.76% -> 97.83%      
client [14] (testset)   loss: 0.4208 -> 0.4530  accuracy: 92.93% -> 92.75%      
client [33] (testset)   loss: 0.2123 -> 0.2134  accuracy: 96.72% -> 96.63%      
client [85] (testset)   loss: 0.4254 -> 0.4598  accuracy: 93.62% -> 93.50%      
client [62] (testset)   loss: 0.3939 -> 0.3946  accuracy: 93.82% -> 93.73%      
---------------------------- TRAINING EPOCH: 370 ----------------------------   
client [98] (testset)   loss: 0.2826 -> 0.2876  accuracy: 95.18% -> 95.33%      
client [63] (testset)   loss: 0.2780 -> 0.3036  accuracy: 96.27% -> 96.30%      
client [70] (testset)   loss: 0.6974 -> 0.7254  accuracy: 88.06% -> 88.70%      
client [65] (testset)   loss: 0.5358 -> 0.5567  accuracy: 89.67% -> 89.74%      
client [14] (testset)   loss: 0.4354 -> 0.4566  accuracy: 92.69% -> 92.69%      
client [73] (testset)   loss: 0.5550 -> 0.5376  accuracy: 90.47% -> 91.27%      
client [34] (testset)   loss: 0.2520 -> 0.2527  accuracy: 95.83% -> 95.88%      
client [99] (testset)   loss: 0.3019 -> 0.3081  accuracy: 94.25% -> 94.17%      
client [69] (testset)   loss: 0.5338 -> 0.5397  accuracy: 90.89% -> 91.34%      
client [46] (testset)   loss: 0.1804 -> 0.1813  accuracy: 96.95% -> 96.91%      
---------------------------- TRAINING EPOCH: 380 ----------------------------   
client [99] (testset)   loss: 0.3106 -> 0.3113  accuracy: 94.43% -> 95.15%      
client [93] (testset)   loss: 0.3352 -> 0.3393  accuracy: 94.42% -> 94.24%      
client [11] (testset)   loss: 0.3842 -> 0.3863  accuracy: 93.86% -> 93.79%      
client [58] (testset)   loss: 0.1709 -> 0.1722  accuracy: 97.81% -> 97.83%      
client [81] (testset)   loss: 1.5891 -> 0.7519  accuracy: 77.16% -> 86.10%      
client [85] (testset)   loss: 0.4420 -> 0.4727  accuracy: 93.38% -> 93.50%      
client [89] (testset)   loss: 0.6725 -> 0.6564  accuracy: 88.28% -> 88.79%      
client [45] (testset)   loss: 0.6188 -> 0.6324  accuracy: 86.71% -> 86.84%      
client [8]  (testset)   loss: 0.5741 -> 0.5762  accuracy: 90.25% -> 89.84%      
client [68] (testset)   loss: 0.4993 -> 0.5101  accuracy: 92.49% -> 92.06%      
---------------------------- TRAINING EPOCH: 390 ----------------------------   
client [67] (testset)   loss: 0.3621 -> 0.3913  accuracy: 90.07% -> 92.10%      
client [72] (testset)   loss: 0.8387 -> 0.8495  accuracy: 88.74% -> 89.19%      
client [1]  (testset)   loss: 0.3937 -> 0.4018  accuracy: 92.92% -> 92.92%      
client [78] (testset)   loss: 0.4852 -> 0.4761  accuracy: 91.54% -> 92.09%      
client [83] (testset)   loss: 0.4094 -> 0.4089  accuracy: 93.89% -> 93.84%      
client [21] (testset)   loss: 0.3310 -> 0.3382  accuracy: 94.00% -> 94.33%      
client [56] (testset)   loss: 0.2490 -> 0.2534  accuracy: 96.71% -> 96.88%      
client [44] (testset)   loss: 0.5794 -> 0.5862  accuracy: 90.11% -> 90.21%      
client [92] (testset)   loss: 0.5720 -> 0.5815  accuracy: 92.68% -> 92.81%      
client [27] (testset)   loss: 0.2784 -> 0.2751  accuracy: 95.24% -> 95.24%      
---------------------------- TRAINING EPOCH: 400 ----------------------------   
client [10] (testset)   loss: 0.4773 -> 0.4733  accuracy: 87.97% -> 88.67%      
client [39] (testset)   loss: 0.2986 -> 0.3071  accuracy: 95.58% -> 95.34%      
client [65] (testset)   loss: 0.5840 -> 0.6173  accuracy: 89.67% -> 89.53%      
client [26] (testset)   loss: 0.4664 -> 0.4023  accuracy: 92.27% -> 91.39%      
client [19] (testset)   loss: 0.3955 -> 0.3737  accuracy: 94.57% -> 94.26%      
client [68] (testset)   loss: 0.5058 -> 0.5112  accuracy: 91.96% -> 91.85%      
client [41] (testset)   loss: 0.5759 -> 0.5814  accuracy: 90.78% -> 90.72%      
client [50] (testset)   loss: 0.1478 -> 0.1515  accuracy: 97.62% -> 97.56%      
client [75] (testset)   loss: 0.5947 -> 0.5931  accuracy: 90.47% -> 90.59%      
client [81] (testset)   loss: 0.7123 -> 0.7494  accuracy: 86.52% -> 86.59%      
Training... ━━━━━━━━━━━━━━━━━━━━━━━━━━━━━━━━━━━━━━━━ 100% 1:20:09
PSFL's average time taken by each global epoch: 0 min 11.94 sec.                
PSFL's total running time: 1 h 20 m 9 s.                                        
==================== PSFL Experiment Results: ====================              
Display format: (before local fine-tuning) -> (after local fine-tuning)         
 So if finetune_epoch = 0, x.xx% -> 0.00% is normal.                            
 Centralized testing ONLY happens after model aggregation, so the stats between 
'->' are the same.                                                              
{                                                                               
    "100": {                                                                    
        "all_clients": {                                                        
            "test": {                                                           
                "loss": "0.2642 -> 0.0000",                                     
                "accuracy": "93.30% -> 0.00%"                                   
            }                                                                   
        }                                                                       
    },                                                                          
    "200": {                                                                    
        "all_clients": {                                                        
            "test": {                                                           
                "loss": "0.3181 -> 0.0000",                                     
                "accuracy": "93.24% -> 0.00%"                                   
            }                                                                   
        }                                                                       
    },                                                                          
    "300": {                                                                    
        "all_clients": {                                                        
            "test": {                                                           
                "loss": "0.3627 -> 0.0000",                                     
                "accuracy": "93.18% -> 0.00%"                                   
            }                                                                   
        }                                                                       
    },                                                                          
    "400": {                                                                    
        "all_clients": {                                                        
            "test": {                                                           
                "loss": "0.4035 -> 0.0000",                                     
                "accuracy": "93.16% -> 0.00%"                                   
            }                                                                   
        }                                                                       
    }                                                                           
}                                                                               
==================== PSFL Max Accuracy ====================                     
all_clients:                                                                    
(test) before fine-tuning: 93.30% at epoch 100                                  
(test) after fine-tuning: 0.00% at epoch 100                                    
