==================== FedDpa ====================                                
Experiment Arguments:                                                           
{
│   'method': 'feddpa',
│   'dataset': {
│   │   'name': 'mnist',
│   │   'client_num': 100,
│   │   'test_ratio': 0.25,
│   │   'val_ratio': 0.0,
│   │   'seed': 42,
│   │   'split': 'sample',
│   │   'IID_ratio': 0.0,
│   │   'monitor_window_name_suffix': 'mnist-100clients-0%IID-Dir(0.1)-seed42',
│   │   'alpha': 0.1,
│   │   'min_samples_per_client': 10
│   },
│   'model': {
│   │   'name': 'avgcnn',
│   │   'use_torchvision_pretrained_weights': True,
│   │   'external_model_weights_path': None
│   },
│   'optimizer': {
│   │   'lr': 0.01,
│   │   'dampening': 0,
│   │   'weight_decay': 0,
│   │   'momentum': 0,
│   │   'nesterov': False,
│   │   'name': 'sgd'
│   },
│   'mode': 'sequential',
│   'parallel': {
│   │   'ray_cluster_addr': None,
│   │   'num_cpus': None,
│   │   'num_gpus': None,
│   │   'num_workers': 2
│   },
│   'common': {
│   │   'seed': 42,
│   │   'join_ratio': 0.1,
│   │   'global_epoch': 400,
│   │   'local_epoch': 5,
│   │   'batch_size': 32,
│   │   'reset_optimizer_on_global_epoch': True,
│   │   'straggler_ratio': 0,
│   │   'straggler_min_local_epoch': 0,
│   │   'buffers': 'global',
│   │   'client_side_evaluation': True,
│   │   'test': {
│   │   │   'client': {
│   │   │   │   'interval': 100,
│   │   │   │   'finetune_epoch': 0,
│   │   │   │   'train': False,
│   │   │   │   'val': False,
│   │   │   │   'test': True
│   │   │   },
│   │   │   'server': {
│   │   │   │   'interval': -1,
│   │   │   │   'train': False,
│   │   │   │   'val': False,
│   │   │   │   'test': False,
│   │   │   │   'model_in_train_mode': False
│   │   │   }
│   │   },
│   │   'verbose_gap': 10,
│   │   'monitor': None,
│   │   'use_cuda': True,
│   │   'save_log': True,
│   │   'save_model': False,
│   │   'save_learning_curve_plot': False,
│   │   'save_metrics': True,
│   │   'delete_useless_run': True
│   },
│   'feddpa': {
│   │   'fisher_threshold': 0.4
│   }
}
---------------------------- TRAINING EPOCH: 10 ----------------------------    
client [77] (testset)   loss: 0.2309 -> 0.1651  accuracy: 93.84% -> 97.26%      
client [81] (testset)   loss: 0.1600 -> 0.1023  accuracy: 98.15% -> 98.77%      
client [21] (testset)   loss: 2.2909 -> 0.6841  accuracy: 2.94% -> 80.39%       
client [68] (testset)   loss: 0.5498 -> 0.3434  accuracy: 77.97% -> 89.83%      
client [93] (testset)   loss: 1.2403 -> 0.9605  accuracy: 74.19% -> 67.74%      
client [31] (testset)   loss: 1.7130 -> 1.3511  accuracy: 57.14% -> 57.14%      
client [20] (testset)   loss: 0.4495 -> 0.2830  accuracy: 86.88% -> 92.76%      
client [59] (testset)   loss: 2.2621 -> 1.8640  accuracy: 0.00% -> 75.00%       
client [48] (testset)   loss: 0.1805 -> 0.1639  accuracy: 96.12% -> 96.12%      
client [34] (testset)   loss: 1.2552 -> 1.3033  accuracy: 66.67% -> 66.67%      
---------------------------- TRAINING EPOCH: 20 ----------------------------    
client [69] (testset)   loss: 0.1103 -> 0.0753  accuracy: 98.00% -> 98.54%      
client [99] (testset)   loss: 1.4364 -> 1.3434  accuracy: 52.38% -> 57.14%      
client [67] (testset)   loss: 0.3463 -> 0.2904  accuracy: 91.89% -> 91.89%      
client [0]  (testset)   loss: 0.2607 -> 0.1903  accuracy: 95.28% -> 95.28%      
client [76] (testset)   loss: 0.4292 -> 0.3818  accuracy: 90.91% -> 94.81%      
client [41] (testset)   loss: 0.3909 -> 0.2023  accuracy: 86.32% -> 92.63%      
client [62] (testset)   loss: 2.2643 -> 0.3990  accuracy: 1.10% -> 90.06%       
client [2]  (testset)   loss: 2.2517 -> 0.1147  accuracy: 0.00% -> 97.53%       
client [14] (testset)   loss: 0.1658 -> 0.1372  accuracy: 95.14% -> 93.06%      
client [46] (testset)   loss: 0.1293 -> 0.0908  accuracy: 96.17% -> 97.30%      
---------------------------- TRAINING EPOCH: 30 ----------------------------    
client [24] (testset)   loss: 0.2775 -> 0.2627  accuracy: 94.59% -> 94.59%      
client [68] (testset)   loss: 0.2557 -> 0.2343  accuracy: 91.53% -> 93.22%      
client [57] (testset)   loss: 0.1991 -> 0.1697  accuracy: 95.17% -> 94.69%      
client [17] (testset)   loss: 0.1573 -> 0.1890  accuracy: 96.89% -> 94.16%      
client [54] (testset)   loss: 0.5940 -> 0.6017  accuracy: 86.05% -> 83.72%      
client [23] (testset)   loss: 2.2784 -> 0.5451  accuracy: 0.00% -> 91.43%       
client [35] (testset)   loss: 0.2404 -> 0.2304  accuracy: 95.10% -> 95.10%      
client [59] (testset)   loss: 1.3491 -> 1.2147  accuracy: 75.00% -> 75.00%      
client [31] (testset)   loss: 1.0073 -> 0.9195  accuracy: 57.14% -> 57.14%      
client [9]  (testset)   loss: 0.0956 -> 0.0887  accuracy: 97.56% -> 97.23%      
---------------------------- TRAINING EPOCH: 40 ----------------------------    
client [64] (testset)   loss: 0.0830 -> 0.0678  accuracy: 97.50% -> 97.78%      
client [33] (testset)   loss: 0.0563 -> 0.0586  accuracy: 98.86% -> 99.02%      
client [16] (testset)   loss: 0.2561 -> 0.2115  accuracy: 91.43% -> 94.29%      
client [44] (testset)   loss: 0.3052 -> 0.1848  accuracy: 94.03% -> 95.52%      
client [8]  (testset)   loss: 0.0128 -> 0.0098  accuracy: 100.00% -> 100.00%    
client [31] (testset)   loss: 0.8550 -> 0.7735  accuracy: 57.14% -> 57.14%      
client [47] (testset)   loss: 0.1470 -> 0.1287  accuracy: 96.59% -> 97.73%      
client [36] (testset)   loss: 0.3143 -> 0.1214  accuracy: 91.88% -> 96.95%      
client [20] (testset)   loss: 0.2264 -> 0.2395  accuracy: 94.12% -> 94.57%      
client [56] (testset)   loss: 0.2890 -> 0.1587  accuracy: 89.25% -> 95.70%      
---------------------------- TRAINING EPOCH: 50 ----------------------------    
client [4]  (testset)   loss: 0.1288 -> 0.1290  accuracy: 97.44% -> 97.44%      
client [60] (testset)   loss: 0.7220 -> 0.2604  accuracy: 73.00% -> 92.00%      
client [28] (testset)   loss: 0.0490 -> 0.0456  accuracy: 99.33% -> 99.33%      
client [25] (testset)   loss: 0.1381 -> 0.1146  accuracy: 96.55% -> 96.55%      
client [58] (testset)   loss: 0.1759 -> 0.1479  accuracy: 94.33% -> 95.74%      
client [44] (testset)   loss: 0.1967 -> 0.4017  accuracy: 94.93% -> 84.48%      
client [39] (testset)   loss: 0.0729 -> 0.0402  accuracy: 97.79% -> 98.77%      
client [29] (testset)   loss: 0.0860 -> 0.0661  accuracy: 97.79% -> 97.42%      
client [3]  (testset)   loss: 0.0728 -> 0.0625  accuracy: 97.90% -> 97.90%      
client [84] (testset)   loss: 0.2038 -> 0.1511  accuracy: 100.00% -> 100.00%    
---------------------------- TRAINING EPOCH: 60 ----------------------------    
client [21] (testset)   loss: 0.3174 -> 0.1868  accuracy: 86.27% -> 92.16%      
client [84] (testset)   loss: 0.1236 -> 0.0982  accuracy: 100.00% -> 100.00%    
client [10] (testset)   loss: 0.0947 -> 0.0803  accuracy: 98.02% -> 97.03%      
client [36] (testset)   loss: 0.0799 -> 0.0654  accuracy: 97.46% -> 97.97%      
client [65] (testset)   loss: 0.0472 -> 0.0431  accuracy: 98.32% -> 98.32%      
client [81] (testset)   loss: 0.0892 -> 0.0686  accuracy: 97.53% -> 98.77%      
client [79] (testset)   loss: 0.0719 -> 0.0486  accuracy: 98.46% -> 98.46%      
client [42] (testset)   loss: 0.2152 -> 0.1777  accuracy: 93.44% -> 96.17%      
client [11] (testset)   loss: 0.9948 -> 0.8826  accuracy: 66.67% -> 66.67%      
client [96] (testset)   loss: 0.0871 -> 0.0592  accuracy: 97.06% -> 98.04%      
---------------------------- TRAINING EPOCH: 70 ----------------------------    
client [8]  (testset)   loss: 0.0059 -> 0.0047  accuracy: 100.00% -> 100.00%    
client [53] (testset)   loss: 0.1717 -> 0.1563  accuracy: 96.00% -> 96.00%      
client [52] (testset)   loss: 0.0269 -> 0.0187  accuracy: 100.00% -> 100.00%    
client [42] (testset)   loss: 0.2270 -> 0.4888  accuracy: 92.90% -> 86.89%      
client [69] (testset)   loss: 0.0316 -> 0.0285  accuracy: 99.09% -> 99.09%      
client [59] (testset)   loss: 0.9145 -> 0.8366  accuracy: 75.00% -> 75.00%      
client [7]  (testset)   loss: 0.4280 -> 0.3928  accuracy: 87.50% -> 87.50%      
client [26] (testset)   loss: 0.8896 -> 0.8448  accuracy: 79.17% -> 70.83%      
client [49] (testset)   loss: 0.0173 -> 0.0112  accuracy: 100.00% -> 100.00%    
client [98] (testset)   loss: 0.1802 -> 0.1815  accuracy: 97.06% -> 97.06%      
---------------------------- TRAINING EPOCH: 80 ----------------------------    
client [98] (testset)   loss: 0.1821 -> 0.1509  accuracy: 97.06% -> 94.12%      
client [47] (testset)   loss: 0.1136 -> 0.1203  accuracy: 98.86% -> 98.86%      
client [21] (testset)   loss: 0.1981 -> 0.1482  accuracy: 90.20% -> 96.08%      
client [77] (testset)   loss: 0.1173 -> 0.1171  accuracy: 97.26% -> 97.26%      
client [95] (testset)   loss: 0.0743 -> 0.0209  accuracy: 97.47% -> 98.92%      
client [91] (testset)   loss: 0.0621 -> 0.0556  accuracy: 98.68% -> 98.68%      
client [14] (testset)   loss: 0.0850 -> 0.0719  accuracy: 97.92% -> 97.92%      
client [99] (testset)   loss: 1.1144 -> 1.0998  accuracy: 80.95% -> 76.19%      
client [20] (testset)   loss: 0.2693 -> 0.2525  accuracy: 92.31% -> 93.67%      
client [39] (testset)   loss: 0.0257 -> 0.0203  accuracy: 99.26% -> 99.51%      
---------------------------- TRAINING EPOCH: 90 ----------------------------    
client [52] (testset)   loss: 0.0191 -> 0.0164  accuracy: 100.00% -> 100.00%    
client [62] (testset)   loss: 0.1368 -> 0.1193  accuracy: 95.03% -> 96.69%      
client [71] (testset)   loss: 0.0677 -> 0.0664  accuracy: 97.45% -> 97.45%      
client [97] (testset)   loss: 0.0546 -> 0.0435  accuracy: 97.66% -> 98.66%      
client [30] (testset)   loss: 0.3525 -> 0.3909  accuracy: 95.00% -> 95.00%      
client [88] (testset)   loss: 0.1154 -> 0.1191  accuracy: 98.53% -> 98.53%      
client [60] (testset)   loss: 0.2080 -> 0.1877  accuracy: 94.00% -> 96.00%      
client [82] (testset)   loss: 0.2380 -> 0.2155  accuracy: 94.37% -> 92.96%      
client [91] (testset)   loss: 0.0652 -> 0.0644  accuracy: 98.51% -> 98.68%      
client [57] (testset)   loss: 0.0944 -> 0.1234  accuracy: 99.03% -> 97.10%      
---------------------------- TRAINING EPOCH: 100 ----------------------------   
client [31] (testset)   loss: 0.4950 -> 0.5021  accuracy: 85.71% -> 85.71%      
client [15] (testset)   loss: 0.0564 -> 0.0549  accuracy: 98.17% -> 98.17%      
client [71] (testset)   loss: 0.0745 -> 0.0608  accuracy: 97.68% -> 97.45%      
client [97] (testset)   loss: 0.0406 -> 0.0390  accuracy: 98.33% -> 98.33%      
client [53] (testset)   loss: 0.1341 -> 0.1451  accuracy: 96.00% -> 96.00%      
client [77] (testset)   loss: 0.1128 -> 0.1169  accuracy: 97.26% -> 96.58%      
client [76] (testset)   loss: 0.4014 -> 0.4038  accuracy: 94.81% -> 94.81%      
client [79] (testset)   loss: 0.0445 -> 0.0379  accuracy: 98.46% -> 98.46%      
client [28] (testset)   loss: 0.0378 -> 0.0369  accuracy: 99.33% -> 99.33%      
client [99] (testset)   loss: 1.1372 -> 1.0560  accuracy: 66.67% -> 71.43%      
---------------------------- TRAINING EPOCH: 110 ----------------------------   
client [97] (testset)   loss: 0.0394 -> 0.0381  accuracy: 98.33% -> 98.66%      
client [86] (testset)   loss: 0.0688 -> 0.0614  accuracy: 98.08% -> 98.08%      
client [34] (testset)   loss: 0.8006 -> 0.7835  accuracy: 77.78% -> 77.78%      
client [73] (testset)   loss: 0.2900 -> 0.2418  accuracy: 88.24% -> 94.12%      
client [5]  (testset)   loss: 0.1446 -> 0.1442  accuracy: 94.48% -> 94.48%      
client [96] (testset)   loss: 0.0615 -> 0.0591  accuracy: 97.06% -> 97.06%      
client [22] (testset)   loss: 0.1306 -> 0.1266  accuracy: 95.74% -> 95.74%      
client [60] (testset)   loss: 0.1856 -> 0.1847  accuracy: 96.00% -> 96.00%      
client [66] (testset)   loss: 0.1856 -> 0.1761  accuracy: 92.92% -> 92.92%      
client [83] (testset)   loss: 0.2097 -> 0.1995  accuracy: 93.95% -> 93.59%      
---------------------------- TRAINING EPOCH: 120 ----------------------------   
client [76] (testset)   loss: 0.3897 -> 0.3981  accuracy: 94.81% -> 94.81%      
client [65] (testset)   loss: 0.0363 -> 0.0366  accuracy: 98.74% -> 98.74%      
client [95] (testset)   loss: 0.0186 -> 0.0160  accuracy: 98.92% -> 98.92%      
client [17] (testset)   loss: 0.0972 -> 0.1102  accuracy: 97.67% -> 97.67%      
client [8]  (testset)   loss: 0.0028 -> 0.0024  accuracy: 100.00% -> 100.00%    
client [35] (testset)   loss: 0.1446 -> 0.1423  accuracy: 95.10% -> 95.10%      
client [98] (testset)   loss: 0.1574 -> 0.1601  accuracy: 97.06% -> 97.06%      
client [53] (testset)   loss: 0.1449 -> 0.1491  accuracy: 96.00% -> 96.00%      
client [43] (testset)   loss: 0.2116 -> 0.1918  accuracy: 91.44% -> 93.05%      
client [64] (testset)   loss: 0.0552 -> 0.0573  accuracy: 98.33% -> 98.06%      
---------------------------- TRAINING EPOCH: 130 ----------------------------   
client [21] (testset)   loss: 0.2022 -> 0.0947  accuracy: 91.18% -> 96.08%      
client [88] (testset)   loss: 0.1080 -> 0.1095  accuracy: 98.53% -> 98.53%      
client [38] (testset)   loss: 0.1947 -> 0.1801  accuracy: 96.49% -> 96.49%      
client [3]  (testset)   loss: 0.0398 -> 0.0401  accuracy: 98.95% -> 98.74%      
client [5]  (testset)   loss: 0.1365 -> 0.1437  accuracy: 95.86% -> 95.17%      
client [41] (testset)   loss: 0.0382 -> 0.0376  accuracy: 97.89% -> 98.95%      
client [7]  (testset)   loss: 0.2759 -> 0.2423  accuracy: 87.50% -> 87.50%      
client [37] (testset)   loss: 0.2273 -> 0.2327  accuracy: 95.67% -> 95.67%      
client [45] (testset)   loss: 0.0457 -> 0.0493  accuracy: 98.47% -> 98.47%      
client [47] (testset)   loss: 0.1208 -> 0.1099  accuracy: 98.86% -> 98.86%      
---------------------------- TRAINING EPOCH: 140 ----------------------------   
client [16] (testset)   loss: 0.1081 -> 0.1059  accuracy: 98.57% -> 98.57%      
client [11] (testset)   loss: 0.5895 -> 0.5764  accuracy: 66.67% -> 66.67%      
client [37] (testset)   loss: 0.2199 -> 0.2476  accuracy: 95.67% -> 95.67%      
client [41] (testset)   loss: 0.0372 -> 0.0366  accuracy: 98.95% -> 98.95%      
client [95] (testset)   loss: 0.0131 -> 0.0126  accuracy: 99.64% -> 99.64%      
client [53] (testset)   loss: 0.1512 -> 0.1471  accuracy: 96.00% -> 96.00%      
client [22] (testset)   loss: 0.1125 -> 0.1082  accuracy: 95.74% -> 95.74%      
client [25] (testset)   loss: 0.0710 -> 0.0496  accuracy: 96.55% -> 97.70%      
client [69] (testset)   loss: 0.0263 -> 0.0276  accuracy: 99.09% -> 99.09%      
client [46] (testset)   loss: 0.0652 -> 0.0583  accuracy: 98.42% -> 98.42%      
---------------------------- TRAINING EPOCH: 150 ----------------------------   
client [47] (testset)   loss: 0.1159 -> 0.1134  accuracy: 98.86% -> 98.86%      
client [69] (testset)   loss: 0.0278 -> 0.0276  accuracy: 99.27% -> 99.09%      
client [82] (testset)   loss: 0.2044 -> 0.2136  accuracy: 94.37% -> 94.37%      
client [45] (testset)   loss: 0.0455 -> 0.0490  accuracy: 98.47% -> 98.16%      
client [7]  (testset)   loss: 0.2401 -> 0.2132  accuracy: 87.50% -> 87.50%      
client [50] (testset)   loss: 0.1982 -> 0.2134  accuracy: 92.82% -> 92.82%      
client [35] (testset)   loss: 0.1351 -> 0.1375  accuracy: 95.10% -> 95.10%      
client [24] (testset)   loss: 0.2095 -> 0.2155  accuracy: 95.95% -> 95.95%      
client [15] (testset)   loss: 0.0526 -> 0.0522  accuracy: 97.25% -> 98.17%      
client [58] (testset)   loss: 0.1472 -> 0.1497  accuracy: 95.04% -> 95.04%      
---------------------------- TRAINING EPOCH: 160 ----------------------------   
client [48] (testset)   loss: 0.1035 -> 0.1022  accuracy: 98.06% -> 98.06%      
client [76] (testset)   loss: 0.4031 -> 0.4116  accuracy: 94.81% -> 94.81%      
client [67] (testset)   loss: 0.0565 -> 0.0526  accuracy: 94.59% -> 97.30%      
client [37] (testset)   loss: 0.2433 -> 0.2550  accuracy: 95.24% -> 95.67%      
client [58] (testset)   loss: 0.1421 -> 0.1453  accuracy: 95.04% -> 95.74%      
client [64] (testset)   loss: 0.0578 -> 0.0586  accuracy: 98.06% -> 98.06%      
client [77] (testset)   loss: 0.1219 -> 0.1281  accuracy: 97.26% -> 95.89%      
client [55] (testset)   loss: 0.0594 -> 0.0632  accuracy: 98.21% -> 97.96%      
client [12] (testset)   loss: 0.0615 -> 0.0628  accuracy: 98.02% -> 97.52%      
client [89] (testset)   loss: 0.1665 -> 0.2005  accuracy: 90.91% -> 90.91%      
---------------------------- TRAINING EPOCH: 170 ----------------------------   
client [84] (testset)   loss: 0.0169 -> 0.0156  accuracy: 100.00% -> 100.00%    
client [51] (testset)   loss: 0.1363 -> 0.1285  accuracy: 91.43% -> 94.29%      
client [8]  (testset)   loss: 0.0016 -> 0.0015  accuracy: 100.00% -> 100.00%    
client [18] (testset)   loss: 0.1490 -> 0.1470  accuracy: 95.52% -> 95.86%      
client [94] (testset)   loss: 0.0047 -> 0.0042  accuracy: 100.00% -> 100.00%    
client [81] (testset)   loss: 0.0595 -> 0.0620  accuracy: 98.15% -> 98.77%      
client [3]  (testset)   loss: 0.0395 -> 0.0398  accuracy: 98.53% -> 98.53%      
client [11] (testset)   loss: 0.5615 -> 0.5606  accuracy: 66.67% -> 66.67%      
client [95] (testset)   loss: 0.0100 -> 0.0104  accuracy: 99.64% -> 99.64%      
client [67] (testset)   loss: 0.0535 -> 0.0498  accuracy: 97.30% -> 97.30%      
---------------------------- TRAINING EPOCH: 180 ----------------------------   
client [21] (testset)   loss: 0.1089 -> 0.0769  accuracy: 96.08% -> 97.06%      
client [79] (testset)   loss: 0.0680 -> 0.0302  accuracy: 98.46% -> 98.46%      
client [58] (testset)   loss: 0.1385 -> 0.1440  accuracy: 96.45% -> 95.04%      
client [88] (testset)   loss: 0.1076 -> 0.1087  accuracy: 98.53% -> 98.53%      
client [46] (testset)   loss: 0.0548 -> 0.0555  accuracy: 98.65% -> 98.42%      
client [11] (testset)   loss: 0.5460 -> 0.5486  accuracy: 66.67% -> 66.67%      
client [55] (testset)   loss: 0.0631 -> 0.0663  accuracy: 97.96% -> 97.70%      
client [13] (testset)   loss: 0.5276 -> 0.4872  accuracy: 75.00% -> 75.00%      
client [31] (testset)   loss: 0.4885 -> 0.4863  accuracy: 85.71% -> 85.71%      
client [75] (testset)   loss: 0.0395 -> 0.0438  accuracy: 98.45% -> 98.14%      
---------------------------- TRAINING EPOCH: 190 ----------------------------   
client [19] (testset)   loss: 0.0508 -> 0.0243  accuracy: 98.15% -> 100.00%     
client [7]  (testset)   loss: 0.1598 -> 0.1516  accuracy: 87.50% -> 87.50%      
client [57] (testset)   loss: 0.0881 -> 0.0913  accuracy: 99.03% -> 99.03%      
client [13] (testset)   loss: 0.5189 -> 0.5552  accuracy: 79.17% -> 75.00%      
client [43] (testset)   loss: 0.1900 -> 0.1843  accuracy: 92.51% -> 93.05%      
client [91] (testset)   loss: 0.0643 -> 0.0607  accuracy: 98.68% -> 98.84%      
client [10] (testset)   loss: 0.0489 -> 0.0478  accuracy: 97.03% -> 97.03%      
client [64] (testset)   loss: 0.0574 -> 0.0579  accuracy: 98.06% -> 98.06%      
client [82] (testset)   loss: 0.2128 -> 0.2135  accuracy: 94.37% -> 94.37%      
client [22] (testset)   loss: 0.0922 -> 0.0915  accuracy: 97.87% -> 95.74%      
---------------------------- TRAINING EPOCH: 200 ----------------------------   
client [20] (testset)   loss: 0.2860 -> 0.2771  accuracy: 93.67% -> 93.67%      
client [23] (testset)   loss: 0.0946 -> 0.0932  accuracy: 97.14% -> 97.14%      
client [88] (testset)   loss: 0.1069 -> 0.1081  accuracy: 98.53% -> 98.53%      
client [98] (testset)   loss: 0.1388 -> 0.1449  accuracy: 97.06% -> 97.06%      
client [79] (testset)   loss: 0.0198 -> 0.0278  accuracy: 98.46% -> 98.46%      
client [21] (testset)   loss: 0.0777 -> 0.0737  accuracy: 96.08% -> 96.08%      
client [92] (testset)   loss: 0.0648 -> 0.0511  accuracy: 100.00% -> 100.00%    
client [56] (testset)   loss: 0.1040 -> 0.0968  accuracy: 96.77% -> 97.85%      
client [5]  (testset)   loss: 0.1524 -> 0.1381  accuracy: 93.79% -> 95.86%      
client [52] (testset)   loss: 0.0047 -> 0.0045  accuracy: 100.00% -> 100.00%    
---------------------------- TRAINING EPOCH: 210 ----------------------------   
client [67] (testset)   loss: 0.0405 -> 0.0382  accuracy: 100.00% -> 100.00%    
client [54] (testset)   loss: 0.5841 -> 0.5949  accuracy: 93.02% -> 93.02%      
client [14] (testset)   loss: 0.0795 -> 0.0772  accuracy: 97.22% -> 97.92%      
client [99] (testset)   loss: 1.2421 -> 1.2710  accuracy: 66.67% -> 66.67%      
client [36] (testset)   loss: 0.0738 -> 0.0751  accuracy: 98.48% -> 98.48%      
client [30] (testset)   loss: 0.4135 -> 0.4206  accuracy: 95.00% -> 95.00%      
client [38] (testset)   loss: 0.1658 -> 0.1635  accuracy: 96.49% -> 96.49%      
client [15] (testset)   loss: 0.0439 -> 0.0454  accuracy: 98.17% -> 98.17%      
client [6]  (testset)   loss: 0.0203 -> 0.0193  accuracy: 99.74% -> 99.74%      
client [53] (testset)   loss: 0.1709 -> 0.1765  accuracy: 96.00% -> 96.00%      
---------------------------- TRAINING EPOCH: 220 ----------------------------   
client [99] (testset)   loss: 1.2809 -> 1.3035  accuracy: 66.67% -> 66.67%      
client [6]  (testset)   loss: 0.0202 -> 0.0202  accuracy: 99.74% -> 99.74%      
client [83] (testset)   loss: 0.2283 -> 0.2340  accuracy: 93.95% -> 93.95%      
client [42] (testset)   loss: 0.2326 -> 0.2302  accuracy: 95.63% -> 95.63%      
client [34] (testset)   loss: 0.8203 -> 0.8214  accuracy: 77.78% -> 77.78%      
client [15] (testset)   loss: 0.0460 -> 0.0445  accuracy: 98.17% -> 98.17%      
client [47] (testset)   loss: 0.1200 -> 0.1232  accuracy: 98.86% -> 98.86%      
client [55] (testset)   loss: 0.0619 -> 0.0656  accuracy: 98.21% -> 97.96%      
client [51] (testset)   loss: 0.1310 -> 0.1271  accuracy: 91.43% -> 91.43%      
client [95] (testset)   loss: 0.0099 -> 0.0095  accuracy: 99.64% -> 99.64%      
---------------------------- TRAINING EPOCH: 230 ----------------------------   
client [71] (testset)   loss: 0.0670 -> 0.0725  accuracy: 97.68% -> 97.68%      
client [15] (testset)   loss: 0.0453 -> 0.0460  accuracy: 98.17% -> 98.17%      
client [33] (testset)   loss: 0.0695 -> 0.0711  accuracy: 98.86% -> 98.69%      
client [99] (testset)   loss: 1.3686 -> 1.3479  accuracy: 66.67% -> 66.67%      
client [90] (testset)   loss: 0.1075 -> 0.1073  accuracy: 97.08% -> 97.08%      
client [57] (testset)   loss: 0.0932 -> 0.0950  accuracy: 99.03% -> 99.03%      
client [27] (testset)   loss: 0.1484 -> 0.1459  accuracy: 98.40% -> 98.40%      
client [78] (testset)   loss: 0.0533 -> 0.0530  accuracy: 98.09% -> 98.09%      
client [36] (testset)   loss: 0.0724 -> 0.0751  accuracy: 98.48% -> 98.48%      
client [88] (testset)   loss: 0.1081 -> 0.1089  accuracy: 98.53% -> 98.53%      
---------------------------- TRAINING EPOCH: 240 ----------------------------   
client [70] (testset)   loss: 0.1402 -> 0.1366  accuracy: 98.35% -> 98.35%      
client [35] (testset)   loss: 0.1417 -> 0.1335  accuracy: 95.10% -> 95.10%      
client [16] (testset)   loss: 0.0990 -> 0.0997  accuracy: 98.57% -> 98.57%      
client [80] (testset)   loss: 0.0069 -> 0.0059  accuracy: 100.00% -> 100.00%    
client [38] (testset)   loss: 0.1687 -> 0.1660  accuracy: 96.49% -> 96.49%      
client [78] (testset)   loss: 0.0493 -> 0.0500  accuracy: 98.73% -> 98.73%      
client [68] (testset)   loss: 0.1872 -> 0.1950  accuracy: 96.61% -> 96.61%      
client [11] (testset)   loss: 0.5253 -> 0.5391  accuracy: 66.67% -> 66.67%      
client [64] (testset)   loss: 0.0598 -> 0.0589  accuracy: 98.06% -> 98.06%      
client [82] (testset)   loss: 0.2164 -> 0.2194  accuracy: 94.37% -> 94.37%      
---------------------------- TRAINING EPOCH: 250 ----------------------------   
client [30] (testset)   loss: 0.4538 -> 0.4705  accuracy: 95.00% -> 95.00%      
client [27] (testset)   loss: 0.1451 -> 0.1514  accuracy: 98.40% -> 98.40%      
client [74] (testset)   loss: 0.1403 -> 0.1464  accuracy: 97.23% -> 97.23%      
client [45] (testset)   loss: 0.0511 -> 0.0505  accuracy: 98.47% -> 98.47%      
client [6]  (testset)   loss: 0.0200 -> 0.0203  accuracy: 99.74% -> 99.74%      
client [36] (testset)   loss: 0.0751 -> 0.0758  accuracy: 97.97% -> 98.48%      
client [63] (testset)   loss: 0.1423 -> 0.1490  accuracy: 97.81% -> 97.08%      
client [76] (testset)   loss: 0.4539 -> 0.4577  accuracy: 94.81% -> 94.81%      
client [83] (testset)   loss: 0.2315 -> 0.2309  accuracy: 93.59% -> 93.95%      
client [86] (testset)   loss: 0.0659 -> 0.0668  accuracy: 98.36% -> 98.63%      
---------------------------- TRAINING EPOCH: 260 ----------------------------   
client [83] (testset)   loss: 0.2291 -> 0.2320  accuracy: 93.95% -> 93.59%      
client [99] (testset)   loss: 1.3858 -> 1.4146  accuracy: 66.67% -> 66.67%      
client [74] (testset)   loss: 0.1425 -> 0.1414  accuracy: 96.62% -> 97.23%      
client [73] (testset)   loss: 0.2330 -> 0.2316  accuracy: 88.24% -> 91.18%      
client [29] (testset)   loss: 0.0439 -> 0.0448  accuracy: 98.89% -> 98.52%      
client [92] (testset)   loss: 0.0386 -> 0.0334  accuracy: 100.00% -> 100.00%    
client [6]  (testset)   loss: 0.0200 -> 0.0219  accuracy: 99.48% -> 99.48%      
client [61] (testset)   loss: 0.0400 -> 0.0414  accuracy: 99.41% -> 99.41%      
client [21] (testset)   loss: 0.0655 -> 0.0615  accuracy: 97.06% -> 96.08%      
client [67] (testset)   loss: 0.0345 -> 0.0341  accuracy: 100.00% -> 100.00%    
---------------------------- TRAINING EPOCH: 270 ----------------------------   
client [83] (testset)   loss: 0.2324 -> 0.2360  accuracy: 93.59% -> 93.59%      
client [32] (testset)   loss: 0.1674 -> 0.1685  accuracy: 96.03% -> 96.03%      
client [95] (testset)   loss: 0.0085 -> 0.0086  accuracy: 99.64% -> 99.64%      
client [61] (testset)   loss: 0.0408 -> 0.0408  accuracy: 99.71% -> 99.71%      
client [27] (testset)   loss: 0.1510 -> 0.1534  accuracy: 98.40% -> 98.40%      
client [25] (testset)   loss: 0.0378 -> 0.0389  accuracy: 98.85% -> 98.85%      
client [68] (testset)   loss: 0.1986 -> 0.1987  accuracy: 96.61% -> 96.61%      
client [34] (testset)   loss: 0.8106 -> 0.8239  accuracy: 77.78% -> 77.78%      
client [71] (testset)   loss: 0.0853 -> 0.0716  accuracy: 97.68% -> 97.68%      
client [89] (testset)   loss: 0.1819 -> 0.1744  accuracy: 93.94% -> 93.94%      
---------------------------- TRAINING EPOCH: 280 ----------------------------   
client [78] (testset)   loss: 0.0490 -> 0.0498  accuracy: 98.73% -> 98.73%      
client [81] (testset)   loss: 0.0654 -> 0.0635  accuracy: 98.77% -> 98.15%      
client [51] (testset)   loss: 0.1313 -> 0.1292  accuracy: 91.43% -> 91.43%      
client [54] (testset)   loss: 0.6176 -> 0.5431  accuracy: 93.02% -> 93.02%      
client [65] (testset)   loss: 0.0313 -> 0.0318  accuracy: 98.74% -> 98.74%      
client [41] (testset)   loss: 0.0294 -> 0.0298  accuracy: 98.95% -> 97.89%      
client [11] (testset)   loss: 0.5570 -> 0.5634  accuracy: 66.67% -> 66.67%      
client [85] (testset)   loss: 0.1645 -> 0.1566  accuracy: 97.41% -> 97.41%      
client [12] (testset)   loss: 0.0640 -> 0.0627  accuracy: 97.52% -> 97.52%      
client [23] (testset)   loss: 0.0573 -> 0.0635  accuracy: 97.14% -> 97.14%      
---------------------------- TRAINING EPOCH: 290 ----------------------------   
client [16] (testset)   loss: 0.0999 -> 0.1004  accuracy: 98.57% -> 98.57%      
client [65] (testset)   loss: 0.0328 -> 0.0323  accuracy: 98.74% -> 98.74%      
client [53] (testset)   loss: 0.1874 -> 0.1911  accuracy: 96.00% -> 96.00%      
client [58] (testset)   loss: 0.1390 -> 0.1356  accuracy: 95.04% -> 95.04%      
client [72] (testset)   loss: 0.0933 -> 0.0915  accuracy: 96.36% -> 96.36%      
client [7]  (testset)   loss: 0.1126 -> 0.1090  accuracy: 100.00% -> 100.00%    
client [71] (testset)   loss: 0.0752 -> 0.0741  accuracy: 97.68% -> 97.68%      
client [59] (testset)   loss: 0.4383 -> 0.4278  accuracy: 75.00% -> 75.00%      
client [86] (testset)   loss: 0.0665 -> 0.0689  accuracy: 98.36% -> 98.36%      
client [39] (testset)   loss: 0.0110 -> 0.0108  accuracy: 99.75% -> 99.75%      
---------------------------- TRAINING EPOCH: 300 ----------------------------   
client [99] (testset)   loss: 1.4430 -> 1.4455  accuracy: 66.67% -> 66.67%      
client [7]  (testset)   loss: 0.1073 -> 0.1052  accuracy: 100.00% -> 100.00%    
client [17] (testset)   loss: 0.0862 -> 0.0871  accuracy: 97.67% -> 97.67%      
client [64] (testset)   loss: 0.0578 -> 0.0579  accuracy: 98.06% -> 98.33%      
client [37] (testset)   loss: 0.2709 -> 0.2772  accuracy: 95.67% -> 95.67%      
client [29] (testset)   loss: 0.0424 -> 0.0436  accuracy: 98.52% -> 98.89%      
client [93] (testset)   loss: 0.0482 -> 0.0464  accuracy: 100.00% -> 100.00%    
client [73] (testset)   loss: 0.2253 -> 0.2226  accuracy: 88.24% -> 91.18%      
client [40] (testset)   loss: 0.1058 -> 0.1076  accuracy: 97.10% -> 97.10%      
client [76] (testset)   loss: 0.4536 -> 0.4593  accuracy: 94.81% -> 94.81%      
---------------------------- TRAINING EPOCH: 310 ----------------------------   
client [31] (testset)   loss: 0.4600 -> 0.4623  accuracy: 85.71% -> 85.71%      
client [89] (testset)   loss: 0.1669 -> 0.1784  accuracy: 93.94% -> 93.94%      
client [77] (testset)   loss: 0.1496 -> 0.1507  accuracy: 95.89% -> 95.89%      
client [90] (testset)   loss: 0.1037 -> 0.1054  accuracy: 97.08% -> 97.08%      
client [26] (testset)   loss: 0.5803 -> 0.6229  accuracy: 87.50% -> 91.67%      
client [50] (testset)   loss: 0.2242 -> 0.2204  accuracy: 93.33% -> 93.33%      
client [30] (testset)   loss: 0.4929 -> 0.4925  accuracy: 95.00% -> 95.00%      
client [70] (testset)   loss: 0.1360 -> 0.1360  accuracy: 98.35% -> 98.35%      
client [41] (testset)   loss: 0.0315 -> 0.0315  accuracy: 96.84% -> 96.84%      
client [99] (testset)   loss: 1.4413 -> 1.4547  accuracy: 66.67% -> 66.67%      
---------------------------- TRAINING EPOCH: 320 ----------------------------   
client [68] (testset)   loss: 0.2006 -> 0.2011  accuracy: 96.61% -> 96.61%      
client [70] (testset)   loss: 0.1380 -> 0.1428  accuracy: 98.17% -> 98.35%      
client [52] (testset)   loss: 0.0021 -> 0.0021  accuracy: 100.00% -> 100.00%    
client [1]  (testset)   loss: 0.0459 -> 0.0413  accuracy: 96.67% -> 96.67%      
client [2]  (testset)   loss: 0.0735 -> 0.0789  accuracy: 99.05% -> 99.05%      
client [67] (testset)   loss: 0.0323 -> 0.0312  accuracy: 100.00% -> 100.00%    
client [92] (testset)   loss: 0.0276 -> 0.0248  accuracy: 100.00% -> 100.00%    
client [35] (testset)   loss: 0.1358 -> 0.1432  accuracy: 95.10% -> 95.10%      
client [36] (testset)   loss: 0.0814 -> 0.0810  accuracy: 98.48% -> 98.48%      
client [64] (testset)   loss: 0.0576 -> 0.0592  accuracy: 98.06% -> 98.06%      
---------------------------- TRAINING EPOCH: 330 ----------------------------   
client [44] (testset)   loss: 0.1099 -> 0.1107  accuracy: 97.01% -> 97.01%      
client [6]  (testset)   loss: 0.0184 -> 0.0178  accuracy: 99.74% -> 99.74%      
client [12] (testset)   loss: 0.0626 -> 0.0635  accuracy: 97.52% -> 97.52%      
client [55] (testset)   loss: 0.0642 -> 0.0643  accuracy: 98.21% -> 97.96%      
client [29] (testset)   loss: 0.0441 -> 0.0446  accuracy: 98.89% -> 98.52%      
client [9]  (testset)   loss: 0.1150 -> 0.1121  accuracy: 97.39% -> 97.39%      
client [43] (testset)   loss: 0.1803 -> 0.1765  accuracy: 94.65% -> 94.65%      
client [77] (testset)   loss: 0.1510 -> 0.1516  accuracy: 95.89% -> 95.89%      
client [98] (testset)   loss: 0.1659 -> 0.1538  accuracy: 97.06% -> 94.12%      
client [78] (testset)   loss: 0.0554 -> 0.0533  accuracy: 98.09% -> 97.45%      
---------------------------- TRAINING EPOCH: 340 ----------------------------   
client [92] (testset)   loss: 0.0207 -> 0.0199  accuracy: 100.00% -> 100.00%    
client [80] (testset)   loss: 0.0025 -> 0.0024  accuracy: 100.00% -> 100.00%    
client [63] (testset)   loss: 0.1475 -> 0.1438  accuracy: 97.08% -> 97.08%      
client [76] (testset)   loss: 0.4679 -> 0.4708  accuracy: 94.81% -> 94.81%      
client [78] (testset)   loss: 0.0508 -> 0.0478  accuracy: 98.73% -> 98.73%      
client [25] (testset)   loss: 0.0374 -> 0.0390  accuracy: 98.85% -> 98.85%      
client [58] (testset)   loss: 0.1483 -> 0.1463  accuracy: 96.45% -> 95.74%      
client [13] (testset)   loss: 0.5521 -> 0.5512  accuracy: 79.17% -> 79.17%      
client [17] (testset)   loss: 0.0946 -> 0.0885  accuracy: 97.67% -> 97.67%      
client [38] (testset)   loss: 0.1619 -> 0.1583  accuracy: 96.49% -> 96.49%      
---------------------------- TRAINING EPOCH: 350 ----------------------------   
client [72] (testset)   loss: 0.0970 -> 0.0951  accuracy: 96.36% -> 96.36%      
client [82] (testset)   loss: 0.2355 -> 0.2340  accuracy: 94.37% -> 94.37%      
client [86] (testset)   loss: 0.0700 -> 0.0661  accuracy: 98.63% -> 98.36%      
client [51] (testset)   loss: 0.1263 -> 0.1228  accuracy: 91.43% -> 91.43%      
client [96] (testset)   loss: 0.0795 -> 0.0783  accuracy: 97.06% -> 97.06%      
client [42] (testset)   loss: 0.2476 -> 0.2612  accuracy: 95.63% -> 95.63%      
client [55] (testset)   loss: 0.0673 -> 0.0645  accuracy: 98.21% -> 97.96%      
client [13] (testset)   loss: 0.5600 -> 0.4939  accuracy: 75.00% -> 75.00%      
client [1]  (testset)   loss: 0.0421 -> 0.0433  accuracy: 96.67% -> 96.67%      
client [12] (testset)   loss: 0.0637 -> 0.0642  accuracy: 97.52% -> 97.52%      
---------------------------- TRAINING EPOCH: 360 ----------------------------   
client [68] (testset)   loss: 0.1971 -> 0.2031  accuracy: 96.61% -> 96.61%      
client [23] (testset)   loss: 0.0579 -> 0.0588  accuracy: 97.14% -> 97.14%      
client [46] (testset)   loss: 0.0577 -> 0.0588  accuracy: 98.42% -> 98.20%      
client [41] (testset)   loss: 0.0305 -> 0.0305  accuracy: 96.84% -> 96.84%      
client [25] (testset)   loss: 0.0383 -> 0.0377  accuracy: 98.85% -> 98.85%      
client [58] (testset)   loss: 0.1419 -> 0.1429  accuracy: 96.45% -> 96.45%      
client [14] (testset)   loss: 0.0808 -> 0.0787  accuracy: 97.22% -> 97.22%      
client [33] (testset)   loss: 0.0751 -> 0.0764  accuracy: 99.35% -> 98.86%      
client [85] (testset)   loss: 0.1614 -> 0.1568  accuracy: 97.41% -> 97.41%      
client [62] (testset)   loss: 0.1051 -> 0.1053  accuracy: 97.79% -> 97.79%      
---------------------------- TRAINING EPOCH: 370 ----------------------------   
client [98] (testset)   loss: 0.1601 -> 0.1622  accuracy: 97.06% -> 94.12%      
client [63] (testset)   loss: 0.1472 -> 0.1481  accuracy: 97.08% -> 97.08%      
client [70] (testset)   loss: 0.1406 -> 0.1444  accuracy: 98.17% -> 98.35%      
client [65] (testset)   loss: 0.0324 -> 0.0327  accuracy: 98.74% -> 98.74%      
client [14] (testset)   loss: 0.0717 -> 0.0779  accuracy: 98.61% -> 97.92%      
client [73] (testset)   loss: 0.2406 -> 0.2311  accuracy: 88.24% -> 91.18%      
client [34] (testset)   loss: 0.8819 -> 0.8927  accuracy: 83.33% -> 83.33%      
client [99] (testset)   loss: 1.4956 -> 1.5251  accuracy: 66.67% -> 66.67%      
client [69] (testset)   loss: 0.0265 -> 0.0261  accuracy: 99.27% -> 99.27%      
client [46] (testset)   loss: 0.0582 -> 0.0598  accuracy: 98.20% -> 97.97%      
---------------------------- TRAINING EPOCH: 380 ----------------------------   
client [99] (testset)   loss: 1.4988 -> 1.5150  accuracy: 66.67% -> 66.67%      
client [93] (testset)   loss: 0.0405 -> 0.0404  accuracy: 100.00% -> 100.00%    
client [11] (testset)   loss: 0.5169 -> 0.5083  accuracy: 66.67% -> 66.67%      
client [58] (testset)   loss: 0.1472 -> 0.1422  accuracy: 96.45% -> 96.45%      
client [81] (testset)   loss: 0.0673 -> 0.0681  accuracy: 98.15% -> 98.15%      
client [85] (testset)   loss: 0.1568 -> 0.1605  accuracy: 97.41% -> 97.41%      
client [89] (testset)   loss: 0.1740 -> 0.1736  accuracy: 93.94% -> 93.94%      
client [45] (testset)   loss: 0.0518 -> 0.0515  accuracy: 98.47% -> 98.47%      
client [8]  (testset)   loss: 0.0004 -> 0.0004  accuracy: 100.00% -> 100.00%    
client [68] (testset)   loss: 0.2000 -> 0.2043  accuracy: 96.61% -> 96.61%      
---------------------------- TRAINING EPOCH: 390 ----------------------------   
client [67] (testset)   loss: 0.0285 -> 0.0280  accuracy: 100.00% -> 100.00%    
client [72] (testset)   loss: 0.0918 -> 0.0923  accuracy: 96.36% -> 96.36%      
client [1]  (testset)   loss: 0.0426 -> 0.0422  accuracy: 96.67% -> 96.67%      
client [78] (testset)   loss: 0.0486 -> 0.0519  accuracy: 98.73% -> 98.73%      
client [83] (testset)   loss: 0.2438 -> 0.2432  accuracy: 93.59% -> 93.59%      
client [21] (testset)   loss: 0.0509 -> 0.0508  accuracy: 96.08% -> 97.06%      
client [56] (testset)   loss: 0.1182 -> 0.1184  accuracy: 97.85% -> 97.85%      
client [44] (testset)   loss: 0.1096 -> 0.1103  accuracy: 97.01% -> 97.31%      
client [92] (testset)   loss: 0.0149 -> 0.0145  accuracy: 100.00% -> 100.00%    
client [27] (testset)   loss: 0.1662 -> 0.1679  accuracy: 98.40% -> 98.40%      
---------------------------- TRAINING EPOCH: 400 ----------------------------   
client [10] (testset)   loss: 0.0482 -> 0.0479  accuracy: 97.03% -> 97.03%      
client [39] (testset)   loss: 0.0105 -> 0.0109  accuracy: 99.75% -> 99.75%      
client [65] (testset)   loss: 0.0329 -> 0.0328  accuracy: 98.74% -> 98.74%      
client [26] (testset)   loss: 0.6109 -> 0.6052  accuracy: 87.50% -> 87.50%      
client [19] (testset)   loss: 0.0137 -> 0.0121  accuracy: 100.00% -> 100.00%    
client [68] (testset)   loss: 0.2074 -> 0.2078  accuracy: 96.61% -> 96.61%      
client [41] (testset)   loss: 0.0289 -> 0.0289  accuracy: 97.89% -> 97.89%      
client [50] (testset)   loss: 0.2207 -> 0.2210  accuracy: 94.36% -> 93.85%      
client [75] (testset)   loss: 0.0543 -> 0.0387  accuracy: 97.52% -> 98.14%      
client [81] (testset)   loss: 0.0695 -> 0.0719  accuracy: 98.15% -> 98.15%      
Training... ━━━━━━━━━━━━━━━━━━━━━━━━━━━━━━━━━━━━━━━━ 100% 0:17:36
FedDpa's average time taken by each global epoch: 0 min 2.48 sec.               
FedDpa's total running time: 0 h 17 m 36 s.                                     
==================== FedDpa Experiment Results: ====================            
Display format: (before local fine-tuning) -> (after local fine-tuning)         
 So if finetune_epoch = 0, x.xx% -> 0.00% is normal.                            
 Centralized testing ONLY happens after model aggregation, so the stats between 
'->' are the same.                                                              
{                                                                               
    "100": {                                                                    
        "all_clients": {                                                        
            "test": {                                                           
                "loss": "0.1027 -> 0.0000",                                     
                "accuracy": "97.15% -> 0.00%"                                   
            }                                                                   
        }                                                                       
    },                                                                          
    "200": {                                                                    
        "all_clients": {                                                        
            "test": {                                                           
                "loss": "0.0959 -> 0.0000",                                     
                "accuracy": "97.57% -> 0.00%"                                   
            }                                                                   
        }                                                                       
    },                                                                          
    "300": {                                                                    
        "all_clients": {                                                        
            "test": {                                                           
                "loss": "0.1000 -> 0.0000",                                     
                "accuracy": "97.62% -> 0.00%"                                   
            }                                                                   
        }                                                                       
    },                                                                          
    "400": {                                                                    
        "all_clients": {                                                        
            "test": {                                                           
                "loss": "0.1018 -> 0.0000",                                     
                "accuracy": "97.66% -> 0.00%"                                   
            }                                                                   
        }                                                                       
    }                                                                           
}                                                                               
==================== FedDpa Max Accuracy ====================                   
all_clients:                                                                    
(test) before fine-tuning: 97.66% at epoch 400                                  
(test) after fine-tuning: 0.00% at epoch 100                                    
