Using downloaded and verified file: /home/ubuntu/PSFL/PSFL/data/svhn/raw/train_32x32.mat
Using downloaded and verified file: /home/ubuntu/PSFL/PSFL/data/svhn/raw/test_32x32.mat
==================== PSFL ====================                                  
Experiment Arguments:                                                           
{
│   'method': 'psfl',
│   'dataset': {
│   │   'name': 'svhn',
│   │   'client_num': 100,
│   │   'test_ratio': 0.25,
│   │   'val_ratio': 0.0,
│   │   'seed': 42,
│   │   'split': 'sample',
│   │   'IID_ratio': 0.0,
│   │   'monitor_window_name_suffix': 'svhn-100clients-0%IID-Dir(0.1)-seed42',
│   │   'alpha': 0.1,
│   │   'min_samples_per_client': 10
│   },
│   'model': {
│   │   'name': 'avgcnn',
│   │   'use_torchvision_pretrained_weights': True,
│   │   'external_model_weights_path': None
│   },
│   'optimizer': {
│   │   'lr': 0.01,
│   │   'dampening': 0,
│   │   'weight_decay': 0,
│   │   'momentum': 0,
│   │   'nesterov': False,
│   │   'name': 'sgd'
│   },
│   'mode': 'sequential',
│   'parallel': {
│   │   'ray_cluster_addr': None,
│   │   'num_cpus': None,
│   │   'num_gpus': None,
│   │   'num_workers': 2
│   },
│   'common': {
│   │   'seed': 42,
│   │   'join_ratio': 0.1,
│   │   'global_epoch': 400,
│   │   'local_epoch': 5,
│   │   'batch_size': 32,
│   │   'reset_optimizer_on_global_epoch': True,
│   │   'straggler_ratio': 0,
│   │   'straggler_min_local_epoch': 0,
│   │   'buffers': 'global',
│   │   'client_side_evaluation': True,
│   │   'test': {
│   │   │   'client': {
│   │   │   │   'interval': 100,
│   │   │   │   'finetune_epoch': 0,
│   │   │   │   'train': False,
│   │   │   │   'val': False,
│   │   │   │   'test': True
│   │   │   },
│   │   │   'server': {
│   │   │   │   'interval': -1,
│   │   │   │   'train': False,
│   │   │   │   'val': False,
│   │   │   │   'test': False,
│   │   │   │   'model_in_train_mode': False
│   │   │   }
│   │   },
│   │   'verbose_gap': 10,
│   │   'monitor': None,
│   │   'use_cuda': True,
│   │   'save_log': True,
│   │   'save_model': False,
│   │   'save_learning_curve_plot': False,
│   │   'save_metrics': True,
│   │   'delete_useless_run': True
│   },
│   'psfl': {
│   │   'alpha': 0.0,
│   │   'CLS': False,
│   │   'ig_ratio': 0.9995,
│   │   'track': False,
│   │   'score': 'obp'
│   }
}
---------------------------- TRAINING EPOCH: 10 ----------------------------    
client [77] (testset)   loss: 1.2458 -> 0.3971  accuracy: 67.31% -> 87.41%      
client [81] (testset)   loss: 2.3207 -> 0.3390  accuracy: 41.94% -> 90.32%      
client [21] (testset)   loss: 1.0343 -> 0.9107  accuracy: 72.22% -> 77.78%      
client [68] (testset)   loss: 0.6653 -> 0.0224  accuracy: 72.92% -> 100.00%     
client [93] (testset)   loss: 1.7206 -> 0.4926  accuracy: 43.87% -> 86.45%      
client [31] (testset)   loss: 0.8453 -> 0.3970  accuracy: 68.57% -> 85.71%      
client [20] (testset)   loss: 0.9620 -> 0.2548  accuracy: 71.88% -> 90.62%      
client [59] (testset)   loss: 2.0832 -> 0.3899  accuracy: 40.67% -> 86.27%      
client [48] (testset)   loss: 1.2759 -> 0.6323  accuracy: 69.70% -> 81.82%      
client [34] (testset)   loss: 1.2057 -> 0.4039  accuracy: 68.18% -> 81.82%      
---------------------------- TRAINING EPOCH: 20 ----------------------------    
client [69] (testset)   loss: 1.3257 -> 0.4576  accuracy: 62.25% -> 89.40%      
client [99] (testset)   loss: 0.9710 -> 0.2072  accuracy: 76.67% -> 93.81%      
client [67] (testset)   loss: 0.3810 -> 0.1598  accuracy: 87.35% -> 95.65%      
client [0]  (testset)   loss: 0.9757 -> 0.2596  accuracy: 72.37% -> 90.79%      
client [76] (testset)   loss: 0.2209 -> 0.0195  accuracy: 92.31% -> 99.36%      
client [41] (testset)   loss: 0.8615 -> 0.3516  accuracy: 77.04% -> 90.18%      
client [62] (testset)   loss: 1.0230 -> 0.2733  accuracy: 71.62% -> 91.70%      
client [2]  (testset)   loss: 0.8337 -> 0.0216  accuracy: 73.76% -> 99.31%      
client [14] (testset)   loss: 0.9886 -> 0.1076  accuracy: 70.83% -> 95.83%      
client [46] (testset)   loss: 1.1747 -> 0.5303  accuracy: 78.95% -> 92.11%      
---------------------------- TRAINING EPOCH: 30 ----------------------------    
client [24] (testset)   loss: 0.1795 -> 0.1978  accuracy: 96.27% -> 96.27%      
client [68] (testset)   loss: 0.0236 -> 0.0087  accuracy: 100.00% -> 100.00%    
client [57] (testset)   loss: 0.7166 -> 0.1606  accuracy: 81.98% -> 93.24%      
client [17] (testset)   loss: 0.3703 -> 0.0922  accuracy: 91.34% -> 98.43%      
client [54] (testset)   loss: 0.0769 -> 0.0823  accuracy: 97.94% -> 96.91%      
client [23] (testset)   loss: 0.4302 -> 0.2073  accuracy: 86.92% -> 96.26%      
client [35] (testset)   loss: 0.1513 -> 0.1350  accuracy: 96.40% -> 96.58%      
client [59] (testset)   loss: 0.5181 -> 0.2396  accuracy: 82.12% -> 90.93%      
client [31] (testset)   loss: 0.4455 -> 0.3967  accuracy: 91.43% -> 91.43%      
client [9]  (testset)   loss: 0.5964 -> 0.2470  accuracy: 86.52% -> 92.20%      
---------------------------- TRAINING EPOCH: 40 ----------------------------    
client [64] (testset)   loss: 0.2708 -> 0.2073  accuracy: 89.63% -> 91.85%      
client [33] (testset)   loss: 0.1551 -> 0.1182  accuracy: 96.92% -> 97.85%      
client [16] (testset)   loss: 0.4000 -> 0.0904  accuracy: 92.59% -> 98.77%      
client [44] (testset)   loss: 0.7187 -> 0.1429  accuracy: 84.54% -> 93.81%      
client [8]  (testset)   loss: 0.9536 -> 0.2481  accuracy: 68.75% -> 87.50%      
client [31] (testset)   loss: 0.3679 -> 0.3612  accuracy: 91.43% -> 91.43%      
client [47] (testset)   loss: 0.2181 -> 0.1567  accuracy: 95.10% -> 96.29%      
client [36] (testset)   loss: 2.1583 -> 2.8156  accuracy: 60.00% -> 60.00%      
client [20] (testset)   loss: 0.5736 -> 0.3181  accuracy: 85.42% -> 90.10%      
client [56] (testset)   loss: 0.4560 -> 0.2313  accuracy: 88.78% -> 93.99%      
---------------------------- TRAINING EPOCH: 50 ----------------------------    
client [4]  (testset)   loss: 0.6884 -> 0.1638  accuracy: 89.71% -> 98.53%      
client [60] (testset)   loss: 0.0199 -> 0.0004  accuracy: 100.00% -> 100.00%    
client [28] (testset)   loss: 0.0505 -> 0.1061  accuracy: 98.11% -> 97.64%      
client [25] (testset)   loss: 0.3746 -> 0.5157  accuracy: 97.50% -> 95.00%      
client [58] (testset)   loss: 0.3224 -> 0.2445  accuracy: 92.72% -> 93.49%      
client [44] (testset)   loss: 0.2952 -> 0.1303  accuracy: 90.72% -> 95.88%      
client [39] (testset)   loss: 0.0922 -> 0.0797  accuracy: 95.12% -> 97.56%      
client [29] (testset)   loss: 0.5043 -> 0.4485  accuracy: 87.41% -> 90.26%      
client [3]  (testset)   loss: 0.3009 -> 0.1344  accuracy: 91.16% -> 96.79%      
client [84] (testset)   loss: 0.6559 -> 0.4274  accuracy: 87.33% -> 88.69%      
---------------------------- TRAINING EPOCH: 60 ----------------------------    
client [21] (testset)   loss: 1.1784 -> 0.4767  accuracy: 66.67% -> 88.89%      
client [84] (testset)   loss: 0.7259 -> 0.4550  accuracy: 85.52% -> 89.14%      
client [10] (testset)   loss: 0.1756 -> 0.1128  accuracy: 94.98% -> 97.28%      
client [36] (testset)   loss: 2.4488 -> 2.8111  accuracy: 80.00% -> 80.00%      
client [65] (testset)   loss: 0.0833 -> 0.0735  accuracy: 98.26% -> 98.26%      
client [81] (testset)   loss: 0.9655 -> 0.6294  accuracy: 80.65% -> 87.10%      
client [79] (testset)   loss: 0.1936 -> 0.0663  accuracy: 95.07% -> 97.45%      
client [42] (testset)   loss: 0.1794 -> 0.1464  accuracy: 94.85% -> 95.59%      
client [11] (testset)   loss: 0.1051 -> 0.1527  accuracy: 97.40% -> 96.10%      
client [96] (testset)   loss: 0.0383 -> 0.0277  accuracy: 100.00% -> 100.00%    
---------------------------- TRAINING EPOCH: 70 ----------------------------    
client [8]  (testset)   loss: 0.4196 -> 0.2033  accuracy: 93.75% -> 93.75%      
client [53] (testset)   loss: 0.1415 -> 0.0911  accuracy: 94.32% -> 98.25%      
client [52] (testset)   loss: 0.1009 -> 0.0533  accuracy: 97.15% -> 98.22%      
client [42] (testset)   loss: 0.1374 -> 0.0985  accuracy: 96.32% -> 97.06%      
client [69] (testset)   loss: 0.4263 -> 0.3669  accuracy: 92.05% -> 92.72%      
client [59] (testset)   loss: 0.3401 -> 0.2913  accuracy: 90.67% -> 91.45%      
client [7]  (testset)   loss: 0.2646 -> 0.1732  accuracy: 92.78% -> 94.58%      
client [26] (testset)   loss: 0.0681 -> 0.0583  accuracy: 97.45% -> 98.73%      
client [49] (testset)   loss: 0.1488 -> 0.0735  accuracy: 96.22% -> 97.84%      
client [98] (testset)   loss: 0.2511 -> 0.2874  accuracy: 96.43% -> 96.03%      
---------------------------- TRAINING EPOCH: 80 ----------------------------    
client [98] (testset)   loss: 0.2665 -> 0.2875  accuracy: 95.24% -> 96.03%      
client [47] (testset)   loss: 0.2557 -> 0.2231  accuracy: 96.03% -> 96.03%      
client [21] (testset)   loss: 0.9373 -> 0.7356  accuracy: 77.78% -> 86.11%      
client [77] (testset)   loss: 0.5645 -> 0.4702  accuracy: 88.86% -> 92.01%      
client [95] (testset)   loss: 0.3954 -> 0.4040  accuracy: 94.68% -> 94.68%      
client [91] (testset)   loss: 0.5317 -> 0.4383  accuracy: 87.26% -> 89.17%      
client [14] (testset)   loss: 0.1003 -> 0.1092  accuracy: 98.81% -> 98.81%      
client [99] (testset)   loss: 0.1908 -> 0.1788  accuracy: 95.71% -> 95.71%      
client [20] (testset)   loss: 0.2977 -> 0.3290  accuracy: 91.67% -> 91.15%      
client [39] (testset)   loss: 0.1844 -> 0.1171  accuracy: 95.12% -> 97.56%      
---------------------------- TRAINING EPOCH: 90 ----------------------------    
client [52] (testset)   loss: 0.0810 -> 0.0633  accuracy: 97.33% -> 98.40%      
client [62] (testset)   loss: 0.3196 -> 0.3350  accuracy: 93.89% -> 95.20%      
client [71] (testset)   loss: 0.4738 -> 0.4389  accuracy: 93.44% -> 93.44%      
client [97] (testset)   loss: 0.1372 -> 0.1530  accuracy: 97.03% -> 96.60%      
client [30] (testset)   loss: 0.0126 -> 0.0009  accuracy: 100.00% -> 100.00%    
client [88] (testset)   loss: 0.1231 -> 0.1149  accuracy: 97.38% -> 97.05%      
client [60] (testset)   loss: 0.0015 -> 0.0006  accuracy: 100.00% -> 100.00%    
client [82] (testset)   loss: 1.2169 -> 1.1081  accuracy: 89.47% -> 89.47%      
client [91] (testset)   loss: 0.4454 -> 0.3695  accuracy: 87.26% -> 90.45%      
client [57] (testset)   loss: 0.2694 -> 0.1986  accuracy: 93.47% -> 95.95%      
---------------------------- TRAINING EPOCH: 100 ----------------------------   
client [31] (testset)   loss: 0.3597 -> 0.4069  accuracy: 94.29% -> 91.43%      
client [15] (testset)   loss: 0.2270 -> 0.1965  accuracy: 95.10% -> 95.38%      
client [71] (testset)   loss: 0.4837 -> 0.4559  accuracy: 92.35% -> 93.44%      
client [97] (testset)   loss: 0.1661 -> 0.1865  accuracy: 97.03% -> 96.60%      
client [53] (testset)   loss: 0.1065 -> 0.1130  accuracy: 96.94% -> 97.82%      
client [77] (testset)   loss: 0.5864 -> 0.4842  accuracy: 89.59% -> 91.77%      
client [76] (testset)   loss: 0.0501 -> 0.0345  accuracy: 98.72% -> 99.36%      
client [79] (testset)   loss: 0.0713 -> 0.0755  accuracy: 97.96% -> 98.13%      
client [28] (testset)   loss: 0.1464 -> 0.1485  accuracy: 98.11% -> 98.11%      
client [99] (testset)   loss: 0.1988 -> 0.1966  accuracy: 95.48% -> 95.71%      
---------------------------- TRAINING EPOCH: 110 ----------------------------   
client [97] (testset)   loss: 0.2183 -> 0.1898  accuracy: 97.03% -> 96.39%      
client [86] (testset)   loss: 0.4139 -> 0.3928  accuracy: 94.62% -> 95.16%      
client [34] (testset)   loss: 0.2992 -> 0.3060  accuracy: 90.91% -> 90.91%      
client [73] (testset)   loss: 0.0879 -> 0.0862  accuracy: 99.13% -> 99.13%      
client [5]  (testset)   loss: 0.1835 -> 0.1760  accuracy: 96.88% -> 95.31%      
client [96] (testset)   loss: 0.0079 -> 0.0127  accuracy: 100.00% -> 100.00%    
client [22] (testset)   loss: 1.1912 -> 1.2497  accuracy: 90.62% -> 87.50%      
client [60] (testset)   loss: 0.0005 -> 0.0004  accuracy: 100.00% -> 100.00%    
client [66] (testset)   loss: 0.3539 -> 0.2777  accuracy: 93.33% -> 94.81%      
client [83] (testset)   loss: 0.0010 -> 0.0007  accuracy: 100.00% -> 100.00%    
---------------------------- TRAINING EPOCH: 120 ----------------------------   
client [76] (testset)   loss: 0.0367 -> 0.0315  accuracy: 98.72% -> 98.72%      
client [65] (testset)   loss: 0.1146 -> 0.1098  accuracy: 98.53% -> 98.53%      
client [95] (testset)   loss: 0.4704 -> 0.4644  accuracy: 94.68% -> 95.74%      
client [17] (testset)   loss: 0.1788 -> 0.1498  accuracy: 99.21% -> 98.43%      
client [8]  (testset)   loss: 0.0047 -> 0.0015  accuracy: 100.00% -> 100.00%    
client [35] (testset)   loss: 0.1601 -> 0.1502  accuracy: 97.48% -> 96.94%      
client [98] (testset)   loss: 0.2928 -> 0.3231  accuracy: 96.43% -> 96.43%      
client [53] (testset)   loss: 0.0885 -> 0.0958  accuracy: 97.82% -> 97.38%      
client [43] (testset)   loss: 0.2449 -> 0.2780  accuracy: 94.40% -> 94.40%      
client [64] (testset)   loss: 0.3170 -> 0.2288  accuracy: 88.15% -> 91.85%      
---------------------------- TRAINING EPOCH: 130 ----------------------------   
client [21] (testset)   loss: 0.6932 -> 0.5886  accuracy: 83.33% -> 86.11%      
client [88] (testset)   loss: 0.1355 -> 0.1485  accuracy: 98.03% -> 98.03%      
client [38] (testset)   loss: 0.3403 -> 0.3165  accuracy: 97.24% -> 97.99%      
client [3]  (testset)   loss: 0.2401 -> 0.2020  accuracy: 96.79% -> 97.59%      
client [5]  (testset)   loss: 0.1290 -> 0.1059  accuracy: 92.19% -> 93.75%      
client [41] (testset)   loss: 0.4521 -> 0.4693  accuracy: 91.12% -> 91.83%      
client [7]  (testset)   loss: 0.2886 -> 0.2722  accuracy: 93.86% -> 94.95%      
client [37] (testset)   loss: 0.0600 -> 0.0259  accuracy: 98.86% -> 99.15%      
client [45] (testset)   loss: 0.2023 -> 0.0880  accuracy: 93.75% -> 96.88%      
client [47] (testset)   loss: 0.2986 -> 0.2664  accuracy: 96.82% -> 96.29%      
---------------------------- TRAINING EPOCH: 140 ----------------------------   
client [16] (testset)   loss: 0.1567 -> 0.1014  accuracy: 97.53% -> 97.53%      
client [11] (testset)   loss: 0.1129 -> 0.1654  accuracy: 98.70% -> 98.70%      
client [37] (testset)   loss: 0.0411 -> 0.0336  accuracy: 99.15% -> 99.15%      
client [41] (testset)   loss: 0.5129 -> 0.4909  accuracy: 90.89% -> 92.19%      
client [95] (testset)   loss: 0.5881 -> 0.5928  accuracy: 93.62% -> 92.55%      
client [53] (testset)   loss: 0.1018 -> 0.1229  accuracy: 97.82% -> 97.82%      
client [22] (testset)   loss: 1.1816 -> 1.2634  accuracy: 87.50% -> 87.50%      
client [25] (testset)   loss: 0.7709 -> 0.8343  accuracy: 95.00% -> 95.00%      
client [69] (testset)   loss: 0.4377 -> 0.4247  accuracy: 94.70% -> 94.70%      
client [46] (testset)   loss: 1.0379 -> 1.1091  accuracy: 84.21% -> 86.84%      
---------------------------- TRAINING EPOCH: 150 ----------------------------   
client [47] (testset)   loss: 0.2924 -> 0.2990  accuracy: 96.29% -> 96.69%      
client [69] (testset)   loss: 0.4924 -> 0.4836  accuracy: 94.04% -> 94.04%      
client [82] (testset)   loss: 1.7937 -> 1.7391  accuracy: 84.21% -> 84.21%      
client [45] (testset)   loss: 0.1933 -> 0.1388  accuracy: 96.88% -> 96.88%      
client [7]  (testset)   loss: 0.2724 -> 0.2671  accuracy: 93.86% -> 94.22%      
client [50] (testset)   loss: 0.0818 -> 0.0101  accuracy: 97.62% -> 100.00%     
client [35] (testset)   loss: 0.1576 -> 0.1513  accuracy: 97.48% -> 97.48%      
client [24] (testset)   loss: 0.3290 -> 0.3707  accuracy: 96.27% -> 95.96%      
client [15] (testset)   loss: 0.2487 -> 0.2274  accuracy: 94.96% -> 95.24%      
client [58] (testset)   loss: 0.4206 -> 0.3580  accuracy: 93.87% -> 93.87%      
---------------------------- TRAINING EPOCH: 160 ----------------------------   
client [48] (testset)   loss: 0.5647 -> 0.5789  accuracy: 90.91% -> 87.88%      
client [76] (testset)   loss: 0.0278 -> 0.0180  accuracy: 98.72% -> 99.36%      
client [67] (testset)   loss: 0.1551 -> 0.1240  accuracy: 96.44% -> 96.44%      
client [37] (testset)   loss: 0.0431 -> 0.0384  accuracy: 99.15% -> 99.15%      
client [58] (testset)   loss: 0.4704 -> 0.3958  accuracy: 93.49% -> 93.49%      
client [64] (testset)   loss: 0.3182 -> 0.2224  accuracy: 90.37% -> 92.59%      
client [77] (testset)   loss: 0.5785 -> 0.5463  accuracy: 92.25% -> 92.98%      
client [55] (testset)   loss: 0.3995 -> 0.3973  accuracy: 93.11% -> 93.88%      
client [12] (testset)   loss: 0.9803 -> 0.9168  accuracy: 90.91% -> 90.91%      
client [89] (testset)   loss: 0.2974 -> 0.2863  accuracy: 95.10% -> 95.10%      
---------------------------- TRAINING EPOCH: 170 ----------------------------   
client [84] (testset)   loss: 0.5901 -> 0.5766  accuracy: 89.14% -> 89.59%      
client [51] (testset)   loss: 0.2759 -> 0.2856  accuracy: 96.58% -> 96.58%      
client [8]  (testset)   loss: 0.0002 -> 0.0002  accuracy: 100.00% -> 100.00%    
client [18] (testset)   loss: 0.1932 -> 0.2010  accuracy: 96.12% -> 96.12%      
client [94] (testset)   loss: 0.0668 -> 0.0813  accuracy: 99.08% -> 98.47%      
client [81] (testset)   loss: 0.7034 -> 0.7198  accuracy: 93.55% -> 93.55%      
client [3]  (testset)   loss: 0.2389 -> 0.2469  accuracy: 96.39% -> 96.39%      
client [11] (testset)   loss: 0.3124 -> 0.2894  accuracy: 94.81% -> 94.81%      
client [95] (testset)   loss: 0.5499 -> 0.5488  accuracy: 94.68% -> 94.68%      
client [67] (testset)   loss: 0.1485 -> 0.1479  accuracy: 95.65% -> 96.05%      
---------------------------- TRAINING EPOCH: 180 ----------------------------   
client [21] (testset)   loss: 0.6460 -> 0.6868  accuracy: 83.33% -> 91.67%      
client [79] (testset)   loss: 0.1349 -> 0.0941  accuracy: 97.96% -> 98.30%      
client [58] (testset)   loss: 0.3766 -> 0.3623  accuracy: 94.25% -> 93.87%      
client [88] (testset)   loss: 0.1367 -> 0.1451  accuracy: 97.70% -> 97.38%      
client [46] (testset)   loss: 1.3732 -> 1.3431  accuracy: 86.84% -> 86.84%      
client [11] (testset)   loss: 0.2516 -> 0.2706  accuracy: 97.40% -> 96.10%      
client [55] (testset)   loss: 0.4157 -> 0.4134  accuracy: 93.62% -> 94.13%      
client [13] (testset)   loss: 0.3251 -> 0.2849  accuracy: 95.50% -> 95.00%      
client [31] (testset)   loss: 0.6287 -> 0.6285  accuracy: 88.57% -> 88.57%      
client [75] (testset)   loss: 0.2622 -> 0.2671  accuracy: 95.14% -> 95.83%      
---------------------------- TRAINING EPOCH: 190 ----------------------------   
client [19] (testset)   loss: 0.2579 -> 0.2849  accuracy: 94.52% -> 94.06%      
client [7]  (testset)   loss: 0.2996 -> 0.2960  accuracy: 94.58% -> 94.58%      
client [57] (testset)   loss: 0.2057 -> 0.2085  accuracy: 96.85% -> 96.62%      
client [13] (testset)   loss: 0.3419 -> 0.3103  accuracy: 95.50% -> 95.00%      
client [43] (testset)   loss: 0.2681 -> 0.3031  accuracy: 94.78% -> 94.40%      
client [91] (testset)   loss: 0.6043 -> 0.5792  accuracy: 89.17% -> 89.81%      
client [10] (testset)   loss: 0.1970 -> 0.1853  accuracy: 96.23% -> 96.23%      
client [64] (testset)   loss: 0.2332 -> 0.2189  accuracy: 94.07% -> 94.07%      
client [82] (testset)   loss: 1.8316 -> 1.8126  accuracy: 84.21% -> 84.21%      
client [22] (testset)   loss: 0.7766 -> 0.8609  accuracy: 90.62% -> 90.62%      
---------------------------- TRAINING EPOCH: 200 ----------------------------   
client [20] (testset)   loss: 0.5258 -> 0.5364  accuracy: 91.67% -> 92.19%      
client [23] (testset)   loss: 0.3133 -> 0.3175  accuracy: 98.13% -> 97.20%      
client [88] (testset)   loss: 0.1687 -> 0.1715  accuracy: 97.70% -> 97.38%      
client [98] (testset)   loss: 0.4233 -> 0.4222  accuracy: 96.03% -> 96.03%      
client [79] (testset)   loss: 0.0978 -> 0.0941  accuracy: 98.13% -> 98.47%      
client [21] (testset)   loss: 0.7482 -> 0.7353  accuracy: 83.33% -> 86.11%      
client [92] (testset)   loss: 0.6058 -> 0.5899  accuracy: 93.37% -> 93.37%      
client [56] (testset)   loss: 0.3608 -> 0.3712  accuracy: 95.58% -> 95.58%      
client [5]  (testset)   loss: 0.1932 -> 0.1900  accuracy: 96.88% -> 96.88%      
client [52] (testset)   loss: 0.0809 -> 0.0811  accuracy: 97.68% -> 98.04%      
---------------------------- TRAINING EPOCH: 210 ----------------------------   
client [67] (testset)   loss: 0.1867 -> 0.1865  accuracy: 96.05% -> 95.65%      
client [54] (testset)   loss: 0.1912 -> 0.1968  accuracy: 96.91% -> 96.91%      
client [14] (testset)   loss: 0.1714 -> 0.1706  accuracy: 98.81% -> 98.81%      
client [99] (testset)   loss: 0.3158 -> 0.3183  accuracy: 95.24% -> 95.48%      
client [36] (testset)   loss: 5.8820 -> 5.8922  accuracy: 70.00% -> 70.00%      
client [30] (testset)   loss: 0.0001 -> 0.0001  accuracy: 100.00% -> 100.00%    
client [38] (testset)   loss: 0.4033 -> 0.3935  accuracy: 97.49% -> 97.49%      
client [15] (testset)   loss: 0.3100 -> 0.3013  accuracy: 95.10% -> 95.66%      
client [6]  (testset)   loss: 0.1670 -> 0.1768  accuracy: 96.02% -> 96.02%      
client [53] (testset)   loss: 0.1800 -> 0.1796  accuracy: 97.82% -> 97.82%      
---------------------------- TRAINING EPOCH: 220 ----------------------------   
client [99] (testset)   loss: 0.3200 -> 0.3222  accuracy: 95.48% -> 95.71%      
client [6]  (testset)   loss: 0.2048 -> 0.1859  accuracy: 95.62% -> 95.62%      
client [83] (testset)   loss: 0.0007 -> 0.0007  accuracy: 100.00% -> 100.00%    
client [42] (testset)   loss: 0.2302 -> 0.2318  accuracy: 95.59% -> 95.59%      
client [34] (testset)   loss: 0.5008 -> 0.5086  accuracy: 90.91% -> 90.91%      
client [15] (testset)   loss: 0.2988 -> 0.3020  accuracy: 95.52% -> 95.52%      
client [47] (testset)   loss: 0.3705 -> 0.3756  accuracy: 96.69% -> 96.56%      
client [55] (testset)   loss: 0.4293 -> 0.4400  accuracy: 92.86% -> 93.62%      
client [51] (testset)   loss: 0.3487 -> 0.3423  accuracy: 96.96% -> 97.34%      
client [95] (testset)   loss: 0.6765 -> 0.6767  accuracy: 93.62% -> 93.62%      
---------------------------- TRAINING EPOCH: 230 ----------------------------   
client [71] (testset)   loss: 0.6053 -> 0.6254  accuracy: 93.99% -> 94.54%      
client [15] (testset)   loss: 0.3305 -> 0.3027  accuracy: 95.24% -> 95.94%      
client [33] (testset)   loss: 0.2213 -> 0.1788  accuracy: 97.54% -> 97.23%      
client [99] (testset)   loss: 0.3219 -> 0.3158  accuracy: 95.71% -> 95.71%      
client [90] (testset)   loss: 0.2271 -> 0.2363  accuracy: 96.30% -> 95.06%      
client [57] (testset)   loss: 0.2230 -> 0.2227  accuracy: 96.62% -> 96.62%      
client [27] (testset)   loss: 0.6698 -> 0.6617  accuracy: 91.00% -> 91.50%      
client [78] (testset)   loss: 0.1596 -> 0.1527  accuracy: 97.44% -> 97.44%      
client [36] (testset)   loss: 6.3507 -> 6.3093  accuracy: 70.00% -> 70.00%      
client [88] (testset)   loss: 0.1633 -> 0.1659  accuracy: 98.03% -> 97.70%      
---------------------------- TRAINING EPOCH: 240 ----------------------------   
client [70] (testset)   loss: 0.5797 -> 0.5812  accuracy: 92.36% -> 92.36%      
client [35] (testset)   loss: 0.1976 -> 0.1930  accuracy: 97.30% -> 97.48%      
client [16] (testset)   loss: 0.1402 -> 0.1406  accuracy: 98.77% -> 98.77%      
client [80] (testset)   loss: 1.0344 -> 1.0494  accuracy: 91.30% -> 89.86%      
client [38] (testset)   loss: 0.4083 -> 0.4103  accuracy: 97.49% -> 97.49%      
client [78] (testset)   loss: 0.1503 -> 0.1460  accuracy: 96.58% -> 97.44%      
client [68] (testset)   loss: 0.0001 -> 0.0001  accuracy: 100.00% -> 100.00%    
client [11] (testset)   loss: 0.2674 -> 0.2797  accuracy: 98.70% -> 97.40%      
client [64] (testset)   loss: 0.2568 -> 0.2366  accuracy: 94.07% -> 94.07%      
client [82] (testset)   loss: 2.4886 -> 2.4737  accuracy: 84.21% -> 84.21%      
---------------------------- TRAINING EPOCH: 250 ----------------------------   
client [30] (testset)   loss: 0.0001 -> 0.0002  accuracy: 100.00% -> 100.00%    
client [27] (testset)   loss: 0.6470 -> 0.6436  accuracy: 92.00% -> 91.50%      
client [74] (testset)   loss: 0.6554 -> 0.6472  accuracy: 87.42% -> 88.08%      
client [45] (testset)   loss: 0.1430 -> 0.1385  accuracy: 97.92% -> 96.88%      
client [6]  (testset)   loss: 0.1746 -> 0.1833  accuracy: 96.41% -> 95.62%      
client [36] (testset)   loss: 6.6532 -> 6.6284  accuracy: 70.00% -> 70.00%      
client [63] (testset)   loss: 1.0715 -> 1.0721  accuracy: 90.91% -> 90.91%      
client [76] (testset)   loss: 0.0345 -> 0.0315  accuracy: 99.36% -> 99.36%      
client [83] (testset)   loss: 0.0004 -> 0.0004  accuracy: 100.00% -> 100.00%    
client [86] (testset)   loss: 0.4771 -> 0.4810  accuracy: 94.09% -> 94.09%      
---------------------------- TRAINING EPOCH: 260 ----------------------------   
client [83] (testset)   loss: 0.0004 -> 0.0003  accuracy: 100.00% -> 100.00%    
client [99] (testset)   loss: 0.3371 -> 0.3399  accuracy: 95.48% -> 95.48%      
client [74] (testset)   loss: 0.7001 -> 0.6927  accuracy: 87.42% -> 88.08%      
client [73] (testset)   loss: 0.1500 -> 0.1487  accuracy: 99.13% -> 99.13%      
client [29] (testset)   loss: 0.9548 -> 0.9444  accuracy: 89.07% -> 90.02%      
client [92] (testset)   loss: 0.5835 -> 0.5896  accuracy: 93.92% -> 94.48%      
client [6]  (testset)   loss: 0.1866 -> 0.1844  accuracy: 95.62% -> 95.62%      
client [61] (testset)   loss: 0.7108 -> 0.7120  accuracy: 91.97% -> 92.37%      
client [21] (testset)   loss: 0.7261 -> 0.7216  accuracy: 83.33% -> 83.33%      
client [67] (testset)   loss: 0.2249 -> 0.2220  accuracy: 94.86% -> 94.47%      
---------------------------- TRAINING EPOCH: 270 ----------------------------   
client [83] (testset)   loss: 0.0003 -> 0.0002  accuracy: 100.00% -> 100.00%    
client [32] (testset)   loss: 0.7892 -> 0.7897  accuracy: 92.09% -> 92.09%      
client [95] (testset)   loss: 0.7113 -> 0.7111  accuracy: 93.62% -> 93.62%      
client [61] (testset)   loss: 0.7253 -> 0.7199  accuracy: 92.37% -> 92.37%      
client [27] (testset)   loss: 0.6442 -> 0.6482  accuracy: 93.00% -> 92.50%      
client [25] (testset)   loss: 1.2966 -> 1.3019  accuracy: 97.50% -> 97.50%      
client [68] (testset)   loss: 0.0001 -> 0.0001  accuracy: 100.00% -> 100.00%    
client [34] (testset)   loss: 0.5698 -> 0.5696  accuracy: 90.91% -> 90.91%      
client [71] (testset)   loss: 0.6339 -> 0.6449  accuracy: 94.54% -> 94.54%      
client [89] (testset)   loss: 0.3592 -> 0.3534  accuracy: 95.10% -> 95.10%      
---------------------------- TRAINING EPOCH: 280 ----------------------------   
client [78] (testset)   loss: 0.1527 -> 0.1494  accuracy: 96.58% -> 97.44%      
client [81] (testset)   loss: 0.9121 -> 0.9003  accuracy: 93.55% -> 93.55%      
client [51] (testset)   loss: 0.3801 -> 0.3849  accuracy: 96.58% -> 96.58%      
client [54] (testset)   loss: 0.2095 -> 0.2204  accuracy: 97.94% -> 96.91%      
client [65] (testset)   loss: 0.1569 -> 0.1535  accuracy: 97.86% -> 98.00%      
client [41] (testset)   loss: 0.6803 -> 0.6598  accuracy: 91.12% -> 91.36%      
client [11] (testset)   loss: 0.3355 -> 0.3355  accuracy: 97.40% -> 97.40%      
client [85] (testset)   loss: 0.2109 -> 0.2116  accuracy: 93.75% -> 93.75%      
client [12] (testset)   loss: 1.2178 -> 1.2122  accuracy: 90.91% -> 90.91%      
client [23] (testset)   loss: 0.3462 -> 0.3442  accuracy: 98.13% -> 98.13%      
---------------------------- TRAINING EPOCH: 290 ----------------------------   
client [16] (testset)   loss: 0.1766 -> 0.1757  accuracy: 97.53% -> 97.53%      
client [65] (testset)   loss: 0.1546 -> 0.1526  accuracy: 98.00% -> 98.13%      
client [53] (testset)   loss: 0.1892 -> 0.1897  accuracy: 97.82% -> 97.82%      
client [58] (testset)   loss: 0.4782 -> 0.4796  accuracy: 93.87% -> 93.87%      
client [72] (testset)   loss: 0.6865 -> 0.6703  accuracy: 92.72% -> 92.89%      
client [7]  (testset)   loss: 0.3396 -> 0.3389  accuracy: 94.58% -> 94.58%      
client [71] (testset)   loss: 0.6449 -> 0.6644  accuracy: 94.54% -> 93.99%      
client [59] (testset)   loss: 0.4866 -> 0.4938  accuracy: 91.19% -> 91.19%      
client [86] (testset)   loss: 0.4847 -> 0.4810  accuracy: 94.62% -> 94.62%      
client [39] (testset)   loss: 0.1465 -> 0.1490  accuracy: 97.56% -> 97.56%      
---------------------------- TRAINING EPOCH: 300 ----------------------------   
client [99] (testset)   loss: 0.3479 -> 0.3517  accuracy: 95.71% -> 95.95%      
client [7]  (testset)   loss: 0.3359 -> 0.3349  accuracy: 94.22% -> 94.22%      
client [17] (testset)   loss: 0.2221 -> 0.2227  accuracy: 99.21% -> 99.21%      
client [64] (testset)   loss: 0.2825 -> 0.2796  accuracy: 93.33% -> 93.33%      
client [37] (testset)   loss: 0.0368 -> 0.0366  accuracy: 99.43% -> 99.43%      
client [29] (testset)   loss: 0.9747 -> 0.9820  accuracy: 89.79% -> 89.79%      
client [93] (testset)   loss: 0.7270 -> 0.7260  accuracy: 87.74% -> 88.39%      
client [73] (testset)   loss: 0.1431 -> 0.1429  accuracy: 99.13% -> 99.13%      
client [40] (testset)   loss: 0.6332 -> 0.6416  accuracy: 84.75% -> 84.75%      
client [76] (testset)   loss: 0.0271 -> 0.0273  accuracy: 99.36% -> 99.36%      
---------------------------- TRAINING EPOCH: 310 ----------------------------   
client [31] (testset)   loss: 0.9051 -> 0.9048  accuracy: 91.43% -> 91.43%      
client [89] (testset)   loss: 0.3792 -> 0.3690  accuracy: 95.59% -> 95.59%      
client [77] (testset)   loss: 0.7113 -> 0.6982  accuracy: 92.01% -> 92.98%      
client [90] (testset)   loss: 0.2295 -> 0.2304  accuracy: 95.06% -> 95.06%      
client [26] (testset)   loss: 0.1325 -> 0.1328  accuracy: 99.36% -> 99.36%      
client [50] (testset)   loss: 0.0788 -> 0.0696  accuracy: 95.24% -> 95.24%      
client [30] (testset)   loss: 0.0001 -> 0.0001  accuracy: 100.00% -> 100.00%    
client [70] (testset)   loss: 0.6273 -> 0.6230  accuracy: 92.53% -> 92.53%      
client [41] (testset)   loss: 0.6645 -> 0.6748  accuracy: 91.36% -> 91.48%      
client [99] (testset)   loss: 0.3562 -> 0.3582  accuracy: 95.71% -> 95.71%      
---------------------------- TRAINING EPOCH: 320 ----------------------------   
client [68] (testset)   loss: 0.0001 -> 0.0000  accuracy: 100.00% -> 100.00%    
client [70] (testset)   loss: 0.6347 -> 0.6299  accuracy: 92.71% -> 92.53%      
client [52] (testset)   loss: 0.0757 -> 0.0778  accuracy: 98.40% -> 98.40%      
client [1]  (testset)   loss: 0.1102 -> 0.1126  accuracy: 98.33% -> 98.33%      
client [2]  (testset)   loss: 0.0639 -> 0.0628  accuracy: 99.31% -> 99.31%      
client [67] (testset)   loss: 0.2465 -> 0.2443  accuracy: 94.86% -> 94.47%      
client [92] (testset)   loss: 0.7372 -> 0.7139  accuracy: 93.37% -> 93.92%      
client [35] (testset)   loss: 0.2157 -> 0.2155  accuracy: 97.30% -> 97.30%      
client [36] (testset)   loss: 7.2758 -> 7.2490  accuracy: 70.00% -> 70.00%      
client [64] (testset)   loss: 0.2897 -> 0.2846  accuracy: 93.33% -> 93.33%      
---------------------------- TRAINING EPOCH: 330 ----------------------------   
client [44] (testset)   loss: 0.1892 -> 0.1916  accuracy: 96.91% -> 96.91%      
client [6]  (testset)   loss: 0.1879 -> 0.1886  accuracy: 95.62% -> 95.62%      
client [12] (testset)   loss: 1.1549 -> 1.1536  accuracy: 90.91% -> 90.91%      
client [55] (testset)   loss: 0.4966 -> 0.4986  accuracy: 93.11% -> 93.11%      
client [29] (testset)   loss: 0.9930 -> 0.9991  accuracy: 89.55% -> 89.55%      
client [9]  (testset)   loss: 1.0294 -> 1.0198  accuracy: 94.33% -> 94.33%      
client [43] (testset)   loss: 0.3444 -> 0.3282  accuracy: 94.78% -> 95.15%      
client [77] (testset)   loss: 0.7244 -> 0.7096  accuracy: 92.25% -> 92.74%      
client [98] (testset)   loss: 0.4925 -> 0.4851  accuracy: 96.43% -> 96.43%      
client [78] (testset)   loss: 0.1694 -> 0.1667  accuracy: 96.58% -> 97.44%      
---------------------------- TRAINING EPOCH: 340 ----------------------------   
client [92] (testset)   loss: 0.7156 -> 0.7017  accuracy: 93.92% -> 93.92%      
client [80] (testset)   loss: 1.2038 -> 1.2043  accuracy: 89.86% -> 89.86%      
client [63] (testset)   loss: 1.1027 -> 1.1017  accuracy: 90.91% -> 90.91%      
client [76] (testset)   loss: 0.0494 -> 0.0474  accuracy: 99.36% -> 99.36%      
client [78] (testset)   loss: 0.1766 -> 0.1723  accuracy: 96.58% -> 96.58%      
client [25] (testset)   loss: 1.4015 -> 1.4021  accuracy: 97.50% -> 97.50%      
client [58] (testset)   loss: 0.5062 -> 0.4974  accuracy: 93.87% -> 93.87%      
client [13] (testset)   loss: 0.3790 -> 0.3777  accuracy: 94.00% -> 94.00%      
client [17] (testset)   loss: 0.2297 -> 0.2302  accuracy: 99.21% -> 99.21%      
client [38] (testset)   loss: 0.4524 -> 0.4516  accuracy: 97.24% -> 97.24%      
---------------------------- TRAINING EPOCH: 350 ----------------------------   
client [72] (testset)   loss: 0.6975 -> 0.6920  accuracy: 93.40% -> 93.23%      
client [82] (testset)   loss: 2.7493 -> 2.7395  accuracy: 84.21% -> 84.21%      
client [86] (testset)   loss: 0.4995 -> 0.4994  accuracy: 93.55% -> 94.09%      
client [51] (testset)   loss: 0.4076 -> 0.4035  accuracy: 96.96% -> 96.96%      
client [96] (testset)   loss: 0.0026 -> 0.0030  accuracy: 100.00% -> 100.00%    
client [42] (testset)   loss: 0.2449 -> 0.2437  accuracy: 95.59% -> 95.59%      
client [55] (testset)   loss: 0.4870 -> 0.4940  accuracy: 93.37% -> 93.37%      
client [13] (testset)   loss: 0.3848 -> 0.3803  accuracy: 94.50% -> 94.50%      
client [1]  (testset)   loss: 0.1108 -> 0.1114  accuracy: 98.33% -> 98.33%      
client [12] (testset)   loss: 1.1675 -> 1.1641  accuracy: 90.91% -> 90.91%      
---------------------------- TRAINING EPOCH: 360 ----------------------------   
client [68] (testset)   loss: 0.0001 -> 0.0000  accuracy: 100.00% -> 100.00%    
client [23] (testset)   loss: 0.3560 -> 0.3586  accuracy: 98.13% -> 98.13%      
client [46] (testset)   loss: 1.8280 -> 1.8178  accuracy: 81.58% -> 81.58%      
client [41] (testset)   loss: 0.7033 -> 0.6979  accuracy: 91.36% -> 91.48%      
client [25] (testset)   loss: 1.4608 -> 1.4593  accuracy: 97.50% -> 97.50%      
client [58] (testset)   loss: 0.4938 -> 0.4941  accuracy: 93.87% -> 93.87%      
client [14] (testset)   loss: 0.2031 -> 0.2038  accuracy: 98.81% -> 98.81%      
client [33] (testset)   loss: 0.1822 -> 0.1787  accuracy: 97.85% -> 98.15%      
client [85] (testset)   loss: 0.2812 -> 0.2807  accuracy: 93.75% -> 93.75%      
client [62] (testset)   loss: 0.5448 -> 0.5320  accuracy: 94.98% -> 95.20%      
---------------------------- TRAINING EPOCH: 370 ----------------------------   
client [98] (testset)   loss: 0.4905 -> 0.4896  accuracy: 96.83% -> 96.83%      
client [63] (testset)   loss: 1.0922 -> 1.0941  accuracy: 90.91% -> 90.91%      
client [70] (testset)   loss: 0.6459 -> 0.6431  accuracy: 92.36% -> 92.53%      
client [65] (testset)   loss: 0.1702 -> 0.1666  accuracy: 97.86% -> 97.86%      
client [14] (testset)   loss: 0.2044 -> 0.2051  accuracy: 98.81% -> 98.81%      
client [73] (testset)   loss: 0.1597 -> 0.1590  accuracy: 99.13% -> 99.13%      
client [34] (testset)   loss: 0.5893 -> 0.5897  accuracy: 90.91% -> 90.91%      
client [99] (testset)   loss: 0.3617 -> 0.3627  accuracy: 95.71% -> 95.71%      
client [69] (testset)   loss: 0.7330 -> 0.7236  accuracy: 93.38% -> 94.04%      
client [46] (testset)   loss: 1.7874 -> 1.7766  accuracy: 81.58% -> 81.58%      
---------------------------- TRAINING EPOCH: 380 ----------------------------   
client [99] (testset)   loss: 0.3732 -> 0.3666  accuracy: 95.48% -> 95.48%      
client [93] (testset)   loss: 0.7236 -> 0.7231  accuracy: 89.03% -> 89.03%      
client [11] (testset)   loss: 0.3344 -> 0.3324  accuracy: 97.40% -> 97.40%      
client [58] (testset)   loss: 0.5112 -> 0.5038  accuracy: 93.49% -> 93.87%      
client [81] (testset)   loss: 0.9630 -> 0.9595  accuracy: 93.55% -> 93.55%      
client [85] (testset)   loss: 0.2724 -> 0.2704  accuracy: 93.75% -> 93.75%      
client [89] (testset)   loss: 0.3977 -> 0.4043  accuracy: 95.59% -> 95.59%      
client [45] (testset)   loss: 0.1335 -> 0.1327  accuracy: 97.92% -> 97.92%      
client [8]  (testset)   loss: 0.0029 -> 0.0028  accuracy: 100.00% -> 100.00%    
client [68] (testset)   loss: 0.0000 -> 0.0000  accuracy: 100.00% -> 100.00%    
---------------------------- TRAINING EPOCH: 390 ----------------------------   
client [67] (testset)   loss: 0.2699 -> 0.2626  accuracy: 94.86% -> 94.86%      
client [72] (testset)   loss: 0.7062 -> 0.7026  accuracy: 93.06% -> 93.23%      
client [1]  (testset)   loss: 0.1169 -> 0.1162  accuracy: 98.33% -> 98.33%      
client [78] (testset)   loss: 0.1792 -> 0.1749  accuracy: 96.58% -> 97.44%      
client [83] (testset)   loss: 0.0001 -> 0.0001  accuracy: 100.00% -> 100.00%    
client [21] (testset)   loss: 0.8102 -> 0.8078  accuracy: 86.11% -> 86.11%      
client [56] (testset)   loss: 0.4490 -> 0.4459  accuracy: 95.35% -> 95.46%      
client [44] (testset)   loss: 0.2240 -> 0.2211  accuracy: 96.91% -> 96.91%      
client [92] (testset)   loss: 0.7293 -> 0.7178  accuracy: 93.92% -> 93.92%      
client [27] (testset)   loss: 0.7063 -> 0.7078  accuracy: 93.00% -> 92.00%      
---------------------------- TRAINING EPOCH: 400 ----------------------------   
client [10] (testset)   loss: 0.2278 -> 0.2246  accuracy: 96.23% -> 96.23%      
client [39] (testset)   loss: 0.1421 -> 0.1440  accuracy: 97.56% -> 97.56%      
client [65] (testset)   loss: 0.1695 -> 0.1681  accuracy: 98.13% -> 98.13%      
client [26] (testset)   loss: 0.1342 -> 0.1385  accuracy: 99.36% -> 99.36%      
client [19] (testset)   loss: 0.3526 -> 0.3488  accuracy: 93.15% -> 93.15%      
client [68] (testset)   loss: 0.0000 -> 0.0000  accuracy: 100.00% -> 100.00%    
client [41] (testset)   loss: 0.7173 -> 0.7101  accuracy: 91.36% -> 91.36%      
client [50] (testset)   loss: 0.0534 -> 0.0548  accuracy: 97.62% -> 97.62%      
client [75] (testset)   loss: 0.3634 -> 0.3626  accuracy: 94.44% -> 94.44%      
client [81] (testset)   loss: 0.9848 -> 0.9793  accuracy: 93.55% -> 93.55%      
Training... ━━━━━━━━━━━━━━━━━━━━━━━━━━━━━━━━━━━━━━━━ 100% 0:10:41
PSFL's average time taken by each global epoch: 0 min 1.59 sec.                 
PSFL's total running time: 0 h 10 m 41 s.                                       
==================== PSFL Experiment Results: ====================              
Display format: (before local fine-tuning) -> (after local fine-tuning)         
 So if finetune_epoch = 0, x.xx% -> 0.00% is normal.                            
 Centralized testing ONLY happens after model aggregation, so the stats between 
'->' are the same.                                                              
{                                                                               
    "100": {                                                                    
        "all_clients": {                                                        
            "test": {                                                           
                "loss": "0.2580 -> 0.0000",                                     
                "accuracy": "95.20% -> 0.00%"                                   
            }                                                                   
        }                                                                       
    },                                                                          
    "200": {                                                                    
        "all_clients": {                                                        
            "test": {                                                           
                "loss": "0.3406 -> 0.0000",                                     
                "accuracy": "95.42% -> 0.00%"                                   
            }                                                                   
        }                                                                       
    },                                                                          
    "300": {                                                                    
        "all_clients": {                                                        
            "test": {                                                           
                "loss": "0.3868 -> 0.0000",                                     
                "accuracy": "95.46% -> 0.00%"                                   
            }                                                                   
        }                                                                       
    },                                                                          
    "400": {                                                                    
        "all_clients": {                                                        
            "test": {                                                           
                "loss": "0.4097 -> 0.0000",                                     
                "accuracy": "95.49% -> 0.00%"                                   
            }                                                                   
        }                                                                       
    }                                                                           
}                                                                               
==================== PSFL Max Accuracy ====================                     
all_clients:                                                                    
(test) before fine-tuning: 95.49% at epoch 400                                  
(test) after fine-tuning: 0.00% at epoch 100                                    
