==================== FedDpa ====================                                
Experiment Arguments:                                                           
{
│   'method': 'feddpa',
│   'dataset': {
│   │   'name': 'emnist',
│   │   'client_num': 100,
│   │   'test_ratio': 0.25,
│   │   'val_ratio': 0.0,
│   │   'seed': 42,
│   │   'split': 'sample',
│   │   'IID_ratio': 0.0,
│   │   'monitor_window_name_suffix': 'emnist-100clients-0%IID-Dir(0.1)-seed42',
│   │   'emnist_split': 'byclass',
│   │   'alpha': 0.1,
│   │   'min_samples_per_client': 10
│   },
│   'model': {
│   │   'name': 'avgcnn',
│   │   'use_torchvision_pretrained_weights': True,
│   │   'external_model_weights_path': None
│   },
│   'optimizer': {
│   │   'lr': 0.01,
│   │   'dampening': 0,
│   │   'weight_decay': 0,
│   │   'momentum': 0,
│   │   'nesterov': False,
│   │   'name': 'sgd'
│   },
│   'mode': 'sequential',
│   'parallel': {
│   │   'ray_cluster_addr': None,
│   │   'num_cpus': None,
│   │   'num_gpus': None,
│   │   'num_workers': 2
│   },
│   'common': {
│   │   'seed': 42,
│   │   'join_ratio': 0.1,
│   │   'global_epoch': 400,
│   │   'local_epoch': 5,
│   │   'batch_size': 32,
│   │   'reset_optimizer_on_global_epoch': True,
│   │   'straggler_ratio': 0,
│   │   'straggler_min_local_epoch': 0,
│   │   'buffers': 'global',
│   │   'client_side_evaluation': True,
│   │   'test': {
│   │   │   'client': {
│   │   │   │   'interval': 100,
│   │   │   │   'finetune_epoch': 0,
│   │   │   │   'train': False,
│   │   │   │   'val': False,
│   │   │   │   'test': True
│   │   │   },
│   │   │   'server': {
│   │   │   │   'interval': -1,
│   │   │   │   'train': False,
│   │   │   │   'val': False,
│   │   │   │   'test': False,
│   │   │   │   'model_in_train_mode': False
│   │   │   }
│   │   },
│   │   'verbose_gap': 10,
│   │   'monitor': None,
│   │   'use_cuda': True,
│   │   'save_log': True,
│   │   'save_model': False,
│   │   'save_learning_curve_plot': False,
│   │   'save_metrics': True,
│   │   'delete_useless_run': True
│   },
│   'feddpa': {
│   │   'fisher_threshold': 0.9991
│   }
}
---------------------------- TRAINING EPOCH: 10 ----------------------------    
client [77] (testset)   loss: 0.5658 -> 0.1405  accuracy: 85.17% -> 96.50%      
client [81] (testset)   loss: 1.6010 -> 0.2746  accuracy: 64.25% -> 89.00%      
client [21] (testset)   loss: 1.4764 -> 0.1513  accuracy: 64.06% -> 95.20%      
client [68] (testset)   loss: 0.8275 -> 0.1421  accuracy: 76.83% -> 96.30%      
client [93] (testset)   loss: 0.5783 -> 0.1150  accuracy: 85.89% -> 95.88%      
client [31] (testset)   loss: 0.9167 -> 0.1749  accuracy: 74.89% -> 93.90%      
client [20] (testset)   loss: 0.7345 -> 0.1817  accuracy: 76.19% -> 94.80%      
client [59] (testset)   loss: 1.1822 -> 0.2064  accuracy: 70.37% -> 92.86%      
client [48] (testset)   loss: 1.6062 -> 0.4167  accuracy: 51.74% -> 83.53%      
client [34] (testset)   loss: 0.3659 -> 0.0979  accuracy: 91.22% -> 97.50%      
---------------------------- TRAINING EPOCH: 20 ----------------------------    
client [69] (testset)   loss: 1.2743 -> 0.2197  accuracy: 73.23% -> 94.04%      
client [99] (testset)   loss: 0.6193 -> 0.1106  accuracy: 84.55% -> 97.00%      
client [67] (testset)   loss: 0.7539 -> 0.1223  accuracy: 75.55% -> 95.22%      
client [0]  (testset)   loss: 0.3525 -> 0.1187  accuracy: 90.31% -> 96.63%      
client [76] (testset)   loss: 1.5739 -> 0.0944  accuracy: 66.35% -> 96.33%      
client [41] (testset)   loss: 0.8853 -> 0.2400  accuracy: 76.61% -> 92.48%      
client [62] (testset)   loss: 1.0893 -> 0.1511  accuracy: 73.83% -> 96.61%      
client [2]  (testset)   loss: 1.4178 -> 0.0883  accuracy: 71.40% -> 97.49%      
client [14] (testset)   loss: 0.7817 -> 0.1542  accuracy: 80.06% -> 95.77%      
client [46] (testset)   loss: 1.0234 -> 0.0661  accuracy: 68.02% -> 98.41%      
---------------------------- TRAINING EPOCH: 30 ----------------------------    
client [24] (testset)   loss: 0.1279 -> 0.1339  accuracy: 96.26% -> 96.10%      
client [68] (testset)   loss: 0.7198 -> 0.1423  accuracy: 84.02% -> 96.51%      
client [57] (testset)   loss: 1.2611 -> 0.0669  accuracy: 55.36% -> 98.82%      
client [17] (testset)   loss: 1.8094 -> 0.2441  accuracy: 51.68% -> 93.64%      
client [54] (testset)   loss: 1.1622 -> 0.1396  accuracy: 67.79% -> 96.27%      
client [23] (testset)   loss: 1.7979 -> 0.3418  accuracy: 60.36% -> 85.33%      
client [35] (testset)   loss: 0.9501 -> 0.0814  accuracy: 74.78% -> 98.09%      
client [59] (testset)   loss: 0.9757 -> 0.2050  accuracy: 73.58% -> 92.97%      
client [31] (testset)   loss: 0.4826 -> 0.1795  accuracy: 86.63% -> 94.60%      
client [9]  (testset)   loss: 0.3279 -> 0.1173  accuracy: 91.27% -> 97.03%      
---------------------------- TRAINING EPOCH: 40 ----------------------------    
client [64] (testset)   loss: 1.1294 -> 0.2829  accuracy: 74.38% -> 92.60%      
client [33] (testset)   loss: 0.5939 -> 0.0737  accuracy: 82.93% -> 98.32%      
client [16] (testset)   loss: 1.2069 -> 0.2247  accuracy: 64.64% -> 94.48%      
client [44] (testset)   loss: 1.5334 -> 0.2473  accuracy: 62.55% -> 94.04%      
client [8]  (testset)   loss: 1.5687 -> 0.2354  accuracy: 63.59% -> 93.25%      
client [31] (testset)   loss: 1.1647 -> 0.1712  accuracy: 73.31% -> 94.44%      
client [47] (testset)   loss: 0.7881 -> 0.2109  accuracy: 78.21% -> 93.76%      
client [36] (testset)   loss: 0.9922 -> 0.1242  accuracy: 70.53% -> 97.02%      
client [20] (testset)   loss: 0.5972 -> 0.1836  accuracy: 86.13% -> 94.49%      
client [56] (testset)   loss: 0.8035 -> 0.0799  accuracy: 84.41% -> 98.39%      
---------------------------- TRAINING EPOCH: 50 ----------------------------    
client [4]  (testset)   loss: 1.4244 -> 0.3324  accuracy: 67.57% -> 88.99%      
client [60] (testset)   loss: 0.4986 -> 0.0527  accuracy: 86.25% -> 98.46%      
client [28] (testset)   loss: 0.9262 -> 0.1172  accuracy: 76.97% -> 95.41%      
client [25] (testset)   loss: 0.9777 -> 0.1066  accuracy: 79.80% -> 96.16%      
client [58] (testset)   loss: 0.4090 -> 0.0746  accuracy: 88.67% -> 98.66%      
client [44] (testset)   loss: 1.8138 -> 0.2430  accuracy: 58.83% -> 92.98%      
client [39] (testset)   loss: 1.2922 -> 0.1100  accuracy: 66.18% -> 97.16%      
client [29] (testset)   loss: 0.9044 -> 0.1572  accuracy: 81.12% -> 94.35%      
client [3]  (testset)   loss: 0.7367 -> 0.1290  accuracy: 77.65% -> 96.87%      
client [84] (testset)   loss: 0.4913 -> 0.1449  accuracy: 90.29% -> 96.17%      
---------------------------- TRAINING EPOCH: 60 ----------------------------    
client [21] (testset)   loss: 0.8262 -> 0.1759  accuracy: 84.12% -> 95.75%      
client [84] (testset)   loss: 0.8328 -> 0.1228  accuracy: 77.56% -> 95.49%      
client [10] (testset)   loss: 0.8409 -> 0.1954  accuracy: 76.64% -> 93.15%      
client [36] (testset)   loss: 0.6386 -> 0.1389  accuracy: 82.11% -> 96.62%      
client [65] (testset)   loss: 1.3443 -> 0.3473  accuracy: 66.57% -> 91.47%      
client [81] (testset)   loss: 0.9792 -> 0.3178  accuracy: 78.25% -> 88.83%      
client [79] (testset)   loss: 1.2340 -> 0.3211  accuracy: 72.53% -> 92.95%      
client [42] (testset)   loss: 2.3850 -> 0.1922  accuracy: 39.79% -> 94.97%      
client [11] (testset)   loss: 0.7510 -> 0.1304  accuracy: 84.28% -> 96.48%      
client [96] (testset)   loss: 0.7876 -> 0.1743  accuracy: 71.82% -> 96.40%      
---------------------------- TRAINING EPOCH: 70 ----------------------------    
client [8]  (testset)   loss: 1.9766 -> 0.2595  accuracy: 62.24% -> 93.48%      
client [53] (testset)   loss: 0.5092 -> 0.1528  accuracy: 90.51% -> 97.06%      
client [52] (testset)   loss: 1.1918 -> 0.2847  accuracy: 69.83% -> 91.51%      
client [42] (testset)   loss: 0.5139 -> 0.2044  accuracy: 88.01% -> 95.22%      
client [69] (testset)   loss: 0.7722 -> 0.3000  accuracy: 84.59% -> 93.93%      
client [59] (testset)   loss: 0.8936 -> 0.2354  accuracy: 80.12% -> 93.08%      
client [7]  (testset)   loss: 0.8958 -> 0.1842  accuracy: 74.69% -> 95.50%      
client [26] (testset)   loss: 0.6874 -> 0.2768  accuracy: 87.75% -> 93.72%      
client [49] (testset)   loss: 0.3776 -> 0.0831  accuracy: 91.10% -> 97.90%      
client [98] (testset)   loss: 0.8921 -> 0.1051  accuracy: 82.71% -> 96.55%      
---------------------------- TRAINING EPOCH: 80 ----------------------------    
client [98] (testset)   loss: 0.7030 -> 0.1183  accuracy: 89.10% -> 96.65%      
client [47] (testset)   loss: 0.8991 -> 0.2596  accuracy: 82.56% -> 93.59%      
client [21] (testset)   loss: 0.7973 -> 0.1866  accuracy: 84.08% -> 95.57%      
client [77] (testset)   loss: 0.4047 -> 0.1764  accuracy: 91.00% -> 96.44%      
client [95] (testset)   loss: 1.2417 -> 0.1852  accuracy: 67.50% -> 96.32%      
client [91] (testset)   loss: 1.2047 -> 0.0667  accuracy: 77.93% -> 98.59%      
client [14] (testset)   loss: 1.5459 -> 0.2237  accuracy: 64.83% -> 95.47%      
client [99] (testset)   loss: 0.4689 -> 0.1190  accuracy: 90.38% -> 96.39%      
client [20] (testset)   loss: 1.7842 -> 0.2097  accuracy: 58.56% -> 94.89%      
client [39] (testset)   loss: 1.1142 -> 0.1253  accuracy: 80.52% -> 97.64%      
---------------------------- TRAINING EPOCH: 90 ----------------------------    
client [52] (testset)   loss: 1.8722 -> 0.3177  accuracy: 62.46% -> 92.07%      
client [62] (testset)   loss: 0.6982 -> 0.1772  accuracy: 86.42% -> 96.89%      
client [71] (testset)   loss: 0.4045 -> 0.1125  accuracy: 90.21% -> 97.47%      
client [97] (testset)   loss: 0.5766 -> 0.1059  accuracy: 87.94% -> 98.03%      
client [30] (testset)   loss: 1.1411 -> 0.2525  accuracy: 78.03% -> 94.58%      
client [88] (testset)   loss: 1.2335 -> 0.2916  accuracy: 74.39% -> 92.45%      
client [60] (testset)   loss: 0.4866 -> 0.0880  accuracy: 89.81% -> 98.22%      
client [82] (testset)   loss: 1.2489 -> 0.4544  accuracy: 61.95% -> 80.17%      
client [91] (testset)   loss: 0.5945 -> 0.0789  accuracy: 86.90% -> 98.42%      
client [57] (testset)   loss: 0.5788 -> 0.0766  accuracy: 86.16% -> 98.28%      
---------------------------- TRAINING EPOCH: 100 ----------------------------   
client [31] (testset)   loss: 0.8218 -> 0.2475  accuracy: 81.69% -> 94.48%      
client [15] (testset)   loss: 1.1369 -> 0.2611  accuracy: 71.83% -> 92.85%      
client [71] (testset)   loss: 0.2856 -> 0.1069  accuracy: 93.78% -> 97.57%      
client [97] (testset)   loss: 0.4250 -> 0.1160  accuracy: 92.62% -> 98.13%      
client [53] (testset)   loss: 0.5224 -> 0.1865  accuracy: 90.90% -> 97.06%      
client [77] (testset)   loss: 0.5983 -> 0.2044  accuracy: 88.54% -> 96.50%      
client [76] (testset)   loss: 1.2231 -> 0.1662  accuracy: 69.72% -> 95.53%      
client [79] (testset)   loss: 1.0419 -> 0.3494  accuracy: 77.16% -> 92.63%      
client [28] (testset)   loss: 0.5340 -> 0.1423  accuracy: 85.78% -> 94.65%      
client [99] (testset)   loss: 1.0581 -> 0.1464  accuracy: 77.48% -> 96.36%      
---------------------------- TRAINING EPOCH: 110 ----------------------------   
client [97] (testset)   loss: 0.3533 -> 0.1113  accuracy: 93.51% -> 98.13%      
client [86] (testset)   loss: 1.3515 -> 0.3499  accuracy: 71.31% -> 92.57%      
client [34] (testset)   loss: 0.7996 -> 0.1478  accuracy: 83.46% -> 97.50%      
client [73] (testset)   loss: 0.6259 -> 0.2745  accuracy: 88.30% -> 94.06%      
client [5]  (testset)   loss: 0.6623 -> 0.2042  accuracy: 87.57% -> 95.82%      
client [96] (testset)   loss: 1.0531 -> 0.2458  accuracy: 74.81% -> 95.88%      
client [22] (testset)   loss: 0.6425 -> 0.2750  accuracy: 89.45% -> 94.80%      
client [60] (testset)   loss: 0.9389 -> 0.1097  accuracy: 78.30% -> 97.92%      
client [66] (testset)   loss: 1.3369 -> 0.2426  accuracy: 78.32% -> 96.64%      
client [83] (testset)   loss: 1.0473 -> 0.2390  accuracy: 74.94% -> 95.72%      
---------------------------- TRAINING EPOCH: 120 ----------------------------   
client [76] (testset)   loss: 0.4555 -> 0.1812  accuracy: 89.30% -> 96.04%      
client [65] (testset)   loss: 1.3197 -> 0.4091  accuracy: 77.74% -> 90.92%      
client [95] (testset)   loss: 0.8857 -> 0.2016  accuracy: 81.21% -> 96.18%      
client [17] (testset)   loss: 2.0498 -> 0.3169  accuracy: 65.09% -> 92.77%      
client [8]  (testset)   loss: 1.5016 -> 0.3104  accuracy: 67.23% -> 92.72%      
client [35] (testset)   loss: 0.7769 -> 0.1097  accuracy: 82.54% -> 97.91%      
client [98] (testset)   loss: 0.7085 -> 0.1388  accuracy: 87.22% -> 96.45%      
client [53] (testset)   loss: 0.8745 -> 0.1817  accuracy: 82.85% -> 97.01%      
client [43] (testset)   loss: 1.5078 -> 0.3243  accuracy: 66.30% -> 90.65%      
client [64] (testset)   loss: 1.3434 -> 0.3910  accuracy: 69.07% -> 90.51%      
---------------------------- TRAINING EPOCH: 130 ----------------------------   
client [21] (testset)   loss: 0.9706 -> 0.2163  accuracy: 85.07% -> 95.49%      
client [88] (testset)   loss: 1.0292 -> 0.3531  accuracy: 82.66% -> 91.94%      
client [38] (testset)   loss: 0.5071 -> 0.1487  accuracy: 88.00% -> 96.62%      
client [3]  (testset)   loss: 0.4729 -> 0.1868  accuracy: 92.24% -> 96.70%      
client [5]  (testset)   loss: 1.2412 -> 0.2153  accuracy: 77.66% -> 95.78%      
client [41] (testset)   loss: 0.8390 -> 0.3890  accuracy: 83.32% -> 92.98%      
client [7]  (testset)   loss: 0.6338 -> 0.2208  accuracy: 86.30% -> 95.76%      
client [37] (testset)   loss: 1.4033 -> 0.3007  accuracy: 74.19% -> 92.70%      
client [45] (testset)   loss: 1.4058 -> 0.3448  accuracy: 70.83% -> 89.67%      
client [47] (testset)   loss: 0.6961 -> 0.2937  accuracy: 85.04% -> 93.68%      
---------------------------- TRAINING EPOCH: 140 ----------------------------   
client [16] (testset)   loss: 0.5350 -> 0.3214  accuracy: 87.35% -> 94.24%      
client [11] (testset)   loss: 0.4420 -> 0.1496  accuracy: 91.72% -> 96.97%      
client [37] (testset)   loss: 0.7699 -> 0.3026  accuracy: 83.68% -> 92.70%      
client [41] (testset)   loss: 1.3932 -> 0.3924  accuracy: 77.18% -> 93.48%      
client [95] (testset)   loss: 0.6137 -> 0.2177  accuracy: 87.67% -> 96.22%      
client [53] (testset)   loss: 0.6308 -> 0.1965  accuracy: 87.81% -> 96.58%      
client [22] (testset)   loss: 0.7278 -> 0.2748  accuracy: 86.80% -> 94.42%      
client [25] (testset)   loss: 0.4236 -> 0.0928  accuracy: 88.69% -> 97.59%      
client [69] (testset)   loss: 0.6105 -> 0.3284  accuracy: 87.85% -> 94.15%      
client [46] (testset)   loss: 0.5201 -> 0.1086  accuracy: 91.46% -> 98.21%      
---------------------------- TRAINING EPOCH: 150 ----------------------------   
client [47] (testset)   loss: 0.7326 -> 0.3800  accuracy: 85.13% -> 92.48%      
client [69] (testset)   loss: 0.8093 -> 0.3692  accuracy: 87.74% -> 93.93%      
client [82] (testset)   loss: 1.6996 -> 0.5966  accuracy: 59.79% -> 79.88%      
client [45] (testset)   loss: 1.5108 -> 0.4068  accuracy: 72.52% -> 89.37%      
client [7]  (testset)   loss: 1.4327 -> 0.2177  accuracy: 60.93% -> 96.22%      
client [50] (testset)   loss: 0.2495 -> 0.1149  accuracy: 95.55% -> 98.23%      
client [35] (testset)   loss: 0.3859 -> 0.1291  accuracy: 93.59% -> 97.97%      
client [24] (testset)   loss: 0.7635 -> 0.1987  accuracy: 86.38% -> 95.68%      
client [15] (testset)   loss: 2.0714 -> 0.3316  accuracy: 64.20% -> 93.25%      
client [58] (testset)   loss: 0.5635 -> 0.1264  accuracy: 89.15% -> 98.08%      
---------------------------- TRAINING EPOCH: 160 ----------------------------   
client [48] (testset)   loss: 1.2905 -> 0.7739  accuracy: 72.87% -> 82.95%      
client [76] (testset)   loss: 0.5083 -> 0.2005  accuracy: 90.54% -> 96.04%      
client [67] (testset)   loss: 0.6473 -> 0.2411  accuracy: 82.90% -> 94.85%      
client [37] (testset)   loss: 0.8543 -> 0.3522  accuracy: 80.70% -> 92.77%      
client [58] (testset)   loss: 0.4778 -> 0.1348  accuracy: 91.51% -> 98.18%      
client [64] (testset)   loss: 1.2174 -> 0.4781  accuracy: 76.09% -> 90.13%      
client [77] (testset)   loss: 0.4476 -> 0.2513  accuracy: 92.36% -> 96.31%      
client [55] (testset)   loss: 1.1150 -> 0.4488  accuracy: 75.93% -> 92.44%      
client [12] (testset)   loss: 0.6964 -> 0.2908  accuracy: 90.04% -> 95.02%      
client [89] (testset)   loss: 1.6044 -> 0.5454  accuracy: 74.47% -> 89.52%      
---------------------------- TRAINING EPOCH: 170 ----------------------------   
client [84] (testset)   loss: 1.4611 -> 0.2291  accuracy: 77.70% -> 94.53%      
client [51] (testset)   loss: 0.9703 -> 0.3331  accuracy: 87.86% -> 95.17%      
client [8]  (testset)   loss: 1.6345 -> 0.4057  accuracy: 72.75% -> 92.95%      
client [18] (testset)   loss: 1.5406 -> 0.2514  accuracy: 73.59% -> 95.80%      
client [94] (testset)   loss: 0.7143 -> 0.1865  accuracy: 90.27% -> 96.51%      
client [81] (testset)   loss: 1.0312 -> 0.5331  accuracy: 76.92% -> 88.55%      
client [3]  (testset)   loss: 1.4033 -> 0.2173  accuracy: 79.77% -> 96.46%      
client [11] (testset)   loss: 0.8912 -> 0.2161  accuracy: 86.69% -> 96.34%      
client [95] (testset)   loss: 0.9493 -> 0.2857  accuracy: 82.74% -> 96.08%      
client [67] (testset)   loss: 1.1628 -> 0.1978  accuracy: 81.99% -> 95.22%      
---------------------------- TRAINING EPOCH: 180 ----------------------------   
client [21] (testset)   loss: 0.6998 -> 0.2374  accuracy: 87.65% -> 95.97%      
client [79] (testset)   loss: 1.2931 -> 0.4825  accuracy: 79.37% -> 91.58%      
client [58] (testset)   loss: 0.5225 -> 0.1404  accuracy: 91.41% -> 98.26%      
client [88] (testset)   loss: 1.1067 -> 0.4322  accuracy: 78.71% -> 91.80%      
client [46] (testset)   loss: 0.3027 -> 0.1256  accuracy: 95.24% -> 97.76%      
client [11] (testset)   loss: 0.7341 -> 0.2095  accuracy: 86.76% -> 96.21%      
client [55] (testset)   loss: 1.1053 -> 0.4813  accuracy: 74.02% -> 90.49%      
client [13] (testset)   loss: 0.6731 -> 0.1545  accuracy: 87.93% -> 97.84%      
client [31] (testset)   loss: 0.5827 -> 0.3177  accuracy: 90.00% -> 94.31%      
client [75] (testset)   loss: 0.8105 -> 0.3925  accuracy: 87.65% -> 94.35%      
---------------------------- TRAINING EPOCH: 190 ----------------------------   
client [19] (testset)   loss: 1.1530 -> 0.2923  accuracy: 78.93% -> 95.23%      
client [7]  (testset)   loss: 1.2954 -> 0.3127  accuracy: 72.67% -> 95.50%      
client [57] (testset)   loss: 0.3548 -> 0.1226  accuracy: 93.35% -> 98.07%      
client [13] (testset)   loss: 0.3079 -> 0.1428  accuracy: 94.03% -> 97.97%      
client [43] (testset)   loss: 1.3396 -> 0.4433  accuracy: 75.77% -> 92.00%      
client [91] (testset)   loss: 0.7293 -> 0.1006  accuracy: 88.59% -> 98.42%      
client [10] (testset)   loss: 1.2785 -> 0.2705  accuracy: 74.69% -> 91.61%      
client [64] (testset)   loss: 1.2412 -> 0.5090  accuracy: 81.40% -> 90.51%      
client [82] (testset)   loss: 1.2964 -> 0.8239  accuracy: 71.91% -> 80.13%      
client [22] (testset)   loss: 0.5808 -> 0.3516  accuracy: 92.05% -> 94.84%      
---------------------------- TRAINING EPOCH: 200 ----------------------------   
client [20] (testset)   loss: 0.6271 -> 0.3191  accuracy: 91.82% -> 94.53%      
client [23] (testset)   loss: 1.0245 -> 0.5985  accuracy: 77.89% -> 84.21%      
client [88] (testset)   loss: 0.7424 -> 0.4125  accuracy: 83.81% -> 91.94%      
client [98] (testset)   loss: 0.3559 -> 0.2110  accuracy: 94.22% -> 95.89%      
client [79] (testset)   loss: 0.8596 -> 0.5099  accuracy: 85.47% -> 92.11%      
client [21] (testset)   loss: 0.6163 -> 0.2553  accuracy: 88.37% -> 95.60%      
client [92] (testset)   loss: 0.6227 -> 0.3737  accuracy: 90.74% -> 94.77%      
client [56] (testset)   loss: 0.6518 -> 0.1341  accuracy: 87.37% -> 98.08%      
client [5]  (testset)   loss: 0.6777 -> 0.2572  accuracy: 89.35% -> 95.78%      
client [52] (testset)   loss: 1.6429 -> 0.4466  accuracy: 68.38% -> 91.62%      
---------------------------- TRAINING EPOCH: 210 ----------------------------   
client [67] (testset)   loss: 0.6770 -> 0.3241  accuracy: 85.85% -> 93.75%      
client [54] (testset)   loss: 0.3997 -> 0.2342  accuracy: 91.29% -> 95.90%      
client [14] (testset)   loss: 1.5418 -> 0.3209  accuracy: 71.90% -> 95.59%      
client [99] (testset)   loss: 0.5169 -> 0.2144  accuracy: 92.67% -> 96.33%      
client [36] (testset)   loss: 0.9247 -> 0.2744  accuracy: 86.75% -> 96.22%      
client [30] (testset)   loss: 0.5696 -> 0.3060  accuracy: 90.81% -> 94.52%      
client [38] (testset)   loss: 0.7858 -> 0.2034  accuracy: 85.23% -> 96.92%      
client [15] (testset)   loss: 1.2627 -> 0.3681  accuracy: 82.44% -> 92.77%      
client [6]  (testset)   loss: 0.7770 -> 0.3147  accuracy: 84.46% -> 95.39%      
client [53] (testset)   loss: 0.4617 -> 0.2462  accuracy: 93.50% -> 96.72%      
---------------------------- TRAINING EPOCH: 220 ----------------------------   
client [99] (testset)   loss: 0.4596 -> 0.2154  accuracy: 91.80% -> 96.19%      
client [6]  (testset)   loss: 0.6873 -> 0.3253  accuracy: 86.37% -> 95.53%      
client [83] (testset)   loss: 0.6012 -> 0.3398  accuracy: 91.22% -> 95.45%      
client [42] (testset)   loss: 0.5422 -> 0.4041  accuracy: 91.34% -> 94.37%      
client [34] (testset)   loss: 0.4689 -> 0.2165  accuracy: 93.92% -> 96.76%      
client [15] (testset)   loss: 0.8733 -> 0.3756  accuracy: 83.19% -> 92.77%      
client [47] (testset)   loss: 0.7801 -> 0.4290  accuracy: 88.38% -> 93.93%      
client [55] (testset)   loss: 1.8018 -> 0.5749  accuracy: 70.43% -> 91.47%      
client [51] (testset)   loss: 0.8916 -> 0.3525  accuracy: 89.49% -> 95.17%      
client [95] (testset)   loss: 1.1232 -> 0.2965  accuracy: 81.12% -> 95.84%      
---------------------------- TRAINING EPOCH: 230 ----------------------------   
client [71] (testset)   loss: 0.5411 -> 0.1572  accuracy: 91.82% -> 97.69%      
client [15] (testset)   loss: 0.9964 -> 0.4023  accuracy: 86.93% -> 92.89%      
client [33] (testset)   loss: 0.5535 -> 0.2026  accuracy: 91.81% -> 97.27%      
client [99] (testset)   loss: 0.5078 -> 0.2186  accuracy: 89.49% -> 96.16%      
client [90] (testset)   loss: 0.9339 -> 0.4343  accuracy: 81.24% -> 93.04%      
client [57] (testset)   loss: 0.3053 -> 0.1713  accuracy: 95.60% -> 98.07%      
client [27] (testset)   loss: 0.3215 -> 0.1902  accuracy: 94.63% -> 97.03%      
client [78] (testset)   loss: 0.8746 -> 0.4315  accuracy: 85.26% -> 92.55%      
client [36] (testset)   loss: 0.6940 -> 0.3362  accuracy: 90.37% -> 95.76%      
client [88] (testset)   loss: 1.2591 -> 0.5235  accuracy: 81.51% -> 91.29%      
---------------------------- TRAINING EPOCH: 240 ----------------------------   
client [70] (testset)   loss: 1.5326 -> 0.5845  accuracy: 77.92% -> 91.78%      
client [35] (testset)   loss: 0.3023 -> 0.1681  accuracy: 95.71% -> 98.03%      
client [16] (testset)   loss: 0.7595 -> 0.5154  accuracy: 90.19% -> 92.13%      
client [80] (testset)   loss: 0.6430 -> 0.1876  accuracy: 89.50% -> 97.36%      
client [38] (testset)   loss: 0.4604 -> 0.2421  accuracy: 92.62% -> 96.31%      
client [78] (testset)   loss: 0.6898 -> 0.4438  accuracy: 89.14% -> 92.40%      
client [68] (testset)   loss: 0.9070 -> 0.3471  accuracy: 85.61% -> 95.45%      
client [11] (testset)   loss: 0.5706 -> 0.2320  accuracy: 91.31% -> 95.93%      
client [64] (testset)   loss: 1.3403 -> 0.6163  accuracy: 79.89% -> 90.32%      
client [82] (testset)   loss: 1.2772 -> 0.9921  accuracy: 77.01% -> 80.39%      
---------------------------- TRAINING EPOCH: 250 ----------------------------   
client [30] (testset)   loss: 0.6384 -> 0.3498  accuracy: 89.65% -> 94.22%      
client [27] (testset)   loss: 0.3062 -> 0.1594  accuracy: 95.77% -> 97.38%      
client [74] (testset)   loss: 0.7478 -> 0.2354  accuracy: 87.49% -> 96.42%      
client [45] (testset)   loss: 0.9259 -> 0.5664  accuracy: 84.90% -> 89.01%      
client [6]  (testset)   loss: 0.6066 -> 0.3243  accuracy: 90.49% -> 95.32%      
client [36] (testset)   loss: 0.6880 -> 0.3200  accuracy: 88.93% -> 95.93%      
client [63] (testset)   loss: 0.3687 -> 0.2236  accuracy: 93.72% -> 97.12%      
client [76] (testset)   loss: 0.6051 -> 0.2656  accuracy: 91.64% -> 95.97%      
client [83] (testset)   loss: 0.6783 -> 0.3224  accuracy: 90.76% -> 95.77%      
client [86] (testset)   loss: 0.8404 -> 0.4780  accuracy: 85.86% -> 91.62%      
---------------------------- TRAINING EPOCH: 260 ----------------------------   
client [83] (testset)   loss: 0.8134 -> 0.3534  accuracy: 84.74% -> 95.68%      
client [99] (testset)   loss: 0.5154 -> 0.2243  accuracy: 90.50% -> 95.90%      
client [74] (testset)   loss: 0.7690 -> 0.2434  accuracy: 90.25% -> 96.14%      
client [73] (testset)   loss: 0.7053 -> 0.4211  accuracy: 88.99% -> 93.32%      
client [29] (testset)   loss: 0.7401 -> 0.3276  accuracy: 88.64% -> 93.72%      
client [92] (testset)   loss: 0.7347 -> 0.4353  accuracy: 90.21% -> 94.06%      
client [6]  (testset)   loss: 0.7366 -> 0.3437  accuracy: 89.14% -> 94.96%      
client [61] (testset)   loss: 1.1532 -> 0.6481  accuracy: 86.77% -> 88.91%      
client [21] (testset)   loss: 0.5079 -> 0.2966  accuracy: 92.11% -> 95.71%      
client [67] (testset)   loss: 0.5796 -> 0.3165  accuracy: 89.15% -> 95.40%      
---------------------------- TRAINING EPOCH: 270 ----------------------------   
client [83] (testset)   loss: 1.3840 -> 0.3474  accuracy: 79.63% -> 95.40%      
client [32] (testset)   loss: 0.7034 -> 0.2863  accuracy: 89.47% -> 95.01%      
client [95] (testset)   loss: 0.6854 -> 0.3177  accuracy: 90.49% -> 95.94%      
client [61] (testset)   loss: 1.1713 -> 0.6672  accuracy: 85.12% -> 88.57%      
client [27] (testset)   loss: 0.6619 -> 0.1868  accuracy: 89.31% -> 97.08%      
client [25] (testset)   loss: 0.5336 -> 0.1457  accuracy: 91.55% -> 97.04%      
client [68] (testset)   loss: 0.5053 -> 0.3349  accuracy: 92.28% -> 95.24%      
client [34] (testset)   loss: 0.5770 -> 0.2276  accuracy: 90.63% -> 97.20%      
client [71] (testset)   loss: 0.3696 -> 0.1751  accuracy: 94.88% -> 97.37%      
client [89] (testset)   loss: 1.4770 -> 0.6855  accuracy: 72.93% -> 89.56%      
---------------------------- TRAINING EPOCH: 280 ----------------------------   
client [78] (testset)   loss: 0.5892 -> 0.4323  accuracy: 90.30% -> 93.02%      
client [81] (testset)   loss: 1.2189 -> 0.6916  accuracy: 80.76% -> 88.37%      
client [51] (testset)   loss: 0.7691 -> 0.3886  accuracy: 92.57% -> 94.57%      
client [54] (testset)   loss: 1.4370 -> 0.2760  accuracy: 76.99% -> 94.53%      
client [65] (testset)   loss: 1.1674 -> 0.5528  accuracy: 80.37% -> 90.98%      
client [41] (testset)   loss: 1.3207 -> 0.5756  accuracy: 84.39% -> 92.41%      
client [11] (testset)   loss: 0.5683 -> 0.2467  accuracy: 90.76% -> 96.00%      
client [85] (testset)   loss: 0.6311 -> 0.4244  accuracy: 89.86% -> 94.85%      
client [12] (testset)   loss: 0.9369 -> 0.3485  accuracy: 86.92% -> 93.77%      
client [23] (testset)   loss: 1.2529 -> 0.8201  accuracy: 79.68% -> 83.83%      
---------------------------- TRAINING EPOCH: 290 ----------------------------   
client [16] (testset)   loss: 0.6605 -> 0.5113  accuracy: 85.48% -> 92.30%      
client [65] (testset)   loss: 0.9338 -> 0.5369  accuracy: 84.12% -> 90.64%      
client [53] (testset)   loss: 0.6205 -> 0.3479  accuracy: 93.02% -> 96.34%      
client [58] (testset)   loss: 0.3174 -> 0.1831  accuracy: 96.29% -> 98.08%      
client [72] (testset)   loss: 1.1124 -> 0.6091  accuracy: 77.33% -> 92.34%      
client [7]  (testset)   loss: 0.5722 -> 0.3491  accuracy: 91.32% -> 94.91%      
client [71] (testset)   loss: 0.3878 -> 0.1691  accuracy: 93.49% -> 97.43%      
client [59] (testset)   loss: 0.7443 -> 0.4252  accuracy: 89.00% -> 92.70%      
client [86] (testset)   loss: 1.1362 -> 0.6074  accuracy: 81.57% -> 91.20%      
client [39] (testset)   loss: 0.6863 -> 0.2804  accuracy: 90.02% -> 95.58%      
---------------------------- TRAINING EPOCH: 300 ----------------------------   
client [99] (testset)   loss: 0.6973 -> 0.2387  accuracy: 89.03% -> 96.19%      
client [7]  (testset)   loss: 0.6811 -> 0.3967  accuracy: 89.89% -> 94.32%      
client [17] (testset)   loss: 1.1516 -> 0.5715  accuracy: 86.67% -> 92.39%      
client [64] (testset)   loss: 1.2001 -> 0.7025  accuracy: 82.16% -> 88.80%      
client [37] (testset)   loss: 1.1384 -> 0.4795  accuracy: 83.82% -> 91.98%      
client [29] (testset)   loss: 0.8671 -> 0.3389  accuracy: 86.93% -> 94.04%      
client [93] (testset)   loss: 0.4499 -> 0.3109  accuracy: 92.53% -> 95.52%      
client [73] (testset)   loss: 0.8425 -> 0.4367  accuracy: 86.88% -> 93.13%      
client [40] (testset)   loss: 0.4996 -> 0.2139  accuracy: 92.62% -> 96.21%      
client [76] (testset)   loss: 0.8914 -> 0.2910  accuracy: 84.97% -> 95.67%      
---------------------------- TRAINING EPOCH: 310 ----------------------------   
client [31] (testset)   loss: 1.0223 -> 0.3768  accuracy: 82.61% -> 94.65%      
client [89] (testset)   loss: 2.3118 -> 0.7774  accuracy: 63.44% -> 88.75%      
client [77] (testset)   loss: 0.8766 -> 0.3709  accuracy: 88.80% -> 95.98%      
client [90] (testset)   loss: 1.1088 -> 0.4941  accuracy: 84.18% -> 93.17%      
client [26] (testset)   loss: 2.0427 -> 0.5201  accuracy: 63.64% -> 92.49%      
client [50] (testset)   loss: 1.0163 -> 0.1537  accuracy: 78.55% -> 98.23%      
client [30] (testset)   loss: 2.3598 -> 0.4366  accuracy: 68.72% -> 93.37%      
client [70] (testset)   loss: 1.1429 -> 0.5056  accuracy: 86.14% -> 91.40%      
client [41] (testset)   loss: 0.8931 -> 0.5512  accuracy: 85.20% -> 92.10%      
client [99] (testset)   loss: 0.8745 -> 0.2514  accuracy: 84.35% -> 95.99%      
---------------------------- TRAINING EPOCH: 320 ----------------------------   
client [68] (testset)   loss: 1.1436 -> 0.4158  accuracy: 84.34% -> 93.54%      
client [70] (testset)   loss: 1.1248 -> 0.6141  accuracy: 87.29% -> 91.14%      
client [52] (testset)   loss: 1.1133 -> 0.6099  accuracy: 82.01% -> 91.40%      
client [1]  (testset)   loss: 0.6977 -> 0.3429  accuracy: 89.19% -> 95.23%      
client [2]  (testset)   loss: 0.4474 -> 0.2363  accuracy: 93.20% -> 96.25%      
client [67] (testset)   loss: 1.1007 -> 0.3424  accuracy: 84.01% -> 94.12%      
client [92] (testset)   loss: 0.8120 -> 0.4656  accuracy: 87.07% -> 93.96%      
client [35] (testset)   loss: 0.4978 -> 0.1888  accuracy: 91.68% -> 97.71%      
client [36] (testset)   loss: 1.3356 -> 0.3552  accuracy: 80.56% -> 95.53%      
client [64] (testset)   loss: 2.3747 -> 0.8853  accuracy: 66.03% -> 88.05%      
---------------------------- TRAINING EPOCH: 330 ----------------------------   
client [44] (testset)   loss: 1.7045 -> 0.4655  accuracy: 73.19% -> 92.66%      
client [6]  (testset)   loss: 1.6049 -> 0.3985  accuracy: 73.88% -> 94.39%      
client [12] (testset)   loss: 0.7554 -> 0.3645  accuracy: 89.17% -> 94.02%      
client [55] (testset)   loss: 1.0431 -> 0.6674  accuracy: 82.93% -> 91.26%      
client [29] (testset)   loss: 1.0953 -> 0.4176  accuracy: 85.27% -> 92.74%      
client [9]  (testset)   loss: 0.6364 -> 0.2900  accuracy: 90.50% -> 95.80%      
client [43] (testset)   loss: 1.1154 -> 0.5070  accuracy: 78.60% -> 91.39%      
client [77] (testset)   loss: 0.5237 -> 0.3392  accuracy: 94.17% -> 96.44%      
client [98] (testset)   loss: 0.5655 -> 0.2125  accuracy: 89.15% -> 96.60%      
client [78] (testset)   loss: 1.8794 -> 0.4565  accuracy: 73.24% -> 92.63%      
---------------------------- TRAINING EPOCH: 340 ----------------------------   
client [92] (testset)   loss: 0.9507 -> 0.4642  accuracy: 85.86% -> 94.39%      
client [80] (testset)   loss: 1.1931 -> 0.2114  accuracy: 82.26% -> 97.01%      
client [63] (testset)   loss: 0.8279 -> 0.2831  accuracy: 89.88% -> 96.89%      
client [76] (testset)   loss: 1.7783 -> 0.3267  accuracy: 75.81% -> 95.23%      
client [78] (testset)   loss: 1.3555 -> 0.4944  accuracy: 79.52% -> 92.47%      
client [25] (testset)   loss: 0.7364 -> 0.1534  accuracy: 88.25% -> 96.38%      
client [58] (testset)   loss: 0.4166 -> 0.1995  accuracy: 94.03% -> 97.64%      
client [13] (testset)   loss: 0.3581 -> 0.1601  accuracy: 94.22% -> 97.78%      
client [17] (testset)   loss: 1.2634 -> 0.6107  accuracy: 80.88% -> 91.90%      
client [38] (testset)   loss: 0.4265 -> 0.2598  accuracy: 91.90% -> 95.69%      
---------------------------- TRAINING EPOCH: 350 ----------------------------   
client [72] (testset)   loss: 0.9703 -> 0.5961  accuracy: 86.19% -> 91.59%      
client [82] (testset)   loss: 1.7600 -> 1.0982  accuracy: 77.27% -> 79.32%      
client [86] (testset)   loss: 1.7035 -> 0.5678  accuracy: 73.82% -> 90.58%      
client [51] (testset)   loss: 1.9240 -> 0.4328  accuracy: 71.26% -> 94.75%      
client [96] (testset)   loss: 0.6309 -> 0.3717  accuracy: 88.81% -> 95.65%      
client [42] (testset)   loss: 0.7960 -> 0.5215  accuracy: 90.37% -> 93.76%      
client [55] (testset)   loss: 1.2345 -> 0.6963  accuracy: 85.51% -> 90.73%      
client [13] (testset)   loss: 0.6938 -> 0.1874  accuracy: 89.83% -> 97.40%      
client [1]  (testset)   loss: 1.0661 -> 0.3777  accuracy: 85.56% -> 94.67%      
client [12] (testset)   loss: 0.8947 -> 0.4172  accuracy: 86.18% -> 94.27%      
---------------------------- TRAINING EPOCH: 360 ----------------------------   
client [68] (testset)   loss: 1.5219 -> 0.4101  accuracy: 78.41% -> 94.07%      
client [23] (testset)   loss: 1.4761 -> 0.8614  accuracy: 74.45% -> 83.80%      
client [46] (testset)   loss: 0.4826 -> 0.1982  accuracy: 92.47% -> 97.36%      
client [41] (testset)   loss: 1.1359 -> 0.5459  accuracy: 80.63% -> 93.17%      
client [25] (testset)   loss: 0.5356 -> 0.1768  accuracy: 88.80% -> 95.72%      
client [58] (testset)   loss: 0.4531 -> 0.2054  accuracy: 93.68% -> 97.68%      
client [14] (testset)   loss: 1.0210 -> 0.4014  accuracy: 84.47% -> 94.98%      
client [33] (testset)   loss: 0.6934 -> 0.2264  accuracy: 91.26% -> 97.18%      
client [85] (testset)   loss: 0.8244 -> 0.4203  accuracy: 85.08% -> 95.01%      
client [62] (testset)   loss: 1.1319 -> 0.3164  accuracy: 87.93% -> 96.04%      
---------------------------- TRAINING EPOCH: 370 ----------------------------   
client [98] (testset)   loss: 0.2144 -> 0.2131  accuracy: 96.10% -> 96.10%      
client [63] (testset)   loss: 0.5540 -> 0.2882  accuracy: 92.08% -> 96.41%      
client [70] (testset)   loss: 1.3625 -> 0.5344  accuracy: 79.59% -> 91.78%      
client [65] (testset)   loss: 1.1680 -> 0.5569  accuracy: 80.86% -> 91.61%      
client [14] (testset)   loss: 0.7341 -> 0.3992  accuracy: 89.67% -> 95.23%      
client [73] (testset)   loss: 1.0009 -> 0.5096  accuracy: 87.07% -> 92.45%      
client [34] (testset)   loss: 0.4721 -> 0.2627  accuracy: 93.67% -> 95.53%      
client [99] (testset)   loss: 0.8064 -> 0.2885  accuracy: 88.05% -> 96.02%      
client [69] (testset)   loss: 1.0175 -> 0.4482  accuracy: 85.60% -> 94.04%      
client [46] (testset)   loss: 0.4248 -> 0.1978  accuracy: 94.96% -> 97.27%      
---------------------------- TRAINING EPOCH: 380 ----------------------------   
client [99] (testset)   loss: 0.7241 -> 0.2850  accuracy: 90.27% -> 95.90%      
client [93] (testset)   loss: 0.6776 -> 0.3322  accuracy: 90.08% -> 95.41%      
client [11] (testset)   loss: 0.6560 -> 0.2724  accuracy: 91.31% -> 95.59%      
client [58] (testset)   loss: 0.3656 -> 0.2202  accuracy: 95.37% -> 97.64%      
client [81] (testset)   loss: 1.0591 -> 0.7572  accuracy: 80.41% -> 88.09%      
client [85] (testset)   loss: 0.8621 -> 0.4583  accuracy: 87.35% -> 94.99%      
client [89] (testset)   loss: 1.2708 -> 0.8369  accuracy: 82.31% -> 88.75%      
client [45] (testset)   loss: 1.2229 -> 0.6943  accuracy: 82.07% -> 88.71%      
client [8]  (testset)   loss: 1.1904 -> 0.5787  accuracy: 84.26% -> 92.43%      
client [68] (testset)   loss: 1.3366 -> 0.5159  accuracy: 80.74% -> 92.28%      
---------------------------- TRAINING EPOCH: 390 ----------------------------   
client [67] (testset)   loss: 0.6205 -> 0.3248  accuracy: 87.13% -> 93.93%      
client [72] (testset)   loss: 0.9107 -> 0.6279  accuracy: 89.49% -> 91.74%      
client [1]  (testset)   loss: 0.8712 -> 0.3991  accuracy: 87.82% -> 94.76%      
client [78] (testset)   loss: 1.4266 -> 0.4974  accuracy: 79.60% -> 92.16%      
client [83] (testset)   loss: 1.2108 -> 0.5001  accuracy: 80.23% -> 94.53%      
client [21] (testset)   loss: 0.6245 -> 0.3548  accuracy: 93.02% -> 95.53%      
client [56] (testset)   loss: 0.9264 -> 0.2450  accuracy: 87.94% -> 97.21%      
client [44] (testset)   loss: 1.0841 -> 0.5467  accuracy: 86.49% -> 93.09%      
client [92] (testset)   loss: 0.8089 -> 0.4984  accuracy: 90.06% -> 94.04%      
client [27] (testset)   loss: 0.4858 -> 0.2352  accuracy: 93.06% -> 96.90%      
---------------------------- TRAINING EPOCH: 400 ----------------------------   
client [10] (testset)   loss: 1.2075 -> 0.6518  accuracy: 81.68% -> 88.67%      
client [39] (testset)   loss: 0.8671 -> 0.3288  accuracy: 88.14% -> 94.80%      
client [65] (testset)   loss: 1.2901 -> 0.6652  accuracy: 78.50% -> 90.08%      
client [26] (testset)   loss: 1.1443 -> 0.5259  accuracy: 81.25% -> 92.40%      
client [19] (testset)   loss: 1.1450 -> 0.3858  accuracy: 80.64% -> 95.03%      
client [68] (testset)   loss: 1.7766 -> 0.5219  accuracy: 74.18% -> 93.54%      
client [41] (testset)   loss: 1.3828 -> 0.5944  accuracy: 82.45% -> 91.54%      
client [50] (testset)   loss: 0.9681 -> 0.1937  accuracy: 82.75% -> 97.87%      
client [75] (testset)   loss: 0.6921 -> 0.4543  accuracy: 88.12% -> 93.65%      
client [81] (testset)   loss: 0.9621 -> 0.7744  accuracy: 82.26% -> 87.92%      
Training... ━━━━━━━━━━━━━━━━━━━━━━━━━━━━━━━━━━━━━━━━ 100% 4:49:01
FedDpa's average time taken by each global epoch: 0 min 40.69 sec.              
FedDpa's total running time: 4 h 49 m 1 s.                                      
==================== FedDpa Experiment Results: ====================            
Display format: (before local fine-tuning) -> (after local fine-tuning)         
 So if finetune_epoch = 0, x.xx% -> 0.00% is normal.                            
 Centralized testing ONLY happens after model aggregation, so the stats between 
'->' are the same.                                                              
{                                                                               
    "100": {                                                                    
        "all_clients": {                                                        
            "test": {                                                           
                "loss": "0.9967 -> 0.0000",                                     
                "accuracy": "78.98% -> 0.00%"                                   
            }                                                                   
        }                                                                       
    },                                                                          
    "200": {                                                                    
        "all_clients": {                                                        
            "test": {                                                           
                "loss": "0.8134 -> 0.0000",                                     
                "accuracy": "86.90% -> 0.00%"                                   
            }                                                                   
        }                                                                       
    },                                                                          
    "300": {                                                                    
        "all_clients": {                                                        
            "test": {                                                           
                "loss": "0.8248 -> 0.0000",                                     
                "accuracy": "87.18% -> 0.00%"                                   
            }                                                                   
        }                                                                       
    },                                                                          
    "400": {                                                                    
        "all_clients": {                                                        
            "test": {                                                           
                "loss": "0.8744 -> 0.0000",                                     
                "accuracy": "87.83% -> 0.00%"                                   
            }                                                                   
        }                                                                       
    }                                                                           
}                                                                               
==================== FedDpa Max Accuracy ====================                   
all_clients:                                                                    
(test) before fine-tuning: 87.83% at epoch 400                                  
(test) after fine-tuning: 0.00% at epoch 100                                    
