Files already downloaded and verified
Files already downloaded and verified
==================== PSFL ====================                                  
Experiment Arguments:                                                           
{
│   'method': 'psfl',
│   'dataset': {
│   │   'name': 'cifar100',
│   │   'client_num': 100,
│   │   'test_ratio': 0.25,
│   │   'val_ratio': 0.0,
│   │   'seed': 42,
│   │   'split': 'sample',
│   │   'IID_ratio': 0.0,
│   │   'monitor_window_name_suffix': 'cifar100-100clients-0%IID-use20superclasses-Dir(0.1)-seed42',
│   │   'super_class': False,
│   │   'alpha': 0.1,
│   │   'min_samples_per_client': 10
│   },
│   'model': {
│   │   'name': 'avgcnn',
│   │   'use_torchvision_pretrained_weights': True,
│   │   'external_model_weights_path': None
│   },
│   'optimizer': {
│   │   'lr': 0.01,
│   │   'dampening': 0,
│   │   'weight_decay': 0,
│   │   'momentum': 0,
│   │   'nesterov': False,
│   │   'name': 'sgd'
│   },
│   'mode': 'sequential',
│   'parallel': {
│   │   'ray_cluster_addr': None,
│   │   'num_cpus': None,
│   │   'num_gpus': None,
│   │   'num_workers': 2
│   },
│   'common': {
│   │   'seed': 42,
│   │   'join_ratio': 0.1,
│   │   'global_epoch': 400,
│   │   'local_epoch': 5,
│   │   'batch_size': 32,
│   │   'reset_optimizer_on_global_epoch': True,
│   │   'straggler_ratio': 0,
│   │   'straggler_min_local_epoch': 0,
│   │   'buffers': 'global',
│   │   'client_side_evaluation': True,
│   │   'test': {
│   │   │   'client': {
│   │   │   │   'interval': 100,
│   │   │   │   'finetune_epoch': 0,
│   │   │   │   'train': False,
│   │   │   │   'val': False,
│   │   │   │   'test': True
│   │   │   },
│   │   │   'server': {
│   │   │   │   'interval': -1,
│   │   │   │   'train': False,
│   │   │   │   'val': False,
│   │   │   │   'test': False,
│   │   │   │   'model_in_train_mode': False
│   │   │   }
│   │   },
│   │   'verbose_gap': 10,
│   │   'monitor': None,
│   │   'use_cuda': True,
│   │   'save_log': True,
│   │   'save_model': False,
│   │   'save_learning_curve_plot': False,
│   │   'save_metrics': True,
│   │   'delete_useless_run': True
│   },
│   'psfl': {
│   │   'alpha': 0.0,
│   │   'CLS': False,
│   │   'ig_ratio': 0.99993,
│   │   'track': False,
│   │   'score': 'diff'
│   }
}
---------------------------- TRAINING EPOCH: 10 ----------------------------    
client [77] (testset)   loss: 6.1816 -> 1.8608  accuracy: 5.62% -> 51.12%       
client [81] (testset)   loss: 5.3944 -> 2.4893  accuracy: 9.93% -> 49.01%       
client [21] (testset)   loss: 7.0367 -> 1.9380  accuracy: 8.16% -> 43.54%       
client [68] (testset)   loss: 5.1094 -> 2.0915  accuracy: 14.71% -> 48.74%      
client [93] (testset)   loss: 6.6251 -> 2.4847  accuracy: 5.60% -> 44.00%       
client [31] (testset)   loss: 6.8700 -> 2.1128  accuracy: 4.21% -> 47.37%       
client [20] (testset)   loss: 5.7608 -> 1.6637  accuracy: 15.84% -> 57.43%      
client [59] (testset)   loss: 5.5699 -> 2.2709  accuracy: 15.88% -> 42.92%      
client [48] (testset)   loss: 6.8652 -> 2.5459  accuracy: 9.09% -> 43.03%       
client [34] (testset)   loss: 4.9015 -> 2.7631  accuracy: 14.36% -> 40.88%      
---------------------------- TRAINING EPOCH: 20 ----------------------------    
client [69] (testset)   loss: 5.2912 -> 1.9100  accuracy: 16.61% -> 57.40%      
client [99] (testset)   loss: 7.5901 -> 3.2352  accuracy: 7.30% -> 39.42%       
client [67] (testset)   loss: 5.3660 -> 2.2885  accuracy: 12.09% -> 50.00%      
client [0]  (testset)   loss: 5.6584 -> 2.1393  accuracy: 13.73% -> 60.78%      
client [76] (testset)   loss: 7.3468 -> 2.7141  accuracy: 5.03% -> 44.13%       
client [41] (testset)   loss: 7.2222 -> 2.7939  accuracy: 6.45% -> 39.52%       
client [62] (testset)   loss: 5.7259 -> 2.2497  accuracy: 15.05% -> 47.09%      
client [2]  (testset)   loss: 5.7931 -> 2.7170  accuracy: 9.82% -> 44.64%       
client [14] (testset)   loss: 5.9350 -> 2.7524  accuracy: 11.69% -> 48.05%      
client [46] (testset)   loss: 6.1625 -> 2.4779  accuracy: 11.43% -> 58.10%      
---------------------------- TRAINING EPOCH: 30 ----------------------------    
client [24] (testset)   loss: 2.7291 -> 2.7917  accuracy: 43.10% -> 46.55%      
client [68] (testset)   loss: 5.9752 -> 2.7188  accuracy: 21.01% -> 46.64%      
client [57] (testset)   loss: 5.6114 -> 2.1990  accuracy: 30.67% -> 61.96%      
client [17] (testset)   loss: 5.6160 -> 3.1449  accuracy: 15.79% -> 39.85%      
client [54] (testset)   loss: 5.8516 -> 3.3297  accuracy: 15.00% -> 50.83%      
client [23] (testset)   loss: 6.4781 -> 2.4468  accuracy: 9.09% -> 48.18%       
client [35] (testset)   loss: 6.7258 -> 2.4216  accuracy: 10.71% -> 52.04%      
client [59] (testset)   loss: 6.8212 -> 2.8314  accuracy: 12.02% -> 41.63%      
client [31] (testset)   loss: 5.7489 -> 2.5735  accuracy: 19.47% -> 53.68%      
client [9]  (testset)   loss: 6.0429 -> 2.5101  accuracy: 16.11% -> 51.01%      
---------------------------- TRAINING EPOCH: 40 ----------------------------    
client [64] (testset)   loss: 6.3756 -> 2.3839  accuracy: 16.22% -> 57.43%      
client [33] (testset)   loss: 6.2707 -> 2.7864  accuracy: 14.68% -> 47.71%      
client [16] (testset)   loss: 6.1610 -> 3.2264  accuracy: 17.36% -> 47.93%      
client [44] (testset)   loss: 6.0417 -> 2.4897  accuracy: 19.61% -> 47.71%      
client [8]  (testset)   loss: 5.5529 -> 2.7825  accuracy: 21.61% -> 53.77%      
client [31] (testset)   loss: 5.3958 -> 2.6643  accuracy: 23.68% -> 53.16%      
client [47] (testset)   loss: 7.2287 -> 2.7946  accuracy: 9.57% -> 45.22%       
client [36] (testset)   loss: 6.7782 -> 2.8502  accuracy: 9.73% -> 42.48%       
client [20] (testset)   loss: 4.9984 -> 2.1846  accuracy: 17.82% -> 60.89%      
client [56] (testset)   loss: 5.8741 -> 2.1563  accuracy: 16.67% -> 60.71%      
---------------------------- TRAINING EPOCH: 50 ----------------------------    
client [4]  (testset)   loss: 5.6023 -> 1.8804  accuracy: 25.00% -> 63.51%      
client [60] (testset)   loss: 7.3508 -> 3.0204  accuracy: 4.55% -> 40.91%       
client [28] (testset)   loss: 5.2683 -> 2.1760  accuracy: 20.97% -> 53.23%      
client [25] (testset)   loss: 5.0856 -> 2.2463  accuracy: 21.88% -> 57.29%      
client [58] (testset)   loss: 6.2833 -> 2.6791  accuracy: 8.46% -> 50.77%       
client [44] (testset)   loss: 5.1163 -> 2.4522  accuracy: 31.37% -> 49.02%      
client [39] (testset)   loss: 5.9586 -> 2.3902  accuracy: 13.77% -> 45.51%      
client [29] (testset)   loss: 4.6352 -> 2.5345  accuracy: 24.00% -> 50.67%      
client [3]  (testset)   loss: 4.2964 -> 2.0824  accuracy: 34.38% -> 60.16%      
client [84] (testset)   loss: 5.8998 -> 3.3785  accuracy: 17.37% -> 41.10%      
---------------------------- TRAINING EPOCH: 60 ----------------------------    
client [21] (testset)   loss: 5.3846 -> 2.4532  accuracy: 18.37% -> 46.94%      
client [84] (testset)   loss: 5.9993 -> 3.6175  accuracy: 20.76% -> 43.64%      
client [10] (testset)   loss: 6.2283 -> 2.5892  accuracy: 12.50% -> 53.85%      
client [36] (testset)   loss: 6.4698 -> 3.0731  accuracy: 16.81% -> 40.71%      
client [65] (testset)   loss: 6.0117 -> 3.0939  accuracy: 20.91% -> 47.27%      
client [81] (testset)   loss: 5.3719 -> 2.8519  accuracy: 23.18% -> 53.64%      
client [79] (testset)   loss: 5.6674 -> 1.8572  accuracy: 19.55% -> 64.80%      
client [42] (testset)   loss: 5.6951 -> 2.6655  accuracy: 18.49% -> 54.11%      
client [11] (testset)   loss: 4.9007 -> 2.4426  accuracy: 29.38% -> 57.06%      
client [96] (testset)   loss: 6.3969 -> 2.5837  accuracy: 13.29% -> 57.80%      
---------------------------- TRAINING EPOCH: 70 ----------------------------    
client [8]  (testset)   loss: 5.0712 -> 3.2743  accuracy: 29.15% -> 51.26%      
client [53] (testset)   loss: 5.7152 -> 2.5557  accuracy: 26.24% -> 53.19%      
client [52] (testset)   loss: 6.6331 -> 3.0505  accuracy: 14.93% -> 47.76%      
client [42] (testset)   loss: 5.1372 -> 2.7691  accuracy: 21.23% -> 52.05%      
client [69] (testset)   loss: 5.5393 -> 2.5101  accuracy: 21.66% -> 57.04%      
client [59] (testset)   loss: 7.2597 -> 3.4405  accuracy: 24.89% -> 47.64%      
client [7]  (testset)   loss: 7.1756 -> 3.2156  accuracy: 17.98% -> 50.00%      
client [26] (testset)   loss: 6.3561 -> 3.1653  accuracy: 13.27% -> 46.02%      
client [49] (testset)   loss: 4.6331 -> 2.5231  accuracy: 34.57% -> 62.96%      
client [98] (testset)   loss: 6.3410 -> 3.3942  accuracy: 21.13% -> 42.96%      
---------------------------- TRAINING EPOCH: 80 ----------------------------    
client [98] (testset)   loss: 5.7373 -> 3.5817  accuracy: 28.87% -> 43.66%      
client [47] (testset)   loss: 6.7021 -> 3.1689  accuracy: 14.78% -> 45.22%      
client [21] (testset)   loss: 5.1256 -> 2.9041  accuracy: 17.69% -> 45.58%      
client [77] (testset)   loss: 7.5145 -> 3.2531  accuracy: 14.04% -> 50.00%      
client [95] (testset)   loss: 7.1627 -> 3.7728  accuracy: 17.47% -> 42.77%      
client [91] (testset)   loss: 6.2627 -> 2.7448  accuracy: 17.11% -> 50.00%      
client [14] (testset)   loss: 5.7197 -> 3.0282  accuracy: 12.99% -> 51.95%      
client [99] (testset)   loss: 5.6154 -> 4.0808  accuracy: 18.98% -> 40.88%      
client [20] (testset)   loss: 5.1235 -> 2.6840  accuracy: 30.20% -> 58.42%      
client [39] (testset)   loss: 5.9122 -> 2.6837  accuracy: 21.56% -> 50.30%      
---------------------------- TRAINING EPOCH: 90 ----------------------------    
client [52] (testset)   loss: 5.1466 -> 3.2339  accuracy: 29.85% -> 48.51%      
client [62] (testset)   loss: 6.1827 -> 2.9398  accuracy: 20.39% -> 51.46%      
client [71] (testset)   loss: 6.2270 -> 3.8875  accuracy: 19.85% -> 45.04%      
client [97] (testset)   loss: 5.6549 -> 3.1084  accuracy: 24.76% -> 43.81%      
client [30] (testset)   loss: 5.4786 -> 4.2021  accuracy: 23.76% -> 36.46%      
client [88] (testset)   loss: 6.7629 -> 3.1351  accuracy: 20.11% -> 51.96%      
client [60] (testset)   loss: 8.2156 -> 3.4498  accuracy: 10.61% -> 43.94%      
client [82] (testset)   loss: 5.9608 -> 4.0857  accuracy: 24.42% -> 45.35%      
client [91] (testset)   loss: 5.4106 -> 2.7691  accuracy: 24.34% -> 48.68%      
client [57] (testset)   loss: 4.9508 -> 3.0055  accuracy: 33.74% -> 50.31%      
---------------------------- TRAINING EPOCH: 100 ----------------------------   
client [31] (testset)   loss: 6.4030 -> 3.6562  accuracy: 28.42% -> 50.53%      
client [15] (testset)   loss: 6.3532 -> 3.4191  accuracy: 20.44% -> 43.80%      
client [71] (testset)   loss: 6.0016 -> 3.6426  accuracy: 17.56% -> 45.80%      
client [97] (testset)   loss: 5.2691 -> 3.6763  accuracy: 26.67% -> 40.00%      
client [53] (testset)   loss: 5.6188 -> 3.4453  accuracy: 31.91% -> 51.77%      
client [77] (testset)   loss: 6.6281 -> 3.4872  accuracy: 18.54% -> 47.75%      
client [76] (testset)   loss: 7.4528 -> 3.4328  accuracy: 15.08% -> 46.37%      
client [79] (testset)   loss: 5.6402 -> 2.3052  accuracy: 31.28% -> 63.69%      
client [28] (testset)   loss: 5.9779 -> 3.1484  accuracy: 25.81% -> 50.00%      
client [99] (testset)   loss: 6.3911 -> 4.4449  accuracy: 19.71% -> 38.69%      
---------------------------- TRAINING EPOCH: 110 ----------------------------   
client [97] (testset)   loss: 5.9431 -> 3.8083  accuracy: 30.48% -> 39.05%      
client [86] (testset)   loss: 4.7956 -> 3.0528  accuracy: 33.90% -> 54.24%      
client [34] (testset)   loss: 6.3191 -> 4.0684  accuracy: 27.62% -> 44.20%      
client [73] (testset)   loss: 6.1039 -> 3.9116  accuracy: 22.30% -> 42.45%      
client [5]  (testset)   loss: 6.4705 -> 3.9760  accuracy: 23.93% -> 46.01%      
client [96] (testset)   loss: 7.2929 -> 3.1398  accuracy: 19.65% -> 56.65%      
client [22] (testset)   loss: 7.2297 -> 4.3242  accuracy: 21.05% -> 44.74%      
client [60] (testset)   loss: 7.5612 -> 4.5054  accuracy: 12.12% -> 39.39%      
client [66] (testset)   loss: 5.4829 -> 3.0077  accuracy: 26.21% -> 53.40%      
client [83] (testset)   loss: 7.0887 -> 3.6348  accuracy: 21.05% -> 47.37%      
---------------------------- TRAINING EPOCH: 120 ----------------------------   
client [76] (testset)   loss: 6.2549 -> 3.9338  accuracy: 28.49% -> 44.69%      
client [65] (testset)   loss: 7.6857 -> 3.8428  accuracy: 20.91% -> 43.64%      
client [95] (testset)   loss: 6.7807 -> 4.2487  accuracy: 22.89% -> 43.98%      
client [17] (testset)   loss: 7.7491 -> 4.8729  accuracy: 17.29% -> 36.84%      
client [8]  (testset)   loss: 7.2330 -> 3.5291  accuracy: 26.63% -> 50.75%      
client [35] (testset)   loss: 7.8463 -> 4.2662  accuracy: 14.29% -> 39.80%      
client [98] (testset)   loss: 6.7995 -> 4.2272  accuracy: 25.35% -> 42.96%      
client [53] (testset)   loss: 6.0013 -> 4.0098  accuracy: 31.21% -> 48.23%      
client [43] (testset)   loss: 8.0405 -> 4.4716  accuracy: 16.30% -> 37.78%      
client [64] (testset)   loss: 6.0563 -> 2.7870  accuracy: 17.57% -> 52.03%      
---------------------------- TRAINING EPOCH: 130 ----------------------------   
client [21] (testset)   loss: 5.6726 -> 3.3497  accuracy: 24.49% -> 44.90%      
client [88] (testset)   loss: 7.4844 -> 3.7477  accuracy: 20.67% -> 54.19%      
client [38] (testset)   loss: 7.9116 -> 3.6910  accuracy: 16.76% -> 49.72%      
client [3]  (testset)   loss: 6.2769 -> 3.1214  accuracy: 26.56% -> 58.59%      
client [5]  (testset)   loss: 6.8240 -> 4.1822  accuracy: 22.09% -> 45.40%      
client [41] (testset)   loss: 8.3004 -> 5.2450  accuracy: 18.55% -> 36.29%      
client [7]  (testset)   loss: 6.8160 -> 3.8511  accuracy: 18.42% -> 43.86%      
client [37] (testset)   loss: 7.3128 -> 4.2693  accuracy: 15.38% -> 48.08%      
client [45] (testset)   loss: 5.6907 -> 2.8606  accuracy: 25.22% -> 56.19%      
client [47] (testset)   loss: 7.8507 -> 3.7241  accuracy: 20.00% -> 42.61%      
---------------------------- TRAINING EPOCH: 140 ----------------------------   
client [16] (testset)   loss: 6.3534 -> 4.1094  accuracy: 26.45% -> 46.28%      
client [11] (testset)   loss: 6.7085 -> 3.3440  accuracy: 19.77% -> 53.67%      
client [37] (testset)   loss: 6.1160 -> 4.6274  accuracy: 23.08% -> 40.38%      
client [41] (testset)   loss: 7.9863 -> 5.3973  accuracy: 25.00% -> 39.52%      
client [95] (testset)   loss: 6.9754 -> 4.9292  accuracy: 19.28% -> 38.55%      
client [53] (testset)   loss: 5.8347 -> 3.9051  accuracy: 34.75% -> 49.65%      
client [22] (testset)   loss: 7.4522 -> 4.6720  accuracy: 21.05% -> 42.76%      
client [25] (testset)   loss: 6.1349 -> 3.0708  accuracy: 23.96% -> 51.04%      
client [69] (testset)   loss: 5.1972 -> 3.1578  accuracy: 34.66% -> 58.84%      
client [46] (testset)   loss: 6.8807 -> 3.8588  accuracy: 24.76% -> 56.19%      
---------------------------- TRAINING EPOCH: 150 ----------------------------   
client [47] (testset)   loss: 8.0125 -> 5.0986  accuracy: 17.39% -> 42.61%      
client [69] (testset)   loss: 5.8976 -> 3.7494  accuracy: 35.02% -> 59.21%      
client [82] (testset)   loss: 7.5468 -> 5.5673  accuracy: 29.07% -> 36.05%      
client [45] (testset)   loss: 6.2067 -> 3.6414  accuracy: 28.32% -> 53.54%      
client [7]  (testset)   loss: 7.7729 -> 4.2424  accuracy: 25.00% -> 47.37%      
client [50] (testset)   loss: 5.8680 -> 2.9513  accuracy: 31.00% -> 59.00%      
client [35] (testset)   loss: 8.7781 -> 4.9176  accuracy: 17.86% -> 39.80%      
client [24] (testset)   loss: 7.7792 -> 4.2696  accuracy: 14.66% -> 43.10%      
client [15] (testset)   loss: 6.0743 -> 3.9274  accuracy: 29.93% -> 43.80%      
client [58] (testset)   loss: 6.6924 -> 4.4391  accuracy: 28.46% -> 42.31%      
---------------------------- TRAINING EPOCH: 160 ----------------------------   
client [48] (testset)   loss: 5.4462 -> 4.5632  accuracy: 36.36% -> 44.85%      
client [76] (testset)   loss: 6.2681 -> 4.2168  accuracy: 28.49% -> 45.81%      
client [67] (testset)   loss: 6.4050 -> 3.7575  accuracy: 25.82% -> 49.45%      
client [37] (testset)   loss: 7.9425 -> 5.2538  accuracy: 17.31% -> 35.58%      
client [58] (testset)   loss: 6.2352 -> 4.7320  accuracy: 27.69% -> 46.15%      
client [64] (testset)   loss: 6.0739 -> 3.3331  accuracy: 22.97% -> 52.70%      
client [77] (testset)   loss: 7.6095 -> 4.2776  accuracy: 18.54% -> 44.94%      
client [55] (testset)   loss: 5.7874 -> 3.7002  accuracy: 31.16% -> 52.17%      
client [12] (testset)   loss: 5.4794 -> 3.4336  accuracy: 28.79% -> 53.79%      
client [89] (testset)   loss: 7.7205 -> 5.6748  accuracy: 19.75% -> 34.39%      
---------------------------- TRAINING EPOCH: 170 ----------------------------   
client [84] (testset)   loss: 7.1379 -> 6.0126  accuracy: 29.24% -> 38.14%      
client [51] (testset)   loss: 6.0405 -> 4.1409  accuracy: 29.73% -> 44.59%      
client [8]  (testset)   loss: 6.5196 -> 4.9727  accuracy: 42.21% -> 49.25%      
client [18] (testset)   loss: 5.1660 -> 4.2187  accuracy: 39.06% -> 50.78%      
client [94] (testset)   loss: 7.4647 -> 5.6826  accuracy: 27.69% -> 42.31%      
client [81] (testset)   loss: 6.5699 -> 5.2324  accuracy: 34.44% -> 45.70%      
client [3]  (testset)   loss: 5.9594 -> 4.0732  accuracy: 33.59% -> 53.91%      
client [11] (testset)   loss: 6.9072 -> 4.1824  accuracy: 27.12% -> 50.28%      
client [95] (testset)   loss: 7.4304 -> 5.5337  accuracy: 23.49% -> 33.73%      
client [67] (testset)   loss: 6.5641 -> 3.8685  accuracy: 28.57% -> 53.85%      
---------------------------- TRAINING EPOCH: 180 ----------------------------   
client [21] (testset)   loss: 6.5794 -> 4.1717  accuracy: 23.81% -> 46.94%      
client [79] (testset)   loss: 6.4757 -> 3.2335  accuracy: 30.17% -> 58.10%      
client [58] (testset)   loss: 6.6707 -> 5.2333  accuracy: 25.38% -> 34.62%      
client [88] (testset)   loss: 7.4262 -> 4.4741  accuracy: 21.23% -> 48.60%      
client [46] (testset)   loss: 7.0193 -> 4.2350  accuracy: 28.57% -> 55.24%      
client [11] (testset)   loss: 6.5889 -> 4.0733  accuracy: 31.64% -> 49.72%      
client [55] (testset)   loss: 6.3240 -> 4.8029  accuracy: 31.16% -> 44.20%      
client [13] (testset)   loss: 5.9558 -> 4.5223  accuracy: 25.73% -> 41.52%      
client [31] (testset)   loss: 7.5149 -> 4.9502  accuracy: 27.89% -> 49.47%      
client [75] (testset)   loss: 5.8032 -> 4.0899  accuracy: 37.26% -> 50.94%      
---------------------------- TRAINING EPOCH: 190 ----------------------------   
client [19] (testset)   loss: 6.1984 -> 5.8482  accuracy: 31.10% -> 40.24%      
client [7]  (testset)   loss: 8.5403 -> 5.9142  accuracy: 22.81% -> 37.72%      
client [57] (testset)   loss: 5.7880 -> 4.4829  accuracy: 36.81% -> 51.53%      
client [13] (testset)   loss: 7.2675 -> 5.2998  accuracy: 28.65% -> 42.69%      
client [43] (testset)   loss: 8.7120 -> 5.3544  accuracy: 19.26% -> 34.81%      
client [91] (testset)   loss: 7.5430 -> 4.7246  accuracy: 25.00% -> 43.42%      
client [10] (testset)   loss: 7.2460 -> 5.0760  accuracy: 25.00% -> 34.62%      
client [64] (testset)   loss: 6.5306 -> 4.4736  accuracy: 22.97% -> 41.89%      
client [82] (testset)   loss: 7.3554 -> 6.5323  accuracy: 30.23% -> 36.05%      
client [22] (testset)   loss: 7.5051 -> 5.3910  accuracy: 25.66% -> 33.55%      
---------------------------- TRAINING EPOCH: 200 ----------------------------   
client [20] (testset)   loss: 7.3427 -> 4.4719  accuracy: 29.70% -> 55.45%      
client [23] (testset)   loss: 7.8485 -> 4.5688  accuracy: 20.91% -> 41.82%      
client [88] (testset)   loss: 8.0245 -> 4.7330  accuracy: 20.11% -> 50.28%      
client [98] (testset)   loss: 8.5170 -> 6.4744  accuracy: 26.76% -> 38.03%      
client [79] (testset)   loss: 5.3997 -> 3.7942  accuracy: 39.66% -> 55.31%      
client [21] (testset)   loss: 6.8372 -> 4.6725  accuracy: 25.17% -> 42.18%      
client [92] (testset)   loss: 7.8728 -> 6.5567  accuracy: 28.57% -> 44.90%      
client [56] (testset)   loss: 6.2092 -> 4.7401  accuracy: 36.90% -> 41.67%      
client [5]  (testset)   loss: 7.9241 -> 5.8205  accuracy: 25.15% -> 42.33%      
client [52] (testset)   loss: 7.5957 -> 5.2113  accuracy: 29.10% -> 41.04%      
---------------------------- TRAINING EPOCH: 210 ----------------------------   
client [67] (testset)   loss: 7.0479 -> 4.7502  accuracy: 29.12% -> 49.45%      
client [54] (testset)   loss: 8.5589 -> 6.6626  accuracy: 20.00% -> 35.00%      
client [14] (testset)   loss: 5.8078 -> 4.7890  accuracy: 27.27% -> 42.86%      
client [99] (testset)   loss: 7.5270 -> 6.2361  accuracy: 21.90% -> 32.12%      
client [36] (testset)   loss: 7.6417 -> 7.0640  accuracy: 25.66% -> 34.51%      
client [30] (testset)   loss: 6.9581 -> 6.1253  accuracy: 27.07% -> 30.94%      
client [38] (testset)   loss: 8.0714 -> 4.9615  accuracy: 20.67% -> 47.49%      
client [15] (testset)   loss: 7.1681 -> 4.8401  accuracy: 33.58% -> 43.07%      
client [6]  (testset)   loss: 7.1477 -> 6.5104  accuracy: 34.33% -> 37.31%      
client [53] (testset)   loss: 6.7740 -> 5.7624  accuracy: 33.33% -> 42.55%      
---------------------------- TRAINING EPOCH: 220 ----------------------------   
client [99] (testset)   loss: 8.5956 -> 6.7924  accuracy: 25.55% -> 29.93%      
client [6]  (testset)   loss: 8.1247 -> 6.6613  accuracy: 32.84% -> 41.79%      
client [83] (testset)   loss: 7.4007 -> 5.5769  accuracy: 25.00% -> 39.47%      
client [42] (testset)   loss: 6.6610 -> 5.5378  accuracy: 36.30% -> 47.95%      
client [34] (testset)   loss: 7.4371 -> 5.6645  accuracy: 25.97% -> 37.02%      
client [15] (testset)   loss: 7.1927 -> 4.6852  accuracy: 25.55% -> 47.45%      
client [47] (testset)   loss: 8.7231 -> 6.4684  accuracy: 20.00% -> 29.57%      
client [55] (testset)   loss: 6.4361 -> 4.8458  accuracy: 30.43% -> 44.20%      
client [51] (testset)   loss: 6.8428 -> 4.7270  accuracy: 27.03% -> 43.24%      
client [95] (testset)   loss: 7.4915 -> 6.2015  accuracy: 26.51% -> 34.34%      
---------------------------- TRAINING EPOCH: 230 ----------------------------   
client [71] (testset)   loss: 7.3126 -> 5.7360  accuracy: 25.95% -> 39.69%      
client [15] (testset)   loss: 7.6677 -> 5.1675  accuracy: 28.47% -> 48.18%      
client [33] (testset)   loss: 8.4736 -> 5.4206  accuracy: 19.27% -> 41.28%      
client [99] (testset)   loss: 7.6851 -> 6.4579  accuracy: 26.28% -> 29.93%      
client [90] (testset)   loss: 5.9308 -> 4.1527  accuracy: 40.44% -> 54.41%      
client [57] (testset)   loss: 6.9838 -> 5.2420  accuracy: 36.81% -> 49.69%      
client [27] (testset)   loss: 6.6745 -> 4.8868  accuracy: 30.00% -> 44.38%      
client [78] (testset)   loss: 7.2160 -> 5.2713  accuracy: 27.67% -> 42.77%      
client [36] (testset)   loss: 8.0392 -> 7.4165  accuracy: 30.09% -> 34.51%      
client [88] (testset)   loss: 7.4706 -> 5.2448  accuracy: 31.84% -> 45.81%      
---------------------------- TRAINING EPOCH: 240 ----------------------------   
client [70] (testset)   loss: 5.9799 -> 4.7679  accuracy: 36.65% -> 41.61%      
client [35] (testset)   loss: 9.3339 -> 6.4202  accuracy: 23.47% -> 38.78%      
client [16] (testset)   loss: 7.8130 -> 6.7530  accuracy: 34.71% -> 36.36%      
client [80] (testset)   loss: 7.6207 -> 4.3868  accuracy: 35.40% -> 55.28%      
client [38] (testset)   loss: 8.8909 -> 5.5703  accuracy: 20.11% -> 43.58%      
client [78] (testset)   loss: 7.2459 -> 5.5164  accuracy: 38.99% -> 44.03%      
client [68] (testset)   loss: 7.8509 -> 5.5310  accuracy: 26.89% -> 49.16%      
client [11] (testset)   loss: 7.8032 -> 4.7496  accuracy: 29.38% -> 48.59%      
client [64] (testset)   loss: 7.8240 -> 4.3084  accuracy: 22.30% -> 47.30%      
client [82] (testset)   loss: 8.3684 -> 7.5030  accuracy: 32.56% -> 34.88%      
---------------------------- TRAINING EPOCH: 250 ----------------------------   
client [30] (testset)   loss: 8.2949 -> 6.5056  accuracy: 29.83% -> 33.70%      
client [27] (testset)   loss: 7.3726 -> 5.2636  accuracy: 27.50% -> 44.38%      
client [74] (testset)   loss: 8.4009 -> 5.2505  accuracy: 25.00% -> 46.43%      
client [45] (testset)   loss: 7.3758 -> 4.7832  accuracy: 34.96% -> 53.54%      
client [6]  (testset)   loss: 7.3754 -> 5.6775  accuracy: 38.81% -> 40.30%      
client [36] (testset)   loss: 8.5542 -> 7.6989  accuracy: 30.09% -> 38.05%      
client [63] (testset)   loss: 8.2036 -> 6.1101  accuracy: 24.52% -> 40.38%      
client [76] (testset)   loss: 9.0452 -> 5.8685  accuracy: 25.14% -> 45.81%      
client [83] (testset)   loss: 8.9865 -> 5.9977  accuracy: 19.74% -> 41.45%      
client [86] (testset)   loss: 8.6074 -> 5.3522  accuracy: 20.34% -> 39.83%      
---------------------------- TRAINING EPOCH: 260 ----------------------------   
client [83] (testset)   loss: 8.7495 -> 6.2218  accuracy: 21.71% -> 36.84%      
client [99] (testset)   loss: 7.9350 -> 6.9256  accuracy: 28.47% -> 31.39%      
client [74] (testset)   loss: 7.8172 -> 5.7148  accuracy: 29.08% -> 43.37%      
client [73] (testset)   loss: 8.2541 -> 6.6427  accuracy: 28.78% -> 35.97%      
client [29] (testset)   loss: 8.4496 -> 6.1236  accuracy: 26.00% -> 41.33%      
client [92] (testset)   loss: 8.0348 -> 7.0374  accuracy: 24.49% -> 39.80%      
client [6]  (testset)   loss: 7.3702 -> 6.6090  accuracy: 28.36% -> 31.34%      
client [61] (testset)   loss: 8.2817 -> 6.9101  accuracy: 26.67% -> 35.56%      
client [21] (testset)   loss: 7.7018 -> 5.7284  accuracy: 29.25% -> 42.18%      
client [67] (testset)   loss: 7.5303 -> 5.2650  accuracy: 31.87% -> 46.15%      
---------------------------- TRAINING EPOCH: 270 ----------------------------   
client [83] (testset)   loss: 8.8064 -> 6.0414  accuracy: 23.03% -> 37.50%      
client [32] (testset)   loss: 8.2247 -> 6.8109  accuracy: 18.95% -> 31.58%      
client [95] (testset)   loss: 9.6523 -> 7.3822  accuracy: 21.08% -> 34.34%      
client [61] (testset)   loss: 9.2700 -> 7.4007  accuracy: 21.48% -> 30.37%      
client [27] (testset)   loss: 7.8024 -> 5.4030  accuracy: 28.75% -> 42.50%      
client [25] (testset)   loss: 7.4430 -> 4.9616  accuracy: 33.33% -> 44.79%      
client [68] (testset)   loss: 8.4404 -> 6.5323  accuracy: 26.05% -> 41.60%      
client [34] (testset)   loss: 8.2375 -> 6.2004  accuracy: 28.18% -> 38.67%      
client [71] (testset)   loss: 8.4535 -> 7.1821  accuracy: 21.37% -> 32.06%      
client [89] (testset)   loss: 8.6003 -> 7.1608  accuracy: 24.20% -> 35.03%      
---------------------------- TRAINING EPOCH: 280 ----------------------------   
client [78] (testset)   loss: 7.8802 -> 6.3112  accuracy: 32.70% -> 42.77%      
client [81] (testset)   loss: 7.5820 -> 6.4882  accuracy: 38.41% -> 45.70%      
client [51] (testset)   loss: 7.6963 -> 5.9469  accuracy: 28.38% -> 40.54%      
client [54] (testset)   loss: 8.9880 -> 7.3727  accuracy: 30.83% -> 35.00%      
client [65] (testset)   loss: 8.7856 -> 6.9886  accuracy: 28.18% -> 35.45%      
client [41] (testset)   loss: 10.4140 -> 9.0496 accuracy: 22.58% -> 25.81%      
client [11] (testset)   loss: 6.6353 -> 5.4111  accuracy: 37.85% -> 46.89%      
client [85] (testset)   loss: 7.2474 -> 6.2415  accuracy: 35.82% -> 46.27%      
client [12] (testset)   loss: 6.3418 -> 4.8785  accuracy: 34.85% -> 49.24%      
client [23] (testset)   loss: 8.5119 -> 6.2066  accuracy: 21.82% -> 30.91%      
---------------------------- TRAINING EPOCH: 290 ----------------------------   
client [16] (testset)   loss: 8.6008 -> 6.8846  accuracy: 23.97% -> 34.71%      
client [65] (testset)   loss: 8.7464 -> 7.8561  accuracy: 29.09% -> 32.73%      
client [53] (testset)   loss: 8.0423 -> 6.8848  accuracy: 30.50% -> 39.01%      
client [58] (testset)   loss: 7.2064 -> 6.7755  accuracy: 33.08% -> 36.92%      
client [72] (testset)   loss: 8.3509 -> 7.7339  accuracy: 27.61% -> 28.36%      
client [7]  (testset)   loss: 8.1103 -> 7.1807  accuracy: 30.70% -> 35.53%      
client [71] (testset)   loss: 8.0112 -> 6.9374  accuracy: 24.43% -> 30.53%      
client [59] (testset)   loss: 9.0907 -> 7.5392  accuracy: 33.91% -> 39.06%      
client [86] (testset)   loss: 7.9412 -> 5.7751  accuracy: 25.42% -> 42.37%      
client [39] (testset)   loss: 8.6175 -> 7.2532  accuracy: 26.95% -> 32.34%      
---------------------------- TRAINING EPOCH: 300 ----------------------------   
client [99] (testset)   loss: 9.6195 -> 7.6582  accuracy: 23.36% -> 31.39%      
client [7]  (testset)   loss: 9.4388 -> 7.1077  accuracy: 26.32% -> 38.16%      
client [17] (testset)   loss: 9.3088 -> 8.1913  accuracy: 21.80% -> 31.58%      
client [64] (testset)   loss: 7.9726 -> 5.7256  accuracy: 26.35% -> 39.19%      
client [37] (testset)   loss: 9.0375 -> 7.7154  accuracy: 26.92% -> 35.58%      
client [29] (testset)   loss: 8.2458 -> 7.4808  accuracy: 32.67% -> 34.67%      
client [93] (testset)   loss: 8.3367 -> 6.3549  accuracy: 27.20% -> 36.80%      
client [73] (testset)   loss: 8.7477 -> 7.2580  accuracy: 24.46% -> 35.97%      
client [40] (testset)   loss: 7.5487 -> 7.0794  accuracy: 26.92% -> 35.90%      
client [76] (testset)   loss: 8.2432 -> 6.1517  accuracy: 27.37% -> 41.34%      
---------------------------- TRAINING EPOCH: 310 ----------------------------   
client [31] (testset)   loss: 9.3677 -> 7.6098  accuracy: 28.95% -> 36.84%      
client [89] (testset)   loss: 8.6687 -> 7.8500  accuracy: 26.75% -> 33.12%      
client [77] (testset)   loss: 9.9051 -> 6.9823  accuracy: 19.10% -> 38.20%      
client [90] (testset)   loss: 6.5071 -> 5.2051  accuracy: 39.71% -> 47.79%      
client [26] (testset)   loss: 7.7902 -> 6.9021  accuracy: 25.66% -> 32.74%      
client [50] (testset)   loss: 5.9743 -> 4.3700  accuracy: 38.00% -> 47.00%      
client [30] (testset)   loss: 8.5357 -> 7.4731  accuracy: 26.52% -> 30.94%      
client [70] (testset)   loss: 6.4574 -> 5.5323  accuracy: 33.54% -> 45.96%      
client [41] (testset)   loss: 10.6630 -> 9.4113 accuracy: 25.81% -> 29.84%      
client [99] (testset)   loss: 8.4366 -> 7.3976  accuracy: 24.09% -> 29.20%      
---------------------------- TRAINING EPOCH: 320 ----------------------------   
client [68] (testset)   loss: 8.7613 -> 7.5505  accuracy: 26.47% -> 36.97%      
client [70] (testset)   loss: 6.0510 -> 5.5818  accuracy: 42.24% -> 47.83%      
client [52] (testset)   loss: 7.6795 -> 7.0653  accuracy: 38.81% -> 42.54%      
client [1]  (testset)   loss: 7.0887 -> 6.6170  accuracy: 41.44% -> 49.17%      
client [2]  (testset)   loss: 8.8476 -> 8.3800  accuracy: 25.89% -> 31.25%      
client [67] (testset)   loss: 8.6486 -> 6.4246  accuracy: 31.32% -> 45.05%      
client [92] (testset)   loss: 9.0931 -> 8.4935  accuracy: 28.57% -> 29.59%      
client [35] (testset)   loss: 10.3644 -> 7.4971 accuracy: 21.94% -> 37.76%      
client [36] (testset)   loss: 9.9157 -> 8.8244  accuracy: 27.43% -> 36.28%      
client [64] (testset)   loss: 7.3110 -> 5.7021  accuracy: 25.68% -> 36.49%      
---------------------------- TRAINING EPOCH: 330 ----------------------------   
client [44] (testset)   loss: 8.2167 -> 7.2189  accuracy: 32.03% -> 35.95%      
client [6]  (testset)   loss: 8.3726 -> 8.2398  accuracy: 35.82% -> 37.31%      
client [12] (testset)   loss: 6.6572 -> 5.7219  accuracy: 40.15% -> 50.00%      
client [55] (testset)   loss: 7.3191 -> 6.3816  accuracy: 37.68% -> 41.30%      
client [29] (testset)   loss: 8.7984 -> 7.9928  accuracy: 30.67% -> 34.00%      
client [9]  (testset)   loss: 8.4316 -> 7.4089  accuracy: 33.56% -> 41.61%      
client [43] (testset)   loss: 10.7429 -> 8.0987 accuracy: 23.70% -> 38.52%      
client [77] (testset)   loss: 9.9714 -> 7.3560  accuracy: 19.10% -> 36.52%      
client [98] (testset)   loss: 10.1553 -> 8.5132 accuracy: 28.87% -> 33.10%      
client [78] (testset)   loss: 8.1608 -> 7.1111  accuracy: 33.96% -> 40.88%      
---------------------------- TRAINING EPOCH: 340 ----------------------------   
client [92] (testset)   loss: 9.2730 -> 8.9261  accuracy: 32.65% -> 34.69%      
client [80] (testset)   loss: 8.2127 -> 4.9219  accuracy: 35.40% -> 52.80%      
client [63] (testset)   loss: 9.4490 -> 7.5089  accuracy: 29.33% -> 37.02%      
client [76] (testset)   loss: 9.3093 -> 6.8933  accuracy: 26.26% -> 39.66%      
client [78] (testset)   loss: 7.7026 -> 6.6304  accuracy: 36.48% -> 40.88%      
client [25] (testset)   loss: 7.9903 -> 5.5123  accuracy: 30.21% -> 45.83%      
client [58] (testset)   loss: 8.6770 -> 7.0818  accuracy: 26.92% -> 39.23%      
client [13] (testset)   loss: 8.6109 -> 7.1761  accuracy: 28.65% -> 39.18%      
client [17] (testset)   loss: 10.3030 -> 8.6653 accuracy: 20.30% -> 31.58%      
client [38] (testset)   loss: 9.2776 -> 7.0968  accuracy: 23.46% -> 34.64%      
---------------------------- TRAINING EPOCH: 350 ----------------------------   
client [72] (testset)   loss: 10.2254 -> 9.1540 accuracy: 22.39% -> 30.60%      
client [82] (testset)   loss: 9.4749 -> 9.2334  accuracy: 32.56% -> 33.72%      
client [86] (testset)   loss: 8.0015 -> 7.0185  accuracy: 33.90% -> 38.98%      
client [51] (testset)   loss: 9.0903 -> 7.1540  accuracy: 24.32% -> 37.16%      
client [96] (testset)   loss: 9.8615 -> 6.4728  accuracy: 24.28% -> 37.57%      
client [42] (testset)   loss: 8.2382 -> 7.0807  accuracy: 35.62% -> 46.58%      
client [55] (testset)   loss: 8.2053 -> 6.9541  accuracy: 34.06% -> 42.75%      
client [13] (testset)   loss: 7.9673 -> 7.3680  accuracy: 34.50% -> 40.35%      
client [1]  (testset)   loss: 7.6392 -> 7.0496  accuracy: 42.54% -> 47.51%      
client [12] (testset)   loss: 6.4989 -> 5.6768  accuracy: 46.21% -> 53.03%      
---------------------------- TRAINING EPOCH: 360 ----------------------------   
client [68] (testset)   loss: 9.7750 -> 7.8931  accuracy: 27.73% -> 42.44%      
client [23] (testset)   loss: 10.5284 -> 7.3090 accuracy: 22.73% -> 29.09%      
client [46] (testset)   loss: 8.1300 -> 6.2444  accuracy: 33.33% -> 46.67%      
client [41] (testset)   loss: 11.2323 -> 10.0255    accuracy: 27.42% -> 29.84%  
client [25] (testset)   loss: 7.2430 -> 5.9085  accuracy: 35.42% -> 45.83%      
client [58] (testset)   loss: 8.5983 -> 7.1910  accuracy: 30.77% -> 36.92%      
client [14] (testset)   loss: 8.8334 -> 7.7025  accuracy: 29.87% -> 32.47%      
client [33] (testset)   loss: 9.3242 -> 7.8862  accuracy: 19.27% -> 33.03%      
client [85] (testset)   loss: 9.4746 -> 6.8207  accuracy: 32.84% -> 43.28%      
client [62] (testset)   loss: 9.1671 -> 6.5010  accuracy: 29.61% -> 42.23%      
---------------------------- TRAINING EPOCH: 370 ----------------------------   
client [98] (testset)   loss: 9.0462 -> 9.0061  accuracy: 33.10% -> 33.10%      
client [63] (testset)   loss: 9.6013 -> 8.0207  accuracy: 27.40% -> 36.06%      
client [70] (testset)   loss: 6.5693 -> 5.7008  accuracy: 35.40% -> 45.34%      
client [65] (testset)   loss: 9.8759 -> 8.8130  accuracy: 30.91% -> 28.18%      
client [14] (testset)   loss: 8.0270 -> 7.4720  accuracy: 25.97% -> 29.87%      
client [73] (testset)   loss: 9.0469 -> 8.4908  accuracy: 30.94% -> 37.41%      
client [34] (testset)   loss: 10.2297 -> 8.6504 accuracy: 27.07% -> 34.81%      
client [99] (testset)   loss: 9.5988 -> 8.8959  accuracy: 25.55% -> 26.28%      
client [69] (testset)   loss: 7.6578 -> 6.0043  accuracy: 40.43% -> 51.99%      
client [46] (testset)   loss: 8.5735 -> 6.8672  accuracy: 33.33% -> 40.00%      
---------------------------- TRAINING EPOCH: 380 ----------------------------   
client [99] (testset)   loss: 9.4441 -> 8.5193  accuracy: 28.47% -> 31.39%      
client [93] (testset)   loss: 8.9627 -> 7.1547  accuracy: 30.40% -> 37.60%      
client [11] (testset)   loss: 8.1966 -> 7.0804  accuracy: 32.20% -> 41.81%      
client [58] (testset)   loss: 8.2392 -> 7.8167  accuracy: 34.62% -> 36.15%      
client [81] (testset)   loss: 8.9219 -> 8.2724  accuracy: 35.10% -> 39.74%      
client [85] (testset)   loss: 9.2540 -> 7.6561  accuracy: 30.60% -> 44.78%      
client [89] (testset)   loss: 9.4255 -> 8.9719  accuracy: 29.30% -> 33.76%      
client [45] (testset)   loss: 8.1938 -> 6.5403  accuracy: 34.51% -> 47.35%      
client [8]  (testset)   loss: 9.0466 -> 7.3248  accuracy: 37.69% -> 45.23%      
client [68] (testset)   loss: 9.5942 -> 7.9441  accuracy: 26.89% -> 39.50%      
---------------------------- TRAINING EPOCH: 390 ----------------------------   
client [67] (testset)   loss: 8.5017 -> 7.0053  accuracy: 33.52% -> 42.31%      
client [72] (testset)   loss: 9.3086 -> 9.0249  accuracy: 31.34% -> 31.34%      
client [1]  (testset)   loss: 7.4436 -> 7.1647  accuracy: 41.99% -> 44.20%      
client [78] (testset)   loss: 9.1667 -> 8.3341  accuracy: 34.59% -> 37.11%      
client [83] (testset)   loss: 10.1534 -> 8.3120 accuracy: 25.00% -> 34.21%      
client [21] (testset)   loss: 8.7229 -> 7.9200  accuracy: 31.29% -> 35.37%      
client [56] (testset)   loss: 8.2447 -> 8.1068  accuracy: 40.48% -> 41.67%      
client [44] (testset)   loss: 10.0447 -> 8.8797 accuracy: 29.41% -> 33.99%      
client [92] (testset)   loss: 9.3306 -> 8.7932  accuracy: 27.55% -> 31.63%      
client [27] (testset)   loss: 9.1421 -> 8.1467  accuracy: 30.63% -> 33.75%      
---------------------------- TRAINING EPOCH: 400 ----------------------------   
client [10] (testset)   loss: 9.8715 -> 9.3586  accuracy: 29.81% -> 31.73%      
client [39] (testset)   loss: 9.2719 -> 8.1064  accuracy: 28.74% -> 35.33%      
client [65] (testset)   loss: 11.0455 -> 9.9083 accuracy: 29.09% -> 30.00%      
client [26] (testset)   loss: 9.1703 -> 8.6746  accuracy: 20.35% -> 27.43%      
client [19] (testset)   loss: 10.0364 -> 8.8697 accuracy: 23.78% -> 29.88%      
client [68] (testset)   loss: 9.4299 -> 8.4405  accuracy: 30.67% -> 39.08%      
client [41] (testset)   loss: 12.1007 -> 10.7686    accuracy: 22.58% -> 29.03%  
client [50] (testset)   loss: 6.6302 -> 6.1780  accuracy: 34.00% -> 42.00%      
client [75] (testset)   loss: 6.8626 -> 6.3238  accuracy: 38.21% -> 42.92%      
client [81] (testset)   loss: 8.4905 -> 7.9168  accuracy: 36.42% -> 38.41%      
Training... ━━━━━━━━━━━━━━━━━━━━━━━━━━━━━━━━━━━━━━━━ 100% 0:06:38
PSFL's average time taken by each global epoch: 0 min 0.99 sec.                 
PSFL's total running time: 0 h 6 m 38 s.                                        
==================== PSFL Experiment Results: ====================              
Display format: (before local fine-tuning) -> (after local fine-tuning)         
 So if finetune_epoch = 0, x.xx% -> 0.00% is normal.                            
 Centralized testing ONLY happens after model aggregation, so the stats between 
'->' are the same.                                                              
{                                                                               
    "100": {                                                                    
        "all_clients": {                                                        
            "test": {                                                           
                "loss": "5.9943 -> 0.0000",                                     
                "accuracy": "25.07% -> 0.00%"                                   
            }                                                                   
        }                                                                       
    },                                                                          
    "200": {                                                                    
        "all_clients": {                                                        
            "test": {                                                           
                "loss": "7.0553 -> 0.0000",                                     
                "accuracy": "28.53% -> 0.00%"                                   
            }                                                                   
        }                                                                       
    },                                                                          
    "300": {                                                                    
        "all_clients": {                                                        
            "test": {                                                           
                "loss": "8.3609 -> 0.0000",                                     
                "accuracy": "29.90% -> 0.00%"                                   
            }                                                                   
        }                                                                       
    },                                                                          
    "400": {                                                                    
        "all_clients": {                                                        
            "test": {                                                           
                "loss": "9.1298 -> 0.0000",                                     
                "accuracy": "31.30% -> 0.00%"                                   
            }                                                                   
        }                                                                       
    }                                                                           
}                                                                               
==================== PSFL Max Accuracy ====================                     
all_clients:                                                                    
(test) before fine-tuning: 31.30% at epoch 400                                  
(test) after fine-tuning: 0.00% at epoch 100                                    
