==================== APFL ====================                                 
Experiment Arguments:                                                          
{
    'method': 'apfl',
    'dataset': {
        'name': 'mnist',
        'client_num': 100,
        'test_ratio': 0.25,
        'val_ratio': 0.0,
        'seed': 42,
        'split': 'sample',
        'IID_ratio': 0.0,
        'monitor_window_name_suffix': 'mnist-100clients-0%IID-Dir(1.0)-seed42',
        'alpha': 1.0,
        'min_samples_per_client': 10
    },
    'model': {
        'name': 'avgcnn',
        'use_torchvision_pretrained_weights': True,
        'external_model_weights_path': None
    },
    'optimizer': {
        'lr': 0.01,
        'dampening': 0,
        'weight_decay': 0,
        'momentum': 0,
        'nesterov': False,
        'name': 'sgd'
    },
    'mode': 'serial',
    'parallel': {
        'ray_cluster_addr': None,
        'num_cpus': None,
        'num_gpus': None,
        'num_workers': 2
    },
    'common': {
        'seed': 42,
        'join_ratio': 0.1,
        'global_epoch': 400,
        'local_epoch': 5,
        'batch_size': 32,
        'reset_optimizer_on_global_epoch': True,
        'straggler_ratio': 0,
        'straggler_min_local_epoch': 0,
        'buffers': 'global',
        'client_side_evaluation': True,
        'test': {
            'client': {
                'interval': 100,
                'finetune_epoch': 0,
                'train': False,
                'val': False,
                'test': True
            },
            'server': {
                'interval': -1,
                'train': False,
                'val': False,
                'test': False,
                'model_in_train_mode': False
            }
        },
        'verbose_gap': 10,
        'monitor': None,
        'use_cuda': True,
        'save_log': True,
        'save_model': False,
        'save_learning_curve_plot': False,
        'save_metrics': True,
        'delete_useless_run': True
    },
    'apfl': {
        'alpha': 0.5,
        'adaptive_alpha': 1
    }
}
---------------------------- TRAINING EPOCH: 10 ----------------------------   
client [77] (testset)   loss: 0.1540 -> 0.1312  accuracy: 96.79% -> 96.39%     
client [81] (testset)   loss: 0.2289 -> 0.2169  accuracy: 94.55% -> 94.55%     
client [21] (testset)   loss: 0.2113 -> 0.1592  accuracy: 96.46% -> 95.58%     
client [68] (testset)   loss: 0.1526 -> 0.0923  accuracy: 98.33% -> 98.89%     
client [93] (testset)   loss: 0.1665 -> 0.1585  accuracy: 98.02% -> 97.22%     
client [31] (testset)   loss: 0.1519 -> 0.1466  accuracy: 98.21% -> 97.32%     
client [20] (testset)   loss: 0.1785 -> 0.1110  accuracy: 96.05% -> 96.93%     
client [59] (testset)   loss: 0.2137 -> 0.1926  accuracy: 96.88% -> 94.79%     
client [48] (testset)   loss: 0.1400 -> 0.1077  accuracy: 97.16% -> 97.87%     
client [34] (testset)   loss: 0.1766 -> 0.1490  accuracy: 95.95% -> 96.62%     
---------------------------- TRAINING EPOCH: 20 ----------------------------   
client [69] (testset)   loss: 0.0715 -> 0.0828  accuracy: 97.59% -> 98.19%     
client [99] (testset)   loss: 0.1649 -> 0.1533  accuracy: 97.21% -> 94.41%     
client [67] (testset)   loss: 0.1495 -> 0.1553  accuracy: 97.44% -> 97.44%     
client [0]  (testset)   loss: 0.0852 -> 0.0804  accuracy: 97.98% -> 98.48%     
client [76] (testset)   loss: 0.0654 -> 0.0517  accuracy: 100.00% -> 100.00%   
client [41] (testset)   loss: 0.1202 -> 0.1050  accuracy: 97.02% -> 98.21%     
client [62] (testset)   loss: 0.1025 -> 0.0938  accuracy: 98.38% -> 98.92%     
client [2]  (testset)   loss: 0.1014 -> 0.0867  accuracy: 96.85% -> 96.85%     
client [14] (testset)   loss: 0.1526 -> 0.1815  accuracy: 95.18% -> 92.77%     
client [46] (testset)   loss: 0.1244 -> 0.0911  accuracy: 97.74% -> 98.50%     
---------------------------- TRAINING EPOCH: 30 ----------------------------   
client [24] (testset)   loss: 0.0857 -> 0.0888  accuracy: 98.25% -> 99.12%     
client [68] (testset)   loss: 0.0520 -> 0.0320  accuracy: 99.44% -> 100.00%    
client [57] (testset)   loss: 0.1421 -> 0.1269  accuracy: 96.77% -> 97.24%     
client [17] (testset)   loss: 0.0665 -> 0.0676  accuracy: 97.82% -> 97.82%     
client [54] (testset)   loss: 0.0894 -> 0.1095  accuracy: 97.75% -> 97.19%     
client [23] (testset)   loss: 0.0942 -> 0.0961  accuracy: 98.39% -> 97.31%     
client [35] (testset)   loss: 0.0364 -> 0.0325  accuracy: 100.00% -> 99.40%    
client [59] (testset)   loss: 0.0846 -> 0.0899  accuracy: 99.48% -> 97.40%     
client [31] (testset)   loss: 0.0709 -> 0.0702  accuracy: 99.11% -> 99.11%     
client [9]  (testset)   loss: 0.0856 -> 0.0540  accuracy: 98.13% -> 99.07%     
---------------------------- TRAINING EPOCH: 40 ----------------------------   
client [64] (testset)   loss: 0.0497 -> 0.0375  accuracy: 97.93% -> 98.76%     
client [33] (testset)   loss: 0.0474 -> 0.0668  accuracy: 98.58% -> 98.58%     
client [16] (testset)   loss: 0.0996 -> 0.0824  accuracy: 97.26% -> 97.26%     
client [44] (testset)   loss: 0.1390 -> 0.1161  accuracy: 97.59% -> 99.40%     
client [8]  (testset)   loss: 0.0446 -> 0.0549  accuracy: 98.78% -> 99.39%     
client [31] (testset)   loss: 0.0710 -> 0.0498  accuracy: 97.32% -> 99.11%     
client [47] (testset)   loss: 0.0546 -> 0.0496  accuracy: 99.19% -> 99.19%     
client [36] (testset)   loss: 0.0527 -> 0.0635  accuracy: 99.45% -> 98.91%     
client [20] (testset)   loss: 0.0496 -> 0.0432  accuracy: 98.68% -> 98.25%     
client [56] (testset)   loss: 0.0741 -> 0.0702  accuracy: 98.95% -> 98.42%     
---------------------------- TRAINING EPOCH: 50 ----------------------------   
client [4]  (testset)   loss: 0.1023 -> 0.0915  accuracy: 98.29% -> 97.71%     
client [60] (testset)   loss: 0.0521 -> 0.0450  accuracy: 98.55% -> 98.91%     
client [28] (testset)   loss: 0.0466 -> 0.0665  accuracy: 99.27% -> 97.08%     
client [25] (testset)   loss: 0.0741 -> 0.0635  accuracy: 97.63% -> 97.16%     
client [58] (testset)   loss: 0.0283 -> 0.0229  accuracy: 98.97% -> 98.97%     
client [44] (testset)   loss: 0.1280 -> 0.1091  accuracy: 98.19% -> 99.40%     
client [39] (testset)   loss: 0.0388 -> 0.0477  accuracy: 99.45% -> 99.45%     
client [29] (testset)   loss: 0.0371 -> 0.0228  accuracy: 99.13% -> 99.13%     
client [3]  (testset)   loss: 0.0983 -> 0.1443  accuracy: 96.52% -> 95.22%     
client [84] (testset)   loss: 0.0705 -> 0.0449  accuracy: 98.24% -> 98.82%     
---------------------------- TRAINING EPOCH: 60 ----------------------------   
client [21] (testset)   loss: 0.0514 -> 0.0431  accuracy: 98.23% -> 99.12%     
client [84] (testset)   loss: 0.0596 -> 0.0390  accuracy: 97.65% -> 98.82%     
client [10] (testset)   loss: 0.0436 -> 0.0390  accuracy: 99.34% -> 98.01%     
client [36] (testset)   loss: 0.0360 -> 0.0435  accuracy: 100.00% -> 99.45%    
client [65] (testset)   loss: 0.0687 -> 0.0699  accuracy: 97.65% -> 96.47%     
client [81] (testset)   loss: 0.1043 -> 0.1158  accuracy: 97.27% -> 98.18%     
client [79] (testset)   loss: 0.0604 -> 0.0341  accuracy: 98.21% -> 98.57%     
client [42] (testset)   loss: 0.0941 -> 0.0755  accuracy: 97.37% -> 96.49%     
client [11] (testset)   loss: 0.0569 -> 0.0467  accuracy: 98.45% -> 98.45%     
client [96] (testset)   loss: 0.0559 -> 0.0487  accuracy: 98.56% -> 98.56%     
---------------------------- TRAINING EPOCH: 70 ----------------------------   
client [8]  (testset)   loss: 0.0404 -> 0.0536  accuracy: 98.78% -> 99.39%     
client [53] (testset)   loss: 0.0876 -> 0.0742  accuracy: 96.43% -> 97.32%     
client [52] (testset)   loss: 0.0376 -> 0.0537  accuracy: 100.00% -> 99.08%    
client [42] (testset)   loss: 0.0813 -> 0.0704  accuracy: 98.25% -> 97.37%     
client [69] (testset)   loss: 0.0391 -> 0.0256  accuracy: 98.19% -> 99.40%     
client [59] (testset)   loss: 0.0399 -> 0.0530  accuracy: 98.96% -> 97.92%     
client [7]  (testset)   loss: 0.0546 -> 0.0313  accuracy: 98.21% -> 99.40%     
client [26] (testset)   loss: 0.0553 -> 0.0349  accuracy: 98.31% -> 98.73%     
client [49] (testset)   loss: 0.0384 -> 0.0210  accuracy: 98.77% -> 99.38%     
client [98] (testset)   loss: 0.0367 -> 0.0445  accuracy: 99.19% -> 98.37%     
---------------------------- TRAINING EPOCH: 80 ----------------------------   
client [98] (testset)   loss: 0.0328 -> 0.0402  accuracy: 100.00% -> 99.19%    
client [47] (testset)   loss: 0.0294 -> 0.0374  accuracy: 99.19% -> 99.19%     
client [21] (testset)   loss: 0.0459 -> 0.0322  accuracy: 99.12% -> 99.12%     
client [77] (testset)   loss: 0.0743 -> 0.0384  accuracy: 97.99% -> 98.39%     
client [95] (testset)   loss: 0.0632 -> 0.0658  accuracy: 98.05% -> 97.07%     
client [91] (testset)   loss: 0.0647 -> 0.0449  accuracy: 97.00% -> 97.00%     
client [14] (testset)   loss: 0.1189 -> 0.1346  accuracy: 96.39% -> 96.39%     
client [99] (testset)   loss: 0.0628 -> 0.0608  accuracy: 98.32% -> 96.65%     
client [20] (testset)   loss: 0.0491 -> 0.0375  accuracy: 98.25% -> 98.25%     
client [39] (testset)   loss: 0.0236 -> 0.1737  accuracy: 99.45% -> 97.80%     
---------------------------- TRAINING EPOCH: 90 ----------------------------   
client [52] (testset)   loss: 0.0305 -> 0.0459  accuracy: 100.00% -> 99.08%    
client [62] (testset)   loss: 0.0303 -> 0.0233  accuracy: 99.46% -> 99.46%     
client [71] (testset)   loss: 0.0797 -> 0.0755  accuracy: 97.91% -> 97.91%     
client [97] (testset)   loss: 0.0491 -> 0.0409  accuracy: 97.99% -> 98.66%     
client [30] (testset)   loss: 0.0474 -> 0.0438  accuracy: 98.67% -> 98.67%     
client [88] (testset)   loss: 0.0570 -> 0.0447  accuracy: 97.58% -> 97.58%     
client [60] (testset)   loss: 0.0231 -> 0.0246  accuracy: 99.28% -> 99.28%     
client [82] (testset)   loss: 0.0522 -> 0.0502  accuracy: 98.97% -> 98.97%     
client [91] (testset)   loss: 0.0544 -> 0.0444  accuracy: 97.00% -> 97.00%     
client [57] (testset)   loss: 0.1044 -> 0.0953  accuracy: 97.70% -> 98.16%     
---------------------------- TRAINING EPOCH: 100 ----------------------------  
client [31] (testset)   loss: 0.0448 -> 0.0382  accuracy: 98.21% -> 99.11%     
client [15] (testset)   loss: 0.0474 -> 0.0528  accuracy: 98.52% -> 98.03%     
client [71] (testset)   loss: 0.0866 -> 0.0698  accuracy: 97.91% -> 97.91%     
client [97] (testset)   loss: 0.0452 -> 0.0413  accuracy: 98.66% -> 98.66%     
client [53] (testset)   loss: 0.0813 -> 0.0663  accuracy: 96.43% -> 97.32%     
client [77] (testset)   loss: 0.0666 -> 0.0342  accuracy: 97.99% -> 99.20%     
client [76] (testset)   loss: 0.0106 -> 0.0098  accuracy: 100.00% -> 100.00%   
client [79] (testset)   loss: 0.0467 -> 0.0310  accuracy: 98.21% -> 98.57%     
client [28] (testset)   loss: 0.0415 -> 0.0367  accuracy: 98.54% -> 98.54%     
client [99] (testset)   loss: 0.0514 -> 0.0503  accuracy: 98.32% -> 98.88%     
---------------------------- TRAINING EPOCH: 110 ----------------------------  
client [97] (testset)   loss: 0.0465 -> 0.0412  accuracy: 97.99% -> 98.66%     
client [86] (testset)   loss: 0.0149 -> 0.0196  accuracy: 100.00% -> 99.25%    
client [34] (testset)   loss: 0.0318 -> 0.0354  accuracy: 99.32% -> 98.65%     
client [73] (testset)   loss: 0.1010 -> 0.1074  accuracy: 97.50% -> 96.67%     
client [5]  (testset)   loss: 0.0298 -> 0.0345  accuracy: 98.77% -> 98.15%     
client [96] (testset)   loss: 0.0533 -> 0.0439  accuracy: 97.61% -> 98.56%     
client [22] (testset)   loss: 0.0452 -> 0.0371  accuracy: 99.09% -> 99.09%     
client [60] (testset)   loss: 0.0228 -> 0.0216  accuracy: 99.28% -> 99.28%     
client [66] (testset)   loss: 0.0893 -> 0.0681  accuracy: 97.42% -> 98.97%     
client [83] (testset)   loss: 0.0588 -> 0.0488  accuracy: 98.09% -> 99.04%     
---------------------------- TRAINING EPOCH: 120 ----------------------------  
client [76] (testset)   loss: 0.0075 -> 0.0071  accuracy: 100.00% -> 100.00%   
client [65] (testset)   loss: 0.0514 -> 0.0640  accuracy: 97.65% -> 97.65%     
client [95] (testset)   loss: 0.0505 -> 0.0536  accuracy: 98.54% -> 97.56%     
client [17] (testset)   loss: 0.0348 -> 0.0354  accuracy: 99.13% -> 99.13%     
client [8]  (testset)   loss: 0.0364 -> 0.0493  accuracy: 98.78% -> 98.78%     
client [35] (testset)   loss: 0.0104 -> 0.0081  accuracy: 100.00% -> 100.00%   
client [98] (testset)   loss: 0.0215 -> 0.0287  accuracy: 100.00% -> 99.19%    
client [53] (testset)   loss: 0.0649 -> 0.0570  accuracy: 98.21% -> 98.21%     
client [43] (testset)   loss: 0.0441 -> 0.0349  accuracy: 98.20% -> 98.20%     
client [64] (testset)   loss: 0.0302 -> 0.0221  accuracy: 99.17% -> 98.76%     
---------------------------- TRAINING EPOCH: 130 ----------------------------  
client [21] (testset)   loss: 0.0404 -> 0.0270  accuracy: 98.23% -> 99.12%     
client [88] (testset)   loss: 0.0459 -> 0.0398  accuracy: 97.92% -> 97.92%     
client [38] (testset)   loss: 0.0371 -> 0.0404  accuracy: 99.51% -> 99.51%     
client [3]  (testset)   loss: 0.0879 -> 0.1332  accuracy: 97.39% -> 96.96%     
client [5]  (testset)   loss: 0.0260 -> 0.0317  accuracy: 99.38% -> 98.15%     
client [41] (testset)   loss: 0.0207 -> 0.0235  accuracy: 99.40% -> 99.40%     
client [7]  (testset)   loss: 0.0272 -> 0.0224  accuracy: 99.40% -> 99.40%     
client [37] (testset)   loss: 0.0379 -> 0.0417  accuracy: 98.71% -> 98.28%     
client [45] (testset)   loss: 0.0402 -> 0.0388  accuracy: 99.23% -> 99.23%     
client [47] (testset)   loss: 0.0212 -> 0.0242  accuracy: 99.60% -> 99.60%     
---------------------------- TRAINING EPOCH: 140 ----------------------------  
client [16] (testset)   loss: 0.0656 -> 0.0624  accuracy: 97.26% -> 96.80%     
client [11] (testset)   loss: 0.0380 -> 0.0265  accuracy: 98.45% -> 98.97%     
client [37] (testset)   loss: 0.0382 -> 0.0433  accuracy: 98.71% -> 98.28%     
client [41] (testset)   loss: 0.0187 -> 0.0232  accuracy: 100.00% -> 98.81%    
client [95] (testset)   loss: 0.0500 -> 0.0532  accuracy: 98.54% -> 97.07%     
client [53] (testset)   loss: 0.0732 -> 0.0561  accuracy: 96.43% -> 98.21%     
client [22] (testset)   loss: 0.0359 -> 0.0345  accuracy: 99.09% -> 99.09%     
client [25] (testset)   loss: 0.0541 -> 0.0438  accuracy: 98.58% -> 99.05%     
client [69] (testset)   loss: 0.0214 -> 0.0112  accuracy: 99.40% -> 100.00%    
client [46] (testset)   loss: 0.0298 -> 0.0209  accuracy: 100.00% -> 100.00%   
---------------------------- TRAINING EPOCH: 150 ----------------------------  
client [47] (testset)   loss: 0.0207 -> 0.0217  accuracy: 99.60% -> 99.60%     
client [69] (testset)   loss: 0.0339 -> 0.0132  accuracy: 98.19% -> 100.00%    
client [82] (testset)   loss: 0.0362 -> 0.0419  accuracy: 98.97% -> 98.97%     
client [45] (testset)   loss: 0.0375 -> 0.0382  accuracy: 99.23% -> 99.23%     
client [7]  (testset)   loss: 0.0360 -> 0.0180  accuracy: 99.40% -> 100.00%    
client [50] (testset)   loss: 0.0433 -> 0.0324  accuracy: 98.59% -> 99.30%     
client [35] (testset)   loss: 0.0092 -> 0.0050  accuracy: 99.40% -> 100.00%    
client [24] (testset)   loss: 0.0182 -> 0.0327  accuracy: 100.00% -> 98.25%    
client [15] (testset)   loss: 0.0407 -> 0.0421  accuracy: 98.52% -> 98.52%     
client [58] (testset)   loss: 0.0078 -> 0.0192  accuracy: 100.00% -> 98.97%    
---------------------------- TRAINING EPOCH: 160 ----------------------------  
client [48] (testset)   loss: 0.0260 -> 0.0245  accuracy: 99.29% -> 98.58%     
client [76] (testset)   loss: 0.0058 -> 0.0056  accuracy: 100.00% -> 100.00%   
client [67] (testset)   loss: 0.0301 -> 0.0438  accuracy: 99.15% -> 99.15%     
client [37] (testset)   loss: 0.0374 -> 0.0399  accuracy: 98.28% -> 98.28%     
client [58] (testset)   loss: 0.0118 -> 0.0178  accuracy: 100.00% -> 99.49%    
client [64] (testset)   loss: 0.0238 -> 0.0160  accuracy: 99.17% -> 99.17%     
client [77] (testset)   loss: 0.0744 -> 0.0335  accuracy: 98.80% -> 99.20%     
client [55] (testset)   loss: 0.0707 -> 0.0388  accuracy: 96.97% -> 100.00%    
client [12] (testset)   loss: 0.0045 -> 0.0093  accuracy: 100.00% -> 99.47%    
client [89] (testset)   loss: 0.0821 -> 0.0817  accuracy: 98.23% -> 98.23%     
---------------------------- TRAINING EPOCH: 170 ----------------------------  
client [84] (testset)   loss: 0.0362 -> 0.0220  accuracy: 98.82% -> 98.82%     
client [51] (testset)   loss: 0.0403 -> 0.0423  accuracy: 99.07% -> 97.66%     
client [8]  (testset)   loss: 0.0274 -> 0.0355  accuracy: 98.78% -> 98.78%     
client [18] (testset)   loss: 0.0096 -> 0.0079  accuracy: 100.00% -> 100.00%   
client [94] (testset)   loss: 0.0406 -> 0.0463  accuracy: 99.22% -> 98.84%     
client [81] (testset)   loss: 0.0866 -> 0.0979  accuracy: 96.36% -> 97.27%     
client [3]  (testset)   loss: 0.0717 -> 0.1199  accuracy: 97.39% -> 96.96%     
client [11] (testset)   loss: 0.0324 -> 0.0257  accuracy: 98.45% -> 98.97%     
client [95] (testset)   loss: 0.0483 -> 0.0486  accuracy: 98.54% -> 97.56%     
client [67] (testset)   loss: 0.0336 -> 0.0417  accuracy: 98.29% -> 99.15%     
---------------------------- TRAINING EPOCH: 180 ----------------------------  
client [21] (testset)   loss: 0.0301 -> 0.0234  accuracy: 99.12% -> 99.12%     
client [79] (testset)   loss: 0.0354 -> 0.0164  accuracy: 98.21% -> 99.28%     
client [58] (testset)   loss: 0.0069 -> 0.0154  accuracy: 100.00% -> 99.49%    
client [88] (testset)   loss: 0.0397 -> 0.0421  accuracy: 98.96% -> 97.92%     
client [46] (testset)   loss: 0.0197 -> 0.0160  accuracy: 100.00% -> 100.00%   
client [11] (testset)   loss: 0.0418 -> 0.0289  accuracy: 97.94% -> 98.45%     
client [55] (testset)   loss: 0.0640 -> 0.0376  accuracy: 96.97% -> 100.00%    
client [13] (testset)   loss: 0.0953 -> 0.0926  accuracy: 96.00% -> 97.60%     
client [31] (testset)   loss: 0.0432 -> 0.0408  accuracy: 98.21% -> 98.21%     
client [75] (testset)   loss: 0.0079 -> 0.0070  accuracy: 99.47% -> 99.47%     
---------------------------- TRAINING EPOCH: 190 ----------------------------  
client [19] (testset)   loss: 0.0154 -> 0.0091  accuracy: 99.41% -> 100.00%    
client [7]  (testset)   loss: 0.0354 -> 0.0198  accuracy: 99.40% -> 99.40%     
client [57] (testset)   loss: 0.1012 -> 0.0971  accuracy: 97.70% -> 98.16%     
client [13] (testset)   loss: 0.0989 -> 0.0989  accuracy: 96.00% -> 97.60%     
client [43] (testset)   loss: 0.0363 -> 0.0289  accuracy: 98.20% -> 98.20%     
client [91] (testset)   loss: 0.0315 -> 0.0251  accuracy: 99.00% -> 99.00%     
client [10] (testset)   loss: 0.0455 -> 0.0458  accuracy: 99.34% -> 99.34%     
client [64] (testset)   loss: 0.0171 -> 0.0147  accuracy: 99.59% -> 98.76%     
client [82] (testset)   loss: 0.0281 -> 0.0292  accuracy: 98.97% -> 98.97%     
client [22] (testset)   loss: 0.0477 -> 0.0408  accuracy: 99.09% -> 99.09%     
---------------------------- TRAINING EPOCH: 200 ----------------------------  
client [20] (testset)   loss: 0.0442 -> 0.0416  accuracy: 98.68% -> 98.68%     
client [23] (testset)   loss: 0.0398 -> 0.0320  accuracy: 98.92% -> 99.46%     
client [88] (testset)   loss: 0.0423 -> 0.0382  accuracy: 98.62% -> 97.92%     
client [98] (testset)   loss: 0.0082 -> 0.0081  accuracy: 100.00% -> 100.00%   
client [79] (testset)   loss: 0.0244 -> 0.0177  accuracy: 98.92% -> 99.64%     
client [21] (testset)   loss: 0.0310 -> 0.0256  accuracy: 99.12% -> 99.12%     
client [92] (testset)   loss: 0.0789 -> 0.0862  accuracy: 97.12% -> 97.60%     
client [56] (testset)   loss: 0.0090 -> 0.0113  accuracy: 100.00% -> 99.47%    
client [5]  (testset)   loss: 0.0152 -> 0.0243  accuracy: 99.38% -> 98.77%     
client [52] (testset)   loss: 0.0089 -> 0.0274  accuracy: 100.00% -> 99.08%    
---------------------------- TRAINING EPOCH: 210 ----------------------------  
client [67] (testset)   loss: 0.0300 -> 0.0457  accuracy: 99.15% -> 99.15%     
client [54] (testset)   loss: 0.0917 -> 0.0886  accuracy: 97.75% -> 97.75%     
client [14] (testset)   loss: 0.1472 -> 0.1586  accuracy: 96.39% -> 96.39%     
client [99] (testset)   loss: 0.0235 -> 0.0209  accuracy: 100.00% -> 99.44%    
client [36] (testset)   loss: 0.0077 -> 0.0132  accuracy: 100.00% -> 99.45%    
client [30] (testset)   loss: 0.0491 -> 0.0425  accuracy: 98.67% -> 98.67%     
client [38] (testset)   loss: 0.0283 -> 0.0385  accuracy: 99.51% -> 99.51%     
client [15] (testset)   loss: 0.0360 -> 0.0380  accuracy: 99.01% -> 98.03%     
client [6]  (testset)   loss: 0.0572 -> 0.0821  accuracy: 97.95% -> 97.95%     
client [53] (testset)   loss: 0.0620 -> 0.0513  accuracy: 96.43% -> 96.43%     
---------------------------- TRAINING EPOCH: 220 ----------------------------  
client [99] (testset)   loss: 0.0294 -> 0.0205  accuracy: 99.44% -> 100.00%    
client [6]  (testset)   loss: 0.0605 -> 0.1205  accuracy: 97.95% -> 97.95%     
client [83] (testset)   loss: 0.0604 -> 0.0451  accuracy: 97.13% -> 98.56%     
client [42] (testset)   loss: 0.0456 -> 0.0365  accuracy: 99.12% -> 99.12%     
client [34] (testset)   loss: 0.0245 -> 0.0230  accuracy: 99.32% -> 98.65%     
client [15] (testset)   loss: 0.0457 -> 0.0423  accuracy: 98.52% -> 98.52%     
client [47] (testset)   loss: 0.0108 -> 0.0140  accuracy: 99.60% -> 99.60%     
client [55] (testset)   loss: 0.0468 -> 0.0312  accuracy: 97.98% -> 100.00%    
client [51] (testset)   loss: 0.0509 -> 0.0699  accuracy: 98.60% -> 97.20%     
client [95] (testset)   loss: 0.0525 -> 0.0410  accuracy: 98.05% -> 97.56%     
---------------------------- TRAINING EPOCH: 230 ----------------------------  
client [71] (testset)   loss: 0.0745 -> 0.0700  accuracy: 97.91% -> 97.91%     
client [15] (testset)   loss: 0.0421 -> 0.0391  accuracy: 98.03% -> 98.03%     
client [33] (testset)   loss: 0.0184 -> 0.0450  accuracy: 99.29% -> 99.29%     
client [99] (testset)   loss: 0.0391 -> 0.0263  accuracy: 98.88% -> 99.44%     
client [90] (testset)   loss: 0.0413 -> 0.0528  accuracy: 99.29% -> 98.58%     
client [57] (testset)   loss: 0.1190 -> 0.1074  accuracy: 97.70% -> 98.16%     
client [27] (testset)   loss: 0.0429 -> 0.0541  accuracy: 98.82% -> 99.41%     
client [78] (testset)   loss: 0.0860 -> 0.0529  accuracy: 96.97% -> 98.79%     
client [36] (testset)   loss: 0.0056 -> 0.0106  accuracy: 100.00% -> 99.45%    
client [88] (testset)   loss: 0.0381 -> 0.0400  accuracy: 98.62% -> 97.92%     
---------------------------- TRAINING EPOCH: 240 ----------------------------  
client [70] (testset)   loss: 0.0059 -> 0.0033  accuracy: 100.00% -> 100.00%   
client [35] (testset)   loss: 0.0086 -> 0.0036  accuracy: 99.40% -> 100.00%    
client [16] (testset)   loss: 0.0640 -> 0.0501  accuracy: 97.26% -> 97.72%     
client [80] (testset)   loss: 0.0593 -> 0.0576  accuracy: 98.49% -> 98.11%     
client [38] (testset)   loss: 0.0296 -> 0.0340  accuracy: 99.51% -> 99.51%     
client [78] (testset)   loss: 0.0842 -> 0.0554  accuracy: 96.97% -> 97.58%     
client [68] (testset)   loss: 0.0074 -> 0.0032  accuracy: 100.00% -> 100.00%   
client [11] (testset)   loss: 0.0385 -> 0.0293  accuracy: 98.45% -> 98.97%     
client [64] (testset)   loss: 0.0178 -> 0.0159  accuracy: 99.17% -> 99.17%     
client [82] (testset)   loss: 0.0296 -> 0.0296  accuracy: 98.97% -> 98.97%     
---------------------------- TRAINING EPOCH: 250 ----------------------------  
client [30] (testset)   loss: 0.0404 -> 0.0368  accuracy: 98.67% -> 99.11%     
client [27] (testset)   loss: 0.0535 -> 0.0586  accuracy: 98.82% -> 98.82%     
client [74] (testset)   loss: 0.0226 -> 0.0272  accuracy: 98.75% -> 98.75%     
client [45] (testset)   loss: 0.0357 -> 0.0376  accuracy: 99.23% -> 99.23%     
client [6]  (testset)   loss: 0.0776 -> 0.0937  accuracy: 97.95% -> 97.95%     
client [36] (testset)   loss: 0.0066 -> 0.0114  accuracy: 100.00% -> 99.45%    
client [63] (testset)   loss: 0.0055 -> 0.0061  accuracy: 100.00% -> 100.00%   
client [76] (testset)   loss: 0.0031 -> 0.0030  accuracy: 100.00% -> 100.00%   
client [83] (testset)   loss: 0.0624 -> 0.0460  accuracy: 97.61% -> 98.56%     
client [86] (testset)   loss: 0.0063 -> 0.0072  accuracy: 100.00% -> 100.00%   
---------------------------- TRAINING EPOCH: 260 ----------------------------  
client [83] (testset)   loss: 0.0701 -> 0.0480  accuracy: 97.13% -> 98.56%     
client [99] (testset)   loss: 0.0209 -> 0.0180  accuracy: 99.44% -> 100.00%    
client [74] (testset)   loss: 0.0223 -> 0.0210  accuracy: 98.75% -> 98.75%     
client [73] (testset)   loss: 0.1187 -> 0.1223  accuracy: 97.92% -> 97.92%     
client [29] (testset)   loss: 0.0166 -> 0.0281  accuracy: 99.13% -> 99.13%     
client [92] (testset)   loss: 0.0899 -> 0.0919  accuracy: 97.60% -> 97.60%     
client [6]  (testset)   loss: 0.0601 -> 0.1243  accuracy: 97.95% -> 97.95%     
client [61] (testset)   loss: 0.0329 -> 0.0191  accuracy: 98.89% -> 98.89%     
client [21] (testset)   loss: 0.0220 -> 0.0171  accuracy: 99.12% -> 99.12%     
client [67] (testset)   loss: 0.0249 -> 0.0291  accuracy: 99.15% -> 99.15%     
---------------------------- TRAINING EPOCH: 270 ----------------------------  
client [83] (testset)   loss: 0.0724 -> 0.0487  accuracy: 97.13% -> 98.56%     
client [32] (testset)   loss: 0.0420 -> 0.0421  accuracy: 98.70% -> 98.70%     
client [95] (testset)   loss: 0.0597 -> 0.0455  accuracy: 97.56% -> 97.07%     
client [61] (testset)   loss: 0.0243 -> 0.0152  accuracy: 98.89% -> 99.44%     
client [27] (testset)   loss: 0.0435 -> 0.0648  accuracy: 99.41% -> 99.41%     
client [25] (testset)   loss: 0.0573 -> 0.0392  accuracy: 98.58% -> 99.05%     
client [68] (testset)   loss: 0.0056 -> 0.0020  accuracy: 100.00% -> 100.00%   
client [34] (testset)   loss: 0.0334 -> 0.0337  accuracy: 98.65% -> 98.65%     
client [71] (testset)   loss: 0.0925 -> 0.0674  accuracy: 97.38% -> 97.91%     
client [89] (testset)   loss: 0.0986 -> 0.0785  accuracy: 98.23% -> 98.23%     
---------------------------- TRAINING EPOCH: 280 ----------------------------  
client [78] (testset)   loss: 0.0797 -> 0.0549  accuracy: 97.58% -> 98.18%     
client [81] (testset)   loss: 0.0760 -> 0.1031  accuracy: 98.18% -> 97.27%     
client [51] (testset)   loss: 0.0517 -> 0.0479  accuracy: 98.60% -> 98.13%     
client [54] (testset)   loss: 0.0793 -> 0.0789  accuracy: 97.75% -> 99.44%     
client [65] (testset)   loss: 0.0348 -> 0.0498  accuracy: 98.24% -> 98.24%     
client [41] (testset)   loss: 0.0101 -> 0.0200  accuracy: 99.40% -> 98.81%     
client [11] (testset)   loss: 0.0326 -> 0.0209  accuracy: 98.97% -> 98.45%     
client [85] (testset)   loss: 0.0245 -> 0.0266  accuracy: 98.59% -> 100.00%    
client [12] (testset)   loss: 0.0020 -> 0.0075  accuracy: 100.00% -> 99.47%    
client [23] (testset)   loss: 0.0433 -> 0.0346  accuracy: 98.92% -> 99.46%     
---------------------------- TRAINING EPOCH: 290 ----------------------------  
client [16] (testset)   loss: 0.0634 -> 0.0510  accuracy: 97.26% -> 98.17%     
client [65] (testset)   loss: 0.0277 -> 0.0448  accuracy: 99.41% -> 98.24%     
client [53] (testset)   loss: 0.0366 -> 0.0323  accuracy: 99.11% -> 99.11%     
client [58] (testset)   loss: 0.0078 -> 0.0142  accuracy: 100.00% -> 99.49%    
client [72] (testset)   loss: 0.0053 -> 0.0061  accuracy: 100.00% -> 99.60%    
client [7]  (testset)   loss: 0.0344 -> 0.0238  accuracy: 98.81% -> 98.81%     
client [71] (testset)   loss: 0.0840 -> 0.0757  accuracy: 97.91% -> 97.91%     
client [59] (testset)   loss: 0.0164 -> 0.0314  accuracy: 98.96% -> 98.44%     
client [86] (testset)   loss: 0.0022 -> 0.0028  accuracy: 100.00% -> 100.00%   
client [39] (testset)   loss: 0.0128 -> 0.0171  accuracy: 99.45% -> 99.45%     
---------------------------- TRAINING EPOCH: 300 ----------------------------  
client [99] (testset)   loss: 0.0201 -> 0.0175  accuracy: 99.44% -> 99.44%     
client [7]  (testset)   loss: 0.0270 -> 0.0153  accuracy: 98.81% -> 98.81%     
client [17] (testset)   loss: 0.0401 -> 0.0379  accuracy: 98.69% -> 99.13%     
client [64] (testset)   loss: 0.0135 -> 0.0114  accuracy: 99.59% -> 99.17%     
client [37] (testset)   loss: 0.0147 -> 0.0190  accuracy: 99.57% -> 99.14%     
client [29] (testset)   loss: 0.0083 -> 0.0073  accuracy: 100.00% -> 100.00%   
client [93] (testset)   loss: 0.0309 -> 0.0194  accuracy: 99.21% -> 99.60%     
client [73] (testset)   loss: 0.1220 -> 0.1262  accuracy: 97.50% -> 97.92%     
client [40] (testset)   loss: 0.0386 -> 0.0057  accuracy: 98.40% -> 100.00%    
client [76] (testset)   loss: 0.0022 -> 0.0018  accuracy: 100.00% -> 100.00%   
---------------------------- TRAINING EPOCH: 310 ----------------------------  
client [31] (testset)   loss: 0.0521 -> 0.0484  accuracy: 98.21% -> 99.11%     
client [89] (testset)   loss: 0.1258 -> 0.1415  accuracy: 98.23% -> 98.23%     
client [77] (testset)   loss: 0.0745 -> 0.0445  accuracy: 98.80% -> 99.20%     
client [90] (testset)   loss: 0.0298 -> 0.0370  accuracy: 99.29% -> 99.29%     
client [26] (testset)   loss: 0.0356 -> 0.0214  accuracy: 98.31% -> 99.15%     
client [50] (testset)   loss: 0.0564 -> 0.0293  accuracy: 97.89% -> 98.94%     
client [30] (testset)   loss: 0.0468 -> 0.0405  accuracy: 99.11% -> 99.11%     
client [70] (testset)   loss: 0.0091 -> 0.0036  accuracy: 99.58% -> 100.00%    
client [41] (testset)   loss: 0.0084 -> 0.0173  accuracy: 100.00% -> 98.81%    
client [99] (testset)   loss: 0.0245 -> 0.0208  accuracy: 99.44% -> 98.88%     
---------------------------- TRAINING EPOCH: 320 ----------------------------  
client [68] (testset)   loss: 0.0055 -> 0.0026  accuracy: 100.00% -> 100.00%   
client [70] (testset)   loss: 0.0075 -> 0.0023  accuracy: 99.58% -> 100.00%    
client [52] (testset)   loss: 0.0038 -> 0.0077  accuracy: 100.00% -> 100.00%   
client [1]  (testset)   loss: 0.0399 -> 0.0484  accuracy: 99.02% -> 99.02%     
client [2]  (testset)   loss: 0.0397 -> 0.0303  accuracy: 97.64% -> 98.43%     
client [67] (testset)   loss: 0.0207 -> 0.0337  accuracy: 99.15% -> 99.15%     
client [92] (testset)   loss: 0.0967 -> 0.1004  accuracy: 98.08% -> 97.60%     
client [35] (testset)   loss: 0.0113 -> 0.0054  accuracy: 99.40% -> 99.40%     
client [36] (testset)   loss: 0.0041 -> 0.0134  accuracy: 100.00% -> 99.45%    
client [64] (testset)   loss: 0.0162 -> 0.0130  accuracy: 99.17% -> 98.76%     
---------------------------- TRAINING EPOCH: 330 ----------------------------  
client [44] (testset)   loss: 0.1647 -> 0.1534  accuracy: 99.40% -> 99.40%     
client [6]  (testset)   loss: 0.0820 -> 0.1207  accuracy: 97.95% -> 97.95%     
client [12] (testset)   loss: 0.0018 -> 0.0053  accuracy: 100.00% -> 100.00%   
client [55] (testset)   loss: 0.0318 -> 0.0165  accuracy: 98.99% -> 100.00%    
client [29] (testset)   loss: 0.0083 -> 0.0056  accuracy: 100.00% -> 100.00%   
client [9]  (testset)   loss: 0.0264 -> 0.0261  accuracy: 100.00% -> 99.07%    
client [43] (testset)   loss: 0.0314 -> 0.0160  accuracy: 98.20% -> 99.10%     
client [77] (testset)   loss: 0.0698 -> 0.0344  accuracy: 98.80% -> 99.20%     
client [98] (testset)   loss: 0.0049 -> 0.0062  accuracy: 100.00% -> 100.00%   
client [78] (testset)   loss: 0.0756 -> 0.0569  accuracy: 97.58% -> 97.58%     
---------------------------- TRAINING EPOCH: 340 ----------------------------  
client [92] (testset)   loss: 0.0945 -> 0.0981  accuracy: 98.08% -> 97.60%     
client [80] (testset)   loss: 0.0570 -> 0.0464  accuracy: 98.49% -> 98.49%     
client [63] (testset)   loss: 0.0035 -> 0.0053  accuracy: 100.00% -> 100.00%   
client [76] (testset)   loss: 0.0016 -> 0.0015  accuracy: 100.00% -> 100.00%   
client [78] (testset)   loss: 0.0798 -> 0.0500  accuracy: 97.58% -> 98.18%     
client [25] (testset)   loss: 0.0637 -> 0.0423  accuracy: 98.10% -> 99.05%     
client [58] (testset)   loss: 0.0064 -> 0.0157  accuracy: 100.00% -> 98.97%    
client [13] (testset)   loss: 0.1057 -> 0.1071  accuracy: 96.00% -> 96.80%     
client [17] (testset)   loss: 0.0378 -> 0.0379  accuracy: 99.13% -> 99.13%     
client [38] (testset)   loss: 0.0253 -> 0.0322  accuracy: 99.51% -> 99.51%     
---------------------------- TRAINING EPOCH: 350 ----------------------------  
client [72] (testset)   loss: 0.0085 -> 0.0067  accuracy: 99.60% -> 99.60%     
client [82] (testset)   loss: 0.0250 -> 0.0263  accuracy: 98.97% -> 98.97%     
client [86] (testset)   loss: 0.0016 -> 0.0020  accuracy: 100.00% -> 100.00%   
client [51] (testset)   loss: 0.0595 -> 0.0595  accuracy: 98.60% -> 97.20%     
client [96] (testset)   loss: 0.0602 -> 0.0488  accuracy: 98.56% -> 98.56%     
client [42] (testset)   loss: 0.0371 -> 0.0291  accuracy: 99.12% -> 99.12%     
client [55] (testset)   loss: 0.0262 -> 0.0116  accuracy: 98.99% -> 100.00%    
client [13] (testset)   loss: 0.0912 -> 0.1061  accuracy: 97.60% -> 97.60%     
client [1]  (testset)   loss: 0.0575 -> 0.0582  accuracy: 99.02% -> 99.02%     
client [12] (testset)   loss: 0.0027 -> 0.0035  accuracy: 100.00% -> 100.00%   
---------------------------- TRAINING EPOCH: 360 ----------------------------  
client [68] (testset)   loss: 0.0071 -> 0.0028  accuracy: 100.00% -> 100.00%   
client [23] (testset)   loss: 0.0405 -> 0.0307  accuracy: 98.92% -> 99.46%     
client [46] (testset)   loss: 0.0140 -> 0.0143  accuracy: 100.00% -> 100.00%   
client [41] (testset)   loss: 0.0105 -> 0.0198  accuracy: 98.81% -> 98.81%     
client [25] (testset)   loss: 0.0710 -> 0.0526  accuracy: 98.10% -> 99.05%     
client [58] (testset)   loss: 0.0073 -> 0.0118  accuracy: 100.00% -> 99.49%    
client [14] (testset)   loss: 0.1673 -> 0.1658  accuracy: 96.39% -> 96.39%     
client [33] (testset)   loss: 0.0114 -> 0.0290  accuracy: 99.29% -> 99.29%     
client [85] (testset)   loss: 0.0252 -> 0.0292  accuracy: 98.59% -> 100.00%    
client [62] (testset)   loss: 0.0120 -> 0.0071  accuracy: 99.46% -> 99.46%     
---------------------------- TRAINING EPOCH: 370 ----------------------------  
client [98] (testset)   loss: 0.0066 -> 0.0071  accuracy: 99.19% -> 99.19%     
client [63] (testset)   loss: 0.0041 -> 0.0041  accuracy: 100.00% -> 100.00%   
client [70] (testset)   loss: 0.0036 -> 0.0022  accuracy: 100.00% -> 100.00%   
client [65] (testset)   loss: 0.0261 -> 0.0423  accuracy: 98.82% -> 98.24%     
client [14] (testset)   loss: 0.1730 -> 0.1721  accuracy: 95.18% -> 96.39%     
client [73] (testset)   loss: 0.1267 -> 0.1368  accuracy: 97.92% -> 97.92%     
client [34] (testset)   loss: 0.0197 -> 0.0206  accuracy: 99.32% -> 98.65%     
client [99] (testset)   loss: 0.0224 -> 0.0189  accuracy: 98.88% -> 99.44%     
client [69] (testset)   loss: 0.0089 -> 0.0162  accuracy: 100.00% -> 98.80%    
client [46] (testset)   loss: 0.0135 -> 0.0106  accuracy: 100.00% -> 100.00%   
---------------------------- TRAINING EPOCH: 380 ----------------------------  
client [99] (testset)   loss: 0.0288 -> 0.0196  accuracy: 98.88% -> 98.88%     
client [93] (testset)   loss: 0.0140 -> 0.0118  accuracy: 99.60% -> 99.60%     
client [11] (testset)   loss: 0.0302 -> 0.0226  accuracy: 98.45% -> 98.45%     
client [58] (testset)   loss: 0.0052 -> 0.0093  accuracy: 100.00% -> 99.49%    
client [81] (testset)   loss: 0.0821 -> 0.0933  accuracy: 98.18% -> 97.27%     
client [85] (testset)   loss: 0.0220 -> 0.0229  accuracy: 98.59% -> 98.59%     
client [89] (testset)   loss: 0.1060 -> 0.0881  accuracy: 98.23% -> 98.23%     
client [45] (testset)   loss: 0.0370 -> 0.0375  accuracy: 99.23% -> 99.23%     
client [8]  (testset)   loss: 0.0358 -> 0.0422  accuracy: 98.78% -> 98.78%     
client [68] (testset)   loss: 0.0042 -> 0.0017  accuracy: 100.00% -> 100.00%   
---------------------------- TRAINING EPOCH: 390 ----------------------------  
client [67] (testset)   loss: 0.0215 -> 0.0253  accuracy: 99.15% -> 99.15%     
client [72] (testset)   loss: 0.0032 -> 0.0037  accuracy: 100.00% -> 99.60%    
client [1]  (testset)   loss: 0.0520 -> 0.0602  accuracy: 99.02% -> 99.02%     
client [78] (testset)   loss: 0.0847 -> 0.0589  accuracy: 96.97% -> 97.58%     
client [83] (testset)   loss: 0.0624 -> 0.0582  accuracy: 98.56% -> 98.09%     
client [21] (testset)   loss: 0.0329 -> 0.0267  accuracy: 99.12% -> 99.12%     
client [56] (testset)   loss: 0.0019 -> 0.0035  accuracy: 100.00% -> 100.00%   
client [44] (testset)   loss: 0.1843 -> 0.1677  accuracy: 99.40% -> 99.40%     
client [92] (testset)   loss: 0.0881 -> 0.1098  accuracy: 97.60% -> 97.60%     
client [27] (testset)   loss: 0.0567 -> 0.0743  accuracy: 98.82% -> 98.82%     
---------------------------- TRAINING EPOCH: 400 ----------------------------  
client [10] (testset)   loss: 0.0535 -> 0.0538  accuracy: 99.34% -> 98.68%     
client [39] (testset)   loss: 0.0057 -> 0.0086  accuracy: 99.45% -> 99.45%     
client [65] (testset)   loss: 0.0292 -> 0.0412  accuracy: 99.41% -> 98.24%     
client [26] (testset)   loss: 0.0323 -> 0.0172  accuracy: 98.73% -> 99.15%     
client [19] (testset)   loss: 0.0113 -> 0.0077  accuracy: 99.41% -> 99.41%     
client [68] (testset)   loss: 0.0043 -> 0.0022  accuracy: 100.00% -> 100.00%   
client [41] (testset)   loss: 0.0087 -> 0.0205  accuracy: 100.00% -> 98.81%    
client [50] (testset)   loss: 0.0620 -> 0.0400  accuracy: 98.24% -> 98.59%     
client [75] (testset)   loss: 0.0061 -> 0.0026  accuracy: 100.00% -> 100.00%   
client [81] (testset)   loss: 0.0849 -> 0.0949  accuracy: 97.27% -> 97.27%     
APFL's average time taken by each global epoch: 0 min 3.59 sec.                
APFL's total running time: 0 h 24 m 2 s.                                       
==================== APFL Experiment Results: ====================             
Display format: (before local fine-tuning) -> (after local fine-tuning)        
 So if finetune_epoch = 0, x.xx% -> 0.00% is normal.                           
 Centralized testing ONLY happens after model aggregation, so the stats between
'->' are the same.                                                             
{                                                                              
    "100": {                                                                   
        "all_clients": {                                                       
            "test": {                                                          
                "loss": "0.0481 -> 0.0000",                                    
                "accuracy": "98.53% -> 0.00%"                                  
            }                                                                  
        }                                                                      
    },                                                                         
    "200": {                                                                   
        "all_clients": {                                                       
            "test": {                                                          
                "loss": "0.0400 -> 0.0000",                                    
                "accuracy": "98.78% -> 0.00%"                                  
            }                                                                  
        }                                                                      
    },                                                                         
    "300": {                                                                   
        "all_clients": {                                                       
            "test": {                                                          
                "loss": "0.0400 -> 0.0000",                                    
                "accuracy": "98.87% -> 0.00%"                                  
            }                                                                  
        }                                                                      
    },                                                                         
    "400": {                                                                   
        "all_clients": {                                                       
            "test": {                                                          
                "loss": "0.0412 -> 0.0000",                                    
                "accuracy": "98.91% -> 0.00%"                                  
            }                                                                  
        }                                                                      
    }                                                                          
}                                                                              
==================== APFL Max Accuracy ====================                    
all_clients:                                                                   
(test) before fine-tuning: 98.91% at epoch 400                                 
(test) after fine-tuning: 0.00% at epoch 100                                   
