==================== FedDpa ====================                                
Experiment Arguments:                                                           
{
│   'method': 'feddpa',
│   'dataset': {
│   │   'name': 'mnist',
│   │   'client_num': 100,
│   │   'test_ratio': 0.25,
│   │   'val_ratio': 0.0,
│   │   'seed': 42,
│   │   'split': 'sample',
│   │   'IID_ratio': 0.0,
│   │   'monitor_window_name_suffix': 'mnist-100clients-0%IID-Dir(0.1)-seed42',
│   │   'alpha': 0.1,
│   │   'min_samples_per_client': 10
│   },
│   'model': {
│   │   'name': 'avgcnn',
│   │   'use_torchvision_pretrained_weights': True,
│   │   'external_model_weights_path': None
│   },
│   'optimizer': {
│   │   'lr': 0.01,
│   │   'dampening': 0,
│   │   'weight_decay': 0,
│   │   'momentum': 0,
│   │   'nesterov': False,
│   │   'name': 'sgd'
│   },
│   'mode': 'sequential',
│   'parallel': {
│   │   'ray_cluster_addr': None,
│   │   'num_cpus': None,
│   │   'num_gpus': None,
│   │   'num_workers': 2
│   },
│   'common': {
│   │   'seed': 42,
│   │   'join_ratio': 0.1,
│   │   'global_epoch': 400,
│   │   'local_epoch': 5,
│   │   'batch_size': 32,
│   │   'reset_optimizer_on_global_epoch': True,
│   │   'straggler_ratio': 0,
│   │   'straggler_min_local_epoch': 0,
│   │   'buffers': 'global',
│   │   'client_side_evaluation': True,
│   │   'test': {
│   │   │   'client': {
│   │   │   │   'interval': 100,
│   │   │   │   'finetune_epoch': 0,
│   │   │   │   'train': False,
│   │   │   │   'val': False,
│   │   │   │   'test': True
│   │   │   },
│   │   │   'server': {
│   │   │   │   'interval': -1,
│   │   │   │   'train': False,
│   │   │   │   'val': False,
│   │   │   │   'test': False,
│   │   │   │   'model_in_train_mode': False
│   │   │   }
│   │   },
│   │   'verbose_gap': 10,
│   │   'monitor': None,
│   │   'use_cuda': True,
│   │   'save_log': True,
│   │   'save_model': False,
│   │   'save_learning_curve_plot': False,
│   │   'save_metrics': True,
│   │   'delete_useless_run': True
│   },
│   'feddpa': {
│   │   'fisher_threshold': 1
│   }
}
---------------------------- TRAINING EPOCH: 10 ----------------------------    
client [77] (testset)   loss: 0.3125 -> 0.0592  accuracy: 90.41% -> 97.95%      
client [81] (testset)   loss: 0.3670 -> 0.0097  accuracy: 91.98% -> 100.00%     
client [21] (testset)   loss: 0.2573 -> 0.0281  accuracy: 90.20% -> 100.00%     
client [68] (testset)   loss: 0.0538 -> 0.0716  accuracy: 98.31% -> 98.31%      
client [93] (testset)   loss: 0.2007 -> 0.0548  accuracy: 96.77% -> 96.77%      
client [31] (testset)   loss: 0.6666 -> 0.1831  accuracy: 85.71% -> 85.71%      
client [20] (testset)   loss: 0.1855 -> 0.1052  accuracy: 94.12% -> 96.83%      
client [59] (testset)   loss: 0.0746 -> 0.0209  accuracy: 100.00% -> 100.00%    
client [48] (testset)   loss: 1.0413 -> 0.0019  accuracy: 65.05% -> 100.00%     
client [34] (testset)   loss: 0.1491 -> 0.4440  accuracy: 94.44% -> 94.44%      
---------------------------- TRAINING EPOCH: 20 ----------------------------    
client [69] (testset)   loss: 0.0558 -> 0.0147  accuracy: 98.00% -> 99.27%      
client [99] (testset)   loss: 0.3716 -> 0.0985  accuracy: 90.48% -> 95.24%      
client [67] (testset)   loss: 0.4538 -> 0.0000  accuracy: 81.08% -> 100.00%     
client [0]  (testset)   loss: 0.1064 -> 0.0134  accuracy: 96.23% -> 99.06%      
client [76] (testset)   loss: 0.0227 -> 0.0476  accuracy: 98.70% -> 98.70%      
client [41] (testset)   loss: 0.0304 -> 0.0021  accuracy: 98.95% -> 100.00%     
client [62] (testset)   loss: 0.0770 -> 0.0030  accuracy: 96.69% -> 100.00%     
client [2]  (testset)   loss: 0.0417 -> 0.0054  accuracy: 98.29% -> 99.81%      
client [14] (testset)   loss: 0.0069 -> 0.0194  accuracy: 100.00% -> 98.61%     
client [46] (testset)   loss: 0.1695 -> 0.0260  accuracy: 95.27% -> 99.10%      
---------------------------- TRAINING EPOCH: 30 ----------------------------    
client [24] (testset)   loss: 0.0622 -> 0.0713  accuracy: 97.30% -> 97.30%      
client [68] (testset)   loss: 0.0484 -> 0.0424  accuracy: 98.31% -> 98.31%      
client [57] (testset)   loss: 0.0226 -> 0.0027  accuracy: 99.52% -> 100.00%     
client [17] (testset)   loss: 0.1495 -> 0.0113  accuracy: 94.16% -> 99.61%      
client [54] (testset)   loss: 0.0069 -> 0.0086  accuracy: 100.00% -> 100.00%    
client [23] (testset)   loss: 0.1164 -> 0.0035  accuracy: 94.29% -> 100.00%     
client [35] (testset)   loss: 0.1356 -> 0.0103  accuracy: 96.08% -> 99.02%      
client [59] (testset)   loss: 0.0031 -> 0.0033  accuracy: 100.00% -> 100.00%    
client [31] (testset)   loss: 0.1725 -> 0.1670  accuracy: 100.00% -> 100.00%    
client [9]  (testset)   loss: 0.0819 -> 0.0310  accuracy: 97.23% -> 98.86%      
---------------------------- TRAINING EPOCH: 40 ----------------------------    
client [64] (testset)   loss: 0.0557 -> 0.0183  accuracy: 98.06% -> 99.17%      
client [33] (testset)   loss: 0.1998 -> 0.0540  accuracy: 95.43% -> 99.35%      
client [16] (testset)   loss: 0.0222 -> 0.0012  accuracy: 100.00% -> 100.00%    
client [44] (testset)   loss: 0.0531 -> 0.0249  accuracy: 97.91% -> 99.40%      
client [8]  (testset)   loss: 1.0597 -> 0.0059  accuracy: 78.57% -> 100.00%     
client [31] (testset)   loss: 0.0337 -> 0.0177  accuracy: 100.00% -> 100.00%    
client [47] (testset)   loss: 0.5576 -> 0.0008  accuracy: 84.09% -> 100.00%     
client [36] (testset)   loss: 0.5028 -> 0.0187  accuracy: 86.29% -> 98.98%      
client [20] (testset)   loss: 0.2385 -> 0.0657  accuracy: 93.67% -> 98.19%      
client [56] (testset)   loss: 0.0210 -> 0.0007  accuracy: 100.00% -> 100.00%    
---------------------------- TRAINING EPOCH: 50 ----------------------------    
client [4]  (testset)   loss: 0.0309 -> 0.0014  accuracy: 98.90% -> 100.00%     
client [60] (testset)   loss: 0.1298 -> 0.0402  accuracy: 97.00% -> 99.00%      
client [28] (testset)   loss: 0.0550 -> 0.0003  accuracy: 97.99% -> 100.00%     
client [25] (testset)   loss: 0.0300 -> 0.0001  accuracy: 98.85% -> 100.00%     
client [58] (testset)   loss: 0.0071 -> 0.0055  accuracy: 100.00% -> 100.00%    
client [44] (testset)   loss: 0.1112 -> 0.0262  accuracy: 98.51% -> 99.10%      
client [39] (testset)   loss: 0.1371 -> 0.0012  accuracy: 95.58% -> 100.00%     
client [29] (testset)   loss: 0.3771 -> 0.0411  accuracy: 90.04% -> 99.26%      
client [3]  (testset)   loss: 0.1157 -> 0.0078  accuracy: 95.60% -> 99.58%      
client [84] (testset)   loss: 0.0002 -> 0.0000  accuracy: 100.00% -> 100.00%    
---------------------------- TRAINING EPOCH: 60 ----------------------------    
client [21] (testset)   loss: 0.0949 -> 0.0047  accuracy: 95.10% -> 100.00%     
client [84] (testset)   loss: 0.0003 -> 0.0000  accuracy: 100.00% -> 100.00%    
client [10] (testset)   loss: 0.0191 -> 0.0002  accuracy: 99.01% -> 100.00%     
client [36] (testset)   loss: 0.0992 -> 0.0351  accuracy: 97.97% -> 98.48%      
client [65] (testset)   loss: 0.1304 -> 0.0588  accuracy: 98.32% -> 98.74%      
client [81] (testset)   loss: 0.0323 -> 0.0154  accuracy: 99.38% -> 99.38%      
client [79] (testset)   loss: 0.0141 -> 0.0011  accuracy: 100.00% -> 100.00%    
client [42] (testset)   loss: 0.1205 -> 0.1141  accuracy: 98.36% -> 97.81%      
client [11] (testset)   loss: 0.0000 -> 0.0000  accuracy: 100.00% -> 100.00%    
client [96] (testset)   loss: 0.0597 -> 0.0195  accuracy: 98.04% -> 99.02%      
---------------------------- TRAINING EPOCH: 70 ----------------------------    
client [8]  (testset)   loss: 0.1096 -> 0.0787  accuracy: 97.62% -> 97.62%      
client [53] (testset)   loss: 0.1223 -> 0.0691  accuracy: 92.00% -> 96.00%      
client [52] (testset)   loss: 0.1557 -> 0.0001  accuracy: 92.11% -> 100.00%     
client [42] (testset)   loss: 0.1820 -> 0.1161  accuracy: 96.17% -> 98.36%      
client [69] (testset)   loss: 0.0709 -> 0.0046  accuracy: 97.45% -> 99.82%      
client [59] (testset)   loss: 0.0005 -> 0.0003  accuracy: 100.00% -> 100.00%    
client [7]  (testset)   loss: 0.0411 -> 0.0021  accuracy: 100.00% -> 100.00%    
client [26] (testset)   loss: 0.0196 -> 0.0241  accuracy: 100.00% -> 100.00%    
client [49] (testset)   loss: 0.0132 -> 0.0020  accuracy: 99.11% -> 100.00%     
client [98] (testset)   loss: 0.0619 -> 0.0454  accuracy: 97.06% -> 97.06%      
---------------------------- TRAINING EPOCH: 80 ----------------------------    
client [98] (testset)   loss: 0.0058 -> 0.0053  accuracy: 100.00% -> 100.00%    
client [47] (testset)   loss: 0.1404 -> 0.0164  accuracy: 95.45% -> 98.86%      
client [21] (testset)   loss: 0.0091 -> 0.0045  accuracy: 99.02% -> 100.00%     
client [77] (testset)   loss: 0.0419 -> 0.0297  accuracy: 97.95% -> 98.63%      
client [95] (testset)   loss: 0.0099 -> 0.0016  accuracy: 99.64% -> 100.00%     
client [91] (testset)   loss: 0.0482 -> 0.0085  accuracy: 98.68% -> 99.83%      
client [14] (testset)   loss: 0.0245 -> 0.0409  accuracy: 99.31% -> 98.61%      
client [99] (testset)   loss: 0.1056 -> 0.0712  accuracy: 95.24% -> 95.24%      
client [20] (testset)   loss: 0.0803 -> 0.0493  accuracy: 97.29% -> 97.74%      
client [39] (testset)   loss: 0.0027 -> 0.0013  accuracy: 100.00% -> 100.00%    
---------------------------- TRAINING EPOCH: 90 ----------------------------    
client [52] (testset)   loss: 0.0004 -> 0.0000  accuracy: 100.00% -> 100.00%    
client [62] (testset)   loss: 0.0359 -> 0.0005  accuracy: 98.34% -> 100.00%     
client [71] (testset)   loss: 0.0192 -> 0.0046  accuracy: 99.30% -> 99.77%      
client [97] (testset)   loss: 0.0090 -> 0.0014  accuracy: 100.00% -> 100.00%    
client [30] (testset)   loss: 0.0040 -> 0.0039  accuracy: 100.00% -> 100.00%    
client [88] (testset)   loss: 0.4295 -> 0.0672  accuracy: 94.12% -> 97.06%      
client [60] (testset)   loss: 0.2139 -> 0.0131  accuracy: 94.00% -> 100.00%     
client [82] (testset)   loss: 0.1097 -> 0.0032  accuracy: 97.18% -> 100.00%     
client [91] (testset)   loss: 0.0341 -> 0.0075  accuracy: 99.17% -> 99.67%      
client [57] (testset)   loss: 0.0249 -> 0.0019  accuracy: 99.03% -> 100.00%     
---------------------------- TRAINING EPOCH: 100 ----------------------------   
client [31] (testset)   loss: 0.1460 -> 0.1303  accuracy: 85.71% -> 85.71%      
client [15] (testset)   loss: 0.1849 -> 0.0755  accuracy: 94.50% -> 99.08%      
client [71] (testset)   loss: 0.0221 -> 0.0070  accuracy: 99.77% -> 99.77%      
client [97] (testset)   loss: 0.0095 -> 0.0012  accuracy: 99.33% -> 100.00%     
client [53] (testset)   loss: 0.0001 -> 0.0001  accuracy: 100.00% -> 100.00%    
client [77] (testset)   loss: 0.0545 -> 0.0209  accuracy: 98.63% -> 99.32%      
client [76] (testset)   loss: 0.0273 -> 0.0075  accuracy: 98.70% -> 100.00%     
client [79] (testset)   loss: 0.0004 -> 0.0001  accuracy: 100.00% -> 100.00%    
client [28] (testset)   loss: 0.0015 -> 0.0004  accuracy: 100.00% -> 100.00%    
client [99] (testset)   loss: 0.1784 -> 0.0172  accuracy: 95.24% -> 100.00%     
---------------------------- TRAINING EPOCH: 110 ----------------------------   
client [97] (testset)   loss: 0.0722 -> 0.0008  accuracy: 97.66% -> 100.00%     
client [86] (testset)   loss: 0.1960 -> 0.0031  accuracy: 93.97% -> 100.00%     
client [34] (testset)   loss: 0.2554 -> 0.2187  accuracy: 94.44% -> 94.44%      
client [73] (testset)   loss: 0.0145 -> 0.0197  accuracy: 100.00% -> 100.00%    
client [5]  (testset)   loss: 0.0005 -> 0.0006  accuracy: 100.00% -> 100.00%    
client [96] (testset)   loss: 0.1014 -> 0.0020  accuracy: 95.10% -> 100.00%     
client [22] (testset)   loss: 0.0065 -> 0.0001  accuracy: 100.00% -> 100.00%    
client [60] (testset)   loss: 0.0445 -> 0.0195  accuracy: 98.00% -> 98.00%      
client [66] (testset)   loss: 0.0620 -> 0.0026  accuracy: 98.23% -> 100.00%     
client [83] (testset)   loss: 0.1683 -> 0.0934  accuracy: 97.51% -> 98.22%      
---------------------------- TRAINING EPOCH: 120 ----------------------------   
client [76] (testset)   loss: 0.0258 -> 0.0031  accuracy: 100.00% -> 100.00%    
client [65] (testset)   loss: 0.1440 -> 0.0903  accuracy: 98.32% -> 98.74%      
client [95] (testset)   loss: 0.0090 -> 0.0022  accuracy: 99.64% -> 100.00%     
client [17] (testset)   loss: 0.0108 -> 0.0019  accuracy: 99.22% -> 100.00%     
client [8]  (testset)   loss: 0.2004 -> 0.1959  accuracy: 97.62% -> 97.62%      
client [35] (testset)   loss: 0.0281 -> 0.0044  accuracy: 99.02% -> 100.00%     
client [98] (testset)   loss: 0.1099 -> 0.0700  accuracy: 97.06% -> 97.06%      
client [53] (testset)   loss: 0.0078 -> 0.0048  accuracy: 100.00% -> 100.00%    
client [43] (testset)   loss: 0.1270 -> 0.0799  accuracy: 97.86% -> 97.86%      
client [64] (testset)   loss: 0.0616 -> 0.0284  accuracy: 98.89% -> 98.89%      
---------------------------- TRAINING EPOCH: 130 ----------------------------   
client [21] (testset)   loss: 0.0255 -> 0.0148  accuracy: 99.02% -> 99.02%      
client [88] (testset)   loss: 0.1248 -> 0.0854  accuracy: 97.06% -> 97.06%      
client [38] (testset)   loss: 0.0799 -> 0.0736  accuracy: 98.25% -> 98.25%      
client [3]  (testset)   loss: 0.0304 -> 0.0106  accuracy: 99.16% -> 99.58%      
client [5]  (testset)   loss: 0.1147 -> 0.0005  accuracy: 96.55% -> 100.00%     
client [41] (testset)   loss: 0.0031 -> 0.0004  accuracy: 100.00% -> 100.00%    
client [7]  (testset)   loss: 0.0000 -> 0.0000  accuracy: 100.00% -> 100.00%    
client [37] (testset)   loss: 0.0747 -> 0.0608  accuracy: 97.84% -> 97.84%      
client [45] (testset)   loss: 0.0535 -> 0.0279  accuracy: 98.16% -> 99.69%      
client [47] (testset)   loss: 0.0572 -> 0.0006  accuracy: 96.59% -> 100.00%     
---------------------------- TRAINING EPOCH: 140 ----------------------------   
client [16] (testset)   loss: 0.1506 -> 0.0011  accuracy: 95.71% -> 100.00%     
client [11] (testset)   loss: 0.0000 -> 0.0000  accuracy: 100.00% -> 100.00%    
client [37] (testset)   loss: 0.0981 -> 0.0774  accuracy: 97.40% -> 97.84%      
client [41] (testset)   loss: 0.0117 -> 0.0003  accuracy: 98.95% -> 100.00%     
client [95] (testset)   loss: 0.0211 -> 0.0006  accuracy: 99.28% -> 100.00%     
client [53] (testset)   loss: 0.0537 -> 0.0135  accuracy: 96.00% -> 100.00%     
client [22] (testset)   loss: 0.0699 -> 0.0137  accuracy: 97.87% -> 100.00%     
client [25] (testset)   loss: 0.0063 -> 0.0004  accuracy: 100.00% -> 100.00%    
client [69] (testset)   loss: 0.0181 -> 0.0030  accuracy: 99.27% -> 99.82%      
client [46] (testset)   loss: 0.0656 -> 0.0261  accuracy: 98.65% -> 99.32%      
---------------------------- TRAINING EPOCH: 150 ----------------------------   
client [47] (testset)   loss: 0.0746 -> 0.0690  accuracy: 97.73% -> 97.73%      
client [69] (testset)   loss: 0.0535 -> 0.0078  accuracy: 98.36% -> 99.64%      
client [82] (testset)   loss: 0.0135 -> 0.0069  accuracy: 100.00% -> 100.00%    
client [45] (testset)   loss: 0.0446 -> 0.0150  accuracy: 97.85% -> 99.69%      
client [7]  (testset)   loss: 0.0249 -> 0.0115  accuracy: 100.00% -> 100.00%    
client [50] (testset)   loss: 0.0563 -> 0.0114  accuracy: 99.49% -> 99.49%      
client [35] (testset)   loss: 0.0365 -> 0.0308  accuracy: 99.02% -> 99.02%      
client [24] (testset)   loss: 0.0134 -> 0.0158  accuracy: 98.65% -> 98.65%      
client [15] (testset)   loss: 0.0690 -> 0.0678  accuracy: 99.08% -> 99.08%      
client [58] (testset)   loss: 0.0358 -> 0.0065  accuracy: 98.58% -> 100.00%     
---------------------------- TRAINING EPOCH: 160 ----------------------------   
client [48] (testset)   loss: 0.0016 -> 0.0005  accuracy: 100.00% -> 100.00%    
client [76] (testset)   loss: 0.0037 -> 0.0016  accuracy: 100.00% -> 100.00%    
client [67] (testset)   loss: 0.0000 -> 0.0000  accuracy: 100.00% -> 100.00%    
client [37] (testset)   loss: 0.0827 -> 0.0661  accuracy: 97.40% -> 96.97%      
client [58] (testset)   loss: 0.0199 -> 0.0045  accuracy: 99.29% -> 100.00%     
client [64] (testset)   loss: 0.0364 -> 0.0231  accuracy: 99.17% -> 99.44%      
client [77] (testset)   loss: 0.0988 -> 0.0516  accuracy: 97.95% -> 99.32%      
client [55] (testset)   loss: 0.0800 -> 0.0061  accuracy: 98.47% -> 99.74%      
client [12] (testset)   loss: 0.1249 -> 0.0290  accuracy: 96.53% -> 99.01%      
client [89] (testset)   loss: 0.0596 -> 0.0262  accuracy: 96.97% -> 96.97%      
---------------------------- TRAINING EPOCH: 170 ----------------------------   
client [84] (testset)   loss: 0.0006 -> 0.0006  accuracy: 100.00% -> 100.00%    
client [51] (testset)   loss: 0.0013 -> 0.0001  accuracy: 100.00% -> 100.00%    
client [8]  (testset)   loss: 0.3103 -> 0.1491  accuracy: 92.86% -> 97.62%      
client [18] (testset)   loss: 0.0568 -> 0.0175  accuracy: 98.97% -> 99.31%      
client [94] (testset)   loss: 0.0029 -> 0.0003  accuracy: 100.00% -> 100.00%    
client [81] (testset)   loss: 0.0025 -> 0.0006  accuracy: 100.00% -> 100.00%    
client [3]  (testset)   loss: 0.0366 -> 0.0102  accuracy: 98.53% -> 99.37%      
client [11] (testset)   loss: 0.0000 -> 0.0000  accuracy: 100.00% -> 100.00%    
client [95] (testset)   loss: 0.0113 -> 0.0012  accuracy: 99.64% -> 100.00%     
client [67] (testset)   loss: 0.0000 -> 0.0000  accuracy: 100.00% -> 100.00%    
---------------------------- TRAINING EPOCH: 180 ----------------------------   
client [21] (testset)   loss: 0.0241 -> 0.0119  accuracy: 99.02% -> 99.02%      
client [79] (testset)   loss: 0.0001 -> 0.0000  accuracy: 100.00% -> 100.00%    
client [58] (testset)   loss: 0.0192 -> 0.0029  accuracy: 99.29% -> 100.00%     
client [88] (testset)   loss: 0.0910 -> 0.0728  accuracy: 98.53% -> 98.53%      
client [46] (testset)   loss: 0.0383 -> 0.0213  accuracy: 99.10% -> 99.32%      
client [11] (testset)   loss: 0.0000 -> 0.0000  accuracy: 100.00% -> 100.00%    
client [55] (testset)   loss: 0.0470 -> 0.0067  accuracy: 98.98% -> 99.74%      
client [13] (testset)   loss: 0.0006 -> 0.0004  accuracy: 100.00% -> 100.00%    
client [31] (testset)   loss: 0.0050 -> 0.0050  accuracy: 100.00% -> 100.00%    
client [75] (testset)   loss: 0.1264 -> 0.0357  accuracy: 97.21% -> 99.38%      
---------------------------- TRAINING EPOCH: 190 ----------------------------   
client [19] (testset)   loss: 0.1547 -> 0.0926  accuracy: 94.44% -> 98.15%      
client [7]  (testset)   loss: 0.0001 -> 0.0000  accuracy: 100.00% -> 100.00%    
client [57] (testset)   loss: 0.0005 -> 0.0001  accuracy: 100.00% -> 100.00%    
client [13] (testset)   loss: 0.0020 -> 0.0016  accuracy: 100.00% -> 100.00%    
client [43] (testset)   loss: 0.1271 -> 0.0813  accuracy: 97.33% -> 97.86%      
client [91] (testset)   loss: 0.0225 -> 0.0082  accuracy: 99.34% -> 99.83%      
client [10] (testset)   loss: 0.0393 -> 0.0007  accuracy: 99.01% -> 100.00%     
client [64] (testset)   loss: 0.0595 -> 0.0339  accuracy: 98.61% -> 99.17%      
client [82] (testset)   loss: 0.0492 -> 0.0339  accuracy: 98.59% -> 98.59%      
client [22] (testset)   loss: 0.0001 -> 0.0001  accuracy: 100.00% -> 100.00%    
---------------------------- TRAINING EPOCH: 200 ----------------------------   
client [20] (testset)   loss: 0.0793 -> 0.0453  accuracy: 97.29% -> 98.64%      
client [23] (testset)   loss: 0.0010 -> 0.0009  accuracy: 100.00% -> 100.00%    
client [88] (testset)   loss: 0.2305 -> 0.1022  accuracy: 97.06% -> 98.53%      
client [98] (testset)   loss: 0.1513 -> 0.1435  accuracy: 97.06% -> 97.06%      
client [79] (testset)   loss: 0.0000 -> 0.0000  accuracy: 100.00% -> 100.00%    
client [21] (testset)   loss: 0.0474 -> 0.0457  accuracy: 99.02% -> 99.02%      
client [92] (testset)   loss: 0.0000 -> 0.0000  accuracy: 100.00% -> 100.00%    
client [56] (testset)   loss: 0.0170 -> 0.0040  accuracy: 98.92% -> 100.00%     
client [5]  (testset)   loss: 0.0466 -> 0.0012  accuracy: 98.62% -> 100.00%     
client [52] (testset)   loss: 0.0008 -> 0.0004  accuracy: 100.00% -> 100.00%    
---------------------------- TRAINING EPOCH: 210 ----------------------------   
client [67] (testset)   loss: 0.0000 -> 0.0000  accuracy: 100.00% -> 100.00%    
client [54] (testset)   loss: 0.0001 -> 0.0001  accuracy: 100.00% -> 100.00%    
client [14] (testset)   loss: 0.0504 -> 0.0460  accuracy: 98.61% -> 98.61%      
client [99] (testset)   loss: 0.0595 -> 0.0163  accuracy: 95.24% -> 100.00%     
client [36] (testset)   loss: 0.1032 -> 0.0868  accuracy: 98.48% -> 98.48%      
client [30] (testset)   loss: 0.0006 -> 0.0004  accuracy: 100.00% -> 100.00%    
client [38] (testset)   loss: 0.1024 -> 0.0993  accuracy: 98.25% -> 98.25%      
client [15] (testset)   loss: 0.1154 -> 0.1050  accuracy: 98.17% -> 99.08%      
client [6]  (testset)   loss: 0.0525 -> 0.0070  accuracy: 98.70% -> 99.48%      
client [53] (testset)   loss: 0.0062 -> 0.0039  accuracy: 100.00% -> 100.00%    
---------------------------- TRAINING EPOCH: 220 ----------------------------   
client [99] (testset)   loss: 0.0170 -> 0.0103  accuracy: 100.00% -> 100.00%    
client [6]  (testset)   loss: 0.0158 -> 0.0035  accuracy: 99.74% -> 100.00%     
client [83] (testset)   loss: 0.1037 -> 0.0944  accuracy: 98.22% -> 98.58%      
client [42] (testset)   loss: 0.1012 -> 0.1033  accuracy: 97.81% -> 97.81%      
client [34] (testset)   loss: 0.0750 -> 0.0753  accuracy: 94.44% -> 94.44%      
client [15] (testset)   loss: 0.0834 -> 0.0795  accuracy: 98.17% -> 99.08%      
client [47] (testset)   loss: 0.2239 -> 0.1093  accuracy: 95.45% -> 96.59%      
client [55] (testset)   loss: 0.0258 -> 0.0148  accuracy: 99.49% -> 99.74%      
client [51] (testset)   loss: 0.0002 -> 0.0002  accuracy: 100.00% -> 100.00%    
client [95] (testset)   loss: 0.0298 -> 0.0002  accuracy: 99.64% -> 100.00%     
---------------------------- TRAINING EPOCH: 230 ----------------------------   
client [71] (testset)   loss: 0.0306 -> 0.0116  accuracy: 99.77% -> 99.77%      
client [15] (testset)   loss: 0.1626 -> 0.0945  accuracy: 97.25% -> 99.08%      
client [33] (testset)   loss: 0.1205 -> 0.0831  accuracy: 98.86% -> 99.67%      
client [99] (testset)   loss: 0.4122 -> 0.0048  accuracy: 85.71% -> 100.00%     
client [90] (testset)   loss: 0.1038 -> 0.0653  accuracy: 98.54% -> 99.27%      
client [57] (testset)   loss: 0.0012 -> 0.0001  accuracy: 100.00% -> 100.00%    
client [27] (testset)   loss: 0.0028 -> 0.0019  accuracy: 100.00% -> 100.00%    
client [78] (testset)   loss: 0.1368 -> 0.0995  accuracy: 97.45% -> 98.09%      
client [36] (testset)   loss: 0.1114 -> 0.0911  accuracy: 98.48% -> 98.48%      
client [88] (testset)   loss: 0.1335 -> 0.0920  accuracy: 97.06% -> 98.53%      
---------------------------- TRAINING EPOCH: 240 ----------------------------   
client [70] (testset)   loss: 0.0410 -> 0.0145  accuracy: 98.72% -> 99.63%      
client [35] (testset)   loss: 0.1262 -> 0.0342  accuracy: 97.06% -> 99.02%      
client [16] (testset)   loss: 0.0008 -> 0.0006  accuracy: 100.00% -> 100.00%    
client [80] (testset)   loss: 0.0000 -> 0.0000  accuracy: 100.00% -> 100.00%    
client [38] (testset)   loss: 0.0856 -> 0.0864  accuracy: 98.25% -> 98.25%      
client [78] (testset)   loss: 0.1357 -> 0.0933  accuracy: 97.45% -> 97.45%      
client [68] (testset)   loss: 0.0020 -> 0.0046  accuracy: 100.00% -> 100.00%    
client [11] (testset)   loss: 0.0000 -> 0.0000  accuracy: 100.00% -> 100.00%    
client [64] (testset)   loss: 0.0540 -> 0.0369  accuracy: 99.17% -> 99.17%      
client [82] (testset)   loss: 0.0008 -> 0.0008  accuracy: 100.00% -> 100.00%    
---------------------------- TRAINING EPOCH: 250 ----------------------------   
client [30] (testset)   loss: 0.0000 -> 0.0000  accuracy: 100.00% -> 100.00%    
client [27] (testset)   loss: 0.0056 -> 0.0006  accuracy: 99.47% -> 100.00%     
client [74] (testset)   loss: 0.0809 -> 0.1041  accuracy: 98.15% -> 99.08%      
client [45] (testset)   loss: 0.0365 -> 0.0113  accuracy: 98.16% -> 99.69%      
client [6]  (testset)   loss: 0.0144 -> 0.0103  accuracy: 99.48% -> 99.48%      
client [36] (testset)   loss: 0.0599 -> 0.0439  accuracy: 98.98% -> 98.48%      
client [63] (testset)   loss: 0.0341 -> 0.0400  accuracy: 98.54% -> 98.54%      
client [76] (testset)   loss: 0.0021 -> 0.0021  accuracy: 100.00% -> 100.00%    
client [83] (testset)   loss: 0.1108 -> 0.0900  accuracy: 98.22% -> 98.22%      
client [86] (testset)   loss: 0.0480 -> 0.0020  accuracy: 97.81% -> 100.00%     
---------------------------- TRAINING EPOCH: 260 ----------------------------   
client [83] (testset)   loss: 0.1268 -> 0.0888  accuracy: 98.58% -> 98.22%      
client [99] (testset)   loss: 0.0377 -> 0.0185  accuracy: 100.00% -> 100.00%    
client [74] (testset)   loss: 0.0976 -> 0.1128  accuracy: 98.15% -> 98.77%      
client [73] (testset)   loss: 0.0032 -> 0.0027  accuracy: 100.00% -> 100.00%    
client [29] (testset)   loss: 0.1084 -> 0.0447  accuracy: 97.05% -> 99.63%      
client [92] (testset)   loss: 0.0000 -> 0.0000  accuracy: 100.00% -> 100.00%    
client [6]  (testset)   loss: 0.1058 -> 0.0118  accuracy: 97.40% -> 99.48%      
client [61] (testset)   loss: 0.0150 -> 0.0041  accuracy: 99.71% -> 99.71%      
client [21] (testset)   loss: 0.0381 -> 0.0240  accuracy: 98.04% -> 99.02%      
client [67] (testset)   loss: 0.0000 -> 0.0000  accuracy: 100.00% -> 100.00%    
---------------------------- TRAINING EPOCH: 270 ----------------------------   
client [83] (testset)   loss: 0.1892 -> 0.1272  accuracy: 98.22% -> 98.58%      
client [32] (testset)   loss: 0.1687 -> 0.1447  accuracy: 96.03% -> 97.62%      
client [95] (testset)   loss: 0.0112 -> 0.0040  accuracy: 99.64% -> 99.64%      
client [61] (testset)   loss: 0.0033 -> 0.0010  accuracy: 99.71% -> 100.00%     
client [27] (testset)   loss: 0.0024 -> 0.0010  accuracy: 100.00% -> 100.00%    
client [25] (testset)   loss: 0.0008 -> 0.0005  accuracy: 100.00% -> 100.00%    
client [68] (testset)   loss: 0.0079 -> 0.0103  accuracy: 100.00% -> 100.00%    
client [34] (testset)   loss: 0.1799 -> 0.1797  accuracy: 94.44% -> 94.44%      
client [71] (testset)   loss: 0.0224 -> 0.0201  accuracy: 99.77% -> 99.77%      
client [89] (testset)   loss: 0.0001 -> 0.0001  accuracy: 100.00% -> 100.00%    
---------------------------- TRAINING EPOCH: 280 ----------------------------   
client [78] (testset)   loss: 0.2211 -> 0.1143  accuracy: 95.54% -> 98.09%      
client [81] (testset)   loss: 0.0346 -> 0.0272  accuracy: 99.38% -> 99.38%      
client [51] (testset)   loss: 0.0000 -> 0.0000  accuracy: 100.00% -> 100.00%    
client [54] (testset)   loss: 0.0001 -> 0.0001  accuracy: 100.00% -> 100.00%    
client [65] (testset)   loss: 0.1482 -> 0.1242  accuracy: 98.32% -> 98.74%      
client [41] (testset)   loss: 0.0224 -> 0.0012  accuracy: 97.89% -> 100.00%     
client [11] (testset)   loss: 0.0000 -> 0.0000  accuracy: 100.00% -> 100.00%    
client [85] (testset)   loss: 0.0153 -> 0.0086  accuracy: 98.96% -> 99.48%      
client [12] (testset)   loss: 0.0294 -> 0.0163  accuracy: 98.51% -> 99.50%      
client [23] (testset)   loss: 0.0000 -> 0.0000  accuracy: 100.00% -> 100.00%    
---------------------------- TRAINING EPOCH: 290 ----------------------------   
client [16] (testset)   loss: 0.0028 -> 0.0001  accuracy: 100.00% -> 100.00%    
client [65] (testset)   loss: 0.1324 -> 0.1271  accuracy: 98.74% -> 98.74%      
client [53] (testset)   loss: 0.0010 -> 0.0010  accuracy: 100.00% -> 100.00%    
client [58] (testset)   loss: 0.0159 -> 0.0125  accuracy: 99.29% -> 99.29%      
client [72] (testset)   loss: 0.0222 -> 0.0129  accuracy: 99.09% -> 99.09%      
client [7]  (testset)   loss: 0.0026 -> 0.0024  accuracy: 100.00% -> 100.00%    
client [71] (testset)   loss: 0.0225 -> 0.0191  accuracy: 99.77% -> 99.77%      
client [59] (testset)   loss: 0.0000 -> 0.0000  accuracy: 100.00% -> 100.00%    
client [86] (testset)   loss: 0.1292 -> 0.0225  accuracy: 97.53% -> 98.36%      
client [39] (testset)   loss: 0.0166 -> 0.0078  accuracy: 99.26% -> 99.51%      
---------------------------- TRAINING EPOCH: 300 ----------------------------   
client [99] (testset)   loss: 0.0104 -> 0.0101  accuracy: 100.00% -> 100.00%    
client [7]  (testset)   loss: 0.0055 -> 0.0032  accuracy: 100.00% -> 100.00%    
client [17] (testset)   loss: 0.0061 -> 0.0019  accuracy: 100.00% -> 100.00%    
client [64] (testset)   loss: 0.0765 -> 0.0569  accuracy: 98.61% -> 98.89%      
client [37] (testset)   loss: 0.1029 -> 0.0723  accuracy: 97.84% -> 97.84%      
client [29] (testset)   loss: 0.0772 -> 0.0635  accuracy: 98.89% -> 99.26%      
client [93] (testset)   loss: 0.0000 -> 0.0000  accuracy: 100.00% -> 100.00%    
client [73] (testset)   loss: 0.0094 -> 0.0097  accuracy: 100.00% -> 100.00%    
client [40] (testset)   loss: 0.0000 -> 0.0000  accuracy: 100.00% -> 100.00%    
client [76] (testset)   loss: 0.0013 -> 0.0007  accuracy: 100.00% -> 100.00%    
---------------------------- TRAINING EPOCH: 310 ----------------------------   
client [31] (testset)   loss: 0.1082 -> 0.1079  accuracy: 85.71% -> 85.71%      
client [89] (testset)   loss: 0.0007 -> 0.0007  accuracy: 100.00% -> 100.00%    
client [77] (testset)   loss: 0.0626 -> 0.0473  accuracy: 97.26% -> 98.63%      
client [90] (testset)   loss: 0.0727 -> 0.0613  accuracy: 98.54% -> 98.54%      
client [26] (testset)   loss: 0.0005 -> 0.0005  accuracy: 100.00% -> 100.00%    
client [50] (testset)   loss: 0.0145 -> 0.0120  accuracy: 98.97% -> 99.49%      
client [30] (testset)   loss: 0.0001 -> 0.0001  accuracy: 100.00% -> 100.00%    
client [70] (testset)   loss: 0.0435 -> 0.0129  accuracy: 99.08% -> 99.82%      
client [41] (testset)   loss: 0.0021 -> 0.0020  accuracy: 100.00% -> 100.00%    
client [99] (testset)   loss: 0.1148 -> 0.0264  accuracy: 90.48% -> 100.00%     
---------------------------- TRAINING EPOCH: 320 ----------------------------   
client [68] (testset)   loss: 0.0106 -> 0.0144  accuracy: 100.00% -> 98.31%     
client [70] (testset)   loss: 0.0322 -> 0.0158  accuracy: 98.72% -> 99.63%      
client [52] (testset)   loss: 0.0022 -> 0.0002  accuracy: 100.00% -> 100.00%    
client [1]  (testset)   loss: 0.0003 -> 0.0004  accuracy: 100.00% -> 100.00%    
client [2]  (testset)   loss: 0.0850 -> 0.0498  accuracy: 98.86% -> 99.24%      
client [67] (testset)   loss: 0.0000 -> 0.0000  accuracy: 100.00% -> 100.00%    
client [92] (testset)   loss: 0.0000 -> 0.0000  accuracy: 100.00% -> 100.00%    
client [35] (testset)   loss: 0.0886 -> 0.0338  accuracy: 97.06% -> 99.02%      
client [36] (testset)   loss: 0.1262 -> 0.1007  accuracy: 97.97% -> 98.48%      
client [64] (testset)   loss: 0.0674 -> 0.0442  accuracy: 98.61% -> 99.17%      
---------------------------- TRAINING EPOCH: 330 ----------------------------   
client [44] (testset)   loss: 0.0644 -> 0.0372  accuracy: 98.21% -> 99.10%      
client [6]  (testset)   loss: 0.0105 -> 0.0083  accuracy: 99.74% -> 99.74%      
client [12] (testset)   loss: 0.0656 -> 0.0377  accuracy: 98.51% -> 99.50%      
client [55] (testset)   loss: 0.0108 -> 0.0063  accuracy: 99.74% -> 99.74%      
client [29] (testset)   loss: 0.2478 -> 0.0643  accuracy: 94.10% -> 98.89%      
client [9]  (testset)   loss: 0.0408 -> 0.0296  accuracy: 99.02% -> 99.35%      
client [43] (testset)   loss: 0.1667 -> 0.1000  accuracy: 97.33% -> 97.86%      
client [77] (testset)   loss: 0.0242 -> 0.0252  accuracy: 99.32% -> 99.32%      
client [98] (testset)   loss: 0.0115 -> 0.0106  accuracy: 100.00% -> 100.00%    
client [78] (testset)   loss: 0.1061 -> 0.0855  accuracy: 97.45% -> 97.45%      
---------------------------- TRAINING EPOCH: 340 ----------------------------   
client [92] (testset)   loss: 0.0000 -> 0.0000  accuracy: 100.00% -> 100.00%    
client [80] (testset)   loss: 0.0030 -> 0.0005  accuracy: 100.00% -> 100.00%    
client [63] (testset)   loss: 0.0294 -> 0.0293  accuracy: 98.54% -> 98.54%      
client [76] (testset)   loss: 0.0027 -> 0.0023  accuracy: 100.00% -> 100.00%    
client [78] (testset)   loss: 0.0915 -> 0.0894  accuracy: 98.09% -> 98.09%      
client [25] (testset)   loss: 0.0051 -> 0.0010  accuracy: 100.00% -> 100.00%    
client [58] (testset)   loss: 0.0119 -> 0.0081  accuracy: 100.00% -> 100.00%    
client [13] (testset)   loss: 0.0175 -> 0.0041  accuracy: 100.00% -> 100.00%    
client [17] (testset)   loss: 0.0085 -> 0.0027  accuracy: 99.61% -> 100.00%     
client [38] (testset)   loss: 0.1159 -> 0.1162  accuracy: 98.25% -> 98.25%      
---------------------------- TRAINING EPOCH: 350 ----------------------------   
client [72] (testset)   loss: 0.0151 -> 0.0094  accuracy: 99.09% -> 99.09%      
client [82] (testset)   loss: 0.0139 -> 0.0133  accuracy: 98.59% -> 98.59%      
client [86] (testset)   loss: 0.0530 -> 0.0153  accuracy: 98.36% -> 99.18%      
client [51] (testset)   loss: 0.0000 -> 0.0000  accuracy: 100.00% -> 100.00%    
client [96] (testset)   loss: 0.0449 -> 0.0156  accuracy: 98.04% -> 99.02%      
client [42] (testset)   loss: 0.1432 -> 0.1236  accuracy: 97.27% -> 97.27%      
client [55] (testset)   loss: 0.0188 -> 0.0094  accuracy: 99.74% -> 99.74%      
client [13] (testset)   loss: 0.0000 -> 0.0000  accuracy: 100.00% -> 100.00%    
client [1]  (testset)   loss: 0.0011 -> 0.0015  accuracy: 100.00% -> 100.00%    
client [12] (testset)   loss: 0.0740 -> 0.0394  accuracy: 97.03% -> 99.01%      
---------------------------- TRAINING EPOCH: 360 ----------------------------   
client [68] (testset)   loss: 0.0165 -> 0.0170  accuracy: 98.31% -> 98.31%      
client [23] (testset)   loss: 0.0004 -> 0.0002  accuracy: 100.00% -> 100.00%    
client [46] (testset)   loss: 0.0402 -> 0.0353  accuracy: 99.10% -> 99.32%      
client [41] (testset)   loss: 0.0034 -> 0.0013  accuracy: 100.00% -> 100.00%    
client [25] (testset)   loss: 0.0119 -> 0.0031  accuracy: 98.85% -> 100.00%     
client [58] (testset)   loss: 0.0057 -> 0.0043  accuracy: 100.00% -> 100.00%    
client [14] (testset)   loss: 0.0808 -> 0.0725  accuracy: 97.92% -> 97.92%      
client [33] (testset)   loss: 0.1288 -> 0.1026  accuracy: 98.86% -> 99.51%      
client [85] (testset)   loss: 0.0720 -> 0.0292  accuracy: 96.89% -> 97.93%      
client [62] (testset)   loss: 0.0123 -> 0.0006  accuracy: 99.45% -> 100.00%     
---------------------------- TRAINING EPOCH: 370 ----------------------------   
client [98] (testset)   loss: 0.0908 -> 0.0897  accuracy: 97.06% -> 97.06%      
client [63] (testset)   loss: 0.0185 -> 0.0192  accuracy: 99.27% -> 99.27%      
client [70] (testset)   loss: 0.0433 -> 0.0174  accuracy: 99.08% -> 99.63%      
client [65] (testset)   loss: 0.1879 -> 0.1479  accuracy: 98.32% -> 98.74%      
client [14] (testset)   loss: 0.0834 -> 0.0818  accuracy: 97.92% -> 97.92%      
client [73] (testset)   loss: 0.0168 -> 0.0197  accuracy: 100.00% -> 100.00%    
client [34] (testset)   loss: 0.0758 -> 0.0759  accuracy: 94.44% -> 94.44%      
client [99] (testset)   loss: 0.0009 -> 0.0009  accuracy: 100.00% -> 100.00%    
client [69] (testset)   loss: 0.0313 -> 0.0116  accuracy: 99.27% -> 99.64%      
client [46] (testset)   loss: 0.0453 -> 0.0399  accuracy: 99.32% -> 99.32%      
---------------------------- TRAINING EPOCH: 380 ----------------------------   
client [99] (testset)   loss: 0.0139 -> 0.0105  accuracy: 100.00% -> 100.00%    
client [93] (testset)   loss: 0.0000 -> 0.0000  accuracy: 100.00% -> 100.00%    
client [11] (testset)   loss: 0.0000 -> 0.0000  accuracy: 100.00% -> 100.00%    
client [58] (testset)   loss: 0.0112 -> 0.0081  accuracy: 99.29% -> 100.00%     
client [81] (testset)   loss: 0.0493 -> 0.0449  accuracy: 99.38% -> 99.38%      
client [85] (testset)   loss: 0.0293 -> 0.0154  accuracy: 98.45% -> 99.48%      
client [89] (testset)   loss: 0.0000 -> 0.0000  accuracy: 100.00% -> 100.00%    
client [45] (testset)   loss: 0.0478 -> 0.0313  accuracy: 98.77% -> 99.69%      
client [8]  (testset)   loss: 0.2512 -> 0.2494  accuracy: 97.62% -> 97.62%      
client [68] (testset)   loss: 0.0128 -> 0.0129  accuracy: 98.31% -> 98.31%      
---------------------------- TRAINING EPOCH: 390 ----------------------------   
client [67] (testset)   loss: 0.0004 -> 0.0003  accuracy: 100.00% -> 100.00%    
client [72] (testset)   loss: 0.0090 -> 0.0010  accuracy: 100.00% -> 100.00%    
client [1]  (testset)   loss: 0.0031 -> 0.0028  accuracy: 100.00% -> 100.00%    
client [78] (testset)   loss: 0.1054 -> 0.0816  accuracy: 97.45% -> 97.45%      
client [83] (testset)   loss: 0.1521 -> 0.1370  accuracy: 97.86% -> 97.86%      
client [21] (testset)   loss: 0.0426 -> 0.0428  accuracy: 99.02% -> 99.02%      
client [56] (testset)   loss: 0.0160 -> 0.0132  accuracy: 98.92% -> 98.92%      
client [44] (testset)   loss: 0.0601 -> 0.0444  accuracy: 98.21% -> 98.21%      
client [92] (testset)   loss: 0.0000 -> 0.0000  accuracy: 100.00% -> 100.00%    
client [27] (testset)   loss: 0.0052 -> 0.0003  accuracy: 100.00% -> 100.00%    
---------------------------- TRAINING EPOCH: 400 ----------------------------   
client [10] (testset)   loss: 0.0000 -> 0.0000  accuracy: 100.00% -> 100.00%    
client [39] (testset)   loss: 0.0148 -> 0.0045  accuracy: 99.75% -> 99.75%      
client [65] (testset)   loss: 0.1821 -> 0.1606  accuracy: 98.32% -> 98.32%      
client [26] (testset)   loss: 0.0050 -> 0.0050  accuracy: 100.00% -> 100.00%    
client [19] (testset)   loss: 0.1145 -> 0.0911  accuracy: 96.30% -> 96.30%      
client [68] (testset)   loss: 0.0042 -> 0.0051  accuracy: 100.00% -> 100.00%    
client [41] (testset)   loss: 0.0179 -> 0.0077  accuracy: 98.95% -> 98.95%      
client [50] (testset)   loss: 0.0313 -> 0.0295  accuracy: 98.97% -> 98.97%      
client [75] (testset)   loss: 0.0795 -> 0.0684  accuracy: 98.14% -> 98.14%      
client [81] (testset)   loss: 0.0612 -> 0.0554  accuracy: 99.38% -> 99.38%      
Training... ━━━━━━━━━━━━━━━━━━━━━━━━━━━━━━━━━━━━━━━━ 100% 0:17:40
FedDpa's average time taken by each global epoch: 0 min 2.48 sec.               
FedDpa's total running time: 0 h 17 m 40 s.                                     
==================== FedDpa Experiment Results: ====================            
Display format: (before local fine-tuning) -> (after local fine-tuning)         
 So if finetune_epoch = 0, x.xx% -> 0.00% is normal.                            
 Centralized testing ONLY happens after model aggregation, so the stats between 
'->' are the same.                                                              
{                                                                               
    "100": {                                                                    
        "all_clients": {                                                        
            "test": {                                                           
                "loss": "0.0568 -> 0.0000",                                     
                "accuracy": "98.60% -> 0.00%"                                   
            }                                                                   
        }                                                                       
    },                                                                          
    "200": {                                                                    
        "all_clients": {                                                        
            "test": {                                                           
                "loss": "0.0563 -> 0.0000",                                     
                "accuracy": "98.72% -> 0.00%"                                   
            }                                                                   
        }                                                                       
    },                                                                          
    "300": {                                                                    
        "all_clients": {                                                        
            "test": {                                                           
                "loss": "0.0500 -> 0.0000",                                     
                "accuracy": "99.00% -> 0.00%"                                   
            }                                                                   
        }                                                                       
    },                                                                          
    "400": {                                                                    
        "all_clients": {                                                        
            "test": {                                                           
                "loss": "0.0531 -> 0.0000",                                     
                "accuracy": "98.97% -> 0.00%"                                   
            }                                                                   
        }                                                                       
    }                                                                           
}                                                                               
==================== FedDpa Max Accuracy ====================                   
all_clients:                                                                    
(test) before fine-tuning: 99.00% at epoch 300                                  
(test) after fine-tuning: 0.00% at epoch 100                                    
