==================== PSFL ====================                                  
Experiment Arguments:                                                           
{
│   'method': 'psfl',
│   'dataset': {
│   │   'name': 'mnist',
│   │   'client_num': 100,
│   │   'test_ratio': 0.25,
│   │   'val_ratio': 0.0,
│   │   'seed': 42,
│   │   'split': 'sample',
│   │   'IID_ratio': 0.0,
│   │   'monitor_window_name_suffix': 'mnist-100clients-0%IID-Dir(0.1)-seed42',
│   │   'alpha': 0.1,
│   │   'min_samples_per_client': 10
│   },
│   'model': {
│   │   'name': 'avgcnn',
│   │   'use_torchvision_pretrained_weights': True,
│   │   'external_model_weights_path': None
│   },
│   'optimizer': {
│   │   'lr': 0.01,
│   │   'dampening': 0,
│   │   'weight_decay': 0,
│   │   'momentum': 0,
│   │   'nesterov': False,
│   │   'name': 'sgd'
│   },
│   'mode': 'sequential',
│   'parallel': {
│   │   'ray_cluster_addr': None,
│   │   'num_cpus': None,
│   │   'num_gpus': None,
│   │   'num_workers': 2
│   },
│   'common': {
│   │   'seed': 42,
│   │   'join_ratio': 0.1,
│   │   'global_epoch': 400,
│   │   'local_epoch': 5,
│   │   'batch_size': 32,
│   │   'reset_optimizer_on_global_epoch': True,
│   │   'straggler_ratio': 0,
│   │   'straggler_min_local_epoch': 0,
│   │   'buffers': 'global',
│   │   'client_side_evaluation': True,
│   │   'test': {
│   │   │   'client': {
│   │   │   │   'interval': 100,
│   │   │   │   'finetune_epoch': 0,
│   │   │   │   'train': False,
│   │   │   │   'val': False,
│   │   │   │   'test': True
│   │   │   },
│   │   │   'server': {
│   │   │   │   'interval': -1,
│   │   │   │   'train': False,
│   │   │   │   'val': False,
│   │   │   │   'test': False,
│   │   │   │   'model_in_train_mode': False
│   │   │   }
│   │   },
│   │   'verbose_gap': 10,
│   │   'monitor': None,
│   │   'use_cuda': True,
│   │   'save_log': True,
│   │   'save_model': False,
│   │   'save_learning_curve_plot': False,
│   │   'save_metrics': True,
│   │   'delete_useless_run': True
│   },
│   'psfl': {
│   │   'alpha': 0.0,
│   │   'CLS': False,
│   │   'ig_ratio': 0.5,
│   │   'track': False,
│   │   'score': 'obp'
│   }
}
---------------------------- TRAINING EPOCH: 10 ----------------------------    
client [77] (testset)   loss: 0.2263 -> 0.2186  accuracy: 95.89% -> 92.47%      
client [81] (testset)   loss: 0.1712 -> 0.1028  accuracy: 97.53% -> 98.77%      
client [21] (testset)   loss: 2.3264 -> 0.7935  accuracy: 0.00% -> 82.35%       
client [68] (testset)   loss: 0.6043 -> 0.3854  accuracy: 76.27% -> 89.83%      
client [93] (testset)   loss: 1.2820 -> 1.0426  accuracy: 70.97% -> 80.65%      
client [31] (testset)   loss: 1.7261 -> 1.4020  accuracy: 57.14% -> 57.14%      
client [20] (testset)   loss: 0.4317 -> 0.3417  accuracy: 84.62% -> 91.40%      
client [59] (testset)   loss: 2.2953 -> 1.9279  accuracy: 0.00% -> 50.00%       
client [48] (testset)   loss: 0.1792 -> 0.1492  accuracy: 96.12% -> 96.12%      
client [34] (testset)   loss: 1.3372 -> 1.3080  accuracy: 66.67% -> 66.67%      
---------------------------- TRAINING EPOCH: 20 ----------------------------    
client [69] (testset)   loss: 0.1110 -> 0.2444  accuracy: 97.81% -> 91.80%      
client [99] (testset)   loss: 1.4857 -> 1.4155  accuracy: 52.38% -> 52.38%      
client [67] (testset)   loss: 0.3740 -> 0.3030  accuracy: 91.89% -> 91.89%      
client [0]  (testset)   loss: 0.2707 -> 0.1864  accuracy: 94.34% -> 93.40%      
client [76] (testset)   loss: 0.4941 -> 0.4441  accuracy: 88.31% -> 94.81%      
client [41] (testset)   loss: 0.3869 -> 0.2325  accuracy: 86.32% -> 87.37%      
client [62] (testset)   loss: 2.3105 -> 0.4395  accuracy: 1.10% -> 90.06%       
client [2]  (testset)   loss: 2.2993 -> 0.1241  accuracy: 0.00% -> 97.91%       
client [14] (testset)   loss: 0.1672 -> 0.1363  accuracy: 95.83% -> 94.44%      
client [46] (testset)   loss: 0.1208 -> 0.0950  accuracy: 95.95% -> 96.62%      
---------------------------- TRAINING EPOCH: 30 ----------------------------    
client [24] (testset)   loss: 0.2818 -> 0.2715  accuracy: 94.59% -> 94.59%      
client [68] (testset)   loss: 0.2649 -> 0.2576  accuracy: 93.22% -> 93.22%      
client [57] (testset)   loss: 0.1304 -> 0.1104  accuracy: 97.58% -> 98.55%      
client [17] (testset)   loss: 0.1623 -> 0.1443  accuracy: 96.11% -> 96.50%      
client [54] (testset)   loss: 0.8236 -> 0.6925  accuracy: 83.72% -> 83.72%      
client [23] (testset)   loss: 2.3059 -> 0.6770  accuracy: 0.00% -> 94.29%       
client [35] (testset)   loss: 0.2454 -> 0.2428  accuracy: 95.10% -> 95.10%      
client [59] (testset)   loss: 1.4365 -> 1.3293  accuracy: 62.50% -> 75.00%      
client [31] (testset)   loss: 1.0977 -> 1.0304  accuracy: 57.14% -> 57.14%      
client [9]  (testset)   loss: 0.1018 -> 0.0919  accuracy: 96.58% -> 96.91%      
---------------------------- TRAINING EPOCH: 40 ----------------------------    
client [64] (testset)   loss: 0.0813 -> 0.0787  accuracy: 97.78% -> 97.50%      
client [33] (testset)   loss: 0.0652 -> 0.0619  accuracy: 98.37% -> 98.86%      
client [16] (testset)   loss: 0.3022 -> 0.2420  accuracy: 91.43% -> 94.29%      
client [44] (testset)   loss: 0.3126 -> 0.2166  accuracy: 92.84% -> 94.33%      
client [8]  (testset)   loss: 0.0121 -> 0.0088  accuracy: 100.00% -> 100.00%    
client [31] (testset)   loss: 0.9687 -> 0.8990  accuracy: 57.14% -> 57.14%      
client [47] (testset)   loss: 0.1746 -> 0.1745  accuracy: 95.45% -> 95.45%      
client [36] (testset)   loss: 0.4262 -> 0.1558  accuracy: 88.32% -> 94.42%      
client [20] (testset)   loss: 0.2779 -> 0.2396  accuracy: 91.40% -> 91.40%      
client [56] (testset)   loss: 0.2660 -> 0.1748  accuracy: 91.40% -> 95.70%      
---------------------------- TRAINING EPOCH: 50 ----------------------------    
client [4]  (testset)   loss: 0.1578 -> 0.1568  accuracy: 96.70% -> 96.70%      
client [60] (testset)   loss: 0.3832 -> 0.2727  accuracy: 89.00% -> 93.00%      
client [28] (testset)   loss: 0.0482 -> 0.0451  accuracy: 99.33% -> 99.33%      
client [25] (testset)   loss: 0.1667 -> 0.1408  accuracy: 96.55% -> 96.55%      
client [58] (testset)   loss: 0.1721 -> 0.1722  accuracy: 93.62% -> 94.33%      
client [44] (testset)   loss: 0.2214 -> 0.1815  accuracy: 94.33% -> 95.52%      
client [39] (testset)   loss: 0.0650 -> 0.0434  accuracy: 98.28% -> 98.77%      
client [29] (testset)   loss: 0.0777 -> 0.0820  accuracy: 97.42% -> 97.05%      
client [3]  (testset)   loss: 0.0686 -> 0.0667  accuracy: 97.90% -> 97.90%      
client [84] (testset)   loss: 0.2140 -> 0.1768  accuracy: 100.00% -> 100.00%    
---------------------------- TRAINING EPOCH: 60 ----------------------------    
client [21] (testset)   loss: 0.3597 -> 0.2302  accuracy: 86.27% -> 91.18%      
client [84] (testset)   loss: 0.1514 -> 0.1280  accuracy: 100.00% -> 100.00%    
client [10] (testset)   loss: 0.0972 -> 0.0933  accuracy: 97.03% -> 98.02%      
client [36] (testset)   loss: 0.0922 -> 0.1370  accuracy: 96.95% -> 95.94%      
client [65] (testset)   loss: 0.0531 -> 0.0510  accuracy: 98.74% -> 98.32%      
client [81] (testset)   loss: 0.0753 -> 0.0712  accuracy: 98.77% -> 98.77%      
client [79] (testset)   loss: 0.1233 -> 0.0954  accuracy: 93.85% -> 96.92%      
client [42] (testset)   loss: 0.2470 -> 0.2657  accuracy: 91.80% -> 91.26%      
client [11] (testset)   loss: 1.1366 -> 1.0627  accuracy: 66.67% -> 66.67%      
client [96] (testset)   loss: 0.0768 -> 0.0792  accuracy: 97.06% -> 96.08%      
---------------------------- TRAINING EPOCH: 70 ----------------------------    
client [8]  (testset)   loss: 0.0063 -> 0.0052  accuracy: 100.00% -> 100.00%    
client [53] (testset)   loss: 0.1825 -> 0.1524  accuracy: 96.00% -> 96.00%      
client [52] (testset)   loss: 0.0308 -> 0.0251  accuracy: 100.00% -> 100.00%    
client [42] (testset)   loss: 0.2423 -> 0.2699  accuracy: 92.35% -> 92.35%      
client [69] (testset)   loss: 0.0351 -> 0.0336  accuracy: 99.09% -> 98.91%      
client [59] (testset)   loss: 1.0649 -> 0.9809  accuracy: 75.00% -> 75.00%      
client [7]  (testset)   loss: 0.4876 -> 0.4582  accuracy: 87.50% -> 87.50%      
client [26] (testset)   loss: 1.1258 -> 0.9842  accuracy: 66.67% -> 79.17%      
client [49] (testset)   loss: 0.0144 -> 0.0116  accuracy: 100.00% -> 100.00%    
client [98] (testset)   loss: 0.2112 -> 0.2218  accuracy: 97.06% -> 94.12%      
---------------------------- TRAINING EPOCH: 80 ----------------------------    
client [98] (testset)   loss: 0.2235 -> 0.1992  accuracy: 94.12% -> 97.06%      
client [47] (testset)   loss: 0.1469 -> 0.1405  accuracy: 97.73% -> 98.86%      
client [21] (testset)   loss: 0.2146 -> 0.1604  accuracy: 91.18% -> 95.10%      
client [77] (testset)   loss: 0.1343 -> 0.1343  accuracy: 96.58% -> 97.26%      
client [95] (testset)   loss: 0.0282 -> 0.0260  accuracy: 98.56% -> 98.56%      
client [91] (testset)   loss: 0.0653 -> 0.0659  accuracy: 98.51% -> 98.51%      
client [14] (testset)   loss: 0.0883 -> 0.0860  accuracy: 97.92% -> 97.92%      
client [99] (testset)   loss: 1.1867 -> 1.3843  accuracy: 76.19% -> 61.90%      
client [20] (testset)   loss: 0.2579 -> 0.2635  accuracy: 93.67% -> 93.21%      
client [39] (testset)   loss: 0.0408 -> 0.0201  accuracy: 98.28% -> 99.75%      
---------------------------- TRAINING EPOCH: 90 ----------------------------    
client [52] (testset)   loss: 0.0256 -> 0.0211  accuracy: 100.00% -> 100.00%    
client [62] (testset)   loss: 0.1498 -> 0.1451  accuracy: 96.69% -> 97.24%      
client [71] (testset)   loss: 0.0818 -> 0.0819  accuracy: 97.68% -> 97.68%      
client [97] (testset)   loss: 0.0476 -> 0.0456  accuracy: 98.66% -> 97.99%      
client [30] (testset)   loss: 0.3797 -> 0.3864  accuracy: 95.00% -> 95.00%      
client [88] (testset)   loss: 0.1321 -> 0.1334  accuracy: 98.53% -> 98.53%      
client [60] (testset)   loss: 0.2096 -> 0.1952  accuracy: 95.00% -> 96.00%      
client [82] (testset)   loss: 0.2244 -> 0.2335  accuracy: 94.37% -> 94.37%      
client [91] (testset)   loss: 0.0600 -> 0.0622  accuracy: 98.51% -> 98.68%      
client [57] (testset)   loss: 0.1205 -> 0.1140  accuracy: 98.07% -> 98.07%      
---------------------------- TRAINING EPOCH: 100 ----------------------------   
client [31] (testset)   loss: 0.4792 -> 0.4666  accuracy: 85.71% -> 85.71%      
client [15] (testset)   loss: 0.0862 -> 0.0781  accuracy: 98.17% -> 98.17%      
client [71] (testset)   loss: 0.0844 -> 0.0729  accuracy: 97.68% -> 97.91%      
client [97] (testset)   loss: 0.0427 -> 0.0396  accuracy: 98.33% -> 97.99%      
client [53] (testset)   loss: 0.1506 -> 0.1530  accuracy: 96.00% -> 96.00%      
client [77] (testset)   loss: 0.1347 -> 0.1403  accuracy: 97.26% -> 95.89%      
client [76] (testset)   loss: 0.4418 -> 0.4472  accuracy: 94.81% -> 94.81%      
client [79] (testset)   loss: 0.0731 -> 0.0612  accuracy: 98.46% -> 98.46%      
client [28] (testset)   loss: 0.0389 -> 0.0375  accuracy: 99.33% -> 99.33%      
client [99] (testset)   loss: 1.1104 -> 1.1301  accuracy: 80.95% -> 80.95%      
---------------------------- TRAINING EPOCH: 110 ----------------------------   
client [97] (testset)   loss: 0.0461 -> 0.0375  accuracy: 97.99% -> 98.33%      
client [86] (testset)   loss: 0.0768 -> 0.0663  accuracy: 97.81% -> 97.81%      
client [34] (testset)   loss: 0.9188 -> 0.9269  accuracy: 66.67% -> 72.22%      
client [73] (testset)   loss: 0.3160 -> 0.3223  accuracy: 91.18% -> 82.35%      
client [5]  (testset)   loss: 0.1597 -> 0.1497  accuracy: 93.79% -> 95.17%      
client [96] (testset)   loss: 0.0555 -> 0.0539  accuracy: 98.04% -> 98.04%      
client [22] (testset)   loss: 0.1467 -> 0.1333  accuracy: 95.74% -> 95.74%      
client [60] (testset)   loss: 0.2203 -> 0.1997  accuracy: 96.00% -> 96.00%      
client [66] (testset)   loss: 0.1924 -> 0.2028  accuracy: 92.92% -> 92.92%      
client [83] (testset)   loss: 0.2130 -> 0.2098  accuracy: 94.31% -> 93.95%      
---------------------------- TRAINING EPOCH: 120 ----------------------------   
client [76] (testset)   loss: 0.4580 -> 0.4645  accuracy: 94.81% -> 94.81%      
client [65] (testset)   loss: 0.0455 -> 0.0440  accuracy: 98.74% -> 98.32%      
client [95] (testset)   loss: 0.0218 -> 0.0210  accuracy: 98.56% -> 98.56%      
client [17] (testset)   loss: 0.1259 -> 0.1020  accuracy: 96.50% -> 97.67%      
client [8]  (testset)   loss: 0.0034 -> 0.0030  accuracy: 100.00% -> 100.00%    
client [35] (testset)   loss: 0.1680 -> 0.1586  accuracy: 95.10% -> 95.10%      
client [98] (testset)   loss: 0.1813 -> 0.1973  accuracy: 97.06% -> 97.06%      
client [53] (testset)   loss: 0.1542 -> 0.1612  accuracy: 96.00% -> 96.00%      
client [43] (testset)   loss: 0.2467 -> 0.2585  accuracy: 89.30% -> 90.37%      
client [64] (testset)   loss: 0.0601 -> 0.0616  accuracy: 98.33% -> 97.78%      
---------------------------- TRAINING EPOCH: 130 ----------------------------   
client [21] (testset)   loss: 0.1513 -> 0.1939  accuracy: 94.12% -> 92.16%      
client [88] (testset)   loss: 0.1307 -> 0.1336  accuracy: 98.53% -> 98.53%      
client [38] (testset)   loss: 0.2241 -> 0.2379  accuracy: 96.49% -> 96.49%      
client [3]  (testset)   loss: 0.0439 -> 0.0446  accuracy: 98.32% -> 98.32%      
client [5]  (testset)   loss: 0.1619 -> 0.1597  accuracy: 93.79% -> 94.48%      
client [41] (testset)   loss: 0.0497 -> 0.0491  accuracy: 97.89% -> 97.89%      
client [7]  (testset)   loss: 0.4050 -> 0.3755  accuracy: 87.50% -> 87.50%      
client [37] (testset)   loss: 0.2406 -> 0.2687  accuracy: 95.67% -> 95.24%      
client [45] (testset)   loss: 0.0540 -> 0.0785  accuracy: 98.16% -> 97.24%      
client [47] (testset)   loss: 0.1440 -> 0.1392  accuracy: 97.73% -> 98.86%      
---------------------------- TRAINING EPOCH: 140 ----------------------------   
client [16] (testset)   loss: 0.1290 -> 0.1278  accuracy: 98.57% -> 98.57%      
client [11] (testset)   loss: 0.8446 -> 0.8475  accuracy: 66.67% -> 66.67%      
client [37] (testset)   loss: 0.2667 -> 0.2963  accuracy: 95.24% -> 95.24%      
client [41] (testset)   loss: 0.0490 -> 0.0490  accuracy: 97.89% -> 97.89%      
client [95] (testset)   loss: 0.0187 -> 0.0187  accuracy: 98.92% -> 98.56%      
client [53] (testset)   loss: 0.1570 -> 0.1570  accuracy: 96.00% -> 96.00%      
client [22] (testset)   loss: 0.1333 -> 0.1348  accuracy: 95.74% -> 95.74%      
client [25] (testset)   loss: 0.0690 -> 0.0654  accuracy: 96.55% -> 96.55%      
client [69] (testset)   loss: 0.0336 -> 0.0336  accuracy: 99.09% -> 99.09%      
client [46] (testset)   loss: 0.0673 -> 0.0756  accuracy: 97.75% -> 97.52%      
---------------------------- TRAINING EPOCH: 150 ----------------------------   
client [47] (testset)   loss: 0.1413 -> 0.1439  accuracy: 98.86% -> 98.86%      
client [69] (testset)   loss: 0.0342 -> 0.0336  accuracy: 99.09% -> 99.09%      
client [82] (testset)   loss: 0.2109 -> 0.2167  accuracy: 94.37% -> 94.37%      
client [45] (testset)   loss: 0.0566 -> 0.0517  accuracy: 98.47% -> 98.16%      
client [7]  (testset)   loss: 0.3762 -> 0.3487  accuracy: 87.50% -> 87.50%      
client [50] (testset)   loss: 0.2125 -> 0.2093  accuracy: 93.33% -> 94.36%      
client [35] (testset)   loss: 0.1558 -> 0.1587  accuracy: 95.10% -> 95.10%      
client [24] (testset)   loss: 0.2226 -> 0.2300  accuracy: 95.95% -> 95.95%      
client [15] (testset)   loss: 0.0800 -> 0.0793  accuracy: 97.25% -> 97.25%      
client [58] (testset)   loss: 0.1680 -> 0.1637  accuracy: 93.62% -> 95.74%      
---------------------------- TRAINING EPOCH: 160 ----------------------------   
client [48] (testset)   loss: 0.1317 -> 0.1231  accuracy: 98.06% -> 98.06%      
client [76] (testset)   loss: 0.4924 -> 0.4805  accuracy: 96.10% -> 94.81%      
client [67] (testset)   loss: 0.0688 -> 0.0623  accuracy: 97.30% -> 94.59%      
client [37] (testset)   loss: 0.2857 -> 0.2777  accuracy: 95.67% -> 95.24%      
client [58] (testset)   loss: 0.1621 -> 0.1535  accuracy: 95.04% -> 95.74%      
client [64] (testset)   loss: 0.0597 -> 0.0614  accuracy: 98.06% -> 98.33%      
client [77] (testset)   loss: 0.1455 -> 0.1489  accuracy: 96.58% -> 97.26%      
client [55] (testset)   loss: 0.0756 -> 0.0831  accuracy: 97.96% -> 97.96%      
client [12] (testset)   loss: 0.0576 -> 0.0578  accuracy: 97.52% -> 97.52%      
client [89] (testset)   loss: 0.2587 -> 0.2471  accuracy: 90.91% -> 90.91%      
---------------------------- TRAINING EPOCH: 170 ----------------------------   
client [84] (testset)   loss: 0.0311 -> 0.0295  accuracy: 100.00% -> 100.00%    
client [51] (testset)   loss: 0.1872 -> 0.1995  accuracy: 91.43% -> 91.43%      
client [8]  (testset)   loss: 0.0018 -> 0.0016  accuracy: 100.00% -> 100.00%    
client [18] (testset)   loss: 0.1845 -> 0.1645  accuracy: 94.48% -> 95.52%      
client [94] (testset)   loss: 0.0061 -> 0.0063  accuracy: 100.00% -> 100.00%    
client [81] (testset)   loss: 0.0656 -> 0.0687  accuracy: 98.77% -> 98.77%      
client [3]  (testset)   loss: 0.0441 -> 0.0420  accuracy: 98.32% -> 98.74%      
client [11] (testset)   loss: 0.8442 -> 0.8550  accuracy: 66.67% -> 66.67%      
client [95] (testset)   loss: 0.0174 -> 0.0162  accuracy: 98.92% -> 98.92%      
client [67] (testset)   loss: 0.0626 -> 0.0580  accuracy: 94.59% -> 97.30%      
---------------------------- TRAINING EPOCH: 180 ----------------------------   
client [21] (testset)   loss: 0.1612 -> 0.1477  accuracy: 94.12% -> 94.12%      
client [79] (testset)   loss: 0.0781 -> 0.0760  accuracy: 98.46% -> 98.46%      
client [58] (testset)   loss: 0.1661 -> 0.1678  accuracy: 95.74% -> 95.04%      
client [88] (testset)   loss: 0.1335 -> 0.1347  accuracy: 98.53% -> 98.53%      
client [46] (testset)   loss: 0.0724 -> 0.0739  accuracy: 97.97% -> 97.97%      
client [11] (testset)   loss: 0.8505 -> 0.8603  accuracy: 66.67% -> 66.67%      
client [55] (testset)   loss: 0.0809 -> 0.0857  accuracy: 97.96% -> 97.96%      
client [13] (testset)   loss: 0.6330 -> 0.6231  accuracy: 75.00% -> 66.67%      
client [31] (testset)   loss: 0.4372 -> 0.4343  accuracy: 85.71% -> 85.71%      
client [75] (testset)   loss: 0.0467 -> 0.0452  accuracy: 98.76% -> 98.76%      
---------------------------- TRAINING EPOCH: 190 ----------------------------   
client [19] (testset)   loss: 0.0516 -> 0.0435  accuracy: 98.15% -> 96.30%      
client [7]  (testset)   loss: 0.2597 -> 0.2442  accuracy: 87.50% -> 87.50%      
client [57] (testset)   loss: 0.1174 -> 0.1242  accuracy: 99.03% -> 99.03%      
client [13] (testset)   loss: 0.7324 -> 0.7366  accuracy: 75.00% -> 75.00%      
client [43] (testset)   loss: 0.2470 -> 0.2566  accuracy: 93.05% -> 91.98%      
client [91] (testset)   loss: 0.0660 -> 0.0649  accuracy: 98.51% -> 98.51%      
client [10] (testset)   loss: 0.0474 -> 0.0526  accuracy: 99.01% -> 99.01%      
client [64] (testset)   loss: 0.0614 -> 0.0613  accuracy: 98.06% -> 98.06%      
client [82] (testset)   loss: 0.2327 -> 0.2308  accuracy: 94.37% -> 94.37%      
client [22] (testset)   loss: 0.1091 -> 0.0976  accuracy: 97.87% -> 97.87%      
---------------------------- TRAINING EPOCH: 200 ----------------------------   
client [20] (testset)   loss: 0.2758 -> 0.2767  accuracy: 93.21% -> 94.12%      
client [23] (testset)   loss: 0.1216 -> 0.1330  accuracy: 97.14% -> 97.14%      
client [88] (testset)   loss: 0.1346 -> 0.1358  accuracy: 98.53% -> 98.53%      
client [98] (testset)   loss: 0.1838 -> 0.1411  accuracy: 97.06% -> 94.12%      
client [79] (testset)   loss: 0.0750 -> 0.0734  accuracy: 98.46% -> 98.46%      
client [21] (testset)   loss: 0.1406 -> 0.1235  accuracy: 95.10% -> 96.08%      
client [92] (testset)   loss: 0.0667 -> 0.0627  accuracy: 100.00% -> 100.00%    
client [56] (testset)   loss: 0.0940 -> 0.0927  accuracy: 96.77% -> 96.77%      
client [5]  (testset)   loss: 0.1798 -> 0.1888  accuracy: 94.48% -> 94.48%      
client [52] (testset)   loss: 0.0089 -> 0.0082  accuracy: 100.00% -> 100.00%    
---------------------------- TRAINING EPOCH: 210 ----------------------------   
client [67] (testset)   loss: 0.0438 -> 0.0432  accuracy: 97.30% -> 97.30%      
client [54] (testset)   loss: 0.7094 -> 0.7164  accuracy: 90.70% -> 90.70%      
client [14] (testset)   loss: 0.0885 -> 0.0868  accuracy: 98.61% -> 98.61%      
client [99] (testset)   loss: 1.2205 -> 1.2845  accuracy: 76.19% -> 71.43%      
client [36] (testset)   loss: 0.0708 -> 0.0713  accuracy: 98.48% -> 97.97%      
client [30] (testset)   loss: 0.5011 -> 0.5113  accuracy: 95.00% -> 95.00%      
client [38] (testset)   loss: 0.2103 -> 0.2006  accuracy: 96.49% -> 96.49%      
client [15] (testset)   loss: 0.0752 -> 0.0746  accuracy: 98.17% -> 98.17%      
client [6]  (testset)   loss: 0.0228 -> 0.0256  accuracy: 99.74% -> 99.22%      
client [53] (testset)   loss: 0.1768 -> 0.1886  accuracy: 96.00% -> 96.00%      
---------------------------- TRAINING EPOCH: 220 ----------------------------   
client [99] (testset)   loss: 1.2780 -> 1.3664  accuracy: 76.19% -> 71.43%      
client [6]  (testset)   loss: 0.0250 -> 0.0264  accuracy: 99.22% -> 99.22%      
client [83] (testset)   loss: 0.2445 -> 0.2390  accuracy: 94.66% -> 93.59%      
client [42] (testset)   loss: 0.2726 -> 0.2779  accuracy: 95.08% -> 95.08%      
client [34] (testset)   loss: 0.9007 -> 0.8887  accuracy: 77.78% -> 83.33%      
client [15] (testset)   loss: 0.0749 -> 0.0788  accuracy: 98.17% -> 97.25%      
client [47] (testset)   loss: 0.1465 -> 0.1532  accuracy: 98.86% -> 98.86%      
client [55] (testset)   loss: 0.0862 -> 0.0845  accuracy: 97.96% -> 97.96%      
client [51] (testset)   loss: 0.1861 -> 0.1732  accuracy: 91.43% -> 91.43%      
client [95] (testset)   loss: 0.0156 -> 0.0154  accuracy: 98.92% -> 98.92%      
---------------------------- TRAINING EPOCH: 230 ----------------------------   
client [71] (testset)   loss: 0.0927 -> 0.0940  accuracy: 97.91% -> 97.91%      
client [15] (testset)   loss: 0.0783 -> 0.0758  accuracy: 97.25% -> 98.17%      
client [33] (testset)   loss: 0.0755 -> 0.0733  accuracy: 98.69% -> 99.02%      
client [99] (testset)   loss: 1.3862 -> 1.3878  accuracy: 71.43% -> 71.43%      
client [90] (testset)   loss: 0.1434 -> 0.1448  accuracy: 95.99% -> 96.35%      
client [57] (testset)   loss: 0.1274 -> 0.1284  accuracy: 99.03% -> 99.03%      
client [27] (testset)   loss: 0.1798 -> 0.1871  accuracy: 97.86% -> 97.86%      
client [78] (testset)   loss: 0.0554 -> 0.0505  accuracy: 99.36% -> 98.73%      
client [36] (testset)   loss: 0.0713 -> 0.0718  accuracy: 97.97% -> 97.97%      
client [88] (testset)   loss: 0.1386 -> 0.1382  accuracy: 98.53% -> 98.53%      
---------------------------- TRAINING EPOCH: 240 ----------------------------   
client [70] (testset)   loss: 0.1705 -> 0.1689  accuracy: 97.98% -> 97.98%      
client [35] (testset)   loss: 0.1588 -> 0.1818  accuracy: 95.10% -> 95.10%      
client [16] (testset)   loss: 0.1337 -> 0.1323  accuracy: 98.57% -> 98.57%      
client [80] (testset)   loss: 0.0142 -> 0.0129  accuracy: 100.00% -> 100.00%    
client [38] (testset)   loss: 0.2012 -> 0.2073  accuracy: 96.49% -> 96.49%      
client [78] (testset)   loss: 0.0502 -> 0.0507  accuracy: 98.73% -> 99.36%      
client [68] (testset)   loss: 0.2068 -> 0.2067  accuracy: 94.92% -> 96.61%      
client [11] (testset)   loss: 0.8811 -> 0.8917  accuracy: 66.67% -> 66.67%      
client [64] (testset)   loss: 0.0621 -> 0.0626  accuracy: 98.06% -> 98.06%      
client [82] (testset)   loss: 0.2340 -> 0.2376  accuracy: 94.37% -> 94.37%      
---------------------------- TRAINING EPOCH: 250 ----------------------------   
client [30] (testset)   loss: 0.5370 -> 0.5410  accuracy: 95.00% -> 95.00%      
client [27] (testset)   loss: 0.1863 -> 0.1885  accuracy: 97.86% -> 97.86%      
client [74] (testset)   loss: 0.1624 -> 0.1563  accuracy: 96.31% -> 96.31%      
client [45] (testset)   loss: 0.0573 -> 0.0559  accuracy: 98.47% -> 98.16%      
client [6]  (testset)   loss: 0.0256 -> 0.0224  accuracy: 99.22% -> 99.74%      
client [36] (testset)   loss: 0.0720 -> 0.0729  accuracy: 97.97% -> 98.48%      
client [63] (testset)   loss: 0.1834 -> 0.1805  accuracy: 96.35% -> 96.35%      
client [76] (testset)   loss: 0.5160 -> 0.5273  accuracy: 94.81% -> 94.81%      
client [83] (testset)   loss: 0.2409 -> 0.2463  accuracy: 94.31% -> 94.31%      
client [86] (testset)   loss: 0.0745 -> 0.0747  accuracy: 98.36% -> 98.36%      
---------------------------- TRAINING EPOCH: 260 ----------------------------   
client [83] (testset)   loss: 0.2455 -> 0.2450  accuracy: 93.95% -> 94.31%      
client [99] (testset)   loss: 1.4005 -> 1.4011  accuracy: 71.43% -> 71.43%      
client [74] (testset)   loss: 0.1612 -> 0.1690  accuracy: 96.00% -> 96.31%      
client [73] (testset)   loss: 0.2611 -> 0.2753  accuracy: 88.24% -> 88.24%      
client [29] (testset)   loss: 0.0461 -> 0.0437  accuracy: 98.52% -> 98.15%      
client [92] (testset)   loss: 0.0434 -> 0.0409  accuracy: 100.00% -> 100.00%    
client [6]  (testset)   loss: 0.0230 -> 0.0225  accuracy: 99.22% -> 99.22%      
client [61] (testset)   loss: 0.0489 -> 0.0522  accuracy: 99.41% -> 98.82%      
client [21] (testset)   loss: 0.1209 -> 0.1253  accuracy: 96.08% -> 96.08%      
client [67] (testset)   loss: 0.0417 -> 0.0412  accuracy: 97.30% -> 97.30%      
---------------------------- TRAINING EPOCH: 270 ----------------------------   
client [83] (testset)   loss: 0.2455 -> 0.2477  accuracy: 93.95% -> 93.95%      
client [32] (testset)   loss: 0.2354 -> 0.2400  accuracy: 96.83% -> 96.83%      
client [95] (testset)   loss: 0.0154 -> 0.0131  accuracy: 98.92% -> 99.64%      
client [61] (testset)   loss: 0.0490 -> 0.0505  accuracy: 99.41% -> 99.41%      
client [27] (testset)   loss: 0.1883 -> 0.1866  accuracy: 97.86% -> 97.86%      
client [25] (testset)   loss: 0.0441 -> 0.0458  accuracy: 97.70% -> 97.70%      
client [68] (testset)   loss: 0.2080 -> 0.2092  accuracy: 96.61% -> 96.61%      
client [34] (testset)   loss: 0.9223 -> 0.9093  accuracy: 83.33% -> 83.33%      
client [71] (testset)   loss: 0.0987 -> 0.1014  accuracy: 97.91% -> 97.91%      
client [89] (testset)   loss: 0.2359 -> 0.2717  accuracy: 93.94% -> 90.91%      
---------------------------- TRAINING EPOCH: 280 ----------------------------   
client [78] (testset)   loss: 0.0495 -> 0.0492  accuracy: 99.36% -> 99.36%      
client [81] (testset)   loss: 0.0696 -> 0.0744  accuracy: 98.77% -> 98.77%      
client [51] (testset)   loss: 0.1767 -> 0.1705  accuracy: 91.43% -> 91.43%      
client [54] (testset)   loss: 0.7150 -> 0.7328  accuracy: 90.70% -> 90.70%      
client [65] (testset)   loss: 0.0457 -> 0.0467  accuracy: 98.74% -> 98.74%      
client [41] (testset)   loss: 0.0472 -> 0.0473  accuracy: 97.89% -> 97.89%      
client [11] (testset)   loss: 0.8944 -> 0.9051  accuracy: 66.67% -> 66.67%      
client [85] (testset)   loss: 0.2271 -> 0.2286  accuracy: 96.89% -> 96.89%      
client [12] (testset)   loss: 0.0549 -> 0.0534  accuracy: 97.52% -> 97.52%      
client [23] (testset)   loss: 0.1093 -> 0.1086  accuracy: 97.14% -> 97.14%      
---------------------------- TRAINING EPOCH: 290 ----------------------------   
client [16] (testset)   loss: 0.1349 -> 0.1346  accuracy: 98.57% -> 98.57%      
client [65] (testset)   loss: 0.0468 -> 0.0469  accuracy: 98.74% -> 98.74%      
client [53] (testset)   loss: 0.1983 -> 0.2044  accuracy: 96.00% -> 96.00%      
client [58] (testset)   loss: 0.1708 -> 0.1706  accuracy: 95.04% -> 95.04%      
client [72] (testset)   loss: 0.1291 -> 0.1268  accuracy: 95.45% -> 95.45%      
client [7]  (testset)   loss: 0.1851 -> 0.1803  accuracy: 87.50% -> 87.50%      
client [71] (testset)   loss: 0.1005 -> 0.1012  accuracy: 97.91% -> 97.91%      
client [59] (testset)   loss: 0.4622 -> 0.4562  accuracy: 87.50% -> 87.50%      
client [86] (testset)   loss: 0.0763 -> 0.0750  accuracy: 98.36% -> 98.08%      
client [39] (testset)   loss: 0.0076 -> 0.0075  accuracy: 99.75% -> 99.75%      
---------------------------- TRAINING EPOCH: 300 ----------------------------   
client [99] (testset)   loss: 1.4310 -> 1.4820  accuracy: 76.19% -> 71.43%      
client [7]  (testset)   loss: 0.1778 -> 0.1729  accuracy: 87.50% -> 87.50%      
client [17] (testset)   loss: 0.1054 -> 0.1070  accuracy: 97.67% -> 97.67%      
client [64] (testset)   loss: 0.0642 -> 0.0647  accuracy: 98.06% -> 98.06%      
client [37] (testset)   loss: 0.3263 -> 0.3296  accuracy: 95.67% -> 95.24%      
client [29] (testset)   loss: 0.0455 -> 0.0433  accuracy: 98.89% -> 98.52%      
client [93] (testset)   loss: 0.0672 -> 0.0661  accuracy: 96.77% -> 100.00%     
client [73] (testset)   loss: 0.2681 -> 0.2681  accuracy: 88.24% -> 88.24%      
client [40] (testset)   loss: 0.1300 -> 0.1330  accuracy: 97.10% -> 97.10%      
client [76] (testset)   loss: 0.5311 -> 0.5343  accuracy: 94.81% -> 94.81%      
---------------------------- TRAINING EPOCH: 310 ----------------------------   
client [31] (testset)   loss: 0.4047 -> 0.4053  accuracy: 85.71% -> 85.71%      
client [89] (testset)   loss: 0.2770 -> 0.2581  accuracy: 90.91% -> 90.91%      
client [77] (testset)   loss: 0.1853 -> 0.1874  accuracy: 95.89% -> 95.89%      
client [90] (testset)   loss: 0.1499 -> 0.1522  accuracy: 96.35% -> 96.35%      
client [26] (testset)   loss: 0.7658 -> 0.7673  accuracy: 83.33% -> 83.33%      
client [50] (testset)   loss: 0.2366 -> 0.2395  accuracy: 94.36% -> 93.85%      
client [30] (testset)   loss: 0.5610 -> 0.5634  accuracy: 95.00% -> 95.00%      
client [70] (testset)   loss: 0.1710 -> 0.1734  accuracy: 97.98% -> 97.80%      
client [41] (testset)   loss: 0.0468 -> 0.0476  accuracy: 97.89% -> 97.89%      
client [99] (testset)   loss: 1.4773 -> 1.4982  accuracy: 71.43% -> 71.43%      
---------------------------- TRAINING EPOCH: 320 ----------------------------   
client [68] (testset)   loss: 0.2122 -> 0.2137  accuracy: 96.61% -> 96.61%      
client [70] (testset)   loss: 0.1759 -> 0.1721  accuracy: 97.80% -> 97.98%      
client [52] (testset)   loss: 0.0053 -> 0.0066  accuracy: 100.00% -> 100.00%    
client [1]  (testset)   loss: 0.0400 -> 0.0449  accuracy: 98.33% -> 96.67%      
client [2]  (testset)   loss: 0.1007 -> 0.1038  accuracy: 99.24% -> 99.24%      
client [67] (testset)   loss: 0.0342 -> 0.0339  accuracy: 100.00% -> 100.00%    
client [92] (testset)   loss: 0.0211 -> 0.0202  accuracy: 100.00% -> 100.00%    
client [35] (testset)   loss: 0.1794 -> 0.1750  accuracy: 95.10% -> 95.10%      
client [36] (testset)   loss: 0.0764 -> 0.0761  accuracy: 98.48% -> 97.97%      
client [64] (testset)   loss: 0.0646 -> 0.0649  accuracy: 98.06% -> 98.06%      
---------------------------- TRAINING EPOCH: 330 ----------------------------   
client [44] (testset)   loss: 0.1153 -> 0.1162  accuracy: 97.61% -> 97.61%      
client [6]  (testset)   loss: 0.0242 -> 0.0257  accuracy: 99.22% -> 99.22%      
client [12] (testset)   loss: 0.0554 -> 0.0539  accuracy: 97.52% -> 97.52%      
client [55] (testset)   loss: 0.0872 -> 0.0894  accuracy: 97.96% -> 97.96%      
client [29] (testset)   loss: 0.0423 -> 0.0424  accuracy: 98.52% -> 98.52%      
client [9]  (testset)   loss: 0.1273 -> 0.1315  accuracy: 96.91% -> 96.74%      
client [43] (testset)   loss: 0.2596 -> 0.2662  accuracy: 93.05% -> 91.98%      
client [77] (testset)   loss: 0.1868 -> 0.1874  accuracy: 95.89% -> 95.89%      
client [98] (testset)   loss: 0.2051 -> 0.2129  accuracy: 97.06% -> 97.06%      
client [78] (testset)   loss: 0.0472 -> 0.0477  accuracy: 99.36% -> 99.36%      
---------------------------- TRAINING EPOCH: 340 ----------------------------   
client [92] (testset)   loss: 0.0186 -> 0.0180  accuracy: 100.00% -> 100.00%    
client [80] (testset)   loss: 0.0080 -> 0.0073  accuracy: 100.00% -> 100.00%    
client [63] (testset)   loss: 0.1845 -> 0.1839  accuracy: 97.08% -> 96.35%      
client [76] (testset)   loss: 0.5390 -> 0.5418  accuracy: 94.81% -> 94.81%      
client [78] (testset)   loss: 0.0477 -> 0.0479  accuracy: 99.36% -> 99.36%      
client [25] (testset)   loss: 0.0410 -> 0.0398  accuracy: 98.85% -> 98.85%      
client [58] (testset)   loss: 0.1728 -> 0.1727  accuracy: 95.74% -> 95.04%      
client [13] (testset)   loss: 0.7233 -> 0.7468  accuracy: 79.17% -> 79.17%      
client [17] (testset)   loss: 0.1064 -> 0.1037  accuracy: 98.05% -> 98.05%      
client [38] (testset)   loss: 0.2044 -> 0.2112  accuracy: 96.49% -> 96.49%      
---------------------------- TRAINING EPOCH: 350 ----------------------------   
client [72] (testset)   loss: 0.1310 -> 0.1290  accuracy: 96.36% -> 96.36%      
client [82] (testset)   loss: 0.2476 -> 0.2453  accuracy: 92.96% -> 94.37%      
client [86] (testset)   loss: 0.0787 -> 0.0779  accuracy: 98.36% -> 98.36%      
client [51] (testset)   loss: 0.1753 -> 0.1758  accuracy: 91.43% -> 91.43%      
client [96] (testset)   loss: 0.0593 -> 0.0591  accuracy: 97.06% -> 97.06%      
client [42] (testset)   loss: 0.3034 -> 0.2963  accuracy: 95.08% -> 95.08%      
client [55] (testset)   loss: 0.0883 -> 0.0898  accuracy: 97.96% -> 97.96%      
client [13] (testset)   loss: 0.7552 -> 0.6987  accuracy: 79.17% -> 75.00%      
client [1]  (testset)   loss: 0.0414 -> 0.0438  accuracy: 96.67% -> 96.67%      
client [12] (testset)   loss: 0.0540 -> 0.0536  accuracy: 97.52% -> 97.52%      
---------------------------- TRAINING EPOCH: 360 ----------------------------   
client [68] (testset)   loss: 0.2181 -> 0.2174  accuracy: 96.61% -> 96.61%      
client [23] (testset)   loss: 0.0933 -> 0.0954  accuracy: 97.14% -> 97.14%      
client [46] (testset)   loss: 0.0817 -> 0.0819  accuracy: 97.97% -> 97.97%      
client [41] (testset)   loss: 0.0475 -> 0.0471  accuracy: 97.89% -> 97.89%      
client [25] (testset)   loss: 0.0379 -> 0.0349  accuracy: 98.85% -> 98.85%      
client [58] (testset)   loss: 0.1747 -> 0.1734  accuracy: 95.74% -> 95.04%      
client [14] (testset)   loss: 0.0922 -> 0.0935  accuracy: 98.61% -> 98.61%      
client [33] (testset)   loss: 0.0788 -> 0.0798  accuracy: 99.18% -> 99.18%      
client [85] (testset)   loss: 0.2324 -> 0.2279  accuracy: 96.89% -> 96.89%      
client [62] (testset)   loss: 0.1395 -> 0.1401  accuracy: 97.24% -> 97.79%      
---------------------------- TRAINING EPOCH: 370 ----------------------------   
client [98] (testset)   loss: 0.2042 -> 0.2117  accuracy: 97.06% -> 97.06%      
client [63] (testset)   loss: 0.1869 -> 0.1883  accuracy: 97.08% -> 97.08%      
client [70] (testset)   loss: 0.1789 -> 0.1836  accuracy: 97.80% -> 97.80%      
client [65] (testset)   loss: 0.0469 -> 0.0468  accuracy: 98.74% -> 98.74%      
client [14] (testset)   loss: 0.0963 -> 0.0946  accuracy: 98.61% -> 98.61%      
client [73] (testset)   loss: 0.2662 -> 0.2688  accuracy: 85.29% -> 88.24%      
client [34] (testset)   loss: 0.9715 -> 0.9712  accuracy: 83.33% -> 83.33%      
client [99] (testset)   loss: 1.5342 -> 1.5675  accuracy: 71.43% -> 71.43%      
client [69] (testset)   loss: 0.0349 -> 0.0348  accuracy: 99.09% -> 99.09%      
client [46] (testset)   loss: 0.0815 -> 0.0809  accuracy: 97.97% -> 97.97%      
---------------------------- TRAINING EPOCH: 380 ----------------------------   
client [99] (testset)   loss: 1.5662 -> 1.5740  accuracy: 71.43% -> 71.43%      
client [93] (testset)   loss: 0.0592 -> 0.0575  accuracy: 96.77% -> 96.77%      
client [11] (testset)   loss: 0.9382 -> 0.9432  accuracy: 33.33% -> 33.33%      
client [58] (testset)   loss: 0.1754 -> 0.1752  accuracy: 95.74% -> 95.04%      
client [81] (testset)   loss: 0.0833 -> 0.0761  accuracy: 98.77% -> 98.77%      
client [85] (testset)   loss: 0.2280 -> 0.2358  accuracy: 96.89% -> 96.89%      
client [89] (testset)   loss: 0.2532 -> 0.2631  accuracy: 90.91% -> 90.91%      
client [45] (testset)   loss: 0.0602 -> 0.0599  accuracy: 98.16% -> 98.16%      
client [8]  (testset)   loss: 0.0006 -> 0.0006  accuracy: 100.00% -> 100.00%    
client [68] (testset)   loss: 0.2193 -> 0.2186  accuracy: 96.61% -> 96.61%      
---------------------------- TRAINING EPOCH: 390 ----------------------------   
client [67] (testset)   loss: 0.0334 -> 0.0327  accuracy: 100.00% -> 100.00%    
client [72] (testset)   loss: 0.1317 -> 0.1321  accuracy: 96.36% -> 96.36%      
client [1]  (testset)   loss: 0.0462 -> 0.0432  accuracy: 96.67% -> 96.67%      
client [78] (testset)   loss: 0.0466 -> 0.0477  accuracy: 99.36% -> 99.36%      
client [83] (testset)   loss: 0.2651 -> 0.2652  accuracy: 94.31% -> 93.95%      
client [21] (testset)   loss: 0.1162 -> 0.1197  accuracy: 96.08% -> 96.08%      
client [56] (testset)   loss: 0.1024 -> 0.1078  accuracy: 96.77% -> 96.77%      
client [44] (testset)   loss: 0.1204 -> 0.1209  accuracy: 97.61% -> 97.61%      
client [92] (testset)   loss: 0.0164 -> 0.0160  accuracy: 100.00% -> 100.00%    
client [27] (testset)   loss: 0.1996 -> 0.2005  accuracy: 97.86% -> 97.86%      
---------------------------- TRAINING EPOCH: 400 ----------------------------   
client [10] (testset)   loss: 0.0444 -> 0.0414  accuracy: 99.01% -> 99.01%      
client [39] (testset)   loss: 0.0072 -> 0.0072  accuracy: 99.75% -> 99.75%      
client [65] (testset)   loss: 0.0477 -> 0.0476  accuracy: 98.74% -> 98.74%      
client [26] (testset)   loss: 0.8076 -> 0.8127  accuracy: 87.50% -> 87.50%      
client [19] (testset)   loss: 0.0414 -> 0.0408  accuracy: 98.15% -> 98.15%      
client [68] (testset)   loss: 0.2191 -> 0.2193  accuracy: 96.61% -> 96.61%      
client [41] (testset)   loss: 0.0469 -> 0.0469  accuracy: 97.89% -> 97.89%      
client [50] (testset)   loss: 0.2504 -> 0.2545  accuracy: 94.36% -> 93.85%      
client [75] (testset)   loss: 0.0472 -> 0.0480  accuracy: 98.45% -> 98.76%      
client [81] (testset)   loss: 0.0803 -> 0.0791  accuracy: 98.77% -> 98.77%      
Training... ━━━━━━━━━━━━━━━━━━━━━━━━━━━━━━━━━━━━━━━━ 100% 0:07:40
PSFL's average time taken by each global epoch: 0 min 1.14 sec.                 
PSFL's total running time: 0 h 7 m 40 s.                                        
==================== PSFL Experiment Results: ====================              
Display format: (before local fine-tuning) -> (after local fine-tuning)         
 So if finetune_epoch = 0, x.xx% -> 0.00% is normal.                            
 Centralized testing ONLY happens after model aggregation, so the stats between 
'->' are the same.                                                              
{                                                                               
    "100": {                                                                    
        "all_clients": {                                                        
            "test": {                                                           
                "loss": "0.1153 -> 0.0000",                                     
                "accuracy": "97.00% -> 0.00%"                                   
            }                                                                   
        }                                                                       
    },                                                                          
    "200": {                                                                    
        "all_clients": {                                                        
            "test": {                                                           
                "loss": "0.1142 -> 0.0000",                                     
                "accuracy": "97.39% -> 0.00%"                                   
            }                                                                   
        }                                                                       
    },                                                                          
    "300": {                                                                    
        "all_clients": {                                                        
            "test": {                                                           
                "loss": "0.1189 -> 0.0000",                                     
                "accuracy": "97.48% -> 0.00%"                                   
            }                                                                   
        }                                                                       
    },                                                                          
    "400": {                                                                    
        "all_clients": {                                                        
            "test": {                                                           
                "loss": "0.1237 -> 0.0000",                                     
                "accuracy": "97.53% -> 0.00%"                                   
            }                                                                   
        }                                                                       
    }                                                                           
}                                                                               
==================== PSFL Max Accuracy ====================                     
all_clients:                                                                    
(test) before fine-tuning: 97.53% at epoch 400                                  
(test) after fine-tuning: 0.00% at epoch 100                                    
