==================== FedDpa ====================                                
Experiment Arguments:                                                           
{
│   'method': 'feddpa',
│   'dataset': {
│   │   'name': 'medmnistC',
│   │   'client_num': 100,
│   │   'test_ratio': 0.25,
│   │   'val_ratio': 0.0,
│   │   'seed': 42,
│   │   'split': 'sample',
│   │   'IID_ratio': 0.0,
│   │   'monitor_window_name_suffix': 'medmnistC-100clients-0%IID-Dir(0.1)-seed42',
│   │   'alpha': 0.1,
│   │   'min_samples_per_client': 10
│   },
│   'model': {
│   │   'name': 'lenet5',
│   │   'use_torchvision_pretrained_weights': True,
│   │   'external_model_weights_path': None
│   },
│   'optimizer': {
│   │   'lr': 0.01,
│   │   'dampening': 0,
│   │   'weight_decay': 0,
│   │   'momentum': 0,
│   │   'nesterov': False,
│   │   'name': 'sgd'
│   },
│   'mode': 'sequential',
│   'parallel': {
│   │   'ray_cluster_addr': None,
│   │   'num_cpus': None,
│   │   'num_gpus': None,
│   │   'num_workers': 2
│   },
│   'common': {
│   │   'seed': 42,
│   │   'join_ratio': 0.1,
│   │   'global_epoch': 400,
│   │   'local_epoch': 5,
│   │   'batch_size': 32,
│   │   'reset_optimizer_on_global_epoch': True,
│   │   'straggler_ratio': 0,
│   │   'straggler_min_local_epoch': 0,
│   │   'buffers': 'global',
│   │   'client_side_evaluation': True,
│   │   'test': {
│   │   │   'client': {
│   │   │   │   'interval': 100,
│   │   │   │   'finetune_epoch': 0,
│   │   │   │   'train': False,
│   │   │   │   'val': False,
│   │   │   │   'test': True
│   │   │   },
│   │   │   'server': {
│   │   │   │   'interval': -1,
│   │   │   │   'train': False,
│   │   │   │   'val': False,
│   │   │   │   'test': False,
│   │   │   │   'model_in_train_mode': False
│   │   │   }
│   │   },
│   │   'verbose_gap': 10,
│   │   'monitor': None,
│   │   'use_cuda': True,
│   │   'save_log': True,
│   │   'save_model': False,
│   │   'save_learning_curve_plot': False,
│   │   'save_metrics': True,
│   │   'delete_useless_run': True
│   },
│   'feddpa': {
│   │   'fisher_threshold': 0.6
│   }
}
---------------------------- TRAINING EPOCH: 10 ----------------------------    
client [77] (testset)   loss: 2.2668 -> 2.2019  accuracy: 36.36% -> 36.36%      
client [81] (testset)   loss: 0.5401 -> 0.5143  accuracy: 80.58% -> 80.58%      
client [21] (testset)   loss: 2.4287 -> 1.5919  accuracy: 0.00% -> 74.07%       
client [68] (testset)   loss: 1.4822 -> 1.0851  accuracy: 59.72% -> 59.72%      
client [93] (testset)   loss: 0.6195 -> 0.2584  accuracy: 93.33% -> 93.33%      
client [31] (testset)   loss: 1.1762 -> 0.6289  accuracy: 85.14% -> 85.14%      
client [20] (testset)   loss: 1.5320 -> 1.2690  accuracy: 37.50% -> 37.50%      
client [59] (testset)   loss: 2.3353 -> 1.1500  accuracy: 0.00% -> 50.83%       
client [48] (testset)   loss: 0.7924 -> 0.6398  accuracy: 83.15% -> 83.15%      
client [34] (testset)   loss: 2.0411 -> 0.7436  accuracy: 82.14% -> 82.14%      
---------------------------- TRAINING EPOCH: 20 ----------------------------    
client [69] (testset)   loss: 1.6480 -> 0.8632  accuracy: 71.15% -> 71.15%      
client [99] (testset)   loss: 1.5629 -> 1.3081  accuracy: 71.43% -> 71.43%      
client [67] (testset)   loss: 1.1609 -> 0.5903  accuracy: 85.71% -> 85.71%      
client [0]  (testset)   loss: 1.2851 -> 1.2897  accuracy: 34.15% -> 45.12%      
client [76] (testset)   loss: 2.2142 -> 1.8835  accuracy: 50.00% -> 50.00%      
client [41] (testset)   loss: 1.7599 -> 1.1637  accuracy: 65.43% -> 65.43%      
client [62] (testset)   loss: 2.3363 -> 1.8078  accuracy: 0.00% -> 95.45%       
client [2]  (testset)   loss: 2.4081 -> 1.1467  accuracy: 0.00% -> 47.27%       
client [14] (testset)   loss: 0.7486 -> 0.7927  accuracy: 85.00% -> 85.00%      
client [46] (testset)   loss: 1.0257 -> 0.9833  accuracy: 64.47% -> 64.47%      
---------------------------- TRAINING EPOCH: 30 ----------------------------    
client [24] (testset)   loss: 0.3759 -> 0.3568  accuracy: 93.75% -> 93.75%      
client [68] (testset)   loss: 1.1443 -> 1.0947  accuracy: 59.72% -> 59.72%      
client [57] (testset)   loss: 1.5874 -> 1.3916  accuracy: 40.91% -> 40.91%      
client [17] (testset)   loss: 1.3394 -> 0.9041  accuracy: 69.92% -> 69.92%      
client [54] (testset)   loss: 1.9518 -> 1.9407  accuracy: 25.00% -> 25.00%      
client [23] (testset)   loss: 2.4384 -> 2.3850  accuracy: 4.35% -> 8.70%        
client [35] (testset)   loss: 0.5336 -> 0.5963  accuracy: 85.00% -> 85.00%      
client [59] (testset)   loss: 1.1719 -> 1.1172  accuracy: 50.83% -> 50.83%      
client [31] (testset)   loss: 0.6616 -> 0.6167  accuracy: 85.14% -> 85.14%      
client [9]  (testset)   loss: 1.4469 -> 1.3516  accuracy: 28.72% -> 36.17%      
---------------------------- TRAINING EPOCH: 40 ----------------------------    
client [64] (testset)   loss: 2.2970 -> 2.2427  accuracy: 50.00% -> 50.00%      
client [33] (testset)   loss: 0.8487 -> 0.8354  accuracy: 75.32% -> 75.32%      
client [16] (testset)   loss: 0.7012 -> 0.7991  accuracy: 78.95% -> 78.95%      
client [44] (testset)   loss: 1.7855 -> 0.9875  accuracy: 63.10% -> 32.14%      
client [8]  (testset)   loss: 1.5911 -> 1.2110  accuracy: 41.67% -> 41.67%      
client [31] (testset)   loss: 0.6413 -> 0.6068  accuracy: 85.14% -> 85.14%      
client [47] (testset)   loss: 0.7153 -> 0.6175  accuracy: 87.78% -> 87.78%      
client [36] (testset)   loss: 2.2332 -> 1.8242  accuracy: 28.89% -> 28.89%      
client [20] (testset)   loss: 1.3855 -> 1.1860  accuracy: 37.50% -> 37.50%      
client [56] (testset)   loss: 0.8721 -> 0.8119  accuracy: 79.34% -> 79.34%      
---------------------------- TRAINING EPOCH: 50 ----------------------------    
client [4]  (testset)   loss: 1.9084 -> 2.0647  accuracy: 33.33% -> 16.67%      
client [60] (testset)   loss: 0.5153 -> 0.4075  accuracy: 91.82% -> 91.82%      
client [28] (testset)   loss: 1.3267 -> 1.1833  accuracy: 61.54% -> 61.54%      
client [25] (testset)   loss: 0.6275 -> 0.3355  accuracy: 90.48% -> 90.48%      
client [58] (testset)   loss: 0.5077 -> 0.4943  accuracy: 86.70% -> 86.70%      
client [44] (testset)   loss: 0.9355 -> 0.9377  accuracy: 63.10% -> 32.14%      
client [39] (testset)   loss: 1.0087 -> 0.9455  accuracy: 78.57% -> 78.57%      
client [29] (testset)   loss: 0.9740 -> 0.7404  accuracy: 81.48% -> 81.48%      
client [3]  (testset)   loss: 1.6951 -> 1.6332  accuracy: 17.65% -> 47.06%      
client [84] (testset)   loss: 1.6880 -> 1.6608  accuracy: 40.23% -> 40.23%      
---------------------------- TRAINING EPOCH: 60 ----------------------------    
client [21] (testset)   loss: 1.3645 -> 0.7498  accuracy: 74.07% -> 74.07%      
client [84] (testset)   loss: 1.6930 -> 1.6494  accuracy: 21.84% -> 40.23%      
client [10] (testset)   loss: 1.6169 -> 1.4807  accuracy: 12.50% -> 46.88%      
client [36] (testset)   loss: 1.7637 -> 1.7041  accuracy: 28.89% -> 28.89%      
client [65] (testset)   loss: 1.1902 -> 1.1681  accuracy: 62.22% -> 62.22%      
client [81] (testset)   loss: 0.5697 -> 0.5142  accuracy: 80.58% -> 80.58%      
client [79] (testset)   loss: 0.8985 -> 0.7346  accuracy: 64.00% -> 64.00%      
client [42] (testset)   loss: 0.2422 -> 0.1170  accuracy: 100.00% -> 100.00%    
client [11] (testset)   loss: 1.0622 -> 0.5092  accuracy: 85.71% -> 85.71%      
client [96] (testset)   loss: 2.3137 -> 2.2695  accuracy: 66.67% -> 66.67%      
---------------------------- TRAINING EPOCH: 70 ----------------------------    
client [8]  (testset)   loss: 1.1049 -> 1.1754  accuracy: 41.67% -> 41.67%      
client [53] (testset)   loss: 0.7946 -> 0.7621  accuracy: 78.85% -> 78.85%      
client [52] (testset)   loss: 0.9201 -> 1.0055  accuracy: 65.62% -> 28.12%      
client [42] (testset)   loss: 0.1280 -> 0.1104  accuracy: 100.00% -> 100.00%    
client [69] (testset)   loss: 0.8915 -> 0.8412  accuracy: 71.15% -> 71.15%      
client [59] (testset)   loss: 1.1240 -> 1.2555  accuracy: 50.83% -> 33.33%      
client [7]  (testset)   loss: 0.1481 -> 0.1427  accuracy: 97.73% -> 97.73%      
client [26] (testset)   loss: 1.0650 -> 1.0600  accuracy: 57.69% -> 57.69%      
client [49] (testset)   loss: 0.8959 -> 0.8999  accuracy: 75.00% -> 75.00%      
client [98] (testset)   loss: 0.2317 -> 0.2463  accuracy: 100.00% -> 100.00%    
---------------------------- TRAINING EPOCH: 80 ----------------------------    
client [98] (testset)   loss: 0.2508 -> 0.2482  accuracy: 100.00% -> 100.00%    
client [47] (testset)   loss: 0.9739 -> 0.6395  accuracy: 87.78% -> 87.78%      
client [21] (testset)   loss: 0.9135 -> 0.7606  accuracy: 74.07% -> 74.07%      
client [77] (testset)   loss: 1.7235 -> 1.5794  accuracy: 36.36% -> 36.36%      
client [95] (testset)   loss: 1.3468 -> 1.3274  accuracy: 46.43% -> 46.43%      
client [91] (testset)   loss: 2.3125 -> 2.3870  accuracy: 16.67% -> 16.67%      
client [14] (testset)   loss: 0.9144 -> 0.9766  accuracy: 85.00% -> 85.00%      
client [99] (testset)   loss: 1.7182 -> 1.3115  accuracy: 71.43% -> 71.43%      
client [20] (testset)   loss: 1.3309 -> 1.2299  accuracy: 37.50% -> 37.50%      
client [39] (testset)   loss: 1.6115 -> 1.1211  accuracy: 78.57% -> 78.57%      
---------------------------- TRAINING EPOCH: 90 ----------------------------    
client [52] (testset)   loss: 1.0102 -> 0.9017  accuracy: 28.12% -> 65.62%      
client [62] (testset)   loss: 0.7252 -> 0.3723  accuracy: 95.45% -> 95.45%      
client [71] (testset)   loss: 0.8335 -> 0.8430  accuracy: 71.97% -> 71.97%      
client [97] (testset)   loss: 2.0564 -> 1.3454  accuracy: 42.02% -> 42.02%      
client [30] (testset)   loss: 1.3675 -> 1.4570  accuracy: 38.89% -> 22.22%      
client [88] (testset)   loss: 0.4657 -> 0.4834  accuracy: 87.41% -> 87.41%      
client [60] (testset)   loss: 0.3976 -> 0.3980  accuracy: 91.82% -> 91.82%      
client [82] (testset)   loss: 0.8761 -> 0.8458  accuracy: 69.05% -> 69.05%      
client [91] (testset)   loss: 2.4365 -> 2.5857  accuracy: 16.67% -> 16.67%      
client [57] (testset)   loss: 1.4302 -> 1.3951  accuracy: 40.91% -> 40.91%      
---------------------------- TRAINING EPOCH: 100 ----------------------------   
client [31] (testset)   loss: 0.8111 -> 0.6072  accuracy: 85.14% -> 85.14%      
client [15] (testset)   loss: 1.3689 -> 1.0476  accuracy: 49.32% -> 39.73%      
client [71] (testset)   loss: 0.8437 -> 0.9461  accuracy: 71.97% -> 71.97%      
client [97] (testset)   loss: 1.2694 -> 1.2494  accuracy: 42.02% -> 42.02%      
client [53] (testset)   loss: 0.7784 -> 0.7861  accuracy: 78.85% -> 78.85%      
client [77] (testset)   loss: 1.5714 -> 1.4366  accuracy: 36.36% -> 36.36%      
client [76] (testset)   loss: 1.5023 -> 1.7132  accuracy: 50.00% -> 50.00%      
client [79] (testset)   loss: 0.7955 -> 0.7326  accuracy: 36.00% -> 64.00%      
client [28] (testset)   loss: 1.1350 -> 1.1153  accuracy: 61.54% -> 61.54%      
client [99] (testset)   loss: 1.2164 -> 1.1629  accuracy: 71.43% -> 71.43%      
---------------------------- TRAINING EPOCH: 110 ----------------------------   
client [97] (testset)   loss: 1.5854 -> 1.3394  accuracy: 40.34% -> 42.02%      
client [86] (testset)   loss: 1.3554 -> 1.3314  accuracy: 31.48% -> 31.48%      
client [34] (testset)   loss: 0.5986 -> 0.5899  accuracy: 82.14% -> 82.14%      
client [73] (testset)   loss: 0.7358 -> 0.7151  accuracy: 76.92% -> 76.92%      
client [5]  (testset)   loss: 1.2412 -> 0.4919  accuracy: 90.00% -> 90.00%      
client [96] (testset)   loss: 1.2897 -> 1.2448  accuracy: 66.67% -> 66.67%      
client [22] (testset)   loss: 0.9577 -> 0.9702  accuracy: 52.54% -> 42.37%      
client [60] (testset)   loss: 0.4562 -> 0.4746  accuracy: 91.82% -> 91.82%      
client [66] (testset)   loss: 0.1599 -> 0.1704  accuracy: 97.75% -> 97.75%      
client [83] (testset)   loss: 0.4490 -> 0.4470  accuracy: 87.91% -> 87.91%      
---------------------------- TRAINING EPOCH: 120 ----------------------------   
client [76] (testset)   loss: 2.0092 -> 2.1141  accuracy: 50.00% -> 50.00%      
client [65] (testset)   loss: 1.1633 -> 1.2259  accuracy: 62.22% -> 62.22%      
client [95] (testset)   loss: 1.3491 -> 1.3170  accuracy: 46.43% -> 46.43%      
client [17] (testset)   loss: 0.9230 -> 0.8900  accuracy: 69.92% -> 69.92%      
client [8]  (testset)   loss: 1.1206 -> 1.2729  accuracy: 41.67% -> 41.67%      
client [35] (testset)   loss: 0.5146 -> 0.6054  accuracy: 85.00% -> 85.00%      
client [98] (testset)   loss: 0.2575 -> 0.2374  accuracy: 100.00% -> 100.00%    
client [53] (testset)   loss: 0.7689 -> 0.7951  accuracy: 78.85% -> 78.85%      
client [43] (testset)   loss: 0.7339 -> 0.7612  accuracy: 83.33% -> 83.33%      
client [64] (testset)   loss: 1.5598 -> 1.4128  accuracy: 50.00% -> 50.00%      
---------------------------- TRAINING EPOCH: 130 ----------------------------   
client [21] (testset)   loss: 0.8386 -> 0.7790  accuracy: 74.07% -> 74.07%      
client [88] (testset)   loss: 0.5086 -> 0.4899  accuracy: 87.41% -> 87.41%      
client [38] (testset)   loss: 0.9014 -> 0.8550  accuracy: 76.00% -> 76.00%      
client [3]  (testset)   loss: 1.6248 -> 1.8407  accuracy: 17.65% -> 17.65%      
client [5]  (testset)   loss: 0.4723 -> 0.5543  accuracy: 90.00% -> 90.00%      
client [41] (testset)   loss: 1.2027 -> 1.1366  accuracy: 65.43% -> 65.43%      
client [7]  (testset)   loss: 0.1561 -> 0.1320  accuracy: 97.73% -> 97.73%      
client [37] (testset)   loss: 1.0356 -> 1.0329  accuracy: 55.00% -> 55.00%      
client [45] (testset)   loss: 2.2833 -> 2.1774  accuracy: 27.27% -> 27.27%      
client [47] (testset)   loss: 1.0799 -> 0.6152  accuracy: 87.78% -> 87.78%      
---------------------------- TRAINING EPOCH: 140 ----------------------------   
client [16] (testset)   loss: 0.6525 -> 0.6318  accuracy: 78.95% -> 78.95%      
client [11] (testset)   loss: 0.9743 -> 0.5730  accuracy: 85.71% -> 85.71%      
client [37] (testset)   loss: 1.1816 -> 1.0734  accuracy: 55.00% -> 55.00%      
client [41] (testset)   loss: 1.1391 -> 1.1427  accuracy: 65.43% -> 65.43%      
client [95] (testset)   loss: 1.3377 -> 1.3478  accuracy: 46.43% -> 46.43%      
client [53] (testset)   loss: 1.0128 -> 0.8220  accuracy: 78.85% -> 78.85%      
client [22] (testset)   loss: 1.1078 -> 1.1685  accuracy: 52.54% -> 52.54%      
client [25] (testset)   loss: 0.3359 -> 0.3270  accuracy: 90.48% -> 90.48%      
client [69] (testset)   loss: 0.9459 -> 0.8362  accuracy: 71.15% -> 71.15%      
client [46] (testset)   loss: 0.9511 -> 0.9584  accuracy: 64.47% -> 64.47%      
---------------------------- TRAINING EPOCH: 150 ----------------------------   
client [47] (testset)   loss: 0.6018 -> 0.6055  accuracy: 87.78% -> 87.78%      
client [69] (testset)   loss: 0.8833 -> 0.8586  accuracy: 71.15% -> 71.15%      
client [82] (testset)   loss: 0.8883 -> 0.8414  accuracy: 69.05% -> 69.05%      
client [45] (testset)   loss: 1.7987 -> 1.5363  accuracy: 27.27% -> 27.27%      
client [7]  (testset)   loss: 0.1317 -> 0.1355  accuracy: 97.73% -> 97.73%      
client [50] (testset)   loss: 2.3308 -> 2.3134  accuracy: 55.56% -> 55.56%      
client [35] (testset)   loss: 0.5402 -> 0.5178  accuracy: 85.00% -> 85.00%      
client [24] (testset)   loss: 0.3839 -> 0.3266  accuracy: 93.75% -> 93.75%      
client [15] (testset)   loss: 1.0052 -> 0.9845  accuracy: 49.32% -> 49.32%      
client [58] (testset)   loss: 0.4890 -> 0.5877  accuracy: 86.70% -> 86.70%      
---------------------------- TRAINING EPOCH: 160 ----------------------------   
client [48] (testset)   loss: 0.6403 -> 0.6391  accuracy: 83.15% -> 83.15%      
client [76] (testset)   loss: 2.0128 -> 2.1512  accuracy: 50.00% -> 50.00%      
client [67] (testset)   loss: 0.6037 -> 0.6004  accuracy: 85.71% -> 85.71%      
client [37] (testset)   loss: 1.0663 -> 1.0350  accuracy: 55.00% -> 55.00%      
client [58] (testset)   loss: 0.4913 -> 0.4971  accuracy: 86.70% -> 86.70%      
client [64] (testset)   loss: 1.4269 -> 1.3309  accuracy: 0.00% -> 0.00%        
client [77] (testset)   loss: 1.4945 -> 1.3512  accuracy: 36.36% -> 36.36%      
client [55] (testset)   loss: 1.3882 -> 0.8314  accuracy: 83.78% -> 83.78%      
client [12] (testset)   loss: 1.2458 -> 1.2287  accuracy: 61.11% -> 61.11%      
client [89] (testset)   loss: 1.0337 -> 1.0294  accuracy: 40.00% -> 54.29%      
---------------------------- TRAINING EPOCH: 170 ----------------------------   
client [84] (testset)   loss: 1.6225 -> 1.6154  accuracy: 40.23% -> 40.23%      
client [51] (testset)   loss: 0.9126 -> 0.8705  accuracy: 80.00% -> 80.00%      
client [8]  (testset)   loss: 1.0725 -> 1.0438  accuracy: 41.67% -> 54.17%      
client [18] (testset)   loss: 0.1733 -> 0.1844  accuracy: 97.37% -> 97.37%      
client [94] (testset)   loss: 1.1578 -> 1.2373  accuracy: 83.33% -> 83.33%      
client [81] (testset)   loss: 0.4983 -> 0.5265  accuracy: 80.58% -> 80.58%      
client [3]  (testset)   loss: 2.2447 -> 1.8129  accuracy: 17.65% -> 17.65%      
client [11] (testset)   loss: 0.5176 -> 0.5590  accuracy: 85.71% -> 85.71%      
client [95] (testset)   loss: 1.3100 -> 1.3584  accuracy: 46.43% -> 46.43%      
client [67] (testset)   loss: 0.5993 -> 0.5949  accuracy: 85.71% -> 85.71%      
---------------------------- TRAINING EPOCH: 180 ----------------------------   
client [21] (testset)   loss: 1.1943 -> 0.7357  accuracy: 74.07% -> 74.07%      
client [79] (testset)   loss: 0.7553 -> 0.7451  accuracy: 64.00% -> 64.00%      
client [58] (testset)   loss: 0.4930 -> 0.4930  accuracy: 86.70% -> 86.70%      
client [88] (testset)   loss: 0.5002 -> 0.4768  accuracy: 87.41% -> 87.41%      
client [46] (testset)   loss: 0.9778 -> 0.9823  accuracy: 64.47% -> 64.47%      
client [11] (testset)   loss: 0.5590 -> 0.4862  accuracy: 85.71% -> 85.71%      
client [55] (testset)   loss: 0.8362 -> 0.8333  accuracy: 83.78% -> 83.78%      
client [13] (testset)   loss: 1.5818 -> 1.5650  accuracy: 46.03% -> 46.03%      
client [31] (testset)   loss: 0.6343 -> 0.6092  accuracy: 85.14% -> 85.14%      
client [75] (testset)   loss: 0.5110 -> 0.5117  accuracy: 100.00% -> 100.00%    
---------------------------- TRAINING EPOCH: 190 ----------------------------   
client [19] (testset)   loss: 0.6222 -> 0.5573  accuracy: 80.00% -> 80.00%      
client [7]  (testset)   loss: 0.1264 -> 0.1127  accuracy: 97.73% -> 97.73%      
client [57] (testset)   loss: 1.3746 -> 1.6864  accuracy: 40.91% -> 40.91%      
client [13] (testset)   loss: 1.5705 -> 1.5974  accuracy: 46.03% -> 46.03%      
client [43] (testset)   loss: 0.7302 -> 0.7034  accuracy: 83.33% -> 83.33%      
client [91] (testset)   loss: 2.9815 -> 3.0157  accuracy: 16.67% -> 16.67%      
client [10] (testset)   loss: 1.7076 -> 1.4604  accuracy: 18.75% -> 46.88%      
client [64] (testset)   loss: 1.3095 -> 1.3079  accuracy: 50.00% -> 50.00%      
client [82] (testset)   loss: 0.8771 -> 0.8388  accuracy: 69.05% -> 69.05%      
client [22] (testset)   loss: 0.9655 -> 1.0616  accuracy: 52.54% -> 52.54%      
---------------------------- TRAINING EPOCH: 200 ----------------------------   
client [20] (testset)   loss: 1.3129 -> 1.2334  accuracy: 37.50% -> 37.50%      
client [23] (testset)   loss: 2.2493 -> 2.2214  accuracy: 39.13% -> 39.13%      
client [88] (testset)   loss: 0.9215 -> 0.4962  accuracy: 87.41% -> 87.41%      
client [98] (testset)   loss: 0.2512 -> 0.2511  accuracy: 100.00% -> 100.00%    
client [79] (testset)   loss: 0.7296 -> 0.7599  accuracy: 64.00% -> 64.00%      
client [21] (testset)   loss: 0.7442 -> 0.7541  accuracy: 74.07% -> 74.07%      
client [92] (testset)   loss: 1.2312 -> 1.3052  accuracy: 55.10% -> 55.10%      
client [56] (testset)   loss: 0.7370 -> 0.7353  accuracy: 79.34% -> 79.34%      
client [5]  (testset)   loss: 0.5330 -> 0.5495  accuracy: 90.00% -> 90.00%      
client [52] (testset)   loss: 0.9338 -> 0.9308  accuracy: 65.62% -> 65.62%      
---------------------------- TRAINING EPOCH: 210 ----------------------------   
client [67] (testset)   loss: 0.6208 -> 0.6087  accuracy: 85.71% -> 85.71%      
client [54] (testset)   loss: 2.7724 -> 2.8286  accuracy: 25.00% -> 25.00%      
client [14] (testset)   loss: 0.9733 -> 0.9973  accuracy: 85.00% -> 85.00%      
client [99] (testset)   loss: 1.2807 -> 1.3143  accuracy: 71.43% -> 71.43%      
client [36] (testset)   loss: 1.7208 -> 1.7098  accuracy: 28.89% -> 24.44%      
client [30] (testset)   loss: 1.3461 -> 1.3548  accuracy: 38.89% -> 38.89%      
client [38] (testset)   loss: 0.8262 -> 0.8743  accuracy: 76.00% -> 76.00%      
client [15] (testset)   loss: 0.9806 -> 0.9798  accuracy: 49.32% -> 39.73%      
client [6]  (testset)   loss: 0.7364 -> 0.7668  accuracy: 85.71% -> 85.71%      
client [53] (testset)   loss: 0.7519 -> 0.8101  accuracy: 78.85% -> 78.85%      
---------------------------- TRAINING EPOCH: 220 ----------------------------   
client [99] (testset)   loss: 1.2707 -> 1.2213  accuracy: 71.43% -> 71.43%      
client [6]  (testset)   loss: 0.7679 -> 0.7632  accuracy: 85.71% -> 85.71%      
client [83] (testset)   loss: 0.4548 -> 0.4198  accuracy: 87.91% -> 87.91%      
client [42] (testset)   loss: 0.1114 -> 0.1112  accuracy: 100.00% -> 100.00%    
client [34] (testset)   loss: 0.6682 -> 0.5931  accuracy: 82.14% -> 82.14%      
client [15] (testset)   loss: 0.9798 -> 1.0084  accuracy: 39.73% -> 39.73%      
client [47] (testset)   loss: 0.6065 -> 0.6227  accuracy: 87.78% -> 87.78%      
client [55] (testset)   loss: 0.8672 -> 0.8592  accuracy: 83.78% -> 83.78%      
client [51] (testset)   loss: 0.7862 -> 0.7568  accuracy: 80.00% -> 80.00%      
client [95] (testset)   loss: 1.3200 -> 1.3268  accuracy: 46.43% -> 46.43%      
---------------------------- TRAINING EPOCH: 230 ----------------------------   
client [71] (testset)   loss: 0.8276 -> 0.8391  accuracy: 71.97% -> 71.97%      
client [15] (testset)   loss: 1.0083 -> 0.9854  accuracy: 39.73% -> 39.73%      
client [33] (testset)   loss: 0.8267 -> 0.8481  accuracy: 75.32% -> 75.32%      
client [99] (testset)   loss: 1.2742 -> 1.3321  accuracy: 71.43% -> 71.43%      
client [90] (testset)   loss: 0.9870 -> 0.9907  accuracy: 37.50% -> 58.33%      
client [57] (testset)   loss: 1.5229 -> 1.2712  accuracy: 40.91% -> 40.91%      
client [27] (testset)   loss: 0.6311 -> 0.6288  accuracy: 85.26% -> 85.26%      
client [78] (testset)   loss: 0.6483 -> 0.6456  accuracy: 76.92% -> 76.92%      
client [36] (testset)   loss: 1.7864 -> 1.7372  accuracy: 28.89% -> 28.89%      
client [88] (testset)   loss: 0.4706 -> 0.4882  accuracy: 87.41% -> 87.41%      
---------------------------- TRAINING EPOCH: 240 ----------------------------   
client [70] (testset)   loss: 0.5176 -> 0.5592  accuracy: 90.00% -> 90.00%      
client [35] (testset)   loss: 0.5175 -> 0.5738  accuracy: 85.00% -> 85.00%      
client [16] (testset)   loss: 0.8388 -> 0.6527  accuracy: 18.42% -> 78.95%      
client [80] (testset)   loss: 0.0079 -> 0.0078  accuracy: 100.00% -> 100.00%    
client [38] (testset)   loss: 0.8220 -> 0.8462  accuracy: 76.00% -> 76.00%      
client [78] (testset)   loss: 0.6521 -> 0.6380  accuracy: 76.92% -> 76.92%      
client [68] (testset)   loss: 1.0687 -> 1.0644  accuracy: 59.72% -> 59.72%      
client [11] (testset)   loss: 0.5110 -> 0.4910  accuracy: 85.71% -> 85.71%      
client [64] (testset)   loss: 1.3042 -> 1.3039  accuracy: 50.00% -> 50.00%      
client [82] (testset)   loss: 0.8464 -> 0.8382  accuracy: 69.05% -> 69.05%      
---------------------------- TRAINING EPOCH: 250 ----------------------------   
client [30] (testset)   loss: 1.3424 -> 1.3458  accuracy: 38.89% -> 38.89%      
client [27] (testset)   loss: 0.6295 -> 0.6246  accuracy: 85.26% -> 85.26%      
client [74] (testset)   loss: 1.6425 -> 1.6554  accuracy: 30.53% -> 30.53%      
client [45] (testset)   loss: 1.4415 -> 1.4714  accuracy: 27.27% -> 27.27%      
client [6]  (testset)   loss: 0.7991 -> 0.7576  accuracy: 85.71% -> 85.71%      
client [36] (testset)   loss: 1.7554 -> 1.7420  accuracy: 28.89% -> 28.89%      
client [63] (testset)   loss: 0.7772 -> 0.8138  accuracy: 78.50% -> 78.50%      
client [76] (testset)   loss: 2.3037 -> 2.3749  accuracy: 50.00% -> 50.00%      
client [83] (testset)   loss: 0.4343 -> 0.4228  accuracy: 87.91% -> 87.91%      
client [86] (testset)   loss: 1.2743 -> 1.2908  accuracy: 31.48% -> 33.33%      
---------------------------- TRAINING EPOCH: 260 ----------------------------   
client [83] (testset)   loss: 0.4230 -> 0.4362  accuracy: 87.91% -> 87.91%      
client [99] (testset)   loss: 1.3241 -> 1.3279  accuracy: 71.43% -> 71.43%      
client [74] (testset)   loss: 1.6461 -> 1.6646  accuracy: 30.53% -> 22.11%      
client [73] (testset)   loss: 0.7111 -> 0.7129  accuracy: 76.92% -> 76.92%      
client [29] (testset)   loss: 0.7923 -> 0.7917  accuracy: 81.48% -> 81.48%      
client [92] (testset)   loss: 1.2500 -> 1.2731  accuracy: 55.10% -> 55.10%      
client [6]  (testset)   loss: 0.7382 -> 0.7992  accuracy: 85.71% -> 85.71%      
client [61] (testset)   loss: 1.0312 -> 0.9936  accuracy: 68.09% -> 68.09%      
client [21] (testset)   loss: 0.7292 -> 0.7516  accuracy: 74.07% -> 74.07%      
client [67] (testset)   loss: 0.6496 -> 0.6196  accuracy: 85.71% -> 85.71%      
---------------------------- TRAINING EPOCH: 270 ----------------------------   
client [83] (testset)   loss: 0.4358 -> 0.4223  accuracy: 87.91% -> 87.91%      
client [32] (testset)   loss: 2.2718 -> 2.2727  accuracy: 28.57% -> 28.57%      
client [95] (testset)   loss: 1.3639 -> 1.3456  accuracy: 46.43% -> 46.43%      
client [61] (testset)   loss: 0.9848 -> 1.0136  accuracy: 68.09% -> 68.09%      
client [27] (testset)   loss: 0.6246 -> 0.6433  accuracy: 85.26% -> 85.26%      
client [25] (testset)   loss: 0.3249 -> 0.3285  accuracy: 90.48% -> 90.48%      
client [68] (testset)   loss: 1.0879 -> 1.0653  accuracy: 59.72% -> 59.72%      
client [34] (testset)   loss: 0.5915 -> 0.6038  accuracy: 82.14% -> 82.14%      
client [71] (testset)   loss: 0.8397 -> 0.8277  accuracy: 71.97% -> 71.97%      
client [89] (testset)   loss: 1.0756 -> 1.0409  accuracy: 40.00% -> 40.00%      
---------------------------- TRAINING EPOCH: 280 ----------------------------   
client [78] (testset)   loss: 0.7167 -> 0.6570  accuracy: 76.92% -> 76.92%      
client [81] (testset)   loss: 0.4944 -> 0.5071  accuracy: 80.58% -> 80.58%      
client [51] (testset)   loss: 0.6915 -> 0.6883  accuracy: 80.00% -> 80.00%      
client [54] (testset)   loss: 2.9748 -> 3.0084  accuracy: 25.00% -> 25.00%      
client [65] (testset)   loss: 1.1542 -> 1.1540  accuracy: 62.22% -> 62.22%      
client [41] (testset)   loss: 1.1383 -> 1.1301  accuracy: 65.43% -> 65.43%      
client [11] (testset)   loss: 0.5387 -> 0.5375  accuracy: 85.71% -> 85.71%      
client [85] (testset)   loss: 0.9213 -> 0.9453  accuracy: 68.61% -> 68.61%      
client [12] (testset)   loss: 1.2391 -> 1.3272  accuracy: 61.11% -> 61.11%      
client [23] (testset)   loss: 1.8214 -> 1.8661  accuracy: 39.13% -> 39.13%      
---------------------------- TRAINING EPOCH: 290 ----------------------------   
client [16] (testset)   loss: 0.7961 -> 0.8982  accuracy: 78.95% -> 18.42%      
client [65] (testset)   loss: 1.2089 -> 1.1930  accuracy: 62.22% -> 62.22%      
client [53] (testset)   loss: 0.7589 -> 0.7535  accuracy: 78.85% -> 78.85%      
client [58] (testset)   loss: 0.4892 -> 0.4872  accuracy: 86.70% -> 86.70%      
client [72] (testset)   loss: 1.1299 -> 1.1673  accuracy: 70.59% -> 70.59%      
client [7]  (testset)   loss: 0.1243 -> 0.1235  accuracy: 97.73% -> 97.73%      
client [71] (testset)   loss: 0.8277 -> 0.8319  accuracy: 71.97% -> 71.97%      
client [59] (testset)   loss: 1.1141 -> 1.1159  accuracy: 50.83% -> 50.83%      
client [86] (testset)   loss: 1.3233 -> 1.4115  accuracy: 31.48% -> 31.48%      
client [39] (testset)   loss: 1.0306 -> 0.9434  accuracy: 78.57% -> 78.57%      
---------------------------- TRAINING EPOCH: 300 ----------------------------   
client [99] (testset)   loss: 1.2909 -> 1.4676  accuracy: 71.43% -> 71.43%      
client [7]  (testset)   loss: 0.1241 -> 0.1239  accuracy: 97.73% -> 97.73%      
client [17] (testset)   loss: 0.8780 -> 0.8856  accuracy: 69.92% -> 69.92%      
client [64] (testset)   loss: 1.3026 -> 1.3025  accuracy: 50.00% -> 50.00%      
client [37] (testset)   loss: 1.0718 -> 1.0684  accuracy: 55.00% -> 55.00%      
client [29] (testset)   loss: 0.7985 -> 0.8033  accuracy: 81.48% -> 81.48%      
client [93] (testset)   loss: 0.2792 -> 0.2594  accuracy: 93.33% -> 93.33%      
client [73] (testset)   loss: 0.7116 -> 0.7093  accuracy: 76.92% -> 76.92%      
client [40] (testset)   loss: 1.2060 -> 1.1866  accuracy: 46.15% -> 46.15%      
client [76] (testset)   loss: 2.4123 -> 2.4373  accuracy: 50.00% -> 50.00%      
---------------------------- TRAINING EPOCH: 310 ----------------------------   
client [31] (testset)   loss: 0.6032 -> 0.6025  accuracy: 85.14% -> 85.14%      
client [89] (testset)   loss: 1.1062 -> 1.1426  accuracy: 40.00% -> 40.00%      
client [77] (testset)   loss: 1.2407 -> 1.2386  accuracy: 36.36% -> 36.36%      
client [90] (testset)   loss: 0.9427 -> 1.0028  accuracy: 58.33% -> 37.50%      
client [26] (testset)   loss: 1.0244 -> 1.0321  accuracy: 57.69% -> 57.69%      
client [50] (testset)   loss: 1.0611 -> 1.0553  accuracy: 55.56% -> 55.56%      
client [30] (testset)   loss: 1.3396 -> 1.3491  accuracy: 38.89% -> 38.89%      
client [70] (testset)   loss: 0.6029 -> 0.6521  accuracy: 90.00% -> 90.00%      
client [41] (testset)   loss: 1.1328 -> 1.1283  accuracy: 65.43% -> 65.43%      
client [99] (testset)   loss: 1.4785 -> 1.3141  accuracy: 71.43% -> 71.43%      
---------------------------- TRAINING EPOCH: 320 ----------------------------   
client [68] (testset)   loss: 1.0664 -> 1.0669  accuracy: 59.72% -> 59.72%      
client [70] (testset)   loss: 0.5535 -> 0.5056  accuracy: 90.00% -> 90.00%      
client [52] (testset)   loss: 0.9298 -> 0.9337  accuracy: 65.62% -> 65.62%      
client [1]  (testset)   loss: 1.3855 -> 1.4303  accuracy: 37.28% -> 37.28%      
client [2]  (testset)   loss: 1.0667 -> 1.0651  accuracy: 47.27% -> 47.27%      
client [67] (testset)   loss: 0.6562 -> 0.6052  accuracy: 85.71% -> 85.71%      
client [92] (testset)   loss: 1.2280 -> 1.2212  accuracy: 55.10% -> 55.10%      
client [35] (testset)   loss: 0.5154 -> 0.5140  accuracy: 85.00% -> 85.00%      
client [36] (testset)   loss: 1.6934 -> 1.6914  accuracy: 28.89% -> 28.89%      
client [64] (testset)   loss: 1.2993 -> 1.3023  accuracy: 50.00% -> 50.00%      
---------------------------- TRAINING EPOCH: 330 ----------------------------   
client [44] (testset)   loss: 0.9195 -> 0.8905  accuracy: 32.14% -> 63.10%      
client [6]  (testset)   loss: 0.7760 -> 0.8192  accuracy: 85.71% -> 85.71%      
client [12] (testset)   loss: 1.3477 -> 1.2877  accuracy: 61.11% -> 61.11%      
client [55] (testset)   loss: 0.8194 -> 0.8578  accuracy: 83.78% -> 83.78%      
client [29] (testset)   loss: 0.8127 -> 0.8083  accuracy: 81.48% -> 81.48%      
client [9]  (testset)   loss: 1.3696 -> 1.3744  accuracy: 23.40% -> 23.40%      
client [43] (testset)   loss: 0.6851 -> 0.7191  accuracy: 83.33% -> 83.33%      
client [77] (testset)   loss: 1.2383 -> 1.2396  accuracy: 36.36% -> 36.36%      
client [98] (testset)   loss: 0.2503 -> 0.2504  accuracy: 100.00% -> 100.00%    
client [78] (testset)   loss: 0.6490 -> 0.6421  accuracy: 76.92% -> 76.92%      
---------------------------- TRAINING EPOCH: 340 ----------------------------   
client [92] (testset)   loss: 1.3130 -> 1.2283  accuracy: 55.10% -> 55.10%      
client [80] (testset)   loss: 0.0190 -> 0.0072  accuracy: 100.00% -> 100.00%    
client [63] (testset)   loss: 0.8118 -> 0.8247  accuracy: 78.50% -> 78.50%      
client [76] (testset)   loss: 2.4363 -> 2.4371  accuracy: 50.00% -> 50.00%      
client [78] (testset)   loss: 0.6426 -> 0.7160  accuracy: 76.92% -> 76.92%      
client [25] (testset)   loss: 0.3256 -> 0.3267  accuracy: 90.48% -> 90.48%      
client [58] (testset)   loss: 0.4909 -> 0.4862  accuracy: 86.70% -> 86.70%      
client [13] (testset)   loss: 1.5742 -> 1.5625  accuracy: 46.03% -> 46.03%      
client [17] (testset)   loss: 0.8782 -> 0.8789  accuracy: 69.92% -> 69.92%      
client [38] (testset)   loss: 0.8548 -> 0.8612  accuracy: 76.00% -> 76.00%      
---------------------------- TRAINING EPOCH: 350 ----------------------------   
client [72] (testset)   loss: 1.1635 -> 1.1605  accuracy: 70.59% -> 70.59%      
client [82] (testset)   loss: 0.8534 -> 0.8373  accuracy: 69.05% -> 69.05%      
client [86] (testset)   loss: 1.2683 -> 1.3948  accuracy: 31.48% -> 31.48%      
client [51] (testset)   loss: 0.6777 -> 0.6781  accuracy: 80.00% -> 80.00%      
client [96] (testset)   loss: 1.2107 -> 1.2113  accuracy: 66.67% -> 66.67%      
client [42] (testset)   loss: 0.1156 -> 0.1114  accuracy: 100.00% -> 100.00%    
client [55] (testset)   loss: 0.8611 -> 0.8451  accuracy: 83.78% -> 83.78%      
client [13] (testset)   loss: 1.5934 -> 1.5667  accuracy: 46.03% -> 46.03%      
client [1]  (testset)   loss: 1.3646 -> 1.3740  accuracy: 37.28% -> 37.28%      
client [12] (testset)   loss: 1.2855 -> 1.2312  accuracy: 61.11% -> 61.11%      
---------------------------- TRAINING EPOCH: 360 ----------------------------   
client [68] (testset)   loss: 1.0632 -> 1.0635  accuracy: 59.72% -> 59.72%      
client [23] (testset)   loss: 1.8676 -> 1.9476  accuracy: 39.13% -> 39.13%      
client [46] (testset)   loss: 1.2305 -> 0.9435  accuracy: 64.47% -> 64.47%      
client [41] (testset)   loss: 1.1369 -> 1.1371  accuracy: 65.43% -> 65.43%      
client [25] (testset)   loss: 0.3250 -> 0.3256  accuracy: 90.48% -> 90.48%      
client [58] (testset)   loss: 0.4872 -> 0.4875  accuracy: 86.70% -> 86.70%      
client [14] (testset)   loss: 1.0789 -> 1.0855  accuracy: 85.00% -> 85.00%      
client [33] (testset)   loss: 0.8994 -> 0.8422  accuracy: 75.32% -> 75.32%      
client [85] (testset)   loss: 0.9063 -> 0.9114  accuracy: 68.61% -> 68.61%      
client [62] (testset)   loss: 0.4575 -> 0.6152  accuracy: 95.45% -> 95.45%      
---------------------------- TRAINING EPOCH: 370 ----------------------------   
client [98] (testset)   loss: 0.2506 -> 0.2506  accuracy: 100.00% -> 100.00%    
client [63] (testset)   loss: 0.8035 -> 0.8044  accuracy: 78.50% -> 78.50%      
client [70] (testset)   loss: 0.4801 -> 0.5946  accuracy: 90.00% -> 90.00%      
client [65] (testset)   loss: 1.1543 -> 1.2290  accuracy: 62.22% -> 62.22%      
client [14] (testset)   loss: 1.0879 -> 1.1072  accuracy: 85.00% -> 85.00%      
client [73] (testset)   loss: 0.7323 -> 0.7560  accuracy: 76.92% -> 76.92%      
client [34] (testset)   loss: 0.5992 -> 0.6051  accuracy: 82.14% -> 82.14%      
client [99] (testset)   loss: 1.2270 -> 1.3362  accuracy: 71.43% -> 71.43%      
client [69] (testset)   loss: 0.8342 -> 0.8283  accuracy: 71.15% -> 71.15%      
client [46] (testset)   loss: 0.9435 -> 0.9509  accuracy: 64.47% -> 64.47%      
---------------------------- TRAINING EPOCH: 380 ----------------------------   
client [99] (testset)   loss: 1.2779 -> 1.2791  accuracy: 71.43% -> 71.43%      
client [93] (testset)   loss: 0.2514 -> 0.2526  accuracy: 93.33% -> 93.33%      
client [11] (testset)   loss: 0.4790 -> 0.4922  accuracy: 85.71% -> 85.71%      
client [58] (testset)   loss: 0.5176 -> 0.4884  accuracy: 86.70% -> 86.70%      
client [81] (testset)   loss: 0.4932 -> 0.4932  accuracy: 80.58% -> 80.58%      
client [85] (testset)   loss: 0.9109 -> 0.9259  accuracy: 68.61% -> 68.61%      
client [89] (testset)   loss: 1.1494 -> 1.0153  accuracy: 40.00% -> 54.29%      
client [45] (testset)   loss: 1.5363 -> 1.4002  accuracy: 27.27% -> 27.27%      
client [8]  (testset)   loss: 1.1506 -> 1.1000  accuracy: 41.67% -> 41.67%      
client [68] (testset)   loss: 1.0770 -> 1.0978  accuracy: 59.72% -> 59.72%      
---------------------------- TRAINING EPOCH: 390 ----------------------------   
client [67] (testset)   loss: 0.6559 -> 0.6061  accuracy: 85.71% -> 85.71%      
client [72] (testset)   loss: 1.2011 -> 1.1619  accuracy: 70.59% -> 70.59%      
client [1]  (testset)   loss: 1.3723 -> 1.3696  accuracy: 37.28% -> 37.28%      
client [78] (testset)   loss: 0.6470 -> 0.6352  accuracy: 76.92% -> 76.92%      
client [83] (testset)   loss: 0.4410 -> 0.4676  accuracy: 87.91% -> 87.91%      
client [21] (testset)   loss: 0.7203 -> 0.8438  accuracy: 74.07% -> 74.07%      
client [56] (testset)   loss: 0.7456 -> 0.7165  accuracy: 79.34% -> 79.34%      
client [44] (testset)   loss: 0.8910 -> 0.8537  accuracy: 63.10% -> 63.10%      
client [92] (testset)   loss: 1.2443 -> 1.2394  accuracy: 55.10% -> 55.10%      
client [27] (testset)   loss: 0.6271 -> 0.6475  accuracy: 85.26% -> 85.26%      
---------------------------- TRAINING EPOCH: 400 ----------------------------   
client [10] (testset)   loss: 1.4980 -> 1.6083  accuracy: 46.88% -> 18.75%      
client [39] (testset)   loss: 0.9755 -> 1.0169  accuracy: 78.57% -> 78.57%      
client [65] (testset)   loss: 1.2125 -> 1.2759  accuracy: 62.22% -> 62.22%      
client [26] (testset)   loss: 1.0296 -> 1.0576  accuracy: 57.69% -> 57.69%      
client [19] (testset)   loss: 0.5454 -> 0.5502  accuracy: 80.00% -> 80.00%      
client [68] (testset)   loss: 1.0671 -> 1.0642  accuracy: 59.72% -> 59.72%      
client [41] (testset)   loss: 1.1279 -> 1.1238  accuracy: 65.43% -> 65.43%      
client [50] (testset)   loss: 1.0508 -> 1.0507  accuracy: 55.56% -> 55.56%      
client [75] (testset)   loss: 0.5122 -> 0.5121  accuracy: 100.00% -> 100.00%    
client [81] (testset)   loss: 0.4934 -> 0.4938  accuracy: 80.58% -> 80.58%      
Training... ━━━━━━━━━━━━━━━━━━━━━━━━━━━━━━━━━━━━━━━━ 100% 0:09:26
FedDpa's average time taken by each global epoch: 0 min 1.32 sec.               
FedDpa's total running time: 0 h 9 m 26 s.                                      
==================== FedDpa Experiment Results: ====================            
Display format: (before local fine-tuning) -> (after local fine-tuning)         
 So if finetune_epoch = 0, x.xx% -> 0.00% is normal.                            
 Centralized testing ONLY happens after model aggregation, so the stats between 
'->' are the same.                                                              
{                                                                               
    "100": {                                                                    
        "all_clients": {                                                        
            "test": {                                                           
                "loss": "0.9919 -> 0.0000",                                     
                "accuracy": "64.69% -> 0.00%"                                   
            }                                                                   
        }                                                                       
    },                                                                          
    "200": {                                                                    
        "all_clients": {                                                        
            "test": {                                                           
                "loss": "0.9251 -> 0.0000",                                     
                "accuracy": "65.88% -> 0.00%"                                   
            }                                                                   
        }                                                                       
    },                                                                          
    "300": {                                                                    
        "all_clients": {                                                        
            "test": {                                                           
                "loss": "0.9109 -> 0.0000",                                     
                "accuracy": "66.39% -> 0.00%"                                   
            }                                                                   
        }                                                                       
    },                                                                          
    "400": {                                                                    
        "all_clients": {                                                        
            "test": {                                                           
                "loss": "0.9150 -> 0.0000",                                     
                "accuracy": "66.60% -> 0.00%"                                   
            }                                                                   
        }                                                                       
    }                                                                           
}                                                                               
==================== FedDpa Max Accuracy ====================                   
all_clients:                                                                    
(test) before fine-tuning: 66.60% at epoch 400                                  
(test) after fine-tuning: 0.00% at epoch 100                                    
