==================== PSFL ====================                                  
Experiment Arguments:                                                           
{
│   'method': 'psfl',
│   'dataset': {
│   │   'name': 'mnist',
│   │   'client_num': 100,
│   │   'test_ratio': 0.25,
│   │   'val_ratio': 0.0,
│   │   'seed': 42,
│   │   'split': 'sample',
│   │   'IID_ratio': 0.0,
│   │   'monitor_window_name_suffix': 'mnist-100clients-0%IID-Dir(0.1)-seed42',
│   │   'alpha': 0.1,
│   │   'min_samples_per_client': 10
│   },
│   'model': {
│   │   'name': 'avgcnn',
│   │   'use_torchvision_pretrained_weights': True,
│   │   'external_model_weights_path': None
│   },
│   'optimizer': {
│   │   'lr': 0.01,
│   │   'dampening': 0,
│   │   'weight_decay': 0,
│   │   'momentum': 0,
│   │   'nesterov': False,
│   │   'name': 'sgd'
│   },
│   'mode': 'sequential',
│   'parallel': {
│   │   'ray_cluster_addr': None,
│   │   'num_cpus': None,
│   │   'num_gpus': None,
│   │   'num_workers': 2
│   },
│   'common': {
│   │   'seed': 42,
│   │   'join_ratio': 0.1,
│   │   'global_epoch': 400,
│   │   'local_epoch': 5,
│   │   'batch_size': 32,
│   │   'reset_optimizer_on_global_epoch': True,
│   │   'straggler_ratio': 0,
│   │   'straggler_min_local_epoch': 0,
│   │   'buffers': 'global',
│   │   'client_side_evaluation': True,
│   │   'test': {
│   │   │   'client': {
│   │   │   │   'interval': 100,
│   │   │   │   'finetune_epoch': 0,
│   │   │   │   'train': False,
│   │   │   │   'val': False,
│   │   │   │   'test': True
│   │   │   },
│   │   │   'server': {
│   │   │   │   'interval': -1,
│   │   │   │   'train': False,
│   │   │   │   'val': False,
│   │   │   │   'test': False,
│   │   │   │   'model_in_train_mode': False
│   │   │   }
│   │   },
│   │   'verbose_gap': 10,
│   │   'monitor': None,
│   │   'use_cuda': True,
│   │   'save_log': True,
│   │   'save_model': False,
│   │   'save_learning_curve_plot': False,
│   │   'save_metrics': True,
│   │   'delete_useless_run': True
│   },
│   'psfl': {
│   │   'alpha': 0.0,
│   │   'CLS': False,
│   │   'ig_ratio': 0.6,
│   │   'track': False,
│   │   'score': 'obp'
│   }
}
---------------------------- TRAINING EPOCH: 10 ----------------------------    
client [77] (testset)   loss: 0.2280 -> 0.2123  accuracy: 95.89% -> 92.47%      
client [81] (testset)   loss: 0.1744 -> 0.1014  accuracy: 96.30% -> 98.77%      
client [21] (testset)   loss: 2.3127 -> 0.7426  accuracy: 0.00% -> 82.35%       
client [68] (testset)   loss: 0.5810 -> 0.3738  accuracy: 76.27% -> 89.83%      
client [93] (testset)   loss: 1.2375 -> 1.0059  accuracy: 67.74% -> 83.87%      
client [31] (testset)   loss: 1.6917 -> 1.3825  accuracy: 57.14% -> 57.14%      
client [20] (testset)   loss: 0.4219 -> 0.3354  accuracy: 85.07% -> 91.40%      
client [59] (testset)   loss: 2.2605 -> 1.8504  accuracy: 12.50% -> 50.00%      
client [48] (testset)   loss: 0.1761 -> 0.1457  accuracy: 96.12% -> 96.12%      
client [34] (testset)   loss: 1.2997 -> 1.2799  accuracy: 66.67% -> 66.67%      
---------------------------- TRAINING EPOCH: 20 ----------------------------    
client [69] (testset)   loss: 0.1093 -> 0.2493  accuracy: 97.81% -> 91.80%      
client [99] (testset)   loss: 1.4584 -> 1.3916  accuracy: 52.38% -> 52.38%      
client [67] (testset)   loss: 0.3670 -> 0.2930  accuracy: 91.89% -> 91.89%      
client [0]  (testset)   loss: 0.2629 -> 0.1840  accuracy: 94.34% -> 93.40%      
client [76] (testset)   loss: 0.4860 -> 0.4357  accuracy: 88.31% -> 94.81%      
client [41] (testset)   loss: 0.3750 -> 0.2107  accuracy: 86.32% -> 88.42%      
client [62] (testset)   loss: 2.2887 -> 0.4263  accuracy: 1.66% -> 90.06%       
client [2]  (testset)   loss: 2.2683 -> 0.1203  accuracy: 2.85% -> 97.91%       
client [14] (testset)   loss: 0.1611 -> 0.1350  accuracy: 95.83% -> 94.44%      
client [46] (testset)   loss: 0.1262 -> 0.0943  accuracy: 95.95% -> 96.62%      
---------------------------- TRAINING EPOCH: 30 ----------------------------    
client [24] (testset)   loss: 0.2805 -> 0.2696  accuracy: 94.59% -> 94.59%      
client [68] (testset)   loss: 0.2587 -> 0.2511  accuracy: 93.22% -> 93.22%      
client [57] (testset)   loss: 0.1307 -> 0.1101  accuracy: 97.58% -> 98.55%      
client [17] (testset)   loss: 0.1590 -> 0.1399  accuracy: 96.11% -> 96.50%      
client [54] (testset)   loss: 0.8211 -> 0.6832  accuracy: 83.72% -> 83.72%      
client [23] (testset)   loss: 2.2733 -> 0.6264  accuracy: 8.57% -> 94.29%       
client [35] (testset)   loss: 0.2416 -> 0.2393  accuracy: 95.10% -> 95.10%      
client [59] (testset)   loss: 1.3642 -> 1.2589  accuracy: 75.00% -> 75.00%      
client [31] (testset)   loss: 1.0486 -> 0.9739  accuracy: 57.14% -> 57.14%      
client [9]  (testset)   loss: 0.1043 -> 0.0913  accuracy: 96.91% -> 96.91%      
---------------------------- TRAINING EPOCH: 40 ----------------------------    
client [64] (testset)   loss: 0.0777 -> 0.0746  accuracy: 97.78% -> 97.50%      
client [33] (testset)   loss: 0.0656 -> 0.0617  accuracy: 98.37% -> 98.86%      
client [16] (testset)   loss: 0.2789 -> 0.2252  accuracy: 91.43% -> 94.29%      
client [44] (testset)   loss: 0.2983 -> 0.2086  accuracy: 93.43% -> 95.22%      
client [8]  (testset)   loss: 0.0115 -> 0.0084  accuracy: 100.00% -> 100.00%    
client [31] (testset)   loss: 0.9055 -> 0.8301  accuracy: 57.14% -> 57.14%      
client [47] (testset)   loss: 0.1619 -> 0.1659  accuracy: 96.59% -> 95.45%      
client [36] (testset)   loss: 0.4204 -> 0.1441  accuracy: 88.32% -> 95.94%      
client [20] (testset)   loss: 0.2826 -> 0.2359  accuracy: 91.40% -> 91.40%      
client [56] (testset)   loss: 0.2423 -> 0.1549  accuracy: 91.40% -> 96.77%      
---------------------------- TRAINING EPOCH: 50 ----------------------------    
client [4]  (testset)   loss: 0.1513 -> 0.1517  accuracy: 96.70% -> 96.70%      
client [60] (testset)   loss: 0.3722 -> 0.2662  accuracy: 90.00% -> 93.00%      
client [28] (testset)   loss: 0.0474 -> 0.0443  accuracy: 99.33% -> 99.33%      
client [25] (testset)   loss: 0.1563 -> 0.1315  accuracy: 96.55% -> 96.55%      
client [58] (testset)   loss: 0.1668 -> 0.1650  accuracy: 93.62% -> 94.33%      
client [44] (testset)   loss: 0.2127 -> 0.1827  accuracy: 94.93% -> 95.22%      
client [39] (testset)   loss: 0.0651 -> 0.0429  accuracy: 98.28% -> 98.53%      
client [29] (testset)   loss: 0.0769 -> 0.0815  accuracy: 97.79% -> 97.05%      
client [3]  (testset)   loss: 0.0693 -> 0.0669  accuracy: 97.90% -> 97.90%      
client [84] (testset)   loss: 0.1867 -> 0.1514  accuracy: 100.00% -> 100.00%    
---------------------------- TRAINING EPOCH: 60 ----------------------------    
client [21] (testset)   loss: 0.3566 -> 0.2210  accuracy: 86.27% -> 91.18%      
client [84] (testset)   loss: 0.1308 -> 0.1097  accuracy: 100.00% -> 100.00%    
client [10] (testset)   loss: 0.0915 -> 0.0884  accuracy: 98.02% -> 98.02%      
client [36] (testset)   loss: 0.0910 -> 0.1397  accuracy: 96.95% -> 95.94%      
client [65] (testset)   loss: 0.0515 -> 0.0509  accuracy: 98.32% -> 98.32%      
client [81] (testset)   loss: 0.0740 -> 0.0713  accuracy: 98.77% -> 98.77%      
client [79] (testset)   loss: 0.1170 -> 0.0948  accuracy: 95.38% -> 96.92%      
client [42] (testset)   loss: 0.2405 -> 0.2614  accuracy: 92.35% -> 91.80%      
client [11] (testset)   loss: 1.0695 -> 0.9839  accuracy: 66.67% -> 66.67%      
client [96] (testset)   loss: 0.0749 -> 0.0783  accuracy: 97.06% -> 96.08%      
---------------------------- TRAINING EPOCH: 70 ----------------------------    
client [8]  (testset)   loss: 0.0061 -> 0.0051  accuracy: 100.00% -> 100.00%    
client [53] (testset)   loss: 0.1752 -> 0.1494  accuracy: 96.00% -> 96.00%      
client [52] (testset)   loss: 0.0312 -> 0.0249  accuracy: 100.00% -> 100.00%    
client [42] (testset)   loss: 0.2369 -> 0.2624  accuracy: 92.90% -> 92.90%      
client [69] (testset)   loss: 0.0351 -> 0.0335  accuracy: 99.09% -> 98.91%      
client [59] (testset)   loss: 0.9635 -> 0.8792  accuracy: 87.50% -> 87.50%      
client [7]  (testset)   loss: 0.4690 -> 0.4376  accuracy: 87.50% -> 87.50%      
client [26] (testset)   loss: 1.0615 -> 0.9045  accuracy: 66.67% -> 79.17%      
client [49] (testset)   loss: 0.0142 -> 0.0111  accuracy: 100.00% -> 100.00%    
client [98] (testset)   loss: 0.2013 -> 0.2166  accuracy: 97.06% -> 94.12%      
---------------------------- TRAINING EPOCH: 80 ----------------------------    
client [98] (testset)   loss: 0.2171 -> 0.1918  accuracy: 94.12% -> 97.06%      
client [47] (testset)   loss: 0.1400 -> 0.1348  accuracy: 97.73% -> 98.86%      
client [21] (testset)   loss: 0.2148 -> 0.1581  accuracy: 91.18% -> 96.08%      
client [77] (testset)   loss: 0.1305 -> 0.1308  accuracy: 97.26% -> 97.26%      
client [95] (testset)   loss: 0.0285 -> 0.0261  accuracy: 98.56% -> 98.56%      
client [91] (testset)   loss: 0.0638 -> 0.0636  accuracy: 98.35% -> 98.51%      
client [14] (testset)   loss: 0.0865 -> 0.0857  accuracy: 97.22% -> 97.92%      
client [99] (testset)   loss: 1.1377 -> 1.3689  accuracy: 76.19% -> 57.14%      
client [20] (testset)   loss: 0.2603 -> 0.2621  accuracy: 93.67% -> 93.21%      
client [39] (testset)   loss: 0.0388 -> 0.0207  accuracy: 98.28% -> 99.75%      
---------------------------- TRAINING EPOCH: 90 ----------------------------    
client [52] (testset)   loss: 0.0255 -> 0.0208  accuracy: 100.00% -> 100.00%    
client [62] (testset)   loss: 0.1452 -> 0.1401  accuracy: 96.69% -> 96.69%      
client [71] (testset)   loss: 0.0786 -> 0.0798  accuracy: 97.68% -> 97.68%      
client [97] (testset)   loss: 0.0475 -> 0.0451  accuracy: 98.66% -> 97.99%      
client [30] (testset)   loss: 0.3570 -> 0.3623  accuracy: 95.00% -> 95.00%      
client [88] (testset)   loss: 0.1269 -> 0.1299  accuracy: 98.53% -> 98.53%      
client [60] (testset)   loss: 0.1990 -> 0.1887  accuracy: 95.00% -> 96.00%      
client [82] (testset)   loss: 0.2172 -> 0.2249  accuracy: 94.37% -> 94.37%      
client [91] (testset)   loss: 0.0588 -> 0.0598  accuracy: 98.51% -> 98.51%      
client [57] (testset)   loss: 0.1173 -> 0.1121  accuracy: 98.07% -> 98.55%      
---------------------------- TRAINING EPOCH: 100 ----------------------------   
client [31] (testset)   loss: 0.4319 -> 0.4253  accuracy: 85.71% -> 85.71%      
client [15] (testset)   loss: 0.0849 -> 0.0761  accuracy: 98.17% -> 98.17%      
client [71] (testset)   loss: 0.0826 -> 0.0692  accuracy: 97.68% -> 97.91%      
client [97] (testset)   loss: 0.0424 -> 0.0391  accuracy: 98.33% -> 98.33%      
client [53] (testset)   loss: 0.1488 -> 0.1491  accuracy: 96.00% -> 96.00%      
client [77] (testset)   loss: 0.1308 -> 0.1365  accuracy: 97.26% -> 95.89%      
client [76] (testset)   loss: 0.4271 -> 0.4331  accuracy: 94.81% -> 94.81%      
client [79] (testset)   loss: 0.0746 -> 0.0611  accuracy: 98.46% -> 98.46%      
client [28] (testset)   loss: 0.0386 -> 0.0368  accuracy: 99.33% -> 99.33%      
client [99] (testset)   loss: 1.0693 -> 1.0881  accuracy: 80.95% -> 80.95%      
---------------------------- TRAINING EPOCH: 110 ----------------------------   
client [97] (testset)   loss: 0.0458 -> 0.0372  accuracy: 97.99% -> 98.33%      
client [86] (testset)   loss: 0.0735 -> 0.0635  accuracy: 98.08% -> 97.81%      
client [34] (testset)   loss: 0.8587 -> 0.8600  accuracy: 77.78% -> 77.78%      
client [73] (testset)   loss: 0.2886 -> 0.2981  accuracy: 91.18% -> 85.29%      
client [5]  (testset)   loss: 0.1558 -> 0.1455  accuracy: 93.79% -> 95.17%      
client [96] (testset)   loss: 0.0551 -> 0.0529  accuracy: 98.04% -> 98.04%      
client [22] (testset)   loss: 0.1353 -> 0.1260  accuracy: 95.74% -> 95.74%      
client [60] (testset)   loss: 0.2108 -> 0.1927  accuracy: 96.00% -> 96.00%      
client [66] (testset)   loss: 0.1838 -> 0.1950  accuracy: 92.92% -> 92.92%      
client [83] (testset)   loss: 0.2065 -> 0.2023  accuracy: 93.24% -> 94.31%      
---------------------------- TRAINING EPOCH: 120 ----------------------------   
client [76] (testset)   loss: 0.4392 -> 0.4469  accuracy: 94.81% -> 94.81%      
client [65] (testset)   loss: 0.0446 -> 0.0427  accuracy: 98.74% -> 98.32%      
client [95] (testset)   loss: 0.0222 -> 0.0212  accuracy: 98.56% -> 98.92%      
client [17] (testset)   loss: 0.1227 -> 0.0980  accuracy: 96.50% -> 97.67%      
client [8]  (testset)   loss: 0.0033 -> 0.0030  accuracy: 100.00% -> 100.00%    
client [35] (testset)   loss: 0.1634 -> 0.1529  accuracy: 95.10% -> 95.10%      
client [98] (testset)   loss: 0.1759 -> 0.1918  accuracy: 97.06% -> 97.06%      
client [53] (testset)   loss: 0.1461 -> 0.1566  accuracy: 96.00% -> 96.00%      
client [43] (testset)   loss: 0.2397 -> 0.2547  accuracy: 89.84% -> 90.91%      
client [64] (testset)   loss: 0.0557 -> 0.0583  accuracy: 98.33% -> 98.06%      
---------------------------- TRAINING EPOCH: 130 ----------------------------   
client [21] (testset)   loss: 0.1471 -> 0.1911  accuracy: 94.12% -> 92.16%      
client [88] (testset)   loss: 0.1255 -> 0.1282  accuracy: 98.53% -> 98.53%      
client [38] (testset)   loss: 0.1999 -> 0.2158  accuracy: 96.49% -> 96.49%      
client [3]  (testset)   loss: 0.0432 -> 0.0435  accuracy: 98.53% -> 98.53%      
client [5]  (testset)   loss: 0.1523 -> 0.1569  accuracy: 95.17% -> 94.48%      
client [41] (testset)   loss: 0.0470 -> 0.0462  accuracy: 97.89% -> 97.89%      
client [7]  (testset)   loss: 0.3763 -> 0.3455  accuracy: 87.50% -> 87.50%      
client [37] (testset)   loss: 0.2366 -> 0.2669  accuracy: 95.67% -> 95.24%      
client [45] (testset)   loss: 0.0539 -> 0.0771  accuracy: 98.16% -> 97.24%      
client [47] (testset)   loss: 0.1345 -> 0.1316  accuracy: 97.73% -> 98.86%      
---------------------------- TRAINING EPOCH: 140 ----------------------------   
client [16] (testset)   loss: 0.1187 -> 0.1183  accuracy: 98.57% -> 98.57%      
client [11] (testset)   loss: 0.7370 -> 0.7370  accuracy: 66.67% -> 66.67%      
client [37] (testset)   loss: 0.2638 -> 0.2936  accuracy: 95.67% -> 95.67%      
client [41] (testset)   loss: 0.0456 -> 0.0457  accuracy: 97.89% -> 97.89%      
client [95] (testset)   loss: 0.0185 -> 0.0187  accuracy: 98.92% -> 98.92%      
client [53] (testset)   loss: 0.1511 -> 0.1532  accuracy: 96.00% -> 96.00%      
client [22] (testset)   loss: 0.1268 -> 0.1262  accuracy: 95.74% -> 95.74%      
client [25] (testset)   loss: 0.0592 -> 0.0547  accuracy: 96.55% -> 96.55%      
client [69] (testset)   loss: 0.0333 -> 0.0335  accuracy: 99.09% -> 99.09%      
client [46] (testset)   loss: 0.0681 -> 0.0753  accuracy: 97.75% -> 97.52%      
---------------------------- TRAINING EPOCH: 150 ----------------------------   
client [47] (testset)   loss: 0.1316 -> 0.1347  accuracy: 98.86% -> 98.86%      
client [69] (testset)   loss: 0.0340 -> 0.0335  accuracy: 99.09% -> 99.09%      
client [82] (testset)   loss: 0.2001 -> 0.2079  accuracy: 94.37% -> 94.37%      
client [45] (testset)   loss: 0.0556 -> 0.0504  accuracy: 98.47% -> 98.16%      
client [7]  (testset)   loss: 0.3456 -> 0.3169  accuracy: 87.50% -> 87.50%      
client [50] (testset)   loss: 0.2032 -> 0.1996  accuracy: 93.33% -> 94.87%      
client [35] (testset)   loss: 0.1505 -> 0.1506  accuracy: 95.10% -> 95.10%      
client [24] (testset)   loss: 0.2158 -> 0.2240  accuracy: 95.95% -> 95.95%      
client [15] (testset)   loss: 0.0770 -> 0.0789  accuracy: 97.25% -> 97.25%      
client [58] (testset)   loss: 0.1603 -> 0.1562  accuracy: 94.33% -> 95.04%      
---------------------------- TRAINING EPOCH: 160 ----------------------------   
client [48] (testset)   loss: 0.1268 -> 0.1172  accuracy: 98.06% -> 98.06%      
client [76] (testset)   loss: 0.4790 -> 0.4603  accuracy: 96.10% -> 94.81%      
client [67] (testset)   loss: 0.0596 -> 0.0531  accuracy: 97.30% -> 97.30%      
client [37] (testset)   loss: 0.2828 -> 0.2723  accuracy: 95.67% -> 95.67%      
client [58] (testset)   loss: 0.1546 -> 0.1472  accuracy: 95.04% -> 95.04%      
client [64] (testset)   loss: 0.0560 -> 0.0576  accuracy: 98.33% -> 98.33%      
client [77] (testset)   loss: 0.1403 -> 0.1442  accuracy: 96.58% -> 97.26%      
client [55] (testset)   loss: 0.0766 -> 0.0838  accuracy: 97.96% -> 97.70%      
client [12] (testset)   loss: 0.0553 -> 0.0563  accuracy: 97.52% -> 97.52%      
client [89] (testset)   loss: 0.2419 -> 0.2273  accuracy: 90.91% -> 90.91%      
---------------------------- TRAINING EPOCH: 170 ----------------------------   
client [84] (testset)   loss: 0.0237 -> 0.0224  accuracy: 100.00% -> 100.00%    
client [51] (testset)   loss: 0.1695 -> 0.1799  accuracy: 94.29% -> 94.29%      
client [8]  (testset)   loss: 0.0017 -> 0.0016  accuracy: 100.00% -> 100.00%    
client [18] (testset)   loss: 0.1793 -> 0.1580  accuracy: 94.48% -> 95.86%      
client [94] (testset)   loss: 0.0058 -> 0.0057  accuracy: 100.00% -> 100.00%    
client [81] (testset)   loss: 0.0648 -> 0.0681  accuracy: 98.77% -> 98.77%      
client [3]  (testset)   loss: 0.0429 -> 0.0404  accuracy: 98.53% -> 98.53%      
client [11] (testset)   loss: 0.7085 -> 0.7237  accuracy: 66.67% -> 66.67%      
client [95] (testset)   loss: 0.0176 -> 0.0163  accuracy: 98.92% -> 98.92%      
client [67] (testset)   loss: 0.0535 -> 0.0496  accuracy: 97.30% -> 97.30%      
---------------------------- TRAINING EPOCH: 180 ----------------------------   
client [21] (testset)   loss: 0.1612 -> 0.1418  accuracy: 95.10% -> 94.12%      
client [79] (testset)   loss: 0.0750 -> 0.0745  accuracy: 98.46% -> 98.46%      
client [58] (testset)   loss: 0.1570 -> 0.1588  accuracy: 95.04% -> 95.04%      
client [88] (testset)   loss: 0.1280 -> 0.1295  accuracy: 98.53% -> 98.53%      
client [46] (testset)   loss: 0.0708 -> 0.0729  accuracy: 97.97% -> 98.20%      
client [11] (testset)   loss: 0.7167 -> 0.7189  accuracy: 66.67% -> 66.67%      
client [55] (testset)   loss: 0.0817 -> 0.0867  accuracy: 97.96% -> 97.96%      
client [13] (testset)   loss: 0.5845 -> 0.5803  accuracy: 79.17% -> 66.67%      
client [31] (testset)   loss: 0.3930 -> 0.3937  accuracy: 85.71% -> 85.71%      
client [75] (testset)   loss: 0.0448 -> 0.0428  accuracy: 98.76% -> 98.76%      
---------------------------- TRAINING EPOCH: 190 ----------------------------   
client [19] (testset)   loss: 0.0494 -> 0.0387  accuracy: 98.15% -> 96.30%      
client [7]  (testset)   loss: 0.2346 -> 0.2176  accuracy: 87.50% -> 87.50%      
client [57] (testset)   loss: 0.1125 -> 0.1197  accuracy: 99.03% -> 99.03%      
client [13] (testset)   loss: 0.6671 -> 0.6856  accuracy: 75.00% -> 79.17%      
client [43] (testset)   loss: 0.2361 -> 0.2449  accuracy: 93.05% -> 91.98%      
client [91] (testset)   loss: 0.0628 -> 0.0611  accuracy: 98.68% -> 98.51%      
client [10] (testset)   loss: 0.0415 -> 0.0461  accuracy: 99.01% -> 99.01%      
client [64] (testset)   loss: 0.0567 -> 0.0568  accuracy: 98.06% -> 98.06%      
client [82] (testset)   loss: 0.2193 -> 0.2197  accuracy: 94.37% -> 94.37%      
client [22] (testset)   loss: 0.1052 -> 0.0937  accuracy: 97.87% -> 97.87%      
---------------------------- TRAINING EPOCH: 200 ----------------------------   
client [20] (testset)   loss: 0.2680 -> 0.2710  accuracy: 93.67% -> 93.67%      
client [23] (testset)   loss: 0.1053 -> 0.1177  accuracy: 97.14% -> 97.14%      
client [88] (testset)   loss: 0.1292 -> 0.1304  accuracy: 98.53% -> 98.53%      
client [98] (testset)   loss: 0.1848 -> 0.1396  accuracy: 97.06% -> 94.12%      
client [79] (testset)   loss: 0.0748 -> 0.0726  accuracy: 98.46% -> 98.46%      
client [21] (testset)   loss: 0.1364 -> 0.1211  accuracy: 97.06% -> 96.08%      
client [92] (testset)   loss: 0.0577 -> 0.0541  accuracy: 100.00% -> 100.00%    
client [56] (testset)   loss: 0.0864 -> 0.0855  accuracy: 96.77% -> 97.85%      
client [5]  (testset)   loss: 0.1746 -> 0.1865  accuracy: 95.17% -> 95.17%      
client [52] (testset)   loss: 0.0086 -> 0.0081  accuracy: 100.00% -> 100.00%    
---------------------------- TRAINING EPOCH: 210 ----------------------------   
client [67] (testset)   loss: 0.0369 -> 0.0364  accuracy: 100.00% -> 100.00%    
client [54] (testset)   loss: 0.6761 -> 0.6860  accuracy: 90.70% -> 90.70%      
client [14] (testset)   loss: 0.0865 -> 0.0844  accuracy: 98.61% -> 98.61%      
client [99] (testset)   loss: 1.1505 -> 1.2135  accuracy: 80.95% -> 71.43%      
client [36] (testset)   loss: 0.0705 -> 0.0712  accuracy: 97.97% -> 97.46%      
client [30] (testset)   loss: 0.4549 -> 0.4661  accuracy: 95.00% -> 95.00%      
client [38] (testset)   loss: 0.1925 -> 0.1803  accuracy: 96.49% -> 96.49%      
client [15] (testset)   loss: 0.0739 -> 0.0727  accuracy: 98.17% -> 98.17%      
client [6]  (testset)   loss: 0.0217 -> 0.0239  accuracy: 99.48% -> 99.22%      
client [53] (testset)   loss: 0.1701 -> 0.1823  accuracy: 96.00% -> 96.00%      
---------------------------- TRAINING EPOCH: 220 ----------------------------   
client [99] (testset)   loss: 1.1937 -> 1.2776  accuracy: 80.95% -> 71.43%      
client [6]  (testset)   loss: 0.0231 -> 0.0249  accuracy: 99.22% -> 99.22%      
client [83] (testset)   loss: 0.2336 -> 0.2299  accuracy: 94.66% -> 93.95%      
client [42] (testset)   loss: 0.2642 -> 0.2681  accuracy: 95.08% -> 95.08%      
client [34] (testset)   loss: 0.8216 -> 0.8222  accuracy: 83.33% -> 83.33%      
client [15] (testset)   loss: 0.0732 -> 0.0773  accuracy: 98.17% -> 97.25%      
client [47] (testset)   loss: 0.1350 -> 0.1412  accuracy: 98.86% -> 98.86%      
client [55] (testset)   loss: 0.0877 -> 0.0854  accuracy: 97.96% -> 97.96%      
client [51] (testset)   loss: 0.1649 -> 0.1487  accuracy: 94.29% -> 94.29%      
client [95] (testset)   loss: 0.0156 -> 0.0154  accuracy: 98.92% -> 98.92%      
---------------------------- TRAINING EPOCH: 230 ----------------------------   
client [71] (testset)   loss: 0.0901 -> 0.0900  accuracy: 97.91% -> 97.91%      
client [15] (testset)   loss: 0.0774 -> 0.0746  accuracy: 97.25% -> 98.17%      
client [33] (testset)   loss: 0.0765 -> 0.0734  accuracy: 98.69% -> 99.02%      
client [99] (testset)   loss: 1.2926 -> 1.2866  accuracy: 71.43% -> 71.43%      
client [90] (testset)   loss: 0.1408 -> 0.1430  accuracy: 96.35% -> 96.35%      
client [57] (testset)   loss: 0.1217 -> 0.1224  accuracy: 99.03% -> 99.03%      
client [27] (testset)   loss: 0.1715 -> 0.1778  accuracy: 97.86% -> 97.86%      
client [78] (testset)   loss: 0.0524 -> 0.0462  accuracy: 99.36% -> 98.73%      
client [36] (testset)   loss: 0.0717 -> 0.0721  accuracy: 97.46% -> 97.97%      
client [88] (testset)   loss: 0.1316 -> 0.1317  accuracy: 98.53% -> 98.53%      
---------------------------- TRAINING EPOCH: 240 ----------------------------   
client [70] (testset)   loss: 0.1662 -> 0.1650  accuracy: 97.98% -> 97.98%      
client [35] (testset)   loss: 0.1466 -> 0.1697  accuracy: 95.10% -> 95.10%      
client [16] (testset)   loss: 0.1164 -> 0.1141  accuracy: 98.57% -> 98.57%      
client [80] (testset)   loss: 0.0110 -> 0.0099  accuracy: 100.00% -> 100.00%    
client [38] (testset)   loss: 0.1800 -> 0.1878  accuracy: 96.49% -> 96.49%      
client [78] (testset)   loss: 0.0461 -> 0.0466  accuracy: 99.36% -> 99.36%      
client [68] (testset)   loss: 0.1954 -> 0.1968  accuracy: 94.92% -> 96.61%      
client [11] (testset)   loss: 0.6901 -> 0.7024  accuracy: 66.67% -> 66.67%      
client [64] (testset)   loss: 0.0576 -> 0.0578  accuracy: 98.06% -> 98.06%      
client [82] (testset)   loss: 0.2214 -> 0.2262  accuracy: 94.37% -> 94.37%      
---------------------------- TRAINING EPOCH: 250 ----------------------------   
client [30] (testset)   loss: 0.4876 -> 0.4890  accuracy: 95.00% -> 95.00%      
client [27] (testset)   loss: 0.1768 -> 0.1786  accuracy: 97.86% -> 97.86%      
client [74] (testset)   loss: 0.1640 -> 0.1561  accuracy: 96.62% -> 96.62%      
client [45] (testset)   loss: 0.0560 -> 0.0541  accuracy: 98.47% -> 98.16%      
client [6]  (testset)   loss: 0.0238 -> 0.0204  accuracy: 99.22% -> 99.48%      
client [36] (testset)   loss: 0.0722 -> 0.0732  accuracy: 97.97% -> 97.97%      
client [63] (testset)   loss: 0.1735 -> 0.1726  accuracy: 96.35% -> 96.35%      
client [76] (testset)   loss: 0.4994 -> 0.5151  accuracy: 94.81% -> 94.81%      
client [83] (testset)   loss: 0.2303 -> 0.2367  accuracy: 94.31% -> 94.66%      
client [86] (testset)   loss: 0.0711 -> 0.0710  accuracy: 98.36% -> 98.36%      
---------------------------- TRAINING EPOCH: 260 ----------------------------   
client [83] (testset)   loss: 0.2367 -> 0.2350  accuracy: 94.66% -> 94.66%      
client [99] (testset)   loss: 1.2926 -> 1.2903  accuracy: 76.19% -> 80.95%      
client [74] (testset)   loss: 0.1596 -> 0.1681  accuracy: 96.62% -> 96.92%      
client [73] (testset)   loss: 0.2320 -> 0.2509  accuracy: 88.24% -> 91.18%      
client [29] (testset)   loss: 0.0452 -> 0.0427  accuracy: 98.52% -> 98.52%      
client [92] (testset)   loss: 0.0376 -> 0.0360  accuracy: 100.00% -> 100.00%    
client [6]  (testset)   loss: 0.0211 -> 0.0208  accuracy: 99.48% -> 99.48%      
client [61] (testset)   loss: 0.0476 -> 0.0512  accuracy: 99.41% -> 99.12%      
client [21] (testset)   loss: 0.1171 -> 0.1222  accuracy: 96.08% -> 96.08%      
client [67] (testset)   loss: 0.0340 -> 0.0341  accuracy: 100.00% -> 100.00%    
---------------------------- TRAINING EPOCH: 270 ----------------------------   
client [83] (testset)   loss: 0.2360 -> 0.2376  accuracy: 94.66% -> 94.66%      
client [32] (testset)   loss: 0.2199 -> 0.2243  accuracy: 96.83% -> 96.83%      
client [95] (testset)   loss: 0.0156 -> 0.0126  accuracy: 98.92% -> 99.64%      
client [61] (testset)   loss: 0.0477 -> 0.0494  accuracy: 99.41% -> 99.41%      
client [27] (testset)   loss: 0.1792 -> 0.1767  accuracy: 97.86% -> 97.86%      
client [25] (testset)   loss: 0.0364 -> 0.0384  accuracy: 98.85% -> 98.85%      
client [68] (testset)   loss: 0.1985 -> 0.1983  accuracy: 96.61% -> 96.61%      
client [34] (testset)   loss: 0.8410 -> 0.8385  accuracy: 83.33% -> 83.33%      
client [71] (testset)   loss: 0.0963 -> 0.0980  accuracy: 97.91% -> 97.91%      
client [89] (testset)   loss: 0.2137 -> 0.2483  accuracy: 93.94% -> 90.91%      
---------------------------- TRAINING EPOCH: 280 ----------------------------   
client [78] (testset)   loss: 0.0456 -> 0.0454  accuracy: 99.36% -> 99.36%      
client [81] (testset)   loss: 0.0700 -> 0.0739  accuracy: 98.77% -> 98.77%      
client [51] (testset)   loss: 0.1476 -> 0.1408  accuracy: 94.29% -> 94.29%      
client [54] (testset)   loss: 0.6810 -> 0.6983  accuracy: 93.02% -> 90.70%      
client [65] (testset)   loss: 0.0434 -> 0.0444  accuracy: 98.74% -> 98.74%      
client [41] (testset)   loss: 0.0435 -> 0.0434  accuracy: 97.89% -> 97.89%      
client [11] (testset)   loss: 0.6851 -> 0.6964  accuracy: 66.67% -> 66.67%      
client [85] (testset)   loss: 0.2221 -> 0.2235  accuracy: 96.89% -> 96.89%      
client [12] (testset)   loss: 0.0520 -> 0.0509  accuracy: 97.52% -> 97.52%      
client [23] (testset)   loss: 0.1003 -> 0.0978  accuracy: 97.14% -> 97.14%      
---------------------------- TRAINING EPOCH: 290 ----------------------------   
client [16] (testset)   loss: 0.1169 -> 0.1156  accuracy: 98.57% -> 98.57%      
client [65] (testset)   loss: 0.0447 -> 0.0449  accuracy: 98.74% -> 98.74%      
client [53] (testset)   loss: 0.1882 -> 0.1932  accuracy: 96.00% -> 96.00%      
client [58] (testset)   loss: 0.1595 -> 0.1596  accuracy: 95.04% -> 95.04%      
client [72] (testset)   loss: 0.1155 -> 0.1139  accuracy: 96.36% -> 97.27%      
client [7]  (testset)   loss: 0.1606 -> 0.1559  accuracy: 87.50% -> 87.50%      
client [71] (testset)   loss: 0.0961 -> 0.0979  accuracy: 97.91% -> 97.91%      
client [59] (testset)   loss: 0.3640 -> 0.3619  accuracy: 87.50% -> 87.50%      
client [86] (testset)   loss: 0.0720 -> 0.0711  accuracy: 98.36% -> 98.36%      
client [39] (testset)   loss: 0.0071 -> 0.0071  accuracy: 99.75% -> 99.75%      
---------------------------- TRAINING EPOCH: 300 ----------------------------   
client [99] (testset)   loss: 1.3083 -> 1.3452  accuracy: 80.95% -> 80.95%      
client [7]  (testset)   loss: 0.1556 -> 0.1509  accuracy: 87.50% -> 87.50%      
client [17] (testset)   loss: 0.0973 -> 0.0991  accuracy: 98.05% -> 98.05%      
client [64] (testset)   loss: 0.0585 -> 0.0595  accuracy: 98.06% -> 98.06%      
client [37] (testset)   loss: 0.3224 -> 0.3245  accuracy: 95.67% -> 95.24%      
client [29] (testset)   loss: 0.0444 -> 0.0416  accuracy: 98.52% -> 98.89%      
client [93] (testset)   loss: 0.0615 -> 0.0616  accuracy: 96.77% -> 100.00%     
client [73] (testset)   loss: 0.2362 -> 0.2354  accuracy: 88.24% -> 91.18%      
client [40] (testset)   loss: 0.1141 -> 0.1164  accuracy: 97.10% -> 97.10%      
client [76] (testset)   loss: 0.5143 -> 0.5176  accuracy: 94.81% -> 94.81%      
---------------------------- TRAINING EPOCH: 310 ----------------------------   
client [31] (testset)   loss: 0.3594 -> 0.3604  accuracy: 85.71% -> 85.71%      
client [89] (testset)   loss: 0.2534 -> 0.2341  accuracy: 93.94% -> 93.94%      
client [77] (testset)   loss: 0.1764 -> 0.1785  accuracy: 95.89% -> 95.89%      
client [90] (testset)   loss: 0.1509 -> 0.1529  accuracy: 96.35% -> 96.72%      
client [26] (testset)   loss: 0.6904 -> 0.6904  accuracy: 83.33% -> 83.33%      
client [50] (testset)   loss: 0.2206 -> 0.2236  accuracy: 93.85% -> 94.36%      
client [30] (testset)   loss: 0.5039 -> 0.5098  accuracy: 95.00% -> 95.00%      
client [70] (testset)   loss: 0.1663 -> 0.1700  accuracy: 98.17% -> 97.80%      
client [41] (testset)   loss: 0.0429 -> 0.0438  accuracy: 97.89% -> 97.89%      
client [99] (testset)   loss: 1.3448 -> 1.3600  accuracy: 76.19% -> 76.19%      
---------------------------- TRAINING EPOCH: 320 ----------------------------   
client [68] (testset)   loss: 0.2017 -> 0.2024  accuracy: 96.61% -> 96.61%      
client [70] (testset)   loss: 0.1738 -> 0.1683  accuracy: 97.80% -> 97.98%      
client [52] (testset)   loss: 0.0051 -> 0.0063  accuracy: 100.00% -> 100.00%    
client [1]  (testset)   loss: 0.0370 -> 0.0420  accuracy: 98.33% -> 96.67%      
client [2]  (testset)   loss: 0.0965 -> 0.1004  accuracy: 99.24% -> 99.24%      
client [67] (testset)   loss: 0.0275 -> 0.0271  accuracy: 100.00% -> 100.00%    
client [92] (testset)   loss: 0.0198 -> 0.0187  accuracy: 100.00% -> 100.00%    
client [35] (testset)   loss: 0.1645 -> 0.1606  accuracy: 95.10% -> 95.10%      
client [36] (testset)   loss: 0.0766 -> 0.0767  accuracy: 97.97% -> 97.97%      
client [64] (testset)   loss: 0.0593 -> 0.0599  accuracy: 98.06% -> 98.06%      
---------------------------- TRAINING EPOCH: 330 ----------------------------   
client [44] (testset)   loss: 0.1105 -> 0.1115  accuracy: 97.61% -> 97.61%      
client [6]  (testset)   loss: 0.0212 -> 0.0238  accuracy: 99.48% -> 99.22%      
client [12] (testset)   loss: 0.0522 -> 0.0513  accuracy: 97.52% -> 97.52%      
client [55] (testset)   loss: 0.0879 -> 0.0899  accuracy: 97.96% -> 97.96%      
client [29] (testset)   loss: 0.0405 -> 0.0407  accuracy: 98.52% -> 98.89%      
client [9]  (testset)   loss: 0.1192 -> 0.1230  accuracy: 97.07% -> 97.07%      
client [43] (testset)   loss: 0.2514 -> 0.2557  accuracy: 93.05% -> 91.98%      
client [77] (testset)   loss: 0.1783 -> 0.1784  accuracy: 95.89% -> 95.89%      
client [98] (testset)   loss: 0.2028 -> 0.2122  accuracy: 97.06% -> 97.06%      
client [78] (testset)   loss: 0.0432 -> 0.0434  accuracy: 99.36% -> 99.36%      
---------------------------- TRAINING EPOCH: 340 ----------------------------   
client [92] (testset)   loss: 0.0168 -> 0.0165  accuracy: 100.00% -> 100.00%    
client [80] (testset)   loss: 0.0061 -> 0.0057  accuracy: 100.00% -> 100.00%    
client [63] (testset)   loss: 0.1778 -> 0.1767  accuracy: 96.35% -> 96.35%      
client [76] (testset)   loss: 0.5226 -> 0.5259  accuracy: 94.81% -> 94.81%      
client [78] (testset)   loss: 0.0431 -> 0.0436  accuracy: 99.36% -> 99.36%      
client [25] (testset)   loss: 0.0337 -> 0.0331  accuracy: 98.85% -> 98.85%      
client [58] (testset)   loss: 0.1617 -> 0.1617  accuracy: 95.04% -> 95.04%      
client [13] (testset)   loss: 0.6360 -> 0.6564  accuracy: 79.17% -> 79.17%      
client [17] (testset)   loss: 0.0981 -> 0.0955  accuracy: 98.05% -> 98.05%      
client [38] (testset)   loss: 0.1823 -> 0.1888  accuracy: 96.49% -> 96.49%      
---------------------------- TRAINING EPOCH: 350 ----------------------------   
client [72] (testset)   loss: 0.1141 -> 0.1128  accuracy: 96.36% -> 97.27%      
client [82] (testset)   loss: 0.2334 -> 0.2329  accuracy: 94.37% -> 94.37%      
client [86] (testset)   loss: 0.0756 -> 0.0741  accuracy: 98.36% -> 98.63%      
client [51] (testset)   loss: 0.1417 -> 0.1412  accuracy: 94.29% -> 94.29%      
client [96] (testset)   loss: 0.0569 -> 0.0572  accuracy: 98.04% -> 98.04%      
client [42] (testset)   loss: 0.2940 -> 0.2877  accuracy: 95.08% -> 95.08%      
client [55] (testset)   loss: 0.0898 -> 0.0908  accuracy: 97.96% -> 97.96%      
client [13] (testset)   loss: 0.6674 -> 0.6087  accuracy: 79.17% -> 79.17%      
client [1]  (testset)   loss: 0.0388 -> 0.0401  accuracy: 98.33% -> 96.67%      
client [12] (testset)   loss: 0.0509 -> 0.0508  accuracy: 97.52% -> 97.52%      
---------------------------- TRAINING EPOCH: 360 ----------------------------   
client [68] (testset)   loss: 0.2045 -> 0.2053  accuracy: 96.61% -> 96.61%      
client [23] (testset)   loss: 0.0833 -> 0.0838  accuracy: 97.14% -> 97.14%      
client [46] (testset)   loss: 0.0798 -> 0.0807  accuracy: 98.20% -> 98.20%      
client [41] (testset)   loss: 0.0437 -> 0.0435  accuracy: 97.89% -> 97.89%      
client [25] (testset)   loss: 0.0321 -> 0.0294  accuracy: 98.85% -> 98.85%      
client [58] (testset)   loss: 0.1615 -> 0.1619  accuracy: 95.04% -> 95.04%      
client [14] (testset)   loss: 0.0900 -> 0.0901  accuracy: 98.61% -> 98.61%      
client [33] (testset)   loss: 0.0795 -> 0.0805  accuracy: 99.18% -> 99.18%      
client [85] (testset)   loss: 0.2269 -> 0.2217  accuracy: 96.89% -> 96.89%      
client [62] (testset)   loss: 0.1333 -> 0.1348  accuracy: 97.79% -> 97.79%      
---------------------------- TRAINING EPOCH: 370 ----------------------------   
client [98] (testset)   loss: 0.2032 -> 0.2114  accuracy: 97.06% -> 97.06%      
client [63] (testset)   loss: 0.1797 -> 0.1810  accuracy: 96.35% -> 96.35%      
client [70] (testset)   loss: 0.1756 -> 0.1796  accuracy: 97.80% -> 97.80%      
client [65] (testset)   loss: 0.0441 -> 0.0439  accuracy: 98.74% -> 98.74%      
client [14] (testset)   loss: 0.0931 -> 0.0914  accuracy: 98.61% -> 98.61%      
client [73] (testset)   loss: 0.2304 -> 0.2327  accuracy: 91.18% -> 91.18%      
client [34] (testset)   loss: 0.8826 -> 0.8812  accuracy: 83.33% -> 83.33%      
client [99] (testset)   loss: 1.3781 -> 1.4055  accuracy: 80.95% -> 76.19%      
client [69] (testset)   loss: 0.0338 -> 0.0339  accuracy: 99.09% -> 99.09%      
client [46] (testset)   loss: 0.0802 -> 0.0791  accuracy: 98.20% -> 98.20%      
---------------------------- TRAINING EPOCH: 380 ----------------------------   
client [99] (testset)   loss: 1.3997 -> 1.4048  accuracy: 80.95% -> 80.95%      
client [93] (testset)   loss: 0.0530 -> 0.0511  accuracy: 100.00% -> 100.00%    
client [11] (testset)   loss: 0.6808 -> 0.6823  accuracy: 66.67% -> 66.67%      
client [58] (testset)   loss: 0.1641 -> 0.1640  accuracy: 95.04% -> 95.04%      
client [81] (testset)   loss: 0.0826 -> 0.0752  accuracy: 98.77% -> 98.77%      
client [85] (testset)   loss: 0.2217 -> 0.2301  accuracy: 96.89% -> 96.89%      
client [89] (testset)   loss: 0.2273 -> 0.2358  accuracy: 93.94% -> 93.94%      
client [45] (testset)   loss: 0.0593 -> 0.0589  accuracy: 98.16% -> 98.16%      
client [8]  (testset)   loss: 0.0005 -> 0.0005  accuracy: 100.00% -> 100.00%    
client [68] (testset)   loss: 0.2066 -> 0.2055  accuracy: 96.61% -> 96.61%      
---------------------------- TRAINING EPOCH: 390 ----------------------------   
client [67] (testset)   loss: 0.0256 -> 0.0251  accuracy: 100.00% -> 100.00%    
client [72] (testset)   loss: 0.1142 -> 0.1148  accuracy: 97.27% -> 97.27%      
client [1]  (testset)   loss: 0.0419 -> 0.0388  accuracy: 96.67% -> 98.33%      
client [78] (testset)   loss: 0.0424 -> 0.0431  accuracy: 99.36% -> 99.36%      
client [83] (testset)   loss: 0.2551 -> 0.2549  accuracy: 94.66% -> 94.66%      
client [21] (testset)   loss: 0.1110 -> 0.1145  accuracy: 96.08% -> 96.08%      
client [56] (testset)   loss: 0.0950 -> 0.0997  accuracy: 97.85% -> 97.85%      
client [44] (testset)   loss: 0.1159 -> 0.1164  accuracy: 97.61% -> 97.61%      
client [92] (testset)   loss: 0.0150 -> 0.0148  accuracy: 100.00% -> 100.00%    
client [27] (testset)   loss: 0.1852 -> 0.1859  accuracy: 97.86% -> 97.86%      
---------------------------- TRAINING EPOCH: 400 ----------------------------   
client [10] (testset)   loss: 0.0334 -> 0.0306  accuracy: 99.01% -> 99.01%      
client [39] (testset)   loss: 0.0066 -> 0.0064  accuracy: 99.75% -> 99.75%      
client [65] (testset)   loss: 0.0449 -> 0.0447  accuracy: 98.74% -> 98.74%      
client [26] (testset)   loss: 0.7278 -> 0.7332  accuracy: 87.50% -> 87.50%      
client [19] (testset)   loss: 0.0412 -> 0.0402  accuracy: 98.15% -> 98.15%      
client [68] (testset)   loss: 0.2065 -> 0.2061  accuracy: 96.61% -> 96.61%      
client [41] (testset)   loss: 0.0436 -> 0.0437  accuracy: 97.89% -> 97.89%      
client [50] (testset)   loss: 0.2336 -> 0.2381  accuracy: 94.36% -> 94.36%      
client [75] (testset)   loss: 0.0439 -> 0.0446  accuracy: 98.45% -> 98.45%      
client [81] (testset)   loss: 0.0797 -> 0.0792  accuracy: 98.77% -> 98.77%      
Training... ━━━━━━━━━━━━━━━━━━━━━━━━━━━━━━━━━━━━━━━━ 100% 0:07:44
PSFL's average time taken by each global epoch: 0 min 1.15 sec.                 
PSFL's total running time: 0 h 7 m 44 s.                                        
==================== PSFL Experiment Results: ====================              
Display format: (before local fine-tuning) -> (after local fine-tuning)         
 So if finetune_epoch = 0, x.xx% -> 0.00% is normal.                            
 Centralized testing ONLY happens after model aggregation, so the stats between 
'->' are the same.                                                              
{                                                                               
    "100": {                                                                    
        "all_clients": {                                                        
            "test": {                                                           
                "loss": "0.1115 -> 0.0000",                                     
                "accuracy": "97.06% -> 0.00%"                                   
            }                                                                   
        }                                                                       
    },                                                                          
    "200": {                                                                    
        "all_clients": {                                                        
            "test": {                                                           
                "loss": "0.1095 -> 0.0000",                                     
                "accuracy": "97.51% -> 0.00%"                                   
            }                                                                   
        }                                                                       
    },                                                                          
    "300": {                                                                    
        "all_clients": {                                                        
            "test": {                                                           
                "loss": "0.1136 -> 0.0000",                                     
                "accuracy": "97.57% -> 0.00%"                                   
            }                                                                   
        }                                                                       
    },                                                                          
    "400": {                                                                    
        "all_clients": {                                                        
            "test": {                                                           
                "loss": "0.1178 -> 0.0000",                                     
                "accuracy": "97.65% -> 0.00%"                                   
            }                                                                   
        }                                                                       
    }                                                                           
}                                                                               
==================== PSFL Max Accuracy ====================                     
all_clients:                                                                    
(test) before fine-tuning: 97.65% at epoch 400                                  
(test) after fine-tuning: 0.00% at epoch 100                                    
