==================== FedDpa ====================                                
Experiment Arguments:                                                           
{
│   'method': 'feddpa',
│   'dataset': {
│   │   'name': 'emnist',
│   │   'client_num': 100,
│   │   'test_ratio': 0.25,
│   │   'val_ratio': 0.0,
│   │   'seed': 42,
│   │   'split': 'sample',
│   │   'IID_ratio': 0.0,
│   │   'monitor_window_name_suffix': 'emnist-100clients-0%IID-Dir(0.1)-seed42',
│   │   'emnist_split': 'byclass',
│   │   'alpha': 0.1,
│   │   'min_samples_per_client': 10
│   },
│   'model': {
│   │   'name': 'avgcnn',
│   │   'use_torchvision_pretrained_weights': True,
│   │   'external_model_weights_path': None
│   },
│   'optimizer': {
│   │   'lr': 0.01,
│   │   'dampening': 0,
│   │   'weight_decay': 0,
│   │   'momentum': 0,
│   │   'nesterov': False,
│   │   'name': 'sgd'
│   },
│   'mode': 'sequential',
│   'parallel': {
│   │   'ray_cluster_addr': None,
│   │   'num_cpus': None,
│   │   'num_gpus': None,
│   │   'num_workers': 2
│   },
│   'common': {
│   │   'seed': 42,
│   │   'join_ratio': 0.1,
│   │   'global_epoch': 400,
│   │   'local_epoch': 5,
│   │   'batch_size': 32,
│   │   'reset_optimizer_on_global_epoch': True,
│   │   'straggler_ratio': 0,
│   │   'straggler_min_local_epoch': 0,
│   │   'buffers': 'global',
│   │   'client_side_evaluation': True,
│   │   'test': {
│   │   │   'client': {
│   │   │   │   'interval': 100,
│   │   │   │   'finetune_epoch': 0,
│   │   │   │   'train': False,
│   │   │   │   'val': False,
│   │   │   │   'test': True
│   │   │   },
│   │   │   'server': {
│   │   │   │   'interval': -1,
│   │   │   │   'train': False,
│   │   │   │   'val': False,
│   │   │   │   'test': False,
│   │   │   │   'model_in_train_mode': False
│   │   │   }
│   │   },
│   │   'verbose_gap': 10,
│   │   'monitor': None,
│   │   'use_cuda': True,
│   │   'save_log': True,
│   │   'save_model': False,
│   │   'save_learning_curve_plot': False,
│   │   'save_metrics': True,
│   │   'delete_useless_run': True
│   },
│   'feddpa': {
│   │   'fisher_threshold': 0.1
│   }
}
---------------------------- TRAINING EPOCH: 10 ----------------------------    
client [77] (testset)   loss: 0.3301 -> 0.3377  accuracy: 91.45% -> 91.26%      
client [81] (testset)   loss: 0.3499 -> 0.3572  accuracy: 86.91% -> 85.30%      
client [21] (testset)   loss: 4.0982 -> 0.6306  accuracy: 0.04% -> 82.56%       
client [68] (testset)   loss: 0.6382 -> 0.4405  accuracy: 82.86% -> 87.94%      
client [93] (testset)   loss: 0.2797 -> 0.2113  accuracy: 91.82% -> 93.39%      
client [31] (testset)   loss: 0.3770 -> 0.2833  accuracy: 87.59% -> 91.03%      
client [20] (testset)   loss: 0.3603 -> 0.2740  accuracy: 90.19% -> 92.36%      
client [59] (testset)   loss: 4.1294 -> 0.4439  accuracy: 0.60% -> 85.84%       
client [48] (testset)   loss: 0.7213 -> 0.7989  accuracy: 76.74% -> 72.87%      
client [34] (testset)   loss: 0.2819 -> 0.2162  accuracy: 91.76% -> 93.82%      
---------------------------- TRAINING EPOCH: 20 ----------------------------    
client [69] (testset)   loss: 0.5387 -> 0.4731  accuracy: 85.15% -> 86.28%      
client [99] (testset)   loss: 0.2977 -> 0.2158  accuracy: 92.09% -> 94.25%      
client [67] (testset)   loss: 1.3899 -> 0.4400  accuracy: 55.88% -> 88.24%      
client [0]  (testset)   loss: 0.2779 -> 0.2675  accuracy: 92.97% -> 93.42%      
client [76] (testset)   loss: 0.3423 -> 0.2928  accuracy: 90.84% -> 91.86%      
client [41] (testset)   loss: 0.6333 -> 0.3899  accuracy: 75.17% -> 86.39%      
client [62] (testset)   loss: 4.1548 -> 0.3733  accuracy: 0.00% -> 90.43%       
client [2]  (testset)   loss: 4.1443 -> 0.3704  accuracy: 0.25% -> 89.00%       
client [14] (testset)   loss: 0.3713 -> 0.2831  accuracy: 89.67% -> 92.15%      
client [46] (testset)   loss: 0.1476 -> 0.1267  accuracy: 96.09% -> 96.70%      
---------------------------- TRAINING EPOCH: 30 ----------------------------    
client [24] (testset)   loss: 0.2160 -> 0.2357  accuracy: 93.36% -> 93.19%      
client [68] (testset)   loss: 0.3499 -> 0.3561  accuracy: 90.90% -> 91.01%      
client [57] (testset)   loss: 0.2252 -> 0.1736  accuracy: 93.67% -> 95.17%      
client [17] (testset)   loss: 0.3108 -> 0.3017  accuracy: 91.63% -> 91.86%      
client [54] (testset)   loss: 0.3595 -> 0.8456  accuracy: 90.30% -> 80.10%      
client [23] (testset)   loss: 4.0874 -> 0.5128  accuracy: 0.26% -> 78.78%       
client [35] (testset)   loss: 0.1505 -> 0.1438  accuracy: 96.12% -> 96.56%      
client [59] (testset)   loss: 0.3166 -> 0.2944  accuracy: 89.54% -> 89.92%      
client [31] (testset)   loss: 0.2534 -> 0.2277  accuracy: 91.20% -> 92.74%      
client [9]  (testset)   loss: 0.5327 -> 0.2376  accuracy: 85.59% -> 92.95%      
---------------------------- TRAINING EPOCH: 40 ----------------------------    
client [64] (testset)   loss: 0.5358 -> 0.5364  accuracy: 87.10% -> 87.48%      
client [33] (testset)   loss: 0.1488 -> 0.1555  accuracy: 97.04% -> 96.90%      
client [16] (testset)   loss: 0.4243 -> 0.3854  accuracy: 88.40% -> 90.27%      
client [44] (testset)   loss: 1.2031 -> 0.5280  accuracy: 65.96% -> 84.79%      
client [8]  (testset)   loss: 0.3697 -> 0.3766  accuracy: 90.02% -> 90.37%      
client [31] (testset)   loss: 0.2397 -> 0.2426  accuracy: 92.44% -> 93.15%      
client [47] (testset)   loss: 0.3494 -> 0.3110  accuracy: 89.23% -> 90.85%      
client [36] (testset)   loss: 0.4133 -> 0.2478  accuracy: 87.90% -> 93.00%      
client [20] (testset)   loss: 0.2778 -> 0.2911  accuracy: 93.00% -> 92.72%      
client [56] (testset)   loss: 0.1822 -> 0.2598  accuracy: 95.73% -> 93.35%      
---------------------------- TRAINING EPOCH: 50 ----------------------------    
client [4]  (testset)   loss: 0.4164 -> 6.1317  accuracy: 84.75% -> 37.02%      
client [60] (testset)   loss: 0.2214 -> 0.2030  accuracy: 93.51% -> 94.29%      
client [28] (testset)   loss: 0.1542 -> 0.1511  accuracy: 94.26% -> 94.43%      
client [25] (testset)   loss: 0.2444 -> 0.2617  accuracy: 93.63% -> 92.76%      
client [58] (testset)   loss: 0.1118 -> 0.1155  accuracy: 97.71% -> 97.61%      
client [44] (testset)   loss: 0.5303 -> 0.4718  accuracy: 84.89% -> 85.43%      
client [39] (testset)   loss: 0.2486 -> 0.2042  accuracy: 94.13% -> 94.98%      
client [29] (testset)   loss: 0.2613 -> 0.2471  accuracy: 92.32% -> 92.95%      
client [3]  (testset)   loss: 0.1389 -> 0.1631  accuracy: 96.23% -> 95.84%      
client [84] (testset)   loss: 0.2807 -> 0.2838  accuracy: 92.20% -> 92.75%      
---------------------------- TRAINING EPOCH: 60 ----------------------------    
client [21] (testset)   loss: 0.2474 -> 0.2244  accuracy: 93.06% -> 93.75%      
client [84] (testset)   loss: 0.2786 -> 0.3120  accuracy: 92.75% -> 92.75%      
client [10] (testset)   loss: 0.8607 -> 0.3801  accuracy: 85.03% -> 87.41%      
client [36] (testset)   loss: 0.2153 -> 0.1937  accuracy: 94.09% -> 94.55%      
client [65] (testset)   loss: 0.4304 -> 0.5417  accuracy: 85.30% -> 86.41%      
client [81] (testset)   loss: 0.3595 -> 0.3611  accuracy: 86.80% -> 85.37%      
client [79] (testset)   loss: 0.4640 -> 0.4552  accuracy: 87.68% -> 88.53%      
client [42] (testset)   loss: 0.2914 -> 0.3012  accuracy: 92.13% -> 92.31%      
client [11] (testset)   loss: 0.2852 -> 0.2678  accuracy: 92.21% -> 93.45%      
client [96] (testset)   loss: 0.2830 -> 0.2345  accuracy: 92.84% -> 94.48%      
---------------------------- TRAINING EPOCH: 70 ----------------------------    
client [8]  (testset)   loss: 0.4064 -> 0.4159  accuracy: 89.08% -> 89.61%      
client [53] (testset)   loss: 0.1938 -> 0.1888  accuracy: 95.18% -> 95.57%      
client [52] (testset)   loss: 0.4651 -> 0.4912  accuracy: 87.26% -> 85.81%      
client [42] (testset)   loss: 0.3297 -> 0.3129  accuracy: 91.82% -> 92.07%      
client [69] (testset)   loss: 0.4056 -> 0.4111  accuracy: 90.78% -> 91.11%      
client [59] (testset)   loss: 0.2946 -> 0.3004  accuracy: 91.23% -> 90.63%      
client [7]  (testset)   loss: 0.2854 -> 0.2825  accuracy: 93.09% -> 93.35%      
client [26] (testset)   loss: 0.2721 -> 0.2558  accuracy: 92.71% -> 92.93%      
client [49] (testset)   loss: 0.1329 -> 0.1395  accuracy: 96.64% -> 96.53%      
client [98] (testset)   loss: 0.1938 -> 0.1782  accuracy: 95.54% -> 95.59%      
---------------------------- TRAINING EPOCH: 80 ----------------------------    
client [98] (testset)   loss: 0.1796 -> 0.1913  accuracy: 95.49% -> 95.59%      
client [47] (testset)   loss: 0.2997 -> 0.3014  accuracy: 91.79% -> 91.37%      
client [21] (testset)   loss: 0.2192 -> 0.2159  accuracy: 93.86% -> 93.31%      
client [77] (testset)   loss: 0.3129 -> 0.2976  accuracy: 93.72% -> 94.30%      
client [95] (testset)   loss: 0.2020 -> 0.3709  accuracy: 94.69% -> 93.07%      
client [91] (testset)   loss: 0.1691 -> 0.1684  accuracy: 96.36% -> 96.52%      
client [14] (testset)   loss: 0.3175 -> 0.3264  accuracy: 92.99% -> 93.11%      
client [99] (testset)   loss: 0.2261 -> 0.2110  accuracy: 94.98% -> 95.26%      
client [20] (testset)   loss: 0.3184 -> 0.3126  accuracy: 91.73% -> 92.18%      
client [39] (testset)   loss: 0.2014 -> 0.2195  accuracy: 95.22% -> 95.04%      
---------------------------- TRAINING EPOCH: 90 ----------------------------    
client [52] (testset)   loss: 0.4849 -> 0.6128  accuracy: 85.70% -> 86.26%      
client [62] (testset)   loss: 0.3310 -> 0.3402  accuracy: 93.82% -> 93.82%      
client [71] (testset)   loss: 0.1258 -> 0.1315  accuracy: 96.82% -> 96.86%      
client [97] (testset)   loss: 0.1700 -> 0.1781  accuracy: 96.65% -> 96.76%      
client [30] (testset)   loss: 0.3779 -> 0.3926  accuracy: 91.97% -> 91.05%      
client [88] (testset)   loss: 0.3389 -> 0.3009  accuracy: 86.33% -> 91.22%      
client [60] (testset)   loss: 0.1912 -> 0.1944  accuracy: 95.44% -> 95.52%      
client [82] (testset)   loss: 0.4534 -> 0.4527  accuracy: 80.24% -> 79.80%      
client [91] (testset)   loss: 0.1786 -> 0.1490  accuracy: 96.36% -> 97.07%      
client [57] (testset)   loss: 0.1398 -> 0.1456  accuracy: 95.92% -> 95.49%      
---------------------------- TRAINING EPOCH: 100 ----------------------------   
client [31] (testset)   loss: 0.3471 -> 0.3447  accuracy: 92.44% -> 93.11%      
client [15] (testset)   loss: 0.1956 -> 0.2211  accuracy: 93.01% -> 93.09%      
client [71] (testset)   loss: 0.1331 -> 0.1409  accuracy: 96.78% -> 96.55%      
client [97] (testset)   loss: 0.3448 -> 0.1947  accuracy: 93.67% -> 96.76%      
client [53] (testset)   loss: 0.2079 -> 0.2149  accuracy: 95.62% -> 95.76%      
client [77] (testset)   loss: 0.2998 -> 0.2501  accuracy: 94.24% -> 93.85%      
client [76] (testset)   loss: 0.2784 -> 0.2729  accuracy: 93.55% -> 93.33%      
client [79] (testset)   loss: 0.4960 -> 0.5699  accuracy: 87.89% -> 89.05%      
client [28] (testset)   loss: 0.1618 -> 0.1631  accuracy: 94.22% -> 93.98%      
client [99] (testset)   loss: 0.2215 -> 0.2256  accuracy: 95.24% -> 95.24%      
---------------------------- TRAINING EPOCH: 110 ----------------------------   
client [97] (testset)   loss: 0.1956 -> 0.1970  accuracy: 96.62% -> 96.89%      
client [86] (testset)   loss: 0.6277 -> 0.6420  accuracy: 87.96% -> 87.96%      
client [34] (testset)   loss: 0.1886 -> 0.1868  accuracy: 95.34% -> 95.63%      
client [73] (testset)   loss: 0.3679 -> 0.3521  accuracy: 90.97% -> 91.03%      
client [5]  (testset)   loss: 0.2391 -> 0.2423  accuracy: 93.86% -> 94.12%      
client [96] (testset)   loss: 0.2888 -> 0.2860  accuracy: 94.85% -> 94.57%      
client [22] (testset)   loss: 0.3278 -> 0.2817  accuracy: 92.62% -> 92.90%      
client [60] (testset)   loss: 0.2133 -> 0.2097  accuracy: 95.60% -> 95.68%      
client [66] (testset)   loss: 0.3326 -> 0.3091  accuracy: 93.28% -> 94.80%      
client [83] (testset)   loss: 0.3117 -> 0.3185  accuracy: 93.56% -> 93.52%      
---------------------------- TRAINING EPOCH: 120 ----------------------------   
client [76] (testset)   loss: 0.2888 -> 0.2941  accuracy: 93.70% -> 93.26%      
client [65] (testset)   loss: 1.0026 -> 0.3778  accuracy: 81.35% -> 89.46%      
client [95] (testset)   loss: 0.2108 -> 0.2193  accuracy: 95.12% -> 95.03%      
client [17] (testset)   loss: 0.3160 -> 0.3333  accuracy: 92.50% -> 91.86%      
client [8]  (testset)   loss: 0.4464 -> 0.4509  accuracy: 90.96% -> 90.72%      
client [35] (testset)   loss: 0.1826 -> 0.1887  accuracy: 96.94% -> 96.91%      
client [98] (testset)   loss: 0.2115 -> 0.2151  accuracy: 95.39% -> 95.64%      
client [53] (testset)   loss: 0.2434 -> 0.2229  accuracy: 95.38% -> 95.91%      
client [43] (testset)   loss: 0.3649 -> 0.4017  accuracy: 89.79% -> 85.73%      
client [64] (testset)   loss: 0.5487 -> 0.7233  accuracy: 87.86% -> 78.37%      
---------------------------- TRAINING EPOCH: 130 ----------------------------   
client [21] (testset)   loss: 0.2738 -> 0.2420  accuracy: 92.55% -> 93.75%      
client [88] (testset)   loss: 0.3520 -> 0.3235  accuracy: 89.86% -> 91.01%      
client [38] (testset)   loss: 0.3876 -> 0.3896  accuracy: 93.03% -> 93.03%      
client [3]  (testset)   loss: 0.1928 -> 0.2005  accuracy: 96.27% -> 95.86%      
client [5]  (testset)   loss: 0.2393 -> 0.2539  accuracy: 94.42% -> 93.86%      
client [41] (testset)   loss: 0.4316 -> 0.3770  accuracy: 88.15% -> 91.79%      
client [7]  (testset)   loss: 0.2987 -> 0.3012  accuracy: 93.74% -> 93.54%      
client [37] (testset)   loss: 0.3235 -> 0.3242  accuracy: 91.30% -> 91.48%      
client [45] (testset)   loss: 0.4633 -> 0.4588  accuracy: 85.81% -> 86.71%      
client [47] (testset)   loss: 0.3336 -> 0.3351  accuracy: 91.28% -> 91.45%      
---------------------------- TRAINING EPOCH: 140 ----------------------------   
client [16] (testset)   loss: 0.4803 -> 0.3980  accuracy: 84.10% -> 91.89%      
client [11] (testset)   loss: 0.3027 -> 0.3109  accuracy: 94.07% -> 93.66%      
client [37] (testset)   loss: 0.3474 -> 0.3388  accuracy: 91.16% -> 91.16%      
client [41] (testset)   loss: 0.3744 -> 0.3808  accuracy: 91.79% -> 91.85%      
client [95] (testset)   loss: 0.2341 -> 0.2401  accuracy: 95.22% -> 95.12%      
client [53] (testset)   loss: 0.2207 -> 0.2299  accuracy: 95.95% -> 95.86%      
client [22] (testset)   loss: 0.2655 -> 0.3236  accuracy: 93.24% -> 92.81%      
client [25] (testset)   loss: 0.2563 -> 0.2626  accuracy: 94.18% -> 94.07%      
client [69] (testset)   loss: 0.5006 -> 0.4976  accuracy: 90.89% -> 90.89%      
client [46] (testset)   loss: 0.1257 -> 0.1356  accuracy: 97.03% -> 97.23%      
---------------------------- TRAINING EPOCH: 150 ----------------------------   
client [47] (testset)   loss: 0.3699 -> 0.3955  accuracy: 91.03% -> 91.54%      
client [69] (testset)   loss: 0.5092 -> 0.5095  accuracy: 90.89% -> 91.34%      
client [82] (testset)   loss: 0.5050 -> 0.4607  accuracy: 80.13% -> 80.83%      
client [45] (testset)   loss: 0.4936 -> 0.5605  accuracy: 85.69% -> 86.29%      
client [7]  (testset)   loss: 0.3000 -> 0.3184  accuracy: 93.41% -> 93.02%      
client [50] (testset)   loss: 0.0983 -> 0.1146  accuracy: 97.44% -> 97.38%      
client [35] (testset)   loss: 0.1904 -> 0.1959  accuracy: 96.91% -> 96.91%      
client [24] (testset)   loss: 0.2499 -> 0.2653  accuracy: 94.52% -> 94.60%      
client [15] (testset)   loss: 0.2288 -> 0.2411  accuracy: 92.05% -> 92.49%      
client [58] (testset)   loss: 0.1503 -> 0.1550  accuracy: 97.81% -> 97.76%      
---------------------------- TRAINING EPOCH: 160 ----------------------------   
client [48] (testset)   loss: 1.0364 -> 0.7933  accuracy: 71.32% -> 81.40%      
client [76] (testset)   loss: 0.3011 -> 0.3113  accuracy: 93.62% -> 93.84%      
client [67] (testset)   loss: 0.3776 -> 0.3671  accuracy: 90.07% -> 90.44%      
client [37] (testset)   loss: 0.3453 -> 0.3644  accuracy: 91.45% -> 91.55%      
client [58] (testset)   loss: 0.1521 -> 0.1589  accuracy: 97.86% -> 97.78%      
client [64] (testset)   loss: 0.5861 -> 0.5892  accuracy: 88.61% -> 86.72%      
client [77] (testset)   loss: 0.3200 -> 0.3291  accuracy: 94.62% -> 94.37%      
client [55] (testset)   loss: 0.3707 -> 0.4399  accuracy: 90.98% -> 89.06%      
client [12] (testset)   loss: 0.6050 -> 0.6213  accuracy: 91.53% -> 91.53%      
client [89] (testset)   loss: 0.4772 -> 0.5007  accuracy: 88.68% -> 88.79%      
---------------------------- TRAINING EPOCH: 170 ----------------------------   
client [84] (testset)   loss: 0.3262 -> 0.3272  accuracy: 93.84% -> 93.71%      
client [51] (testset)   loss: 0.3593 -> 0.3760  accuracy: 92.09% -> 93.24%      
client [8]  (testset)   loss: 0.5307 -> 0.5443  accuracy: 90.60% -> 90.49%      
client [18] (testset)   loss: 0.2644 -> 0.2681  accuracy: 93.84% -> 94.38%      
client [94] (testset)   loss: 0.1900 -> 0.1940  accuracy: 95.86% -> 95.98%      
client [81] (testset)   loss: 0.5446 -> 0.5713  accuracy: 86.70% -> 86.77%      
client [3]  (testset)   loss: 0.2230 -> 0.2305  accuracy: 96.11% -> 96.11%      
client [11] (testset)   loss: 0.3325 -> 0.3366  accuracy: 94.00% -> 94.00%      
client [95] (testset)   loss: 0.2581 -> 0.2594  accuracy: 94.93% -> 95.17%      
client [67] (testset)   loss: 0.3634 -> 0.4201  accuracy: 89.89% -> 91.91%      
---------------------------- TRAINING EPOCH: 180 ----------------------------   
client [21] (testset)   loss: 0.2573 -> 0.2692  accuracy: 93.60% -> 94.19%      
client [79] (testset)   loss: 0.6449 -> 0.6111  accuracy: 88.95% -> 87.89%      
client [58] (testset)   loss: 0.1634 -> 0.1625  accuracy: 97.76% -> 97.68%      
client [88] (testset)   loss: 0.3427 -> 0.3520  accuracy: 90.58% -> 90.86%      
client [46] (testset)   loss: 0.1411 -> 0.1467  accuracy: 96.91% -> 97.23%      
client [11] (testset)   loss: 0.3349 -> 0.3415  accuracy: 93.86% -> 93.93%      
client [55] (testset)   loss: 0.4121 -> 0.4043  accuracy: 91.12% -> 91.01%      
client [13] (testset)   loss: 0.2525 -> 0.2526  accuracy: 96.12% -> 96.12%      
client [31] (testset)   loss: 0.3720 -> 0.3841  accuracy: 92.82% -> 92.98%      
client [75] (testset)   loss: 0.5445 -> 0.5560  accuracy: 90.47% -> 90.24%      
---------------------------- TRAINING EPOCH: 190 ----------------------------   
client [19] (testset)   loss: 0.3264 -> 0.3322  accuracy: 94.18% -> 94.26%      
client [7]  (testset)   loss: 0.3383 -> 0.3430  accuracy: 93.80% -> 93.28%      
client [57] (testset)   loss: 0.1637 -> 0.1684  accuracy: 96.24% -> 96.35%      
client [13] (testset)   loss: 0.2503 -> 0.2577  accuracy: 96.32% -> 96.12%      
client [43] (testset)   loss: 0.4851 -> 0.4261  accuracy: 90.41% -> 89.30%      
client [91] (testset)   loss: 0.1823 -> 0.1837  accuracy: 96.74% -> 96.90%      
client [10] (testset)   loss: 0.3810 -> 0.3761  accuracy: 88.81% -> 88.67%      
client [64] (testset)   loss: 0.6570 -> 0.6523  accuracy: 86.34% -> 85.77%      
client [82] (testset)   loss: 0.5012 -> 0.5790  accuracy: 81.23% -> 80.50%      
client [22] (testset)   loss: 0.3585 -> 0.3428  accuracy: 92.76% -> 92.57%      
---------------------------- TRAINING EPOCH: 200 ----------------------------   
client [20] (testset)   loss: 0.3459 -> 0.3532  accuracy: 92.14% -> 92.05%      
client [23] (testset)   loss: 0.4555 -> 0.4703  accuracy: 82.94% -> 83.57%      
client [88] (testset)   loss: 0.3520 -> 0.3662  accuracy: 90.86% -> 91.29%      
client [98] (testset)   loss: 0.2573 -> 0.2573  accuracy: 95.59% -> 95.54%      
client [79] (testset)   loss: 0.6698 -> 0.6941  accuracy: 88.53% -> 88.63%      
client [21] (testset)   loss: 0.2795 -> 0.2669  accuracy: 93.82% -> 94.48%      
client [92] (testset)   loss: 0.4359 -> 0.4575  accuracy: 91.97% -> 92.93%      
client [56] (testset)   loss: 0.2298 -> 0.2332  accuracy: 96.51% -> 96.44%      
client [5]  (testset)   loss: 0.2897 -> 0.2895  accuracy: 94.12% -> 94.19%      
client [52] (testset)   loss: 0.7122 -> 0.7322  accuracy: 86.15% -> 86.70%      
---------------------------- TRAINING EPOCH: 210 ----------------------------   
client [67] (testset)   loss: 0.4134 -> 1.0966  accuracy: 91.73% -> 84.74%      
client [54] (testset)   loss: 0.3836 -> 0.3961  accuracy: 92.54% -> 93.03%      
client [14] (testset)   loss: 0.4080 -> 0.4230  accuracy: 93.23% -> 93.23%      
client [99] (testset)   loss: 0.2701 -> 0.2832  accuracy: 95.00% -> 95.18%      
client [36] (testset)   loss: 0.2661 -> 0.2763  accuracy: 94.78% -> 94.90%      
client [30] (testset)   loss: 0.4853 -> 0.5032  accuracy: 91.17% -> 91.11%      
client [38] (testset)   loss: 0.4092 -> 0.4213  accuracy: 93.03% -> 93.03%      
client [15] (testset)   loss: 0.3003 -> 0.3030  accuracy: 91.42% -> 92.01%      
client [6]  (testset)   loss: 0.4155 -> 0.4354  accuracy: 93.40% -> 93.12%      
client [53] (testset)   loss: 0.2680 -> 0.2702  accuracy: 95.86% -> 95.95%      
---------------------------- TRAINING EPOCH: 220 ----------------------------   
client [99] (testset)   loss: 0.2911 -> 0.2896  accuracy: 95.18% -> 95.00%      
client [6]  (testset)   loss: 0.4340 -> 0.4404  accuracy: 93.19% -> 93.26%      
client [83] (testset)   loss: 0.3690 -> 0.3604  accuracy: 94.11% -> 93.98%      
client [42] (testset)   loss: 0.4138 -> 0.4201  accuracy: 92.07% -> 92.25%      
client [34] (testset)   loss: 0.2306 -> 0.2338  accuracy: 95.53% -> 95.53%      
client [15] (testset)   loss: 0.3027 -> 0.3246  accuracy: 91.86% -> 91.54%      
client [47] (testset)   loss: 0.5009 -> 0.4987  accuracy: 90.17% -> 90.94%      
client [55] (testset)   loss: 0.4753 -> 0.4327  accuracy: 85.55% -> 90.84%      
client [51] (testset)   loss: 0.3928 -> 0.3922  accuracy: 92.93% -> 92.75%      
client [95] (testset)   loss: 0.2743 -> 0.2784  accuracy: 95.12% -> 95.17%      
---------------------------- TRAINING EPOCH: 230 ----------------------------   
client [71] (testset)   loss: 0.1710 -> 0.1691  accuracy: 96.88% -> 96.84%      
client [15] (testset)   loss: 0.3261 -> 0.3063  accuracy: 91.30% -> 91.58%      
client [33] (testset)   loss: 0.1961 -> 0.1999  accuracy: 96.77% -> 96.86%      
client [99] (testset)   loss: 0.2951 -> 0.2936  accuracy: 94.37% -> 94.98%      
client [90] (testset)   loss: 0.4394 -> 0.4291  accuracy: 91.14% -> 90.85%      
client [57] (testset)   loss: 0.1797 -> 0.1815  accuracy: 96.46% -> 96.46%      
client [27] (testset)   loss: 0.2490 -> 0.2416  accuracy: 95.29% -> 95.64%      
client [78] (testset)   loss: 0.3740 -> 0.4059  accuracy: 91.08% -> 91.08%      
client [36] (testset)   loss: 0.2705 -> 0.2719  accuracy: 94.50% -> 95.47%      
client [88] (testset)   loss: 0.4026 -> 0.3949  accuracy: 89.28% -> 90.79%      
---------------------------- TRAINING EPOCH: 240 ----------------------------   
client [70] (testset)   loss: 0.6623 -> 0.6770  accuracy: 88.70% -> 88.70%      
client [35] (testset)   loss: 0.2091 -> 0.2098  accuracy: 96.80% -> 96.85%      
client [16] (testset)   loss: 0.4688 -> 0.4709  accuracy: 90.19% -> 91.57%      
client [80] (testset)   loss: 0.2539 -> 0.2554  accuracy: 95.84% -> 95.89%      
client [38] (testset)   loss: 0.4259 -> 0.4351  accuracy: 93.13% -> 93.13%      
client [78] (testset)   loss: 0.4185 -> 0.4367  accuracy: 90.85% -> 91.31%      
client [68] (testset)   loss: 0.5264 -> 0.4644  accuracy: 89.63% -> 92.17%      
client [11] (testset)   loss: 0.3690 -> 0.3657  accuracy: 93.52% -> 93.79%      
client [64] (testset)   loss: 0.7014 -> 0.7067  accuracy: 87.67% -> 87.48%      
client [82] (testset)   loss: 0.6301 -> 0.6797  accuracy: 80.28% -> 79.95%      
---------------------------- TRAINING EPOCH: 250 ----------------------------   
client [30] (testset)   loss: 0.5435 -> 0.5500  accuracy: 91.17% -> 91.66%      
client [27] (testset)   loss: 0.2414 -> 0.2436  accuracy: 95.59% -> 95.59%      
client [74] (testset)   loss: 0.4654 -> 0.3534  accuracy: 92.07% -> 93.94%      
client [45] (testset)   loss: 0.6112 -> 0.6460  accuracy: 86.53% -> 86.17%      
client [6]  (testset)   loss: 0.4412 -> 0.4386  accuracy: 93.33% -> 93.04%      
client [36] (testset)   loss: 0.2858 -> 0.2857  accuracy: 95.01% -> 95.30%      
client [63] (testset)   loss: 0.2392 -> 0.2294  accuracy: 95.79% -> 96.10%      
client [76] (testset)   loss: 0.3341 -> 0.3380  accuracy: 93.26% -> 93.26%      
client [83] (testset)   loss: 0.3767 -> 0.3820  accuracy: 93.93% -> 93.98%      
client [86] (testset)   loss: 0.8081 -> 0.8249  accuracy: 88.48% -> 88.17%      
---------------------------- TRAINING EPOCH: 260 ----------------------------   
client [83] (testset)   loss: 0.3810 -> 0.3796  accuracy: 94.02% -> 94.02%      
client [99] (testset)   loss: 0.3085 -> 0.3117  accuracy: 94.95% -> 95.18%      
client [74] (testset)   loss: 0.3514 -> 0.3577  accuracy: 93.83% -> 93.72%      
client [73] (testset)   loss: 0.4932 -> 0.5178  accuracy: 90.97% -> 91.09%      
client [29] (testset)   loss: 0.3262 -> 0.3190  accuracy: 92.22% -> 92.17%      
client [92] (testset)   loss: 0.5045 -> 0.5157  accuracy: 92.38% -> 92.65%      
client [6]  (testset)   loss: 0.4455 -> 0.4533  accuracy: 93.33% -> 93.33%      
client [61] (testset)   loss: 0.6665 -> 0.7037  accuracy: 86.50% -> 86.15%      
client [21] (testset)   loss: 0.2974 -> 0.3072  accuracy: 94.22% -> 93.86%      
client [67] (testset)   loss: 0.3940 -> 0.4447  accuracy: 91.54% -> 91.91%      
---------------------------- TRAINING EPOCH: 270 ----------------------------   
client [83] (testset)   loss: 0.3799 -> 0.3864  accuracy: 94.02% -> 94.02%      
client [32] (testset)   loss: 0.3870 -> 0.3886  accuracy: 92.48% -> 92.48%      
client [95] (testset)   loss: 0.2759 -> 0.2746  accuracy: 95.12% -> 95.17%      
client [61] (testset)   loss: 0.8155 -> 0.8429  accuracy: 85.62% -> 86.23%      
client [27] (testset)   loss: 0.2429 -> 0.2450  accuracy: 95.55% -> 95.64%      
client [25] (testset)   loss: 0.2454 -> 0.2650  accuracy: 94.18% -> 94.29%      
client [68] (testset)   loss: 0.4800 -> 0.4862  accuracy: 91.85% -> 92.28%      
client [34] (testset)   loss: 0.2311 -> 0.2333  accuracy: 95.29% -> 95.53%      
client [71] (testset)   loss: 0.1898 -> 0.1906  accuracy: 96.78% -> 96.74%      
client [89] (testset)   loss: 0.5842 -> 0.6003  accuracy: 88.17% -> 88.02%      
---------------------------- TRAINING EPOCH: 280 ----------------------------   
client [78] (testset)   loss: 0.4827 -> 0.4867  accuracy: 91.08% -> 91.08%      
client [81] (testset)   loss: 0.7194 -> 0.7572  accuracy: 86.38% -> 86.31%      
client [51] (testset)   loss: 0.4582 -> 0.4728  accuracy: 92.75% -> 93.06%      
client [54] (testset)   loss: 0.3941 -> 0.3934  accuracy: 93.03% -> 92.79%      
client [65] (testset)   loss: 0.5661 -> 0.5758  accuracy: 88.49% -> 89.60%      
client [41] (testset)   loss: 0.5520 -> 0.5596  accuracy: 90.85% -> 90.78%      
client [11] (testset)   loss: 0.3765 -> 0.3768  accuracy: 93.52% -> 93.86%      
client [85] (testset)   loss: 0.4908 -> 0.5086  accuracy: 93.17% -> 93.26%      
client [12] (testset)   loss: 0.6943 -> 0.7038  accuracy: 91.66% -> 91.66%      
client [23] (testset)   loss: 0.5657 -> 0.5982  accuracy: 82.82% -> 82.65%      
---------------------------- TRAINING EPOCH: 290 ----------------------------   
client [16] (testset)   loss: 0.5047 -> 0.5057  accuracy: 91.32% -> 91.48%      
client [65] (testset)   loss: 0.6067 -> 0.6041  accuracy: 88.90% -> 89.18%      
client [53] (testset)   loss: 0.2892 -> 0.2906  accuracy: 95.86% -> 95.95%      
client [58] (testset)   loss: 0.1736 -> 0.1734  accuracy: 97.78% -> 97.86%      
client [72] (testset)   loss: 0.8425 -> 0.8615  accuracy: 88.74% -> 89.04%      
client [7]  (testset)   loss: 0.3986 -> 0.4041  accuracy: 93.28% -> 92.24%      
client [71] (testset)   loss: 0.1914 -> 0.1938  accuracy: 96.74% -> 96.74%      
client [59] (testset)   loss: 0.4661 -> 0.4680  accuracy: 90.80% -> 90.58%      
client [86] (testset)   loss: 0.8443 -> 0.8517  accuracy: 87.96% -> 87.85%      
client [39] (testset)   loss: 0.3050 -> 0.3117  accuracy: 95.22% -> 95.22%      
---------------------------- TRAINING EPOCH: 300 ----------------------------   
client [99] (testset)   loss: 0.3257 -> 0.3257  accuracy: 95.12% -> 95.00%      
client [7]  (testset)   loss: 0.3908 -> 0.3933  accuracy: 93.28% -> 93.28%      
client [17] (testset)   loss: 0.5681 -> 0.5669  accuracy: 91.52% -> 91.52%      
client [64] (testset)   loss: 0.8082 -> 0.8555  accuracy: 86.72% -> 85.39%      
client [37] (testset)   loss: 0.4945 -> 0.5058  accuracy: 90.73% -> 91.09%      
client [29] (testset)   loss: 0.3484 -> 0.3582  accuracy: 91.55% -> 92.01%      
client [93] (testset)   loss: 0.3514 -> 0.3566  accuracy: 94.10% -> 94.06%      
client [73] (testset)   loss: 0.5469 -> 0.5440  accuracy: 91.21% -> 90.97%      
client [40] (testset)   loss: 0.3735 -> 0.3751  accuracy: 95.10% -> 95.04%      
client [76] (testset)   loss: 0.3512 -> 0.3487  accuracy: 93.55% -> 93.40%      
---------------------------- TRAINING EPOCH: 310 ----------------------------   
client [31] (testset)   loss: 0.4453 -> 0.4494  accuracy: 92.78% -> 92.69%      
client [89] (testset)   loss: 0.6182 -> 0.7083  accuracy: 88.46% -> 87.11%      
client [77] (testset)   loss: 0.4008 -> 0.4052  accuracy: 94.43% -> 94.37%      
client [90] (testset)   loss: 0.5093 -> 0.5169  accuracy: 91.01% -> 90.97%      
client [26] (testset)   loss: 0.3498 -> 0.3785  accuracy: 92.80% -> 93.19%      
client [50] (testset)   loss: 0.1511 -> 0.1503  accuracy: 97.50% -> 97.44%      
client [30] (testset)   loss: 0.5655 -> 0.5684  accuracy: 91.42% -> 91.66%      
client [70] (testset)   loss: 0.7015 -> 0.7096  accuracy: 88.45% -> 88.83%      
client [41] (testset)   loss: 0.5671 -> 0.5756  accuracy: 90.78% -> 90.78%      
client [99] (testset)   loss: 0.3262 -> 0.3459  accuracy: 94.95% -> 95.24%      
---------------------------- TRAINING EPOCH: 320 ----------------------------   
client [68] (testset)   loss: 0.5398 -> 0.5348  accuracy: 91.32% -> 91.64%      
client [70] (testset)   loss: 0.7304 -> 0.7186  accuracy: 88.83% -> 88.96%      
client [52] (testset)   loss: 0.8536 -> 0.8673  accuracy: 86.70% -> 86.70%      
client [1]  (testset)   loss: 0.4134 -> 0.4176  accuracy: 92.50% -> 92.69%      
client [2]  (testset)   loss: 0.2301 -> 0.2275  accuracy: 96.10% -> 96.15%      
client [67] (testset)   loss: 0.4024 -> 0.4162  accuracy: 90.44% -> 90.99%      
client [92] (testset)   loss: 0.5941 -> 0.5934  accuracy: 92.75% -> 92.43%      
client [35] (testset)   loss: 0.2181 -> 0.2208  accuracy: 96.83% -> 96.83%      
client [36] (testset)   loss: 0.3081 -> 0.3112  accuracy: 95.01% -> 95.13%      
client [64] (testset)   loss: 0.8462 -> 0.8438  accuracy: 86.34% -> 86.34%      
---------------------------- TRAINING EPOCH: 330 ----------------------------   
client [44] (testset)   loss: 0.6038 -> 0.6064  accuracy: 90.21% -> 90.32%      
client [6]  (testset)   loss: 0.4646 -> 0.4686  accuracy: 93.12% -> 92.97%      
client [12] (testset)   loss: 0.7171 -> 0.7203  accuracy: 91.78% -> 91.78%      
client [55] (testset)   loss: 0.4591 -> 0.4769  accuracy: 89.90% -> 90.42%      
client [29] (testset)   loss: 0.3679 -> 0.3838  accuracy: 91.86% -> 92.17%      
client [9]  (testset)   loss: 0.3348 -> 0.3384  accuracy: 94.18% -> 94.12%      
client [43] (testset)   loss: 0.5566 -> 0.6718  accuracy: 89.54% -> 83.39%      
client [77] (testset)   loss: 0.4054 -> 0.4081  accuracy: 94.37% -> 94.43%      
client [98] (testset)   loss: 0.2813 -> 0.2851  accuracy: 95.39% -> 95.54%      
client [78] (testset)   loss: 0.5057 -> 0.5124  accuracy: 90.92% -> 90.92%      
---------------------------- TRAINING EPOCH: 340 ----------------------------   
client [92] (testset)   loss: 0.6012 -> 0.6073  accuracy: 92.28% -> 92.48%      
client [80] (testset)   loss: 0.2688 -> 0.2722  accuracy: 95.71% -> 95.80%      
client [63] (testset)   loss: 0.3197 -> 0.2972  accuracy: 96.30% -> 96.13%      
client [76] (testset)   loss: 0.3586 -> 0.3640  accuracy: 93.48% -> 93.26%      
client [78] (testset)   loss: 0.5129 -> 0.5125  accuracy: 91.00% -> 91.00%      
client [25] (testset)   loss: 0.2462 -> 0.2758  accuracy: 94.62% -> 93.74%      
client [58] (testset)   loss: 0.1864 -> 0.1752  accuracy: 97.54% -> 97.71%      
client [13] (testset)   loss: 0.2702 -> 0.2755  accuracy: 96.19% -> 96.12%      
client [17] (testset)   loss: 0.6003 -> 0.5985  accuracy: 91.59% -> 91.48%      
client [38] (testset)   loss: 0.4875 -> 0.4933  accuracy: 93.03% -> 93.03%      
---------------------------- TRAINING EPOCH: 350 ----------------------------   
client [72] (testset)   loss: 0.9627 -> 0.9303  accuracy: 88.44% -> 88.59%      
client [82] (testset)   loss: 0.9401 -> 0.9377  accuracy: 77.45% -> 77.56%      
client [86] (testset)   loss: 0.8940 -> 0.8980  accuracy: 87.43% -> 87.64%      
client [51] (testset)   loss: 0.4682 -> 0.5003  accuracy: 92.87% -> 93.06%      
client [96] (testset)   loss: 0.4263 -> 0.4290  accuracy: 94.90% -> 94.76%      
client [42] (testset)   loss: 0.5081 -> 0.5042  accuracy: 92.19% -> 92.25%      
client [55] (testset)   loss: 0.5098 -> 0.5480  accuracy: 90.77% -> 90.73%      
client [13] (testset)   loss: 0.2706 -> 0.2729  accuracy: 96.06% -> 96.00%      
client [1]  (testset)   loss: 0.4277 -> 0.4328  accuracy: 92.54% -> 92.54%      
client [12] (testset)   loss: 0.7105 -> 0.7245  accuracy: 91.66% -> 91.53%      
---------------------------- TRAINING EPOCH: 360 ----------------------------   
client [68] (testset)   loss: 0.5538 -> 0.5531  accuracy: 91.64% -> 91.64%      
client [23] (testset)   loss: 0.7107 -> 0.7430  accuracy: 82.13% -> 82.36%      
client [46] (testset)   loss: 0.1896 -> 0.1899  accuracy: 97.07% -> 97.07%      
client [41] (testset)   loss: 0.5920 -> 0.5926  accuracy: 90.91% -> 90.66%      
client [25] (testset)   loss: 0.2757 -> 0.2742  accuracy: 94.07% -> 94.40%      
client [58] (testset)   loss: 0.1787 -> 0.1777  accuracy: 97.68% -> 97.73%      
client [14] (testset)   loss: 0.4511 -> 0.4658  accuracy: 92.81% -> 92.93%      
client [33] (testset)   loss: 0.2193 -> 0.2203  accuracy: 96.63% -> 96.54%      
client [85] (testset)   loss: 0.5604 -> 0.5680  accuracy: 93.10% -> 93.07%      
client [62] (testset)   loss: 0.4161 -> 0.4164  accuracy: 93.73% -> 93.78%      
---------------------------- TRAINING EPOCH: 370 ----------------------------   
client [98] (testset)   loss: 0.2911 -> 0.2888  accuracy: 95.44% -> 95.33%      
client [63] (testset)   loss: 0.3210 -> 0.3259  accuracy: 95.90% -> 95.87%      
client [70] (testset)   loss: 0.7562 -> 0.7482  accuracy: 89.09% -> 89.09%      
client [65] (testset)   loss: 0.6689 -> 0.6850  accuracy: 89.04% -> 89.18%      
client [14] (testset)   loss: 0.4816 -> 0.4710  accuracy: 92.93% -> 92.75%      
client [73] (testset)   loss: 0.5646 -> 0.5678  accuracy: 90.59% -> 90.97%      
client [34] (testset)   loss: 0.2547 -> 0.2561  accuracy: 95.58% -> 95.53%      
client [99] (testset)   loss: 0.3269 -> 0.3387  accuracy: 95.15% -> 95.12%      
client [69] (testset)   loss: 0.5908 -> 0.5987  accuracy: 90.89% -> 90.89%      
client [46] (testset)   loss: 0.1903 -> 0.1887  accuracy: 97.11% -> 97.07%      
---------------------------- TRAINING EPOCH: 380 ----------------------------   
client [99] (testset)   loss: 0.3468 -> 0.3610  accuracy: 95.06% -> 93.88%      
client [93] (testset)   loss: 0.3660 -> 0.3691  accuracy: 94.06% -> 94.06%      
client [11] (testset)   loss: 0.3940 -> 0.3963  accuracy: 93.72% -> 93.59%      
client [58] (testset)   loss: 0.1778 -> 0.1797  accuracy: 97.78% -> 97.78%      
client [81] (testset)   loss: 0.8895 -> 0.9074  accuracy: 86.03% -> 86.00%      
client [85] (testset)   loss: 0.5671 -> 0.5717  accuracy: 93.00% -> 93.07%      
client [89] (testset)   loss: 0.7967 -> 0.8123  accuracy: 86.89% -> 88.21%      
client [45] (testset)   loss: 0.7468 -> 0.7146  accuracy: 86.41% -> 87.02%      
client [8]  (testset)   loss: 0.6412 -> 0.6554  accuracy: 90.60% -> 90.60%      
client [68] (testset)   loss: 0.5692 -> 0.5731  accuracy: 91.64% -> 91.53%      
---------------------------- TRAINING EPOCH: 390 ----------------------------   
client [67] (testset)   loss: 0.4365 -> 0.4464  accuracy: 91.36% -> 91.18%      
client [72] (testset)   loss: 0.9498 -> 0.9578  accuracy: 88.59% -> 88.14%      
client [1]  (testset)   loss: 0.4389 -> 0.4442  accuracy: 92.54% -> 92.59%      
client [78] (testset)   loss: 0.5378 -> 0.5456  accuracy: 90.92% -> 90.54%      
client [83] (testset)   loss: 0.4426 -> 0.4423  accuracy: 93.79% -> 93.84%      
client [21] (testset)   loss: 4.5333 -> 0.3336  accuracy: 63.77% -> 93.75%      
client [56] (testset)   loss: 0.2596 -> 0.2605  accuracy: 96.44% -> 96.47%      
client [44] (testset)   loss: 0.6273 -> 0.6375  accuracy: 89.68% -> 89.57%      
client [92] (testset)   loss: 0.6178 -> 0.6146  accuracy: 92.38% -> 92.25%      
client [27] (testset)   loss: 0.2689 -> 0.2703  accuracy: 95.29% -> 95.33%      
---------------------------- TRAINING EPOCH: 400 ----------------------------   
client [10] (testset)   loss: 0.4791 -> 0.4959  accuracy: 87.27% -> 87.83%      
client [39] (testset)   loss: 0.3207 -> 0.3215  accuracy: 95.22% -> 95.10%      
client [65] (testset)   loss: 0.7369 -> 0.7310  accuracy: 89.53% -> 89.18%      
client [26] (testset)   loss: 0.4584 -> 0.5860  accuracy: 91.83% -> 93.15%      
client [19] (testset)   loss: 0.4159 -> 0.4131  accuracy: 94.10% -> 94.14%      
client [68] (testset)   loss: 0.5762 -> 0.5800  accuracy: 91.32% -> 91.43%      
client [41] (testset)   loss: 0.6036 -> 0.6071  accuracy: 90.91% -> 90.72%      
client [50] (testset)   loss: 0.1650 -> 0.1610  accuracy: 97.56% -> 97.56%      
client [75] (testset)   loss: 0.6140 -> 0.6152  accuracy: 90.35% -> 90.47%      
client [81] (testset)   loss: 0.9499 -> 0.9419  accuracy: 86.07% -> 86.14%      
Training... ━━━━━━━━━━━━━━━━━━━━━━━━━━━━━━━━━━━━━━━━ 100% 3:17:21
FedDpa's average time taken by each global epoch: 0 min 27.76 sec.              
FedDpa's total running time: 3 h 17 m 21 s.                                     
==================== FedDpa Experiment Results: ====================            
Display format: (before local fine-tuning) -> (after local fine-tuning)         
 So if finetune_epoch = 0, x.xx% -> 0.00% is normal.                            
 Centralized testing ONLY happens after model aggregation, so the stats between 
'->' are the same.                                                              
{                                                                               
    "100": {                                                                    
        "all_clients": {                                                        
            "test": {                                                           
                "loss": "0.2807 -> 0.0000",                                     
                "accuracy": "92.87% -> 0.00%"                                   
            }                                                                   
        }                                                                       
    },                                                                          
    "200": {                                                                    
        "all_clients": {                                                        
            "test": {                                                           
                "loss": "0.3372 -> 0.0000",                                     
                "accuracy": "93.12% -> 0.00%"                                   
            }                                                                   
        }                                                                       
    },                                                                          
    "300": {                                                                    
        "all_clients": {                                                        
            "test": {                                                           
                "loss": "0.4015 -> 0.0000",                                     
                "accuracy": "92.89% -> 0.00%"                                   
            }                                                                   
        }                                                                       
    },                                                                          
    "400": {                                                                    
        "all_clients": {                                                        
            "test": {                                                           
                "loss": "0.4502 -> 0.0000",                                     
                "accuracy": "92.98% -> 0.00%"                                   
            }                                                                   
        }                                                                       
    }                                                                           
}                                                                               
==================== FedDpa Max Accuracy ====================                   
all_clients:                                                                    
(test) before fine-tuning: 93.12% at epoch 200                                  
(test) after fine-tuning: 0.00% at epoch 100                                    
