==================== SFL ====================                                  
Experiment Arguments:                                                          
{
    'method': 'sfl',
    'dataset': {
        'name': 'medmnistC',
        'client_num': 100,
        'test_ratio': 0.25,
        'val_ratio': 0.0,
        'seed': 42,
        'split': 'sample',
        'IID_ratio': 0.0,
        'monitor_window_name_suffix': 'medmnistC-100clients-0%IID-Dir(1.0)-seed42',
        'alpha': 1.0,
        'min_samples_per_client': 10
    },
    'model': {
        'name': 'lenet5',
        'use_torchvision_pretrained_weights': True,
        'external_model_weights_path': None
    },
    'optimizer': {
        'lr': 0.01,
        'dampening': 0,
        'weight_decay': 0,
        'momentum': 0,
        'nesterov': False,
        'name': 'sgd'
    },
    'mode': 'sequential',
    'parallel': {
        'ray_cluster_addr': None,
        'num_cpus': None,
        'num_gpus': None,
        'num_workers': 2
    },
    'common': {
        'seed': 42,
        'join_ratio': 0.1,
        'global_epoch': 400,
        'local_epoch': 5,
        'batch_size': 32,
        'reset_optimizer_on_global_epoch': True,
        'straggler_ratio': 0,
        'straggler_min_local_epoch': 0,
        'buffers': 'global',
        'client_side_evaluation': True,
        'test': {
            'client': {
                'interval': 100,
                'finetune_epoch': 0,
                'train': False,
                'val': False,
                'test': True
            },
            'server': {
                'interval': -1,
                'train': False,
                'val': False,
                'test': False,
                'model_in_train_mode': False
            }
        },
        'verbose_gap': 10,
        'monitor': None,
        'use_cuda': True,
        'save_log': True,
        'save_model': False,
        'save_learning_curve_plot': False,
        'save_metrics': True,
        'delete_useless_run': True
    }
}
---------------------------- TRAINING EPOCH: 10 ----------------------------   
client [77] (testset)   loss: 3.0259 -> 2.2963  accuracy: 0.00% -> 16.67%      
client [81] (testset)   loss: 2.3061 -> 2.0496  accuracy: 4.05% -> 35.14%      
client [21] (testset)   loss: 2.5799 -> 2.1289  accuracy: 1.75% -> 26.32%      
client [68] (testset)   loss: 2.3025 -> 1.8001  accuracy: 0.00% -> 37.78%      
client [93] (testset)   loss: 2.4220 -> 1.7049  accuracy: 7.61% -> 45.65%      
client [31] (testset)   loss: 3.2167 -> 2.1976  accuracy: 22.22% -> 22.22%     
client [20] (testset)   loss: 2.4384 -> 2.3045  accuracy: 4.92% -> 18.03%      
client [59] (testset)   loss: 2.4516 -> 2.2644  accuracy: 1.15% -> 24.14%      
client [48] (testset)   loss: 2.3807 -> 2.3176  accuracy: 17.39% -> 17.39%     
client [34] (testset)   loss: 2.2153 -> 2.0085  accuracy: 31.15% -> 31.15%     
---------------------------- TRAINING EPOCH: 20 ----------------------------   
client [69] (testset)   loss: 2.4955 -> 2.3725  accuracy: 17.65% -> 17.65%     
client [99] (testset)   loss: 2.3157 -> 2.2890  accuracy: 0.00% -> 20.51%      
client [67] (testset)   loss: 2.3297 -> 2.2589  accuracy: 22.81% -> 22.81%     
client [0]  (testset)   loss: 2.1373 -> 1.7583  accuracy: 20.55% -> 36.99%     
client [76] (testset)   loss: 2.8444 -> 2.1288  accuracy: 0.00% -> 27.78%      
client [41] (testset)   loss: 2.3518 -> 2.2057  accuracy: 26.92% -> 26.92%     
client [62] (testset)   loss: 2.2953 -> 2.1746  accuracy: 3.45% -> 41.38%      
client [2]  (testset)   loss: 2.2170 -> 1.8479  accuracy: 2.41% -> 49.40%      
client [14] (testset)   loss: 2.2922 -> 2.1357  accuracy: 31.88% -> 31.88%     
client [46] (testset)   loss: 2.4853 -> 2.2081  accuracy: 2.13% -> 2.13%       
---------------------------- TRAINING EPOCH: 30 ----------------------------   
client [24] (testset)   loss: 2.4969 -> 2.4502  accuracy: 0.00% -> 0.00%       
client [68] (testset)   loss: 2.2913 -> 2.1779  accuracy: 31.11% -> 31.11%     
client [57] (testset)   loss: 2.3358 -> 2.2126  accuracy: 17.39% -> 17.39%     
client [17] (testset)   loss: 2.3780 -> 2.0627  accuracy: 20.00% -> 32.00%     
client [54] (testset)   loss: 2.8507 -> 2.3830  accuracy: 0.00% -> 18.75%      
client [23] (testset)   loss: 2.3496 -> 2.1427  accuracy: 5.88% -> 20.59%      
client [35] (testset)   loss: 2.6474 -> 2.3303  accuracy: 11.11% -> 11.11%     
client [59] (testset)   loss: 2.2994 -> 2.1804  accuracy: 24.14% -> 24.14%     
client [31] (testset)   loss: 2.5652 -> 2.1350  accuracy: 22.22% -> 22.22%     
client [9]  (testset)   loss: 2.7027 -> 2.3890  accuracy: 11.11% -> 11.11%     
---------------------------- TRAINING EPOCH: 40 ----------------------------   
client [64] (testset)   loss: 2.3708 -> 2.3524  accuracy: 20.00% -> 20.00%     
client [33] (testset)   loss: 2.4365 -> 2.3815  accuracy: 0.00% -> 0.00%       
client [16] (testset)   loss: 2.4077 -> 2.3894  accuracy: 6.67% -> 6.67%       
client [44] (testset)   loss: 2.2993 -> 2.2785  accuracy: 12.50% -> 12.50%     
client [8]  (testset)   loss: 2.1308 -> 2.0669  accuracy: 34.17% -> 34.17%     
client [31] (testset)   loss: 2.4974 -> 2.4481  accuracy: 22.22% -> 22.22%     
client [47] (testset)   loss: 2.3254 -> 2.1334  accuracy: 16.67% -> 16.67%     
client [36] (testset)   loss: 2.4744 -> 2.3936  accuracy: 4.08% -> 4.08%       
client [20] (testset)   loss: 2.4111 -> 2.3634  accuracy: 4.92% -> 4.92%       
client [56] (testset)   loss: 2.3770 -> 2.3306  accuracy: 32.73% -> 32.73%     
---------------------------- TRAINING EPOCH: 50 ----------------------------   
client [4]  (testset)   loss: 2.2959 -> 2.2342  accuracy: 30.19% -> 30.19%     
client [60] (testset)   loss: 2.4349 -> 2.3772  accuracy: 11.43% -> 11.43%     
client [28] (testset)   loss: 2.2609 -> 2.2318  accuracy: 31.51% -> 31.51%     
client [25] (testset)   loss: 2.3993 -> 2.3571  accuracy: 10.00% -> 10.00%     
client [58] (testset)   loss: 2.1470 -> 1.6990  accuracy: 42.47% -> 42.47%     
client [44] (testset)   loss: 2.4803 -> 2.1373  accuracy: 12.50% -> 23.21%     
client [39] (testset)   loss: 2.1085 -> 1.4076  accuracy: 0.00% -> 53.77%      
client [29] (testset)   loss: 2.5257 -> 1.9297  accuracy: 37.66% -> 37.66%     
client [3]  (testset)   loss: 2.5825 -> 2.3911  accuracy: 14.81% -> 14.81%     
client [84] (testset)   loss: 2.1041 -> 1.6848  accuracy: 38.53% -> 38.53%     
---------------------------- TRAINING EPOCH: 60 ----------------------------   
client [21] (testset)   loss: 2.6079 -> 2.1008  accuracy: 3.51% -> 26.32%      
client [84] (testset)   loss: 2.5119 -> 1.6908  accuracy: 3.67% -> 38.53%      
client [10] (testset)   loss: 3.7801 -> 2.6596  accuracy: 5.56% -> 5.56%       
client [36] (testset)   loss: 2.6876 -> 2.3703  accuracy: 4.08% -> 4.08%       
client [65] (testset)   loss: 2.4773 -> 2.3408  accuracy: 0.00% -> 0.00%       
client [81] (testset)   loss: 2.3452 -> 2.1504  accuracy: 4.05% -> 35.14%      
client [79] (testset)   loss: 2.5362 -> 2.3343  accuracy: 0.00% -> 19.23%      
client [42] (testset)   loss: 2.3633 -> 2.3409  accuracy: 5.36% -> 5.36%       
client [11] (testset)   loss: 2.2813 -> 2.1423  accuracy: 12.50% -> 30.36%     
client [96] (testset)   loss: 2.2931 -> 2.1766  accuracy: 7.14% -> 30.36%      
---------------------------- TRAINING EPOCH: 70 ----------------------------   
client [8]  (testset)   loss: 2.1605 -> 2.0801  accuracy: 34.17% -> 34.17%     
client [53] (testset)   loss: 2.1110 -> 2.0817  accuracy: 38.71% -> 38.71%     
client [52] (testset)   loss: 2.5876 -> 1.6415  accuracy: 7.14% -> 57.14%      
client [42] (testset)   loss: 2.6182 -> 2.3587  accuracy: 16.07% -> 5.36%      
client [69] (testset)   loss: 2.6398 -> 2.4993  accuracy: 7.84% -> 7.84%       
client [59] (testset)   loss: 2.2449 -> 2.2150  accuracy: 24.14% -> 24.14%     
client [7]  (testset)   loss: 2.1423 -> 2.1050  accuracy: 32.79% -> 32.79%     
client [26] (testset)   loss: 2.6169 -> 2.4377  accuracy: 3.51% -> 3.51%       
client [49] (testset)   loss: 2.3643 -> 2.2037  accuracy: 24.24% -> 24.24%     
client [98] (testset)   loss: 2.1804 -> 2.0794  accuracy: 37.74% -> 37.74%     
---------------------------- TRAINING EPOCH: 80 ----------------------------   
client [98] (testset)   loss: 2.2368 -> 2.1678  accuracy: 37.74% -> 37.74%     
client [47] (testset)   loss: 2.3334 -> 1.9171  accuracy: 16.67% -> 16.67%     
client [21] (testset)   loss: 2.4734 -> 2.0352  accuracy: 24.56% -> 26.32%     
client [77] (testset)   loss: 2.8698 -> 2.2903  accuracy: 0.00% -> 16.67%      
client [95] (testset)   loss: 2.3757 -> 2.2588  accuracy: 16.44% -> 16.44%     
client [91] (testset)   loss: 2.4416 -> 2.3815  accuracy: 10.34% -> 10.34%     
client [14] (testset)   loss: 2.2570 -> 2.2107  accuracy: 31.88% -> 31.88%     
client [99] (testset)   loss: 2.2536 -> 2.2427  accuracy: 20.51% -> 20.51%     
client [20] (testset)   loss: 2.4195 -> 2.2590  accuracy: 4.92% -> 18.03%      
client [39] (testset)   loss: 2.1111 -> 1.4032  accuracy: 26.42% -> 53.77%     
---------------------------- TRAINING EPOCH: 90 ----------------------------   
client [52] (testset)   loss: 2.5518 -> 2.3609  accuracy: 7.14% -> 7.14%       
client [62] (testset)   loss: 2.3540 -> 2.2864  accuracy: 3.45% -> 3.45%       
client [71] (testset)   loss: 2.3320 -> 2.2767  accuracy: 23.33% -> 23.33%     
client [97] (testset)   loss: 2.4245 -> 2.3478  accuracy: 12.12% -> 12.12%     
client [30] (testset)   loss: 2.4140 -> 2.3844  accuracy: 12.12% -> 12.12%     
client [88] (testset)   loss: 2.3474 -> 2.2940  accuracy: 14.04% -> 22.81%     
client [60] (testset)   loss: 2.4368 -> 2.3723  accuracy: 14.29% -> 14.29%     
client [82] (testset)   loss: 2.2108 -> 2.0780  accuracy: 4.48% -> 40.30%      
client [91] (testset)   loss: 2.3143 -> 2.2561  accuracy: 10.34% -> 10.34%     
client [57] (testset)   loss: 2.2405 -> 2.0742  accuracy: 17.39% -> 34.78%     
---------------------------- TRAINING EPOCH: 100 ----------------------------  
client [31] (testset)   loss: 2.4733 -> 2.4297  accuracy: 22.22% -> 22.22%     
client [15] (testset)   loss: 2.0617 -> 1.9608  accuracy: 61.04% -> 61.04%     
client [71] (testset)   loss: 2.3017 -> 2.2842  accuracy: 23.33% -> 23.33%     
client [97] (testset)   loss: 2.3609 -> 2.3012  accuracy: 12.12% -> 12.12%     
client [53] (testset)   loss: 2.1651 -> 2.1379  accuracy: 38.71% -> 38.71%     
client [77] (testset)   loss: 2.3818 -> 2.3487  accuracy: 16.67% -> 16.67%     
client [76] (testset)   loss: 2.1813 -> 2.1669  accuracy: 27.78% -> 27.78%     
client [79] (testset)   loss: 2.2933 -> 2.2765  accuracy: 19.23% -> 19.23%     
client [28] (testset)   loss: 2.2068 -> 2.1992  accuracy: 31.51% -> 31.51%     
client [99] (testset)   loss: 2.2820 -> 2.2724  accuracy: 20.51% -> 20.51%     
---------------------------- TRAINING EPOCH: 110 ----------------------------  
client [97] (testset)   loss: 2.3812 -> 2.3176  accuracy: 12.12% -> 12.12%     
client [86] (testset)   loss: 1.9444 -> 1.9080  accuracy: 48.44% -> 48.44%     
client [34] (testset)   loss: 2.2154 -> 2.1847  accuracy: 31.15% -> 31.15%     
client [73] (testset)   loss: 2.4058 -> 2.3911  accuracy: 12.28% -> 12.28%     
client [5]  (testset)   loss: 2.4868 -> 2.4329  accuracy: 2.17% -> 2.17%       
client [96] (testset)   loss: 2.2247 -> 2.2082  accuracy: 30.36% -> 30.36%     
client [22] (testset)   loss: 2.5440 -> 2.4711  accuracy: 4.00% -> 4.00%       
client [60] (testset)   loss: 2.4711 -> 2.4530  accuracy: 11.43% -> 11.43%     
client [66] (testset)   loss: 2.2525 -> 2.2425  accuracy: 19.05% -> 19.05%     
client [83] (testset)   loss: 2.4700 -> 2.4389  accuracy: 0.00% -> 0.00%       
---------------------------- TRAINING EPOCH: 120 ----------------------------  
client [76] (testset)   loss: 2.1260 -> 2.0260  accuracy: 8.33% -> 27.78%      
client [65] (testset)   loss: 2.6915 -> 2.3459  accuracy: 0.00% -> 0.00%       
client [95] (testset)   loss: 2.4724 -> 2.2773  accuracy: 16.44% -> 16.44%     
client [17] (testset)   loss: 2.4517 -> 2.3950  accuracy: 20.00% -> 20.00%     
client [8]  (testset)   loss: 2.1735 -> 2.0849  accuracy: 34.17% -> 34.17%     
client [35] (testset)   loss: 2.4318 -> 2.4044  accuracy: 11.11% -> 11.11%     
client [98] (testset)   loss: 2.1891 -> 2.1750  accuracy: 37.74% -> 37.74%     
client [53] (testset)   loss: 2.1098 -> 2.0938  accuracy: 38.71% -> 38.71%     
client [43] (testset)   loss: 1.9079 -> 1.8065  accuracy: 57.89% -> 57.89%     
client [64] (testset)   loss: 2.3814 -> 2.3461  accuracy: 20.00% -> 20.00%     
---------------------------- TRAINING EPOCH: 130 ----------------------------  
client [21] (testset)   loss: 2.4278 -> 2.2360  accuracy: 1.75% -> 26.32%      
client [88] (testset)   loss: 2.6637 -> 2.3389  accuracy: 1.75% -> 14.04%      
client [38] (testset)   loss: 2.2600 -> 2.2471  accuracy: 24.32% -> 24.32%     
client [3]  (testset)   loss: 2.3972 -> 2.3885  accuracy: 14.81% -> 14.81%     
client [5]  (testset)   loss: 2.3757 -> 2.3325  accuracy: 2.17% -> 2.17%       
client [41] (testset)   loss: 2.3650 -> 2.3234  accuracy: 26.92% -> 26.92%     
client [7]  (testset)   loss: 2.2081 -> 2.1583  accuracy: 32.79% -> 32.79%     
client [37] (testset)   loss: 2.3019 -> 2.2343  accuracy: 9.52% -> 9.52%       
client [45] (testset)   loss: 2.2302 -> 2.2148  accuracy: 34.78% -> 34.78%     
client [47] (testset)   loss: 2.3740 -> 2.3126  accuracy: 16.67% -> 16.67%     
---------------------------- TRAINING EPOCH: 140 ----------------------------  
client [16] (testset)   loss: 2.4998 -> 2.4619  accuracy: 6.67% -> 6.67%       
client [11] (testset)   loss: 2.2376 -> 2.1967  accuracy: 12.50% -> 12.50%     
client [37] (testset)   loss: 2.2041 -> 2.0585  accuracy: 9.52% -> 40.48%      
client [41] (testset)   loss: 2.1751 -> 2.1134  accuracy: 26.92% -> 26.92%     
client [95] (testset)   loss: 2.1548 -> 2.0556  accuracy: 34.25% -> 34.25%     
client [53] (testset)   loss: 2.3688 -> 2.1588  accuracy: 8.06% -> 38.71%      
client [22] (testset)   loss: 2.6366 -> 2.4349  accuracy: 4.00% -> 4.00%       
client [25] (testset)   loss: 2.4112 -> 2.3973  accuracy: 10.00% -> 10.00%     
client [69] (testset)   loss: 2.5834 -> 2.5065  accuracy: 7.84% -> 7.84%       
client [46] (testset)   loss: 2.1545 -> 2.0270  accuracy: 2.13% -> 48.94%      
---------------------------- TRAINING EPOCH: 150 ----------------------------  
client [47] (testset)   loss: 2.3196 -> 2.2682  accuracy: 16.67% -> 16.67%     
client [69] (testset)   loss: 2.6021 -> 2.5642  accuracy: 7.84% -> 7.84%       
client [82] (testset)   loss: 2.1435 -> 2.1111  accuracy: 40.30% -> 40.30%     
client [45] (testset)   loss: 2.2167 -> 2.2057  accuracy: 34.78% -> 34.78%     
client [7]  (testset)   loss: 2.1293 -> 2.1134  accuracy: 32.79% -> 32.79%     
client [50] (testset)   loss: 2.2426 -> 2.2133  accuracy: 29.87% -> 29.87%     
client [35] (testset)   loss: 2.3899 -> 2.3654  accuracy: 11.11% -> 11.11%     
client [24] (testset)   loss: 2.7145 -> 2.6840  accuracy: 0.00% -> 0.00%       
client [15] (testset)   loss: 1.9195 -> 1.8479  accuracy: 61.04% -> 61.04%     
client [58] (testset)   loss: 2.0340 -> 1.9918  accuracy: 42.47% -> 42.47%     
---------------------------- TRAINING EPOCH: 160 ----------------------------  
client [48] (testset)   loss: 2.3829 -> 2.3554  accuracy: 17.39% -> 17.39%     
client [76] (testset)   loss: 2.2665 -> 2.1999  accuracy: 27.78% -> 27.78%     
client [67] (testset)   loss: 2.2268 -> 2.1800  accuracy: 22.81% -> 22.81%     
client [37] (testset)   loss: 2.2934 -> 2.0681  accuracy: 9.52% -> 40.48%      
client [58] (testset)   loss: 2.4705 -> 1.8486  accuracy: 1.37% -> 42.47%      
client [64] (testset)   loss: 2.4013 -> 2.2268  accuracy: 20.00% -> 20.00%     
client [77] (testset)   loss: 2.3736 -> 2.1715  accuracy: 16.67% -> 16.67%     
client [55] (testset)   loss: 2.2713 -> 2.0656  accuracy: 42.62% -> 42.62%     
client [12] (testset)   loss: 2.5968 -> 2.3506  accuracy: 0.00% -> 0.00%       
client [89] (testset)   loss: 2.1612 -> 2.0186  accuracy: 46.88% -> 46.88%     
---------------------------- TRAINING EPOCH: 170 ----------------------------  
client [84] (testset)   loss: 3.1699 -> 1.7255  accuracy: 0.92% -> 38.53%      
client [51] (testset)   loss: 2.2084 -> 1.8550  accuracy: 47.42% -> 47.42%     
client [8]  (testset)   loss: 2.4300 -> 1.9488  accuracy: 34.17% -> 34.17%     
client [18] (testset)   loss: 2.5010 -> 2.3261  accuracy: 11.63% -> 11.63%     
client [94] (testset)   loss: 2.4266 -> 2.0540  accuracy: 19.51% -> 31.71%     
client [81] (testset)   loss: 2.5651 -> 2.0253  accuracy: 8.11% -> 35.14%      
client [3]  (testset)   loss: 2.7399 -> 2.4492  accuracy: 5.56% -> 9.26%       
client [11] (testset)   loss: 2.3891 -> 1.9993  accuracy: 12.50% -> 21.43%     
client [95] (testset)   loss: 2.2257 -> 1.9920  accuracy: 5.48% -> 34.25%      
client [67] (testset)   loss: 2.6519 -> 2.1661  accuracy: 17.54% -> 17.54%     
---------------------------- TRAINING EPOCH: 180 ----------------------------  
client [21] (testset)   loss: 2.3710 -> 2.0033  accuracy: 24.56% -> 26.32%     
client [79] (testset)   loss: 2.4641 -> 2.2520  accuracy: 11.54% -> 21.15%     
client [58] (testset)   loss: 2.4150 -> 1.7492  accuracy: 1.37% -> 42.47%      
client [88] (testset)   loss: 2.4171 -> 2.1993  accuracy: 14.04% -> 22.81%     
client [46] (testset)   loss: 2.5576 -> 1.8320  accuracy: 6.38% -> 48.94%      
client [11] (testset)   loss: 2.2781 -> 2.0477  accuracy: 30.36% -> 30.36%     
client [55] (testset)   loss: 2.4906 -> 2.1131  accuracy: 3.28% -> 42.62%      
client [13] (testset)   loss: 2.3300 -> 2.3084  accuracy: 19.44% -> 19.44%     
client [31] (testset)   loss: 2.5467 -> 2.4820  accuracy: 22.22% -> 22.22%     
client [75] (testset)   loss: 2.4660 -> 2.2753  accuracy: 1.85% -> 22.22%      
---------------------------- TRAINING EPOCH: 190 ----------------------------  
client [19] (testset)   loss: 2.6448 -> 2.5904  accuracy: 3.57% -> 3.57%       
client [7]  (testset)   loss: 2.1952 -> 2.1726  accuracy: 32.79% -> 32.79%     
client [57] (testset)   loss: 2.2561 -> 2.2170  accuracy: 17.39% -> 17.39%     
client [13] (testset)   loss: 2.3323 -> 2.3231  accuracy: 19.44% -> 19.44%     
client [43] (testset)   loss: 2.1063 -> 1.9693  accuracy: 57.89% -> 57.89%     
client [91] (testset)   loss: 2.3594 -> 2.3365  accuracy: 10.34% -> 10.34%     
client [10] (testset)   loss: 2.7769 -> 2.7566  accuracy: 5.56% -> 5.56%       
client [64] (testset)   loss: 2.3176 -> 2.3022  accuracy: 20.00% -> 20.00%     
client [82] (testset)   loss: 2.0790 -> 2.0540  accuracy: 40.30% -> 40.30%     
client [22] (testset)   loss: 2.5570 -> 2.4772  accuracy: 4.00% -> 4.00%       
---------------------------- TRAINING EPOCH: 200 ----------------------------  
client [20] (testset)   loss: 2.4655 -> 2.4285  accuracy: 4.92% -> 4.92%       
client [23] (testset)   loss: 2.3946 -> 2.3804  accuracy: 20.59% -> 20.59%     
client [88] (testset)   loss: 2.4143 -> 2.3863  accuracy: 14.04% -> 14.04%     
client [98] (testset)   loss: 2.1750 -> 2.1596  accuracy: 37.74% -> 37.74%     
client [79] (testset)   loss: 2.3875 -> 2.3650  accuracy: 19.23% -> 19.23%     
client [21] (testset)   loss: 2.3396 -> 2.3059  accuracy: 24.56% -> 24.56%     
client [92] (testset)   loss: 2.4522 -> 2.4135  accuracy: 7.35% -> 7.35%       
client [56] (testset)   loss: 2.2992 -> 2.2843  accuracy: 32.73% -> 32.73%     
client [5]  (testset)   loss: 2.4500 -> 2.4084  accuracy: 2.17% -> 2.17%       
client [52] (testset)   loss: 2.6432 -> 2.5082  accuracy: 7.14% -> 7.14%       
---------------------------- TRAINING EPOCH: 210 ----------------------------  
client [67] (testset)   loss: 2.2559 -> 2.2416  accuracy: 22.81% -> 22.81%     
client [54] (testset)   loss: 2.4243 -> 2.4002  accuracy: 3.12% -> 3.12%       
client [14] (testset)   loss: 2.2917 -> 2.2761  accuracy: 31.88% -> 31.88%     
client [99] (testset)   loss: 2.2820 -> 2.2740  accuracy: 20.51% -> 20.51%     
client [36] (testset)   loss: 2.3440 -> 2.3220  accuracy: 4.08% -> 4.08%       
client [30] (testset)   loss: 2.4177 -> 2.4071  accuracy: 12.12% -> 12.12%     
client [38] (testset)   loss: 2.2474 -> 2.2403  accuracy: 24.32% -> 24.32%     
client [15] (testset)   loss: 1.9932 -> 1.9233  accuracy: 61.04% -> 61.04%     
client [6]  (testset)   loss: 2.4735 -> 2.4348  accuracy: 1.54% -> 1.54%       
client [53] (testset)   loss: 2.1582 -> 2.1369  accuracy: 38.71% -> 38.71%     
---------------------------- TRAINING EPOCH: 220 ----------------------------  
client [99] (testset)   loss: 2.2487 -> 2.2413  accuracy: 20.51% -> 20.51%     
client [6]  (testset)   loss: 2.4573 -> 2.4127  accuracy: 1.54% -> 1.54%       
client [83] (testset)   loss: 2.4265 -> 2.3989  accuracy: 0.00% -> 0.00%       
client [42] (testset)   loss: 2.4328 -> 2.4164  accuracy: 5.36% -> 5.36%       
client [34] (testset)   loss: 2.1913 -> 2.1695  accuracy: 31.15% -> 31.15%     
client [15] (testset)   loss: 1.9896 -> 1.9225  accuracy: 61.04% -> 61.04%     
client [47] (testset)   loss: 2.3176 -> 2.2681  accuracy: 16.67% -> 16.67%     
client [55] (testset)   loss: 2.1018 -> 2.0783  accuracy: 42.62% -> 42.62%     
client [51] (testset)   loss: 2.0811 -> 2.0291  accuracy: 47.42% -> 47.42%     
client [95] (testset)   loss: 2.2818 -> 2.2336  accuracy: 16.44% -> 16.44%     
---------------------------- TRAINING EPOCH: 230 ----------------------------  
client [71] (testset)   loss: 2.2979 -> 2.2824  accuracy: 23.33% -> 23.33%     
client [15] (testset)   loss: 1.9095 -> 1.8517  accuracy: 61.04% -> 61.04%     
client [33] (testset)   loss: 2.4603 -> 2.4118  accuracy: 0.00% -> 0.00%       
client [99] (testset)   loss: 2.2699 -> 2.2624  accuracy: 20.51% -> 20.51%     
client [90] (testset)   loss: 2.5647 -> 2.4830  accuracy: 2.27% -> 2.27%       
client [57] (testset)   loss: 2.2776 -> 2.2354  accuracy: 17.39% -> 17.39%     
client [27] (testset)   loss: 2.1595 -> 2.1271  accuracy: 38.75% -> 38.75%     
client [78] (testset)   loss: 2.2926 -> 2.2568  accuracy: 24.24% -> 24.24%     
client [36] (testset)   loss: 2.3769 -> 2.3537  accuracy: 4.08% -> 4.08%       
client [88] (testset)   loss: 2.3449 -> 2.3239  accuracy: 14.04% -> 14.04%     
---------------------------- TRAINING EPOCH: 240 ----------------------------  
client [70] (testset)   loss: 2.3685 -> 2.3537  accuracy: 18.75% -> 18.75%     
client [35] (testset)   loss: 2.3878 -> 2.3687  accuracy: 11.11% -> 11.11%     
client [16] (testset)   loss: 2.4433 -> 2.4284  accuracy: 6.67% -> 6.67%       
client [80] (testset)   loss: 2.3636 -> 2.3411  accuracy: 3.64% -> 3.64%       
client [38] (testset)   loss: 2.2612 -> 2.2538  accuracy: 24.32% -> 24.32%     
client [78] (testset)   loss: 2.2660 -> 2.2325  accuracy: 24.24% -> 24.24%     
client [68] (testset)   loss: 2.2539 -> 2.2096  accuracy: 31.11% -> 31.11%     
client [11] (testset)   loss: 2.2766 -> 2.2490  accuracy: 12.50% -> 12.50%     
client [64] (testset)   loss: 2.3727 -> 2.3515  accuracy: 20.00% -> 20.00%     
client [82] (testset)   loss: 2.1367 -> 2.1089  accuracy: 40.30% -> 40.30%     
---------------------------- TRAINING EPOCH: 250 ----------------------------  
client [30] (testset)   loss: 2.4833 -> 2.4593  accuracy: 12.12% -> 12.12%     
client [27] (testset)   loss: 2.0570 -> 2.0396  accuracy: 38.75% -> 38.75%     
client [74] (testset)   loss: 2.2530 -> 2.2311  accuracy: 28.07% -> 28.07%     
client [45] (testset)   loss: 2.1639 -> 2.1578  accuracy: 34.78% -> 34.78%     
client [6]  (testset)   loss: 2.4658 -> 2.4146  accuracy: 1.54% -> 1.54%       
client [36] (testset)   loss: 2.4918 -> 2.4537  accuracy: 4.08% -> 4.08%       
client [63] (testset)   loss: 2.1894 -> 2.1729  accuracy: 31.67% -> 31.67%     
client [76] (testset)   loss: 2.1897 -> 2.1752  accuracy: 27.78% -> 27.78%     
client [83] (testset)   loss: 2.4881 -> 2.4516  accuracy: 0.00% -> 0.00%       
client [86] (testset)   loss: 1.9866 -> 1.9501  accuracy: 48.44% -> 48.44%     
---------------------------- TRAINING EPOCH: 260 ----------------------------  
client [83] (testset)   loss: 2.5074 -> 2.4696  accuracy: 0.00% -> 0.00%       
client [99] (testset)   loss: 2.2502 -> 2.2427  accuracy: 20.51% -> 20.51%     
client [74] (testset)   loss: 2.2082 -> 2.1896  accuracy: 28.07% -> 28.07%     
client [73] (testset)   loss: 2.3647 -> 2.3586  accuracy: 12.28% -> 12.28%     
client [29] (testset)   loss: 2.1705 -> 2.1314  accuracy: 37.66% -> 37.66%     
client [92] (testset)   loss: 2.4160 -> 2.3826  accuracy: 7.35% -> 7.35%       
client [6]  (testset)   loss: 2.3700 -> 2.3334  accuracy: 1.54% -> 1.54%       
client [61] (testset)   loss: 2.2787 -> 2.2616  accuracy: 26.67% -> 26.67%     
client [21] (testset)   loss: 2.2927 -> 2.2611  accuracy: 24.56% -> 24.56%     
client [67] (testset)   loss: 2.3494 -> 2.3233  accuracy: 22.81% -> 22.81%     
---------------------------- TRAINING EPOCH: 270 ----------------------------  
client [83] (testset)   loss: 2.3982 -> 2.3722  accuracy: 0.00% -> 0.00%       
client [32] (testset)   loss: 2.4764 -> 2.4359  accuracy: 17.39% -> 17.39%     
client [95] (testset)   loss: 2.2297 -> 2.1942  accuracy: 16.44% -> 16.44%     
client [61] (testset)   loss: 2.3479 -> 2.3252  accuracy: 26.67% -> 26.67%     
client [27] (testset)   loss: 2.1183 -> 2.0913  accuracy: 38.75% -> 38.75%     
client [25] (testset)   loss: 2.3750 -> 2.3700  accuracy: 10.00% -> 10.00%     
client [68] (testset)   loss: 2.2066 -> 2.1678  accuracy: 31.11% -> 31.11%     
client [34] (testset)   loss: 2.1760 -> 2.1569  accuracy: 31.15% -> 31.15%     
client [71] (testset)   loss: 2.3001 -> 2.2862  accuracy: 23.33% -> 23.33%     
client [89] (testset)   loss: 2.0920 -> 2.0471  accuracy: 46.88% -> 46.88%     
---------------------------- TRAINING EPOCH: 280 ----------------------------  
client [78] (testset)   loss: 2.2869 -> 2.2527  accuracy: 24.24% -> 24.24%     
client [81] (testset)   loss: 2.4532 -> 2.4035  accuracy: 4.05% -> 4.05%       
client [51] (testset)   loss: 2.0932 -> 2.0371  accuracy: 47.42% -> 47.42%     
client [54] (testset)   loss: 2.4781 -> 2.4495  accuracy: 3.12% -> 3.12%       
client [65] (testset)   loss: 2.5029 -> 2.4488  accuracy: 0.00% -> 0.00%       
client [41] (testset)   loss: 2.3213 -> 2.2965  accuracy: 26.92% -> 26.92%     
client [11] (testset)   loss: 2.2819 -> 2.2522  accuracy: 12.50% -> 12.50%     
client [85] (testset)   loss: 2.2656 -> 2.2396  accuracy: 18.67% -> 18.67%     
client [12] (testset)   loss: 2.4685 -> 2.4234  accuracy: 0.00% -> 0.00%       
client [23] (testset)   loss: 2.3951 -> 2.3815  accuracy: 20.59% -> 20.59%     
---------------------------- TRAINING EPOCH: 290 ----------------------------  
client [16] (testset)   loss: 2.4269 -> 2.4122  accuracy: 6.67% -> 6.67%       
client [65] (testset)   loss: 2.4666 -> 2.4238  accuracy: 0.00% -> 0.00%       
client [53] (testset)   loss: 2.2023 -> 2.1781  accuracy: 38.71% -> 38.71%     
client [58] (testset)   loss: 2.1137 -> 2.0672  accuracy: 42.47% -> 42.47%     
client [72] (testset)   loss: 2.6093 -> 2.5106  accuracy: 1.85% -> 1.85%       
client [7]  (testset)   loss: 2.1808 -> 2.1636  accuracy: 32.79% -> 32.79%     
client [71] (testset)   loss: 2.2889 -> 2.2762  accuracy: 23.33% -> 23.33%     
client [59] (testset)   loss: 2.3088 -> 2.2927  accuracy: 24.14% -> 24.14%     
client [86] (testset)   loss: 1.9999 -> 1.9667  accuracy: 48.44% -> 48.44%     
client [39] (testset)   loss: 1.8671 -> 1.7858  accuracy: 53.77% -> 53.77%     
---------------------------- TRAINING EPOCH: 300 ----------------------------  
client [99] (testset)   loss: 2.2861 -> 2.2774  accuracy: 20.51% -> 20.51%     
client [7]  (testset)   loss: 2.1633 -> 2.1501  accuracy: 32.79% -> 32.79%     
client [17] (testset)   loss: 2.4417 -> 2.4038  accuracy: 20.00% -> 20.00%     
client [64] (testset)   loss: 2.3703 -> 2.3534  accuracy: 20.00% -> 20.00%     
client [37] (testset)   loss: 2.3858 -> 2.3151  accuracy: 9.52% -> 9.52%       
client [29] (testset)   loss: 2.1200 -> 2.0921  accuracy: 37.66% -> 37.66%     
client [93] (testset)   loss: 1.9824 -> 1.9362  accuracy: 45.65% -> 45.65%     
client [73] (testset)   loss: 2.4248 -> 2.4135  accuracy: 12.28% -> 12.28%     
client [40] (testset)   loss: 2.4859 -> 2.4374  accuracy: 7.61% -> 7.61%       
client [76] (testset)   loss: 2.2298 -> 2.2154  accuracy: 27.78% -> 27.78%     
---------------------------- TRAINING EPOCH: 310 ----------------------------  
client [31] (testset)   loss: 2.4712 -> 2.4338  accuracy: 22.22% -> 22.22%     
client [89] (testset)   loss: 2.0719 -> 2.0329  accuracy: 46.88% -> 46.88%     
client [77] (testset)   loss: 2.3895 -> 2.3631  accuracy: 16.67% -> 16.67%     
client [90] (testset)   loss: 2.5972 -> 2.5145  accuracy: 2.27% -> 2.27%       
client [26] (testset)   loss: 2.5181 -> 2.4899  accuracy: 3.51% -> 3.51%       
client [50] (testset)   loss: 2.2577 -> 2.2322  accuracy: 29.87% -> 29.87%     
client [30] (testset)   loss: 2.4571 -> 2.4428  accuracy: 12.12% -> 12.12%     
client [70] (testset)   loss: 2.3646 -> 2.3529  accuracy: 18.75% -> 18.75%     
client [41] (testset)   loss: 2.2847 -> 2.2657  accuracy: 26.92% -> 26.92%     
client [99] (testset)   loss: 2.2667 -> 2.2598  accuracy: 20.51% -> 20.51%     
---------------------------- TRAINING EPOCH: 320 ----------------------------  
client [68] (testset)   loss: 2.1186 -> 2.0848  accuracy: 31.11% -> 31.11%     
client [70] (testset)   loss: 2.3348 -> 2.3174  accuracy: 18.75% -> 18.75%     
client [52] (testset)   loss: 2.6297 -> 2.5026  accuracy: 7.14% -> 7.14%       
client [1]  (testset)   loss: 2.2925 -> 2.2914  accuracy: 20.83% -> 20.83%     
client [2]  (testset)   loss: 2.0659 -> 2.0108  accuracy: 49.40% -> 49.40%     
client [67] (testset)   loss: 2.3149 -> 2.2927  accuracy: 22.81% -> 22.81%     
client [92] (testset)   loss: 2.4813 -> 2.4380  accuracy: 7.35% -> 7.35%       
client [35] (testset)   loss: 2.4118 -> 2.3883  accuracy: 11.11% -> 11.11%     
client [36] (testset)   loss: 2.5049 -> 2.4691  accuracy: 4.08% -> 4.08%       
client [64] (testset)   loss: 2.3762 -> 2.3588  accuracy: 20.00% -> 20.00%     
---------------------------- TRAINING EPOCH: 330 ----------------------------  
client [44] (testset)   loss: 2.3658 -> 2.3406  accuracy: 12.50% -> 12.50%     
client [6]  (testset)   loss: 2.3541 -> 2.3242  accuracy: 1.54% -> 1.54%       
client [12] (testset)   loss: 2.4943 -> 2.4491  accuracy: 0.00% -> 0.00%       
client [55] (testset)   loss: 2.1874 -> 2.1533  accuracy: 42.62% -> 42.62%     
client [29] (testset)   loss: 2.1836 -> 2.1435  accuracy: 37.66% -> 37.66%     
client [9]  (testset)   loss: 2.3813 -> 2.3649  accuracy: 11.11% -> 11.11%     
client [43] (testset)   loss: 2.1190 -> 1.9899  accuracy: 57.89% -> 57.89%     
client [77] (testset)   loss: 2.3765 -> 2.3498  accuracy: 16.67% -> 16.67%     
client [98] (testset)   loss: 2.2300 -> 2.2163  accuracy: 37.74% -> 37.74%     
client [78] (testset)   loss: 2.2833 -> 2.2497  accuracy: 24.24% -> 24.24%     
---------------------------- TRAINING EPOCH: 340 ----------------------------  
client [92] (testset)   loss: 2.4695 -> 2.4377  accuracy: 7.35% -> 7.35%       
client [80] (testset)   loss: 2.3942 -> 2.3701  accuracy: 3.64% -> 3.64%       
client [63] (testset)   loss: 2.2250 -> 2.2086  accuracy: 31.67% -> 31.67%     
client [76] (testset)   loss: 2.2715 -> 2.2558  accuracy: 27.78% -> 27.78%     
client [78] (testset)   loss: 2.2992 -> 2.2661  accuracy: 24.24% -> 24.24%     
client [25] (testset)   loss: 2.3918 -> 2.3849  accuracy: 10.00% -> 10.00%     
client [58] (testset)   loss: 2.0657 -> 2.0281  accuracy: 42.47% -> 42.47%     
client [13] (testset)   loss: 2.3003 -> 2.2930  accuracy: 19.44% -> 19.44%     
client [17] (testset)   loss: 2.5074 -> 2.4663  accuracy: 20.00% -> 20.00%     
client [38] (testset)   loss: 2.2392 -> 2.2344  accuracy: 24.32% -> 24.32%     
---------------------------- TRAINING EPOCH: 350 ----------------------------  
client [72] (testset)   loss: 2.6627 -> 2.5725  accuracy: 1.85% -> 1.85%       
client [82] (testset)   loss: 2.0687 -> 2.0515  accuracy: 40.30% -> 40.30%     
client [86] (testset)   loss: 2.0122 -> 1.9780  accuracy: 48.44% -> 48.44%     
client [51] (testset)   loss: 2.0612 -> 2.0099  accuracy: 47.42% -> 47.42%     
client [96] (testset)   loss: 2.2246 -> 2.2074  accuracy: 30.36% -> 30.36%     
client [42] (testset)   loss: 2.5711 -> 2.5320  accuracy: 5.36% -> 5.36%       
client [55] (testset)   loss: 2.0975 -> 2.0761  accuracy: 42.62% -> 42.62%     
client [13] (testset)   loss: 2.3736 -> 2.3577  accuracy: 19.44% -> 19.44%     
client [1]  (testset)   loss: 2.3079 -> 2.3067  accuracy: 20.83% -> 20.83%     
client [12] (testset)   loss: 2.5777 -> 2.5182  accuracy: 0.00% -> 0.00%       
---------------------------- TRAINING EPOCH: 360 ----------------------------  
client [68] (testset)   loss: 2.2245 -> 2.1891  accuracy: 31.11% -> 31.11%     
client [23] (testset)   loss: 2.3797 -> 2.3699  accuracy: 20.59% -> 20.59%     
client [46] (testset)   loss: 2.3498 -> 2.3013  accuracy: 2.13% -> 2.13%       
client [41] (testset)   loss: 2.2912 -> 2.2734  accuracy: 26.92% -> 26.92%     
client [25] (testset)   loss: 2.3781 -> 2.3722  accuracy: 10.00% -> 10.00%     
client [58] (testset)   loss: 2.1172 -> 2.0776  accuracy: 42.47% -> 42.47%     
client [14] (testset)   loss: 2.2557 -> 2.2441  accuracy: 31.88% -> 31.88%     
client [33] (testset)   loss: 2.5147 -> 2.4706  accuracy: 0.00% -> 0.00%       
client [85] (testset)   loss: 2.2466 -> 2.2235  accuracy: 18.67% -> 18.67%     
client [62] (testset)   loss: 2.3590 -> 2.3398  accuracy: 3.45% -> 3.45%       
---------------------------- TRAINING EPOCH: 370 ----------------------------  
client [98] (testset)   loss: 2.2518 -> 2.2353  accuracy: 37.74% -> 37.74%     
client [63] (testset)   loss: 2.2155 -> 2.1982  accuracy: 31.67% -> 31.67%     
client [70] (testset)   loss: 2.3495 -> 2.3322  accuracy: 18.75% -> 18.75%     
client [65] (testset)   loss: 2.4516 -> 2.4059  accuracy: 0.00% -> 0.00%       
client [14] (testset)   loss: 2.2493 -> 2.2368  accuracy: 31.88% -> 31.88%     
client [73] (testset)   loss: 2.3618 -> 2.3566  accuracy: 12.28% -> 12.28%     
client [34] (testset)   loss: 2.2116 -> 2.1883  accuracy: 31.15% -> 31.15%     
client [99] (testset)   loss: 2.2697 -> 2.2625  accuracy: 20.51% -> 20.51%     
client [69] (testset)   loss: 2.4542 -> 2.4288  accuracy: 7.84% -> 7.84%       
client [46] (testset)   loss: 2.3169 -> 2.2678  accuracy: 2.13% -> 2.13%       
---------------------------- TRAINING EPOCH: 380 ----------------------------  
client [99] (testset)   loss: 2.2838 -> 2.2762  accuracy: 20.51% -> 20.51%     
client [93] (testset)   loss: 1.9820 -> 1.9342  accuracy: 45.65% -> 45.65%     
client [11] (testset)   loss: 2.2550 -> 2.2294  accuracy: 12.50% -> 12.50%     
client [58] (testset)   loss: 2.0952 -> 2.0574  accuracy: 42.47% -> 42.47%     
client [81] (testset)   loss: 2.5097 -> 2.4568  accuracy: 4.05% -> 4.05%       
client [85] (testset)   loss: 2.2024 -> 2.1849  accuracy: 18.67% -> 18.67%     
client [89] (testset)   loss: 2.0841 -> 2.0489  accuracy: 46.88% -> 46.88%     
client [45] (testset)   loss: 2.1452 -> 2.1395  accuracy: 34.78% -> 34.78%     
client [8]  (testset)   loss: 2.0659 -> 2.0425  accuracy: 34.17% -> 34.17%     
client [68] (testset)   loss: 2.1328 -> 2.0989  accuracy: 31.11% -> 31.11%     
---------------------------- TRAINING EPOCH: 390 ----------------------------  
client [67] (testset)   loss: 2.2710 -> 2.2566  accuracy: 22.81% -> 22.81%     
client [72] (testset)   loss: 2.5308 -> 2.4474  accuracy: 1.85% -> 1.85%       
client [1]  (testset)   loss: 2.3180 -> 2.3175  accuracy: 20.83% -> 20.83%     
client [78] (testset)   loss: 2.2551 -> 2.2248  accuracy: 24.24% -> 24.24%     
client [83] (testset)   loss: 2.4906 -> 2.4601  accuracy: 0.00% -> 0.00%       
client [21] (testset)   loss: 2.3040 -> 2.2764  accuracy: 24.56% -> 24.56%     
client [56] (testset)   loss: 2.3063 -> 2.2939  accuracy: 32.73% -> 32.73%     
client [44] (testset)   loss: 2.3471 -> 2.3257  accuracy: 12.50% -> 12.50%     
client [92] (testset)   loss: 2.4159 -> 2.3861  accuracy: 7.35% -> 7.35%       
client [27] (testset)   loss: 2.1206 -> 2.0967  accuracy: 38.75% -> 38.75%     
---------------------------- TRAINING EPOCH: 400 ----------------------------  
client [10] (testset)   loss: 2.7497 -> 2.7328  accuracy: 5.56% -> 5.56%       
client [39] (testset)   loss: 1.9104 -> 1.8289  accuracy: 53.77% -> 53.77%     
client [65] (testset)   loss: 2.4836 -> 2.4345  accuracy: 0.00% -> 0.00%       
client [26] (testset)   loss: 2.5912 -> 2.5549  accuracy: 3.51% -> 3.51%       
client [19] (testset)   loss: 2.6494 -> 2.6023  accuracy: 3.57% -> 3.57%       
client [68] (testset)   loss: 2.1244 -> 2.0947  accuracy: 31.11% -> 31.11%     
client [41] (testset)   loss: 2.2937 -> 2.2741  accuracy: 26.92% -> 26.92%     
client [50] (testset)   loss: 2.1887 -> 2.1683  accuracy: 29.87% -> 29.87%     
client [75] (testset)   loss: 2.4443 -> 2.4155  accuracy: 1.85% -> 1.85%       
client [81] (testset)   loss: 2.4072 -> 2.3654  accuracy: 4.05% -> 4.05%       
SFL's average time taken by each global epoch: 0 min 0.92 sec.                 
SFL's total running time: 0 h 6 m 13 s.                                        
==================== SFL Experiment Results: ====================              
Display format: (before local fine-tuning) -> (after local fine-tuning)        
 So if finetune_epoch = 0, x.xx% -> 0.00% is normal.                           
 Centralized testing ONLY happens after model aggregation, so the stats between
'->' are the same.                                                             
{                                                                              
    "100": {                                                                   
        "all_clients": {                                                       
            "test": {                                                          
                "loss": "2.2958 -> 0.0000",                                    
                "accuracy": "22.61% -> 0.00%"                                  
            }                                                                  
        }                                                                      
    },                                                                         
    "200": {                                                                   
        "all_clients": {                                                       
            "test": {                                                          
                "loss": "2.3001 -> 0.0000",                                    
                "accuracy": "22.61% -> 0.00%"                                  
            }                                                                  
        }                                                                      
    },                                                                         
    "300": {                                                                   
        "all_clients": {                                                       
            "test": {                                                          
                "loss": "2.2908 -> 0.0000",                                    
                "accuracy": "22.61% -> 0.00%"                                  
            }                                                                  
        }                                                                      
    },                                                                         
    "400": {                                                                   
        "all_clients": {                                                       
            "test": {                                                          
                "loss": "2.3015 -> 0.0000",                                    
                "accuracy": "22.61% -> 0.00%"                                  
            }                                                                  
        }                                                                      
    }                                                                          
}                                                                              
==================== SFL Max Accuracy ====================                     
all_clients:                                                                   
(test) before fine-tuning: 22.61% at epoch 100                                 
(test) after fine-tuning: 0.00% at epoch 100                                   
