==================== PSFL ====================                                  
Experiment Arguments:                                                           
{
│   'method': 'psfl',
│   'dataset': {
│   │   'name': 'svhn',
│   │   'client_num': 100,
│   │   'test_ratio': 0.25,
│   │   'val_ratio': 0.0,
│   │   'seed': 42,
│   │   'split': 'sample',
│   │   'IID_ratio': 0.0,
│   │   'monitor_window_name_suffix': 'svhn-100clients-0%IID-Dir(0.1)-seed42',
│   │   'alpha': 0.1,
│   │   'min_samples_per_client': 10
│   },
│   'model': {
│   │   'name': 'avgcnn',
│   │   'use_torchvision_pretrained_weights': True,
│   │   'external_model_weights_path': None
│   },
│   'optimizer': {
│   │   'lr': 0.01,
│   │   'dampening': 0,
│   │   'weight_decay': 0,
│   │   'momentum': 0,
│   │   'nesterov': False,
│   │   'name': 'sgd'
│   },
│   'mode': 'sequential',
│   'parallel': {
│   │   'ray_cluster_addr': None,
│   │   'num_cpus': None,
│   │   'num_gpus': None,
│   │   'num_workers': 2
│   },
│   'common': {
│   │   'seed': 42,
│   │   'join_ratio': 0.1,
│   │   'global_epoch': 400,
│   │   'local_epoch': 5,
│   │   'batch_size': 32,
│   │   'reset_optimizer_on_global_epoch': True,
│   │   'straggler_ratio': 0,
│   │   'straggler_min_local_epoch': 0,
│   │   'buffers': 'global',
│   │   'client_side_evaluation': True,
│   │   'test': {
│   │   │   'client': {
│   │   │   │   'interval': 100,
│   │   │   │   'finetune_epoch': 0,
│   │   │   │   'train': False,
│   │   │   │   'val': False,
│   │   │   │   'test': True
│   │   │   },
│   │   │   'server': {
│   │   │   │   'interval': -1,
│   │   │   │   'train': False,
│   │   │   │   'val': False,
│   │   │   │   'test': False,
│   │   │   │   'model_in_train_mode': False
│   │   │   }
│   │   },
│   │   'verbose_gap': 10,
│   │   'monitor': None,
│   │   'use_cuda': True,
│   │   'save_log': True,
│   │   'save_model': False,
│   │   'save_learning_curve_plot': False,
│   │   'save_metrics': True,
│   │   'delete_useless_run': True
│   },
│   'psfl': {
│   │   'alpha': 0.0,
│   │   'CLS': False,
│   │   'ig_ratio': 0.7,
│   │   'track': False,
│   │   'score': 'diff'
│   }
}
---------------------------- TRAINING EPOCH: 10 ----------------------------    
client [77] (testset)   loss: 1.0947 -> 0.7143  accuracy: 53.03% -> 74.58%      
client [81] (testset)   loss: 0.8077 -> 0.7918  accuracy: 83.87% -> 83.87%      
client [21] (testset)   loss: 2.2255 -> 1.2666  accuracy: 16.67% -> 52.78%      
client [68] (testset)   loss: 0.2595 -> 0.2154  accuracy: 95.83% -> 95.83%      
client [93] (testset)   loss: 1.1501 -> 1.1885  accuracy: 54.19% -> 47.10%      
client [31] (testset)   loss: 0.9414 -> 0.8632  accuracy: 65.71% -> 71.43%      
client [20] (testset)   loss: 1.4795 -> 1.2428  accuracy: 43.23% -> 62.50%      
client [59] (testset)   loss: 2.2664 -> 1.3191  accuracy: 1.81% -> 49.74%       
client [48] (testset)   loss: 2.0770 -> 2.1222  accuracy: 24.24% -> 24.24%      
client [34] (testset)   loss: 1.5691 -> 1.5127  accuracy: 31.82% -> 36.36%      
---------------------------- TRAINING EPOCH: 20 ----------------------------    
client [69] (testset)   loss: 1.3422 -> 1.2126  accuracy: 49.01% -> 56.29%      
client [99] (testset)   loss: 1.4302 -> 0.5443  accuracy: 25.95% -> 84.52%      
client [67] (testset)   loss: 0.9215 -> 0.6292  accuracy: 73.12% -> 74.31%      
client [0]  (testset)   loss: 1.0414 -> 0.7563  accuracy: 57.89% -> 72.81%      
client [76] (testset)   loss: 0.0983 -> 0.0774  accuracy: 99.36% -> 99.36%      
client [41] (testset)   loss: 1.3081 -> 0.7708  accuracy: 50.18% -> 73.85%      
client [62] (testset)   loss: 2.2699 -> 1.2321  accuracy: 13.10% -> 54.80%      
client [2]  (testset)   loss: 2.2089 -> 0.1437  accuracy: 11.17% -> 96.25%      
client [14] (testset)   loss: 0.5733 -> 0.5727  accuracy: 89.88% -> 89.88%      
client [46] (testset)   loss: 1.5855 -> 1.5041  accuracy: 52.63% -> 55.26%      
---------------------------- TRAINING EPOCH: 30 ----------------------------    
client [24] (testset)   loss: 0.6158 -> 0.5282  accuracy: 82.30% -> 83.54%      
client [68] (testset)   loss: 0.1975 -> 0.2338  accuracy: 95.83% -> 95.83%      
client [57] (testset)   loss: 0.6072 -> 0.3580  accuracy: 79.05% -> 88.06%      
client [17] (testset)   loss: 0.1969 -> 0.2644  accuracy: 96.06% -> 95.28%      
client [54] (testset)   loss: 0.7917 -> 0.4983  accuracy: 76.29% -> 89.69%      
client [23] (testset)   loss: 2.4220 -> 0.6584  accuracy: 0.93% -> 85.05%       
client [35] (testset)   loss: 0.1973 -> 0.2744  accuracy: 95.14% -> 94.06%      
client [59] (testset)   loss: 0.8370 -> 0.8941  accuracy: 66.06% -> 63.99%      
client [31] (testset)   loss: 0.9768 -> 0.8348  accuracy: 37.14% -> 65.71%      
client [9]  (testset)   loss: 1.2589 -> 1.1950  accuracy: 40.43% -> 53.19%      
---------------------------- TRAINING EPOCH: 40 ----------------------------    
client [64] (testset)   loss: 0.9832 -> 0.9183  accuracy: 68.89% -> 65.19%      
client [33] (testset)   loss: 0.2511 -> 0.2542  accuracy: 94.15% -> 94.77%      
client [16] (testset)   loss: 0.6744 -> 0.7761  accuracy: 72.84% -> 64.20%      
client [44] (testset)   loss: 1.7446 -> 1.2402  accuracy: 42.27% -> 47.42%      
client [8]  (testset)   loss: 0.7802 -> 0.7972  accuracy: 81.25% -> 81.25%      
client [31] (testset)   loss: 1.0494 -> 0.6612  accuracy: 34.29% -> 71.43%      
client [47] (testset)   loss: 0.2098 -> 0.1993  accuracy: 93.38% -> 93.77%      
client [36] (testset)   loss: 1.6154 -> 1.1269  accuracy: 60.00% -> 40.00%      
client [20] (testset)   loss: 1.0230 -> 0.7631  accuracy: 64.06% -> 77.60%      
client [56] (testset)   loss: 0.4256 -> 0.3931  accuracy: 86.51% -> 89.46%      
---------------------------- TRAINING EPOCH: 50 ----------------------------    
client [4]  (testset)   loss: 0.0051 -> 0.0038  accuracy: 100.00% -> 100.00%    
client [60] (testset)   loss: 0.0065 -> 0.0022  accuracy: 100.00% -> 100.00%    
client [28] (testset)   loss: 0.2504 -> 0.2600  accuracy: 92.92% -> 94.34%      
client [25] (testset)   loss: 0.7873 -> 0.7791  accuracy: 87.50% -> 87.50%      
client [58] (testset)   loss: 0.5434 -> 0.4677  accuracy: 83.52% -> 88.89%      
client [44] (testset)   loss: 1.2243 -> 1.1325  accuracy: 48.45% -> 53.61%      
client [39] (testset)   loss: 0.8344 -> 0.7991  accuracy: 53.66% -> 63.41%      
client [29] (testset)   loss: 0.5766 -> 0.5825  accuracy: 83.37% -> 85.27%      
client [3]  (testset)   loss: 0.3878 -> 0.2765  accuracy: 85.94% -> 91.57%      
client [84] (testset)   loss: 0.9615 -> 0.9021  accuracy: 74.21% -> 75.11%      
---------------------------- TRAINING EPOCH: 60 ----------------------------    
client [21] (testset)   loss: 1.2912 -> 1.2766  accuracy: 58.33% -> 52.78%      
client [84] (testset)   loss: 0.9781 -> 0.8867  accuracy: 73.30% -> 76.47%      
client [10] (testset)   loss: 0.2614 -> 0.2593  accuracy: 91.63% -> 91.42%      
client [36] (testset)   loss: 1.1047 -> 1.1769  accuracy: 40.00% -> 50.00%      
client [65] (testset)   loss: 0.0801 -> 0.0832  accuracy: 97.73% -> 97.60%      
client [81] (testset)   loss: 0.7326 -> 0.7250  accuracy: 83.87% -> 83.87%      
client [79] (testset)   loss: 0.1656 -> 0.3245  accuracy: 95.41% -> 91.16%      
client [42] (testset)   loss: 0.5390 -> 0.6174  accuracy: 83.09% -> 79.41%      
client [11] (testset)   loss: 1.1424 -> 1.0088  accuracy: 64.94% -> 70.13%      
client [96] (testset)   loss: 0.2601 -> 0.2466  accuracy: 94.64% -> 94.64%      
---------------------------- TRAINING EPOCH: 70 ----------------------------    
client [8]  (testset)   loss: 0.9428 -> 0.7263  accuracy: 81.25% -> 81.25%      
client [53] (testset)   loss: 0.3107 -> 0.2375  accuracy: 93.01% -> 94.76%      
client [52] (testset)   loss: 0.1432 -> 0.1406  accuracy: 95.19% -> 95.19%      
client [42] (testset)   loss: 0.5335 -> 0.5194  accuracy: 84.56% -> 83.82%      
client [69] (testset)   loss: 1.0263 -> 0.8744  accuracy: 64.90% -> 74.83%      
client [59] (testset)   loss: 0.4531 -> 0.4747  accuracy: 83.16% -> 85.23%      
client [7]  (testset)   loss: 0.2057 -> 0.1926  accuracy: 93.14% -> 93.14%      
client [26] (testset)   loss: 0.3398 -> 0.4075  accuracy: 93.63% -> 93.63%      
client [49] (testset)   loss: 0.5721 -> 0.5374  accuracy: 83.24% -> 85.95%      
client [98] (testset)   loss: 1.0297 -> 0.7282  accuracy: 82.94% -> 83.33%      
---------------------------- TRAINING EPOCH: 80 ----------------------------    
client [98] (testset)   loss: 0.7308 -> 0.7487  accuracy: 83.73% -> 83.33%      
client [47] (testset)   loss: 0.1929 -> 0.2140  accuracy: 93.77% -> 94.44%      
client [21] (testset)   loss: 1.3944 -> 1.2640  accuracy: 36.11% -> 55.56%      
client [77] (testset)   loss: 0.7053 -> 0.7157  accuracy: 84.99% -> 84.02%      
client [95] (testset)   loss: 0.5142 -> 0.5264  accuracy: 79.79% -> 79.79%      
client [91] (testset)   loss: 0.7862 -> 0.6775  accuracy: 76.43% -> 80.25%      
client [14] (testset)   loss: 0.6219 -> 0.5394  accuracy: 89.88% -> 89.88%      
client [99] (testset)   loss: 0.4028 -> 0.3890  accuracy: 90.00% -> 87.86%      
client [20] (testset)   loss: 0.6640 -> 0.7525  accuracy: 77.08% -> 80.73%      
client [39] (testset)   loss: 0.7474 -> 0.7019  accuracy: 63.41% -> 70.73%      
---------------------------- TRAINING EPOCH: 90 ----------------------------    
client [52] (testset)   loss: 0.1410 -> 0.1634  accuracy: 95.19% -> 95.37%      
client [62] (testset)   loss: 0.5678 -> 0.6007  accuracy: 87.34% -> 87.34%      
client [71] (testset)   loss: 0.5439 -> 0.4502  accuracy: 84.15% -> 89.62%      
client [97] (testset)   loss: 0.3931 -> 0.2321  accuracy: 86.62% -> 94.27%      
client [30] (testset)   loss: 0.1698 -> 0.1537  accuracy: 96.83% -> 96.83%      
client [88] (testset)   loss: 0.2197 -> 0.2214  accuracy: 95.08% -> 95.08%      
client [60] (testset)   loss: 0.0009 -> 0.0006  accuracy: 100.00% -> 100.00%    
client [82] (testset)   loss: 1.1621 -> 1.3961  accuracy: 52.63% -> 47.37%      
client [91] (testset)   loss: 0.6618 -> 0.6807  accuracy: 83.44% -> 82.17%      
client [57] (testset)   loss: 0.3499 -> 0.4150  accuracy: 89.19% -> 86.04%      
---------------------------- TRAINING EPOCH: 100 ----------------------------   
client [31] (testset)   loss: 0.5430 -> 0.4739  accuracy: 80.00% -> 77.14%      
client [15] (testset)   loss: 0.4044 -> 0.4429  accuracy: 90.90% -> 91.88%      
client [71] (testset)   loss: 0.4278 -> 1.0088  accuracy: 90.16% -> 69.95%      
client [97] (testset)   loss: 0.2217 -> 0.2727  accuracy: 95.54% -> 92.36%      
client [53] (testset)   loss: 0.2225 -> 0.3137  accuracy: 94.76% -> 94.76%      
client [77] (testset)   loss: 0.7072 -> 0.7266  accuracy: 84.50% -> 85.23%      
client [76] (testset)   loss: 0.0648 -> 0.0562  accuracy: 99.36% -> 99.36%      
client [79] (testset)   loss: 0.1640 -> 0.1658  accuracy: 95.07% -> 95.58%      
client [28] (testset)   loss: 0.3257 -> 0.3347  accuracy: 93.87% -> 93.87%      
client [99] (testset)   loss: 0.3760 -> 0.4796  accuracy: 89.05% -> 89.05%      
---------------------------- TRAINING EPOCH: 110 ----------------------------   
client [97] (testset)   loss: 0.2795 -> 0.2405  accuracy: 92.78% -> 94.90%      
client [86] (testset)   loss: 0.3940 -> 0.3091  accuracy: 89.78% -> 91.40%      
client [34] (testset)   loss: 1.6372 -> 1.7462  accuracy: 40.91% -> 40.91%      
client [73] (testset)   loss: 0.0421 -> 0.0406  accuracy: 99.57% -> 99.57%      
client [5]  (testset)   loss: 0.7548 -> 0.7448  accuracy: 81.25% -> 81.25%      
client [96] (testset)   loss: 0.2189 -> 0.2312  accuracy: 94.64% -> 94.64%      
client [22] (testset)   loss: 1.5403 -> 1.6051  accuracy: 50.00% -> 50.00%      
client [60] (testset)   loss: 0.0004 -> 0.0003  accuracy: 100.00% -> 100.00%    
client [66] (testset)   loss: 0.5142 -> 0.4752  accuracy: 80.74% -> 82.96%      
client [83] (testset)   loss: 1.8366 -> 1.5705  accuracy: 30.77% -> 15.38%      
---------------------------- TRAINING EPOCH: 120 ----------------------------   
client [76] (testset)   loss: 0.0460 -> 0.0463  accuracy: 99.36% -> 99.36%      
client [65] (testset)   loss: 0.0728 -> 0.0789  accuracy: 97.73% -> 98.13%      
client [95] (testset)   loss: 0.5060 -> 0.5651  accuracy: 87.23% -> 85.11%      
client [17] (testset)   loss: 0.1515 -> 0.1431  accuracy: 96.06% -> 96.06%      
client [8]  (testset)   loss: 0.6976 -> 0.7265  accuracy: 81.25% -> 75.00%      
client [35] (testset)   loss: 0.3436 -> 0.2734  accuracy: 94.96% -> 95.32%      
client [98] (testset)   loss: 0.7903 -> 1.0428  accuracy: 83.73% -> 83.73%      
client [53] (testset)   loss: 0.2523 -> 0.3009  accuracy: 94.32% -> 95.20%      
client [43] (testset)   loss: 0.4940 -> 0.4376  accuracy: 88.43% -> 89.18%      
client [64] (testset)   loss: 0.5537 -> 0.5920  accuracy: 85.19% -> 85.19%      
---------------------------- TRAINING EPOCH: 130 ----------------------------   
client [21] (testset)   loss: 1.2534 -> 1.6514  accuracy: 41.67% -> 38.89%      
client [88] (testset)   loss: 0.2114 -> 0.2542  accuracy: 95.74% -> 90.16%      
client [38] (testset)   loss: 0.3064 -> 0.3643  accuracy: 94.22% -> 94.97%      
client [3]  (testset)   loss: 0.2600 -> 0.3251  accuracy: 92.37% -> 91.57%      
client [5]  (testset)   loss: 0.6065 -> 0.7585  accuracy: 82.81% -> 81.25%      
client [41] (testset)   loss: 0.7374 -> 0.7678  accuracy: 86.98% -> 87.34%      
client [7]  (testset)   loss: 0.2033 -> 0.1919  accuracy: 92.78% -> 91.70%      
client [37] (testset)   loss: 0.0921 -> 0.0850  accuracy: 98.58% -> 98.58%      
client [45] (testset)   loss: 0.3690 -> 0.3543  accuracy: 93.75% -> 93.75%      
client [47] (testset)   loss: 0.2349 -> 0.2607  accuracy: 94.30% -> 94.17%      
---------------------------- TRAINING EPOCH: 140 ----------------------------   
client [16] (testset)   loss: 0.3050 -> 0.2829  accuracy: 93.83% -> 93.83%      
client [11] (testset)   loss: 0.8054 -> 0.8662  accuracy: 80.52% -> 77.92%      
client [37] (testset)   loss: 0.0867 -> 0.0799  accuracy: 98.58% -> 98.58%      
client [41] (testset)   loss: 0.7701 -> 0.7895  accuracy: 87.34% -> 86.75%      
client [95] (testset)   loss: 0.5738 -> 0.5889  accuracy: 85.11% -> 86.17%      
client [53] (testset)   loss: 0.2901 -> 0.2679  accuracy: 94.76% -> 94.76%      
client [22] (testset)   loss: 1.5468 -> 1.6115  accuracy: 50.00% -> 50.00%      
client [25] (testset)   loss: 0.8551 -> 0.8414  accuracy: 87.50% -> 87.50%      
client [69] (testset)   loss: 0.9617 -> 0.9205  accuracy: 74.83% -> 76.82%      
client [46] (testset)   loss: 1.5265 -> 1.5702  accuracy: 57.89% -> 60.53%      
---------------------------- TRAINING EPOCH: 150 ----------------------------   
client [47] (testset)   loss: 0.2898 -> 0.2970  accuracy: 94.57% -> 94.30%      
client [69] (testset)   loss: 0.9298 -> 0.9822  accuracy: 74.83% -> 78.81%      
client [82] (testset)   loss: 1.1106 -> 1.2124  accuracy: 57.89% -> 47.37%      
client [45] (testset)   loss: 0.3750 -> 0.3481  accuracy: 93.75% -> 93.75%      
client [7]  (testset)   loss: 0.1917 -> 0.1998  accuracy: 91.70% -> 91.70%      
client [50] (testset)   loss: 0.8024 -> 0.8454  accuracy: 73.81% -> 73.81%      
client [35] (testset)   loss: 0.2868 -> 0.2969  accuracy: 95.32% -> 95.32%      
client [24] (testset)   loss: 0.4493 -> 0.4219  accuracy: 89.44% -> 90.06%      
client [15] (testset)   loss: 0.5070 -> 0.5259  accuracy: 91.46% -> 91.88%      
client [58] (testset)   loss: 0.7661 -> 0.7775  accuracy: 87.74% -> 87.36%      
---------------------------- TRAINING EPOCH: 160 ----------------------------   
client [48] (testset)   loss: 2.1843 -> 2.8056  accuracy: 36.36% -> 39.39%      
client [76] (testset)   loss: 0.0344 -> 0.0500  accuracy: 99.36% -> 99.36%      
client [67] (testset)   loss: 0.2993 -> 0.2685  accuracy: 89.72% -> 91.30%      
client [37] (testset)   loss: 0.0843 -> 0.0807  accuracy: 98.58% -> 98.58%      
client [58] (testset)   loss: 0.8033 -> 0.8173  accuracy: 88.12% -> 87.74%      
client [64] (testset)   loss: 0.5603 -> 0.5802  accuracy: 82.22% -> 83.70%      
client [77] (testset)   loss: 0.8477 -> 0.8465  accuracy: 84.26% -> 84.02%      
client [55] (testset)   loss: 0.6794 -> 0.7140  accuracy: 88.27% -> 88.27%      
client [12] (testset)   loss: 0.1701 -> 0.1824  accuracy: 100.00% -> 100.00%    
client [89] (testset)   loss: 0.4117 -> 0.3331  accuracy: 90.20% -> 88.24%      
---------------------------- TRAINING EPOCH: 170 ----------------------------   
client [84] (testset)   loss: 1.3554 -> 1.3728  accuracy: 76.92% -> 76.92%      
client [51] (testset)   loss: 0.4238 -> 0.4190  accuracy: 90.87% -> 89.35%      
client [8]  (testset)   loss: 0.9930 -> 0.6946  accuracy: 62.50% -> 87.50%      
client [18] (testset)   loss: 0.3774 -> 0.4029  accuracy: 89.92% -> 88.37%      
client [94] (testset)   loss: 0.3446 -> 0.3402  accuracy: 93.25% -> 93.87%      
client [81] (testset)   loss: 0.6739 -> 0.6942  accuracy: 80.65% -> 83.87%      
client [3]  (testset)   loss: 0.2748 -> 0.2688  accuracy: 93.98% -> 93.98%      
client [11] (testset)   loss: 0.9604 -> 0.7855  accuracy: 79.22% -> 76.62%      
client [95] (testset)   loss: 0.6756 -> 0.6769  accuracy: 87.23% -> 87.23%      
client [67] (testset)   loss: 0.2700 -> 0.2781  accuracy: 91.30% -> 91.30%      
---------------------------- TRAINING EPOCH: 180 ----------------------------   
client [21] (testset)   loss: 1.1226 -> 1.1921  accuracy: 63.89% -> 58.33%      
client [79] (testset)   loss: 0.2361 -> 0.2405  accuracy: 95.92% -> 96.09%      
client [58] (testset)   loss: 0.8329 -> 0.8446  accuracy: 87.74% -> 87.36%      
client [88] (testset)   loss: 0.2346 -> 0.2299  accuracy: 93.11% -> 95.41%      
client [46] (testset)   loss: 1.5804 -> 1.6263  accuracy: 68.42% -> 68.42%      
client [11] (testset)   loss: 0.7941 -> 0.9581  accuracy: 76.62% -> 80.52%      
client [55] (testset)   loss: 0.8372 -> 0.8591  accuracy: 88.27% -> 88.27%      
client [13] (testset)   loss: 0.5197 -> 0.5359  accuracy: 90.00% -> 90.50%      
client [31] (testset)   loss: 0.5498 -> 0.6414  accuracy: 82.86% -> 80.00%      
client [75] (testset)   loss: 0.5166 -> 0.5539  accuracy: 84.03% -> 83.33%      
---------------------------- TRAINING EPOCH: 190 ----------------------------   
client [19] (testset)   loss: 0.5647 -> 0.5658  accuracy: 84.02% -> 83.11%      
client [7]  (testset)   loss: 0.2614 -> 0.2968  accuracy: 93.50% -> 93.50%      
client [57] (testset)   loss: 0.4999 -> 0.5145  accuracy: 89.41% -> 89.41%      
client [13] (testset)   loss: 0.5395 -> 0.6111  accuracy: 90.00% -> 91.50%      
client [43] (testset)   loss: 0.5159 -> 0.5495  accuracy: 88.06% -> 89.55%      
client [91] (testset)   loss: 0.7820 -> 0.8628  accuracy: 81.53% -> 80.25%      
client [10] (testset)   loss: 0.3606 -> 0.3519  accuracy: 91.42% -> 90.79%      
client [64] (testset)   loss: 0.6510 -> 0.6559  accuracy: 82.96% -> 84.44%      
client [82] (testset)   loss: 1.2390 -> 1.3027  accuracy: 57.89% -> 57.89%      
client [22] (testset)   loss: 1.8876 -> 1.7062  accuracy: 50.00% -> 46.88%      
---------------------------- TRAINING EPOCH: 200 ----------------------------   
client [20] (testset)   loss: 0.9151 -> 0.9149  accuracy: 79.69% -> 80.73%      
client [23] (testset)   loss: 0.3570 -> 0.3522  accuracy: 90.65% -> 93.46%      
client [88] (testset)   loss: 0.2197 -> 0.2294  accuracy: 95.41% -> 95.74%      
client [98] (testset)   loss: 0.9461 -> 0.9673  accuracy: 84.52% -> 83.73%      
client [79] (testset)   loss: 0.2565 -> 0.2620  accuracy: 95.92% -> 96.09%      
client [21] (testset)   loss: 1.1040 -> 1.0641  accuracy: 72.22% -> 66.67%      
client [92] (testset)   loss: 0.5817 -> 0.6207  accuracy: 87.85% -> 87.29%      
client [56] (testset)   loss: 0.5630 -> 0.5714  accuracy: 90.36% -> 90.82%      
client [5]  (testset)   loss: 0.6359 -> 0.6592  accuracy: 84.38% -> 81.25%      
client [52] (testset)   loss: 0.1950 -> 0.2015  accuracy: 95.37% -> 95.19%      
---------------------------- TRAINING EPOCH: 210 ----------------------------   
client [67] (testset)   loss: 0.3265 -> 0.3206  accuracy: 90.91% -> 90.91%      
client [54] (testset)   loss: 0.6641 -> 0.6400  accuracy: 90.72% -> 89.69%      
client [14] (testset)   loss: 0.5435 -> 0.5460  accuracy: 91.67% -> 91.67%      
client [99] (testset)   loss: 0.5271 -> 0.5335  accuracy: 90.71% -> 90.24%      
client [36] (testset)   loss: 1.4213 -> 1.9610  accuracy: 40.00% -> 50.00%      
client [30] (testset)   loss: 0.1215 -> 0.1185  accuracy: 96.83% -> 96.83%      
client [38] (testset)   loss: 0.4020 -> 0.3997  accuracy: 94.72% -> 94.22%      
client [15] (testset)   loss: 0.5579 -> 0.5709  accuracy: 91.60% -> 91.46%      
client [6]  (testset)   loss: 0.5589 -> 0.5757  accuracy: 89.24% -> 88.84%      
client [53] (testset)   loss: 0.3752 -> 0.3991  accuracy: 94.76% -> 95.20%      
---------------------------- TRAINING EPOCH: 220 ----------------------------   
client [99] (testset)   loss: 0.5526 -> 0.5570  accuracy: 90.24% -> 90.48%      
client [6]  (testset)   loss: 0.5705 -> 0.5596  accuracy: 88.84% -> 88.84%      
client [83] (testset)   loss: 1.3345 -> 1.3168  accuracy: 46.15% -> 53.85%      
client [42] (testset)   loss: 0.6621 -> 0.6692  accuracy: 85.29% -> 86.03%      
client [34] (testset)   loss: 1.1265 -> 1.3227  accuracy: 59.09% -> 54.55%      
client [15] (testset)   loss: 0.5675 -> 0.5811  accuracy: 91.46% -> 91.46%      
client [47] (testset)   loss: 0.3635 -> 0.3646  accuracy: 94.17% -> 93.91%      
client [55] (testset)   loss: 0.8699 -> 0.8912  accuracy: 88.27% -> 88.01%      
client [51] (testset)   loss: 0.4353 -> 0.4655  accuracy: 90.87% -> 90.87%      
client [95] (testset)   loss: 0.7069 -> 0.7310  accuracy: 87.23% -> 86.17%      
---------------------------- TRAINING EPOCH: 230 ----------------------------   
client [71] (testset)   loss: 0.5846 -> 0.6010  accuracy: 90.71% -> 90.71%      
client [15] (testset)   loss: 0.5815 -> 0.5861  accuracy: 91.46% -> 91.46%      
client [33] (testset)   loss: 0.3854 -> 0.3992  accuracy: 92.92% -> 93.23%      
client [99] (testset)   loss: 0.5531 -> 0.5635  accuracy: 90.71% -> 90.48%      
client [90] (testset)   loss: 0.7810 -> 0.9526  accuracy: 82.72% -> 76.54%      
client [57] (testset)   loss: 0.5687 -> 0.5829  accuracy: 88.51% -> 88.29%      
client [27] (testset)   loss: 0.8906 -> 0.8998  accuracy: 83.00% -> 82.00%      
client [78] (testset)   loss: 1.0167 -> 1.0889  accuracy: 79.49% -> 77.78%      
client [36] (testset)   loss: 1.4377 -> 2.1635  accuracy: 40.00% -> 50.00%      
client [88] (testset)   loss: 0.2547 -> 0.2432  accuracy: 95.74% -> 95.41%      
---------------------------- TRAINING EPOCH: 240 ----------------------------   
client [70] (testset)   loss: 0.6806 -> 0.6840  accuracy: 90.45% -> 90.45%      
client [35] (testset)   loss: 0.3264 -> 0.3332  accuracy: 95.32% -> 95.32%      
client [16] (testset)   loss: 0.2731 -> 0.2716  accuracy: 93.83% -> 95.06%      
client [80] (testset)   loss: 0.8434 -> 0.8847  accuracy: 76.81% -> 76.81%      
client [38] (testset)   loss: 0.4374 -> 0.4473  accuracy: 94.72% -> 94.47%      
client [78] (testset)   loss: 1.2129 -> 1.1413  accuracy: 77.78% -> 78.63%      
client [68] (testset)   loss: 0.1900 -> 0.1864  accuracy: 95.83% -> 95.83%      
client [11] (testset)   loss: 0.9045 -> 0.8758  accuracy: 80.52% -> 79.22%      
client [64] (testset)   loss: 0.6968 -> 0.7219  accuracy: 83.70% -> 83.70%      
client [82] (testset)   loss: 1.6926 -> 1.5331  accuracy: 63.16% -> 57.89%      
---------------------------- TRAINING EPOCH: 250 ----------------------------   
client [30] (testset)   loss: 0.1174 -> 0.1175  accuracy: 96.83% -> 96.83%      
client [27] (testset)   loss: 0.9035 -> 0.8899  accuracy: 82.50% -> 82.50%      
client [74] (testset)   loss: 1.0818 -> 1.1264  accuracy: 78.15% -> 80.13%      
client [45] (testset)   loss: 0.3625 -> 0.3742  accuracy: 93.75% -> 93.75%      
client [6]  (testset)   loss: 0.6004 -> 0.6019  accuracy: 88.45% -> 88.84%      
client [36] (testset)   loss: 1.4777 -> 2.0097  accuracy: 50.00% -> 50.00%      
client [63] (testset)   loss: 0.8483 -> 0.8758  accuracy: 81.82% -> 81.82%      
client [76] (testset)   loss: 0.0162 -> 0.0317  accuracy: 99.36% -> 100.00%     
client [83] (testset)   loss: 1.4546 -> 1.4074  accuracy: 53.85% -> 46.15%      
client [86] (testset)   loss: 0.4700 -> 0.4477  accuracy: 91.40% -> 90.32%      
---------------------------- TRAINING EPOCH: 260 ----------------------------   
client [83] (testset)   loss: 1.3913 -> 1.5169  accuracy: 46.15% -> 53.85%      
client [99] (testset)   loss: 0.5788 -> 0.6043  accuracy: 90.00% -> 90.71%      
client [74] (testset)   loss: 1.1531 -> 1.1886  accuracy: 80.13% -> 79.47%      
client [73] (testset)   loss: 0.0428 -> 0.0457  accuracy: 99.57% -> 99.57%      
client [29] (testset)   loss: 1.0780 -> 1.0684  accuracy: 85.51% -> 86.22%      
client [92] (testset)   loss: 0.6495 -> 0.6529  accuracy: 87.29% -> 87.85%      
client [6]  (testset)   loss: 0.6091 -> 0.6241  accuracy: 88.45% -> 88.84%      
client [61] (testset)   loss: 0.7503 -> 0.7454  accuracy: 84.74% -> 85.54%      
client [21] (testset)   loss: 1.0837 -> 1.5891  accuracy: 72.22% -> 52.78%      
client [67] (testset)   loss: 0.3367 -> 0.3455  accuracy: 90.91% -> 89.33%      
---------------------------- TRAINING EPOCH: 270 ----------------------------   
client [83] (testset)   loss: 1.4881 -> 1.5116  accuracy: 46.15% -> 53.85%      
client [32] (testset)   loss: 1.1481 -> 1.3690  accuracy: 76.26% -> 74.82%      
client [95] (testset)   loss: 0.7372 -> 0.7374  accuracy: 86.17% -> 87.23%      
client [61] (testset)   loss: 0.8116 -> 0.8134  accuracy: 85.54% -> 85.54%      
client [27] (testset)   loss: 0.8937 -> 0.9143  accuracy: 82.50% -> 83.00%      
client [25] (testset)   loss: 0.9387 -> 0.9588  accuracy: 87.50% -> 87.50%      
client [68] (testset)   loss: 0.1637 -> 0.1728  accuracy: 95.83% -> 95.83%      
client [34] (testset)   loss: 1.3141 -> 1.3525  accuracy: 50.00% -> 54.55%      
client [71] (testset)   loss: 0.6597 -> 0.6679  accuracy: 90.71% -> 90.16%      
client [89] (testset)   loss: 0.5024 -> 0.5036  accuracy: 89.71% -> 89.71%      
---------------------------- TRAINING EPOCH: 280 ----------------------------   
client [78] (testset)   loss: 1.3743 -> 1.4609  accuracy: 79.49% -> 79.49%      
client [81] (testset)   loss: 0.7027 -> 0.7008  accuracy: 80.65% -> 80.65%      
client [51] (testset)   loss: 0.5024 -> 0.4994  accuracy: 90.49% -> 90.49%      
client [54] (testset)   loss: 0.7379 -> 0.6925  accuracy: 90.72% -> 89.69%      
client [65] (testset)   loss: 0.1051 -> 0.1035  accuracy: 97.86% -> 97.86%      
client [41] (testset)   loss: 0.9812 -> 0.9898  accuracy: 86.04% -> 86.63%      
client [11] (testset)   loss: 0.9610 -> 0.9100  accuracy: 79.22% -> 79.22%      
client [85] (testset)   loss: 1.7326 -> 1.8347  accuracy: 37.50% -> 43.75%      
client [12] (testset)   loss: 0.0386 -> 0.0193  accuracy: 100.00% -> 100.00%    
client [23] (testset)   loss: 0.4391 -> 0.4117  accuracy: 91.59% -> 93.46%      
---------------------------- TRAINING EPOCH: 290 ----------------------------   
client [16] (testset)   loss: 0.2739 -> 0.2778  accuracy: 95.06% -> 95.06%      
client [65] (testset)   loss: 0.1090 -> 0.1060  accuracy: 97.86% -> 97.86%      
client [53] (testset)   loss: 0.3987 -> 0.4129  accuracy: 94.32% -> 94.76%      
client [58] (testset)   loss: 0.9271 -> 0.9243  accuracy: 87.74% -> 87.74%      
client [72] (testset)   loss: 0.8090 -> 0.8191  accuracy: 89.51% -> 89.00%      
client [7]  (testset)   loss: 0.3009 -> 0.3236  accuracy: 92.06% -> 93.50%      
client [71] (testset)   loss: 0.6665 -> 0.6803  accuracy: 90.16% -> 90.71%      
client [59] (testset)   loss: 0.6453 -> 0.6783  accuracy: 84.46% -> 84.72%      
client [86] (testset)   loss: 0.4895 -> 0.4936  accuracy: 91.40% -> 90.86%      
client [39] (testset)   loss: 0.6818 -> 0.6598  accuracy: 78.05% -> 80.49%      
---------------------------- TRAINING EPOCH: 300 ----------------------------   
client [99] (testset)   loss: 0.6078 -> 0.5989  accuracy: 90.95% -> 90.71%      
client [7]  (testset)   loss: 0.3125 -> 0.3164  accuracy: 92.78% -> 92.42%      
client [17] (testset)   loss: 0.1746 -> 0.1751  accuracy: 95.28% -> 96.06%      
client [64] (testset)   loss: 0.7767 -> 0.7790  accuracy: 84.44% -> 83.70%      
client [37] (testset)   loss: 0.1027 -> 0.0969  accuracy: 98.58% -> 98.58%      
client [29] (testset)   loss: 1.1081 -> 1.1377  accuracy: 86.22% -> 85.99%      
client [93] (testset)   loss: 0.9841 -> 1.0139  accuracy: 76.13% -> 76.13%      
client [73] (testset)   loss: 0.0491 -> 0.0492  accuracy: 99.57% -> 99.57%      
client [40] (testset)   loss: 2.5477 -> 2.7169  accuracy: 57.63% -> 55.93%      
client [76] (testset)   loss: 0.0125 -> 0.0102  accuracy: 99.36% -> 99.36%      
---------------------------- TRAINING EPOCH: 310 ----------------------------   
client [31] (testset)   loss: 0.6300 -> 0.7653  accuracy: 82.86% -> 82.86%      
client [89] (testset)   loss: 0.5526 -> 0.4505  accuracy: 89.22% -> 90.69%      
client [77] (testset)   loss: 1.0813 -> 1.0926  accuracy: 84.26% -> 84.26%      
client [90] (testset)   loss: 0.9482 -> 1.0609  accuracy: 80.25% -> 79.01%      
client [26] (testset)   loss: 0.3867 -> 0.3993  accuracy: 93.63% -> 93.63%      
client [50] (testset)   loss: 0.6612 -> 0.6455  accuracy: 76.19% -> 76.19%      
client [30] (testset)   loss: 0.1172 -> 0.1259  accuracy: 96.83% -> 96.83%      
client [70] (testset)   loss: 0.7124 -> 0.7096  accuracy: 90.28% -> 90.45%      
client [41] (testset)   loss: 1.0202 -> 1.0103  accuracy: 86.15% -> 86.39%      
client [99] (testset)   loss: 0.5976 -> 0.5714  accuracy: 90.71% -> 90.71%      
---------------------------- TRAINING EPOCH: 320 ----------------------------   
client [68] (testset)   loss: 0.1789 -> 0.1939  accuracy: 95.83% -> 95.83%      
client [70] (testset)   loss: 0.7186 -> 0.7208  accuracy: 89.76% -> 90.28%      
client [52] (testset)   loss: 0.2254 -> 0.2294  accuracy: 95.37% -> 95.19%      
client [1]  (testset)   loss: 0.1454 -> 0.1395  accuracy: 95.82% -> 96.10%      
client [2]  (testset)   loss: 0.0860 -> 0.0879  accuracy: 98.55% -> 98.55%      
client [67] (testset)   loss: 0.3887 -> 0.3880  accuracy: 90.51% -> 90.12%      
client [92] (testset)   loss: 0.7293 -> 0.7336  accuracy: 87.85% -> 87.85%      
client [35] (testset)   loss: 0.3398 -> 0.3528  accuracy: 95.14% -> 95.32%      
client [36] (testset)   loss: 1.6085 -> 2.1419  accuracy: 50.00% -> 50.00%      
client [64] (testset)   loss: 0.7836 -> 0.7993  accuracy: 85.19% -> 85.19%      
---------------------------- TRAINING EPOCH: 330 ----------------------------   
client [44] (testset)   loss: 0.8724 -> 0.8939  accuracy: 82.47% -> 82.47%      
client [6]  (testset)   loss: 0.6696 -> 0.6698  accuracy: 89.24% -> 88.45%      
client [12] (testset)   loss: 0.0132 -> 0.0170  accuracy: 100.00% -> 100.00%    
client [55] (testset)   loss: 0.9698 -> 0.9861  accuracy: 88.01% -> 88.01%      
client [29] (testset)   loss: 1.1575 -> 1.1799  accuracy: 86.22% -> 86.22%      
client [9]  (testset)   loss: 0.8326 -> 0.8393  accuracy: 81.56% -> 80.85%      
client [43] (testset)   loss: 0.6195 -> 0.6334  accuracy: 91.04% -> 90.30%      
client [77] (testset)   loss: 1.0954 -> 1.0952  accuracy: 84.26% -> 84.50%      
client [98] (testset)   loss: 1.2321 -> 1.2434  accuracy: 84.52% -> 84.52%      
client [78] (testset)   loss: 1.5074 -> 1.5359  accuracy: 79.49% -> 79.49%      
---------------------------- TRAINING EPOCH: 340 ----------------------------   
client [92] (testset)   loss: 0.7319 -> 0.7487  accuracy: 87.85% -> 87.85%      
client [80] (testset)   loss: 0.9711 -> 1.0180  accuracy: 75.36% -> 75.36%      
client [63] (testset)   loss: 0.8807 -> 1.0387  accuracy: 86.36% -> 81.82%      
client [76] (testset)   loss: 0.0104 -> 0.0094  accuracy: 99.36% -> 99.36%      
client [78] (testset)   loss: 1.5383 -> 1.5501  accuracy: 79.49% -> 79.49%      
client [25] (testset)   loss: 1.0420 -> 1.0196  accuracy: 87.50% -> 87.50%      
client [58] (testset)   loss: 0.9374 -> 0.9439  accuracy: 87.74% -> 87.74%      
client [13] (testset)   loss: 0.6647 -> 0.6583  accuracy: 90.50% -> 89.50%      
client [17] (testset)   loss: 0.1849 -> 0.1875  accuracy: 95.28% -> 95.28%      
client [38] (testset)   loss: 0.5580 -> 0.5644  accuracy: 94.97% -> 94.97%      
---------------------------- TRAINING EPOCH: 350 ----------------------------   
client [72] (testset)   loss: 0.8804 -> 0.8840  accuracy: 88.83% -> 89.00%      
client [82] (testset)   loss: 1.8251 -> 1.8643  accuracy: 57.89% -> 57.89%      
client [86] (testset)   loss: 0.5169 -> 0.5286  accuracy: 91.40% -> 90.86%      
client [51] (testset)   loss: 0.5323 -> 0.5273  accuracy: 89.73% -> 90.49%      
client [96] (testset)   loss: 0.2300 -> 0.2375  accuracy: 94.64% -> 94.64%      
client [42] (testset)   loss: 0.7730 -> 0.7587  accuracy: 85.29% -> 85.29%      
client [55] (testset)   loss: 1.0199 -> 1.0286  accuracy: 88.01% -> 88.01%      
client [13] (testset)   loss: 0.6731 -> 0.6874  accuracy: 90.00% -> 90.50%      
client [1]  (testset)   loss: 0.1491 -> 0.1439  accuracy: 96.10% -> 96.10%      
client [12] (testset)   loss: 0.0173 -> 0.0091  accuracy: 100.00% -> 100.00%    
---------------------------- TRAINING EPOCH: 360 ----------------------------   
client [68] (testset)   loss: 0.1971 -> 0.2019  accuracy: 95.83% -> 95.83%      
client [23] (testset)   loss: 0.4653 -> 0.4972  accuracy: 93.46% -> 93.46%      
client [46] (testset)   loss: 2.8570 -> 2.8434  accuracy: 71.05% -> 73.68%      
client [41] (testset)   loss: 1.0367 -> 1.0375  accuracy: 86.51% -> 86.51%      
client [25] (testset)   loss: 1.0445 -> 1.1129  accuracy: 87.50% -> 87.50%      
client [58] (testset)   loss: 0.9426 -> 0.9537  accuracy: 87.74% -> 87.74%      
client [14] (testset)   loss: 0.6201 -> 0.6405  accuracy: 91.67% -> 91.67%      
client [33] (testset)   loss: 0.4393 -> 0.4473  accuracy: 92.92% -> 92.92%      
client [85] (testset)   loss: 1.9675 -> 1.9855  accuracy: 37.50% -> 37.50%      
client [62] (testset)   loss: 0.7895 -> 0.7981  accuracy: 87.34% -> 87.55%      
---------------------------- TRAINING EPOCH: 370 ----------------------------   
client [98] (testset)   loss: 1.2746 -> 1.2612  accuracy: 84.92% -> 84.92%      
client [63] (testset)   loss: 1.0480 -> 0.9089  accuracy: 81.82% -> 86.36%      
client [70] (testset)   loss: 0.7422 -> 0.7388  accuracy: 90.45% -> 90.45%      
client [65] (testset)   loss: 0.1102 -> 0.1115  accuracy: 97.86% -> 97.86%      
client [14] (testset)   loss: 0.5981 -> 0.6154  accuracy: 91.67% -> 91.67%      
client [73] (testset)   loss: 0.0515 -> 0.0548  accuracy: 99.57% -> 99.57%      
client [34] (testset)   loss: 1.4213 -> 1.4740  accuracy: 59.09% -> 54.55%      
client [99] (testset)   loss: 0.5930 -> 0.6005  accuracy: 90.71% -> 90.48%      
client [69] (testset)   loss: 1.1529 -> 1.1637  accuracy: 75.50% -> 78.15%      
client [46] (testset)   loss: 2.8482 -> 2.8627  accuracy: 73.68% -> 73.68%      
---------------------------- TRAINING EPOCH: 380 ----------------------------   
client [99] (testset)   loss: 0.6047 -> 0.6231  accuracy: 90.48% -> 90.24%      
client [93] (testset)   loss: 1.0410 -> 1.0575  accuracy: 76.77% -> 76.13%      
client [11] (testset)   loss: 1.0254 -> 1.0437  accuracy: 77.92% -> 77.92%      
client [58] (testset)   loss: 0.9784 -> 0.9743  accuracy: 87.74% -> 87.74%      
client [81] (testset)   loss: 0.7954 -> 0.7700  accuracy: 80.65% -> 80.65%      
client [85] (testset)   loss: 1.9957 -> 2.0270  accuracy: 37.50% -> 37.50%      
client [89] (testset)   loss: 0.5242 -> 0.5605  accuracy: 89.71% -> 88.73%      
client [45] (testset)   loss: 0.3323 -> 0.3900  accuracy: 94.79% -> 94.79%      
client [8]  (testset)   loss: 0.7192 -> 0.7438  accuracy: 81.25% -> 81.25%      
client [68] (testset)   loss: 0.2175 -> 0.2179  accuracy: 95.83% -> 95.83%      
---------------------------- TRAINING EPOCH: 390 ----------------------------   
client [67] (testset)   loss: 0.4017 -> 0.4104  accuracy: 89.72% -> 89.72%      
client [72] (testset)   loss: 0.8965 -> 0.9056  accuracy: 88.83% -> 89.51%      
client [1]  (testset)   loss: 0.1507 -> 0.1536  accuracy: 96.10% -> 96.10%      
client [78] (testset)   loss: 1.6842 -> 1.7423  accuracy: 79.49% -> 78.63%      
client [83] (testset)   loss: 1.8168 -> 1.8398  accuracy: 46.15% -> 46.15%      
client [21] (testset)   loss: 1.0635 -> 1.1601  accuracy: 69.44% -> 69.44%      
client [56] (testset)   loss: 0.6491 -> 0.6531  accuracy: 90.70% -> 90.70%      
client [44] (testset)   loss: 0.9902 -> 0.9313  accuracy: 82.47% -> 82.47%      
client [92] (testset)   loss: 0.7497 -> 0.7577  accuracy: 88.40% -> 88.40%      
client [27] (testset)   loss: 1.0046 -> 1.0115  accuracy: 82.50% -> 82.00%      
---------------------------- TRAINING EPOCH: 400 ----------------------------   
client [10] (testset)   loss: 0.4303 -> 0.4340  accuracy: 91.21% -> 91.42%      
client [39] (testset)   loss: 0.7254 -> 0.7431  accuracy: 80.49% -> 80.49%      
client [65] (testset)   loss: 0.1153 -> 0.1182  accuracy: 97.86% -> 97.86%      
client [26] (testset)   loss: 0.4086 -> 0.4009  accuracy: 93.63% -> 93.63%      
client [19] (testset)   loss: 0.6823 -> 0.6858  accuracy: 85.39% -> 84.47%      
client [68] (testset)   loss: 0.2171 -> 0.2302  accuracy: 95.83% -> 95.83%      
client [41] (testset)   loss: 1.0546 -> 1.0631  accuracy: 86.39% -> 86.39%      
client [50] (testset)   loss: 0.6826 -> 0.6961  accuracy: 80.95% -> 78.57%      
client [75] (testset)   loss: 0.7257 -> 0.7366  accuracy: 83.33% -> 83.33%      
client [81] (testset)   loss: 0.8075 -> 0.8368  accuracy: 80.65% -> 80.65%      
PSFL's average time taken by each global epoch: 0 min 2.10 sec.                 
PSFL's total running time: 0 h 14 m 10 s.                                       
==================== PSFL Experiment Results: ====================              
Display format: (before local fine-tuning) -> (after local fine-tuning)         
 So if finetune_epoch = 0, x.xx% -> 0.00% is normal.                            
 Centralized testing ONLY happens after model aggregation, so the stats between 
'->' are the same.                                                              
{                                                                               
    "100": {                                                                    
        "all_clients": {                                                        
            "test": {                                                           
                "loss": "0.4300 -> 0.0000",                                     
                "accuracy": "89.18% -> 0.00%"                                   
            }                                                                   
        }                                                                       
    },                                                                          
    "200": {                                                                    
        "all_clients": {                                                        
            "test": {                                                           
                "loss": "0.5175 -> 0.0000",                                     
                "accuracy": "90.31% -> 0.00%"                                   
            }                                                                   
        }                                                                       
    },                                                                          
    "300": {                                                                    
        "all_clients": {                                                        
            "test": {                                                           
                "loss": "0.5880 -> 0.0000",                                     
                "accuracy": "90.30% -> 0.00%"                                   
            }                                                                   
        }                                                                       
    },                                                                          
    "400": {                                                                    
        "all_clients": {                                                        
            "test": {                                                           
                "loss": "0.6366 -> 0.0000",                                     
                "accuracy": "90.34% -> 0.00%"                                   
            }                                                                   
        }                                                                       
    }                                                                           
}                                                                               
==================== PSFL Max Accuracy ====================                     
all_clients:                                                                    
(test) before fine-tuning: 90.34% at epoch 400                                  
(test) after fine-tuning: 0.00% at epoch 100                                    
