==================== PSFL ====================                                  
Experiment Arguments:                                                           
{
│   'method': 'psfl',
│   'dataset': {
│   │   'name': 'mnist',
│   │   'client_num': 100,
│   │   'test_ratio': 0.25,
│   │   'val_ratio': 0.0,
│   │   'seed': 42,
│   │   'split': 'sample',
│   │   'IID_ratio': 0.0,
│   │   'monitor_window_name_suffix': 'mnist-100clients-0%IID-Dir(0.1)-seed42',
│   │   'alpha': 0.1,
│   │   'min_samples_per_client': 10
│   },
│   'model': {
│   │   'name': 'avgcnn',
│   │   'use_torchvision_pretrained_weights': True,
│   │   'external_model_weights_path': None
│   },
│   'optimizer': {
│   │   'lr': 0.01,
│   │   'dampening': 0,
│   │   'weight_decay': 0,
│   │   'momentum': 0,
│   │   'nesterov': False,
│   │   'name': 'sgd'
│   },
│   'mode': 'sequential',
│   'parallel': {
│   │   'ray_cluster_addr': None,
│   │   'num_cpus': None,
│   │   'num_gpus': None,
│   │   'num_workers': 2
│   },
│   'common': {
│   │   'seed': 42,
│   │   'join_ratio': 0.1,
│   │   'global_epoch': 400,
│   │   'local_epoch': 5,
│   │   'batch_size': 32,
│   │   'reset_optimizer_on_global_epoch': True,
│   │   'straggler_ratio': 0,
│   │   'straggler_min_local_epoch': 0,
│   │   'buffers': 'global',
│   │   'client_side_evaluation': True,
│   │   'test': {
│   │   │   'client': {
│   │   │   │   'interval': 100,
│   │   │   │   'finetune_epoch': 0,
│   │   │   │   'train': False,
│   │   │   │   'val': False,
│   │   │   │   'test': True
│   │   │   },
│   │   │   'server': {
│   │   │   │   'interval': -1,
│   │   │   │   'train': False,
│   │   │   │   'val': False,
│   │   │   │   'test': False,
│   │   │   │   'model_in_train_mode': False
│   │   │   }
│   │   },
│   │   'verbose_gap': 10,
│   │   'monitor': None,
│   │   'use_cuda': True,
│   │   'save_log': True,
│   │   'save_model': False,
│   │   'save_learning_curve_plot': False,
│   │   'save_metrics': True,
│   │   'delete_useless_run': True
│   },
│   'psfl': {
│   │   'alpha': 0.0,
│   │   'CLS': False,
│   │   'ig_ratio': 0.99997,
│   │   'track': False,
│   │   'score': 'obp'
│   }
}
---------------------------- TRAINING EPOCH: 10 ----------------------------    
client [77] (testset)   loss: 0.2471 -> 0.0564  accuracy: 93.15% -> 97.95%      
client [81] (testset)   loss: 0.3811 -> 0.0099  accuracy: 91.36% -> 99.38%      
client [21] (testset)   loss: 0.2749 -> 0.0347  accuracy: 90.20% -> 100.00%     
client [68] (testset)   loss: 0.0542 -> 0.0535  accuracy: 98.31% -> 98.31%      
client [93] (testset)   loss: 0.2463 -> 0.0447  accuracy: 93.55% -> 96.77%      
client [31] (testset)   loss: 0.8325 -> 0.2938  accuracy: 85.71% -> 85.71%      
client [20] (testset)   loss: 0.2059 -> 0.1084  accuracy: 94.12% -> 96.83%      
client [59] (testset)   loss: 0.1832 -> 0.0611  accuracy: 87.50% -> 100.00%     
client [48] (testset)   loss: 0.8114 -> 0.0031  accuracy: 70.87% -> 100.00%     
client [34] (testset)   loss: 0.1807 -> 0.3872  accuracy: 94.44% -> 94.44%      
---------------------------- TRAINING EPOCH: 20 ----------------------------    
client [69] (testset)   loss: 0.0452 -> 0.0110  accuracy: 98.18% -> 99.27%      
client [99] (testset)   loss: 0.3155 -> 0.0793  accuracy: 90.48% -> 95.24%      
client [67] (testset)   loss: 0.4662 -> 0.0001  accuracy: 81.08% -> 100.00%     
client [0]  (testset)   loss: 0.1100 -> 0.0159  accuracy: 96.23% -> 99.06%      
client [76] (testset)   loss: 0.0164 -> 0.0378  accuracy: 98.70% -> 98.70%      
client [41] (testset)   loss: 0.0475 -> 0.0046  accuracy: 98.95% -> 100.00%     
client [62] (testset)   loss: 0.0942 -> 0.0018  accuracy: 97.24% -> 100.00%     
client [2]  (testset)   loss: 0.0536 -> 0.0055  accuracy: 97.91% -> 100.00%     
client [14] (testset)   loss: 0.0092 -> 0.0231  accuracy: 100.00% -> 98.61%     
client [46] (testset)   loss: 0.1786 -> 0.0320  accuracy: 95.27% -> 98.87%      
---------------------------- TRAINING EPOCH: 30 ----------------------------    
client [24] (testset)   loss: 0.0768 -> 0.0856  accuracy: 97.30% -> 97.30%      
client [68] (testset)   loss: 0.0302 -> 0.0329  accuracy: 98.31% -> 98.31%      
client [57] (testset)   loss: 0.0191 -> 0.0017  accuracy: 99.52% -> 100.00%     
client [17] (testset)   loss: 0.1675 -> 0.0194  accuracy: 93.77% -> 99.22%      
client [54] (testset)   loss: 0.0252 -> 0.0065  accuracy: 100.00% -> 100.00%    
client [23] (testset)   loss: 0.0789 -> 0.0023  accuracy: 97.14% -> 100.00%     
client [35] (testset)   loss: 0.1099 -> 0.0067  accuracy: 96.08% -> 100.00%     
client [59] (testset)   loss: 0.0071 -> 0.0076  accuracy: 100.00% -> 100.00%    
client [31] (testset)   loss: 0.4295 -> 0.3403  accuracy: 85.71% -> 85.71%      
client [9]  (testset)   loss: 0.0864 -> 0.0286  accuracy: 96.42% -> 98.70%      
---------------------------- TRAINING EPOCH: 40 ----------------------------    
client [64] (testset)   loss: 0.0507 -> 0.0182  accuracy: 98.61% -> 99.44%      
client [33] (testset)   loss: 0.2267 -> 0.0543  accuracy: 94.13% -> 99.51%      
client [16] (testset)   loss: 0.0470 -> 0.0022  accuracy: 95.71% -> 100.00%     
client [44] (testset)   loss: 0.0674 -> 0.0258  accuracy: 97.61% -> 99.10%      
client [8]  (testset)   loss: 0.9828 -> 0.0242  accuracy: 80.95% -> 97.62%      
client [31] (testset)   loss: 0.0221 -> 0.0744  accuracy: 100.00% -> 100.00%    
client [47] (testset)   loss: 0.4846 -> 0.0019  accuracy: 82.95% -> 100.00%     
client [36] (testset)   loss: 0.5933 -> 0.0329  accuracy: 85.28% -> 98.48%      
client [20] (testset)   loss: 0.2250 -> 0.0680  accuracy: 94.57% -> 96.38%      
client [56] (testset)   loss: 0.0175 -> 0.0008  accuracy: 100.00% -> 100.00%    
---------------------------- TRAINING EPOCH: 50 ----------------------------    
client [4]  (testset)   loss: 0.0283 -> 0.0024  accuracy: 98.90% -> 100.00%     
client [60] (testset)   loss: 0.1562 -> 0.0352  accuracy: 96.00% -> 99.00%      
client [28] (testset)   loss: 0.0514 -> 0.0002  accuracy: 97.32% -> 100.00%     
client [25] (testset)   loss: 0.0219 -> 0.0002  accuracy: 100.00% -> 100.00%    
client [58] (testset)   loss: 0.0132 -> 0.0129  accuracy: 99.29% -> 99.29%      
client [44] (testset)   loss: 0.1215 -> 0.0260  accuracy: 96.42% -> 99.40%      
client [39] (testset)   loss: 0.0942 -> 0.0010  accuracy: 96.56% -> 100.00%     
client [29] (testset)   loss: 0.5202 -> 0.0465  accuracy: 86.35% -> 99.26%      
client [3]  (testset)   loss: 0.1034 -> 0.0088  accuracy: 96.02% -> 99.58%      
client [84] (testset)   loss: 0.0003 -> 0.0001  accuracy: 100.00% -> 100.00%    
---------------------------- TRAINING EPOCH: 60 ----------------------------    
client [21] (testset)   loss: 0.0886 -> 0.0080  accuracy: 96.08% -> 100.00%     
client [84] (testset)   loss: 0.0002 -> 0.0000  accuracy: 100.00% -> 100.00%    
client [10] (testset)   loss: 0.0103 -> 0.0002  accuracy: 99.01% -> 100.00%     
client [36] (testset)   loss: 0.0895 -> 0.0442  accuracy: 98.48% -> 98.48%      
client [65] (testset)   loss: 0.1227 -> 0.0541  accuracy: 97.90% -> 98.74%      
client [81] (testset)   loss: 0.0474 -> 0.0206  accuracy: 99.38% -> 99.38%      
client [79] (testset)   loss: 0.0062 -> 0.0005  accuracy: 100.00% -> 100.00%    
client [42] (testset)   loss: 0.1224 -> 0.1051  accuracy: 97.27% -> 98.36%      
client [11] (testset)   loss: 0.0000 -> 0.0000  accuracy: 100.00% -> 100.00%    
client [96] (testset)   loss: 0.0408 -> 0.0051  accuracy: 98.04% -> 100.00%     
---------------------------- TRAINING EPOCH: 70 ----------------------------    
client [8]  (testset)   loss: 0.0739 -> 0.0412  accuracy: 97.62% -> 97.62%      
client [53] (testset)   loss: 0.1037 -> 0.0642  accuracy: 96.00% -> 96.00%      
client [52] (testset)   loss: 0.2948 -> 0.0001  accuracy: 89.47% -> 100.00%     
client [42] (testset)   loss: 0.2488 -> 0.1071  accuracy: 94.54% -> 98.36%      
client [69] (testset)   loss: 0.0678 -> 0.0116  accuracy: 97.45% -> 99.64%      
client [59] (testset)   loss: 0.0006 -> 0.0005  accuracy: 100.00% -> 100.00%    
client [7]  (testset)   loss: 0.0224 -> 0.0012  accuracy: 100.00% -> 100.00%    
client [26] (testset)   loss: 0.0420 -> 0.0450  accuracy: 95.83% -> 100.00%     
client [49] (testset)   loss: 0.0162 -> 0.0019  accuracy: 99.11% -> 100.00%     
client [98] (testset)   loss: 0.0930 -> 0.0496  accuracy: 94.12% -> 97.06%      
---------------------------- TRAINING EPOCH: 80 ----------------------------    
client [98] (testset)   loss: 0.0029 -> 0.0024  accuracy: 100.00% -> 100.00%    
client [47] (testset)   loss: 0.1382 -> 0.0211  accuracy: 95.45% -> 98.86%      
client [21] (testset)   loss: 0.0761 -> 0.0252  accuracy: 97.06% -> 99.02%      
client [77] (testset)   loss: 0.0218 -> 0.0146  accuracy: 98.63% -> 99.32%      
client [95] (testset)   loss: 0.0114 -> 0.0009  accuracy: 99.64% -> 100.00%     
client [91] (testset)   loss: 0.0591 -> 0.0088  accuracy: 98.18% -> 99.83%      
client [14] (testset)   loss: 0.0249 -> 0.0394  accuracy: 99.31% -> 98.61%      
client [99] (testset)   loss: 0.1428 -> 0.0889  accuracy: 95.24% -> 95.24%      
client [20] (testset)   loss: 0.0650 -> 0.0527  accuracy: 97.74% -> 98.19%      
client [39] (testset)   loss: 0.0020 -> 0.0011  accuracy: 100.00% -> 100.00%    
---------------------------- TRAINING EPOCH: 90 ----------------------------    
client [52] (testset)   loss: 0.0083 -> 0.0001  accuracy: 100.00% -> 100.00%    
client [62] (testset)   loss: 0.0231 -> 0.0001  accuracy: 98.34% -> 100.00%     
client [71] (testset)   loss: 0.0131 -> 0.0018  accuracy: 99.54% -> 100.00%     
client [97] (testset)   loss: 0.0093 -> 0.0038  accuracy: 99.67% -> 99.67%      
client [30] (testset)   loss: 0.0096 -> 0.0098  accuracy: 100.00% -> 100.00%    
client [88] (testset)   loss: 0.4099 -> 0.0826  accuracy: 94.12% -> 97.06%      
client [60] (testset)   loss: 0.2576 -> 0.0264  accuracy: 92.00% -> 98.00%      
client [82] (testset)   loss: 0.0886 -> 0.0015  accuracy: 97.18% -> 100.00%     
client [91] (testset)   loss: 0.0353 -> 0.0077  accuracy: 99.34% -> 99.83%      
client [57] (testset)   loss: 0.0346 -> 0.0015  accuracy: 98.55% -> 100.00%     
---------------------------- TRAINING EPOCH: 100 ----------------------------   
client [31] (testset)   loss: 0.0738 -> 0.0461  accuracy: 100.00% -> 100.00%    
client [15] (testset)   loss: 0.0928 -> 0.0287  accuracy: 96.33% -> 99.08%      
client [71] (testset)   loss: 0.0272 -> 0.0036  accuracy: 99.54% -> 99.77%      
client [97] (testset)   loss: 0.0056 -> 0.0031  accuracy: 100.00% -> 99.67%     
client [53] (testset)   loss: 0.0001 -> 0.0001  accuracy: 100.00% -> 100.00%    
client [77] (testset)   loss: 0.0555 -> 0.0169  accuracy: 98.63% -> 99.32%      
client [76] (testset)   loss: 0.0399 -> 0.0083  accuracy: 98.70% -> 100.00%     
client [79] (testset)   loss: 0.0038 -> 0.0006  accuracy: 100.00% -> 100.00%    
client [28] (testset)   loss: 0.0008 -> 0.0001  accuracy: 100.00% -> 100.00%    
client [99] (testset)   loss: 0.2179 -> 0.0199  accuracy: 95.24% -> 100.00%     
---------------------------- TRAINING EPOCH: 110 ----------------------------   
client [97] (testset)   loss: 0.0896 -> 0.0013  accuracy: 96.66% -> 100.00%     
client [86] (testset)   loss: 0.2446 -> 0.0041  accuracy: 93.70% -> 100.00%     
client [34] (testset)   loss: 0.4774 -> 0.4477  accuracy: 94.44% -> 94.44%      
client [73] (testset)   loss: 0.0008 -> 0.0041  accuracy: 100.00% -> 100.00%    
client [5]  (testset)   loss: 0.0038 -> 0.0035  accuracy: 100.00% -> 100.00%    
client [96] (testset)   loss: 0.0527 -> 0.0020  accuracy: 98.04% -> 100.00%     
client [22] (testset)   loss: 0.0049 -> 0.0001  accuracy: 100.00% -> 100.00%    
client [60] (testset)   loss: 0.0549 -> 0.0362  accuracy: 98.00% -> 98.00%      
client [66] (testset)   loss: 0.1025 -> 0.0037  accuracy: 96.46% -> 100.00%     
client [83] (testset)   loss: 0.1524 -> 0.0971  accuracy: 96.80% -> 97.86%      
---------------------------- TRAINING EPOCH: 120 ----------------------------   
client [76] (testset)   loss: 0.0565 -> 0.0054  accuracy: 97.40% -> 100.00%     
client [65] (testset)   loss: 0.1178 -> 0.0733  accuracy: 98.32% -> 98.74%      
client [95] (testset)   loss: 0.0132 -> 0.0042  accuracy: 99.64% -> 99.64%      
client [17] (testset)   loss: 0.0145 -> 0.0073  accuracy: 99.22% -> 99.61%      
client [8]  (testset)   loss: 0.1320 -> 0.1243  accuracy: 97.62% -> 97.62%      
client [35] (testset)   loss: 0.0305 -> 0.0049  accuracy: 98.04% -> 100.00%     
client [98] (testset)   loss: 0.1257 -> 0.0830  accuracy: 97.06% -> 97.06%      
client [53] (testset)   loss: 0.0399 -> 0.0301  accuracy: 96.00% -> 96.00%      
client [43] (testset)   loss: 0.1176 -> 0.0665  accuracy: 97.86% -> 97.86%      
client [64] (testset)   loss: 0.0436 -> 0.0213  accuracy: 98.89% -> 98.89%      
---------------------------- TRAINING EPOCH: 130 ----------------------------   
client [21] (testset)   loss: 0.0320 -> 0.0115  accuracy: 98.04% -> 99.02%      
client [88] (testset)   loss: 0.1584 -> 0.0974  accuracy: 97.06% -> 97.06%      
client [38] (testset)   loss: 0.0842 -> 0.0757  accuracy: 98.25% -> 98.25%      
client [3]  (testset)   loss: 0.0373 -> 0.0127  accuracy: 98.74% -> 99.58%      
client [5]  (testset)   loss: 0.1247 -> 0.0015  accuracy: 96.55% -> 100.00%     
client [41] (testset)   loss: 0.0097 -> 0.0006  accuracy: 100.00% -> 100.00%    
client [7]  (testset)   loss: 0.0000 -> 0.0000  accuracy: 100.00% -> 100.00%    
client [37] (testset)   loss: 0.1052 -> 0.0680  accuracy: 96.97% -> 97.84%      
client [45] (testset)   loss: 0.0611 -> 0.0217  accuracy: 98.16% -> 99.69%      
client [47] (testset)   loss: 0.0538 -> 0.0008  accuracy: 97.73% -> 100.00%     
---------------------------- TRAINING EPOCH: 140 ----------------------------   
client [16] (testset)   loss: 0.1344 -> 0.0018  accuracy: 95.71% -> 100.00%     
client [11] (testset)   loss: 0.0000 -> 0.0000  accuracy: 100.00% -> 100.00%    
client [37] (testset)   loss: 0.0826 -> 0.0755  accuracy: 97.40% -> 97.40%      
client [41] (testset)   loss: 0.0220 -> 0.0001  accuracy: 98.95% -> 100.00%     
client [95] (testset)   loss: 0.0249 -> 0.0026  accuracy: 99.64% -> 100.00%     
client [53] (testset)   loss: 0.1105 -> 0.0793  accuracy: 96.00% -> 96.00%      
client [22] (testset)   loss: 0.0802 -> 0.0081  accuracy: 97.87% -> 100.00%     
client [25] (testset)   loss: 0.0075 -> 0.0002  accuracy: 100.00% -> 100.00%    
client [69] (testset)   loss: 0.0175 -> 0.0026  accuracy: 98.91% -> 100.00%     
client [46] (testset)   loss: 0.0480 -> 0.0230  accuracy: 99.10% -> 99.55%      
---------------------------- TRAINING EPOCH: 150 ----------------------------   
client [47] (testset)   loss: 0.0608 -> 0.0551  accuracy: 98.86% -> 98.86%      
client [69] (testset)   loss: 0.0422 -> 0.0092  accuracy: 98.72% -> 99.64%      
client [82] (testset)   loss: 0.0122 -> 0.0197  accuracy: 100.00% -> 98.59%     
client [45] (testset)   loss: 0.0501 -> 0.0141  accuracy: 98.47% -> 99.69%      
client [7]  (testset)   loss: 0.1069 -> 0.0598  accuracy: 87.50% -> 100.00%     
client [50] (testset)   loss: 0.0769 -> 0.0123  accuracy: 97.95% -> 98.97%      
client [35] (testset)   loss: 0.0418 -> 0.0321  accuracy: 99.02% -> 99.02%      
client [24] (testset)   loss: 0.0363 -> 0.0487  accuracy: 97.30% -> 97.30%      
client [15] (testset)   loss: 0.0689 -> 0.0667  accuracy: 99.08% -> 99.08%      
client [58] (testset)   loss: 0.0703 -> 0.0098  accuracy: 97.16% -> 99.29%      
---------------------------- TRAINING EPOCH: 160 ----------------------------   
client [48] (testset)   loss: 0.0005 -> 0.0002  accuracy: 100.00% -> 100.00%    
client [76] (testset)   loss: 0.0015 -> 0.0017  accuracy: 100.00% -> 100.00%    
client [67] (testset)   loss: 0.0000 -> 0.0000  accuracy: 100.00% -> 100.00%    
client [37] (testset)   loss: 0.1141 -> 0.0976  accuracy: 97.40% -> 96.97%      
client [58] (testset)   loss: 0.0315 -> 0.0095  accuracy: 99.29% -> 99.29%      
client [64] (testset)   loss: 0.0444 -> 0.0235  accuracy: 99.17% -> 99.17%      
client [77] (testset)   loss: 0.0832 -> 0.0602  accuracy: 97.26% -> 98.63%      
client [55] (testset)   loss: 0.0765 -> 0.0126  accuracy: 98.21% -> 99.74%      
client [12] (testset)   loss: 0.0668 -> 0.0291  accuracy: 97.03% -> 99.01%      
client [89] (testset)   loss: 0.0774 -> 0.0398  accuracy: 93.94% -> 100.00%     
---------------------------- TRAINING EPOCH: 170 ----------------------------   
client [84] (testset)   loss: 0.0001 -> 0.0001  accuracy: 100.00% -> 100.00%    
client [51] (testset)   loss: 0.0006 -> 0.0003  accuracy: 100.00% -> 100.00%    
client [8]  (testset)   loss: 0.3415 -> 0.1501  accuracy: 90.48% -> 95.24%      
client [18] (testset)   loss: 0.0484 -> 0.0160  accuracy: 98.97% -> 99.31%      
client [94] (testset)   loss: 0.0013 -> 0.0000  accuracy: 100.00% -> 100.00%    
client [81] (testset)   loss: 0.0139 -> 0.0074  accuracy: 99.38% -> 99.38%      
client [3]  (testset)   loss: 0.0320 -> 0.0093  accuracy: 98.95% -> 99.37%      
client [11] (testset)   loss: 0.0000 -> 0.0000  accuracy: 100.00% -> 100.00%    
client [95] (testset)   loss: 0.0118 -> 0.0035  accuracy: 99.64% -> 99.64%      
client [67] (testset)   loss: 0.0000 -> 0.0000  accuracy: 100.00% -> 100.00%    
---------------------------- TRAINING EPOCH: 180 ----------------------------   
client [21] (testset)   loss: 0.0169 -> 0.0055  accuracy: 99.02% -> 100.00%     
client [79] (testset)   loss: 0.0002 -> 0.0000  accuracy: 100.00% -> 100.00%    
client [58] (testset)   loss: 0.0341 -> 0.0050  accuracy: 99.29% -> 100.00%     
client [88] (testset)   loss: 0.1308 -> 0.0808  accuracy: 97.06% -> 97.06%      
client [46] (testset)   loss: 0.0331 -> 0.0194  accuracy: 98.87% -> 99.32%      
client [11] (testset)   loss: 0.0000 -> 0.0000  accuracy: 100.00% -> 100.00%    
client [55] (testset)   loss: 0.0543 -> 0.0168  accuracy: 98.72% -> 99.74%      
client [13] (testset)   loss: 0.0010 -> 0.0007  accuracy: 100.00% -> 100.00%    
client [31] (testset)   loss: 0.0028 -> 0.0025  accuracy: 100.00% -> 100.00%    
client [75] (testset)   loss: 0.1427 -> 0.0311  accuracy: 96.90% -> 99.38%      
---------------------------- TRAINING EPOCH: 190 ----------------------------   
client [19] (testset)   loss: 0.1169 -> 0.0654  accuracy: 94.44% -> 96.30%      
client [7]  (testset)   loss: 0.0000 -> 0.0000  accuracy: 100.00% -> 100.00%    
client [57] (testset)   loss: 0.0006 -> 0.0001  accuracy: 100.00% -> 100.00%    
client [13] (testset)   loss: 0.0045 -> 0.0033  accuracy: 100.00% -> 100.00%    
client [43] (testset)   loss: 0.0972 -> 0.0623  accuracy: 96.79% -> 98.40%      
client [91] (testset)   loss: 0.0220 -> 0.0093  accuracy: 99.34% -> 99.83%      
client [10] (testset)   loss: 0.0399 -> 0.0004  accuracy: 99.01% -> 100.00%     
client [64] (testset)   loss: 0.0763 -> 0.0366  accuracy: 98.33% -> 98.89%      
client [82] (testset)   loss: 0.0340 -> 0.0201  accuracy: 98.59% -> 98.59%      
client [22] (testset)   loss: 0.0005 -> 0.0004  accuracy: 100.00% -> 100.00%    
---------------------------- TRAINING EPOCH: 200 ----------------------------   
client [20] (testset)   loss: 0.0827 -> 0.0411  accuracy: 97.29% -> 98.64%      
client [23] (testset)   loss: 0.0020 -> 0.0010  accuracy: 100.00% -> 100.00%    
client [88] (testset)   loss: 0.2849 -> 0.0886  accuracy: 97.06% -> 97.06%      
client [98] (testset)   loss: 0.1108 -> 0.1030  accuracy: 97.06% -> 97.06%      
client [79] (testset)   loss: 0.0000 -> 0.0000  accuracy: 100.00% -> 100.00%    
client [21] (testset)   loss: 0.0389 -> 0.0313  accuracy: 99.02% -> 99.02%      
client [92] (testset)   loss: 0.0000 -> 0.0000  accuracy: 100.00% -> 100.00%    
client [56] (testset)   loss: 0.0151 -> 0.0020  accuracy: 98.92% -> 100.00%     
client [5]  (testset)   loss: 0.0208 -> 0.0004  accuracy: 98.62% -> 100.00%     
client [52] (testset)   loss: 0.0187 -> 0.0043  accuracy: 98.68% -> 100.00%     
---------------------------- TRAINING EPOCH: 210 ----------------------------   
client [67] (testset)   loss: 0.0001 -> 0.0000  accuracy: 100.00% -> 100.00%    
client [54] (testset)   loss: 0.0003 -> 0.0001  accuracy: 100.00% -> 100.00%    
client [14] (testset)   loss: 0.0662 -> 0.0543  accuracy: 97.92% -> 98.61%      
client [99] (testset)   loss: 0.0903 -> 0.0154  accuracy: 95.24% -> 100.00%     
client [36] (testset)   loss: 0.1039 -> 0.0786  accuracy: 98.48% -> 98.48%      
client [30] (testset)   loss: 0.0006 -> 0.0003  accuracy: 100.00% -> 100.00%    
client [38] (testset)   loss: 0.1242 -> 0.1165  accuracy: 98.25% -> 98.25%      
client [15] (testset)   loss: 0.0865 -> 0.0812  accuracy: 99.08% -> 99.08%      
client [6]  (testset)   loss: 0.0411 -> 0.0125  accuracy: 98.70% -> 99.48%      
client [53] (testset)   loss: 0.0151 -> 0.0105  accuracy: 100.00% -> 100.00%    
---------------------------- TRAINING EPOCH: 220 ----------------------------   
client [99] (testset)   loss: 0.0513 -> 0.0123  accuracy: 100.00% -> 100.00%    
client [6]  (testset)   loss: 0.0268 -> 0.0179  accuracy: 99.48% -> 99.22%      
client [83] (testset)   loss: 0.1104 -> 0.1073  accuracy: 97.86% -> 98.58%      
client [42] (testset)   loss: 0.0977 -> 0.0965  accuracy: 97.81% -> 98.36%      
client [34] (testset)   loss: 0.1305 -> 0.1328  accuracy: 94.44% -> 94.44%      
client [15] (testset)   loss: 0.0721 -> 0.0691  accuracy: 99.08% -> 99.08%      
client [47] (testset)   loss: 0.2074 -> 0.0940  accuracy: 96.59% -> 96.59%      
client [55] (testset)   loss: 0.0284 -> 0.0151  accuracy: 99.49% -> 99.74%      
client [51] (testset)   loss: 0.0003 -> 0.0002  accuracy: 100.00% -> 100.00%    
client [95] (testset)   loss: 0.0308 -> 0.0016  accuracy: 99.64% -> 100.00%     
---------------------------- TRAINING EPOCH: 230 ----------------------------   
client [71] (testset)   loss: 0.0269 -> 0.0140  accuracy: 99.77% -> 99.77%      
client [15] (testset)   loss: 0.1170 -> 0.0828  accuracy: 99.08% -> 99.08%      
client [33] (testset)   loss: 0.1110 -> 0.0760  accuracy: 98.86% -> 99.67%      
client [99] (testset)   loss: 0.1907 -> 0.0018  accuracy: 90.48% -> 100.00%     
client [90] (testset)   loss: 0.0696 -> 0.0447  accuracy: 98.18% -> 99.27%      
client [57] (testset)   loss: 0.0096 -> 0.0004  accuracy: 99.52% -> 100.00%     
client [27] (testset)   loss: 0.0048 -> 0.0028  accuracy: 100.00% -> 100.00%    
client [78] (testset)   loss: 0.0972 -> 0.0640  accuracy: 97.45% -> 98.73%      
client [36] (testset)   loss: 0.1110 -> 0.0851  accuracy: 97.97% -> 98.98%      
client [88] (testset)   loss: 0.1352 -> 0.0913  accuracy: 97.06% -> 97.06%      
---------------------------- TRAINING EPOCH: 240 ----------------------------   
client [70] (testset)   loss: 0.0252 -> 0.0119  accuracy: 99.45% -> 99.82%      
client [35] (testset)   loss: 0.0847 -> 0.0435  accuracy: 98.04% -> 99.02%      
client [16] (testset)   loss: 0.0023 -> 0.0015  accuracy: 100.00% -> 100.00%    
client [80] (testset)   loss: 0.0001 -> 0.0000  accuracy: 100.00% -> 100.00%    
client [38] (testset)   loss: 0.0932 -> 0.0883  accuracy: 98.25% -> 98.25%      
client [78] (testset)   loss: 0.0887 -> 0.0435  accuracy: 97.45% -> 97.45%      
client [68] (testset)   loss: 0.0007 -> 0.0038  accuracy: 100.00% -> 100.00%    
client [11] (testset)   loss: 0.0000 -> 0.0000  accuracy: 100.00% -> 100.00%    
client [64] (testset)   loss: 0.0510 -> 0.0288  accuracy: 98.89% -> 99.17%      
client [82] (testset)   loss: 0.0036 -> 0.0033  accuracy: 100.00% -> 100.00%    
---------------------------- TRAINING EPOCH: 250 ----------------------------   
client [30] (testset)   loss: 0.0001 -> 0.0001  accuracy: 100.00% -> 100.00%    
client [27] (testset)   loss: 0.0054 -> 0.0005  accuracy: 100.00% -> 100.00%    
client [74] (testset)   loss: 0.0850 -> 0.1151  accuracy: 98.46% -> 99.08%      
client [45] (testset)   loss: 0.0546 -> 0.0125  accuracy: 98.16% -> 99.69%      
client [6]  (testset)   loss: 0.0293 -> 0.0212  accuracy: 99.48% -> 99.22%      
client [36] (testset)   loss: 0.0642 -> 0.0520  accuracy: 97.97% -> 98.48%      
client [63] (testset)   loss: 0.0226 -> 0.0245  accuracy: 99.27% -> 99.27%      
client [76] (testset)   loss: 0.0027 -> 0.0005  accuracy: 100.00% -> 100.00%    
client [83] (testset)   loss: 0.1088 -> 0.0928  accuracy: 97.86% -> 98.22%      
client [86] (testset)   loss: 0.0357 -> 0.0031  accuracy: 98.63% -> 99.73%      
---------------------------- TRAINING EPOCH: 260 ----------------------------   
client [83] (testset)   loss: 0.1385 -> 0.1105  accuracy: 97.86% -> 97.51%      
client [99] (testset)   loss: 0.0259 -> 0.0008  accuracy: 100.00% -> 100.00%    
client [74] (testset)   loss: 0.1050 -> 0.1321  accuracy: 99.08% -> 98.77%      
client [73] (testset)   loss: 0.0034 -> 0.0006  accuracy: 100.00% -> 100.00%    
client [29] (testset)   loss: 0.1166 -> 0.0530  accuracy: 97.42% -> 99.26%      
client [92] (testset)   loss: 0.0000 -> 0.0000  accuracy: 100.00% -> 100.00%    
client [6]  (testset)   loss: 0.0951 -> 0.0214  accuracy: 96.88% -> 98.96%      
client [61] (testset)   loss: 0.0075 -> 0.0013  accuracy: 99.71% -> 100.00%     
client [21] (testset)   loss: 0.0307 -> 0.0214  accuracy: 99.02% -> 99.02%      
client [67] (testset)   loss: 0.0000 -> 0.0000  accuracy: 100.00% -> 100.00%    
---------------------------- TRAINING EPOCH: 270 ----------------------------   
client [83] (testset)   loss: 0.1933 -> 0.1365  accuracy: 97.51% -> 98.58%      
client [32] (testset)   loss: 0.1678 -> 0.1368  accuracy: 96.83% -> 97.62%      
client [95] (testset)   loss: 0.0122 -> 0.0071  accuracy: 99.64% -> 99.64%      
client [61] (testset)   loss: 0.0064 -> 0.0010  accuracy: 99.71% -> 100.00%     
client [27] (testset)   loss: 0.0018 -> 0.0006  accuracy: 100.00% -> 100.00%    
client [25] (testset)   loss: 0.0003 -> 0.0002  accuracy: 100.00% -> 100.00%    
client [68] (testset)   loss: 0.0061 -> 0.0059  accuracy: 100.00% -> 100.00%    
client [34] (testset)   loss: 0.2299 -> 0.2289  accuracy: 94.44% -> 94.44%      
client [71] (testset)   loss: 0.0191 -> 0.0166  accuracy: 99.77% -> 99.77%      
client [89] (testset)   loss: 0.0001 -> 0.0000  accuracy: 100.00% -> 100.00%    
---------------------------- TRAINING EPOCH: 280 ----------------------------   
client [78] (testset)   loss: 0.1831 -> 0.0749  accuracy: 95.54% -> 98.73%      
client [81] (testset)   loss: 0.0499 -> 0.0430  accuracy: 99.38% -> 99.38%      
client [51] (testset)   loss: 0.0000 -> 0.0000  accuracy: 100.00% -> 100.00%    
client [54] (testset)   loss: 0.0001 -> 0.0000  accuracy: 100.00% -> 100.00%    
client [65] (testset)   loss: 0.1384 -> 0.0958  accuracy: 98.74% -> 98.74%      
client [41] (testset)   loss: 0.0115 -> 0.0004  accuracy: 100.00% -> 100.00%    
client [11] (testset)   loss: 0.0000 -> 0.0000  accuracy: 100.00% -> 100.00%    
client [85] (testset)   loss: 0.0109 -> 0.0047  accuracy: 99.48% -> 100.00%     
client [12] (testset)   loss: 0.0457 -> 0.0338  accuracy: 98.02% -> 98.51%      
client [23] (testset)   loss: 0.0000 -> 0.0000  accuracy: 100.00% -> 100.00%    
---------------------------- TRAINING EPOCH: 290 ----------------------------   
client [16] (testset)   loss: 0.0010 -> 0.0003  accuracy: 100.00% -> 100.00%    
client [65] (testset)   loss: 0.1180 -> 0.1129  accuracy: 98.74% -> 98.74%      
client [53] (testset)   loss: 0.0043 -> 0.0044  accuracy: 100.00% -> 100.00%    
client [58] (testset)   loss: 0.0091 -> 0.0065  accuracy: 100.00% -> 100.00%    
client [72] (testset)   loss: 0.0055 -> 0.0027  accuracy: 100.00% -> 100.00%    
client [7]  (testset)   loss: 0.0035 -> 0.0031  accuracy: 100.00% -> 100.00%    
client [71] (testset)   loss: 0.0230 -> 0.0186  accuracy: 99.77% -> 99.77%      
client [59] (testset)   loss: 0.0000 -> 0.0000  accuracy: 100.00% -> 100.00%    
client [86] (testset)   loss: 0.1211 -> 0.0119  accuracy: 97.81% -> 99.73%      
client [39] (testset)   loss: 0.0234 -> 0.0039  accuracy: 99.02% -> 99.75%      
---------------------------- TRAINING EPOCH: 300 ----------------------------   
client [99] (testset)   loss: 0.0015 -> 0.0015  accuracy: 100.00% -> 100.00%    
client [7]  (testset)   loss: 0.0303 -> 0.0053  accuracy: 100.00% -> 100.00%    
client [17] (testset)   loss: 0.0038 -> 0.0023  accuracy: 100.00% -> 100.00%    
client [64] (testset)   loss: 0.0629 -> 0.0384  accuracy: 98.61% -> 99.17%      
client [37] (testset)   loss: 0.1000 -> 0.0790  accuracy: 97.84% -> 98.27%      
client [29] (testset)   loss: 0.0930 -> 0.0599  accuracy: 97.79% -> 99.26%      
client [93] (testset)   loss: 0.0000 -> 0.0000  accuracy: 100.00% -> 100.00%    
client [73] (testset)   loss: 0.0463 -> 0.0471  accuracy: 97.06% -> 97.06%      
client [40] (testset)   loss: 0.0000 -> 0.0000  accuracy: 100.00% -> 100.00%    
client [76] (testset)   loss: 0.0098 -> 0.0021  accuracy: 98.70% -> 100.00%     
---------------------------- TRAINING EPOCH: 310 ----------------------------   
client [31] (testset)   loss: 0.1146 -> 0.1135  accuracy: 85.71% -> 85.71%      
client [89] (testset)   loss: 0.0018 -> 0.0018  accuracy: 100.00% -> 100.00%    
client [77] (testset)   loss: 0.0422 -> 0.0547  accuracy: 98.63% -> 99.32%      
client [90] (testset)   loss: 0.0618 -> 0.0533  accuracy: 98.18% -> 99.27%      
client [26] (testset)   loss: 0.0007 -> 0.0007  accuracy: 100.00% -> 100.00%    
client [50] (testset)   loss: 0.0179 -> 0.0087  accuracy: 98.97% -> 99.49%      
client [30] (testset)   loss: 0.0000 -> 0.0000  accuracy: 100.00% -> 100.00%    
client [70] (testset)   loss: 0.0469 -> 0.0129  accuracy: 98.90% -> 99.82%      
client [41] (testset)   loss: 0.0008 -> 0.0007  accuracy: 100.00% -> 100.00%    
client [99] (testset)   loss: 0.0551 -> 0.0162  accuracy: 95.24% -> 100.00%     
---------------------------- TRAINING EPOCH: 320 ----------------------------   
client [68] (testset)   loss: 0.0074 -> 0.0102  accuracy: 100.00% -> 100.00%    
client [70] (testset)   loss: 0.0251 -> 0.0141  accuracy: 99.27% -> 99.82%      
client [52] (testset)   loss: 0.0030 -> 0.0003  accuracy: 100.00% -> 100.00%    
client [1]  (testset)   loss: 0.0013 -> 0.0009  accuracy: 100.00% -> 100.00%    
client [2]  (testset)   loss: 0.0925 -> 0.0486  accuracy: 98.48% -> 99.43%      
client [67] (testset)   loss: 0.0000 -> 0.0000  accuracy: 100.00% -> 100.00%    
client [92] (testset)   loss: 0.0000 -> 0.0000  accuracy: 100.00% -> 100.00%    
client [35] (testset)   loss: 0.0919 -> 0.0464  accuracy: 98.04% -> 99.02%      
client [36] (testset)   loss: 0.1220 -> 0.1042  accuracy: 98.48% -> 98.48%      
client [64] (testset)   loss: 0.0553 -> 0.0363  accuracy: 99.17% -> 99.17%      
---------------------------- TRAINING EPOCH: 330 ----------------------------   
client [44] (testset)   loss: 0.0503 -> 0.0343  accuracy: 98.51% -> 98.81%      
client [6]  (testset)   loss: 0.0137 -> 0.0108  accuracy: 99.48% -> 99.48%      
client [12] (testset)   loss: 0.0515 -> 0.0296  accuracy: 99.01% -> 99.50%      
client [55] (testset)   loss: 0.0208 -> 0.0069  accuracy: 99.49% -> 99.74%      
client [29] (testset)   loss: 0.2624 -> 0.0708  accuracy: 93.36% -> 98.52%      
client [9]  (testset)   loss: 0.0403 -> 0.0272  accuracy: 98.70% -> 99.02%      
client [43] (testset)   loss: 0.1137 -> 0.0657  accuracy: 97.33% -> 98.40%      
client [77] (testset)   loss: 0.0458 -> 0.0394  accuracy: 98.63% -> 98.63%      
client [98] (testset)   loss: 0.0045 -> 0.0043  accuracy: 100.00% -> 100.00%    
client [78] (testset)   loss: 0.0693 -> 0.0546  accuracy: 98.09% -> 98.73%      
---------------------------- TRAINING EPOCH: 340 ----------------------------   
client [92] (testset)   loss: 0.0000 -> 0.0000  accuracy: 100.00% -> 100.00%    
client [80] (testset)   loss: 0.0025 -> 0.0010  accuracy: 100.00% -> 100.00%    
client [63] (testset)   loss: 0.0397 -> 0.0386  accuracy: 99.27% -> 99.27%      
client [76] (testset)   loss: 0.0274 -> 0.0136  accuracy: 98.70% -> 98.70%      
client [78] (testset)   loss: 0.0976 -> 0.0869  accuracy: 98.09% -> 98.09%      
client [25] (testset)   loss: 0.0016 -> 0.0005  accuracy: 100.00% -> 100.00%    
client [58] (testset)   loss: 0.0205 -> 0.0140  accuracy: 99.29% -> 99.29%      
client [13] (testset)   loss: 0.0400 -> 0.0095  accuracy: 95.83% -> 100.00%     
client [17] (testset)   loss: 0.0042 -> 0.0020  accuracy: 99.61% -> 100.00%     
client [38] (testset)   loss: 0.1431 -> 0.1383  accuracy: 98.25% -> 98.25%      
---------------------------- TRAINING EPOCH: 350 ----------------------------   
client [72] (testset)   loss: 0.0091 -> 0.0029  accuracy: 100.00% -> 100.00%    
client [82] (testset)   loss: 0.0195 -> 0.0170  accuracy: 98.59% -> 98.59%      
client [86] (testset)   loss: 0.0437 -> 0.0166  accuracy: 98.63% -> 99.18%      
client [51] (testset)   loss: 0.0000 -> 0.0000  accuracy: 100.00% -> 100.00%    
client [96] (testset)   loss: 0.0369 -> 0.0073  accuracy: 98.04% -> 99.02%      
client [42] (testset)   loss: 0.1654 -> 0.1321  accuracy: 96.17% -> 97.27%      
client [55] (testset)   loss: 0.0213 -> 0.0092  accuracy: 99.49% -> 99.74%      
client [13] (testset)   loss: 0.0000 -> 0.0000  accuracy: 100.00% -> 100.00%    
client [1]  (testset)   loss: 0.0023 -> 0.0014  accuracy: 100.00% -> 100.00%    
client [12] (testset)   loss: 0.0726 -> 0.0429  accuracy: 98.02% -> 99.01%      
---------------------------- TRAINING EPOCH: 360 ----------------------------   
client [68] (testset)   loss: 0.0153 -> 0.0163  accuracy: 98.31% -> 98.31%      
client [23] (testset)   loss: 0.0119 -> 0.0005  accuracy: 100.00% -> 100.00%    
client [46] (testset)   loss: 0.0397 -> 0.0315  accuracy: 99.32% -> 99.32%      
client [41] (testset)   loss: 0.0060 -> 0.0007  accuracy: 100.00% -> 100.00%    
client [25] (testset)   loss: 0.0042 -> 0.0003  accuracy: 100.00% -> 100.00%    
client [58] (testset)   loss: 0.0080 -> 0.0069  accuracy: 99.29% -> 99.29%      
client [14] (testset)   loss: 0.0981 -> 0.0820  accuracy: 98.61% -> 98.61%      
client [33] (testset)   loss: 0.1221 -> 0.0936  accuracy: 98.86% -> 99.67%      
client [85] (testset)   loss: 0.0958 -> 0.0688  accuracy: 96.89% -> 97.93%      
client [62] (testset)   loss: 0.0454 -> 0.0000  accuracy: 98.90% -> 100.00%     
---------------------------- TRAINING EPOCH: 370 ----------------------------   
client [98] (testset)   loss: 0.0920 -> 0.0891  accuracy: 97.06% -> 97.06%      
client [63] (testset)   loss: 0.0299 -> 0.0292  accuracy: 99.27% -> 99.27%      
client [70] (testset)   loss: 0.0236 -> 0.0138  accuracy: 99.45% -> 99.82%      
client [65] (testset)   loss: 0.1648 -> 0.1454  accuracy: 98.32% -> 98.74%      
client [14] (testset)   loss: 0.0709 -> 0.0719  accuracy: 98.61% -> 98.61%      
client [73] (testset)   loss: 0.1044 -> 0.1021  accuracy: 97.06% -> 97.06%      
client [34] (testset)   loss: 0.0705 -> 0.0720  accuracy: 94.44% -> 94.44%      
client [99] (testset)   loss: 0.0068 -> 0.0060  accuracy: 100.00% -> 100.00%    
client [69] (testset)   loss: 0.0110 -> 0.0072  accuracy: 99.64% -> 99.64%      
client [46] (testset)   loss: 0.0386 -> 0.0343  accuracy: 99.32% -> 99.32%      
---------------------------- TRAINING EPOCH: 380 ----------------------------   
client [99] (testset)   loss: 0.0203 -> 0.0065  accuracy: 100.00% -> 100.00%    
client [93] (testset)   loss: 0.0000 -> 0.0000  accuracy: 100.00% -> 100.00%    
client [11] (testset)   loss: 0.0000 -> 0.0000  accuracy: 100.00% -> 100.00%    
client [58] (testset)   loss: 0.0175 -> 0.0093  accuracy: 99.29% -> 99.29%      
client [81] (testset)   loss: 0.0415 -> 0.0334  accuracy: 99.38% -> 99.38%      
client [85] (testset)   loss: 0.0167 -> 0.0092  accuracy: 98.96% -> 99.48%      
client [89] (testset)   loss: 0.0000 -> 0.0000  accuracy: 100.00% -> 100.00%    
client [45] (testset)   loss: 0.0307 -> 0.0285  accuracy: 99.08% -> 99.69%      
client [8]  (testset)   loss: 0.2236 -> 0.2181  accuracy: 97.62% -> 97.62%      
client [68] (testset)   loss: 0.0011 -> 0.0012  accuracy: 100.00% -> 100.00%    
---------------------------- TRAINING EPOCH: 390 ----------------------------   
client [67] (testset)   loss: 0.0000 -> 0.0000  accuracy: 100.00% -> 100.00%    
client [72] (testset)   loss: 0.0110 -> 0.0002  accuracy: 100.00% -> 100.00%    
client [1]  (testset)   loss: 0.0019 -> 0.0020  accuracy: 100.00% -> 100.00%    
client [78] (testset)   loss: 0.0907 -> 0.0573  accuracy: 97.45% -> 98.09%      
client [83] (testset)   loss: 0.1629 -> 0.1397  accuracy: 97.86% -> 97.86%      
client [21] (testset)   loss: 0.0403 -> 0.0390  accuracy: 99.02% -> 99.02%      
client [56] (testset)   loss: 0.0103 -> 0.0074  accuracy: 98.92% -> 100.00%     
client [44] (testset)   loss: 0.0413 -> 0.0278  accuracy: 98.51% -> 98.81%      
client [92] (testset)   loss: 0.0000 -> 0.0000  accuracy: 100.00% -> 100.00%    
client [27] (testset)   loss: 0.0023 -> 0.0003  accuracy: 100.00% -> 100.00%    
---------------------------- TRAINING EPOCH: 400 ----------------------------   
client [10] (testset)   loss: 0.0000 -> 0.0000  accuracy: 100.00% -> 100.00%    
client [39] (testset)   loss: 0.0101 -> 0.0041  accuracy: 99.75% -> 99.75%      
client [65] (testset)   loss: 0.1469 -> 0.1303  accuracy: 98.32% -> 98.74%      
client [26] (testset)   loss: 0.0229 -> 0.0228  accuracy: 100.00% -> 100.00%    
client [19] (testset)   loss: 0.0755 -> 0.0697  accuracy: 96.30% -> 96.30%      
client [68] (testset)   loss: 0.0019 -> 0.0021  accuracy: 100.00% -> 100.00%    
client [41] (testset)   loss: 0.0069 -> 0.0013  accuracy: 100.00% -> 100.00%    
client [50] (testset)   loss: 0.0431 -> 0.0383  accuracy: 98.97% -> 98.97%      
client [75] (testset)   loss: 0.0670 -> 0.0564  accuracy: 98.14% -> 98.76%      
client [81] (testset)   loss: 0.0702 -> 0.0566  accuracy: 99.38% -> 99.38%      
Training... ━━━━━━━━━━━━━━━━━━━━━━━━━━━━━━━━━━━━━━━━ 100% 0:08:10
PSFL's average time taken by each global epoch: 0 min 1.21 sec.                 
PSFL's total running time: 0 h 8 m 10 s.                                        
==================== PSFL Experiment Results: ====================              
Display format: (before local fine-tuning) -> (after local fine-tuning)         
 So if finetune_epoch = 0, x.xx% -> 0.00% is normal.                            
 Centralized testing ONLY happens after model aggregation, so the stats between 
'->' are the same.                                                              
{                                                                               
    "100": {                                                                    
        "all_clients": {                                                        
            "test": {                                                           
                "loss": "0.0587 -> 0.0000",                                     
                "accuracy": "98.47% -> 0.00%"                                   
            }                                                                   
        }                                                                       
    },                                                                          
    "200": {                                                                    
        "all_clients": {                                                        
            "test": {                                                           
                "loss": "0.0525 -> 0.0000",                                     
                "accuracy": "98.77% -> 0.00%"                                   
            }                                                                   
        }                                                                       
    },                                                                          
    "300": {                                                                    
        "all_clients": {                                                        
            "test": {                                                           
                "loss": "0.0454 -> 0.0000",                                     
                "accuracy": "99.04% -> 0.00%"                                   
            }                                                                   
        }                                                                       
    },                                                                          
    "400": {                                                                    
        "all_clients": {                                                        
            "test": {                                                           
                "loss": "0.0478 -> 0.0000",                                     
                "accuracy": "99.04% -> 0.00%"                                   
            }                                                                   
        }                                                                       
    }                                                                           
}                                                                               
==================== PSFL Max Accuracy ====================                     
all_clients:                                                                    
(test) before fine-tuning: 99.04% at epoch 300                                  
(test) after fine-tuning: 0.00% at epoch 100                                    
