==================== PSFL ====================                                  
Experiment Arguments:                                                           
{
│   'method': 'psfl',
│   'dataset': {
│   │   'name': 'svhn',
│   │   'client_num': 100,
│   │   'test_ratio': 0.25,
│   │   'val_ratio': 0.0,
│   │   'seed': 42,
│   │   'split': 'sample',
│   │   'IID_ratio': 0.0,
│   │   'monitor_window_name_suffix': 'svhn-100clients-0%IID-Dir(0.1)-seed42',
│   │   'alpha': 0.1,
│   │   'min_samples_per_client': 10
│   },
│   'model': {
│   │   'name': 'avgcnn',
│   │   'use_torchvision_pretrained_weights': True,
│   │   'external_model_weights_path': None
│   },
│   'optimizer': {
│   │   'lr': 0.01,
│   │   'dampening': 0,
│   │   'weight_decay': 0,
│   │   'momentum': 0,
│   │   'nesterov': False,
│   │   'name': 'sgd'
│   },
│   'mode': 'sequential',
│   'parallel': {
│   │   'ray_cluster_addr': None,
│   │   'num_cpus': None,
│   │   'num_gpus': None,
│   │   'num_workers': 2
│   },
│   'common': {
│   │   'seed': 42,
│   │   'join_ratio': 0.1,
│   │   'global_epoch': 400,
│   │   'local_epoch': 5,
│   │   'batch_size': 32,
│   │   'reset_optimizer_on_global_epoch': True,
│   │   'straggler_ratio': 0,
│   │   'straggler_min_local_epoch': 0,
│   │   'buffers': 'global',
│   │   'client_side_evaluation': True,
│   │   'test': {
│   │   │   'client': {
│   │   │   │   'interval': 100,
│   │   │   │   'finetune_epoch': 0,
│   │   │   │   'train': False,
│   │   │   │   'val': False,
│   │   │   │   'test': True
│   │   │   },
│   │   │   'server': {
│   │   │   │   'interval': -1,
│   │   │   │   'train': False,
│   │   │   │   'val': False,
│   │   │   │   'test': False,
│   │   │   │   'model_in_train_mode': False
│   │   │   }
│   │   },
│   │   'verbose_gap': 10,
│   │   'monitor': None,
│   │   'use_cuda': True,
│   │   'save_log': True,
│   │   'save_model': False,
│   │   'save_learning_curve_plot': False,
│   │   'save_metrics': True,
│   │   'delete_useless_run': True
│   },
│   'psfl': {
│   │   'alpha': 0.0,
│   │   'CLS': False,
│   │   'ig_ratio': 0.3,
│   │   'track': False,
│   │   'score': 'diff'
│   }
}
---------------------------- TRAINING EPOCH: 10 ----------------------------    
client [77] (testset)   loss: 1.1144 -> 0.7134  accuracy: 52.54% -> 74.33%      
client [81] (testset)   loss: 0.8182 -> 0.7928  accuracy: 83.87% -> 83.87%      
client [21] (testset)   loss: 2.2428 -> 1.2673  accuracy: 11.11% -> 52.78%      
client [68] (testset)   loss: 0.2541 -> 0.2149  accuracy: 95.83% -> 95.83%      
client [93] (testset)   loss: 1.1482 -> 1.1834  accuracy: 53.55% -> 47.10%      
client [31] (testset)   loss: 0.9563 -> 0.8640  accuracy: 65.71% -> 74.29%      
client [20] (testset)   loss: 1.4594 -> 1.2425  accuracy: 45.31% -> 64.06%      
client [59] (testset)   loss: 2.2566 -> 1.3209  accuracy: 7.51% -> 49.74%       
client [48] (testset)   loss: 2.0810 -> 2.1467  accuracy: 24.24% -> 27.27%      
client [34] (testset)   loss: 1.5546 -> 1.5016  accuracy: 31.82% -> 36.36%      
---------------------------- TRAINING EPOCH: 20 ----------------------------    
client [69] (testset)   loss: 1.3631 -> 1.1946  accuracy: 49.01% -> 57.62%      
client [99] (testset)   loss: 1.4736 -> 0.5475  accuracy: 24.52% -> 84.76%      
client [67] (testset)   loss: 0.9148 -> 0.6349  accuracy: 71.94% -> 73.52%      
client [0]  (testset)   loss: 1.0266 -> 0.7480  accuracy: 58.33% -> 72.81%      
client [76] (testset)   loss: 0.0909 -> 0.0771  accuracy: 99.36% -> 99.36%      
client [41] (testset)   loss: 1.3759 -> 0.7849  accuracy: 49.47% -> 72.90%      
client [62] (testset)   loss: 2.2883 -> 1.2803  accuracy: 8.95% -> 52.18%       
client [2]  (testset)   loss: 2.2191 -> 0.1463  accuracy: 17.29% -> 96.25%      
client [14] (testset)   loss: 0.5833 -> 0.5763  accuracy: 89.88% -> 89.88%      
client [46] (testset)   loss: 1.5927 -> 1.4980  accuracy: 52.63% -> 55.26%      
---------------------------- TRAINING EPOCH: 30 ----------------------------    
client [24] (testset)   loss: 0.6131 -> 0.5219  accuracy: 82.30% -> 83.54%      
client [68] (testset)   loss: 0.1952 -> 0.2334  accuracy: 95.83% -> 95.83%      
client [57] (testset)   loss: 0.5942 -> 0.3587  accuracy: 79.05% -> 88.51%      
client [17] (testset)   loss: 0.1919 -> 0.2627  accuracy: 96.06% -> 95.28%      
client [54] (testset)   loss: 0.8059 -> 0.5080  accuracy: 75.26% -> 89.69%      
client [23] (testset)   loss: 2.4286 -> 0.6590  accuracy: 0.00% -> 85.05%       
client [35] (testset)   loss: 0.1983 -> 0.2915  accuracy: 94.96% -> 93.35%      
client [59] (testset)   loss: 0.8421 -> 0.8420  accuracy: 65.80% -> 66.06%      
client [31] (testset)   loss: 0.9471 -> 0.8244  accuracy: 42.86% -> 65.71%      
client [9]  (testset)   loss: 1.2760 -> 1.1923  accuracy: 40.43% -> 53.90%      
---------------------------- TRAINING EPOCH: 40 ----------------------------    
client [64] (testset)   loss: 0.9479 -> 0.8776  accuracy: 71.11% -> 67.41%      
client [33] (testset)   loss: 0.2550 -> 0.2568  accuracy: 94.15% -> 94.77%      
client [16] (testset)   loss: 0.6736 -> 0.7603  accuracy: 72.84% -> 69.14%      
client [44] (testset)   loss: 1.8024 -> 1.2388  accuracy: 42.27% -> 47.42%      
client [8]  (testset)   loss: 0.7674 -> 0.7875  accuracy: 81.25% -> 81.25%      
client [31] (testset)   loss: 1.0501 -> 0.6434  accuracy: 34.29% -> 71.43%      
client [47] (testset)   loss: 0.2104 -> 0.2026  accuracy: 93.11% -> 93.64%      
client [36] (testset)   loss: 1.6298 -> 1.1242  accuracy: 50.00% -> 40.00%      
client [20] (testset)   loss: 0.9641 -> 0.7649  accuracy: 66.67% -> 76.04%      
client [56] (testset)   loss: 0.4264 -> 0.4012  accuracy: 86.17% -> 88.89%      
---------------------------- TRAINING EPOCH: 50 ----------------------------    
client [4]  (testset)   loss: 0.0036 -> 0.0034  accuracy: 100.00% -> 100.00%    
client [60] (testset)   loss: 0.0049 -> 0.0019  accuracy: 100.00% -> 100.00%    
client [28] (testset)   loss: 0.2550 -> 0.2634  accuracy: 92.92% -> 94.34%      
client [25] (testset)   loss: 0.7957 -> 0.7914  accuracy: 87.50% -> 87.50%      
client [58] (testset)   loss: 0.5557 -> 0.4742  accuracy: 82.76% -> 88.51%      
client [44] (testset)   loss: 1.2388 -> 1.1346  accuracy: 47.42% -> 53.61%      
client [39] (testset)   loss: 0.8334 -> 0.7977  accuracy: 53.66% -> 63.41%      
client [29] (testset)   loss: 0.5813 -> 0.5915  accuracy: 83.14% -> 84.32%      
client [3]  (testset)   loss: 0.3717 -> 0.2713  accuracy: 87.55% -> 91.97%      
client [84] (testset)   loss: 1.0166 -> 0.9169  accuracy: 74.21% -> 75.11%      
---------------------------- TRAINING EPOCH: 60 ----------------------------    
client [21] (testset)   loss: 1.3057 -> 1.2788  accuracy: 55.56% -> 52.78%      
client [84] (testset)   loss: 0.9789 -> 0.9182  accuracy: 72.85% -> 76.47%      
client [10] (testset)   loss: 0.2612 -> 0.2621  accuracy: 91.63% -> 91.63%      
client [36] (testset)   loss: 1.1347 -> 1.1927  accuracy: 40.00% -> 50.00%      
client [65] (testset)   loss: 0.0777 -> 0.0811  accuracy: 97.73% -> 97.73%      
client [81] (testset)   loss: 0.7346 -> 0.7249  accuracy: 83.87% -> 83.87%      
client [79] (testset)   loss: 0.1648 -> 0.2760  accuracy: 95.92% -> 92.69%      
client [42] (testset)   loss: 0.5276 -> 0.6076  accuracy: 83.09% -> 81.62%      
client [11] (testset)   loss: 1.1627 -> 0.9955  accuracy: 63.64% -> 70.13%      
client [96] (testset)   loss: 0.2584 -> 0.2462  accuracy: 94.64% -> 94.64%      
---------------------------- TRAINING EPOCH: 70 ----------------------------    
client [8]  (testset)   loss: 1.0401 -> 0.7233  accuracy: 81.25% -> 87.50%      
client [53] (testset)   loss: 0.3309 -> 0.2399  accuracy: 92.14% -> 94.76%      
client [52] (testset)   loss: 0.1436 -> 0.1444  accuracy: 95.01% -> 95.54%      
client [42] (testset)   loss: 0.5404 -> 0.5163  accuracy: 83.82% -> 84.56%      
client [69] (testset)   loss: 1.0405 -> 0.8617  accuracy: 64.24% -> 74.17%      
client [59] (testset)   loss: 0.4619 -> 0.4788  accuracy: 83.42% -> 86.53%      
client [7]  (testset)   loss: 0.2015 -> 0.1892  accuracy: 92.78% -> 92.42%      
client [26] (testset)   loss: 0.3442 -> 0.4139  accuracy: 93.63% -> 93.63%      
client [49] (testset)   loss: 0.5680 -> 0.5411  accuracy: 83.78% -> 85.95%      
client [98] (testset)   loss: 1.0623 -> 0.7768  accuracy: 82.94% -> 82.94%      
---------------------------- TRAINING EPOCH: 80 ----------------------------    
client [98] (testset)   loss: 0.7769 -> 0.8070  accuracy: 82.94% -> 83.33%      
client [47] (testset)   loss: 0.1978 -> 0.2184  accuracy: 93.91% -> 94.04%      
client [21] (testset)   loss: 1.4298 -> 1.2578  accuracy: 36.11% -> 58.33%      
client [77] (testset)   loss: 0.7103 -> 0.7445  accuracy: 84.99% -> 84.26%      
client [95] (testset)   loss: 0.5145 -> 0.5254  accuracy: 79.79% -> 80.85%      
client [91] (testset)   loss: 0.8046 -> 0.7032  accuracy: 76.43% -> 80.89%      
client [14] (testset)   loss: 0.6295 -> 0.5556  accuracy: 89.88% -> 89.88%      
client [99] (testset)   loss: 0.4132 -> 0.4015  accuracy: 90.24% -> 88.33%      
client [20] (testset)   loss: 0.7013 -> 0.8233  accuracy: 78.12% -> 80.73%      
client [39] (testset)   loss: 0.7456 -> 0.7001  accuracy: 60.98% -> 65.85%      
---------------------------- TRAINING EPOCH: 90 ----------------------------    
client [52] (testset)   loss: 0.1444 -> 0.1662  accuracy: 95.54% -> 95.19%      
client [62] (testset)   loss: 0.6069 -> 0.6331  accuracy: 86.90% -> 87.99%      
client [71] (testset)   loss: 0.6118 -> 0.4888  accuracy: 83.61% -> 89.62%      
client [97] (testset)   loss: 0.4259 -> 0.2232  accuracy: 85.56% -> 94.48%      
client [30] (testset)   loss: 0.1636 -> 0.1547  accuracy: 96.83% -> 96.83%      
client [88] (testset)   loss: 0.2200 -> 0.2210  accuracy: 95.08% -> 95.08%      
client [60] (testset)   loss: 0.0003 -> 0.0002  accuracy: 100.00% -> 100.00%    
client [82] (testset)   loss: 1.1918 -> 1.4283  accuracy: 52.63% -> 47.37%      
client [91] (testset)   loss: 0.6815 -> 0.7196  accuracy: 81.53% -> 80.89%      
client [57] (testset)   loss: 0.3577 -> 0.4022  accuracy: 89.41% -> 86.26%      
---------------------------- TRAINING EPOCH: 100 ----------------------------   
client [31] (testset)   loss: 0.5537 -> 0.5087  accuracy: 80.00% -> 82.86%      
client [15] (testset)   loss: 0.4134 -> 0.4420  accuracy: 90.48% -> 92.02%      
client [71] (testset)   loss: 0.4882 -> 1.0899  accuracy: 89.62% -> 70.49%      
client [97] (testset)   loss: 0.2320 -> 0.2802  accuracy: 95.54% -> 91.72%      
client [53] (testset)   loss: 0.2333 -> 0.3165  accuracy: 94.76% -> 95.20%      
client [77] (testset)   loss: 0.7439 -> 0.7698  accuracy: 84.26% -> 85.23%      
client [76] (testset)   loss: 0.0585 -> 0.0564  accuracy: 99.36% -> 99.36%      
client [79] (testset)   loss: 0.1647 -> 0.1714  accuracy: 95.41% -> 95.75%      
client [28] (testset)   loss: 0.3566 -> 0.3581  accuracy: 93.87% -> 94.81%      
client [99] (testset)   loss: 0.3931 -> 0.5090  accuracy: 88.81% -> 89.52%      
---------------------------- TRAINING EPOCH: 110 ----------------------------   
client [97] (testset)   loss: 0.2510 -> 0.2547  accuracy: 93.63% -> 94.69%      
client [86] (testset)   loss: 0.4033 -> 0.3286  accuracy: 89.25% -> 90.32%      
client [34] (testset)   loss: 1.7382 -> 1.8479  accuracy: 36.36% -> 36.36%      
client [73] (testset)   loss: 0.0416 -> 0.0402  accuracy: 99.57% -> 99.57%      
client [5]  (testset)   loss: 0.7984 -> 0.7524  accuracy: 81.25% -> 81.25%      
client [96] (testset)   loss: 0.2185 -> 0.2323  accuracy: 94.64% -> 94.64%      
client [22] (testset)   loss: 1.5726 -> 1.6395  accuracy: 46.88% -> 50.00%      
client [60] (testset)   loss: 0.0001 -> 0.0001  accuracy: 100.00% -> 100.00%    
client [66] (testset)   loss: 0.5231 -> 0.4946  accuracy: 80.74% -> 82.96%      
client [83] (testset)   loss: 1.8370 -> 1.5395  accuracy: 30.77% -> 7.69%       
---------------------------- TRAINING EPOCH: 120 ----------------------------   
client [76] (testset)   loss: 0.0419 -> 0.0428  accuracy: 99.36% -> 99.36%      
client [65] (testset)   loss: 0.0744 -> 0.0789  accuracy: 98.00% -> 98.13%      
client [95] (testset)   loss: 0.5244 -> 0.5776  accuracy: 86.17% -> 85.11%      
client [17] (testset)   loss: 0.1511 -> 0.1442  accuracy: 96.06% -> 96.06%      
client [8]  (testset)   loss: 0.6988 -> 0.7216  accuracy: 81.25% -> 75.00%      
client [35] (testset)   loss: 0.3109 -> 0.2809  accuracy: 94.60% -> 95.14%      
client [98] (testset)   loss: 0.8782 -> 1.1108  accuracy: 82.94% -> 84.13%      
client [53] (testset)   loss: 0.2705 -> 0.3188  accuracy: 94.32% -> 94.76%      
client [43] (testset)   loss: 0.5297 -> 0.4738  accuracy: 88.81% -> 89.93%      
client [64] (testset)   loss: 0.5575 -> 0.5752  accuracy: 83.70% -> 84.44%      
---------------------------- TRAINING EPOCH: 130 ----------------------------   
client [21] (testset)   loss: 1.2983 -> 1.6628  accuracy: 41.67% -> 36.11%      
client [88] (testset)   loss: 0.2203 -> 0.2368  accuracy: 95.74% -> 92.46%      
client [38] (testset)   loss: 0.3212 -> 0.3717  accuracy: 93.72% -> 94.97%      
client [3]  (testset)   loss: 0.2611 -> 0.2917  accuracy: 92.77% -> 91.97%      
client [5]  (testset)   loss: 0.6396 -> 0.8701  accuracy: 78.12% -> 81.25%      
client [41] (testset)   loss: 0.7743 -> 0.7969  accuracy: 86.15% -> 86.27%      
client [7]  (testset)   loss: 0.1961 -> 0.1900  accuracy: 92.78% -> 92.78%      
client [37] (testset)   loss: 0.0941 -> 0.0873  accuracy: 98.58% -> 98.58%      
client [45] (testset)   loss: 0.3843 -> 0.3614  accuracy: 93.75% -> 93.75%      
client [47] (testset)   loss: 0.2487 -> 0.2692  accuracy: 94.30% -> 93.91%      
---------------------------- TRAINING EPOCH: 140 ----------------------------   
client [16] (testset)   loss: 0.3361 -> 0.2995  accuracy: 91.36% -> 95.06%      
client [11] (testset)   loss: 0.7855 -> 0.9174  accuracy: 79.22% -> 77.92%      
client [37] (testset)   loss: 0.0889 -> 0.0838  accuracy: 98.58% -> 98.58%      
client [41] (testset)   loss: 0.7962 -> 0.8202  accuracy: 86.27% -> 86.15%      
client [95] (testset)   loss: 0.6141 -> 0.6386  accuracy: 86.17% -> 85.11%      
client [53] (testset)   loss: 0.3181 -> 0.3054  accuracy: 94.76% -> 94.76%      
client [22] (testset)   loss: 1.5853 -> 1.6516  accuracy: 46.88% -> 50.00%      
client [25] (testset)   loss: 0.9187 -> 0.8887  accuracy: 87.50% -> 87.50%      
client [69] (testset)   loss: 0.9489 -> 0.9377  accuracy: 73.51% -> 76.16%      
client [46] (testset)   loss: 1.5820 -> 1.5889  accuracy: 57.89% -> 65.79%      
---------------------------- TRAINING EPOCH: 150 ----------------------------   
client [47] (testset)   loss: 0.3071 -> 0.3132  accuracy: 94.04% -> 94.04%      
client [69] (testset)   loss: 0.9695 -> 1.0002  accuracy: 73.51% -> 76.82%      
client [82] (testset)   loss: 1.1798 -> 1.2848  accuracy: 57.89% -> 42.11%      
client [45] (testset)   loss: 0.3949 -> 0.3593  accuracy: 93.75% -> 93.75%      
client [7]  (testset)   loss: 0.1899 -> 0.1960  accuracy: 92.78% -> 92.42%      
client [50] (testset)   loss: 0.8133 -> 0.8672  accuracy: 73.81% -> 73.81%      
client [35] (testset)   loss: 0.2892 -> 0.3036  accuracy: 95.14% -> 95.14%      
client [24] (testset)   loss: 0.4722 -> 0.4562  accuracy: 90.37% -> 89.44%      
client [15] (testset)   loss: 0.5199 -> 0.5386  accuracy: 91.74% -> 92.02%      
client [58] (testset)   loss: 0.7960 -> 0.7975  accuracy: 87.74% -> 87.74%      
---------------------------- TRAINING EPOCH: 160 ----------------------------   
client [48] (testset)   loss: 2.5279 -> 3.0369  accuracy: 33.33% -> 42.42%      
client [76] (testset)   loss: 0.0312 -> 0.0455  accuracy: 99.36% -> 99.36%      
client [67] (testset)   loss: 0.3082 -> 0.2857  accuracy: 89.33% -> 91.30%      
client [37] (testset)   loss: 0.0907 -> 0.0872  accuracy: 98.58% -> 98.58%      
client [58] (testset)   loss: 0.8303 -> 0.8368  accuracy: 87.74% -> 87.74%      
client [64] (testset)   loss: 0.5904 -> 0.6047  accuracy: 81.48% -> 85.19%      
client [77] (testset)   loss: 0.8990 -> 0.8993  accuracy: 83.78% -> 84.26%      
client [55] (testset)   loss: 0.7543 -> 0.7874  accuracy: 88.52% -> 88.78%      
client [12] (testset)   loss: 0.1847 -> 0.1582  accuracy: 100.00% -> 100.00%    
client [89] (testset)   loss: 0.5529 -> 0.3888  accuracy: 88.24% -> 87.75%      
---------------------------- TRAINING EPOCH: 170 ----------------------------   
client [84] (testset)   loss: 1.4341 -> 1.4373  accuracy: 76.92% -> 76.02%      
client [51] (testset)   loss: 0.4397 -> 0.4424  accuracy: 90.49% -> 90.49%      
client [8]  (testset)   loss: 1.6137 -> 0.7670  accuracy: 37.50% -> 81.25%      
client [18] (testset)   loss: 0.3812 -> 0.4064  accuracy: 89.53% -> 89.15%      
client [94] (testset)   loss: 0.3599 -> 0.3635  accuracy: 94.17% -> 94.17%      
client [81] (testset)   loss: 0.6918 -> 0.7147  accuracy: 80.65% -> 80.65%      
client [3]  (testset)   loss: 0.2916 -> 0.2881  accuracy: 93.57% -> 93.98%      
client [11] (testset)   loss: 0.9810 -> 0.8687  accuracy: 79.22% -> 76.62%      
client [95] (testset)   loss: 0.7273 -> 0.7289  accuracy: 85.11% -> 86.17%      
client [67] (testset)   loss: 0.2860 -> 0.2926  accuracy: 91.30% -> 91.30%      
---------------------------- TRAINING EPOCH: 180 ----------------------------   
client [21] (testset)   loss: 1.1497 -> 1.2857  accuracy: 61.11% -> 52.78%      
client [79] (testset)   loss: 0.2500 -> 0.2554  accuracy: 95.92% -> 95.75%      
client [58] (testset)   loss: 0.8545 -> 0.8662  accuracy: 87.74% -> 87.74%      
client [88] (testset)   loss: 0.2477 -> 0.2400  accuracy: 93.11% -> 95.08%      
client [46] (testset)   loss: 1.7062 -> 1.7427  accuracy: 68.42% -> 71.05%      
client [11] (testset)   loss: 0.8691 -> 1.0248  accuracy: 76.62% -> 80.52%      
client [55] (testset)   loss: 0.9139 -> 0.9356  accuracy: 88.52% -> 88.27%      
client [13] (testset)   loss: 0.5631 -> 0.5800  accuracy: 90.00% -> 90.00%      
client [31] (testset)   loss: 0.5866 -> 0.6577  accuracy: 77.14% -> 77.14%      
client [75] (testset)   loss: 0.5871 -> 0.6059  accuracy: 83.33% -> 81.94%      
---------------------------- TRAINING EPOCH: 190 ----------------------------   
client [19] (testset)   loss: 0.6194 -> 0.6204  accuracy: 84.02% -> 83.56%      
client [7]  (testset)   loss: 0.2606 -> 0.2652  accuracy: 93.50% -> 93.86%      
client [57] (testset)   loss: 0.5256 -> 0.5361  accuracy: 89.41% -> 89.19%      
client [13] (testset)   loss: 0.5895 -> 0.6153  accuracy: 89.50% -> 90.00%      
client [43] (testset)   loss: 0.5578 -> 0.5988  accuracy: 88.06% -> 89.93%      
client [91] (testset)   loss: 0.8478 -> 0.8572  accuracy: 80.89% -> 80.89%      
client [10] (testset)   loss: 0.3615 -> 0.3626  accuracy: 91.84% -> 91.42%      
client [64] (testset)   loss: 0.6764 -> 0.6854  accuracy: 83.70% -> 84.44%      
client [82] (testset)   loss: 1.4064 -> 1.4639  accuracy: 57.89% -> 57.89%      
client [22] (testset)   loss: 2.0649 -> 1.8294  accuracy: 50.00% -> 43.75%      
---------------------------- TRAINING EPOCH: 200 ----------------------------   
client [20] (testset)   loss: 1.0455 -> 1.0529  accuracy: 80.73% -> 80.21%      
client [23] (testset)   loss: 0.3871 -> 0.3869  accuracy: 91.59% -> 94.39%      
client [88] (testset)   loss: 0.2398 -> 0.2408  accuracy: 95.08% -> 95.41%      
client [98] (testset)   loss: 1.1155 -> 1.1612  accuracy: 83.33% -> 83.33%      
client [79] (testset)   loss: 0.2699 -> 0.2733  accuracy: 95.75% -> 95.92%      
client [21] (testset)   loss: 1.1354 -> 1.0775  accuracy: 72.22% -> 63.89%      
client [92] (testset)   loss: 0.6588 -> 0.6991  accuracy: 85.64% -> 86.19%      
client [56] (testset)   loss: 0.5910 -> 0.5987  accuracy: 90.02% -> 89.91%      
client [5]  (testset)   loss: 0.7205 -> 0.7353  accuracy: 84.38% -> 81.25%      
client [52] (testset)   loss: 0.2029 -> 0.2071  accuracy: 95.19% -> 95.01%      
---------------------------- TRAINING EPOCH: 210 ----------------------------   
client [67] (testset)   loss: 0.3689 -> 0.3785  accuracy: 90.91% -> 90.51%      
client [54] (testset)   loss: 0.7894 -> 0.7713  accuracy: 89.69% -> 89.69%      
client [14] (testset)   loss: 0.6122 -> 0.6153  accuracy: 91.67% -> 91.67%      
client [99] (testset)   loss: 0.5879 -> 0.5778  accuracy: 90.48% -> 90.24%      
client [36] (testset)   loss: 2.0616 -> 1.5944  accuracy: 40.00% -> 40.00%      
client [30] (testset)   loss: 0.1268 -> 0.1240  accuracy: 96.83% -> 96.83%      
client [38] (testset)   loss: 0.4288 -> 0.4335  accuracy: 94.97% -> 94.97%      
client [15] (testset)   loss: 0.5736 -> 0.5844  accuracy: 91.18% -> 92.02%      
client [6]  (testset)   loss: 0.6213 -> 0.6324  accuracy: 88.45% -> 88.05%      
client [53] (testset)   loss: 0.4109 -> 0.4317  accuracy: 94.32% -> 94.76%      
---------------------------- TRAINING EPOCH: 220 ----------------------------   
client [99] (testset)   loss: 0.6051 -> 0.6112  accuracy: 89.76% -> 90.48%      
client [6]  (testset)   loss: 0.6317 -> 0.6255  accuracy: 88.05% -> 88.45%      
client [83] (testset)   loss: 1.4941 -> 1.4784  accuracy: 46.15% -> 46.15%      
client [42] (testset)   loss: 0.7214 -> 0.7217  accuracy: 86.03% -> 86.03%      
client [34] (testset)   loss: 1.3604 -> 1.4821  accuracy: 54.55% -> 45.45%      
client [15] (testset)   loss: 0.5840 -> 0.5934  accuracy: 92.02% -> 91.60%      
client [47] (testset)   loss: 0.3791 -> 0.3809  accuracy: 93.77% -> 93.77%      
client [55] (testset)   loss: 0.9515 -> 0.9693  accuracy: 88.27% -> 88.27%      
client [51] (testset)   loss: 0.4623 -> 0.4865  accuracy: 90.49% -> 90.87%      
client [95] (testset)   loss: 0.7665 -> 0.7817  accuracy: 87.23% -> 86.17%      
---------------------------- TRAINING EPOCH: 230 ----------------------------   
client [71] (testset)   loss: 0.6582 -> 0.6735  accuracy: 90.16% -> 90.71%      
client [15] (testset)   loss: 0.5932 -> 0.6003  accuracy: 91.60% -> 91.60%      
client [33] (testset)   loss: 0.4159 -> 0.4244  accuracy: 92.92% -> 92.31%      
client [99] (testset)   loss: 0.6153 -> 0.6189  accuracy: 90.00% -> 90.48%      
client [90] (testset)   loss: 0.8911 -> 1.1070  accuracy: 80.25% -> 76.54%      
client [57] (testset)   loss: 0.5971 -> 0.6059  accuracy: 88.51% -> 88.29%      
client [27] (testset)   loss: 0.9190 -> 0.9289  accuracy: 82.50% -> 81.50%      
client [78] (testset)   loss: 1.2506 -> 1.3065  accuracy: 78.63% -> 78.63%      
client [36] (testset)   loss: 2.0589 -> 1.6449  accuracy: 40.00% -> 40.00%      
client [88] (testset)   loss: 0.2598 -> 0.2638  accuracy: 95.41% -> 95.41%      
---------------------------- TRAINING EPOCH: 240 ----------------------------   
client [70] (testset)   loss: 0.6910 -> 0.6897  accuracy: 90.28% -> 90.28%      
client [35] (testset)   loss: 0.3296 -> 0.3360  accuracy: 95.14% -> 95.14%      
client [16] (testset)   loss: 0.3358 -> 0.3354  accuracy: 95.06% -> 95.06%      
client [80] (testset)   loss: 0.9727 -> 0.9884  accuracy: 75.36% -> 78.26%      
client [38] (testset)   loss: 0.4666 -> 0.4760  accuracy: 94.97% -> 94.72%      
client [78] (testset)   loss: 1.4503 -> 1.3915  accuracy: 79.49% -> 77.78%      
client [68] (testset)   loss: 0.2035 -> 0.2027  accuracy: 95.83% -> 95.83%      
client [11] (testset)   loss: 1.0062 -> 0.9887  accuracy: 79.22% -> 77.92%      
client [64] (testset)   loss: 0.7262 -> 0.7493  accuracy: 83.70% -> 83.70%      
client [82] (testset)   loss: 1.6962 -> 1.7275  accuracy: 57.89% -> 57.89%      
---------------------------- TRAINING EPOCH: 250 ----------------------------   
client [30] (testset)   loss: 0.1293 -> 0.1274  accuracy: 96.83% -> 96.83%      
client [27] (testset)   loss: 0.9293 -> 0.9207  accuracy: 81.50% -> 82.50%      
client [74] (testset)   loss: 1.1976 -> 1.2253  accuracy: 76.16% -> 77.48%      
client [45] (testset)   loss: 0.3947 -> 0.4251  accuracy: 94.79% -> 94.79%      
client [6]  (testset)   loss: 0.6666 -> 0.6644  accuracy: 88.05% -> 88.05%      
client [36] (testset)   loss: 2.0757 -> 1.6741  accuracy: 40.00% -> 40.00%      
client [63] (testset)   loss: 0.9194 -> 0.9665  accuracy: 81.82% -> 81.82%      
client [76] (testset)   loss: 0.0117 -> 0.0170  accuracy: 99.36% -> 100.00%     
client [83] (testset)   loss: 1.6934 -> 1.6492  accuracy: 53.85% -> 38.46%      
client [86] (testset)   loss: 0.4967 -> 0.4811  accuracy: 91.94% -> 90.86%      
---------------------------- TRAINING EPOCH: 260 ----------------------------   
client [83] (testset)   loss: 1.6449 -> 1.7503  accuracy: 38.46% -> 46.15%      
client [99] (testset)   loss: 0.6291 -> 0.6508  accuracy: 90.71% -> 90.71%      
client [74] (testset)   loss: 1.2473 -> 1.2878  accuracy: 78.15% -> 77.48%      
client [73] (testset)   loss: 0.0456 -> 0.0471  accuracy: 99.57% -> 99.57%      
client [29] (testset)   loss: 1.0928 -> 1.0927  accuracy: 86.46% -> 86.22%      
client [92] (testset)   loss: 0.7372 -> 0.7484  accuracy: 85.64% -> 85.64%      
client [6]  (testset)   loss: 0.6680 -> 0.6781  accuracy: 88.45% -> 88.45%      
client [61] (testset)   loss: 0.8380 -> 0.8377  accuracy: 84.34% -> 84.74%      
client [21] (testset)   loss: 1.1210 -> 1.3510  accuracy: 66.67% -> 55.56%      
client [67] (testset)   loss: 0.3919 -> 0.3941  accuracy: 90.12% -> 90.91%      
---------------------------- TRAINING EPOCH: 270 ----------------------------   
client [83] (testset)   loss: 1.7469 -> 1.7632  accuracy: 46.15% -> 46.15%      
client [32] (testset)   loss: 1.2754 -> 1.3806  accuracy: 74.82% -> 75.54%      
client [95] (testset)   loss: 0.7913 -> 0.7929  accuracy: 85.11% -> 86.17%      
client [61] (testset)   loss: 0.8926 -> 0.8997  accuracy: 84.74% -> 84.74%      
client [27] (testset)   loss: 0.9213 -> 0.9395  accuracy: 82.50% -> 82.00%      
client [25] (testset)   loss: 1.0333 -> 1.0447  accuracy: 87.50% -> 87.50%      
client [68] (testset)   loss: 0.1840 -> 0.1892  accuracy: 95.83% -> 95.83%      
client [34] (testset)   loss: 1.6494 -> 1.6917  accuracy: 50.00% -> 54.55%      
client [71] (testset)   loss: 0.7421 -> 0.7442  accuracy: 90.16% -> 90.71%      
client [89] (testset)   loss: 0.5527 -> 0.5473  accuracy: 88.73% -> 89.22%      
---------------------------- TRAINING EPOCH: 280 ----------------------------   
client [78] (testset)   loss: 1.7618 -> 1.8175  accuracy: 78.63% -> 79.49%      
client [81] (testset)   loss: 0.7974 -> 0.7891  accuracy: 80.65% -> 80.65%      
client [51] (testset)   loss: 0.5241 -> 0.5218  accuracy: 90.49% -> 90.49%      
client [54] (testset)   loss: 0.8702 -> 0.8249  accuracy: 89.69% -> 89.69%      
client [65] (testset)   loss: 0.1092 -> 0.1087  accuracy: 97.73% -> 97.73%      
client [41] (testset)   loss: 1.0068 -> 1.0101  accuracy: 85.80% -> 86.04%      
client [11] (testset)   loss: 1.0856 -> 1.0346  accuracy: 77.92% -> 79.22%      
client [85] (testset)   loss: 2.1689 -> 2.2969  accuracy: 37.50% -> 37.50%      
client [12] (testset)   loss: 0.0366 -> 0.0169  accuracy: 100.00% -> 100.00%    
client [23] (testset)   loss: 0.5767 -> 0.5227  accuracy: 89.72% -> 92.52%      
---------------------------- TRAINING EPOCH: 290 ----------------------------   
client [16] (testset)   loss: 0.3470 -> 0.3507  accuracy: 93.83% -> 95.06%      
client [65] (testset)   loss: 0.1123 -> 0.1110  accuracy: 97.73% -> 97.73%      
client [53] (testset)   loss: 0.4571 -> 0.4621  accuracy: 94.32% -> 94.76%      
client [58] (testset)   loss: 0.9465 -> 0.9430  accuracy: 87.74% -> 87.74%      
client [72] (testset)   loss: 0.8593 -> 0.8659  accuracy: 88.32% -> 88.32%      
client [7]  (testset)   loss: 0.3056 -> 0.3248  accuracy: 93.50% -> 93.50%      
client [71] (testset)   loss: 0.7445 -> 0.7536  accuracy: 90.71% -> 90.16%      
client [59] (testset)   loss: 0.7731 -> 0.7715  accuracy: 83.94% -> 83.68%      
client [86] (testset)   loss: 0.5183 -> 0.5241  accuracy: 91.94% -> 91.94%      
client [39] (testset)   loss: 0.8006 -> 0.7579  accuracy: 70.73% -> 75.61%      
---------------------------- TRAINING EPOCH: 300 ----------------------------   
client [99] (testset)   loss: 0.6525 -> 0.6521  accuracy: 90.71% -> 90.71%      
client [7]  (testset)   loss: 0.3151 -> 0.3202  accuracy: 93.86% -> 93.86%      
client [17] (testset)   loss: 0.2069 -> 0.2053  accuracy: 95.28% -> 95.28%      
client [64] (testset)   loss: 0.8060 -> 0.8113  accuracy: 83.70% -> 83.70%      
client [37] (testset)   loss: 0.1180 -> 0.1148  accuracy: 98.58% -> 98.58%      
client [29] (testset)   loss: 1.1394 -> 1.1566  accuracy: 86.22% -> 85.99%      
client [93] (testset)   loss: 1.0550 -> 1.0810  accuracy: 77.42% -> 78.06%      
client [73] (testset)   loss: 0.0545 -> 0.0549  accuracy: 99.57% -> 99.57%      
client [40] (testset)   loss: 2.8996 -> 3.0106  accuracy: 55.93% -> 54.24%      
client [76] (testset)   loss: 0.0089 -> 0.0077  accuracy: 99.36% -> 100.00%     
---------------------------- TRAINING EPOCH: 310 ----------------------------   
client [31] (testset)   loss: 0.6931 -> 0.7632  accuracy: 80.00% -> 82.86%      
client [89] (testset)   loss: 0.5948 -> 0.5251  accuracy: 88.73% -> 89.22%      
client [77] (testset)   loss: 1.1319 -> 1.1349  accuracy: 83.29% -> 83.54%      
client [90] (testset)   loss: 1.1666 -> 1.2845  accuracy: 80.25% -> 75.31%      
client [26] (testset)   loss: 0.4367 -> 0.4431  accuracy: 93.63% -> 93.63%      
client [50] (testset)   loss: 0.7307 -> 0.7534  accuracy: 71.43% -> 76.19%      
client [30] (testset)   loss: 0.1271 -> 0.1314  accuracy: 96.83% -> 96.83%      
client [70] (testset)   loss: 0.7168 -> 0.7124  accuracy: 90.45% -> 90.45%      
client [41] (testset)   loss: 1.0285 -> 1.0312  accuracy: 86.15% -> 86.15%      
client [99] (testset)   loss: 0.6532 -> 0.6461  accuracy: 90.71% -> 90.00%      
---------------------------- TRAINING EPOCH: 320 ----------------------------   
client [68] (testset)   loss: 0.2222 -> 0.2421  accuracy: 95.83% -> 95.83%      
client [70] (testset)   loss: 0.7187 -> 0.7218  accuracy: 90.45% -> 90.45%      
client [52] (testset)   loss: 0.2296 -> 0.2322  accuracy: 95.01% -> 94.83%      
client [1]  (testset)   loss: 0.1686 -> 0.1657  accuracy: 96.66% -> 96.38%      
client [2]  (testset)   loss: 0.0892 -> 0.0907  accuracy: 98.55% -> 98.55%      
client [67] (testset)   loss: 0.4309 -> 0.4307  accuracy: 90.91% -> 90.91%      
client [92] (testset)   loss: 0.8352 -> 0.8420  accuracy: 85.64% -> 85.64%      
client [35] (testset)   loss: 0.3446 -> 0.3550  accuracy: 95.14% -> 95.14%      
client [36] (testset)   loss: 2.2093 -> 1.9730  accuracy: 40.00% -> 40.00%      
client [64] (testset)   loss: 0.8206 -> 0.8295  accuracy: 83.70% -> 83.70%      
---------------------------- TRAINING EPOCH: 330 ----------------------------   
client [44] (testset)   loss: 1.0102 -> 1.0322  accuracy: 82.47% -> 83.51%      
client [6]  (testset)   loss: 0.7243 -> 0.7194  accuracy: 88.05% -> 88.45%      
client [12] (testset)   loss: 0.0087 -> 0.0120  accuracy: 100.00% -> 100.00%    
client [55] (testset)   loss: 1.0510 -> 1.0638  accuracy: 88.52% -> 88.52%      
client [29] (testset)   loss: 1.1763 -> 1.1935  accuracy: 86.22% -> 85.99%      
client [9]  (testset)   loss: 0.8998 -> 0.9023  accuracy: 80.85% -> 80.14%      
client [43] (testset)   loss: 0.6800 -> 0.6892  accuracy: 90.30% -> 90.30%      
client [77] (testset)   loss: 1.1349 -> 1.1380  accuracy: 83.54% -> 83.78%      
client [98] (testset)   loss: 1.4175 -> 1.4276  accuracy: 84.13% -> 84.13%      
client [78] (testset)   loss: 1.8890 -> 1.9073  accuracy: 78.63% -> 78.63%      
---------------------------- TRAINING EPOCH: 340 ----------------------------   
client [92] (testset)   loss: 0.8437 -> 0.8514  accuracy: 86.19% -> 85.64%      
client [80] (testset)   loss: 1.0861 -> 1.1127  accuracy: 73.91% -> 75.36%      
client [63] (testset)   loss: 1.0375 -> 1.1498  accuracy: 86.36% -> 81.82%      
client [76] (testset)   loss: 0.0081 -> 0.0075  accuracy: 99.36% -> 99.36%      
client [78] (testset)   loss: 1.9077 -> 1.9161  accuracy: 78.63% -> 78.63%      
client [25] (testset)   loss: 1.1483 -> 1.1404  accuracy: 87.50% -> 87.50%      
client [58] (testset)   loss: 0.9647 -> 0.9635  accuracy: 87.74% -> 87.74%      
client [13] (testset)   loss: 0.7144 -> 0.7096  accuracy: 90.00% -> 89.50%      
client [17] (testset)   loss: 0.2207 -> 0.2213  accuracy: 95.28% -> 95.28%      
client [38] (testset)   loss: 0.5933 -> 0.5963  accuracy: 94.97% -> 95.23%      
---------------------------- TRAINING EPOCH: 350 ----------------------------   
client [72] (testset)   loss: 0.9183 -> 0.9246  accuracy: 88.16% -> 88.16%      
client [82] (testset)   loss: 2.1046 -> 2.1293  accuracy: 52.63% -> 52.63%      
client [86] (testset)   loss: 0.5475 -> 0.5568  accuracy: 91.40% -> 91.94%      
client [51] (testset)   loss: 0.5488 -> 0.5538  accuracy: 90.49% -> 90.49%      
client [96] (testset)   loss: 0.2723 -> 0.2807  accuracy: 94.64% -> 94.64%      
client [42] (testset)   loss: 0.8392 -> 0.8260  accuracy: 85.29% -> 85.29%      
client [55] (testset)   loss: 1.1014 -> 1.1084  accuracy: 88.27% -> 88.27%      
client [13] (testset)   loss: 0.7274 -> 0.7310  accuracy: 90.00% -> 90.50%      
client [1]  (testset)   loss: 0.1746 -> 0.1708  accuracy: 96.38% -> 95.82%      
client [12] (testset)   loss: 0.0121 -> 0.0112  accuracy: 100.00% -> 100.00%    
---------------------------- TRAINING EPOCH: 360 ----------------------------   
client [68] (testset)   loss: 0.2451 -> 0.2519  accuracy: 95.83% -> 95.83%      
client [23] (testset)   loss: 0.5953 -> 0.6185  accuracy: 92.52% -> 91.59%      
client [46] (testset)   loss: 3.2288 -> 3.2167  accuracy: 71.05% -> 73.68%      
client [41] (testset)   loss: 1.0573 -> 1.0569  accuracy: 85.80% -> 86.04%      
client [25] (testset)   loss: 1.2105 -> 1.2711  accuracy: 87.50% -> 87.50%      
client [58] (testset)   loss: 0.9724 -> 0.9708  accuracy: 87.74% -> 87.74%      
client [14] (testset)   loss: 0.6971 -> 0.7143  accuracy: 91.67% -> 91.67%      
client [33] (testset)   loss: 0.4696 -> 0.4784  accuracy: 92.92% -> 92.62%      
client [85] (testset)   loss: 2.6122 -> 2.6335  accuracy: 37.50% -> 37.50%      
client [62] (testset)   loss: 0.8544 -> 0.8620  accuracy: 86.46% -> 86.24%      
---------------------------- TRAINING EPOCH: 370 ----------------------------   
client [98] (testset)   loss: 1.4665 -> 1.4628  accuracy: 84.13% -> 83.73%      
client [63] (testset)   loss: 1.2071 -> 1.0966  accuracy: 81.82% -> 81.82%      
client [70] (testset)   loss: 0.7358 -> 0.7347  accuracy: 90.45% -> 90.45%      
client [65] (testset)   loss: 0.1174 -> 0.1177  accuracy: 97.73% -> 97.73%      
client [14] (testset)   loss: 0.6998 -> 0.7076  accuracy: 91.67% -> 91.67%      
client [73] (testset)   loss: 0.0598 -> 0.0630  accuracy: 99.57% -> 99.57%      
client [34] (testset)   loss: 1.9591 -> 1.9982  accuracy: 54.55% -> 54.55%      
client [99] (testset)   loss: 0.6593 -> 0.6652  accuracy: 90.24% -> 90.48%      
client [69] (testset)   loss: 1.1688 -> 1.1741  accuracy: 76.16% -> 76.16%      
client [46] (testset)   loss: 3.2149 -> 3.2352  accuracy: 73.68% -> 73.68%      
---------------------------- TRAINING EPOCH: 380 ----------------------------   
client [99] (testset)   loss: 0.6736 -> 0.6830  accuracy: 90.00% -> 90.24%      
client [93] (testset)   loss: 1.1101 -> 1.1257  accuracy: 77.42% -> 78.06%      
client [11] (testset)   loss: 1.1583 -> 1.1677  accuracy: 79.22% -> 79.22%      
client [58] (testset)   loss: 0.9921 -> 0.9892  accuracy: 87.74% -> 87.74%      
client [81] (testset)   loss: 0.9543 -> 0.9496  accuracy: 80.65% -> 80.65%      
client [85] (testset)   loss: 2.6344 -> 2.6580  accuracy: 37.50% -> 37.50%      
client [89] (testset)   loss: 0.5795 -> 0.6054  accuracy: 88.73% -> 88.73%      
client [45] (testset)   loss: 0.3792 -> 0.4481  accuracy: 94.79% -> 94.79%      
client [8]  (testset)   loss: 0.8980 -> 0.9163  accuracy: 81.25% -> 81.25%      
client [68] (testset)   loss: 0.2640 -> 0.2680  accuracy: 95.83% -> 95.83%      
---------------------------- TRAINING EPOCH: 390 ----------------------------   
client [67] (testset)   loss: 0.4451 -> 0.4502  accuracy: 90.91% -> 90.91%      
client [72] (testset)   loss: 0.9431 -> 0.9492  accuracy: 88.49% -> 88.16%      
client [1]  (testset)   loss: 0.1794 -> 0.1806  accuracy: 96.10% -> 96.10%      
client [78] (testset)   loss: 2.0647 -> 2.0964  accuracy: 78.63% -> 78.63%      
client [83] (testset)   loss: 2.1754 -> 2.1867  accuracy: 46.15% -> 38.46%      
client [21] (testset)   loss: 1.3646 -> 1.4825  accuracy: 69.44% -> 69.44%      
client [56] (testset)   loss: 0.6745 -> 0.6752  accuracy: 90.02% -> 90.02%      
client [44] (testset)   loss: 1.1383 -> 1.0962  accuracy: 82.47% -> 82.47%      
client [92] (testset)   loss: 0.8553 -> 0.8650  accuracy: 86.19% -> 85.64%      
client [27] (testset)   loss: 1.0184 -> 1.0218  accuracy: 82.00% -> 82.00%      
---------------------------- TRAINING EPOCH: 400 ----------------------------   
client [10] (testset)   loss: 0.4374 -> 0.4391  accuracy: 91.63% -> 91.63%      
client [39] (testset)   loss: 0.8260 -> 0.8513  accuracy: 75.61% -> 75.61%      
client [65] (testset)   loss: 0.1212 -> 0.1228  accuracy: 97.73% -> 97.86%      
client [26] (testset)   loss: 0.4918 -> 0.4972  accuracy: 93.63% -> 92.99%      
client [19] (testset)   loss: 0.7387 -> 0.7411  accuracy: 83.11% -> 83.11%      
client [68] (testset)   loss: 0.2690 -> 0.2788  accuracy: 95.83% -> 95.83%      
client [41] (testset)   loss: 1.0739 -> 1.0789  accuracy: 85.92% -> 86.04%      
client [50] (testset)   loss: 0.9116 -> 0.9221  accuracy: 76.19% -> 76.19%      
client [75] (testset)   loss: 0.7736 -> 0.7821  accuracy: 82.64% -> 82.64%      
client [81] (testset)   loss: 0.9971 -> 1.0116  accuracy: 80.65% -> 80.65%      
PSFL's average time taken by each global epoch: 0 min 2.10 sec.                 
PSFL's total running time: 0 h 14 m 11 s.                                       
==================== PSFL Experiment Results: ====================              
Display format: (before local fine-tuning) -> (after local fine-tuning)         
 So if finetune_epoch = 0, x.xx% -> 0.00% is normal.                            
 Centralized testing ONLY happens after model aggregation, so the stats between 
'->' are the same.                                                              
{                                                                               
    "100": {                                                                    
        "all_clients": {                                                        
            "test": {                                                           
                "loss": "0.4524 -> 0.0000",                                     
                "accuracy": "88.99% -> 0.00%"                                   
            }                                                                   
        }                                                                       
    },                                                                          
    "200": {                                                                    
        "all_clients": {                                                        
            "test": {                                                           
                "loss": "0.5524 -> 0.0000",                                     
                "accuracy": "89.94% -> 0.00%"                                   
            }                                                                   
        }                                                                       
    },                                                                          
    "300": {                                                                    
        "all_clients": {                                                        
            "test": {                                                           
                "loss": "0.6294 -> 0.0000",                                     
                "accuracy": "90.03% -> 0.00%"                                   
            }                                                                   
        }                                                                       
    },                                                                          
    "400": {                                                                    
        "all_clients": {                                                        
            "test": {                                                           
                "loss": "0.6779 -> 0.0000",                                     
                "accuracy": "89.99% -> 0.00%"                                   
            }                                                                   
        }                                                                       
    }                                                                           
}                                                                               
==================== PSFL Max Accuracy ====================                     
all_clients:                                                                    
(test) before fine-tuning: 90.03% at epoch 300                                  
(test) after fine-tuning: 0.00% at epoch 100                                    
