==================== PSFL ====================                                  
Experiment Arguments:                                                           
{
│   'method': 'psfl',
│   'dataset': {
│   │   'name': 'emnist',
│   │   'client_num': 100,
│   │   'test_ratio': 0.25,
│   │   'val_ratio': 0.0,
│   │   'seed': 42,
│   │   'split': 'sample',
│   │   'IID_ratio': 0.0,
│   │   'monitor_window_name_suffix': 'emnist-100clients-0%IID-Dir(0.1)-seed42',
│   │   'emnist_split': 'byclass',
│   │   'alpha': 0.1,
│   │   'min_samples_per_client': 10
│   },
│   'model': {
│   │   'name': 'avgcnn',
│   │   'use_torchvision_pretrained_weights': True,
│   │   'external_model_weights_path': None
│   },
│   'optimizer': {
│   │   'lr': 0.01,
│   │   'dampening': 0,
│   │   'weight_decay': 0,
│   │   'momentum': 0,
│   │   'nesterov': False,
│   │   'name': 'sgd'
│   },
│   'mode': 'sequential',
│   'parallel': {
│   │   'ray_cluster_addr': None,
│   │   'num_cpus': None,
│   │   'num_gpus': None,
│   │   'num_workers': 2
│   },
│   'common': {
│   │   'seed': 42,
│   │   'join_ratio': 0.1,
│   │   'global_epoch': 400,
│   │   'local_epoch': 5,
│   │   'batch_size': 32,
│   │   'reset_optimizer_on_global_epoch': True,
│   │   'straggler_ratio': 0,
│   │   'straggler_min_local_epoch': 0,
│   │   'buffers': 'global',
│   │   'client_side_evaluation': True,
│   │   'test': {
│   │   │   'client': {
│   │   │   │   'interval': 100,
│   │   │   │   'finetune_epoch': 0,
│   │   │   │   'train': False,
│   │   │   │   'val': False,
│   │   │   │   'test': True
│   │   │   },
│   │   │   'server': {
│   │   │   │   'interval': -1,
│   │   │   │   'train': False,
│   │   │   │   'val': False,
│   │   │   │   'test': False,
│   │   │   │   'model_in_train_mode': False
│   │   │   }
│   │   },
│   │   'verbose_gap': 10,
│   │   'monitor': None,
│   │   'use_cuda': True,
│   │   'save_log': True,
│   │   'save_model': False,
│   │   'save_learning_curve_plot': False,
│   │   'save_metrics': True,
│   │   'delete_useless_run': True
│   },
│   'psfl': {
│   │   'alpha': 0.0,
│   │   'CLS': False,
│   │   'ig_ratio': 0.8,
│   │   'track': False,
│   │   'score': 'diff'
│   }
}
---------------------------- TRAINING EPOCH: 10 ----------------------------    
client [77] (testset)   loss: 0.3266 -> 0.2645  accuracy: 91.58% -> 93.20%      
client [81] (testset)   loss: 0.3596 -> 0.3896  accuracy: 86.63% -> 84.25%      
client [21] (testset)   loss: 4.0565 -> 0.3457  accuracy: 2.98% -> 89.75%       
client [68] (testset)   loss: 0.6197 -> 0.4692  accuracy: 84.13% -> 86.98%      
client [93] (testset)   loss: 0.2653 -> 0.2003  accuracy: 92.00% -> 93.64%      
client [31] (testset)   loss: 0.3553 -> 0.2699  accuracy: 90.37% -> 91.28%      
client [20] (testset)   loss: 0.3198 -> 0.3572  accuracy: 90.78% -> 88.97%      
client [59] (testset)   loss: 4.0431 -> 0.6615  accuracy: 1.96% -> 82.24%       
client [48] (testset)   loss: 0.7885 -> 0.5992  accuracy: 69.19% -> 77.52%      
client [34] (testset)   loss: 0.4330 -> 0.3585  accuracy: 87.39% -> 89.74%      
---------------------------- TRAINING EPOCH: 20 ----------------------------    
client [69] (testset)   loss: 0.4431 -> 0.3643  accuracy: 88.53% -> 89.31%      
client [99] (testset)   loss: 0.2762 -> 0.2115  accuracy: 93.04% -> 94.51%      
client [67] (testset)   loss: 0.6529 -> 0.3619  accuracy: 82.35% -> 90.07%      
client [0]  (testset)   loss: 0.2983 -> 0.2453  accuracy: 91.71% -> 93.92%      
client [76] (testset)   loss: 0.3058 -> 0.2685  accuracy: 92.01% -> 92.60%      
client [41] (testset)   loss: 0.7663 -> 0.3747  accuracy: 70.91% -> 86.83%      
client [62] (testset)   loss: 4.0546 -> 0.3273  accuracy: 11.27% -> 91.56%      
client [2]  (testset)   loss: 4.0998 -> 0.3640  accuracy: 1.87% -> 90.48%       
client [14] (testset)   loss: 0.3277 -> 0.3860  accuracy: 91.54% -> 90.39%      
client [46] (testset)   loss: 0.1335 -> 0.1161  accuracy: 96.26% -> 96.95%      
---------------------------- TRAINING EPOCH: 30 ----------------------------    
client [24] (testset)   loss: 0.2309 -> 0.2109  accuracy: 93.02% -> 93.19%      
client [68] (testset)   loss: 0.3022 -> 0.3057  accuracy: 91.75% -> 92.28%      
client [57] (testset)   loss: 0.1939 -> 0.1552  accuracy: 95.28% -> 95.92%      
client [17] (testset)   loss: 0.3302 -> 0.3149  accuracy: 91.63% -> 91.37%      
client [54] (testset)   loss: 0.4667 -> 0.2425  accuracy: 86.94% -> 92.79%      
client [23] (testset)   loss: 4.0285 -> 0.4697  accuracy: 7.42% -> 81.99%       
client [35] (testset)   loss: 0.1342 -> 0.1264  accuracy: 96.30% -> 96.59%      
client [59] (testset)   loss: 0.4266 -> 0.2991  accuracy: 86.55% -> 90.31%      
client [31] (testset)   loss: 0.2189 -> 0.2328  accuracy: 93.86% -> 93.15%      
client [9]  (testset)   loss: 0.2550 -> 0.2282  accuracy: 92.44% -> 93.21%      
---------------------------- TRAINING EPOCH: 40 ----------------------------    
client [64] (testset)   loss: 0.5150 -> 0.4611  accuracy: 84.06% -> 87.86%      
client [33] (testset)   loss: 0.1382 -> 0.1319  accuracy: 96.95% -> 96.95%      
client [16] (testset)   loss: 0.3459 -> 0.3834  accuracy: 90.67% -> 90.67%      
client [44] (testset)   loss: 0.9219 -> 0.7639  accuracy: 70.00% -> 77.77%      
client [8]  (testset)   loss: 0.3177 -> 0.3265  accuracy: 90.96% -> 91.25%      
client [31] (testset)   loss: 0.2314 -> 0.2576  accuracy: 92.82% -> 91.20%      
client [47] (testset)   loss: 0.3082 -> 0.2862  accuracy: 90.09% -> 91.62%      
client [36] (testset)   loss: 0.3485 -> 0.2214  accuracy: 89.33% -> 93.64%      
client [20] (testset)   loss: 0.2847 -> 0.2681  accuracy: 92.91% -> 93.45%      
client [56] (testset)   loss: 0.1657 -> 15.7360 accuracy: 95.56% -> 17.07%      
---------------------------- TRAINING EPOCH: 50 ----------------------------    
client [4]  (testset)   loss: 0.3740 -> 0.4346  accuracy: 86.99% -> 86.93%      
client [60] (testset)   loss: 0.2861 -> 0.3043  accuracy: 91.04% -> 90.27%      
client [28] (testset)   loss: 0.1429 -> 0.1447  accuracy: 94.65% -> 94.06%      
client [25] (testset)   loss: 0.2496 -> 0.1842  accuracy: 92.97% -> 95.28%      
client [58] (testset)   loss: 0.1013 -> 0.0987  accuracy: 97.86% -> 97.96%      
client [44] (testset)   loss: 0.5805 -> 0.3919  accuracy: 83.72% -> 88.83%      
client [39] (testset)   loss: 0.2110 -> 0.1871  accuracy: 94.13% -> 95.46%      
client [29] (testset)   loss: 0.2587 -> 0.2326  accuracy: 91.96% -> 92.58%      
client [3]  (testset)   loss: 0.1339 -> 0.1799  accuracy: 96.07% -> 95.07%      
client [84] (testset)   loss: 0.2400 -> 0.2378  accuracy: 92.61% -> 92.48%      
---------------------------- TRAINING EPOCH: 60 ----------------------------    
client [21] (testset)   loss: 0.2381 -> 0.2179  accuracy: 92.62% -> 93.46%      
client [84] (testset)   loss: 0.2291 -> 0.2351  accuracy: 93.30% -> 93.16%      
client [10] (testset)   loss: 1.8202 -> 0.4650  accuracy: 64.62% -> 83.78%      
client [36] (testset)   loss: 0.1754 -> 0.1752  accuracy: 94.50% -> 94.50%      
client [65] (testset)   loss: 0.3846 -> 0.3496  accuracy: 88.21% -> 89.18%      
client [81] (testset)   loss: 0.3309 -> 0.3408  accuracy: 86.84% -> 87.99%      
client [79] (testset)   loss: 0.4042 -> 1.2409  accuracy: 87.68% -> 72.11%      
client [42] (testset)   loss: 0.2678 -> 0.2801  accuracy: 92.61% -> 92.73%      
client [11] (testset)   loss: 0.2427 -> 0.2489  accuracy: 94.28% -> 93.93%      
client [96] (testset)   loss: 0.2397 -> 0.2083  accuracy: 93.82% -> 95.22%      
---------------------------- TRAINING EPOCH: 70 ----------------------------    
client [8]  (testset)   loss: 0.3479 -> 0.3779  accuracy: 90.55% -> 90.08%      
client [53] (testset)   loss: 0.1783 -> 0.1811  accuracy: 95.62% -> 96.10%      
client [52] (testset)   loss: 0.3925 -> 0.4539  accuracy: 87.15% -> 85.36%      
client [42] (testset)   loss: 0.2805 -> 0.2733  accuracy: 92.13% -> 92.79%      
client [69] (testset)   loss: 0.2958 -> 0.3364  accuracy: 91.56% -> 92.13%      
client [59] (testset)   loss: 0.3059 -> 0.3340  accuracy: 89.05% -> 88.78%      
client [7]  (testset)   loss: 0.2346 -> 0.2448  accuracy: 93.80% -> 94.00%      
client [26] (testset)   loss: 0.2388 -> 0.2580  accuracy: 93.15% -> 93.41%      
client [49] (testset)   loss: 0.1108 -> 0.1161  accuracy: 96.88% -> 96.96%      
client [98] (testset)   loss: 0.1532 -> 0.1714  accuracy: 95.49% -> 95.33%      
---------------------------- TRAINING EPOCH: 80 ----------------------------    
client [98] (testset)   loss: 0.1646 -> 0.1611  accuracy: 95.28% -> 95.54%      
client [47] (testset)   loss: 0.2640 -> 0.2756  accuracy: 92.22% -> 92.05%      
client [21] (testset)   loss: 0.2127 -> 0.2060  accuracy: 93.79% -> 94.11%      
client [77] (testset)   loss: 0.2315 -> 0.2365  accuracy: 94.24% -> 94.82%      
client [95] (testset)   loss: 0.1717 -> 0.1699  accuracy: 95.17% -> 95.41%      
client [91] (testset)   loss: 0.1357 -> 0.1426  accuracy: 96.79% -> 96.74%      
client [14] (testset)   loss: 0.3008 -> 0.2850  accuracy: 91.78% -> 92.99%      
client [99] (testset)   loss: 0.1911 -> 0.1915  accuracy: 95.29% -> 95.21%      
client [20] (testset)   loss: 0.2738 -> 0.3251  accuracy: 93.22% -> 92.36%      
client [39] (testset)   loss: 0.1742 -> 0.1833  accuracy: 95.16% -> 95.89%      
---------------------------- TRAINING EPOCH: 90 ----------------------------    
client [52] (testset)   loss: 0.4180 -> 0.5155  accuracy: 85.36% -> 86.93%      
client [62] (testset)   loss: 0.2764 -> 0.2708  accuracy: 93.97% -> 94.11%      
client [71] (testset)   loss: 0.1172 -> 0.1232  accuracy: 97.08% -> 97.18%      
client [97] (testset)   loss: 0.1426 -> 0.1586  accuracy: 96.92% -> 96.62%      
client [30] (testset)   loss: 0.3211 -> 0.3352  accuracy: 91.97% -> 91.72%      
client [88] (testset)   loss: 0.3644 -> 0.3177  accuracy: 84.46% -> 87.12%      
client [60] (testset)   loss: 0.1481 -> 0.1469  accuracy: 95.83% -> 95.91%      
client [82] (testset)   loss: 0.4429 -> 0.4356  accuracy: 81.23% -> 81.20%      
client [91] (testset)   loss: 0.1290 -> 0.1341  accuracy: 96.85% -> 97.07%      
client [57] (testset)   loss: 0.1135 -> 0.3112  accuracy: 96.03% -> 92.06%      
---------------------------- TRAINING EPOCH: 100 ----------------------------   
client [31] (testset)   loss: 0.3059 -> 0.2852  accuracy: 92.20% -> 92.36%      
client [15] (testset)   loss: 0.1907 -> 0.1894  accuracy: 91.66% -> 92.45%      
client [71] (testset)   loss: 0.1227 -> 0.1180  accuracy: 97.00% -> 96.76%      
client [97] (testset)   loss: 0.1585 -> 0.1613  accuracy: 97.03% -> 97.13%      
client [53] (testset)   loss: 0.1820 -> 0.1826  accuracy: 96.34% -> 96.05%      
client [77] (testset)   loss: 0.2242 -> 0.2707  accuracy: 94.82% -> 93.98%      
client [76] (testset)   loss: 0.2222 -> 0.2446  accuracy: 93.70% -> 93.48%      
client [79] (testset)   loss: 0.3979 -> 0.4479  accuracy: 89.05% -> 88.32%      
client [28] (testset)   loss: 0.1461 -> 0.1459  accuracy: 93.73% -> 94.61%      
client [99] (testset)   loss: 0.1906 -> 0.1959  accuracy: 95.44% -> 95.06%      
---------------------------- TRAINING EPOCH: 110 ----------------------------   
client [97] (testset)   loss: 0.1643 -> 0.1671  accuracy: 96.92% -> 96.81%      
client [86] (testset)   loss: 0.5072 -> 0.5133  accuracy: 87.33% -> 88.69%      
client [34] (testset)   loss: 0.2500 -> 0.1680  accuracy: 95.09% -> 96.07%      
client [73] (testset)   loss: 0.2946 -> 0.3257  accuracy: 91.83% -> 91.21%      
client [5]  (testset)   loss: 0.2056 -> 0.1874  accuracy: 94.56% -> 95.04%      
client [96] (testset)   loss: 0.2295 -> 0.4187  accuracy: 95.55% -> 91.48%      
client [22] (testset)   loss: 0.2125 -> 0.2225  accuracy: 93.61% -> 93.47%      
client [60] (testset)   loss: 0.1580 -> 0.1572  accuracy: 95.98% -> 96.29%      
client [66] (testset)   loss: 0.3259 -> 0.2445  accuracy: 92.40% -> 95.04%      
client [83] (testset)   loss: 0.2785 -> 0.2786  accuracy: 94.16% -> 94.34%      
---------------------------- TRAINING EPOCH: 120 ----------------------------   
client [76] (testset)   loss: 0.2154 -> 0.3975  accuracy: 93.99% -> 88.78%      
client [65] (testset)   loss: 0.3755 -> 0.3294  accuracy: 88.14% -> 90.71%      
client [95] (testset)   loss: 0.1746 -> 0.2777  accuracy: 95.08% -> 94.41%      
client [17] (testset)   loss: 0.3033 -> 0.3090  accuracy: 92.77% -> 92.84%      
client [8]  (testset)   loss: 0.3441 -> 0.3920  accuracy: 91.60% -> 91.96%      
client [35] (testset)   loss: 0.1440 -> 0.1774  accuracy: 97.15% -> 96.74%      
client [98] (testset)   loss: 0.1694 -> 0.1844  accuracy: 95.84% -> 95.13%      
client [53] (testset)   loss: 0.1868 -> 0.2040  accuracy: 96.53% -> 96.19%      
client [43] (testset)   loss: 0.3296 -> 0.3420  accuracy: 89.79% -> 90.53%      
client [64] (testset)   loss: 0.4296 -> 0.4443  accuracy: 89.94% -> 89.75%      
---------------------------- TRAINING EPOCH: 130 ----------------------------   
client [21] (testset)   loss: 0.2179 -> 0.2363  accuracy: 93.93% -> 93.90%      
client [88] (testset)   loss: 0.2783 -> 0.3001  accuracy: 90.86% -> 90.14%      
client [38] (testset)   loss: 0.2610 -> 0.2796  accuracy: 94.26% -> 94.36%      
client [3]  (testset)   loss: 0.1714 -> 0.1793  accuracy: 95.99% -> 96.46%      
client [5]  (testset)   loss: 0.1998 -> 0.2082  accuracy: 94.53% -> 94.38%      
client [41] (testset)   loss: 0.3504 -> 0.3161  accuracy: 89.59% -> 90.47%      
client [7]  (testset)   loss: 0.2478 -> 0.2480  accuracy: 93.67% -> 94.46%      
client [37] (testset)   loss: 0.2727 -> 0.2912  accuracy: 90.44% -> 91.52%      
client [45] (testset)   loss: 0.3988 -> 0.3921  accuracy: 85.87% -> 87.86%      
client [47] (testset)   loss: 0.2630 -> 0.3070  accuracy: 92.99% -> 91.11%      
---------------------------- TRAINING EPOCH: 140 ----------------------------   
client [16] (testset)   loss: 0.3002 -> 0.3309  accuracy: 92.30% -> 92.38%      
client [11] (testset)   loss: 0.2464 -> 0.2356  accuracy: 93.31% -> 94.34%      
client [37] (testset)   loss: 0.2982 -> 0.3072  accuracy: 91.34% -> 91.27%      
client [41] (testset)   loss: 0.3076 -> 0.3974  accuracy: 90.53% -> 88.03%      
client [95] (testset)   loss: 0.1824 -> 0.1810  accuracy: 95.17% -> 95.65%      
client [53] (testset)   loss: 0.1947 -> 0.1889  accuracy: 96.34% -> 96.82%      
client [22] (testset)   loss: 0.2291 -> 0.2126  accuracy: 93.24% -> 93.90%      
client [25] (testset)   loss: 0.1707 -> 0.1615  accuracy: 94.62% -> 96.16%      
client [69] (testset)   loss: 0.3503 -> 0.3705  accuracy: 92.46% -> 92.01%      
client [46] (testset)   loss: 0.1167 -> 0.1191  accuracy: 97.07% -> 97.23%      
---------------------------- TRAINING EPOCH: 150 ----------------------------   
client [47] (testset)   loss: 0.3048 -> 0.3223  accuracy: 92.05% -> 91.28%      
client [69] (testset)   loss: 0.3662 -> 0.3791  accuracy: 92.46% -> 92.80%      
client [82] (testset)   loss: 0.5409 -> 0.4314  accuracy: 77.49% -> 82.37%      
client [45] (testset)   loss: 0.3743 -> 0.4775  accuracy: 87.02% -> 86.53%      
client [7]  (testset)   loss: 0.2442 -> 0.2560  accuracy: 94.26% -> 93.87%      
client [50] (testset)   loss: 0.0947 -> 0.0913  accuracy: 97.14% -> 97.38%      
client [35] (testset)   loss: 0.1531 -> 0.1582  accuracy: 97.18% -> 97.15%      
client [24] (testset)   loss: 0.2024 -> 0.2167  accuracy: 94.93% -> 94.68%      
client [15] (testset)   loss: 0.2030 -> 0.1936  accuracy: 92.09% -> 93.01%      
client [58] (testset)   loss: 0.1224 -> 0.1223  accuracy: 97.64% -> 97.86%      
---------------------------- TRAINING EPOCH: 160 ----------------------------   
client [48] (testset)   loss: 0.6658 -> 0.6485  accuracy: 80.23% -> 81.59%      
client [76] (testset)   loss: 0.2247 -> 0.2364  accuracy: 93.91% -> 93.91%      
client [67] (testset)   loss: 0.2327 -> 0.2259  accuracy: 93.38% -> 93.93%      
client [37] (testset)   loss: 0.3020 -> 0.3215  accuracy: 91.27% -> 90.80%      
client [58] (testset)   loss: 0.1273 -> 0.1583  accuracy: 97.64% -> 95.72%      
client [64] (testset)   loss: 0.4107 -> 0.4514  accuracy: 89.18% -> 89.75%      
client [77] (testset)   loss: 0.2568 -> 0.2578  accuracy: 94.49% -> 94.95%      
client [55] (testset)   loss: 0.3304 -> 0.3607  accuracy: 91.61% -> 88.85%      
client [12] (testset)   loss: 0.4042 -> 0.4232  accuracy: 91.53% -> 91.41%      
client [89] (testset)   loss: 0.4014 -> 0.4050  accuracy: 90.00% -> 88.50%      
---------------------------- TRAINING EPOCH: 170 ----------------------------   
client [84] (testset)   loss: 0.2181 -> 0.2578  accuracy: 94.25% -> 93.84%      
client [51] (testset)   loss: 0.3002 -> 0.3079  accuracy: 93.78% -> 93.60%      
client [8]  (testset)   loss: 0.4341 -> 0.4476  accuracy: 91.07% -> 91.19%      
client [18] (testset)   loss: 0.2202 -> 0.2292  accuracy: 94.68% -> 94.65%      
client [94] (testset)   loss: 0.1704 -> 0.2016  accuracy: 96.00% -> 95.12%      
client [81] (testset)   loss: 0.4283 -> 0.4658  accuracy: 86.91% -> 85.72%      
client [3]  (testset)   loss: 0.1877 -> 0.2082  accuracy: 95.93% -> 96.15%      
client [11] (testset)   loss: 0.2481 -> 0.2660  accuracy: 94.21% -> 94.69%      
client [95] (testset)   loss: 0.2004 -> 0.2046  accuracy: 95.03% -> 95.32%      
client [67] (testset)   loss: 0.2154 -> 0.2377  accuracy: 93.20% -> 92.83%      
---------------------------- TRAINING EPOCH: 180 ----------------------------   
client [21] (testset)   loss: 0.2288 -> 0.2472  accuracy: 93.60% -> 94.04%      
client [79] (testset)   loss: 0.4717 -> 0.5130  accuracy: 89.16% -> 89.68%      
client [58] (testset)   loss: 0.1385 -> 0.1408  accuracy: 97.61% -> 97.66%      
client [88] (testset)   loss: 0.2891 -> 0.3079  accuracy: 91.01% -> 90.58%      
client [46] (testset)   loss: 0.1150 -> 0.1191  accuracy: 97.27% -> 97.31%      
client [11] (testset)   loss: 0.2576 -> 0.2534  accuracy: 94.62% -> 94.14%      
client [55] (testset)   loss: 0.3483 -> 0.3549  accuracy: 91.15% -> 91.26%      
client [13] (testset)   loss: 0.1641 -> 0.1717  accuracy: 96.76% -> 97.01%      
client [31] (testset)   loss: 0.3389 -> 0.3211  accuracy: 92.20% -> 92.65%      
client [75] (testset)   loss: 0.3859 -> 0.3985  accuracy: 91.29% -> 91.65%      
---------------------------- TRAINING EPOCH: 190 ----------------------------   
client [19] (testset)   loss: 0.2571 -> 0.2756  accuracy: 94.76% -> 93.99%      
client [7]  (testset)   loss: 0.2617 -> 0.2736  accuracy: 94.32% -> 94.26%      
client [57] (testset)   loss: 0.1155 -> 0.1155  accuracy: 96.57% -> 96.78%      
client [13] (testset)   loss: 0.1760 -> 0.1794  accuracy: 96.95% -> 96.76%      
client [43] (testset)   loss: 0.3669 -> 0.3464  accuracy: 90.16% -> 89.91%      
client [91] (testset)   loss: 0.1376 -> 0.1405  accuracy: 97.28% -> 97.28%      
client [10] (testset)   loss: 0.3420 -> 0.6016  accuracy: 86.43% -> 87.83%      
client [64] (testset)   loss: 0.4413 -> 0.4730  accuracy: 89.18% -> 88.43%      
client [82] (testset)   loss: 0.4668 -> 0.4940  accuracy: 81.67% -> 81.56%      
client [22] (testset)   loss: 0.2385 -> 0.2776  accuracy: 93.66% -> 93.90%      
---------------------------- TRAINING EPOCH: 200 ----------------------------   
client [20] (testset)   loss: 0.3024 -> 0.3026  accuracy: 93.18% -> 93.18%      
client [23] (testset)   loss: 0.4145 -> 0.4239  accuracy: 83.49% -> 83.57%      
client [88] (testset)   loss: 0.2918 -> 0.3006  accuracy: 90.94% -> 91.37%      
client [98] (testset)   loss: 0.1987 -> 0.2099  accuracy: 95.74% -> 95.84%      
client [79] (testset)   loss: 0.5479 -> 0.5411  accuracy: 87.37% -> 89.37%      
client [21] (testset)   loss: 0.2297 -> 0.2347  accuracy: 94.00% -> 94.15%      
client [92] (testset)   loss: 0.3421 -> 0.3489  accuracy: 93.36% -> 93.61%      
client [56] (testset)   loss: 0.1980 -> 0.1937  accuracy: 97.08% -> 97.24%      
client [5]  (testset)   loss: 0.2176 -> 0.2701  accuracy: 94.64% -> 94.01%      
client [52] (testset)   loss: 0.5291 -> 0.5385  accuracy: 87.93% -> 87.93%      
---------------------------- TRAINING EPOCH: 210 ----------------------------   
client [67] (testset)   loss: 0.2412 -> 0.2546  accuracy: 91.91% -> 93.20%      
client [54] (testset)   loss: 0.2575 -> 0.2612  accuracy: 94.03% -> 94.40%      
client [14] (testset)   loss: 0.3357 -> 0.3476  accuracy: 93.41% -> 93.66%      
client [99] (testset)   loss: 0.2165 -> 0.2208  accuracy: 95.47% -> 95.50%      
client [36] (testset)   loss: 0.2129 -> 0.2123  accuracy: 95.30% -> 95.13%      
client [30] (testset)   loss: 0.4124 -> 0.4322  accuracy: 92.03% -> 91.42%      
client [38] (testset)   loss: 0.2875 -> 0.2944  accuracy: 94.56% -> 94.67%      
client [15] (testset)   loss: 0.2132 -> 0.2636  accuracy: 92.97% -> 91.46%      
client [6]  (testset)   loss: 0.3437 -> 0.3560  accuracy: 92.90% -> 93.75%      
client [53] (testset)   loss: 0.2279 -> 0.2328  accuracy: 96.63% -> 96.48%      
---------------------------- TRAINING EPOCH: 220 ----------------------------   
client [99] (testset)   loss: 0.2255 -> 0.2370  accuracy: 94.98% -> 95.00%      
client [6]  (testset)   loss: 0.3572 -> 0.3629  accuracy: 93.83% -> 93.75%      
client [83] (testset)   loss: 0.3080 -> 0.3507  accuracy: 94.44% -> 94.11%      
client [42] (testset)   loss: 0.3263 -> 0.3232  accuracy: 93.16% -> 93.03%      
client [34] (testset)   loss: 0.1876 -> 0.2009  accuracy: 96.03% -> 96.03%      
client [15] (testset)   loss: 0.2414 -> 0.2444  accuracy: 91.90% -> 92.13%      
client [47] (testset)   loss: 0.3693 -> 0.3731  accuracy: 92.14% -> 92.31%      
client [55] (testset)   loss: 0.6551 -> 0.3695  accuracy: 85.23% -> 91.05%      
client [51] (testset)   loss: 0.3004 -> 0.3240  accuracy: 93.78% -> 91.73%      
client [95] (testset)   loss: 0.2107 -> 0.2161  accuracy: 95.55% -> 95.70%      
---------------------------- TRAINING EPOCH: 230 ----------------------------   
client [71] (testset)   loss: 0.1500 -> 0.1603  accuracy: 96.63% -> 97.18%      
client [15] (testset)   loss: 0.2345 -> 0.2422  accuracy: 92.09% -> 91.86%      
client [33] (testset)   loss: 0.1440 -> 0.1605  accuracy: 97.00% -> 97.27%      
client [99] (testset)   loss: 0.2306 -> 0.2273  accuracy: 95.52% -> 95.41%      
client [90] (testset)   loss: 0.3672 -> 0.3696  accuracy: 91.76% -> 91.97%      
client [57] (testset)   loss: 0.1165 -> 0.1176  accuracy: 97.10% -> 97.10%      
client [27] (testset)   loss: 0.1981 -> 0.2133  accuracy: 95.94% -> 95.81%      
client [78] (testset)   loss: 0.2874 -> 0.3713  accuracy: 92.01% -> 91.39%      
client [36] (testset)   loss: 0.2083 -> 0.2317  accuracy: 95.36% -> 95.70%      
client [88] (testset)   loss: 0.3343 -> 0.3400  accuracy: 91.29% -> 91.22%      
---------------------------- TRAINING EPOCH: 240 ----------------------------   
client [70] (testset)   loss: 0.5044 -> 0.5307  accuracy: 89.47% -> 89.35%      
client [35] (testset)   loss: 0.1714 -> 0.1672  accuracy: 96.97% -> 97.03%      
client [16] (testset)   loss: 0.3535 -> 0.3794  accuracy: 92.05% -> 91.16%      
client [80] (testset)   loss: 0.2099 -> 0.2091  accuracy: 96.56% -> 96.43%      
client [38] (testset)   loss: 0.2968 -> 0.3000  accuracy: 94.36% -> 94.67%      
client [78] (testset)   loss: 0.3104 -> 0.2933  accuracy: 92.16% -> 92.55%      
client [68] (testset)   loss: 0.2919 -> 0.3042  accuracy: 93.76% -> 93.97%      
client [11] (testset)   loss: 0.2855 -> 0.2936  accuracy: 94.69% -> 94.07%      
client [64] (testset)   loss: 0.4976 -> 0.5187  accuracy: 86.53% -> 89.56%      
client [82] (testset)   loss: 0.4977 -> 0.5116  accuracy: 80.35% -> 81.49%      
---------------------------- TRAINING EPOCH: 250 ----------------------------   
client [30] (testset)   loss: 0.4597 -> 0.4752  accuracy: 92.27% -> 92.15%      
client [27] (testset)   loss: 0.2083 -> 0.2194  accuracy: 96.03% -> 95.94%      
client [74] (testset)   loss: 0.2811 -> 0.2831  accuracy: 94.77% -> 94.66%      
client [45] (testset)   loss: 0.4831 -> 0.5381  accuracy: 86.90% -> 86.65%      
client [6]  (testset)   loss: 0.3405 -> 0.3689  accuracy: 94.11% -> 94.04%      
client [36] (testset)   loss: 0.2252 -> 0.2143  accuracy: 95.64% -> 94.61%      
client [63] (testset)   loss: 0.1736 -> 0.1861  accuracy: 96.52% -> 96.27%      
client [76] (testset)   loss: 0.2494 -> 0.2526  accuracy: 93.62% -> 93.48%      
client [83] (testset)   loss: 0.3202 -> 0.3375  accuracy: 94.39% -> 93.66%      
client [86] (testset)   loss: 0.6646 -> 0.6913  accuracy: 89.01% -> 89.32%      
---------------------------- TRAINING EPOCH: 260 ----------------------------   
client [83] (testset)   loss: 0.3293 -> 0.3385  accuracy: 94.30% -> 94.16%      
client [99] (testset)   loss: 0.2415 -> 0.2358  accuracy: 95.35% -> 95.38%      
client [74] (testset)   loss: 0.2830 -> 0.2798  accuracy: 94.82% -> 95.21%      
client [73] (testset)   loss: 0.4236 -> 0.4247  accuracy: 91.58% -> 91.65%      
client [29] (testset)   loss: 0.2647 -> 0.2636  accuracy: 93.26% -> 92.84%      
client [92] (testset)   loss: 0.3855 -> 0.4056  accuracy: 93.31% -> 93.31%      
client [6]  (testset)   loss: 0.3661 -> 0.3805  accuracy: 93.90% -> 93.83%      
client [61] (testset)   loss: 0.4875 -> 0.5866  accuracy: 87.69% -> 85.77%      
client [21] (testset)   loss: 0.2444 -> 0.2554  accuracy: 94.30% -> 94.22%      
client [67] (testset)   loss: 0.2446 -> 0.2893  accuracy: 93.57% -> 93.93%      
---------------------------- TRAINING EPOCH: 270 ----------------------------   
client [83] (testset)   loss: 0.3297 -> 0.3512  accuracy: 94.16% -> 94.07%      
client [32] (testset)   loss: 0.2972 -> 0.3064  accuracy: 93.59% -> 93.11%      
client [95] (testset)   loss: 0.2149 -> 0.2214  accuracy: 95.70% -> 95.65%      
client [61] (testset)   loss: 0.5586 -> 0.5508  accuracy: 87.23% -> 87.11%      
client [27] (testset)   loss: 0.2045 -> 0.2204  accuracy: 95.86% -> 95.77%      
client [25] (testset)   loss: 0.1915 -> 0.1712  accuracy: 94.73% -> 96.05%      
client [68] (testset)   loss: 0.3082 -> 0.3208  accuracy: 93.33% -> 93.65%      
client [34] (testset)   loss: 0.2013 -> 0.2072  accuracy: 96.03% -> 96.12%      
client [71] (testset)   loss: 0.1720 -> 0.1795  accuracy: 97.14% -> 96.76%      
client [89] (testset)   loss: 0.4437 -> 0.4535  accuracy: 89.19% -> 89.05%      
---------------------------- TRAINING EPOCH: 280 ----------------------------   
client [78] (testset)   loss: 0.3229 -> 0.3566  accuracy: 92.32% -> 92.32%      
client [81] (testset)   loss: 0.5777 -> 0.6052  accuracy: 87.05% -> 86.31%      
client [51] (testset)   loss: 0.3498 -> 0.3671  accuracy: 93.30% -> 93.24%      
client [54] (testset)   loss: 0.2697 -> 0.5349  accuracy: 94.15% -> 87.56%      
client [65] (testset)   loss: 0.4042 -> 0.4402  accuracy: 90.29% -> 89.81%      
client [41] (testset)   loss: 0.4813 -> 0.4291  accuracy: 90.66% -> 90.78%      
client [11] (testset)   loss: 0.2752 -> 0.2905  accuracy: 94.41% -> 94.83%      
client [85] (testset)   loss: 0.3599 -> 0.3597  accuracy: 93.95% -> 93.78%      
client [12] (testset)   loss: 0.4597 -> 0.4802  accuracy: 92.28% -> 92.15%      
client [23] (testset)   loss: 0.4829 -> 0.4797  accuracy: 83.60% -> 82.88%      
---------------------------- TRAINING EPOCH: 290 ----------------------------   
client [16] (testset)   loss: 0.3813 -> 0.4059  accuracy: 92.05% -> 90.11%      
client [65] (testset)   loss: 0.4386 -> 0.4540  accuracy: 89.81% -> 89.74%      
client [53] (testset)   loss: 0.2490 -> 0.2575  accuracy: 96.44% -> 96.34%      
client [58] (testset)   loss: 0.1413 -> 0.1469  accuracy: 97.98% -> 97.86%      
client [72] (testset)   loss: 0.6392 -> 0.6488  accuracy: 90.69% -> 90.54%      
client [7]  (testset)   loss: 0.3016 -> 0.3168  accuracy: 94.26% -> 93.80%      
client [71] (testset)   loss: 0.1771 -> 0.1784  accuracy: 97.00% -> 96.86%      
client [59] (testset)   loss: 0.4010 -> 0.4029  accuracy: 90.80% -> 90.58%      
client [86] (testset)   loss: 0.7068 -> 0.7322  accuracy: 89.32% -> 88.59%      
client [39] (testset)   loss: 0.2508 -> 0.2542  accuracy: 96.07% -> 96.13%      
---------------------------- TRAINING EPOCH: 300 ----------------------------   
client [99] (testset)   loss: 0.2407 -> 0.2423  accuracy: 95.55% -> 94.83%      
client [7]  (testset)   loss: 0.3092 -> 0.3316  accuracy: 94.26% -> 93.87%      
client [17] (testset)   loss: 0.4426 -> 0.4497  accuracy: 91.10% -> 89.89%      
client [64] (testset)   loss: 0.5512 -> 0.5829  accuracy: 88.80% -> 88.05%      
client [37] (testset)   loss: 0.3876 -> 0.4086  accuracy: 91.45% -> 91.19%      
client [29] (testset)   loss: 0.2863 -> 0.2821  accuracy: 92.89% -> 92.58%      
client [93] (testset)   loss: 0.3254 -> 0.3234  accuracy: 94.31% -> 94.24%      
client [73] (testset)   loss: 0.4511 -> 0.4615  accuracy: 91.58% -> 91.65%      
client [40] (testset)   loss: 0.2838 -> 0.2778  accuracy: 95.43% -> 95.36%      
client [76] (testset)   loss: 0.2490 -> 0.2650  accuracy: 93.40% -> 93.70%      
---------------------------- TRAINING EPOCH: 310 ----------------------------   
client [31] (testset)   loss: 0.3767 -> 0.3990  accuracy: 92.61% -> 93.11%      
client [89] (testset)   loss: 0.4898 -> 0.5059  accuracy: 88.57% -> 88.28%      
client [77] (testset)   loss: 0.2864 -> 0.2897  accuracy: 95.08% -> 95.01%      
client [90] (testset)   loss: 0.4229 -> 0.4475  accuracy: 91.39% -> 91.80%      
client [26] (testset)   loss: 0.2988 -> 0.3019  accuracy: 92.23% -> 93.15%      
client [50] (testset)   loss: 0.1023 -> 0.1152  accuracy: 97.93% -> 98.05%      
client [30] (testset)   loss: 0.5066 -> 0.5253  accuracy: 91.97% -> 91.66%      
client [70] (testset)   loss: 0.5376 -> 0.5370  accuracy: 88.58% -> 89.47%      
client [41] (testset)   loss: 0.4751 -> 0.5091  accuracy: 91.41% -> 91.79%      
client [99] (testset)   loss: 0.2339 -> 0.2511  accuracy: 95.32% -> 95.50%      
---------------------------- TRAINING EPOCH: 320 ----------------------------   
client [68] (testset)   loss: 0.3473 -> 0.3695  accuracy: 93.54% -> 93.02%      
client [70] (testset)   loss: 0.5531 -> 0.5596  accuracy: 88.70% -> 89.22%      
client [52] (testset)   loss: 0.6470 -> 0.6718  accuracy: 86.70% -> 87.26%      
client [1]  (testset)   loss: 0.3267 -> 0.3365  accuracy: 93.06% -> 92.87%      
client [2]  (testset)   loss: 0.2034 -> 0.2104  accuracy: 96.45% -> 96.45%      
client [67] (testset)   loss: 0.3071 -> 0.2982  accuracy: 93.38% -> 93.38%      
client [92] (testset)   loss: 0.4679 -> 0.4984  accuracy: 93.01% -> 93.16%      
client [35] (testset)   loss: 0.1839 -> 0.1913  accuracy: 97.38% -> 97.21%      
client [36] (testset)   loss: 0.2512 -> 0.2541  accuracy: 95.58% -> 95.53%      
client [64] (testset)   loss: 0.6007 -> 0.6269  accuracy: 88.80% -> 89.18%      
---------------------------- TRAINING EPOCH: 330 ----------------------------   
client [44] (testset)   loss: 0.5159 -> 0.4857  accuracy: 91.91% -> 91.70%      
client [6]  (testset)   loss: 0.4081 -> 0.4265  accuracy: 93.83% -> 93.68%      
client [12] (testset)   loss: 0.4991 -> 0.5038  accuracy: 92.65% -> 92.53%      
client [55] (testset)   loss: 0.3976 -> 0.4059  accuracy: 91.08% -> 91.50%      
client [29] (testset)   loss: 0.2983 -> 0.3037  accuracy: 93.00% -> 92.48%      
client [9]  (testset)   loss: 0.2788 -> 0.2802  accuracy: 94.51% -> 94.63%      
client [43] (testset)   loss: 0.4689 -> 0.4702  accuracy: 88.31% -> 86.72%      
client [77] (testset)   loss: 0.2935 -> 0.3005  accuracy: 95.21% -> 95.14%      
client [98] (testset)   loss: 0.2398 -> 0.2451  accuracy: 95.94% -> 95.89%      
client [78] (testset)   loss: 0.3637 -> 0.3616  accuracy: 92.55% -> 91.93%      
---------------------------- TRAINING EPOCH: 340 ----------------------------   
client [92] (testset)   loss: 0.5136 -> 0.5294  accuracy: 93.01% -> 93.28%      
client [80] (testset)   loss: 0.2393 -> 0.2319  accuracy: 95.98% -> 96.29%      
client [63] (testset)   loss: 0.2276 -> 0.2355  accuracy: 96.44% -> 96.46%      
client [76] (testset)   loss: 0.2781 -> 0.2816  accuracy: 93.77% -> 93.33%      
client [78] (testset)   loss: 0.3708 -> 0.3686  accuracy: 92.40% -> 91.93%      
client [25] (testset)   loss: 0.2586 -> 0.1798  accuracy: 93.74% -> 95.83%      
client [58] (testset)   loss: 0.1577 -> 0.1500  accuracy: 97.68% -> 98.03%      
client [13] (testset)   loss: 0.1788 -> 0.1841  accuracy: 96.89% -> 96.89%      
client [17] (testset)   loss: 0.4524 -> 0.5030  accuracy: 91.97% -> 91.82%      
client [38] (testset)   loss: 0.3700 -> 0.3563  accuracy: 94.56% -> 94.26%      
---------------------------- TRAINING EPOCH: 350 ----------------------------   
client [72] (testset)   loss: 0.6851 -> 0.7186  accuracy: 90.84% -> 90.84%      
client [82] (testset)   loss: 0.7225 -> 0.8264  accuracy: 79.58% -> 73.56%      
client [86] (testset)   loss: 0.7470 -> 0.7615  accuracy: 88.06% -> 89.01%      
client [51] (testset)   loss: 0.3993 -> 0.4135  accuracy: 93.06% -> 93.12%      
client [96] (testset)   loss: 0.3482 -> 0.3398  accuracy: 95.22% -> 95.32%      
client [42] (testset)   loss: 0.3925 -> 0.4091  accuracy: 92.67% -> 92.61%      
client [55] (testset)   loss: 0.5337 -> 0.4336  accuracy: 89.03% -> 91.05%      
client [13] (testset)   loss: 0.1910 -> 0.1905  accuracy: 96.82% -> 96.89%      
client [1]  (testset)   loss: 0.3378 -> 0.3532  accuracy: 93.30% -> 92.87%      
client [12] (testset)   loss: 0.4931 -> 0.4976  accuracy: 92.65% -> 92.53%      
---------------------------- TRAINING EPOCH: 360 ----------------------------   
client [68] (testset)   loss: 0.3835 -> 0.3845  accuracy: 93.02% -> 93.23%      
client [23] (testset)   loss: 0.5573 -> 0.5669  accuracy: 83.57% -> 82.97%      
client [46] (testset)   loss: 0.1508 -> 0.1567  accuracy: 97.31% -> 97.19%      
client [41] (testset)   loss: 0.5733 -> 0.5571  accuracy: 91.54% -> 90.91%      
client [25] (testset)   loss: 0.1869 -> 0.1866  accuracy: 95.94% -> 95.61%      
client [58] (testset)   loss: 0.1505 -> 0.1531  accuracy: 97.88% -> 98.01%      
client [14] (testset)   loss: 0.3844 -> 0.4301  accuracy: 93.35% -> 93.47%      
client [33] (testset)   loss: 0.1775 -> 0.1804  accuracy: 97.27% -> 97.13%      
client [85] (testset)   loss: 0.4391 -> 0.4560  accuracy: 93.88% -> 93.92%      
client [62] (testset)   loss: 0.3483 -> 0.3539  accuracy: 94.44% -> 94.72%      
---------------------------- TRAINING EPOCH: 370 ----------------------------   
client [98] (testset)   loss: 0.2563 -> 0.2632  accuracy: 95.94% -> 95.94%      
client [63] (testset)   loss: 0.2870 -> 0.2657  accuracy: 96.35% -> 96.38%      
client [70] (testset)   loss: 0.6277 -> 0.6296  accuracy: 89.35% -> 89.47%      
client [65] (testset)   loss: 0.4828 -> 0.5616  accuracy: 90.50% -> 90.08%      
client [14] (testset)   loss: 0.4064 -> 0.4321  accuracy: 93.41% -> 93.29%      
client [73] (testset)   loss: 0.5111 -> 0.5174  accuracy: 91.15% -> 91.34%      
client [34] (testset)   loss: 0.2378 -> 0.2402  accuracy: 96.03% -> 96.12%      
client [99] (testset)   loss: 0.2549 -> 0.2788  accuracy: 95.24% -> 94.46%      
client [69] (testset)   loss: 0.4660 -> 0.4787  accuracy: 92.46% -> 92.69%      
client [46] (testset)   loss: 0.1594 -> 0.1600  accuracy: 97.31% -> 97.27%      
---------------------------- TRAINING EPOCH: 380 ----------------------------   
client [99] (testset)   loss: 0.2653 -> 0.2804  accuracy: 94.86% -> 95.15%      
client [93] (testset)   loss: 0.3290 -> 0.3355  accuracy: 94.31% -> 94.38%      
client [11] (testset)   loss: 0.3149 -> 0.3215  accuracy: 94.34% -> 94.76%      
client [58] (testset)   loss: 0.1575 -> 0.1617  accuracy: 97.88% -> 97.86%      
client [81] (testset)   loss: 0.7566 -> 0.7565  accuracy: 86.98% -> 86.66%      
client [85] (testset)   loss: 0.4609 -> 0.4519  accuracy: 93.73% -> 93.19%      
client [89] (testset)   loss: 0.5454 -> 0.5573  accuracy: 87.91% -> 88.53%      
client [45] (testset)   loss: 0.5540 -> 0.5946  accuracy: 87.74% -> 87.62%      
client [8]  (testset)   loss: 0.5184 -> 0.5402  accuracy: 91.19% -> 90.31%      
client [68] (testset)   loss: 0.3737 -> 0.4023  accuracy: 93.97% -> 92.70%      
---------------------------- TRAINING EPOCH: 390 ----------------------------   
client [67] (testset)   loss: 0.2907 -> 0.3096  accuracy: 92.28% -> 93.93%      
client [72] (testset)   loss: 0.7202 -> 0.7374  accuracy: 90.69% -> 90.69%      
client [1]  (testset)   loss: 0.3683 -> 0.3584  accuracy: 92.92% -> 93.44%      
client [78] (testset)   loss: 0.3955 -> 0.3726  accuracy: 92.01% -> 92.24%      
client [83] (testset)   loss: 0.3844 -> 0.3810  accuracy: 93.75% -> 94.25%      
client [21] (testset)   loss: 0.3172 -> 0.3294  accuracy: 94.55% -> 94.66%      
client [56] (testset)   loss: 0.2366 -> 0.2422  accuracy: 97.18% -> 97.24%      
client [44] (testset)   loss: 0.5660 -> 0.5650  accuracy: 91.70% -> 91.70%      
client [92] (testset)   loss: 0.5334 -> 0.5539  accuracy: 92.88% -> 93.13%      
client [27] (testset)   loss: 0.2524 -> 0.2519  accuracy: 95.68% -> 95.86%      
---------------------------- TRAINING EPOCH: 400 ----------------------------   
client [10] (testset)   loss: 0.4254 -> 0.4338  accuracy: 89.93% -> 89.09%      
client [39] (testset)   loss: 0.2598 -> 0.2780  accuracy: 96.37% -> 95.95%      
client [65] (testset)   loss: 0.5336 -> 0.5543  accuracy: 90.36% -> 89.25%      
client [26] (testset)   loss: 0.3583 -> 0.4249  accuracy: 92.18% -> 89.02%      
client [19] (testset)   loss: 0.3640 -> 0.3482  accuracy: 94.84% -> 94.88%      
client [68] (testset)   loss: 0.4036 -> 0.4089  accuracy: 93.33% -> 93.23%      
client [41] (testset)   loss: 0.6005 -> 0.5984  accuracy: 91.41% -> 91.29%      
client [50] (testset)   loss: 0.1291 -> 0.1305  accuracy: 97.93% -> 97.99%      
client [75] (testset)   loss: 0.4708 -> 0.4730  accuracy: 91.76% -> 92.35%      
client [81] (testset)   loss: 0.6787 -> 0.7132  accuracy: 87.26% -> 86.66%      
Training... ━━━━━━━━━━━━━━━━━━━━━━━━━━━━━━━━━━━━━━━━ 100% 1:29:41
PSFL's average time taken by each global epoch: 0 min 13.36 sec.                
PSFL's total running time: 1 h 29 m 41 s.                                       
==================== PSFL Experiment Results: ====================              
Display format: (before local fine-tuning) -> (after local fine-tuning)         
 So if finetune_epoch = 0, x.xx% -> 0.00% is normal.                            
 Centralized testing ONLY happens after model aggregation, so the stats between 
'->' are the same.                                                              
{                                                                               
    "100": {                                                                    
        "all_clients": {                                                        
            "test": {                                                           
                "loss": "0.2349 -> 0.0000",                                     
                "accuracy": "93.56% -> 0.00%"                                   
            }                                                                   
        }                                                                       
    },                                                                          
    "200": {                                                                    
        "all_clients": {                                                        
            "test": {                                                           
                "loss": "0.2747 -> 0.0000",                                     
                "accuracy": "93.64% -> 0.00%"                                   
            }                                                                   
        }                                                                       
    },                                                                          
    "300": {                                                                    
        "all_clients": {                                                        
            "test": {                                                           
                "loss": "0.3171 -> 0.0000",                                     
                "accuracy": "93.58% -> 0.00%"                                   
            }                                                                   
        }                                                                       
    },                                                                          
    "400": {                                                                    
        "all_clients": {                                                        
            "test": {                                                           
                "loss": "0.3659 -> 0.0000",                                     
                "accuracy": "93.48% -> 0.00%"                                   
            }                                                                   
        }                                                                       
    }                                                                           
}                                                                               
==================== PSFL Max Accuracy ====================                     
all_clients:                                                                    
(test) before fine-tuning: 93.64% at epoch 200                                  
(test) after fine-tuning: 0.00% at epoch 100                                    
