Files already downloaded and verified
Files already downloaded and verified
==================== PSFL ====================                                  
Experiment Arguments:                                                           
{
│   'method': 'psfl',
│   'dataset': {
│   │   'name': 'cifar10',
│   │   'client_num': 100,
│   │   'test_ratio': 0.25,
│   │   'val_ratio': 0.0,
│   │   'seed': 42,
│   │   'split': 'sample',
│   │   'IID_ratio': 0.0,
│   │   'monitor_window_name_suffix': 'cifar10-100clients-0%IID-Dir(0.1)-seed42',
│   │   'alpha': 0.1,
│   │   'min_samples_per_client': 10
│   },
│   'model': {
│   │   'name': 'avgcnn',
│   │   'use_torchvision_pretrained_weights': True,
│   │   'external_model_weights_path': None
│   },
│   'optimizer': {
│   │   'lr': 0.01,
│   │   'dampening': 0,
│   │   'weight_decay': 0,
│   │   'momentum': 0,
│   │   'nesterov': False,
│   │   'name': 'sgd'
│   },
│   'mode': 'sequential',
│   'parallel': {
│   │   'ray_cluster_addr': None,
│   │   'num_cpus': None,
│   │   'num_gpus': None,
│   │   'num_workers': 2
│   },
│   'common': {
│   │   'seed': 42,
│   │   'join_ratio': 0.1,
│   │   'global_epoch': 400,
│   │   'local_epoch': 5,
│   │   'batch_size': 32,
│   │   'reset_optimizer_on_global_epoch': True,
│   │   'straggler_ratio': 0,
│   │   'straggler_min_local_epoch': 0,
│   │   'buffers': 'global',
│   │   'client_side_evaluation': True,
│   │   'test': {
│   │   │   'client': {
│   │   │   │   'interval': 100,
│   │   │   │   'finetune_epoch': 0,
│   │   │   │   'train': False,
│   │   │   │   'val': False,
│   │   │   │   'test': True
│   │   │   },
│   │   │   'server': {
│   │   │   │   'interval': -1,
│   │   │   │   'train': False,
│   │   │   │   'val': False,
│   │   │   │   'test': False,
│   │   │   │   'model_in_train_mode': False
│   │   │   }
│   │   },
│   │   'verbose_gap': 10,
│   │   'monitor': None,
│   │   'use_cuda': True,
│   │   'save_log': True,
│   │   'save_model': False,
│   │   'save_learning_curve_plot': False,
│   │   'save_metrics': True,
│   │   'delete_useless_run': True
│   },
│   'psfl': {
│   │   'alpha': 0.0,
│   │   'CLS': False,
│   │   'ig_ratio': 0.9997,
│   │   'track': False,
│   │   'score': 'obp'
│   }
}
---------------------------- TRAINING EPOCH: 10 ----------------------------    
client [77] (testset)   loss: 1.2098 -> 0.3785  accuracy: 57.24% -> 87.63%      
client [81] (testset)   loss: 0.1600 -> 0.0450  accuracy: 95.54% -> 98.21%      
client [21] (testset)   loss: 3.6558 -> 0.8630  accuracy: 13.04% -> 65.22%      
client [68] (testset)   loss: 1.7652 -> 0.2548  accuracy: 37.85% -> 91.53%      
client [93] (testset)   loss: 0.8243 -> 0.6672  accuracy: 78.95% -> 78.95%      
client [31] (testset)   loss: 0.7896 -> 0.1259  accuracy: 74.19% -> 94.93%      
client [20] (testset)   loss: 0.6906 -> 0.6510  accuracy: 81.48% -> 77.07%      
client [59] (testset)   loss: 1.3085 -> 0.1368  accuracy: 33.33% -> 100.00%     
client [48] (testset)   loss: 1.1167 -> 0.7349  accuracy: 69.23% -> 84.62%      
client [34] (testset)   loss: 0.9042 -> 0.7470  accuracy: 68.39% -> 72.90%      
---------------------------- TRAINING EPOCH: 20 ----------------------------    
client [69] (testset)   loss: 1.6334 -> 0.8260  accuracy: 42.42% -> 64.55%      
client [99] (testset)   loss: 0.5513 -> 0.0311  accuracy: 79.75% -> 100.00%     
client [67] (testset)   loss: 1.2958 -> 0.2354  accuracy: 64.52% -> 89.68%      
client [0]  (testset)   loss: 0.3372 -> 0.1285  accuracy: 91.02% -> 96.41%      
client [76] (testset)   loss: 0.6214 -> 0.2932  accuracy: 78.15% -> 92.05%      
client [41] (testset)   loss: 1.1511 -> 0.6575  accuracy: 55.56% -> 76.19%      
client [62] (testset)   loss: 2.0680 -> 0.0928  accuracy: 17.65% -> 94.12%      
client [2]  (testset)   loss: 2.2301 -> 0.3384  accuracy: 24.82% -> 88.32%      
client [14] (testset)   loss: 2.8049 -> 0.6396  accuracy: 24.63% -> 76.85%      
client [46] (testset)   loss: 0.8846 -> 0.5411  accuracy: 71.32% -> 82.17%      
---------------------------- TRAINING EPOCH: 30 ----------------------------    
client [24] (testset)   loss: 0.2721 -> 0.2985  accuracy: 91.67% -> 91.67%      
client [68] (testset)   loss: 0.3539 -> 0.1797  accuracy: 85.88% -> 94.92%      
client [57] (testset)   loss: 0.2317 -> 0.1452  accuracy: 93.67% -> 94.94%      
client [17] (testset)   loss: 1.3177 -> 0.8597  accuracy: 50.60% -> 78.57%      
client [54] (testset)   loss: 0.6359 -> 0.6364  accuracy: 82.50% -> 85.00%      
client [23] (testset)   loss: 1.5309 -> 0.0591  accuracy: 71.43% -> 96.43%      
client [35] (testset)   loss: 1.3909 -> 0.4620  accuracy: 50.00% -> 66.67%      
client [59] (testset)   loss: 0.1451 -> 0.0821  accuracy: 100.00% -> 100.00%    
client [31] (testset)   loss: 0.1846 -> 0.1410  accuracy: 96.77% -> 94.93%      
client [9]  (testset)   loss: 0.5185 -> 0.3644  accuracy: 82.05% -> 87.61%      
---------------------------- TRAINING EPOCH: 40 ----------------------------    
client [64] (testset)   loss: 0.1881 -> 0.1475  accuracy: 94.50% -> 95.41%      
client [33] (testset)   loss: 0.2708 -> 0.2527  accuracy: 94.79% -> 94.79%      
client [16] (testset)   loss: 1.5055 -> 0.8688  accuracy: 65.66% -> 76.51%      
client [44] (testset)   loss: 1.4063 -> 0.2108  accuracy: 61.22% -> 94.90%      
client [8]  (testset)   loss: 0.5608 -> 0.4943  accuracy: 80.65% -> 83.87%      
client [31] (testset)   loss: 0.0987 -> 0.0843  accuracy: 96.31% -> 96.77%      
client [47] (testset)   loss: 2.1590 -> 1.4907  accuracy: 56.25% -> 56.25%      
client [36] (testset)   loss: 1.1948 -> 0.6914  accuracy: 68.09% -> 78.72%      
client [20] (testset)   loss: 0.8053 -> 0.6152  accuracy: 80.18% -> 84.59%      
client [56] (testset)   loss: 0.2718 -> 0.1859  accuracy: 87.69% -> 90.77%      
---------------------------- TRAINING EPOCH: 50 ----------------------------    
client [4]  (testset)   loss: 0.2666 -> 0.1123  accuracy: 88.73% -> 95.77%      
client [60] (testset)   loss: 3.2443 -> 0.2873  accuracy: 28.84% -> 91.01%      
client [28] (testset)   loss: 0.5018 -> 0.3088  accuracy: 88.00% -> 88.00%      
client [25] (testset)   loss: 1.0389 -> 0.6201  accuracy: 64.31% -> 77.39%      
client [58] (testset)   loss: 0.4673 -> 0.2421  accuracy: 88.49% -> 94.84%      
client [44] (testset)   loss: 0.4334 -> 0.2403  accuracy: 83.67% -> 92.86%      
client [39] (testset)   loss: 1.6389 -> 0.5439  accuracy: 56.85% -> 82.88%      
client [29] (testset)   loss: 0.3058 -> 0.1854  accuracy: 88.89% -> 95.91%      
client [3]  (testset)   loss: 1.7128 -> 0.6858  accuracy: 56.68% -> 82.35%      
client [84] (testset)   loss: 0.7832 -> 0.3808  accuracy: 81.25% -> 85.94%      
---------------------------- TRAINING EPOCH: 60 ----------------------------    
client [21] (testset)   loss: 0.8481 -> 0.5974  accuracy: 69.57% -> 82.61%      
client [84] (testset)   loss: 0.6064 -> 0.3923  accuracy: 89.06% -> 87.50%      
client [10] (testset)   loss: 0.1135 -> 0.1027  accuracy: 97.40% -> 97.40%      
client [36] (testset)   loss: 0.7098 -> 0.6658  accuracy: 80.85% -> 85.11%      
client [65] (testset)   loss: 0.6526 -> 0.6009  accuracy: 85.71% -> 85.71%      
client [81] (testset)   loss: 0.0062 -> 0.0018  accuracy: 100.00% -> 100.00%    
client [79] (testset)   loss: 0.2369 -> 0.2325  accuracy: 94.13% -> 93.58%      
client [42] (testset)   loss: 0.3919 -> 0.3598  accuracy: 91.36% -> 93.00%      
client [11] (testset)   loss: 0.2898 -> 0.1759  accuracy: 86.36% -> 81.82%      
client [96] (testset)   loss: 1.5146 -> 1.7441  accuracy: 63.64% -> 65.91%      
---------------------------- TRAINING EPOCH: 70 ----------------------------    
client [8]  (testset)   loss: 0.6418 -> 0.5149  accuracy: 77.42% -> 77.42%      
client [53] (testset)   loss: 0.9860 -> 0.6199  accuracy: 71.94% -> 80.10%      
client [52] (testset)   loss: 0.2700 -> 0.2188  accuracy: 96.08% -> 98.04%      
client [42] (testset)   loss: 0.3516 -> 0.3718  accuracy: 93.83% -> 92.18%      
client [69] (testset)   loss: 1.1209 -> 1.1918  accuracy: 68.18% -> 67.58%      
client [59] (testset)   loss: 0.1768 -> 0.1380  accuracy: 100.00% -> 100.00%    
client [7]  (testset)   loss: 0.5776 -> 0.5270  accuracy: 83.57% -> 87.44%      
client [26] (testset)   loss: 0.6182 -> 0.6255  accuracy: 84.62% -> 84.62%      
client [49] (testset)   loss: 0.7476 -> 0.7095  accuracy: 80.63% -> 80.95%      
client [98] (testset)   loss: 0.8694 -> 0.7813  accuracy: 77.73% -> 85.31%      
---------------------------- TRAINING EPOCH: 80 ----------------------------    
client [98] (testset)   loss: 0.8184 -> 0.8102  accuracy: 83.41% -> 86.26%      
client [47] (testset)   loss: 2.3427 -> 1.8182  accuracy: 62.50% -> 75.00%      
client [21] (testset)   loss: 1.4219 -> 1.0318  accuracy: 65.22% -> 73.91%      
client [77] (testset)   loss: 0.5237 -> 0.4407  accuracy: 88.69% -> 91.87%      
client [95] (testset)   loss: 1.6620 -> 1.3108  accuracy: 64.37% -> 73.56%      
client [91] (testset)   loss: 0.6965 -> 0.7745  accuracy: 91.18% -> 89.71%      
client [14] (testset)   loss: 0.6439 -> 0.6586  accuracy: 84.24% -> 84.73%      
client [99] (testset)   loss: 0.0394 -> 0.0285  accuracy: 98.73% -> 98.73%      
client [20] (testset)   loss: 0.7715 -> 0.7554  accuracy: 86.27% -> 86.27%      
client [39] (testset)   loss: 0.7210 -> 0.6749  accuracy: 76.71% -> 83.56%      
---------------------------- TRAINING EPOCH: 90 ----------------------------    
client [52] (testset)   loss: 0.2185 -> 0.1717  accuracy: 96.08% -> 97.06%      
client [62] (testset)   loss: 0.5303 -> 0.5033  accuracy: 94.12% -> 94.12%      
client [71] (testset)   loss: 0.6549 -> 0.7233  accuracy: 84.41% -> 86.02%      
client [97] (testset)   loss: 0.8969 -> 0.8407  accuracy: 87.80% -> 89.02%      
client [30] (testset)   loss: 1.4711 -> 1.4941  accuracy: 77.42% -> 76.34%      
client [88] (testset)   loss: 0.3762 -> 0.3812  accuracy: 91.84% -> 92.37%      
client [60] (testset)   loss: 0.2818 -> 0.2911  accuracy: 90.64% -> 91.01%      
client [82] (testset)   loss: 0.2448 -> 0.2279  accuracy: 97.73% -> 97.73%      
client [91] (testset)   loss: 0.8757 -> 0.8813  accuracy: 91.18% -> 91.18%      
client [57] (testset)   loss: 0.1655 -> 0.1838  accuracy: 96.62% -> 97.05%      
---------------------------- TRAINING EPOCH: 100 ----------------------------   
client [31] (testset)   loss: 0.1916 -> 0.1831  accuracy: 96.77% -> 96.77%      
client [15] (testset)   loss: 0.5534 -> 0.5422  accuracy: 86.33% -> 86.72%      
client [71] (testset)   loss: 0.8106 -> 0.7677  accuracy: 82.26% -> 83.33%      
client [97] (testset)   loss: 0.9173 -> 0.8887  accuracy: 86.59% -> 89.02%      
client [53] (testset)   loss: 0.7387 -> 0.6573  accuracy: 79.08% -> 81.12%      
client [77] (testset)   loss: 0.5012 -> 0.4519  accuracy: 89.40% -> 90.46%      
client [76] (testset)   loss: 0.6401 -> 0.3180  accuracy: 83.44% -> 90.07%      
client [79] (testset)   loss: 0.4035 -> 0.3093  accuracy: 89.39% -> 92.46%      
client [28] (testset)   loss: 0.8568 -> 0.5792  accuracy: 76.00% -> 88.00%      
client [99] (testset)   loss: 0.0136 -> 0.0110  accuracy: 100.00% -> 100.00%    
---------------------------- TRAINING EPOCH: 110 ----------------------------   
client [97] (testset)   loss: 0.7758 -> 0.7562  accuracy: 85.37% -> 87.80%      
client [86] (testset)   loss: 0.6096 -> 0.6711  accuracy: 89.47% -> 88.16%      
client [34] (testset)   loss: 1.2937 -> 1.2399  accuracy: 69.68% -> 71.61%      
client [73] (testset)   loss: 0.6065 -> 0.5870  accuracy: 81.82% -> 78.79%      
client [5]  (testset)   loss: 0.8419 -> 0.7942  accuracy: 82.73% -> 83.76%      
client [96] (testset)   loss: 1.8369 -> 1.7910  accuracy: 68.18% -> 65.91%      
client [22] (testset)   loss: 0.5918 -> 0.6117  accuracy: 91.73% -> 90.23%      
client [60] (testset)   loss: 0.3737 -> 0.3227  accuracy: 89.51% -> 90.26%      
client [66] (testset)   loss: 0.6652 -> 0.6793  accuracy: 90.44% -> 89.71%      
client [83] (testset)   loss: 0.7797 -> 0.6967  accuracy: 84.31% -> 84.31%      
---------------------------- TRAINING EPOCH: 120 ----------------------------   
client [76] (testset)   loss: 0.4578 -> 0.3856  accuracy: 86.75% -> 89.40%      
client [65] (testset)   loss: 1.0597 -> 0.9310  accuracy: 78.57% -> 85.71%      
client [95] (testset)   loss: 1.4756 -> 1.5252  accuracy: 72.41% -> 70.11%      
client [17] (testset)   loss: 0.7935 -> 0.8900  accuracy: 79.17% -> 80.95%      
client [8]  (testset)   loss: 0.6161 -> 0.5900  accuracy: 83.87% -> 83.87%      
client [35] (testset)   loss: 2.8683 -> 2.8526  accuracy: 66.67% -> 66.67%      
client [98] (testset)   loss: 1.0317 -> 0.9177  accuracy: 80.09% -> 84.36%      
client [53] (testset)   loss: 0.6794 -> 0.6939  accuracy: 83.16% -> 81.12%      
client [43] (testset)   loss: 0.7482 -> 0.7321  accuracy: 90.91% -> 90.91%      
client [64] (testset)   loss: 0.1713 -> 0.1985  accuracy: 96.33% -> 95.87%      
---------------------------- TRAINING EPOCH: 130 ----------------------------   
client [21] (testset)   loss: 1.1946 -> 1.0056  accuracy: 73.91% -> 78.26%      
client [88] (testset)   loss: 0.4774 -> 0.4651  accuracy: 92.37% -> 92.89%      
client [38] (testset)   loss: 0.0233 -> 0.0234  accuracy: 99.04% -> 99.04%      
client [3]  (testset)   loss: 0.8390 -> 0.8725  accuracy: 83.96% -> 85.03%      
client [5]  (testset)   loss: 0.8493 -> 0.8931  accuracy: 85.05% -> 83.25%      
client [41] (testset)   loss: 1.2497 -> 1.1880  accuracy: 73.02% -> 74.60%      
client [7]  (testset)   loss: 0.6370 -> 0.6331  accuracy: 85.51% -> 87.44%      
client [37] (testset)   loss: 0.0120 -> 0.0173  accuracy: 100.00% -> 100.00%    
client [45] (testset)   loss: 2.3626 -> 2.3170  accuracy: 81.82% -> 81.82%      
client [47] (testset)   loss: 2.4695 -> 2.3715  accuracy: 68.75% -> 75.00%      
---------------------------- TRAINING EPOCH: 140 ----------------------------   
client [16] (testset)   loss: 0.8916 -> 1.0235  accuracy: 81.93% -> 81.33%      
client [11] (testset)   loss: 0.5614 -> 0.4333  accuracy: 86.36% -> 86.36%      
client [37] (testset)   loss: 0.0573 -> 0.1006  accuracy: 100.00% -> 100.00%    
client [41] (testset)   loss: 1.4596 -> 1.2601  accuracy: 74.60% -> 74.60%      
client [95] (testset)   loss: 1.4179 -> 1.5612  accuracy: 71.26% -> 73.56%      
client [53] (testset)   loss: 0.7349 -> 0.7539  accuracy: 82.14% -> 81.12%      
client [22] (testset)   loss: 0.7674 -> 0.7244  accuracy: 88.72% -> 89.47%      
client [25] (testset)   loss: 0.9779 -> 1.0310  accuracy: 81.98% -> 81.27%      
client [69] (testset)   loss: 1.5707 -> 1.5413  accuracy: 67.58% -> 69.39%      
client [46] (testset)   loss: 0.7402 -> 0.7641  accuracy: 86.82% -> 86.82%      
---------------------------- TRAINING EPOCH: 150 ----------------------------   
client [47] (testset)   loss: 2.7121 -> 2.7075  accuracy: 75.00% -> 75.00%      
client [69] (testset)   loss: 1.7096 -> 1.6535  accuracy: 68.48% -> 68.18%      
client [82] (testset)   loss: 0.3178 -> 0.3209  accuracy: 97.73% -> 97.73%      
client [45] (testset)   loss: 2.2460 -> 2.1912  accuracy: 81.82% -> 81.82%      
client [7]  (testset)   loss: 0.7125 -> 0.7344  accuracy: 88.89% -> 87.44%      
client [50] (testset)   loss: 3.6681 -> 3.6324  accuracy: 57.14% -> 57.14%      
client [35] (testset)   loss: 3.6944 -> 3.6885  accuracy: 66.67% -> 66.67%      
client [24] (testset)   loss: 0.1942 -> 0.2296  accuracy: 91.67% -> 91.67%      
client [15] (testset)   loss: 0.7375 -> 0.6788  accuracy: 85.55% -> 87.50%      
client [58] (testset)   loss: 0.4492 -> 0.4409  accuracy: 95.24% -> 94.84%      
---------------------------- TRAINING EPOCH: 160 ----------------------------   
client [48] (testset)   loss: 2.2358 -> 2.1905  accuracy: 69.23% -> 69.23%      
client [76] (testset)   loss: 0.4061 -> 0.3849  accuracy: 91.39% -> 90.73%      
client [67] (testset)   loss: 0.1990 -> 0.1924  accuracy: 96.13% -> 96.13%      
client [37] (testset)   loss: 0.0398 -> 0.0401  accuracy: 100.00% -> 100.00%    
client [58] (testset)   loss: 0.5082 -> 0.4713  accuracy: 95.24% -> 94.84%      
client [64] (testset)   loss: 0.2223 -> 0.2212  accuracy: 95.41% -> 95.87%      
client [77] (testset)   loss: 0.5775 -> 0.5325  accuracy: 90.81% -> 91.87%      
client [55] (testset)   loss: 0.6436 -> 0.6306  accuracy: 87.93% -> 88.35%      
client [12] (testset)   loss: 0.6918 -> 0.6435  accuracy: 87.80% -> 87.46%      
client [89] (testset)   loss: 0.5589 -> 0.5467  accuracy: 96.08% -> 96.08%      
---------------------------- TRAINING EPOCH: 170 ----------------------------   
client [84] (testset)   loss: 0.8004 -> 0.7905  accuracy: 85.94% -> 85.94%      
client [51] (testset)   loss: 1.0926 -> 0.9193  accuracy: 87.50% -> 87.50%      
client [8]  (testset)   loss: 0.7791 -> 0.7620  accuracy: 87.10% -> 87.10%      
client [18] (testset)   loss: 1.0616 -> 1.0646  accuracy: 85.03% -> 85.63%      
client [94] (testset)   loss: 0.9436 -> 0.9156  accuracy: 81.54% -> 83.08%      
client [81] (testset)   loss: 0.0018 -> 0.0018  accuracy: 100.00% -> 100.00%    
client [3]  (testset)   loss: 1.0797 -> 1.0296  accuracy: 81.82% -> 82.35%      
client [11] (testset)   loss: 0.3880 -> 0.3425  accuracy: 90.91% -> 86.36%      
client [95] (testset)   loss: 1.7723 -> 1.7754  accuracy: 68.97% -> 68.97%      
client [67] (testset)   loss: 0.1794 -> 0.1776  accuracy: 95.48% -> 97.42%      
---------------------------- TRAINING EPOCH: 180 ----------------------------   
client [21] (testset)   loss: 0.7763 -> 0.7044  accuracy: 69.57% -> 73.91%      
client [79] (testset)   loss: 0.3629 -> 0.3202  accuracy: 92.46% -> 93.02%      
client [58] (testset)   loss: 0.4408 -> 0.4479  accuracy: 95.24% -> 94.84%      
client [88] (testset)   loss: 0.4371 -> 0.4649  accuracy: 92.37% -> 93.16%      
client [46] (testset)   loss: 0.7095 -> 0.7363  accuracy: 86.05% -> 86.05%      
client [11] (testset)   loss: 0.3093 -> 0.2824  accuracy: 90.91% -> 90.91%      
client [55] (testset)   loss: 0.6444 -> 0.6357  accuracy: 87.79% -> 88.21%      
client [13] (testset)   loss: 0.7841 -> 0.7490  accuracy: 86.67% -> 87.22%      
client [31] (testset)   loss: 0.2712 -> 0.2698  accuracy: 97.24% -> 97.24%      
client [75] (testset)   loss: 0.4454 -> 0.4474  accuracy: 91.97% -> 92.18%      
---------------------------- TRAINING EPOCH: 190 ----------------------------   
client [19] (testset)   loss: 1.0375 -> 1.0225  accuracy: 92.92% -> 92.92%      
client [7]  (testset)   loss: 0.7796 -> 0.7891  accuracy: 88.41% -> 87.44%      
client [57] (testset)   loss: 0.2267 -> 0.2311  accuracy: 96.20% -> 95.78%      
client [13] (testset)   loss: 0.8000 -> 0.7528  accuracy: 86.67% -> 87.22%      
client [43] (testset)   loss: 0.8254 -> 0.8213  accuracy: 90.91% -> 90.91%      
client [91] (testset)   loss: 1.1598 -> 1.1819  accuracy: 91.18% -> 88.24%      
client [10] (testset)   loss: 0.2074 -> 0.2011  accuracy: 98.27% -> 97.98%      
client [64] (testset)   loss: 0.2236 -> 0.2309  accuracy: 95.87% -> 95.87%      
client [82] (testset)   loss: 0.3792 -> 0.3702  accuracy: 97.73% -> 97.73%      
client [22] (testset)   loss: 0.7728 -> 0.7725  accuracy: 89.47% -> 89.47%      
---------------------------- TRAINING EPOCH: 200 ----------------------------   
client [20] (testset)   loss: 1.0367 -> 1.0567  accuracy: 85.75% -> 86.27%      
client [23] (testset)   loss: 0.0259 -> 0.0198  accuracy: 100.00% -> 100.00%    
client [88] (testset)   loss: 0.5193 -> 0.5128  accuracy: 93.16% -> 93.42%      
client [98] (testset)   loss: 1.3182 -> 1.2946  accuracy: 82.46% -> 84.36%      
client [79] (testset)   loss: 0.3688 -> 0.3681  accuracy: 93.30% -> 93.02%      
client [21] (testset)   loss: 1.3495 -> 1.2232  accuracy: 69.57% -> 69.57%      
client [92] (testset)   loss: 0.2553 -> 0.2650  accuracy: 94.09% -> 94.58%      
client [56] (testset)   loss: 0.2521 -> 0.2535  accuracy: 96.92% -> 96.92%      
client [5]  (testset)   loss: 1.0836 -> 1.0961  accuracy: 83.25% -> 82.99%      
client [52] (testset)   loss: 0.2639 -> 0.2638  accuracy: 96.08% -> 96.08%      
---------------------------- TRAINING EPOCH: 210 ----------------------------   
client [67] (testset)   loss: 0.1757 -> 0.1738  accuracy: 96.13% -> 96.77%      
client [54] (testset)   loss: 1.2178 -> 1.1963  accuracy: 85.00% -> 85.00%      
client [14] (testset)   loss: 1.0692 -> 0.9592  accuracy: 81.28% -> 83.74%      
client [99] (testset)   loss: 0.0220 -> 0.0226  accuracy: 98.73% -> 98.73%      
client [36] (testset)   loss: 0.9015 -> 0.8843  accuracy: 87.23% -> 87.23%      
client [30] (testset)   loss: 2.3903 -> 2.3764  accuracy: 78.49% -> 78.49%      
client [38] (testset)   loss: 0.0117 -> 0.0136  accuracy: 99.04% -> 99.04%      
client [15] (testset)   loss: 0.7492 -> 0.7533  accuracy: 86.72% -> 88.28%      
client [6]  (testset)   loss: 1.1149 -> 1.1736  accuracy: 82.89% -> 84.79%      
client [53] (testset)   loss: 0.8915 -> 0.9046  accuracy: 83.16% -> 82.65%      
---------------------------- TRAINING EPOCH: 220 ----------------------------   
client [99] (testset)   loss: 0.0330 -> 0.0306  accuracy: 98.73% -> 98.73%      
client [6]  (testset)   loss: 1.1190 -> 1.1803  accuracy: 82.51% -> 84.03%      
client [83] (testset)   loss: 0.9866 -> 0.9672  accuracy: 87.39% -> 86.27%      
client [42] (testset)   loss: 0.6511 -> 0.6171  accuracy: 92.18% -> 93.42%      
client [34] (testset)   loss: 1.7921 -> 1.8133  accuracy: 74.19% -> 74.19%      
client [15] (testset)   loss: 0.7651 -> 0.7657  accuracy: 88.28% -> 88.28%      
client [47] (testset)   loss: 3.0122 -> 2.9891  accuracy: 75.00% -> 75.00%      
client [55] (testset)   loss: 0.7561 -> 0.7440  accuracy: 88.49% -> 88.35%      
client [51] (testset)   loss: 1.0779 -> 0.9713  accuracy: 87.50% -> 87.50%      
client [95] (testset)   loss: 1.9173 -> 1.9262  accuracy: 70.11% -> 73.56%      
---------------------------- TRAINING EPOCH: 230 ----------------------------   
client [71] (testset)   loss: 1.0905 -> 1.0972  accuracy: 85.48% -> 86.02%      
client [15] (testset)   loss: 0.7861 -> 0.7755  accuracy: 87.50% -> 87.89%      
client [33] (testset)   loss: 0.3777 -> 0.3587  accuracy: 96.88% -> 96.88%      
client [99] (testset)   loss: 0.0110 -> 0.0125  accuracy: 98.73% -> 98.73%      
client [90] (testset)   loss: 0.0007 -> 0.0009  accuracy: 100.00% -> 100.00%    
client [57] (testset)   loss: 0.2520 -> 0.2516  accuracy: 96.20% -> 96.20%      
client [27] (testset)   loss: 2.0878 -> 2.0721  accuracy: 66.67% -> 66.67%      
client [78] (testset)   loss: 1.2182 -> 1.1928  accuracy: 82.02% -> 82.46%      
client [36] (testset)   loss: 0.9136 -> 0.8826  accuracy: 87.23% -> 87.23%      
client [88] (testset)   loss: 0.5411 -> 0.5469  accuracy: 92.63% -> 92.63%      
---------------------------- TRAINING EPOCH: 240 ----------------------------   
client [70] (testset)   loss: 0.1821 -> 0.1848  accuracy: 95.31% -> 95.31%      
client [35] (testset)   loss: 3.9956 -> 3.9907  accuracy: 66.67% -> 66.67%      
client [16] (testset)   loss: 1.3945 -> 1.3918  accuracy: 81.93% -> 82.53%      
client [80] (testset)   loss: 0.7318 -> 0.7218  accuracy: 96.08% -> 95.42%      
client [38] (testset)   loss: 0.0083 -> 0.0094  accuracy: 100.00% -> 100.00%    
client [78] (testset)   loss: 1.2124 -> 1.2228  accuracy: 82.46% -> 82.46%      
client [68] (testset)   loss: 0.2356 -> 0.2469  accuracy: 96.05% -> 96.61%      
client [11] (testset)   loss: 0.3900 -> 0.3841  accuracy: 86.36% -> 86.36%      
client [64] (testset)   loss: 0.2751 -> 0.2616  accuracy: 96.33% -> 96.79%      
client [82] (testset)   loss: 0.3973 -> 0.3946  accuracy: 97.73% -> 97.73%      
---------------------------- TRAINING EPOCH: 250 ----------------------------   
client [30] (testset)   loss: 2.5713 -> 2.5568  accuracy: 76.34% -> 78.49%      
client [27] (testset)   loss: 2.3048 -> 2.2606  accuracy: 71.43% -> 66.67%      
client [74] (testset)   loss: 0.7423 -> 0.7575  accuracy: 94.74% -> 92.11%      
client [45] (testset)   loss: 2.7372 -> 2.7471  accuracy: 81.82% -> 81.82%      
client [6]  (testset)   loss: 1.2205 -> 1.2749  accuracy: 82.89% -> 84.03%      
client [36] (testset)   loss: 0.9492 -> 0.9298  accuracy: 85.11% -> 85.11%      
client [63] (testset)   loss: 1.4928 -> 1.4334  accuracy: 79.66% -> 79.66%      
client [76] (testset)   loss: 0.4877 -> 0.4810  accuracy: 90.73% -> 90.07%      
client [83] (testset)   loss: 1.0033 -> 1.0079  accuracy: 86.27% -> 85.99%      
client [86] (testset)   loss: 1.0908 -> 1.0994  accuracy: 89.47% -> 89.47%      
---------------------------- TRAINING EPOCH: 260 ----------------------------   
client [83] (testset)   loss: 1.0152 -> 1.0117  accuracy: 86.55% -> 85.99%      
client [99] (testset)   loss: 0.0255 -> 0.0242  accuracy: 98.73% -> 98.73%      
client [74] (testset)   loss: 0.7390 -> 0.7724  accuracy: 94.74% -> 92.11%      
client [73] (testset)   loss: 0.7625 -> 0.7544  accuracy: 81.82% -> 78.79%      
client [29] (testset)   loss: 0.3357 -> 0.3375  accuracy: 95.91% -> 95.91%      
client [92] (testset)   loss: 0.2863 -> 0.2888  accuracy: 94.09% -> 94.09%      
client [6]  (testset)   loss: 1.2242 -> 1.2760  accuracy: 82.89% -> 83.65%      
client [61] (testset)   loss: 1.2795 -> 1.2642  accuracy: 80.53% -> 79.65%      
client [21] (testset)   loss: 0.9930 -> 1.0914  accuracy: 69.57% -> 69.57%      
client [67] (testset)   loss: 0.1779 -> 0.1737  accuracy: 96.77% -> 96.77%      
---------------------------- TRAINING EPOCH: 270 ----------------------------   
client [83] (testset)   loss: 1.0424 -> 1.0288  accuracy: 86.83% -> 85.99%      
client [32] (testset)   loss: 2.6197 -> 2.5184  accuracy: 63.77% -> 62.32%      
client [95] (testset)   loss: 2.1843 -> 2.1489  accuracy: 72.41% -> 71.26%      
client [61] (testset)   loss: 1.2774 -> 1.2819  accuracy: 81.42% -> 81.42%      
client [27] (testset)   loss: 2.0802 -> 2.0811  accuracy: 66.67% -> 66.67%      
client [25] (testset)   loss: 1.2818 -> 1.3291  accuracy: 81.98% -> 80.92%      
client [68] (testset)   loss: 0.2425 -> 0.2515  accuracy: 96.61% -> 97.18%      
client [34] (testset)   loss: 1.9448 -> 1.9433  accuracy: 71.61% -> 73.55%      
client [71] (testset)   loss: 1.1588 -> 1.1534  accuracy: 85.48% -> 85.48%      
client [89] (testset)   loss: 0.6348 -> 0.6282  accuracy: 96.08% -> 96.08%      
---------------------------- TRAINING EPOCH: 280 ----------------------------   
client [78] (testset)   loss: 1.3030 -> 1.2895  accuracy: 82.89% -> 83.33%      
client [81] (testset)   loss: 0.0011 -> 0.0011  accuracy: 100.00% -> 100.00%    
client [51] (testset)   loss: 0.9840 -> 0.9607  accuracy: 87.50% -> 87.50%      
client [54] (testset)   loss: 1.2957 -> 1.3019  accuracy: 85.00% -> 85.00%      
client [65] (testset)   loss: 1.4514 -> 1.4422  accuracy: 85.71% -> 85.71%      
client [41] (testset)   loss: 1.4902 -> 1.5213  accuracy: 74.60% -> 74.60%      
client [11] (testset)   loss: 0.3995 -> 0.3925  accuracy: 86.36% -> 86.36%      
client [85] (testset)   loss: 0.3866 -> 0.3830  accuracy: 95.61% -> 96.10%      
client [12] (testset)   loss: 0.8820 -> 0.8595  accuracy: 89.55% -> 89.90%      
client [23] (testset)   loss: 0.0323 -> 0.0244  accuracy: 96.43% -> 100.00%     
---------------------------- TRAINING EPOCH: 290 ----------------------------   
client [16] (testset)   loss: 1.4250 -> 1.4447  accuracy: 83.13% -> 83.13%      
client [65] (testset)   loss: 1.3810 -> 1.3822  accuracy: 85.71% -> 85.71%      
client [53] (testset)   loss: 1.0178 -> 1.0245  accuracy: 82.14% -> 82.14%      
client [58] (testset)   loss: 0.6093 -> 0.6032  accuracy: 95.24% -> 95.24%      
client [72] (testset)   loss: 0.0112 -> 0.0111  accuracy: 100.00% -> 100.00%    
client [7]  (testset)   loss: 0.9481 -> 0.9614  accuracy: 86.47% -> 86.47%      
client [71] (testset)   loss: 1.1635 -> 1.1741  accuracy: 85.48% -> 85.48%      
client [59] (testset)   loss: 0.0040 -> 0.0040  accuracy: 100.00% -> 100.00%    
client [86] (testset)   loss: 1.1349 -> 1.1551  accuracy: 89.47% -> 89.47%      
client [39] (testset)   loss: 1.2597 -> 1.2368  accuracy: 84.93% -> 84.25%      
---------------------------- TRAINING EPOCH: 300 ----------------------------   
client [99] (testset)   loss: 0.0218 -> 0.0226  accuracy: 98.73% -> 98.73%      
client [7]  (testset)   loss: 0.9535 -> 0.9642  accuracy: 86.96% -> 85.99%      
client [17] (testset)   loss: 1.2171 -> 1.2249  accuracy: 81.55% -> 80.36%      
client [64] (testset)   loss: 0.2667 -> 0.2713  accuracy: 96.33% -> 96.33%      
client [37] (testset)   loss: 0.0228 -> 0.0231  accuracy: 100.00% -> 100.00%    
client [29] (testset)   loss: 0.3521 -> 0.3583  accuracy: 95.91% -> 95.91%      
client [93] (testset)   loss: 2.2540 -> 2.2727  accuracy: 84.21% -> 84.21%      
client [73] (testset)   loss: 0.8314 -> 0.8255  accuracy: 81.82% -> 81.82%      
client [40] (testset)   loss: 0.8740 -> 0.8615  accuracy: 77.78% -> 88.89%      
client [76] (testset)   loss: 0.5139 -> 0.5077  accuracy: 90.07% -> 90.73%      
---------------------------- TRAINING EPOCH: 310 ----------------------------   
client [31] (testset)   loss: 0.3601 -> 0.3584  accuracy: 95.85% -> 95.85%      
client [89] (testset)   loss: 0.6594 -> 0.6575  accuracy: 96.08% -> 96.08%      
client [77] (testset)   loss: 0.6493 -> 0.6451  accuracy: 91.17% -> 92.58%      
client [90] (testset)   loss: 0.0004 -> 0.0004  accuracy: 100.00% -> 100.00%    
client [26] (testset)   loss: 0.8971 -> 0.8972  accuracy: 92.31% -> 92.31%      
client [50] (testset)   loss: 4.3250 -> 4.3140  accuracy: 57.14% -> 57.14%      
client [30] (testset)   loss: 2.6950 -> 2.6881  accuracy: 77.42% -> 77.42%      
client [70] (testset)   loss: 0.1939 -> 0.1953  accuracy: 95.83% -> 95.83%      
client [41] (testset)   loss: 1.5189 -> 1.5225  accuracy: 76.19% -> 76.19%      
client [99] (testset)   loss: 0.0303 -> 0.0298  accuracy: 98.73% -> 98.73%      
---------------------------- TRAINING EPOCH: 320 ----------------------------   
client [68] (testset)   loss: 0.2511 -> 0.2563  accuracy: 97.18% -> 97.18%      
client [70] (testset)   loss: 0.1989 -> 0.1988  accuracy: 95.31% -> 95.31%      
client [52] (testset)   loss: 0.2993 -> 0.2986  accuracy: 96.08% -> 96.08%      
client [1]  (testset)   loss: 0.3910 -> 0.3853  accuracy: 90.20% -> 90.20%      
client [2]  (testset)   loss: 0.8244 -> 0.8247  accuracy: 87.59% -> 87.59%      
client [67] (testset)   loss: 0.1793 -> 0.1738  accuracy: 96.77% -> 96.13%      
client [92] (testset)   loss: 0.2968 -> 0.2985  accuracy: 95.07% -> 95.07%      
client [35] (testset)   loss: 4.4028 -> 4.4012  accuracy: 66.67% -> 66.67%      
client [36] (testset)   loss: 0.9796 -> 0.9796  accuracy: 85.11% -> 85.11%      
client [64] (testset)   loss: 0.2864 -> 0.2821  accuracy: 95.41% -> 95.87%      
---------------------------- TRAINING EPOCH: 330 ----------------------------   
client [44] (testset)   loss: 0.4664 -> 0.4609  accuracy: 91.84% -> 91.84%      
client [6]  (testset)   loss: 1.3478 -> 1.3402  accuracy: 83.27% -> 83.65%      
client [12] (testset)   loss: 0.8917 -> 0.8835  accuracy: 88.85% -> 88.50%      
client [55] (testset)   loss: 0.8322 -> 0.8231  accuracy: 87.79% -> 87.93%      
client [29] (testset)   loss: 0.3501 -> 0.3564  accuracy: 95.91% -> 95.91%      
client [9]  (testset)   loss: 0.7393 -> 0.7385  accuracy: 89.32% -> 89.32%      
client [43] (testset)   loss: 1.0273 -> 1.0300  accuracy: 90.91% -> 90.91%      
client [77] (testset)   loss: 0.6564 -> 0.6540  accuracy: 91.87% -> 92.23%      
client [98] (testset)   loss: 1.4638 -> 1.4432  accuracy: 82.46% -> 82.94%      
client [78] (testset)   loss: 1.3603 -> 1.3417  accuracy: 83.77% -> 83.33%      
---------------------------- TRAINING EPOCH: 340 ----------------------------   
client [92] (testset)   loss: 0.3085 -> 0.2979  accuracy: 93.60% -> 93.60%      
client [80] (testset)   loss: 0.7944 -> 0.7890  accuracy: 95.42% -> 95.42%      
client [63] (testset)   loss: 1.5404 -> 1.5465  accuracy: 79.66% -> 80.51%      
client [76] (testset)   loss: 0.5325 -> 0.5261  accuracy: 90.73% -> 91.39%      
client [78] (testset)   loss: 1.3477 -> 1.3359  accuracy: 82.46% -> 83.33%      
client [25] (testset)   loss: 1.3325 -> 1.3810  accuracy: 81.98% -> 81.98%      
client [58] (testset)   loss: 0.6242 -> 0.6197  accuracy: 95.24% -> 95.24%      
client [13] (testset)   loss: 0.8699 -> 0.8537  accuracy: 86.67% -> 86.67%      
client [17] (testset)   loss: 1.1875 -> 1.2290  accuracy: 80.36% -> 80.36%      
client [38] (testset)   loss: 0.0104 -> 0.0101  accuracy: 100.00% -> 100.00%    
---------------------------- TRAINING EPOCH: 350 ----------------------------   
client [72] (testset)   loss: 0.0055 -> 0.0055  accuracy: 100.00% -> 100.00%    
client [82] (testset)   loss: 0.4279 -> 0.4275  accuracy: 97.73% -> 97.73%      
client [86] (testset)   loss: 1.2312 -> 1.2283  accuracy: 89.47% -> 89.47%      
client [51] (testset)   loss: 0.9861 -> 0.9732  accuracy: 87.50% -> 87.50%      
client [96] (testset)   loss: 2.9420 -> 2.9401  accuracy: 65.91% -> 63.64%      
client [42] (testset)   loss: 0.6869 -> 0.6752  accuracy: 93.00% -> 93.00%      
client [55] (testset)   loss: 0.8278 -> 0.8236  accuracy: 87.93% -> 88.21%      
client [13] (testset)   loss: 0.8548 -> 0.8496  accuracy: 87.22% -> 87.22%      
client [1]  (testset)   loss: 0.3891 -> 0.3865  accuracy: 90.20% -> 90.20%      
client [12] (testset)   loss: 0.9054 -> 0.8967  accuracy: 88.85% -> 88.50%      
---------------------------- TRAINING EPOCH: 360 ----------------------------   
client [68] (testset)   loss: 0.2649 -> 0.2687  accuracy: 96.05% -> 96.61%      
client [23] (testset)   loss: 0.0099 -> 0.0091  accuracy: 100.00% -> 100.00%    
client [46] (testset)   loss: 0.9324 -> 0.9388  accuracy: 86.05% -> 86.82%      
client [41] (testset)   loss: 1.4778 -> 1.5103  accuracy: 76.19% -> 76.19%      
client [25] (testset)   loss: 1.3747 -> 1.4003  accuracy: 81.98% -> 81.98%      
client [58] (testset)   loss: 0.6159 -> 0.6148  accuracy: 95.63% -> 95.24%      
client [14] (testset)   loss: 1.1438 -> 1.1228  accuracy: 82.27% -> 83.74%      
client [33] (testset)   loss: 0.3913 -> 0.3890  accuracy: 95.83% -> 95.83%      
client [85] (testset)   loss: 0.4089 -> 0.4074  accuracy: 95.12% -> 95.12%      
client [62] (testset)   loss: 0.6438 -> 0.6443  accuracy: 94.12% -> 94.12%      
---------------------------- TRAINING EPOCH: 370 ----------------------------   
client [98] (testset)   loss: 1.4395 -> 1.4374  accuracy: 83.89% -> 83.41%      
client [63] (testset)   loss: 1.5109 -> 1.5398  accuracy: 82.20% -> 81.36%      
client [70] (testset)   loss: 0.2128 -> 0.2044  accuracy: 94.79% -> 94.79%      
client [65] (testset)   loss: 1.4157 -> 1.4151  accuracy: 85.71% -> 85.71%      
client [14] (testset)   loss: 1.1416 -> 1.1303  accuracy: 83.25% -> 83.74%      
client [73] (testset)   loss: 0.8670 -> 0.8607  accuracy: 78.79% -> 78.79%      
client [34] (testset)   loss: 2.0412 -> 2.0420  accuracy: 73.55% -> 73.55%      
client [99] (testset)   loss: 0.0558 -> 0.0524  accuracy: 98.73% -> 98.73%      
client [69] (testset)   loss: 2.2400 -> 2.2382  accuracy: 69.39% -> 69.09%      
client [46] (testset)   loss: 0.9314 -> 0.9396  accuracy: 86.82% -> 86.05%      
---------------------------- TRAINING EPOCH: 380 ----------------------------   
client [99] (testset)   loss: 0.0451 -> 0.0425  accuracy: 98.73% -> 98.73%      
client [93] (testset)   loss: 2.5364 -> 2.5374  accuracy: 84.21% -> 84.21%      
client [11] (testset)   loss: 0.4495 -> 0.4384  accuracy: 86.36% -> 86.36%      
client [58] (testset)   loss: 0.6253 -> 0.6231  accuracy: 95.24% -> 95.24%      
client [81] (testset)   loss: 0.0005 -> 0.0005  accuracy: 100.00% -> 100.00%    
client [85] (testset)   loss: 0.4211 -> 0.4189  accuracy: 95.12% -> 94.63%      
client [89] (testset)   loss: 0.6678 -> 0.6632  accuracy: 96.08% -> 96.08%      
client [45] (testset)   loss: 3.0172 -> 3.0199  accuracy: 81.82% -> 81.82%      
client [8]  (testset)   loss: 1.1149 -> 1.1045  accuracy: 83.87% -> 83.87%      
client [68] (testset)   loss: 0.2660 -> 0.2714  accuracy: 96.61% -> 97.18%      
---------------------------- TRAINING EPOCH: 390 ----------------------------   
client [67] (testset)   loss: 0.1858 -> 0.1836  accuracy: 96.13% -> 96.13%      
client [72] (testset)   loss: 0.0096 -> 0.0097  accuracy: 100.00% -> 100.00%    
client [1]  (testset)   loss: 0.4275 -> 0.4249  accuracy: 90.20% -> 90.20%      
client [78] (testset)   loss: 1.4026 -> 1.3860  accuracy: 83.33% -> 83.33%      
client [83] (testset)   loss: 1.1067 -> 1.1100  accuracy: 85.71% -> 85.71%      
client [21] (testset)   loss: 1.2743 -> 1.2815  accuracy: 69.57% -> 69.57%      
client [56] (testset)   loss: 0.3239 -> 0.3238  accuracy: 96.92% -> 96.92%      
client [44] (testset)   loss: 0.4838 -> 0.4875  accuracy: 90.82% -> 90.82%      
client [92] (testset)   loss: 0.2980 -> 0.3015  accuracy: 94.09% -> 94.09%      
client [27] (testset)   loss: 2.3566 -> 2.3505  accuracy: 66.67% -> 66.67%      
---------------------------- TRAINING EPOCH: 400 ----------------------------   
client [10] (testset)   loss: 0.2407 -> 0.2401  accuracy: 98.27% -> 98.27%      
client [39] (testset)   loss: 1.3943 -> 1.3493  accuracy: 82.88% -> 83.56%      
client [65] (testset)   loss: 1.4724 -> 1.4690  accuracy: 85.71% -> 85.71%      
client [26] (testset)   loss: 0.9296 -> 0.9296  accuracy: 92.31% -> 92.31%      
client [19] (testset)   loss: 1.2478 -> 1.2473  accuracy: 92.92% -> 92.92%      
client [68] (testset)   loss: 0.2672 -> 0.2717  accuracy: 96.61% -> 97.18%      
client [41] (testset)   loss: 1.5693 -> 1.5563  accuracy: 76.19% -> 76.19%      
client [50] (testset)   loss: 4.4466 -> 4.4345  accuracy: 71.43% -> 71.43%      
client [75] (testset)   loss: 0.5624 -> 0.5602  accuracy: 92.60% -> 92.60%      
client [81] (testset)   loss: 0.0005 -> 0.0005  accuracy: 100.00% -> 100.00%    
Training... ━━━━━━━━━━━━━━━━━━━━━━━━━━━━━━━━━━━━━━━━ 100% 0:06:40
PSFL's average time taken by each global epoch: 0 min 0.99 sec.                 
PSFL's total running time: 0 h 6 m 40 s.                                        
==================== PSFL Experiment Results: ====================              
Display format: (before local fine-tuning) -> (after local fine-tuning)         
 So if finetune_epoch = 0, x.xx% -> 0.00% is normal.                            
 Centralized testing ONLY happens after model aggregation, so the stats between 
'->' are the same.                                                              
{                                                                               
    "100": {                                                                    
        "all_clients": {                                                        
            "test": {                                                           
                "loss": "0.6430 -> 0.0000",                                     
                "accuracy": "86.82% -> 0.00%"                                   
            }                                                                   
        }                                                                       
    },                                                                          
    "200": {                                                                    
        "all_clients": {                                                        
            "test": {                                                           
                "loss": "0.8207 -> 0.0000",                                     
                "accuracy": "87.87% -> 0.00%"                                   
            }                                                                   
        }                                                                       
    },                                                                          
    "300": {                                                                    
        "all_clients": {                                                        
            "test": {                                                           
                "loss": "0.9170 -> 0.0000",                                     
                "accuracy": "88.02% -> 0.00%"                                   
            }                                                                   
        }                                                                       
    },                                                                          
    "400": {                                                                    
        "all_clients": {                                                        
            "test": {                                                           
                "loss": "0.9615 -> 0.0000",                                     
                "accuracy": "88.04% -> 0.00%"                                   
            }                                                                   
        }                                                                       
    }                                                                           
}                                                                               
==================== PSFL Max Accuracy ====================                     
all_clients:                                                                    
(test) before fine-tuning: 88.04% at epoch 400                                  
(test) after fine-tuning: 0.00% at epoch 100                                    
