==================== PSFL ====================                                  
Experiment Arguments:                                                           
{
│   'method': 'psfl',
│   'dataset': {
│   │   'name': 'emnist',
│   │   'client_num': 100,
│   │   'test_ratio': 0.25,
│   │   'val_ratio': 0.0,
│   │   'seed': 42,
│   │   'split': 'sample',
│   │   'IID_ratio': 0.0,
│   │   'monitor_window_name_suffix': 'emnist-100clients-0%IID-Dir(0.1)-seed42',
│   │   'emnist_split': 'byclass',
│   │   'alpha': 0.1,
│   │   'min_samples_per_client': 10
│   },
│   'model': {
│   │   'name': 'avgcnn',
│   │   'use_torchvision_pretrained_weights': True,
│   │   'external_model_weights_path': None
│   },
│   'optimizer': {
│   │   'lr': 0.01,
│   │   'dampening': 0,
│   │   'weight_decay': 0,
│   │   'momentum': 0,
│   │   'nesterov': False,
│   │   'name': 'sgd'
│   },
│   'mode': 'sequential',
│   'parallel': {
│   │   'ray_cluster_addr': None,
│   │   'num_cpus': None,
│   │   'num_gpus': None,
│   │   'num_workers': 2
│   },
│   'common': {
│   │   'seed': 42,
│   │   'join_ratio': 0.1,
│   │   'global_epoch': 400,
│   │   'local_epoch': 5,
│   │   'batch_size': 32,
│   │   'reset_optimizer_on_global_epoch': True,
│   │   'straggler_ratio': 0,
│   │   'straggler_min_local_epoch': 0,
│   │   'buffers': 'global',
│   │   'client_side_evaluation': True,
│   │   'test': {
│   │   │   'client': {
│   │   │   │   'interval': 100,
│   │   │   │   'finetune_epoch': 0,
│   │   │   │   'train': False,
│   │   │   │   'val': False,
│   │   │   │   'test': True
│   │   │   },
│   │   │   'server': {
│   │   │   │   'interval': -1,
│   │   │   │   'train': False,
│   │   │   │   'val': False,
│   │   │   │   'test': False,
│   │   │   │   'model_in_train_mode': False
│   │   │   }
│   │   },
│   │   'verbose_gap': 10,
│   │   'monitor': None,
│   │   'use_cuda': True,
│   │   'save_log': True,
│   │   'save_model': False,
│   │   'save_learning_curve_plot': False,
│   │   'save_metrics': True,
│   │   'delete_useless_run': True
│   },
│   'psfl': {
│   │   'alpha': 0.0,
│   │   'CLS': False,
│   │   'ig_ratio': 0.9991,
│   │   'track': False,
│   │   'score': 'obp'
│   }
}
---------------------------- TRAINING EPOCH: 10 ----------------------------    
client [77] (testset)   loss: 0.5762 -> 0.1263  accuracy: 83.94% -> 96.57%      
client [81] (testset)   loss: 1.3313 -> 0.2903  accuracy: 70.18% -> 87.43%      
client [21] (testset)   loss: 0.8516 -> 0.1484  accuracy: 75.98% -> 95.46%      
client [68] (testset)   loss: 0.6953 -> 0.1383  accuracy: 79.58% -> 96.30%      
client [93] (testset)   loss: 0.5074 -> 0.1248  accuracy: 87.06% -> 95.38%      
client [31] (testset)   loss: 0.6252 -> 0.1688  accuracy: 80.03% -> 94.27%      
client [20] (testset)   loss: 0.5178 -> 0.1831  accuracy: 86.22% -> 94.17%      
client [59] (testset)   loss: 0.8300 -> 0.3937  accuracy: 76.20% -> 89.87%      
client [48] (testset)   loss: 1.5437 -> 0.3506  accuracy: 46.90% -> 85.85%      
client [34] (testset)   loss: 0.4818 -> 0.1008  accuracy: 84.15% -> 97.30%      
---------------------------- TRAINING EPOCH: 20 ----------------------------    
client [69] (testset)   loss: 0.7075 -> 0.1993  accuracy: 76.15% -> 93.93%      
client [99] (testset)   loss: 0.3933 -> 0.1129  accuracy: 87.64% -> 96.56%      
client [67] (testset)   loss: 0.6421 -> 0.1312  accuracy: 74.26% -> 95.77%      
client [0]  (testset)   loss: 0.3104 -> 0.1201  accuracy: 91.81% -> 96.63%      
client [76] (testset)   loss: 0.7742 -> 0.1075  accuracy: 80.79% -> 96.11%      
client [41] (testset)   loss: 0.6314 -> 0.2355  accuracy: 80.19% -> 91.54%      
client [62] (testset)   loss: 0.5799 -> 0.1292  accuracy: 81.90% -> 96.65%      
client [2]  (testset)   loss: 0.9279 -> 0.1006  accuracy: 74.75% -> 96.89%      
client [14] (testset)   loss: 0.7321 -> 0.1581  accuracy: 78.85% -> 96.01%      
client [46] (testset)   loss: 0.3530 -> 0.0690  accuracy: 91.54% -> 98.54%      
---------------------------- TRAINING EPOCH: 30 ----------------------------    
client [24] (testset)   loss: 0.1224 -> 0.1113  accuracy: 96.43% -> 96.51%      
client [68] (testset)   loss: 0.3588 -> 0.1422  accuracy: 90.37% -> 96.93%      
client [57] (testset)   loss: 0.2295 -> 0.0503  accuracy: 94.10% -> 98.93%      
client [17] (testset)   loss: 1.1446 -> 0.2390  accuracy: 64.33% -> 93.94%      
client [54] (testset)   loss: 0.6363 -> 0.1308  accuracy: 77.61% -> 96.77%      
client [23] (testset)   loss: 1.3589 -> 0.3348  accuracy: 61.40% -> 85.80%      
client [35] (testset)   loss: 0.5521 -> 0.0708  accuracy: 82.72% -> 98.21%      
client [59] (testset)   loss: 0.5896 -> 0.1891  accuracy: 81.15% -> 94.06%      
client [31] (testset)   loss: 0.2922 -> 0.1771  accuracy: 91.28% -> 94.56%      
client [9]  (testset)   loss: 0.2468 -> 0.0939  accuracy: 93.99% -> 97.74%      
---------------------------- TRAINING EPOCH: 40 ----------------------------    
client [64] (testset)   loss: 0.6544 -> 0.2729  accuracy: 80.08% -> 90.89%      
client [33] (testset)   loss: 0.2642 -> 0.0704  accuracy: 90.35% -> 98.36%      
client [16] (testset)   loss: 0.3827 -> 0.2158  accuracy: 87.10% -> 94.89%      
client [44] (testset)   loss: 1.2458 -> 0.2134  accuracy: 65.43% -> 93.51%      
client [8]  (testset)   loss: 0.8133 -> 0.2090  accuracy: 79.27% -> 93.31%      
client [31] (testset)   loss: 0.6639 -> 0.1774  accuracy: 80.57% -> 94.23%      
client [47] (testset)   loss: 0.4142 -> 0.1926  accuracy: 84.53% -> 94.44%      
client [36] (testset)   loss: 0.4859 -> 0.1087  accuracy: 83.72% -> 96.96%      
client [20] (testset)   loss: 0.3518 -> 0.1633  accuracy: 90.87% -> 95.03%      
client [56] (testset)   loss: 0.3738 -> 0.0824  accuracy: 88.88% -> 98.29%      
---------------------------- TRAINING EPOCH: 50 ----------------------------    
client [4]  (testset)   loss: 0.9227 -> 0.3437  accuracy: 72.29% -> 89.23%      
client [60] (testset)   loss: 0.2374 -> 0.0494  accuracy: 91.35% -> 98.76%      
client [28] (testset)   loss: 0.2485 -> 0.1074  accuracy: 92.07% -> 94.84%      
client [25] (testset)   loss: 0.5025 -> 0.0659  accuracy: 82.11% -> 97.15%      
client [58] (testset)   loss: 0.1975 -> 0.0682  accuracy: 94.67% -> 98.73%      
client [44] (testset)   loss: 0.8052 -> 0.2074  accuracy: 75.53% -> 93.83%      
client [39] (testset)   loss: 1.0862 -> 0.1057  accuracy: 61.83% -> 97.16%      
client [29] (testset)   loss: 0.4475 -> 0.1676  accuracy: 86.05% -> 94.29%      
client [3]  (testset)   loss: 0.2871 -> 0.1262  accuracy: 93.02% -> 96.60%      
client [84] (testset)   loss: 0.1972 -> 0.1240  accuracy: 93.57% -> 96.44%      
---------------------------- TRAINING EPOCH: 60 ----------------------------    
client [21] (testset)   loss: 0.3772 -> 0.1529  accuracy: 90.12% -> 96.04%      
client [84] (testset)   loss: 0.6031 -> 0.1454  accuracy: 81.94% -> 96.03%      
client [10] (testset)   loss: 0.3973 -> 0.1641  accuracy: 84.62% -> 93.01%      
client [36] (testset)   loss: 0.3380 -> 0.1294  accuracy: 90.08% -> 96.39%      
client [65] (testset)   loss: 0.4705 -> 0.3709  accuracy: 86.48% -> 91.75%      
client [81] (testset)   loss: 0.4368 -> 0.2843  accuracy: 85.75% -> 89.21%      
client [79] (testset)   loss: 0.6464 -> 0.2551  accuracy: 83.26% -> 93.37%      
client [42] (testset)   loss: 0.4476 -> 0.1895  accuracy: 86.92% -> 95.15%      
client [11] (testset)   loss: 0.3531 -> 0.1405  accuracy: 89.45% -> 96.21%      
client [96] (testset)   loss: 0.3808 -> 0.1528  accuracy: 84.74% -> 96.58%      
---------------------------- TRAINING EPOCH: 70 ----------------------------    
client [8]  (testset)   loss: 0.4685 -> 0.2456  accuracy: 87.55% -> 93.36%      
client [53] (testset)   loss: 0.2648 -> 0.1338  accuracy: 94.85% -> 97.25%      
client [52] (testset)   loss: 0.8815 -> 0.3298  accuracy: 83.13% -> 91.62%      
client [42] (testset)   loss: 0.3336 -> 0.1897  accuracy: 91.40% -> 94.91%      
client [69] (testset)   loss: 0.3572 -> 0.2055  accuracy: 91.11% -> 94.83%      
client [59] (testset)   loss: 0.3802 -> 0.2358  accuracy: 89.65% -> 92.97%      
client [7]  (testset)   loss: 0.4070 -> 0.1728  accuracy: 88.06% -> 95.96%      
client [26] (testset)   loss: 0.2925 -> 0.2410  accuracy: 91.74% -> 94.25%      
client [49] (testset)   loss: 0.1807 -> 0.0788  accuracy: 94.98% -> 97.69%      
client [98] (testset)   loss: 0.2138 -> 0.1043  accuracy: 94.27% -> 96.81%      
---------------------------- TRAINING EPOCH: 80 ----------------------------    
client [98] (testset)   loss: 0.1444 -> 0.1009  accuracy: 95.84% -> 97.36%      
client [47] (testset)   loss: 0.3803 -> 0.2103  accuracy: 88.97% -> 94.44%      
client [21] (testset)   loss: 0.3880 -> 0.1541  accuracy: 90.41% -> 96.08%      
client [77] (testset)   loss: 0.2961 -> 0.1714  accuracy: 93.52% -> 96.89%      
client [95] (testset)   loss: 0.2603 -> 0.1496  accuracy: 94.69% -> 96.61%      
client [91] (testset)   loss: 0.1502 -> 0.0657  accuracy: 96.03% -> 98.70%      
client [14] (testset)   loss: 0.3689 -> 0.2183  accuracy: 92.21% -> 96.01%      
client [99] (testset)   loss: 0.1590 -> 0.1137  accuracy: 95.09% -> 96.91%      
client [20] (testset)   loss: 0.2838 -> 0.1990  accuracy: 93.09% -> 94.98%      
client [39] (testset)   loss: 0.2935 -> 0.1213  accuracy: 92.74% -> 97.22%      
---------------------------- TRAINING EPOCH: 90 ----------------------------    
client [52] (testset)   loss: 0.7852 -> 0.3282  accuracy: 79.66% -> 91.28%      
client [62] (testset)   loss: 0.3355 -> 0.1905  accuracy: 92.79% -> 96.42%      
client [71] (testset)   loss: 0.1536 -> 0.1005  accuracy: 96.33% -> 97.59%      
client [97] (testset)   loss: 0.2674 -> 0.0905  accuracy: 94.40% -> 98.19%      
client [30] (testset)   loss: 0.4103 -> 0.2645  accuracy: 91.78% -> 94.64%      
client [88] (testset)   loss: 0.5104 -> 0.2523  accuracy: 83.38% -> 92.30%      
client [60] (testset)   loss: 0.1988 -> 0.0754  accuracy: 95.52% -> 98.30%      
client [82] (testset)   loss: 0.5622 -> 0.4146  accuracy: 78.77% -> 82.45%      
client [91] (testset)   loss: 0.1074 -> 0.0777  accuracy: 97.61% -> 98.42%      
client [57] (testset)   loss: 0.4357 -> 0.0890  accuracy: 83.91% -> 98.82%      
---------------------------- TRAINING EPOCH: 100 ----------------------------   
client [31] (testset)   loss: 0.3288 -> 0.2490  accuracy: 92.98% -> 94.48%      
client [15] (testset)   loss: 0.3965 -> 0.2026  accuracy: 88.24% -> 93.40%      
client [71] (testset)   loss: 0.1548 -> 0.1044  accuracy: 96.37% -> 97.51%      
client [97] (testset)   loss: 0.1755 -> 0.0968  accuracy: 96.89% -> 98.19%      
client [53] (testset)   loss: 0.2306 -> 0.1628  accuracy: 96.15% -> 97.21%      
client [77] (testset)   loss: 0.3193 -> 0.1751  accuracy: 92.81% -> 96.96%      
client [76] (testset)   loss: 0.2416 -> 0.1636  accuracy: 94.35% -> 96.26%      
client [79] (testset)   loss: 0.4254 -> 0.3225  accuracy: 89.47% -> 93.26%      
client [28] (testset)   loss: 0.1722 -> 0.1226  accuracy: 93.44% -> 95.66%      
client [99] (testset)   loss: 0.2320 -> 0.1252  accuracy: 94.05% -> 96.71%      
---------------------------- TRAINING EPOCH: 110 ----------------------------   
client [97] (testset)   loss: 0.1246 -> 0.1049  accuracy: 97.46% -> 98.08%      
client [86] (testset)   loss: 0.5510 -> 0.3543  accuracy: 89.53% -> 92.77%      
client [34] (testset)   loss: 0.2430 -> 0.1450  accuracy: 95.63% -> 97.84%      
client [73] (testset)   loss: 0.2899 -> 0.2616  accuracy: 93.50% -> 94.25%      
client [5]  (testset)   loss: 0.2977 -> 0.1785  accuracy: 93.49% -> 95.97%      
client [96] (testset)   loss: 0.2835 -> 0.2341  accuracy: 94.62% -> 96.35%      
client [22] (testset)   loss: 0.3128 -> 0.2423  accuracy: 94.65% -> 95.18%      
client [60] (testset)   loss: 0.1111 -> 0.0982  accuracy: 97.53% -> 98.38%      
client [66] (testset)   loss: 0.3061 -> 0.2061  accuracy: 93.84% -> 96.56%      
client [83] (testset)   loss: 0.3036 -> 0.2084  accuracy: 92.41% -> 96.18%      
---------------------------- TRAINING EPOCH: 120 ----------------------------   
client [76] (testset)   loss: 0.1710 -> 0.1516  accuracy: 95.89% -> 96.33%      
client [65] (testset)   loss: 0.4444 -> 0.3718  accuracy: 88.14% -> 91.89%      
client [95] (testset)   loss: 0.2569 -> 0.1866  accuracy: 95.60% -> 96.80%      
client [17] (testset)   loss: 0.3959 -> 0.2988  accuracy: 91.90% -> 93.75%      
client [8]  (testset)   loss: 0.4146 -> 0.2809  accuracy: 90.37% -> 93.01%      
client [35] (testset)   loss: 0.1746 -> 0.1315  accuracy: 96.77% -> 98.03%      
client [98] (testset)   loss: 0.1780 -> 0.1162  accuracy: 96.10% -> 97.46%      
client [53] (testset)   loss: 0.3449 -> 0.1748  accuracy: 93.69% -> 97.25%      
client [43] (testset)   loss: 0.3582 -> 0.3571  accuracy: 90.77% -> 91.51%      
client [64] (testset)   loss: 0.4334 -> 0.3325  accuracy: 89.94% -> 92.41%      
---------------------------- TRAINING EPOCH: 130 ----------------------------   
client [21] (testset)   loss: 0.2628 -> 0.1972  accuracy: 93.90% -> 95.86%      
client [88] (testset)   loss: 0.3592 -> 0.2991  accuracy: 90.79% -> 92.59%      
client [38] (testset)   loss: 0.1704 -> 0.1601  accuracy: 95.90% -> 97.23%      
client [3]  (testset)   loss: 0.2164 -> 0.1691  accuracy: 96.34% -> 97.05%      
client [5]  (testset)   loss: 0.2858 -> 0.1804  accuracy: 93.12% -> 95.82%      
client [41] (testset)   loss: 0.3938 -> 0.3254  accuracy: 91.16% -> 92.79%      
client [7]  (testset)   loss: 0.2796 -> 0.2028  accuracy: 93.22% -> 95.76%      
client [37] (testset)   loss: 0.3777 -> 0.2462  accuracy: 88.61% -> 93.49%      
client [45] (testset)   loss: 0.5061 -> 0.3813  accuracy: 85.81% -> 89.92%      
client [47] (testset)   loss: 0.3873 -> 0.2470  accuracy: 90.09% -> 93.16%      
---------------------------- TRAINING EPOCH: 140 ----------------------------   
client [16] (testset)   loss: 0.3503 -> 0.3009  accuracy: 89.78% -> 93.84%      
client [11] (testset)   loss: 0.2940 -> 0.1668  accuracy: 94.07% -> 96.76%      
client [37] (testset)   loss: 0.3494 -> 0.2569  accuracy: 89.79% -> 93.21%      
client [41] (testset)   loss: 0.4478 -> 0.3578  accuracy: 90.53% -> 92.29%      
client [95] (testset)   loss: 0.3064 -> 0.2016  accuracy: 95.51% -> 96.80%      
client [53] (testset)   loss: 0.2285 -> 0.1668  accuracy: 96.29% -> 97.25%      
client [22] (testset)   loss: 0.2716 -> 0.2480  accuracy: 94.84% -> 94.99%      
client [25] (testset)   loss: 0.2187 -> 0.0791  accuracy: 93.74% -> 97.59%      
client [69] (testset)   loss: 0.3341 -> 0.2937  accuracy: 93.93% -> 95.16%      
client [46] (testset)   loss: 0.1442 -> 0.1102  accuracy: 97.52% -> 98.45%      
---------------------------- TRAINING EPOCH: 150 ----------------------------   
client [47] (testset)   loss: 0.4048 -> 0.3164  accuracy: 91.28% -> 93.50%      
client [69] (testset)   loss: 0.4450 -> 0.3409  accuracy: 93.03% -> 95.05%      
client [82] (testset)   loss: 0.5842 -> 0.4935  accuracy: 81.34% -> 80.87%      
client [45] (testset)   loss: 0.5076 -> 0.4430  accuracy: 87.02% -> 89.37%      
client [7]  (testset)   loss: 0.4101 -> 0.2348  accuracy: 88.32% -> 95.24%      
client [50] (testset)   loss: 0.1514 -> 0.0855  accuracy: 97.14% -> 98.48%      
client [35] (testset)   loss: 0.1971 -> 0.1560  accuracy: 97.47% -> 97.97%      
client [24] (testset)   loss: 0.2770 -> 0.1863  accuracy: 95.10% -> 95.93%      
client [15] (testset)   loss: 0.4018 -> 0.2938  accuracy: 89.75% -> 93.01%      
client [58] (testset)   loss: 0.1406 -> 0.1204  accuracy: 98.01% -> 98.53%      
---------------------------- TRAINING EPOCH: 160 ----------------------------   
client [48] (testset)   loss: 0.6991 -> 0.7413  accuracy: 83.33% -> 83.91%      
client [76] (testset)   loss: 0.2220 -> 0.1962  accuracy: 95.75% -> 96.19%      
client [67] (testset)   loss: 0.2753 -> 0.1980  accuracy: 92.46% -> 95.77%      
client [37] (testset)   loss: 0.3492 -> 0.3093  accuracy: 90.73% -> 92.67%      
client [58] (testset)   loss: 0.1886 -> 0.1421  accuracy: 97.81% -> 98.46%      
client [64] (testset)   loss: 0.4373 -> 0.4066  accuracy: 89.18% -> 92.03%      
client [77] (testset)   loss: 0.2791 -> 0.2535  accuracy: 96.05% -> 96.63%      
client [55] (testset)   loss: 0.3918 -> 0.3426  accuracy: 90.91% -> 90.67%      
client [12] (testset)   loss: 0.3959 -> 0.2352  accuracy: 92.15% -> 95.64%      
client [89] (testset)   loss: 0.5125 -> 0.4581  accuracy: 86.04% -> 89.05%      
---------------------------- TRAINING EPOCH: 170 ----------------------------   
client [84] (testset)   loss: 0.3075 -> 0.2179  accuracy: 93.71% -> 95.35%      
client [51] (testset)   loss: 0.4224 -> 0.3313  accuracy: 93.60% -> 95.29%      
client [8]  (testset)   loss: 0.4662 -> 0.4169  accuracy: 92.31% -> 93.19%      
client [18] (testset)   loss: 0.2707 -> 0.2375  accuracy: 94.48% -> 95.50%      
client [94] (testset)   loss: 0.2344 -> 0.1919  accuracy: 95.62% -> 96.54%      
client [81] (testset)   loss: 0.6605 -> 0.5390  accuracy: 83.87% -> 88.79%      
client [3]  (testset)   loss: 0.3129 -> 0.2177  accuracy: 94.86% -> 96.68%      
client [11] (testset)   loss: 0.3133 -> 0.1943  accuracy: 94.62% -> 97.17%      
client [95] (testset)   loss: 0.2682 -> 0.2237  accuracy: 95.46% -> 96.56%      
client [67] (testset)   loss: 0.1981 -> 0.1989  accuracy: 95.04% -> 95.59%      
---------------------------- TRAINING EPOCH: 180 ----------------------------   
client [21] (testset)   loss: 0.2941 -> 0.2164  accuracy: 94.33% -> 96.08%      
client [79] (testset)   loss: 0.5456 -> 0.5012  accuracy: 90.84% -> 92.84%      
client [58] (testset)   loss: 0.1798 -> 0.1586  accuracy: 97.96% -> 98.33%      
client [88] (testset)   loss: 0.3648 -> 0.3530  accuracy: 91.29% -> 92.81%      
client [46] (testset)   loss: 0.1252 -> 0.1221  accuracy: 98.21% -> 98.17%      
client [11] (testset)   loss: 0.2563 -> 0.2048  accuracy: 96.07% -> 97.24%      
client [55] (testset)   loss: 0.4556 -> 0.4034  accuracy: 90.70% -> 91.99%      
client [13] (testset)   loss: 0.1561 -> 0.1366  accuracy: 97.78% -> 98.22%      
client [31] (testset)   loss: 0.3901 -> 0.3121  accuracy: 93.57% -> 94.44%      
client [75] (testset)   loss: 0.3640 -> 0.2984  accuracy: 93.18% -> 95.53%      
---------------------------- TRAINING EPOCH: 190 ----------------------------   
client [19] (testset)   loss: 0.3279 -> 0.2940  accuracy: 95.07% -> 95.58%      
client [7]  (testset)   loss: 0.3409 -> 0.3040  accuracy: 94.19% -> 95.30%      
client [57] (testset)   loss: 0.1641 -> 0.1271  accuracy: 97.75% -> 98.71%      
client [13] (testset)   loss: 0.1575 -> 0.1552  accuracy: 98.09% -> 98.22%      
client [43] (testset)   loss: 0.4882 -> 0.4724  accuracy: 92.37% -> 90.53%      
client [91] (testset)   loss: 0.1661 -> 0.1182  accuracy: 97.55% -> 98.15%      
client [10] (testset)   loss: 0.2856 -> 0.2889  accuracy: 91.47% -> 92.59%      
client [64] (testset)   loss: 0.5436 -> 0.4726  accuracy: 90.13% -> 91.84%      
client [82] (testset)   loss: 0.7479 -> 0.7042  accuracy: 81.45% -> 80.79%      
client [22] (testset)   loss: 0.3563 -> 0.3244  accuracy: 95.08% -> 94.84%      
---------------------------- TRAINING EPOCH: 200 ----------------------------   
client [20] (testset)   loss: 0.3434 -> 0.3040  accuracy: 94.31% -> 94.85%      
client [23] (testset)   loss: 0.6170 -> 0.5143  accuracy: 81.87% -> 84.41%      
client [88] (testset)   loss: 0.4625 -> 0.3711  accuracy: 89.14% -> 92.88%      
client [98] (testset)   loss: 0.1797 -> 0.1700  accuracy: 96.50% -> 96.65%      
client [79] (testset)   loss: 0.5687 -> 0.5392  accuracy: 92.32% -> 92.63%      
client [21] (testset)   loss: 0.3364 -> 0.2435  accuracy: 93.68% -> 95.97%      
client [92] (testset)   loss: 0.4811 -> 0.4242  accuracy: 93.53% -> 94.19%      
client [56] (testset)   loss: 0.1741 -> 0.1525  accuracy: 97.61% -> 98.19%      
client [5]  (testset)   loss: 0.3256 -> 0.2577  accuracy: 94.75% -> 95.89%      
client [52] (testset)   loss: 0.7181 -> 0.5600  accuracy: 87.82% -> 91.62%      
---------------------------- TRAINING EPOCH: 210 ----------------------------   
client [67] (testset)   loss: 0.3094 -> 0.2654  accuracy: 93.75% -> 95.04%      
client [54] (testset)   loss: 0.2784 -> 0.2511  accuracy: 96.27% -> 97.14%      
client [14] (testset)   loss: 0.3705 -> 0.3666  accuracy: 95.11% -> 95.77%      
client [99] (testset)   loss: 0.2330 -> 0.2095  accuracy: 96.02% -> 96.36%      
client [36] (testset)   loss: 0.3247 -> 0.2859  accuracy: 95.41% -> 96.22%      
client [30] (testset)   loss: 0.4294 -> 0.4028  accuracy: 93.67% -> 94.16%      
client [38] (testset)   loss: 0.2321 -> 0.2123  accuracy: 96.00% -> 97.03%      
client [15] (testset)   loss: 0.4705 -> 0.3403  accuracy: 90.66% -> 93.13%      
client [6]  (testset)   loss: 0.4859 -> 0.3805  accuracy: 93.19% -> 95.39%      
client [53] (testset)   loss: 0.2856 -> 0.2278  accuracy: 96.53% -> 97.54%      
---------------------------- TRAINING EPOCH: 220 ----------------------------   
client [99] (testset)   loss: 0.2579 -> 0.2344  accuracy: 96.16% -> 96.13%      
client [6]  (testset)   loss: 0.5051 -> 0.4276  accuracy: 92.97% -> 95.17%      
client [83] (testset)   loss: 0.3564 -> 0.3268  accuracy: 95.17% -> 95.72%      
client [42] (testset)   loss: 0.3681 -> 0.3335  accuracy: 94.49% -> 94.43%      
client [34] (testset)   loss: 0.2564 -> 0.2295  accuracy: 96.47% -> 97.30%      
client [15] (testset)   loss: 0.4382 -> 0.3626  accuracy: 90.94% -> 93.17%      
client [47] (testset)   loss: 0.4707 -> 0.3820  accuracy: 93.33% -> 93.59%      
client [55] (testset)   loss: 0.5008 -> 0.4311  accuracy: 88.78% -> 92.02%      
client [51] (testset)   loss: 0.4315 -> 0.3926  accuracy: 92.87% -> 94.32%      
client [95] (testset)   loss: 0.3406 -> 0.3163  accuracy: 95.75% -> 96.03%      
---------------------------- TRAINING EPOCH: 230 ----------------------------   
client [71] (testset)   loss: 0.2417 -> 0.1747  accuracy: 96.65% -> 97.45%      
client [15] (testset)   loss: 0.4437 -> 0.3720  accuracy: 90.39% -> 93.09%      
client [33] (testset)   loss: 0.2053 -> 0.1590  accuracy: 96.68% -> 97.95%      
client [99] (testset)   loss: 0.2984 -> 0.2251  accuracy: 94.54% -> 96.16%      
client [90] (testset)   loss: 0.4795 -> 0.3920  accuracy: 91.39% -> 93.29%      
client [57] (testset)   loss: 0.1745 -> 0.1403  accuracy: 98.07% -> 98.50%      
client [27] (testset)   loss: 0.2150 -> 0.1727  accuracy: 97.03% -> 96.86%      
client [78] (testset)   loss: 0.4354 -> 0.3729  accuracy: 91.93% -> 93.33%      
client [36] (testset)   loss: 0.3571 -> 0.2854  accuracy: 95.13% -> 96.04%      
client [88] (testset)   loss: 0.4763 -> 0.4566  accuracy: 90.86% -> 92.66%      
---------------------------- TRAINING EPOCH: 240 ----------------------------   
client [70] (testset)   loss: 0.5969 -> 0.5369  accuracy: 91.14% -> 92.30%      
client [35] (testset)   loss: 0.2249 -> 0.1966  accuracy: 97.35% -> 98.03%      
client [16] (testset)   loss: 0.5191 -> 0.5368  accuracy: 93.19% -> 93.19%      
client [80] (testset)   loss: 0.1691 -> 0.1429  accuracy: 96.92% -> 97.86%      
client [38] (testset)   loss: 0.2177 -> 0.2143  accuracy: 96.62% -> 97.33%      
client [78] (testset)   loss: 0.6489 -> 0.4379  accuracy: 92.63% -> 92.79%      
client [68] (testset)   loss: 0.3447 -> 0.2290  accuracy: 94.81% -> 96.19%      
client [11] (testset)   loss: 0.2835 -> 0.2292  accuracy: 96.48% -> 97.24%      
client [64] (testset)   loss: 0.5874 -> 0.5565  accuracy: 89.18% -> 90.51%      
client [82] (testset)   loss: 0.9899 -> 0.9139  accuracy: 77.82% -> 81.01%      
---------------------------- TRAINING EPOCH: 250 ----------------------------   
client [30] (testset)   loss: 0.4981 -> 0.4602  accuracy: 93.37% -> 93.30%      
client [27] (testset)   loss: 0.2262 -> 0.1916  accuracy: 96.60% -> 97.34%      
client [74] (testset)   loss: 0.3079 -> 0.2895  accuracy: 96.09% -> 96.31%      
client [45] (testset)   loss: 0.7092 -> 0.6382  accuracy: 87.20% -> 88.89%      
client [6]  (testset)   loss: 0.5091 -> 0.4539  accuracy: 93.47% -> 95.17%      
client [36] (testset)   loss: 0.3428 -> 0.2981  accuracy: 95.64% -> 95.99%      
client [63] (testset)   loss: 0.2788 -> 0.2802  accuracy: 96.35% -> 96.95%      
client [76] (testset)   loss: 0.3482 -> 0.3013  accuracy: 95.53% -> 96.48%      
client [83] (testset)   loss: 0.3878 -> 0.3532  accuracy: 95.26% -> 95.82%      
client [86] (testset)   loss: 0.5831 -> 0.5644  accuracy: 90.79% -> 92.46%      
---------------------------- TRAINING EPOCH: 260 ----------------------------   
client [83] (testset)   loss: 0.3696 -> 0.3582  accuracy: 95.59% -> 95.82%      
client [99] (testset)   loss: 0.2665 -> 0.2587  accuracy: 96.13% -> 96.07%      
client [74] (testset)   loss: 0.3036 -> 0.2843  accuracy: 95.81% -> 96.47%      
client [73] (testset)   loss: 0.4704 -> 0.4817  accuracy: 93.50% -> 93.50%      
client [29] (testset)   loss: 0.3872 -> 0.3733  accuracy: 92.74% -> 93.57%      
client [92] (testset)   loss: 0.5667 -> 0.5076  accuracy: 92.63% -> 94.04%      
client [6]  (testset)   loss: 0.5042 -> 0.4672  accuracy: 92.83% -> 95.03%      
client [61] (testset)   loss: 0.7651 -> 0.6933  accuracy: 87.34% -> 89.07%      
client [21] (testset)   loss: 0.4568 -> 0.2820  accuracy: 93.35% -> 96.04%      
client [67] (testset)   loss: 0.2358 -> 0.2339  accuracy: 95.22% -> 95.40%      
---------------------------- TRAINING EPOCH: 270 ----------------------------   
client [83] (testset)   loss: 0.3878 -> 0.3527  accuracy: 94.62% -> 95.91%      
client [32] (testset)   loss: 0.3402 -> 0.2806  accuracy: 95.25% -> 95.57%      
client [95] (testset)   loss: 0.3568 -> 0.3201  accuracy: 95.89% -> 96.32%      
client [61] (testset)   loss: 0.8099 -> 0.7231  accuracy: 87.53% -> 89.18%      
client [27] (testset)   loss: 0.2376 -> 0.1821  accuracy: 96.42% -> 97.29%      
client [25] (testset)   loss: 0.2269 -> 0.1448  accuracy: 95.83% -> 96.93%      
client [68] (testset)   loss: 0.3712 -> 0.2750  accuracy: 94.50% -> 96.40%      
client [34] (testset)   loss: 0.2657 -> 0.2516  accuracy: 96.66% -> 97.06%      
client [71] (testset)   loss: 0.2111 -> 0.1994  accuracy: 97.53% -> 97.47%      
client [89] (testset)   loss: 0.7140 -> 0.6834  accuracy: 87.03% -> 88.72%      
---------------------------- TRAINING EPOCH: 280 ----------------------------   
client [78] (testset)   loss: 0.4905 -> 0.5014  accuracy: 92.16% -> 92.55%      
client [81] (testset)   loss: 0.9912 -> 0.7765  accuracy: 84.92% -> 88.16%      
client [51] (testset)   loss: 0.4636 -> 0.4910  accuracy: 93.90% -> 94.44%      
client [54] (testset)   loss: 0.3637 -> 0.2762  accuracy: 94.53% -> 96.77%      
client [65] (testset)   loss: 0.5998 -> 0.6405  accuracy: 90.92% -> 91.68%      
client [41] (testset)   loss: 0.7154 -> 0.5983  accuracy: 89.84% -> 91.79%      
client [11] (testset)   loss: 0.3388 -> 0.2686  accuracy: 95.52% -> 97.10%      
client [85] (testset)   loss: 0.4779 -> 0.4717  accuracy: 92.88% -> 94.92%      
client [12] (testset)   loss: 0.4568 -> 0.3121  accuracy: 93.15% -> 95.27%      
client [23] (testset)   loss: 0.7992 -> 0.7681  accuracy: 84.06% -> 83.63%      
---------------------------- TRAINING EPOCH: 290 ----------------------------   
client [16] (testset)   loss: 0.5188 -> 0.5314  accuracy: 90.59% -> 92.78%      
client [65] (testset)   loss: 0.6566 -> 0.6716  accuracy: 90.15% -> 91.47%      
client [53] (testset)   loss: 0.3380 -> 0.2952  accuracy: 96.48% -> 96.87%      
client [58] (testset)   loss: 0.1855 -> 0.1831  accuracy: 98.53% -> 98.71%      
client [72] (testset)   loss: 0.5523 -> 0.5435  accuracy: 93.99% -> 94.29%      
client [7]  (testset)   loss: 0.4176 -> 0.3855  accuracy: 94.65% -> 94.52%      
client [71] (testset)   loss: 0.2414 -> 0.2063  accuracy: 97.31% -> 97.33%      
client [59] (testset)   loss: 0.4993 -> 0.4599  accuracy: 92.92% -> 92.48%      
client [86] (testset)   loss: 0.6624 -> 0.6207  accuracy: 90.89% -> 92.15%      
client [39] (testset)   loss: 0.2711 -> 0.2573  accuracy: 96.31% -> 96.85%      
---------------------------- TRAINING EPOCH: 300 ----------------------------   
client [99] (testset)   loss: 0.3003 -> 0.2765  accuracy: 96.22% -> 95.81%      
client [7]  (testset)   loss: 0.4242 -> 0.3954  accuracy: 94.26% -> 94.78%      
client [17] (testset)   loss: 0.6994 -> 0.6038  accuracy: 90.19% -> 93.11%      
client [64] (testset)   loss: 0.5730 -> 0.6049  accuracy: 91.84% -> 92.03%      
client [37] (testset)   loss: 0.5279 -> 0.4517  accuracy: 91.62% -> 92.88%      
client [29] (testset)   loss: 0.4302 -> 0.4073  accuracy: 93.57% -> 93.93%      
client [93] (testset)   loss: 0.3850 -> 0.3666  accuracy: 95.41% -> 95.95%      
client [73] (testset)   loss: 0.5036 -> 0.5177  accuracy: 93.25% -> 93.63%      
client [40] (testset)   loss: 0.3084 -> 0.2589  accuracy: 95.75% -> 96.60%      
client [76] (testset)   loss: 0.3461 -> 0.3012  accuracy: 95.38% -> 96.26%      
---------------------------- TRAINING EPOCH: 310 ----------------------------   
client [31] (testset)   loss: 0.5501 -> 0.4757  accuracy: 93.19% -> 94.48%      
client [89] (testset)   loss: 0.8035 -> 0.7882  accuracy: 87.14% -> 88.75%      
client [77] (testset)   loss: 0.3919 -> 0.3838  accuracy: 95.98% -> 96.89%      
client [90] (testset)   loss: 0.5768 -> 0.5137  accuracy: 91.97% -> 93.37%      
client [26] (testset)   loss: 0.5432 -> 0.5443  accuracy: 91.04% -> 92.80%      
client [50] (testset)   loss: 0.1776 -> 0.1684  accuracy: 98.11% -> 98.42%      
client [30] (testset)   loss: 0.6046 -> 0.5516  accuracy: 93.37% -> 94.10%      
client [70] (testset)   loss: 0.6553 -> 0.6369  accuracy: 92.43% -> 92.68%      
client [41] (testset)   loss: 0.5930 -> 0.6032  accuracy: 92.73% -> 92.54%      
client [99] (testset)   loss: 0.2904 -> 0.2885  accuracy: 95.09% -> 96.07%      
---------------------------- TRAINING EPOCH: 320 ----------------------------   
client [68] (testset)   loss: 0.3404 -> 0.2714  accuracy: 95.87% -> 95.98%      
client [70] (testset)   loss: 0.8082 -> 0.6314  accuracy: 92.04% -> 92.81%      
client [52] (testset)   loss: 0.8109 -> 0.8016  accuracy: 91.06% -> 90.95%      
client [1]  (testset)   loss: 0.4020 -> 0.3712  accuracy: 94.43% -> 95.47%      
client [2]  (testset)   loss: 0.3353 -> 0.2969  accuracy: 95.81% -> 96.50%      
client [67] (testset)   loss: 0.3839 -> 0.3254  accuracy: 93.20% -> 95.22%      
client [92] (testset)   loss: 0.5861 -> 0.5734  accuracy: 93.21% -> 94.44%      
client [35] (testset)   loss: 0.2740 -> 0.2492  accuracy: 97.18% -> 97.88%      
client [36] (testset)   loss: 0.4363 -> 0.3560  accuracy: 94.95% -> 96.16%      
client [64] (testset)   loss: 0.6430 -> 0.6272  accuracy: 90.51% -> 91.46%      
---------------------------- TRAINING EPOCH: 330 ----------------------------   
client [44] (testset)   loss: 0.5602 -> 0.5644  accuracy: 93.72% -> 94.36%      
client [6]  (testset)   loss: 0.5331 -> 0.5152  accuracy: 93.97% -> 95.32%      
client [12] (testset)   loss: 0.4647 -> 0.4008  accuracy: 94.27% -> 94.65%      
client [55] (testset)   loss: 0.6475 -> 0.6206  accuracy: 89.45% -> 91.29%      
client [29] (testset)   loss: 0.4797 -> 0.4558  accuracy: 93.31% -> 93.88%      
client [9]  (testset)   loss: 0.2710 -> 0.2269  accuracy: 96.51% -> 96.90%      
client [43] (testset)   loss: 0.7252 -> 0.7216  accuracy: 91.64% -> 90.41%      
client [77] (testset)   loss: 0.3850 -> 0.3461  accuracy: 96.11% -> 96.89%      
client [98] (testset)   loss: 0.2523 -> 0.2126  accuracy: 96.81% -> 96.81%      
client [78] (testset)   loss: 0.5907 -> 0.5914  accuracy: 92.40% -> 92.71%      
---------------------------- TRAINING EPOCH: 340 ----------------------------   
client [92] (testset)   loss: 0.6089 -> 0.6040  accuracy: 93.38% -> 94.04%      
client [80] (testset)   loss: 0.2064 -> 0.1818  accuracy: 97.18% -> 97.72%      
client [63] (testset)   loss: 0.3454 -> 0.3270  accuracy: 95.93% -> 96.92%      
client [76] (testset)   loss: 0.3611 -> 0.3249  accuracy: 95.67% -> 96.04%      
client [78] (testset)   loss: 0.5790 -> 0.5689  accuracy: 92.32% -> 92.79%      
client [25] (testset)   loss: 0.2226 -> 0.1681  accuracy: 96.16% -> 96.71%      
client [58] (testset)   loss: 0.2204 -> 0.1974  accuracy: 98.26% -> 98.36%      
client [13] (testset)   loss: 0.2280 -> 0.2232  accuracy: 98.22% -> 98.41%      
client [17] (testset)   loss: 0.6990 -> 0.6517  accuracy: 91.06% -> 92.81%      
client [38] (testset)   loss: 0.2831 -> 0.2749  accuracy: 96.21% -> 96.31%      
---------------------------- TRAINING EPOCH: 350 ----------------------------   
client [72] (testset)   loss: 0.6979 -> 0.6664  accuracy: 92.49% -> 92.94%      
client [82] (testset)   loss: 1.2813 -> 1.2870  accuracy: 79.80% -> 80.35%      
client [86] (testset)   loss: 0.9266 -> 0.7792  accuracy: 90.37% -> 91.10%      
client [51] (testset)   loss: 0.5475 -> 0.5275  accuracy: 93.36% -> 94.20%      
client [96] (testset)   loss: 0.4737 -> 0.4613  accuracy: 94.90% -> 95.69%      
client [42] (testset)   loss: 0.5335 -> 0.4854  accuracy: 94.49% -> 94.43%      
client [55] (testset)   loss: 0.7201 -> 0.6720  accuracy: 90.80% -> 91.08%      
client [13] (testset)   loss: 0.2375 -> 0.2489  accuracy: 97.97% -> 98.16%      
client [1]  (testset)   loss: 0.4543 -> 0.4132  accuracy: 94.29% -> 95.33%      
client [12] (testset)   loss: 0.4859 -> 0.3797  accuracy: 94.40% -> 95.52%      
---------------------------- TRAINING EPOCH: 360 ----------------------------   
client [68] (testset)   loss: 0.4112 -> 0.3415  accuracy: 95.13% -> 96.19%      
client [23] (testset)   loss: 1.0918 -> 1.0149  accuracy: 82.51% -> 83.95%      
client [46] (testset)   loss: 0.2159 -> 0.2052  accuracy: 97.60% -> 98.21%      
client [41] (testset)   loss: 0.7342 -> 0.6807  accuracy: 91.54% -> 92.35%      
client [25] (testset)   loss: 0.2546 -> 0.2212  accuracy: 95.83% -> 97.04%      
client [58] (testset)   loss: 0.2333 -> 0.2198  accuracy: 98.06% -> 98.43%      
client [14] (testset)   loss: 0.5043 -> 0.5001  accuracy: 95.23% -> 95.77%      
client [33] (testset)   loss: 0.2257 -> 0.2235  accuracy: 97.77% -> 97.68%      
client [85] (testset)   loss: 0.5850 -> 0.5730  accuracy: 93.00% -> 94.73%      
client [62] (testset)   loss: 0.4524 -> 0.4137  accuracy: 95.71% -> 96.42%      
---------------------------- TRAINING EPOCH: 370 ----------------------------   
client [98] (testset)   loss: 0.2457 -> 0.2455  accuracy: 96.75% -> 96.75%      
client [63] (testset)   loss: 0.3625 -> 0.3468  accuracy: 95.67% -> 97.17%      
client [70] (testset)   loss: 0.7523 -> 0.7066  accuracy: 91.53% -> 92.68%      
client [65] (testset)   loss: 0.7790 -> 0.7495  accuracy: 90.71% -> 91.54%      
client [14] (testset)   loss: 0.5336 -> 0.4991  accuracy: 94.20% -> 95.17%      
client [73] (testset)   loss: 0.6372 -> 0.5985  accuracy: 92.33% -> 92.82%      
client [34] (testset)   loss: 0.3045 -> 0.2982  accuracy: 97.01% -> 97.15%      
client [99] (testset)   loss: 0.3430 -> 0.3231  accuracy: 95.50% -> 95.93%      
client [69] (testset)   loss: 0.5651 -> 0.5309  accuracy: 94.83% -> 94.83%      
client [46] (testset)   loss: 0.2040 -> 0.2009  accuracy: 97.97% -> 98.17%      
---------------------------- TRAINING EPOCH: 380 ----------------------------   
client [99] (testset)   loss: 0.3618 -> 0.3402  accuracy: 95.61% -> 96.19%      
client [93] (testset)   loss: 0.4800 -> 0.4147  accuracy: 95.34% -> 95.73%      
client [11] (testset)   loss: 0.3149 -> 0.3100  accuracy: 96.69% -> 96.83%      
client [58] (testset)   loss: 0.2388 -> 0.2400  accuracy: 98.48% -> 98.46%      
client [81] (testset)   loss: 1.0830 -> 1.0028  accuracy: 85.65% -> 87.71%      
client [85] (testset)   loss: 0.5962 -> 0.5896  accuracy: 94.06% -> 95.13%      
client [89] (testset)   loss: 0.9321 -> 0.9211  accuracy: 87.25% -> 88.64%      
client [45] (testset)   loss: 0.9329 -> 0.9151  accuracy: 87.68% -> 88.16%      
client [8]  (testset)   loss: 0.7149 -> 0.7003  accuracy: 92.19% -> 92.31%      
client [68] (testset)   loss: 0.4447 -> 0.4024  accuracy: 95.13% -> 95.45%      
---------------------------- TRAINING EPOCH: 390 ----------------------------   
client [67] (testset)   loss: 0.4723 -> 0.3800  accuracy: 93.57% -> 94.30%      
client [72] (testset)   loss: 0.7257 -> 0.6756  accuracy: 94.29% -> 93.69%      
client [1]  (testset)   loss: 0.4884 -> 0.4244  accuracy: 94.34% -> 95.61%      
client [78] (testset)   loss: 0.6811 -> 0.5858  accuracy: 90.38% -> 93.02%      
client [83] (testset)   loss: 0.5008 -> 0.4432  accuracy: 94.67% -> 95.82%      
client [21] (testset)   loss: 0.4223 -> 0.4155  accuracy: 95.35% -> 95.93%      
client [56] (testset)   loss: 0.2511 -> 0.2411  accuracy: 98.02% -> 98.02%      
client [44] (testset)   loss: 0.5902 -> 0.5801  accuracy: 93.09% -> 94.15%      
client [92] (testset)   loss: 0.6765 -> 0.6518  accuracy: 93.76% -> 94.26%      
client [27] (testset)   loss: 0.2541 -> 0.2424  accuracy: 96.99% -> 97.12%      
---------------------------- TRAINING EPOCH: 400 ----------------------------   
client [10] (testset)   loss: 0.4889 -> 0.4952  accuracy: 90.35% -> 91.75%      
client [39] (testset)   loss: 0.3179 -> 0.3030  accuracy: 96.67% -> 96.55%      
client [65] (testset)   loss: 0.8201 -> 0.8082  accuracy: 89.67% -> 90.92%      
client [26] (testset)   loss: 0.6159 -> 0.6384  accuracy: 92.23% -> 92.84%      
client [19] (testset)   loss: 0.5187 -> 0.4970  accuracy: 95.07% -> 95.62%      
client [68] (testset)   loss: 0.3761 -> 0.3493  accuracy: 95.66% -> 96.40%      
client [41] (testset)   loss: 0.8097 -> 0.7962  accuracy: 91.22% -> 91.41%      
client [50] (testset)   loss: 0.1720 -> 0.1703  accuracy: 98.35% -> 98.54%      
client [75] (testset)   loss: 0.5333 -> 0.5189  accuracy: 94.47% -> 94.82%      
client [81] (testset)   loss: 1.0455 -> 1.0506  accuracy: 86.24% -> 87.85%      
Training... ━━━━━━━━━━━━━━━━━━━━━━━━━━━━━━━━━━━━━━━━ 100% 1:25:10
PSFL's average time taken by each global epoch: 0 min 12.70 sec.                
PSFL's total running time: 1 h 25 m 10 s.                                       
==================== PSFL Experiment Results: ====================              
Display format: (before local fine-tuning) -> (after local fine-tuning)         
 So if finetune_epoch = 0, x.xx% -> 0.00% is normal.                            
 Centralized testing ONLY happens after model aggregation, so the stats between 
'->' are the same.                                                              
{                                                                               
    "100": {                                                                    
        "all_clients": {                                                        
            "test": {                                                           
                "loss": "0.2835 -> 0.0000",                                     
                "accuracy": "92.85% -> 0.00%"                                   
            }                                                                   
        }                                                                       
    },                                                                          
    "200": {                                                                    
        "all_clients": {                                                        
            "test": {                                                           
                "loss": "0.3512 -> 0.0000",                                     
                "accuracy": "93.71% -> 0.00%"                                   
            }                                                                   
        }                                                                       
    },                                                                          
    "300": {                                                                    
        "all_clients": {                                                        
            "test": {                                                           
                "loss": "0.4472 -> 0.0000",                                     
                "accuracy": "93.97% -> 0.00%"                                   
            }                                                                   
        }                                                                       
    },                                                                          
    "400": {                                                                    
        "all_clients": {                                                        
            "test": {                                                           
                "loss": "0.5106 -> 0.0000",                                     
                "accuracy": "94.36% -> 0.00%"                                   
            }                                                                   
        }                                                                       
    }                                                                           
}                                                                               
==================== PSFL Max Accuracy ====================                     
all_clients:                                                                    
(test) before fine-tuning: 94.36% at epoch 400                                  
(test) after fine-tuning: 0.00% at epoch 100                                    
