==================== PSFL ====================                                  
Experiment Arguments:                                                           
{
│   'method': 'psfl',
│   'dataset': {
│   │   'name': 'fmnist',
│   │   'client_num': 100,
│   │   'test_ratio': 0.25,
│   │   'val_ratio': 0.0,
│   │   'seed': 42,
│   │   'split': 'sample',
│   │   'IID_ratio': 0.0,
│   │   'monitor_window_name_suffix': 'fmnist-100clients-0%IID-Dir(0.1)-seed42',
│   │   'alpha': 0.1,
│   │   'min_samples_per_client': 10
│   },
│   'model': {
│   │   'name': 'avgcnn',
│   │   'use_torchvision_pretrained_weights': True,
│   │   'external_model_weights_path': None
│   },
│   'optimizer': {
│   │   'lr': 0.01,
│   │   'dampening': 0,
│   │   'weight_decay': 0,
│   │   'momentum': 0,
│   │   'nesterov': False,
│   │   'name': 'sgd'
│   },
│   'mode': 'sequential',
│   'parallel': {
│   │   'ray_cluster_addr': None,
│   │   'num_cpus': None,
│   │   'num_gpus': None,
│   │   'num_workers': 2
│   },
│   'common': {
│   │   'seed': 42,
│   │   'join_ratio': 0.1,
│   │   'global_epoch': 400,
│   │   'local_epoch': 5,
│   │   'batch_size': 32,
│   │   'reset_optimizer_on_global_epoch': True,
│   │   'straggler_ratio': 0,
│   │   'straggler_min_local_epoch': 0,
│   │   'buffers': 'global',
│   │   'client_side_evaluation': True,
│   │   'test': {
│   │   │   'client': {
│   │   │   │   'interval': 100,
│   │   │   │   'finetune_epoch': 0,
│   │   │   │   'train': False,
│   │   │   │   'val': False,
│   │   │   │   'test': True
│   │   │   },
│   │   │   'server': {
│   │   │   │   'interval': -1,
│   │   │   │   'train': False,
│   │   │   │   'val': False,
│   │   │   │   'test': False,
│   │   │   │   'model_in_train_mode': False
│   │   │   }
│   │   },
│   │   'verbose_gap': 10,
│   │   'monitor': None,
│   │   'use_cuda': True,
│   │   'save_log': True,
│   │   'save_model': False,
│   │   'save_learning_curve_plot': False,
│   │   'save_metrics': True,
│   │   'delete_useless_run': True
│   },
│   'psfl': {
│   │   'alpha': 0.0,
│   │   'CLS': False,
│   │   'ig_ratio': 0.9992,
│   │   'track': False,
│   │   'score': 'diff'
│   }
}
---------------------------- TRAINING EPOCH: 10 ----------------------------    
client [77] (testset)   loss: 0.1024 -> 0.0506  accuracy: 97.93% -> 97.93%      
client [81] (testset)   loss: 0.0612 -> 0.0341  accuracy: 100.00% -> 100.00%    
client [21] (testset)   loss: 0.5114 -> 0.2391  accuracy: 81.37% -> 90.06%      
client [68] (testset)   loss: 0.1892 -> 0.1769  accuracy: 93.64% -> 94.55%      
client [93] (testset)   loss: 0.1192 -> 0.0150  accuracy: 94.92% -> 100.00%     
client [31] (testset)   loss: 0.3633 -> 0.2356  accuracy: 84.62% -> 90.77%      
client [20] (testset)   loss: 0.0709 -> 0.0492  accuracy: 98.12% -> 98.92%      
client [59] (testset)   loss: 0.5805 -> 0.3866  accuracy: 86.86% -> 88.32%      
client [48] (testset)   loss: 0.0971 -> 0.0083  accuracy: 97.47% -> 100.00%     
client [34] (testset)   loss: 0.2553 -> 0.2258  accuracy: 92.31% -> 96.15%      
---------------------------- TRAINING EPOCH: 20 ----------------------------    
client [69] (testset)   loss: 0.1612 -> 0.1493  accuracy: 95.68% -> 95.68%      
client [99] (testset)   loss: 0.1926 -> 0.0699  accuracy: 94.47% -> 98.16%      
client [67] (testset)   loss: 0.2404 -> 0.1490  accuracy: 92.44% -> 95.19%      
client [0]  (testset)   loss: 0.4934 -> 0.2998  accuracy: 85.71% -> 87.76%      
client [76] (testset)   loss: 0.4206 -> 0.2805  accuracy: 93.33% -> 86.67%      
client [41] (testset)   loss: 0.3042 -> 0.2519  accuracy: 90.32% -> 91.13%      
client [62] (testset)   loss: 0.4964 -> 0.3449  accuracy: 90.00% -> 95.00%      
client [2]  (testset)   loss: 1.7598 -> 0.0113  accuracy: 39.17% -> 99.56%      
client [14] (testset)   loss: 0.5010 -> 0.3979  accuracy: 82.86% -> 86.43%      
client [46] (testset)   loss: 0.3336 -> 0.2678  accuracy: 89.58% -> 90.62%      
---------------------------- TRAINING EPOCH: 30 ----------------------------    
client [24] (testset)   loss: 0.5451 -> 0.3351  accuracy: 85.71% -> 88.57%      
client [68] (testset)   loss: 0.3606 -> 0.1186  accuracy: 86.36% -> 94.55%      
client [57] (testset)   loss: 0.0815 -> 0.0300  accuracy: 97.45% -> 99.27%      
client [17] (testset)   loss: 0.3287 -> 0.1299  accuracy: 87.70% -> 95.19%      
client [54] (testset)   loss: 0.2275 -> 0.2082  accuracy: 85.71% -> 90.91%      
client [23] (testset)   loss: 0.3776 -> 0.0959  accuracy: 85.86% -> 97.98%      
client [35] (testset)   loss: 0.0298 -> 0.0249  accuracy: 100.00% -> 98.65%     
client [59] (testset)   loss: 0.4127 -> 0.3580  accuracy: 89.05% -> 89.05%      
client [31] (testset)   loss: 0.2523 -> 0.2027  accuracy: 87.69% -> 92.31%      
client [9]  (testset)   loss: 0.1636 -> 0.1126  accuracy: 94.44% -> 96.88%      
---------------------------- TRAINING EPOCH: 40 ----------------------------    
client [64] (testset)   loss: 0.1343 -> 0.1385  accuracy: 95.49% -> 93.98%      
client [33] (testset)   loss: 0.0748 -> 0.0463  accuracy: 97.08% -> 98.25%      
client [16] (testset)   loss: 0.0278 -> 0.0229  accuracy: 100.00% -> 99.17%     
client [44] (testset)   loss: 0.2726 -> 0.0451  accuracy: 89.62% -> 97.17%      
client [8]  (testset)   loss: 0.3801 -> 0.2465  accuracy: 88.10% -> 91.67%      
client [31] (testset)   loss: 0.1758 -> 0.3637  accuracy: 89.23% -> 80.00%      
client [47] (testset)   loss: 0.1172 -> 0.0936  accuracy: 96.30% -> 96.09%      
client [36] (testset)   loss: 0.1972 -> 0.1652  accuracy: 94.09% -> 94.25%      
client [20] (testset)   loss: 0.0419 -> 0.0331  accuracy: 98.66% -> 98.66%      
client [56] (testset)   loss: 0.4406 -> 0.4105  accuracy: 81.51% -> 84.03%      
---------------------------- TRAINING EPOCH: 50 ----------------------------    
client [4]  (testset)   loss: 0.0960 -> 0.0962  accuracy: 98.46% -> 99.23%      
client [60] (testset)   loss: 0.2140 -> 0.1455  accuracy: 93.73% -> 95.94%      
client [28] (testset)   loss: 0.0057 -> 0.0119  accuracy: 100.00% -> 100.00%    
client [25] (testset)   loss: 0.0525 -> 0.0534  accuracy: 99.04% -> 99.04%      
client [58] (testset)   loss: 0.0773 -> 0.0662  accuracy: 96.94% -> 98.98%      
client [44] (testset)   loss: 0.0915 -> 0.0653  accuracy: 96.23% -> 98.11%      
client [39] (testset)   loss: 0.0954 -> 0.0045  accuracy: 93.33% -> 100.00%     
client [29] (testset)   loss: 0.2180 -> 0.2726  accuracy: 88.61% -> 89.87%      
client [3]  (testset)   loss: 0.2827 -> 0.1318  accuracy: 90.27% -> 93.77%      
client [84] (testset)   loss: 0.0288 -> 0.0060  accuracy: 100.00% -> 100.00%    
---------------------------- TRAINING EPOCH: 60 ----------------------------    
client [21] (testset)   loss: 0.1909 -> 0.1551  accuracy: 93.79% -> 95.65%      
client [84] (testset)   loss: 0.0286 -> 0.0041  accuracy: 98.77% -> 100.00%     
client [10] (testset)   loss: 0.0626 -> 0.0220  accuracy: 97.06% -> 100.00%     
client [36] (testset)   loss: 0.1530 -> 0.1424  accuracy: 95.24% -> 96.22%      
client [65] (testset)   loss: 0.3186 -> 0.1907  accuracy: 90.62% -> 90.62%      
client [81] (testset)   loss: 0.0133 -> 0.9065  accuracy: 100.00% -> 62.96%     
client [79] (testset)   loss: 0.2403 -> 0.1980  accuracy: 91.13% -> 91.13%      
client [42] (testset)   loss: 0.0519 -> 0.0506  accuracy: 98.30% -> 98.79%      
client [11] (testset)   loss: 0.3205 -> 0.3748  accuracy: 87.89% -> 84.30%      
client [96] (testset)   loss: 0.1752 -> 0.1568  accuracy: 94.16% -> 94.89%      
---------------------------- TRAINING EPOCH: 70 ----------------------------    
client [8]  (testset)   loss: 0.2356 -> 0.2131  accuracy: 91.67% -> 94.35%      
client [53] (testset)   loss: 0.0205 -> 0.0070  accuracy: 99.40% -> 99.70%      
client [52] (testset)   loss: 0.1390 -> 0.1345  accuracy: 93.22% -> 93.22%      
client [42] (testset)   loss: 0.0565 -> 0.0497  accuracy: 98.55% -> 98.79%      
client [69] (testset)   loss: 0.0933 -> 0.1163  accuracy: 96.91% -> 95.68%      
client [59] (testset)   loss: 0.2883 -> 0.2910  accuracy: 91.97% -> 91.97%      
client [7]  (testset)   loss: 0.0389 -> 0.0288  accuracy: 99.13% -> 99.13%      
client [26] (testset)   loss: 0.0522 -> 0.0628  accuracy: 98.25% -> 98.09%      
client [49] (testset)   loss: 0.0196 -> 0.0212  accuracy: 99.57% -> 99.57%      
client [98] (testset)   loss: 0.4728 -> 1.0800  accuracy: 89.36% -> 59.57%      
---------------------------- TRAINING EPOCH: 80 ----------------------------    
client [98] (testset)   loss: 0.5264 -> 0.4307  accuracy: 85.11% -> 87.23%      
client [47] (testset)   loss: 0.1324 -> 0.0893  accuracy: 95.22% -> 96.52%      
client [21] (testset)   loss: 0.2015 -> 0.1464  accuracy: 95.03% -> 95.03%      
client [77] (testset)   loss: 0.0380 -> 0.0184  accuracy: 99.48% -> 99.48%      
client [95] (testset)   loss: 0.1515 -> 0.1506  accuracy: 94.44% -> 96.30%      
client [91] (testset)   loss: 0.0084 -> 0.0073  accuracy: 100.00% -> 100.00%    
client [14] (testset)   loss: 0.3583 -> 0.2868  accuracy: 87.62% -> 89.76%      
client [99] (testset)   loss: 0.0272 -> 0.0310  accuracy: 99.21% -> 99.21%      
client [20] (testset)   loss: 0.0544 -> 0.0338  accuracy: 98.92% -> 98.66%      
client [39] (testset)   loss: 0.0184 -> 0.0031  accuracy: 100.00% -> 100.00%    
---------------------------- TRAINING EPOCH: 90 ----------------------------    
client [52] (testset)   loss: 0.1222 -> 0.1091  accuracy: 96.61% -> 93.22%      
client [62] (testset)   loss: 0.1073 -> 0.1163  accuracy: 90.00% -> 95.00%      
client [71] (testset)   loss: 0.0645 -> 0.0613  accuracy: 97.28% -> 96.74%      
client [97] (testset)   loss: 0.0432 -> 0.0416  accuracy: 99.13% -> 99.13%      
client [30] (testset)   loss: 0.1504 -> 0.1722  accuracy: 97.12% -> 96.15%      
client [88] (testset)   loss: 0.2764 -> 0.3040  accuracy: 91.46% -> 89.02%      
client [60] (testset)   loss: 0.1771 -> 0.1203  accuracy: 92.62% -> 95.94%      
client [82] (testset)   loss: 0.0442 -> 0.0657  accuracy: 99.32% -> 98.97%      
client [91] (testset)   loss: 0.0135 -> 0.0082  accuracy: 100.00% -> 100.00%    
client [57] (testset)   loss: 0.0724 -> 0.0288  accuracy: 97.81% -> 99.64%      
---------------------------- TRAINING EPOCH: 100 ----------------------------   
client [31] (testset)   loss: 0.2477 -> 0.1109  accuracy: 87.69% -> 95.38%      
client [15] (testset)   loss: 0.1810 -> 0.1551  accuracy: 93.44% -> 95.62%      
client [71] (testset)   loss: 0.0444 -> 0.0511  accuracy: 97.83% -> 97.28%      
client [97] (testset)   loss: 0.0308 -> 0.0342  accuracy: 99.13% -> 99.13%      
client [53] (testset)   loss: 0.0166 -> 0.0067  accuracy: 99.40% -> 99.70%      
client [77] (testset)   loss: 0.0160 -> 0.0115  accuracy: 98.96% -> 99.48%      
client [76] (testset)   loss: 0.2328 -> 0.2380  accuracy: 93.33% -> 93.33%      
client [79] (testset)   loss: 0.1993 -> 0.1516  accuracy: 91.63% -> 92.61%      
client [28] (testset)   loss: 0.0036 -> 0.0021  accuracy: 100.00% -> 100.00%    
client [99] (testset)   loss: 0.0308 -> 0.0338  accuracy: 99.21% -> 99.47%      
---------------------------- TRAINING EPOCH: 110 ----------------------------   
client [97] (testset)   loss: 0.0468 -> 0.0356  accuracy: 98.70% -> 98.70%      
client [86] (testset)   loss: 0.0076 -> 0.0106  accuracy: 100.00% -> 100.00%    
client [34] (testset)   loss: 0.2052 -> 0.1873  accuracy: 92.31% -> 96.15%      
client [73] (testset)   loss: 0.0154 -> 0.0123  accuracy: 99.24% -> 100.00%     
client [5]  (testset)   loss: 0.0886 -> 0.0833  accuracy: 96.67% -> 97.14%      
client [96] (testset)   loss: 0.1693 -> 0.1733  accuracy: 94.16% -> 94.89%      
client [22] (testset)   loss: 0.0093 -> 0.0050  accuracy: 100.00% -> 100.00%    
client [60] (testset)   loss: 0.1166 -> 0.1123  accuracy: 96.31% -> 97.05%      
client [66] (testset)   loss: 0.0940 -> 0.0915  accuracy: 95.62% -> 96.02%      
client [83] (testset)   loss: 0.0180 -> 0.0116  accuracy: 98.73% -> 99.36%      
---------------------------- TRAINING EPOCH: 120 ----------------------------   
client [76] (testset)   loss: 0.3665 -> 0.3754  accuracy: 86.67% -> 86.67%      
client [65] (testset)   loss: 0.2423 -> 0.3106  accuracy: 93.75% -> 93.75%      
client [95] (testset)   loss: 0.1995 -> 0.1790  accuracy: 96.30% -> 96.30%      
client [17] (testset)   loss: 0.1225 -> 0.1155  accuracy: 96.79% -> 97.86%      
client [8]  (testset)   loss: 0.1964 -> 0.1677  accuracy: 93.75% -> 94.05%      
client [35] (testset)   loss: 0.0158 -> 0.0093  accuracy: 98.65% -> 100.00%     
client [98] (testset)   loss: 0.4556 -> 0.3997  accuracy: 85.11% -> 91.49%      
client [53] (testset)   loss: 0.0058 -> 0.0040  accuracy: 100.00% -> 100.00%    
client [43] (testset)   loss: 0.0836 -> 0.0779  accuracy: 96.92% -> 96.92%      
client [64] (testset)   loss: 0.1089 -> 0.1295  accuracy: 95.49% -> 95.49%      
---------------------------- TRAINING EPOCH: 130 ----------------------------   
client [21] (testset)   loss: 0.1719 -> 0.1656  accuracy: 93.79% -> 95.03%      
client [88] (testset)   loss: 0.2509 -> 0.2675  accuracy: 89.02% -> 91.46%      
client [38] (testset)   loss: 0.3112 -> 0.2737  accuracy: 92.21% -> 93.51%      
client [3]  (testset)   loss: 0.0883 -> 0.1005  accuracy: 97.67% -> 96.89%      
client [5]  (testset)   loss: 0.0985 -> 0.0883  accuracy: 96.19% -> 97.14%      
client [41] (testset)   loss: 0.1466 -> 0.1504  accuracy: 94.35% -> 95.16%      
client [7]  (testset)   loss: 0.0189 -> 0.0227  accuracy: 99.13% -> 99.13%      
client [37] (testset)   loss: 0.1115 -> 0.1324  accuracy: 96.74% -> 95.65%      
client [45] (testset)   loss: 0.3958 -> 0.3026  accuracy: 86.49% -> 91.89%      
client [47] (testset)   loss: 0.5217 -> 0.3562  accuracy: 88.70% -> 89.78%      
---------------------------- TRAINING EPOCH: 140 ----------------------------   
client [16] (testset)   loss: 0.0162 -> 0.0133  accuracy: 100.00% -> 99.17%     
client [11] (testset)   loss: 0.2758 -> 0.2873  accuracy: 87.89% -> 89.24%      
client [37] (testset)   loss: 0.1335 -> 0.1479  accuracy: 95.65% -> 95.65%      
client [41] (testset)   loss: 0.1628 -> 0.1669  accuracy: 94.35% -> 94.76%      
client [95] (testset)   loss: 0.1854 -> 0.1482  accuracy: 94.44% -> 96.30%      
client [53] (testset)   loss: 0.0140 -> 0.0030  accuracy: 99.40% -> 100.00%     
client [22] (testset)   loss: 0.0144 -> 0.0029  accuracy: 100.00% -> 100.00%    
client [25] (testset)   loss: 0.0190 -> 0.0173  accuracy: 99.04% -> 99.04%      
client [69] (testset)   loss: 0.1022 -> 0.1171  accuracy: 96.30% -> 96.30%      
client [46] (testset)   loss: 0.1640 -> 0.2139  accuracy: 94.79% -> 88.54%      
---------------------------- TRAINING EPOCH: 150 ----------------------------   
client [47] (testset)   loss: 0.1232 -> 0.1156  accuracy: 95.87% -> 96.30%      
client [69] (testset)   loss: 0.1020 -> 0.1018  accuracy: 97.53% -> 96.91%      
client [82] (testset)   loss: 0.0764 -> 0.0922  accuracy: 98.97% -> 98.97%      
client [45] (testset)   loss: 0.3098 -> 0.3320  accuracy: 86.49% -> 86.49%      
client [7]  (testset)   loss: 0.0269 -> 0.0248  accuracy: 98.69% -> 99.13%      
client [50] (testset)   loss: 0.0315 -> 0.0123  accuracy: 98.86% -> 99.15%      
client [35] (testset)   loss: 0.0013 -> 0.0010  accuracy: 100.00% -> 100.00%    
client [24] (testset)   loss: 0.2852 -> 0.3671  accuracy: 91.43% -> 84.57%      
client [15] (testset)   loss: 0.1582 -> 0.1696  accuracy: 95.62% -> 95.31%      
client [58] (testset)   loss: 0.0249 -> 0.0194  accuracy: 100.00% -> 100.00%    
---------------------------- TRAINING EPOCH: 160 ----------------------------   
client [48] (testset)   loss: 0.0006 -> 0.0009  accuracy: 100.00% -> 100.00%    
client [76] (testset)   loss: 0.4016 -> 0.4064  accuracy: 86.67% -> 86.67%      
client [67] (testset)   loss: 0.1522 -> 0.1617  accuracy: 95.53% -> 96.22%      
client [37] (testset)   loss: 0.1494 -> 0.1594  accuracy: 96.74% -> 95.65%      
client [58] (testset)   loss: 0.0432 -> 0.0222  accuracy: 98.47% -> 99.49%      
client [64] (testset)   loss: 0.0867 -> 0.1068  accuracy: 96.24% -> 95.49%      
client [77] (testset)   loss: 0.0093 -> 0.0111  accuracy: 100.00% -> 99.48%     
client [55] (testset)   loss: 0.0019 -> 0.0002  accuracy: 100.00% -> 100.00%    
client [12] (testset)   loss: 0.1175 -> 0.1211  accuracy: 96.45% -> 96.80%      
client [89] (testset)   loss: 0.2960 -> 0.3544  accuracy: 94.74% -> 94.74%      
---------------------------- TRAINING EPOCH: 170 ----------------------------   
client [84] (testset)   loss: 0.0022 -> 0.0021  accuracy: 100.00% -> 100.00%    
client [51] (testset)   loss: 0.0016 -> 0.0018  accuracy: 100.00% -> 100.00%    
client [8]  (testset)   loss: 0.1824 -> 0.1654  accuracy: 94.05% -> 94.94%      
client [18] (testset)   loss: 0.0184 -> 0.0162  accuracy: 99.00% -> 99.00%      
client [94] (testset)   loss: 0.0942 -> 0.0949  accuracy: 97.71% -> 96.18%      
client [81] (testset)   loss: 0.0346 -> 0.0165  accuracy: 98.15% -> 98.15%      
client [3]  (testset)   loss: 0.1137 -> 0.1321  accuracy: 96.50% -> 96.11%      
client [11] (testset)   loss: 0.2652 -> 0.2991  accuracy: 90.13% -> 89.69%      
client [95] (testset)   loss: 0.2080 -> 0.1943  accuracy: 96.30% -> 96.30%      
client [67] (testset)   loss: 0.1458 -> 0.1563  accuracy: 95.53% -> 96.22%      
---------------------------- TRAINING EPOCH: 180 ----------------------------   
client [21] (testset)   loss: 0.1948 -> 0.7479  accuracy: 95.65% -> 83.85%      
client [79] (testset)   loss: 0.1699 -> 0.1606  accuracy: 94.58% -> 95.07%      
client [58] (testset)   loss: 0.0404 -> 0.0207  accuracy: 98.47% -> 99.49%      
client [88] (testset)   loss: 0.3069 -> 0.3043  accuracy: 90.24% -> 91.46%      
client [46] (testset)   loss: 0.1039 -> 0.1845  accuracy: 96.88% -> 90.62%      
client [11] (testset)   loss: 0.4553 -> 0.3113  accuracy: 87.44% -> 88.79%      
client [55] (testset)   loss: 0.0010 -> 0.0001  accuracy: 100.00% -> 100.00%    
client [13] (testset)   loss: 0.4092 -> 0.3283  accuracy: 89.42% -> 90.38%      
client [31] (testset)   loss: 0.2406 -> 0.1620  accuracy: 90.77% -> 93.85%      
client [75] (testset)   loss: 0.3656 -> 0.3160  accuracy: 90.43% -> 91.39%      
---------------------------- TRAINING EPOCH: 190 ----------------------------   
client [19] (testset)   loss: 0.1948 -> 0.1722  accuracy: 94.92% -> 93.22%      
client [7]  (testset)   loss: 0.0234 -> 0.0237  accuracy: 99.13% -> 99.13%      
client [57] (testset)   loss: 0.0392 -> 0.0328  accuracy: 99.64% -> 99.27%      
client [13] (testset)   loss: 0.3751 -> 0.3920  accuracy: 90.06% -> 90.06%      
client [43] (testset)   loss: 0.0514 -> 0.0649  accuracy: 96.92% -> 96.92%      
client [91] (testset)   loss: 0.0016 -> 0.0015  accuracy: 100.00% -> 100.00%    
client [10] (testset)   loss: 0.0071 -> 0.0033  accuracy: 100.00% -> 100.00%    
client [64] (testset)   loss: 0.1054 -> 0.1094  accuracy: 96.24% -> 95.49%      
client [82] (testset)   loss: 0.0959 -> 0.1040  accuracy: 98.97% -> 98.97%      
client [22] (testset)   loss: 0.0019 -> 0.0011  accuracy: 100.00% -> 100.00%    
---------------------------- TRAINING EPOCH: 200 ----------------------------   
client [20] (testset)   loss: 0.0394 -> 0.0389  accuracy: 99.19% -> 98.92%      
client [23] (testset)   loss: 0.0784 -> 0.1281  accuracy: 95.96% -> 93.94%      
client [88] (testset)   loss: 0.3386 -> 0.3202  accuracy: 90.24% -> 89.02%      
client [98] (testset)   loss: 0.3630 -> 0.3384  accuracy: 89.36% -> 91.49%      
client [79] (testset)   loss: 0.1653 -> 0.1697  accuracy: 94.09% -> 94.09%      
client [21] (testset)   loss: 0.2538 -> 0.2416  accuracy: 96.27% -> 95.65%      
client [92] (testset)   loss: 0.0356 -> 0.0241  accuracy: 97.81% -> 99.27%      
client [56] (testset)   loss: 0.3681 -> 0.3190  accuracy: 88.24% -> 89.92%      
client [5]  (testset)   loss: 0.0747 -> 0.0785  accuracy: 98.10% -> 97.14%      
client [52] (testset)   loss: 0.0721 -> 0.0324  accuracy: 98.31% -> 98.31%      
---------------------------- TRAINING EPOCH: 210 ----------------------------   
client [67] (testset)   loss: 0.1659 -> 0.1823  accuracy: 96.56% -> 95.19%      
client [54] (testset)   loss: 0.1394 -> 0.1631  accuracy: 93.51% -> 93.51%      
client [14] (testset)   loss: 0.3076 -> 0.3115  accuracy: 92.14% -> 92.62%      
client [99] (testset)   loss: 0.0289 -> 0.0343  accuracy: 99.47% -> 99.47%      
client [36] (testset)   loss: 0.1615 -> 0.1811  accuracy: 96.39% -> 96.22%      
client [30] (testset)   loss: 0.1732 -> 0.1495  accuracy: 97.12% -> 97.12%      
client [38] (testset)   loss: 0.3112 -> 0.3810  accuracy: 93.51% -> 92.21%      
client [15] (testset)   loss: 0.1867 -> 0.1871  accuracy: 94.06% -> 95.31%      
client [6]  (testset)   loss: 0.0203 -> 0.0162  accuracy: 99.35% -> 99.35%      
client [53] (testset)   loss: 0.0137 -> 0.0104  accuracy: 99.10% -> 99.70%      
---------------------------- TRAINING EPOCH: 220 ----------------------------   
client [99] (testset)   loss: 0.0378 -> 0.0365  accuracy: 99.47% -> 99.21%      
client [6]  (testset)   loss: 0.0293 -> 0.0186  accuracy: 99.35% -> 99.35%      
client [83] (testset)   loss: 0.0144 -> 0.0099  accuracy: 98.73% -> 99.36%      
client [42] (testset)   loss: 0.0760 -> 0.0784  accuracy: 98.42% -> 98.42%      
client [34] (testset)   loss: 0.1136 -> 0.1072  accuracy: 96.15% -> 96.15%      
client [15] (testset)   loss: 0.1892 -> 0.1947  accuracy: 94.69% -> 95.31%      
client [47] (testset)   loss: 0.2814 -> 0.1569  accuracy: 94.57% -> 95.87%      
client [55] (testset)   loss: 0.0001 -> 0.0000  accuracy: 100.00% -> 100.00%    
client [51] (testset)   loss: 0.0090 -> 0.0020  accuracy: 99.51% -> 100.00%     
client [95] (testset)   loss: 0.3055 -> 0.2566  accuracy: 94.44% -> 96.30%      
---------------------------- TRAINING EPOCH: 230 ----------------------------   
client [71] (testset)   loss: 0.0349 -> 0.0493  accuracy: 97.83% -> 98.37%      
client [15] (testset)   loss: 0.2604 -> 0.2141  accuracy: 95.00% -> 95.31%      
client [33] (testset)   loss: 0.0603 -> 0.0379  accuracy: 97.66% -> 98.25%      
client [99] (testset)   loss: 0.0406 -> 0.0388  accuracy: 99.47% -> 99.21%      
client [90] (testset)   loss: 0.0593 -> 0.0481  accuracy: 97.97% -> 97.97%      
client [57] (testset)   loss: 0.0614 -> 0.0452  accuracy: 98.91% -> 99.27%      
client [27] (testset)   loss: 0.0013 -> 0.0009  accuracy: 100.00% -> 100.00%    
client [78] (testset)   loss: 0.0258 -> 0.0215  accuracy: 99.21% -> 99.21%      
client [36] (testset)   loss: 0.2230 -> 0.2101  accuracy: 95.40% -> 96.22%      
client [88] (testset)   loss: 0.4197 -> 0.3414  accuracy: 91.46% -> 91.46%      
---------------------------- TRAINING EPOCH: 240 ----------------------------   
client [70] (testset)   loss: 0.2129 -> 0.1451  accuracy: 91.89% -> 94.59%      
client [35] (testset)   loss: 0.0047 -> 0.0033  accuracy: 100.00% -> 100.00%    
client [16] (testset)   loss: 0.0070 -> 0.0058  accuracy: 100.00% -> 100.00%    
client [80] (testset)   loss: 0.0109 -> 0.0078  accuracy: 100.00% -> 100.00%    
client [38] (testset)   loss: 0.3246 -> 0.3816  accuracy: 93.51% -> 92.21%      
client [78] (testset)   loss: 0.0114 -> 0.0093  accuracy: 99.21% -> 99.21%      
client [68] (testset)   loss: 0.0285 -> 0.0434  accuracy: 98.18% -> 98.18%      
client [11] (testset)   loss: 0.3179 -> 0.3319  accuracy: 90.58% -> 90.58%      
client [64] (testset)   loss: 0.1066 -> 0.1188  accuracy: 95.49% -> 95.49%      
client [82] (testset)   loss: 0.1392 -> 0.1351  accuracy: 98.97% -> 98.97%      
---------------------------- TRAINING EPOCH: 250 ----------------------------   
client [30] (testset)   loss: 0.2830 -> 0.2206  accuracy: 96.15% -> 97.12%      
client [27] (testset)   loss: 0.0002 -> 0.0003  accuracy: 100.00% -> 100.00%    
client [74] (testset)   loss: 0.0495 -> 0.0636  accuracy: 100.00% -> 96.30%     
client [45] (testset)   loss: 0.4307 -> 0.4569  accuracy: 89.19% -> 86.49%      
client [6]  (testset)   loss: 0.0334 -> 0.0180  accuracy: 99.35% -> 99.35%      
client [36] (testset)   loss: 0.2124 -> 0.2155  accuracy: 95.57% -> 95.73%      
client [63] (testset)   loss: 0.0507 -> 0.0598  accuracy: 98.97% -> 98.97%      
client [76] (testset)   loss: 0.6075 -> 0.6176  accuracy: 86.67% -> 86.67%      
client [83] (testset)   loss: 0.0281 -> 0.0177  accuracy: 98.73% -> 98.73%      
client [86] (testset)   loss: 0.0003 -> 0.0003  accuracy: 100.00% -> 100.00%    
---------------------------- TRAINING EPOCH: 260 ----------------------------   
client [83] (testset)   loss: 0.0309 -> 0.0180  accuracy: 98.73% -> 98.73%      
client [99] (testset)   loss: 0.0447 -> 0.0448  accuracy: 99.21% -> 99.21%      
client [74] (testset)   loss: 0.2485 -> 0.0614  accuracy: 88.89% -> 96.30%      
client [73] (testset)   loss: 0.0058 -> 0.0045  accuracy: 100.00% -> 100.00%    
client [29] (testset)   loss: 0.3077 -> 0.4141  accuracy: 89.87% -> 87.34%      
client [92] (testset)   loss: 0.0129 -> 0.0137  accuracy: 99.27% -> 100.00%     
client [6]  (testset)   loss: 0.0097 -> 0.0139  accuracy: 99.35% -> 99.35%      
client [61] (testset)   loss: 0.0341 -> 0.0122  accuracy: 98.78% -> 100.00%     
client [21] (testset)   loss: 0.2864 -> 0.3099  accuracy: 95.03% -> 95.03%      
client [67] (testset)   loss: 0.2027 -> 0.2196  accuracy: 96.22% -> 95.19%      
---------------------------- TRAINING EPOCH: 270 ----------------------------   
client [83] (testset)   loss: 0.0338 -> 0.0187  accuracy: 98.73% -> 98.73%      
client [32] (testset)   loss: 0.3360 -> 0.3136  accuracy: 91.94% -> 91.11%      
client [95] (testset)   loss: 0.2514 -> 0.2711  accuracy: 96.30% -> 94.44%      
client [61] (testset)   loss: 0.0277 -> 0.0054  accuracy: 98.78% -> 100.00%     
client [27] (testset)   loss: 0.0003 -> 0.0003  accuracy: 100.00% -> 100.00%    
client [25] (testset)   loss: 0.0248 -> 0.0284  accuracy: 99.04% -> 99.04%      
client [68] (testset)   loss: 0.0371 -> 0.0583  accuracy: 98.18% -> 98.18%      
client [34] (testset)   loss: 0.0546 -> 0.0562  accuracy: 96.15% -> 96.15%      
client [71] (testset)   loss: 0.0486 -> 0.0525  accuracy: 98.37% -> 97.83%      
client [89] (testset)   loss: 0.3780 -> 0.3726  accuracy: 94.74% -> 94.74%      
---------------------------- TRAINING EPOCH: 280 ----------------------------   
client [78] (testset)   loss: 0.0122 -> 0.0102  accuracy: 99.21% -> 99.21%      
client [81] (testset)   loss: 0.0563 -> 0.0782  accuracy: 98.15% -> 98.15%      
client [51] (testset)   loss: 0.0028 -> 0.0014  accuracy: 100.00% -> 100.00%    
client [54] (testset)   loss: 0.1348 -> 0.1596  accuracy: 92.21% -> 93.51%      
client [65] (testset)   loss: 0.5086 -> 0.5582  accuracy: 93.75% -> 93.75%      
client [41] (testset)   loss: 0.2157 -> 0.2244  accuracy: 95.97% -> 95.16%      
client [11] (testset)   loss: 0.3449 -> 0.3467  accuracy: 90.13% -> 90.13%      
client [85] (testset)   loss: 0.1019 -> 0.0884  accuracy: 98.25% -> 98.25%      
client [12] (testset)   loss: 0.1858 -> 0.1753  accuracy: 96.92% -> 96.56%      
client [23] (testset)   loss: 0.1527 -> 0.1657  accuracy: 95.96% -> 95.96%      
---------------------------- TRAINING EPOCH: 290 ----------------------------   
client [16] (testset)   loss: 0.0066 -> 0.0037  accuracy: 100.00% -> 100.00%    
client [65] (testset)   loss: 0.5115 -> 0.5336  accuracy: 93.75% -> 93.75%      
client [53] (testset)   loss: 0.0166 -> 0.0163  accuracy: 99.40% -> 99.40%      
client [58] (testset)   loss: 0.0202 -> 0.0179  accuracy: 99.49% -> 99.49%      
client [72] (testset)   loss: 0.0060 -> 0.0069  accuracy: 100.00% -> 100.00%    
client [7]  (testset)   loss: 0.0322 -> 0.0198  accuracy: 98.69% -> 98.69%      
client [71] (testset)   loss: 0.0525 -> 0.0445  accuracy: 97.83% -> 97.83%      
client [59] (testset)   loss: 0.3838 -> 0.3770  accuracy: 93.43% -> 93.43%      
client [86] (testset)   loss: 0.0001 -> 0.0001  accuracy: 100.00% -> 100.00%    
client [39] (testset)   loss: 0.0009 -> 0.0000  accuracy: 100.00% -> 100.00%    
---------------------------- TRAINING EPOCH: 300 ----------------------------   
client [99] (testset)   loss: 0.0423 -> 0.0433  accuracy: 99.47% -> 99.21%      
client [7]  (testset)   loss: 0.0184 -> 0.0213  accuracy: 99.13% -> 98.69%      
client [17] (testset)   loss: 0.1401 -> 0.1416  accuracy: 97.86% -> 97.86%      
client [64] (testset)   loss: 0.1370 -> 0.1182  accuracy: 95.49% -> 95.49%      
client [37] (testset)   loss: 0.2602 -> 0.2440  accuracy: 95.65% -> 95.65%      
client [29] (testset)   loss: 0.3808 -> 0.3990  accuracy: 88.61% -> 89.87%      
client [93] (testset)   loss: 0.0063 -> 0.0038  accuracy: 100.00% -> 100.00%    
client [73] (testset)   loss: 0.0063 -> 0.0028  accuracy: 100.00% -> 100.00%    
client [40] (testset)   loss: 0.1362 -> 0.1822  accuracy: 96.67% -> 95.83%      
client [76] (testset)   loss: 0.6790 -> 0.6525  accuracy: 93.33% -> 86.67%      
---------------------------- TRAINING EPOCH: 310 ----------------------------   
client [31] (testset)   loss: 0.3874 -> 0.3714  accuracy: 92.31% -> 90.77%      
client [89] (testset)   loss: 0.3895 -> 0.4003  accuracy: 94.74% -> 94.74%      
client [77] (testset)   loss: 0.0093 -> 0.0092  accuracy: 99.48% -> 99.48%      
client [90] (testset)   loss: 0.0711 -> 0.0754  accuracy: 97.97% -> 97.97%      
client [26] (testset)   loss: 0.0541 -> 0.0625  accuracy: 98.57% -> 98.57%      
client [50] (testset)   loss: 0.0241 -> 0.0180  accuracy: 99.43% -> 99.72%      
client [30] (testset)   loss: 0.2368 -> 0.2150  accuracy: 96.15% -> 98.08%      
client [70] (testset)   loss: 0.1110 -> 0.1451  accuracy: 94.59% -> 94.59%      
client [41] (testset)   loss: 0.2180 -> 0.2292  accuracy: 95.97% -> 95.97%      
client [99] (testset)   loss: 0.0579 -> 0.0540  accuracy: 99.21% -> 99.21%      
---------------------------- TRAINING EPOCH: 320 ----------------------------   
client [68] (testset)   loss: 0.0795 -> 0.0785  accuracy: 98.18% -> 98.18%      
client [70] (testset)   loss: 0.1372 -> 0.1256  accuracy: 97.30% -> 97.30%      
client [52] (testset)   loss: 0.0378 -> 0.0514  accuracy: 98.31% -> 96.61%      
client [1]  (testset)   loss: 0.2315 -> 0.2334  accuracy: 98.41% -> 96.83%      
client [2]  (testset)   loss: 0.0123 -> 0.0121  accuracy: 99.56% -> 99.56%      
client [67] (testset)   loss: 0.2437 -> 0.2413  accuracy: 94.85% -> 95.88%      
client [92] (testset)   loss: 0.0152 -> 0.0084  accuracy: 99.27% -> 100.00%     
client [35] (testset)   loss: 0.0062 -> 0.0052  accuracy: 100.00% -> 100.00%    
client [36] (testset)   loss: 0.2570 -> 0.2477  accuracy: 95.73% -> 95.73%      
client [64] (testset)   loss: 0.1566 -> 0.1503  accuracy: 96.24% -> 96.24%      
---------------------------- TRAINING EPOCH: 330 ----------------------------   
client [44] (testset)   loss: 0.0825 -> 0.0820  accuracy: 98.11% -> 99.06%      
client [6]  (testset)   loss: 0.0128 -> 0.0154  accuracy: 99.35% -> 99.35%      
client [12] (testset)   loss: 0.2084 -> 0.1897  accuracy: 96.33% -> 96.80%      
client [55] (testset)   loss: 0.0000 -> 0.0000  accuracy: 100.00% -> 100.00%    
client [29] (testset)   loss: 0.3613 -> 0.4112  accuracy: 88.61% -> 88.61%      
client [9]  (testset)   loss: 0.1916 -> 0.1735  accuracy: 96.53% -> 96.53%      
client [43] (testset)   loss: 0.1393 -> 0.1781  accuracy: 96.92% -> 96.92%      
client [77] (testset)   loss: 0.0137 -> 0.0187  accuracy: 98.96% -> 98.96%      
client [98] (testset)   loss: 0.5242 -> 0.5300  accuracy: 89.36% -> 91.49%      
client [78] (testset)   loss: 0.0217 -> 0.0149  accuracy: 99.21% -> 99.21%      
---------------------------- TRAINING EPOCH: 340 ----------------------------   
client [92] (testset)   loss: 0.0066 -> 0.0071  accuracy: 100.00% -> 100.00%    
client [80] (testset)   loss: 0.0044 -> 0.0026  accuracy: 100.00% -> 100.00%    
client [63] (testset)   loss: 0.0609 -> 0.0686  accuracy: 97.94% -> 97.94%      
client [76] (testset)   loss: 0.6764 -> 0.6770  accuracy: 86.67% -> 86.67%      
client [78] (testset)   loss: 0.0121 -> 0.0110  accuracy: 99.21% -> 99.21%      
client [25] (testset)   loss: 0.0404 -> 0.0383  accuracy: 99.04% -> 99.04%      
client [58] (testset)   loss: 0.0267 -> 0.0186  accuracy: 98.98% -> 99.49%      
client [13] (testset)   loss: 0.6384 -> 0.5248  accuracy: 89.42% -> 90.06%      
client [17] (testset)   loss: 0.1429 -> 0.1404  accuracy: 97.33% -> 97.86%      
client [38] (testset)   loss: 0.4278 -> 0.4726  accuracy: 94.81% -> 92.21%      
---------------------------- TRAINING EPOCH: 350 ----------------------------   
client [72] (testset)   loss: 0.0036 -> 0.0036  accuracy: 100.00% -> 100.00%    
client [82] (testset)   loss: 0.1552 -> 0.1554  accuracy: 98.97% -> 98.97%      
client [86] (testset)   loss: 0.0001 -> 0.0001  accuracy: 100.00% -> 100.00%    
client [51] (testset)   loss: 0.0002 -> 0.0002  accuracy: 100.00% -> 100.00%    
client [96] (testset)   loss: 0.3250 -> 0.3208  accuracy: 94.89% -> 95.62%      
client [42] (testset)   loss: 0.0953 -> 0.0971  accuracy: 98.67% -> 98.79%      
client [55] (testset)   loss: 0.0000 -> 0.0000  accuracy: 100.00% -> 100.00%    
client [13] (testset)   loss: 0.5500 -> 0.5368  accuracy: 90.38% -> 90.06%      
client [1]  (testset)   loss: 0.2375 -> 0.2395  accuracy: 96.83% -> 98.41%      
client [12] (testset)   loss: 0.2086 -> 0.1929  accuracy: 96.92% -> 96.80%      
---------------------------- TRAINING EPOCH: 360 ----------------------------   
client [68] (testset)   loss: 0.0264 -> 0.0405  accuracy: 99.09% -> 98.18%      
client [23] (testset)   loss: 0.2002 -> 0.1773  accuracy: 95.96% -> 95.96%      
client [46] (testset)   loss: 0.1613 -> 0.1627  accuracy: 95.83% -> 94.79%      
client [41] (testset)   loss: 0.2194 -> 0.2354  accuracy: 95.56% -> 95.56%      
client [25] (testset)   loss: 0.0601 -> 0.0504  accuracy: 99.04% -> 99.04%      
client [58] (testset)   loss: 0.0159 -> 0.0126  accuracy: 99.49% -> 99.49%      
client [14] (testset)   loss: 0.4636 -> 0.4724  accuracy: 92.38% -> 92.38%      
client [33] (testset)   loss: 0.0528 -> 0.0467  accuracy: 98.25% -> 97.66%      
client [85] (testset)   loss: 0.0761 -> 0.0783  accuracy: 98.25% -> 98.25%      
client [62] (testset)   loss: 0.3405 -> 0.3418  accuracy: 90.00% -> 90.00%      
---------------------------- TRAINING EPOCH: 370 ----------------------------   
client [98] (testset)   loss: 0.4667 -> 0.4867  accuracy: 89.36% -> 89.36%      
client [63] (testset)   loss: 0.0650 -> 0.0686  accuracy: 98.97% -> 97.94%      
client [70] (testset)   loss: 0.0602 -> 0.0469  accuracy: 97.30% -> 97.30%      
client [65] (testset)   loss: 0.5094 -> 0.5150  accuracy: 93.75% -> 93.75%      
client [14] (testset)   loss: 0.4761 -> 0.4745  accuracy: 92.14% -> 92.14%      
client [73] (testset)   loss: 0.0084 -> 0.0040  accuracy: 100.00% -> 100.00%    
client [34] (testset)   loss: 0.2516 -> 0.2377  accuracy: 96.15% -> 96.15%      
client [99] (testset)   loss: 0.0542 -> 0.0558  accuracy: 99.47% -> 99.47%      
client [69] (testset)   loss: 0.1202 -> 0.1273  accuracy: 97.53% -> 97.53%      
client [46] (testset)   loss: 0.1620 -> 0.1792  accuracy: 94.79% -> 94.79%      
---------------------------- TRAINING EPOCH: 380 ----------------------------   
client [99] (testset)   loss: 0.0323 -> 0.0321  accuracy: 99.47% -> 99.47%      
client [93] (testset)   loss: 0.1109 -> 0.0035  accuracy: 96.61% -> 100.00%     
client [11] (testset)   loss: 0.4488 -> 0.3664  accuracy: 88.34% -> 90.13%      
client [58] (testset)   loss: 0.0191 -> 0.0176  accuracy: 99.49% -> 99.49%      
client [81] (testset)   loss: 0.0674 -> 0.0690  accuracy: 98.15% -> 98.15%      
client [85] (testset)   loss: 0.0833 -> 0.0842  accuracy: 98.25% -> 98.25%      
client [89] (testset)   loss: 0.2658 -> 0.2812  accuracy: 94.74% -> 94.74%      
client [45] (testset)   loss: 0.5726 -> 0.5577  accuracy: 89.19% -> 89.19%      
client [8]  (testset)   loss: 0.3064 -> 0.2820  accuracy: 94.94% -> 94.64%      
client [68] (testset)   loss: 0.0453 -> 0.0686  accuracy: 98.18% -> 98.18%      
---------------------------- TRAINING EPOCH: 390 ----------------------------   
client [67] (testset)   loss: 0.2499 -> 0.2587  accuracy: 95.19% -> 95.19%      
client [72] (testset)   loss: 0.0009 -> 0.0015  accuracy: 100.00% -> 100.00%    
client [1]  (testset)   loss: 0.2433 -> 0.2318  accuracy: 96.83% -> 96.83%      
client [78] (testset)   loss: 0.0229 -> 0.0225  accuracy: 99.21% -> 99.21%      
client [83] (testset)   loss: 0.0426 -> 0.0385  accuracy: 98.73% -> 98.73%      
client [21] (testset)   loss: 0.3237 -> 0.3324  accuracy: 95.03% -> 95.65%      
client [56] (testset)   loss: 0.4415 -> 0.4281  accuracy: 89.92% -> 89.08%      
client [44] (testset)   loss: 0.0732 -> 0.0809  accuracy: 99.06% -> 98.11%      
client [92] (testset)   loss: 0.0063 -> 0.0053  accuracy: 100.00% -> 100.00%    
client [27] (testset)   loss: 0.0001 -> 0.0001  accuracy: 100.00% -> 100.00%    
---------------------------- TRAINING EPOCH: 400 ----------------------------   
client [10] (testset)   loss: 0.0004 -> 0.0003  accuracy: 100.00% -> 100.00%    
client [39] (testset)   loss: 0.0014 -> 0.0000  accuracy: 100.00% -> 100.00%    
client [65] (testset)   loss: 0.5902 -> 0.5915  accuracy: 93.75% -> 93.75%      
client [26] (testset)   loss: 0.0638 -> 0.0704  accuracy: 98.73% -> 98.57%      
client [19] (testset)   loss: 0.3301 -> 0.2848  accuracy: 94.92% -> 94.92%      
client [68] (testset)   loss: 0.0690 -> 0.0801  accuracy: 98.18% -> 98.18%      
client [41] (testset)   loss: 0.2463 -> 0.2512  accuracy: 95.56% -> 95.56%      
client [50] (testset)   loss: 0.0174 -> 0.0171  accuracy: 99.72% -> 99.72%      
client [75] (testset)   loss: 0.4956 -> 0.4743  accuracy: 90.43% -> 90.43%      
client [81] (testset)   loss: 0.0602 -> 0.0714  accuracy: 98.15% -> 98.15%      
Training... ━━━━━━━━━━━━━━━━━━━━━━━━━━━━━━━━━━━━━━━━ 100% 0:06:18
PSFL's average time taken by each global epoch: 0 min 0.94 sec.                 
PSFL's total running time: 0 h 6 m 18 s.                                        
==================== PSFL Experiment Results: ====================              
Display format: (before local fine-tuning) -> (after local fine-tuning)         
 So if finetune_epoch = 0, x.xx% -> 0.00% is normal.                            
 Centralized testing ONLY happens after model aggregation, so the stats between 
'->' are the same.                                                              
{                                                                               
    "100": {                                                                    
        "all_clients": {                                                        
            "test": {                                                           
                "loss": "0.1164 -> 0.0000",                                     
                "accuracy": "96.05% -> 0.00%"                                   
            }                                                                   
        }                                                                       
    },                                                                          
    "200": {                                                                    
        "all_clients": {                                                        
            "test": {                                                           
                "loss": "0.1201 -> 0.0000",                                     
                "accuracy": "96.75% -> 0.00%"                                   
            }                                                                   
        }                                                                       
    },                                                                          
    "300": {                                                                    
        "all_clients": {                                                        
            "test": {                                                           
                "loss": "0.1522 -> 0.0000",                                     
                "accuracy": "96.95% -> 0.00%"                                   
            }                                                                   
        }                                                                       
    },                                                                          
    "400": {                                                                    
        "all_clients": {                                                        
            "test": {                                                           
                "loss": "0.1724 -> 0.0000",                                     
                "accuracy": "96.92% -> 0.00%"                                   
            }                                                                   
        }                                                                       
    }                                                                           
}                                                                               
==================== PSFL Max Accuracy ====================                     
all_clients:                                                                    
(test) before fine-tuning: 96.95% at epoch 300                                  
(test) after fine-tuning: 0.00% at epoch 100                                    
