Files already downloaded and verified
Files already downloaded and verified
==================== PSFL ====================                                  
Experiment Arguments:                                                           
{
│   'method': 'psfl',
│   'dataset': {
│   │   'name': 'cifar10',
│   │   'client_num': 100,
│   │   'test_ratio': 0.25,
│   │   'val_ratio': 0.0,
│   │   'seed': 42,
│   │   'split': 'sample',
│   │   'IID_ratio': 0.0,
│   │   'monitor_window_name_suffix': 'cifar10-100clients-0%IID-Dir(0.1)-seed42',
│   │   'alpha': 0.1,
│   │   'min_samples_per_client': 10
│   },
│   'model': {
│   │   'name': 'avgcnn',
│   │   'use_torchvision_pretrained_weights': True,
│   │   'external_model_weights_path': None
│   },
│   'optimizer': {
│   │   'lr': 0.01,
│   │   'dampening': 0,
│   │   'weight_decay': 0,
│   │   'momentum': 0,
│   │   'nesterov': False,
│   │   'name': 'sgd'
│   },
│   'mode': 'sequential',
│   'parallel': {
│   │   'ray_cluster_addr': None,
│   │   'num_cpus': None,
│   │   'num_gpus': None,
│   │   'num_workers': 2
│   },
│   'common': {
│   │   'seed': 42,
│   │   'join_ratio': 0.1,
│   │   'global_epoch': 400,
│   │   'local_epoch': 5,
│   │   'batch_size': 32,
│   │   'reset_optimizer_on_global_epoch': True,
│   │   'straggler_ratio': 0,
│   │   'straggler_min_local_epoch': 0,
│   │   'buffers': 'global',
│   │   'client_side_evaluation': True,
│   │   'test': {
│   │   │   'client': {
│   │   │   │   'interval': 100,
│   │   │   │   'finetune_epoch': 0,
│   │   │   │   'train': False,
│   │   │   │   'val': False,
│   │   │   │   'test': True
│   │   │   },
│   │   │   'server': {
│   │   │   │   'interval': -1,
│   │   │   │   'train': False,
│   │   │   │   'val': False,
│   │   │   │   'test': False,
│   │   │   │   'model_in_train_mode': False
│   │   │   }
│   │   },
│   │   'verbose_gap': 10,
│   │   'monitor': None,
│   │   'use_cuda': True,
│   │   'save_log': True,
│   │   'save_model': False,
│   │   'save_learning_curve_plot': False,
│   │   'save_metrics': True,
│   │   'delete_useless_run': True
│   },
│   'psfl': {
│   │   'alpha': 0.0,
│   │   'CLS': False,
│   │   'ig_ratio': 0.9994,
│   │   'track': False,
│   │   'score': 'diff'
│   }
}
---------------------------- TRAINING EPOCH: 10 ----------------------------    
client [77] (testset)   loss: 0.7772 -> 0.3886  accuracy: 73.85% -> 86.57%      
client [81] (testset)   loss: 0.0757 -> 0.0473  accuracy: 98.21% -> 98.21%      
client [21] (testset)   loss: 2.8751 -> 0.8922  accuracy: 21.74% -> 69.57%      
client [68] (testset)   loss: 1.6225 -> 0.2849  accuracy: 41.24% -> 92.09%      
client [93] (testset)   loss: 0.7093 -> 0.5175  accuracy: 78.95% -> 78.95%      
client [31] (testset)   loss: 0.5792 -> 0.1387  accuracy: 82.49% -> 94.47%      
client [20] (testset)   loss: 0.5974 -> 0.6843  accuracy: 81.61% -> 76.81%      
client [59] (testset)   loss: 1.9324 -> 0.1610  accuracy: 0.00% -> 100.00%      
client [48] (testset)   loss: 0.8874 -> 0.5992  accuracy: 69.23% -> 84.62%      
client [34] (testset)   loss: 0.7997 -> 0.7527  accuracy: 71.61% -> 74.19%      
---------------------------- TRAINING EPOCH: 20 ----------------------------    
client [69] (testset)   loss: 0.8912 -> 0.8369  accuracy: 62.42% -> 62.73%      
client [99] (testset)   loss: 0.3931 -> 0.0394  accuracy: 93.67% -> 100.00%     
client [67] (testset)   loss: 0.7911 -> 0.2632  accuracy: 73.55% -> 90.32%      
client [0]  (testset)   loss: 0.2766 -> 0.1359  accuracy: 92.81% -> 96.41%      
client [76] (testset)   loss: 0.4674 -> 0.3112  accuracy: 80.79% -> 88.74%      
client [41] (testset)   loss: 1.1732 -> 0.7636  accuracy: 60.32% -> 68.25%      
client [62] (testset)   loss: 2.0674 -> 0.2352  accuracy: 5.88% -> 94.12%       
client [2]  (testset)   loss: 2.6912 -> 0.4576  accuracy: 13.87% -> 83.21%      
client [14] (testset)   loss: 2.0403 -> 0.5890  accuracy: 32.51% -> 75.37%      
client [46] (testset)   loss: 0.6340 -> 0.5499  accuracy: 76.74% -> 78.29%      
---------------------------- TRAINING EPOCH: 30 ----------------------------    
client [24] (testset)   loss: 0.2542 -> 0.3597  accuracy: 91.67% -> 83.33%      
client [68] (testset)   loss: 0.3671 -> 0.1731  accuracy: 87.57% -> 94.35%      
client [57] (testset)   loss: 0.2945 -> 0.1627  accuracy: 91.14% -> 94.51%      
client [17] (testset)   loss: 0.6888 -> 0.8809  accuracy: 77.98% -> 75.00%      
client [54] (testset)   loss: 0.5097 -> 0.5718  accuracy: 85.00% -> 85.00%      
client [23] (testset)   loss: 1.8129 -> 0.0406  accuracy: 35.71% -> 100.00%     
client [35] (testset)   loss: 1.2100 -> 0.5572  accuracy: 50.00% -> 83.33%      
client [59] (testset)   loss: 0.1940 -> 0.1537  accuracy: 100.00% -> 100.00%    
client [31] (testset)   loss: 0.1642 -> 0.1454  accuracy: 94.93% -> 94.93%      
client [9]  (testset)   loss: 0.5887 -> 0.4365  accuracy: 79.06% -> 85.04%      
---------------------------- TRAINING EPOCH: 40 ----------------------------    
client [64] (testset)   loss: 0.1527 -> 0.1459  accuracy: 96.33% -> 95.41%      
client [33] (testset)   loss: 0.3807 -> 0.2540  accuracy: 88.54% -> 92.71%      
client [16] (testset)   loss: 0.8599 -> 0.8691  accuracy: 71.69% -> 74.10%      
client [44] (testset)   loss: 0.6103 -> 0.2721  accuracy: 78.57% -> 90.82%      
client [8]  (testset)   loss: 0.5496 -> 0.5764  accuracy: 74.19% -> 80.65%      
client [31] (testset)   loss: 0.1389 -> 0.1205  accuracy: 95.39% -> 96.31%      
client [47] (testset)   loss: 1.2146 -> 1.2704  accuracy: 56.25% -> 56.25%      
client [36] (testset)   loss: 0.6981 -> 0.6829  accuracy: 82.98% -> 78.72%      
client [20] (testset)   loss: 0.6604 -> 0.5143  accuracy: 83.68% -> 84.97%      
client [56] (testset)   loss: 0.2411 -> 0.2736  accuracy: 93.85% -> 89.23%      
---------------------------- TRAINING EPOCH: 50 ----------------------------    
client [4]  (testset)   loss: 0.1103 -> 0.0667  accuracy: 94.37% -> 98.59%      
client [60] (testset)   loss: 1.7229 -> 0.2758  accuracy: 42.70% -> 91.01%      
client [28] (testset)   loss: 0.2734 -> 0.4049  accuracy: 96.00% -> 88.00%      
client [25] (testset)   loss: 0.6937 -> 0.5468  accuracy: 75.27% -> 80.57%      
client [58] (testset)   loss: 0.4266 -> 0.2011  accuracy: 86.51% -> 94.05%      
client [44] (testset)   loss: 0.2264 -> 0.2684  accuracy: 92.86% -> 92.86%      
client [39] (testset)   loss: 0.7707 -> 0.6102  accuracy: 70.55% -> 78.77%      
client [29] (testset)   loss: 0.2552 -> 0.1589  accuracy: 90.64% -> 94.15%      
client [3]  (testset)   loss: 1.0265 -> 0.6890  accuracy: 68.45% -> 78.07%      
client [84] (testset)   loss: 0.5781 -> 0.3775  accuracy: 82.81% -> 89.06%      
---------------------------- TRAINING EPOCH: 60 ----------------------------    
client [21] (testset)   loss: 1.2009 -> 0.7930  accuracy: 65.22% -> 69.57%      
client [84] (testset)   loss: 0.5383 -> 0.4293  accuracy: 85.94% -> 85.94%      
client [10] (testset)   loss: 0.0910 -> 0.0772  accuracy: 97.11% -> 97.69%      
client [36] (testset)   loss: 0.5828 -> 0.7999  accuracy: 78.72% -> 74.47%      
client [65] (testset)   loss: 0.5692 -> 0.4974  accuracy: 78.57% -> 89.29%      
client [81] (testset)   loss: 0.0142 -> 0.0155  accuracy: 100.00% -> 99.11%     
client [79] (testset)   loss: 0.2317 -> 0.2180  accuracy: 93.58% -> 93.02%      
client [42] (testset)   loss: 0.2704 -> 0.2959  accuracy: 92.59% -> 91.36%      
client [11] (testset)   loss: 0.1971 -> 0.6444  accuracy: 86.36% -> 77.27%      
client [96] (testset)   loss: 1.1055 -> 1.2594  accuracy: 63.64% -> 65.91%      
---------------------------- TRAINING EPOCH: 70 ----------------------------    
client [8]  (testset)   loss: 0.6044 -> 0.5404  accuracy: 80.65% -> 83.87%      
client [53] (testset)   loss: 0.5687 -> 0.5068  accuracy: 77.04% -> 82.65%      
client [52] (testset)   loss: 0.1434 -> 0.1474  accuracy: 96.08% -> 97.06%      
client [42] (testset)   loss: 0.2762 -> 0.3154  accuracy: 92.59% -> 93.00%      
client [69] (testset)   loss: 1.5138 -> 1.1671  accuracy: 55.45% -> 65.15%      
client [59] (testset)   loss: 0.3050 -> 0.1242  accuracy: 100.00% -> 100.00%    
client [7]  (testset)   loss: 0.5620 -> 0.4608  accuracy: 81.16% -> 84.06%      
client [26] (testset)   loss: 0.6909 -> 0.7802  accuracy: 84.62% -> 92.31%      
client [49] (testset)   loss: 0.5058 -> 0.5347  accuracy: 82.22% -> 81.90%      
client [98] (testset)   loss: 0.8007 -> 0.7761  accuracy: 76.78% -> 83.41%      
---------------------------- TRAINING EPOCH: 80 ----------------------------    
client [98] (testset)   loss: 0.9157 -> 0.8032  accuracy: 78.20% -> 84.83%      
client [47] (testset)   loss: 2.1760 -> 1.7071  accuracy: 56.25% -> 56.25%      
client [21] (testset)   loss: 0.9564 -> 1.0312  accuracy: 73.91% -> 69.57%      
client [77] (testset)   loss: 0.3965 -> 0.4133  accuracy: 89.75% -> 90.46%      
client [95] (testset)   loss: 1.1777 -> 1.1203  accuracy: 63.22% -> 68.97%      
client [91] (testset)   loss: 0.4849 -> 0.5091  accuracy: 91.18% -> 91.18%      
client [14] (testset)   loss: 0.6104 -> 0.6307  accuracy: 81.77% -> 80.79%      
client [99] (testset)   loss: 0.0888 -> 0.0248  accuracy: 96.20% -> 98.73%      
client [20] (testset)   loss: 0.7524 -> 0.7139  accuracy: 84.72% -> 84.97%      
client [39] (testset)   loss: 0.6684 -> 0.5641  accuracy: 79.45% -> 83.56%      
---------------------------- TRAINING EPOCH: 90 ----------------------------    
client [52] (testset)   loss: 0.1881 -> 0.1092  accuracy: 92.16% -> 98.04%      
client [62] (testset)   loss: 0.0076 -> 0.0113  accuracy: 100.00% -> 100.00%    
client [71] (testset)   loss: 0.6812 -> 0.7320  accuracy: 81.72% -> 82.80%      
client [97] (testset)   loss: 1.0622 -> 0.8694  accuracy: 81.71% -> 84.15%      
client [30] (testset)   loss: 1.1728 -> 1.0624  accuracy: 74.19% -> 76.34%      
client [88] (testset)   loss: 0.4135 -> 0.3932  accuracy: 88.95% -> 88.68%      
client [60] (testset)   loss: 0.4928 -> 0.3580  accuracy: 85.77% -> 89.51%      
client [82] (testset)   loss: 0.1492 -> 0.1888  accuracy: 96.59% -> 96.59%      
client [91] (testset)   loss: 0.4696 -> 0.5150  accuracy: 88.24% -> 88.24%      
client [57] (testset)   loss: 0.1821 -> 0.1959  accuracy: 94.94% -> 94.94%      
---------------------------- TRAINING EPOCH: 100 ----------------------------   
client [31] (testset)   loss: 0.1955 -> 0.1820  accuracy: 95.39% -> 95.85%      
client [15] (testset)   loss: 0.4762 -> 0.9856  accuracy: 89.06% -> 69.53%      
client [71] (testset)   loss: 0.9608 -> 0.7510  accuracy: 80.11% -> 82.26%      
client [97] (testset)   loss: 0.9487 -> 0.7446  accuracy: 81.71% -> 84.15%      
client [53] (testset)   loss: 0.5599 -> 0.5393  accuracy: 80.10% -> 84.18%      
client [77] (testset)   loss: 0.4490 -> 0.4357  accuracy: 89.05% -> 90.46%      
client [76] (testset)   loss: 0.3438 -> 0.2824  accuracy: 91.39% -> 90.73%      
client [79] (testset)   loss: 0.3414 -> 0.2682  accuracy: 91.06% -> 93.30%      
client [28] (testset)   loss: 0.5191 -> 0.4269  accuracy: 84.00% -> 84.00%      
client [99] (testset)   loss: 0.0480 -> 0.0201  accuracy: 97.47% -> 98.73%      
---------------------------- TRAINING EPOCH: 110 ----------------------------   
client [97] (testset)   loss: 0.6561 -> 0.7764  accuracy: 82.93% -> 87.80%      
client [86] (testset)   loss: 0.5106 -> 0.5229  accuracy: 86.84% -> 89.47%      
client [34] (testset)   loss: 1.1973 -> 1.2030  accuracy: 76.13% -> 76.77%      
client [73] (testset)   loss: 0.7949 -> 0.7949  accuracy: 78.79% -> 81.82%      
client [5]  (testset)   loss: 0.7687 -> 0.7734  accuracy: 82.99% -> 84.28%      
client [96] (testset)   loss: 1.4838 -> 1.5060  accuracy: 70.45% -> 72.73%      
client [22] (testset)   loss: 0.8732 -> 0.7428  accuracy: 87.22% -> 87.22%      
client [60] (testset)   loss: 0.4224 -> 0.3693  accuracy: 89.51% -> 90.64%      
client [66] (testset)   loss: 0.6594 -> 0.7493  accuracy: 87.50% -> 87.50%      
client [83] (testset)   loss: 0.8693 -> 0.7372  accuracy: 82.35% -> 83.19%      
---------------------------- TRAINING EPOCH: 120 ----------------------------   
client [76] (testset)   loss: 0.3382 -> 0.2749  accuracy: 89.40% -> 89.40%      
client [65] (testset)   loss: 0.7244 -> 0.6901  accuracy: 78.57% -> 82.14%      
client [95] (testset)   loss: 1.3844 -> 1.3382  accuracy: 66.67% -> 71.26%      
client [17] (testset)   loss: 0.7115 -> 0.7609  accuracy: 77.98% -> 80.95%      
client [8]  (testset)   loss: 0.7550 -> 0.6295  accuracy: 80.65% -> 83.87%      
client [35] (testset)   loss: 1.8025 -> 1.3454  accuracy: 50.00% -> 50.00%      
client [98] (testset)   loss: 0.9462 -> 1.0101  accuracy: 83.41% -> 86.26%      
client [53] (testset)   loss: 0.7458 -> 0.5871  accuracy: 78.57% -> 84.69%      
client [43] (testset)   loss: 0.4652 -> 0.4341  accuracy: 90.91% -> 90.91%      
client [64] (testset)   loss: 0.1984 -> 0.2263  accuracy: 94.50% -> 94.95%      
---------------------------- TRAINING EPOCH: 130 ----------------------------   
client [21] (testset)   loss: 1.2879 -> 1.5184  accuracy: 78.26% -> 69.57%      
client [88] (testset)   loss: 0.4722 -> 0.5312  accuracy: 90.26% -> 89.74%      
client [38] (testset)   loss: 0.1032 -> 0.1230  accuracy: 95.19% -> 96.15%      
client [3]  (testset)   loss: 0.9601 -> 0.8799  accuracy: 79.14% -> 81.28%      
client [5]  (testset)   loss: 0.8319 -> 0.8485  accuracy: 82.73% -> 84.28%      
client [41] (testset)   loss: 0.7565 -> 0.7072  accuracy: 84.13% -> 80.95%      
client [7]  (testset)   loss: 0.7424 -> 0.5612  accuracy: 80.19% -> 85.51%      
client [37] (testset)   loss: 0.0504 -> 0.9425  accuracy: 100.00% -> 66.67%     
client [45] (testset)   loss: 1.7940 -> 1.8008  accuracy: 72.73% -> 72.73%      
client [47] (testset)   loss: 1.7928 -> 1.6966  accuracy: 56.25% -> 68.75%      
---------------------------- TRAINING EPOCH: 140 ----------------------------   
client [16] (testset)   loss: 0.7583 -> 0.9418  accuracy: 81.33% -> 80.12%      
client [11] (testset)   loss: 0.5864 -> 0.3714  accuracy: 72.73% -> 81.82%      
client [37] (testset)   loss: 0.2675 -> 0.2818  accuracy: 83.33% -> 83.33%      
client [41] (testset)   loss: 0.9109 -> 0.9280  accuracy: 79.37% -> 79.37%      
client [95] (testset)   loss: 1.2043 -> 1.3745  accuracy: 67.82% -> 70.11%      
client [53] (testset)   loss: 0.6459 -> 0.5898  accuracy: 83.16% -> 84.18%      
client [22] (testset)   loss: 0.9098 -> 0.7888  accuracy: 87.22% -> 88.72%      
client [25] (testset)   loss: 0.8404 -> 0.8745  accuracy: 81.63% -> 83.39%      
client [69] (testset)   loss: 1.6467 -> 1.6632  accuracy: 67.58% -> 65.45%      
client [46] (testset)   loss: 0.9878 -> 0.7953  accuracy: 80.62% -> 85.27%      
---------------------------- TRAINING EPOCH: 150 ----------------------------   
client [47] (testset)   loss: 2.0217 -> 2.0370  accuracy: 56.25% -> 56.25%      
client [69] (testset)   loss: 1.9789 -> 1.9534  accuracy: 65.15% -> 63.94%      
client [82] (testset)   loss: 0.2310 -> 0.2316  accuracy: 97.73% -> 97.73%      
client [45] (testset)   loss: 1.8183 -> 1.8259  accuracy: 81.82% -> 81.82%      
client [7]  (testset)   loss: 0.6245 -> 0.5936  accuracy: 84.54% -> 85.51%      
client [50] (testset)   loss: 1.9058 -> 0.7697  accuracy: 42.86% -> 71.43%      
client [35] (testset)   loss: 2.6542 -> 1.7855  accuracy: 83.33% -> 66.67%      
client [24] (testset)   loss: 0.5110 -> 0.4875  accuracy: 88.89% -> 88.89%      
client [15] (testset)   loss: 0.7449 -> 0.5853  accuracy: 81.64% -> 87.50%      
client [58] (testset)   loss: 0.3131 -> 0.3481  accuracy: 95.24% -> 95.24%      
---------------------------- TRAINING EPOCH: 160 ----------------------------   
client [48] (testset)   loss: 2.1200 -> 2.1138  accuracy: 76.92% -> 76.92%      
client [76] (testset)   loss: 0.4374 -> 0.3589  accuracy: 90.07% -> 91.39%      
client [67] (testset)   loss: 0.2249 -> 0.1957  accuracy: 92.90% -> 94.19%      
client [37] (testset)   loss: 0.9860 -> 0.8601  accuracy: 66.67% -> 66.67%      
client [58] (testset)   loss: 0.4380 -> 0.4235  accuracy: 95.24% -> 95.24%      
client [64] (testset)   loss: 0.2425 -> 0.2458  accuracy: 95.87% -> 95.41%      
client [77] (testset)   loss: 0.5593 -> 0.5936  accuracy: 90.81% -> 91.52%      
client [55] (testset)   loss: 0.6811 -> 0.6729  accuracy: 87.24% -> 86.27%      
client [12] (testset)   loss: 0.7187 -> 0.7256  accuracy: 84.32% -> 87.46%      
client [89] (testset)   loss: 0.2888 -> 0.3442  accuracy: 96.08% -> 96.08%      
---------------------------- TRAINING EPOCH: 170 ----------------------------   
client [84] (testset)   loss: 0.6979 -> 0.6698  accuracy: 81.25% -> 79.69%      
client [51] (testset)   loss: 0.7746 -> 0.6668  accuracy: 87.50% -> 87.50%      
client [8]  (testset)   loss: 0.8072 -> 0.8583  accuracy: 83.87% -> 83.87%      
client [18] (testset)   loss: 0.9649 -> 0.9503  accuracy: 85.03% -> 85.63%      
client [94] (testset)   loss: 0.8220 -> 0.7891  accuracy: 83.08% -> 86.15%      
client [81] (testset)   loss: 0.0416 -> 0.0377  accuracy: 99.11% -> 99.11%      
client [3]  (testset)   loss: 0.9974 -> 0.9719  accuracy: 82.35% -> 81.82%      
client [11] (testset)   loss: 0.4401 -> 0.2071  accuracy: 81.82% -> 86.36%      
client [95] (testset)   loss: 1.8183 -> 1.8857  accuracy: 65.52% -> 65.52%      
client [67] (testset)   loss: 0.3394 -> 0.2398  accuracy: 92.26% -> 93.55%      
---------------------------- TRAINING EPOCH: 180 ----------------------------   
client [21] (testset)   loss: 1.4712 -> 1.4627  accuracy: 78.26% -> 73.91%      
client [79] (testset)   loss: 0.3834 -> 0.3756  accuracy: 93.30% -> 93.58%      
client [58] (testset)   loss: 0.4826 -> 0.4849  accuracy: 94.84% -> 94.84%      
client [88] (testset)   loss: 0.6467 -> 0.6775  accuracy: 90.00% -> 90.00%      
client [46] (testset)   loss: 0.8973 -> 0.9006  accuracy: 82.17% -> 83.72%      
client [11] (testset)   loss: 0.1864 -> 0.1422  accuracy: 95.45% -> 95.45%      
client [55] (testset)   loss: 0.7696 -> 0.7519  accuracy: 85.99% -> 86.69%      
client [13] (testset)   loss: 0.8172 -> 0.7936  accuracy: 87.78% -> 88.33%      
client [31] (testset)   loss: 0.2647 -> 0.2591  accuracy: 94.01% -> 95.39%      
client [75] (testset)   loss: 0.5685 -> 0.5635  accuracy: 89.64% -> 90.70%      
---------------------------- TRAINING EPOCH: 190 ----------------------------   
client [19] (testset)   loss: 0.9119 -> 0.9305  accuracy: 93.81% -> 93.81%      
client [7]  (testset)   loss: 0.6443 -> 0.6437  accuracy: 87.44% -> 85.51%      
client [57] (testset)   loss: 0.2314 -> 0.2388  accuracy: 94.51% -> 94.51%      
client [13] (testset)   loss: 0.7443 -> 0.7362  accuracy: 88.33% -> 89.44%      
client [43] (testset)   loss: 0.7929 -> 0.7872  accuracy: 90.91% -> 90.91%      
client [91] (testset)   loss: 0.8220 -> 0.8091  accuracy: 89.71% -> 89.71%      
client [10] (testset)   loss: 0.1822 -> 0.1928  accuracy: 97.40% -> 97.69%      
client [64] (testset)   loss: 0.2508 -> 0.2387  accuracy: 94.95% -> 95.87%      
client [82] (testset)   loss: 0.2477 -> 0.2478  accuracy: 97.73% -> 97.73%      
client [22] (testset)   loss: 0.9756 -> 0.9911  accuracy: 87.97% -> 87.97%      
---------------------------- TRAINING EPOCH: 200 ----------------------------   
client [20] (testset)   loss: 1.0574 -> 1.0721  accuracy: 85.23% -> 85.10%      
client [23] (testset)   loss: 0.0248 -> 0.0115  accuracy: 100.00% -> 100.00%    
client [88] (testset)   loss: 0.5847 -> 0.6454  accuracy: 89.21% -> 90.26%      
client [98] (testset)   loss: 1.3321 -> 1.3369  accuracy: 83.41% -> 82.46%      
client [79] (testset)   loss: 0.3955 -> 0.3709  accuracy: 91.90% -> 93.58%      
client [21] (testset)   loss: 1.5766 -> 1.6031  accuracy: 78.26% -> 78.26%      
client [92] (testset)   loss: 0.3211 -> 0.3166  accuracy: 92.61% -> 93.10%      
client [56] (testset)   loss: 0.5582 -> 0.5458  accuracy: 87.69% -> 87.69%      
client [5]  (testset)   loss: 1.0697 -> 1.0469  accuracy: 83.25% -> 83.76%      
client [52] (testset)   loss: 0.1852 -> 0.1945  accuracy: 98.04% -> 98.04%      
---------------------------- TRAINING EPOCH: 210 ----------------------------   
client [67] (testset)   loss: 0.3005 -> 0.2203  accuracy: 94.19% -> 94.19%      
client [54] (testset)   loss: 1.5427 -> 1.5076  accuracy: 83.75% -> 83.75%      
client [14] (testset)   loss: 0.9656 -> 0.9320  accuracy: 81.28% -> 80.79%      
client [99] (testset)   loss: 0.0740 -> 0.0712  accuracy: 98.73% -> 98.73%      
client [36] (testset)   loss: 1.3959 -> 1.3631  accuracy: 82.98% -> 80.85%      
client [30] (testset)   loss: 2.0562 -> 1.9478  accuracy: 76.34% -> 77.42%      
client [38] (testset)   loss: 0.1250 -> 0.1539  accuracy: 96.15% -> 96.15%      
client [15] (testset)   loss: 0.7142 -> 0.7104  accuracy: 88.28% -> 87.89%      
client [6]  (testset)   loss: 1.1168 -> 1.0337  accuracy: 82.89% -> 84.41%      
client [53] (testset)   loss: 0.7810 -> 0.8061  accuracy: 86.22% -> 85.71%      
---------------------------- TRAINING EPOCH: 220 ----------------------------   
client [99] (testset)   loss: 0.1377 -> 0.0839  accuracy: 97.47% -> 98.73%      
client [6]  (testset)   loss: 1.0091 -> 0.9232  accuracy: 82.89% -> 83.65%      
client [83] (testset)   loss: 0.9943 -> 1.0048  accuracy: 83.19% -> 82.35%      
client [42] (testset)   loss: 0.4212 -> 0.4585  accuracy: 93.83% -> 93.83%      
client [34] (testset)   loss: 1.5773 -> 1.5874  accuracy: 74.19% -> 74.19%      
client [15] (testset)   loss: 0.6714 -> 0.6321  accuracy: 87.50% -> 89.45%      
client [47] (testset)   loss: 2.2737 -> 2.3043  accuracy: 62.50% -> 62.50%      
client [55] (testset)   loss: 0.7978 -> 0.7577  accuracy: 86.41% -> 87.10%      
client [51] (testset)   loss: 0.9077 -> 0.8182  accuracy: 87.50% -> 87.50%      
client [95] (testset)   loss: 1.8142 -> 1.8499  accuracy: 67.82% -> 68.97%      
---------------------------- TRAINING EPOCH: 230 ----------------------------   
client [71] (testset)   loss: 1.0266 -> 1.0477  accuracy: 82.26% -> 82.80%      
client [15] (testset)   loss: 0.7231 -> 0.6977  accuracy: 87.89% -> 88.67%      
client [33] (testset)   loss: 0.5697 -> 0.5926  accuracy: 94.79% -> 93.75%      
client [99] (testset)   loss: 0.0530 -> 0.0624  accuracy: 97.47% -> 97.47%      
client [90] (testset)   loss: 0.0177 -> 0.4904  accuracy: 100.00% -> 86.67%     
client [57] (testset)   loss: 1.4223 -> 0.2456  accuracy: 63.29% -> 93.67%      
client [27] (testset)   loss: 2.0622 -> 1.1884  accuracy: 66.67% -> 76.19%      
client [78] (testset)   loss: 1.2624 -> 1.0034  accuracy: 71.93% -> 82.46%      
client [36] (testset)   loss: 1.0436 -> 0.9566  accuracy: 78.72% -> 85.11%      
client [88] (testset)   loss: 0.7390 -> 0.6519  accuracy: 86.84% -> 88.68%      
---------------------------- TRAINING EPOCH: 240 ----------------------------   
client [70] (testset)   loss: 0.3041 -> 0.2984  accuracy: 93.23% -> 93.23%      
client [35] (testset)   loss: 2.6314 -> 2.6329  accuracy: 66.67% -> 66.67%      
client [16] (testset)   loss: 1.4106 -> 1.3578  accuracy: 80.12% -> 78.92%      
client [80] (testset)   loss: 0.5398 -> 0.5443  accuracy: 97.39% -> 97.39%      
client [38] (testset)   loss: 0.1438 -> 0.1441  accuracy: 96.15% -> 96.15%      
client [78] (testset)   loss: 1.1162 -> 1.1219  accuracy: 81.14% -> 82.02%      
client [68] (testset)   loss: 0.3267 -> 0.3551  accuracy: 94.35% -> 94.92%      
client [11] (testset)   loss: 0.5319 -> 0.2638  accuracy: 77.27% -> 90.91%      
client [64] (testset)   loss: 0.2681 -> 0.2922  accuracy: 95.41% -> 95.41%      
client [82] (testset)   loss: 0.3432 -> 0.3418  accuracy: 97.73% -> 97.73%      
---------------------------- TRAINING EPOCH: 250 ----------------------------   
client [30] (testset)   loss: 1.9391 -> 1.8700  accuracy: 75.27% -> 75.27%      
client [27] (testset)   loss: 1.6944 -> 1.6981  accuracy: 66.67% -> 66.67%      
client [74] (testset)   loss: 1.5200 -> 1.5336  accuracy: 81.58% -> 81.58%      
client [45] (testset)   loss: 2.4181 -> 2.4412  accuracy: 81.82% -> 81.82%      
client [6]  (testset)   loss: 1.0650 -> 1.0837  accuracy: 83.65% -> 83.27%      
client [36] (testset)   loss: 1.5536 -> 1.4674  accuracy: 80.85% -> 80.85%      
client [63] (testset)   loss: 1.1833 -> 1.1472  accuracy: 82.20% -> 83.05%      
client [76] (testset)   loss: 0.5041 -> 0.5041  accuracy: 90.07% -> 90.07%      
client [83] (testset)   loss: 1.0836 -> 1.0932  accuracy: 84.59% -> 84.03%      
client [86] (testset)   loss: 0.9855 -> 0.9490  accuracy: 89.47% -> 89.47%      
---------------------------- TRAINING EPOCH: 260 ----------------------------   
client [83] (testset)   loss: 1.0984 -> 1.1529  accuracy: 84.87% -> 84.03%      
client [99] (testset)   loss: 0.0979 -> 0.0986  accuracy: 97.47% -> 97.47%      
client [74] (testset)   loss: 1.6304 -> 1.6076  accuracy: 81.58% -> 81.58%      
client [73] (testset)   loss: 0.9920 -> 0.9640  accuracy: 75.76% -> 78.79%      
client [29] (testset)   loss: 0.2792 -> 0.2756  accuracy: 95.91% -> 95.91%      
client [92] (testset)   loss: 0.3758 -> 0.3709  accuracy: 92.12% -> 93.10%      
client [6]  (testset)   loss: 1.1895 -> 1.1429  accuracy: 84.03% -> 84.41%      
client [61] (testset)   loss: 1.5335 -> 1.4640  accuracy: 79.65% -> 79.65%      
client [21] (testset)   loss: 2.1038 -> 2.1294  accuracy: 78.26% -> 78.26%      
client [67] (testset)   loss: 0.2465 -> 0.2280  accuracy: 95.48% -> 95.48%      
---------------------------- TRAINING EPOCH: 270 ----------------------------   
client [83] (testset)   loss: 1.1754 -> 1.1573  accuracy: 83.75% -> 83.47%      
client [32] (testset)   loss: 2.4192 -> 2.2982  accuracy: 68.12% -> 67.39%      
client [95] (testset)   loss: 2.1843 -> 2.1497  accuracy: 71.26% -> 70.11%      
client [61] (testset)   loss: 1.4964 -> 1.4857  accuracy: 80.53% -> 81.42%      
client [27] (testset)   loss: 1.7658 -> 1.7771  accuracy: 71.43% -> 71.43%      
client [25] (testset)   loss: 1.3564 -> 1.4059  accuracy: 81.27% -> 81.27%      
client [68] (testset)   loss: 0.3977 -> 0.4129  accuracy: 95.48% -> 95.48%      
client [34] (testset)   loss: 2.0422 -> 2.0310  accuracy: 73.55% -> 72.90%      
client [71] (testset)   loss: 1.1237 -> 1.1460  accuracy: 84.95% -> 84.95%      
client [89] (testset)   loss: 0.5301 -> 0.5300  accuracy: 96.08% -> 96.08%      
---------------------------- TRAINING EPOCH: 280 ----------------------------   
client [78] (testset)   loss: 1.2845 -> 1.2578  accuracy: 81.14% -> 81.14%      
client [81] (testset)   loss: 0.0458 -> 0.0460  accuracy: 99.11% -> 99.11%      
client [51] (testset)   loss: 1.4094 -> 1.2779  accuracy: 87.50% -> 87.50%      
client [54] (testset)   loss: 1.8132 -> 1.6991  accuracy: 83.75% -> 85.00%      
client [65] (testset)   loss: 1.3773 -> 1.4155  accuracy: 78.57% -> 78.57%      
client [41] (testset)   loss: 1.3719 -> 1.3325  accuracy: 80.95% -> 80.95%      
client [11] (testset)   loss: 0.7306 -> 0.4070  accuracy: 86.36% -> 86.36%      
client [85] (testset)   loss: 0.3389 -> 0.3205  accuracy: 96.10% -> 96.59%      
client [12] (testset)   loss: 1.0901 -> 1.0479  accuracy: 85.71% -> 86.06%      
client [23] (testset)   loss: 0.0016 -> 0.0015  accuracy: 100.00% -> 100.00%    
---------------------------- TRAINING EPOCH: 290 ----------------------------   
client [16] (testset)   loss: 1.6263 -> 1.4782  accuracy: 81.33% -> 82.53%      
client [65] (testset)   loss: 1.5355 -> 1.5053  accuracy: 82.14% -> 82.14%      
client [53] (testset)   loss: 0.9542 -> 0.9447  accuracy: 82.65% -> 83.67%      
client [58] (testset)   loss: 0.6160 -> 0.6216  accuracy: 94.44% -> 94.05%      
client [72] (testset)   loss: 0.0812 -> 0.0772  accuracy: 96.97% -> 96.97%      
client [7]  (testset)   loss: 0.7582 -> 0.8216  accuracy: 85.02% -> 85.99%      
client [71] (testset)   loss: 1.1686 -> 1.1885  accuracy: 84.41% -> 83.87%      
client [59] (testset)   loss: 0.0003 -> 0.0003  accuracy: 100.00% -> 100.00%    
client [86] (testset)   loss: 1.0345 -> 1.0527  accuracy: 88.16% -> 88.16%      
client [39] (testset)   loss: 1.2587 -> 1.2673  accuracy: 82.88% -> 84.93%      
---------------------------- TRAINING EPOCH: 300 ----------------------------   
client [99] (testset)   loss: 0.0665 -> 0.0654  accuracy: 97.47% -> 97.47%      
client [7]  (testset)   loss: 0.8383 -> 0.8880  accuracy: 84.06% -> 85.02%      
client [17] (testset)   loss: 1.7019 -> 1.4653  accuracy: 79.17% -> 79.76%      
client [64] (testset)   loss: 0.4128 -> 0.3954  accuracy: 94.95% -> 94.95%      
client [37] (testset)   loss: 0.0896 -> 0.1204  accuracy: 100.00% -> 100.00%    
client [29] (testset)   loss: 0.3072 -> 0.3125  accuracy: 95.91% -> 95.91%      
client [93] (testset)   loss: 1.9983 -> 1.9934  accuracy: 78.95% -> 84.21%      
client [73] (testset)   loss: 1.0977 -> 1.0661  accuracy: 81.82% -> 81.82%      
client [40] (testset)   loss: 0.8363 -> 0.7655  accuracy: 77.78% -> 77.78%      
client [76] (testset)   loss: 0.5185 -> 0.5321  accuracy: 88.74% -> 90.73%      
---------------------------- TRAINING EPOCH: 310 ----------------------------   
client [31] (testset)   loss: 0.3931 -> 0.3941  accuracy: 94.47% -> 94.47%      
client [89] (testset)   loss: 0.5431 -> 0.5493  accuracy: 96.08% -> 96.08%      
client [77] (testset)   loss: 0.8275 -> 0.8108  accuracy: 89.05% -> 89.05%      
client [90] (testset)   loss: 0.0000 -> 0.0000  accuracy: 100.00% -> 100.00%    
client [26] (testset)   loss: 1.3567 -> 1.3610  accuracy: 92.31% -> 92.31%      
client [50] (testset)   loss: 1.2254 -> 1.2128  accuracy: 71.43% -> 71.43%      
client [30] (testset)   loss: 2.0968 -> 2.1399  accuracy: 76.34% -> 76.34%      
client [70] (testset)   loss: 0.4051 -> 0.3968  accuracy: 93.23% -> 93.23%      
client [41] (testset)   loss: 1.2351 -> 1.2637  accuracy: 84.13% -> 82.54%      
client [99] (testset)   loss: 0.0926 -> 0.0982  accuracy: 97.47% -> 97.47%      
---------------------------- TRAINING EPOCH: 320 ----------------------------   
client [68] (testset)   loss: 0.4561 -> 0.4554  accuracy: 94.92% -> 95.48%      
client [70] (testset)   loss: 0.3598 -> 0.3553  accuracy: 93.75% -> 93.75%      
client [52] (testset)   loss: 0.2225 -> 0.2296  accuracy: 98.04% -> 98.04%      
client [1]  (testset)   loss: 0.4831 -> 0.4786  accuracy: 92.16% -> 92.16%      
client [2]  (testset)   loss: 1.0685 -> 1.0626  accuracy: 89.05% -> 89.05%      
client [67] (testset)   loss: 0.2241 -> 0.2132  accuracy: 94.84% -> 95.48%      
client [92] (testset)   loss: 0.3713 -> 0.3704  accuracy: 93.10% -> 93.60%      
client [35] (testset)   loss: 3.3211 -> 3.3211  accuracy: 66.67% -> 66.67%      
client [36] (testset)   loss: 1.8625 -> 1.8343  accuracy: 80.85% -> 80.85%      
client [64] (testset)   loss: 0.4317 -> 0.4063  accuracy: 94.95% -> 94.95%      
---------------------------- TRAINING EPOCH: 330 ----------------------------   
client [44] (testset)   loss: 0.3619 -> 0.3686  accuracy: 90.82% -> 89.80%      
client [6]  (testset)   loss: 1.3692 -> 1.2965  accuracy: 84.03% -> 83.65%      
client [12] (testset)   loss: 1.2633 -> 1.1863  accuracy: 86.06% -> 86.06%      
client [55] (testset)   loss: 1.0211 -> 0.9942  accuracy: 86.82% -> 86.13%      
client [29] (testset)   loss: 0.3264 -> 0.3334  accuracy: 95.32% -> 95.32%      
client [9]  (testset)   loss: 0.8904 -> 0.8989  accuracy: 85.04% -> 85.90%      
client [43] (testset)   loss: 1.2734 -> 1.2655  accuracy: 90.91% -> 90.91%      
client [77] (testset)   loss: 0.8434 -> 0.8297  accuracy: 89.75% -> 88.69%      
client [98] (testset)   loss: 1.8628 -> 1.8566  accuracy: 84.36% -> 84.36%      
client [78] (testset)   loss: 1.3511 -> 1.3462  accuracy: 82.89% -> 82.46%      
---------------------------- TRAINING EPOCH: 340 ----------------------------   
client [92] (testset)   loss: 0.3368 -> 0.3398  accuracy: 93.10% -> 93.10%      
client [80] (testset)   loss: 0.7417 -> 0.7167  accuracy: 97.39% -> 97.39%      
client [63] (testset)   loss: 1.4352 -> 1.3705  accuracy: 78.81% -> 80.51%      
client [76] (testset)   loss: 0.5612 -> 0.5557  accuracy: 90.07% -> 91.39%      
client [78] (testset)   loss: 1.3602 -> 1.3603  accuracy: 82.02% -> 82.89%      
client [25] (testset)   loss: 1.4073 -> 1.5066  accuracy: 81.98% -> 82.69%      
client [58] (testset)   loss: 0.7165 -> 0.7043  accuracy: 94.05% -> 94.05%      
client [13] (testset)   loss: 1.1289 -> 1.0842  accuracy: 85.00% -> 87.78%      
client [17] (testset)   loss: 1.4149 -> 1.4398  accuracy: 77.98% -> 79.17%      
client [38] (testset)   loss: 0.1382 -> 0.1563  accuracy: 96.15% -> 96.15%      
---------------------------- TRAINING EPOCH: 350 ----------------------------   
client [72] (testset)   loss: 0.1022 -> 0.0858  accuracy: 93.94% -> 96.97%      
client [82] (testset)   loss: 0.4289 -> 0.4259  accuracy: 96.59% -> 96.59%      
client [86] (testset)   loss: 1.0474 -> 1.0292  accuracy: 86.84% -> 88.16%      
client [51] (testset)   loss: 0.9846 -> 0.9853  accuracy: 87.50% -> 87.50%      
client [96] (testset)   loss: 3.3212 -> 3.1933  accuracy: 68.18% -> 68.18%      
client [42] (testset)   loss: 0.6077 -> 0.6068  accuracy: 94.24% -> 94.24%      
client [55] (testset)   loss: 0.9798 -> 0.9898  accuracy: 86.96% -> 86.69%      
client [13] (testset)   loss: 1.0900 -> 1.0882  accuracy: 87.22% -> 87.22%      
client [1]  (testset)   loss: 0.6035 -> 0.5861  accuracy: 90.20% -> 90.20%      
client [12] (testset)   loss: 1.3081 -> 1.1864  accuracy: 85.71% -> 86.06%      
---------------------------- TRAINING EPOCH: 360 ----------------------------   
client [68] (testset)   loss: 0.4962 -> 0.4890  accuracy: 94.92% -> 95.48%      
client [23] (testset)   loss: 0.0015 -> 0.0014  accuracy: 100.00% -> 100.00%    
client [46] (testset)   loss: 1.2518 -> 1.1403  accuracy: 82.95% -> 83.72%      
client [41] (testset)   loss: 1.3804 -> 1.3221  accuracy: 80.95% -> 80.95%      
client [25] (testset)   loss: 1.4664 -> 1.5377  accuracy: 83.04% -> 82.33%      
client [58] (testset)   loss: 0.6926 -> 0.6921  accuracy: 94.05% -> 93.65%      
client [14] (testset)   loss: 1.1859 -> 1.1720  accuracy: 81.28% -> 81.28%      
client [33] (testset)   loss: 0.8270 -> 0.8230  accuracy: 92.71% -> 92.71%      
client [85] (testset)   loss: 0.3846 -> 0.3772  accuracy: 95.61% -> 95.61%      
client [62] (testset)   loss: 0.0015 -> 0.0015  accuracy: 100.00% -> 100.00%    
---------------------------- TRAINING EPOCH: 370 ----------------------------   
client [98] (testset)   loss: 1.8836 -> 1.8821  accuracy: 83.89% -> 84.36%      
client [63] (testset)   loss: 1.5692 -> 1.4311  accuracy: 82.20% -> 80.51%      
client [70] (testset)   loss: 0.3864 -> 0.3796  accuracy: 93.23% -> 93.23%      
client [65] (testset)   loss: 1.3848 -> 1.4275  accuracy: 78.57% -> 78.57%      
client [14] (testset)   loss: 1.1720 -> 1.1955  accuracy: 80.30% -> 79.80%      
client [73] (testset)   loss: 1.1442 -> 1.1332  accuracy: 78.79% -> 81.82%      
client [34] (testset)   loss: 2.2915 -> 2.2641  accuracy: 72.26% -> 72.90%      
client [99] (testset)   loss: 0.1043 -> 0.1008  accuracy: 97.47% -> 97.47%      
client [69] (testset)   loss: 2.9487 -> 2.9141  accuracy: 62.42% -> 63.64%      
client [46] (testset)   loss: 1.2931 -> 1.1660  accuracy: 83.72% -> 85.27%      
---------------------------- TRAINING EPOCH: 380 ----------------------------   
client [99] (testset)   loss: 0.0981 -> 0.0944  accuracy: 97.47% -> 97.47%      
client [93] (testset)   loss: 1.9377 -> 1.9427  accuracy: 84.21% -> 84.21%      
client [11] (testset)   loss: 0.3134 -> 0.3081  accuracy: 86.36% -> 86.36%      
client [58] (testset)   loss: 0.7101 -> 0.7045  accuracy: 94.05% -> 94.05%      
client [81] (testset)   loss: 0.0843 -> 0.0836  accuracy: 98.21% -> 98.21%      
client [85] (testset)   loss: 0.3989 -> 0.3879  accuracy: 95.61% -> 95.61%      
client [89] (testset)   loss: 0.5721 -> 0.5729  accuracy: 96.08% -> 96.08%      
client [45] (testset)   loss: 3.1121 -> 3.1004  accuracy: 72.73% -> 81.82%      
client [8]  (testset)   loss: 1.3568 -> 1.3370  accuracy: 83.87% -> 83.87%      
client [68] (testset)   loss: 0.4593 -> 0.4691  accuracy: 94.92% -> 94.92%      
---------------------------- TRAINING EPOCH: 390 ----------------------------   
client [67] (testset)   loss: 0.2144 -> 0.2161  accuracy: 94.84% -> 94.84%      
client [72] (testset)   loss: 0.0708 -> 0.0520  accuracy: 96.97% -> 96.97%      
client [1]  (testset)   loss: 0.6654 -> 0.6466  accuracy: 88.24% -> 88.24%      
client [78] (testset)   loss: 1.4858 -> 1.4740  accuracy: 80.70% -> 81.14%      
client [83] (testset)   loss: 1.4079 -> 1.3522  accuracy: 84.03% -> 84.03%      
client [21] (testset)   loss: 2.3274 -> 2.3298  accuracy: 82.61% -> 82.61%      
client [56] (testset)   loss: 0.8950 -> 0.8624  accuracy: 92.31% -> 92.31%      
client [44] (testset)   loss: 0.4774 -> 0.4740  accuracy: 89.80% -> 89.80%      
client [92] (testset)   loss: 0.3838 -> 0.3826  accuracy: 93.60% -> 93.10%      
client [27] (testset)   loss: 1.8124 -> 1.8713  accuracy: 66.67% -> 66.67%      
---------------------------- TRAINING EPOCH: 400 ----------------------------   
client [10] (testset)   loss: 0.2540 -> 0.2580  accuracy: 97.11% -> 97.11%      
client [39] (testset)   loss: 1.3770 -> 1.3973  accuracy: 83.56% -> 83.56%      
client [65] (testset)   loss: 1.3290 -> 1.4203  accuracy: 78.57% -> 78.57%      
client [26] (testset)   loss: 1.4814 -> 1.4824  accuracy: 84.62% -> 84.62%      
client [19] (testset)   loss: 1.3547 -> 1.3613  accuracy: 91.15% -> 91.15%      
client [68] (testset)   loss: 0.4532 -> 0.4632  accuracy: 94.92% -> 94.92%      
client [41] (testset)   loss: 1.2372 -> 1.2553  accuracy: 82.54% -> 82.54%      
client [50] (testset)   loss: 1.5695 -> 1.5690  accuracy: 85.71% -> 85.71%      
client [75] (testset)   loss: 0.7869 -> 0.7455  accuracy: 90.91% -> 91.33%      
client [81] (testset)   loss: 0.0630 -> 0.0628  accuracy: 98.21% -> 98.21%      
Training... ━━━━━━━━━━━━━━━━━━━━━━━━━━━━━━━━━━━━━━━━ 100% 0:05:59
PSFL's average time taken by each global epoch: 0 min 0.89 sec.                 
PSFL's total running time: 0 h 5 m 59 s.                                        
==================== PSFL Experiment Results: ====================              
Display format: (before local fine-tuning) -> (after local fine-tuning)         
 So if finetune_epoch = 0, x.xx% -> 0.00% is normal.                            
 Centralized testing ONLY happens after model aggregation, so the stats between 
'->' are the same.                                                              
{                                                                               
    "100": {                                                                    
        "all_clients": {                                                        
            "test": {                                                           
                "loss": "0.5772 -> 0.0000",                                     
                "accuracy": "85.82% -> 0.00%"                                   
            }                                                                   
        }                                                                       
    },                                                                          
    "200": {                                                                    
        "all_clients": {                                                        
            "test": {                                                           
                "loss": "0.7787 -> 0.0000",                                     
                "accuracy": "86.75% -> 0.00%"                                   
            }                                                                   
        }                                                                       
    },                                                                          
    "300": {                                                                    
        "all_clients": {                                                        
            "test": {                                                           
                "loss": "1.0432 -> 0.0000",                                     
                "accuracy": "87.04% -> 0.00%"                                   
            }                                                                   
        }                                                                       
    },                                                                          
    "400": {                                                                    
        "all_clients": {                                                        
            "test": {                                                           
                "loss": "1.1291 -> 0.0000",                                     
                "accuracy": "87.02% -> 0.00%"                                   
            }                                                                   
        }                                                                       
    }                                                                           
}                                                                               
==================== PSFL Max Accuracy ====================                     
all_clients:                                                                    
(test) before fine-tuning: 87.04% at epoch 300                                  
(test) after fine-tuning: 0.00% at epoch 100                                    
