==================== PSFL ====================                                  
Experiment Arguments:                                                           
{
│   'method': 'psfl',
│   'dataset': {
│   │   'name': 'emnist',
│   │   'client_num': 100,
│   │   'test_ratio': 0.25,
│   │   'val_ratio': 0.0,
│   │   'seed': 42,
│   │   'split': 'sample',
│   │   'IID_ratio': 0.0,
│   │   'monitor_window_name_suffix': 'emnist-100clients-0%IID-Dir(0.1)-seed42',
│   │   'emnist_split': 'byclass',
│   │   'alpha': 0.1,
│   │   'min_samples_per_client': 10
│   },
│   'model': {
│   │   'name': 'avgcnn',
│   │   'use_torchvision_pretrained_weights': True,
│   │   'external_model_weights_path': None
│   },
│   'optimizer': {
│   │   'lr': 0.01,
│   │   'dampening': 0,
│   │   'weight_decay': 0,
│   │   'momentum': 0,
│   │   'nesterov': False,
│   │   'name': 'sgd'
│   },
│   'mode': 'sequential',
│   'parallel': {
│   │   'ray_cluster_addr': None,
│   │   'num_cpus': None,
│   │   'num_gpus': None,
│   │   'num_workers': 2
│   },
│   'common': {
│   │   'seed': 42,
│   │   'join_ratio': 0.1,
│   │   'global_epoch': 400,
│   │   'local_epoch': 5,
│   │   'batch_size': 32,
│   │   'reset_optimizer_on_global_epoch': True,
│   │   'straggler_ratio': 0,
│   │   'straggler_min_local_epoch': 0,
│   │   'buffers': 'global',
│   │   'client_side_evaluation': True,
│   │   'test': {
│   │   │   'client': {
│   │   │   │   'interval': 100,
│   │   │   │   'finetune_epoch': 0,
│   │   │   │   'train': False,
│   │   │   │   'val': False,
│   │   │   │   'test': True
│   │   │   },
│   │   │   'server': {
│   │   │   │   'interval': -1,
│   │   │   │   'train': False,
│   │   │   │   'val': False,
│   │   │   │   'test': False,
│   │   │   │   'model_in_train_mode': False
│   │   │   }
│   │   },
│   │   'verbose_gap': 10,
│   │   'monitor': None,
│   │   'use_cuda': True,
│   │   'save_log': True,
│   │   'save_model': False,
│   │   'save_learning_curve_plot': False,
│   │   'save_metrics': True,
│   │   'delete_useless_run': True
│   },
│   'psfl': {
│   │   'alpha': 0.0,
│   │   'CLS': False,
│   │   'ig_ratio': 0.9994,
│   │   'track': False,
│   │   'score': 'obp'
│   }
}
---------------------------- TRAINING EPOCH: 10 ----------------------------    
client [77] (testset)   loss: 0.6306 -> 0.1368  accuracy: 81.15% -> 96.50%      
client [81] (testset)   loss: 1.4686 -> 0.2885  accuracy: 66.10% -> 87.95%      
client [21] (testset)   loss: 0.8748 -> 0.1445  accuracy: 74.78% -> 95.53%      
client [68] (testset)   loss: 0.6519 -> 0.1337  accuracy: 79.68% -> 96.19%      
client [93] (testset)   loss: 0.5023 -> 0.1214  accuracy: 87.06% -> 95.56%      
client [31] (testset)   loss: 0.8085 -> 0.1597  accuracy: 75.09% -> 94.35%      
client [20] (testset)   loss: 0.6726 -> 0.1806  accuracy: 80.52% -> 94.26%      
client [59] (testset)   loss: 0.8600 -> 0.3589  accuracy: 75.65% -> 90.31%      
client [48] (testset)   loss: 1.6310 -> 0.3396  accuracy: 44.38% -> 86.24%      
client [34] (testset)   loss: 0.8907 -> 0.0997  accuracy: 56.87% -> 97.60%      
---------------------------- TRAINING EPOCH: 20 ----------------------------    
client [69] (testset)   loss: 0.8607 -> 0.1823  accuracy: 75.03% -> 94.49%      
client [99] (testset)   loss: 0.4035 -> 0.1106  accuracy: 88.74% -> 96.77%      
client [67] (testset)   loss: 0.7015 -> 0.1357  accuracy: 74.08% -> 95.77%      
client [0]  (testset)   loss: 0.3568 -> 0.1166  accuracy: 89.55% -> 96.79%      
client [76] (testset)   loss: 0.7880 -> 0.1060  accuracy: 81.74% -> 96.55%      
client [41] (testset)   loss: 0.6964 -> 0.2248  accuracy: 77.12% -> 92.29%      
client [62] (testset)   loss: 0.6811 -> 0.1317  accuracy: 80.67% -> 96.65%      
client [2]  (testset)   loss: 0.9615 -> 0.0931  accuracy: 72.68% -> 96.70%      
client [14] (testset)   loss: 0.9673 -> 0.1493  accuracy: 73.53% -> 96.13%      
client [46] (testset)   loss: 0.8294 -> 0.0672  accuracy: 68.80% -> 98.54%      
---------------------------- TRAINING EPOCH: 30 ----------------------------    
client [24] (testset)   loss: 0.1179 -> 0.1093  accuracy: 96.43% -> 96.68%      
client [68] (testset)   loss: 0.4993 -> 0.1507  accuracy: 87.83% -> 96.19%      
client [57] (testset)   loss: 0.3371 -> 0.0425  accuracy: 88.73% -> 99.03%      
client [17] (testset)   loss: 1.1678 -> 0.2342  accuracy: 59.11% -> 94.17%      
client [54] (testset)   loss: 0.8255 -> 0.1260  accuracy: 72.01% -> 96.64%      
client [23] (testset)   loss: 1.3717 -> 0.3315  accuracy: 60.77% -> 85.77%      
client [35] (testset)   loss: 0.5931 -> 0.0752  accuracy: 81.69% -> 98.41%      
client [59] (testset)   loss: 0.5507 -> 0.1838  accuracy: 81.81% -> 94.34%      
client [31] (testset)   loss: 0.2814 -> 0.1753  accuracy: 91.66% -> 94.44%      
client [9]  (testset)   loss: 0.2813 -> 0.0929  accuracy: 91.92% -> 97.67%      
---------------------------- TRAINING EPOCH: 40 ----------------------------    
client [64] (testset)   loss: 0.6112 -> 0.2587  accuracy: 80.46% -> 91.46%      
client [33] (testset)   loss: 0.2476 -> 0.0657  accuracy: 91.67% -> 98.54%      
client [16] (testset)   loss: 0.5374 -> 0.2167  accuracy: 80.45% -> 94.81%      
client [44] (testset)   loss: 1.3417 -> 0.2105  accuracy: 63.83% -> 93.83%      
client [8]  (testset)   loss: 1.0869 -> 0.1937  accuracy: 76.51% -> 93.42%      
client [31] (testset)   loss: 0.6160 -> 0.1835  accuracy: 80.16% -> 93.73%      
client [47] (testset)   loss: 0.4053 -> 0.1860  accuracy: 86.41% -> 93.85%      
client [36] (testset)   loss: 0.6393 -> 0.1149  accuracy: 77.64% -> 96.85%      
client [20] (testset)   loss: 0.3002 -> 0.1775  accuracy: 92.00% -> 94.71%      
client [56] (testset)   loss: 0.3650 -> 0.0826  accuracy: 89.52% -> 98.39%      
---------------------------- TRAINING EPOCH: 50 ----------------------------    
client [4]  (testset)   loss: 1.2541 -> 0.3387  accuracy: 65.70% -> 88.99%      
client [60] (testset)   loss: 0.3085 -> 0.0551  accuracy: 90.12% -> 98.46%      
client [28] (testset)   loss: 0.3374 -> 0.1059  accuracy: 88.34% -> 95.14%      
client [25] (testset)   loss: 0.6444 -> 0.0595  accuracy: 81.23% -> 97.80%      
client [58] (testset)   loss: 0.3139 -> 0.0658  accuracy: 90.27% -> 98.85%      
client [44] (testset)   loss: 0.8783 -> 0.1865  accuracy: 74.89% -> 93.51%      
client [39] (testset)   loss: 1.0229 -> 0.1116  accuracy: 64.55% -> 97.34%      
client [29] (testset)   loss: 0.4906 -> 0.1573  accuracy: 86.46% -> 94.40%      
client [3]  (testset)   loss: 0.4286 -> 0.1105  accuracy: 87.33% -> 96.99%      
client [84] (testset)   loss: 0.2849 -> 0.1215  accuracy: 91.79% -> 95.62%      
---------------------------- TRAINING EPOCH: 60 ----------------------------    
client [21] (testset)   loss: 0.5016 -> 0.1416  accuracy: 85.39% -> 96.22%      
client [84] (testset)   loss: 0.5607 -> 0.1534  accuracy: 82.49% -> 95.21%      
client [10] (testset)   loss: 0.3667 -> 0.1711  accuracy: 86.15% -> 92.59%      
client [36] (testset)   loss: 0.4538 -> 0.1301  accuracy: 86.70% -> 96.56%      
client [65] (testset)   loss: 0.8554 -> 0.3746  accuracy: 72.26% -> 91.54%      
client [81] (testset)   loss: 0.4464 -> 0.2984  accuracy: 86.28% -> 89.11%      
client [79] (testset)   loss: 0.7702 -> 0.2859  accuracy: 81.16% -> 92.95%      
client [42] (testset)   loss: 0.8801 -> 0.1933  accuracy: 61.72% -> 95.15%      
client [11] (testset)   loss: 0.3246 -> 0.1299  accuracy: 90.00% -> 96.83%      
client [96] (testset)   loss: 0.4718 -> 0.1439  accuracy: 82.58% -> 96.72%      
---------------------------- TRAINING EPOCH: 70 ----------------------------    
client [8]  (testset)   loss: 0.4887 -> 0.2497  accuracy: 87.14% -> 93.25%      
client [53] (testset)   loss: 0.2757 -> 0.1229  accuracy: 94.56% -> 97.50%      
client [52] (testset)   loss: 0.5861 -> 0.2957  accuracy: 83.46% -> 91.51%      
client [42] (testset)   loss: 0.3085 -> 0.1821  accuracy: 92.19% -> 95.15%      
client [69] (testset)   loss: 0.3331 -> 0.2011  accuracy: 91.56% -> 95.16%      
client [59] (testset)   loss: 0.3459 -> 0.2324  accuracy: 88.83% -> 92.70%      
client [7]  (testset)   loss: 0.4031 -> 0.1712  accuracy: 88.85% -> 96.09%      
client [26] (testset)   loss: 0.3172 -> 0.2516  accuracy: 90.51% -> 94.12%      
client [49] (testset)   loss: 0.2716 -> 0.0798  accuracy: 92.76% -> 97.81%      
client [98] (testset)   loss: 0.2608 -> 0.1221  accuracy: 93.51% -> 96.50%      
---------------------------- TRAINING EPOCH: 80 ----------------------------    
client [98] (testset)   loss: 0.1914 -> 0.1227  accuracy: 94.98% -> 96.91%      
client [47] (testset)   loss: 0.4338 -> 0.2193  accuracy: 85.04% -> 94.19%      
client [21] (testset)   loss: 0.4482 -> 0.1546  accuracy: 88.05% -> 95.82%      
client [77] (testset)   loss: 0.2544 -> 0.1417  accuracy: 94.62% -> 96.89%      
client [95] (testset)   loss: 0.2960 -> 0.1460  accuracy: 94.07% -> 96.89%      
client [91] (testset)   loss: 0.2555 -> 0.0829  accuracy: 93.80% -> 98.48%      
client [14] (testset)   loss: 0.3451 -> 0.2023  accuracy: 93.17% -> 95.71%      
client [99] (testset)   loss: 0.1770 -> 0.1230  accuracy: 95.38% -> 96.56%      
client [20] (testset)   loss: 0.3830 -> 0.2049  accuracy: 89.25% -> 95.26%      
client [39] (testset)   loss: 0.2704 -> 0.1266  accuracy: 92.50% -> 96.98%      
---------------------------- TRAINING EPOCH: 90 ----------------------------    
client [52] (testset)   loss: 0.6923 -> 0.3302  accuracy: 82.46% -> 92.63%      
client [62] (testset)   loss: 0.3816 -> 0.2082  accuracy: 92.36% -> 96.42%      
client [71] (testset)   loss: 0.2166 -> 0.1069  accuracy: 95.39% -> 97.61%      
client [97] (testset)   loss: 0.3913 -> 0.0913  accuracy: 91.89% -> 98.11%      
client [30] (testset)   loss: 0.4642 -> 0.2530  accuracy: 90.02% -> 94.83%      
client [88] (testset)   loss: 0.4928 -> 0.2422  accuracy: 83.31% -> 92.95%      
client [60] (testset)   loss: 0.2249 -> 0.0898  accuracy: 94.75% -> 98.38%      
client [82] (testset)   loss: 0.5497 -> 0.4144  accuracy: 78.37% -> 82.96%      
client [91] (testset)   loss: 0.1351 -> 0.0867  accuracy: 97.07% -> 98.59%      
client [57] (testset)   loss: 0.1518 -> 0.0683  accuracy: 96.46% -> 98.71%      
---------------------------- TRAINING EPOCH: 100 ----------------------------   
client [31] (testset)   loss: 0.3713 -> 0.2348  accuracy: 91.03% -> 94.52%      
client [15] (testset)   loss: 0.3453 -> 0.2078  accuracy: 88.80% -> 93.44%      
client [71] (testset)   loss: 0.2219 -> 0.1078  accuracy: 95.31% -> 97.67%      
client [97] (testset)   loss: 0.1926 -> 0.0967  accuracy: 95.84% -> 98.30%      
client [53] (testset)   loss: 0.2477 -> 0.1632  accuracy: 95.62% -> 97.30%      
client [77] (testset)   loss: 0.2469 -> 0.1632  accuracy: 95.34% -> 96.63%      
client [76] (testset)   loss: 0.2465 -> 0.1595  accuracy: 94.13% -> 96.04%      
client [79] (testset)   loss: 0.4934 -> 0.3519  accuracy: 88.84% -> 92.00%      
client [28] (testset)   loss: 0.2113 -> 0.1222  accuracy: 92.09% -> 95.45%      
client [99] (testset)   loss: 0.2622 -> 0.1249  accuracy: 93.07% -> 96.62%      
---------------------------- TRAINING EPOCH: 110 ----------------------------   
client [97] (testset)   loss: 0.1364 -> 0.1039  accuracy: 97.40% -> 98.11%      
client [86] (testset)   loss: 0.5612 -> 0.3753  accuracy: 89.74% -> 92.88%      
client [34] (testset)   loss: 0.2441 -> 0.1468  accuracy: 96.07% -> 97.25%      
client [73] (testset)   loss: 0.3320 -> 0.2634  accuracy: 93.56% -> 94.68%      
client [5]  (testset)   loss: 0.2514 -> 0.1895  accuracy: 94.75% -> 96.04%      
client [96] (testset)   loss: 0.2712 -> 0.2174  accuracy: 93.63% -> 96.54%      
client [22] (testset)   loss: 0.3112 -> 0.2465  accuracy: 94.23% -> 94.94%      
client [60] (testset)   loss: 0.1690 -> 0.1126  accuracy: 96.68% -> 98.07%      
client [66] (testset)   loss: 0.3130 -> 0.2097  accuracy: 93.68% -> 96.48%      
client [83] (testset)   loss: 0.4711 -> 0.2174  accuracy: 88.92% -> 95.95%      
---------------------------- TRAINING EPOCH: 120 ----------------------------   
client [76] (testset)   loss: 0.2038 -> 0.1582  accuracy: 95.23% -> 96.19%      
client [65] (testset)   loss: 0.4323 -> 0.3511  accuracy: 86.55% -> 92.37%      
client [95] (testset)   loss: 0.2650 -> 0.1919  accuracy: 95.41% -> 96.61%      
client [17] (testset)   loss: 0.5516 -> 0.2958  accuracy: 89.21% -> 93.83%      
client [8]  (testset)   loss: 0.4564 -> 0.2685  accuracy: 88.37% -> 93.13%      
client [35] (testset)   loss: 0.1970 -> 0.1281  accuracy: 95.86% -> 97.80%      
client [98] (testset)   loss: 0.1801 -> 0.1163  accuracy: 96.04% -> 97.16%      
client [53] (testset)   loss: 0.4129 -> 0.1837  accuracy: 94.03% -> 97.25%      
client [43] (testset)   loss: 0.3551 -> 0.3031  accuracy: 90.53% -> 92.13%      
client [64] (testset)   loss: 0.4265 -> 0.3181  accuracy: 89.18% -> 92.79%      
---------------------------- TRAINING EPOCH: 130 ----------------------------   
client [21] (testset)   loss: 0.3286 -> 0.1839  accuracy: 93.02% -> 95.68%      
client [88] (testset)   loss: 0.4083 -> 0.3149  accuracy: 89.71% -> 92.23%      
client [38] (testset)   loss: 0.2320 -> 0.1811  accuracy: 95.28% -> 96.41%      
client [3]  (testset)   loss: 0.2468 -> 0.1839  accuracy: 96.17% -> 97.05%      
client [5]  (testset)   loss: 0.4670 -> 0.2082  accuracy: 90.75% -> 95.67%      
client [41] (testset)   loss: 0.5434 -> 0.3567  accuracy: 89.59% -> 93.04%      
client [7]  (testset)   loss: 0.2592 -> 0.2188  accuracy: 94.39% -> 96.15%      
client [37] (testset)   loss: 0.5331 -> 0.2795  accuracy: 85.80% -> 93.35%      
client [45] (testset)   loss: 0.6030 -> 0.3876  accuracy: 84.48% -> 89.67%      
client [47] (testset)   loss: 0.4032 -> 0.2385  accuracy: 89.23% -> 92.99%      
---------------------------- TRAINING EPOCH: 140 ----------------------------   
client [16] (testset)   loss: 0.3330 -> 0.2848  accuracy: 90.67% -> 94.16%      
client [11] (testset)   loss: 0.2636 -> 0.1432  accuracy: 94.90% -> 96.97%      
client [37] (testset)   loss: 0.3833 -> 0.2827  accuracy: 90.40% -> 92.95%      
client [41] (testset)   loss: 0.5899 -> 0.3874  accuracy: 87.08% -> 92.23%      
client [95] (testset)   loss: 0.2696 -> 0.2203  accuracy: 95.60% -> 96.51%      
client [53] (testset)   loss: 0.2521 -> 0.1853  accuracy: 96.29% -> 97.50%      
client [22] (testset)   loss: 0.4486 -> 0.2803  accuracy: 93.28% -> 94.23%      
client [25] (testset)   loss: 0.2330 -> 0.0838  accuracy: 92.43% -> 97.26%      
client [69] (testset)   loss: 0.3679 -> 0.2913  accuracy: 93.59% -> 95.39%      
client [46] (testset)   loss: 0.1793 -> 0.1151  accuracy: 96.62% -> 98.13%      
---------------------------- TRAINING EPOCH: 150 ----------------------------   
client [47] (testset)   loss: 0.4402 -> 0.3275  accuracy: 90.43% -> 92.99%      
client [69] (testset)   loss: 0.3853 -> 0.3362  accuracy: 93.81% -> 94.83%      
client [82] (testset)   loss: 0.6026 -> 0.5003  accuracy: 81.64% -> 82.34%      
client [45] (testset)   loss: 0.5350 -> 0.4413  accuracy: 84.96% -> 89.31%      
client [7]  (testset)   loss: 0.5089 -> 0.2520  accuracy: 85.84% -> 95.50%      
client [50] (testset)   loss: 0.1353 -> 0.0913  accuracy: 97.93% -> 98.66%      
client [35] (testset)   loss: 0.2361 -> 0.1513  accuracy: 96.53% -> 98.06%      
client [24] (testset)   loss: 0.2892 -> 0.1882  accuracy: 93.52% -> 96.43%      
client [15] (testset)   loss: 0.3963 -> 0.2964  accuracy: 90.23% -> 93.44%      
client [58] (testset)   loss: 0.1605 -> 0.1174  accuracy: 97.56% -> 98.63%      
---------------------------- TRAINING EPOCH: 160 ----------------------------   
client [48] (testset)   loss: 0.8040 -> 0.6956  accuracy: 82.17% -> 84.69%      
client [76] (testset)   loss: 0.2536 -> 0.2106  accuracy: 94.79% -> 96.11%      
client [67] (testset)   loss: 0.3611 -> 0.1917  accuracy: 90.07% -> 94.67%      
client [37] (testset)   loss: 0.3860 -> 0.3184  accuracy: 89.97% -> 92.92%      
client [58] (testset)   loss: 0.2215 -> 0.1226  accuracy: 96.66% -> 98.58%      
client [64] (testset)   loss: 0.4991 -> 0.4185  accuracy: 88.43% -> 90.89%      
client [77] (testset)   loss: 0.2611 -> 0.2210  accuracy: 96.24% -> 96.83%      
client [55] (testset)   loss: 0.4146 -> 0.3366  accuracy: 90.56% -> 91.99%      
client [12] (testset)   loss: 0.4161 -> 0.2342  accuracy: 92.53% -> 95.77%      
client [89] (testset)   loss: 0.5995 -> 0.4969  accuracy: 87.58% -> 89.08%      
---------------------------- TRAINING EPOCH: 170 ----------------------------   
client [84] (testset)   loss: 0.3309 -> 0.2266  accuracy: 93.57% -> 95.35%      
client [51] (testset)   loss: 0.4409 -> 0.3420  accuracy: 90.64% -> 94.75%      
client [8]  (testset)   loss: 0.4345 -> 0.3587  accuracy: 91.25% -> 93.31%      
client [18] (testset)   loss: 0.2757 -> 0.2404  accuracy: 94.92% -> 95.53%      
client [94] (testset)   loss: 0.2523 -> 0.1928  accuracy: 95.45% -> 96.65%      
client [81] (testset)   loss: 1.0761 -> 0.5363  accuracy: 78.07% -> 88.27%      
client [3]  (testset)   loss: 0.2609 -> 0.2214  accuracy: 96.19% -> 96.75%      
client [11] (testset)   loss: 0.3042 -> 0.1848  accuracy: 95.52% -> 96.55%      
client [95] (testset)   loss: 0.3435 -> 0.2739  accuracy: 95.27% -> 96.51%      
client [67] (testset)   loss: 0.2192 -> 0.2122  accuracy: 93.38% -> 93.93%      
---------------------------- TRAINING EPOCH: 180 ----------------------------   
client [21] (testset)   loss: 0.3667 -> 0.2341  accuracy: 92.59% -> 95.53%      
client [79] (testset)   loss: 0.6668 -> 0.5583  accuracy: 89.79% -> 92.21%      
client [58] (testset)   loss: 0.2060 -> 0.1451  accuracy: 97.14% -> 98.41%      
client [88] (testset)   loss: 0.4049 -> 0.3887  accuracy: 90.14% -> 92.01%      
client [46] (testset)   loss: 0.1562 -> 0.1444  accuracy: 97.72% -> 98.13%      
client [11] (testset)   loss: 0.2514 -> 0.1954  accuracy: 96.00% -> 96.69%      
client [55] (testset)   loss: 0.4482 -> 0.4110  accuracy: 86.87% -> 91.01%      
client [13] (testset)   loss: 0.1541 -> 0.1509  accuracy: 98.03% -> 98.28%      
client [31] (testset)   loss: 0.4247 -> 0.3076  accuracy: 92.49% -> 94.60%      
client [75] (testset)   loss: 0.3763 -> 0.2862  accuracy: 93.65% -> 95.41%      
---------------------------- TRAINING EPOCH: 190 ----------------------------   
client [19] (testset)   loss: 0.3438 -> 0.2895  accuracy: 93.99% -> 95.54%      
client [7]  (testset)   loss: 0.3637 -> 0.3109  accuracy: 93.67% -> 95.43%      
client [57] (testset)   loss: 0.1290 -> 0.1039  accuracy: 98.18% -> 98.93%      
client [13] (testset)   loss: 0.1734 -> 0.1839  accuracy: 98.16% -> 97.97%      
client [43] (testset)   loss: 0.4832 -> 0.4611  accuracy: 88.81% -> 92.00%      
client [91] (testset)   loss: 0.1781 -> 0.1125  accuracy: 97.12% -> 98.59%      
client [10] (testset)   loss: 0.3100 -> 0.3052  accuracy: 91.47% -> 92.87%      
client [64] (testset)   loss: 0.6411 -> 0.5552  accuracy: 87.86% -> 89.75%      
client [82] (testset)   loss: 0.7594 -> 0.7485  accuracy: 81.12% -> 80.90%      
client [22] (testset)   loss: 0.4156 -> 0.3758  accuracy: 93.52% -> 94.18%      
---------------------------- TRAINING EPOCH: 200 ----------------------------   
client [20] (testset)   loss: 0.3642 -> 0.3206  accuracy: 94.80% -> 95.26%      
client [23] (testset)   loss: 0.6311 -> 0.5277  accuracy: 83.17% -> 84.35%      
client [88] (testset)   loss: 0.5097 -> 0.3918  accuracy: 88.56% -> 92.37%      
client [98] (testset)   loss: 0.2003 -> 0.1772  accuracy: 96.40% -> 97.01%      
client [79] (testset)   loss: 0.6397 -> 0.5526  accuracy: 90.21% -> 92.11%      
client [21] (testset)   loss: 0.4493 -> 0.2412  accuracy: 92.01% -> 95.78%      
client [92] (testset)   loss: 0.4423 -> 0.4162  accuracy: 93.36% -> 94.44%      
client [56] (testset)   loss: 0.1729 -> 0.1575  accuracy: 97.88% -> 98.12%      
client [5]  (testset)   loss: 0.3774 -> 0.2607  accuracy: 93.79% -> 95.67%      
client [52] (testset)   loss: 0.7238 -> 0.5051  accuracy: 86.93% -> 92.07%      
---------------------------- TRAINING EPOCH: 210 ----------------------------   
client [67] (testset)   loss: 0.3011 -> 0.2577  accuracy: 91.91% -> 94.12%      
client [54] (testset)   loss: 0.2955 -> 0.2543  accuracy: 95.15% -> 96.39%      
client [14] (testset)   loss: 0.3909 -> 0.3099  accuracy: 94.38% -> 95.77%      
client [99] (testset)   loss: 0.2944 -> 0.2120  accuracy: 96.02% -> 96.42%      
client [36] (testset)   loss: 0.3311 -> 0.2887  accuracy: 94.90% -> 96.16%      
client [30] (testset)   loss: 0.4080 -> 0.3918  accuracy: 93.06% -> 94.64%      
client [38] (testset)   loss: 0.3217 -> 0.2419  accuracy: 94.87% -> 96.51%      
client [15] (testset)   loss: 0.3999 -> 0.3350  accuracy: 91.90% -> 93.25%      
client [6]  (testset)   loss: 0.3789 -> 0.3493  accuracy: 93.75% -> 95.60%      
client [53] (testset)   loss: 0.3051 -> 0.2463  accuracy: 96.00% -> 96.97%      
---------------------------- TRAINING EPOCH: 220 ----------------------------   
client [99] (testset)   loss: 0.3002 -> 0.2400  accuracy: 95.24% -> 96.16%      
client [6]  (testset)   loss: 0.4445 -> 0.3508  accuracy: 92.05% -> 95.24%      
client [83] (testset)   loss: 0.3739 -> 0.3387  accuracy: 95.36% -> 96.37%      
client [42] (testset)   loss: 0.3810 -> 0.3343  accuracy: 93.64% -> 94.79%      
client [34] (testset)   loss: 0.2688 -> 0.2376  accuracy: 96.61% -> 96.91%      
client [15] (testset)   loss: 0.3685 -> 0.3517  accuracy: 93.13% -> 92.93%      
client [47] (testset)   loss: 0.4375 -> 0.3983  accuracy: 93.08% -> 93.50%      
client [55] (testset)   loss: 0.5071 -> 0.4681  accuracy: 87.43% -> 91.15%      
client [51] (testset)   loss: 0.4575 -> 0.4078  accuracy: 94.32% -> 94.50%      
client [95] (testset)   loss: 0.3671 -> 0.3187  accuracy: 95.79% -> 96.70%      
---------------------------- TRAINING EPOCH: 230 ----------------------------   
client [71] (testset)   loss: 0.2452 -> 0.1624  accuracy: 95.94% -> 97.53%      
client [15] (testset)   loss: 0.4439 -> 0.3613  accuracy: 91.54% -> 93.29%      
client [33] (testset)   loss: 0.2539 -> 0.1479  accuracy: 95.77% -> 97.95%      
client [99] (testset)   loss: 0.2885 -> 0.2407  accuracy: 95.44% -> 96.25%      
client [90] (testset)   loss: 0.4962 -> 0.4032  accuracy: 88.57% -> 93.33%      
client [57] (testset)   loss: 0.1869 -> 0.1433  accuracy: 97.42% -> 98.07%      
client [27] (testset)   loss: 0.1924 -> 0.1536  accuracy: 96.99% -> 97.69%      
client [78] (testset)   loss: 0.5601 -> 0.4558  accuracy: 91.00% -> 93.25%      
client [36] (testset)   loss: 0.3071 -> 0.2885  accuracy: 96.10% -> 96.56%      
client [88] (testset)   loss: 0.5429 -> 0.4759  accuracy: 90.43% -> 92.16%      
---------------------------- TRAINING EPOCH: 240 ----------------------------   
client [70] (testset)   loss: 0.6420 -> 0.6057  accuracy: 91.66% -> 92.68%      
client [35] (testset)   loss: 0.2180 -> 0.2018  accuracy: 97.21% -> 97.65%      
client [16] (testset)   loss: 0.4904 -> 0.4533  accuracy: 92.70% -> 93.43%      
client [80] (testset)   loss: 0.2266 -> 0.1465  accuracy: 96.25% -> 98.21%      
client [38] (testset)   loss: 0.3422 -> 0.3163  accuracy: 94.87% -> 95.79%      
client [78] (testset)   loss: 0.6868 -> 0.4928  accuracy: 91.62% -> 92.55%      
client [68] (testset)   loss: 0.4106 -> 0.2954  accuracy: 93.65% -> 96.30%      
client [11] (testset)   loss: 0.2938 -> 0.2208  accuracy: 95.72% -> 97.03%      
client [64] (testset)   loss: 0.6367 -> 0.5685  accuracy: 89.75% -> 91.46%      
client [82] (testset)   loss: 0.9492 -> 1.0215  accuracy: 80.57% -> 80.94%      
---------------------------- TRAINING EPOCH: 250 ----------------------------   
client [30] (testset)   loss: 0.4672 -> 0.4601  accuracy: 94.04% -> 93.97%      
client [27] (testset)   loss: 0.2205 -> 0.1732  accuracy: 95.99% -> 97.47%      
client [74] (testset)   loss: 0.4115 -> 0.2575  accuracy: 93.88% -> 96.42%      
client [45] (testset)   loss: 0.7094 -> 0.5822  accuracy: 86.90% -> 89.25%      
client [6]  (testset)   loss: 0.4272 -> 0.3524  accuracy: 93.97% -> 95.17%      
client [36] (testset)   loss: 0.3467 -> 0.3069  accuracy: 95.24% -> 96.44%      
client [63] (testset)   loss: 0.2849 -> 0.2519  accuracy: 95.64% -> 97.23%      
client [76] (testset)   loss: 0.3271 -> 0.2792  accuracy: 95.38% -> 95.89%      
client [83] (testset)   loss: 0.3895 -> 0.3557  accuracy: 95.22% -> 96.23%      
client [86] (testset)   loss: 0.7529 -> 0.5967  accuracy: 89.84% -> 91.94%      
---------------------------- TRAINING EPOCH: 260 ----------------------------   
client [83] (testset)   loss: 0.3717 -> 0.3502  accuracy: 94.99% -> 96.32%      
client [99] (testset)   loss: 0.2901 -> 0.2407  accuracy: 95.58% -> 96.36%      
client [74] (testset)   loss: 0.3174 -> 0.2660  accuracy: 94.88% -> 96.53%      
client [73] (testset)   loss: 0.4938 -> 0.4657  accuracy: 92.82% -> 93.63%      
client [29] (testset)   loss: 0.4341 -> 0.3109  accuracy: 91.65% -> 93.67%      
client [92] (testset)   loss: 0.5529 -> 0.4801  accuracy: 93.18% -> 94.14%      
client [6]  (testset)   loss: 0.4187 -> 0.3600  accuracy: 94.96% -> 95.32%      
client [61] (testset)   loss: 0.6766 -> 0.6562  accuracy: 88.22% -> 89.03%      
client [21] (testset)   loss: 0.4261 -> 0.2802  accuracy: 93.13% -> 95.64%      
client [67] (testset)   loss: 0.3632 -> 0.3473  accuracy: 94.30% -> 93.75%      
---------------------------- TRAINING EPOCH: 270 ----------------------------   
client [83] (testset)   loss: 0.4025 -> 0.3613  accuracy: 94.34% -> 96.28%      
client [32] (testset)   loss: 0.3956 -> 0.3363  accuracy: 95.09% -> 95.72%      
client [95] (testset)   loss: 0.4663 -> 0.3654  accuracy: 95.75% -> 96.37%      
client [61] (testset)   loss: 0.9156 -> 0.6921  accuracy: 86.15% -> 89.34%      
client [27] (testset)   loss: 0.3756 -> 0.1746  accuracy: 94.59% -> 97.21%      
client [25] (testset)   loss: 0.2439 -> 0.1273  accuracy: 94.51% -> 97.04%      
client [68] (testset)   loss: 0.3259 -> 0.3013  accuracy: 95.45% -> 96.61%      
client [34] (testset)   loss: 0.2518 -> 0.2389  accuracy: 96.81% -> 96.81%      
client [71] (testset)   loss: 0.2268 -> 0.1869  accuracy: 96.90% -> 97.35%      
client [89] (testset)   loss: 0.8146 -> 0.7196  accuracy: 86.81% -> 89.08%      
---------------------------- TRAINING EPOCH: 280 ----------------------------   
client [78] (testset)   loss: 0.4817 -> 0.4757  accuracy: 93.25% -> 93.48%      
client [81] (testset)   loss: 0.8610 -> 0.7704  accuracy: 86.10% -> 87.81%      
client [51] (testset)   loss: 0.4721 -> 0.4524  accuracy: 93.60% -> 94.63%      
client [54] (testset)   loss: 0.4031 -> 0.3174  accuracy: 94.03% -> 95.52%      
client [65] (testset)   loss: 0.6199 -> 0.5839  accuracy: 89.39% -> 91.33%      
client [41] (testset)   loss: 0.7339 -> 0.6034  accuracy: 90.34% -> 92.29%      
client [11] (testset)   loss: 0.3001 -> 0.2273  accuracy: 96.00% -> 97.72%      
client [85] (testset)   loss: 0.5610 -> 0.4468  accuracy: 94.56% -> 94.89%      
client [12] (testset)   loss: 0.4886 -> 0.3777  accuracy: 93.52% -> 95.39%      
client [23] (testset)   loss: 0.8381 -> 0.8056  accuracy: 82.56% -> 83.78%      
---------------------------- TRAINING EPOCH: 290 ----------------------------   
client [16] (testset)   loss: 0.5042 -> 0.4945  accuracy: 92.54% -> 92.94%      
client [65] (testset)   loss: 0.6461 -> 0.5961  accuracy: 88.97% -> 90.43%      
client [53] (testset)   loss: 0.3852 -> 0.3127  accuracy: 96.24% -> 96.72%      
client [58] (testset)   loss: 0.2073 -> 0.1917  accuracy: 98.41% -> 98.51%      
client [72] (testset)   loss: 0.4645 -> 0.4607  accuracy: 93.99% -> 94.44%      
client [7]  (testset)   loss: 0.4381 -> 0.4148  accuracy: 94.98% -> 95.37%      
client [71] (testset)   loss: 0.2286 -> 0.2053  accuracy: 96.74% -> 97.04%      
client [59] (testset)   loss: 0.5471 -> 0.5130  accuracy: 92.59% -> 93.41%      
client [86] (testset)   loss: 0.7199 -> 0.6502  accuracy: 90.79% -> 91.73%      
client [39] (testset)   loss: 0.3506 -> 0.2931  accuracy: 95.40% -> 96.67%      
---------------------------- TRAINING EPOCH: 300 ----------------------------   
client [99] (testset)   loss: 0.3193 -> 0.2720  accuracy: 95.87% -> 96.16%      
client [7]  (testset)   loss: 0.4632 -> 0.4511  accuracy: 94.65% -> 95.24%      
client [17] (testset)   loss: 0.6890 -> 0.6149  accuracy: 91.52% -> 92.65%      
client [64] (testset)   loss: 0.6818 -> 0.7264  accuracy: 89.75% -> 90.13%      
client [37] (testset)   loss: 0.5504 -> 0.5324  accuracy: 92.42% -> 92.42%      
client [29] (testset)   loss: 0.4682 -> 0.3889  accuracy: 92.95% -> 94.09%      
client [93] (testset)   loss: 0.3520 -> 0.3528  accuracy: 95.56% -> 95.95%      
client [73] (testset)   loss: 0.4755 -> 0.4696  accuracy: 93.87% -> 93.63%      
client [40] (testset)   loss: 0.2765 -> 0.2365  accuracy: 96.02% -> 96.67%      
client [76] (testset)   loss: 0.3329 -> 0.3154  accuracy: 95.75% -> 95.89%      
---------------------------- TRAINING EPOCH: 310 ----------------------------   
client [31] (testset)   loss: 0.5247 -> 0.4323  accuracy: 93.61% -> 94.31%      
client [89] (testset)   loss: 0.8360 -> 0.8159  accuracy: 86.78% -> 88.61%      
client [77] (testset)   loss: 0.3537 -> 0.3473  accuracy: 96.05% -> 96.24%      
client [90] (testset)   loss: 0.5161 -> 0.5110  accuracy: 92.67% -> 92.55%      
client [26] (testset)   loss: 0.5779 -> 0.5495  accuracy: 91.48% -> 93.32%      
client [50] (testset)   loss: 0.2428 -> 0.2118  accuracy: 97.99% -> 98.05%      
client [30] (testset)   loss: 0.5943 -> 0.5605  accuracy: 93.18% -> 94.28%      
client [70] (testset)   loss: 0.7885 -> 0.6777  accuracy: 91.27% -> 92.17%      
client [41] (testset)   loss: 0.6595 -> 0.6453  accuracy: 91.22% -> 91.97%      
client [99] (testset)   loss: 0.2983 -> 0.2811  accuracy: 95.58% -> 96.25%      
---------------------------- TRAINING EPOCH: 320 ----------------------------   
client [68] (testset)   loss: 0.4065 -> 0.3293  accuracy: 94.39% -> 96.08%      
client [70] (testset)   loss: 0.6988 -> 0.6307  accuracy: 92.55% -> 92.55%      
client [52] (testset)   loss: 0.8239 -> 0.7191  accuracy: 89.72% -> 91.73%      
client [1]  (testset)   loss: 0.5020 -> 0.4103  accuracy: 93.68% -> 95.00%      
client [2]  (testset)   loss: 0.2624 -> 0.2500  accuracy: 96.89% -> 97.34%      
client [67] (testset)   loss: 0.5296 -> 0.4118  accuracy: 92.28% -> 94.85%      
client [92] (testset)   loss: 0.6151 -> 0.5725  accuracy: 93.41% -> 94.11%      
client [35] (testset)   loss: 0.2428 -> 0.2453  accuracy: 97.62% -> 97.59%      
client [36] (testset)   loss: 0.3786 -> 0.3361  accuracy: 95.70% -> 96.39%      
client [64] (testset)   loss: 0.7716 -> 0.7568  accuracy: 89.75% -> 89.37%      
---------------------------- TRAINING EPOCH: 330 ----------------------------   
client [44] (testset)   loss: 0.5469 -> 0.4498  accuracy: 92.45% -> 93.83%      
client [6]  (testset)   loss: 0.4270 -> 0.4272  accuracy: 94.39% -> 95.53%      
client [12] (testset)   loss: 0.4673 -> 0.3810  accuracy: 93.77% -> 95.27%      
client [55] (testset)   loss: 0.6141 -> 0.6341  accuracy: 89.38% -> 91.12%      
client [29] (testset)   loss: 0.5342 -> 0.4021  accuracy: 91.65% -> 94.09%      
client [9]  (testset)   loss: 0.3639 -> 0.3215  accuracy: 95.93% -> 96.64%      
client [43] (testset)   loss: 0.6335 -> 0.6229  accuracy: 91.39% -> 91.64%      
client [77] (testset)   loss: 0.4520 -> 0.3701  accuracy: 95.85% -> 96.50%      
client [98] (testset)   loss: 0.2454 -> 0.2398  accuracy: 97.01% -> 97.06%      
client [78] (testset)   loss: 0.6347 -> 0.5489  accuracy: 92.55% -> 93.48%      
---------------------------- TRAINING EPOCH: 340 ----------------------------   
client [92] (testset)   loss: 0.6239 -> 0.6122  accuracy: 93.89% -> 93.96%      
client [80] (testset)   loss: 0.2377 -> 0.1936  accuracy: 97.14% -> 97.81%      
client [63] (testset)   loss: 0.3609 -> 0.3138  accuracy: 94.88% -> 96.92%      
client [76] (testset)   loss: 0.3479 -> 0.3061  accuracy: 95.38% -> 95.97%      
client [78] (testset)   loss: 0.5387 -> 0.5204  accuracy: 93.56% -> 93.56%      
client [25] (testset)   loss: 0.2521 -> 0.1939  accuracy: 95.39% -> 96.49%      
client [58] (testset)   loss: 0.2405 -> 0.2136  accuracy: 97.96% -> 98.28%      
client [13] (testset)   loss: 0.2438 -> 0.2094  accuracy: 98.03% -> 98.22%      
client [17] (testset)   loss: 0.8099 -> 0.6676  accuracy: 88.53% -> 92.96%      
client [38] (testset)   loss: 0.4016 -> 0.3950  accuracy: 95.79% -> 95.28%      
---------------------------- TRAINING EPOCH: 350 ----------------------------   
client [72] (testset)   loss: 0.5939 -> 0.5589  accuracy: 94.14% -> 95.20%      
client [82] (testset)   loss: 1.3420 -> 1.3241  accuracy: 79.51% -> 80.39%      
client [86] (testset)   loss: 0.8629 -> 0.7640  accuracy: 90.37% -> 91.41%      
client [51] (testset)   loss: 0.6094 -> 0.5325  accuracy: 92.27% -> 94.38%      
client [96] (testset)   loss: 0.4370 -> 0.4310  accuracy: 96.02% -> 96.49%      
client [42] (testset)   loss: 0.4928 -> 0.4521  accuracy: 93.10% -> 94.67%      
client [55] (testset)   loss: 0.7181 -> 0.7352  accuracy: 90.14% -> 91.40%      
client [13] (testset)   loss: 0.2264 -> 0.2202  accuracy: 98.22% -> 98.41%      
client [1]  (testset)   loss: 0.4923 -> 0.4266  accuracy: 94.24% -> 95.38%      
client [12] (testset)   loss: 0.5129 -> 0.4561  accuracy: 93.77% -> 95.27%      
---------------------------- TRAINING EPOCH: 360 ----------------------------   
client [68] (testset)   loss: 0.3477 -> 0.3388  accuracy: 95.77% -> 96.08%      
client [23] (testset)   loss: 1.0447 -> 0.9759  accuracy: 82.65% -> 83.92%      
client [46] (testset)   loss: 0.2341 -> 0.2321  accuracy: 96.91% -> 98.01%      
client [41] (testset)   loss: 0.7575 -> 0.7419  accuracy: 92.66% -> 91.85%      
client [25] (testset)   loss: 0.2232 -> 0.2101  accuracy: 96.05% -> 96.27%      
client [58] (testset)   loss: 0.2304 -> 0.2184  accuracy: 98.31% -> 98.33%      
client [14] (testset)   loss: 0.4744 -> 0.4788  accuracy: 94.62% -> 95.41%      
client [33] (testset)   loss: 0.2276 -> 0.1980  accuracy: 97.45% -> 98.13%      
client [85] (testset)   loss: 0.5762 -> 0.5574  accuracy: 92.74% -> 94.70%      
client [62] (testset)   loss: 0.5365 -> 0.4585  accuracy: 95.38% -> 96.28%      
---------------------------- TRAINING EPOCH: 370 ----------------------------   
client [98] (testset)   loss: 0.2571 -> 0.2565  accuracy: 96.86% -> 96.86%      
client [63] (testset)   loss: 0.4223 -> 0.3251  accuracy: 94.23% -> 96.78%      
client [70] (testset)   loss: 0.7661 -> 0.6968  accuracy: 91.78% -> 92.81%      
client [65] (testset)   loss: 0.7458 -> 0.7188  accuracy: 90.22% -> 90.92%      
client [14] (testset)   loss: 0.5128 -> 0.4771  accuracy: 95.41% -> 95.59%      
client [73] (testset)   loss: 0.5758 -> 0.5156  accuracy: 94.00% -> 93.87%      
client [34] (testset)   loss: 0.3498 -> 0.3248  accuracy: 95.98% -> 96.57%      
client [99] (testset)   loss: 0.3674 -> 0.3333  accuracy: 96.45% -> 96.02%      
client [69] (testset)   loss: 0.5278 -> 0.5347  accuracy: 95.16% -> 95.16%      
client [46] (testset)   loss: 0.2286 -> 0.2158  accuracy: 97.40% -> 97.97%      
---------------------------- TRAINING EPOCH: 380 ----------------------------   
client [99] (testset)   loss: 0.3423 -> 0.3283  accuracy: 95.78% -> 95.78%      
client [93] (testset)   loss: 0.4074 -> 0.3947  accuracy: 95.34% -> 95.73%      
client [11] (testset)   loss: 0.3436 -> 0.3189  accuracy: 96.48% -> 96.41%      
client [58] (testset)   loss: 0.2409 -> 0.2230  accuracy: 98.46% -> 98.41%      
client [81] (testset)   loss: 1.1157 -> 1.0184  accuracy: 87.67% -> 87.67%      
client [85] (testset)   loss: 0.6001 -> 0.5299  accuracy: 93.83% -> 94.85%      
client [89] (testset)   loss: 0.9451 -> 0.9297  accuracy: 86.81% -> 88.97%      
client [45] (testset)   loss: 0.9070 -> 0.8096  accuracy: 85.87% -> 88.47%      
client [8]  (testset)   loss: 0.6444 -> 0.6552  accuracy: 92.43% -> 92.78%      
client [68] (testset)   loss: 0.3844 -> 0.3609  accuracy: 96.30% -> 96.08%      
---------------------------- TRAINING EPOCH: 390 ----------------------------   
client [67] (testset)   loss: 0.4024 -> 0.4521  accuracy: 94.49% -> 94.30%      
client [72] (testset)   loss: 0.6071 -> 0.5753  accuracy: 93.69% -> 94.44%      
client [1]  (testset)   loss: 0.5251 -> 0.4820  accuracy: 93.87% -> 94.57%      
client [78] (testset)   loss: 0.6513 -> 0.6356  accuracy: 91.16% -> 93.33%      
client [83] (testset)   loss: 0.4623 -> 0.4538  accuracy: 95.31% -> 95.95%      
client [21] (testset)   loss: 0.4143 -> 0.3738  accuracy: 95.13% -> 95.28%      
client [56] (testset)   loss: 0.2638 -> 0.2569  accuracy: 97.92% -> 98.22%      
client [44] (testset)   loss: 0.6712 -> 0.6388  accuracy: 92.23% -> 93.40%      
client [92] (testset)   loss: 0.6746 -> 0.6644  accuracy: 94.04% -> 93.94%      
client [27] (testset)   loss: 0.2714 -> 0.2548  accuracy: 96.95% -> 97.29%      
---------------------------- TRAINING EPOCH: 400 ----------------------------   
client [10] (testset)   loss: 0.6185 -> 0.5722  accuracy: 91.75% -> 92.45%      
client [39] (testset)   loss: 0.3391 -> 0.3298  accuracy: 96.07% -> 96.49%      
client [65] (testset)   loss: 0.8689 -> 0.7596  accuracy: 88.07% -> 91.26%      
client [26] (testset)   loss: 0.7064 -> 0.6485  accuracy: 91.61% -> 92.93%      
client [19] (testset)   loss: 0.4792 -> 0.4392  accuracy: 95.30% -> 95.42%      
client [68] (testset)   loss: 0.4298 -> 0.3897  accuracy: 95.77% -> 96.19%      
client [41] (testset)   loss: 0.7705 -> 0.7635  accuracy: 91.97% -> 92.66%      
client [50] (testset)   loss: 0.2101 -> 0.2017  accuracy: 98.60% -> 98.54%      
client [75] (testset)   loss: 0.4886 -> 0.4778  accuracy: 95.18% -> 96.00%      
client [81] (testset)   loss: 0.9671 -> 0.9921  accuracy: 88.41% -> 87.99%      
Training... ━━━━━━━━━━━━━━━━━━━━━━━━━━━━━━━━━━━━━━━━ 100% 1:16:32
PSFL's average time taken by each global epoch: 0 min 11.41 sec.                
PSFL's total running time: 1 h 16 m 32 s.                                       
==================== PSFL Experiment Results: ====================              
Display format: (before local fine-tuning) -> (after local fine-tuning)         
 So if finetune_epoch = 0, x.xx% -> 0.00% is normal.                            
 Centralized testing ONLY happens after model aggregation, so the stats between 
'->' are the same.                                                              
{                                                                               
    "100": {                                                                    
        "all_clients": {                                                        
            "test": {                                                           
                "loss": "0.3487 -> 0.0000",                                     
                "accuracy": "91.30% -> 0.00%"                                   
            }                                                                   
        }                                                                       
    },                                                                          
    "200": {                                                                    
        "all_clients": {                                                        
            "test": {                                                           
                "loss": "0.3618 -> 0.0000",                                     
                "accuracy": "93.46% -> 0.00%"                                   
            }                                                                   
        }                                                                       
    },                                                                          
    "300": {                                                                    
        "all_clients": {                                                        
            "test": {                                                           
                "loss": "0.4438 -> 0.0000",                                     
                "accuracy": "94.03% -> 0.00%"                                   
            }                                                                   
        }                                                                       
    },                                                                          
    "400": {                                                                    
        "all_clients": {                                                        
            "test": {                                                           
                "loss": "0.5110 -> 0.0000",                                     
                "accuracy": "94.26% -> 0.00%"                                   
            }                                                                   
        }                                                                       
    }                                                                           
}                                                                               
==================== PSFL Max Accuracy ====================                     
all_clients:                                                                    
(test) before fine-tuning: 94.26% at epoch 400                                  
(test) after fine-tuning: 0.00% at epoch 100                                    
