==================== PSFL ====================                                  
Experiment Arguments:                                                           
{
│   'method': 'psfl',
│   'dataset': {
│   │   'name': 'svhn',
│   │   'client_num': 100,
│   │   'test_ratio': 0.25,
│   │   'val_ratio': 0.0,
│   │   'seed': 42,
│   │   'split': 'sample',
│   │   'IID_ratio': 0.0,
│   │   'monitor_window_name_suffix': 'svhn-100clients-0%IID-Dir(0.1)-seed42',
│   │   'alpha': 0.1,
│   │   'min_samples_per_client': 10
│   },
│   'model': {
│   │   'name': 'avgcnn',
│   │   'use_torchvision_pretrained_weights': True,
│   │   'external_model_weights_path': None
│   },
│   'optimizer': {
│   │   'lr': 0.01,
│   │   'dampening': 0,
│   │   'weight_decay': 0,
│   │   'momentum': 0,
│   │   'nesterov': False,
│   │   'name': 'sgd'
│   },
│   'mode': 'sequential',
│   'parallel': {
│   │   'ray_cluster_addr': None,
│   │   'num_cpus': None,
│   │   'num_gpus': None,
│   │   'num_workers': 2
│   },
│   'common': {
│   │   'seed': 42,
│   │   'join_ratio': 0.1,
│   │   'global_epoch': 400,
│   │   'local_epoch': 5,
│   │   'batch_size': 32,
│   │   'reset_optimizer_on_global_epoch': True,
│   │   'straggler_ratio': 0,
│   │   'straggler_min_local_epoch': 0,
│   │   'buffers': 'global',
│   │   'client_side_evaluation': True,
│   │   'test': {
│   │   │   'client': {
│   │   │   │   'interval': 100,
│   │   │   │   'finetune_epoch': 0,
│   │   │   │   'train': False,
│   │   │   │   'val': False,
│   │   │   │   'test': True
│   │   │   },
│   │   │   'server': {
│   │   │   │   'interval': -1,
│   │   │   │   'train': False,
│   │   │   │   'val': False,
│   │   │   │   'test': False,
│   │   │   │   'model_in_train_mode': False
│   │   │   }
│   │   },
│   │   'verbose_gap': 10,
│   │   'monitor': None,
│   │   'use_cuda': True,
│   │   'save_log': True,
│   │   'save_model': False,
│   │   'save_learning_curve_plot': False,
│   │   'save_metrics': True,
│   │   'delete_useless_run': True
│   },
│   'psfl': {
│   │   'alpha': 0.0,
│   │   'CLS': False,
│   │   'ig_ratio': 0.1,
│   │   'track': False,
│   │   'score': 'diff'
│   }
}
---------------------------- TRAINING EPOCH: 10 ----------------------------    
client [77] (testset)   loss: 1.1154 -> 0.7208  accuracy: 52.30% -> 73.85%      
client [81] (testset)   loss: 0.8184 -> 0.7929  accuracy: 83.87% -> 83.87%      
client [21] (testset)   loss: 2.2428 -> 1.2670  accuracy: 11.11% -> 52.78%      
client [68] (testset)   loss: 0.2540 -> 0.2150  accuracy: 95.83% -> 95.83%      
client [93] (testset)   loss: 1.1474 -> 1.1846  accuracy: 54.19% -> 47.10%      
client [31] (testset)   loss: 0.9572 -> 0.8646  accuracy: 65.71% -> 74.29%      
client [20] (testset)   loss: 1.4542 -> 1.2331  accuracy: 46.88% -> 63.02%      
client [59] (testset)   loss: 2.2566 -> 1.3200  accuracy: 7.51% -> 49.74%       
client [48] (testset)   loss: 2.0844 -> 2.1441  accuracy: 24.24% -> 27.27%      
client [34] (testset)   loss: 1.5549 -> 1.5104  accuracy: 31.82% -> 36.36%      
---------------------------- TRAINING EPOCH: 20 ----------------------------    
client [69] (testset)   loss: 1.3630 -> 1.1972  accuracy: 49.01% -> 57.62%      
client [99] (testset)   loss: 1.4631 -> 0.5480  accuracy: 25.71% -> 84.52%      
client [67] (testset)   loss: 0.9136 -> 0.6337  accuracy: 72.33% -> 73.91%      
client [0]  (testset)   loss: 1.0268 -> 0.7483  accuracy: 58.33% -> 73.25%      
client [76] (testset)   loss: 0.0909 -> 0.0771  accuracy: 99.36% -> 99.36%      
client [41] (testset)   loss: 1.3797 -> 0.7911  accuracy: 49.35% -> 72.19%      
client [62] (testset)   loss: 2.2878 -> 1.2790  accuracy: 9.83% -> 52.18%       
client [2]  (testset)   loss: 2.2189 -> 0.1460  accuracy: 17.52% -> 96.25%      
client [14] (testset)   loss: 0.5831 -> 0.5763  accuracy: 89.88% -> 89.88%      
client [46] (testset)   loss: 1.5920 -> 1.4976  accuracy: 52.63% -> 55.26%      
---------------------------- TRAINING EPOCH: 30 ----------------------------    
client [24] (testset)   loss: 0.6108 -> 0.5181  accuracy: 82.30% -> 83.54%      
client [68] (testset)   loss: 0.1952 -> 0.2346  accuracy: 95.83% -> 95.83%      
client [57] (testset)   loss: 0.5955 -> 0.3578  accuracy: 78.60% -> 88.74%      
client [17] (testset)   loss: 0.1918 -> 0.2619  accuracy: 96.06% -> 95.28%      
client [54] (testset)   loss: 0.8030 -> 0.5067  accuracy: 75.26% -> 89.69%      
client [23] (testset)   loss: 2.4285 -> 0.6588  accuracy: 0.00% -> 85.05%       
client [35] (testset)   loss: 0.2002 -> 0.2954  accuracy: 95.14% -> 93.53%      
client [59] (testset)   loss: 0.8399 -> 0.8697  accuracy: 65.03% -> 64.25%      
client [31] (testset)   loss: 0.9477 -> 0.8251  accuracy: 42.86% -> 65.71%      
client [9]  (testset)   loss: 1.2742 -> 1.1944  accuracy: 39.72% -> 51.77%      
---------------------------- TRAINING EPOCH: 40 ----------------------------    
client [64] (testset)   loss: 0.9477 -> 0.8738  accuracy: 70.37% -> 67.41%      
client [33] (testset)   loss: 0.2556 -> 0.2566  accuracy: 94.15% -> 94.77%      
client [16] (testset)   loss: 0.6727 -> 0.7618  accuracy: 72.84% -> 67.90%      
client [44] (testset)   loss: 1.8035 -> 1.2378  accuracy: 42.27% -> 47.42%      
client [8]  (testset)   loss: 0.7687 -> 0.7895  accuracy: 81.25% -> 81.25%      
client [31] (testset)   loss: 1.0459 -> 0.6450  accuracy: 34.29% -> 71.43%      
client [47] (testset)   loss: 0.2101 -> 0.2018  accuracy: 93.11% -> 93.51%      
client [36] (testset)   loss: 1.6311 -> 1.1237  accuracy: 50.00% -> 40.00%      
client [20] (testset)   loss: 1.0099 -> 0.7609  accuracy: 63.54% -> 76.04%      
client [56] (testset)   loss: 0.4271 -> 0.4003  accuracy: 86.39% -> 88.89%      
---------------------------- TRAINING EPOCH: 50 ----------------------------    
client [4]  (testset)   loss: 0.0036 -> 0.0034  accuracy: 100.00% -> 100.00%    
client [60] (testset)   loss: 0.0049 -> 0.0019  accuracy: 100.00% -> 100.00%    
client [28] (testset)   loss: 0.2536 -> 0.2611  accuracy: 93.40% -> 94.81%      
client [25] (testset)   loss: 0.7959 -> 0.7915  accuracy: 87.50% -> 87.50%      
client [58] (testset)   loss: 0.5557 -> 0.4717  accuracy: 82.76% -> 88.51%      
client [44] (testset)   loss: 1.2378 -> 1.1364  accuracy: 47.42% -> 54.64%      
client [39] (testset)   loss: 0.8327 -> 0.7977  accuracy: 53.66% -> 60.98%      
client [29] (testset)   loss: 0.5865 -> 0.5962  accuracy: 83.61% -> 83.85%      
client [3]  (testset)   loss: 0.3732 -> 0.2716  accuracy: 87.15% -> 91.97%      
client [84] (testset)   loss: 1.0173 -> 0.9118  accuracy: 73.76% -> 75.57%      
---------------------------- TRAINING EPOCH: 60 ----------------------------    
client [21] (testset)   loss: 1.3065 -> 1.2785  accuracy: 55.56% -> 52.78%      
client [84] (testset)   loss: 0.9814 -> 0.9136  accuracy: 72.40% -> 76.47%      
client [10] (testset)   loss: 0.2615 -> 0.2622  accuracy: 91.63% -> 91.84%      
client [36] (testset)   loss: 1.1378 -> 1.1917  accuracy: 50.00% -> 50.00%      
client [65] (testset)   loss: 0.0781 -> 0.0817  accuracy: 97.73% -> 97.60%      
client [81] (testset)   loss: 0.7344 -> 0.7245  accuracy: 83.87% -> 83.87%      
client [79] (testset)   loss: 0.1650 -> 0.2744  accuracy: 95.58% -> 92.86%      
client [42] (testset)   loss: 0.5272 -> 0.5964  accuracy: 83.82% -> 82.35%      
client [11] (testset)   loss: 1.1644 -> 0.9950  accuracy: 63.64% -> 70.13%      
client [96] (testset)   loss: 0.2584 -> 0.2462  accuracy: 94.64% -> 94.64%      
---------------------------- TRAINING EPOCH: 70 ----------------------------    
client [8]  (testset)   loss: 1.0484 -> 0.7261  accuracy: 81.25% -> 87.50%      
client [53] (testset)   loss: 0.3276 -> 0.2419  accuracy: 92.58% -> 94.76%      
client [52] (testset)   loss: 0.1428 -> 0.1439  accuracy: 95.01% -> 95.37%      
client [42] (testset)   loss: 0.5400 -> 0.5155  accuracy: 83.82% -> 84.56%      
client [69] (testset)   loss: 0.9978 -> 0.8577  accuracy: 64.24% -> 73.51%      
client [59] (testset)   loss: 0.4561 -> 0.4678  accuracy: 83.42% -> 86.53%      
client [7]  (testset)   loss: 0.2001 -> 0.1873  accuracy: 93.50% -> 92.78%      
client [26] (testset)   loss: 0.3442 -> 0.4150  accuracy: 93.63% -> 93.63%      
client [49] (testset)   loss: 0.5688 -> 0.5381  accuracy: 83.78% -> 85.95%      
client [98] (testset)   loss: 1.0708 -> 0.7796  accuracy: 82.94% -> 82.54%      
---------------------------- TRAINING EPOCH: 80 ----------------------------    
client [98] (testset)   loss: 0.7796 -> 0.8126  accuracy: 82.54% -> 83.33%      
client [47] (testset)   loss: 0.1985 -> 0.2208  accuracy: 93.91% -> 94.04%      
client [21] (testset)   loss: 1.4317 -> 1.2566  accuracy: 36.11% -> 58.33%      
client [77] (testset)   loss: 0.7203 -> 0.7606  accuracy: 85.23% -> 84.50%      
client [95] (testset)   loss: 0.5128 -> 0.5254  accuracy: 79.79% -> 80.85%      
client [91] (testset)   loss: 0.8111 -> 0.7074  accuracy: 76.43% -> 80.89%      
client [14] (testset)   loss: 0.6290 -> 0.5561  accuracy: 89.88% -> 89.88%      
client [99] (testset)   loss: 0.4121 -> 0.4000  accuracy: 90.24% -> 88.10%      
client [20] (testset)   loss: 0.6924 -> 0.8074  accuracy: 79.17% -> 80.73%      
client [39] (testset)   loss: 0.7455 -> 0.7000  accuracy: 60.98% -> 68.29%      
---------------------------- TRAINING EPOCH: 90 ----------------------------    
client [52] (testset)   loss: 0.1439 -> 0.1644  accuracy: 95.37% -> 95.37%      
client [62] (testset)   loss: 0.6158 -> 0.6421  accuracy: 86.68% -> 87.55%      
client [71] (testset)   loss: 0.6358 -> 0.4892  accuracy: 84.15% -> 89.62%      
client [97] (testset)   loss: 0.4136 -> 0.2242  accuracy: 85.77% -> 94.48%      
client [30] (testset)   loss: 0.1636 -> 0.1546  accuracy: 96.83% -> 96.83%      
client [88] (testset)   loss: 0.2210 -> 0.2217  accuracy: 95.08% -> 95.08%      
client [60] (testset)   loss: 0.0003 -> 0.0002  accuracy: 100.00% -> 100.00%    
client [82] (testset)   loss: 1.1861 -> 1.4340  accuracy: 47.37% -> 47.37%      
client [91] (testset)   loss: 0.6822 -> 0.7234  accuracy: 81.53% -> 81.53%      
client [57] (testset)   loss: 0.3554 -> 0.4002  accuracy: 89.19% -> 86.49%      
---------------------------- TRAINING EPOCH: 100 ----------------------------   
client [31] (testset)   loss: 0.5551 -> 0.5128  accuracy: 80.00% -> 82.86%      
client [15] (testset)   loss: 0.4153 -> 0.4483  accuracy: 90.48% -> 91.88%      
client [71] (testset)   loss: 0.4892 -> 1.0755  accuracy: 89.62% -> 68.31%      
client [97] (testset)   loss: 0.2323 -> 0.2768  accuracy: 95.54% -> 92.78%      
client [53] (testset)   loss: 0.2326 -> 0.3160  accuracy: 94.76% -> 95.20%      
client [77] (testset)   loss: 0.7606 -> 0.7874  accuracy: 84.50% -> 84.75%      
client [76] (testset)   loss: 0.0583 -> 0.0562  accuracy: 99.36% -> 99.36%      
client [79] (testset)   loss: 0.1624 -> 0.1716  accuracy: 95.92% -> 95.75%      
client [28] (testset)   loss: 0.3527 -> 0.3556  accuracy: 94.34% -> 94.81%      
client [99] (testset)   loss: 0.3923 -> 0.5056  accuracy: 89.05% -> 89.52%      
---------------------------- TRAINING EPOCH: 110 ----------------------------   
client [97] (testset)   loss: 0.2523 -> 0.2562  accuracy: 93.63% -> 94.69%      
client [86] (testset)   loss: 0.4012 -> 0.3271  accuracy: 89.25% -> 90.32%      
client [34] (testset)   loss: 1.7368 -> 1.8559  accuracy: 36.36% -> 36.36%      
client [73] (testset)   loss: 0.0416 -> 0.0401  accuracy: 99.57% -> 99.57%      
client [5]  (testset)   loss: 0.8000 -> 0.7466  accuracy: 81.25% -> 81.25%      
client [96] (testset)   loss: 0.2185 -> 0.2322  accuracy: 94.64% -> 94.64%      
client [22] (testset)   loss: 1.5744 -> 1.6428  accuracy: 50.00% -> 50.00%      
client [60] (testset)   loss: 0.0001 -> 0.0001  accuracy: 100.00% -> 100.00%    
client [66] (testset)   loss: 0.5269 -> 0.4986  accuracy: 81.48% -> 82.96%      
client [83] (testset)   loss: 1.8383 -> 1.5222  accuracy: 30.77% -> 15.38%      
---------------------------- TRAINING EPOCH: 120 ----------------------------   
client [76] (testset)   loss: 0.0417 -> 0.0427  accuracy: 99.36% -> 99.36%      
client [65] (testset)   loss: 0.0752 -> 0.0801  accuracy: 98.00% -> 98.13%      
client [95] (testset)   loss: 0.5242 -> 0.5751  accuracy: 86.17% -> 85.11%      
client [17] (testset)   loss: 0.1511 -> 0.1436  accuracy: 96.06% -> 96.06%      
client [8]  (testset)   loss: 0.7011 -> 0.7224  accuracy: 81.25% -> 75.00%      
client [35] (testset)   loss: 0.3143 -> 0.2789  accuracy: 94.78% -> 95.14%      
client [98] (testset)   loss: 0.8839 -> 1.1239  accuracy: 82.94% -> 83.73%      
client [53] (testset)   loss: 0.2721 -> 0.3192  accuracy: 94.32% -> 94.76%      
client [43] (testset)   loss: 0.5293 -> 0.4734  accuracy: 88.43% -> 89.18%      
client [64] (testset)   loss: 0.5610 -> 0.5800  accuracy: 83.70% -> 84.44%      
---------------------------- TRAINING EPOCH: 130 ----------------------------   
client [21] (testset)   loss: 1.2975 -> 1.6671  accuracy: 41.67% -> 36.11%      
client [88] (testset)   loss: 0.2196 -> 0.2396  accuracy: 95.74% -> 92.46%      
client [38] (testset)   loss: 0.3195 -> 0.3684  accuracy: 94.22% -> 94.97%      
client [3]  (testset)   loss: 0.2584 -> 0.2867  accuracy: 92.77% -> 91.97%      
client [5]  (testset)   loss: 0.6392 -> 0.8809  accuracy: 78.12% -> 81.25%      
client [41] (testset)   loss: 0.7795 -> 0.8023  accuracy: 86.15% -> 86.15%      
client [7]  (testset)   loss: 0.1944 -> 0.1888  accuracy: 92.78% -> 92.78%      
client [37] (testset)   loss: 0.0940 -> 0.0870  accuracy: 98.58% -> 98.58%      
client [45] (testset)   loss: 0.3843 -> 0.3619  accuracy: 93.75% -> 93.75%      
client [47] (testset)   loss: 0.2486 -> 0.2727  accuracy: 94.30% -> 93.91%      
---------------------------- TRAINING EPOCH: 140 ----------------------------   
client [16] (testset)   loss: 0.3368 -> 0.2989  accuracy: 91.36% -> 95.06%      
client [11] (testset)   loss: 0.7697 -> 0.9249  accuracy: 79.22% -> 77.92%      
client [37] (testset)   loss: 0.0892 -> 0.0836  accuracy: 98.58% -> 98.58%      
client [41] (testset)   loss: 0.8023 -> 0.8258  accuracy: 86.15% -> 85.92%      
client [95] (testset)   loss: 0.6150 -> 0.6410  accuracy: 86.17% -> 85.11%      
client [53] (testset)   loss: 0.3192 -> 0.3053  accuracy: 94.76% -> 94.76%      
client [22] (testset)   loss: 1.5903 -> 1.6534  accuracy: 43.75% -> 50.00%      
client [25] (testset)   loss: 0.9185 -> 0.8882  accuracy: 87.50% -> 87.50%      
client [69] (testset)   loss: 0.9435 -> 0.9359  accuracy: 73.51% -> 76.16%      
client [46] (testset)   loss: 1.5845 -> 1.5875  accuracy: 57.89% -> 65.79%      
---------------------------- TRAINING EPOCH: 150 ----------------------------   
client [47] (testset)   loss: 0.3077 -> 0.3128  accuracy: 94.44% -> 94.17%      
client [69] (testset)   loss: 0.9694 -> 0.9985  accuracy: 74.17% -> 76.82%      
client [82] (testset)   loss: 1.1830 -> 1.2871  accuracy: 57.89% -> 42.11%      
client [45] (testset)   loss: 0.3958 -> 0.3605  accuracy: 93.75% -> 93.75%      
client [7]  (testset)   loss: 0.1888 -> 0.1956  accuracy: 92.78% -> 92.06%      
client [50] (testset)   loss: 0.8146 -> 0.8691  accuracy: 73.81% -> 73.81%      
client [35] (testset)   loss: 0.2855 -> 0.3014  accuracy: 95.14% -> 95.14%      
client [24] (testset)   loss: 0.4747 -> 0.4568  accuracy: 90.06% -> 89.75%      
client [15] (testset)   loss: 0.5226 -> 0.5414  accuracy: 91.74% -> 92.02%      
client [58] (testset)   loss: 0.7903 -> 0.7928  accuracy: 87.74% -> 87.36%      
---------------------------- TRAINING EPOCH: 160 ----------------------------   
client [48] (testset)   loss: 2.5604 -> 2.9818  accuracy: 33.33% -> 42.42%      
client [76] (testset)   loss: 0.0309 -> 0.0452  accuracy: 99.36% -> 99.36%      
client [67] (testset)   loss: 0.3068 -> 0.2823  accuracy: 89.33% -> 91.30%      
client [37] (testset)   loss: 0.0912 -> 0.0875  accuracy: 98.58% -> 98.58%      
client [58] (testset)   loss: 0.8242 -> 0.8294  accuracy: 87.36% -> 87.74%      
client [64] (testset)   loss: 0.5964 -> 0.6087  accuracy: 80.74% -> 85.19%      
client [77] (testset)   loss: 0.9221 -> 0.9223  accuracy: 84.26% -> 84.02%      
client [55] (testset)   loss: 0.7464 -> 0.7822  accuracy: 88.27% -> 88.01%      
client [12] (testset)   loss: 0.1815 -> 0.1592  accuracy: 100.00% -> 100.00%    
client [89] (testset)   loss: 0.5522 -> 0.3798  accuracy: 88.24% -> 89.22%      
---------------------------- TRAINING EPOCH: 170 ----------------------------   
client [84] (testset)   loss: 1.4367 -> 1.4391  accuracy: 76.92% -> 76.47%      
client [51] (testset)   loss: 0.4322 -> 0.4369  accuracy: 90.49% -> 90.49%      
client [8]  (testset)   loss: 1.6576 -> 0.7729  accuracy: 37.50% -> 81.25%      
client [18] (testset)   loss: 0.3836 -> 0.4071  accuracy: 89.15% -> 89.53%      
client [94] (testset)   loss: 0.3607 -> 0.3637  accuracy: 94.17% -> 94.17%      
client [81] (testset)   loss: 0.6900 -> 0.7149  accuracy: 80.65% -> 80.65%      
client [3]  (testset)   loss: 0.2893 -> 0.2859  accuracy: 93.57% -> 93.98%      
client [11] (testset)   loss: 0.9652 -> 0.8640  accuracy: 79.22% -> 76.62%      
client [95] (testset)   loss: 0.7313 -> 0.7335  accuracy: 85.11% -> 86.17%      
client [67] (testset)   loss: 0.2823 -> 0.2884  accuracy: 91.30% -> 91.70%      
---------------------------- TRAINING EPOCH: 180 ----------------------------   
client [21] (testset)   loss: 1.1521 -> 1.2934  accuracy: 61.11% -> 52.78%      
client [79] (testset)   loss: 0.2493 -> 0.2545  accuracy: 95.92% -> 95.92%      
client [58] (testset)   loss: 0.8480 -> 0.8604  accuracy: 87.74% -> 87.74%      
client [88] (testset)   loss: 0.2497 -> 0.2424  accuracy: 93.44% -> 95.08%      
client [46] (testset)   loss: 1.7089 -> 1.7449  accuracy: 71.05% -> 71.05%      
client [11] (testset)   loss: 0.8640 -> 1.0144  accuracy: 76.62% -> 80.52%      
client [55] (testset)   loss: 0.9086 -> 0.9295  accuracy: 88.01% -> 88.01%      
client [13] (testset)   loss: 0.5627 -> 0.5793  accuracy: 89.50% -> 90.50%      
client [31] (testset)   loss: 0.5894 -> 0.6522  accuracy: 77.14% -> 77.14%      
client [75] (testset)   loss: 0.5890 -> 0.6061  accuracy: 83.33% -> 81.94%      
---------------------------- TRAINING EPOCH: 190 ----------------------------   
client [19] (testset)   loss: 0.6226 -> 0.6217  accuracy: 83.56% -> 84.47%      
client [7]  (testset)   loss: 0.2602 -> 0.2642  accuracy: 93.86% -> 93.86%      
client [57] (testset)   loss: 0.5206 -> 0.5315  accuracy: 89.19% -> 88.96%      
client [13] (testset)   loss: 0.5887 -> 0.6142  accuracy: 90.50% -> 90.50%      
client [43] (testset)   loss: 0.5584 -> 0.5981  accuracy: 88.06% -> 88.81%      
client [91] (testset)   loss: 0.8520 -> 0.8626  accuracy: 80.89% -> 80.89%      
client [10] (testset)   loss: 0.3632 -> 0.3640  accuracy: 91.42% -> 91.63%      
client [64] (testset)   loss: 0.6824 -> 0.6917  accuracy: 84.44% -> 84.44%      
client [82] (testset)   loss: 1.4117 -> 1.4729  accuracy: 57.89% -> 57.89%      
client [22] (testset)   loss: 2.0834 -> 1.8340  accuracy: 50.00% -> 43.75%      
---------------------------- TRAINING EPOCH: 200 ----------------------------   
client [20] (testset)   loss: 1.0198 -> 1.0305  accuracy: 80.21% -> 80.21%      
client [23] (testset)   loss: 0.3853 -> 0.3854  accuracy: 91.59% -> 93.46%      
client [88] (testset)   loss: 0.2424 -> 0.2437  accuracy: 95.08% -> 95.41%      
client [98] (testset)   loss: 1.1285 -> 1.1738  accuracy: 83.33% -> 83.33%      
client [79] (testset)   loss: 0.2699 -> 0.2716  accuracy: 95.75% -> 95.92%      
client [21] (testset)   loss: 1.1373 -> 1.0774  accuracy: 72.22% -> 63.89%      
client [92] (testset)   loss: 0.6650 -> 0.7062  accuracy: 86.19% -> 86.19%      
client [56] (testset)   loss: 0.5946 -> 0.6023  accuracy: 89.80% -> 89.80%      
client [5]  (testset)   loss: 0.7186 -> 0.7341  accuracy: 84.38% -> 82.81%      
client [52] (testset)   loss: 0.2029 -> 0.2072  accuracy: 95.19% -> 95.01%      
---------------------------- TRAINING EPOCH: 210 ----------------------------   
client [67] (testset)   loss: 0.3608 -> 0.3703  accuracy: 91.30% -> 90.51%      
client [54] (testset)   loss: 0.7828 -> 0.7657  accuracy: 89.69% -> 89.69%      
client [14] (testset)   loss: 0.6160 -> 0.6183  accuracy: 91.67% -> 91.07%      
client [99] (testset)   loss: 0.5923 -> 0.5814  accuracy: 90.48% -> 90.00%      
client [36] (testset)   loss: 2.0456 -> 1.6011  accuracy: 40.00% -> 40.00%      
client [30] (testset)   loss: 0.1282 -> 0.1252  accuracy: 96.83% -> 96.83%      
client [38] (testset)   loss: 0.4275 -> 0.4312  accuracy: 94.97% -> 94.97%      
client [15] (testset)   loss: 0.5770 -> 0.5877  accuracy: 91.60% -> 91.88%      
client [6]  (testset)   loss: 0.6167 -> 0.6297  accuracy: 88.05% -> 87.65%      
client [53] (testset)   loss: 0.4132 -> 0.4335  accuracy: 94.76% -> 94.76%      
---------------------------- TRAINING EPOCH: 220 ----------------------------   
client [99] (testset)   loss: 0.6087 -> 0.6149  accuracy: 89.76% -> 90.48%      
client [6]  (testset)   loss: 0.6296 -> 0.6246  accuracy: 87.65% -> 88.45%      
client [83] (testset)   loss: 1.4947 -> 1.4800  accuracy: 46.15% -> 46.15%      
client [42] (testset)   loss: 0.7285 -> 0.7285  accuracy: 86.03% -> 85.29%      
client [34] (testset)   loss: 1.3757 -> 1.4721  accuracy: 54.55% -> 50.00%      
client [15] (testset)   loss: 0.5877 -> 0.5963  accuracy: 91.88% -> 91.60%      
client [47] (testset)   loss: 0.3770 -> 0.3790  accuracy: 93.77% -> 93.91%      
client [55] (testset)   loss: 0.9453 -> 0.9632  accuracy: 88.01% -> 88.01%      
client [51] (testset)   loss: 0.4567 -> 0.4793  accuracy: 90.87% -> 90.87%      
client [95] (testset)   loss: 0.7721 -> 0.7874  accuracy: 86.17% -> 85.11%      
---------------------------- TRAINING EPOCH: 230 ----------------------------   
client [71] (testset)   loss: 0.6587 -> 0.6755  accuracy: 90.16% -> 91.26%      
client [15] (testset)   loss: 0.5963 -> 0.6031  accuracy: 91.60% -> 91.60%      
client [33] (testset)   loss: 0.4173 -> 0.4258  accuracy: 92.92% -> 92.31%      
client [99] (testset)   loss: 0.6186 -> 0.6225  accuracy: 90.00% -> 90.24%      
client [90] (testset)   loss: 0.8810 -> 1.1021  accuracy: 81.48% -> 76.54%      
client [57] (testset)   loss: 0.5935 -> 0.6022  accuracy: 88.29% -> 87.61%      
client [27] (testset)   loss: 0.9209 -> 0.9320  accuracy: 83.00% -> 82.50%      
client [78] (testset)   loss: 1.2655 -> 1.3159  accuracy: 78.63% -> 78.63%      
client [36] (testset)   loss: 2.0459 -> 1.6462  accuracy: 40.00% -> 40.00%      
client [88] (testset)   loss: 0.2626 -> 0.2658  accuracy: 95.41% -> 95.41%      
---------------------------- TRAINING EPOCH: 240 ----------------------------   
client [70] (testset)   loss: 0.6978 -> 0.6962  accuracy: 90.10% -> 90.10%      
client [35] (testset)   loss: 0.3261 -> 0.3314  accuracy: 95.14% -> 95.14%      
client [16] (testset)   loss: 0.3398 -> 0.3383  accuracy: 95.06% -> 95.06%      
client [80] (testset)   loss: 0.9830 -> 0.9966  accuracy: 73.91% -> 78.26%      
client [38] (testset)   loss: 0.4647 -> 0.4743  accuracy: 94.97% -> 94.72%      
client [78] (testset)   loss: 1.4599 -> 1.4031  accuracy: 78.63% -> 77.78%      
client [68] (testset)   loss: 0.2047 -> 0.2038  accuracy: 95.83% -> 95.83%      
client [11] (testset)   loss: 0.9982 -> 0.9779  accuracy: 79.22% -> 77.92%      
client [64] (testset)   loss: 0.7343 -> 0.7567  accuracy: 83.70% -> 84.44%      
client [82] (testset)   loss: 1.6999 -> 1.7308  accuracy: 57.89% -> 57.89%      
---------------------------- TRAINING EPOCH: 250 ----------------------------   
client [30] (testset)   loss: 0.1310 -> 0.1294  accuracy: 96.83% -> 96.83%      
client [27] (testset)   loss: 0.9320 -> 0.9237  accuracy: 82.50% -> 82.50%      
client [74] (testset)   loss: 1.1933 -> 1.2222  accuracy: 76.82% -> 79.47%      
client [45] (testset)   loss: 0.3978 -> 0.4299  accuracy: 94.79% -> 94.79%      
client [6]  (testset)   loss: 0.6633 -> 0.6618  accuracy: 87.65% -> 88.05%      
client [36] (testset)   loss: 2.1194 -> 1.6800  accuracy: 40.00% -> 40.00%      
client [63] (testset)   loss: 0.9176 -> 0.9594  accuracy: 81.82% -> 81.82%      
client [76] (testset)   loss: 0.0114 -> 0.0161  accuracy: 99.36% -> 100.00%     
client [83] (testset)   loss: 1.7028 -> 1.6590  accuracy: 46.15% -> 38.46%      
client [86] (testset)   loss: 0.4994 -> 0.4851  accuracy: 91.94% -> 90.86%      
---------------------------- TRAINING EPOCH: 260 ----------------------------   
client [83] (testset)   loss: 1.6590 -> 1.7582  accuracy: 38.46% -> 46.15%      
client [99] (testset)   loss: 0.6360 -> 0.6553  accuracy: 90.24% -> 90.71%      
client [74] (testset)   loss: 1.2439 -> 1.2845  accuracy: 80.13% -> 79.47%      
client [73] (testset)   loss: 0.0460 -> 0.0476  accuracy: 99.57% -> 99.57%      
client [29] (testset)   loss: 1.0981 -> 1.0981  accuracy: 85.27% -> 85.75%      
client [92] (testset)   loss: 0.7448 -> 0.7567  accuracy: 85.64% -> 85.64%      
client [6]  (testset)   loss: 0.6636 -> 0.6750  accuracy: 88.45% -> 88.45%      
client [61] (testset)   loss: 0.8461 -> 0.8453  accuracy: 84.34% -> 84.74%      
client [21] (testset)   loss: 1.1210 -> 1.3389  accuracy: 66.67% -> 58.33%      
client [67] (testset)   loss: 0.3842 -> 0.3865  accuracy: 90.91% -> 90.91%      
---------------------------- TRAINING EPOCH: 270 ----------------------------   
client [83] (testset)   loss: 1.7579 -> 1.7743  accuracy: 46.15% -> 46.15%      
client [32] (testset)   loss: 1.2710 -> 1.3550  accuracy: 74.82% -> 75.54%      
client [95] (testset)   loss: 0.7969 -> 0.7989  accuracy: 85.11% -> 86.17%      
client [61] (testset)   loss: 0.9043 -> 0.9095  accuracy: 84.34% -> 84.74%      
client [27] (testset)   loss: 0.9236 -> 0.9412  accuracy: 82.50% -> 82.00%      
client [25] (testset)   loss: 1.0347 -> 1.0461  accuracy: 87.50% -> 87.50%      
client [68] (testset)   loss: 0.1848 -> 0.1901  accuracy: 95.83% -> 95.83%      
client [34] (testset)   loss: 1.6782 -> 1.7153  accuracy: 50.00% -> 54.55%      
client [71] (testset)   loss: 0.7439 -> 0.7448  accuracy: 90.71% -> 90.71%      
client [89] (testset)   loss: 0.5382 -> 0.5330  accuracy: 89.71% -> 89.71%      
---------------------------- TRAINING EPOCH: 280 ----------------------------   
client [78] (testset)   loss: 1.7775 -> 1.8333  accuracy: 78.63% -> 79.49%      
client [81] (testset)   loss: 0.8005 -> 0.7906  accuracy: 80.65% -> 80.65%      
client [51] (testset)   loss: 0.5154 -> 0.5138  accuracy: 90.87% -> 90.49%      
client [54] (testset)   loss: 0.8655 -> 0.8209  accuracy: 89.69% -> 89.69%      
client [65] (testset)   loss: 0.1109 -> 0.1106  accuracy: 97.73% -> 97.73%      
client [41] (testset)   loss: 1.0126 -> 1.0155  accuracy: 86.04% -> 86.15%      
client [11] (testset)   loss: 1.0753 -> 1.0279  accuracy: 77.92% -> 79.22%      
client [85] (testset)   loss: 2.1846 -> 2.3067  accuracy: 37.50% -> 37.50%      
client [12] (testset)   loss: 0.0353 -> 0.0165  accuracy: 100.00% -> 100.00%    
client [23] (testset)   loss: 0.5735 -> 0.5187  accuracy: 89.72% -> 93.46%      
---------------------------- TRAINING EPOCH: 290 ----------------------------   
client [16] (testset)   loss: 0.3508 -> 0.3543  accuracy: 95.06% -> 95.06%      
client [65] (testset)   loss: 0.1138 -> 0.1128  accuracy: 97.73% -> 97.73%      
client [53] (testset)   loss: 0.4595 -> 0.4641  accuracy: 94.32% -> 94.76%      
client [58] (testset)   loss: 0.9369 -> 0.9346  accuracy: 87.74% -> 87.74%      
client [72] (testset)   loss: 0.8486 -> 0.8550  accuracy: 88.49% -> 88.49%      
client [7]  (testset)   loss: 0.3061 -> 0.3248  accuracy: 93.86% -> 93.86%      
client [71] (testset)   loss: 0.7447 -> 0.7557  accuracy: 90.71% -> 90.71%      
client [59] (testset)   loss: 0.7609 -> 0.7600  accuracy: 83.94% -> 83.94%      
client [86] (testset)   loss: 0.5220 -> 0.5277  accuracy: 91.94% -> 91.94%      
client [39] (testset)   loss: 0.7885 -> 0.7466  accuracy: 70.73% -> 75.61%      
---------------------------- TRAINING EPOCH: 300 ----------------------------   
client [99] (testset)   loss: 0.6566 -> 0.6576  accuracy: 90.24% -> 90.48%      
client [7]  (testset)   loss: 0.3155 -> 0.3210  accuracy: 93.86% -> 93.86%      
client [17] (testset)   loss: 0.2057 -> 0.2032  accuracy: 95.28% -> 95.28%      
client [64] (testset)   loss: 0.8128 -> 0.8181  accuracy: 84.44% -> 84.44%      
client [37] (testset)   loss: 0.1188 -> 0.1157  accuracy: 98.58% -> 98.58%      
client [29] (testset)   loss: 1.1475 -> 1.1634  accuracy: 85.51% -> 85.51%      
client [93] (testset)   loss: 1.0683 -> 1.0948  accuracy: 77.42% -> 76.77%      
client [73] (testset)   loss: 0.0552 -> 0.0556  accuracy: 99.57% -> 99.57%      
client [40] (testset)   loss: 2.9162 -> 3.0260  accuracy: 55.93% -> 55.93%      
client [76] (testset)   loss: 0.0086 -> 0.0075  accuracy: 99.36% -> 100.00%     
---------------------------- TRAINING EPOCH: 310 ----------------------------   
client [31] (testset)   loss: 0.6933 -> 0.7538  accuracy: 80.00% -> 80.00%      
client [89] (testset)   loss: 0.5825 -> 0.5142  accuracy: 89.22% -> 89.71%      
client [77] (testset)   loss: 1.1532 -> 1.1581  accuracy: 83.54% -> 83.29%      
client [90] (testset)   loss: 1.1592 -> 1.2753  accuracy: 80.25% -> 75.31%      
client [26] (testset)   loss: 0.4376 -> 0.4457  accuracy: 93.63% -> 93.63%      
client [50] (testset)   loss: 0.7352 -> 0.7597  accuracy: 71.43% -> 78.57%      
client [30] (testset)   loss: 0.1292 -> 0.1332  accuracy: 96.83% -> 96.83%      
client [70] (testset)   loss: 0.7235 -> 0.7206  accuracy: 89.93% -> 90.28%      
client [41] (testset)   loss: 1.0358 -> 1.0376  accuracy: 86.04% -> 86.04%      
client [99] (testset)   loss: 0.6578 -> 0.6515  accuracy: 90.48% -> 90.00%      
---------------------------- TRAINING EPOCH: 320 ----------------------------   
client [68] (testset)   loss: 0.2246 -> 0.2439  accuracy: 95.83% -> 95.83%      
client [70] (testset)   loss: 0.7268 -> 0.7301  accuracy: 90.28% -> 90.28%      
client [52] (testset)   loss: 0.2308 -> 0.2335  accuracy: 94.83% -> 94.83%      
client [1]  (testset)   loss: 0.1680 -> 0.1651  accuracy: 96.38% -> 95.82%      
client [2]  (testset)   loss: 0.0891 -> 0.0906  accuracy: 98.55% -> 98.55%      
client [67] (testset)   loss: 0.4211 -> 0.4207  accuracy: 90.91% -> 91.70%      
client [92] (testset)   loss: 0.8427 -> 0.8482  accuracy: 85.64% -> 85.64%      
client [35] (testset)   loss: 0.3394 -> 0.3501  accuracy: 95.14% -> 95.14%      
client [36] (testset)   loss: 2.2226 -> 1.9953  accuracy: 40.00% -> 50.00%      
client [64] (testset)   loss: 0.8271 -> 0.8353  accuracy: 84.44% -> 84.44%      
---------------------------- TRAINING EPOCH: 330 ----------------------------   
client [44] (testset)   loss: 1.0142 -> 1.0363  accuracy: 82.47% -> 81.44%      
client [6]  (testset)   loss: 0.7191 -> 0.7148  accuracy: 88.45% -> 88.45%      
client [12] (testset)   loss: 0.0083 -> 0.0114  accuracy: 100.00% -> 100.00%    
client [55] (testset)   loss: 1.0439 -> 1.0562  accuracy: 88.01% -> 88.01%      
client [29] (testset)   loss: 1.1850 -> 1.2017  accuracy: 85.27% -> 85.27%      
client [9]  (testset)   loss: 0.9022 -> 0.9038  accuracy: 80.14% -> 80.14%      
client [43] (testset)   loss: 0.6835 -> 0.6914  accuracy: 89.55% -> 89.55%      
client [77] (testset)   loss: 1.1581 -> 1.1609  accuracy: 83.29% -> 83.29%      
client [98] (testset)   loss: 1.4309 -> 1.4389  accuracy: 84.13% -> 84.13%      
client [78] (testset)   loss: 1.9034 -> 1.9238  accuracy: 78.63% -> 78.63%      
---------------------------- TRAINING EPOCH: 340 ----------------------------   
client [92] (testset)   loss: 0.8513 -> 0.8576  accuracy: 85.64% -> 85.64%      
client [80] (testset)   loss: 1.0908 -> 1.1178  accuracy: 73.91% -> 73.91%      
client [63] (testset)   loss: 1.0370 -> 1.1470  accuracy: 86.36% -> 81.82%      
client [76] (testset)   loss: 0.0082 -> 0.0075  accuracy: 99.36% -> 99.36%      
client [78] (testset)   loss: 1.9238 -> 1.9294  accuracy: 78.63% -> 78.63%      
client [25] (testset)   loss: 1.1507 -> 1.1439  accuracy: 87.50% -> 87.50%      
client [58] (testset)   loss: 0.9561 -> 0.9546  accuracy: 87.74% -> 87.74%      
client [13] (testset)   loss: 0.7145 -> 0.7088  accuracy: 91.00% -> 90.00%      
client [17] (testset)   loss: 0.2185 -> 0.2188  accuracy: 95.28% -> 95.28%      
client [38] (testset)   loss: 0.5896 -> 0.5926  accuracy: 94.97% -> 94.97%      
---------------------------- TRAINING EPOCH: 350 ----------------------------   
client [72] (testset)   loss: 0.9070 -> 0.9132  accuracy: 88.83% -> 88.49%      
client [82] (testset)   loss: 2.1121 -> 2.1362  accuracy: 52.63% -> 52.63%      
client [86] (testset)   loss: 0.5522 -> 0.5607  accuracy: 90.86% -> 91.94%      
client [51] (testset)   loss: 0.5416 -> 0.5461  accuracy: 90.49% -> 90.49%      
client [96] (testset)   loss: 0.2744 -> 0.2830  accuracy: 94.64% -> 94.64%      
client [42] (testset)   loss: 0.8449 -> 0.8331  accuracy: 84.56% -> 85.29%      
client [55] (testset)   loss: 1.0932 -> 1.1001  accuracy: 88.01% -> 88.27%      
client [13] (testset)   loss: 0.7273 -> 0.7305  accuracy: 91.00% -> 90.50%      
client [1]  (testset)   loss: 0.1743 -> 0.1707  accuracy: 96.38% -> 95.82%      
client [12] (testset)   loss: 0.0114 -> 0.0115  accuracy: 100.00% -> 100.00%    
---------------------------- TRAINING EPOCH: 360 ----------------------------   
client [68] (testset)   loss: 0.2472 -> 0.2542  accuracy: 95.83% -> 95.83%      
client [23] (testset)   loss: 0.5932 -> 0.6163  accuracy: 91.59% -> 91.59%      
client [46] (testset)   loss: 3.2337 -> 3.2255  accuracy: 71.05% -> 73.68%      
client [41] (testset)   loss: 1.0639 -> 1.0631  accuracy: 86.04% -> 86.04%      
client [25] (testset)   loss: 1.2174 -> 1.2760  accuracy: 87.50% -> 87.50%      
client [58] (testset)   loss: 0.9630 -> 0.9621  accuracy: 87.74% -> 87.74%      
client [14] (testset)   loss: 0.7047 -> 0.7203  accuracy: 91.67% -> 91.67%      
client [33] (testset)   loss: 0.4714 -> 0.4802  accuracy: 92.62% -> 92.62%      
client [85] (testset)   loss: 2.6424 -> 2.6637  accuracy: 37.50% -> 37.50%      
client [62] (testset)   loss: 0.8563 -> 0.8633  accuracy: 86.68% -> 86.68%      
---------------------------- TRAINING EPOCH: 370 ----------------------------   
client [98] (testset)   loss: 1.4794 -> 1.4767  accuracy: 84.13% -> 84.13%      
client [63] (testset)   loss: 1.1830 -> 1.0860  accuracy: 86.36% -> 81.82%      
client [70] (testset)   loss: 0.7441 -> 0.7437  accuracy: 90.28% -> 90.28%      
client [65] (testset)   loss: 0.1194 -> 0.1196  accuracy: 97.86% -> 97.73%      
client [14] (testset)   loss: 0.7062 -> 0.7145  accuracy: 91.67% -> 91.67%      
client [73] (testset)   loss: 0.0606 -> 0.0636  accuracy: 99.57% -> 99.57%      
client [34] (testset)   loss: 2.0066 -> 2.0457  accuracy: 54.55% -> 54.55%      
client [99] (testset)   loss: 0.6650 -> 0.6706  accuracy: 90.00% -> 90.24%      
client [69] (testset)   loss: 1.1573 -> 1.1633  accuracy: 76.16% -> 76.16%      
client [46] (testset)   loss: 3.2255 -> 3.2443  accuracy: 73.68% -> 73.68%      
---------------------------- TRAINING EPOCH: 380 ----------------------------   
client [99] (testset)   loss: 0.6787 -> 0.6879  accuracy: 90.00% -> 90.24%      
client [93] (testset)   loss: 1.1273 -> 1.1416  accuracy: 76.77% -> 76.77%      
client [11] (testset)   loss: 1.1531 -> 1.1610  accuracy: 79.22% -> 79.22%      
client [58] (testset)   loss: 0.9826 -> 0.9802  accuracy: 87.74% -> 87.74%      
client [81] (testset)   loss: 0.9572 -> 0.9543  accuracy: 80.65% -> 80.65%      
client [85] (testset)   loss: 2.6637 -> 2.6863  accuracy: 37.50% -> 37.50%      
client [89] (testset)   loss: 0.5647 -> 0.5884  accuracy: 89.22% -> 88.24%      
client [45] (testset)   loss: 0.3755 -> 0.4483  accuracy: 94.79% -> 94.79%      
client [8]  (testset)   loss: 0.9031 -> 0.9198  accuracy: 81.25% -> 81.25%      
client [68] (testset)   loss: 0.2663 -> 0.2702  accuracy: 95.83% -> 95.83%      
---------------------------- TRAINING EPOCH: 390 ----------------------------   
client [67] (testset)   loss: 0.4351 -> 0.4397  accuracy: 90.91% -> 90.91%      
client [72] (testset)   loss: 0.9307 -> 0.9363  accuracy: 88.49% -> 88.49%      
client [1]  (testset)   loss: 0.1793 -> 0.1805  accuracy: 95.82% -> 96.10%      
client [78] (testset)   loss: 2.0771 -> 2.1084  accuracy: 78.63% -> 78.63%      
client [83] (testset)   loss: 2.1881 -> 2.1966  accuracy: 46.15% -> 38.46%      
client [21] (testset)   loss: 1.3618 -> 1.4856  accuracy: 69.44% -> 69.44%      
client [56] (testset)   loss: 0.6807 -> 0.6823  accuracy: 89.91% -> 89.80%      
client [44] (testset)   loss: 1.1436 -> 1.1045  accuracy: 79.38% -> 82.47%      
client [92] (testset)   loss: 0.8629 -> 0.8715  accuracy: 85.64% -> 85.64%      
client [27] (testset)   loss: 1.0195 -> 1.0237  accuracy: 81.50% -> 82.00%      
---------------------------- TRAINING EPOCH: 400 ----------------------------   
client [10] (testset)   loss: 0.4385 -> 0.4397  accuracy: 91.21% -> 91.21%      
client [39] (testset)   loss: 0.8098 -> 0.8344  accuracy: 75.61% -> 73.17%      
client [65] (testset)   loss: 0.1229 -> 0.1246  accuracy: 97.73% -> 97.86%      
client [26] (testset)   loss: 0.4965 -> 0.4992  accuracy: 93.63% -> 92.99%      
client [19] (testset)   loss: 0.7436 -> 0.7458  accuracy: 83.56% -> 83.56%      
client [68] (testset)   loss: 0.2715 -> 0.2810  accuracy: 95.83% -> 95.83%      
client [41] (testset)   loss: 1.0803 -> 1.0852  accuracy: 85.92% -> 85.92%      
client [50] (testset)   loss: 0.9279 -> 0.9368  accuracy: 78.57% -> 76.19%      
client [75] (testset)   loss: 0.7732 -> 0.7818  accuracy: 81.94% -> 82.64%      
client [81] (testset)   loss: 0.9996 -> 1.0140  accuracy: 80.65% -> 80.65%      
PSFL's average time taken by each global epoch: 0 min 2.11 sec.                 
PSFL's total running time: 0 h 14 m 12 s.                                       
==================== PSFL Experiment Results: ====================              
Display format: (before local fine-tuning) -> (after local fine-tuning)         
 So if finetune_epoch = 0, x.xx% -> 0.00% is normal.                            
 Centralized testing ONLY happens after model aggregation, so the stats between 
'->' are the same.                                                              
{                                                                               
    "100": {                                                                    
        "all_clients": {                                                        
            "test": {                                                           
                "loss": "0.4531 -> 0.0000",                                     
                "accuracy": "88.98% -> 0.00%"                                   
            }                                                                   
        }                                                                       
    },                                                                          
    "200": {                                                                    
        "all_clients": {                                                        
            "test": {                                                           
                "loss": "0.5534 -> 0.0000",                                     
                "accuracy": "89.97% -> 0.00%"                                   
            }                                                                   
        }                                                                       
    },                                                                          
    "300": {                                                                    
        "all_clients": {                                                        
            "test": {                                                           
                "loss": "0.6313 -> 0.0000",                                     
                "accuracy": "90.02% -> 0.00%"                                   
            }                                                                   
        }                                                                       
    },                                                                          
    "400": {                                                                    
        "all_clients": {                                                        
            "test": {                                                           
                "loss": "0.6789 -> 0.0000",                                     
                "accuracy": "90.00% -> 0.00%"                                   
            }                                                                   
        }                                                                       
    }                                                                           
}                                                                               
==================== PSFL Max Accuracy ====================                     
all_clients:                                                                    
(test) before fine-tuning: 90.02% at epoch 300                                  
(test) after fine-tuning: 0.00% at epoch 100                                    
