Files already downloaded and verified
Files already downloaded and verified
==================== PSFL ====================                                  
Experiment Arguments:                                                           
{
│   'method': 'psfl',
│   'dataset': {
│   │   'name': 'cifar10',
│   │   'client_num': 100,
│   │   'test_ratio': 0.25,
│   │   'val_ratio': 0.0,
│   │   'seed': 42,
│   │   'split': 'sample',
│   │   'IID_ratio': 0.0,
│   │   'monitor_window_name_suffix': 'cifar10-100clients-0%IID-Dir(0.1)-seed42',
│   │   'alpha': 0.1,
│   │   'min_samples_per_client': 10
│   },
│   'model': {
│   │   'name': 'avgcnn',
│   │   'use_torchvision_pretrained_weights': True,
│   │   'external_model_weights_path': None
│   },
│   'optimizer': {
│   │   'lr': 0.01,
│   │   'dampening': 0,
│   │   'weight_decay': 0,
│   │   'momentum': 0,
│   │   'nesterov': False,
│   │   'name': 'sgd'
│   },
│   'mode': 'sequential',
│   'parallel': {
│   │   'ray_cluster_addr': None,
│   │   'num_cpus': None,
│   │   'num_gpus': None,
│   │   'num_workers': 2
│   },
│   'common': {
│   │   'seed': 42,
│   │   'join_ratio': 0.1,
│   │   'global_epoch': 400,
│   │   'local_epoch': 5,
│   │   'batch_size': 32,
│   │   'reset_optimizer_on_global_epoch': True,
│   │   'straggler_ratio': 0,
│   │   'straggler_min_local_epoch': 0,
│   │   'buffers': 'global',
│   │   'client_side_evaluation': True,
│   │   'test': {
│   │   │   'client': {
│   │   │   │   'interval': 100,
│   │   │   │   'finetune_epoch': 0,
│   │   │   │   'train': False,
│   │   │   │   'val': False,
│   │   │   │   'test': True
│   │   │   },
│   │   │   'server': {
│   │   │   │   'interval': -1,
│   │   │   │   'train': False,
│   │   │   │   'val': False,
│   │   │   │   'test': False,
│   │   │   │   'model_in_train_mode': False
│   │   │   }
│   │   },
│   │   'verbose_gap': 10,
│   │   'monitor': None,
│   │   'use_cuda': True,
│   │   'save_log': True,
│   │   'save_model': False,
│   │   'save_learning_curve_plot': False,
│   │   'save_metrics': True,
│   │   'delete_useless_run': True
│   },
│   'psfl': {
│   │   'alpha': 0.0,
│   │   'CLS': False,
│   │   'ig_ratio': 0.99993,
│   │   'track': False,
│   │   'score': 'diff'
│   }
}
---------------------------- TRAINING EPOCH: 10 ----------------------------    
client [77] (testset)   loss: 1.2487 -> 0.3858  accuracy: 54.42% -> 87.63%      
client [81] (testset)   loss: 0.2770 -> 0.0418  accuracy: 91.96% -> 98.21%      
client [21] (testset)   loss: 3.4979 -> 0.8682  accuracy: 13.04% -> 73.91%      
client [68] (testset)   loss: 1.7922 -> 0.2324  accuracy: 35.03% -> 93.22%      
client [93] (testset)   loss: 0.6896 -> 0.5816  accuracy: 78.95% -> 78.95%      
client [31] (testset)   loss: 0.8229 -> 0.1238  accuracy: 73.27% -> 95.85%      
client [20] (testset)   loss: 0.5292 -> 0.6246  accuracy: 83.03% -> 78.24%      
client [59] (testset)   loss: 1.4569 -> 0.0909  accuracy: 33.33% -> 100.00%     
client [48] (testset)   loss: 1.0340 -> 0.6539  accuracy: 69.23% -> 76.92%      
client [34] (testset)   loss: 0.9491 -> 0.7219  accuracy: 69.68% -> 74.84%      
---------------------------- TRAINING EPOCH: 20 ----------------------------    
client [69] (testset)   loss: 0.9802 -> 0.8783  accuracy: 61.21% -> 60.61%      
client [99] (testset)   loss: 0.4360 -> 0.0293  accuracy: 86.08% -> 100.00%     
client [67] (testset)   loss: 0.8253 -> 0.2050  accuracy: 70.97% -> 91.61%      
client [0]  (testset)   loss: 0.2869 -> 0.1292  accuracy: 92.22% -> 95.81%      
client [76] (testset)   loss: 0.6545 -> 0.2658  accuracy: 76.82% -> 90.73%      
client [41] (testset)   loss: 1.2877 -> 0.6770  accuracy: 57.14% -> 77.78%      
client [62] (testset)   loss: 1.8047 -> 0.0947  accuracy: 17.65% -> 94.12%      
client [2]  (testset)   loss: 2.4300 -> 0.3907  accuracy: 28.47% -> 86.13%      
client [14] (testset)   loss: 1.6282 -> 0.6417  accuracy: 53.20% -> 78.33%      
client [46] (testset)   loss: 0.6359 -> 0.5438  accuracy: 79.84% -> 84.50%      
---------------------------- TRAINING EPOCH: 30 ----------------------------    
client [24] (testset)   loss: 0.2565 -> 0.2841  accuracy: 91.67% -> 91.67%      
client [68] (testset)   loss: 0.2588 -> 0.1671  accuracy: 89.83% -> 94.92%      
client [57] (testset)   loss: 0.2334 -> 0.1748  accuracy: 92.41% -> 95.36%      
client [17] (testset)   loss: 0.7005 -> 0.8523  accuracy: 76.79% -> 77.38%      
client [54] (testset)   loss: 0.5737 -> 0.6843  accuracy: 86.25% -> 85.00%      
client [23] (testset)   loss: 1.8425 -> 0.0087  accuracy: 46.43% -> 100.00%     
client [35] (testset)   loss: 1.4010 -> 0.5839  accuracy: 50.00% -> 66.67%      
client [59] (testset)   loss: 0.0684 -> 0.0635  accuracy: 100.00% -> 100.00%    
client [31] (testset)   loss: 0.1835 -> 0.1522  accuracy: 94.93% -> 95.85%      
client [9]  (testset)   loss: 0.4243 -> 0.4124  accuracy: 86.75% -> 86.32%      
---------------------------- TRAINING EPOCH: 40 ----------------------------    
client [64] (testset)   loss: 0.1725 -> 0.1779  accuracy: 95.41% -> 95.41%      
client [33] (testset)   loss: 0.2705 -> 0.2559  accuracy: 92.71% -> 94.79%      
client [16] (testset)   loss: 0.9341 -> 0.8931  accuracy: 77.11% -> 74.10%      
client [44] (testset)   loss: 0.3245 -> 0.1896  accuracy: 89.80% -> 94.90%      
client [8]  (testset)   loss: 0.4837 -> 0.5140  accuracy: 83.87% -> 77.42%      
client [31] (testset)   loss: 0.1260 -> 0.1059  accuracy: 96.31% -> 96.77%      
client [47] (testset)   loss: 1.7940 -> 1.4167  accuracy: 62.50% -> 68.75%      
client [36] (testset)   loss: 0.6175 -> 0.5857  accuracy: 82.98% -> 85.11%      
client [20] (testset)   loss: 0.6302 -> 0.6181  accuracy: 84.33% -> 84.97%      
client [56] (testset)   loss: 0.2957 -> 0.2514  accuracy: 90.77% -> 89.23%      
---------------------------- TRAINING EPOCH: 50 ----------------------------    
client [4]  (testset)   loss: 0.1703 -> 0.1095  accuracy: 97.18% -> 97.18%      
client [60] (testset)   loss: 0.6393 -> 0.3101  accuracy: 80.15% -> 91.76%      
client [28] (testset)   loss: 0.1570 -> 0.2825  accuracy: 96.00% -> 92.00%      
client [25] (testset)   loss: 1.2956 -> 0.7142  accuracy: 60.42% -> 80.57%      
client [58] (testset)   loss: 0.3119 -> 0.2649  accuracy: 92.06% -> 93.65%      
client [44] (testset)   loss: 0.2236 -> 0.2264  accuracy: 92.86% -> 92.86%      
client [39] (testset)   loss: 0.8665 -> 0.7139  accuracy: 70.55% -> 82.19%      
client [29] (testset)   loss: 0.3384 -> 0.2049  accuracy: 88.30% -> 95.32%      
client [3]  (testset)   loss: 0.8962 -> 0.7151  accuracy: 71.66% -> 81.82%      
client [84] (testset)   loss: 0.6481 -> 0.3431  accuracy: 78.12% -> 89.06%      
---------------------------- TRAINING EPOCH: 60 ----------------------------    
client [21] (testset)   loss: 0.9596 -> 0.7188  accuracy: 78.26% -> 82.61%      
client [84] (testset)   loss: 0.5438 -> 0.3840  accuracy: 85.94% -> 85.94%      
client [10] (testset)   loss: 0.1424 -> 0.1384  accuracy: 96.53% -> 96.53%      
client [36] (testset)   loss: 0.6960 -> 0.6438  accuracy: 87.23% -> 87.23%      
client [65] (testset)   loss: 0.7718 -> 0.6348  accuracy: 78.57% -> 85.71%      
client [81] (testset)   loss: 0.0328 -> 0.0026  accuracy: 98.21% -> 100.00%     
client [79] (testset)   loss: 0.3167 -> 0.2698  accuracy: 91.34% -> 92.74%      
client [42] (testset)   loss: 0.3343 -> 0.3122  accuracy: 95.06% -> 94.24%      
client [11] (testset)   loss: 0.5359 -> 0.3838  accuracy: 86.36% -> 81.82%      
client [96] (testset)   loss: 1.4788 -> 1.3829  accuracy: 75.00% -> 75.00%      
---------------------------- TRAINING EPOCH: 70 ----------------------------    
client [8]  (testset)   loss: 0.5297 -> 0.4862  accuracy: 83.87% -> 83.87%      
client [53] (testset)   loss: 0.9784 -> 0.6754  accuracy: 72.96% -> 83.67%      
client [52] (testset)   loss: 0.1302 -> 0.1421  accuracy: 97.06% -> 97.06%      
client [42] (testset)   loss: 0.2670 -> 0.3110  accuracy: 93.83% -> 93.83%      
client [69] (testset)   loss: 1.4495 -> 1.3338  accuracy: 65.15% -> 66.36%      
client [59] (testset)   loss: 0.0340 -> 0.0143  accuracy: 100.00% -> 100.00%    
client [7]  (testset)   loss: 0.5901 -> 0.5086  accuracy: 82.61% -> 85.02%      
client [26] (testset)   loss: 0.7003 -> 0.6860  accuracy: 84.62% -> 84.62%      
client [49] (testset)   loss: 0.7406 -> 0.6695  accuracy: 78.73% -> 83.17%      
client [98] (testset)   loss: 1.3202 -> 1.0672  accuracy: 68.72% -> 83.41%      
---------------------------- TRAINING EPOCH: 80 ----------------------------    
client [98] (testset)   loss: 1.0427 -> 1.0887  accuracy: 81.04% -> 81.52%      
client [47] (testset)   loss: 2.1374 -> 2.0665  accuracy: 68.75% -> 68.75%      
client [21] (testset)   loss: 0.6568 -> 0.6675  accuracy: 82.61% -> 82.61%      
client [77] (testset)   loss: 0.6144 -> 0.4692  accuracy: 90.46% -> 90.81%      
client [95] (testset)   loss: 1.6020 -> 1.5218  accuracy: 63.22% -> 71.26%      
client [91] (testset)   loss: 0.8707 -> 0.8157  accuracy: 88.24% -> 88.24%      
client [14] (testset)   loss: 0.6270 -> 0.6639  accuracy: 81.28% -> 82.76%      
client [99] (testset)   loss: 0.0234 -> 0.0266  accuracy: 98.73% -> 97.47%      
client [20] (testset)   loss: 0.7326 -> 0.7692  accuracy: 84.46% -> 86.40%      
client [39] (testset)   loss: 0.8564 -> 0.8679  accuracy: 78.77% -> 84.93%      
---------------------------- TRAINING EPOCH: 90 ----------------------------    
client [52] (testset)   loss: 0.1343 -> 0.1174  accuracy: 96.08% -> 95.10%      
client [62] (testset)   loss: 0.0006 -> 0.0007  accuracy: 100.00% -> 100.00%    
client [71] (testset)   loss: 0.8796 -> 0.8663  accuracy: 83.33% -> 84.41%      
client [97] (testset)   loss: 1.5754 -> 0.8991  accuracy: 69.51% -> 90.24%      
client [30] (testset)   loss: 1.6705 -> 1.4146  accuracy: 76.34% -> 77.42%      
client [88] (testset)   loss: 0.4642 -> 0.4205  accuracy: 88.95% -> 91.58%      
client [60] (testset)   loss: 0.4989 -> 0.3299  accuracy: 92.13% -> 92.13%      
client [82] (testset)   loss: 0.2579 -> 0.2521  accuracy: 96.59% -> 96.59%      
client [91] (testset)   loss: 0.8346 -> 0.7852  accuracy: 88.24% -> 92.65%      
client [57] (testset)   loss: 0.2221 -> 0.2367  accuracy: 95.78% -> 96.20%      
---------------------------- TRAINING EPOCH: 100 ----------------------------   
client [31] (testset)   loss: 0.2156 -> 0.1908  accuracy: 95.39% -> 95.39%      
client [15] (testset)   loss: 0.6552 -> 0.6404  accuracy: 88.67% -> 89.06%      
client [71] (testset)   loss: 0.9105 -> 0.9424  accuracy: 84.95% -> 84.41%      
client [97] (testset)   loss: 1.1581 -> 0.9444  accuracy: 81.71% -> 86.59%      
client [53] (testset)   loss: 0.9135 -> 0.8199  accuracy: 77.04% -> 83.16%      
client [77] (testset)   loss: 0.4864 -> 0.4981  accuracy: 91.87% -> 91.52%      
client [76] (testset)   loss: 0.4579 -> 0.3826  accuracy: 89.40% -> 89.40%      
client [79] (testset)   loss: 0.3695 -> 0.3132  accuracy: 92.46% -> 93.58%      
client [28] (testset)   loss: 0.5400 -> 0.3947  accuracy: 84.00% -> 96.00%      
client [99] (testset)   loss: 0.0188 -> 0.0220  accuracy: 100.00% -> 98.73%     
---------------------------- TRAINING EPOCH: 110 ----------------------------   
client [97] (testset)   loss: 1.2314 -> 0.8090  accuracy: 68.29% -> 86.59%      
client [86] (testset)   loss: 0.6325 -> 0.6689  accuracy: 86.84% -> 85.53%      
client [34] (testset)   loss: 1.4047 -> 1.2800  accuracy: 65.81% -> 69.68%      
client [73] (testset)   loss: 0.8392 -> 0.7676  accuracy: 72.73% -> 75.76%      
client [5]  (testset)   loss: 0.6517 -> 0.6350  accuracy: 84.79% -> 85.82%      
client [96] (testset)   loss: 1.6303 -> 1.6009  accuracy: 75.00% -> 77.27%      
client [22] (testset)   loss: 0.9120 -> 0.8384  accuracy: 87.22% -> 86.47%      
client [60] (testset)   loss: 0.4738 -> 0.4281  accuracy: 88.76% -> 92.13%      
client [66] (testset)   loss: 0.8899 -> 0.7508  accuracy: 86.76% -> 88.97%      
client [83] (testset)   loss: 0.7190 -> 0.6857  accuracy: 82.35% -> 85.43%      
---------------------------- TRAINING EPOCH: 120 ----------------------------   
client [76] (testset)   loss: 0.4039 -> 0.3316  accuracy: 86.75% -> 90.07%      
client [65] (testset)   loss: 0.9591 -> 0.8334  accuracy: 71.43% -> 78.57%      
client [95] (testset)   loss: 1.9054 -> 1.6065  accuracy: 59.77% -> 64.37%      
client [17] (testset)   loss: 1.3338 -> 1.0880  accuracy: 77.98% -> 79.76%      
client [8]  (testset)   loss: 1.4997 -> 0.9656  accuracy: 77.42% -> 77.42%      
client [35] (testset)   loss: 1.8525 -> 1.7996  accuracy: 66.67% -> 66.67%      
client [98] (testset)   loss: 1.4196 -> 1.2814  accuracy: 81.52% -> 81.99%      
client [53] (testset)   loss: 0.8452 -> 0.8589  accuracy: 79.59% -> 81.63%      
client [43] (testset)   loss: 0.6497 -> 0.6956  accuracy: 90.91% -> 90.91%      
client [64] (testset)   loss: 0.2158 -> 0.2903  accuracy: 95.87% -> 95.41%      
---------------------------- TRAINING EPOCH: 130 ----------------------------   
client [21] (testset)   loss: 1.5286 -> 1.2880  accuracy: 69.57% -> 65.22%      
client [88] (testset)   loss: 0.7195 -> 0.4889  accuracy: 85.26% -> 91.32%      
client [38] (testset)   loss: 0.0793 -> 0.0767  accuracy: 96.15% -> 96.15%      
client [3]  (testset)   loss: 1.1188 -> 1.0563  accuracy: 79.68% -> 79.68%      
client [5]  (testset)   loss: 0.7676 -> 0.8031  accuracy: 85.05% -> 85.57%      
client [41] (testset)   loss: 1.4032 -> 1.3331  accuracy: 76.19% -> 79.37%      
client [7]  (testset)   loss: 0.7294 -> 0.6876  accuracy: 84.06% -> 86.47%      
client [37] (testset)   loss: 1.8437 -> 1.8487  accuracy: 50.00% -> 50.00%      
client [45] (testset)   loss: 1.4589 -> 2.2390  accuracy: 81.82% -> 81.82%      
client [47] (testset)   loss: 2.1811 -> 2.7187  accuracy: 68.75% -> 62.50%      
---------------------------- TRAINING EPOCH: 140 ----------------------------   
client [16] (testset)   loss: 1.3755 -> 1.1915  accuracy: 77.71% -> 81.93%      
client [11] (testset)   loss: 0.5313 -> 0.2877  accuracy: 77.27% -> 90.91%      
client [37] (testset)   loss: 1.4746 -> 1.5046  accuracy: 66.67% -> 66.67%      
client [41] (testset)   loss: 1.6582 -> 1.3481  accuracy: 79.37% -> 79.37%      
client [95] (testset)   loss: 2.3109 -> 1.8455  accuracy: 59.77% -> 66.67%      
client [53] (testset)   loss: 0.9305 -> 0.8836  accuracy: 79.08% -> 83.16%      
client [22] (testset)   loss: 1.4344 -> 1.1650  accuracy: 84.21% -> 87.22%      
client [25] (testset)   loss: 1.1566 -> 1.1685  accuracy: 78.80% -> 80.92%      
client [69] (testset)   loss: 1.9783 -> 1.8804  accuracy: 61.52% -> 66.06%      
client [46] (testset)   loss: 0.8641 -> 0.9682  accuracy: 85.27% -> 86.05%      
---------------------------- TRAINING EPOCH: 150 ----------------------------   
client [47] (testset)   loss: 2.5608 -> 2.5770  accuracy: 75.00% -> 75.00%      
client [69] (testset)   loss: 1.9613 -> 1.8804  accuracy: 66.36% -> 66.06%      
client [82] (testset)   loss: 0.3308 -> 0.3293  accuracy: 97.73% -> 97.73%      
client [45] (testset)   loss: 2.2150 -> 2.2031  accuracy: 72.73% -> 81.82%      
client [7]  (testset)   loss: 0.7075 -> 0.7094  accuracy: 85.02% -> 86.96%      
client [50] (testset)   loss: 0.2982 -> 0.3005  accuracy: 85.71% -> 85.71%      
client [35] (testset)   loss: 2.4211 -> 2.3805  accuracy: 66.67% -> 66.67%      
client [24] (testset)   loss: 0.0622 -> 0.0977  accuracy: 97.22% -> 94.44%      
client [15] (testset)   loss: 0.6457 -> 0.6682  accuracy: 90.62% -> 89.45%      
client [58] (testset)   loss: 0.4539 -> 0.4413  accuracy: 93.65% -> 95.63%      
---------------------------- TRAINING EPOCH: 160 ----------------------------   
client [48] (testset)   loss: 1.7941 -> 1.6762  accuracy: 76.92% -> 76.92%      
client [76] (testset)   loss: 0.5159 -> 0.4206  accuracy: 87.42% -> 89.40%      
client [67] (testset)   loss: 0.3204 -> 0.2423  accuracy: 92.26% -> 92.90%      
client [37] (testset)   loss: 2.7329 -> 2.4481  accuracy: 50.00% -> 50.00%      
client [58] (testset)   loss: 0.5181 -> 0.4360  accuracy: 95.24% -> 94.44%      
client [64] (testset)   loss: 0.2476 -> 0.2499  accuracy: 94.50% -> 95.41%      
client [77] (testset)   loss: 0.5893 -> 0.4916  accuracy: 91.52% -> 91.87%      
client [55] (testset)   loss: 0.6908 -> 0.6805  accuracy: 88.49% -> 87.93%      
client [12] (testset)   loss: 0.8885 -> 0.7775  accuracy: 87.46% -> 88.85%      
client [89] (testset)   loss: 0.5592 -> 0.5559  accuracy: 96.08% -> 96.08%      
---------------------------- TRAINING EPOCH: 170 ----------------------------   
client [84] (testset)   loss: 0.9384 -> 0.9276  accuracy: 85.94% -> 85.94%      
client [51] (testset)   loss: 0.0835 -> 0.0899  accuracy: 100.00% -> 87.50%     
client [8]  (testset)   loss: 0.9758 -> 0.9985  accuracy: 80.65% -> 80.65%      
client [18] (testset)   loss: 0.9417 -> 0.9510  accuracy: 83.23% -> 84.43%      
client [94] (testset)   loss: 1.0722 -> 0.8300  accuracy: 75.38% -> 81.54%      
client [81] (testset)   loss: 0.0011 -> 0.0010  accuracy: 100.00% -> 100.00%    
client [3]  (testset)   loss: 1.1155 -> 1.0500  accuracy: 79.68% -> 82.35%      
client [11] (testset)   loss: 0.3116 -> 0.2779  accuracy: 90.91% -> 90.91%      
client [95] (testset)   loss: 2.0802 -> 2.0623  accuracy: 66.67% -> 66.67%      
client [67] (testset)   loss: 0.5668 -> 0.2925  accuracy: 89.03% -> 92.90%      
---------------------------- TRAINING EPOCH: 180 ----------------------------   
client [21] (testset)   loss: 1.1118 -> 1.0224  accuracy: 73.91% -> 73.91%      
client [79] (testset)   loss: 0.4674 -> 0.3647  accuracy: 92.74% -> 93.85%      
client [58] (testset)   loss: 0.4898 -> 0.4712  accuracy: 94.05% -> 94.44%      
client [88] (testset)   loss: 0.4600 -> 0.5077  accuracy: 91.84% -> 91.05%      
client [46] (testset)   loss: 0.9268 -> 0.9514  accuracy: 85.27% -> 85.27%      
client [11] (testset)   loss: 0.4816 -> 0.4445  accuracy: 86.36% -> 86.36%      
client [55] (testset)   loss: 0.7352 -> 0.7301  accuracy: 87.24% -> 87.38%      
client [13] (testset)   loss: 0.9345 -> 0.9193  accuracy: 85.56% -> 85.56%      
client [31] (testset)   loss: 0.2774 -> 0.2616  accuracy: 96.31% -> 96.31%      
client [75] (testset)   loss: 0.5845 -> 0.5823  accuracy: 89.01% -> 90.06%      
---------------------------- TRAINING EPOCH: 190 ----------------------------   
client [19] (testset)   loss: 0.8727 -> 0.8931  accuracy: 93.81% -> 92.92%      
client [7]  (testset)   loss: 0.8895 -> 0.7749  accuracy: 86.96% -> 86.96%      
client [57] (testset)   loss: 0.3233 -> 0.3111  accuracy: 96.62% -> 96.20%      
client [13] (testset)   loss: 0.9875 -> 0.8911  accuracy: 87.22% -> 86.11%      
client [43] (testset)   loss: 0.8150 -> 0.8230  accuracy: 81.82% -> 81.82%      
client [91] (testset)   loss: 1.2858 -> 1.2840  accuracy: 88.24% -> 89.71%      
client [10] (testset)   loss: 0.3581 -> 0.3254  accuracy: 97.40% -> 97.69%      
client [64] (testset)   loss: 0.3523 -> 0.3296  accuracy: 94.95% -> 94.95%      
client [82] (testset)   loss: 0.4390 -> 0.4246  accuracy: 96.59% -> 96.59%      
client [22] (testset)   loss: 1.5342 -> 1.4581  accuracy: 86.47% -> 86.47%      
---------------------------- TRAINING EPOCH: 200 ----------------------------   
client [20] (testset)   loss: 1.0742 -> 1.0192  accuracy: 85.88% -> 85.75%      
client [23] (testset)   loss: 0.2897 -> 0.0900  accuracy: 92.86% -> 96.43%      
client [88] (testset)   loss: 0.5042 -> 0.5257  accuracy: 89.47% -> 91.05%      
client [98] (testset)   loss: 1.6240 -> 1.6101  accuracy: 81.99% -> 83.41%      
client [79] (testset)   loss: 0.4294 -> 0.4322  accuracy: 93.30% -> 94.13%      
client [21] (testset)   loss: 1.5762 -> 1.0949  accuracy: 73.91% -> 73.91%      
client [92] (testset)   loss: 0.3321 -> 0.3354  accuracy: 94.09% -> 93.10%      
client [56] (testset)   loss: 0.3610 -> 0.3178  accuracy: 90.77% -> 92.31%      
client [5]  (testset)   loss: 1.2126 -> 0.9889  accuracy: 83.51% -> 85.31%      
client [52] (testset)   loss: 0.2691 -> 0.2518  accuracy: 97.06% -> 97.06%      
---------------------------- TRAINING EPOCH: 210 ----------------------------   
client [67] (testset)   loss: 0.3113 -> 0.2705  accuracy: 92.90% -> 94.19%      
client [54] (testset)   loss: 1.2538 -> 1.3120  accuracy: 83.75% -> 83.75%      
client [14] (testset)   loss: 0.9497 -> 0.9530  accuracy: 82.27% -> 82.76%      
client [99] (testset)   loss: 0.1822 -> 0.1570  accuracy: 94.94% -> 94.94%      
client [36] (testset)   loss: 1.2550 -> 1.1748  accuracy: 87.23% -> 87.23%      
client [30] (testset)   loss: 1.8902 -> 1.8581  accuracy: 76.34% -> 76.34%      
client [38] (testset)   loss: 0.1010 -> 0.0938  accuracy: 98.08% -> 98.08%      
client [15] (testset)   loss: 0.7327 -> 0.7348  accuracy: 90.62% -> 89.45%      
client [6]  (testset)   loss: 1.0775 -> 1.1185  accuracy: 83.27% -> 86.31%      
client [53] (testset)   loss: 1.1239 -> 1.1978  accuracy: 83.16% -> 82.65%      
---------------------------- TRAINING EPOCH: 220 ----------------------------   
client [99] (testset)   loss: 0.1988 -> 0.1498  accuracy: 96.20% -> 96.20%      
client [6]  (testset)   loss: 1.1746 -> 1.1410  accuracy: 85.17% -> 84.79%      
client [83] (testset)   loss: 1.2179 -> 1.0850  accuracy: 84.87% -> 85.71%      
client [42] (testset)   loss: 0.5130 -> 0.5174  accuracy: 92.18% -> 92.59%      
client [34] (testset)   loss: 2.5071 -> 2.2778  accuracy: 62.58% -> 69.68%      
client [15] (testset)   loss: 0.8601 -> 0.7981  accuracy: 90.23% -> 89.06%      
client [47] (testset)   loss: 2.9658 -> 2.8851  accuracy: 75.00% -> 75.00%      
client [55] (testset)   loss: 0.8041 -> 0.7767  accuracy: 86.55% -> 88.21%      
client [51] (testset)   loss: 0.0001 -> 0.0004  accuracy: 100.00% -> 100.00%    
client [95] (testset)   loss: 2.2280 -> 2.2226  accuracy: 72.41% -> 71.26%      
---------------------------- TRAINING EPOCH: 230 ----------------------------   
client [71] (testset)   loss: 1.6834 -> 1.3709  accuracy: 79.57% -> 84.41%      
client [15] (testset)   loss: 0.8183 -> 0.8107  accuracy: 88.67% -> 89.06%      
client [33] (testset)   loss: 0.3860 -> 0.3690  accuracy: 93.75% -> 94.79%      
client [99] (testset)   loss: 0.1624 -> 0.1331  accuracy: 94.94% -> 96.20%      
client [90] (testset)   loss: 0.0016 -> 0.0021  accuracy: 100.00% -> 100.00%    
client [57] (testset)   loss: 0.3803 -> 0.3587  accuracy: 95.36% -> 96.20%      
client [27] (testset)   loss: 3.0915 -> 3.0897  accuracy: 71.43% -> 71.43%      
client [78] (testset)   loss: 1.3980 -> 1.4055  accuracy: 83.33% -> 84.21%      
client [36] (testset)   loss: 1.2179 -> 1.2036  accuracy: 89.36% -> 89.36%      
client [88] (testset)   loss: 0.5248 -> 0.5611  accuracy: 89.47% -> 91.32%      
---------------------------- TRAINING EPOCH: 240 ----------------------------   
client [70] (testset)   loss: 0.1930 -> 0.1817  accuracy: 97.40% -> 96.88%      
client [35] (testset)   loss: 2.6013 -> 2.5958  accuracy: 66.67% -> 66.67%      
client [16] (testset)   loss: 1.4771 -> 1.4740  accuracy: 82.53% -> 81.93%      
client [80] (testset)   loss: 0.8118 -> 0.8013  accuracy: 93.46% -> 93.46%      
client [38] (testset)   loss: 0.0901 -> 0.0813  accuracy: 98.08% -> 98.08%      
client [78] (testset)   loss: 1.4503 -> 1.4463  accuracy: 83.33% -> 83.33%      
client [68] (testset)   loss: 0.1465 -> 0.1604  accuracy: 97.74% -> 97.74%      
client [11] (testset)   loss: 0.1628 -> 0.1568  accuracy: 95.45% -> 95.45%      
client [64] (testset)   loss: 0.3627 -> 0.3621  accuracy: 95.41% -> 95.41%      
client [82] (testset)   loss: 0.3735 -> 0.3730  accuracy: 97.73% -> 97.73%      
---------------------------- TRAINING EPOCH: 250 ----------------------------   
client [30] (testset)   loss: 2.1374 -> 2.0171  accuracy: 75.27% -> 77.42%      
client [27] (testset)   loss: 3.0634 -> 3.0542  accuracy: 71.43% -> 71.43%      
client [74] (testset)   loss: 1.4457 -> 1.4447  accuracy: 84.21% -> 84.21%      
client [45] (testset)   loss: 2.7151 -> 2.7290  accuracy: 81.82% -> 81.82%      
client [6]  (testset)   loss: 1.1758 -> 1.1938  accuracy: 81.75% -> 85.55%      
client [36] (testset)   loss: 1.3794 -> 1.3325  accuracy: 87.23% -> 87.23%      
client [63] (testset)   loss: 1.3638 -> 1.3128  accuracy: 80.51% -> 80.51%      
client [76] (testset)   loss: 0.5264 -> 0.5267  accuracy: 89.40% -> 89.40%      
client [83] (testset)   loss: 1.2234 -> 1.1604  accuracy: 85.71% -> 86.27%      
client [86] (testset)   loss: 0.9805 -> 0.9241  accuracy: 89.47% -> 90.79%      
---------------------------- TRAINING EPOCH: 260 ----------------------------   
client [83] (testset)   loss: 1.2171 -> 1.1884  accuracy: 85.15% -> 85.15%      
client [99] (testset)   loss: 0.2386 -> 0.1573  accuracy: 94.94% -> 96.20%      
client [74] (testset)   loss: 1.6052 -> 1.5896  accuracy: 84.21% -> 84.21%      
client [73] (testset)   loss: 1.8749 -> 1.7275  accuracy: 72.73% -> 72.73%      
client [29] (testset)   loss: 0.2539 -> 0.2690  accuracy: 94.74% -> 94.15%      
client [92] (testset)   loss: 0.3484 -> 0.3046  accuracy: 93.60% -> 94.09%      
client [6]  (testset)   loss: 1.2233 -> 1.2546  accuracy: 84.03% -> 85.93%      
client [61] (testset)   loss: 1.8823 -> 1.8344  accuracy: 76.11% -> 76.99%      
client [21] (testset)   loss: 1.2480 -> 1.2058  accuracy: 69.57% -> 69.57%      
client [67] (testset)   loss: 0.2986 -> 0.2792  accuracy: 94.84% -> 93.55%      
---------------------------- TRAINING EPOCH: 270 ----------------------------   
client [83] (testset)   loss: 1.2363 -> 1.1979  accuracy: 85.43% -> 85.15%      
client [32] (testset)   loss: 2.4426 -> 2.4148  accuracy: 60.87% -> 60.14%      
client [95] (testset)   loss: 2.9197 -> 2.5868  accuracy: 70.11% -> 70.11%      
client [61] (testset)   loss: 2.1408 -> 1.8924  accuracy: 75.22% -> 77.88%      
client [27] (testset)   loss: 3.0882 -> 3.0843  accuracy: 71.43% -> 71.43%      
client [25] (testset)   loss: 1.5362 -> 1.5428  accuracy: 81.63% -> 80.92%      
client [68] (testset)   loss: 0.1965 -> 0.2099  accuracy: 97.74% -> 97.18%      
client [34] (testset)   loss: 2.5446 -> 2.4621  accuracy: 66.45% -> 70.32%      
client [71] (testset)   loss: 1.4848 -> 1.4657  accuracy: 82.26% -> 84.41%      
client [89] (testset)   loss: 0.7266 -> 0.7396  accuracy: 96.08% -> 96.08%      
---------------------------- TRAINING EPOCH: 280 ----------------------------   
client [78] (testset)   loss: 1.6216 -> 1.5365  accuracy: 84.21% -> 83.33%      
client [81] (testset)   loss: 0.0012 -> 0.0009  accuracy: 100.00% -> 100.00%    
client [51] (testset)   loss: 0.0000 -> 0.0000  accuracy: 100.00% -> 100.00%    
client [54] (testset)   loss: 1.3370 -> 1.4153  accuracy: 82.50% -> 82.50%      
client [65] (testset)   loss: 1.8348 -> 1.8273  accuracy: 78.57% -> 78.57%      
client [41] (testset)   loss: 2.0588 -> 1.9568  accuracy: 77.78% -> 77.78%      
client [11] (testset)   loss: 0.1429 -> 0.1432  accuracy: 90.91% -> 90.91%      
client [85] (testset)   loss: 0.4202 -> 0.4201  accuracy: 94.63% -> 94.63%      
client [12] (testset)   loss: 1.3920 -> 1.0723  accuracy: 88.15% -> 88.85%      
client [23] (testset)   loss: 0.0233 -> 0.0223  accuracy: 100.00% -> 100.00%    
---------------------------- TRAINING EPOCH: 290 ----------------------------   
client [16] (testset)   loss: 1.9215 -> 1.5370  accuracy: 77.71% -> 80.72%      
client [65] (testset)   loss: 1.8586 -> 1.8533  accuracy: 78.57% -> 82.14%      
client [53] (testset)   loss: 1.2736 -> 1.3048  accuracy: 83.67% -> 82.65%      
client [58] (testset)   loss: 0.5397 -> 0.5324  accuracy: 94.05% -> 94.05%      
client [72] (testset)   loss: 0.0123 -> 0.0127  accuracy: 100.00% -> 100.00%    
client [7]  (testset)   loss: 1.3846 -> 1.0037  accuracy: 79.71% -> 84.06%      
client [71] (testset)   loss: 1.6960 -> 1.5211  accuracy: 81.72% -> 83.33%      
client [59] (testset)   loss: 0.5702 -> 0.2667  accuracy: 66.67% -> 66.67%      
client [86] (testset)   loss: 0.8712 -> 0.8922  accuracy: 90.79% -> 90.79%      
client [39] (testset)   loss: 1.4140 -> 1.4446  accuracy: 84.25% -> 83.56%      
---------------------------- TRAINING EPOCH: 300 ----------------------------   
client [99] (testset)   loss: 0.0547 -> 0.0398  accuracy: 98.73% -> 98.73%      
client [7]  (testset)   loss: 1.2027 -> 1.0326  accuracy: 80.68% -> 83.57%      
client [17] (testset)   loss: 1.6270 -> 1.5981  accuracy: 75.60% -> 76.19%      
client [64] (testset)   loss: 0.3182 -> 0.3344  accuracy: 94.95% -> 94.50%      
client [37] (testset)   loss: 0.8563 -> 0.8849  accuracy: 66.67% -> 66.67%      
client [29] (testset)   loss: 0.2556 -> 0.2757  accuracy: 93.57% -> 93.57%      
client [93] (testset)   loss: 2.5794 -> 2.5881  accuracy: 84.21% -> 84.21%      
client [73] (testset)   loss: 2.4002 -> 2.3117  accuracy: 69.70% -> 69.70%      
client [40] (testset)   loss: 0.0028 -> 0.0017  accuracy: 100.00% -> 100.00%    
client [76] (testset)   loss: 0.4542 -> 0.4440  accuracy: 90.07% -> 90.07%      
---------------------------- TRAINING EPOCH: 310 ----------------------------   
client [31] (testset)   loss: 0.3545 -> 0.3521  accuracy: 94.93% -> 94.93%      
client [89] (testset)   loss: 0.8196 -> 0.8221  accuracy: 96.08% -> 96.08%      
client [77] (testset)   loss: 0.8058 -> 0.7826  accuracy: 90.81% -> 90.46%      
client [90] (testset)   loss: 0.0005 -> 0.0004  accuracy: 100.00% -> 100.00%    
client [26] (testset)   loss: 0.8192 -> 0.8194  accuracy: 92.31% -> 92.31%      
client [50] (testset)   loss: 1.1904 -> 0.9503  accuracy: 71.43% -> 71.43%      
client [30] (testset)   loss: 2.2914 -> 2.3131  accuracy: 74.19% -> 75.27%      
client [70] (testset)   loss: 0.2775 -> 0.2005  accuracy: 93.75% -> 95.31%      
client [41] (testset)   loss: 2.6307 -> 2.4733  accuracy: 74.60% -> 76.19%      
client [99] (testset)   loss: 0.0034 -> 0.0034  accuracy: 100.00% -> 100.00%    
---------------------------- TRAINING EPOCH: 320 ----------------------------   
client [68] (testset)   loss: 0.1857 -> 0.1909  accuracy: 97.18% -> 97.18%      
client [70] (testset)   loss: 0.2203 -> 0.1959  accuracy: 94.79% -> 94.79%      
client [52] (testset)   loss: 0.1876 -> 0.1893  accuracy: 96.08% -> 96.08%      
client [1]  (testset)   loss: 0.8165 -> 0.7952  accuracy: 92.16% -> 92.16%      
client [2]  (testset)   loss: 0.8825 -> 0.8747  accuracy: 83.21% -> 83.94%      
client [67] (testset)   loss: 0.2700 -> 0.2676  accuracy: 93.55% -> 93.55%      
client [92] (testset)   loss: 0.3422 -> 0.3454  accuracy: 94.58% -> 94.58%      
client [35] (testset)   loss: 2.4034 -> 2.4036  accuracy: 66.67% -> 66.67%      
client [36] (testset)   loss: 1.4731 -> 1.4297  accuracy: 87.23% -> 87.23%      
client [64] (testset)   loss: 0.3692 -> 0.3645  accuracy: 94.95% -> 94.95%      
---------------------------- TRAINING EPOCH: 330 ----------------------------   
client [44] (testset)   loss: 0.7516 -> 0.7344  accuracy: 91.84% -> 91.84%      
client [6]  (testset)   loss: 1.2404 -> 1.2736  accuracy: 82.51% -> 83.27%      
client [12] (testset)   loss: 1.5110 -> 1.1557  accuracy: 85.71% -> 89.55%      
client [55] (testset)   loss: 0.8681 -> 0.8653  accuracy: 88.35% -> 87.93%      
client [29] (testset)   loss: 0.2590 -> 0.2680  accuracy: 94.74% -> 94.74%      
client [9]  (testset)   loss: 0.6481 -> 0.6384  accuracy: 88.89% -> 89.74%      
client [43] (testset)   loss: 0.9184 -> 0.9185  accuracy: 90.91% -> 90.91%      
client [77] (testset)   loss: 0.7364 -> 0.7667  accuracy: 91.52% -> 90.81%      
client [98] (testset)   loss: 2.0464 -> 2.0005  accuracy: 82.94% -> 82.94%      
client [78] (testset)   loss: 1.5837 -> 1.5622  accuracy: 81.58% -> 84.65%      
---------------------------- TRAINING EPOCH: 340 ----------------------------   
client [92] (testset)   loss: 0.3728 -> 0.3748  accuracy: 94.58% -> 94.58%      
client [80] (testset)   loss: 0.9016 -> 0.9121  accuracy: 92.16% -> 92.16%      
client [63] (testset)   loss: 1.4245 -> 1.4144  accuracy: 79.66% -> 79.66%      
client [76] (testset)   loss: 0.5442 -> 0.5351  accuracy: 90.07% -> 90.73%      
client [78] (testset)   loss: 1.5911 -> 1.5770  accuracy: 84.65% -> 84.65%      
client [25] (testset)   loss: 1.6520 -> 1.6792  accuracy: 81.27% -> 79.86%      
client [58] (testset)   loss: 0.5944 -> 0.5775  accuracy: 94.44% -> 94.44%      
client [13] (testset)   loss: 1.0910 -> 1.0866  accuracy: 86.67% -> 86.11%      
client [17] (testset)   loss: 1.5019 -> 1.4346  accuracy: 76.19% -> 77.38%      
client [38] (testset)   loss: 0.0715 -> 0.0689  accuracy: 98.08% -> 98.08%      
---------------------------- TRAINING EPOCH: 350 ----------------------------   
client [72] (testset)   loss: 0.0158 -> 0.0154  accuracy: 100.00% -> 100.00%    
client [82] (testset)   loss: 0.3941 -> 0.3940  accuracy: 97.73% -> 97.73%      
client [86] (testset)   loss: 1.0365 -> 1.0379  accuracy: 89.47% -> 89.47%      
client [51] (testset)   loss: 0.0003 -> 0.0004  accuracy: 100.00% -> 100.00%    
client [96] (testset)   loss: 3.0010 -> 2.9911  accuracy: 68.18% -> 68.18%      
client [42] (testset)   loss: 0.6116 -> 0.6186  accuracy: 93.42% -> 93.42%      
client [55] (testset)   loss: 0.9083 -> 0.8741  accuracy: 86.55% -> 87.24%      
client [13] (testset)   loss: 1.0634 -> 1.0630  accuracy: 84.44% -> 84.44%      
client [1]  (testset)   loss: 0.9931 -> 0.9226  accuracy: 88.24% -> 92.16%      
client [12] (testset)   loss: 1.3833 -> 1.1868  accuracy: 87.80% -> 89.20%      
---------------------------- TRAINING EPOCH: 360 ----------------------------   
client [68] (testset)   loss: 0.1637 -> 0.1670  accuracy: 98.31% -> 98.31%      
client [23] (testset)   loss: 0.0612 -> 0.0568  accuracy: 96.43% -> 96.43%      
client [46] (testset)   loss: 1.1609 -> 1.1995  accuracy: 82.95% -> 82.95%      
client [41] (testset)   loss: 2.4575 -> 2.3705  accuracy: 77.78% -> 77.78%      
client [25] (testset)   loss: 1.6848 -> 1.6848  accuracy: 80.21% -> 80.92%      
client [58] (testset)   loss: 0.5544 -> 0.5515  accuracy: 94.05% -> 94.05%      
client [14] (testset)   loss: 1.2926 -> 1.2333  accuracy: 80.79% -> 82.27%      
client [33] (testset)   loss: 0.4701 -> 0.4681  accuracy: 93.75% -> 93.75%      
client [85] (testset)   loss: 0.4680 -> 0.4668  accuracy: 94.15% -> 94.63%      
client [62] (testset)   loss: 0.0000 -> 0.0000  accuracy: 100.00% -> 100.00%    
---------------------------- TRAINING EPOCH: 370 ----------------------------   
client [98] (testset)   loss: 2.1082 -> 2.0878  accuracy: 82.94% -> 82.94%      
client [63] (testset)   loss: 1.8804 -> 1.6633  accuracy: 77.97% -> 78.81%      
client [70] (testset)   loss: 0.2460 -> 0.2242  accuracy: 95.31% -> 95.83%      
client [65] (testset)   loss: 1.8188 -> 1.8172  accuracy: 78.57% -> 78.57%      
client [14] (testset)   loss: 1.3772 -> 1.2004  accuracy: 78.82% -> 81.77%      
client [73] (testset)   loss: 2.1867 -> 2.1494  accuracy: 72.73% -> 72.73%      
client [34] (testset)   loss: 2.9165 -> 2.7901  accuracy: 65.16% -> 68.39%      
client [99] (testset)   loss: 0.0410 -> 0.0372  accuracy: 97.47% -> 97.47%      
client [69] (testset)   loss: 2.8309 -> 2.7591  accuracy: 63.94% -> 64.24%      
client [46] (testset)   loss: 1.1079 -> 1.1875  accuracy: 84.50% -> 83.72%      
---------------------------- TRAINING EPOCH: 380 ----------------------------   
client [99] (testset)   loss: 0.0143 -> 0.0142  accuracy: 100.00% -> 100.00%    
client [93] (testset)   loss: 2.8373 -> 2.8480  accuracy: 84.21% -> 84.21%      
client [11] (testset)   loss: 0.1672 -> 0.1659  accuracy: 90.91% -> 90.91%      
client [58] (testset)   loss: 0.5681 -> 0.5613  accuracy: 94.05% -> 94.05%      
client [81] (testset)   loss: 0.0001 -> 0.0001  accuracy: 100.00% -> 100.00%    
client [85] (testset)   loss: 0.4871 -> 0.4875  accuracy: 93.66% -> 93.66%      
client [89] (testset)   loss: 0.8156 -> 0.8174  accuracy: 96.08% -> 96.08%      
client [45] (testset)   loss: 3.1267 -> 3.1261  accuracy: 81.82% -> 81.82%      
client [8]  (testset)   loss: 1.4006 -> 1.3910  accuracy: 80.65% -> 80.65%      
client [68] (testset)   loss: 0.1817 -> 0.1822  accuracy: 96.61% -> 96.61%      
---------------------------- TRAINING EPOCH: 390 ----------------------------   
client [67] (testset)   loss: 0.3080 -> 0.3076  accuracy: 94.19% -> 94.19%      
client [72] (testset)   loss: 0.2488 -> 0.1862  accuracy: 96.97% -> 96.97%      
client [1]  (testset)   loss: 0.9760 -> 0.9656  accuracy: 92.16% -> 92.16%      
client [78] (testset)   loss: 1.6294 -> 1.6018  accuracy: 82.46% -> 85.09%      
client [83] (testset)   loss: 1.3118 -> 1.2816  accuracy: 84.03% -> 85.43%      
client [21] (testset)   loss: 2.2146 -> 2.0703  accuracy: 69.57% -> 69.57%      
client [56] (testset)   loss: 0.3313 -> 0.3300  accuracy: 92.31% -> 92.31%      
client [44] (testset)   loss: 0.6442 -> 0.6674  accuracy: 93.88% -> 92.86%      
client [92] (testset)   loss: 0.4169 -> 0.4023  accuracy: 94.09% -> 94.09%      
client [27] (testset)   loss: 3.1063 -> 3.1097  accuracy: 76.19% -> 76.19%      
---------------------------- TRAINING EPOCH: 400 ----------------------------   
client [10] (testset)   loss: 0.3461 -> 0.3458  accuracy: 97.98% -> 97.98%      
client [39] (testset)   loss: 1.9798 -> 1.7745  accuracy: 82.19% -> 82.19%      
client [65] (testset)   loss: 2.0906 -> 2.0869  accuracy: 78.57% -> 78.57%      
client [26] (testset)   loss: 1.5777 -> 1.5777  accuracy: 92.31% -> 92.31%      
client [19] (testset)   loss: 0.9668 -> 0.9806  accuracy: 93.81% -> 93.81%      
client [68] (testset)   loss: 0.1885 -> 0.1884  accuracy: 97.18% -> 97.18%      
client [41] (testset)   loss: 2.3762 -> 2.3312  accuracy: 73.02% -> 74.60%      
client [50] (testset)   loss: 0.8706 -> 0.8706  accuracy: 85.71% -> 85.71%      
client [75] (testset)   loss: 0.7981 -> 0.6892  accuracy: 87.95% -> 89.22%      
client [81] (testset)   loss: 0.0014 -> 0.0010  accuracy: 100.00% -> 100.00%    
Training... ━━━━━━━━━━━━━━━━━━━━━━━━━━━━━━━━━━━━━━━━ 100% 0:06:38
PSFL's average time taken by each global epoch: 0 min 0.99 sec.                 
PSFL's total running time: 0 h 6 m 38 s.                                        
==================== PSFL Experiment Results: ====================              
Display format: (before local fine-tuning) -> (after local fine-tuning)         
 So if finetune_epoch = 0, x.xx% -> 0.00% is normal.                            
 Centralized testing ONLY happens after model aggregation, so the stats between 
'->' are the same.                                                              
{                                                                               
    "100": {                                                                    
        "all_clients": {                                                        
            "test": {                                                           
                "loss": "0.7165 -> 0.0000",                                     
                "accuracy": "86.79% -> 0.00%"                                   
            }                                                                   
        }                                                                       
    },                                                                          
    "200": {                                                                    
        "all_clients": {                                                        
            "test": {                                                           
                "loss": "0.9038 -> 0.0000",                                     
                "accuracy": "86.99% -> 0.00%"                                   
            }                                                                   
        }                                                                       
    },                                                                          
    "300": {                                                                    
        "all_clients": {                                                        
            "test": {                                                           
                "loss": "1.0549 -> 0.0000",                                     
                "accuracy": "86.84% -> 0.00%"                                   
            }                                                                   
        }                                                                       
    },                                                                          
    "400": {                                                                    
        "all_clients": {                                                        
            "test": {                                                           
                "loss": "1.1459 -> 0.0000",                                     
                "accuracy": "86.77% -> 0.00%"                                   
            }                                                                   
        }                                                                       
    }                                                                           
}                                                                               
==================== PSFL Max Accuracy ====================                     
all_clients:                                                                    
(test) before fine-tuning: 86.99% at epoch 200                                  
(test) after fine-tuning: 0.00% at epoch 100                                    
