Files already downloaded and verified
Files already downloaded and verified
==================== PSFL ====================                                  
Experiment Arguments:                                                           
{
│   'method': 'psfl',
│   'dataset': {
│   │   'name': 'cifar100',
│   │   'client_num': 100,
│   │   'test_ratio': 0.25,
│   │   'val_ratio': 0.0,
│   │   'seed': 42,
│   │   'split': 'sample',
│   │   'IID_ratio': 0.0,
│   │   'monitor_window_name_suffix': 'cifar100-100clients-0%IID-use20superclasses-Dir(0.1)-seed42',
│   │   'super_class': False,
│   │   'alpha': 0.1,
│   │   'min_samples_per_client': 10
│   },
│   'model': {
│   │   'name': 'avgcnn',
│   │   'use_torchvision_pretrained_weights': True,
│   │   'external_model_weights_path': None
│   },
│   'optimizer': {
│   │   'lr': 0.01,
│   │   'dampening': 0,
│   │   'weight_decay': 0,
│   │   'momentum': 0,
│   │   'nesterov': False,
│   │   'name': 'sgd'
│   },
│   'mode': 'sequential',
│   'parallel': {
│   │   'ray_cluster_addr': None,
│   │   'num_cpus': None,
│   │   'num_gpus': None,
│   │   'num_workers': 2
│   },
│   'common': {
│   │   'seed': 42,
│   │   'join_ratio': 0.1,
│   │   'global_epoch': 400,
│   │   'local_epoch': 5,
│   │   'batch_size': 32,
│   │   'reset_optimizer_on_global_epoch': True,
│   │   'straggler_ratio': 0,
│   │   'straggler_min_local_epoch': 0,
│   │   'buffers': 'global',
│   │   'client_side_evaluation': True,
│   │   'test': {
│   │   │   'client': {
│   │   │   │   'interval': 100,
│   │   │   │   'finetune_epoch': 0,
│   │   │   │   'train': False,
│   │   │   │   'val': False,
│   │   │   │   'test': True
│   │   │   },
│   │   │   'server': {
│   │   │   │   'interval': -1,
│   │   │   │   'train': False,
│   │   │   │   'val': False,
│   │   │   │   'test': False,
│   │   │   │   'model_in_train_mode': False
│   │   │   }
│   │   },
│   │   'verbose_gap': 10,
│   │   'monitor': None,
│   │   'use_cuda': True,
│   │   'save_log': True,
│   │   'save_model': False,
│   │   'save_learning_curve_plot': False,
│   │   'save_metrics': True,
│   │   'delete_useless_run': True
│   },
│   'psfl': {
│   │   'alpha': 0.0,
│   │   'CLS': False,
│   │   'ig_ratio': 0.99991,
│   │   'track': False,
│   │   'score': 'obp'
│   }
}
---------------------------- TRAINING EPOCH: 10 ----------------------------    
client [77] (testset)   loss: 6.6292 -> 1.8057  accuracy: 3.93% -> 48.88%       
client [81] (testset)   loss: 6.0659 -> 2.3549  accuracy: 5.30% -> 50.33%       
client [21] (testset)   loss: 6.9229 -> 1.9002  accuracy: 8.16% -> 48.98%       
client [68] (testset)   loss: 4.9548 -> 2.0461  accuracy: 13.03% -> 50.00%      
client [93] (testset)   loss: 6.4893 -> 2.4739  accuracy: 5.60% -> 43.20%       
client [31] (testset)   loss: 6.7588 -> 2.0862  accuracy: 2.11% -> 50.00%       
client [20] (testset)   loss: 5.4424 -> 1.6543  accuracy: 14.36% -> 55.94%      
client [59] (testset)   loss: 5.7324 -> 2.2353  accuracy: 12.88% -> 40.34%      
client [48] (testset)   loss: 7.0038 -> 2.4135  accuracy: 9.70% -> 44.24%       
client [34] (testset)   loss: 5.2293 -> 2.7137  accuracy: 14.36% -> 42.54%      
---------------------------- TRAINING EPOCH: 20 ----------------------------    
client [69] (testset)   loss: 5.3318 -> 1.9270  accuracy: 14.44% -> 58.12%      
client [99] (testset)   loss: 7.7605 -> 3.1960  accuracy: 8.76% -> 41.61%       
client [67] (testset)   loss: 5.3619 -> 2.2058  accuracy: 11.54% -> 51.65%      
client [0]  (testset)   loss: 5.7537 -> 2.1624  accuracy: 15.69% -> 55.88%      
client [76] (testset)   loss: 7.0103 -> 2.6270  accuracy: 3.35% -> 43.58%       
client [41] (testset)   loss: 6.4581 -> 2.5568  accuracy: 10.48% -> 37.90%      
client [62] (testset)   loss: 5.6903 -> 2.3506  accuracy: 18.93% -> 45.63%      
client [2]  (testset)   loss: 5.6399 -> 2.5619  accuracy: 8.93% -> 42.86%       
client [14] (testset)   loss: 5.7904 -> 2.5423  accuracy: 18.18% -> 49.35%      
client [46] (testset)   loss: 6.3784 -> 2.2415  accuracy: 10.48% -> 58.10%      
---------------------------- TRAINING EPOCH: 30 ----------------------------    
client [24] (testset)   loss: 2.6214 -> 2.7380  accuracy: 49.14% -> 49.14%      
client [68] (testset)   loss: 5.9397 -> 2.8237  accuracy: 22.27% -> 55.88%      
client [57] (testset)   loss: 6.5186 -> 2.3046  accuracy: 25.15% -> 60.74%      
client [17] (testset)   loss: 5.5363 -> 3.0632  accuracy: 14.29% -> 44.36%      
client [54] (testset)   loss: 5.7258 -> 3.1369  accuracy: 20.00% -> 46.67%      
client [23] (testset)   loss: 6.2851 -> 2.2592  accuracy: 8.18% -> 41.82%       
client [35] (testset)   loss: 6.6290 -> 2.5480  accuracy: 14.29% -> 49.49%      
client [59] (testset)   loss: 7.2348 -> 2.8345  accuracy: 10.30% -> 45.92%      
client [31] (testset)   loss: 5.6619 -> 2.7750  accuracy: 22.11% -> 51.58%      
client [9]  (testset)   loss: 6.0611 -> 2.7894  accuracy: 14.09% -> 51.01%      
---------------------------- TRAINING EPOCH: 40 ----------------------------    
client [64] (testset)   loss: 6.2285 -> 2.4225  accuracy: 17.57% -> 54.73%      
client [33] (testset)   loss: 6.3496 -> 3.1284  accuracy: 16.51% -> 46.79%      
client [16] (testset)   loss: 5.9739 -> 2.9926  accuracy: 18.18% -> 50.41%      
client [44] (testset)   loss: 5.2889 -> 2.3679  accuracy: 17.65% -> 45.10%      
client [8]  (testset)   loss: 6.0145 -> 3.0405  accuracy: 26.13% -> 53.27%      
client [31] (testset)   loss: 5.0363 -> 2.6075  accuracy: 27.37% -> 53.68%      
client [47] (testset)   loss: 6.3199 -> 3.0999  accuracy: 13.04% -> 40.87%      
client [36] (testset)   loss: 6.6626 -> 2.8903  accuracy: 11.50% -> 36.28%      
client [20] (testset)   loss: 4.6240 -> 2.1738  accuracy: 21.78% -> 56.93%      
client [56] (testset)   loss: 5.8118 -> 2.0988  accuracy: 16.67% -> 60.71%      
---------------------------- TRAINING EPOCH: 50 ----------------------------    
client [4]  (testset)   loss: 5.9064 -> 2.3079  accuracy: 26.35% -> 60.81%      
client [60] (testset)   loss: 7.4055 -> 3.1801  accuracy: 3.03% -> 46.97%       
client [28] (testset)   loss: 5.5991 -> 2.5679  accuracy: 19.35% -> 54.84%      
client [25] (testset)   loss: 5.6227 -> 2.4315  accuracy: 22.92% -> 54.17%      
client [58] (testset)   loss: 6.4917 -> 3.0367  accuracy: 10.00% -> 46.15%      
client [44] (testset)   loss: 4.9310 -> 2.3173  accuracy: 25.49% -> 47.06%      
client [39] (testset)   loss: 5.9846 -> 2.5120  accuracy: 15.57% -> 46.11%      
client [29] (testset)   loss: 5.0638 -> 2.7136  accuracy: 22.67% -> 48.00%      
client [3]  (testset)   loss: 4.6398 -> 2.1513  accuracy: 32.03% -> 60.16%      
client [84] (testset)   loss: 5.5788 -> 3.0603  accuracy: 21.19% -> 47.03%      
---------------------------- TRAINING EPOCH: 60 ----------------------------    
client [21] (testset)   loss: 5.7887 -> 2.6568  accuracy: 17.69% -> 42.86%      
client [84] (testset)   loss: 6.0363 -> 3.4114  accuracy: 24.58% -> 44.49%      
client [10] (testset)   loss: 5.9971 -> 2.8956  accuracy: 15.38% -> 48.08%      
client [36] (testset)   loss: 6.2431 -> 3.1837  accuracy: 21.24% -> 39.82%      
client [65] (testset)   loss: 5.5750 -> 2.7669  accuracy: 24.55% -> 50.00%      
client [81] (testset)   loss: 5.5483 -> 3.3367  accuracy: 24.50% -> 48.34%      
client [79] (testset)   loss: 5.2825 -> 1.7353  accuracy: 25.70% -> 70.95%      
client [42] (testset)   loss: 5.4124 -> 2.5876  accuracy: 27.40% -> 56.16%      
client [11] (testset)   loss: 4.3869 -> 2.5595  accuracy: 30.51% -> 56.50%      
client [96] (testset)   loss: 5.1089 -> 2.6630  accuracy: 21.97% -> 58.96%      
---------------------------- TRAINING EPOCH: 70 ----------------------------    
client [8]  (testset)   loss: 5.0216 -> 3.1201  accuracy: 34.17% -> 54.27%      
client [53] (testset)   loss: 5.7039 -> 2.8229  accuracy: 26.95% -> 52.48%      
client [52] (testset)   loss: 6.0580 -> 2.9740  accuracy: 16.42% -> 52.99%      
client [42] (testset)   loss: 5.2181 -> 2.9931  accuracy: 33.56% -> 54.79%      
client [69] (testset)   loss: 4.7872 -> 2.3723  accuracy: 28.52% -> 62.82%      
client [59] (testset)   loss: 7.2483 -> 3.3841  accuracy: 25.75% -> 44.64%      
client [7]  (testset)   loss: 7.1151 -> 3.5602  accuracy: 21.93% -> 46.49%      
client [26] (testset)   loss: 5.6888 -> 2.6052  accuracy: 15.93% -> 48.67%      
client [49] (testset)   loss: 4.8074 -> 2.7133  accuracy: 35.19% -> 60.49%      
client [98] (testset)   loss: 5.5246 -> 3.3231  accuracy: 23.24% -> 47.89%      
---------------------------- TRAINING EPOCH: 80 ----------------------------    
client [98] (testset)   loss: 5.5679 -> 3.4834  accuracy: 30.28% -> 45.77%      
client [47] (testset)   loss: 6.8276 -> 3.3511  accuracy: 15.65% -> 42.61%      
client [21] (testset)   loss: 5.4116 -> 2.9134  accuracy: 24.49% -> 48.98%      
client [77] (testset)   loss: 7.3826 -> 2.9718  accuracy: 16.29% -> 52.25%      
client [95] (testset)   loss: 7.2306 -> 3.8641  accuracy: 18.07% -> 48.19%      
client [91] (testset)   loss: 5.7757 -> 2.6961  accuracy: 21.71% -> 53.29%      
client [14] (testset)   loss: 5.0189 -> 3.1056  accuracy: 20.78% -> 44.16%      
client [99] (testset)   loss: 5.7292 -> 4.2277  accuracy: 18.25% -> 38.69%      
client [20] (testset)   loss: 5.1989 -> 2.5275  accuracy: 30.20% -> 58.42%      
client [39] (testset)   loss: 5.9010 -> 3.0485  accuracy: 27.54% -> 50.90%      
---------------------------- TRAINING EPOCH: 90 ----------------------------    
client [52] (testset)   loss: 4.9856 -> 3.1664  accuracy: 28.36% -> 53.73%      
client [62] (testset)   loss: 5.2981 -> 3.0756  accuracy: 25.73% -> 50.00%      
client [71] (testset)   loss: 6.0568 -> 4.1604  accuracy: 19.08% -> 35.11%      
client [97] (testset)   loss: 5.2363 -> 3.0712  accuracy: 31.43% -> 45.71%      
client [30] (testset)   loss: 5.3587 -> 4.0391  accuracy: 33.15% -> 40.33%      
client [88] (testset)   loss: 6.3580 -> 3.4270  accuracy: 18.99% -> 49.16%      
client [60] (testset)   loss: 8.0255 -> 4.3536  accuracy: 13.64% -> 40.91%      
client [82] (testset)   loss: 5.3255 -> 3.5671  accuracy: 29.07% -> 47.67%      
client [91] (testset)   loss: 5.1953 -> 3.0042  accuracy: 20.39% -> 50.66%      
client [57] (testset)   loss: 4.6542 -> 2.9673  accuracy: 38.65% -> 56.44%      
---------------------------- TRAINING EPOCH: 100 ----------------------------   
client [31] (testset)   loss: 5.9553 -> 3.6991  accuracy: 31.58% -> 51.05%      
client [15] (testset)   loss: 4.9285 -> 3.2125  accuracy: 32.12% -> 50.36%      
client [71] (testset)   loss: 6.9351 -> 4.1810  accuracy: 17.56% -> 34.35%      
client [97] (testset)   loss: 5.5548 -> 3.7677  accuracy: 30.48% -> 44.76%      
client [53] (testset)   loss: 5.6914 -> 3.7663  accuracy: 26.95% -> 45.39%      
client [77] (testset)   loss: 6.7542 -> 3.3505  accuracy: 17.98% -> 51.69%      
client [76] (testset)   loss: 7.4827 -> 3.4514  accuracy: 16.76% -> 47.49%      
client [79] (testset)   loss: 4.7518 -> 2.2049  accuracy: 35.20% -> 68.72%      
client [28] (testset)   loss: 5.8062 -> 3.4815  accuracy: 28.23% -> 50.00%      
client [99] (testset)   loss: 6.6715 -> 4.8112  accuracy: 21.90% -> 32.12%      
---------------------------- TRAINING EPOCH: 110 ----------------------------   
client [97] (testset)   loss: 5.8783 -> 3.8433  accuracy: 33.33% -> 41.90%      
client [86] (testset)   loss: 4.1326 -> 3.1311  accuracy: 40.68% -> 53.39%      
client [34] (testset)   loss: 6.7820 -> 4.3084  accuracy: 25.97% -> 45.30%      
client [73] (testset)   loss: 5.9882 -> 4.2533  accuracy: 22.30% -> 41.01%      
client [5]  (testset)   loss: 6.0628 -> 3.9970  accuracy: 26.99% -> 49.08%      
client [96] (testset)   loss: 5.8532 -> 3.3873  accuracy: 26.59% -> 53.18%      
client [22] (testset)   loss: 6.3766 -> 4.1421  accuracy: 29.61% -> 44.08%      
client [60] (testset)   loss: 7.2666 -> 5.3321  accuracy: 24.24% -> 37.88%      
client [66] (testset)   loss: 5.2042 -> 3.1304  accuracy: 32.52% -> 52.91%      
client [83] (testset)   loss: 7.0284 -> 3.7097  accuracy: 23.68% -> 52.63%      
---------------------------- TRAINING EPOCH: 120 ----------------------------   
client [76] (testset)   loss: 5.3641 -> 3.6672  accuracy: 26.82% -> 44.69%      
client [65] (testset)   loss: 6.9274 -> 4.1143  accuracy: 25.45% -> 49.09%      
client [95] (testset)   loss: 6.9501 -> 4.9882  accuracy: 22.29% -> 42.17%      
client [17] (testset)   loss: 7.3053 -> 4.5912  accuracy: 16.54% -> 39.85%      
client [8]  (testset)   loss: 6.2664 -> 3.9028  accuracy: 33.17% -> 52.76%      
client [35] (testset)   loss: 6.8019 -> 4.2546  accuracy: 21.43% -> 47.45%      
client [98] (testset)   loss: 6.6327 -> 4.1505  accuracy: 25.35% -> 42.96%      
client [53] (testset)   loss: 5.7854 -> 4.1521  accuracy: 28.37% -> 46.10%      
client [43] (testset)   loss: 7.5317 -> 4.6614  accuracy: 19.26% -> 39.26%      
client [64] (testset)   loss: 5.5968 -> 2.8341  accuracy: 22.97% -> 55.41%      
---------------------------- TRAINING EPOCH: 130 ----------------------------   
client [21] (testset)   loss: 5.8193 -> 3.7312  accuracy: 25.85% -> 42.86%      
client [88] (testset)   loss: 6.8572 -> 4.2604  accuracy: 22.35% -> 49.72%      
client [38] (testset)   loss: 6.3720 -> 3.4838  accuracy: 24.02% -> 50.84%      
client [3]  (testset)   loss: 5.1340 -> 2.6731  accuracy: 33.59% -> 59.38%      
client [5]  (testset)   loss: 6.8525 -> 4.4097  accuracy: 25.15% -> 47.85%      
client [41] (testset)   loss: 7.6116 -> 4.6940  accuracy: 20.16% -> 34.68%      
client [7]  (testset)   loss: 6.4454 -> 4.0675  accuracy: 28.07% -> 47.81%      
client [37] (testset)   loss: 6.6732 -> 3.6796  accuracy: 25.96% -> 46.15%      
client [45] (testset)   loss: 5.9980 -> 3.3803  accuracy: 29.65% -> 55.31%      
client [47] (testset)   loss: 8.0561 -> 4.2757  accuracy: 19.13% -> 39.13%      
---------------------------- TRAINING EPOCH: 140 ----------------------------   
client [16] (testset)   loss: 6.0856 -> 3.8533  accuracy: 33.06% -> 47.93%      
client [11] (testset)   loss: 5.4382 -> 3.2453  accuracy: 32.77% -> 51.98%      
client [37] (testset)   loss: 6.0316 -> 4.1174  accuracy: 26.92% -> 40.38%      
client [41] (testset)   loss: 6.4577 -> 4.7688  accuracy: 22.58% -> 35.48%      
client [95] (testset)   loss: 6.9107 -> 5.6103  accuracy: 26.51% -> 39.76%      
client [53] (testset)   loss: 6.1690 -> 4.3526  accuracy: 31.91% -> 43.97%      
client [22] (testset)   loss: 6.6134 -> 4.4945  accuracy: 25.00% -> 44.08%      
client [25] (testset)   loss: 5.6609 -> 3.4852  accuracy: 30.21% -> 50.00%      
client [69] (testset)   loss: 4.5181 -> 3.3344  accuracy: 44.77% -> 56.32%      
client [46] (testset)   loss: 6.4494 -> 3.4310  accuracy: 25.71% -> 60.95%      
---------------------------- TRAINING EPOCH: 150 ----------------------------   
client [47] (testset)   loss: 8.8361 -> 6.3772  accuracy: 16.52% -> 32.17%      
client [69] (testset)   loss: 4.9101 -> 3.8750  accuracy: 44.40% -> 57.04%      
client [82] (testset)   loss: 6.5288 -> 4.8827  accuracy: 33.72% -> 46.51%      
client [45] (testset)   loss: 6.6639 -> 4.0738  accuracy: 27.88% -> 48.67%      
client [7]  (testset)   loss: 7.4152 -> 4.7110  accuracy: 30.70% -> 46.49%      
client [50] (testset)   loss: 6.5522 -> 3.8902  accuracy: 28.00% -> 56.00%      
client [35] (testset)   loss: 6.5342 -> 4.7042  accuracy: 27.55% -> 45.41%      
client [24] (testset)   loss: 6.6823 -> 4.0310  accuracy: 28.45% -> 50.86%      
client [15] (testset)   loss: 6.0176 -> 4.0870  accuracy: 33.58% -> 43.07%      
client [58] (testset)   loss: 7.3261 -> 5.1294  accuracy: 27.69% -> 47.69%      
---------------------------- TRAINING EPOCH: 160 ----------------------------   
client [48] (testset)   loss: 5.2471 -> 4.6594  accuracy: 35.76% -> 44.85%      
client [76] (testset)   loss: 5.5615 -> 4.1487  accuracy: 37.43% -> 48.04%      
client [67] (testset)   loss: 5.6951 -> 4.0871  accuracy: 34.07% -> 49.45%      
client [37] (testset)   loss: 6.3863 -> 4.3560  accuracy: 25.96% -> 43.27%      
client [58] (testset)   loss: 6.1785 -> 4.6619  accuracy: 35.38% -> 46.15%      
client [64] (testset)   loss: 5.8505 -> 3.6540  accuracy: 34.46% -> 52.70%      
client [77] (testset)   loss: 7.4088 -> 4.1963  accuracy: 25.28% -> 50.56%      
client [55] (testset)   loss: 5.0721 -> 3.5104  accuracy: 36.96% -> 56.52%      
client [12] (testset)   loss: 4.7915 -> 3.1408  accuracy: 38.64% -> 59.09%      
client [89] (testset)   loss: 6.7424 -> 5.6064  accuracy: 33.12% -> 39.49%      
---------------------------- TRAINING EPOCH: 170 ----------------------------   
client [84] (testset)   loss: 6.0752 -> 5.1579  accuracy: 31.36% -> 38.56%      
client [51] (testset)   loss: 6.2497 -> 4.5817  accuracy: 31.76% -> 39.86%      
client [8]  (testset)   loss: 5.8402 -> 4.9463  accuracy: 45.73% -> 53.77%      
client [18] (testset)   loss: 4.6437 -> 3.8429  accuracy: 41.41% -> 48.44%      
client [94] (testset)   loss: 6.6934 -> 5.0337  accuracy: 33.85% -> 43.85%      
client [81] (testset)   loss: 5.9342 -> 5.0787  accuracy: 38.41% -> 47.68%      
client [3]  (testset)   loss: 5.2663 -> 3.5217  accuracy: 37.50% -> 57.03%      
client [11] (testset)   loss: 5.7982 -> 4.1266  accuracy: 37.85% -> 46.89%      
client [95] (testset)   loss: 6.8975 -> 6.5301  accuracy: 34.94% -> 38.55%      
client [67] (testset)   loss: 5.4455 -> 3.9594  accuracy: 38.46% -> 52.75%      
---------------------------- TRAINING EPOCH: 180 ----------------------------   
client [21] (testset)   loss: 6.6800 -> 4.3715  accuracy: 31.29% -> 38.78%      
client [79] (testset)   loss: 4.4867 -> 3.0301  accuracy: 46.37% -> 64.25%      
client [58] (testset)   loss: 7.2790 -> 5.7572  accuracy: 29.23% -> 39.23%      
client [88] (testset)   loss: 7.4518 -> 4.9192  accuracy: 24.02% -> 45.25%      
client [46] (testset)   loss: 7.1561 -> 4.3299  accuracy: 29.52% -> 56.19%      
client [11] (testset)   loss: 5.7098 -> 4.3923  accuracy: 39.55% -> 46.33%      
client [55] (testset)   loss: 5.0726 -> 4.4740  accuracy: 45.65% -> 46.38%      
client [13] (testset)   loss: 5.7520 -> 4.8332  accuracy: 34.50% -> 46.20%      
client [31] (testset)   loss: 7.2172 -> 5.1564  accuracy: 32.63% -> 47.37%      
client [75] (testset)   loss: 5.5713 -> 4.5164  accuracy: 44.34% -> 52.36%      
---------------------------- TRAINING EPOCH: 190 ----------------------------   
client [19] (testset)   loss: 6.7354 -> 6.0402  accuracy: 32.93% -> 40.24%      
client [7]  (testset)   loss: 8.3307 -> 5.7850  accuracy: 30.70% -> 42.98%      
client [57] (testset)   loss: 5.4706 -> 4.3192  accuracy: 42.33% -> 54.60%      
client [13] (testset)   loss: 5.8928 -> 4.9146  accuracy: 38.01% -> 47.37%      
client [43] (testset)   loss: 7.9432 -> 6.4684  accuracy: 28.15% -> 33.33%      
client [91] (testset)   loss: 5.9498 -> 4.1850  accuracy: 32.24% -> 44.08%      
client [10] (testset)   loss: 6.9948 -> 5.6349  accuracy: 27.88% -> 37.50%      
client [64] (testset)   loss: 5.9735 -> 4.8627  accuracy: 39.19% -> 48.65%      
client [82] (testset)   loss: 6.5061 -> 5.7648  accuracy: 39.53% -> 45.35%      
client [22] (testset)   loss: 7.5155 -> 5.5509  accuracy: 28.95% -> 42.11%      
---------------------------- TRAINING EPOCH: 200 ----------------------------   
client [20] (testset)   loss: 6.5876 -> 4.0402  accuracy: 42.08% -> 54.46%      
client [23] (testset)   loss: 6.1203 -> 4.2755  accuracy: 32.73% -> 49.09%      
client [88] (testset)   loss: 7.0869 -> 5.0916  accuracy: 32.96% -> 49.72%      
client [98] (testset)   loss: 8.1751 -> 6.1777  accuracy: 30.28% -> 35.92%      
client [79] (testset)   loss: 4.2951 -> 3.5269  accuracy: 51.96% -> 59.22%      
client [21] (testset)   loss: 6.2738 -> 4.5651  accuracy: 32.65% -> 42.18%      
client [92] (testset)   loss: 6.8048 -> 5.3573  accuracy: 29.59% -> 46.94%      
client [56] (testset)   loss: 5.7733 -> 4.8516  accuracy: 41.67% -> 45.24%      
client [5]  (testset)   loss: 7.2201 -> 5.7488  accuracy: 29.45% -> 46.63%      
client [52] (testset)   loss: 6.8819 -> 5.3085  accuracy: 35.07% -> 46.27%      
---------------------------- TRAINING EPOCH: 210 ----------------------------   
client [67] (testset)   loss: 5.8723 -> 4.7706  accuracy: 41.21% -> 48.90%      
client [54] (testset)   loss: 7.7314 -> 6.5409  accuracy: 30.00% -> 37.50%      
client [14] (testset)   loss: 5.7644 -> 5.0336  accuracy: 38.96% -> 45.45%      
client [99] (testset)   loss: 8.2531 -> 7.1445  accuracy: 22.63% -> 27.01%      
client [36] (testset)   loss: 7.3715 -> 6.5027  accuracy: 27.43% -> 29.20%      
client [30] (testset)   loss: 7.3976 -> 6.2292  accuracy: 30.94% -> 36.46%      
client [38] (testset)   loss: 7.6290 -> 4.6747  accuracy: 28.49% -> 48.60%      
client [15] (testset)   loss: 6.7913 -> 4.8472  accuracy: 33.58% -> 43.80%      
client [6]  (testset)   loss: 6.4673 -> 6.1088  accuracy: 35.82% -> 38.81%      
client [53] (testset)   loss: 7.6514 -> 6.6431  accuracy: 33.33% -> 38.30%      
---------------------------- TRAINING EPOCH: 220 ----------------------------   
client [99] (testset)   loss: 9.0507 -> 7.5639  accuracy: 19.71% -> 24.09%      
client [6]  (testset)   loss: 7.1603 -> 6.4128  accuracy: 38.81% -> 38.81%      
client [83] (testset)   loss: 7.5432 -> 5.7639  accuracy: 27.63% -> 38.16%      
client [42] (testset)   loss: 6.5072 -> 5.6436  accuracy: 45.21% -> 48.63%      
client [34] (testset)   loss: 7.6493 -> 6.5281  accuracy: 30.39% -> 40.33%      
client [15] (testset)   loss: 7.0300 -> 5.2570  accuracy: 35.77% -> 46.72%      
client [47] (testset)   loss: 9.4630 -> 7.9840  accuracy: 26.09% -> 27.83%      
client [55] (testset)   loss: 6.3772 -> 5.2692  accuracy: 39.86% -> 46.38%      
client [51] (testset)   loss: 6.2713 -> 4.9885  accuracy: 34.46% -> 43.92%      
client [95] (testset)   loss: 8.0074 -> 7.1794  accuracy: 33.73% -> 37.35%      
---------------------------- TRAINING EPOCH: 230 ----------------------------   
client [71] (testset)   loss: 8.0017 -> 6.2451  accuracy: 26.72% -> 35.88%      
client [15] (testset)   loss: 7.1195 -> 5.6004  accuracy: 35.77% -> 42.34%      
client [33] (testset)   loss: 7.6792 -> 5.1991  accuracy: 27.52% -> 35.78%      
client [99] (testset)   loss: 8.1123 -> 7.3114  accuracy: 21.90% -> 26.28%      
client [90] (testset)   loss: 5.1882 -> 4.0050  accuracy: 51.47% -> 59.56%      
client [57] (testset)   loss: 5.8921 -> 5.2336  accuracy: 46.01% -> 51.53%      
client [27] (testset)   loss: 7.2382 -> 5.5400  accuracy: 27.50% -> 40.00%      
client [78] (testset)   loss: 6.7982 -> 5.4221  accuracy: 37.11% -> 46.54%      
client [36] (testset)   loss: 7.6896 -> 6.9071  accuracy: 30.09% -> 32.74%      
client [88] (testset)   loss: 7.5753 -> 6.1035  accuracy: 33.52% -> 45.25%      
---------------------------- TRAINING EPOCH: 240 ----------------------------   
client [70] (testset)   loss: 6.1659 -> 5.5664  accuracy: 39.13% -> 43.48%      
client [35] (testset)   loss: 7.9902 -> 6.3764  accuracy: 31.12% -> 42.35%      
client [16] (testset)   loss: 7.0838 -> 6.8040  accuracy: 38.84% -> 38.02%      
client [80] (testset)   loss: 6.1433 -> 4.3328  accuracy: 47.83% -> 61.49%      
client [38] (testset)   loss: 7.1558 -> 5.5197  accuracy: 32.96% -> 48.04%      
client [78] (testset)   loss: 5.9258 -> 5.3030  accuracy: 47.17% -> 50.31%      
client [68] (testset)   loss: 7.5976 -> 5.9296  accuracy: 30.67% -> 49.16%      
client [11] (testset)   loss: 6.7158 -> 5.0734  accuracy: 41.81% -> 47.46%      
client [64] (testset)   loss: 5.5279 -> 4.6953  accuracy: 45.27% -> 50.00%      
client [82] (testset)   loss: 7.3945 -> 6.7953  accuracy: 37.21% -> 37.21%      
---------------------------- TRAINING EPOCH: 250 ----------------------------   
client [30] (testset)   loss: 7.9990 -> 6.8379  accuracy: 33.15% -> 37.02%      
client [27] (testset)   loss: 7.8452 -> 5.9041  accuracy: 27.50% -> 39.38%      
client [74] (testset)   loss: 8.0239 -> 4.4705  accuracy: 25.51% -> 54.08%      
client [45] (testset)   loss: 7.5140 -> 4.8156  accuracy: 31.86% -> 48.67%      
client [6]  (testset)   loss: 7.4245 -> 5.9890  accuracy: 25.37% -> 37.31%      
client [36] (testset)   loss: 7.7060 -> 6.0086  accuracy: 28.32% -> 35.40%      
client [63] (testset)   loss: 7.3459 -> 5.7969  accuracy: 28.37% -> 41.35%      
client [76] (testset)   loss: 6.4270 -> 4.8631  accuracy: 35.20% -> 45.25%      
client [83] (testset)   loss: 7.8623 -> 5.1083  accuracy: 22.37% -> 37.50%      
client [86] (testset)   loss: 6.4812 -> 4.5743  accuracy: 32.20% -> 43.22%      
---------------------------- TRAINING EPOCH: 260 ----------------------------   
client [83] (testset)   loss: 8.3986 -> 5.8076  accuracy: 21.71% -> 42.11%      
client [99] (testset)   loss: 8.3453 -> 7.3157  accuracy: 22.63% -> 26.28%      
client [74] (testset)   loss: 6.4385 -> 5.0595  accuracy: 41.84% -> 51.02%      
client [73] (testset)   loss: 8.0706 -> 7.0109  accuracy: 33.81% -> 40.29%      
client [29] (testset)   loss: 7.9207 -> 6.3926  accuracy: 33.33% -> 42.67%      
client [92] (testset)   loss: 6.4400 -> 5.4750  accuracy: 38.78% -> 43.88%      
client [6]  (testset)   loss: 7.5092 -> 6.7243  accuracy: 35.82% -> 37.31%      
client [61] (testset)   loss: 8.7379 -> 7.1024  accuracy: 22.96% -> 42.22%      
client [21] (testset)   loss: 7.1239 -> 5.2281  accuracy: 32.65% -> 46.94%      
client [67] (testset)   loss: 5.7824 -> 5.0214  accuracy: 46.70% -> 50.00%      
---------------------------- TRAINING EPOCH: 270 ----------------------------   
client [83] (testset)   loss: 9.0651 -> 6.5640  accuracy: 23.68% -> 39.47%      
client [32] (testset)   loss: 7.2160 -> 5.8452  accuracy: 25.26% -> 34.74%      
client [95] (testset)   loss: 9.0122 -> 7.8271  accuracy: 32.53% -> 38.55%      
client [61] (testset)   loss: 9.4695 -> 7.9234  accuracy: 20.74% -> 28.15%      
client [27] (testset)   loss: 8.2508 -> 6.4186  accuracy: 30.00% -> 37.50%      
client [25] (testset)   loss: 6.4878 -> 4.7431  accuracy: 37.50% -> 52.08%      
client [68] (testset)   loss: 8.2629 -> 6.8057  accuracy: 33.61% -> 44.54%      
client [34] (testset)   loss: 8.3468 -> 6.8514  accuracy: 30.94% -> 40.88%      
client [71] (testset)   loss: 8.7766 -> 7.8158  accuracy: 27.48% -> 28.24%      
client [89] (testset)   loss: 8.4335 -> 7.5049  accuracy: 31.21% -> 32.48%      
---------------------------- TRAINING EPOCH: 280 ----------------------------   
client [78] (testset)   loss: 7.2464 -> 6.1271  accuracy: 41.51% -> 45.28%      
client [81] (testset)   loss: 7.1438 -> 6.1955  accuracy: 33.77% -> 41.72%      
client [51] (testset)   loss: 7.0912 -> 6.0602  accuracy: 38.51% -> 42.57%      
client [54] (testset)   loss: 8.7617 -> 7.4874  accuracy: 29.17% -> 38.33%      
client [65] (testset)   loss: 8.5033 -> 6.7434  accuracy: 37.27% -> 42.73%      
client [41] (testset)   loss: 8.5775 -> 7.7481  accuracy: 26.61% -> 29.03%      
client [11] (testset)   loss: 5.8429 -> 5.2738  accuracy: 46.33% -> 48.02%      
client [85] (testset)   loss: 6.1424 -> 5.5938  accuracy: 49.25% -> 52.24%      
client [12] (testset)   loss: 5.5906 -> 4.4575  accuracy: 44.70% -> 53.03%      
client [23] (testset)   loss: 7.0462 -> 5.4884  accuracy: 31.82% -> 40.00%      
---------------------------- TRAINING EPOCH: 290 ----------------------------   
client [16] (testset)   loss: 8.5205 -> 7.1105  accuracy: 32.23% -> 42.98%      
client [65] (testset)   loss: 8.4278 -> 8.0217  accuracy: 38.18% -> 39.09%      
client [53] (testset)   loss: 8.4672 -> 7.7289  accuracy: 35.46% -> 39.01%      
client [58] (testset)   loss: 8.6775 -> 8.1126  accuracy: 33.85% -> 36.92%      
client [72] (testset)   loss: 8.8835 -> 7.9066  accuracy: 29.85% -> 35.07%      
client [7]  (testset)   loss: 7.8254 -> 7.3938  accuracy: 41.23% -> 43.42%      
client [71] (testset)   loss: 8.8256 -> 7.7541  accuracy: 27.48% -> 32.06%      
client [59] (testset)   loss: 8.3058 -> 7.5161  accuracy: 33.91% -> 37.77%      
client [86] (testset)   loss: 6.9992 -> 5.8502  accuracy: 35.59% -> 43.22%      
client [39] (testset)   loss: 7.7074 -> 7.1988  accuracy: 36.53% -> 41.92%      
---------------------------- TRAINING EPOCH: 300 ----------------------------   
client [99] (testset)   loss: 9.7402 -> 8.5678  accuracy: 21.17% -> 27.74%      
client [7]  (testset)   loss: 8.7715 -> 7.6210  accuracy: 35.96% -> 43.42%      
client [17] (testset)   loss: 8.9553 -> 8.5269  accuracy: 35.34% -> 35.34%      
client [64] (testset)   loss: 6.4590 -> 5.8282  accuracy: 41.89% -> 44.59%      
client [37] (testset)   loss: 7.9847 -> 6.6750  accuracy: 27.88% -> 35.58%      
client [29] (testset)   loss: 8.3916 -> 7.8298  accuracy: 32.00% -> 37.33%      
client [93] (testset)   loss: 8.1816 -> 6.8664  accuracy: 36.80% -> 42.40%      
client [73] (testset)   loss: 8.9439 -> 8.1183  accuracy: 38.85% -> 42.45%      
client [40] (testset)   loss: 6.7215 -> 6.0589  accuracy: 34.62% -> 43.59%      
client [76] (testset)   loss: 7.2787 -> 6.3364  accuracy: 37.43% -> 40.78%      
---------------------------- TRAINING EPOCH: 310 ----------------------------   
client [31] (testset)   loss: 8.2733 -> 7.2912  accuracy: 40.00% -> 47.37%      
client [89] (testset)   loss: 8.8283 -> 8.2204  accuracy: 38.22% -> 38.85%      
client [77] (testset)   loss: 7.3314 -> 6.4673  accuracy: 35.96% -> 43.26%      
client [90] (testset)   loss: 5.1609 -> 4.9215  accuracy: 52.94% -> 55.88%      
client [26] (testset)   loss: 8.3786 -> 7.5277  accuracy: 29.20% -> 33.63%      
client [50] (testset)   loss: 5.9914 -> 5.5206  accuracy: 43.00% -> 47.00%      
client [30] (testset)   loss: 8.1591 -> 7.7488  accuracy: 39.78% -> 40.33%      
client [70] (testset)   loss: 7.1325 -> 6.5986  accuracy: 41.61% -> 44.72%      
client [41] (testset)   loss: 8.8784 -> 8.5190  accuracy: 29.03% -> 29.03%      
client [99] (testset)   loss: 9.3477 -> 8.7379  accuracy: 20.44% -> 21.90%      
---------------------------- TRAINING EPOCH: 320 ----------------------------   
client [68] (testset)   loss: 9.0908 -> 8.0952  accuracy: 33.19% -> 42.86%      
client [70] (testset)   loss: 6.8056 -> 6.4783  accuracy: 44.10% -> 47.20%      
client [52] (testset)   loss: 7.2549 -> 6.9595  accuracy: 39.55% -> 40.30%      
client [1]  (testset)   loss: 7.5119 -> 7.1826  accuracy: 41.44% -> 41.44%      
client [2]  (testset)   loss: 8.8359 -> 8.5180  accuracy: 32.14% -> 33.93%      
client [67] (testset)   loss: 6.5654 -> 6.2241  accuracy: 40.66% -> 42.86%      
client [92] (testset)   loss: 7.8535 -> 7.5263  accuracy: 39.80% -> 41.84%      
client [35] (testset)   loss: 8.4108 -> 7.2634  accuracy: 34.18% -> 43.37%      
client [36] (testset)   loss: 8.9875 -> 8.6616  accuracy: 30.97% -> 34.51%      
client [64] (testset)   loss: 6.5230 -> 6.1830  accuracy: 45.95% -> 46.62%      
---------------------------- TRAINING EPOCH: 330 ----------------------------   
client [44] (testset)   loss: 7.8229 -> 7.3020  accuracy: 36.60% -> 42.48%      
client [6]  (testset)   loss: 8.1519 -> 8.0708  accuracy: 37.31% -> 38.81%      
client [12] (testset)   loss: 5.4300 -> 5.3199  accuracy: 53.03% -> 53.03%      
client [55] (testset)   loss: 6.5824 -> 6.1389  accuracy: 42.75% -> 43.48%      
client [29] (testset)   loss: 8.6476 -> 8.5254  accuracy: 34.00% -> 34.00%      
client [9]  (testset)   loss: 7.6096 -> 7.3770  accuracy: 42.95% -> 45.64%      
client [43] (testset)   loss: 8.6703 -> 8.3751  accuracy: 35.56% -> 34.81%      
client [77] (testset)   loss: 7.7606 -> 6.8985  accuracy: 37.08% -> 42.13%      
client [98] (testset)   loss: 9.6153 -> 8.7140  accuracy: 33.80% -> 34.51%      
client [78] (testset)   loss: 7.7031 -> 6.7742  accuracy: 39.62% -> 45.28%      
---------------------------- TRAINING EPOCH: 340 ----------------------------   
client [92] (testset)   loss: 7.7716 -> 7.6394  accuracy: 40.82% -> 40.82%      
client [80] (testset)   loss: 6.5315 -> 5.3561  accuracy: 52.80% -> 56.52%      
client [63] (testset)   loss: 8.3918 -> 7.7686  accuracy: 36.06% -> 38.94%      
client [76] (testset)   loss: 7.1768 -> 6.6900  accuracy: 40.78% -> 40.78%      
client [78] (testset)   loss: 7.0801 -> 6.6929  accuracy: 42.77% -> 45.28%      
client [25] (testset)   loss: 6.7175 -> 6.1734  accuracy: 39.58% -> 43.75%      
client [58] (testset)   loss: 9.8510 -> 9.2902  accuracy: 33.85% -> 34.62%      
client [13] (testset)   loss: 6.9771 -> 6.8142  accuracy: 42.69% -> 45.03%      
client [17] (testset)   loss: 9.6169 -> 9.4995  accuracy: 34.59% -> 34.59%      
client [38] (testset)   loss: 7.5493 -> 7.3331  accuracy: 40.78% -> 43.58%      
---------------------------- TRAINING EPOCH: 350 ----------------------------   
client [72] (testset)   loss: 9.4622 -> 9.2571  accuracy: 34.33% -> 32.09%      
client [82] (testset)   loss: 8.8807 -> 8.8116  accuracy: 36.05% -> 37.21%      
client [86] (testset)   loss: 6.6107 -> 6.5199  accuracy: 48.31% -> 49.15%      
client [51] (testset)   loss: 7.8443 -> 7.5694  accuracy: 38.51% -> 37.16%      
client [96] (testset)   loss: 7.2492 -> 6.8048  accuracy: 42.77% -> 47.40%      
client [42] (testset)   loss: 7.3230 -> 7.1391  accuracy: 46.58% -> 45.89%      
client [55] (testset)   loss: 6.8282 -> 6.6131  accuracy: 42.75% -> 43.48%      
client [13] (testset)   loss: 6.8215 -> 6.6938  accuracy: 46.78% -> 47.37%      
client [1]  (testset)   loss: 7.7726 -> 7.6395  accuracy: 42.54% -> 43.09%      
client [12] (testset)   loss: 5.6091 -> 5.4027  accuracy: 49.24% -> 51.52%      
---------------------------- TRAINING EPOCH: 360 ----------------------------   
client [68] (testset)   loss: 9.6304 -> 9.0706  accuracy: 35.71% -> 39.50%      
client [23] (testset)   loss: 7.1012 -> 6.9112  accuracy: 36.36% -> 37.27%      
client [46] (testset)   loss: 7.0203 -> 6.9068  accuracy: 46.67% -> 47.62%      
client [41] (testset)   loss: 9.3995 -> 9.3029  accuracy: 29.84% -> 29.84%      
client [25] (testset)   loss: 7.1715 -> 7.0288  accuracy: 41.67% -> 40.62%      
client [58] (testset)   loss: 10.1164 -> 9.9047 accuracy: 33.85% -> 34.62%      
client [14] (testset)   loss: 7.7650 -> 7.6751  accuracy: 37.66% -> 37.66%      
client [33] (testset)   loss: 8.4416 -> 8.0333  accuracy: 35.78% -> 36.70%      
client [85] (testset)   loss: 7.3552 -> 7.2911  accuracy: 50.75% -> 50.75%      
client [62] (testset)   loss: 8.1843 -> 7.5846  accuracy: 38.35% -> 40.78%      
---------------------------- TRAINING EPOCH: 370 ----------------------------   
client [98] (testset)   loss: 9.4336 -> 9.3948  accuracy: 35.92% -> 35.92%      
client [63] (testset)   loss: 8.7901 -> 8.4921  accuracy: 34.13% -> 37.02%      
client [70] (testset)   loss: 7.4169 -> 7.3769  accuracy: 44.72% -> 44.72%      
client [65] (testset)   loss: 9.8421 -> 9.7064  accuracy: 33.64% -> 33.64%      
client [14] (testset)   loss: 7.6215 -> 7.5692  accuracy: 37.66% -> 38.96%      
client [73] (testset)   loss: 9.4658 -> 9.4083  accuracy: 39.57% -> 39.57%      
client [34] (testset)   loss: 9.7672 -> 9.6301  accuracy: 33.70% -> 37.02%      
client [99] (testset)   loss: 10.2102 -> 10.0168    accuracy: 25.55% -> 26.28%  
client [69] (testset)   loss: 7.0858 -> 6.8070  accuracy: 49.82% -> 51.26%      
client [46] (testset)   loss: 7.4173 -> 7.1748  accuracy: 44.76% -> 46.67%      
---------------------------- TRAINING EPOCH: 380 ----------------------------   
client [99] (testset)   loss: 10.4323 -> 10.2017    accuracy: 24.09% -> 24.09%  
client [93] (testset)   loss: 8.9141 -> 8.5531  accuracy: 36.80% -> 40.00%      
client [11] (testset)   loss: 7.2750 -> 7.2004  accuracy: 44.07% -> 44.07%      
client [58] (testset)   loss: 10.1774 -> 10.0951    accuracy: 35.38% -> 35.38%  
client [81] (testset)   loss: 8.1912 -> 8.0740  accuracy: 39.74% -> 41.06%      
client [85] (testset)   loss: 7.7974 -> 7.7620  accuracy: 50.75% -> 50.75%      
client [89] (testset)   loss: 9.5573 -> 9.4378  accuracy: 37.58% -> 37.58%      
client [45] (testset)   loss: 7.6698 -> 7.5471  accuracy: 42.48% -> 42.48%      
client [8]  (testset)   loss: 7.9402 -> 7.8533  accuracy: 48.74% -> 48.74%      
client [68] (testset)   loss: 9.7806 -> 9.5575  accuracy: 37.82% -> 39.08%      
---------------------------- TRAINING EPOCH: 390 ----------------------------   
client [67] (testset)   loss: 7.3429 -> 7.2688  accuracy: 43.96% -> 44.51%      
client [72] (testset)   loss: 9.7994 -> 9.7624  accuracy: 36.57% -> 36.57%      
client [1]  (testset)   loss: 7.9626 -> 7.9118  accuracy: 43.65% -> 43.65%      
client [78] (testset)   loss: 7.7159 -> 7.6126  accuracy: 42.77% -> 45.28%      
client [83] (testset)   loss: 9.5659 -> 9.3857  accuracy: 30.92% -> 30.92%      
client [21] (testset)   loss: 7.8277 -> 7.7602  accuracy: 36.05% -> 36.73%      
client [56] (testset)   loss: 7.1635 -> 7.1438  accuracy: 51.19% -> 51.19%      
client [44] (testset)   loss: 7.9383 -> 7.8965  accuracy: 41.18% -> 41.83%      
client [92] (testset)   loss: 8.3053 -> 8.2609  accuracy: 42.86% -> 42.86%      
client [27] (testset)   loss: 9.0410 -> 8.9644  accuracy: 33.12% -> 33.12%      
---------------------------- TRAINING EPOCH: 400 ----------------------------   
client [10] (testset)   loss: 9.2146 -> 9.1761  accuracy: 30.77% -> 31.73%      
client [39] (testset)   loss: 8.5049 -> 8.4614  accuracy: 41.32% -> 41.92%      
client [65] (testset)   loss: 9.8373 -> 9.7632  accuracy: 36.36% -> 36.36%      
client [26] (testset)   loss: 9.1811 -> 9.0576  accuracy: 31.86% -> 31.86%      
client [19] (testset)   loss: 9.2713 -> 9.2326  accuracy: 35.98% -> 35.98%      
client [68] (testset)   loss: 9.7462 -> 9.6652  accuracy: 38.66% -> 39.08%      
client [41] (testset)   loss: 9.6316 -> 9.5955  accuracy: 29.84% -> 29.84%      
client [50] (testset)   loss: 7.0424 -> 7.0182  accuracy: 44.00% -> 44.00%      
client [75] (testset)   loss: 7.3696 -> 7.2134  accuracy: 46.23% -> 46.70%      
client [81] (testset)   loss: 8.2073 -> 8.1359  accuracy: 39.74% -> 39.74%      
Training... ━━━━━━━━━━━━━━━━━━━━━━━━━━━━━━━━━━━━━━━━ 100% 0:06:35
PSFL's average time taken by each global epoch: 0 min 0.98 sec.                 
PSFL's total running time: 0 h 6 m 35 s.                                        
==================== PSFL Experiment Results: ====================              
Display format: (before local fine-tuning) -> (after local fine-tuning)         
 So if finetune_epoch = 0, x.xx% -> 0.00% is normal.                            
 Centralized testing ONLY happens after model aggregation, so the stats between 
'->' are the same.                                                              
{                                                                               
    "100": {                                                                    
        "all_clients": {                                                        
            "test": {                                                           
                "loss": "5.6424 -> 0.0000",                                     
                "accuracy": "29.11% -> 0.00%"                                   
            }                                                                   
        }                                                                       
    },                                                                          
    "200": {                                                                    
        "all_clients": {                                                        
            "test": {                                                           
                "loss": "6.4712 -> 0.0000",                                     
                "accuracy": "35.60% -> 0.00%"                                   
            }                                                                   
        }                                                                       
    },                                                                          
    "300": {                                                                    
        "all_clients": {                                                        
            "test": {                                                           
                "loss": "7.5117 -> 0.0000",                                     
                "accuracy": "38.52% -> 0.00%"                                   
            }                                                                   
        }                                                                       
    },                                                                          
    "400": {                                                                    
        "all_clients": {                                                        
            "test": {                                                           
                "loss": "8.4193 -> 0.0000",                                     
                "accuracy": "40.32% -> 0.00%"                                   
            }                                                                   
        }                                                                       
    }                                                                           
}                                                                               
==================== PSFL Max Accuracy ====================                     
all_clients:                                                                    
(test) before fine-tuning: 40.32% at epoch 400                                  
(test) after fine-tuning: 0.00% at epoch 100                                    
