==================== PSFL ====================                                  
Experiment Arguments:                                                           
{
│   'method': 'psfl',
│   'dataset': {
│   │   'name': 'mnist',
│   │   'client_num': 100,
│   │   'test_ratio': 0.25,
│   │   'val_ratio': 0.0,
│   │   'seed': 42,
│   │   'split': 'sample',
│   │   'IID_ratio': 0.0,
│   │   'monitor_window_name_suffix': 'mnist-100clients-0%IID-Dir(0.1)-seed42',
│   │   'alpha': 0.1,
│   │   'min_samples_per_client': 10
│   },
│   'model': {
│   │   'name': 'avgcnn',
│   │   'use_torchvision_pretrained_weights': True,
│   │   'external_model_weights_path': None
│   },
│   'optimizer': {
│   │   'lr': 0.01,
│   │   'dampening': 0,
│   │   'weight_decay': 0,
│   │   'momentum': 0,
│   │   'nesterov': False,
│   │   'name': 'sgd'
│   },
│   'mode': 'sequential',
│   'parallel': {
│   │   'ray_cluster_addr': None,
│   │   'num_cpus': None,
│   │   'num_gpus': None,
│   │   'num_workers': 2
│   },
│   'common': {
│   │   'seed': 42,
│   │   'join_ratio': 0.1,
│   │   'global_epoch': 400,
│   │   'local_epoch': 5,
│   │   'batch_size': 32,
│   │   'reset_optimizer_on_global_epoch': True,
│   │   'straggler_ratio': 0,
│   │   'straggler_min_local_epoch': 0,
│   │   'buffers': 'global',
│   │   'client_side_evaluation': True,
│   │   'test': {
│   │   │   'client': {
│   │   │   │   'interval': 100,
│   │   │   │   'finetune_epoch': 0,
│   │   │   │   'train': False,
│   │   │   │   'val': False,
│   │   │   │   'test': True
│   │   │   },
│   │   │   'server': {
│   │   │   │   'interval': -1,
│   │   │   │   'train': False,
│   │   │   │   'val': False,
│   │   │   │   'test': False,
│   │   │   │   'model_in_train_mode': False
│   │   │   }
│   │   },
│   │   'verbose_gap': 10,
│   │   'monitor': None,
│   │   'use_cuda': True,
│   │   'save_log': True,
│   │   'save_model': False,
│   │   'save_learning_curve_plot': False,
│   │   'save_metrics': True,
│   │   'delete_useless_run': True
│   },
│   'psfl': {
│   │   'alpha': 0.0,
│   │   'CLS': False,
│   │   'ig_ratio': 0.9993,
│   │   'track': False,
│   │   'score': 'diff'
│   }
}
---------------------------- TRAINING EPOCH: 10 ----------------------------    
client [77] (testset)   loss: 0.2117 -> 0.0764  accuracy: 95.89% -> 97.95%      
client [81] (testset)   loss: 0.0874 -> 0.0221  accuracy: 97.53% -> 99.38%      
client [21] (testset)   loss: 0.4341 -> 0.0730  accuracy: 84.31% -> 98.04%      
client [68] (testset)   loss: 0.1818 -> 0.0696  accuracy: 93.22% -> 98.31%      
client [93] (testset)   loss: 0.3719 -> 0.0467  accuracy: 87.10% -> 96.77%      
client [31] (testset)   loss: 0.5271 -> 0.3357  accuracy: 71.43% -> 85.71%      
client [20] (testset)   loss: 0.1872 -> 0.1538  accuracy: 92.76% -> 95.02%      
client [59] (testset)   loss: 0.2568 -> 0.0633  accuracy: 87.50% -> 100.00%     
client [48] (testset)   loss: 0.0825 -> 0.0237  accuracy: 99.03% -> 99.03%      
client [34] (testset)   loss: 0.1076 -> 0.3191  accuracy: 94.44% -> 94.44%      
---------------------------- TRAINING EPOCH: 20 ----------------------------    
client [69] (testset)   loss: 0.0090 -> 0.0095  accuracy: 99.82% -> 99.64%      
client [99] (testset)   loss: 0.2700 -> 0.0823  accuracy: 90.48% -> 95.24%      
client [67] (testset)   loss: 0.2216 -> 0.0005  accuracy: 91.89% -> 100.00%     
client [0]  (testset)   loss: 0.0351 -> 0.0099  accuracy: 99.06% -> 100.00%     
client [76] (testset)   loss: 0.0312 -> 0.0482  accuracy: 98.70% -> 98.70%      
client [41] (testset)   loss: 0.0849 -> 0.0106  accuracy: 97.89% -> 100.00%     
client [62] (testset)   loss: 0.1621 -> 0.0119  accuracy: 96.69% -> 99.45%      
client [2]  (testset)   loss: 0.1106 -> 0.0099  accuracy: 96.39% -> 99.62%      
client [14] (testset)   loss: 0.0184 -> 0.0160  accuracy: 100.00% -> 99.31%     
client [46] (testset)   loss: 0.0581 -> 0.0415  accuracy: 98.42% -> 98.42%      
---------------------------- TRAINING EPOCH: 30 ----------------------------    
client [24] (testset)   loss: 0.1083 -> 0.1065  accuracy: 95.95% -> 95.95%      
client [68] (testset)   loss: 0.0579 -> 0.0694  accuracy: 98.31% -> 98.31%      
client [57] (testset)   loss: 0.0332 -> 0.0110  accuracy: 98.55% -> 99.52%      
client [17] (testset)   loss: 0.0315 -> 0.0247  accuracy: 99.22% -> 99.22%      
client [54] (testset)   loss: 0.1118 -> 0.1549  accuracy: 95.35% -> 95.35%      
client [23] (testset)   loss: 0.0811 -> 0.0053  accuracy: 97.14% -> 100.00%     
client [35] (testset)   loss: 0.0959 -> 0.0330  accuracy: 98.04% -> 99.02%      
client [59] (testset)   loss: 0.0331 -> 0.0330  accuracy: 100.00% -> 100.00%    
client [31] (testset)   loss: 0.8329 -> 0.5830  accuracy: 85.71% -> 85.71%      
client [9]  (testset)   loss: 0.0400 -> 0.0333  accuracy: 98.86% -> 99.02%      
---------------------------- TRAINING EPOCH: 40 ----------------------------    
client [64] (testset)   loss: 0.0186 -> 0.0089  accuracy: 99.44% -> 99.72%      
client [33] (testset)   loss: 0.0510 -> 0.0464  accuracy: 99.51% -> 99.51%      
client [16] (testset)   loss: 0.0059 -> 0.0035  accuracy: 100.00% -> 100.00%    
client [44] (testset)   loss: 0.0558 -> 0.0634  accuracy: 98.51% -> 98.81%      
client [8]  (testset)   loss: 0.1595 -> 0.0047  accuracy: 92.86% -> 100.00%     
client [31] (testset)   loss: 0.0460 -> 0.1604  accuracy: 100.00% -> 85.71%     
client [47] (testset)   loss: 0.0571 -> 0.0017  accuracy: 98.86% -> 100.00%     
client [36] (testset)   loss: 0.1676 -> 0.0363  accuracy: 94.42% -> 98.98%      
client [20] (testset)   loss: 0.2299 -> 0.0710  accuracy: 92.31% -> 97.74%      
client [56] (testset)   loss: 0.0292 -> 0.0087  accuracy: 100.00% -> 100.00%    
---------------------------- TRAINING EPOCH: 50 ----------------------------    
client [4]  (testset)   loss: 0.0285 -> 0.0046  accuracy: 98.53% -> 100.00%     
client [60] (testset)   loss: 0.0427 -> 0.0247  accuracy: 98.00% -> 99.00%      
client [28] (testset)   loss: 0.0080 -> 0.0006  accuracy: 100.00% -> 100.00%    
client [25] (testset)   loss: 0.0062 -> 0.0006  accuracy: 100.00% -> 100.00%    
client [58] (testset)   loss: 0.0449 -> 0.0466  accuracy: 98.58% -> 97.87%      
client [44] (testset)   loss: 0.0542 -> 0.0390  accuracy: 98.21% -> 99.10%      
client [39] (testset)   loss: 0.0359 -> 0.0046  accuracy: 98.03% -> 100.00%     
client [29] (testset)   loss: 0.0846 -> 0.0409  accuracy: 97.05% -> 99.26%      
client [3]  (testset)   loss: 0.0262 -> 0.0200  accuracy: 99.58% -> 99.58%      
client [84] (testset)   loss: 0.0188 -> 0.0091  accuracy: 100.00% -> 100.00%    
---------------------------- TRAINING EPOCH: 60 ----------------------------    
client [21] (testset)   loss: 0.0238 -> 0.0116  accuracy: 99.02% -> 100.00%     
client [84] (testset)   loss: 0.0039 -> 0.0014  accuracy: 100.00% -> 100.00%    
client [10] (testset)   loss: 0.0025 -> 0.0009  accuracy: 100.00% -> 100.00%    
client [36] (testset)   loss: 0.0377 -> 0.0467  accuracy: 98.98% -> 98.48%      
client [65] (testset)   loss: 0.0348 -> 0.0171  accuracy: 99.16% -> 99.16%      
client [81] (testset)   loss: 0.0130 -> 0.0065  accuracy: 99.38% -> 100.00%     
client [79] (testset)   loss: 0.0041 -> 0.0016  accuracy: 100.00% -> 100.00%    
client [42] (testset)   loss: 0.1160 -> 0.1122  accuracy: 98.36% -> 98.36%      
client [11] (testset)   loss: 0.0001 -> 0.0001  accuracy: 100.00% -> 100.00%    
client [96] (testset)   loss: 0.0165 -> 0.0063  accuracy: 99.02% -> 100.00%     
---------------------------- TRAINING EPOCH: 70 ----------------------------    
client [8]  (testset)   loss: 0.0103 -> 0.0029  accuracy: 100.00% -> 100.00%    
client [53] (testset)   loss: 0.1795 -> 0.0881  accuracy: 92.00% -> 96.00%      
client [52] (testset)   loss: 0.0049 -> 0.0001  accuracy: 100.00% -> 100.00%    
client [42] (testset)   loss: 0.1194 -> 0.1151  accuracy: 98.36% -> 98.36%      
client [69] (testset)   loss: 0.0066 -> 0.0041  accuracy: 99.64% -> 100.00%     
client [59] (testset)   loss: 0.0158 -> 0.0299  accuracy: 100.00% -> 100.00%    
client [7]  (testset)   loss: 0.0201 -> 0.0084  accuracy: 100.00% -> 100.00%    
client [26] (testset)   loss: 0.0975 -> 0.0977  accuracy: 95.83% -> 91.67%      
client [49] (testset)   loss: 0.0067 -> 0.0012  accuracy: 99.55% -> 100.00%     
client [98] (testset)   loss: 0.1179 -> 0.0508  accuracy: 97.06% -> 97.06%      
---------------------------- TRAINING EPOCH: 80 ----------------------------    
client [98] (testset)   loss: 0.0176 -> 0.0159  accuracy: 100.00% -> 100.00%    
client [47] (testset)   loss: 0.0113 -> 0.0018  accuracy: 100.00% -> 100.00%    
client [21] (testset)   loss: 0.0155 -> 0.0064  accuracy: 100.00% -> 100.00%    
client [77] (testset)   loss: 0.0173 -> 0.0180  accuracy: 99.32% -> 99.32%      
client [95] (testset)   loss: 0.0029 -> 0.0017  accuracy: 100.00% -> 100.00%    
client [91] (testset)   loss: 0.0181 -> 0.0173  accuracy: 99.67% -> 99.67%      
client [14] (testset)   loss: 0.0134 -> 0.0229  accuracy: 99.31% -> 98.61%      
client [99] (testset)   loss: 0.0663 -> 0.0609  accuracy: 95.24% -> 95.24%      
client [20] (testset)   loss: 0.0767 -> 0.0619  accuracy: 96.83% -> 97.74%      
client [39] (testset)   loss: 0.0061 -> 0.0042  accuracy: 99.75% -> 100.00%     
---------------------------- TRAINING EPOCH: 90 ----------------------------    
client [52] (testset)   loss: 0.0000 -> 0.0000  accuracy: 100.00% -> 100.00%    
client [62] (testset)   loss: 0.0010 -> 0.0001  accuracy: 100.00% -> 100.00%    
client [71] (testset)   loss: 0.0028 -> 0.0027  accuracy: 100.00% -> 100.00%    
client [97] (testset)   loss: 0.0029 -> 0.0096  accuracy: 100.00% -> 99.67%     
client [30] (testset)   loss: 0.0240 -> 0.0601  accuracy: 97.50% -> 97.50%      
client [88] (testset)   loss: 0.1456 -> 0.0634  accuracy: 97.06% -> 98.53%      
client [60] (testset)   loss: 0.0574 -> 0.0170  accuracy: 99.00% -> 99.00%      
client [82] (testset)   loss: 0.0895 -> 0.0409  accuracy: 97.18% -> 98.59%      
client [91] (testset)   loss: 0.0183 -> 0.0181  accuracy: 99.83% -> 99.50%      
client [57] (testset)   loss: 0.0059 -> 0.0048  accuracy: 99.52% -> 99.52%      
---------------------------- TRAINING EPOCH: 100 ----------------------------   
client [31] (testset)   loss: 0.0389 -> 0.0078  accuracy: 100.00% -> 100.00%    
client [15] (testset)   loss: 0.0731 -> 0.0675  accuracy: 99.08% -> 99.08%      
client [71] (testset)   loss: 0.0013 -> 0.0032  accuracy: 100.00% -> 100.00%    
client [97] (testset)   loss: 0.0047 -> 0.0068  accuracy: 99.67% -> 99.67%      
client [53] (testset)   loss: 0.0481 -> 0.0661  accuracy: 96.00% -> 96.00%      
client [77] (testset)   loss: 0.0334 -> 0.0218  accuracy: 97.95% -> 99.32%      
client [76] (testset)   loss: 0.0468 -> 0.0665  accuracy: 98.70% -> 98.70%      
client [79] (testset)   loss: 0.0077 -> 0.0015  accuracy: 100.00% -> 100.00%    
client [28] (testset)   loss: 0.0001 -> 0.0000  accuracy: 100.00% -> 100.00%    
client [99] (testset)   loss: 0.0990 -> 0.0563  accuracy: 95.24% -> 95.24%      
---------------------------- TRAINING EPOCH: 110 ----------------------------   
client [97] (testset)   loss: 0.0163 -> 0.0073  accuracy: 99.33% -> 99.67%      
client [86] (testset)   loss: 0.0063 -> 0.0024  accuracy: 100.00% -> 100.00%    
client [34] (testset)   loss: 0.2028 -> 0.1839  accuracy: 94.44% -> 94.44%      
client [73] (testset)   loss: 0.0046 -> 0.0108  accuracy: 100.00% -> 100.00%    
client [5]  (testset)   loss: 0.0122 -> 0.0325  accuracy: 98.62% -> 98.62%      
client [96] (testset)   loss: 0.0045 -> 0.0027  accuracy: 100.00% -> 100.00%    
client [22] (testset)   loss: 0.0006 -> 0.0001  accuracy: 100.00% -> 100.00%    
client [60] (testset)   loss: 0.0327 -> 0.0161  accuracy: 98.00% -> 99.00%      
client [66] (testset)   loss: 0.0328 -> 0.0176  accuracy: 99.12% -> 99.12%      
client [83] (testset)   loss: 0.1106 -> 0.0989  accuracy: 96.80% -> 97.51%      
---------------------------- TRAINING EPOCH: 120 ----------------------------   
client [76] (testset)   loss: 0.0107 -> 0.0401  accuracy: 98.70% -> 98.70%      
client [65] (testset)   loss: 0.0414 -> 0.0264  accuracy: 98.74% -> 99.16%      
client [95] (testset)   loss: 0.0016 -> 0.0017  accuracy: 100.00% -> 100.00%    
client [17] (testset)   loss: 0.0047 -> 0.0076  accuracy: 100.00% -> 99.61%     
client [8]  (testset)   loss: 0.0605 -> 0.0467  accuracy: 97.62% -> 97.62%      
client [35] (testset)   loss: 0.0075 -> 0.0010  accuracy: 100.00% -> 100.00%    
client [98] (testset)   loss: 0.0185 -> 0.0091  accuracy: 100.00% -> 100.00%    
client [53] (testset)   loss: 0.0917 -> 0.0629  accuracy: 96.00% -> 96.00%      
client [43] (testset)   loss: 0.0930 -> 0.0518  accuracy: 97.33% -> 99.47%      
client [64] (testset)   loss: 0.0121 -> 0.0138  accuracy: 99.72% -> 99.72%      
---------------------------- TRAINING EPOCH: 130 ----------------------------   
client [21] (testset)   loss: 0.0068 -> 0.0060  accuracy: 100.00% -> 100.00%    
client [88] (testset)   loss: 0.0692 -> 0.0448  accuracy: 98.53% -> 98.53%      
client [38] (testset)   loss: 0.1032 -> 0.1031  accuracy: 98.25% -> 98.25%      
client [3]  (testset)   loss: 0.0135 -> 0.0119  accuracy: 99.79% -> 99.79%      
client [5]  (testset)   loss: 0.0279 -> 0.0355  accuracy: 98.62% -> 98.62%      
client [41] (testset)   loss: 0.0007 -> 0.0012  accuracy: 100.00% -> 100.00%    
client [7]  (testset)   loss: 0.0002 -> 0.0001  accuracy: 100.00% -> 100.00%    
client [37] (testset)   loss: 0.1302 -> 0.1329  accuracy: 96.97% -> 96.97%      
client [45] (testset)   loss: 0.0149 -> 0.0227  accuracy: 99.69% -> 99.69%      
client [47] (testset)   loss: 0.0005 -> 0.0002  accuracy: 100.00% -> 100.00%    
---------------------------- TRAINING EPOCH: 140 ----------------------------   
client [16] (testset)   loss: 0.0026 -> 0.0009  accuracy: 100.00% -> 100.00%    
client [11] (testset)   loss: 0.0000 -> 0.0000  accuracy: 100.00% -> 100.00%    
client [37] (testset)   loss: 0.1688 -> 0.1577  accuracy: 96.97% -> 96.97%      
client [41] (testset)   loss: 0.0011 -> 0.0009  accuracy: 100.00% -> 100.00%    
client [95] (testset)   loss: 0.0057 -> 0.0040  accuracy: 99.64% -> 99.64%      
client [53] (testset)   loss: 0.0694 -> 0.0866  accuracy: 96.00% -> 96.00%      
client [22] (testset)   loss: 0.0003 -> 0.0002  accuracy: 100.00% -> 100.00%    
client [25] (testset)   loss: 0.0002 -> 0.0001  accuracy: 100.00% -> 100.00%    
client [69] (testset)   loss: 0.0032 -> 0.0019  accuracy: 99.82% -> 100.00%     
client [46] (testset)   loss: 0.0277 -> 0.0286  accuracy: 99.55% -> 99.55%      
---------------------------- TRAINING EPOCH: 150 ----------------------------   
client [47] (testset)   loss: 0.0006 -> 0.0003  accuracy: 100.00% -> 100.00%    
client [69] (testset)   loss: 0.0064 -> 0.0031  accuracy: 99.82% -> 99.82%      
client [82] (testset)   loss: 0.0240 -> 0.0136  accuracy: 98.59% -> 98.59%      
client [45] (testset)   loss: 0.0199 -> 0.0192  accuracy: 99.39% -> 99.69%      
client [7]  (testset)   loss: 0.0020 -> 0.0014  accuracy: 100.00% -> 100.00%    
client [50] (testset)   loss: 0.0257 -> 0.0137  accuracy: 97.95% -> 99.49%      
client [35] (testset)   loss: 0.0094 -> 0.0023  accuracy: 99.02% -> 100.00%     
client [24] (testset)   loss: 0.0696 -> 0.0844  accuracy: 95.95% -> 97.30%      
client [15] (testset)   loss: 0.0798 -> 0.0776  accuracy: 99.08% -> 99.08%      
client [58] (testset)   loss: 0.0597 -> 0.0575  accuracy: 97.87% -> 98.58%      
---------------------------- TRAINING EPOCH: 160 ----------------------------   
client [48] (testset)   loss: 0.0000 -> 0.0000  accuracy: 100.00% -> 100.00%    
client [76] (testset)   loss: 0.0315 -> 0.0431  accuracy: 98.70% -> 98.70%      
client [67] (testset)   loss: 0.0000 -> 0.0000  accuracy: 100.00% -> 100.00%    
client [37] (testset)   loss: 0.1523 -> 0.1577  accuracy: 97.40% -> 96.97%      
client [58] (testset)   loss: 0.0621 -> 0.0554  accuracy: 98.58% -> 98.58%      
client [64] (testset)   loss: 0.0107 -> 0.0124  accuracy: 99.72% -> 99.72%      
client [77] (testset)   loss: 0.0426 -> 0.0387  accuracy: 98.63% -> 98.63%      
client [55] (testset)   loss: 0.0098 -> 0.0097  accuracy: 99.74% -> 99.74%      
client [12] (testset)   loss: 0.0192 -> 0.0141  accuracy: 99.50% -> 99.50%      
client [89] (testset)   loss: 0.0005 -> 0.0006  accuracy: 100.00% -> 100.00%    
---------------------------- TRAINING EPOCH: 170 ----------------------------   
client [84] (testset)   loss: 0.0000 -> 0.0000  accuracy: 100.00% -> 100.00%    
client [51] (testset)   loss: 0.0003 -> 0.0003  accuracy: 100.00% -> 100.00%    
client [8]  (testset)   loss: 0.0739 -> 0.0589  accuracy: 97.62% -> 97.62%      
client [18] (testset)   loss: 0.0132 -> 0.0143  accuracy: 99.66% -> 99.66%      
client [94] (testset)   loss: 0.0000 -> 0.0000  accuracy: 100.00% -> 100.00%    
client [81] (testset)   loss: 0.0016 -> 0.0048  accuracy: 100.00% -> 99.38%     
client [3]  (testset)   loss: 0.0097 -> 0.0064  accuracy: 99.79% -> 99.79%      
client [11] (testset)   loss: 0.0000 -> 0.0000  accuracy: 100.00% -> 100.00%    
client [95] (testset)   loss: 0.0037 -> 0.0035  accuracy: 99.64% -> 99.64%      
client [67] (testset)   loss: 0.0000 -> 0.0000  accuracy: 100.00% -> 100.00%    
---------------------------- TRAINING EPOCH: 180 ----------------------------   
client [21] (testset)   loss: 0.0018 -> 0.0009  accuracy: 100.00% -> 100.00%    
client [79] (testset)   loss: 0.0003 -> 0.0002  accuracy: 100.00% -> 100.00%    
client [58] (testset)   loss: 0.0632 -> 0.0615  accuracy: 97.87% -> 97.87%      
client [88] (testset)   loss: 0.0628 -> 0.0556  accuracy: 98.53% -> 98.53%      
client [46] (testset)   loss: 0.0313 -> 0.0282  accuracy: 99.55% -> 99.55%      
client [11] (testset)   loss: 0.0000 -> 0.0000  accuracy: 100.00% -> 100.00%    
client [55] (testset)   loss: 0.0207 -> 0.0155  accuracy: 99.49% -> 99.49%      
client [13] (testset)   loss: 0.0040 -> 0.0055  accuracy: 100.00% -> 100.00%    
client [31] (testset)   loss: 0.0012 -> 0.0010  accuracy: 100.00% -> 100.00%    
client [75] (testset)   loss: 0.0137 -> 0.0366  accuracy: 99.38% -> 99.38%      
---------------------------- TRAINING EPOCH: 190 ----------------------------   
client [19] (testset)   loss: 0.0781 -> 0.0647  accuracy: 96.30% -> 96.30%      
client [7]  (testset)   loss: 0.0002 -> 0.0002  accuracy: 100.00% -> 100.00%    
client [57] (testset)   loss: 0.0034 -> 0.0033  accuracy: 99.52% -> 100.00%     
client [13] (testset)   loss: 0.0030 -> 0.0029  accuracy: 100.00% -> 100.00%    
client [43] (testset)   loss: 0.0701 -> 0.0632  accuracy: 97.86% -> 98.93%      
client [91] (testset)   loss: 0.0240 -> 0.0235  accuracy: 99.67% -> 99.67%      
client [10] (testset)   loss: 0.0002 -> 0.0002  accuracy: 100.00% -> 100.00%    
client [64] (testset)   loss: 0.0235 -> 0.0177  accuracy: 99.44% -> 99.72%      
client [82] (testset)   loss: 0.0021 -> 0.0022  accuracy: 100.00% -> 100.00%    
client [22] (testset)   loss: 0.0000 -> 0.0000  accuracy: 100.00% -> 100.00%    
---------------------------- TRAINING EPOCH: 200 ----------------------------   
client [20] (testset)   loss: 0.0746 -> 0.0591  accuracy: 97.29% -> 97.29%      
client [23] (testset)   loss: 0.0004 -> 0.0005  accuracy: 100.00% -> 100.00%    
client [88] (testset)   loss: 0.1497 -> 0.0485  accuracy: 98.53% -> 98.53%      
client [98] (testset)   loss: 0.0053 -> 0.0031  accuracy: 100.00% -> 100.00%    
client [79] (testset)   loss: 0.0018 -> 0.0008  accuracy: 100.00% -> 100.00%    
client [21] (testset)   loss: 0.0036 -> 0.0017  accuracy: 100.00% -> 100.00%    
client [92] (testset)   loss: 0.0000 -> 0.0000  accuracy: 100.00% -> 100.00%    
client [56] (testset)   loss: 0.0036 -> 0.0006  accuracy: 100.00% -> 100.00%    
client [5]  (testset)   loss: 0.0081 -> 0.0250  accuracy: 99.31% -> 98.62%      
client [52] (testset)   loss: 0.0000 -> 0.0000  accuracy: 100.00% -> 100.00%    
---------------------------- TRAINING EPOCH: 210 ----------------------------   
client [67] (testset)   loss: 0.0000 -> 0.0000  accuracy: 100.00% -> 100.00%    
client [54] (testset)   loss: 0.0067 -> 0.0078  accuracy: 100.00% -> 100.00%    
client [14] (testset)   loss: 0.0247 -> 0.0380  accuracy: 98.61% -> 98.61%      
client [99] (testset)   loss: 0.0120 -> 0.0188  accuracy: 100.00% -> 100.00%    
client [36] (testset)   loss: 0.0473 -> 0.0459  accuracy: 98.48% -> 98.98%      
client [30] (testset)   loss: 0.0162 -> 0.0215  accuracy: 100.00% -> 97.50%     
client [38] (testset)   loss: 0.1241 -> 0.1220  accuracy: 98.25% -> 98.25%      
client [15] (testset)   loss: 0.0650 -> 0.0645  accuracy: 99.08% -> 99.08%      
client [6]  (testset)   loss: 0.0154 -> 0.0164  accuracy: 99.22% -> 99.22%      
client [53] (testset)   loss: 0.0704 -> 0.0791  accuracy: 96.00% -> 96.00%      
---------------------------- TRAINING EPOCH: 220 ----------------------------   
client [99] (testset)   loss: 0.0913 -> 0.0773  accuracy: 95.24% -> 95.24%      
client [6]  (testset)   loss: 0.0130 -> 0.0154  accuracy: 99.22% -> 99.22%      
client [83] (testset)   loss: 0.1209 -> 0.1234  accuracy: 96.80% -> 97.51%      
client [42] (testset)   loss: 0.1343 -> 0.1348  accuracy: 98.91% -> 98.36%      
client [34] (testset)   loss: 0.2675 -> 0.2681  accuracy: 94.44% -> 94.44%      
client [15] (testset)   loss: 0.0880 -> 0.0866  accuracy: 99.08% -> 99.08%      
client [47] (testset)   loss: 0.0001 -> 0.0001  accuracy: 100.00% -> 100.00%    
client [55] (testset)   loss: 0.0137 -> 0.0130  accuracy: 99.49% -> 99.49%      
client [51] (testset)   loss: 0.0000 -> 0.0000  accuracy: 100.00% -> 100.00%    
client [95] (testset)   loss: 0.0030 -> 0.0027  accuracy: 99.64% -> 99.64%      
---------------------------- TRAINING EPOCH: 230 ----------------------------   
client [71] (testset)   loss: 0.0003 -> 0.0004  accuracy: 100.00% -> 100.00%    
client [15] (testset)   loss: 0.0991 -> 0.0915  accuracy: 99.08% -> 99.08%      
client [33] (testset)   loss: 0.0682 -> 0.0708  accuracy: 99.51% -> 99.67%      
client [99] (testset)   loss: 0.0258 -> 0.0338  accuracy: 100.00% -> 95.24%     
client [90] (testset)   loss: 0.0375 -> 0.0343  accuracy: 99.27% -> 99.27%      
client [57] (testset)   loss: 0.0009 -> 0.0013  accuracy: 100.00% -> 100.00%    
client [27] (testset)   loss: 0.0025 -> 0.0026  accuracy: 100.00% -> 100.00%    
client [78] (testset)   loss: 0.0566 -> 0.0540  accuracy: 99.36% -> 99.36%      
client [36] (testset)   loss: 0.0548 -> 0.0560  accuracy: 98.48% -> 98.48%      
client [88] (testset)   loss: 0.0824 -> 0.0730  accuracy: 98.53% -> 98.53%      
---------------------------- TRAINING EPOCH: 240 ----------------------------   
client [70] (testset)   loss: 0.0197 -> 0.0206  accuracy: 99.45% -> 99.45%      
client [35] (testset)   loss: 0.0015 -> 0.0013  accuracy: 100.00% -> 100.00%    
client [16] (testset)   loss: 0.0002 -> 0.0002  accuracy: 100.00% -> 100.00%    
client [80] (testset)   loss: 0.0000 -> 0.0000  accuracy: 100.00% -> 100.00%    
client [38] (testset)   loss: 0.1128 -> 0.1114  accuracy: 98.25% -> 98.25%      
client [78] (testset)   loss: 0.0442 -> 0.0434  accuracy: 99.36% -> 99.36%      
client [68] (testset)   loss: 0.0061 -> 0.0099  accuracy: 100.00% -> 100.00%    
client [11] (testset)   loss: 0.0000 -> 0.0000  accuracy: 100.00% -> 100.00%    
client [64] (testset)   loss: 0.0111 -> 0.0120  accuracy: 99.72% -> 99.72%      
client [82] (testset)   loss: 0.0027 -> 0.0027  accuracy: 100.00% -> 100.00%    
---------------------------- TRAINING EPOCH: 250 ----------------------------   
client [30] (testset)   loss: 0.0189 -> 0.0189  accuracy: 97.50% -> 97.50%      
client [27] (testset)   loss: 0.0024 -> 0.0026  accuracy: 100.00% -> 100.00%    
client [74] (testset)   loss: 0.1482 -> 0.1600  accuracy: 98.46% -> 98.46%      
client [45] (testset)   loss: 0.0115 -> 0.0219  accuracy: 99.69% -> 99.69%      
client [6]  (testset)   loss: 0.0174 -> 0.0171  accuracy: 99.22% -> 99.22%      
client [36] (testset)   loss: 0.0605 -> 0.0615  accuracy: 98.48% -> 98.48%      
client [63] (testset)   loss: 0.0147 -> 0.0091  accuracy: 99.27% -> 99.27%      
client [76] (testset)   loss: 0.0263 -> 0.0404  accuracy: 98.70% -> 98.70%      
client [83] (testset)   loss: 0.1338 -> 0.1434  accuracy: 98.22% -> 97.86%      
client [86] (testset)   loss: 0.0005 -> 0.0004  accuracy: 100.00% -> 100.00%    
---------------------------- TRAINING EPOCH: 260 ----------------------------   
client [83] (testset)   loss: 0.1392 -> 0.1385  accuracy: 97.51% -> 97.86%      
client [99] (testset)   loss: 0.0394 -> 0.0454  accuracy: 95.24% -> 95.24%      
client [74] (testset)   loss: 0.1568 -> 0.1636  accuracy: 98.77% -> 98.46%      
client [73] (testset)   loss: 0.0044 -> 0.0069  accuracy: 100.00% -> 100.00%    
client [29] (testset)   loss: 0.0676 -> 0.0603  accuracy: 99.26% -> 99.63%      
client [92] (testset)   loss: 0.0000 -> 0.0000  accuracy: 100.00% -> 100.00%    
client [6]  (testset)   loss: 0.0167 -> 0.0177  accuracy: 99.48% -> 99.22%      
client [61] (testset)   loss: 0.0001 -> 0.0000  accuracy: 100.00% -> 100.00%    
client [21] (testset)   loss: 0.0006 -> 0.0005  accuracy: 100.00% -> 100.00%    
client [67] (testset)   loss: 0.0000 -> 0.0000  accuracy: 100.00% -> 100.00%    
---------------------------- TRAINING EPOCH: 270 ----------------------------   
client [83] (testset)   loss: 0.1757 -> 0.1443  accuracy: 96.80% -> 97.51%      
client [32] (testset)   loss: 0.1055 -> 0.1059  accuracy: 98.41% -> 98.41%      
client [95] (testset)   loss: 0.0015 -> 0.0018  accuracy: 100.00% -> 100.00%    
client [61] (testset)   loss: 0.0000 -> 0.0000  accuracy: 100.00% -> 100.00%    
client [27] (testset)   loss: 0.0035 -> 0.0036  accuracy: 100.00% -> 100.00%    
client [25] (testset)   loss: 0.0000 -> 0.0000  accuracy: 100.00% -> 100.00%    
client [68] (testset)   loss: 0.0193 -> 0.0182  accuracy: 98.31% -> 98.31%      
client [34] (testset)   loss: 0.3194 -> 0.3199  accuracy: 94.44% -> 94.44%      
client [71] (testset)   loss: 0.0006 -> 0.0005  accuracy: 100.00% -> 100.00%    
client [89] (testset)   loss: 0.0000 -> 0.0000  accuracy: 100.00% -> 100.00%    
---------------------------- TRAINING EPOCH: 280 ----------------------------   
client [78] (testset)   loss: 0.0599 -> 0.0583  accuracy: 99.36% -> 99.36%      
client [81] (testset)   loss: 0.0208 -> 0.0195  accuracy: 99.38% -> 99.38%      
client [51] (testset)   loss: 0.0000 -> 0.0000  accuracy: 100.00% -> 100.00%    
client [54] (testset)   loss: 0.0070 -> 0.0075  accuracy: 100.00% -> 100.00%    
client [65] (testset)   loss: 0.0145 -> 0.0133  accuracy: 99.16% -> 99.16%      
client [41] (testset)   loss: 0.0002 -> 0.0003  accuracy: 100.00% -> 100.00%    
client [11] (testset)   loss: 0.0000 -> 0.0000  accuracy: 100.00% -> 100.00%    
client [85] (testset)   loss: 0.0281 -> 0.0298  accuracy: 98.96% -> 99.48%      
client [12] (testset)   loss: 0.0134 -> 0.0134  accuracy: 99.50% -> 99.50%      
client [23] (testset)   loss: 0.0000 -> 0.0000  accuracy: 100.00% -> 100.00%    
---------------------------- TRAINING EPOCH: 290 ----------------------------   
client [16] (testset)   loss: 0.0000 -> 0.0000  accuracy: 100.00% -> 100.00%    
client [65] (testset)   loss: 0.0137 -> 0.0133  accuracy: 99.16% -> 99.16%      
client [53] (testset)   loss: 0.0556 -> 0.0568  accuracy: 96.00% -> 96.00%      
client [58] (testset)   loss: 0.0575 -> 0.0572  accuracy: 99.29% -> 99.29%      
client [72] (testset)   loss: 0.0001 -> 0.0001  accuracy: 100.00% -> 100.00%    
client [7]  (testset)   loss: 0.0003 -> 0.0003  accuracy: 100.00% -> 100.00%    
client [71] (testset)   loss: 0.0003 -> 0.0004  accuracy: 100.00% -> 100.00%    
client [59] (testset)   loss: 0.0000 -> 0.0000  accuracy: 100.00% -> 100.00%    
client [86] (testset)   loss: 0.0004 -> 0.0005  accuracy: 100.00% -> 100.00%    
client [39] (testset)   loss: 0.0007 -> 0.0007  accuracy: 100.00% -> 100.00%    
---------------------------- TRAINING EPOCH: 300 ----------------------------   
client [99] (testset)   loss: 0.0251 -> 0.0265  accuracy: 100.00% -> 100.00%    
client [7]  (testset)   loss: 0.0001 -> 0.0001  accuracy: 100.00% -> 100.00%    
client [17] (testset)   loss: 0.0055 -> 0.0036  accuracy: 99.61% -> 100.00%     
client [64] (testset)   loss: 0.0124 -> 0.0148  accuracy: 99.72% -> 99.72%      
client [37] (testset)   loss: 0.1527 -> 0.1583  accuracy: 97.40% -> 97.40%      
client [29] (testset)   loss: 0.0717 -> 0.0685  accuracy: 99.26% -> 99.26%      
client [93] (testset)   loss: 0.0001 -> 0.0001  accuracy: 100.00% -> 100.00%    
client [73] (testset)   loss: 0.0006 -> 0.0015  accuracy: 100.00% -> 100.00%    
client [40] (testset)   loss: 0.0000 -> 0.0000  accuracy: 100.00% -> 100.00%    
client [76] (testset)   loss: 0.0435 -> 0.0465  accuracy: 98.70% -> 98.70%      
---------------------------- TRAINING EPOCH: 310 ----------------------------   
client [31] (testset)   loss: 0.0018 -> 0.0016  accuracy: 100.00% -> 100.00%    
client [89] (testset)   loss: 0.0000 -> 0.0000  accuracy: 100.00% -> 100.00%    
client [77] (testset)   loss: 0.0331 -> 0.0331  accuracy: 99.32% -> 99.32%      
client [90] (testset)   loss: 0.0372 -> 0.0400  accuracy: 98.91% -> 98.91%      
client [26] (testset)   loss: 0.1076 -> 0.1056  accuracy: 95.83% -> 95.83%      
client [50] (testset)   loss: 0.0183 -> 0.0110  accuracy: 98.97% -> 99.49%      
client [30] (testset)   loss: 0.0150 -> 0.0124  accuracy: 100.00% -> 100.00%    
client [70] (testset)   loss: 0.0227 -> 0.0238  accuracy: 99.45% -> 99.45%      
client [41] (testset)   loss: 0.0002 -> 0.0003  accuracy: 100.00% -> 100.00%    
client [99] (testset)   loss: 0.0215 -> 0.0235  accuracy: 100.00% -> 100.00%    
---------------------------- TRAINING EPOCH: 320 ----------------------------   
client [68] (testset)   loss: 0.0351 -> 0.0407  accuracy: 98.31% -> 98.31%      
client [70] (testset)   loss: 0.0256 -> 0.0230  accuracy: 99.27% -> 99.45%      
client [52] (testset)   loss: 0.0000 -> 0.0000  accuracy: 100.00% -> 100.00%    
client [1]  (testset)   loss: 0.0510 -> 0.0499  accuracy: 96.67% -> 96.67%      
client [2]  (testset)   loss: 0.0025 -> 0.0018  accuracy: 99.81% -> 99.81%      
client [67] (testset)   loss: 0.0000 -> 0.0000  accuracy: 100.00% -> 100.00%    
client [92] (testset)   loss: 0.0000 -> 0.0000  accuracy: 100.00% -> 100.00%    
client [35] (testset)   loss: 0.0009 -> 0.0008  accuracy: 100.00% -> 100.00%    
client [36] (testset)   loss: 0.0597 -> 0.0606  accuracy: 98.98% -> 98.98%      
client [64] (testset)   loss: 0.0132 -> 0.0153  accuracy: 99.72% -> 99.72%      
---------------------------- TRAINING EPOCH: 330 ----------------------------   
client [44] (testset)   loss: 0.0434 -> 0.0437  accuracy: 99.10% -> 99.10%      
client [6]  (testset)   loss: 0.0132 -> 0.0139  accuracy: 99.22% -> 99.22%      
client [12] (testset)   loss: 0.0143 -> 0.0139  accuracy: 99.50% -> 99.50%      
client [55] (testset)   loss: 0.0172 -> 0.0138  accuracy: 99.49% -> 99.74%      
client [29] (testset)   loss: 0.0715 -> 0.0705  accuracy: 99.26% -> 99.26%      
client [9]  (testset)   loss: 0.0317 -> 0.0332  accuracy: 99.02% -> 99.02%      
client [43] (testset)   loss: 0.0695 -> 0.0656  accuracy: 98.93% -> 98.93%      
client [77] (testset)   loss: 0.0330 -> 0.0332  accuracy: 99.32% -> 99.32%      
client [98] (testset)   loss: 0.0003 -> 0.0003  accuracy: 100.00% -> 100.00%    
client [78] (testset)   loss: 0.0839 -> 0.0778  accuracy: 99.36% -> 99.36%      
---------------------------- TRAINING EPOCH: 340 ----------------------------   
client [92] (testset)   loss: 0.0000 -> 0.0000  accuracy: 100.00% -> 100.00%    
client [80] (testset)   loss: 0.0000 -> 0.0000  accuracy: 100.00% -> 100.00%    
client [63] (testset)   loss: 0.0105 -> 0.0079  accuracy: 99.27% -> 99.27%      
client [76] (testset)   loss: 0.0515 -> 0.0436  accuracy: 98.70% -> 98.70%      
client [78] (testset)   loss: 0.0798 -> 0.0766  accuracy: 99.36% -> 99.36%      
client [25] (testset)   loss: 0.0000 -> 0.0000  accuracy: 100.00% -> 100.00%    
client [58] (testset)   loss: 0.0810 -> 0.0792  accuracy: 98.58% -> 98.58%      
client [13] (testset)   loss: 0.0025 -> 0.0020  accuracy: 100.00% -> 100.00%    
client [17] (testset)   loss: 0.0041 -> 0.0022  accuracy: 100.00% -> 100.00%    
client [38] (testset)   loss: 0.0627 -> 0.0664  accuracy: 98.25% -> 98.25%      
---------------------------- TRAINING EPOCH: 350 ----------------------------   
client [72] (testset)   loss: 0.0001 -> 0.0001  accuracy: 100.00% -> 100.00%    
client [82] (testset)   loss: 0.0037 -> 0.0030  accuracy: 100.00% -> 100.00%    
client [86] (testset)   loss: 0.0002 -> 0.0003  accuracy: 100.00% -> 100.00%    
client [51] (testset)   loss: 0.0000 -> 0.0000  accuracy: 100.00% -> 100.00%    
client [96] (testset)   loss: 0.0059 -> 0.0064  accuracy: 100.00% -> 100.00%    
client [42] (testset)   loss: 0.1671 -> 0.1649  accuracy: 98.36% -> 98.36%      
client [55] (testset)   loss: 0.0205 -> 0.0192  accuracy: 99.49% -> 99.49%      
client [13] (testset)   loss: 0.0017 -> 0.0017  accuracy: 100.00% -> 100.00%    
client [1]  (testset)   loss: 0.0614 -> 0.0606  accuracy: 96.67% -> 96.67%      
client [12] (testset)   loss: 0.0149 -> 0.0143  accuracy: 99.50% -> 99.50%      
---------------------------- TRAINING EPOCH: 360 ----------------------------   
client [68] (testset)   loss: 0.0264 -> 0.0342  accuracy: 98.31% -> 98.31%      
client [23] (testset)   loss: 0.0001 -> 0.0001  accuracy: 100.00% -> 100.00%    
client [46] (testset)   loss: 0.0339 -> 0.0329  accuracy: 99.55% -> 99.55%      
client [41] (testset)   loss: 0.0002 -> 0.0002  accuracy: 100.00% -> 100.00%    
client [25] (testset)   loss: 0.0000 -> 0.0000  accuracy: 100.00% -> 100.00%    
client [58] (testset)   loss: 0.0716 -> 0.0713  accuracy: 99.29% -> 99.29%      
client [14] (testset)   loss: 0.0507 -> 0.0506  accuracy: 98.61% -> 98.61%      
client [33] (testset)   loss: 0.0858 -> 0.0839  accuracy: 99.51% -> 99.67%      
client [85] (testset)   loss: 0.0358 -> 0.0355  accuracy: 99.48% -> 99.48%      
client [62] (testset)   loss: 0.0001 -> 0.0001  accuracy: 100.00% -> 100.00%    
---------------------------- TRAINING EPOCH: 370 ----------------------------   
client [98] (testset)   loss: 0.0003 -> 0.0003  accuracy: 100.00% -> 100.00%    
client [63] (testset)   loss: 0.0082 -> 0.0057  accuracy: 99.27% -> 99.27%      
client [70] (testset)   loss: 0.0251 -> 0.0244  accuracy: 99.27% -> 99.45%      
client [65] (testset)   loss: 0.0161 -> 0.0163  accuracy: 99.16% -> 99.16%      
client [14] (testset)   loss: 0.0428 -> 0.0516  accuracy: 98.61% -> 98.61%      
client [73] (testset)   loss: 0.0008 -> 0.0013  accuracy: 100.00% -> 100.00%    
client [34] (testset)   loss: 0.3117 -> 0.3118  accuracy: 94.44% -> 94.44%      
client [99] (testset)   loss: 0.0252 -> 0.0274  accuracy: 100.00% -> 100.00%    
client [69] (testset)   loss: 0.0016 -> 0.0013  accuracy: 99.82% -> 100.00%     
client [46] (testset)   loss: 0.0330 -> 0.0328  accuracy: 99.77% -> 99.55%      
---------------------------- TRAINING EPOCH: 380 ----------------------------   
client [99] (testset)   loss: 0.0143 -> 0.0167  accuracy: 100.00% -> 100.00%    
client [93] (testset)   loss: 0.0000 -> 0.0000  accuracy: 100.00% -> 100.00%    
client [11] (testset)   loss: 0.0000 -> 0.0000  accuracy: 100.00% -> 100.00%    
client [58] (testset)   loss: 0.0852 -> 0.0847  accuracy: 97.87% -> 97.87%      
client [81] (testset)   loss: 0.0200 -> 0.0185  accuracy: 99.38% -> 99.38%      
client [85] (testset)   loss: 0.0363 -> 0.0356  accuracy: 98.96% -> 98.96%      
client [89] (testset)   loss: 0.0001 -> 0.0001  accuracy: 100.00% -> 100.00%    
client [45] (testset)   loss: 0.0223 -> 0.0244  accuracy: 99.69% -> 99.69%      
client [8]  (testset)   loss: 0.0898 -> 0.0886  accuracy: 97.62% -> 97.62%      
client [68] (testset)   loss: 0.0047 -> 0.0076  accuracy: 100.00% -> 100.00%    
---------------------------- TRAINING EPOCH: 390 ----------------------------   
client [67] (testset)   loss: 0.0000 -> 0.0000  accuracy: 100.00% -> 100.00%    
client [72] (testset)   loss: 0.0001 -> 0.0001  accuracy: 100.00% -> 100.00%    
client [1]  (testset)   loss: 0.0745 -> 0.0734  accuracy: 96.67% -> 96.67%      
client [78] (testset)   loss: 0.0727 -> 0.0713  accuracy: 99.36% -> 99.36%      
client [83] (testset)   loss: 0.1666 -> 0.1639  accuracy: 97.51% -> 97.51%      
client [21] (testset)   loss: 0.0003 -> 0.0002  accuracy: 100.00% -> 100.00%    
client [56] (testset)   loss: 0.0008 -> 0.0006  accuracy: 100.00% -> 100.00%    
client [44] (testset)   loss: 0.0479 -> 0.0474  accuracy: 99.10% -> 99.10%      
client [92] (testset)   loss: 0.0000 -> 0.0000  accuracy: 100.00% -> 100.00%    
client [27] (testset)   loss: 0.0023 -> 0.0023  accuracy: 100.00% -> 100.00%    
---------------------------- TRAINING EPOCH: 400 ----------------------------   
client [10] (testset)   loss: 0.0000 -> 0.0000  accuracy: 100.00% -> 100.00%    
client [39] (testset)   loss: 0.0010 -> 0.0005  accuracy: 100.00% -> 100.00%    
client [65] (testset)   loss: 0.0151 -> 0.0142  accuracy: 99.16% -> 99.16%      
client [26] (testset)   loss: 0.1780 -> 0.1769  accuracy: 91.67% -> 91.67%      
client [19] (testset)   loss: 0.0507 -> 0.0404  accuracy: 96.30% -> 96.30%      
client [68] (testset)   loss: 0.0107 -> 0.0136  accuracy: 100.00% -> 98.31%     
client [41] (testset)   loss: 0.0002 -> 0.0002  accuracy: 100.00% -> 100.00%    
client [50] (testset)   loss: 0.0163 -> 0.0143  accuracy: 98.97% -> 98.97%      
client [75] (testset)   loss: 0.0316 -> 0.0339  accuracy: 99.38% -> 99.38%      
client [81] (testset)   loss: 0.0284 -> 0.0243  accuracy: 99.38% -> 99.38%      
Training... ━━━━━━━━━━━━━━━━━━━━━━━━━━━━━━━━━━━━━━━━ 100% 0:08:20
PSFL's average time taken by each global epoch: 0 min 1.24 sec.                 
PSFL's total running time: 0 h 8 m 20 s.                                        
==================== PSFL Experiment Results: ====================              
Display format: (before local fine-tuning) -> (after local fine-tuning)         
 So if finetune_epoch = 0, x.xx% -> 0.00% is normal.                            
 Centralized testing ONLY happens after model aggregation, so the stats between 
'->' are the same.                                                              
{                                                                               
    "100": {                                                                    
        "all_clients": {                                                        
            "test": {                                                           
                "loss": "0.0313 -> 0.0000",                                     
                "accuracy": "99.19% -> 0.00%"                                   
            }                                                                   
        }                                                                       
    },                                                                          
    "200": {                                                                    
        "all_clients": {                                                        
            "test": {                                                           
                "loss": "0.0297 -> 0.0000",                                     
                "accuracy": "99.32% -> 0.00%"                                   
            }                                                                   
        }                                                                       
    },                                                                          
    "300": {                                                                    
        "all_clients": {                                                        
            "test": {                                                           
                "loss": "0.0311 -> 0.0000",                                     
                "accuracy": "99.39% -> 0.00%"                                   
            }                                                                   
        }                                                                       
    },                                                                          
    "400": {                                                                    
        "all_clients": {                                                        
            "test": {                                                           
                "loss": "0.0335 -> 0.0000",                                     
                "accuracy": "99.40% -> 0.00%"                                   
            }                                                                   
        }                                                                       
    }                                                                           
}                                                                               
==================== PSFL Max Accuracy ====================                     
all_clients:                                                                    
(test) before fine-tuning: 99.40% at epoch 400                                  
(test) after fine-tuning: 0.00% at epoch 100                                    
