==================== SFL ====================                                  
Experiment Arguments:                                                          
{
    'method': 'sfl',
    'dataset': {
        'name': 'fmnist',
        'client_num': 100,
        'test_ratio': 0.25,
        'val_ratio': 0.0,
        'seed': 42,
        'split': 'sample',
        'IID_ratio': 0.0,
        'monitor_window_name_suffix': 'fmnist-100clients-0%IID-Dir(1.0)-seed42',
        'alpha': 1.0,
        'min_samples_per_client': 10
    },
    'model': {
        'name': 'avgcnn',
        'use_torchvision_pretrained_weights': True,
        'external_model_weights_path': None
    },
    'optimizer': {
        'lr': 0.01,
        'dampening': 0,
        'weight_decay': 0,
        'momentum': 0,
        'nesterov': False,
        'name': 'sgd'
    },
    'mode': 'sequential',
    'parallel': {
        'ray_cluster_addr': None,
        'num_cpus': None,
        'num_gpus': None,
        'num_workers': 2
    },
    'common': {
        'seed': 42,
        'join_ratio': 0.1,
        'global_epoch': 400,
        'local_epoch': 5,
        'batch_size': 32,
        'reset_optimizer_on_global_epoch': True,
        'straggler_ratio': 0,
        'straggler_min_local_epoch': 0,
        'buffers': 'global',
        'client_side_evaluation': True,
        'test': {
            'client': {
                'interval': 100,
                'finetune_epoch': 0,
                'train': False,
                'val': False,
                'test': True
            },
            'server': {
                'interval': -1,
                'train': False,
                'val': False,
                'test': False,
                'model_in_train_mode': False
            }
        },
        'verbose_gap': 10,
        'monitor': None,
        'use_cuda': True,
        'save_log': True,
        'save_model': False,
        'save_learning_curve_plot': False,
        'save_metrics': True,
        'delete_useless_run': True
    }
}
---------------------------- TRAINING EPOCH: 10 ----------------------------   
client [77] (testset)   loss: 0.5061 -> 0.3605  accuracy: 78.33% -> 85.00%     
client [81] (testset)   loss: 0.4102 -> 0.2514  accuracy: 85.46% -> 92.07%     
client [21] (testset)   loss: 0.5591 -> 0.2777  accuracy: 81.60% -> 92.02%     
client [68] (testset)   loss: 0.4597 -> 0.4677  accuracy: 84.72% -> 84.72%     
client [93] (testset)   loss: 0.3829 -> 0.3394  accuracy: 85.94% -> 86.72%     
client [31] (testset)   loss: 0.3846 -> 0.4835  accuracy: 85.61% -> 81.65%     
client [20] (testset)   loss: 0.6875 -> 0.3371  accuracy: 75.71% -> 87.86%     
client [59] (testset)   loss: 0.1956 -> 0.1543  accuracy: 92.67% -> 94.76%     
client [48] (testset)   loss: 0.4534 -> 0.2389  accuracy: 85.64% -> 91.58%     
client [34] (testset)   loss: 0.3866 -> 0.1914  accuracy: 83.77% -> 92.15%     
---------------------------- TRAINING EPOCH: 20 ----------------------------   
client [69] (testset)   loss: 0.3370 -> 0.2185  accuracy: 86.99% -> 91.78%     
client [99] (testset)   loss: 0.8313 -> 0.2027  accuracy: 70.55% -> 93.25%     
client [67] (testset)   loss: 0.3361 -> 0.1696  accuracy: 89.66% -> 94.25%     
client [0]  (testset)   loss: 0.3609 -> 0.3208  accuracy: 87.23% -> 91.91%     
client [76] (testset)   loss: 0.1902 -> 0.1551  accuracy: 89.39% -> 93.85%     
client [41] (testset)   loss: 0.3475 -> 0.4174  accuracy: 85.27% -> 85.27%     
client [62] (testset)   loss: 0.6446 -> 0.3966  accuracy: 80.71% -> 87.14%     
client [2]  (testset)   loss: 0.6899 -> 0.3022  accuracy: 80.09% -> 89.82%     
client [14] (testset)   loss: 0.1168 -> 0.0917  accuracy: 95.31% -> 96.71%     
client [46] (testset)   loss: 0.4335 -> 0.2395  accuracy: 86.57% -> 92.54%     
---------------------------- TRAINING EPOCH: 30 ----------------------------   
client [24] (testset)   loss: 0.2044 -> 0.2046  accuracy: 91.59% -> 92.92%     
client [68] (testset)   loss: 0.5383 -> 0.4634  accuracy: 81.94% -> 80.56%     
client [57] (testset)   loss: 0.2628 -> 0.1231  accuracy: 88.71% -> 95.97%     
client [17] (testset)   loss: 0.2047 -> 0.1032  accuracy: 94.39% -> 96.43%     
client [54] (testset)   loss: 0.2621 -> 0.0992  accuracy: 91.95% -> 95.40%     
client [23] (testset)   loss: 0.6079 -> 0.2557  accuracy: 79.87% -> 92.53%     
client [35] (testset)   loss: 0.2210 -> 0.1529  accuracy: 92.38% -> 94.37%     
client [59] (testset)   loss: 0.1741 -> 0.1162  accuracy: 93.19% -> 95.81%     
client [31] (testset)   loss: 0.7438 -> 0.9969  accuracy: 76.62% -> 72.66%     
client [9]  (testset)   loss: 0.7238 -> 0.3992  accuracy: 82.25% -> 89.35%     
---------------------------- TRAINING EPOCH: 40 ----------------------------   
client [64] (testset)   loss: 0.3748 -> 0.3077  accuracy: 89.22% -> 92.51%     
client [33] (testset)   loss: 0.1633 -> 0.1288  accuracy: 92.93% -> 93.43%     
client [16] (testset)   loss: 0.1353 -> 0.0918  accuracy: 95.24% -> 96.83%     
client [44] (testset)   loss: 0.6133 -> 0.2676  accuracy: 82.70% -> 91.89%     
client [8]  (testset)   loss: 0.4028 -> 0.2893  accuracy: 88.49% -> 92.09%     
client [31] (testset)   loss: 0.3587 -> 0.2943  accuracy: 88.13% -> 89.93%     
client [47] (testset)   loss: 0.2363 -> 0.1677  accuracy: 92.00% -> 93.60%     
client [36] (testset)   loss: 0.4775 -> 0.2144  accuracy: 83.69% -> 90.78%     
client [20] (testset)   loss: 0.7271 -> 0.3629  accuracy: 80.00% -> 88.57%     
client [56] (testset)   loss: 0.3551 -> 0.2063  accuracy: 91.47% -> 93.80%     
---------------------------- TRAINING EPOCH: 50 ----------------------------   
client [4]  (testset)   loss: 0.6460 -> 0.5128  accuracy: 82.84% -> 85.21%     
client [60] (testset)   loss: 0.3269 -> 0.1890  accuracy: 93.01% -> 95.20%     
client [28] (testset)   loss: 0.3612 -> 0.3034  accuracy: 89.11% -> 88.12%     
client [25] (testset)   loss: 0.2456 -> 0.1315  accuracy: 91.04% -> 94.27%     
client [58] (testset)   loss: 0.6912 -> 0.3303  accuracy: 81.30% -> 88.62%     
client [44] (testset)   loss: 0.3099 -> 0.2295  accuracy: 91.89% -> 92.97%     
client [39] (testset)   loss: 0.4411 -> 0.2634  accuracy: 86.85% -> 92.02%     
client [29] (testset)   loss: 0.5381 -> 0.3603  accuracy: 83.67% -> 87.76%     
client [3]  (testset)   loss: 0.4743 -> 0.3381  accuracy: 86.85% -> 90.84%     
client [84] (testset)   loss: 0.4975 -> 0.4148  accuracy: 84.87% -> 88.16%     
---------------------------- TRAINING EPOCH: 60 ----------------------------   
client [21] (testset)   loss: 0.3617 -> 0.2366  accuracy: 87.12% -> 93.25%     
client [84] (testset)   loss: 0.5136 -> 0.5032  accuracy: 88.82% -> 87.50%     
client [10] (testset)   loss: 0.4097 -> 0.1293  accuracy: 89.29% -> 95.41%     
client [36] (testset)   loss: 0.5738 -> 0.2495  accuracy: 83.69% -> 92.91%     
client [65] (testset)   loss: 0.3067 -> 0.2271  accuracy: 92.19% -> 95.31%     
client [81] (testset)   loss: 0.3430 -> 0.2343  accuracy: 92.07% -> 93.39%     
client [79] (testset)   loss: 0.5417 -> 0.3590  accuracy: 88.24% -> 91.40%     
client [42] (testset)   loss: 0.5206 -> 0.2107  accuracy: 82.22% -> 92.22%     
client [11] (testset)   loss: 0.4904 -> 0.1334  accuracy: 84.43% -> 95.90%     
client [96] (testset)   loss: 0.2705 -> 0.1787  accuracy: 92.05% -> 92.05%     
---------------------------- TRAINING EPOCH: 70 ----------------------------   
client [8]  (testset)   loss: 0.4702 -> 0.3477  accuracy: 87.77% -> 92.09%     
client [53] (testset)   loss: 0.3650 -> 0.2916  accuracy: 92.93% -> 92.93%     
client [52] (testset)   loss: 0.3499 -> 0.2701  accuracy: 90.40% -> 94.35%     
client [42] (testset)   loss: 0.3279 -> 0.1735  accuracy: 87.78% -> 93.33%     
client [69] (testset)   loss: 0.6999 -> 0.2097  accuracy: 82.88% -> 93.15%     
client [59] (testset)   loss: 0.4662 -> 0.1527  accuracy: 86.91% -> 96.86%     
client [7]  (testset)   loss: 0.8357 -> 0.3985  accuracy: 81.94% -> 87.74%     
client [26] (testset)   loss: 0.1894 -> 0.0795  accuracy: 94.69% -> 98.23%     
client [49] (testset)   loss: 0.4543 -> 0.3082  accuracy: 87.79% -> 88.37%     
client [98] (testset)   loss: 0.4007 -> 0.3361  accuracy: 87.91% -> 91.76%     
---------------------------- TRAINING EPOCH: 80 ----------------------------   
client [98] (testset)   loss: 0.5118 -> 0.3340  accuracy: 86.81% -> 92.86%     
client [47] (testset)   loss: 0.4011 -> 0.1864  accuracy: 89.60% -> 92.80%     
client [21] (testset)   loss: 0.4388 -> 0.2047  accuracy: 88.96% -> 93.87%     
client [77] (testset)   loss: 0.7194 -> 0.3460  accuracy: 85.00% -> 90.00%     
client [95] (testset)   loss: 0.2308 -> 0.1366  accuracy: 93.17% -> 95.03%     
client [91] (testset)   loss: 0.7707 -> 0.4564  accuracy: 80.12% -> 85.71%     
client [14] (testset)   loss: 0.1429 -> 0.0743  accuracy: 94.37% -> 97.18%     
client [99] (testset)   loss: 0.3103 -> 0.1985  accuracy: 90.18% -> 95.09%     
client [20] (testset)   loss: 0.5558 -> 0.4079  accuracy: 85.71% -> 88.57%     
client [39] (testset)   loss: 0.6971 -> 0.2705  accuracy: 84.98% -> 93.43%     
---------------------------- TRAINING EPOCH: 90 ----------------------------   
client [52] (testset)   loss: 0.3641 -> 0.2860  accuracy: 88.70% -> 93.22%     
client [62] (testset)   loss: 0.6508 -> 0.4241  accuracy: 85.71% -> 90.71%     
client [71] (testset)   loss: 0.2492 -> 0.2305  accuracy: 93.67% -> 94.94%     
client [97] (testset)   loss: 0.5943 -> 0.5522  accuracy: 87.80% -> 89.43%     
client [30] (testset)   loss: 0.3499 -> 0.1028  accuracy: 88.98% -> 94.92%     
client [88] (testset)   loss: 0.5908 -> 0.3934  accuracy: 82.29% -> 89.58%     
client [60] (testset)   loss: 0.4614 -> 0.2753  accuracy: 92.14% -> 96.07%     
client [82] (testset)   loss: 0.4479 -> 0.1530  accuracy: 90.48% -> 95.24%     
client [91] (testset)   loss: 0.5902 -> 0.4677  accuracy: 83.85% -> 88.20%     
client [57] (testset)   loss: 0.2500 -> 0.1238  accuracy: 91.13% -> 98.39%     
---------------------------- TRAINING EPOCH: 100 ----------------------------  
client [31] (testset)   loss: 0.6225 -> 0.3209  accuracy: 85.25% -> 91.37%     
client [15] (testset)   loss: 0.1891 -> 0.2028  accuracy: 95.12% -> 96.95%     
client [71] (testset)   loss: 0.2163 -> 0.2516  accuracy: 94.30% -> 95.57%     
client [97] (testset)   loss: 0.5382 -> 0.4727  accuracy: 88.62% -> 88.62%     
client [53] (testset)   loss: 0.3973 -> 0.2773  accuracy: 91.87% -> 95.05%     
client [77] (testset)   loss: 0.4474 -> 0.3021  accuracy: 83.33% -> 89.17%     
client [76] (testset)   loss: 0.2189 -> 0.1442  accuracy: 95.53% -> 96.09%     
client [79] (testset)   loss: 0.4345 -> 0.3896  accuracy: 88.24% -> 89.59%     
client [28] (testset)   loss: 0.5463 -> 0.3317  accuracy: 87.13% -> 92.08%     
client [99] (testset)   loss: 0.4835 -> 0.1538  accuracy: 87.73% -> 95.71%     
---------------------------- TRAINING EPOCH: 110 ----------------------------  
client [97] (testset)   loss: 0.5103 -> 0.4915  accuracy: 90.24% -> 91.87%     
client [86] (testset)   loss: 0.2192 -> 0.1660  accuracy: 95.26% -> 96.32%     
client [34] (testset)   loss: 0.2556 -> 0.1196  accuracy: 92.15% -> 95.81%     
client [73] (testset)   loss: 0.5508 -> 0.4739  accuracy: 89.93% -> 89.93%     
client [5]  (testset)   loss: 0.2939 -> 0.2166  accuracy: 90.83% -> 94.17%     
client [96] (testset)   loss: 0.3211 -> 0.2390  accuracy: 94.32% -> 93.75%     
client [22] (testset)   loss: 0.7542 -> 0.4933  accuracy: 86.96% -> 88.41%     
client [60] (testset)   loss: 0.4611 -> 0.3239  accuracy: 90.83% -> 95.63%     
client [66] (testset)   loss: 0.2295 -> 0.2337  accuracy: 95.69% -> 92.24%     
client [83] (testset)   loss: 0.5612 -> 0.4602  accuracy: 87.64% -> 89.51%     
---------------------------- TRAINING EPOCH: 120 ----------------------------  
client [76] (testset)   loss: 0.2710 -> 0.1688  accuracy: 93.85% -> 96.09%     
client [65] (testset)   loss: 0.2515 -> 0.1927  accuracy: 93.23% -> 93.75%     
client [95] (testset)   loss: 0.2804 -> 0.1878  accuracy: 95.03% -> 94.41%     
client [17] (testset)   loss: 0.0936 -> 0.0969  accuracy: 96.43% -> 96.94%     
client [8]  (testset)   loss: 0.5989 -> 0.3484  accuracy: 84.17% -> 92.81%     
client [35] (testset)   loss: 0.2114 -> 0.2278  accuracy: 95.03% -> 93.71%     
client [98] (testset)   loss: 0.5195 -> 0.3188  accuracy: 90.11% -> 93.41%     
client [53] (testset)   loss: 0.3659 -> 0.3072  accuracy: 90.11% -> 93.99%     
client [43] (testset)   loss: 0.0420 -> 0.0214  accuracy: 98.73% -> 98.73%     
client [64] (testset)   loss: 0.4560 -> 0.3628  accuracy: 90.12% -> 91.92%     
---------------------------- TRAINING EPOCH: 130 ----------------------------  
client [21] (testset)   loss: 0.5618 -> 0.2821  accuracy: 90.18% -> 92.64%     
client [88] (testset)   loss: 0.6487 -> 0.4755  accuracy: 86.98% -> 88.54%     
client [38] (testset)   loss: 0.5517 -> 0.4489  accuracy: 91.37% -> 90.65%     
client [3]  (testset)   loss: 0.5354 -> 0.3965  accuracy: 88.45% -> 93.63%     
client [5]  (testset)   loss: 0.3459 -> 0.2606  accuracy: 89.17% -> 93.33%     
client [41] (testset)   loss: 0.8900 -> 0.4484  accuracy: 84.50% -> 87.60%     
client [7]  (testset)   loss: 0.6054 -> 0.5216  accuracy: 86.45% -> 87.74%     
client [37] (testset)   loss: 0.3047 -> 0.1973  accuracy: 93.55% -> 95.48%     
client [45] (testset)   loss: 0.5547 -> 0.2449  accuracy: 87.16% -> 93.58%     
client [47] (testset)   loss: 0.6851 -> 0.2711  accuracy: 89.60% -> 91.20%     
---------------------------- TRAINING EPOCH: 140 ----------------------------  
client [16] (testset)   loss: 0.5134 -> 0.1527  accuracy: 92.06% -> 97.35%     
client [11] (testset)   loss: 0.2152 -> 0.1829  accuracy: 95.08% -> 93.44%     
client [37] (testset)   loss: 0.2182 -> 0.1917  accuracy: 96.13% -> 95.48%     
client [41] (testset)   loss: 0.5024 -> 0.4312  accuracy: 88.37% -> 87.60%     
client [95] (testset)   loss: 0.1330 -> 0.1331  accuracy: 95.03% -> 95.65%     
client [53] (testset)   loss: 0.4929 -> 0.3077  accuracy: 89.75% -> 93.29%     
client [22] (testset)   loss: 0.5296 -> 0.4516  accuracy: 91.30% -> 91.30%     
client [25] (testset)   loss: 0.2898 -> 0.1937  accuracy: 93.55% -> 94.62%     
client [69] (testset)   loss: 0.3985 -> 0.2779  accuracy: 91.10% -> 89.73%     
client [46] (testset)   loss: 0.5196 -> 0.3310  accuracy: 90.30% -> 93.28%     
---------------------------- TRAINING EPOCH: 150 ----------------------------  
client [47] (testset)   loss: 0.4382 -> 0.3015  accuracy: 90.40% -> 92.00%     
client [69] (testset)   loss: 0.3776 -> 0.2711  accuracy: 90.41% -> 93.84%     
client [82] (testset)   loss: 0.2161 -> 0.1256  accuracy: 95.24% -> 97.02%     
client [45] (testset)   loss: 0.4273 -> 0.2637  accuracy: 91.74% -> 93.58%     
client [7]  (testset)   loss: 0.7841 -> 0.4802  accuracy: 85.16% -> 90.32%     
client [50] (testset)   loss: 0.4961 -> 0.3357  accuracy: 87.87% -> 92.89%     
client [35] (testset)   loss: 0.3616 -> 0.2644  accuracy: 90.40% -> 92.72%     
client [24] (testset)   loss: 0.4067 -> 0.2262  accuracy: 94.25% -> 96.02%     
client [15] (testset)   loss: 0.4536 -> 0.2929  accuracy: 93.29% -> 97.56%     
client [58] (testset)   loss: 0.5957 -> 0.4946  accuracy: 87.80% -> 90.65%     
---------------------------- TRAINING EPOCH: 160 ----------------------------  
client [48] (testset)   loss: 0.6990 -> 0.2669  accuracy: 86.14% -> 94.06%     
client [76] (testset)   loss: 0.1929 -> 0.1578  accuracy: 97.21% -> 96.09%     
client [67] (testset)   loss: 0.2686 -> 0.1562  accuracy: 95.40% -> 96.55%     
client [37] (testset)   loss: 0.2964 -> 0.2164  accuracy: 94.84% -> 95.48%     
client [58] (testset)   loss: 0.5673 -> 0.4344  accuracy: 89.02% -> 87.80%     
client [64] (testset)   loss: 0.5117 -> 0.4073  accuracy: 91.62% -> 92.22%     
client [77] (testset)   loss: 0.4439 -> 0.3410  accuracy: 88.33% -> 89.17%     
client [55] (testset)   loss: 0.5321 -> 0.3968  accuracy: 87.90% -> 90.32%     
client [12] (testset)   loss: 0.6239 -> 0.6116  accuracy: 84.00% -> 86.00%     
client [89] (testset)   loss: 0.7706 -> 0.3695  accuracy: 87.59% -> 94.16%     
---------------------------- TRAINING EPOCH: 170 ----------------------------  
client [84] (testset)   loss: 1.1427 -> 0.7586  accuracy: 82.24% -> 89.47%     
client [51] (testset)   loss: 0.5325 -> 0.4746  accuracy: 88.57% -> 89.29%     
client [8]  (testset)   loss: 0.3800 -> 0.3107  accuracy: 92.09% -> 94.24%     
client [18] (testset)   loss: 0.3275 -> 0.3367  accuracy: 93.28% -> 93.28%     
client [94] (testset)   loss: 0.4730 -> 0.3308  accuracy: 90.53% -> 92.31%     
client [81] (testset)   loss: 0.5319 -> 0.3518  accuracy: 89.87% -> 92.51%     
client [3]  (testset)   loss: 0.5723 -> 0.4411  accuracy: 89.24% -> 92.43%     
client [11] (testset)   loss: 0.1658 -> 0.1325  accuracy: 95.08% -> 95.08%     
client [95] (testset)   loss: 0.2723 -> 0.1950  accuracy: 94.41% -> 94.41%     
client [67] (testset)   loss: 0.2054 -> 0.1421  accuracy: 95.40% -> 96.55%     
---------------------------- TRAINING EPOCH: 180 ----------------------------  
client [21] (testset)   loss: 0.5436 -> 0.3306  accuracy: 88.96% -> 92.64%     
client [79] (testset)   loss: 1.0991 -> 0.5119  accuracy: 82.35% -> 90.05%     
client [58] (testset)   loss: 0.7608 -> 0.4454  accuracy: 84.96% -> 89.84%     
client [88] (testset)   loss: 0.5146 -> 0.5062  accuracy: 90.10% -> 89.06%     
client [46] (testset)   loss: 0.3591 -> 0.3388  accuracy: 93.28% -> 94.78%     
client [11] (testset)   loss: 0.3804 -> 0.1646  accuracy: 91.80% -> 94.26%     
client [55] (testset)   loss: 0.5431 -> 0.4064  accuracy: 88.31% -> 90.73%     
client [13] (testset)   loss: 0.6366 -> 0.3523  accuracy: 87.89% -> 94.74%     
client [31] (testset)   loss: 0.7465 -> 0.3170  accuracy: 85.61% -> 91.37%     
client [75] (testset)   loss: 0.2629 -> 0.1404  accuracy: 92.31% -> 94.87%     
---------------------------- TRAINING EPOCH: 190 ----------------------------  
client [19] (testset)   loss: 0.2563 -> 0.2189  accuracy: 94.62% -> 94.62%     
client [7]  (testset)   loss: 0.6968 -> 0.5655  accuracy: 89.03% -> 87.74%     
client [57] (testset)   loss: 0.3054 -> 0.1748  accuracy: 90.32% -> 95.16%     
client [13] (testset)   loss: 0.4116 -> 0.3413  accuracy: 93.68% -> 95.79%     
client [43] (testset)   loss: 0.1339 -> 0.0755  accuracy: 97.47% -> 98.73%     
client [91] (testset)   loss: 0.8257 -> 0.5056  accuracy: 85.09% -> 86.96%     
client [10] (testset)   loss: 0.3252 -> 0.1355  accuracy: 91.33% -> 96.43%     
client [64] (testset)   loss: 0.4890 -> 0.4396  accuracy: 91.92% -> 92.51%     
client [82] (testset)   loss: 0.3241 -> 0.2306  accuracy: 92.86% -> 94.64%     
client [22] (testset)   loss: 0.6971 -> 0.5591  accuracy: 90.58% -> 89.86%     
---------------------------- TRAINING EPOCH: 200 ----------------------------  
client [20] (testset)   loss: 0.3319 -> 0.4009  accuracy: 92.14% -> 90.71%     
client [23] (testset)   loss: 0.9078 -> 0.3565  accuracy: 84.09% -> 95.13%     
client [88] (testset)   loss: 0.7074 -> 0.5350  accuracy: 88.02% -> 87.50%     
client [98] (testset)   loss: 0.7390 -> 0.3742  accuracy: 86.26% -> 92.31%     
client [79] (testset)   loss: 0.7194 -> 0.5287  accuracy: 86.88% -> 91.86%     
client [21] (testset)   loss: 0.8030 -> 0.2834  accuracy: 83.44% -> 92.64%     
client [92] (testset)   loss: 0.6951 -> 0.4157  accuracy: 88.29% -> 90.54%     
client [56] (testset)   loss: 0.3180 -> 0.3296  accuracy: 93.80% -> 92.25%     
client [5]  (testset)   loss: 0.3163 -> 0.2616  accuracy: 90.00% -> 94.17%     
client [52] (testset)   loss: 0.4679 -> 0.3849  accuracy: 91.53% -> 93.22%     
---------------------------- TRAINING EPOCH: 210 ----------------------------  
client [67] (testset)   loss: 0.2114 -> 0.1619  accuracy: 95.40% -> 95.98%     
client [54] (testset)   loss: 0.2470 -> 0.1835  accuracy: 94.83% -> 95.40%     
client [14] (testset)   loss: 0.1797 -> 0.1265  accuracy: 95.77% -> 97.18%     
client [99] (testset)   loss: 0.3509 -> 0.2830  accuracy: 93.25% -> 93.87%     
client [36] (testset)   loss: 0.6147 -> 0.4803  accuracy: 90.07% -> 92.91%     
client [30] (testset)   loss: 0.3863 -> 0.2203  accuracy: 90.68% -> 94.92%     
client [38] (testset)   loss: 0.8646 -> 0.5193  accuracy: 87.77% -> 91.37%     
client [15] (testset)   loss: 0.2296 -> 0.2690  accuracy: 97.56% -> 97.56%     
client [6]  (testset)   loss: 0.4847 -> 0.4029  accuracy: 92.61% -> 92.61%     
client [53] (testset)   loss: 0.3817 -> 0.3800  accuracy: 93.99% -> 94.35%     
---------------------------- TRAINING EPOCH: 220 ----------------------------  
client [99] (testset)   loss: 0.5325 -> 0.2869  accuracy: 89.57% -> 94.48%     
client [6]  (testset)   loss: 0.6807 -> 0.3988  accuracy: 89.20% -> 92.61%     
client [83] (testset)   loss: 0.7968 -> 0.6188  accuracy: 86.89% -> 89.51%     
client [42] (testset)   loss: 0.6461 -> 0.2094  accuracy: 88.89% -> 94.44%     
client [34] (testset)   loss: 0.3618 -> 0.0694  accuracy: 93.19% -> 97.38%     
client [15] (testset)   loss: 0.3245 -> 0.2835  accuracy: 96.34% -> 96.95%     
client [47] (testset)   loss: 0.8248 -> 0.5262  accuracy: 91.20% -> 92.00%     
client [55] (testset)   loss: 0.7298 -> 0.4177  accuracy: 87.10% -> 91.53%     
client [51] (testset)   loss: 0.5743 -> 0.5928  accuracy: 87.14% -> 87.86%     
client [95] (testset)   loss: 0.3610 -> 0.2484  accuracy: 93.17% -> 93.17%     
---------------------------- TRAINING EPOCH: 230 ----------------------------  
client [71] (testset)   loss: 0.2497 -> 0.2498  accuracy: 95.57% -> 95.57%     
client [15] (testset)   loss: 0.3146 -> 0.2746  accuracy: 96.34% -> 96.95%     
client [33] (testset)   loss: 0.4053 -> 0.2661  accuracy: 91.92% -> 93.94%     
client [99] (testset)   loss: 0.4678 -> 0.2174  accuracy: 90.18% -> 95.71%     
client [90] (testset)   loss: 0.3917 -> 0.2354  accuracy: 90.16% -> 93.99%     
client [57] (testset)   loss: 0.2450 -> 0.1271  accuracy: 93.55% -> 95.16%     
client [27] (testset)   loss: 0.7956 -> 0.5226  accuracy: 87.65% -> 91.98%     
client [78] (testset)   loss: 1.0386 -> 0.8554  accuracy: 84.05% -> 87.07%     
client [36] (testset)   loss: 0.4858 -> 0.5317  accuracy: 91.49% -> 90.78%     
client [88] (testset)   loss: 0.8294 -> 0.6546  accuracy: 85.42% -> 86.98%     
---------------------------- TRAINING EPOCH: 240 ----------------------------  
client [70] (testset)   loss: 0.5064 -> 0.2957  accuracy: 90.98% -> 94.90%     
client [35] (testset)   loss: 0.3663 -> 0.2898  accuracy: 92.38% -> 92.72%     
client [16] (testset)   loss: 0.2649 -> 0.1769  accuracy: 95.77% -> 96.30%     
client [80] (testset)   loss: 1.2719 -> 0.8766  accuracy: 85.93% -> 88.94%     
client [38] (testset)   loss: 0.6943 -> 0.5703  accuracy: 85.61% -> 88.49%     
client [78] (testset)   loss: 0.9216 -> 0.7970  accuracy: 84.91% -> 85.78%     
client [68] (testset)   loss: 0.5889 -> 0.5696  accuracy: 88.89% -> 87.50%     
client [11] (testset)   loss: 0.1826 -> 0.1396  accuracy: 96.72% -> 95.90%     
client [64] (testset)   loss: 0.4561 -> 0.4443  accuracy: 93.11% -> 92.22%     
client [82] (testset)   loss: 0.2684 -> 0.1783  accuracy: 93.45% -> 95.83%     
---------------------------- TRAINING EPOCH: 250 ----------------------------  
client [30] (testset)   loss: 0.4304 -> 0.2637  accuracy: 93.22% -> 93.22%     
client [27] (testset)   loss: 0.6799 -> 0.5354  accuracy: 90.12% -> 92.59%     
client [74] (testset)   loss: 0.6223 -> 0.5537  accuracy: 88.02% -> 90.42%     
client [45] (testset)   loss: 0.4945 -> 0.3540  accuracy: 90.83% -> 94.95%     
client [6]  (testset)   loss: 0.7166 -> 0.4763  accuracy: 89.77% -> 92.05%     
client [36] (testset)   loss: 0.6095 -> 0.6017  accuracy: 89.36% -> 91.49%     
client [63] (testset)   loss: 0.2022 -> 0.2052  accuracy: 94.17% -> 94.17%     
client [76] (testset)   loss: 0.2382 -> 0.1957  accuracy: 96.65% -> 95.53%     
client [83] (testset)   loss: 0.7901 -> 0.6546  accuracy: 87.27% -> 91.01%     
client [86] (testset)   loss: 0.3187 -> 0.2368  accuracy: 92.63% -> 94.74%     
---------------------------- TRAINING EPOCH: 260 ----------------------------  
client [83] (testset)   loss: 0.7526 -> 0.6364  accuracy: 89.51% -> 90.64%     
client [99] (testset)   loss: 0.6158 -> 0.2722  accuracy: 90.18% -> 95.71%     
client [74] (testset)   loss: 0.7111 -> 0.6008  accuracy: 87.43% -> 90.42%     
client [73] (testset)   loss: 0.8346 -> 0.5278  accuracy: 85.23% -> 92.62%     
client [29] (testset)   loss: 0.9329 -> 0.6155  accuracy: 85.71% -> 88.44%     
client [92] (testset)   loss: 0.4473 -> 0.4282  accuracy: 90.99% -> 90.99%     
client [6]  (testset)   loss: 0.5646 -> 0.4789  accuracy: 90.34% -> 92.61%     
client [61] (testset)   loss: 0.3601 -> 0.2487  accuracy: 89.91% -> 93.58%     
client [21] (testset)   loss: 0.3437 -> 0.2967  accuracy: 93.87% -> 93.87%     
client [67] (testset)   loss: 0.2435 -> 0.1792  accuracy: 95.40% -> 95.98%     
---------------------------- TRAINING EPOCH: 270 ----------------------------  
client [83] (testset)   loss: 0.7844 -> 0.6701  accuracy: 91.39% -> 91.01%     
client [32] (testset)   loss: 0.5022 -> 0.2562  accuracy: 87.29% -> 89.83%     
client [95] (testset)   loss: 0.4420 -> 0.2521  accuracy: 93.17% -> 94.41%     
client [61] (testset)   loss: 0.3118 -> 0.3022  accuracy: 94.50% -> 95.41%     
client [27] (testset)   loss: 0.7589 -> 0.6326  accuracy: 88.89% -> 91.36%     
client [25] (testset)   loss: 0.4656 -> 0.2261  accuracy: 92.11% -> 94.98%     
client [68] (testset)   loss: 1.0491 -> 0.6159  accuracy: 84.72% -> 83.33%     
client [34] (testset)   loss: 0.2397 -> 0.0980  accuracy: 94.24% -> 95.81%     
client [71] (testset)   loss: 0.3534 -> 0.3195  accuracy: 92.41% -> 94.94%     
client [89] (testset)   loss: 0.6350 -> 0.4234  accuracy: 89.05% -> 91.97%     
---------------------------- TRAINING EPOCH: 280 ----------------------------  
client [78] (testset)   loss: 1.1587 -> 0.9892  accuracy: 84.05% -> 84.91%     
client [81] (testset)   loss: 0.5692 -> 0.4309  accuracy: 89.87% -> 92.95%     
client [51] (testset)   loss: 0.6047 -> 0.6443  accuracy: 88.57% -> 89.29%     
client [54] (testset)   loss: 0.2633 -> 0.1679  accuracy: 94.25% -> 95.40%     
client [65] (testset)   loss: 0.2443 -> 0.2358  accuracy: 93.23% -> 93.23%     
client [41] (testset)   loss: 0.7772 -> 0.7099  accuracy: 87.60% -> 87.60%     
client [11] (testset)   loss: 0.2258 -> 0.1974  accuracy: 94.26% -> 93.44%     
client [85] (testset)   loss: 0.3420 -> 0.3407  accuracy: 89.47% -> 90.98%     
client [12] (testset)   loss: 0.9908 -> 0.6896  accuracy: 84.00% -> 89.00%     
client [23] (testset)   loss: 1.0233 -> 0.4364  accuracy: 84.74% -> 93.18%     
---------------------------- TRAINING EPOCH: 290 ----------------------------  
client [16] (testset)   loss: 0.2707 -> 0.1507  accuracy: 95.77% -> 96.83%     
client [65] (testset)   loss: 0.2749 -> 0.2462  accuracy: 94.27% -> 93.75%     
client [53] (testset)   loss: 0.5264 -> 0.4236  accuracy: 92.23% -> 94.70%     
client [58] (testset)   loss: 0.8388 -> 0.5869  accuracy: 87.40% -> 89.84%     
client [72] (testset)   loss: 0.8008 -> 0.5053  accuracy: 89.44% -> 93.17%     
client [7]  (testset)   loss: 0.8409 -> 0.5403  accuracy: 87.74% -> 89.03%     
client [71] (testset)   loss: 0.2984 -> 0.2952  accuracy: 94.94% -> 94.94%     
client [59] (testset)   loss: 0.4777 -> 0.2767  accuracy: 91.10% -> 94.76%     
client [86] (testset)   loss: 0.3602 -> 0.2435  accuracy: 94.74% -> 95.79%     
client [39] (testset)   loss: 0.7330 -> 0.3593  accuracy: 86.85% -> 92.49%     
---------------------------- TRAINING EPOCH: 300 ----------------------------  
client [99] (testset)   loss: 0.4447 -> 0.3111  accuracy: 92.64% -> 95.09%     
client [7]  (testset)   loss: 0.9249 -> 0.6845  accuracy: 87.10% -> 87.10%     
client [17] (testset)   loss: 0.2272 -> 0.1581  accuracy: 92.86% -> 96.43%     
client [64] (testset)   loss: 0.5736 -> 0.5134  accuracy: 91.62% -> 91.62%     
client [37] (testset)   loss: 0.2733 -> 0.2573  accuracy: 94.19% -> 95.48%     
client [29] (testset)   loss: 0.6945 -> 0.6186  accuracy: 87.76% -> 89.12%     
client [93] (testset)   loss: 0.7751 -> 0.6075  accuracy: 90.62% -> 89.84%     
client [73] (testset)   loss: 0.7786 -> 0.5709  accuracy: 87.25% -> 93.96%     
client [40] (testset)   loss: 1.1219 -> 0.3751  accuracy: 82.58% -> 91.67%     
client [76] (testset)   loss: 0.1945 -> 0.1706  accuracy: 97.21% -> 97.21%     
---------------------------- TRAINING EPOCH: 310 ----------------------------  
client [31] (testset)   loss: 0.5141 -> 0.3666  accuracy: 90.65% -> 91.37%     
client [89] (testset)   loss: 0.7626 -> 0.4046  accuracy: 89.78% -> 92.70%     
client [77] (testset)   loss: 0.4741 -> 0.4394  accuracy: 90.00% -> 90.00%     
client [90] (testset)   loss: 0.5562 -> 0.4132  accuracy: 89.62% -> 92.35%     
client [26] (testset)   loss: 0.3805 -> 0.2416  accuracy: 96.46% -> 96.46%     
client [50] (testset)   loss: 0.5525 -> 0.4612  accuracy: 93.72% -> 94.14%     
client [30] (testset)   loss: 0.3092 -> 0.2650  accuracy: 92.37% -> 93.22%     
client [70] (testset)   loss: 0.3948 -> 0.2874  accuracy: 92.16% -> 95.29%     
client [41] (testset)   loss: 0.7074 -> 0.6860  accuracy: 87.60% -> 88.37%     
client [99] (testset)   loss: 0.3389 -> 0.3030  accuracy: 93.87% -> 95.09%     
---------------------------- TRAINING EPOCH: 320 ----------------------------  
client [68] (testset)   loss: 0.5646 -> 0.5664  accuracy: 87.50% -> 84.72%     
client [70] (testset)   loss: 0.4102 -> 0.2820  accuracy: 91.76% -> 94.51%     
client [52] (testset)   loss: 0.7957 -> 0.5039  accuracy: 89.83% -> 92.09%     
client [1]  (testset)   loss: 0.2886 -> 0.3060  accuracy: 92.59% -> 93.83%     
client [2]  (testset)   loss: 0.5009 -> 0.4495  accuracy: 90.71% -> 90.71%     
client [67] (testset)   loss: 0.2743 -> 0.1940  accuracy: 95.40% -> 97.13%     
client [92] (testset)   loss: 0.6923 -> 0.5734  accuracy: 88.29% -> 89.64%     
client [35] (testset)   loss: 0.3400 -> 0.3000  accuracy: 92.38% -> 93.38%     
client [36] (testset)   loss: 0.6870 -> 0.6103  accuracy: 90.07% -> 92.91%     
client [64] (testset)   loss: 0.6804 -> 0.5570  accuracy: 91.62% -> 91.92%     
---------------------------- TRAINING EPOCH: 330 ----------------------------  
client [44] (testset)   loss: 0.6329 -> 0.4486  accuracy: 92.43% -> 93.51%     
client [6]  (testset)   loss: 0.4097 -> 0.4426  accuracy: 91.48% -> 92.05%     
client [12] (testset)   loss: 0.5704 -> 0.6756  accuracy: 89.00% -> 90.00%     
client [55] (testset)   loss: 0.5324 -> 0.4320  accuracy: 88.31% -> 89.92%     
client [29] (testset)   loss: 0.8896 -> 0.6599  accuracy: 85.71% -> 89.12%     
client [9]  (testset)   loss: 0.6097 -> 0.6200  accuracy: 91.72% -> 91.12%     
client [43] (testset)   loss: 0.0651 -> 0.0623  accuracy: 98.73% -> 98.73%     
client [77] (testset)   loss: 0.4445 -> 0.3639  accuracy: 90.00% -> 89.17%     
client [98] (testset)   loss: 0.5238 -> 0.5009  accuracy: 92.31% -> 93.41%     
client [78] (testset)   loss: 1.0389 -> 1.0448  accuracy: 84.05% -> 85.34%     
---------------------------- TRAINING EPOCH: 340 ----------------------------  
client [92] (testset)   loss: 0.5807 -> 0.4875  accuracy: 87.84% -> 90.99%     
client [80] (testset)   loss: 1.0619 -> 1.0160  accuracy: 87.44% -> 88.44%     
client [63] (testset)   loss: 0.4824 -> 0.3439  accuracy: 90.83% -> 93.33%     
client [76] (testset)   loss: 0.2012 -> 0.1543  accuracy: 96.09% -> 96.65%     
client [78] (testset)   loss: 1.0970 -> 0.9662  accuracy: 83.19% -> 85.34%     
client [25] (testset)   loss: 0.4393 -> 0.2671  accuracy: 92.83% -> 94.98%     
client [58] (testset)   loss: 0.8371 -> 0.5338  accuracy: 87.40% -> 90.65%     
client [13] (testset)   loss: 0.5514 -> 0.3867  accuracy: 90.53% -> 93.68%     
client [17] (testset)   loss: 0.1322 -> 0.1151  accuracy: 97.45% -> 97.45%     
client [38] (testset)   loss: 0.7474 -> 0.6810  accuracy: 88.49% -> 89.93%     
---------------------------- TRAINING EPOCH: 350 ----------------------------  
client [72] (testset)   loss: 0.9135 -> 0.5812  accuracy: 86.96% -> 93.17%     
client [82] (testset)   loss: 0.3433 -> 0.2903  accuracy: 94.64% -> 94.64%     
client [86] (testset)   loss: 0.2417 -> 0.2360  accuracy: 94.74% -> 95.79%     
client [51] (testset)   loss: 0.7103 -> 0.5688  accuracy: 87.14% -> 90.71%     
client [96] (testset)   loss: 0.4132 -> 0.2955  accuracy: 92.61% -> 93.18%     
client [42] (testset)   loss: 1.0755 -> 0.5025  accuracy: 87.78% -> 91.11%     
client [55] (testset)   loss: 0.8014 -> 0.4422  accuracy: 87.90% -> 90.73%     
client [13] (testset)   loss: 0.6872 -> 0.4645  accuracy: 90.53% -> 93.68%     
client [1]  (testset)   loss: 0.4401 -> 0.3161  accuracy: 92.59% -> 91.36%     
client [12] (testset)   loss: 0.6939 -> 0.7316  accuracy: 86.00% -> 87.00%     
---------------------------- TRAINING EPOCH: 360 ----------------------------  
client [68] (testset)   loss: 0.7067 -> 0.4756  accuracy: 88.89% -> 87.50%     
client [23] (testset)   loss: 0.9602 -> 0.4739  accuracy: 85.71% -> 93.51%     
client [46] (testset)   loss: 0.4165 -> 0.3720  accuracy: 94.03% -> 94.03%     
client [41] (testset)   loss: 0.7790 -> 0.7518  accuracy: 89.15% -> 89.15%     
client [25] (testset)   loss: 0.5160 -> 0.2673  accuracy: 92.83% -> 95.34%     
client [58] (testset)   loss: 0.8936 -> 0.5898  accuracy: 86.99% -> 89.84%     
client [14] (testset)   loss: 0.2159 -> 0.1044  accuracy: 95.77% -> 97.65%     
client [33] (testset)   loss: 0.3444 -> 0.2834  accuracy: 91.92% -> 94.44%     
client [85] (testset)   loss: 0.3375 -> 0.3029  accuracy: 91.73% -> 90.98%     
client [62] (testset)   loss: 0.6267 -> 0.6053  accuracy: 92.14% -> 94.29%     
---------------------------- TRAINING EPOCH: 370 ----------------------------  
client [98] (testset)   loss: 0.4869 -> 0.4874  accuracy: 93.96% -> 93.96%     
client [63] (testset)   loss: 0.5952 -> 0.3171  accuracy: 88.33% -> 92.50%     
client [70] (testset)   loss: 0.4012 -> 0.3539  accuracy: 93.73% -> 94.12%     
client [65] (testset)   loss: 0.2992 -> 0.2531  accuracy: 93.23% -> 94.79%     
client [14] (testset)   loss: 0.1527 -> 0.1184  accuracy: 95.77% -> 96.24%     
client [73] (testset)   loss: 0.7348 -> 0.5300  accuracy: 87.92% -> 91.28%     
client [34] (testset)   loss: 0.1387 -> 0.1145  accuracy: 96.34% -> 96.34%     
client [99] (testset)   loss: 0.3406 -> 0.3245  accuracy: 93.87% -> 94.48%     
client [69] (testset)   loss: 0.4499 -> 0.2855  accuracy: 91.10% -> 93.15%     
client [46] (testset)   loss: 0.5325 -> 0.4760  accuracy: 90.30% -> 94.78%     
---------------------------- TRAINING EPOCH: 380 ----------------------------  
client [99] (testset)   loss: 0.5574 -> 0.3158  accuracy: 90.80% -> 95.09%     
client [93] (testset)   loss: 1.0371 -> 0.5915  accuracy: 89.06% -> 91.41%     
client [11] (testset)   loss: 0.4238 -> 0.3398  accuracy: 93.44% -> 94.26%     
client [58] (testset)   loss: 0.7787 -> 0.7041  accuracy: 89.02% -> 89.84%     
client [81] (testset)   loss: 0.7165 -> 0.5841  accuracy: 89.87% -> 91.63%     
client [85] (testset)   loss: 0.5790 -> 0.4223  accuracy: 89.47% -> 92.48%     
client [89] (testset)   loss: 0.8062 -> 0.5589  accuracy: 90.51% -> 91.97%     
client [45] (testset)   loss: 0.8406 -> 0.3926  accuracy: 88.53% -> 94.04%     
client [8]  (testset)   loss: 0.4133 -> 0.4316  accuracy: 92.09% -> 92.09%     
client [68] (testset)   loss: 0.6069 -> 0.5888  accuracy: 86.11% -> 87.50%     
---------------------------- TRAINING EPOCH: 390 ----------------------------  
client [67] (testset)   loss: 0.2334 -> 0.1646  accuracy: 95.98% -> 96.55%     
client [72] (testset)   loss: 0.7294 -> 0.5951  accuracy: 91.30% -> 92.55%     
client [1]  (testset)   loss: 0.4008 -> 0.3143  accuracy: 93.83% -> 92.59%     
client [78] (testset)   loss: 1.1198 -> 1.0258  accuracy: 86.64% -> 86.64%     
client [83] (testset)   loss: 0.7585 -> 0.7191  accuracy: 89.51% -> 90.64%     
client [21] (testset)   loss: 0.5263 -> 0.4726  accuracy: 92.02% -> 93.25%     
client [56] (testset)   loss: 0.4791 -> 0.4844  accuracy: 91.47% -> 91.47%     
client [44] (testset)   loss: 0.4788 -> 0.4358  accuracy: 94.05% -> 94.05%     
client [92] (testset)   loss: 0.7025 -> 0.5865  accuracy: 88.29% -> 89.64%     
client [27] (testset)   loss: 0.7798 -> 0.7176  accuracy: 90.74% -> 91.98%     
---------------------------- TRAINING EPOCH: 400 ----------------------------  
client [10] (testset)   loss: 0.2890 -> 0.2527  accuracy: 95.41% -> 94.90%     
client [39] (testset)   loss: 0.9972 -> 0.4940  accuracy: 85.92% -> 90.61%     
client [65] (testset)   loss: 0.7710 -> 0.3283  accuracy: 90.10% -> 93.75%     
client [26] (testset)   loss: 0.2143 -> 0.2325  accuracy: 96.46% -> 96.46%     
client [19] (testset)   loss: 0.2781 -> 0.2710  accuracy: 94.62% -> 94.62%     
client [68] (testset)   loss: 0.6990 -> 0.6312  accuracy: 88.89% -> 87.50%     
client [41] (testset)   loss: 0.8791 -> 0.6663  accuracy: 88.37% -> 89.92%     
client [50] (testset)   loss: 0.4669 -> 0.4471  accuracy: 92.05% -> 94.14%     
client [75] (testset)   loss: 0.3664 -> 0.3403  accuracy: 93.59% -> 93.59%     
client [81] (testset)   loss: 0.7644 -> 0.5839  accuracy: 92.07% -> 92.51%     
SFL's average time taken by each global epoch: 0 min 1.85 sec.                 
SFL's total running time: 0 h 12 m 26 s.                                       
==================== SFL Experiment Results: ====================              
Display format: (before local fine-tuning) -> (after local fine-tuning)        
 So if finetune_epoch = 0, x.xx% -> 0.00% is normal.                           
 Centralized testing ONLY happens after model aggregation, so the stats between
'->' are the same.                                                             
{                                                                              
    "100": {                                                                   
        "all_clients": {                                                       
            "test": {                                                          
                "loss": "0.5383 -> 0.0000",                                    
                "accuracy": "88.96% -> 0.00%"                                  
            }                                                                  
        }                                                                      
    },                                                                         
    "200": {                                                                   
        "all_clients": {                                                       
            "test": {                                                          
                "loss": "0.5063 -> 0.0000",                                    
                "accuracy": "90.18% -> 0.00%"                                  
            }                                                                  
        }                                                                      
    },                                                                         
    "300": {                                                                   
        "all_clients": {                                                       
            "test": {                                                          
                "loss": "0.5583 -> 0.0000",                                    
                "accuracy": "90.75% -> 0.00%"                                  
            }                                                                  
        }                                                                      
    },                                                                         
    "400": {                                                                   
        "all_clients": {                                                       
            "test": {                                                          
                "loss": "0.5632 -> 0.0000",                                    
                "accuracy": "91.41% -> 0.00%"                                  
            }                                                                  
        }                                                                      
    }                                                                          
}                                                                              
==================== SFL Max Accuracy ====================                     
all_clients:                                                                   
(test) before fine-tuning: 91.41% at epoch 400                                 
(test) after fine-tuning: 0.00% at epoch 100                                   
