==================== LG-FedAvg ====================                            
Experiment Arguments:                                                          
{
    'method': 'lgfedavg',
    'dataset': {
        'name': 'emnist',
        'client_num': 100,
        'test_ratio': 0.25,
        'val_ratio': 0.0,
        'seed': 42,
        'split': 'sample',
        'IID_ratio': 0.0,
        'monitor_window_name_suffix': 'emnist-100clients-0%IID-Dir(0.5)-seed42',
        'emnist_split': 'byclass',
        'alpha': 0.5,
        'min_samples_per_client': 10
    },
    'model': {
        'name': 'avgcnn',
        'use_torchvision_pretrained_weights': True,
        'external_model_weights_path': None
    },
    'optimizer': {
        'lr': 0.01,
        'dampening': 0,
        'weight_decay': 0,
        'momentum': 0,
        'nesterov': False,
        'name': 'sgd'
    },
    'mode': 'serial',
    'parallel': {
        'ray_cluster_addr': None,
        'num_cpus': None,
        'num_gpus': None,
        'num_workers': 2
    },
    'common': {
        'seed': 42,
        'join_ratio': 0.1,
        'global_epoch': 400,
        'local_epoch': 5,
        'batch_size': 32,
        'reset_optimizer_on_global_epoch': True,
        'straggler_ratio': 0,
        'straggler_min_local_epoch': 0,
        'buffers': 'global',
        'client_side_evaluation': True,
        'test': {
            'client': {
                'interval': 100,
                'finetune_epoch': 0,
                'train': False,
                'val': False,
                'test': True
            },
            'server': {
                'interval': -1,
                'train': False,
                'val': False,
                'test': False,
                'model_in_train_mode': False
            }
        },
        'verbose_gap': 10,
        'monitor': None,
        'use_cuda': True,
        'save_log': True,
        'save_model': False,
        'save_learning_curve_plot': False,
        'save_metrics': True,
        'delete_useless_run': True
    },
    'lgfedavg': {
        'num_global_layers': 1
    }
}
---------------------------- TRAINING EPOCH: 10 ----------------------------   
client [77] (testset)   loss: 0.6135 -> 0.6033  accuracy: 78.97% -> 80.27%     
client [81] (testset)   loss: 0.6042 -> 1.9784  accuracy: 81.54% -> 67.82%     
client [21] (testset)   loss: 0.5213 -> 0.3101  accuracy: 80.54% -> 91.19%     
client [68] (testset)   loss: 0.3879 -> 0.3495  accuracy: 86.65% -> 88.24%     
client [93] (testset)   loss: 0.4445 -> 0.4789  accuracy: 89.38% -> 88.16%     
client [31] (testset)   loss: 0.9850 -> 0.5360  accuracy: 76.04% -> 82.64%     
client [20] (testset)   loss: 0.4639 -> 0.4931  accuracy: 87.09% -> 87.68%     
client [59] (testset)   loss: 0.6570 -> 0.5004  accuracy: 77.32% -> 81.62%     
client [48] (testset)   loss: 0.4720 -> 0.4830  accuracy: 85.33% -> 85.41%     
client [34] (testset)   loss: 0.4320 -> 0.4381  accuracy: 87.12% -> 88.25%     
---------------------------- TRAINING EPOCH: 20 ----------------------------   
client [69] (testset)   loss: 0.5194 -> 1.5500  accuracy: 88.60% -> 73.91%     
client [99] (testset)   loss: 1.7510 -> 0.3532  accuracy: 64.86% -> 90.13%     
client [67] (testset)   loss: 0.3812 -> 0.4019  accuracy: 86.03% -> 86.76%     
client [0]  (testset)   loss: 0.3339 -> 0.3604  accuracy: 90.73% -> 91.18%     
client [76] (testset)   loss: 0.5795 -> 0.6413  accuracy: 81.99% -> 81.66%     
client [41] (testset)   loss: 0.6512 -> 0.6845  accuracy: 79.22% -> 78.89%     
client [62] (testset)   loss: 0.6823 -> 0.4852  accuracy: 77.70% -> 85.57%     
client [2]  (testset)   loss: 0.4523 -> 0.3263  accuracy: 85.66% -> 89.16%     
client [14] (testset)   loss: 0.4575 -> 0.4568  accuracy: 88.11% -> 87.73%     
client [46] (testset)   loss: 0.4062 -> 0.4537  accuracy: 88.97% -> 88.13%     
---------------------------- TRAINING EPOCH: 30 ----------------------------   
client [24] (testset)   loss: 0.4139 -> 0.3945  accuracy: 89.64% -> 89.87%     
client [68] (testset)   loss: 0.4544 -> 0.4697  accuracy: 88.08% -> 87.63%     
client [57] (testset)   loss: 0.6234 -> 0.7344  accuracy: 82.22% -> 74.12%     
client [17] (testset)   loss: 0.4495 -> 0.3869  accuracy: 88.46% -> 90.09%     
client [54] (testset)   loss: 0.8415 -> 0.6075  accuracy: 81.31% -> 84.80%     
client [23] (testset)   loss: 0.7286 -> 0.5342  accuracy: 77.01% -> 80.86%     
client [35] (testset)   loss: 0.7555 -> 0.7125  accuracy: 79.35% -> 81.24%     
client [59] (testset)   loss: 0.5783 -> 0.6088  accuracy: 81.19% -> 82.27%     
client [31] (testset)   loss: 0.5397 -> 0.5879  accuracy: 84.85% -> 84.20%     
client [9]  (testset)   loss: 0.7732 -> 0.8503  accuracy: 77.84% -> 76.66%     
---------------------------- TRAINING EPOCH: 40 ----------------------------   
client [64] (testset)   loss: 0.6951 -> 0.6582  accuracy: 80.58% -> 81.12%     
client [33] (testset)   loss: 0.7065 -> 0.7911  accuracy: 82.48% -> 82.65%     
client [16] (testset)   loss: 0.4183 -> 0.4443  accuracy: 89.16% -> 89.40%     
client [44] (testset)   loss: 0.8655 -> 0.6577  accuracy: 76.51% -> 77.33%     
client [8]  (testset)   loss: 0.5628 -> 0.5408  accuracy: 88.46% -> 88.61%     
client [31] (testset)   loss: 0.7532 -> 0.6222  accuracy: 82.08% -> 85.41%     
client [47] (testset)   loss: 0.6519 -> 0.6065  accuracy: 81.76% -> 81.89%     
client [36] (testset)   loss: 0.4502 -> 0.4548  accuracy: 85.89% -> 85.39%     
client [20] (testset)   loss: 0.6792 -> 0.6920  accuracy: 87.38% -> 87.09%     
client [56] (testset)   loss: 0.5323 -> 0.5280  accuracy: 84.98% -> 85.87%     
---------------------------- TRAINING EPOCH: 50 ----------------------------   
client [4]  (testset)   loss: 0.5341 -> 0.6207  accuracy: 85.62% -> 83.91%     
client [60] (testset)   loss: 0.3435 -> 0.3595  accuracy: 92.05% -> 91.20%     
client [28] (testset)   loss: 0.7210 -> 0.7035  accuracy: 84.62% -> 81.37%     
client [25] (testset)   loss: 0.3469 -> 0.3207  accuracy: 93.24% -> 93.48%     
client [58] (testset)   loss: 0.4668 -> 0.4871  accuracy: 90.06% -> 89.46%     
client [44] (testset)   loss: 0.6751 -> 0.7125  accuracy: 77.26% -> 78.70%     
client [39] (testset)   loss: 0.6276 -> 0.5897  accuracy: 80.94% -> 82.91%     
client [29] (testset)   loss: 1.1662 -> 1.2136  accuracy: 74.25% -> 72.98%     
client [3]  (testset)   loss: 0.5896 -> 0.4694  accuracy: 86.97% -> 89.52%     
client [84] (testset)   loss: 0.4906 -> 0.5195  accuracy: 89.62% -> 89.29%     
---------------------------- TRAINING EPOCH: 60 ----------------------------   
client [21] (testset)   loss: 0.4425 -> 0.4307  accuracy: 89.64% -> 90.36%     
client [84] (testset)   loss: 0.5564 -> 0.5759  accuracy: 89.12% -> 88.92%     
client [10] (testset)   loss: 0.6087 -> 0.6349  accuracy: 86.34% -> 86.94%     
client [36] (testset)   loss: 0.5076 -> 0.5560  accuracy: 85.54% -> 85.24%     
client [65] (testset)   loss: 0.6536 -> 0.6577  accuracy: 84.35% -> 85.09%     
client [81] (testset)   loss: 0.7110 -> 0.8983  accuracy: 82.76% -> 81.40%     
client [79] (testset)   loss: 0.3959 -> 0.3506  accuracy: 89.01% -> 92.36%     
client [42] (testset)   loss: 0.3894 -> 0.4156  accuracy: 90.80% -> 90.31%     
client [11] (testset)   loss: 0.5369 -> 0.5279  accuracy: 89.21% -> 90.03%     
client [96] (testset)   loss: 0.6189 -> 0.6302  accuracy: 87.11% -> 86.34%     
---------------------------- TRAINING EPOCH: 70 ----------------------------   
client [8]  (testset)   loss: 0.6402 -> 0.6453  accuracy: 88.91% -> 88.69%     
client [53] (testset)   loss: 0.5476 -> 0.6649  accuracy: 84.93% -> 80.67%     
client [52] (testset)   loss: 0.7605 -> 0.7755  accuracy: 83.17% -> 83.36%     
client [42] (testset)   loss: 0.4339 -> 0.4427  accuracy: 90.80% -> 90.40%     
client [69] (testset)   loss: 0.6374 -> 0.6683  accuracy: 89.13% -> 89.31%     
client [59] (testset)   loss: 0.6899 -> 0.7260  accuracy: 82.16% -> 81.19%     
client [7]  (testset)   loss: 0.5875 -> 0.6158  accuracy: 85.83% -> 86.17%     
client [26] (testset)   loss: 0.5657 -> 0.9772  accuracy: 86.10% -> 85.24%     
client [49] (testset)   loss: 0.4135 -> 0.4108  accuracy: 90.48% -> 90.91%     
client [98] (testset)   loss: 0.5137 -> 0.5479  accuracy: 89.97% -> 87.93%     
---------------------------- TRAINING EPOCH: 80 ----------------------------   
client [98] (testset)   loss: 0.5623 -> 0.5704  accuracy: 87.89% -> 88.29%     
client [47] (testset)   loss: 0.7161 -> 0.7236  accuracy: 81.72% -> 80.38%     
client [21] (testset)   loss: 0.4626 -> 0.4847  accuracy: 90.78% -> 90.59%     
client [77] (testset)   loss: 0.8949 -> 0.8746  accuracy: 80.38% -> 81.46%     
client [95] (testset)   loss: 0.5329 -> 0.5388  accuracy: 91.15% -> 90.95%     
client [91] (testset)   loss: 0.8007 -> 0.8103  accuracy: 84.58% -> 84.48%     
client [14] (testset)   loss: 0.6461 -> 0.5869  accuracy: 83.72% -> 88.69%     
client [99] (testset)   loss: 0.4935 -> 0.5091  accuracy: 90.46% -> 90.46%     
client [20] (testset)   loss: 0.8800 -> 0.8747  accuracy: 86.62% -> 86.62%     
client [39] (testset)   loss: 0.6824 -> 0.6902  accuracy: 82.04% -> 82.95%     
---------------------------- TRAINING EPOCH: 90 ----------------------------   
client [52] (testset)   loss: 0.8124 -> 0.8302  accuracy: 83.31% -> 82.48%     
client [62] (testset)   loss: 0.8240 -> 0.8092  accuracy: 85.57% -> 84.95%     
client [71] (testset)   loss: 0.9779 -> 1.0543  accuracy: 78.42% -> 78.86%     
client [97] (testset)   loss: 0.5495 -> 0.5348  accuracy: 90.00% -> 88.92%     
client [30] (testset)   loss: 0.6026 -> 0.6407  accuracy: 87.60% -> 87.74%     
client [88] (testset)   loss: 0.4542 -> 0.4740  accuracy: 86.51% -> 86.41%     
client [60] (testset)   loss: 0.4729 -> 0.4767  accuracy: 91.04% -> 91.20%     
client [82] (testset)   loss: 1.9222 -> 0.8164  accuracy: 76.24% -> 81.55%     
client [91] (testset)   loss: 0.8440 -> 0.9101  accuracy: 84.48% -> 85.04%     
client [57] (testset)   loss: 0.7211 -> 0.8778  accuracy: 83.50% -> 79.78%     
---------------------------- TRAINING EPOCH: 100 ----------------------------  
client [31] (testset)   loss: 0.8755 -> 0.8884  accuracy: 84.10% -> 84.65%     
client [15] (testset)   loss: 0.8568 -> 0.9545  accuracy: 81.79% -> 80.27%     
client [71] (testset)   loss: 1.0744 -> 1.1150  accuracy: 78.99% -> 78.19%     
client [97] (testset)   loss: 0.5805 -> 0.6004  accuracy: 89.96% -> 89.96%     
client [53] (testset)   loss: 0.7107 -> 0.7504  accuracy: 85.52% -> 84.99%     
client [77] (testset)   loss: 0.9116 -> 0.9242  accuracy: 81.51% -> 81.08%     
client [76] (testset)   loss: 0.9236 -> 0.9650  accuracy: 81.72% -> 82.16%     
client [79] (testset)   loss: 0.3800 -> 0.3805  accuracy: 93.09% -> 93.09%     
client [28] (testset)   loss: 0.8643 -> 0.8985  accuracy: 84.27% -> 84.04%     
client [99] (testset)   loss: 1.6110 -> 0.5381  accuracy: 79.31% -> 90.13%     
---------------------------- TRAINING EPOCH: 110 ----------------------------  
client [97] (testset)   loss: 0.6267 -> 0.6315  accuracy: 90.16% -> 90.00%     
client [86] (testset)   loss: 0.5727 -> 0.6276  accuracy: 88.22% -> 88.52%     
client [34] (testset)   loss: 0.8329 -> 0.8698  accuracy: 86.78% -> 86.89%     
client [73] (testset)   loss: 1.0027 -> 1.0447  accuracy: 80.58% -> 79.84%     
client [5]  (testset)   loss: 0.8331 -> 0.8615  accuracy: 85.91% -> 85.99%     
client [96] (testset)   loss: 0.8731 -> 0.8680  accuracy: 86.63% -> 86.29%     
client [22] (testset)   loss: 0.9660 -> 0.9634  accuracy: 79.44% -> 80.07%     
client [60] (testset)   loss: 0.5326 -> 0.5367  accuracy: 90.73% -> 91.15%     
client [66] (testset)   loss: 0.4870 -> 0.5079  accuracy: 91.16% -> 90.43%     
client [83] (testset)   loss: 0.6496 -> 0.7075  accuracy: 88.42% -> 88.10%     
---------------------------- TRAINING EPOCH: 120 ----------------------------  
client [76] (testset)   loss: 1.0799 -> 1.0793  accuracy: 81.77% -> 81.99%     
client [65] (testset)   loss: 0.7713 -> 0.7727  accuracy: 84.89% -> 83.67%     
client [95] (testset)   loss: 0.6185 -> 0.6204  accuracy: 91.15% -> 91.11%     
client [17] (testset)   loss: 0.5878 -> 0.5512  accuracy: 87.71% -> 89.21%     
client [8]  (testset)   loss: 0.7261 -> 0.7290  accuracy: 88.76% -> 88.09%     
client [35] (testset)   loss: 1.3155 -> 1.3139  accuracy: 80.00% -> 79.48%     
client [98] (testset)   loss: 0.6369 -> 0.6312  accuracy: 88.57% -> 89.69%     
client [53] (testset)   loss: 0.7632 -> 0.7839  accuracy: 85.22% -> 84.75%     
client [43] (testset)   loss: 0.6742 -> 0.6649  accuracy: 87.33% -> 87.68%     
client [64] (testset)   loss: 0.9709 -> 0.9643  accuracy: 81.50% -> 81.17%     
---------------------------- TRAINING EPOCH: 130 ----------------------------  
client [21] (testset)   loss: 0.5162 -> 0.6182  accuracy: 90.10% -> 90.14%     
client [88] (testset)   loss: 0.6728 -> 0.6553  accuracy: 85.13% -> 84.61%     
client [38] (testset)   loss: 0.6513 -> 0.6674  accuracy: 89.66% -> 89.69%     
client [3]  (testset)   loss: 0.7145 -> 0.7258  accuracy: 90.45% -> 90.40%     
client [5]  (testset)   loss: 0.8909 -> 0.8964  accuracy: 85.40% -> 85.77%     
client [41] (testset)   loss: 1.0010 -> 1.0240  accuracy: 78.97% -> 78.47%     
client [7]  (testset)   loss: 0.7136 -> 0.6937  accuracy: 86.17% -> 86.03%     
client [37] (testset)   loss: 0.6995 -> 0.7066  accuracy: 85.79% -> 85.74%     
client [45] (testset)   loss: 0.7961 -> 0.8140  accuracy: 85.09% -> 84.51%     
client [47] (testset)   loss: 0.8094 -> 0.8894  accuracy: 80.67% -> 77.99%     
---------------------------- TRAINING EPOCH: 140 ----------------------------  
client [16] (testset)   loss: 0.6801 -> 0.7139  accuracy: 89.21% -> 89.49%     
client [11] (testset)   loss: 0.6787 -> 0.6807  accuracy: 90.03% -> 89.98%     
client [37] (testset)   loss: 0.7492 -> 0.7640  accuracy: 85.89% -> 85.99%     
client [41] (testset)   loss: 1.0352 -> 1.0553  accuracy: 78.47% -> 79.30%     
client [95] (testset)   loss: 0.6526 -> 0.6554  accuracy: 91.07% -> 91.07%     
client [53] (testset)   loss: 0.8044 -> 0.8147  accuracy: 84.69% -> 85.22%     
client [22] (testset)   loss: 1.0934 -> 1.1555  accuracy: 78.19% -> 79.10%     
client [25] (testset)   loss: 0.4638 -> 0.4710  accuracy: 93.55% -> 93.48%     
client [69] (testset)   loss: 0.8207 -> 0.8380  accuracy: 89.27% -> 88.99%     
client [46] (testset)   loss: 0.6212 -> 0.6149  accuracy: 87.08% -> 87.92%     
---------------------------- TRAINING EPOCH: 150 ----------------------------  
client [47] (testset)   loss: 1.0226 -> 1.0553  accuracy: 81.64% -> 80.55%     
client [69] (testset)   loss: 0.8431 -> 0.8564  accuracy: 89.27% -> 89.24%     
client [82] (testset)   loss: 0.9622 -> 0.9969  accuracy: 83.63% -> 83.52%     
client [45] (testset)   loss: 0.8536 -> 0.8594  accuracy: 83.51% -> 84.34%     
client [7]  (testset)   loss: 0.7098 -> 0.7597  accuracy: 86.08% -> 85.74%     
client [50] (testset)   loss: 0.5009 -> 0.5288  accuracy: 87.86% -> 87.76%     
client [35] (testset)   loss: 1.4358 -> 1.4773  accuracy: 79.67% -> 79.74%     
client [24] (testset)   loss: 0.6846 -> 0.6799  accuracy: 88.47% -> 89.12%     
client [15] (testset)   loss: 1.0355 -> 1.0954  accuracy: 81.21% -> 81.35%     
client [58] (testset)   loss: 0.7725 -> 0.7769  accuracy: 89.78% -> 89.66%     
---------------------------- TRAINING EPOCH: 160 ----------------------------  
client [48] (testset)   loss: 0.9116 -> 0.9798  accuracy: 83.22% -> 82.39%     
client [76] (testset)   loss: 1.3338 -> 1.1923  accuracy: 81.50% -> 81.94%     
client [67] (testset)   loss: 0.6705 -> 0.6865  accuracy: 87.23% -> 86.81%     
client [37] (testset)   loss: 0.7727 -> 0.8663  accuracy: 86.24% -> 84.09%     
client [58] (testset)   loss: 0.7929 -> 0.7992  accuracy: 89.78% -> 89.70%     
client [64] (testset)   loss: 1.1122 -> 1.1467  accuracy: 81.12% -> 81.01%     
client [77] (testset)   loss: 1.1191 -> 1.1254  accuracy: 79.78% -> 80.49%     
client [55] (testset)   loss: 0.9100 -> 0.9197  accuracy: 84.10% -> 84.91%     
client [12] (testset)   loss: 1.0670 -> 1.0917  accuracy: 82.38% -> 82.38%     
client [89] (testset)   loss: 1.2424 -> 1.2574  accuracy: 81.35% -> 81.42%     
---------------------------- TRAINING EPOCH: 170 ----------------------------  
client [84] (testset)   loss: 0.7769 -> 0.7815  accuracy: 89.12% -> 89.00%     
client [51] (testset)   loss: 0.8110 -> 0.8169  accuracy: 89.27% -> 89.18%     
client [8]  (testset)   loss: 0.8018 -> 0.7998  accuracy: 88.54% -> 88.54%     
client [18] (testset)   loss: 0.9328 -> 0.9510  accuracy: 82.81% -> 81.06%     
client [94] (testset)   loss: 0.9766 -> 0.9869  accuracy: 85.83% -> 86.26%     
client [81] (testset)   loss: 1.3112 -> 1.2997  accuracy: 79.35% -> 80.86%     
client [3]  (testset)   loss: 0.7743 -> 0.7784  accuracy: 90.35% -> 90.35%     
client [11] (testset)   loss: 0.7260 -> 0.7360  accuracy: 90.20% -> 89.98%     
client [95] (testset)   loss: 0.6989 -> 0.7045  accuracy: 90.91% -> 91.07%     
client [67] (testset)   loss: 0.6936 -> 0.7122  accuracy: 86.81% -> 87.07%     
---------------------------- TRAINING EPOCH: 180 ----------------------------  
client [21] (testset)   loss: 0.6098 -> 0.6011  accuracy: 90.33% -> 90.02%     
client [79] (testset)   loss: 0.4803 -> 0.5052  accuracy: 92.94% -> 91.92%     
client [58] (testset)   loss: 0.8250 -> 0.8332  accuracy: 89.66% -> 89.66%     
client [88] (testset)   loss: 0.7324 -> 0.7802  accuracy: 85.37% -> 85.27%     
client [46] (testset)   loss: 0.6739 -> 0.6740  accuracy: 86.97% -> 87.29%     
client [11] (testset)   loss: 0.7441 -> 0.7504  accuracy: 89.92% -> 89.81%     
client [55] (testset)   loss: 1.0480 -> 1.0626  accuracy: 84.40% -> 84.20%     
client [13] (testset)   loss: 1.2161 -> 1.2399  accuracy: 80.34% -> 80.77%     
client [31] (testset)   loss: 1.1675 -> 1.0150  accuracy: 82.69% -> 83.64%     
client [75] (testset)   loss: 1.1677 -> 1.1976  accuracy: 81.84% -> 81.44%     
---------------------------- TRAINING EPOCH: 190 ----------------------------  
client [19] (testset)   loss: 0.8413 -> 0.9176  accuracy: 87.07% -> 87.03%     
client [7]  (testset)   loss: 0.8480 -> 0.8667  accuracy: 85.69% -> 85.54%     
client [57] (testset)   loss: 1.0427 -> 1.0798  accuracy: 81.75% -> 81.75%     
client [13] (testset)   loss: 1.2752 -> 1.2736  accuracy: 79.73% -> 79.73%     
client [43] (testset)   loss: 0.7979 -> 0.8085  accuracy: 87.72% -> 87.85%     
client [91] (testset)   loss: 0.9998 -> 1.0150  accuracy: 84.23% -> 84.43%     
client [10] (testset)   loss: 0.9141 -> 0.9199  accuracy: 85.68% -> 85.81%     
client [64] (testset)   loss: 1.2683 -> 1.2936  accuracy: 81.87% -> 81.76%     
client [82] (testset)   loss: 1.1644 -> 1.1870  accuracy: 84.31% -> 84.71%     
client [22] (testset)   loss: 1.3253 -> 1.4014  accuracy: 79.38% -> 80.00%     
---------------------------- TRAINING EPOCH: 200 ----------------------------  
client [20] (testset)   loss: 1.0924 -> 1.0992  accuracy: 86.38% -> 86.38%     
client [23] (testset)   loss: 0.9286 -> 0.9460  accuracy: 81.87% -> 82.05%     
client [88] (testset)   loss: 0.7923 -> 0.8167  accuracy: 85.46% -> 84.99%     
client [98] (testset)   loss: 0.7810 -> 1.0469  accuracy: 89.25% -> 86.05%     
client [79] (testset)   loss: 0.5088 -> 0.5115  accuracy: 92.72% -> 92.65%     
client [21] (testset)   loss: 0.5904 -> 0.6627  accuracy: 90.36% -> 90.44%     
client [92] (testset)   loss: 0.6995 -> 0.7045  accuracy: 88.89% -> 89.39%     
client [56] (testset)   loss: 1.0237 -> 1.0369  accuracy: 84.81% -> 83.80%     
client [5]  (testset)   loss: 1.0397 -> 1.0228  accuracy: 85.69% -> 85.84%     
client [52] (testset)   loss: 1.1975 -> 1.1994  accuracy: 82.89% -> 83.03%     
---------------------------- TRAINING EPOCH: 210 ----------------------------  
client [67] (testset)   loss: 0.7881 -> 0.8027  accuracy: 86.60% -> 86.71%     
client [54] (testset)   loss: 1.0669 -> 1.0765  accuracy: 86.15% -> 86.71%     
client [14] (testset)   loss: 0.8779 -> 0.8737  accuracy: 88.45% -> 88.26%     
client [99] (testset)   loss: 0.7067 -> 0.7090  accuracy: 90.46% -> 90.35%     
client [36] (testset)   loss: 1.1209 -> 1.1344  accuracy: 83.84% -> 83.99%     
client [30] (testset)   loss: 0.8901 -> 0.8974  accuracy: 87.42% -> 87.15%     
client [38] (testset)   loss: 0.7592 -> 0.7653  accuracy: 89.69% -> 89.66%     
client [15] (testset)   loss: 1.2086 -> 1.1647  accuracy: 81.07% -> 81.07%     
client [6]  (testset)   loss: 1.0761 -> 1.1126  accuracy: 83.17% -> 84.03%     
client [53] (testset)   loss: 0.9299 -> 0.9562  accuracy: 84.63% -> 84.63%     
---------------------------- TRAINING EPOCH: 220 ----------------------------  
client [99] (testset)   loss: 0.7229 -> 0.7244  accuracy: 90.52% -> 90.41%     
client [6]  (testset)   loss: 1.1199 -> 1.1226  accuracy: 84.07% -> 83.58%     
client [83] (testset)   loss: 0.7501 -> 0.8019  accuracy: 87.75% -> 87.71%     
client [42] (testset)   loss: 0.6881 -> 0.6909  accuracy: 89.33% -> 90.00%     
client [34] (testset)   loss: 1.0231 -> 1.0134  accuracy: 86.83% -> 86.44%     
client [15] (testset)   loss: 1.1772 -> 1.2072  accuracy: 81.07% -> 80.35%     
client [47] (testset)   loss: 1.4539 -> 1.5287  accuracy: 79.92% -> 80.13%     
client [55] (testset)   loss: 1.1341 -> 1.1371  accuracy: 84.20% -> 84.15%     
client [51] (testset)   loss: 0.8633 -> 0.8675  accuracy: 89.36% -> 89.36%     
client [95] (testset)   loss: 0.7421 -> 0.7444  accuracy: 90.91% -> 90.95%     
---------------------------- TRAINING EPOCH: 230 ----------------------------  
client [71] (testset)   loss: 1.4363 -> 1.5165  accuracy: 78.24% -> 77.93%     
client [15] (testset)   loss: 1.2151 -> 1.2495  accuracy: 80.42% -> 80.99%     
client [33] (testset)   loss: 1.3569 -> 1.3705  accuracy: 82.71% -> 82.76%     
client [99] (testset)   loss: 0.7324 -> 0.7351  accuracy: 90.35% -> 90.35%     
client [90] (testset)   loss: 1.1916 -> 1.2476  accuracy: 79.27% -> 78.95%     
client [57] (testset)   loss: 1.2712 -> 1.3528  accuracy: 80.31% -> 81.05%     
client [27] (testset)   loss: 0.8325 -> 0.8246  accuracy: 90.06% -> 89.95%     
client [78] (testset)   loss: 0.6899 -> 0.7413  accuracy: 87.37% -> 87.94%     
client [36] (testset)   loss: 1.1621 -> 1.1691  accuracy: 83.79% -> 83.74%     
client [88] (testset)   loss: 0.8494 -> 0.8803  accuracy: 85.32% -> 84.90%     
---------------------------- TRAINING EPOCH: 240 ----------------------------  
client [70] (testset)   loss: 1.4209 -> 1.4317  accuracy: 78.96% -> 78.96%     
client [35] (testset)   loss: 1.6639 -> 1.6824  accuracy: 79.54% -> 79.74%     
client [16] (testset)   loss: 0.8485 -> 0.8514  accuracy: 89.49% -> 89.45%     
client [80] (testset)   loss: 1.1325 -> 1.1686  accuracy: 82.90% -> 76.30%     
client [38] (testset)   loss: 0.7999 -> 0.7958  accuracy: 89.49% -> 89.72%     
client [78] (testset)   loss: 0.6441 -> 0.6669  accuracy: 87.89% -> 87.53%     
client [68] (testset)   loss: 0.9297 -> 0.9499  accuracy: 87.28% -> 87.41%     
client [11] (testset)   loss: 0.8282 -> 0.8544  accuracy: 89.87% -> 89.65%     
client [64] (testset)   loss: 1.3994 -> 1.4238  accuracy: 81.82% -> 81.39%     
client [82] (testset)   loss: 1.2831 -> 1.2907  accuracy: 84.54% -> 84.54%     
---------------------------- TRAINING EPOCH: 250 ----------------------------  
client [30] (testset)   loss: 0.9624 -> 0.9683  accuracy: 87.42% -> 87.33%     
client [27] (testset)   loss: 0.8346 -> 0.8463  accuracy: 89.99% -> 90.10%     
client [74] (testset)   loss: 0.7762 -> 0.7805  accuracy: 88.59% -> 88.73%     
client [45] (testset)   loss: 1.0624 -> 1.0963  accuracy: 84.01% -> 84.42%     
client [6]  (testset)   loss: 1.1583 -> 1.1539  accuracy: 83.67% -> 82.80%     
client [36] (testset)   loss: 1.1896 -> 1.1961  accuracy: 83.84% -> 83.74%     
client [63] (testset)   loss: 0.8934 -> 0.8974  accuracy: 87.70% -> 87.65%     
client [76] (testset)   loss: 1.3872 -> 1.4477  accuracy: 81.72% -> 81.44%     
client [83] (testset)   loss: 0.8918 -> 0.9005  accuracy: 86.25% -> 87.96%     
client [86] (testset)   loss: 0.7382 -> 0.7593  accuracy: 87.98% -> 88.12%     
---------------------------- TRAINING EPOCH: 260 ----------------------------  
client [83] (testset)   loss: 0.9050 -> 0.9260  accuracy: 87.96% -> 87.46%     
client [99] (testset)   loss: 0.7523 -> 0.7547  accuracy: 90.41% -> 90.41%     
client [74] (testset)   loss: 0.7882 -> 0.7936  accuracy: 88.55% -> 88.50%     
client [73] (testset)   loss: 1.5262 -> 1.5324  accuracy: 79.95% -> 80.24%     
client [29] (testset)   loss: 2.0343 -> 2.0353  accuracy: 74.13% -> 73.90%     
client [92] (testset)   loss: 0.7465 -> 0.7505  accuracy: 88.39% -> 88.81%     
client [6]  (testset)   loss: 1.1780 -> 1.1906  accuracy: 83.30% -> 83.21%     
client [61] (testset)   loss: 0.6735 -> 0.6820  accuracy: 90.23% -> 90.14%     
client [21] (testset)   loss: 0.6854 -> 0.6995  accuracy: 90.51% -> 90.17%     
client [67] (testset)   loss: 0.8484 -> 0.8502  accuracy: 86.55% -> 86.55%     
---------------------------- TRAINING EPOCH: 270 ----------------------------  
client [83] (testset)   loss: 0.9322 -> 0.8609  accuracy: 87.50% -> 87.57%     
client [32] (testset)   loss: 0.8431 -> 0.8457  accuracy: 88.81% -> 88.81%     
client [95] (testset)   loss: 0.7713 -> 0.7719  accuracy: 90.91% -> 90.95%     
client [61] (testset)   loss: 0.6920 -> 0.6974  accuracy: 90.28% -> 90.18%     
client [27] (testset)   loss: 0.8587 -> 0.8691  accuracy: 90.14% -> 90.14%     
client [25] (testset)   loss: 0.5737 -> 0.5849  accuracy: 93.46% -> 93.31%     
client [68] (testset)   loss: 0.9961 -> 1.0027  accuracy: 87.47% -> 87.50%     
client [34] (testset)   loss: 1.0657 -> 1.0860  accuracy: 86.27% -> 86.21%     
client [71] (testset)   loss: 1.7839 -> 1.8182  accuracy: 78.37% -> 77.93%     
client [89] (testset)   loss: 1.4467 -> 1.4596  accuracy: 80.96% -> 81.03%     
---------------------------- TRAINING EPOCH: 280 ----------------------------  
client [78] (testset)   loss: 0.7967 -> 0.8079  accuracy: 88.30% -> 87.73%     
client [81] (testset)   loss: 1.5129 -> 1.4979  accuracy: 80.96% -> 80.47%     
client [51] (testset)   loss: 0.9147 -> 0.9189  accuracy: 89.27% -> 89.27%     
client [54] (testset)   loss: 1.1620 -> 1.1679  accuracy: 86.60% -> 86.37%     
client [65] (testset)   loss: 1.1033 -> 1.0852  accuracy: 82.86% -> 83.40%     
client [41] (testset)   loss: 1.4632 -> 1.4714  accuracy: 77.64% -> 77.72%     
client [11] (testset)   loss: 0.7479 -> 0.7830  accuracy: 89.92% -> 90.31%     
client [85] (testset)   loss: 0.6010 -> 0.6410  accuracy: 90.26% -> 90.40%     
client [12] (testset)   loss: 1.3943 -> 1.1246  accuracy: 81.08% -> 78.24%     
client [23] (testset)   loss: 1.1793 -> 1.1831  accuracy: 80.59% -> 81.73%     
---------------------------- TRAINING EPOCH: 290 ----------------------------  
client [16] (testset)   loss: 0.8804 -> 0.8826  accuracy: 89.59% -> 89.45%     
client [65] (testset)   loss: 1.1555 -> 1.1731  accuracy: 82.93% -> 83.33%     
client [53] (testset)   loss: 1.0704 -> 1.0753  accuracy: 84.40% -> 84.34%     
client [58] (testset)   loss: 0.9201 -> 0.9199  accuracy: 89.58% -> 89.58%     
client [72] (testset)   loss: 1.0830 -> 1.1123  accuracy: 83.15% -> 84.33%     
client [7]  (testset)   loss: 0.9795 -> 0.9820  accuracy: 85.44% -> 85.54%     
client [71] (testset)   loss: 1.8311 -> 1.8624  accuracy: 77.88% -> 77.48%     
client [59] (testset)   loss: 1.3382 -> 1.4787  accuracy: 80.66% -> 77.92%     
client [86] (testset)   loss: 0.7988 -> 0.7923  accuracy: 85.11% -> 88.37%     
client [39] (testset)   loss: 1.3213 -> 1.3734  accuracy: 81.08% -> 81.12%     
---------------------------- TRAINING EPOCH: 300 ----------------------------  
client [99] (testset)   loss: 0.7745 -> 0.7769  accuracy: 90.41% -> 90.52%     
client [7]  (testset)   loss: 0.9909 -> 0.9995  accuracy: 85.34% -> 85.34%     
client [17] (testset)   loss: 0.7637 -> 0.7723  accuracy: 89.33% -> 89.33%     
client [64] (testset)   loss: 1.5784 -> 1.5883  accuracy: 81.23% -> 81.12%     
client [37] (testset)   loss: 1.0223 -> 1.0364  accuracy: 85.79% -> 85.64%     
client [29] (testset)   loss: 2.1252 -> 2.1263  accuracy: 74.02% -> 73.67%     
client [93] (testset)   loss: 1.0953 -> 1.1026  accuracy: 88.41% -> 88.29%     
client [73] (testset)   loss: 1.6100 -> 1.6179  accuracy: 80.01% -> 79.95%     
client [40] (testset)   loss: 1.1312 -> 1.1364  accuracy: 85.56% -> 85.70%     
client [76] (testset)   loss: 1.4790 -> 1.4845  accuracy: 81.72% -> 81.72%     
---------------------------- TRAINING EPOCH: 310 ----------------------------  
client [31] (testset)   loss: 1.1479 -> 1.1791  accuracy: 85.10% -> 84.75%     
client [89] (testset)   loss: 1.4553 -> 1.4844  accuracy: 81.22% -> 81.16%     
client [77] (testset)   loss: 1.3917 -> 1.4255  accuracy: 80.05% -> 79.89%     
client [90] (testset)   loss: 1.6075 -> 1.6353  accuracy: 78.50% -> 79.04%     
client [26] (testset)   loss: 0.9007 -> 0.9120  accuracy: 86.13% -> 86.13%     
client [50] (testset)   loss: 0.7088 -> 0.7183  accuracy: 86.77% -> 86.93%     
client [30] (testset)   loss: 1.0208 -> 1.0243  accuracy: 87.33% -> 87.28%     
client [70] (testset)   loss: 1.5438 -> 1.5497  accuracy: 78.66% -> 78.51%     
client [41] (testset)   loss: 1.5709 -> 1.5911  accuracy: 77.97% -> 77.81%     
client [99] (testset)   loss: 0.7804 -> 0.7821  accuracy: 90.52% -> 90.46%     
---------------------------- TRAINING EPOCH: 320 ----------------------------  
client [68] (testset)   loss: 1.0599 -> 1.0636  accuracy: 87.41% -> 87.44%     
client [70] (testset)   loss: 1.5721 -> 1.5784  accuracy: 78.66% -> 78.44%     
client [52] (testset)   loss: 1.3565 -> 1.3603  accuracy: 82.57% -> 82.52%     
client [1]  (testset)   loss: 0.9539 -> 0.9755  accuracy: 86.83% -> 86.89%     
client [2]  (testset)   loss: 0.7538 -> 0.7492  accuracy: 88.23% -> 88.39%     
client [67] (testset)   loss: 0.9121 -> 0.9068  accuracy: 86.71% -> 86.40%     
client [92] (testset)   loss: 0.8259 -> 0.8266  accuracy: 88.89% -> 88.72%     
client [35] (testset)   loss: 1.7885 -> 1.7912  accuracy: 79.74% -> 79.48%     
client [36] (testset)   loss: 1.2853 -> 1.2888  accuracy: 83.59% -> 83.79%     
client [64] (testset)   loss: 1.6093 -> 1.6135  accuracy: 81.17% -> 81.23%     
---------------------------- TRAINING EPOCH: 330 ----------------------------  
client [44] (testset)   loss: 1.4904 -> 1.5628  accuracy: 77.47% -> 77.60%     
client [6]  (testset)   loss: 1.2989 -> 1.3047  accuracy: 83.71% -> 83.76%     
client [12] (testset)   loss: 1.3749 -> 1.4039  accuracy: 80.60% -> 80.72%     
client [55] (testset)   loss: 1.2654 -> 1.2743  accuracy: 84.45% -> 84.40%     
client [29] (testset)   loss: 2.1812 -> 2.1906  accuracy: 73.67% -> 73.79%     
client [9]  (testset)   loss: 1.7959 -> 1.8062  accuracy: 75.04% -> 75.13%     
client [43] (testset)   loss: 0.8423 -> 0.8734  accuracy: 87.33% -> 87.55%     
client [77] (testset)   loss: 1.4362 -> 1.4671  accuracy: 79.95% -> 80.05%     
client [98] (testset)   loss: 0.8860 -> 0.8898  accuracy: 88.73% -> 88.53%     
client [78] (testset)   loss: 0.8477 -> 0.8614  accuracy: 87.94% -> 87.99%     
---------------------------- TRAINING EPOCH: 340 ----------------------------  
client [92] (testset)   loss: 0.8350 -> 0.8382  accuracy: 88.64% -> 88.64%     
client [80] (testset)   loss: 1.2730 -> 1.2844  accuracy: 83.00% -> 82.69%     
client [63] (testset)   loss: 0.9603 -> 0.9643  accuracy: 87.70% -> 87.65%     
client [76] (testset)   loss: 1.5257 -> 1.5258  accuracy: 81.66% -> 81.77%     
client [78] (testset)   loss: 0.8616 -> 0.8648  accuracy: 87.94% -> 87.89%     
client [25] (testset)   loss: 0.5983 -> 0.6132  accuracy: 93.51% -> 93.19%     
client [58] (testset)   loss: 0.9468 -> 0.9472  accuracy: 89.58% -> 89.54%     
client [13] (testset)   loss: 1.6152 -> 1.6408  accuracy: 79.73% -> 79.85%     
client [17] (testset)   loss: 0.8185 -> 0.8204  accuracy: 89.25% -> 89.41%     
client [38] (testset)   loss: 0.8777 -> 0.8798  accuracy: 89.62% -> 89.62%     
---------------------------- TRAINING EPOCH: 350 ----------------------------  
client [72] (testset)   loss: 1.3094 -> 1.3235  accuracy: 83.47% -> 83.85%     
client [82] (testset)   loss: 1.4151 -> 1.4197  accuracy: 84.48% -> 84.54%     
client [86] (testset)   loss: 0.9288 -> 0.9350  accuracy: 87.73% -> 87.53%     
client [51] (testset)   loss: 0.9548 -> 0.9567  accuracy: 89.22% -> 89.22%     
client [96] (testset)   loss: 1.2087 -> 1.2122  accuracy: 86.48% -> 86.48%     
client [42] (testset)   loss: 0.7989 -> 0.7983  accuracy: 89.91% -> 89.96%     
client [55] (testset)   loss: 1.3078 -> 1.3098  accuracy: 84.45% -> 84.45%     
client [13] (testset)   loss: 1.6543 -> 1.6654  accuracy: 80.22% -> 80.34%     
client [1]  (testset)   loss: 0.9998 -> 0.9886  accuracy: 86.30% -> 86.67%     
client [12] (testset)   loss: 1.4107 -> 1.4316  accuracy: 80.66% -> 80.90%     
---------------------------- TRAINING EPOCH: 360 ----------------------------  
client [68] (testset)   loss: 1.0842 -> 1.0870  accuracy: 87.50% -> 87.50%     
client [23] (testset)   loss: 1.1286 -> 1.1426  accuracy: 80.72% -> 81.36%     
client [46] (testset)   loss: 0.9680 -> 0.9736  accuracy: 87.45% -> 87.29%     
client [41] (testset)   loss: 1.6744 -> 1.6806  accuracy: 78.05% -> 77.89%     
client [25] (testset)   loss: 0.6285 -> 0.6314  accuracy: 93.14% -> 93.43%     
client [58] (testset)   loss: 0.9554 -> 0.9574  accuracy: 89.54% -> 89.66%     
client [14] (testset)   loss: 0.9872 -> 1.0228  accuracy: 87.78% -> 87.54%     
client [33] (testset)   loss: 1.5463 -> 1.5511  accuracy: 82.87% -> 82.93%     
client [85] (testset)   loss: 0.7605 -> 0.7956  accuracy: 90.44% -> 90.22%     
client [62] (testset)   loss: 1.3263 -> 1.3344  accuracy: 84.49% -> 84.65%     
---------------------------- TRAINING EPOCH: 370 ----------------------------  
client [98] (testset)   loss: 0.9235 -> 0.9247  accuracy: 88.69% -> 88.61%     
client [63] (testset)   loss: 0.9812 -> 0.9844  accuracy: 87.70% -> 87.70%     
client [70] (testset)   loss: 1.6290 -> 1.6326  accuracy: 78.36% -> 78.44%     
client [65] (testset)   loss: 1.2246 -> 1.2568  accuracy: 82.66% -> 82.19%     
client [14] (testset)   loss: 1.0632 -> 1.1093  accuracy: 87.06% -> 87.78%     
client [73] (testset)   loss: 1.6905 -> 1.6933  accuracy: 79.84% -> 80.01%     
client [34] (testset)   loss: 1.1355 -> 1.1425  accuracy: 85.87% -> 85.93%     
client [99] (testset)   loss: 0.8043 -> 0.8064  accuracy: 90.46% -> 90.52%     
client [69] (testset)   loss: 1.0617 -> 1.0641  accuracy: 89.13% -> 89.09%     
client [46] (testset)   loss: 0.9774 -> 0.9831  accuracy: 87.29% -> 87.34%     
---------------------------- TRAINING EPOCH: 380 ----------------------------  
client [99] (testset)   loss: 0.8099 -> 0.8111  accuracy: 90.57% -> 90.46%     
client [93] (testset)   loss: 1.1606 -> 1.1635  accuracy: 88.16% -> 88.29%     
client [11] (testset)   loss: 0.9214 -> 0.9263  accuracy: 90.14% -> 90.20%     
client [58] (testset)   loss: 0.9677 -> 0.9701  accuracy: 89.54% -> 89.54%     
client [81] (testset)   loss: 1.7804 -> 1.7824  accuracy: 80.57% -> 80.52%     
client [85] (testset)   loss: 0.8013 -> 0.7793  accuracy: 90.22% -> 90.22%     
client [89] (testset)   loss: 1.5735 -> 1.5770  accuracy: 80.90% -> 80.96%     
client [45] (testset)   loss: 1.2560 -> 1.2663  accuracy: 84.18% -> 84.18%     
client [8]  (testset)   loss: 0.9135 -> 0.9233  accuracy: 88.46% -> 88.39%     
client [68] (testset)   loss: 1.1049 -> 1.1072  accuracy: 87.54% -> 87.50%     
---------------------------- TRAINING EPOCH: 390 ----------------------------  
client [67] (testset)   loss: 0.9460 -> 0.9502  accuracy: 86.50% -> 86.50%     
client [72] (testset)   loss: 1.3858 -> 1.3961  accuracy: 83.88% -> 83.85%     
client [1]  (testset)   loss: 1.0271 -> 1.0463  accuracy: 86.67% -> 86.46%     
client [78] (testset)   loss: 0.9145 -> 0.9191  accuracy: 88.04% -> 87.99%     
client [83] (testset)   loss: 1.1138 -> 1.1214  accuracy: 87.89% -> 87.89%     
client [21] (testset)   loss: 0.8388 -> 0.8629  accuracy: 90.17% -> 90.21%     
client [56] (testset)   loss: 1.3199 -> 1.3289  accuracy: 84.69% -> 84.39%     
client [44] (testset)   loss: 1.7810 -> 1.8080  accuracy: 77.40% -> 77.47%     
client [92] (testset)   loss: 0.8582 -> 0.8602  accuracy: 88.72% -> 88.72%     
client [27] (testset)   loss: 0.9397 -> 0.9398  accuracy: 90.17% -> 90.10%     
---------------------------- TRAINING EPOCH: 400 ----------------------------  
client [10] (testset)   loss: 1.0928 -> 1.0943  accuracy: 85.54% -> 85.54%     
client [39] (testset)   loss: 1.5669 -> 1.5816  accuracy: 81.21% -> 81.03%     
client [65] (testset)   loss: 1.3371 -> 1.3518  accuracy: 82.39% -> 82.46%     
client [26] (testset)   loss: 1.0350 -> 1.0411  accuracy: 86.06% -> 86.13%     
client [19] (testset)   loss: 1.2611 -> 1.2675  accuracy: 87.42% -> 87.50%     
client [68] (testset)   loss: 1.1174 -> 1.1194  accuracy: 87.50% -> 87.47%     
client [41] (testset)   loss: 1.7337 -> 1.7427  accuracy: 77.72% -> 77.89%     
client [50] (testset)   loss: 0.8017 -> 0.8042  accuracy: 86.77% -> 86.72%     
client [75] (testset)   loss: 1.3525 -> 1.4177  accuracy: 81.55% -> 81.26%     
client [81] (testset)   loss: 1.8109 -> 1.8208  accuracy: 80.52% -> 80.62%     
LG-FedAvg's average time taken by each global epoch: 0 min 21.63 sec.          
LG-FedAvg's total running time: 2 h 25 m 0 s.                                  
==================== LG-FedAvg Experiment Results: ====================        
Display format: (before local fine-tuning) -> (after local fine-tuning)        
 So if finetune_epoch = 0, x.xx% -> 0.00% is normal.                           
 Centralized testing ONLY happens after model aggregation, so the stats between
'->' are the same.                                                             
{                                                                              
    "100": {                                                                   
        "all_clients": {                                                       
            "test": {                                                          
                "loss": "0.7230 -> 0.0000",                                    
                "accuracy": "86.15% -> 0.00%"                                  
            }                                                                  
        }                                                                      
    },                                                                         
    "200": {                                                                   
        "all_clients": {                                                       
            "test": {                                                          
                "loss": "0.9502 -> 0.0000",                                    
                "accuracy": "85.76% -> 0.00%"                                  
            }                                                                  
        }                                                                      
    },                                                                         
    "300": {                                                                   
        "all_clients": {                                                       
            "test": {                                                          
                "loss": "1.0887 -> 0.0000",                                    
                "accuracy": "85.75% -> 0.00%"                                  
            }                                                                  
        }                                                                      
    },                                                                         
    "400": {                                                                   
        "all_clients": {                                                       
            "test": {                                                          
                "loss": "1.1997 -> 0.0000",                                    
                "accuracy": "85.80% -> 0.00%"                                  
            }                                                                  
        }                                                                      
    }                                                                          
}                                                                              
==================== LG-FedAvg Max Accuracy ====================               
all_clients:                                                                   
(test) before fine-tuning: 86.15% at epoch 100                                 
(test) after fine-tuning: 0.00% at epoch 100                                   
