==================== PSFL ====================                                  
Experiment Arguments:                                                           
{
│   'method': 'psfl',
│   'dataset': {
│   │   'name': 'mnist',
│   │   'client_num': 100,
│   │   'test_ratio': 0.25,
│   │   'val_ratio': 0.0,
│   │   'seed': 42,
│   │   'split': 'sample',
│   │   'IID_ratio': 0.0,
│   │   'monitor_window_name_suffix': 'mnist-100clients-0%IID-Dir(0.1)-seed42',
│   │   'alpha': 0.1,
│   │   'min_samples_per_client': 10
│   },
│   'model': {
│   │   'name': 'avgcnn',
│   │   'use_torchvision_pretrained_weights': True,
│   │   'external_model_weights_path': None
│   },
│   'optimizer': {
│   │   'lr': 0.01,
│   │   'dampening': 0,
│   │   'weight_decay': 0,
│   │   'momentum': 0,
│   │   'nesterov': False,
│   │   'name': 'sgd'
│   },
│   'mode': 'sequential',
│   'parallel': {
│   │   'ray_cluster_addr': None,
│   │   'num_cpus': None,
│   │   'num_gpus': None,
│   │   'num_workers': 2
│   },
│   'common': {
│   │   'seed': 42,
│   │   'join_ratio': 0.1,
│   │   'global_epoch': 400,
│   │   'local_epoch': 5,
│   │   'batch_size': 32,
│   │   'reset_optimizer_on_global_epoch': True,
│   │   'straggler_ratio': 0,
│   │   'straggler_min_local_epoch': 0,
│   │   'buffers': 'global',
│   │   'client_side_evaluation': True,
│   │   'test': {
│   │   │   'client': {
│   │   │   │   'interval': 100,
│   │   │   │   'finetune_epoch': 0,
│   │   │   │   'train': False,
│   │   │   │   'val': False,
│   │   │   │   'test': True
│   │   │   },
│   │   │   'server': {
│   │   │   │   'interval': -1,
│   │   │   │   'train': False,
│   │   │   │   'val': False,
│   │   │   │   'test': False,
│   │   │   │   'model_in_train_mode': False
│   │   │   }
│   │   },
│   │   'verbose_gap': 10,
│   │   'monitor': None,
│   │   'use_cuda': True,
│   │   'save_log': True,
│   │   'save_model': False,
│   │   'save_learning_curve_plot': False,
│   │   'save_metrics': True,
│   │   'delete_useless_run': True
│   },
│   'psfl': {
│   │   'alpha': 0.0,
│   │   'CLS': False,
│   │   'ig_ratio': 0.999999,
│   │   'track': False,
│   │   'score': 'diff'
│   }
}
---------------------------- TRAINING EPOCH: 10 ----------------------------    
client [77] (testset)   loss: 0.2884 -> 0.0577  accuracy: 91.10% -> 97.95%      
client [81] (testset)   loss: 0.3611 -> 0.0113  accuracy: 91.98% -> 99.38%      
client [21] (testset)   loss: 0.2824 -> 0.0354  accuracy: 89.22% -> 100.00%     
client [68] (testset)   loss: 0.0454 -> 0.0481  accuracy: 98.31% -> 98.31%      
client [93] (testset)   loss: 0.2621 -> 0.0429  accuracy: 93.55% -> 96.77%      
client [31] (testset)   loss: 0.8415 -> 0.2880  accuracy: 85.71% -> 85.71%      
client [20] (testset)   loss: 0.1878 -> 0.1029  accuracy: 94.57% -> 96.83%      
client [59] (testset)   loss: 0.1267 -> 0.0371  accuracy: 87.50% -> 100.00%     
client [48] (testset)   loss: 0.9405 -> 0.0021  accuracy: 66.99% -> 100.00%     
client [34] (testset)   loss: 0.1944 -> 0.4285  accuracy: 94.44% -> 94.44%      
---------------------------- TRAINING EPOCH: 20 ----------------------------    
client [69] (testset)   loss: 0.0455 -> 0.0113  accuracy: 98.54% -> 99.45%      
client [99] (testset)   loss: 0.3296 -> 0.0876  accuracy: 90.48% -> 95.24%      
client [67] (testset)   loss: 0.4537 -> 0.0000  accuracy: 78.38% -> 100.00%     
client [0]  (testset)   loss: 0.1005 -> 0.0133  accuracy: 96.23% -> 99.06%      
client [76] (testset)   loss: 0.0158 -> 0.0391  accuracy: 98.70% -> 98.70%      
client [41] (testset)   loss: 0.0348 -> 0.0028  accuracy: 98.95% -> 100.00%     
client [62] (testset)   loss: 0.0831 -> 0.0016  accuracy: 97.24% -> 100.00%     
client [2]  (testset)   loss: 0.0478 -> 0.0064  accuracy: 98.29% -> 100.00%     
client [14] (testset)   loss: 0.0113 -> 0.0242  accuracy: 100.00% -> 98.61%     
client [46] (testset)   loss: 0.1529 -> 0.0297  accuracy: 96.40% -> 98.87%      
---------------------------- TRAINING EPOCH: 30 ----------------------------    
client [24] (testset)   loss: 0.0687 -> 0.0785  accuracy: 97.30% -> 97.30%      
client [68] (testset)   loss: 0.0249 -> 0.0267  accuracy: 98.31% -> 98.31%      
client [57] (testset)   loss: 0.0213 -> 0.0016  accuracy: 99.52% -> 100.00%     
client [17] (testset)   loss: 0.1688 -> 0.0147  accuracy: 93.00% -> 99.22%      
client [54] (testset)   loss: 0.0132 -> 0.0073  accuracy: 100.00% -> 100.00%    
client [23] (testset)   loss: 0.0794 -> 0.0014  accuracy: 94.29% -> 100.00%     
client [35] (testset)   loss: 0.1229 -> 0.0092  accuracy: 96.08% -> 99.02%      
client [59] (testset)   loss: 0.0037 -> 0.0038  accuracy: 100.00% -> 100.00%    
client [31] (testset)   loss: 0.3971 -> 0.3206  accuracy: 85.71% -> 85.71%      
client [9]  (testset)   loss: 0.0849 -> 0.0271  accuracy: 97.07% -> 98.70%      
---------------------------- TRAINING EPOCH: 40 ----------------------------    
client [64] (testset)   loss: 0.0553 -> 0.0177  accuracy: 98.33% -> 99.44%      
client [33] (testset)   loss: 0.2002 -> 0.0548  accuracy: 95.43% -> 99.35%      
client [16] (testset)   loss: 0.0242 -> 0.0014  accuracy: 100.00% -> 100.00%    
client [44] (testset)   loss: 0.0678 -> 0.0240  accuracy: 97.31% -> 99.10%      
client [8]  (testset)   loss: 1.0106 -> 0.0137  accuracy: 80.95% -> 100.00%     
client [31] (testset)   loss: 0.0348 -> 0.0674  accuracy: 100.00% -> 100.00%    
client [47] (testset)   loss: 0.4451 -> 0.0047  accuracy: 85.23% -> 100.00%     
client [36] (testset)   loss: 0.3748 -> 0.0361  accuracy: 89.34% -> 98.48%      
client [20] (testset)   loss: 0.2137 -> 0.0657  accuracy: 94.12% -> 96.83%      
client [56] (testset)   loss: 0.0165 -> 0.0006  accuracy: 100.00% -> 100.00%    
---------------------------- TRAINING EPOCH: 50 ----------------------------    
client [4]  (testset)   loss: 0.0223 -> 0.0016  accuracy: 98.90% -> 100.00%     
client [60] (testset)   loss: 0.1804 -> 0.0387  accuracy: 94.00% -> 99.00%      
client [28] (testset)   loss: 0.0739 -> 0.0002  accuracy: 97.99% -> 100.00%     
client [25] (testset)   loss: 0.0189 -> 0.0001  accuracy: 100.00% -> 100.00%    
client [58] (testset)   loss: 0.0109 -> 0.0082  accuracy: 100.00% -> 99.29%     
client [44] (testset)   loss: 0.0990 -> 0.0281  accuracy: 97.91% -> 99.40%      
client [39] (testset)   loss: 0.0958 -> 0.0009  accuracy: 96.81% -> 100.00%     
client [29] (testset)   loss: 0.4641 -> 0.0501  accuracy: 87.82% -> 99.26%      
client [3]  (testset)   loss: 0.1154 -> 0.0099  accuracy: 96.23% -> 99.37%      
client [84] (testset)   loss: 0.0001 -> 0.0000  accuracy: 100.00% -> 100.00%    
---------------------------- TRAINING EPOCH: 60 ----------------------------    
client [21] (testset)   loss: 0.0702 -> 0.0063  accuracy: 97.06% -> 100.00%     
client [84] (testset)   loss: 0.0001 -> 0.0000  accuracy: 100.00% -> 100.00%    
client [10] (testset)   loss: 0.0324 -> 0.0001  accuracy: 99.01% -> 100.00%     
client [36] (testset)   loss: 0.0944 -> 0.0439  accuracy: 98.48% -> 98.48%      
client [65] (testset)   loss: 0.1449 -> 0.0584  accuracy: 97.90% -> 98.74%      
client [81] (testset)   loss: 0.0404 -> 0.0183  accuracy: 99.38% -> 99.38%      
client [79] (testset)   loss: 0.0066 -> 0.0003  accuracy: 100.00% -> 100.00%    
client [42] (testset)   loss: 0.1141 -> 0.1032  accuracy: 98.36% -> 97.81%      
client [11] (testset)   loss: 0.0000 -> 0.0000  accuracy: 100.00% -> 100.00%    
client [96] (testset)   loss: 0.0423 -> 0.0088  accuracy: 98.04% -> 100.00%     
---------------------------- TRAINING EPOCH: 70 ----------------------------    
client [8]  (testset)   loss: 0.0688 -> 0.0401  accuracy: 97.62% -> 97.62%      
client [53] (testset)   loss: 0.0916 -> 0.0542  accuracy: 96.00% -> 96.00%      
client [52] (testset)   loss: 0.2420 -> 0.0001  accuracy: 89.47% -> 100.00%     
client [42] (testset)   loss: 0.2090 -> 0.1097  accuracy: 95.63% -> 98.36%      
client [69] (testset)   loss: 0.0689 -> 0.0114  accuracy: 97.81% -> 99.64%      
client [59] (testset)   loss: 0.0005 -> 0.0004  accuracy: 100.00% -> 100.00%    
client [7]  (testset)   loss: 0.0148 -> 0.0009  accuracy: 100.00% -> 100.00%    
client [26] (testset)   loss: 0.0196 -> 0.0246  accuracy: 100.00% -> 100.00%    
client [49] (testset)   loss: 0.0152 -> 0.0018  accuracy: 99.11% -> 100.00%     
client [98] (testset)   loss: 0.0684 -> 0.0425  accuracy: 97.06% -> 97.06%      
---------------------------- TRAINING EPOCH: 80 ----------------------------    
client [98] (testset)   loss: 0.0025 -> 0.0016  accuracy: 100.00% -> 100.00%    
client [47] (testset)   loss: 0.1188 -> 0.0278  accuracy: 96.59% -> 98.86%      
client [21] (testset)   loss: 0.1049 -> 0.0302  accuracy: 97.06% -> 99.02%      
client [77] (testset)   loss: 0.0269 -> 0.0247  accuracy: 97.95% -> 98.63%      
client [95] (testset)   loss: 0.0082 -> 0.0006  accuracy: 99.64% -> 100.00%     
client [91] (testset)   loss: 0.0632 -> 0.0081  accuracy: 98.02% -> 99.83%      
client [14] (testset)   loss: 0.0242 -> 0.0421  accuracy: 98.61% -> 98.61%      
client [99] (testset)   loss: 0.1195 -> 0.0697  accuracy: 95.24% -> 95.24%      
client [20] (testset)   loss: 0.0686 -> 0.0577  accuracy: 97.74% -> 98.19%      
client [39] (testset)   loss: 0.0028 -> 0.0013  accuracy: 100.00% -> 100.00%    
---------------------------- TRAINING EPOCH: 90 ----------------------------    
client [52] (testset)   loss: 0.0055 -> 0.0000  accuracy: 100.00% -> 100.00%    
client [62] (testset)   loss: 0.0272 -> 0.0003  accuracy: 98.90% -> 100.00%     
client [71] (testset)   loss: 0.0133 -> 0.0030  accuracy: 99.54% -> 99.77%      
client [97] (testset)   loss: 0.0127 -> 0.0030  accuracy: 99.00% -> 99.67%      
client [30] (testset)   loss: 0.0181 -> 0.0152  accuracy: 97.50% -> 100.00%     
client [88] (testset)   loss: 0.4068 -> 0.0893  accuracy: 94.12% -> 97.06%      
client [60] (testset)   loss: 0.2616 -> 0.0231  accuracy: 92.00% -> 98.00%      
client [82] (testset)   loss: 0.0659 -> 0.0016  accuracy: 97.18% -> 100.00%     
client [91] (testset)   loss: 0.0380 -> 0.0080  accuracy: 99.17% -> 99.83%      
client [57] (testset)   loss: 0.0314 -> 0.0020  accuracy: 99.03% -> 100.00%     
---------------------------- TRAINING EPOCH: 100 ----------------------------   
client [31] (testset)   loss: 0.0649 -> 0.0493  accuracy: 100.00% -> 100.00%    
client [15] (testset)   loss: 0.0882 -> 0.0086  accuracy: 93.58% -> 99.08%      
client [71] (testset)   loss: 0.0240 -> 0.0038  accuracy: 99.77% -> 99.77%      
client [97] (testset)   loss: 0.0096 -> 0.0021  accuracy: 99.67% -> 100.00%     
client [53] (testset)   loss: 0.0000 -> 0.0001  accuracy: 100.00% -> 100.00%    
client [77] (testset)   loss: 0.0665 -> 0.0244  accuracy: 98.63% -> 99.32%      
client [76] (testset)   loss: 0.0533 -> 0.0123  accuracy: 98.70% -> 98.70%      
client [79] (testset)   loss: 0.0024 -> 0.0007  accuracy: 100.00% -> 100.00%    
client [28] (testset)   loss: 0.0012 -> 0.0001  accuracy: 100.00% -> 100.00%    
client [99] (testset)   loss: 0.1140 -> 0.0063  accuracy: 95.24% -> 100.00%     
---------------------------- TRAINING EPOCH: 110 ----------------------------   
client [97] (testset)   loss: 0.1131 -> 0.0007  accuracy: 95.99% -> 100.00%     
client [86] (testset)   loss: 0.2417 -> 0.0055  accuracy: 94.25% -> 99.73%      
client [34] (testset)   loss: 0.3593 -> 0.3083  accuracy: 94.44% -> 94.44%      
client [73] (testset)   loss: 0.0019 -> 0.0046  accuracy: 100.00% -> 100.00%    
client [5]  (testset)   loss: 0.0012 -> 0.0007  accuracy: 100.00% -> 100.00%    
client [96] (testset)   loss: 0.0891 -> 0.0036  accuracy: 97.06% -> 100.00%     
client [22] (testset)   loss: 0.0029 -> 0.0001  accuracy: 100.00% -> 100.00%    
client [60] (testset)   loss: 0.0509 -> 0.0331  accuracy: 98.00% -> 98.00%      
client [66] (testset)   loss: 0.1028 -> 0.0050  accuracy: 96.46% -> 100.00%     
client [83] (testset)   loss: 0.1577 -> 0.0883  accuracy: 97.51% -> 98.22%      
---------------------------- TRAINING EPOCH: 120 ----------------------------   
client [76] (testset)   loss: 0.0416 -> 0.0025  accuracy: 97.40% -> 100.00%     
client [65] (testset)   loss: 0.1140 -> 0.0742  accuracy: 98.32% -> 98.74%      
client [95] (testset)   loss: 0.0068 -> 0.0017  accuracy: 99.64% -> 100.00%     
client [17] (testset)   loss: 0.0152 -> 0.0070  accuracy: 99.22% -> 99.61%      
client [8]  (testset)   loss: 0.1269 -> 0.1189  accuracy: 97.62% -> 97.62%      
client [35] (testset)   loss: 0.0604 -> 0.0056  accuracy: 97.06% -> 100.00%     
client [98] (testset)   loss: 0.1035 -> 0.0730  accuracy: 97.06% -> 97.06%      
client [53] (testset)   loss: 0.0432 -> 0.0310  accuracy: 96.00% -> 96.00%      
client [43] (testset)   loss: 0.1257 -> 0.0693  accuracy: 97.86% -> 97.86%      
client [64] (testset)   loss: 0.0531 -> 0.0198  accuracy: 98.89% -> 99.17%      
---------------------------- TRAINING EPOCH: 130 ----------------------------   
client [21] (testset)   loss: 0.0434 -> 0.0220  accuracy: 98.04% -> 99.02%      
client [88] (testset)   loss: 0.1242 -> 0.0883  accuracy: 97.06% -> 97.06%      
client [38] (testset)   loss: 0.0620 -> 0.0616  accuracy: 98.25% -> 98.25%      
client [3]  (testset)   loss: 0.0341 -> 0.0105  accuracy: 98.74% -> 99.58%      
client [5]  (testset)   loss: 0.1184 -> 0.0005  accuracy: 97.24% -> 100.00%     
client [41] (testset)   loss: 0.0054 -> 0.0003  accuracy: 100.00% -> 100.00%    
client [7]  (testset)   loss: 0.0000 -> 0.0000  accuracy: 100.00% -> 100.00%    
client [37] (testset)   loss: 0.0952 -> 0.0623  accuracy: 97.40% -> 97.84%      
client [45] (testset)   loss: 0.0583 -> 0.0254  accuracy: 98.16% -> 99.69%      
client [47] (testset)   loss: 0.0522 -> 0.0012  accuracy: 97.73% -> 100.00%     
---------------------------- TRAINING EPOCH: 140 ----------------------------   
client [16] (testset)   loss: 0.1370 -> 0.0024  accuracy: 97.14% -> 100.00%     
client [11] (testset)   loss: 0.0000 -> 0.0000  accuracy: 100.00% -> 100.00%    
client [37] (testset)   loss: 0.0852 -> 0.0676  accuracy: 97.84% -> 97.40%      
client [41] (testset)   loss: 0.0124 -> 0.0001  accuracy: 98.95% -> 100.00%     
client [95] (testset)   loss: 0.0160 -> 0.0011  accuracy: 99.64% -> 100.00%     
client [53] (testset)   loss: 0.0711 -> 0.0475  accuracy: 96.00% -> 96.00%      
client [22] (testset)   loss: 0.0733 -> 0.0012  accuracy: 97.87% -> 100.00%     
client [25] (testset)   loss: 0.0065 -> 0.0003  accuracy: 100.00% -> 100.00%    
client [69] (testset)   loss: 0.0294 -> 0.0031  accuracy: 99.09% -> 99.82%      
client [46] (testset)   loss: 0.0529 -> 0.0251  accuracy: 99.10% -> 99.55%      
---------------------------- TRAINING EPOCH: 150 ----------------------------   
client [47] (testset)   loss: 0.0482 -> 0.0432  accuracy: 98.86% -> 98.86%      
client [69] (testset)   loss: 0.0531 -> 0.0092  accuracy: 98.36% -> 99.64%      
client [82] (testset)   loss: 0.0073 -> 0.0050  accuracy: 100.00% -> 100.00%    
client [45] (testset)   loss: 0.0495 -> 0.0154  accuracy: 98.47% -> 99.69%      
client [7]  (testset)   loss: 0.0476 -> 0.0251  accuracy: 100.00% -> 100.00%    
client [50] (testset)   loss: 0.0665 -> 0.0200  accuracy: 98.97% -> 98.97%      
client [35] (testset)   loss: 0.0323 -> 0.0225  accuracy: 99.02% -> 99.02%      
client [24] (testset)   loss: 0.0080 -> 0.0120  accuracy: 100.00% -> 100.00%    
client [15] (testset)   loss: 0.0610 -> 0.0565  accuracy: 99.08% -> 99.08%      
client [58] (testset)   loss: 0.0574 -> 0.0107  accuracy: 97.87% -> 99.29%      
---------------------------- TRAINING EPOCH: 160 ----------------------------   
client [48] (testset)   loss: 0.0009 -> 0.0002  accuracy: 100.00% -> 100.00%    
client [76] (testset)   loss: 0.0027 -> 0.0016  accuracy: 100.00% -> 100.00%    
client [67] (testset)   loss: 0.0000 -> 0.0000  accuracy: 100.00% -> 100.00%    
client [37] (testset)   loss: 0.1072 -> 0.0892  accuracy: 97.40% -> 97.40%      
client [58] (testset)   loss: 0.0184 -> 0.0059  accuracy: 99.29% -> 100.00%     
client [64] (testset)   loss: 0.0479 -> 0.0282  accuracy: 99.17% -> 99.17%      
client [77] (testset)   loss: 0.0902 -> 0.0695  accuracy: 97.95% -> 98.63%      
client [55] (testset)   loss: 0.0933 -> 0.0084  accuracy: 98.47% -> 99.74%      
client [12] (testset)   loss: 0.0773 -> 0.0243  accuracy: 97.52% -> 99.50%      
client [89] (testset)   loss: 0.0589 -> 0.0316  accuracy: 96.97% -> 96.97%      
---------------------------- TRAINING EPOCH: 170 ----------------------------   
client [84] (testset)   loss: 0.0001 -> 0.0001  accuracy: 100.00% -> 100.00%    
client [51] (testset)   loss: 0.0012 -> 0.0005  accuracy: 100.00% -> 100.00%    
client [8]  (testset)   loss: 0.3849 -> 0.1495  accuracy: 88.10% -> 97.62%      
client [18] (testset)   loss: 0.0533 -> 0.0116  accuracy: 98.97% -> 99.31%      
client [94] (testset)   loss: 0.0042 -> 0.0003  accuracy: 100.00% -> 100.00%    
client [81] (testset)   loss: 0.0039 -> 0.0024  accuracy: 100.00% -> 100.00%    
client [3]  (testset)   loss: 0.0369 -> 0.0098  accuracy: 98.95% -> 99.37%      
client [11] (testset)   loss: 0.0000 -> 0.0000  accuracy: 100.00% -> 100.00%    
client [95] (testset)   loss: 0.0116 -> 0.0019  accuracy: 99.64% -> 100.00%     
client [67] (testset)   loss: 0.0000 -> 0.0000  accuracy: 100.00% -> 100.00%    
---------------------------- TRAINING EPOCH: 180 ----------------------------   
client [21] (testset)   loss: 0.0182 -> 0.0092  accuracy: 99.02% -> 99.02%      
client [79] (testset)   loss: 0.0001 -> 0.0000  accuracy: 100.00% -> 100.00%    
client [58] (testset)   loss: 0.0266 -> 0.0032  accuracy: 99.29% -> 100.00%     
client [88] (testset)   loss: 0.1169 -> 0.0761  accuracy: 97.06% -> 97.06%      
client [46] (testset)   loss: 0.0356 -> 0.0215  accuracy: 98.87% -> 99.32%      
client [11] (testset)   loss: 0.0000 -> 0.0000  accuracy: 100.00% -> 100.00%    
client [55] (testset)   loss: 0.0606 -> 0.0132  accuracy: 98.98% -> 99.74%      
client [13] (testset)   loss: 0.0008 -> 0.0004  accuracy: 100.00% -> 100.00%    
client [31] (testset)   loss: 0.0027 -> 0.0026  accuracy: 100.00% -> 100.00%    
client [75] (testset)   loss: 0.1349 -> 0.0300  accuracy: 96.90% -> 99.07%      
---------------------------- TRAINING EPOCH: 190 ----------------------------   
client [19] (testset)   loss: 0.1326 -> 0.0700  accuracy: 96.30% -> 96.30%      
client [7]  (testset)   loss: 0.0000 -> 0.0000  accuracy: 100.00% -> 100.00%    
client [57] (testset)   loss: 0.0006 -> 0.0001  accuracy: 100.00% -> 100.00%    
client [13] (testset)   loss: 0.0029 -> 0.0017  accuracy: 100.00% -> 100.00%    
client [43] (testset)   loss: 0.1164 -> 0.0791  accuracy: 97.33% -> 98.40%      
client [91] (testset)   loss: 0.0246 -> 0.0082  accuracy: 99.17% -> 99.83%      
client [10] (testset)   loss: 0.0403 -> 0.0006  accuracy: 99.01% -> 100.00%     
client [64] (testset)   loss: 0.0812 -> 0.0418  accuracy: 98.33% -> 98.89%      
client [82] (testset)   loss: 0.0461 -> 0.0342  accuracy: 98.59% -> 98.59%      
client [22] (testset)   loss: 0.0001 -> 0.0001  accuracy: 100.00% -> 100.00%    
---------------------------- TRAINING EPOCH: 200 ----------------------------   
client [20] (testset)   loss: 0.0734 -> 0.0419  accuracy: 97.29% -> 98.19%      
client [23] (testset)   loss: 0.0004 -> 0.0005  accuracy: 100.00% -> 100.00%    
client [88] (testset)   loss: 0.2565 -> 0.0832  accuracy: 97.06% -> 97.06%      
client [98] (testset)   loss: 0.1133 -> 0.1043  accuracy: 97.06% -> 97.06%      
client [79] (testset)   loss: 0.0000 -> 0.0000  accuracy: 100.00% -> 100.00%    
client [21] (testset)   loss: 0.0402 -> 0.0383  accuracy: 99.02% -> 99.02%      
client [92] (testset)   loss: 0.0000 -> 0.0000  accuracy: 100.00% -> 100.00%    
client [56] (testset)   loss: 0.0157 -> 0.0037  accuracy: 98.92% -> 100.00%     
client [5]  (testset)   loss: 0.0368 -> 0.0005  accuracy: 98.62% -> 100.00%     
client [52] (testset)   loss: 0.0080 -> 0.0041  accuracy: 100.00% -> 100.00%    
---------------------------- TRAINING EPOCH: 210 ----------------------------   
client [67] (testset)   loss: 0.0001 -> 0.0000  accuracy: 100.00% -> 100.00%    
client [54] (testset)   loss: 0.0001 -> 0.0001  accuracy: 100.00% -> 100.00%    
client [14] (testset)   loss: 0.0584 -> 0.0583  accuracy: 98.61% -> 98.61%      
client [99] (testset)   loss: 0.0618 -> 0.0236  accuracy: 95.24% -> 100.00%     
client [36] (testset)   loss: 0.0962 -> 0.0820  accuracy: 98.48% -> 98.98%      
client [30] (testset)   loss: 0.0035 -> 0.0022  accuracy: 100.00% -> 100.00%    
client [38] (testset)   loss: 0.0952 -> 0.0916  accuracy: 98.25% -> 98.25%      
client [15] (testset)   loss: 0.0703 -> 0.0652  accuracy: 99.08% -> 99.08%      
client [6]  (testset)   loss: 0.0496 -> 0.0147  accuracy: 98.44% -> 99.22%      
client [53] (testset)   loss: 0.0025 -> 0.0017  accuracy: 100.00% -> 100.00%    
---------------------------- TRAINING EPOCH: 220 ----------------------------   
client [99] (testset)   loss: 0.0143 -> 0.0097  accuracy: 100.00% -> 100.00%    
client [6]  (testset)   loss: 0.0240 -> 0.0177  accuracy: 99.22% -> 99.48%      
client [83] (testset)   loss: 0.1035 -> 0.0996  accuracy: 97.86% -> 98.22%      
client [42] (testset)   loss: 0.1018 -> 0.0979  accuracy: 97.27% -> 98.36%      
client [34] (testset)   loss: 0.1756 -> 0.1760  accuracy: 94.44% -> 94.44%      
client [15] (testset)   loss: 0.0405 -> 0.0389  accuracy: 99.08% -> 99.08%      
client [47] (testset)   loss: 0.1564 -> 0.0765  accuracy: 96.59% -> 96.59%      
client [55] (testset)   loss: 0.0218 -> 0.0126  accuracy: 99.49% -> 99.74%      
client [51] (testset)   loss: 0.0001 -> 0.0001  accuracy: 100.00% -> 100.00%    
client [95] (testset)   loss: 0.0242 -> 0.0012  accuracy: 99.64% -> 100.00%     
---------------------------- TRAINING EPOCH: 230 ----------------------------   
client [71] (testset)   loss: 0.0296 -> 0.0192  accuracy: 99.77% -> 99.77%      
client [15] (testset)   loss: 0.0957 -> 0.0500  accuracy: 97.25% -> 99.08%      
client [33] (testset)   loss: 0.1247 -> 0.0805  accuracy: 98.53% -> 99.51%      
client [99] (testset)   loss: 0.2516 -> 0.0139  accuracy: 90.48% -> 100.00%     
client [90] (testset)   loss: 0.0915 -> 0.0505  accuracy: 98.18% -> 99.27%      
client [57] (testset)   loss: 0.0047 -> 0.0002  accuracy: 100.00% -> 100.00%    
client [27] (testset)   loss: 0.0046 -> 0.0022  accuracy: 100.00% -> 100.00%    
client [78] (testset)   loss: 0.1282 -> 0.0893  accuracy: 97.45% -> 98.09%      
client [36] (testset)   loss: 0.1095 -> 0.0913  accuracy: 97.97% -> 98.98%      
client [88] (testset)   loss: 0.0898 -> 0.0592  accuracy: 97.06% -> 97.06%      
---------------------------- TRAINING EPOCH: 240 ----------------------------   
client [70] (testset)   loss: 0.0418 -> 0.0139  accuracy: 99.08% -> 99.82%      
client [35] (testset)   loss: 0.1338 -> 0.0341  accuracy: 97.06% -> 99.02%      
client [16] (testset)   loss: 0.0025 -> 0.0020  accuracy: 100.00% -> 100.00%    
client [80] (testset)   loss: 0.0001 -> 0.0000  accuracy: 100.00% -> 100.00%    
client [38] (testset)   loss: 0.0634 -> 0.0619  accuracy: 98.25% -> 98.25%      
client [78] (testset)   loss: 0.1238 -> 0.0693  accuracy: 97.45% -> 97.45%      
client [68] (testset)   loss: 0.0002 -> 0.0003  accuracy: 100.00% -> 100.00%    
client [11] (testset)   loss: 0.0000 -> 0.0000  accuracy: 100.00% -> 100.00%    
client [64] (testset)   loss: 0.0539 -> 0.0372  accuracy: 98.89% -> 99.17%      
client [82] (testset)   loss: 0.0026 -> 0.0023  accuracy: 100.00% -> 100.00%    
---------------------------- TRAINING EPOCH: 250 ----------------------------   
client [30] (testset)   loss: 0.0002 -> 0.0003  accuracy: 100.00% -> 100.00%    
client [27] (testset)   loss: 0.0036 -> 0.0006  accuracy: 100.00% -> 100.00%    
client [74] (testset)   loss: 0.0762 -> 0.1088  accuracy: 98.46% -> 99.08%      
client [45] (testset)   loss: 0.0363 -> 0.0169  accuracy: 98.16% -> 99.69%      
client [6]  (testset)   loss: 0.0249 -> 0.0157  accuracy: 99.22% -> 99.48%      
client [36] (testset)   loss: 0.0610 -> 0.0576  accuracy: 98.98% -> 98.98%      
client [63] (testset)   loss: 0.0181 -> 0.0227  accuracy: 98.54% -> 98.54%      
client [76] (testset)   loss: 0.0010 -> 0.0002  accuracy: 100.00% -> 100.00%    
client [83] (testset)   loss: 0.1138 -> 0.0943  accuracy: 97.86% -> 97.86%      
client [86] (testset)   loss: 0.0478 -> 0.0038  accuracy: 98.08% -> 100.00%     
---------------------------- TRAINING EPOCH: 260 ----------------------------   
client [83] (testset)   loss: 0.1318 -> 0.0973  accuracy: 98.58% -> 98.58%      
client [99] (testset)   loss: 0.0082 -> 0.0015  accuracy: 100.00% -> 100.00%    
client [74] (testset)   loss: 0.1025 -> 0.1346  accuracy: 99.08% -> 98.77%      
client [73] (testset)   loss: 0.0017 -> 0.0007  accuracy: 100.00% -> 100.00%    
client [29] (testset)   loss: 0.1085 -> 0.0530  accuracy: 97.42% -> 99.26%      
client [92] (testset)   loss: 0.0000 -> 0.0000  accuracy: 100.00% -> 100.00%    
client [6]  (testset)   loss: 0.0772 -> 0.0132  accuracy: 97.66% -> 99.22%      
client [61] (testset)   loss: 0.0113 -> 0.0033  accuracy: 99.71% -> 100.00%     
client [21] (testset)   loss: 0.0350 -> 0.0270  accuracy: 98.04% -> 99.02%      
client [67] (testset)   loss: 0.0000 -> 0.0000  accuracy: 100.00% -> 100.00%    
---------------------------- TRAINING EPOCH: 270 ----------------------------   
client [83] (testset)   loss: 0.2002 -> 0.1354  accuracy: 97.51% -> 98.22%      
client [32] (testset)   loss: 0.1663 -> 0.1349  accuracy: 97.62% -> 97.62%      
client [95] (testset)   loss: 0.0087 -> 0.0044  accuracy: 99.64% -> 99.64%      
client [61] (testset)   loss: 0.0068 -> 0.0018  accuracy: 99.71% -> 100.00%     
client [27] (testset)   loss: 0.0019 -> 0.0006  accuracy: 100.00% -> 100.00%    
client [25] (testset)   loss: 0.0005 -> 0.0003  accuracy: 100.00% -> 100.00%    
client [68] (testset)   loss: 0.0027 -> 0.0025  accuracy: 100.00% -> 100.00%    
client [34] (testset)   loss: 0.2564 -> 0.2557  accuracy: 94.44% -> 94.44%      
client [71] (testset)   loss: 0.0236 -> 0.0209  accuracy: 99.77% -> 99.77%      
client [89] (testset)   loss: 0.0000 -> 0.0000  accuracy: 100.00% -> 100.00%    
---------------------------- TRAINING EPOCH: 280 ----------------------------   
client [78] (testset)   loss: 0.1825 -> 0.0952  accuracy: 96.18% -> 98.09%      
client [81] (testset)   loss: 0.0459 -> 0.0327  accuracy: 99.38% -> 99.38%      
client [51] (testset)   loss: 0.0000 -> 0.0000  accuracy: 100.00% -> 100.00%    
client [54] (testset)   loss: 0.0001 -> 0.0000  accuracy: 100.00% -> 100.00%    
client [65] (testset)   loss: 0.1274 -> 0.1116  accuracy: 98.74% -> 98.74%      
client [41] (testset)   loss: 0.0035 -> 0.0003  accuracy: 100.00% -> 100.00%    
client [11] (testset)   loss: 0.0000 -> 0.0000  accuracy: 100.00% -> 100.00%    
client [85] (testset)   loss: 0.0093 -> 0.0054  accuracy: 99.48% -> 100.00%     
client [12] (testset)   loss: 0.0385 -> 0.0295  accuracy: 98.51% -> 98.51%      
client [23] (testset)   loss: 0.0000 -> 0.0000  accuracy: 100.00% -> 100.00%    
---------------------------- TRAINING EPOCH: 290 ----------------------------   
client [16] (testset)   loss: 0.0018 -> 0.0004  accuracy: 100.00% -> 100.00%    
client [65] (testset)   loss: 0.1284 -> 0.1235  accuracy: 98.74% -> 98.74%      
client [53] (testset)   loss: 0.0010 -> 0.0010  accuracy: 100.00% -> 100.00%    
client [58] (testset)   loss: 0.0109 -> 0.0081  accuracy: 99.29% -> 100.00%     
client [72] (testset)   loss: 0.0102 -> 0.0064  accuracy: 99.09% -> 100.00%     
client [7]  (testset)   loss: 0.0012 -> 0.0011  accuracy: 100.00% -> 100.00%    
client [71] (testset)   loss: 0.0234 -> 0.0203  accuracy: 99.77% -> 99.77%      
client [59] (testset)   loss: 0.0000 -> 0.0000  accuracy: 100.00% -> 100.00%    
client [86] (testset)   loss: 0.1443 -> 0.0171  accuracy: 97.26% -> 99.18%      
client [39] (testset)   loss: 0.0242 -> 0.0060  accuracy: 99.51% -> 99.51%      
---------------------------- TRAINING EPOCH: 300 ----------------------------   
client [99] (testset)   loss: 0.0087 -> 0.0089  accuracy: 100.00% -> 100.00%    
client [7]  (testset)   loss: 0.0301 -> 0.0056  accuracy: 100.00% -> 100.00%    
client [17] (testset)   loss: 0.0040 -> 0.0026  accuracy: 100.00% -> 100.00%    
client [64] (testset)   loss: 0.0755 -> 0.0509  accuracy: 98.89% -> 98.89%      
client [37] (testset)   loss: 0.1115 -> 0.0835  accuracy: 97.84% -> 98.27%      
client [29] (testset)   loss: 0.0912 -> 0.0712  accuracy: 98.52% -> 98.89%      
client [93] (testset)   loss: 0.0000 -> 0.0000  accuracy: 100.00% -> 100.00%    
client [73] (testset)   loss: 0.0090 -> 0.0100  accuracy: 100.00% -> 100.00%    
client [40] (testset)   loss: 0.0000 -> 0.0000  accuracy: 100.00% -> 100.00%    
client [76] (testset)   loss: 0.0022 -> 0.0010  accuracy: 100.00% -> 100.00%    
---------------------------- TRAINING EPOCH: 310 ----------------------------   
client [31] (testset)   loss: 0.0174 -> 0.0172  accuracy: 100.00% -> 100.00%    
client [89] (testset)   loss: 0.0017 -> 0.0016  accuracy: 100.00% -> 100.00%    
client [77] (testset)   loss: 0.0549 -> 0.0542  accuracy: 97.95% -> 98.63%      
client [90] (testset)   loss: 0.0668 -> 0.0617  accuracy: 98.18% -> 98.54%      
client [26] (testset)   loss: 0.0002 -> 0.0002  accuracy: 100.00% -> 100.00%    
client [50] (testset)   loss: 0.0230 -> 0.0143  accuracy: 98.97% -> 99.49%      
client [30] (testset)   loss: 0.0011 -> 0.0011  accuracy: 100.00% -> 100.00%    
client [70] (testset)   loss: 0.0685 -> 0.0142  accuracy: 98.53% -> 99.82%      
client [41] (testset)   loss: 0.0006 -> 0.0006  accuracy: 100.00% -> 100.00%    
client [99] (testset)   loss: 0.0908 -> 0.0136  accuracy: 95.24% -> 100.00%     
---------------------------- TRAINING EPOCH: 320 ----------------------------   
client [68] (testset)   loss: 0.0006 -> 0.0009  accuracy: 100.00% -> 100.00%    
client [70] (testset)   loss: 0.0346 -> 0.0152  accuracy: 99.08% -> 99.82%      
client [52] (testset)   loss: 0.0097 -> 0.0005  accuracy: 100.00% -> 100.00%    
client [1]  (testset)   loss: 0.0002 -> 0.0002  accuracy: 100.00% -> 100.00%    
client [2]  (testset)   loss: 0.1053 -> 0.0636  accuracy: 98.48% -> 99.05%      
client [67] (testset)   loss: 0.0000 -> 0.0000  accuracy: 100.00% -> 100.00%    
client [92] (testset)   loss: 0.0000 -> 0.0000  accuracy: 100.00% -> 100.00%    
client [35] (testset)   loss: 0.1035 -> 0.0388  accuracy: 97.06% -> 99.02%      
client [36] (testset)   loss: 0.1404 -> 0.1200  accuracy: 98.48% -> 98.48%      
client [64] (testset)   loss: 0.0653 -> 0.0478  accuracy: 98.89% -> 99.17%      
---------------------------- TRAINING EPOCH: 330 ----------------------------   
client [44] (testset)   loss: 0.0433 -> 0.0292  accuracy: 98.51% -> 98.81%      
client [6]  (testset)   loss: 0.0184 -> 0.0145  accuracy: 99.22% -> 99.22%      
client [12] (testset)   loss: 0.0724 -> 0.0330  accuracy: 98.02% -> 99.50%      
client [55] (testset)   loss: 0.0246 -> 0.0090  accuracy: 99.49% -> 99.74%      
client [29] (testset)   loss: 0.3248 -> 0.0667  accuracy: 93.73% -> 98.89%      
client [9]  (testset)   loss: 0.0427 -> 0.0304  accuracy: 99.02% -> 99.35%      
client [43] (testset)   loss: 0.1311 -> 0.0780  accuracy: 97.33% -> 97.86%      
client [77] (testset)   loss: 0.0414 -> 0.0378  accuracy: 98.63% -> 99.32%      
client [98] (testset)   loss: 0.0044 -> 0.0043  accuracy: 100.00% -> 100.00%    
client [78] (testset)   loss: 0.0746 -> 0.0608  accuracy: 98.09% -> 98.09%      
---------------------------- TRAINING EPOCH: 340 ----------------------------   
client [92] (testset)   loss: 0.0000 -> 0.0000  accuracy: 100.00% -> 100.00%    
client [80] (testset)   loss: 0.0027 -> 0.0008  accuracy: 100.00% -> 100.00%    
client [63] (testset)   loss: 0.0357 -> 0.0353  accuracy: 99.27% -> 99.27%      
client [76] (testset)   loss: 0.0206 -> 0.0147  accuracy: 98.70% -> 98.70%      
client [78] (testset)   loss: 0.0805 -> 0.0744  accuracy: 98.73% -> 98.73%      
client [25] (testset)   loss: 0.0023 -> 0.0009  accuracy: 100.00% -> 100.00%    
client [58] (testset)   loss: 0.0159 -> 0.0109  accuracy: 99.29% -> 99.29%      
client [13] (testset)   loss: 0.0202 -> 0.0041  accuracy: 100.00% -> 100.00%    
client [17] (testset)   loss: 0.0070 -> 0.0025  accuracy: 99.61% -> 100.00%     
client [38] (testset)   loss: 0.1033 -> 0.0965  accuracy: 98.25% -> 98.25%      
---------------------------- TRAINING EPOCH: 350 ----------------------------   
client [72] (testset)   loss: 0.0096 -> 0.0044  accuracy: 99.09% -> 100.00%     
client [82] (testset)   loss: 0.0236 -> 0.0220  accuracy: 98.59% -> 98.59%      
client [86] (testset)   loss: 0.0743 -> 0.0257  accuracy: 98.08% -> 98.90%      
client [51] (testset)   loss: 0.0000 -> 0.0000  accuracy: 100.00% -> 100.00%    
client [96] (testset)   loss: 0.0377 -> 0.0158  accuracy: 98.04% -> 99.02%      
client [42] (testset)   loss: 0.1403 -> 0.1208  accuracy: 96.17% -> 97.27%      
client [55] (testset)   loss: 0.0204 -> 0.0083  accuracy: 99.49% -> 99.74%      
client [13] (testset)   loss: 0.0000 -> 0.0000  accuracy: 100.00% -> 100.00%    
client [1]  (testset)   loss: 0.0010 -> 0.0012  accuracy: 100.00% -> 100.00%    
client [12] (testset)   loss: 0.0974 -> 0.0538  accuracy: 97.52% -> 99.01%      
---------------------------- TRAINING EPOCH: 360 ----------------------------   
client [68] (testset)   loss: 0.0030 -> 0.0031  accuracy: 100.00% -> 100.00%    
client [23] (testset)   loss: 0.0030 -> 0.0006  accuracy: 100.00% -> 100.00%    
client [46] (testset)   loss: 0.0472 -> 0.0375  accuracy: 99.10% -> 99.32%      
client [41] (testset)   loss: 0.0027 -> 0.0009  accuracy: 100.00% -> 100.00%    
client [25] (testset)   loss: 0.0092 -> 0.0007  accuracy: 98.85% -> 100.00%     
client [58] (testset)   loss: 0.0086 -> 0.0075  accuracy: 99.29% -> 99.29%      
client [14] (testset)   loss: 0.1032 -> 0.0903  accuracy: 98.61% -> 98.61%      
client [33] (testset)   loss: 0.1342 -> 0.0986  accuracy: 98.86% -> 99.67%      
client [85] (testset)   loss: 0.0829 -> 0.0473  accuracy: 96.89% -> 98.45%      
client [62] (testset)   loss: 0.0614 -> 0.0000  accuracy: 98.90% -> 100.00%     
---------------------------- TRAINING EPOCH: 370 ----------------------------   
client [98] (testset)   loss: 0.0825 -> 0.0809  accuracy: 97.06% -> 97.06%      
client [63] (testset)   loss: 0.0323 -> 0.0319  accuracy: 99.27% -> 99.27%      
client [70] (testset)   loss: 0.0375 -> 0.0171  accuracy: 99.08% -> 99.63%      
client [65] (testset)   loss: 0.1656 -> 0.1393  accuracy: 98.32% -> 98.74%      
client [14] (testset)   loss: 0.0865 -> 0.0824  accuracy: 97.92% -> 97.92%      
client [73] (testset)   loss: 0.0347 -> 0.0370  accuracy: 97.06% -> 97.06%      
client [34] (testset)   loss: 0.1199 -> 0.1201  accuracy: 94.44% -> 94.44%      
client [99] (testset)   loss: 0.0054 -> 0.0046  accuracy: 100.00% -> 100.00%    
client [69] (testset)   loss: 0.0407 -> 0.0146  accuracy: 98.91% -> 99.27%      
client [46] (testset)   loss: 0.0436 -> 0.0398  accuracy: 99.32% -> 99.32%      
---------------------------- TRAINING EPOCH: 380 ----------------------------   
client [99] (testset)   loss: 0.0457 -> 0.0233  accuracy: 95.24% -> 100.00%     
client [93] (testset)   loss: 0.0000 -> 0.0000  accuracy: 100.00% -> 100.00%    
client [11] (testset)   loss: 0.0000 -> 0.0000  accuracy: 100.00% -> 100.00%    
client [58] (testset)   loss: 0.0144 -> 0.0104  accuracy: 98.58% -> 99.29%      
client [81] (testset)   loss: 0.0510 -> 0.0433  accuracy: 99.38% -> 99.38%      
client [85] (testset)   loss: 0.0250 -> 0.0143  accuracy: 98.45% -> 99.48%      
client [89] (testset)   loss: 0.0000 -> 0.0000  accuracy: 100.00% -> 100.00%    
client [45] (testset)   loss: 0.0379 -> 0.0313  accuracy: 99.39% -> 99.69%      
client [8]  (testset)   loss: 0.2389 -> 0.2375  accuracy: 97.62% -> 97.62%      
client [68] (testset)   loss: 0.0066 -> 0.0053  accuracy: 100.00% -> 100.00%    
---------------------------- TRAINING EPOCH: 390 ----------------------------   
client [67] (testset)   loss: 0.0001 -> 0.0000  accuracy: 100.00% -> 100.00%    
client [72] (testset)   loss: 0.0079 -> 0.0002  accuracy: 100.00% -> 100.00%    
client [1]  (testset)   loss: 0.0038 -> 0.0039  accuracy: 100.00% -> 100.00%    
client [78] (testset)   loss: 0.1224 -> 0.0945  accuracy: 97.45% -> 97.45%      
client [83] (testset)   loss: 0.1588 -> 0.1345  accuracy: 97.86% -> 97.86%      
client [21] (testset)   loss: 0.0565 -> 0.0568  accuracy: 99.02% -> 99.02%      
client [56] (testset)   loss: 0.0175 -> 0.0136  accuracy: 98.92% -> 98.92%      
client [44] (testset)   loss: 0.0395 -> 0.0340  accuracy: 98.81% -> 99.10%      
client [92] (testset)   loss: 0.0000 -> 0.0000  accuracy: 100.00% -> 100.00%    
client [27] (testset)   loss: 0.0022 -> 0.0002  accuracy: 100.00% -> 100.00%    
---------------------------- TRAINING EPOCH: 400 ----------------------------   
client [10] (testset)   loss: 0.0001 -> 0.0000  accuracy: 100.00% -> 100.00%    
client [39] (testset)   loss: 0.0108 -> 0.0034  accuracy: 99.75% -> 99.75%      
client [65] (testset)   loss: 0.1595 -> 0.1399  accuracy: 98.32% -> 98.74%      
client [26] (testset)   loss: 0.0151 -> 0.0150  accuracy: 100.00% -> 100.00%    
client [19] (testset)   loss: 0.1021 -> 0.0987  accuracy: 96.30% -> 96.30%      
client [68] (testset)   loss: 0.0007 -> 0.0006  accuracy: 100.00% -> 100.00%    
client [41] (testset)   loss: 0.0084 -> 0.0026  accuracy: 98.95% -> 100.00%     
client [50] (testset)   loss: 0.0347 -> 0.0337  accuracy: 98.97% -> 98.97%      
client [75] (testset)   loss: 0.0686 -> 0.0575  accuracy: 98.45% -> 98.45%      
client [81] (testset)   loss: 0.0758 -> 0.0561  accuracy: 99.38% -> 99.38%      
PSFL's average time taken by each global epoch: 0 min 1.24 sec.                 
PSFL's total running time: 0 h 8 m 21 s.                                        
==================== PSFL Experiment Results: ====================              
Display format: (before local fine-tuning) -> (after local fine-tuning)         
 So if finetune_epoch = 0, x.xx% -> 0.00% is normal.                            
 Centralized testing ONLY happens after model aggregation, so the stats between 
'->' are the same.                                                              
{                                                                               
    "100": {                                                                    
        "all_clients": {                                                        
            "test": {                                                           
                "loss": "0.0612 -> 0.0000",                                     
                "accuracy": "98.45% -> 0.00%"                                   
            }                                                                   
        }                                                                       
    },                                                                          
    "200": {                                                                    
        "all_clients": {                                                        
            "test": {                                                           
                "loss": "0.0520 -> 0.0000",                                     
                "accuracy": "98.85% -> 0.00%"                                   
            }                                                                   
        }                                                                       
    },                                                                          
    "300": {                                                                    
        "all_clients": {                                                        
            "test": {                                                           
                "loss": "0.0503 -> 0.0000",                                     
                "accuracy": "99.00% -> 0.00%"                                   
            }                                                                   
        }                                                                       
    },                                                                          
    "400": {                                                                    
        "all_clients": {                                                        
            "test": {                                                           
                "loss": "0.0522 -> 0.0000",                                     
                "accuracy": "98.98% -> 0.00%"                                   
            }                                                                   
        }                                                                       
    }                                                                           
}                                                                               
==================== PSFL Max Accuracy ====================                     
all_clients:                                                                    
(test) before fine-tuning: 99.00% at epoch 300                                  
(test) after fine-tuning: 0.00% at epoch 100                                    
