==================== pFedFDA ====================                              
Experiment Arguments:                                                          
{
    'method': 'pfedfda',
    'dataset': {
        'name': 'cifar100',
        'client_num': 100,
        'test_ratio': 0.25,
        'val_ratio': 0.0,
        'seed': 42,
        'split': 'sample',
        'IID_ratio': 0.0,
        'monitor_window_name_suffix': 'cifar100-100clients-0%IID-use20superclasses-Dir(1.0)-seed42',
        'super_class': False,
        'alpha': 1.0,
        'min_samples_per_client': 10
    },
    'model': {
        'name': 'avgcnn',
        'use_torchvision_pretrained_weights': True,
        'external_model_weights_path': None
    },
    'optimizer': {
        'lr': 0.01,
        'dampening': 0,
        'weight_decay': 0,
        'momentum': 0,
        'nesterov': False,
        'name': 'sgd'
    },
    'mode': 'serial',
    'parallel': {
        'ray_cluster_addr': None,
        'num_cpus': None,
        'num_gpus': None,
        'num_workers': 2
    },
    'common': {
        'seed': 42,
        'join_ratio': 0.1,
        'global_epoch': 400,
        'local_epoch': 5,
        'batch_size': 32,
        'reset_optimizer_on_global_epoch': True,
        'straggler_ratio': 0,
        'straggler_min_local_epoch': 0,
        'buffers': 'global',
        'client_side_evaluation': True,
        'test': {
            'client': {
                'interval': 100,
                'finetune_epoch': 0,
                'train': False,
                'val': False,
                'test': True
            },
            'server': {
                'interval': -1,
                'train': False,
                'val': False,
                'test': False,
                'model_in_train_mode': False
            }
        },
        'verbose_gap': 10,
        'monitor': None,
        'use_cuda': True,
        'save_log': True,
        'save_model': False,
        'save_learning_curve_plot': False,
        'save_metrics': True,
        'delete_useless_run': True
    },
    'pfedfda': {
        'eps': 0.0001,
        'single_beta': False,
        'local_beta': False,
        'num_cv_folds': 2
    }
}
---------------------------- TRAINING EPOCH: 10 ----------------------------   
client [77] (testset)   loss: 3.9899 -> 5.3218  accuracy: 9.38% -> 2.50%       
client [81] (testset)   loss: 3.9652 -> 3.9510  accuracy: 5.52% -> 13.10%      
client [21] (testset)   loss: 4.0599 -> 3.9739  accuracy: 6.85% -> 10.27%      
client [68] (testset)   loss: 3.7472 -> 4.0242  accuracy: 13.86% -> 13.86%     
client [93] (testset)   loss: 4.0586 -> 5.3610  accuracy: 7.19% -> 1.44%       
client [31] (testset)   loss: 4.1686 -> 5.1719  accuracy: 8.46% -> 6.15%       
client [20] (testset)   loss: 3.9100 -> 4.1997  accuracy: 10.77% -> 10.77%     
client [59] (testset)   loss: 4.0148 -> 4.0397  accuracy: 8.70% -> 9.42%       
client [48] (testset)   loss: 3.7475 -> 3.9271  accuracy: 12.43% -> 8.47%      
client [34] (testset)   loss: 3.8777 -> 3.8268  accuracy: 13.29% -> 13.92%     
---------------------------- TRAINING EPOCH: 20 ----------------------------   
client [69] (testset)   loss: 3.4049 -> 4.2795  accuracy: 21.12% -> 18.01%     
client [99] (testset)   loss: 3.5200 -> 5.0542  accuracy: 17.58% -> 8.79%      
client [67] (testset)   loss: 3.6543 -> 4.5992  accuracy: 17.11% -> 13.82%     
client [0]  (testset)   loss: 3.6747 -> 3.8427  accuracy: 16.18% -> 15.44%     
client [76] (testset)   loss: 3.9113 -> 5.2686  accuracy: 14.88% -> 5.79%      
client [41] (testset)   loss: 3.6018 -> 6.5256  accuracy: 15.11% -> 7.91%      
client [62] (testset)   loss: 3.5503 -> 3.5616  accuracy: 17.60% -> 13.60%     
client [2]  (testset)   loss: 3.5065 -> 3.9154  accuracy: 15.95% -> 17.79%     
client [14] (testset)   loss: 3.5776 -> 5.5247  accuracy: 16.28% -> 7.75%      
client [46] (testset)   loss: 3.6732 -> 4.5553  accuracy: 16.15% -> 15.53%     
---------------------------- TRAINING EPOCH: 30 ----------------------------   
client [24] (testset)   loss: 3.6200 -> 4.4476  accuracy: 20.29% -> 17.39%     
client [68] (testset)   loss: 3.3278 -> 4.6201  accuracy: 22.29% -> 16.87%     
client [57] (testset)   loss: 3.4368 -> 3.9887  accuracy: 21.79% -> 19.23%     
client [17] (testset)   loss: 3.7132 -> 7.7388  accuracy: 14.67% -> 7.33%      
client [54] (testset)   loss: 3.6431 -> 5.6648  accuracy: 19.49% -> 15.25%     
client [23] (testset)   loss: 3.7635 -> 3.9954  accuracy: 14.71% -> 21.76%     
client [35] (testset)   loss: 3.6215 -> 4.1714  accuracy: 16.17% -> 13.77%     
client [59] (testset)   loss: 3.5328 -> 4.2252  accuracy: 18.12% -> 14.49%     
client [31] (testset)   loss: 3.6180 -> 5.1473  accuracy: 22.31% -> 8.46%      
client [9]  (testset)   loss: 3.6779 -> 4.1581  accuracy: 17.65% -> 16.47%     
---------------------------- TRAINING EPOCH: 40 ----------------------------   
client [64] (testset)   loss: 4.0115 -> 4.6957  accuracy: 15.75% -> 17.12%     
client [33] (testset)   loss: 3.7899 -> 4.7521  accuracy: 23.08% -> 17.31%     
client [16] (testset)   loss: 3.7890 -> 5.5889  accuracy: 22.66% -> 13.28%     
client [44] (testset)   loss: 3.6436 -> 4.6740  accuracy: 23.57% -> 16.43%     
client [8]  (testset)   loss: 3.4958 -> 4.5524  accuracy: 27.54% -> 20.29%     
client [31] (testset)   loss: 3.8611 -> 4.8639  accuracy: 21.54% -> 19.23%     
client [47] (testset)   loss: 4.0390 -> 4.4157  accuracy: 19.32% -> 17.05%     
client [36] (testset)   loss: 3.8496 -> 4.6827  accuracy: 16.27% -> 13.86%     
client [20] (testset)   loss: 3.6713 -> 4.3255  accuracy: 21.54% -> 22.31%     
client [56] (testset)   loss: 3.7662 -> 4.1694  accuracy: 17.65% -> 27.94%     
---------------------------- TRAINING EPOCH: 50 ----------------------------   
client [4]  (testset)   loss: 3.8203 -> 8.6395  accuracy: 23.20% -> 9.39%      
client [60] (testset)   loss: 4.7426 -> 5.3634  accuracy: 14.29% -> 13.57%     
client [28] (testset)   loss: 3.5144 -> 4.2689  accuracy: 22.76% -> 22.76%     
client [25] (testset)   loss: 3.7761 -> 7.5741  accuracy: 17.97% -> 14.06%     
client [58] (testset)   loss: 3.7193 -> 4.4024  accuracy: 26.45% -> 25.62%     
client [44] (testset)   loss: 3.6540 -> 4.4657  accuracy: 25.71% -> 20.71%     
client [39] (testset)   loss: 3.9115 -> 4.7326  accuracy: 22.73% -> 20.13%     
client [29] (testset)   loss: 3.6117 -> 4.2057  accuracy: 23.24% -> 21.62%     
client [3]  (testset)   loss: 3.9198 -> 4.4296  accuracy: 20.79% -> 24.26%     
client [84] (testset)   loss: 3.3954 -> 3.9751  accuracy: 27.46% -> 21.13%     
---------------------------- TRAINING EPOCH: 60 ----------------------------   
client [21] (testset)   loss: 3.5869 -> 4.0768  accuracy: 25.34% -> 24.66%     
client [84] (testset)   loss: 3.5244 -> 4.2250  accuracy: 26.76% -> 20.42%     
client [10] (testset)   loss: 3.5633 -> 4.3736  accuracy: 20.39% -> 17.11%     
client [36] (testset)   loss: 3.7773 -> 4.7076  accuracy: 16.87% -> 17.47%     
client [65] (testset)   loss: 4.0588 -> 5.1469  accuracy: 14.67% -> 13.33%     
client [81] (testset)   loss: 3.6799 -> 4.4811  accuracy: 20.69% -> 22.07%     
client [79] (testset)   loss: 3.4810 -> 4.1777  accuracy: 22.73% -> 24.43%     
client [42] (testset)   loss: 3.6894 -> 4.5003  accuracy: 15.92% -> 20.38%     
client [11] (testset)   loss: 3.5573 -> 4.1105  accuracy: 27.54% -> 28.26%     
client [96] (testset)   loss: 3.6283 -> 4.3987  accuracy: 28.69% -> 27.05%     
---------------------------- TRAINING EPOCH: 70 ----------------------------   
client [8]  (testset)   loss: 3.4147 -> 4.4376  accuracy: 25.36% -> 22.46%     
client [53] (testset)   loss: 3.3627 -> 3.9957  accuracy: 23.97% -> 28.08%     
client [52] (testset)   loss: 3.4970 -> 4.1648  accuracy: 29.22% -> 25.32%     
client [42] (testset)   loss: 3.7277 -> 4.4250  accuracy: 15.29% -> 17.83%     
client [69] (testset)   loss: 3.2884 -> 3.7420  accuracy: 25.47% -> 27.33%     
client [59] (testset)   loss: 3.4662 -> 4.0215  accuracy: 24.64% -> 24.64%     
client [7]  (testset)   loss: 3.9342 -> 4.6918  accuracy: 23.57% -> 22.86%     
client [26] (testset)   loss: 3.7036 -> 4.4953  accuracy: 24.69% -> 23.46%     
client [49] (testset)   loss: 3.7026 -> 4.6198  accuracy: 22.37% -> 20.39%     
client [98] (testset)   loss: 3.5392 -> 4.4364  accuracy: 19.33% -> 19.33%     
---------------------------- TRAINING EPOCH: 80 ----------------------------   
client [98] (testset)   loss: 3.7758 -> 4.3986  accuracy: 18.00% -> 16.67%     
client [47] (testset)   loss: 4.1861 -> 4.7664  accuracy: 19.89% -> 23.86%     
client [21] (testset)   loss: 3.6696 -> 4.1843  accuracy: 21.92% -> 26.03%     
client [77] (testset)   loss: 3.8923 -> 4.5542  accuracy: 26.88% -> 23.12%     
client [95] (testset)   loss: 3.8120 -> 4.2933  accuracy: 27.01% -> 22.63%     
client [91] (testset)   loss: 3.7541 -> 4.2845  accuracy: 27.22% -> 22.22%     
client [14] (testset)   loss: 3.4587 -> 4.2138  accuracy: 28.68% -> 23.26%     
client [99] (testset)   loss: 3.7184 -> 4.2274  accuracy: 20.33% -> 22.53%     
client [20] (testset)   loss: 3.7856 -> 4.1502  accuracy: 21.54% -> 27.69%     
client [39] (testset)   loss: 3.8528 -> 4.6208  accuracy: 22.08% -> 22.08%     
---------------------------- TRAINING EPOCH: 90 ----------------------------   
client [52] (testset)   loss: 3.5281 -> 4.1512  accuracy: 26.62% -> 28.57%     
client [62] (testset)   loss: 3.3863 -> 4.0502  accuracy: 31.20% -> 25.60%     
client [71] (testset)   loss: 4.2895 -> 5.0147  accuracy: 26.58% -> 22.15%     
client [97] (testset)   loss: 3.7843 -> 4.4731  accuracy: 22.98% -> 18.63%     
client [30] (testset)   loss: 3.7511 -> 4.5327  accuracy: 28.65% -> 28.09%     
client [88] (testset)   loss: 3.8070 -> 4.6151  accuracy: 20.00% -> 21.43%     
client [60] (testset)   loss: 4.9773 -> 5.4116  accuracy: 17.14% -> 15.71%     
client [82] (testset)   loss: 3.4544 -> 4.1556  accuracy: 30.18% -> 25.44%     
client [91] (testset)   loss: 3.5584 -> 4.3170  accuracy: 28.89% -> 24.44%     
client [57] (testset)   loss: 3.6530 -> 3.9863  accuracy: 26.28% -> 25.64%     
---------------------------- TRAINING EPOCH: 100 ----------------------------  
client [31] (testset)   loss: 4.1603 -> 4.9285  accuracy: 16.15% -> 18.46%     
client [15] (testset)   loss: 3.4765 -> 4.0957  accuracy: 22.86% -> 27.86%     
client [71] (testset)   loss: 4.1329 -> 4.9093  accuracy: 28.48% -> 21.52%     
client [97] (testset)   loss: 3.8756 -> 4.6454  accuracy: 24.84% -> 16.15%     
client [53] (testset)   loss: 3.4652 -> 3.8456  accuracy: 26.03% -> 31.51%     
client [77] (testset)   loss: 3.9404 -> 5.4211  accuracy: 26.25% -> 17.50%     
client [76] (testset)   loss: 4.3753 -> 5.0979  accuracy: 19.01% -> 19.01%     
client [79] (testset)   loss: 3.6216 -> 4.1617  accuracy: 25.57% -> 27.84%     
client [28] (testset)   loss: 3.5651 -> 4.2863  accuracy: 26.21% -> 24.83%     
client [99] (testset)   loss: 3.5441 -> 4.0887  accuracy: 26.92% -> 23.08%     
---------------------------- TRAINING EPOCH: 110 ----------------------------  
client [97] (testset)   loss: 3.9428 -> 4.3486  accuracy: 24.84% -> 18.63%     
client [86] (testset)   loss: 3.6746 -> 4.1011  accuracy: 25.35% -> 24.65%     
client [34] (testset)   loss: 3.6119 -> 4.1534  accuracy: 27.85% -> 27.85%     
client [73] (testset)   loss: 3.8974 -> 4.7324  accuracy: 18.90% -> 23.17%     
client [5]  (testset)   loss: 3.6531 -> 4.4998  accuracy: 26.97% -> 21.05%     
client [96] (testset)   loss: 3.6798 -> 4.3853  accuracy: 32.79% -> 29.51%     
client [22] (testset)   loss: 3.8536 -> 4.3075  accuracy: 22.54% -> 21.83%     
client [60] (testset)   loss: 5.0143 -> 5.3833  accuracy: 18.57% -> 17.14%     
client [66] (testset)   loss: 3.5549 -> 4.0789  accuracy: 27.70% -> 31.08%     
client [83] (testset)   loss: 3.7684 -> 4.1480  accuracy: 26.75% -> 28.03%     
---------------------------- TRAINING EPOCH: 120 ----------------------------  
client [76] (testset)   loss: 4.4929 -> 5.3260  accuracy: 18.18% -> 17.36%     
client [65] (testset)   loss: 4.4528 -> 5.3463  accuracy: 18.00% -> 12.67%     
client [95] (testset)   loss: 3.7407 -> 3.9702  accuracy: 27.74% -> 26.28%     
client [17] (testset)   loss: 3.7283 -> 4.5858  accuracy: 19.33% -> 21.33%     
client [8]  (testset)   loss: 3.5482 -> 4.4774  accuracy: 29.71% -> 24.64%     
client [35] (testset)   loss: 4.1380 -> 4.5320  accuracy: 19.16% -> 21.56%     
client [98] (testset)   loss: 3.7005 -> 4.3439  accuracy: 24.67% -> 22.00%     
client [53] (testset)   loss: 3.3610 -> 3.8820  accuracy: 21.92% -> 30.14%     
client [43] (testset)   loss: 3.8743 -> 4.5205  accuracy: 27.59% -> 25.52%     
client [64] (testset)   loss: 4.1802 -> 4.7799  accuracy: 23.29% -> 19.18%     
---------------------------- TRAINING EPOCH: 130 ----------------------------  
client [21] (testset)   loss: 3.8334 -> 4.3935  accuracy: 26.03% -> 23.29%     
client [88] (testset)   loss: 3.8855 -> 4.2771  accuracy: 20.00% -> 18.57%     
client [38] (testset)   loss: 3.9572 -> 4.4634  accuracy: 23.57% -> 26.43%     
client [3]  (testset)   loss: 4.2775 -> 4.7947  accuracy: 20.30% -> 24.75%     
client [5]  (testset)   loss: 3.7170 -> 4.4944  accuracy: 26.97% -> 24.34%     
client [41] (testset)   loss: 4.1243 -> 4.8078  accuracy: 20.86% -> 17.99%     
client [7]  (testset)   loss: 4.4991 -> 4.9868  accuracy: 22.86% -> 22.14%     
client [37] (testset)   loss: 4.1741 -> 4.4519  accuracy: 19.44% -> 29.17%     
client [45] (testset)   loss: 3.9597 -> 4.2709  accuracy: 24.57% -> 25.71%     
client [47] (testset)   loss: 4.2322 -> 4.7866  accuracy: 21.02% -> 21.02%     
---------------------------- TRAINING EPOCH: 140 ----------------------------  
client [16] (testset)   loss: 3.7386 -> 4.3551  accuracy: 28.12% -> 25.78%     
client [11] (testset)   loss: 3.7604 -> 4.3236  accuracy: 25.36% -> 30.43%     
client [37] (testset)   loss: 3.9781 -> 4.4628  accuracy: 23.61% -> 26.39%     
client [41] (testset)   loss: 4.0505 -> 4.5706  accuracy: 20.14% -> 22.30%     
client [95] (testset)   loss: 3.7589 -> 4.0460  accuracy: 32.85% -> 30.66%     
client [53] (testset)   loss: 3.5134 -> 3.7288  accuracy: 19.86% -> 32.88%     
client [22] (testset)   loss: 3.9234 -> 4.2784  accuracy: 23.94% -> 23.94%     
client [25] (testset)   loss: 3.9314 -> 4.7724  accuracy: 19.53% -> 19.53%     
client [69] (testset)   loss: 3.3747 -> 3.8127  accuracy: 31.06% -> 34.16%     
client [46] (testset)   loss: 3.9092 -> 4.4768  accuracy: 27.33% -> 27.33%     
---------------------------- TRAINING EPOCH: 150 ----------------------------  
client [47] (testset)   loss: 4.1362 -> 4.8339  accuracy: 24.43% -> 22.16%     
client [69] (testset)   loss: 3.4652 -> 3.6707  accuracy: 27.33% -> 34.78%     
client [82] (testset)   loss: 3.8845 -> 4.1057  accuracy: 31.36% -> 26.63%     
client [45] (testset)   loss: 3.9550 -> 4.3679  accuracy: 26.86% -> 26.29%     
client [7]  (testset)   loss: 4.4609 -> 5.1513  accuracy: 24.29% -> 23.57%     
client [50] (testset)   loss: 3.7145 -> 3.7563  accuracy: 30.33% -> 29.51%     
client [35] (testset)   loss: 4.2270 -> 4.8232  accuracy: 21.56% -> 23.35%     
client [24] (testset)   loss: 4.3783 -> 4.7786  accuracy: 25.36% -> 24.64%     
client [15] (testset)   loss: 3.8008 -> 4.1859  accuracy: 25.00% -> 27.86%     
client [58] (testset)   loss: 3.8066 -> 4.2122  accuracy: 23.97% -> 27.27%     
---------------------------- TRAINING EPOCH: 160 ----------------------------  
client [48] (testset)   loss: 3.9726 -> 4.5489  accuracy: 24.86% -> 26.55%     
client [76] (testset)   loss: 4.5464 -> 5.2271  accuracy: 21.49% -> 14.05%     
client [67] (testset)   loss: 3.8210 -> 4.5650  accuracy: 30.92% -> 25.00%     
client [37] (testset)   loss: 4.1618 -> 4.4615  accuracy: 27.78% -> 30.56%     
client [58] (testset)   loss: 3.6666 -> 4.0255  accuracy: 33.06% -> 29.75%     
client [64] (testset)   loss: 4.2268 -> 4.8327  accuracy: 29.45% -> 23.29%     
client [77] (testset)   loss: 4.1855 -> 5.0580  accuracy: 24.38% -> 21.88%     
client [55] (testset)   loss: 3.9751 -> 4.3832  accuracy: 23.94% -> 26.76%     
client [12] (testset)   loss: 3.7002 -> 4.0077  accuracy: 26.17% -> 31.54%     
client [89] (testset)   loss: 3.5441 -> 3.6843  accuracy: 26.71% -> 26.71%     
---------------------------- TRAINING EPOCH: 170 ----------------------------  
client [84] (testset)   loss: 3.7421 -> 4.4722  accuracy: 24.65% -> 22.54%     
client [51] (testset)   loss: 3.7190 -> 4.3950  accuracy: 28.87% -> 25.35%     
client [8]  (testset)   loss: 3.7460 -> 4.6210  accuracy: 28.26% -> 26.09%     
client [18] (testset)   loss: 3.4846 -> 3.8558  accuracy: 28.76% -> 30.07%     
client [94] (testset)   loss: 4.0036 -> 4.3195  accuracy: 23.57% -> 23.57%     
client [81] (testset)   loss: 4.0250 -> 4.7599  accuracy: 19.31% -> 22.07%     
client [3]  (testset)   loss: 4.1734 -> 4.7973  accuracy: 20.79% -> 20.79%     
client [11] (testset)   loss: 3.7408 -> 4.3512  accuracy: 29.71% -> 25.36%     
client [95] (testset)   loss: 3.6846 -> 3.9789  accuracy: 32.12% -> 28.47%     
client [67] (testset)   loss: 3.8455 -> 4.6359  accuracy: 32.24% -> 23.03%     
---------------------------- TRAINING EPOCH: 180 ----------------------------  
client [21] (testset)   loss: 3.7757 -> 4.3005  accuracy: 28.08% -> 26.71%     
client [79] (testset)   loss: 3.9889 -> 4.2851  accuracy: 27.84% -> 28.98%     
client [58] (testset)   loss: 3.8449 -> 4.4241  accuracy: 26.45% -> 27.27%     
client [88] (testset)   loss: 3.8940 -> 4.7120  accuracy: 19.29% -> 18.57%     
client [46] (testset)   loss: 4.2562 -> 4.5861  accuracy: 24.84% -> 26.71%     
client [11] (testset)   loss: 3.6371 -> 4.2218  accuracy: 31.16% -> 26.81%     
client [55] (testset)   loss: 4.1378 -> 4.6355  accuracy: 26.06% -> 27.46%     
client [13] (testset)   loss: 3.8787 -> 4.1672  accuracy: 32.65% -> 30.61%     
client [31] (testset)   loss: 4.5103 -> 5.2073  accuracy: 20.00% -> 18.46%     
client [75] (testset)   loss: 3.6321 -> 3.8436  accuracy: 31.10% -> 28.05%     
---------------------------- TRAINING EPOCH: 190 ----------------------------  
client [19] (testset)   loss: 3.9327 -> 4.3885  accuracy: 29.07% -> 29.07%     
client [7]  (testset)   loss: 4.6517 -> 5.1699  accuracy: 22.86% -> 22.14%     
client [57] (testset)   loss: 3.7648 -> 4.0051  accuracy: 31.41% -> 28.21%     
client [13] (testset)   loss: 3.8840 -> 4.3155  accuracy: 34.01% -> 25.17%     
client [43] (testset)   loss: 4.0892 -> 4.5320  accuracy: 27.59% -> 26.90%     
client [91] (testset)   loss: 3.8869 -> 4.3793  accuracy: 28.89% -> 28.33%     
client [10] (testset)   loss: 3.7475 -> 4.2195  accuracy: 26.32% -> 26.32%     
client [64] (testset)   loss: 4.3512 -> 5.0290  accuracy: 27.40% -> 19.86%     
client [82] (testset)   loss: 3.9140 -> 4.2488  accuracy: 27.22% -> 24.26%     
client [22] (testset)   loss: 4.1150 -> 4.3506  accuracy: 24.65% -> 25.35%     
---------------------------- TRAINING EPOCH: 200 ----------------------------  
client [20] (testset)   loss: 3.9868 -> 4.0691  accuracy: 25.38% -> 26.15%     
client [23] (testset)   loss: 4.6755 -> 5.0201  accuracy: 21.76% -> 25.88%     
client [88] (testset)   loss: 4.0844 -> 4.6180  accuracy: 20.00% -> 20.71%     
client [98] (testset)   loss: 3.9232 -> 4.2097  accuracy: 26.67% -> 27.33%     
client [79] (testset)   loss: 4.0725 -> 4.4189  accuracy: 26.70% -> 31.25%     
client [21] (testset)   loss: 3.9066 -> 4.3144  accuracy: 28.08% -> 28.08%     
client [92] (testset)   loss: 3.8774 -> 4.3580  accuracy: 30.99% -> 26.06%     
client [56] (testset)   loss: 4.0627 -> 4.6123  accuracy: 29.41% -> 26.47%     
client [5]  (testset)   loss: 3.8578 -> 4.6119  accuracy: 28.95% -> 26.32%     
client [52] (testset)   loss: 3.8409 -> 4.2384  accuracy: 29.22% -> 32.47%     
---------------------------- TRAINING EPOCH: 210 ----------------------------  
client [67] (testset)   loss: 3.9325 -> 4.6025  accuracy: 32.24% -> 27.63%     
client [54] (testset)   loss: 4.1333 -> 4.8516  accuracy: 21.19% -> 22.03%     
client [14] (testset)   loss: 3.7590 -> 4.4063  accuracy: 30.23% -> 21.71%     
client [99] (testset)   loss: 3.8715 -> 4.3160  accuracy: 25.27% -> 28.57%     
client [36] (testset)   loss: 4.2705 -> 4.9030  accuracy: 22.89% -> 27.71%     
client [30] (testset)   loss: 4.0049 -> 4.3215  accuracy: 28.09% -> 30.34%     
client [38] (testset)   loss: 4.0547 -> 4.3608  accuracy: 27.86% -> 27.14%     
client [15] (testset)   loss: 3.9689 -> 4.2532  accuracy: 26.43% -> 30.00%     
client [6]  (testset)   loss: 3.8482 -> 4.6043  accuracy: 31.37% -> 32.68%     
client [53] (testset)   loss: 3.5593 -> 4.2368  accuracy: 26.03% -> 27.40%     
---------------------------- TRAINING EPOCH: 220 ----------------------------  
client [99] (testset)   loss: 3.8964 -> 4.3000  accuracy: 26.37% -> 28.57%     
client [6]  (testset)   loss: 4.1054 -> 4.7800  accuracy: 30.72% -> 30.72%     
client [83] (testset)   loss: 4.3239 -> 4.4666  accuracy: 20.38% -> 27.39%     
client [42] (testset)   loss: 4.1320 -> 4.3138  accuracy: 21.66% -> 24.20%     
client [34] (testset)   loss: 4.0522 -> 4.4984  accuracy: 27.85% -> 25.32%     
client [15] (testset)   loss: 3.9295 -> 4.3920  accuracy: 24.29% -> 31.43%     
client [47] (testset)   loss: 4.5712 -> 4.8477  accuracy: 21.59% -> 24.43%     
client [55] (testset)   loss: 4.3320 -> 4.7850  accuracy: 21.83% -> 26.06%     
client [51] (testset)   loss: 4.0040 -> 4.6612  accuracy: 23.24% -> 29.58%     
client [95] (testset)   loss: 3.8130 -> 4.0199  accuracy: 32.12% -> 30.66%     
---------------------------- TRAINING EPOCH: 230 ----------------------------  
client [71] (testset)   loss: 4.7326 -> 5.0879  accuracy: 24.68% -> 24.68%     
client [15] (testset)   loss: 3.9690 -> 4.4368  accuracy: 29.29% -> 30.00%     
client [33] (testset)   loss: 4.1676 -> 4.4077  accuracy: 30.13% -> 24.36%     
client [99] (testset)   loss: 3.8398 -> 4.3892  accuracy: 28.02% -> 29.12%     
client [90] (testset)   loss: 4.4193 -> 5.3919  accuracy: 24.11% -> 22.70%     
client [57] (testset)   loss: 4.0257 -> 4.1749  accuracy: 28.21% -> 31.41%     
client [27] (testset)   loss: 4.2179 -> 4.4872  accuracy: 28.28% -> 26.90%     
client [78] (testset)   loss: 4.4166 -> 4.5735  accuracy: 15.86% -> 20.69%     
client [36] (testset)   loss: 4.3606 -> 4.9675  accuracy: 25.30% -> 25.90%     
client [88] (testset)   loss: 4.1086 -> 4.5683  accuracy: 20.71% -> 22.86%     
---------------------------- TRAINING EPOCH: 240 ----------------------------  
client [70] (testset)   loss: 3.8294 -> 3.9699  accuracy: 30.14% -> 34.25%     
client [35] (testset)   loss: 4.5698 -> 4.8406  accuracy: 23.95% -> 24.55%     
client [16] (testset)   loss: 4.2551 -> 4.9064  accuracy: 28.12% -> 26.56%     
client [80] (testset)   loss: 4.3688 -> 5.0197  accuracy: 25.32% -> 28.48%     
client [38] (testset)   loss: 4.3150 -> 4.5754  accuracy: 23.57% -> 27.86%     
client [78] (testset)   loss: 4.3863 -> 4.7164  accuracy: 16.55% -> 20.69%     
client [68] (testset)   loss: 4.1984 -> 4.8487  accuracy: 29.52% -> 28.92%     
client [11] (testset)   loss: 4.0102 -> 4.5769  accuracy: 27.54% -> 28.26%     
client [64] (testset)   loss: 4.8611 -> 5.0975  accuracy: 23.29% -> 22.60%     
client [82] (testset)   loss: 4.1712 -> 4.3687  accuracy: 27.81% -> 31.36%     
---------------------------- TRAINING EPOCH: 250 ----------------------------  
client [30] (testset)   loss: 4.0445 -> 4.3201  accuracy: 23.60% -> 29.78%     
client [27] (testset)   loss: 4.3991 -> 4.5624  accuracy: 28.28% -> 25.52%     
client [74] (testset)   loss: 4.4022 -> 4.9124  accuracy: 22.86% -> 20.71%     
client [45] (testset)   loss: 4.3300 -> 4.6592  accuracy: 22.86% -> 28.57%     
client [6]  (testset)   loss: 4.0548 -> 4.7643  accuracy: 32.03% -> 30.72%     
client [36] (testset)   loss: 4.4992 -> 4.9039  accuracy: 22.89% -> 26.51%     
client [63] (testset)   loss: 4.1691 -> 5.1250  accuracy: 28.10% -> 23.97%     
client [76] (testset)   loss: 5.0665 -> 5.6057  accuracy: 19.01% -> 16.53%     
client [83] (testset)   loss: 4.2773 -> 4.6748  accuracy: 22.93% -> 30.57%     
client [86] (testset)   loss: 4.3560 -> 4.6499  accuracy: 26.06% -> 30.28%     
---------------------------- TRAINING EPOCH: 260 ----------------------------  
client [83] (testset)   loss: 4.4226 -> 4.6293  accuracy: 26.11% -> 30.57%     
client [99] (testset)   loss: 4.0578 -> 4.5581  accuracy: 29.67% -> 26.37%     
client [74] (testset)   loss: 4.3383 -> 5.0013  accuracy: 25.71% -> 20.71%     
client [73] (testset)   loss: 4.4296 -> 4.9008  accuracy: 21.34% -> 23.78%     
client [29] (testset)   loss: 4.1201 -> 4.5540  accuracy: 22.70% -> 25.95%     
client [92] (testset)   loss: 4.0906 -> 4.5934  accuracy: 26.76% -> 23.24%     
client [6]  (testset)   loss: 4.2676 -> 4.8903  accuracy: 30.72% -> 30.72%     
client [61] (testset)   loss: 4.4598 -> 4.6321  accuracy: 20.77% -> 27.69%     
client [21] (testset)   loss: 4.1734 -> 4.5268  accuracy: 29.45% -> 24.66%     
client [67] (testset)   loss: 3.9885 -> 4.8784  accuracy: 31.58% -> 27.63%     
---------------------------- TRAINING EPOCH: 270 ----------------------------  
client [83] (testset)   loss: 4.5382 -> 4.9292  accuracy: 24.20% -> 29.30%     
client [32] (testset)   loss: 4.4729 -> 4.9844  accuracy: 24.39% -> 25.00%     
client [95] (testset)   loss: 4.0023 -> 4.3705  accuracy: 33.58% -> 27.74%     
client [61] (testset)   loss: 4.6253 -> 4.8593  accuracy: 20.00% -> 26.15%     
client [27] (testset)   loss: 4.5058 -> 4.5542  accuracy: 27.59% -> 28.28%     
client [25] (testset)   loss: 4.4854 -> 5.5945  accuracy: 23.44% -> 18.75%     
client [68] (testset)   loss: 4.3832 -> 5.0978  accuracy: 25.30% -> 27.71%     
client [34] (testset)   loss: 4.4275 -> 4.9804  accuracy: 31.65% -> 25.32%     
client [71] (testset)   loss: 4.9330 -> 5.4938  accuracy: 29.75% -> 23.42%     
client [89] (testset)   loss: 4.1200 -> 4.2761  accuracy: 31.51% -> 27.40%     
---------------------------- TRAINING EPOCH: 280 ----------------------------  
client [78] (testset)   loss: 4.6693 -> 4.9398  accuracy: 18.62% -> 19.31%     
client [81] (testset)   loss: 4.6184 -> 4.9967  accuracy: 19.31% -> 24.14%     
client [51] (testset)   loss: 4.0613 -> 4.9170  accuracy: 30.28% -> 28.87%     
client [54] (testset)   loss: 4.3665 -> 5.0549  accuracy: 25.42% -> 22.88%     
client [65] (testset)   loss: 5.2730 -> 5.7912  accuracy: 15.33% -> 15.33%     
client [41] (testset)   loss: 4.5698 -> 4.9319  accuracy: 19.42% -> 25.90%     
client [11] (testset)   loss: 4.0595 -> 4.5956  accuracy: 28.26% -> 29.71%     
client [85] (testset)   loss: 5.3756 -> 5.8122  accuracy: 25.00% -> 20.83%     
client [12] (testset)   loss: 4.3680 -> 4.6994  accuracy: 26.17% -> 26.85%     
client [23] (testset)   loss: 4.7691 -> 5.5435  accuracy: 22.35% -> 24.71%     
---------------------------- TRAINING EPOCH: 290 ----------------------------  
client [16] (testset)   loss: 4.4773 -> 4.8661  accuracy: 24.22% -> 28.91%     
client [65] (testset)   loss: 5.2183 -> 5.8136  accuracy: 16.00% -> 16.00%     
client [53] (testset)   loss: 3.8270 -> 4.3121  accuracy: 21.92% -> 31.51%     
client [58] (testset)   loss: 4.1543 -> 4.5555  accuracy: 25.62% -> 29.75%     
client [72] (testset)   loss: 4.7577 -> 5.1665  accuracy: 26.32% -> 22.81%     
client [7]  (testset)   loss: 5.1713 -> 5.5936  accuracy: 24.29% -> 25.71%     
client [71] (testset)   loss: 4.8705 -> 5.4365  accuracy: 27.85% -> 25.32%     
client [59] (testset)   loss: 3.8863 -> 4.4504  accuracy: 25.36% -> 27.54%     
client [86] (testset)   loss: 4.6143 -> 4.8060  accuracy: 24.65% -> 28.17%     
client [39] (testset)   loss: 4.3158 -> 4.7187  accuracy: 26.62% -> 22.73%     
---------------------------- TRAINING EPOCH: 300 ----------------------------  
client [99] (testset)   loss: 4.1121 -> 4.7331  accuracy: 31.32% -> 29.12%     
client [7]  (testset)   loss: 5.1849 -> 5.9347  accuracy: 22.86% -> 22.14%     
client [17] (testset)   loss: 4.3684 -> 4.6456  accuracy: 23.33% -> 27.33%     
client [64] (testset)   loss: 5.4198 -> 5.6033  accuracy: 23.97% -> 20.55%     
client [37] (testset)   loss: 4.8941 -> 5.3571  accuracy: 24.31% -> 27.78%     
client [29] (testset)   loss: 4.1348 -> 4.8573  accuracy: 26.49% -> 27.03%     
client [93] (testset)   loss: 4.4940 -> 4.8566  accuracy: 28.78% -> 27.34%     
client [73] (testset)   loss: 4.6233 -> 5.0701  accuracy: 18.29% -> 20.73%     
client [40] (testset)   loss: 5.0131 -> 5.2487  accuracy: 22.16% -> 22.16%     
client [76] (testset)   loss: 5.3901 -> 6.1401  accuracy: 21.49% -> 15.70%     
---------------------------- TRAINING EPOCH: 310 ----------------------------  
client [31] (testset)   loss: 5.3830 -> 6.1612  accuracy: 20.00% -> 15.38%     
client [89] (testset)   loss: 4.3561 -> 4.5696  accuracy: 30.14% -> 28.08%     
client [77] (testset)   loss: 4.7615 -> 5.2421  accuracy: 27.50% -> 22.50%     
client [90] (testset)   loss: 4.8138 -> 5.6721  accuracy: 26.24% -> 29.08%     
client [26] (testset)   loss: 4.4934 -> 4.9163  accuracy: 27.16% -> 29.01%     
client [50] (testset)   loss: 4.2961 -> 4.5006  accuracy: 28.69% -> 27.87%     
client [30] (testset)   loss: 4.4068 -> 4.5241  accuracy: 24.72% -> 29.78%     
client [70] (testset)   loss: 4.3766 -> 4.6618  accuracy: 29.45% -> 31.51%     
client [41] (testset)   loss: 4.7627 -> 5.7629  accuracy: 17.27% -> 17.99%     
client [99] (testset)   loss: 4.2893 -> 4.8634  accuracy: 29.67% -> 29.12%     
---------------------------- TRAINING EPOCH: 320 ----------------------------  
client [68] (testset)   loss: 4.5929 -> 5.1039  accuracy: 28.92% -> 24.10%     
client [70] (testset)   loss: 4.4301 -> 4.4430  accuracy: 28.77% -> 30.82%     
client [52] (testset)   loss: 4.2226 -> 4.5334  accuracy: 31.82% -> 31.82%     
client [1]  (testset)   loss: 4.8643 -> 5.3693  accuracy: 21.28% -> 20.57%     
client [2]  (testset)   loss: 3.8272 -> 4.2482  accuracy: 36.81% -> 34.36%     
client [67] (testset)   loss: 4.3794 -> 4.6585  accuracy: 32.24% -> 34.87%     
client [92] (testset)   loss: 4.3864 -> 4.7644  accuracy: 26.76% -> 27.46%     
client [35] (testset)   loss: 5.0787 -> 5.6699  accuracy: 25.75% -> 25.75%     
client [36] (testset)   loss: 5.0014 -> 5.4356  accuracy: 21.69% -> 27.71%     
client [64] (testset)   loss: 5.5210 -> 5.6439  accuracy: 26.03% -> 22.60%     
---------------------------- TRAINING EPOCH: 330 ----------------------------  
client [44] (testset)   loss: 4.5155 -> 5.4248  accuracy: 27.14% -> 27.14%     
client [6]  (testset)   loss: 4.5342 -> 5.2459  accuracy: 31.37% -> 33.99%     
client [12] (testset)   loss: 4.7154 -> 5.0613  accuracy: 22.15% -> 22.15%     
client [55] (testset)   loss: 4.9355 -> 5.3008  accuracy: 26.76% -> 26.06%     
client [29] (testset)   loss: 4.5341 -> 5.0577  accuracy: 27.03% -> 26.49%     
client [9]  (testset)   loss: 4.7016 -> 4.7602  accuracy: 27.06% -> 27.65%     
client [43] (testset)   loss: 4.8508 -> 4.9092  accuracy: 27.59% -> 25.52%     
client [77] (testset)   loss: 5.0021 -> 5.6479  accuracy: 22.50% -> 21.25%     
client [98] (testset)   loss: 4.5401 -> 5.0142  accuracy: 22.67% -> 20.67%     
client [78] (testset)   loss: 5.0201 -> 5.2314  accuracy: 18.62% -> 20.00%     
---------------------------- TRAINING EPOCH: 340 ----------------------------  
client [92] (testset)   loss: 4.5135 -> 4.8107  accuracy: 31.69% -> 28.87%     
client [80] (testset)   loss: 4.8523 -> 5.3778  accuracy: 27.85% -> 24.05%     
client [63] (testset)   loss: 4.5104 -> 5.1651  accuracy: 31.40% -> 24.79%     
client [76] (testset)   loss: 5.8333 -> 6.2967  accuracy: 19.83% -> 14.05%     
client [78] (testset)   loss: 5.0296 -> 5.3439  accuracy: 17.24% -> 20.00%     
client [25] (testset)   loss: 4.9339 -> 5.7594  accuracy: 18.75% -> 23.44%     
client [58] (testset)   loss: 4.4893 -> 4.7921  accuracy: 28.10% -> 27.27%     
client [13] (testset)   loss: 4.8723 -> 5.0118  accuracy: 31.29% -> 29.93%     
client [17] (testset)   loss: 4.5781 -> 4.9530  accuracy: 22.67% -> 26.00%     
client [38] (testset)   loss: 4.4269 -> 4.5323  accuracy: 25.00% -> 30.71%     
---------------------------- TRAINING EPOCH: 350 ----------------------------  
client [72] (testset)   loss: 5.1823 -> 5.5442  accuracy: 22.81% -> 24.56%     
client [82] (testset)   loss: 4.5720 -> 4.8402  accuracy: 27.81% -> 28.99%     
client [86] (testset)   loss: 4.7156 -> 5.0216  accuracy: 25.35% -> 26.76%     
client [51] (testset)   loss: 4.4239 -> 5.0744  accuracy: 31.69% -> 30.28%     
client [96] (testset)   loss: 4.8869 -> 5.5149  accuracy: 31.97% -> 27.87%     
client [42] (testset)   loss: 4.6560 -> 4.8575  accuracy: 26.11% -> 22.29%     
client [55] (testset)   loss: 4.8789 -> 5.2642  accuracy: 27.46% -> 30.28%     
client [13] (testset)   loss: 5.0055 -> 5.3257  accuracy: 31.29% -> 29.93%     
client [1]  (testset)   loss: 5.0840 -> 5.5027  accuracy: 23.40% -> 21.99%     
client [12] (testset)   loss: 4.7805 -> 4.9729  accuracy: 25.50% -> 26.85%     
---------------------------- TRAINING EPOCH: 360 ----------------------------  
client [68] (testset)   loss: 4.6019 -> 5.3982  accuracy: 30.12% -> 25.90%     
client [23] (testset)   loss: 5.2149 -> 5.6645  accuracy: 27.06% -> 27.06%     
client [46] (testset)   loss: 5.0762 -> 5.5537  accuracy: 25.47% -> 30.43%     
client [41] (testset)   loss: 5.0298 -> 5.6418  accuracy: 19.42% -> 21.58%     
client [25] (testset)   loss: 5.0143 -> 5.5183  accuracy: 22.66% -> 23.44%     
client [58] (testset)   loss: 4.4256 -> 4.7468  accuracy: 24.79% -> 25.62%     
client [14] (testset)   loss: 4.3874 -> 5.2949  accuracy: 27.13% -> 21.71%     
client [33] (testset)   loss: 4.5441 -> 4.9908  accuracy: 28.21% -> 30.13%     
client [85] (testset)   loss: 5.6538 -> 6.4367  accuracy: 23.81% -> 20.83%     
client [62] (testset)   loss: 4.4885 -> 4.8448  accuracy: 31.20% -> 32.00%     
---------------------------- TRAINING EPOCH: 370 ----------------------------  
client [98] (testset)   loss: 4.8221 -> 5.2216  accuracy: 22.00% -> 23.33%     
client [63] (testset)   loss: 4.7618 -> 5.3618  accuracy: 27.27% -> 28.93%     
client [70] (testset)   loss: 4.6416 -> 4.8361  accuracy: 28.77% -> 32.19%     
client [65] (testset)   loss: 5.7802 -> 6.1681  accuracy: 16.00% -> 17.33%     
client [14] (testset)   loss: 4.4728 -> 5.0684  accuracy: 28.68% -> 23.26%     
client [73] (testset)   loss: 4.9179 -> 5.2749  accuracy: 21.95% -> 23.78%     
client [34] (testset)   loss: 4.8721 -> 5.3352  accuracy: 29.75% -> 29.11%     
client [99] (testset)   loss: 4.4859 -> 5.0034  accuracy: 26.92% -> 28.02%     
client [69] (testset)   loss: 4.3517 -> 4.6201  accuracy: 28.57% -> 29.19%     
client [46] (testset)   loss: 5.2206 -> 5.1868  accuracy: 22.98% -> 30.43%     
---------------------------- TRAINING EPOCH: 380 ----------------------------  
client [99] (testset)   loss: 4.4529 -> 5.0156  accuracy: 31.32% -> 29.67%     
client [93] (testset)   loss: 4.7655 -> 5.5925  accuracy: 29.50% -> 21.58%     
client [11] (testset)   loss: 4.4817 -> 4.8045  accuracy: 31.16% -> 23.91%     
client [58] (testset)   loss: 4.4534 -> 4.9512  accuracy: 30.58% -> 28.10%     
client [81] (testset)   loss: 4.8830 -> 5.4496  accuracy: 21.38% -> 24.83%     
client [85] (testset)   loss: 5.8539 -> 6.6249  accuracy: 23.81% -> 20.83%     
client [89] (testset)   loss: 4.4413 -> 5.0623  accuracy: 29.45% -> 26.71%     
client [45] (testset)   loss: 4.9632 -> 5.2600  accuracy: 28.57% -> 28.00%     
client [8]  (testset)   loss: 4.5098 -> 5.6495  accuracy: 30.43% -> 25.36%     
client [68] (testset)   loss: 4.8255 -> 5.2237  accuracy: 26.51% -> 28.92%     
---------------------------- TRAINING EPOCH: 390 ----------------------------  
client [67] (testset)   loss: 4.3605 -> 5.1633  accuracy: 35.53% -> 26.97%     
client [72] (testset)   loss: 5.5486 -> 5.8486  accuracy: 23.68% -> 21.05%     
client [1]  (testset)   loss: 5.4563 -> 6.0442  accuracy: 22.70% -> 22.70%     
client [78] (testset)   loss: 5.5374 -> 5.4417  accuracy: 14.48% -> 20.00%     
client [83] (testset)   loss: 5.2159 -> 5.3765  accuracy: 23.57% -> 29.94%     
client [21] (testset)   loss: 4.8755 -> 5.0761  accuracy: 28.08% -> 27.40%     
client [56] (testset)   loss: 5.1416 -> 5.1043  accuracy: 28.68% -> 27.21%     
client [44] (testset)   loss: 4.8982 -> 5.0208  accuracy: 31.43% -> 29.29%     
client [92] (testset)   loss: 4.6910 -> 4.9148  accuracy: 28.87% -> 32.39%     
client [27] (testset)   loss: 5.2933 -> 5.2295  accuracy: 30.34% -> 28.97%     
---------------------------- TRAINING EPOCH: 400 ----------------------------  
client [10] (testset)   loss: 4.5008 -> 4.6747  accuracy: 29.61% -> 28.29%     
client [39] (testset)   loss: 4.9292 -> 5.6198  accuracy: 24.68% -> 26.62%     
client [65] (testset)   loss: 5.9897 -> 6.5255  accuracy: 18.67% -> 18.67%     
client [26] (testset)   loss: 5.0976 -> 5.1183  accuracy: 27.78% -> 32.10%     
client [19] (testset)   loss: 4.4609 -> 4.7979  accuracy: 29.07% -> 31.40%     
client [68] (testset)   loss: 4.9348 -> 5.3115  accuracy: 29.52% -> 29.52%     
client [41] (testset)   loss: 5.1865 -> 5.6716  accuracy: 23.02% -> 24.46%     
client [50] (testset)   loss: 4.6944 -> 4.8895  accuracy: 27.05% -> 28.69%     
client [75] (testset)   loss: 4.6068 -> 4.6314  accuracy: 32.93% -> 30.49%     
client [81] (testset)   loss: 4.9080 -> 5.3176  accuracy: 23.45% -> 24.83%     
pFedFDA's average time taken by each global epoch: 0 min 2.24 sec.             
pFedFDA's total running time: 0 h 17 m 30 s.                                   
==================== pFedFDA Experiment Results: ====================          
Display format: (before local fine-tuning) -> (after local fine-tuning)        
 So if finetune_epoch = 0, x.xx% -> 0.00% is normal.                           
 Centralized testing ONLY happens after model aggregation, so the stats between
'->' are the same.                                                             
{                                                                              
    "100": {                                                                   
        "all_clients": {                                                       
            "test": {                                                          
                "loss": "75.9664 -> 0.0000",                                   
                "accuracy": "11.56% -> 0.00%"                                  
            }                                                                  
        }                                                                      
    },                                                                         
    "200": {                                                                   
        "all_clients": {                                                       
            "test": {                                                          
                "loss": "105.4918 -> 0.0000",                                  
                "accuracy": "10.66% -> 0.00%"                                  
            }                                                                  
        }                                                                      
    },                                                                         
    "300": {                                                                   
        "all_clients": {                                                       
            "test": {                                                          
                "loss": "127.6525 -> 0.0000",                                  
                "accuracy": "10.10% -> 0.00%"                                  
            }                                                                  
        }                                                                      
    },                                                                         
    "400": {                                                                   
        "all_clients": {                                                       
            "test": {                                                          
                "loss": "158.1350 -> 0.0000",                                  
                "accuracy": "10.04% -> 0.00%"                                  
            }                                                                  
        }                                                                      
    }                                                                          
}                                                                              
==================== pFedFDA Max Accuracy ====================                 
all_clients:                                                                   
(test) before fine-tuning: 11.56% at epoch 100                                 
(test) after fine-tuning: 0.00% at epoch 100                                   
